00:28:01: Player "G A T O" (steam64id="76561199207813177") (Global): Tem corno onde?
00:28:48: Player "joaoguis" (steam64id="76561198049374630") (Direct): na cama da tua mae
01:01:11: Player "G A T O" (steam64id="76561199207813177") (Global): Black
01:01:11: Player "joaoguis" (steam64id="76561198049374630") (Direct): tao tudo se pegando dentro das base
01:01:28: Player "[YKZ]-BlackBear" (steam64id="76561198343030820") (Global): aooba
01:01:41: Player "G A T O" (steam64id="76561199207813177") (Global): Eu mato, tu lootea?
01:01:55: Player "[YKZ]-BlackBear" (steam64id="76561198343030820") (Global): como assim kkk
01:02:06: Player "G A T O" (steam64id="76561199207813177") (Global): Tem dois defuntos aqui
01:02:13: Player "[YKZ]-BlackBear" (steam64id="76561198343030820") (Global): opaaa
01:07:47: Player "Zodi4c" (steam64id="76561198385014837") (Global): alguem em melkart?
01:08:05: Player "[YKZ]-BlackBear" (steam64id="76561198343030820") (Global): eu brota ai pra levar sal na carne
01:08:09: Player "[YKZ]-BlackBear" (steam64id="76561198343030820") (Global): kkkkk
01:56:02: Player "G A T O" (steam64id="76561199207813177") (Global): Alguem melkart?
02:24:47: Player "G A T O" (steam64id="76561199207813177") (Global): Alguem on?
02:36:25: Player "G A T O" (steam64id="76561199207813177") (Global): Vai dormi, chei de gaia
02:40:42: Player "GabrielDWR" (steam64id="76561199012612653") (Global): to vendo nada pqp
02:46:10: Player "GabrielDWR" (steam64id="76561199012612653") (Global): mds, muito dificil achar arma kkkk
03:27:57: Player "[YKZ] Seekerzao" (steam64id="76561198067793781") (Global): salve Gabriel
03:28:03: Player "[YKZ] Seekerzao" (steam64id="76561198067793781") (Global): tratado de paz pra farmar?
03:28:16: Player "GabrielDWR" (steam64id="76561199012612653") (Global): nem sei onde vc ta
03:28:23: Player "[YKZ] Seekerzao" (steam64id="76561198067793781") (Global): mas e so pra gente nao se matar
03:28:34: Player "GabrielDWR" (steam64id="76561199012612653") (Global): sou iniciante, se vc me achar é mais facil vc me matar kkkkk
03:28:34: Player "[YKZ] Seekerzao" (steam64id="76561198067793781") (Global): se a gente se ver nao trocar tiro
03:28:39: Player "[YKZ] Seekerzao" (steam64id="76561198067793781") (Global): kkkkkkk
03:28:41: Player "[YKZ] Seekerzao" (steam64id="76561198067793781") (Global): relaxa
03:28:45: Player "GabrielDWR" (steam64id="76561199012612653") (Global): nem arma eu tenho
03:28:45: Player "[YKZ] Seekerzao" (steam64id="76561198067793781") (Global): n vou atirar
03:28:51: Player "[YKZ] Seekerzao" (steam64id="76561198067793781") (Global): farma zonas militares
03:28:57: Player "GabrielDWR" (steam64id="76561199012612653") (Global): to em uma agr
03:29:06: Player "[YKZ] Seekerzao" (steam64id="76561198067793781") (Global): qual?
03:29:09: Player "[YKZ] Seekerzao" (steam64id="76561198067793781") (Global): so pra eu n ir ai
03:29:17: Player "GabrielDWR" (steam64id="76561199012612653") (Global): não sei
03:29:25: Player "[YKZ] Seekerzao" (steam64id="76561198067793781") (Global): vou estar no Air Field
03:29:31: Player "[YKZ] Seekerzao" (steam64id="76561198067793781") (Global): e zona toxica
03:29:42: Player "GabrielDWR" (steam64id="76561199012612653") (Global): nem sei onde fica isso kkkk
03:30:02: Player "[YKZ] Seekerzao" (steam64id="76561198067793781") (Global): aperta M
03:30:09: Player "[YKZ] Seekerzao" (steam64id="76561198067793781") (Global): e da zoom onde vc ta
03:31:25: Player "GabrielDWR" (steam64id="76561199012612653") (Global): toda vez que morro preciso andar mais de 6km, n aguento mais kkkk
03:33:49: Player "GabrielDWR" (steam64id="76561199012612653") (Global): mano, quanto mais pro meio do mapa melhor os loots?
03:34:16: Player "[YKZ] Seekerzao" (steam64id="76561198067793781") (Global): mano sim
03:34:21: Player "[YKZ] Seekerzao" (steam64id="76561198067793781") (Global): e norte tbm e bom
03:34:28: Player "[YKZ] Seekerzao" (steam64id="76561198067793781") (Global): tem uma cidade
03:34:31: Player "[YKZ] Seekerzao" (steam64id="76561198067793781") (Global): MELKART
03:34:35: Player "[YKZ] Seekerzao" (steam64id="76561198067793781") (Global): e mt boa de loot
03:35:21: Player "GabrielDWR" (steam64id="76561199012612653") (Global): entendi, comecei faz 1 dia, não sei de muita coisa
03:35:38: Player "[YKZ] Seekerzao" (steam64id="76561198067793781") (Global): eu te entendo
03:35:43: Player "[YKZ] Seekerzao" (steam64id="76561198067793781") (Global): no que eu puder ajudar
03:35:45: Player "[YKZ] Seekerzao" (steam64id="76561198067793781") (Global): ajudo na hr
03:35:47: Player "[YKZ] Seekerzao" (steam64id="76561198067793781") (Global): cuidado
03:35:51: Player "[YKZ] Seekerzao" (steam64id="76561198067793781") (Global): qnd o server reiniciar
03:35:58: Player "GabrielDWR" (steam64id="76561199012612653") (Global): pq?
03:36:01: Player "[YKZ] Seekerzao" (steam64id="76561198067793781") (Global): reseta spawn de lobo e urso
03:36:05: Player "GabrielDWR" (steam64id="76561199012612653") (Global): ata
03:44:56: Player "GabrielDWR" (steam64id="76561199012612653") (Global): achei minha primeira pistol kk
03:45:01: Player "[YKZ] Seekerzao" (steam64id="76561198067793781") (Global): kkkkkk
03:45:11: Player "[YKZ] Seekerzao" (steam64id="76561198067793781") (Global): vai passando nas bases que vc ve
03:45:16: Player "[YKZ] Seekerzao" (steam64id="76561198067793781") (Global): jaja ta de AK e os krl
03:45:30: Player "GabrielDWR" (steam64id="76561199012612653") (Global): to usando um app de mapa, ajuda um pouco
03:45:45: Player "[YKZ] Seekerzao" (steam64id="76561198067793781") (Global): o server tem mapa po
03:45:48: Player "[YKZ] Seekerzao" (steam64id="76561198067793781") (Global): aperta M ae
03:45:59: Player "GabrielDWR" (steam64id="76561199012612653") (Global): ih
03:46:03: Player "[YKZ] Seekerzao" (steam64id="76561198067793781") (Global): kkkkkkkkkkkkkkkkkkkk
03:46:03: Player "GabrielDWR" (steam64id="76561199012612653") (Global): vdd kkkkk
03:46:33: Player "[YKZ] Seekerzao" (steam64id="76561198067793781") (Global): vou lootear zona toxica
03:46:40: Player "[YKZ] Seekerzao" (steam64id="76561198067793781") (Global): as armas que nao me servirem
03:46:44: Player "[YKZ] Seekerzao" (steam64id="76561198067793781") (Global): eu te dou
03:46:46: Player "GabrielDWR" (steam64id="76561199012612653") (Global): vc joga a muito tempo?
03:46:51: Player "[YKZ] Seekerzao" (steam64id="76561198067793781") (Global): 1 mes
03:46:54: Player "GabrielDWR" (steam64id="76561199012612653") (Global): oloco
03:49:00: Player "[YKZ] Seekerzao" (steam64id="76561198067793781") (Global): salve shikamaru
03:49:41: Player "[YKZ] Seekerzao" (steam64id="76561198067793781") (Global): vou dar um help pro Gabriel que iniciou o jogo agora, se achar a gente por ae nao troca tiro nao blz?
03:58:05: Player "GabrielDWR" (steam64id="76561199012612653") (Global): to chegando em melkart mano
03:58:27: Player "[YKZ] Seekerzao" (steam64id="76561198067793781") (Global): top la vai ter loot bom
04:08:40: Player "GabrielDWR" (steam64id="76561199012612653") (Global): compensa olhar andar por andar nos prédios?
04:08:48: Player "[YKZ] Seekerzao" (steam64id="76561198067793781") (Global): compensa
04:10:57: Player "GabrielDWR" (steam64id="76561199012612653") (Global): vc já passou aqui em melkart?
04:13:57: Player "[YKZ] Seekerzao" (steam64id="76561198067793781") (Global): salve duerow
04:14:08: Player "Duerowww" (steam64id="76561198259492425") (Global): hola xD
04:14:32: Player "[YKZ] Seekerzao" (steam64id="76561198067793781") (Global): amigabel ou agressivo?
04:14:36: Player "GabrielDWR" (steam64id="76561199012612653") (Global): é normal as portas abertas ou já vieram aqui?
04:14:39: Player "Duerowww" (steam64id="76561198259492425") (Global): amigable
04:14:46: Player "[YKZ] Seekerzao" (steam64id="76561198067793781") (Global): normal
04:14:51: Player "[YKZ] Seekerzao" (steam64id="76561198067793781") (Global): ok manito
04:20:13: Player "GabrielDWR" (steam64id="76561199012612653") (Global): vc tem base em melkart?
04:20:18: Player "GabrielDWR" (steam64id="76561199012612653") (Global): achei uma aqui
04:21:00: Player "GabrielDWR" (steam64id="76561199012612653") (Global): tem como destruir portão de madeira com machado
04:21:02: Player "GabrielDWR" (steam64id="76561199012612653") (Global): ?
04:21:14: Player "[YKZ] Seekerzao" (steam64id="76561198067793781") (Global): nao portao de madeira sao bases
04:21:38: Player "GabrielDWR" (steam64id="76561199012612653") (Global): tinha uma no meio da escada
04:21:50: Player "[YKZ] Seekerzao" (steam64id="76561198067793781") (Global): e base de alguem
04:24:31: Player "[YKZ] Seekerzao" (steam64id="76561198067793781") (Global): gente quem ta atirando?
04:24:54: Player "GabrielDWR" (steam64id="76561199012612653") (Global): eu nem munição tenho
04:25:15: Player "Duerowww" (steam64id="76561198259492425") (Global): estamos cerca manito jaja
04:27:56: Player "[YKZ] Seekerzao" (steam64id="76561198067793781") (Global): alguem em airfield?
04:31:16: Player "GabrielDWR" (steam64id="76561199012612653") (Global): q
04:31:19: Player "GabrielDWR" (steam64id="76561199012612653") (Global): lag
04:31:22: Player "[YKZ] Seekerzao" (steam64id="76561198067793781") (Global): kkkkka
04:31:25: Player "[YKZ] Seekerzao" (steam64id="76561198067793781") (Global): kkk
04:33:49: Player "GabrielDWR" (steam64id="76561199012612653") (Global): mds qnts variações de pistola kkkk
04:33:55: Player "GabrielDWR" (steam64id="76561199012612653") (Global): já achei umas 4
04:34:05: Player "[YKZ] Seekerzao" (steam64id="76561198067793781") (Global): tem umas 8
04:34:06: Player "[YKZ] Seekerzao" (steam64id="76561198067793781") (Global): kkk
04:38:47: Player "GabrielDWR" (steam64id="76561199012612653") (Global): vou dormir man
04:38:50: Player "GabrielDWR" (steam64id="76561199012612653") (Global): flw ai
04:38:54: Player "[YKZ] Seekerzao" (steam64id="76561198067793781") (Global): flw man
07:46:40: Player "Brunner" (steam64id="76561199031638818") (Global): bom dia
07:46:45: Player "[YKZ] Seekerzao" (steam64id="76561198067793781") (Global): salve
07:46:48: Player "Brunner" (steam64id="76561199031638818") (Global): bom?
07:46:51: Player "[YKZ] Seekerzao" (steam64id="76561198067793781") (Global): bem e tu?
07:46:55: Player "Brunner" (steam64id="76561199031638818") (Global): de boa
07:47:10: Player "[YKZ] Seekerzao" (steam64id="76561198067793781") (Global): to tentando ir ali buscvar meu loot
07:47:16: Player "Brunner" (steam64id="76561199031638818") (Global): onde?
07:47:17: Player "[YKZ] Seekerzao" (steam64id="76561198067793781") (Global): morri pro urso
07:47:20: Player "Brunner" (steam64id="76561199031638818") (Global): meee
07:47:23: Player "Brunner" (steam64id="76561199031638818") (Global): q merda klkkk
07:47:29: Player "[YKZ] Seekerzao" (steam64id="76561198067793781") (Global): nee
07:47:31: Player "[YKZ] Seekerzao" (steam64id="76561198067793781") (Global): kkk
07:47:37: Player "Brunner" (steam64id="76561199031638818") (Global): ja morri mt pra urso
07:57:54: Player "[YKZ] Seekerzao" (steam64id="76561198067793781") (Global): tomara que o loot nao suma 
07:58:10: Player "Brunner" (steam64id="76561199031638818") (Global): acho q nao
08:13:31: Player "[L.B] Santorin" (steam64id="76561199069721527") (Global): bah achei q iamos tomar raid kkk
08:13:39: Player "[YKZ] Seekerzao" (steam64id="76561198067793781") (Global): eu tomei
08:13:41: Player "[YKZ] Seekerzao" (steam64id="76561198067793781") (Global): nem sei de quem
08:13:42: Player "[YKZ] Seekerzao" (steam64id="76561198067793781") (Global): shdiasodhas
08:13:45: Player "[L.B] Santorin" (steam64id="76561199069721527") (Global): serio?
08:13:48: Player "[L.B] Santorin" (steam64id="76561199069721527") (Global): bah mano é foda
08:13:50: Player "[YKZ] Seekerzao" (steam64id="76561198067793781") (Global): sim nao a base ykz
08:13:53: Player "[L.B] Santorin" (steam64id="76561199069721527") (Global): aonde era sua base?
08:13:54: Player "[YKZ] Seekerzao" (steam64id="76561198067793781") (Global): a minha solo msm
08:14:06: Player "[YKZ] Seekerzao" (steam64id="76561198067793781") (Global): perto do ebura camp
08:14:16: Player "Brunner" (steam64id="76561199031638818") (Global): em um celeiro?
08:14:19: Player "[L.B] Santorin" (steam64id="76561199069721527") (Global): aquela comprada?
08:14:19: Player "[YKZ] Seekerzao" (steam64id="76561198067793781") (Global): sim
08:14:23: Player "[YKZ] Seekerzao" (steam64id="76561198067793781") (Global): nao
08:14:26: Player "[L.B] Santorin" (steam64id="76561199069721527") (Global): ah ai é foda
08:14:30: Player "[YKZ] Seekerzao" (steam64id="76561198067793781") (Global): base free msm
08:14:30: Player "[L.B] Santorin" (steam64id="76561199069721527") (Global): muito na cara aquela
08:14:33: Player "Brunner" (steam64id="76561199031638818") (Global): passei por la
08:14:38: Player "Brunner" (steam64id="76561199031638818") (Global): vi ela raidada
08:14:43: Player "[YKZ] Seekerzao" (steam64id="76561198067793781") (Global): sim
08:14:44: Player "[YKZ] Seekerzao" (steam64id="76561198067793781") (Global): kkkkk
08:14:47: Player "[L.B] Santorin" (steam64id="76561199069721527") (Global): negocio agora é se juntar com os cara
08:14:49: Player "[L.B] Santorin" (steam64id="76561199069721527") (Global): fica melhor
08:14:57: Player "[YKZ] Seekerzao" (steam64id="76561198067793781") (Global): sim
08:15:00: Player "[YKZ] Seekerzao" (steam64id="76561198067793781") (Global): vou fazer isso msm
08:15:01: Player "[L.B] Santorin" (steam64id="76561199069721527") (Global): pelo menos la fica mais protegido
08:15:07: Player "[L.B] Santorin" (steam64id="76561199069721527") (Global): nos aqui se tomar raid paramos 
08:15:11: Player "[YKZ] Seekerzao" (steam64id="76561198067793781") (Global): alem de ser Melkart
08:15:11: Player "[L.B] Santorin" (steam64id="76561199069721527") (Global): ate pq nao temos tempo
08:15:13: Player "[L.B] Santorin" (steam64id="76561199069721527") (Global): pra defesa
08:15:33: Player "[YKZ] Seekerzao" (steam64id="76561198067793781") (Global): o clan ta giga
08:15:37: Player "[L.B] Santorin" (steam64id="76561199069721527") (Global): sim
08:15:38: Player "[YKZ] Seekerzao" (steam64id="76561198067793781") (Global): tem umas 12 pessoas
08:15:43: Player "[L.B] Santorin" (steam64id="76561199069721527") (Global): nos aqui somos em 10
08:15:50: Player "[L.B] Santorin" (steam64id="76561199069721527") (Global): só q maioria parece puta
08:15:55: Player "[L.B] Santorin" (steam64id="76561199069721527") (Global): fica de frescura
08:16:01: Player "[L.B] Santorin" (steam64id="76561199069721527") (Global): q nao pode logar
08:16:19: Player "[L.B] Santorin" (steam64id="76561199069721527") (Global): ontem so eu na defesa
08:16:22: Player "[YKZ] Seekerzao" (steam64id="76561198067793781") (Global): ah ae e foda
08:16:23: Player "[L.B] Santorin" (steam64id="76561199069721527") (Global): os outros tomando chop
08:16:24: Player "[L.B] Santorin" (steam64id="76561199069721527") (Global): kpaspkaskpskp
08:16:28: Player "[L.B] Santorin" (steam64id="76561199069721527") (Global): falei nao
08:16:33: Player "[L.B] Santorin" (steam64id="76561199069721527") (Global): vou vaza tbm
08:16:41: Player "[YKZ] Seekerzao" (steam64id="76561198067793781") (Global): kkkkkkkkkkk
08:16:41: Player "[L.B] Santorin" (steam64id="76561199069721527") (Global): ate pq se nao tomar hoje
08:16:45: Player "[L.B] Santorin" (steam64id="76561199069721527") (Global): toma amannha kkkk
08:16:51: Player "[L.B] Santorin" (steam64id="76561199069721527") (Global): tao faz diferenca nenhuma
08:16:53: Player "[L.B] Santorin" (steam64id="76561199069721527") (Global): kkkkk
08:17:14: Player "[YKZ] Seekerzao" (steam64id="76561198067793781") (Global): kkkk
08:17:23: Player "[L.B] Santorin" (steam64id="76561199069721527") (Global): mais é a verdade kkkk
08:17:26: Player "[L.B] Santorin" (steam64id="76561199069721527") (Global): acharam cod lock?
08:17:29: Player "[L.B] Santorin" (steam64id="76561199069721527") (Global): porra nao acho 1
08:17:41: Player "[YKZ] Seekerzao" (steam64id="76561198067793781") (Global): eu nao mano achei nenhum
08:18:34: Player "[L.B] Santorin" (steam64id="76561199069721527") (Global): só eu q jogo de ak74?
08:18:38: Player "[L.B] Santorin" (steam64id="76561199069721527") (Global): kkkkk
08:18:49: Player "[YKZ] Seekerzao" (steam64id="76561198067793781") (Global): eu jogo tbm
08:18:51: Player "[YKZ] Seekerzao" (steam64id="76561198067793781") (Global): mas prefiro M4
08:18:57: Player "[L.B] Santorin" (steam64id="76561199069721527") (Global): sim tbm prefiro
08:19:02: Player "[L.B] Santorin" (steam64id="76561199069721527") (Global): mais nao temos nenhuma kkkkkkkkk
08:19:14: Player "[YKZ] Seekerzao" (steam64id="76561198067793781") (Global): vixi ae e foda
08:19:15: Player "[YKZ] Seekerzao" (steam64id="76561198067793781") (Global): kkkkkkkkkkkkkkkkk
08:19:15: Player "[L.B] Santorin" (steam64id="76561199069721527") (Global): unica coisa q temos de arma é ak101 e ak74
08:19:28: Player "[YKZ] Seekerzao" (steam64id="76561198067793781") (Global): eu queria achar a ak que usa 762
08:19:38: Player "[L.B] Santorin" (steam64id="76561199069721527") (Global): akm
08:19:45: Player "Brunner" (steam64id="76561199031638818") (Global): to com uma akm
08:19:46: Player "Brunner" (steam64id="76561199031638818") (Global): é boa
08:19:57: Player "[L.B] Santorin" (steam64id="76561199069721527") (Global): boa mesmo
08:21:39: Player "[YKZ] Seekerzao" (steam64id="76561198067793781") (Global): eu quero uma AKM pq eu tenho 4 carregadore daqueles de 75 municoes
08:21:40: Player "[YKZ] Seekerzao" (steam64id="76561198067793781") (Global): cheios
08:21:46: Player "Brunner" (steam64id="76561199031638818") (Global): ata
08:29:24: Player "[YKZ] Seekerzao" (steam64id="76561198067793781") (Global): achei uma FAL na zona toxica
08:29:29: Player "[YKZ] Seekerzao" (steam64id="76561198067793781") (Global): mais sen carregador
08:29:33: Player "[L.B] Santorin" (steam64id="76561199069721527") (Global): boa man
08:29:34: Player "[YKZ] Seekerzao" (steam64id="76561198067793781") (Global): ae e de fuder
08:29:39: Player "[L.B] Santorin" (steam64id="76561199069721527") (Global): tou do lado
08:29:44: Player "[L.B] Santorin" (steam64id="76561199069721527") (Global): da zona
08:29:49: Player "[YKZ] Seekerzao" (steam64id="76561198067793781") (Global): eu vazei dae
08:29:52: Player "[YKZ] Seekerzao" (steam64id="76561198067793781") (Global): to desde as 5
08:29:57: Player "[L.B] Santorin" (steam64id="76561199069721527") (Global): oshi
08:30:03: Player "[YKZ] Seekerzao" (steam64id="76561198067793781") (Global): to desde as 5
08:30:08: Player "[YKZ] Seekerzao" (steam64id="76561198067793781") (Global): pq quebrei a perna na zona
08:30:14: Player "[YKZ] Seekerzao" (steam64id="76561198067793781") (Global): ai morri
08:30:18: Player "[L.B] Santorin" (steam64id="76561199069721527") (Global): tu tava tirando
08:30:19: Player "[L.B] Santorin" (steam64id="76561199069721527") (Global): os
08:30:22: Player "[YKZ] Seekerzao" (steam64id="76561198067793781") (Global): pq acabou o filtro
08:30:23: Player "[L.B] Santorin" (steam64id="76561199069721527") (Global): itens do lugar?
08:30:29: Player "[YKZ] Seekerzao" (steam64id="76561198067793781") (Global): tava
08:30:33: Player "[L.B] Santorin" (steam64id="76561199069721527") (Global): ai da bom
08:30:36: Player "[YKZ] Seekerzao" (steam64id="76561198067793781") (Global): consegui pegar eles na zona
08:30:38: Player "[L.B] Santorin" (steam64id="76561199069721527") (Global): fui ali so consegui silenciador
08:30:41: Player "[YKZ] Seekerzao" (steam64id="76561198067793781") (Global): e levar pra mais perto
08:30:43: Player "Brunner" (steam64id="76561199031638818") (Global): onde q fica essa zona toxica?
08:30:53: Player "[YKZ] Seekerzao" (steam64id="76561198067793781") (Global): mais norte do mapa
08:31:10: Player "[L.B] Santorin" (steam64id="76561199069721527") (Global): fui umas  3 vezes
08:31:13: Player "[L.B] Santorin" (steam64id="76561199069721527") (Global): nunca dropei nada de bom
08:31:15: Player "[L.B] Santorin" (steam64id="76561199069721527") (Global): so suilenciador
08:31:20: Player "[L.B] Santorin" (steam64id="76561199069721527") (Global): é sorte
08:31:21: Player "[L.B] Santorin" (steam64id="76561199069721527") (Global): intao
08:31:23: Player "[L.B] Santorin" (steam64id="76561199069721527") (Global): aspkskp
08:31:26: Player "[YKZ] Seekerzao" (steam64id="76561198067793781") (Global): sinceramente
08:31:29: Player "[YKZ] Seekerzao" (steam64id="76561198067793781") (Global): nao vale mt a pena
08:31:37: Player "[L.B] Santorin" (steam64id="76561199069721527") (Global): foi oq pensei
08:31:45: Player "[L.B] Santorin" (steam64id="76561199069721527") (Global): como disse fui  3 vezes e nada de bom
08:31:49: Player "[YKZ] Seekerzao" (steam64id="76561198067793781") (Global): o drop e o mesmo de uma area militar
08:31:52: Player "[L.B] Santorin" (steam64id="76561199069721527") (Global): de ficar  1 hora e pouco
08:31:53: Player "[L.B] Santorin" (steam64id="76561199069721527") (Global): e nada
08:31:56: Player "[L.B] Santorin" (steam64id="76561199069721527") (Global): so k74
08:31:59: Player "[YKZ] Seekerzao" (steam64id="76561198067793781") (Global): e fal voce pega em helicrash
08:32:00: Player "[L.B] Santorin" (steam64id="76561199069721527") (Global): isso acha em todo liugar
08:32:24: Player "[L.B] Santorin" (steam64id="76561199069721527") (Global): vou pouco em holi
08:32:29: Player "[YKZ] Seekerzao" (steam64id="76561198067793781") (Global): eu tb
08:32:31: Player "[L.B] Santorin" (steam64id="76561199069721527") (Global): como disse
08:32:36: Player "[L.B] Santorin" (steam64id="76561199069721527") (Global): nao conheco a tal m4 ainda kkkkkkk
08:32:45: Player "[YKZ] Seekerzao" (steam64id="76561198067793781") (Global): nao?
08:32:53: Player "[L.B] Santorin" (steam64id="76561199069721527") (Global): aqui bnesse servidor nao
08:33:00: Player "[YKZ] Seekerzao" (steam64id="76561198067793781") (Global): amanha voce entra nesse mesmo horario?
08:33:01: Player "[L.B] Santorin" (steam64id="76561199069721527") (Global): nao achei nenhuma
08:33:08: Player "[L.B] Santorin" (steam64id="76561199069721527") (Global): amanha eu trabalho
08:33:18: Player "[L.B] Santorin" (steam64id="76561199069721527") (Global): tem respaw q cai?
08:33:30: Player "[YKZ] Seekerzao" (steam64id="76561198067793781") (Global): mano eu achei 2 no Airfield
08:33:39: Player "[L.B] Santorin" (steam64id="76561199069721527") (Global): orra
08:33:45: Player "[L.B] Santorin" (steam64id="76561199069721527") (Global): isso antes de  adm arrumar?
08:33:48: Player "[YKZ] Seekerzao" (steam64id="76561198067793781") (Global): uma do lado da outra
08:33:53: Player "[YKZ] Seekerzao" (steam64id="76561198067793781") (Global): nao achei ontem po
08:33:56: Player "[YKZ] Seekerzao" (steam64id="76561198067793781") (Global): de madrugada
08:34:02: Player "[L.B] Santorin" (steam64id="76561199069721527") (Global): ah cara sei la manmn
08:34:05: Player "[L.B] Santorin" (steam64id="76561199069721527") (Global): nao acho essas coiosas
08:36:07: Player "[YKZ] Seekerzao" (steam64id="76561198067793781") (Global): rapaz eu achei tbm na toxica uma Desert Eagle dourada
08:36:16: Player "[YKZ] Seekerzao" (steam64id="76561198067793781") (Global): com carregador e silenciador
08:36:43: Player "[L.B] Santorin" (steam64id="76561199069721527") (Global): tao alguem deixou
08:36:46: Player "[L.B] Santorin" (steam64id="76561199069721527") (Global): pq sei la
08:36:54: Player "[YKZ] Seekerzao" (steam64id="76561198067793781") (Global): certeza
08:39:19: Player "[YKZ] Seekerzao" (steam64id="76561198067793781") (Global): rapazeada
08:39:20: Player "[YKZ] Seekerzao" (steam64id="76561198067793781") (Global): vo nessa
08:39:26: Player "[YKZ] Seekerzao" (steam64id="76561198067793781") (Global): bom game pra vcs ae
08:39:26: Player "[L.B] Santorin" (steam64id="76561199069721527") (Global): valeu man
08:39:28: Player "[L.B] Santorin" (steam64id="76561199069721527") (Global): nois 
08:39:39: Player "[YKZ] Seekerzao" (steam64id="76561198067793781") (Global): nois
09:55:21: Player "nonsense" (steam64id="76561198117735614") (Global): OPA,
09:58:40: Player "[YKZ] chron1c" (steam64id="76561198205585613") (Global): fala ai seus viciado
09:59:05: Player "[YKZ] chron1c" (steam64id="76561198205585613") (Global): como foi de raid ontem 
09:59:36: Player "[ONE}Rick" (steam64id="76561198868590548") (Global): so morri
10:14:16: Player "[YKZ] chron1c" (steam64id="76561198205585613") (Global): atira de novo
10:14:42: Player "General2323" (steam64id="76561198300843847") (Global): rlx meu bom era so lobo
10:14:47: Player "[YKZ] chron1c" (steam64id="76561198205585613") (Global): ah ta
10:14:59: Player "General2323" (steam64id="76561198300843847") (Global): lobato nao vai entra hj ?
10:15:00: Player "[YKZ] chron1c" (steam64id="76561198205585613") (Global): entao ta perdoado
10:15:04: Player "[YKZ] chron1c" (steam64id="76561198205585613") (Global): mai tarde
10:15:19: Player "General2323" (steam64id="76561198300843847") (Global): fiquei de acha um hack de arma pra ele
10:15:24: Player "General2323" (steam64id="76561198300843847") (Global): to atraz
10:15:27: Player "[YKZ] chron1c" (steam64id="76561198205585613") (Global): amigo
10:15:31: Player "[YKZ] chron1c" (steam64id="76561198205585613") (Global): acho que nao precisa mais
10:15:32: Player "[YKZ] chron1c" (steam64id="76561198205585613") (Global): rsrs
10:15:39: Player "General2323" (steam64id="76561198300843847") (Global): ele conseguiu ?
10:15:47: Player "[YKZ] chron1c" (steam64id="76561198205585613") (Global): acho que sim
10:15:53: Player "General2323" (steam64id="76561198300843847") (Global): bom tmb
10:30:56: Player "[YKZ] chron1c" (steam64id="76561198205585613") (Global): general
10:31:00: Player "General2323" (steam64id="76561198300843847") (Global): oi
10:31:05: Player "[YKZ] chron1c" (steam64id="76561198205585613") (Global): ta precisando de algo
10:31:07: Player "[YKZ] chron1c" (steam64id="76561198205585613") (Global): ?
10:31:26: Player "General2323" (steam64id="76561198300843847") (Global): nd de especifico 
10:31:40: Player "General2323" (steam64id="76561198300843847") (Global): so roupa militar msm
10:31:42: Player "General2323" (steam64id="76561198300843847") (Global): kkk
10:31:47: Player "[YKZ] chron1c" (steam64id="76561198205585613") (Global): entao fudeu
10:32:05: Player "General2323" (steam64id="76561198300843847") (Global): to por ai looteando
10:35:28: Player "[YKZ] chron1c" (steam64id="76561198205585613") (Global): tem mochila de 120 ainda  neesse server?
10:35:41: Player "[YKZ] chron1c" (steam64id="76561198205585613") (Global): só encontro de 90
10:57:57: Player "General2323" (steam64id="76561198300843847") (Global): chronic
10:57:59: Player "[YKZ] chron1c" (steam64id="76561198205585613") (Global): oi
10:58:12: Player "General2323" (steam64id="76561198300843847") (Global): tu tem kit limpesa de arma mano ?
10:58:22: Player "General2323" (steam64id="76561198300843847") (Global): tipo sobrando q nao usa
10:58:23: Player "[YKZ] chron1c" (steam64id="76561198205585613") (Global): aqui comigo agora nao
10:58:36: Player "General2323" (steam64id="76561198300843847") (Global): nao achei isso em lugar ngm kk
10:58:47: Player "[YKZ] chron1c" (steam64id="76561198205585613") (Global): base militar
10:58:53: Player "[YKZ] chron1c" (steam64id="76561198205585613") (Global): airfield
10:59:06: Player "General2323" (steam64id="76561198300843847") (Global): eu tava la a pouco 
10:59:12: Player "[YKZ] chron1c" (steam64id="76561198205585613") (Global): =\
10:59:12: Player "General2323" (steam64id="76561198300843847") (Global): mas nao lutiei tudo 
10:59:18: Player "General2323" (steam64id="76561198300843847") (Global): tive q volta
11:24:36: Player "Brunner" (steam64id="76561199031638818") (Global): fala kronic
11:24:54: Player "Brunner" (steam64id="76561199031638818") (Global): emme white
11:24:56: Player "Brunner" (steam64id="76561199031638818") (Global): aqui hehehe
11:47:49: Player "CRD" (steam64id="76561199033852709") (Global): oi
11:53:22: Player "[YKZ]-Lobato" (steam64id="76561198158375860") (Global): aff, passaro no airf ja
13:21:26: Player "C O R U J A" (steam64id="76561198819003355") (Global): OW L.B
13:28:05: Player "C O R U J A" (steam64id="76561198819003355") (Global): alo tropa do enguiça
13:31:25: Player "C O R U J A" (steam64id="76561198819003355") (Global): ei L.B
13:47:34: Player "[YKZ]-BlackBear" (steam64id="76561198343030820") (Global): cade os admilsons mdsss
14:10:46: Player "Boneco " (steam64id="76561199225248971") (Direct): tem como por em 3 pessoa nesse servidor?
14:27:56: Player "[HORDA] zBieL" (steam64id="76561198001525812") (Global): kkkkkkkkkkkkk
14:28:10: Player "[YKZ]-Lobato" (steam64id="76561198158375860") (Global): hmm
14:33:24: Player "[YKZ]-Lobato" (steam64id="76561198158375860") (Global): esses yakuza...
14:33:29: Player "[YKZ]-Lobato" (steam64id="76561198158375860") (Global): raidando 2
14:53:05: Player "[YKZ] chron1c" (steam64id="76561198205585613") (Global): cade o pvp
15:10:59: Player "Rogerio123" (steam64id="76561198114278091") (Global): alguem ai pra jogar junto?
15:11:31: Player "zikazeka" (steam64id="76561199004660971") (Global): bora
15:11:43: Player "Rogerio123" (steam64id="76561198114278091") (Global): adc ai
15:12:19: Player "Rogerio123" (steam64id="76561198114278091") (Global): add ja
15:12:44: Player "zikazeka" (steam64id="76561199004660971") (Global): add ai sou novo no game to configurando os comando
15:12:48: Player "[YKZ]-Lobato" (steam64id="76561198158375860") (Global): q cara ruim
15:13:07: Player "Rogerio123" (steam64id="76561198114278091") (Global): aperta p e add minha nick
15:13:32: Player "Rogerio123" (steam64id="76561198114278091") (Global): aee
15:13:37: Player "zikazeka" (steam64id="76561199004660971") (Global): pronto
15:13:38: Player "Rogerio123" (steam64id="76561198114278091") (Global): to te vendo
15:13:56: Player "zikazeka" (steam64id="76561199004660971") (Global): quebrei a perna
15:14:03: Player "Rogerio123" (steam64id="76561198114278091") (Global): noss
15:14:07: Player "zikazeka" (steam64id="76561199004660971") (Global): to tentando fazer tala
15:14:13: Player "Rogerio123" (steam64id="76561198114278091") (Global): vomo q quebrou?w
15:14:22: Player "zikazeka" (steam64id="76561199004660971") (Global): armadilha
15:14:31: Player "Rogerio123" (steam64id="76561198114278091") (Global): chego logo
15:26:17: Player "[YKZ]-Lobato" (steam64id="76561198158375860") (Global): quem eram os 3 na praia?
15:32:13: Player "{KMG}fuzil" (steam64id="76561198965933878") (Global): E VENTO
15:32:43: Player "Passo Largo" (steam64id="76561198057660141") (Global): sim
15:32:56: Player "Passo Largo" (steam64id="76561198057660141") (Global): as flare ne?
15:33:01: Player "Passo Largo" (steam64id="76561198057660141") (Global): hein kmg
15:33:15: Player "{KMG}fuzil" (steam64id="76561198965933878") (Global): LACUSTA
15:33:20: Player "Passo Largo" (steam64id="76561198057660141") (Global): ah n
15:38:41: Player "[YKZ]-Lobato" (steam64id="76561198158375860") (Global): adm on?
15:41:24: Player "[L.B] Santorin" (steam64id="76561199069721527") (Global): adm on?
15:41:46: Player "Biel FxR" (steam64id="76561198050836260") (Global): fim de semana é revoada, n tem ngm
15:41:54: Player "Biel FxR" (steam64id="76561198050836260") (Global): justo quando tem os raids
15:57:03: Player "Biel FxR" (steam64id="76561198050836260") (Global): server cai por ddos e dps vai reiniciar denovo , impossivel ficar cheio
15:57:09: Player "Biel FxR" (steam64id="76561198050836260") (Global): gg
15:57:14: Player "zikazeka" (steam64id="76561199004660971") (Global): kkkk vdd
15:57:15: Player "[EB] GordoEmers" (steam64id="76561198260617608") (Direct): gg
15:58:06: Player "[L.B] Dixon" (steam64id="76561198159099606") (Global): adm
15:58:09: Player "[L.B] Dixon" (steam64id="76561198159099606") (Global): cola ae
15:58:18: Player "[L.B] Dixon" (steam64id="76561198159099606") (Global): fazendo favorzin
15:58:29: Player "Leo" (steam64id="76561199087497682") (Global): tem adm on?
16:19:51: Player "Leo" (steam64id="76561199087497682") (Global): bom duaia
16:22:34: Player "GabrielDWR" (steam64id="76561199012612653") (Global): buguei na escada e morri ,______________,
16:22:43: Player "zikazeka" (steam64id="76561199004660971") (Global): cade o pvp
16:22:54: Player "Leo" (steam64id="76561199087497682") (Global): pvp no airfield brota
16:23:00: Player "zikazeka" (steam64id="76561199004660971") (Global): cidade tudo quieta
16:23:22: Player "zikazeka" (steam64id="76561199004660971") (Global): to longe
16:34:51: Player "GabrielDWR" (steam64id="76561199012612653") (Global): rapaziada, comecei a jogar faz pouco tempo, poderiam me ajudar? se tiver portas abertas indica que já passaram por ali?
16:35:01: Player "[EB] alemao" (steam64id="76561198046653521") (Global): sim
16:35:05: Player "Biel FxR" (steam64id="76561198050836260") (Global): depende
16:35:06: Player "Leo" (steam64id="76561199087497682") (Global): provalmente sim
16:35:09: Player "Leo" (steam64id="76561199087497682") (Global): mas geralmente buga 
16:35:12: Player "Biel FxR" (steam64id="76561198050836260") (Global): tem local q restarta aberto
16:35:14: Player "Leo" (steam64id="76561199087497682") (Global): e a porta fica aberta
16:35:14: Player "Biel FxR" (steam64id="76561198050836260") (Global): vc tem q gravar
16:35:20: Player "Dr.Lecter" (steam64id="76561198080721117") (Global): tem gente que fecha a porta
16:35:32: Player "GabrielDWR" (steam64id="76561199012612653") (Global): vlw galera
16:35:51: Player "zikazeka" (steam64id="76561199004660971") (Global): alguem por lacuta
16:36:58: Player "Dr.Lecter" (steam64id="76561198080721117") (Global): aero maior paz
16:37:06: Player "Dr.Lecter" (steam64id="76561198080721117") (Global): quem que chamou pvp aqui ?
16:37:12: Player "Dr.Lecter" (steam64id="76561198080721117") (Global): so tem zumbi vou embora
16:37:37: Player "zikazeka" (steam64id="76561199004660971") (Global): onde
16:37:50: Player "Dr.Lecter" (steam64id="76561198080721117") (Global): airfild
16:38:08: Player "zikazeka" (steam64id="76561199004660971") (Global): fica em melkart
16:38:26: Player "Biel FxR" (steam64id="76561198050836260") (Global): aperta m
16:38:28: Player "Biel FxR" (steam64id="76561198050836260") (Global): so tem 1 aero
16:38:56: Player "zikazeka" (steam64id="76561199004660971") (Global): ahh sim agr vi
16:39:12: Player "zikazeka" (steam64id="76561199004660971") (Global): to longe mais vou tentar subir
16:39:36: Player "GabrielDWR" (steam64id="76561199012612653") (Global): primeira regra aprendida, nunca confie em ninguém
16:41:00: Player "Biel FxR" (steam64id="76561198050836260") (Global): e ai leo , mó paz ?
16:41:12: Player "RUSSO" (steam64id="76561199151608044") (Global): claro 
16:41:18: Player "Biel FxR" (steam64id="76561198050836260") (Global): falei ctg n russo
16:41:20: Player "RUSSO" (steam64id="76561199151608044") (Global): nao a de que
16:41:29: Player "Biel FxR" (steam64id="76561198050836260") (Global): fica na tua ai
16:41:54: Player "RUSSO" (steam64id="76561199151608044") (Global): ele queria paz 
16:41:59: Player "RUSSO" (steam64id="76561199151608044") (Global): fiz um favor 
16:42:13: Player "Biel FxR" (steam64id="76561198050836260") (Global): wtf
16:42:17: Player "Biel FxR" (steam64id="76561198050836260") (Global): to falando com leo
16:42:20: Player "Biel FxR" (steam64id="76561198050836260") (Global): se mete n
16:43:23: Player "GabrielDWR" (steam64id="76561199012612653") (Global): de quanto em quanto tempo os itens respawnam?
16:45:03: Player "Biel FxR" (steam64id="76561198050836260") (Global): porra lopesta ta logando ai ainda
16:45:05: Player "Biel FxR" (steam64id="76561198050836260") (Global): vagabundo
16:45:08: Player "[L.B] Santorin" (steam64id="76561199069721527") (Global): ASUHSAUHSAAUHSASHUSA
16:45:10: Player "Biel FxR" (steam64id="76561198050836260") (Global): ta logando ai ainda
16:45:22: Player "[L.B] LopesTa " (steam64id="76561198375254083") (Global): cara 
16:45:27: Player "[L.B] LopesTa " (steam64id="76561198375254083") (Global): to desde aquele dia sem loga 
16:45:31: Player "[L.B] LopesTa " (steam64id="76561198375254083") (Global): eu tava aqui ainda 
16:45:33: Player "[L.B] LopesTa " (steam64id="76561198375254083") (Global): kkkkkk
16:45:33: Player "Biel FxR" (steam64id="76561198050836260") (Global): pqp
16:45:36: Player "Biel FxR" (steam64id="76561198050836260") (Global): kkk
16:45:42: Player "[L.B] LopesTa " (steam64id="76561198375254083") (Global): q susto eu tomei com o tiro 
16:46:02: Player "Leo" (steam64id="76561199087497682") (Global): quem tinha me chamado ai ?
16:46:08: Player "Leo" (steam64id="76561199087497682") (Global): esqueci de responder
17:19:21: Player "Passo Largo" (steam64id="76561198057660141") (Global): aonde charada?
17:19:33: Player "Charada" (steam64id="76561198034769290") (Direct): MORRI
17:19:36: Player "Charada" (steam64id="76561198034769290") (Direct): ADICIONEI
17:19:43: Player "Charada" (steam64id="76561198034769290") (Direct): mataram com bk
17:19:48: Player "Charada" (steam64id="76561198034769290") (Direct): ta ai pertto
17:20:31: Player "Charada" (steam64id="76561198034769290") (Direct): toca pro airfiled que daqui a pouco chego la
17:25:22: Player "Charada" (steam64id="76561198034769290") (Direct): passo largo, chegando la onde agt se encontrou
17:28:37: Player "Biel FxR" (steam64id="76561198050836260") (Global): devolve lopeesta safado
17:28:52: Player "[L.B] LopesTa " (steam64id="76561198375254083") (Global): foi tu q me matou ?
17:29:02: Player "Biel FxR" (steam64id="76561198050836260") (Global): not
17:29:06: Player "Biel FxR" (steam64id="76561198050836260") (Global): tripa 
17:29:22: Player "Dr.Lecter" (steam64id="76561198080721117") (Global): i'am tripaseca
17:29:22: Player "[L.B] LopesTa " (steam64id="76561198375254083") (Global): cara por onde ele me viu kkk
17:33:04: Player "GabrielDWR" (steam64id="76561199012612653") (Global): alguém em melkart?
17:33:08: Player "Passo Largo" (steam64id="76561198057660141") (Global): eooo
17:33:17: Player "GabrielDWR" (steam64id="76561199012612653") (Global): paz ou agressivo?
17:33:33: Player "Passo Largo" (steam64id="76561198057660141") (Global): passiva =)
17:37:50: Player "GabrielDWR" (steam64id="76561199012612653") (Global): como faz pra recarregar mais rapido a arma? tipo sem abrir o inv e arrastar
17:37:57: Player "Biel FxR" (steam64id="76561198050836260") (Global): segura o r
17:38:15: Player "GabrielDWR" (steam64id="76561199012612653") (Global): precisa estar nos slots ou no inv já da?
17:38:36: Player "Beto" (steam64id="76561198329721265") (Admin): No inventario 
17:38:53: Player "GabrielDWR" (steam64id="76561199012612653") (Global): vlw adm
17:38:55: Player "Beto" (steam64id="76561198329721265") (Admin): S2
17:50:09: Player "GabrielDWR" (steam64id="76561199012612653") (Global): to vendo nada mds
17:54:56: Player "[EB] alemao" (steam64id="76561198046653521") (Global): lopes
17:55:00: Player "[EB] alemao" (steam64id="76561198046653521") (Global): to te ouvindo
18:01:36: Player "tiago0722" (steam64id="76561198353818533") (Global): opa
18:02:00: Player "Passo Largo" (steam64id="76561198057660141") (Global): kkkkkkkkkkkkkkkkkkkkkkkkkkkkkkk
18:02:11: Player "Ze Bunitin" (steam64id="76561198152293809") (Global): kjkjjk
18:05:42: Player "Passo Largo" (steam64id="76561198057660141") (Global): kkkkkkkkkkkkkk
18:05:58: Player "andy" (steam64id="76561199179651686") (Global): ahhh
18:06:05: Player "Biel FxR" (steam64id="76561198050836260") (Global): wipados
18:06:08: Player "Biel FxR" (steam64id="76561198050836260") (Global): pode vir
18:06:11: Player "andy" (steam64id="76561199179651686") (Global): where is everyone
18:09:50: Player "TitioSam" (steam64id="76561199014145539") (Global): Boa dia boa tarde boa noite
18:13:54: Player "Ze Bunitin" (steam64id="76561198152293809") (Global): ja volto jumentinho perai
18:14:02: Player "Passo Largo" (steam64id="76561198057660141") (Global): vlw pelo loot galera kkkkk
18:14:08: Player "Passo Largo" (steam64id="76561198057660141") (Global): quase q n dava pra levar
18:14:08: Player "Ze Bunitin" (steam64id="76561198152293809") (Global): vlw vlw
18:14:11: Player "Ze Bunitin" (steam64id="76561198152293809") (Global): 3 cara pra vala
18:14:12: Player "Dixon" (steam64id="76561198159099606") (Global): VLW
18:14:24: Player "Dixon" (steam64id="76561198159099606") (Global): NUNCA JOGO  O GAME?
18:14:31: Player "Dixon" (steam64id="76561198159099606") (Global): kkkk
18:14:35: Player "Dixon" (steam64id="76561198159099606") (Global): os cara fica emocionado
18:14:39: Player "Ze Bunitin" (steam64id="76561198152293809") (Global): comecei hoje ai pai para
18:14:51: Player "Ze Bunitin" (steam64id="76561198152293809") (Global): da proxima vez q eu te achar eu quebro as pernas
18:14:56: Player "Ze Bunitin" (steam64id="76561198152293809") (Global): pra ver como funciona no jogo
18:16:09: Player "FSOCIETY" (steam64id="76561198877983321") (Direct): oiw
18:26:47: Player "Passo Largo" (steam64id="76561198057660141") (Global): pense num pvp lucrativo
18:27:09: Player "Dr.Lecter" (steam64id="76561198080721117") (Global): AONDE BB?
18:27:09: Player "Passo Largo" (steam64id="76561198057660141") (Global): obrg freguesia
18:27:22: Player "Biel FxR" (steam64id="76561198050836260") (Global): wipados
18:28:04: Player "Passo Largo" (steam64id="76561198057660141") (Global): o bebee 
18:28:07: Player "Passo Largo" (steam64id="76561198057660141") (Global): mete pra valeeeeeeeeer
18:28:11: Player "Passo Largo" (steam64id="76561198057660141") (Global): aquelas parada loka q eu faço com vc
18:28:11: Player "Biel FxR" (steam64id="76561198050836260") (Global): vai bebeeeeer
18:28:22: Player "Biel FxR" (steam64id="76561198050836260") (Global): me pede pra fazer o wipe gostosinho q eu faço cm vc
18:28:24: Player "Biel FxR" (steam64id="76561198050836260") (Global): canta agr bb ?
18:28:32: Player "Dixon" (steam64id="76561198159099606") (Global): os cara quer atenção
18:28:39: Player "Crossby" (steam64id="76561198806147848") (Direct): e eu quero vc
18:28:41: Player "Dixon" (steam64id="76561198159099606") (Global): carentes
18:28:42: Player "Passo Largo" (steam64id="76561198057660141") (Global): nois é estrela
18:28:45: Player "Biel FxR" (steam64id="76561198050836260") (Global): foi vc q cantou antes da morte ?
18:28:52: Player "Biel FxR" (steam64id="76561198050836260") (Global): foi uma bela musica de funeral
18:28:59: Player "Biel FxR" (steam64id="76561198050836260") (Global): caixao fechado so hs na tega
18:29:00: Player "Dr.Lecter" (steam64id="76561198080721117") (Global): UM TRIO CONTRA QUANTOS ?
18:29:05: Player "Passo Largo" (steam64id="76561198057660141") (Global): VAI BEBEEEEEEEE
18:29:07: Player "Biel FxR" (steam64id="76561198050836260") (Global): tenho outra musica pra vcs
18:29:10: Player "Passo Largo" (steam64id="76561198057660141") (Global): E METE PRA VALEEEEER
18:29:15: Player "Passo Largo" (steam64id="76561198057660141") (Global): AQUELAS PARADA LOKA Q EU FAÇO COM VCCCCC
18:29:18: Player "Biel FxR" (steam64id="76561198050836260") (Global): wipaaaaaaados foram wipaaaaados uououououo velozes e furiosos
18:29:21: Player "Biel FxR" (steam64id="76561198050836260") (Global): kkkk
18:29:28: Player "Biel FxR" (steam64id="76561198050836260") (Global): tmj guys foi um bom pvp
18:29:39: Player "Passo Largo" (steam64id="76561198057660141") (Global): vlw pelo loot
18:29:41: Player "Passo Largo" (steam64id="76561198057660141") (Global): so agradecer
18:29:54: Player "Dixon" (steam64id="76561198159099606") (Global): passa localização da base
18:29:56: Player "Dixon" (steam64id="76561198159099606") (Global): ai
18:30:07: Player "Biel FxR" (steam64id="76561198050836260") (Global): q o cu e ainda que raspado
18:30:07: Player "Passo Largo" (steam64id="76561198057660141") (Global): kkkkkkkkk
18:30:09: Player "Dr.Lecter" (steam64id="76561198080721117") (Global): PROCURA
18:30:13: Player "[L.B] Santorin" (steam64id="76561199069721527") (Global): asauhsuhasuhahsa
18:30:15: Player "Dr.Lecter" (steam64id="76561198080721117") (Global): ME PASSA DA SUA QUE PASSO DA MINHA
18:30:15: Player "Passo Largo" (steam64id="76561198057660141") (Global): dps q vc estourar o primeiro portao
18:30:18: Player "Passo Largo" (steam64id="76561198057660141") (Global): vc vai sair correndo
18:30:22: Player "Dixon" (steam64id="76561198159099606") (Global): ok
18:31:02: Player "C O R U J A" (steam64id="76561198819003355") (Global): MANO EU TE MATEI E TA FALANDO OQ AI KKK
18:31:26: Player "Passo Largo" (steam64id="76561198057660141") (Global): n adianta matar um e morrer pro resto
18:32:14: Player "Passo Largo" (steam64id="76561198057660141") (Global): o importante é no final
18:32:17: Player "Passo Largo" (steam64id="76561198057660141") (Global): quem fica com o loot
18:32:24: Player "Dr.Lecter" (steam64id="76561198080721117") (Global): NO MINOMO TEM QUE MATAR ALGUEM
18:32:29: Player "Biel FxR" (steam64id="76561198050836260") (Global): loopesta achou memo q ia sair cm meu loot ?
18:32:32: Player "Dr.Lecter" (steam64id="76561198080721117") (Global): VCS ESTÃO EM MAIORIA
18:32:35: Player "Biel FxR" (steam64id="76561198050836260") (Global): logando por tras
18:32:37: Player "Passo Largo" (steam64id="76561198057660141") (Global): ALO FREGUESIAAAAAAAAAAA
18:32:37: Player "Biel FxR" (steam64id="76561198050836260") (Global): safado
18:32:44: Player "[L.B] LopesTa " (steam64id="76561198375254083") (Global): kkkkkkkkk
18:32:51: Player "[L.B] LopesTa " (steam64id="76561198375254083") (Global): fazer oq biel 
18:32:53: Player "[L.B] LopesTa " (steam64id="76561198375254083") (Global): n deu 
18:32:57: Player "Biel FxR" (steam64id="76561198050836260") (Global): kkkk tmj 
18:33:00: Player "Dr.Lecter" (steam64id="76561198080721117") (Global): pvp da hora
18:33:07: Player "Passo Largo" (steam64id="76561198057660141") (Global): ai lopes
18:33:09: Player "[L.B] LopesTa " (steam64id="76561198375254083") (Global): pvp foi massa meo 
18:33:11: Player "Passo Largo" (steam64id="76561198057660141") (Global): se quiser jogar com a gente
18:33:13: Player "Passo Largo" (steam64id="76561198057660141") (Global): pq esse clan ai kkkk
18:33:19: Player "[L.B] LopesTa " (steam64id="76561198375254083") (Global): kkkkkkk
18:33:23: Player "Dr.Lecter" (steam64id="76561198080721117") (Global): so a gente pra movimentar o pvp la
18:33:25: Player "[L.B] LopesTa " (steam64id="76561198375254083") (Global): os guri é brabo no pvp meo 
18:33:30: Player "Dr.Lecter" (steam64id="76561198080721117") (Global): apareceu até uns aléatorios
18:33:32: Player "[L.B] LopesTa " (steam64id="76561198375254083") (Global): não demo foi sorte 
18:33:33: Player "Dr.Lecter" (steam64id="76561198080721117") (Global): mas
18:33:39: Player "Biel FxR" (steam64id="76561198050836260") (Global): vcs n deram sorte ?
18:33:40: Player "Passo Largo" (steam64id="76561198057660141") (Global): kkkkkkkkkkkkkkkkkkkkkkkkkkkkkkk
18:33:42: Player "Passo Largo" (steam64id="76561198057660141") (Global): porra
18:33:43: Player "Biel FxR" (steam64id="76561198050836260") (Global): vc logou nas minhas costas
18:33:44: Player "C O R U J A" (steam64id="76561198819003355") (Global): so vcs pra q? kkkkkkkkkkkkkk
18:33:46: Player "Biel FxR" (steam64id="76561198050836260") (Global): quer mais sorte q isso ?
18:33:52: Player "[L.B] LopesTa " (steam64id="76561198375254083") (Global): a base de vcs na volta ajuda mt 
18:33:54: Player "[L.B] LopesTa " (steam64id="76561198375254083") (Global): cara 
18:33:57: Player "Biel FxR" (steam64id="76561198050836260") (Global): n cara
18:34:01: Player "[L.B] LopesTa " (steam64id="76561198375254083") (Global): ali foi friamentee cauculado 
18:34:02: Player "Biel FxR" (steam64id="76561198050836260") (Global): a gente n foi na base
18:34:06: Player "[L.B] LopesTa " (steam64id="76561198375254083") (Global): calculado 
18:34:07: Player "Passo Largo" (steam64id="76561198057660141") (Global): nem passamo na base
18:34:19: Player "Passo Largo" (steam64id="76561198057660141") (Global): esse coruja é amigo de vcs?
18:34:30: Player "[L.B] LopesTa " (steam64id="76561198375254083") (Global): nn 
18:34:30: Player "C O R U J A" (steam64id="76561198819003355") (Global): n
18:34:38: Player "[L.B] LopesTa " (steam64id="76561198375254083") (Global): cobrou mt pra contratação 
18:34:43: Player "Dr.Lecter" (steam64id="76561198080721117") (Global): imagina
18:34:47: Player "[L.B] LopesTa " (steam64id="76561198375254083") (Global): ta achando q é ocr7 
18:34:56: Player "Passo Largo" (steam64id="76561198057660141") (Global): a gente achou q ta
18:35:00: Player "Passo Largo" (steam64id="76561198057660141") (Global): pq rusharam juntos
18:35:06: Player "Passo Largo" (steam64id="76561198057660141") (Global): tava*
18:39:56: Player "[EB] alemao" (steam64id="76561198046653521") (Direct): to ouvindo
18:40:03: Player "[EB] GordoEmers" (steam64id="76561198260617608") (Direct): NAO TE ESCUTO
18:50:00: Player "Hacan121" (steam64id="76561198345012092") (Global): HEHEBOY
18:51:01: Player "Dr.Lecter" (steam64id="76561198080721117") (Global): .
18:51:22: Player "TitioSam" (steam64id="76561199014145539") (Global): brabo
18:51:29: Player "TitioSam" (steam64id="76561199014145539") (Direct): kkkkkkkkk
18:51:56: Player "ObreD" (steam64id="76561198258911731") (Global): BRABO
18:52:25: Player "TitioSam" (steam64id="76561199014145539") (Direct): kkkk
18:58:38: Player "[EB] alemao" (steam64id="76561198046653521") (Global): rapazeada
18:58:49: Player "tiago0722" (steam64id="76561198353818533") (Global): blz
18:58:54: Player "[EB] alemao" (steam64id="76561198046653521") (Global): porta simples faz como? usei fence kit mas acaba saindo portao so
18:59:07: Player "TitioSam" (steam64id="76561199014145539") (Global): tem que por mais graveto
18:59:31: Player "[EB] alemao" (steam64id="76561198046653521") (Global): fazer o kit de porta no caso?
18:59:34: Player "[EB] alemao" (steam64id="76561198046653521") (Global): aquele do sv?
18:59:38: Player "tiago0722" (steam64id="76561198353818533") (Global): isso
18:59:39: Player "TitioSam" (steam64id="76561199014145539") (Global): isso
18:59:43: Player "[EB] alemao" (steam64id="76561198046653521") (Global): ahh pdcc
18:59:49: Player "[EB] alemao" (steam64id="76561198046653521") (Global): só nao fiz pq achei estranho
18:59:52: Player "[EB] alemao" (steam64id="76561198046653521") (Global): aquelas setas
18:59:57: Player "[EB] alemao" (steam64id="76561198046653521") (Global): me confundem
18:59:57: Player "[EB] GordoEmers" (steam64id="76561198260617608") (Direct): TA FALANDO COM QUEM LOCO ?
19:00:03: Player "TitioSam" (steam64id="76561199014145539") (Global): indica a entrada
19:00:22: Player "[EB] alemao" (steam64id="76561198046653521") (Global): a parte raidavel fica virada pra mim ou pra fora?
19:00:28: Player "[EB] alemao" (steam64id="76561198046653521") (Global): alias, a parte de dentro
19:00:31: Player "[EB] alemao" (steam64id="76561198046653521") (Global): ?
19:00:35: Player "TitioSam" (steam64id="76561199014145539") (Global): COLOCA A SETa pra fora
19:00:38: Player "[EB] alemao" (steam64id="76561198046653521") (Global): ta blzz
19:00:42: Player "[EB] alemao" (steam64id="76561198046653521") (Global): saquei
19:00:49: Player "[EB] alemao" (steam64id="76561198046653521") (Global): no meio das setas vai ser a porta?
19:01:01: Player "[EB] alemao" (steam64id="76561198046653521") (Direct): TA OUVINDO?
19:01:05: Player "[EB] alemao" (steam64id="76561198046653521") (Direct): to falando e nao sai voz
19:01:08: Player "TitioSam" (steam64id="76561199014145539") (Global): SIM
19:01:12: Player "[EB] GordoEmers" (steam64id="76561198260617608") (Direct): adm ?
19:01:15: Player "[EB] alemao" (steam64id="76561198046653521") (Direct): adm
19:01:16: Player "TitioSam" (steam64id="76561199014145539") (Global): a seta indica pra onde fica a parte de fora
19:01:19: Player "TitioSam" (steam64id="76561199014145539") (Global): ela aponta pra fora
19:01:42: Player "[EB] alemao" (steam64id="76561198046653521") (Direct): nn
19:01:47: Player "[EB] alemao" (steam64id="76561198046653521") (Direct): remover o portao
19:01:56: Player "[EB] alemao" (steam64id="76561198046653521") (Direct): ele ta ficando fora da parede
19:02:03: Player "[EB] alemao" (steam64id="76561198046653521") (Direct): remover
19:05:41: Player "[EB] alemao" (steam64id="76561198046653521") (Direct): ADM
19:05:47: Player "[EB] alemao" (steam64id="76561198046653521") (Direct): ele nao ta te ouvindo
19:05:52: Player "[EB] alemao" (steam64id="76561198046653521") (Direct): mas tamo te ouvindo
19:05:53: Player "FSOCIETY" (steam64id="76561198877983321") (Direct): olaa
19:05:56: Player "[EB] alemao" (steam64id="76561198046653521") (Direct): to te ouvindo
19:05:58: Player "[EB] alemao" (steam64id="76561198046653521") (Direct): so ir falando
19:06:55: Player "[EB] alemao" (steam64id="76561198046653521") (Direct): mais pro lado sepa adm
19:07:00: Player "[EB] alemao" (steam64id="76561198046653521") (Direct): ahhh pdcccc
19:07:02: Player "[EB] alemao" (steam64id="76561198046653521") (Direct): toppppp
19:07:10: Player "[EB] alemao" (steam64id="76561198046653521") (Direct): caralho manjou demais
19:07:26: Player "[EB] alemao" (steam64id="76561198046653521") (Direct): consegue deixar uma cordinha aqui??
19:07:42: Player "[EB] alemao" (steam64id="76561198046653521") (Direct): so pra eu continuar
19:07:48: Player "[EB] alemao" (steam64id="76561198046653521") (Direct): valeu mestre
19:07:54: Player "[EB] alemao" (steam64id="76561198046653521") (Direct): consegue deixar uma cordinhna?
19:08:16: Player "[EB] alemao" (steam64id="76561198046653521") (Direct): show demais meu rei
19:08:23: Player "[EB] alemao" (steam64id="76561198046653521") (Direct): consegue deixar uma corda?
19:08:43: Player "[EB] alemao" (steam64id="76561198046653521") (Direct): show meu irmao
19:08:46: Player "[EB] alemao" (steam64id="76561198046653521") (Direct): tu é o cara
19:08:50: Player "[EB] alemao" (steam64id="76561198046653521") (Direct): é isso meu rei
19:08:54: Player "[EB] alemao" (steam64id="76561198046653521") (Direct): valeu mesmo
19:08:56: Player "[EB] alemao" (steam64id="76561198046653521") (Direct): sem palavras
19:14:25: Player "GabrielDWR" (steam64id="76561199012612653") (Global): por acaso alguém explodiu um avião ai? kkkkkkkkk
19:14:31: Player "[YKZ]-Lobato" (steam64id="76561198158375860") (Global): rs
19:14:39: Player "[EB] alemao" (steam64id="76561198046653521") (Global): manda loc kkk
19:17:19: Player "Diorno" (steam64id="76561198142139495") (Global): add ai black bier
19:17:27: Player "Diorno" (steam64id="76561198142139495") (Global): amigo do sagara aq
19:17:32: Player "[YKZ]-Lobato" (steam64id="76561198158375860") (Global): '-'
19:17:52: Player "tiago0722" (steam64id="76561198353818533") (Global): os cara nao te piedade
19:18:00: Player "tiago0722" (steam64id="76561198353818533") (Global): peladinho chega matando
19:18:08: Player "GabrielDWR" (steam64id="76561199012612653") (Global): acontece
19:18:29: Player "tiago0722" (steam64id="76561198353818533") (Global): taloko
19:21:04: Player "Biel FxR" (steam64id="76561198050836260") (Global): adm consegue colar rapidao ?
19:30:08: Player "Dixon" (steam64id="76561198159099606") (Global): otavio
19:35:36: Player "GabrielDWR" (steam64id="76561199012612653") (Global): galera, onde eu encontro cadeado? comecei a jogar agr kk
19:35:48: Player "[YKZ]-Lobato" (steam64id="76561198158375860") (Global): local random
19:35:48: Player "TitioSam" (steam64id="76561199014145539") (Global): em melkart é mais provavel
19:35:52: Player "ObreD" (steam64id="76561198258911731") (Global):  Na cadeia
19:36:10: Player "[YKZ] chron1c" (steam64id="76561198205585613") (Global): titio sam mata a 16km
19:36:15: Player "TitioSam" (steam64id="76561199014145539") (Global): obg
19:37:51: Player "[YKZ]-Lobato" (steam64id="76561198158375860") (Global): mds
19:37:56: Player "[YKZ]-Lobato" (steam64id="76561198158375860") (Global): desloguem.desgraçados
19:38:16: Player "Ze Bunitin" (steam64id="76561198152293809") (Global): ai minha vuaida
19:38:28: Player "[YKZ]-Lobato" (steam64id="76561198158375860") (Global): feliz aniuversariu
19:38:33: Player "[YKZ]-Lobato" (steam64id="76561198158375860") (Global): fueliz*
19:39:05: Player "[YKZ]-Lobato" (steam64id="76561198158375860") (Global): oi sabrina
19:40:27: Player "Sabrina" (steam64id="76561199083408122") (Global): .
19:40:34: Player "[YKZ]-Lobato" (steam64id="76561198158375860") (Global): oi linda, add zap
19:40:49: Player "Sabrina" (steam64id="76561199083408122") (Global): gosto de homem 
19:40:54: Player "[YKZ]-Lobato" (steam64id="76561198158375860") (Global): ah, desculpa
19:40:56: Player "[YKZ]-Lobato" (steam64id="76561198158375860") (Global): sou garoto
19:41:15: Player "[YKZ] chron1c" (steam64id="76561198205585613") (Global): hmmmmmm
19:46:52: Player "Sabrina" (steam64id="76561199083408122") (Global): cade os player 
19:47:03: Player "PiLaKo" (steam64id="76561198796261323") (Global): loteando
19:47:09: Player "Dr.Lecter" (steam64id="76561198080721117") (Global): tudo base
19:47:14: Player "Biel FxR" (steam64id="76561198050836260") (Global): defendendo a base
19:47:18: Player "Dr.Lecter" (steam64id="76561198080721117") (Global): oi  Sabrina
19:47:22: Player "Biel FxR" (steam64id="76561198050836260") (Global): oi sabrina
19:47:27: Player "Dr.Lecter" (steam64id="76561198080721117") (Global): meu gadometro apitou aqui
19:47:28: Player "[EB] GordoEmers" (steam64id="76561198260617608") (Global): loteando kkkk loteando um loteamento ?
19:47:31: Player "Dr.Lecter" (steam64id="76561198080721117") (Global): agora entendi o pq
19:47:35: Player "Biel FxR" (steam64id="76561198050836260") (Global): o meu ta wil wil wil wil
19:47:52: Player "[EB] GordoEmers" (steam64id="76561198260617608") (Global): lootando
19:47:54: Player "TitioSam" (steam64id="76561199014145539") (Global): kk
19:48:07: Player "Biel FxR" (steam64id="76561198050836260") (Global): ¬¬
19:48:27: Player "Sabrina" (steam64id="76561199083408122") (Global): algum cla recrutando 
19:48:49: Player "[EB] GordoEmers" (steam64id="76561198260617608") (Global): Elite brasil vai dominar esse server como fez em todos que esteve !!!
19:49:11: Player "Dr.Lecter" (steam64id="76561198080721117") (Global): boa sorte
19:49:12: Player "TitioSam" (steam64id="76561199014145539") (Global): ?
19:49:12: Player "[YKZ]-Lobato" (steam64id="76561198158375860") (Global): confia
19:49:21: Player "Dr.Lecter" (steam64id="76561198080721117") (Global): kkk
19:49:21: Player "ttuker" (steam64id="76561198971813376") (Global): hay raideo ahora?
19:49:26: Player "[YKZ]-Lobato" (steam64id="76561198158375860") (Global): talvez
19:49:32: Player "Dr.Lecter" (steam64id="76561198080721117") (Global): é verdade esse bilete ai 
19:49:39: Player "[EB] GordoEmers" (steam64id="76561198260617608") (Global): taota
19:50:01: Player "[EB] GordoEmers" (steam64id="76561198260617608") (Global): meclovin vai por osteres para para trasbalhar
19:52:42: Player "Sabrina" (steam64id="76561199083408122") (Global): titioSam 
19:52:46: Player "Sabrina" (steam64id="76561199083408122") (Global): recruta ai
19:52:54: Player "TitioSam" (steam64id="76561199014145539") (Global): BORA
19:52:57: Player "[YKZ]-Lobato" (steam64id="76561198158375860") (Global): tu é lgbt?
19:52:59: Player "[YKZ]-Lobato" (steam64id="76561198158375860") (Global): se sim vem
19:53:00: Player "Dr.Lecter" (steam64id="76561198080721117") (Global): sabrina
19:53:05: Player "Dr.Lecter" (steam64id="76561198080721117") (Global): nao se mistura 
19:53:12: Player "Dr.Lecter" (steam64id="76561198080721117") (Global): com essa gentalha 
19:53:33: Player "Sabrina" (steam64id="76561199083408122") (Global): passa discord ai titio
19:53:38: Player "[EB] GordoEmers" (steam64id="76561198260617608") (Global): lgbtiqa+psdfhjkçzxcvnm
19:53:43: Player "[YKZ]-BlackBear" (steam64id="76561198343030820") (Global): OBRAS DE PASSO LARGO
19:53:51: Player "[YKZ]-Lobato" (steam64id="76561198158375860") (Global): passa ai rsrs
19:54:59: Player "[YKZ]-Lobato" (steam64id="76561198158375860") (Global): mataro minha futura esposa
19:55:24: Player "Dr.Lecter" (steam64id="76561198080721117") (Global): lobato
19:55:27: Player "[YKZ]-Lobato" (steam64id="76561198158375860") (Global): oi mo
19:55:34: Player "Dr.Lecter" (steam64id="76561198080721117") (Global): mataram ela monamor
19:55:37: Player "[YKZ]-Lobato" (steam64id="76561198158375860") (Global): :c
19:55:38: Player "Dr.Lecter" (steam64id="76561198080721117") (Global): ?
19:55:42: Player "Dr.Lecter" (steam64id="76561198080721117") (Global): quem foi ?
19:55:45: Player "[YKZ]-Lobato" (steam64id="76561198158375860") (Global): eu ouvi o tiro :c
19:55:50: Player "[YKZ]-Lobato" (steam64id="76561198158375860") (Global): me doi tanto
19:56:43: Player "Dr.Lecter" (steam64id="76561198080721117") (Global): GRANDE DUKE CORUJA
20:03:25: Player "[YKZ]-Lobato" (steam64id="76561198158375860") (Global): nego ja loga macetando
20:07:03: Player "[YKZ]-Lobato" (steam64id="76561198158375860") (Global): '-'
20:07:33: Player "TitioSam" (steam64id="76561199014145539") (Global): escuridao
20:07:33: Player "GabrielDWR" (steam64id="76561199012612653") (Global): slk, server reinicia e o lag vem forte kk
20:07:36: Player "TitioSam" (steam64id="76561199014145539") (Global): quando uma luz se apaga
20:07:39: Player "TitioSam" (steam64id="76561199014145539") (Global): eu de novo em casa
20:07:43: Player "TitioSam" (steam64id="76561199014145539") (Global): morrendo de amor por ela
20:11:54: Player "TitioSam" (steam64id="76561199014145539") (Global): quem é cydecley no GTA mano KKKKKK
20:13:40: Player "[YKZ]-Lobato" (steam64id="76561198158375860") (Global): airdrop em lascuta
20:14:03: Player "Leo" (steam64id="76561199087497682") (Global): fonte : Confia
20:15:50: Player "[YKZ]-Lobato" (steam64id="76561198158375860") (Global): essa noite de 5 min
20:15:52: Player "[YKZ]-Lobato" (steam64id="76561198158375860") (Global): mo paz
20:16:21: Player "Charada" (steam64id="76561198034769290") (Direct): ainda bem, a noite estraga meu dia
20:27:19: Player "Charada" (steam64id="76561198034769290") (Direct): ainda tá tendo treta no airfield?
20:27:21: Player "TitioSam" (steam64id="76561199014145539") (Global): chico curioso
20:28:14: Player "TripaSeca" (steam64id="76561198080721117") (Global): aaaaaaaaaaaaaiii cheguei 
20:28:34: Player "Chico Bioca" (steam64id="76561198354274785") (Global): ta me chamando de chico curioso ?
20:28:53: Player "TitioSam" (steam64id="76561199014145539") (Global): sim
20:29:03: Player "TitioSam" (steam64id="76561199014145539") (Global): 3 cabecinhas lá kkkk
20:29:09: Player "TitioSam" (steam64id="76561199014145539") (Global): n sabia nem em quem mirar
20:29:14: Player "Chico Bioca" (steam64id="76561198354274785") (Global): ficasse de olho nas cabecinhas é ??
20:29:18: Player "TitioSam" (steam64id="76561199014145539") (Global): ss
20:29:21: Player "TitioSam" (steam64id="76561199014145539") (Global): de agua na boca
20:29:26: Player "Chico Bioca" (steam64id="76561198354274785") (Global): kkkkkk
20:29:29: Player "TitioSam" (steam64id="76561199014145539") (Global): kkkkkk
20:29:32: Player "Chico Bioca" (steam64id="76561198354274785") (Global): foi um baita de um tiro 
20:29:38: Player "TitioSam" (steam64id="76561199014145539") (Global): obg
20:29:56: Player "Chico Bioca" (steam64id="76561198354274785") (Global): nem vi de onde veio
20:30:25: Player "[ONE] KARABULJHAN" (steam64id="76561198100527842") (Global): Sim ele é muito bom de mira, esses dias ele acertou um de 930 m
20:30:32: Player "[YKZ]-Lobato" (steam64id="76561198158375860") (Global): quem
20:30:36: Player "TitioSam" (steam64id="76561199014145539") (Global): obg s2
20:30:46: Player "DE LADAU " (steam64id="76561199052963489") (Global): vai jogar lol sam 
20:30:49: Player "DE LADAU " (steam64id="76561199052963489") (Global): vsfd
20:31:00: Player "Chico Bioca" (steam64id="76561198354274785") (Global): poise, altos tiro 
20:31:09: Player "TitioSam" (steam64id="76561199014145539") (Global): ECA
20:31:11: Player "TitioSam" (steam64id="76561199014145539") (Global): LOL
20:32:02: Player "[ONE] KARABULJHAN" (steam64id="76561198100527842") (Global): Sim precisão "INCRÍVEL" DESSE RAPAZ
20:32:15: Player "[YKZ]-Lobato" (steam64id="76561198158375860") (Global): titio sam é suspeito 
20:32:23: Player "[YKZ]-Lobato" (steam64id="76561198158375860") (Global): suspeito de roubar os coraçoes
20:32:31: Player "TitioSam" (steam64id="76561199014145539") (Global): ainw chuchu
20:33:51: Player "GabrielDWR" (steam64id="76561199012612653") (Global): codelock da pra usar em cerca?
20:34:02: Player "Leo" (steam64id="76561199087497682") (Global): só portão 
20:34:08: Player "Leo" (steam64id="76561199087497682") (Global): feito por player
20:36:47: Player "[YKZ]-BlackBear" (steam64id="76561198343030820") (Global): tio sam tio sam...
20:42:51: Player "[YKZ]-Lobato" (steam64id="76561198158375860") (Global): tem q farmar mais p.u
20:42:59: Player "[YKZ]-Lobato" (steam64id="76561198158375860") (Global): ta soda
20:43:06: Player "TitioSam" (steam64id="76561199014145539") (Global): la na delega de aero tem do chico
20:43:16: Player "[YKZ]-Lobato" (steam64id="76561198158375860") (Global): fala portugues
20:43:19: Player "[YKZ]-Lobato" (steam64id="76561198158375860") (Global): alienigena
20:43:30: Player "TitioSam" (steam64id="76561199014145539") (Global): la na delega do aero tem a do chico
20:43:41: Player "[YKZ]-Lobato" (steam64id="76561198158375860") (Global): me arruma umas
20:43:42: Player "[YKZ]-Lobato" (steam64id="76561198158375860") (Global): duvido
20:43:48: Player "TitioSam" (steam64id="76561199014145539") (Global): xove
20:43:52: Player "[YKZ]-Lobato" (steam64id="76561198158375860") (Global): troco por lockpick
20:43:53: Player "[YKZ]-Lobato" (steam64id="76561198158375860") (Global): xd
20:43:53: Player "[YKZ] Felps" (steam64id="76561198892779186") (Global): pirulito
20:44:06: Player "TitioSam" (steam64id="76561199014145539") (Global): AI N
20:44:07: Player "TitioSam" (steam64id="76561199014145539") (Global): KKK
20:44:16: Player "[YKZ]-Lobato" (steam64id="76561198158375860") (Global): :c
20:44:31: Player "[YKZ] Felps" (steam64id="76561198892779186") (Global): q isso eu troco 
20:45:38: Player "ploodrinny" (steam64id="76561198312062387") (Global): tem radio ai tukker e duero? kkkk
20:45:51: Player "[YKZ]-Lobato" (steam64id="76561198158375860") (Global): so queria que alguem sintonizasse meu radinho :c
20:45:59: Player "ploodrinny" (steam64id="76561198312062387") (Global): acho que ce ta longe kkkk
20:46:09: Player "[YKZ] Emissarius" (steam64id="76561198271087379") (Global): a
20:46:12: Player "[YKZ]-Lobato" (steam64id="76561198158375860") (Global): melkart pega tudo n?
20:46:13: Player "[YKZ] chron1c" (steam64id="76561198205585613") (Global): b
20:46:15: Player "[YKZ]-Lobato" (steam64id="76561198158375860") (Global): cherno q é ossada
20:46:24: Player "[YKZ] Felps" (steam64id="76561198892779186") (Global): qual freq
20:46:29: Player "ploodrinny" (steam64id="76561198312062387") (Global): n sei
20:46:34: Player "ploodrinny" (steam64id="76561198312062387") (Global): qual a frequencia?
20:46:44: Player "[YKZ]-Lobato" (steam64id="76561198158375860") (Global): VAI SER GF?
20:46:46: Player "[YKZ] Felps" (steam64id="76561198892779186") (Global): 99.7
20:49:50: Player "[YKZ]-Lobato" (steam64id="76561198158375860") (Global): TUKKER SULISTA
20:50:08: Player "ttuker" (steam64id="76561198971813376") (Global): que pasa pa?
20:50:16: Player "[L.B] LopesTa " (steam64id="76561198375254083") (Global): tukker marca base 
20:50:24: Player "[L.B] LopesTa " (steam64id="76561198375254083") (Global): china de beco 
20:50:28: Player "[L.B] LopesTa " (steam64id="76561198375254083") (Global): kkkkk
20:50:39: Player "ttuker" (steam64id="76561198971813376") (Global): whaaaat
20:50:47: Player "Leo" (steam64id="76561199087497682") (Global): ru ari u ?
20:51:09: Player "[YKZ]-Lobato" (steam64id="76561198158375860") (Global): voyage voyage
20:51:10: Player "[EB] GordoEmers" (steam64id="76561198260617608") (Global): ariuminet
20:51:14: Player "ttuker" (steam64id="76561198971813376") (Global): todo cabeza te comiste un 308
20:51:22: Player "Leo" (steam64id="76561199087497682") (Global): gudi andi u ?
21:00:07: Player "Dixon" (steam64id="76561198159099606") (Global): boa noite amigos
21:00:16: Player "[YKZ]-Lobato" (steam64id="76561198158375860") (Global): amigo n
21:00:17: Player "[YKZ]-Lobato" (steam64id="76561198158375860") (Global): colega
21:00:32: Player "Dixon" (steam64id="76561198159099606") (Global): todos tenham uma boa noite que deus abençoe a vida de todos
21:00:39: Player "[YKZ]-Lobato" (steam64id="76561198158375860") (Global): q deus?
21:01:02: Player "Dixon" (steam64id="76561198159099606") (Global): que o capeta leve a alma dos YKZ e queimen no inferno
21:01:10: Player "[YKZ] Emissarius" (steam64id="76561198271087379") (Global): que isso 
21:01:10: Player "[YKZ]-Lobato" (steam64id="76561198158375860") (Global): que capeta?
21:01:12: Player "[YKZ] chron1c" (steam64id="76561198205585613") (Global): UUUUUUUUUUUUUUUU
21:01:14: Player "Dixon" (steam64id="76561198159099606") (Global): '-'
21:01:18: Player "[YKZ] Seekerzao" (steam64id="76561198067793781") (Global): que odio no coracaozinho cara
21:01:19: Player "[YKZ] chron1c" (steam64id="76561198205585613") (Global): 666 THE NUMBER OF THE BEAST
21:01:19: Player "[YKZ] Felps" (steam64id="76561198892779186") (Global): que isso 
21:01:22: Player "[YAKUZA] -Roger" (steam64id="76561198152624992") (Global): adicionado
21:01:24: Player "[YKZ] chron1c" (steam64id="76561198205585613") (Global): HELL AND FIRE
21:01:26: Player "[YKZ]-Lobato" (steam64id="76561198158375860") (Global): eprguntei qual deus só
21:01:28: Player "[YKZ]-Lobato" (steam64id="76561198158375860") (Global): tem tantos
21:01:29: Player "[YKZ]-Lobato" (steam64id="76561198158375860") (Global): aff
21:01:29: Player "Dixon" (steam64id="76561198159099606") (Global): veram a noite a hora que vcs forem dormi
21:01:32: Player "[YKZ] Felps" (steam64id="76561198892779186") (Global): pense antes de falar atrosidades
21:01:35: Player "[YKZ]-Lobato" (steam64id="76561198158375860") (Global): veram kkkkkk
21:01:40: Player "Dixon" (steam64id="76561198159099606") (Global): veriam
21:01:43: Player "[YKZ] chron1c" (steam64id="76561198205585613") (Global): VERIAM
21:01:50: Player "Dixon" (steam64id="76561198159099606") (Global): vereia
21:01:50: Player "[YKZ] chron1c" (steam64id="76561198205585613") (Global): VEJEIE
21:01:52: Player "Dixon" (steam64id="76561198159099606") (Global): veria
21:01:53: Player "[YKZ]-Lobato" (steam64id="76561198158375860") (Global): veraste
21:01:55: Player "[YKZ]-Lobato" (steam64id="76561198158375860") (Global): q um filho seu
21:01:57: Player "[YKZ]-Lobato" (steam64id="76561198158375860") (Global): n foge
21:01:59: Player "[YKZ] chron1c" (steam64id="76561198205585613") (Global): RECEBA
21:01:59: Player "[YKZ]-Lobato" (steam64id="76561198158375860") (Global): a luta
21:02:09: Player "[YKZ] Felps" (steam64id="76561198892779186") (Global): seu petista
21:02:09: Player "Dixon" (steam64id="76561198159099606") (Global): besos
21:02:19: Player "[YKZ]-Lobato" (steam64id="76561198158375860") (Global): tinha q ser bolsonarista
21:02:21: Player "[YKZ] chron1c" (steam64id="76561198205585613") (Global): CHURRAAAAAAAAAAAAAAAAAASCO BOM CHIMARRAO
21:02:31: Player "[YKZ]-Lobato" (steam64id="76561198158375860") (Global): partiu tharsis?
21:02:41: Player "[YKZ] chron1c" (steam64id="76561198205585613") (Global): CURINTIA GANHO CUZAO
21:03:18: Player "Dixon" (steam64id="76561198159099606") (Global): faliceu
21:03:28: Player "[YKZ] chron1c" (steam64id="76561198205585613") (Global): no ceu tem pao?
21:04:13: Player "[YKZ] chron1c" (steam64id="76561198205585613") (Global): so botada nas cachorra
21:04:17: Player "[YKZ]-Lobato" (steam64id="76561198158375860") (Global): lucifer on
21:04:26: Player "[YKZ] chron1c" (steam64id="76561198205585613") (Global): botada nas safadinha
21:04:32: Player "Lucifer" (steam64id="76561199073838397") (Global): que 
21:04:36: Player "[YKZ] chron1c" (steam64id="76561198205585613") (Global): tchubirabiraudau
21:04:52: Player "[YKZ] chron1c" (steam64id="76561198205585613") (Global): ta quente au lulu?
21:17:15: Player "GabrielDWR" (steam64id="76561199012612653") (Global): oq deu adm?
21:17:34: Player "[YKZ]-Lobato" (steam64id="76561198158375860") (Global): comeram o cu de curioso
21:17:39: Player "GabrielDWR" (steam64id="76561199012612653") (Global): porra 
21:19:16: Player "StarkCG" (steam64id="76561198121484554") (Global): me arrumem uma mosin ai
21:19:17: Player "StarkCG" (steam64id="76561198121484554") (Global): obgb
21:19:23: Player "[YKZ]-Lobato" (steam64id="76561198158375860") (Global): vc é chato
21:19:37: Player "StarkCG" (steam64id="76561198121484554") (Global): vc tbm
21:19:43: Player "StarkCG" (steam64id="76561198121484554") (Global): mas vc é feio tbm
21:19:50: Player "[YKZ]-Lobato" (steam64id="76561198158375860") (Global): e quem n é
