00:01:44: Player "ZenKaioh" (steam64id="76561198152445194") (Global): kkkkk espera logar pra matar kkkkkkk
00:02:09: Player "Biel FxR" (steam64id="76561198050836260") (Global): eh amigo pow
00:02:10: Player "Biel FxR" (steam64id="76561198050836260") (Global): ta suave
00:02:23: Player "TripaSeca" (steam64id="76561198093060507") (Global): matei mesmo maior otario
00:02:33: Player "[YKZ]-BlackBear" (steam64id="76561198343030820") (Global): O,O
00:02:47: Player "Charada" (steam64id="76561198034769290") (Direct): boooooraaaaaaaaa
00:02:54: Player "Charada" (steam64id="76561198034769290") (Direct): boa noite moçada!!
00:08:35: Player "[YKZ]-BlackBear" (steam64id="76561198343030820") (Global): admilsonnn do céu
00:08:35: Player "Charada" (steam64id="76561198034769290") (Direct): que sol
00:08:38: Player "[YKZ]-BlackBear" (steam64id="76561198343030820") (Global): kkkkkkkkkkkkkkkkkkkkkkkkkk
00:08:43: Player "ZenKaioh" (steam64id="76561198152445194") (Global): mds pra que isso
00:08:54: Player "Charada" (steam64id="76561198034769290") (Direct): alguem tem medo do escuro kkkkk
00:08:57: Player "[MOD] OZIEL" (steam64id="76561199063596086") (Global): vem aqui korea pfv
00:30:28: Player "G A T O" (steam64id="76561199207813177") (Global): Como desmonta quadro de armas?
00:30:38: Player "[YKZ]-BlackBear" (steam64id="76561198343030820") (Global): aliceiton
00:30:39: Player "TripaSeca" (steam64id="76561198093060507") (Global): alicate
00:30:53: Player "G A T O" (steam64id="76561199207813177") (Global): Tenks amores
00:31:00: Player "G A T O" (steam64id="76561199207813177") (Global): Como a a play?
00:31:10: Player "[YKZ]-BlackBear" (steam64id="76561198343030820") (Global): bixada
00:31:35: Player "=G3=L.REIS" (steam64id="76561197965313777") (Global): VOLTAMOS BBS
00:31:37: Player "G A T O" (steam64id="76561199207813177") (Global): A minha hj tbm foi triste kkk
00:31:55: Player "DangersPlay" (steam64id="76561198037868353") (Global): mata pelado é facil
00:32:02: Player "=G3=L.REIS" (steam64id="76561197965313777") (Global): FOI DE PLATE PQ BB
00:32:08: Player "=G3=L.REIS" (steam64id="76561197965313777") (Global): SE TA PELADO N VAI PRA TRETA
00:32:12: Player "Charada" (steam64id="76561198034769290") (Direct): devem ser os 3 patetas matando pelado
00:32:20: Player "DangersPlay" (steam64id="76561198037868353") (Global): nao to na treta, to na minha base
00:32:21: Player "o velho peludo" (steam64id="76561197987642420") (Global): c
00:32:30: Player "DangersPlay" (steam64id="76561198037868353") (Global): horrivel
00:32:38: Player "=G3=L.REIS" (steam64id="76561197965313777") (Global): voltou agr pra base kkkk
00:32:52: Player "Seekerzao" (steam64id="76561198067793781") (Global): hj tem tanta gente que n ta dando nem pra fazer um loot pra ir pras treta
00:34:39: Player "=G3=L.REIS" (steam64id="76561197965313777") (Global): abre a base pra nos ai
00:34:56: Player "AiPolly" (steam64id="76561198072574279") (Global): dangers bocudinho =3
00:35:12: Player "DangersPlay" (steam64id="76561198037868353") (Global): pra nego mongol tem que ser mesmo
00:35:14: Player "DangersPlay" (steam64id="76561198037868353") (Global): lixo
00:35:26: Player "AiPolly" (steam64id="76561198072574279") (Global): eiita
00:35:35: Player "Seekerzao" (steam64id="76561198067793781") (Global): vish
00:35:46: Player "Seekerzao" (steam64id="76561198067793781") (Global): eu chamava pro  x1 de AK
00:37:14: Player "Rodrigo Boca Br#4768" (steam64id="76561198856289994") (Global): wwww
00:37:26: Player "Fritas" (steam64id="76561198148172018") (Global): lixo so mata pelado 
00:37:49: Player "=G3=L.REIS" (steam64id="76561197965313777") (Global): ontem estavam na maior marra
00:37:54: Player "=G3=L.REIS" (steam64id="76561197965313777") (Global): agr tao quietos ne
00:38:01: Player "DangersPlay" (steam64id="76561198037868353") (Global): so isso eles sabem matar
00:39:41: Player "DangersPlay" (steam64id="76561198037868353") (Global): fica ai troxa matando pelado, nao perco meu tempo
00:39:43: Player "DangersPlay" (steam64id="76561198037868353") (Global): fui
00:53:14: Player "Hacan121" (steam64id="76561198345012092") (Global): heheboy
01:07:56: Player "AiPolly" (steam64id="76561198072574279") (Global): mds biel kk
01:08:26: Player "Biel FxR" (steam64id="76561198050836260") (Global): chegamo pelado ainda matamos alguns kssksks
01:08:33: Player "Biel FxR" (steam64id="76561198050836260") (Global): lucro daboa
01:08:45: Player "AiPolly" (steam64id="76561198072574279") (Global): top kkkk
01:08:48: Player "=G3=L.REIS" (steam64id="76561197965313777") (Global): lucro kkk
01:08:55: Player "=G3=L.REIS" (steam64id="76561197965313777") (Global): ja pegamos tudo denovo filhao
01:09:00: Player "=G3=L.REIS" (steam64id="76561197965313777") (Global): ta faltando aula de matematica
01:09:05: Player "o velho peludo" (steam64id="76561197987642420") (Global): lucro? 
01:09:12: Player "Biel FxR" (steam64id="76561198050836260") (Global): lucro nas kills nego
01:09:13: Player "TripaSeca" (steam64id="76561198093060507") (Global): tretinha de peladinho as vezes é bom 
01:09:17: Player "G A T O" (steam64id="76561199207813177") (Global): Quem morreu p urso? kkk
01:09:18: Player "Biel FxR" (steam64id="76561198050836260") (Global): loot a gente ja tem ta safe
01:26:44: Player "tlmnn" (steam64id="76561199054785069") (Global): mds quantos cara tem nql cidade
01:27:10: Player "AiPolly" (steam64id="76561198072574279") (Global): tudo malusco
01:28:36: Player "Dylan" (steam64id="76561198076752035") (Global): a
01:36:07: Player "AiPolly" (steam64id="76561198072574279") (Global): po charada
01:44:59: Player "Indio Otaku" (steam64id="76561198843547059") (Global): oie
01:45:05: Player "AiPolly" (steam64id="76561198072574279") (Global): opa
01:48:50: Player "Biel FxR" (steam64id="76561198050836260") (Global): era o sekkerzao
01:48:53: Player "Biel FxR" (steam64id="76561198050836260") (Global): n acredito
01:48:55: Player "Seekerzao" (steam64id="76561198067793781") (Global): MDS CARA
01:49:00: Player "Biel FxR" (steam64id="76561198050836260") (Global): achamos q era os inimigos
01:49:01: Player "Biel FxR" (steam64id="76561198050836260") (Global): dsclpa
01:49:01: Player "Seekerzao" (steam64id="76561198067793781") (Global): SO QUEERIA FARMAR UMA ARMA PRA FICAR DEBOA
01:49:03: Player "Hacan121" (steam64id="76561198345012092") (Global): foi mals mano
01:49:03: Player "Biel FxR" (steam64id="76561198050836260") (Global): aaaaaaaaaaaaaaaaaaaaaaaaaaaaaaaa
01:49:03: Player "TripaSeca" (steam64id="76561198093060507") (Global): FOI MAL 
01:49:10: Player "Seekerzao" (steam64id="76561198067793781") (Global): FUI FALANDO AINDA QUE ERA PACIFICO
01:49:10: Player "Vinycin" (steam64id="76561198989132464") (Global): kkkkk
01:49:11: Player "Seekerzao" (steam64id="76561198067793781") (Global): KKKKKKKKKKK
01:49:21: Player "Seekerzao" (steam64id="76561198067793781") (Global): AH E VC
01:49:22: Player "Seekerzao" (steam64id="76561198067793781") (Global): KKKKKKKKKK
01:49:23: Player "Biel FxR" (steam64id="76561198050836260") (Global): ue
01:49:24: Player "Seekerzao" (steam64id="76561198067793781") (Global): RLX TMJ
01:49:26: Player "Biel FxR" (steam64id="76561198050836260") (Global): podia ser bait
01:49:40: Player "Vinycin" (steam64id="76561198989132464") (Global): que nada, a gente tava com fome tbm kasdkask
01:49:42: Player "Seekerzao" (steam64id="76561198067793781") (Global): so tinha uma faca Biel
01:49:43: Player "Seekerzao" (steam64id="76561198067793781") (Global): asdjoapsjdao
01:49:46: Player "Seekerzao" (steam64id="76561198067793781") (Global): fome do carai
01:49:48: Player "Seekerzao" (steam64id="76561198067793781") (Global): kkkkkkkkkkkkk
01:51:42: Player "TripaSeca" (steam64id="76561198093060507") (Global): seekezao achou a mochilaque deixei no meio da rua
01:51:54: Player "AiPolly" (steam64id="76561198072574279") (Global): oin tripa =3
01:51:54: Player "Seekerzao" (steam64id="76561198067793781") (Global): opa
01:51:58: Player "Seekerzao" (steam64id="76561198067793781") (Global): ai onde vc tava?
01:52:25: Player "TripaSeca" (steam64id="76561198093060507") (Global): sim
01:52:29: Player "TripaSeca" (steam64id="76561198093060507") (Global): no meio da rua
01:52:33: Player "TripaSeca" (steam64id="76561198093060507") (Global): vou deixar outra
01:52:37: Player "Seekerzao" (steam64id="76561198067793781") (Global): show
01:52:39: Player "AiPolly" (steam64id="76561198072574279") (Global): oi tripa =3
01:52:45: Player "Seekerzao" (steam64id="76561198067793781") (Global): tamo colando prae vlw tripa <3
01:52:52: Player "TripaSeca" (steam64id="76561198093060507") (Global): fala 
01:53:00: Player "AiPolly" (steam64id="76561198072574279") (Global): ta bem ?
02:00:43: Player "Seekerzao" (steam64id="76561198067793781") (Global): vinicyn ta ae?
02:05:17: Player "Seekerzao" (steam64id="76561198067793781") (Global): e Ragito matou alguem que tava atras de comida e se fodeu com os zumbis e sua doenca
02:05:19: Player "Seekerzao" (steam64id="76561198067793781") (Global): kkkkkkkkkkkkkkkkkk
02:05:27: Player "AiPolly" (steam64id="76561198072574279") (Global): eita
02:05:28: Player "ragito" (steam64id="76561198143718624") (Global): ke
02:06:47: Player "AiPolly" (steam64id="76561198072574279") (Global): sacanagem matar oseeker
03:03:24: Player "TripaSeca" (steam64id="76561198093060507") (Global): Seekezao
03:03:27: Player "Seekerzao" (steam64id="76561198067793781") (Global): eu
03:03:35: Player "TripaSeca" (steam64id="76561198093060507") (Global): ta ocupado ai mano ?
03:03:39: Player "Seekerzao" (steam64id="76561198067793781") (Global): to nada
03:03:45: Player "Seekerzao" (steam64id="76561198067793781") (Global): to atoa aqui
03:03:48: Player "TripaSeca" (steam64id="76561198093060507") (Global): olha discord
03:03:48: Player "Seekerzao" (steam64id="76561198067793781") (Global): oque ce manda?
04:20:12: Player "jhean" (steam64id="76561198819003355") (Global): '-'
04:20:23: Player "jhean" (steam64id="76561198819003355") (Global): eai galerinha
04:38:01: Player "Seekerzao" (steam64id="76561198067793781") (Global): nivokie
04:38:03: Player "Seekerzao" (steam64id="76561198067793781") (Global): amizade
04:38:10: Player "Seekerzao" (steam64id="76561198067793781") (Global): so revidei os tiros que voce me deu
09:22:31: Player "leco255" (steam64id="76561198123102703") (Global): onde tem pvp
09:22:37: Player "leco255" (steam64id="76561198123102703") (Global): bom dia
09:40:09: Player "ttuker" (steam64id="76561198971813376") (Global): COMO SE COLOCA PUERTA BLINDAD DE BASE?
09:41:00: Player "ttuker" (steam64id="76561198971813376") (Global): disc?
09:41:40: Player "jhean" (steam64id="76561198819003355") (Global): nao tem como blindar
09:41:53: Player "jhean" (steam64id="76561198819003355") (Global): so reforçar com chapa de metal
09:45:35: Player "jhean" (steam64id="76561198819003355") (Global): alguem disc pra jogar
09:52:58: Player "jhean" (steam64id="76561198819003355") (Global): ttuker
11:13:22: Player "[L.B] ploodrinny" (steam64id="76561198312062387") (Global): ALGUÉM NO RADIO?
11:13:52: Player "ttuker" (steam64id="76561198971813376") (Global): FRECUENCIA?
11:14:01: Player "[L.B] ploodrinny" (steam64id="76561198312062387") (Global): 94.6
11:19:19: Player "ttuker" (steam64id="76561198971813376") (Global): hay autos?
11:43:25: Player "G A T O" (steam64id="76561199207813177") (Global): Hum, safdinho.
11:43:31: Player "ttuker" (steam64id="76561198971813376") (Global): hjajajajja
12:37:41: Player "felps" (steam64id="76561198892779186") (Global): doente vai mata cara com loot seu noia 
12:38:04: Player "[L.B] LopesTa " (steam64id="76561198375254083") (Global): matei 
12:38:07: Player "[L.B] LopesTa " (steam64id="76561198375254083") (Global): tu tinha comida 
12:38:11: Player "[L.B] LopesTa " (steam64id="76561198375254083") (Global): eu queria comida 
12:38:18: Player "[YKZ]-BlackBear" (steam64id="76561198343030820") (Global): sedentario
12:38:18: Player "[L.B] LopesTa " (steam64id="76561198375254083") (Global): obrigado ifood 
12:57:22: Player "[YKZ]-BlackBear" (steam64id="76561198343030820") (Global): peraaaaaaaaaaaaaaaaaaaaaa
13:14:33: Player "G A T O" (steam64id="76561199207813177") (Global): Quem ta de uber?
13:19:19: Player "[YKZ]-BlackBear" (steam64id="76561198343030820") (Global): admilson ta ai?
13:19:44: Player "cyberat" (steam64id="76561198102418085") (Global): ss
13:20:05: Player "[YKZ]-BlackBear" (steam64id="76561198343030820") (Global): O..O
13:20:27: Player "[YKZ]-BlackBear" (steam64id="76561198343030820") (Global): mudou repwn de novo?
13:21:56: Player "Seekerzao" (steam64id="76561198067793781") (Global): savle familia
13:22:00: Player "Seekerzao" (steam64id="76561198067793781") (Global): salve*
13:22:05: Player "[HORDA]ThiagoPenna" (steam64id="76561198218822351") (Global): salve
13:22:19: Player "[YKZ]-BlackBear" (steam64id="76561198343030820") (Global): oi aanjo da minha life
13:22:30: Player "Seekerzao" (steam64id="76561198067793781") (Global): salvee black
13:22:40: Player "[YKZ]-BlackBear" (steam64id="76561198343030820") (Global): é nós curupira
13:29:24: Player "G A T O" (steam64id="76561199207813177") (Global): Carai, tava deslgando kkkk
13:30:22: Player "[L.B] LopesTa " (steam64id="76561198375254083") (Global): cara 
13:30:29: Player "[L.B] LopesTa " (steam64id="76561198375254083") (Global): eu vi um vulto correndo 
13:30:34: Player "[L.B] LopesTa " (steam64id="76561198375254083") (Global): achei q tava ratiando 
13:30:36: Player "[L.B] LopesTa " (steam64id="76561198375254083") (Global): kkkkkk
13:30:44: Player "[L.B] LopesTa " (steam64id="76561198375254083") (Global): ai fui conferir 
13:30:58: Player "[L.B] LopesTa " (steam64id="76561198375254083") (Global): te achei por causa do teu silenciador 
13:31:03: Player "[L.B] LopesTa " (steam64id="76561198375254083") (Global): tava amostra no mato 
13:32:20: Player "ttuker" (steam64id="76561198971813376") (Global): hay autos?
13:32:29: Player "ttuker" (steam64id="76561198971813376") (Global): o solo con vip?
13:32:38: Player "[YKZ]-BlackBear" (steam64id="76561198343030820") (Global): s
13:32:47: Player "ttuker" (steam64id="76561198971813376") (Global): con vip?
13:33:19: Player "[YKZ]-BlackBear" (steam64id="76561198343030820") (Global): kit solo vip m mano 
13:33:41: Player "[YKZ]-BlackBear" (steam64id="76561198343030820") (Global): vip ouro,l plata 
13:36:52: Player "Seekerzao" (steam64id="76561198067793781") (Global): quais materiais preciso pra construir um portao ceis manja?
13:37:01: Player "[G.M] O verdadeiro" (steam64id="76561198351631304") (Global): prego matelo pa
13:37:04: Player "[G.M] O verdadeiro" (steam64id="76561198351631304") (Global): alicate
13:37:08: Player "[YKZ]-BlackBear" (steam64id="76561198343030820") (Global): w
13:37:08: Player "MarcoLa" (steam64id="76561198352149308") (Global): arame
13:37:10: Player "[G.M] O verdadeiro" (steam64id="76561198351631304") (Global): machadinha
13:37:11: Player "Seekerzao" (steam64id="76561198067793781") (Global): krl
13:37:12: Player "[G.M] O verdadeiro" (steam64id="76561198351631304") (Global): arame
13:37:29: Player "Seekerzao" (steam64id="76561198067793781") (Global): daqui uns dias tem que pagar diaria de pedreiro tbm
13:37:36: Player "[G.M] O verdadeiro" (steam64id="76561198351631304") (Global): sim kkk
13:37:54: Player "[G.M] O verdadeiro" (steam64id="76561198351631304") (Global): e facil achar
13:38:18: Player "Seekerzao" (steam64id="76561198067793781") (Global): e mt nao pq sempre que to chegando perto de zona os maluco mete bala 
13:38:19: Player "Seekerzao" (steam64id="76561198067793781") (Global): kkkkk
13:38:37: Player "[G.M] O verdadeiro" (steam64id="76561198351631304") (Global): procura em whare houses
13:38:42: Player "[G.M] O verdadeiro" (steam64id="76561198351631304") (Global): maior chance de achar
13:51:18: Player "Seekerzao" (steam64id="76561198067793781") (Global): tem alguem em Astarte?
14:41:09: Player "Seekerzao" (steam64id="76561198067793781") (Global): alguem teria martelo e pregos pra doacao?
14:41:11: Player "Seekerzao" (steam64id="76561198067793781") (Global): kkkkkkkkk
14:41:24: Player "[YKZ]-BlackBear" (steam64id="76561198343030820") (Global): opa
14:41:33: Player "Seekerzao" (steam64id="76561198067793781") (Global): opa
14:42:04: Player "[YKZ]-BlackBear" (steam64id="76561198343030820") (Global): ta por onde?
14:42:24: Player "Seekerzao" (steam64id="76561198067793781") (Global): mano to perto de lascuta
14:42:35: Player "Seekerzao" (steam64id="76561198067793781") (Global): por onde vc ta? eu pego ai
14:42:54: Player "[YKZ]-BlackBear" (steam64id="76561198343030820") (Global): vou deixar em um lugar e ja te mando as condenadas 
14:43:00: Player "[YKZ]-BlackBear" (steam64id="76561198343030820") (Global): ops as cordenadas kkk
14:43:05: Player "Seekerzao" (steam64id="76561198067793781") (Global): fechou
14:43:17: Player "Seekerzao" (steam64id="76561198067793781") (Global): quer mandar no discord?
14:43:29: Player "[YKZ]-BlackBear" (steam64id="76561198343030820") (Global): ss
14:43:32: Player "Seekerzao" (steam64id="76561198067793781") (Global): Seekerzao#4381
14:43:34: Player "[YKZ]-BlackBear" (steam64id="76561198343030820") (Global): rlx
14:43:37: Player "Seekerzao" (steam64id="76561198067793781") (Global): 4381
14:50:12: Player "[YKZ]-BlackBear" (steam64id="76561198343030820") (Global): seerk
14:50:47: Player "[YKZ]-BlackBear" (steam64id="76561198343030820") (Global): Seerker
14:52:19: Player "[YKZ]-BlackBear" (steam64id="76561198343030820") (Global): aceita laaaaaaaaaaaaaaa
15:05:26: Player "[YKZ]-BlackBear" (steam64id="76561198343030820") (Global): olha dc seerk
16:09:20: Player "Seekerzao" (steam64id="76561198067793781") (Global): ta foda buscar recurso de base
16:09:25: Player "Seekerzao" (steam64id="76561198067793781") (Global): mas suave Neto drip
16:09:37: Player "netttto no drip" (steam64id="76561198859086815") (Global): Foi mal
16:09:37: Player "Seekerzao" (steam64id="76561198067793781") (Global): aproveita ai as cordas e machado do loot
16:09:41: Player "netttto no drip" (steam64id="76561198859086815") (Global): devolvo
16:09:44: Player "Seekerzao" (steam64id="76561198067793781") (Global): ainda falei no voice
16:09:52: Player "netttto no drip" (steam64id="76561198859086815") (Global): n ouvi
16:10:01: Player "netttto no drip" (steam64id="76561198859086815") (Global): n vou pegar 
16:10:23: Player "Seekerzao" (steam64id="76561198067793781") (Global): nem arma tinha cara 0 risco pra vc
16:10:27: Player "Seekerzao" (steam64id="76561198067793781") (Global): que ainda me viu primeiro
16:10:38: Player "netttto no drip" (steam64id="76561198859086815") (Global): tinha uma blaze
16:10:48: Player "netttto no drip" (steam64id="76561198859086815") (Global): mas devolvo seu loot
16:11:13: Player "ChaCalGamer" (steam64id="76561198995613817") (Global): morreu tambm?
16:11:16: Player "netttto no drip" (steam64id="76561198859086815") (Global): adc na party
16:11:21: Player "[L.B] Santorin" (steam64id="76561199069721527") (Global): PORRA EM NETO KKK
16:11:25: Player "[L.B] Santorin" (steam64id="76561199069721527") (Global): para de matar peladinho
16:11:26: Player "[L.B] Santorin" (steam64id="76561199069721527") (Global): pksakpaskp
16:11:30: Player "OZIEL" (steam64id="76561199063596086") (Global): kkkkkkk
16:11:34: Player "netttto no drip" (steam64id="76561198859086815") (Global): porra mano
16:11:39: Player "netttto no drip" (steam64id="76561198859086815") (Global): tava full 
16:11:49: Player "netttto no drip" (steam64id="76561198859086815") (Global): tinha 2 tiros e usei no cara
16:11:49: Player "[L.B] Santorin" (steam64id="76561199069721527") (Global): acontece kkkkk
16:11:52: Player "netttto no drip" (steam64id="76561198859086815") (Global): foi mal
16:12:02: Player "ChaCalGamer" (steam64id="76561198995613817") (Global): quem que morreu pra foice kkkkk
16:12:40: Player "ChaCalGamer" (steam64id="76561198995613817") (Global): morreu pra foice BEBE
16:12:43: Player "ChaCalGamer" (steam64id="76561198995613817") (Global): kkkkkkkkkk
16:14:06: Player "ChaCalGamer" (steam64id="76561198995613817") (Global): me viu primeiro e conseguiu morrer na foice,,kkkkk
16:14:25: Player "netttto no drip" (steam64id="76561198859086815") (Global): ta bom chacal, ja sabes que vc joga mt
16:14:48: Player "OZIEL" (steam64id="76561199063596086") (Global): kkkkkkkkkkkkkkkkkkkkkk
16:15:03: Player "[L.B] Santorin" (steam64id="76561199069721527") (Global): falou 10 vexes mesma coisa kkk
16:15:13: Player "netttto no drip" (steam64id="76561198859086815") (Global): porra né kkkkkkkkkkk
16:15:19: Player "[L.B] Santorin" (steam64id="76561199069721527") (Global): simmkkkk
16:16:00: Player "ChaCalGamer" (steam64id="76561198995613817") (Global): vamo ve na hora que ta um tiro nessa sua boca aii ,,
16:16:05: Player "ChaCalGamer" (steam64id="76561198995613817") (Global): vai fica chorando lkkk
16:36:22: Player "Seekerzao" (steam64id="76561198067793781") (Global): nettoo tem um serrote pra emprestar?
16:36:35: Player "netttto no drip" (steam64id="76561198859086815") (Global): tenho mano
16:36:42: Player "Seekerzao" (steam64id="76561198067793781") (Global): tu ta na tua base?
16:36:52: Player "netttto no drip" (steam64id="76561198859086815") (Global): to
16:36:56: Player "netttto no drip" (steam64id="76561198859086815") (Global): chega ae
16:36:57: Player "Seekerzao" (steam64id="76561198067793781") (Global): vo brotar ae
16:37:08: Player "netttto no drip" (steam64id="76561198859086815") (Global): blz
16:38:19: Player "Seekerzao" (steam64id="76561198067793781") (Global): to aqui
16:43:40: Player "50cent" (steam64id="76561199098626087") (Global): adc ai
16:43:45: Player "50cent" (steam64id="76561199098626087") (Global): brown e ju 
16:52:07: Player "FisFacu" (steam64id="76561198339726200") (Global): fi
16:52:15: Player "FisFacu" (steam64id="76561198339726200") (Global): fico sem bala no meio do pvp?
17:21:01: Player "[YKZ]-BlackBear" (steam64id="76561198343030820") (Global): admmmmmmmmmmmmmmmmmmm
17:28:38: Player "felps" (steam64id="76561198892779186") (Global): kk
17:52:19: Player "chron1c" (steam64id="76561198205585613") (Global): esse 50cent eh falso
17:52:25: Player "chron1c" (steam64id="76561198205585613") (Global): tomo 1 tiro e morreu
17:52:31: Player "Sabotage oficial" (steam64id="76561198967655542") (Global): KKKKK
17:52:35: Player "50cent" (steam64id="76561199098626087") (Global): KKKK
17:52:36: Player "[L.B] ploodrinny" (steam64id="76561198312062387") (Global): KKKKKKKKKKKKKK
17:52:37: Player "chron1c" (steam64id="76561198205585613") (Global): 50 cent tanka 9
17:52:39: Player "50cent" (steam64id="76561199098626087") (Global): SÓ FICA MOCADO 
17:52:46: Player "50cent" (steam64id="76561199098626087") (Global): TIVE QUE BOTAR A CARA
17:52:51: Player "OZIEL" (steam64id="76561199063596086") (Global): kkkkkkkkkkkkkkkkkkkkk
17:52:55: Player "[YKZ]-Notsniw" (steam64id="76561197967151252") (Global): kkkkkkkkkkkkkkkkkkkkkkkk
17:52:57: Player "Diplomat" (steam64id="76561198258129233") (Global): kkkkkkkkkkkk nem fudendo 
17:53:12: Player "[YKZ]-BlackBear" (steam64id="76561198343030820") (Global): kkkkkkkkkkkkkkkkkkkkkkkkkkkkkkkkkkkkkkkkkkkkkkkkkkkkkkkkkkkkkkkkkkkkkkkkkkkkkkkkkkkkkkkkkkkkkkkkkkkkkkkkkkkkkkkkkkkkkk
17:53:14: Player "Diplomat" (steam64id="76561198258129233") (Global): os cara n deixa eu nem respirar poha
17:53:23: Player "50cent" (steam64id="76561199098626087") (Global): TEM QUE BOTAR A CARA PO 
17:53:26: Player "50cent" (steam64id="76561199098626087") (Global): QUE FICAR NO MATINHO
17:53:30: Player "Diplomat" (steam64id="76561198258129233") (Global): eu sem vida
17:53:35: Player "Diplomat" (steam64id="76561198258129233") (Global): todo manco 
17:53:38: Player "50cent" (steam64id="76561199098626087") (Global): VOU SABER 
17:53:42: Player "50cent" (steam64id="76561199098626087") (Global): SEM VIDA ME MATOU 
17:53:45: Player "50cent" (steam64id="76561199098626087") (Global): DEU SORTE QUE NÃO TE VI
17:53:57: Player "Diplomat" (steam64id="76561198258129233") (Global): claro, tu deu tiro a esmo ali
17:53:59: Player "Diplomat" (steam64id="76561198258129233") (Global): raitou
17:54:06: Player "Diplomat" (steam64id="76561198258129233") (Global): ratiou
17:58:23: Player "50cent" (steam64id="76561199098626087") (Global): FRACOS
17:59:11: Player "Seekerzao" (steam64id="76561198067793781") (Global): ae e quando eu construo todo o portao e parede mas ele nao da opcao de fechar com as tabuas de madeira
17:59:15: Player "Seekerzao" (steam64id="76561198067793781") (Global): sabem oque fazer?
17:59:30: Player "[YKZ]-BlackBear" (steam64id="76561198343030820") (Global): falta algo
17:59:36: Player "Seekerzao" (steam64id="76561198067793781") (Global): t
17:59:40: Player "Seekerzao" (steam64id="76561198067793781") (Global): ta tudo completo
17:59:52: Player "Seekerzao" (steam64id="76561198067793781") (Global): 20 planks 99 pregos e to com o martelo
18:00:14: Player "[YKZ]-BlackBear" (steam64id="76561198343030820") (Global): e a base do portao fez?
18:00:36: Player "Seekerzao" (steam64id="76561198067793781") (Global): fiz normal
18:00:57: Player "[YKZ]-BlackBear" (steam64id="76561198343030820") (Global): 2 grave corda , kit portao
18:01:16: Player "Seekerzao" (steam64id="76561198067793781") (Global): sim sim fiz tudo
18:01:22: Player "ChaCalGamer" (steam64id="76561198995613817") (Global): talvez vc colocou de fora pra dentro
18:01:42: Player "50cent" (steam64id="76561199098626087") (Global): AGORA SOU VERDADEIRO KKK
18:03:31: Player "ChaCalGamer" (steam64id="76561198995613817") (Global): mais um corte aii kkkkkk
18:11:45: Player "ChaCalGamer" (steam64id="76561198995613817") (Global): kde a treta?
18:12:07: Player "Sabotage oficial" (steam64id="76561198967655542") (Global): E TODO MUNDO MORREU
18:12:31: Player "FisFacu" (steam64id="76561198339726200") (Global): eu matei com sporter xd
18:13:20: Player "ChaCalGamer" (steam64id="76561198995613817") (Global): e o ultimo que matou ?
18:13:24: Player "ChaCalGamer" (steam64id="76561198995613817") (Global): kkkk
18:13:42: Player "FisFacu" (steam64id="76561198339726200") (Global): com blaze pq ele fiz ruido de mulher e sou homem sdjhasjdhajsd
18:20:51: Player "[G.M] O verdadeiro" (steam64id="76561198351631304") (Global): rapazzz
18:20:53: Player "[G.M] O verdadeiro" (steam64id="76561198351631304") (Global): cade os alicate
18:20:54: Player "[G.M] O verdadeiro" (steam64id="76561198351631304") (Global): pqp
18:21:21: Player "[YKZ]-BlackBear" (steam64id="76561198343030820") (Global): )o..9O
19:10:17: Player "felps" (steam64id="76561198892779186") (Global): korea, o respawn perto de melkart nao tem mais?
20:17:41: Player "pedrobala" (steam64id="76561198046653521") (Global): vamo dale gurizada
20:25:36: Player "[G.M] O verdadeiro" (steam64id="76561198351631304") (Global): alguem ajuda?
20:31:55: Player "pedrobala" (steam64id="76561198046653521") (Global): qual discord
20:31:58: Player "pedrobala" (steam64id="76561198046653521") (Global): ?
21:28:27: Player "[ONE] XxibahH" (steam64id="76561198165228070") (Global): loot sumindo quando corta corpo ou so para mim ?
21:28:28: Player "pedrobala" (steam64id="76561198046653521") (Global): algum clan recrutando ae?
21:33:23: Player "pedrobala" (steam64id="76561198046653521") (Global): algum clan recrutando?
21:36:47: Player "pedrobala" (steam64id="76561198046653521") (Global): busco clan
22:02:03: Player "AiPolly" (steam64id="76561198072574279") (Global): god
22:13:07: Player "[YKZ]-BlackBear" (steam64id="76561198343030820") (Global): ^^
22:13:29: Player "PapaMikeeSC" (steam64id="76561198807571031") (Global): TEM ADM AI?
22:13:33: Player "AiPolly" (steam64id="76561198072574279") (Global): oi black boa noite =3
22:13:39: Player "PapaMikeeSC" (steam64id="76561198807571031") (Global): BAO NOITE
22:13:45: Player "PapaMikeeSC" (steam64id="76561198807571031") (Global): cara morri do nada
22:13:55: Player "PapaMikeeSC" (steam64id="76561198807571031") (Global): eu cai no limbo ai voltei e morri
22:17:45: Player "pedrobala" (steam64id="76561198046653521") (Global): procuro clan ou grupo
22:17:47: Player "pedrobala" (steam64id="76561198046653521") (Global): to solo
22:18:03: Player "[YAKUZA] -Roger" (steam64id="76561198152624992") (Global): veja no DC
22:18:11: Player "pedrobala" (steam64id="76561198046653521") (Global): roger, qual dc do sv?
22:18:42: Player "[YAKUZA] -Roger" (steam64id="76561198152624992") (Global): ESC --> server information
22:34:10: Player "Dimitri" (steam64id="76561198230201156") (Global): tem como adicionar party?
22:34:17: Player "[YKZ]-BlackBear" (steam64id="76561198343030820") (Global): S
22:34:28: Player "Dimitri" (steam64id="76561198230201156") (Global): Como, BlackBear?
22:34:29: Player "AiPolly" (steam64id="76561198072574279") (Global): oin black
22:34:36: Player "TripaSeca" (steam64id="76561198093060507") (Global): p
22:34:41: Player "TripaSeca" (steam64id="76561198093060507") (Global): APERTA O P
22:34:42: Player "[YKZ] Felps" (steam64id="76561198892779186") (Global): pdepata
22:34:42: Player "DinizBr" (steam64id="76561198128517157") (Direct): alguem pra fazer time ?
22:34:47: Player "[YKZ]-BlackBear" (steam64id="76561198343030820") (Global): AINNNNNNPOLYYYYYYYYYYYYYYYYYYYYYYYY
22:34:48: Player "chron1c" (steam64id="76561198205585613") (Global): alt f4 :X
22:34:59: Player "Dimitri" (steam64id="76561198230201156") (Global): Ty
22:35:01: Player "TripaSeca" (steam64id="76561198093060507") (Global): ''P''
22:35:37: Player "DinizBr" (steam64id="76561198128517157") (Direct): oi
22:35:43: Player "DinizBr" (steam64id="76561198128517157") (Direct): alguem
22:38:32: Player "[EM]rodrigo" (steam64id="76561198046104047") (Global): treta da hora
22:38:41: Player "o velho peludo" (steam64id="76561198843547059") (Global): onde
22:38:41: Player "AiPolly" (steam64id="76561198072574279") (Global): onde '-'
22:38:49: Player "[EM]rodrigo" (steam64id="76561198046104047") (Global): acabo ja
22:42:48: Player "pedrobala" (steam64id="76561198046653521") (Global): EITA
22:42:52: Player "pedrobala" (steam64id="76561198046653521") (Global): q bala
22:43:01: Player "pedrobala" (steam64id="76561198046653521") (Global): eae
22:52:09: Player "Alcanfor" (steam64id="76561198018104612") (Direct): mmmmm
23:03:10: Player "G A T O" (steam64id="76561199207813177") (Global): Adm?
23:03:18: Player "G A T O" (steam64id="76561199207813177") (Global): Help-me
23:03:26: Player "G A T O" (steam64id="76561199207813177") (Global): Estou Presa
23:03:33: Player "[YKZ]-BlackBear" (steam64id="76561198343030820") (Global): kk
23:04:01: Player "Alcanfor" (steam64id="76561198018104612") (Direct): algun 
23:04:04: Player "Alcanfor" (steam64id="76561198018104612") (Direct): argentino
23:04:07: Player "Alcanfor" (steam64id="76561198018104612") (Direct): atr??
23:04:11: Player "G A T O" (steam64id="76561199207813177") (Global): Falei c vc black, no dc. Nem respondeu
23:04:17: Player "[YKZ]-BlackBear" (steam64id="76561198343030820") (Global): vi n pera ai
23:10:08: Player "PapaMikeeSC" (steam64id="76561198807571031") (Global): tem adm ai?
23:10:28: Player "KOREA" (steam64id="76561198253386609") (Admin): diga
23:10:51: Player "PapaMikeeSC" (steam64id="76561198807571031") (Global): tudo o lugar é pvp?
23:11:06: Player "KOREA" (steam64id="76561198253386609") (Admin): sim
23:26:21: Player "pedrobala" (steam64id="76561198046653521") (Global): alguem solo ou procurando clan?
23:26:35: Player "[YAKUZA] -Roger" (steam64id="76561198152624992") (Global): nao
23:28:00: Player "[YKZ]-BlackBear" (steam64id="76561198343030820") (Global): mano me add discord 
23:28:33: Player "[YKZ]-BlackBear" (steam64id="76561198343030820") (Global): o cara ai que quer cla
23:35:58: Player "TripaSeca" (steam64id="76561198093060507") (Global): GATO OLHA DISCORD
23:36:46: Player "Dimitri" (steam64id="76561198230201156") (Global): TUDO ISSO PRA UM PELADO KKKO
23:40:49: Player "Alcanfor" (steam64id="76561198018104612") (Direct): HOLA
23:42:33: Player "[YKZ]-BlackBear" (steam64id="76561198343030820") (Global): poly vc so mata de camper ne ?
23:42:35: Player "[YKZ]-BlackBear" (steam64id="76561198343030820") (Global): ^^
23:42:52: Player "AiPolly" (steam64id="76561198072574279") (Global): eu fico sem graça
23:43:05: Player "[YKZ]-BlackBear" (steam64id="76561198343030820") (Global): matei o amiguinho ai no rush 
23:43:09: Player "AiPolly" (steam64id="76561198072574279") (Global): q bom
23:43:12: Player "AiPolly" (steam64id="76561198072574279") (Global): parabens
23:43:17: Player "AiPolly" (steam64id="76561198072574279") (Global): pro playe
23:43:17: Player "[YKZ]-BlackBear" (steam64id="76561198343030820") (Global): sai da escola cara
23:43:32: Player "AiPolly" (steam64id="76561198072574279") (Global): to estudando
23:43:45: Player "[YKZ]-BlackBear" (steam64id="76561198343030820") (Global): aproveita e estuda uma maneira de matar 
23:43:54: Player "AiPolly" (steam64id="76561198072574279") (Global): ok
23:44:00: Player "AiPolly" (steam64id="76561198072574279") (Global): vou estudar pra ser igual vc
23:44:08: Player "AiPolly" (steam64id="76561198072574279") (Global): um cara bom
23:44:20: Player "[YKZ]-BlackBear" (steam64id="76561198343030820") (Global): primeiro nasce de novo kk
23:44:30: Player "AiPolly" (steam64id="76561198072574279") (Global): nosfa
23:44:36: Player "AiPolly" (steam64id="76561198072574279") (Global): pra q agredir
23:57:55: Player "AiPolly" (steam64id="76561198072574279") (Global): black sabe q eu gosto de vc né =3
