00:08:59: Player "netttto no drip" (steam64id="76561198859086815") (Global): KKKKKKKKKKKKKKKKKKKKKKKKKKKKKK
00:09:12: Player "netttto no drip" (steam64id="76561198859086815") (Global): mestre dos bagos e foda
00:09:21: Player "OZIEL 2" (steam64id="76561198973770662") (Global): kkkkkkkkkkkkkkkkkkkkkkkkkkkkkkkk
01:07:40: Player "TripaSeca" (steam64id="76561198093060507") (Global): alguem achou serrote ou serra ai ?
01:07:45: Player "[YKZ]-BlackBear" (steam64id="76561198343030820") (Global): SS
01:07:51: Player "G A T O" (steam64id="76561199207813177") (Global): sim
01:07:52: Player "Hacan121" (steam64id="76561198345012092") (Global): Alguem ai achou serrote?
01:08:02: Player "TripaSeca" (steam64id="76561198093060507") (Global): sem kao nenhum des de cedo cara
01:08:08: Player "TripaSeca" (steam64id="76561198093060507") (Global): achei nenhum
01:08:10: Player "TripaSeca" (steam64id="76561198093060507") (Global): zero
01:08:18: Player "TripaSeca" (steam64id="76561198093060507") (Global): so uma pergunta 
01:08:20: Player "G A T O" (steam64id="76561199207813177") (Global): So achei um
01:08:22: Player "[YKZ]-BlackBear" (steam64id="76561198343030820") (Global): que i9sso meu lindo
01:08:28: Player "TripaSeca" (steam64id="76561198093060507") (Global): vcs que acharam acharam em melkart ?
01:08:44: Player "[YKZ]-BlackBear" (steam64id="76561198343030820") (Global): sim e nao
01:08:49: Player "G A T O" (steam64id="76561199207813177") (Global): Troca em um cx de prego?
01:08:58: Player "TripaSeca" (steam64id="76561198093060507") (Global): troco sem meme
01:10:40: Player "TripaSeca" (steam64id="76561198093060507") (Global): gato
01:11:10: Player "TripaSeca" (steam64id="76561198093060507") (Global): tu é fechamento do passo largo ?
01:11:18: Player "[YKZ]-BlackBear" (steam64id="76561198343030820") (Global): kkk
01:11:28: Player "G A T O" (steam64id="76561199207813177") (Global): Sim
01:12:02: Player "G A T O" (steam64id="76561199207813177") (Global): Meu brother
01:12:15: Player "G A T O" (steam64id="76561199207813177") (Global): Quer o serrote? 
01:12:25: Player "DEGALOKAO" (steam64id="76561199171941975") (Global): Como ver os players
01:12:25: Player "TripaSeca" (steam64id="76561198093060507") (Global): gente fina
01:12:29: Player "[YKZ]-BlackBear" (steam64id="76561198343030820") (Global): p
01:12:43: Player "TripaSeca" (steam64id="76561198093060507") (Global): ele vai jogar ai com a gente 
01:12:45: Player "DEGALOKAO" (steam64id="76561199171941975") (Global): vlw
01:12:51: Player "TripaSeca" (steam64id="76561198093060507") (Global): aquele cara é uma peça
01:12:59: Player "G A T O" (steam64id="76561199207813177") (Global): Gente boa dms
01:13:06: Player "G A T O" (steam64id="76561199207813177") (Global): To em call c ele
01:13:38: Player "G A T O" (steam64id="76561199207813177") (Global): Tripa, add pt
01:17:12: Player "G A T O" (steam64id="76561199207813177") (Global): Cola aqui, Tripa.
01:17:48: Player "TripaSeca" (steam64id="76561198093060507") (Global): pode ir no discord  do servidor
01:21:11: Player "TripaSeca" (steam64id="76561198093060507") (Global): gato conseguir ir na call do servidor sala 1 ?
01:32:51: Player "G A T O" (steam64id="76561199207813177") (Global): Tripa, ta dc?
01:33:04: Player "TripaSeca" (steam64id="76561198093060507") (Global): vou la
01:55:48: Player "Redd" (steam64id="76561198442570607") (Global): CADE O PVP
01:59:59: Player "DEGALOKAO" (steam64id="76561199171941975") (Global): estao onde?
02:00:18: Player "Redd" (steam64id="76561198442570607") (Global): lascuta
02:00:23: Player "TripaSeca" (steam64id="76561198093060507") (Global): MELKART
02:02:41: Player "Redd" (steam64id="76561198442570607") (Global): de quem era a armadilha de urso na delega kkk
02:02:49: Player "DEGALOKAO" (steam64id="76561199171941975") (Global): passei por ai
02:02:52: Player "DEGALOKAO" (steam64id="76561199171941975") (Global): vi ela msm ksaksaksaks
02:02:58: Player "DEGALOKAO" (steam64id="76561199171941975") (Global): nao fui eu, ja tava
02:03:02: Player "Redd" (steam64id="76561198442570607") (Global): kkk
02:03:09: Player "Redd" (steam64id="76561198442570607") (Global): o mn aq caiu nela
02:03:11: Player "Redd" (steam64id="76561198442570607") (Global): kkk
02:03:18: Player "DEGALOKAO" (steam64id="76561199171941975") (Global): kkkkkkkkkk
02:03:19: Player "DEGALOKAO" (steam64id="76561199171941975") (Global): puit
02:03:21: Player "DEGALOKAO" (steam64id="76561199171941975") (Global): puts
02:08:39: Player "DEGALOKAO" (steam64id="76561199171941975") (Global): Alguem no airfield?
02:13:14: Player "DEGALOKAO" (steam64id="76561199171941975") (Global): VSD ta mais forte q blaze?
02:13:30: Player "[YKZ]-BlackBear" (steam64id="76561198343030820") (Global): s
02:13:38: Player "DEGALOKAO" (steam64id="76561199171941975") (Global): :)
02:13:49: Player "[YKZ]-BlackBear" (steam64id="76561198343030820") (Global): testa no amiguinho do lado xD
02:14:02: Player "DEGALOKAO" (steam64id="76561199171941975") (Global): meu amiguinho é minha sombra
02:14:16: Player "DEGALOKAO" (steam64id="76561199171941975") (Global): solozera aqui
02:14:22: Player "[YKZ]-BlackBear" (steam64id="76561198343030820") (Global): O).(o
02:14:53: Player "DEGALOKAO" (steam64id="76561199171941975") (Global): q isso?
02:15:04: Player "[YKZ]-BlackBear" (steam64id="76561198343030820") (Global): erocptu
02:15:13: Player "[YKZ]-BlackBear" (steam64id="76561198343030820") (Global): kkk
02:15:30: Player "[YKZ]-BlackBear" (steam64id="76561198343030820") (Global): ericoptu
02:27:12: Player "[YKZ]-BlackBear" (steam64id="76561198343030820") (Global): mosin ta igual lixo kkkk
02:43:59: Player "[YKZ]-BlackBear" (steam64id="76561198343030820") (Global): boa noite lindoss
02:44:07: Player "[YKZ]-BlackBear" (steam64id="76561198343030820") (Global): bom jogo seus delicios
02:44:07: Player "DEGALOKAO" (steam64id="76561199171941975") (Global): nao
02:44:24: Player "[YKZ]-BlackBear" (steam64id="76561198343030820") (Global): )o.(O
02:48:30: Player "DEGALOKAO" (steam64id="76561199171941975") (Global): Alguem no airfield??
02:58:15: Player "G A T O" (steam64id="76561199207813177") (Global): Qnt tempo o loot fica ni corpo?
02:59:09: Player "DEGALOKAO" (steam64id="76561199171941975") (Global): cade vcs
06:01:11: Player "Einsen" (steam64id="76561198103936746") (Global): BOM DIA
06:01:26: Player "[DY] MOANA" (steam64id="76561198868590548") (Global): bom dia mano
06:01:38: Player "Einsen" (steam64id="76561198103936746") (Global): ^^
06:07:07: Player "Einsen" (steam64id="76561198103936746") (Global): ta dropando mta caixa militar =O
06:07:37: Player "[DY] MOANA" (steam64id="76561198868590548") (Global): nao tenho base ainda
06:07:47: Player "Einsen" (steam64id="76561198103936746") (Global): eu tbm n tinha
06:07:50: Player "Einsen" (steam64id="76561198103936746") (Global): fechei agora pouco um cantin
06:08:01: Player "[DY] MOANA" (steam64id="76561198868590548") (Global): to so looteando
06:08:06: Player "[DY] MOANA" (steam64id="76561198868590548") (Global): mas val
06:08:15: Player "Einsen" (steam64id="76561198103936746") (Global): mas val?
06:08:18: Player "[DY] MOANA" (steam64id="76561198868590548") (Global): vou tentar fazer uma a noite
06:08:38: Player "[DY] MOANA" (steam64id="76561198868590548") (Global): jaja vou trampa
06:08:41: Player "Einsen" (steam64id="76561198103936746") (Global): saquei
06:08:49: Player "Einsen" (steam64id="76561198103936746") (Global): tentar lootiar o maximo de material q conseguir xD
06:09:01: Player "[DY] MOANA" (steam64id="76561198868590548") (Global): isso msm
06:09:15: Player "Einsen" (steam64id="76561198103936746") (Global): mas vc nasceu agora sem nd ? ou ja juntou algumas coisas/
06:09:25: Player "[DY] MOANA" (steam64id="76561198868590548") (Global): agora
06:09:42: Player "Einsen" (steam64id="76561198103936746") (Global): pode crer
06:09:46: Player "Einsen" (steam64id="76561198103936746") (Global): mas cê acha arapido =P
06:09:54: Player "[DY] MOANA" (steam64id="76561198868590548") (Global): sim 
06:10:01: Player "Einsen" (steam64id="76561198103936746") (Global): em melkart cheguei , achei 2 codelocks rapido
06:10:10: Player "[DY] MOANA" (steam64id="76561198868590548") (Global): antes do wipe eu tinha uma base grande
06:10:22: Player "Einsen" (steam64id="76561198103936746") (Global): ja tive mto , cansei dessa vida de abse grande xD
06:10:50: Player "[DY] MOANA" (steam64id="76561198868590548") (Global): jogamos em 4
06:10:57: Player "[DY] MOANA" (steam64id="76561198868590548") (Global): ai rende
06:11:15: Player "Einsen" (steam64id="76561198103936746") (Global): ah sim saquei
06:19:59: Player "Einsen" (steam64id="76561198103936746") (Global): pow tu conseguiu algum respawn mais pro meio do mapa ? ou so na ponta?
06:20:16: Player "[DY] MOANA" (steam64id="76561198868590548") (Global): nao 
06:20:22: Player "[DY] MOANA" (steam64id="76561198868590548") (Global): so la em cima
06:20:43: Player "Einsen" (steam64id="76561198103936746") (Global): toscao isso -.-' pelo menos q tivesse no outro extremotbm
06:20:54: Player "Einsen" (steam64id="76561198103936746") (Global): fica mto facil camperar respawn aki kkk pra os safados
06:21:09: Player "[DY] MOANA" (steam64id="76561198868590548") (Global): isso e vdd
06:21:22: Player "[DY] MOANA" (steam64id="76561198868590548") (Global): mas acho que logo alteram isso
06:21:46: Player "Einsen" (steam64id="76561198103936746") (Global): tive q me matar por causa de uma doença incuravel , agora andar 5km eh foda kk
09:51:34: Player "Seekerzao" (steam64id="76561198067793781") (Global): bom dia familia
09:55:04: Player "Ricca" (steam64id="76561197971890216") (Global): p
12:11:56: Player "zozs" (steam64id="76561198126713029") (Global): só tem respawn na ponta do mapa agr?
12:12:00: Player "zozs" (steam64id="76561198126713029") (Global): q merda hein
12:12:09: Player "[YKZ]-BlackBear" (steam64id="76561198343030820") (Global): onde?
12:12:22: Player "zozs" (steam64id="76561198126713029") (Global): onde oq 
12:12:29: Player "[YKZ]-BlackBear" (steam64id="76561198343030820") (Global): qual ponta do mapa
12:12:38: Player "G A T O" (steam64id="76561199207813177") (Global): Mapa desse tamainho os caras ainda reclama kk
12:12:44: Player "zozs" (steam64id="76561198126713029") (Global): perto de onuba
12:12:57: Player "[YKZ]-BlackBear" (steam64id="76561198343030820") (Global): sempre teve cara
12:12:59: Player "zozs" (steam64id="76561198126713029") (Global): n gostou desativa o chat amigao
12:13:15: Player "zozs" (steam64id="76561198126713029") (Global): mas aqui antes do wipe dava p nascer mais p sul
12:13:23: Player "zozs" (steam64id="76561198126713029") (Global): agr so nasce aqui na ponta
12:13:55: Player "[YKZ]-BlackBear" (steam64id="76561198343030820") (Global): nasce em ohail e vai pra onde vc quer
12:15:58: Player "[YKZ]-BlackBear" (steam64id="76561198343030820") (Global): queria saber quem foi o cara que pediu pra colocar base vip nesse servidor..
12:16:11: Player "Zeca" (steam64id="76561198211423224") (Global): alguem sabe o discord do server?
12:16:58: Player "Zeca" (steam64id="76561198211423224") (Global): oloko n tem 1 admin
12:16:58: Player "[YKZ]-BlackBear" (steam64id="76561198343030820") (Global): quer?
12:17:06: Player "[YKZ]-BlackBear" (steam64id="76561198343030820") (Global): anota ai
12:17:42: Player "[YKZ]-BlackBear" (steam64id="76561198343030820") (Global): https://discord.gg/bMs99QNX
12:17:58: Player "Zeca" (steam64id="76561198211423224") (Global): tirei foto, valeuuu
12:24:40: Player "ttuker" (steam64id="76561198971813376") (Global): siiiiiiiiii volvieron los players a este terrible serverrrrrrrrr
12:24:44: Player "ttuker" (steam64id="76561198971813376") (Global): espero que duren
12:25:25: Player "[YKZ]-BlackBear" (steam64id="76561198343030820") (Global): é oque meninu
12:26:42: Player "G A T O" (steam64id="76561199207813177") (Global): fOI MAL MANO
12:26:50: Player "G A T O" (steam64id="76561199207813177") (Global): Assustei
12:27:06: Player "DangersPlay" (steam64id="76561198037868353") (Global): assustou sim
12:27:10: Player "DangersPlay" (steam64id="76561198037868353") (Global): suave
12:27:17: Player "[YKZ]-BlackBear" (steam64id="76561198343030820") (Global): kkk
12:27:52: Player "DangersPlay" (steam64id="76561198037868353") (Global): vem com essas historinha pra cima de mim kkk
12:28:30: Player "G A T O" (steam64id="76561199207813177") (Global): Vc todo na maciota kk
12:29:55: Player "[YKZ]-BlackBear" (steam64id="76561198343030820") (Global): ademilson saterno??
12:30:27: Player "[HORDA]ThiagoPenna" (steam64id="76561198218822351") (Global): e adm em outro servidor, ta mudando o nome rsrsrs
12:31:06: Player "[YKZ]-BlackBear" (steam64id="76561198343030820") (Global): bruxo  korea sdds de vcs =[
12:34:21: Player "G A T O" (steam64id="76561199207813177") (Global): Alguem tem serrote?
12:34:31: Player "[YKZ]-BlackBear" (steam64id="76561198343030820") (Global): kkk
12:34:36: Player "DangersPlay" (steam64id="76561198037868353") (Global): kkkk
12:35:05: Player "[YKZ]-BlackBear" (steam64id="76561198343030820") (Global): maki karaii so to nascendo no memso lugar kkkk
12:37:10: Player "-Saterno" (steam64id="76561199168660906") (Global): JA TENHO
12:37:52: Player "-Saterno" (steam64id="76561199168660906") (Direct): SATERNO
12:37:57: Player "-Saterno" (steam64id="76561199168660906") (Direct): OLHA
12:38:05: Player "-Saterno" (steam64id="76561199168660906") (Direct): JA TENHO PARTY
12:38:14: Player "-Saterno" (steam64id="76561199168660906") (Direct): mas me add ae
12:38:21: Player "-Saterno" (steam64id="76561199168660906") (Direct): qual seu nome?
12:38:48: Player "-Saterno" (steam64id="76561199168660906") (Direct): qual??
12:40:26: Player "[YKZ]-BlackBear" (steam64id="76561198343030820") (Global): olhaaa esses respwnnn kkkkkkkkkkkkkkk
12:40:36: Player "zozs" (steam64id="76561198126713029") (Global): eu disse
12:40:37: Player "G A T O" (steam64id="76561199207813177") (Global): kkkkkkk
12:40:44: Player "G A T O" (steam64id="76561199207813177") (Global): Sedentarioo
12:41:00: Player "[YKZ]-BlackBear" (steam64id="76561198343030820") (Global): desgraçaaaaaaaaaaaaaaaaaaaaaaaaaaaaaaaa
12:41:25: Player "-Saterno" (steam64id="76561199168660906") (Direct): qual seu nome??
12:41:34: Player "-Saterno" (steam64id="76561199168660906") (Direct): em??
12:41:37: Player "-Saterno" (steam64id="76561199168660906") (Direct): seu nome
12:41:54: Player "theus_j2607" (steam64id="76561198856857227") (Direct): THEUS_J26
12:42:10: Player "theus_j2607" (steam64id="76561198856857227") (Direct): theus_j2607
12:42:13: Player "-Saterno" (steam64id="76561199168660906") (Direct): ja foi
12:43:18: Player "[YKZ]-BlackBear" (steam64id="76561198343030820") (Global): ée mano bora fica se matando na faca vem k 
12:43:20: Player "[YKZ]-BlackBear" (steam64id="76561198343030820") (Global): kkkk
12:46:05: Player "-Saterno" (steam64id="76561199168660906") (Direct): eae
12:46:09: Player "-Saterno" (steam64id="76561199168660906") (Direct): achou??
12:46:38: Player "-Saterno" (steam64id="76561199168660906") (Direct): bora esperar
12:46:47: Player "-Saterno" (steam64id="76561199168660906") (Direct): tem que ser o mesmo sangue
12:46:54: Player "G A T O" (steam64id="76561199207813177") (Global): Aqui e bbp ou vanilla?
12:47:01: Player "ttuker" (steam64id="76561198971813376") (Global): a ustedes tambien los kickea?
12:47:03: Player "-Saterno" (steam64id="76561199168660906") (Direct): oi?
12:47:17: Player "[YKZ]-BlackBear" (steam64id="76561198343030820") (Global): vanila 
12:47:33: Player "-Saterno" (steam64id="76561199168660906") (Direct): tem kit inicial??
12:47:36: Player "[YKZ]-BlackBear" (steam64id="76561198343030820") (Global): vanila com construção do servidor
12:48:12: Player "G A T O" (steam64id="76561199207813177") (Global): Um vanila Editado
13:00:38: Player "ttuker" (steam64id="76561198971813376") (Global): los saca del juego a ustedes?
13:01:07: Player "ttuker" (steam64id="76561198971813376") (Global): contesten forros de mierda
13:01:18: Player "[YKZ]-BlackBear" (steam64id="76561198343030820") (Global): calate 
13:01:34: Player "ttuker" (steam64id="76561198971813376") (Global): mala onda que son laaaaaaaaaaa
13:02:09: Player "ttuker" (steam64id="76561198971813376") (Global): f
13:02:09: Player "ttuker" (steam64id="76561198971813376") (Global): f
13:02:09: Player "ttuker" (steam64id="76561198971813376") (Global): f
13:02:10: Player "ttuker" (steam64id="76561198971813376") (Global): f
13:02:10: Player "ttuker" (steam64id="76561198971813376") (Global): f
13:02:10: Player "ttuker" (steam64id="76561198971813376") (Global): f
13:02:11: Player "ttuker" (steam64id="76561198971813376") (Global): f
13:02:11: Player "ttuker" (steam64id="76561198971813376") (Global): f
13:02:12: Player "ttuker" (steam64id="76561198971813376") (Global): f
13:02:12: Player "ttuker" (steam64id="76561198971813376") (Global): f
13:02:12: Player "ttuker" (steam64id="76561198971813376") (Global): f
13:02:14: Player "ttuker" (steam64id="76561198971813376") (Global): w
13:02:15: Player "ttuker" (steam64id="76561198971813376") (Global): w
13:02:45: Player "[YKZ]-BlackBear" (steam64id="76561198343030820") (Global): O)..(O
13:10:21: Player "G A T O" (steam64id="76561199207813177") (Global): Essa mrreta de Raid
13:10:28: Player "G A T O" (steam64id="76561199207813177") (Global): Marreta
13:10:38: Player "[YKZ]-BlackBear" (steam64id="76561198343030820") (Global): que qui tem
13:10:40: Player "G A T O" (steam64id="76561199207813177") (Global): E uma especifica?
13:10:43: Player "[YKZ]-BlackBear" (steam64id="76561198343030820") (Global): ss
13:10:45: Player "[YKZ]-BlackBear" (steam64id="76561198343030820") (Global): dourada
13:10:48: Player "G A T O" (steam64id="76561199207813177") (Global): Ou essas convencionais?
13:11:13: Player "[YKZ]-BlackBear" (steam64id="76561198343030820") (Global): se fosse dessas eu ja terias 30 kkk
13:27:56: Player "GutoMeia7" (steam64id="76561198379649328") (Global): tem trade zone aqui?
13:28:12: Player "Zeca" (steam64id="76561198211423224") (Global): ainda bem q nao
13:28:25: Player "[YKZ]-BlackBear" (steam64id="76561198343030820") (Global): cheirou cola de sapato?
13:29:09: Player "GutoMeia7" (steam64id="76561198379649328") (Global): que mapa é esse?
13:29:20: Player "Zeca" (steam64id="76561198211423224") (Global): um mapa do jogo chamado dayz
13:29:21: Player "G A T O" (steam64id="76561199207813177") (Global): Chernarus 2.0
13:29:26: Player "Emissarius" (steam64id="76561198271087379") (Global): melkart
13:35:23: Player "Seekerzao" (steam64id="76561198067793781") (Global): MANO ESSE MAPA E MT ESCASSO DE COMIDA PQP
13:35:30: Player "GutoMeia7" (steam64id="76561198379649328") (Global): ae
13:35:35: Player "MarcoLa" (steam64id="76561198352149308") (Global): ta doido
13:35:40: Player "GutoMeia7" (steam64id="76561198379649328") (Global): acabei de ouvir alguem dando um tiro
13:35:44: Player "MarcoLa" (steam64id="76561198352149308") (Global): COmida é facil pra caramba
13:35:49: Player "GutoMeia7" (steam64id="76561198379649328") (Global): quer me ajudar n?
13:36:00: Player "[YKZ]-BlackBear" (steam64id="76561198343030820") (Global): por favor gente eu peço pelo amor de Deus, andem no mapaaaaaaaaaaaaaaaaa
13:36:04: Player "Seekerzao" (steam64id="76561198067793781") (Global): to sem nada senao ajudava
13:36:18: Player "[RNG]Panico" (steam64id="76561199230965576") (Global): esse mapa e pvp ?
13:36:21: Player "Seekerzao" (steam64id="76561198067793781") (Global): simw
13:36:28: Player "[RNG]Panico" (steam64id="76561199230965576") (Global): top 
13:36:30: Player "[YKZ]-BlackBear" (steam64id="76561198343030820") (Global): vão pras cidades que vão achar comida até no chão desgraçaaaaaaaaaaa
13:36:38: Player "MarcoLa" (steam64id="76561198352149308") (Global): zumbi tbm
13:36:42: Player "MarcoLa" (steam64id="76561198352149308") (Global): ta dropando muita comida
13:37:01: Player "Seekerzao" (steam64id="76561198067793781") (Global): problema e que nas cidades povo mata
13:37:36: Player "[YKZ]-BlackBear" (steam64id="76561198343030820") (Global): olhe os carros de cenario 
13:37:59: Player "[RNG]Panico" (steam64id="76561199230965576") (Global): pra q ?
13:38:09: Player "Seekerzao" (steam64id="76561198067793781") (Global): comida e agua
13:38:11: Player "Seekerzao" (steam64id="76561198067793781") (Global): nos carros po
13:38:11: Player "[YKZ]-BlackBear" (steam64id="76561198343030820") (Global): comidaaaaaa meu garoto
13:38:18: Player "[RNG]Panico" (steam64id="76561199230965576") (Global): hmn bom ..
13:38:31: Player "[RNG]Panico" (steam64id="76561199230965576") (Global): vamos no encontra ?
13:38:31: Player "Seekerzao" (steam64id="76561198067793781") (Global): procure antibiot ico nos hospitais tbm
13:38:48: Player "MarcoLa" (steam64id="76561198352149308") (Global): Bear
13:38:55: Player "MarcoLa" (steam64id="76561198352149308") (Global): acho alguma marreta dourada?
13:39:05: Player "[RNG]Panico" (steam64id="76561199230965576") (Global): ainda n 
13:39:13: Player "Zeca" (steam64id="76561198211423224") (Global): achei 3 já
13:39:15: Player "[YKZ]-BlackBear" (steam64id="76561198343030820") (Global): rodei essa desgraça toda kkk
13:39:24: Player "MarcoLa" (steam64id="76561198352149308") (Global): achei uma
13:39:24: Player "MarcoLa" (steam64id="76561198352149308") (Global): achei uma
13:39:28: Player "MarcoLa" (steam64id="76561198352149308") (Global): mAS TAVA BUGADA
13:39:31: Player "MarcoLa" (steam64id="76561198352149308") (Global): no chão
13:39:31: Player "[YKZ]-BlackBear" (steam64id="76561198343030820") (Global): onde ?
13:39:33: Player "[YKZ]-BlackBear" (steam64id="76561198343030820") (Global): O..O
13:39:36: Player "MarcoLa" (steam64id="76561198352149308") (Global): nao tava dando pra pegar
13:39:37: Player "Zeca" (steam64id="76561198211423224") (Global): parte de cima do mapa
13:39:44: Player "MarcoLa" (steam64id="76561198352149308") (Global): Sim na parte de cima tbm achei
13:39:44: Player "MarcoLa" (steam64id="76561198352149308") (Global): Sim na parte de cima tbm achei
13:39:47: Player "MarcoLa" (steam64id="76561198352149308") (Global): mas tava bugada
13:39:47: Player "[YKZ]-BlackBear" (steam64id="76561198343030820") (Global): takunkarai mesmo
13:40:04: Player "GutoMeia7" (steam64id="76561198379649328") (Global): aaaaaaaaaaaaaaaaaaa  n consigo achar cidade
13:40:11: Player "[YKZ]-BlackBear" (steam64id="76561198343030820") (Global): amigo??
13:40:12: Player "MarcoLa" (steam64id="76561198352149308") (Global): aperta M amigo
13:40:14: Player "Seekerzao" (steam64id="76561198067793781") (Global): mano
13:40:14: Player "MarcoLa" (steam64id="76561198352149308") (Global): tem mapa
13:40:16: Player "[YKZ]-BlackBear" (steam64id="76561198343030820") (Global): aperte o M
13:40:17: Player "GutoMeia7" (steam64id="76561198379649328") (Global): aaa
13:40:19: Player "GutoMeia7" (steam64id="76561198379649328") (Global): ta
13:40:20: Player "Seekerzao" (steam64id="76561198067793781") (Global): aperta M e vai pra melkart
13:40:20: Player "[YKZ]-BlackBear" (steam64id="76561198343030820") (Global): kkkkkkkk
13:40:25: Player "GutoMeia7" (steam64id="76561198379649328") (Global): n sabia disso
13:40:30: Player "MarcoLa" (steam64id="76561198352149308") (Global): kkk
13:40:35: Player "GutoMeia7" (steam64id="76561198379649328") (Global): venho do console, lá n tem mapa n véi
13:40:46: Player "[RNG]Panico" (steam64id="76561199230965576") (Global): tou indo pra vcs vao me mata ?
13:40:48: Player "[YKZ]-BlackBear" (steam64id="76561198343030820") (Global): sdds de um consolo
13:40:51: Player "[YKZ]-BlackBear" (steam64id="76561198343030820") (Global): não pera
13:40:56: Player "Seekerzao" (steam64id="76561198067793781") (Global): hmmmmmmm
13:41:00: Player "GutoMeia7" (steam64id="76561198379649328") (Global): lllllllllllllll
13:41:03: Player "GutoMeia7" (steam64id="76561198379649328") (Global): jkkkkkkkkkkkkkkkkkk
13:41:05: Player "[YKZ]-BlackBear" (steam64id="76561198343030820") (Global): eoifjbvpewvhieuwqufufuvefv
13:41:13: Player "[YKZ]-BlackBear" (steam64id="76561198343030820") (Global): meu cachorro aqui digitando
13:41:18: Player "G A T O" (steam64id="76561199207813177") (Global): Alguem em Tetra?
13:41:25: Player "[RNG]Panico" (steam64id="76561199230965576") (Global): nao vai me mata ne 
13:41:47: Player "[RNG]Panico" (steam64id="76561199230965576") (Global): me encontra la na bica d agua ??
13:42:26: Player "[RNG]Panico" (steam64id="76561199230965576") (Global): quem ta atirando ouvi
13:42:49: Player "Seekerzao" (steam64id="76561198067793781") (Global): eu atirei em zumbis aqui
13:42:57: Player "Seekerzao" (steam64id="76561198067793781") (Global): vou dar mais 1 tiro
13:43:04: Player "Seekerzao" (steam64id="76561198067793781") (Global): vee se sou eu quem vc ta ounvindo
13:43:07: Player "GutoMeia7" (steam64id="76561198379649328") (Global): eu ouvi os 2 primeiros
13:43:09: Player "Seekerzao" (steam64id="76561198067793781") (Global): foi?
13:45:37: Player "[RNG]Panico" (steam64id="76561199230965576") (Global): eai 
13:46:13: Player "[YKZ]-BlackBear" (steam64id="76561198343030820") (Global): ja é o terceiro carro que eu acho
13:46:18: Player "[YKZ]-BlackBear" (steam64id="76561198343030820") (Global): o vontade de pegar kkkk
13:46:39: Player "[RNG]Panico" (steam64id="76561199230965576") (Global): bleck vamos se encontra ??
13:46:57: Player "[YKZ]-BlackBear" (steam64id="76561198343030820") (Global): eu tenho namorada O..O
13:47:02: Player "[RNG]Panico" (steam64id="76561199230965576") (Global): affs
13:47:06: Player "[YKZ]-BlackBear" (steam64id="76561198343030820") (Global): kkkk
13:47:09: Player "Seekerzao" (steam64id="76561198067793781") (Global): KKKKKKKKKK
13:47:13: Player "[YKZ]-BlackBear" (steam64id="76561198343030820") (Global): zoa sou solteiro
13:47:15: Player "[YKZ]-BlackBear" (steam64id="76561198343030820") (Global): bora
13:47:20: Player "[RNG]Panico" (steam64id="76561199230965576") (Global): qro teu cu n 
13:47:22: Player "[YKZ]-BlackBear" (steam64id="76561198343030820") (Global): onde o que tu quer?
13:47:27: Player "[RNG]Panico" (steam64id="76561199230965576") (Global): kk brincadeira
13:47:31: Player "[YKZ]-BlackBear" (steam64id="76561198343030820") (Global): kkk
13:47:32: Player "[RNG]Panico" (steam64id="76561199230965576") (Global): na bica de agua
13:47:37: Player "[YKZ]-BlackBear" (steam64id="76561198343030820") (Global): de onde?
13:47:50: Player "[RNG]Panico" (steam64id="76561199230965576") (Global): a do mapa q marca
13:48:01: Player "[YKZ]-BlackBear" (steam64id="76561198343030820") (Global): O.O
13:48:11: Player "[RNG]Panico" (steam64id="76561199230965576") (Global): tou quase la e ai 
13:48:18: Player "[YKZ]-BlackBear" (steam64id="76561198343030820") (Global): qual cidade meu fi
13:48:41: Player "[RNG]Panico" (steam64id="76561199230965576") (Global): na casa 000
13:49:01: Player "[RNG]Panico" (steam64id="76561199230965576") (Global): sabe onde e ?
13:49:11: Player "Seekerzao" (steam64id="76561198067793781") (Global): hjmmm
13:49:17: Player "Seekerzao" (steam64id="76561198067793781") (Global): vai rolar bacanal?
13:49:17: Player "[YKZ]-BlackBear" (steam64id="76561198343030820") (Global): =[ poxa cara eu não sei 
13:49:35: Player "[RNG]Panico" (steam64id="76561199230965576") (Global): tou quase la 700 km
13:49:56: Player "[YKZ]-BlackBear" (steam64id="76561198343030820") (Global): eu to em airfildson
13:50:01: Player "[YKZ]-BlackBear" (steam64id="76561198343030820") (Global): kkk
13:51:38: Player "G A T O" (steam64id="76561199207813177") (Direct): Alguem em Melkrt/
13:52:04: Player "G A T O" (steam64id="76561199207813177") (Global): Alguem em Melkart?
13:52:10: Player "MarcoLa" (steam64id="76561198352149308") (Global): S
13:52:28: Player "[RNG]Panico" (steam64id="76561199230965576") (Global): tou chegando na casa 000
13:52:31: Player "G A T O" (steam64id="76561199207813177") (Global): Ta precisando de algo men?
13:52:46: Player "MarcoLa" (steam64id="76561198352149308") (Global): To suave
13:53:07: Player "G A T O" (steam64id="76561199207813177") (Global): Tamo por aqi, qualquer coisa e coisa.
13:53:12: Player "MarcoLa" (steam64id="76561198352149308") (Global): blz
13:53:13: Player "MarcoLa" (steam64id="76561198352149308") (Global): Valeu
13:53:28: Player "[RNG]Panico" (steam64id="76561199230965576") (Global): tou indo pra up
13:53:59: Player "[YKZ]-BlackBear" (steam64id="76561198343030820") (Global): gato ta por onde pra mim n te matar 
13:54:15: Player "G A T O" (steam64id="76561199207813177") (Global): kkk
13:54:23: Player "[YKZ]-BlackBear" (steam64id="76561198343030820") (Global): serio karaii
13:54:29: Player "GutoMeia7" (steam64id="76561198379649328") (Global): algueme m lascuta ou perto?
13:56:08: Player "GutoMeia7" (steam64id="76561198379649328") (Global): quem ta atirando ?
13:56:20: Player "[YKZ]-BlackBear" (steam64id="76561198343030820") (Global): to te vendo gato kkkkk
13:56:37: Player "[YKZ]-BlackBear" (steam64id="76561198343030820") (Global): kkkkkkkkkkkkkkkk
13:56:43: Player "DangersPlay" (steam64id="76561198037868353") (Global): cuidado o gato mata e fala que se assustou
13:56:44: Player "[YKZ]-BlackBear" (steam64id="76561198343030820") (Global): se esconde n mano rlx
13:57:42: Player "[YKZ]-BlackBear" (steam64id="76561198343030820") (Global): daqui eu tenho visão ate da caa do adm kkkkk
13:57:50: Player "[YKZ]-BlackBear" (steam64id="76561198343030820") (Global): casa*
13:58:48: Player "[YKZ]-BlackBear" (steam64id="76561198343030820") (Global): derrepente o gato parou de miar kkkkkkkkk
13:59:13: Player "G A T O" (steam64id="76561199207813177") (Global): Doenca da peste que nao cura
13:59:33: Player "[YKZ]-BlackBear" (steam64id="76561198343030820") (Global): deixa os icones tudo branco e toma tetra
14:01:06: Player "G A T O" (steam64id="76561199207813177") (Global): Tem multi ai men?
14:01:13: Player "[YKZ]-BlackBear" (steam64id="76561198343030820") (Global): deixa fome e cede no branco e toma vitamina ou tetracicline
14:01:20: Player "[YKZ]-BlackBear" (steam64id="76561198343030820") (Global): tenho
14:01:26: Player "G A T O" (steam64id="76561199207813177") (Global): Vem pra ca
14:02:06: Player "[YKZ]-BlackBear" (steam64id="76561198343030820") (Global): deixei aqui pra vc na bica do cimiterio
14:02:23: Player "G A T O" (steam64id="76561199207813177") (Global): Arriscado
14:02:36: Player "Seekerzao" (steam64id="76561198067793781") (Global): gato cuidado ele vai te enterrar la
14:02:38: Player "[YKZ]-BlackBear" (steam64id="76561198343030820") (Global): nada man pega la eu ja to longe
14:02:58: Player "G A T O" (steam64id="76561199207813177") (Global): Miau kkkk
14:03:04: Player "[YKZ]-BlackBear" (steam64id="76561198343030820") (Global): oxii
14:03:15: Player "[YKZ]-BlackBear" (steam64id="76561198343030820") (Global): vai la peste antes que um desgraça te mate
14:03:47: Player "DEGALOKAO" (steam64id="76561199171941975") (Global): Boa trarde
14:03:56: Player "[YKZ]-BlackBear" (steam64id="76561198343030820") (Global): oiiee fofo
14:04:16: Player "DEGALOKAO" (steam64id="76561199171941975") (Global): não sou fofo
14:04:22: Player "Stitch Do PUBG" (steam64id="76561198398833122") (Global): gente, como cura perna quebrada?
14:04:28: Player "[YKZ]-BlackBear" (steam64id="76561198343030820") (Global): tala
14:04:29: Player "DEGALOKAO" (steam64id="76561199171941975") (Global): Uso droga
14:04:32: Player "DEGALOKAO" (steam64id="76561199171941975") (Global): e bato na mae
14:04:38: Player "Stitch Do PUBG" (steam64id="76561198398833122") (Global): kkkkk
14:04:42: Player "Stitch Do PUBG" (steam64id="76561198398833122") (Global): e como que faz tala?
14:04:49: Player "[YKZ]-BlackBear" (steam64id="76561198343030820") (Global): graveto e rags faz tala mano
14:04:56: Player "Stitch Do PUBG" (steam64id="76561198398833122") (Global): vlw mano
14:04:58: Player "[YKZ]-BlackBear" (steam64id="76561198343030820") (Global): ou fita ]
14:05:08: Player "DEGALOKAO" (steam64id="76561199171941975") (Global): quem ta no airfield?:
14:05:27: Player "Seekerzao" (steam64id="76561198067793781") (Global): eu
14:05:40: Player "Seekerzao" (steam64id="76561198067793781") (Global): pacifico ou agressivo?
14:05:43: Player "DEGALOKAO" (steam64id="76561199171941975") (Global): te mato ou quer ficar safe?
14:05:50: Player "Seekerzao" (steam64id="76561198067793781") (Global): uai ce quem manda
14:05:50: Player "[YKZ]-BlackBear" (steam64id="76561198343030820") (Global): kkkkk essa foi boa
14:06:01: Player "Seekerzao" (steam64id="76561198067793781") (Global): se atirar vai ter de volta
14:06:21: Player "Seekerzao" (steam64id="76561198067793781") (Global): apenas revido a injusta agressao
14:06:27: Player "[YKZ]-BlackBear" (steam64id="76561198343030820") (Global): pegou la gato?
14:06:30: Player "[G.M] O verdadeiro" (steam64id="76561198351631304") (Global): muita conversa
14:06:34: Player "DEGALOKAO" (steam64id="76561199171941975") (Global): Entao a VSD vai cantar?
14:06:48: Player "Seekerzao" (steam64id="76561198067793781") (Global): ja to te observando tem 3 minutos
14:06:49: Player "[YKZ]-BlackBear" (steam64id="76561198343030820") (Global): GATO PEGOU LA???
14:06:58: Player "Seekerzao" (steam64id="76561198067793781") (Global): se eu quisesse vc tava morto
14:07:02: Player "[G.M] O verdadeiro" (steam64id="76561198351631304") (Global): nuuuu
14:07:08: Player "DEGALOKAO" (steam64id="76561199171941975") (Global): kkkkkkkkkkkkkk
14:07:18: Player "DEGALOKAO" (steam64id="76561199171941975") (Global): 3 minutos q eu to parado olhando pra nada 
14:07:21: Player "DEGALOKAO" (steam64id="76561199171941975") (Global): nem janela tem
14:07:23: Player "DEGALOKAO" (steam64id="76561199171941975") (Global): bobao
14:07:24: Player "Seekerzao" (steam64id="76561198067793781") (Global): e eu te mirando
14:07:34: Player "[YKZ]-BlackBear" (steam64id="76561198343030820") (Global): gato?
14:07:37: Player "Seekerzao" (steam64id="76561198067793781") (Global): entao tem mais alguem aqui
14:07:52: Player "[RNG]Panico" (steam64id="76561199230965576") (Global): nao me matem pfvr
14:08:15: Player "G A T O" (steam64id="76561199207813177") (Global): Black
14:08:26: Player "[YKZ]-BlackBear" (steam64id="76561198343030820") (Global): oii
14:08:32: Player "G A T O" (steam64id="76561199207813177") (Global): vlw men
14:08:38: Player "[YKZ]-BlackBear" (steam64id="76561198343030820") (Global): nós meu amor
14:08:48: Player "DEGALOKAO" (steam64id="76561199171941975") (Global): quer party?:
14:08:55: Player "DEGALOKAO" (steam64id="76561199171941975") (Global): ou vai ser porrada e bomba msm?
14:08:57: Player "Seekerzao" (steam64id="76561198067793781") (Global): nada to metendo o pe ja
14:09:01: Player "DEGALOKAO" (steam64id="76561199171941975") (Global): qua[]
14:09:05: Player "Seekerzao" (steam64id="76561198067793781") (Global): n vou atirar em ti loko
14:09:23: Player "DEGALOKAO" (steam64id="76561199171941975") (Global): n sou eu 
14:09:27: Player "DEGALOKAO" (steam64id="76561199171941975") (Global): sem caô
14:09:34: Player "Seekerzao" (steam64id="76561198067793781") (Global): entao fica ligero que tem gente aqui a mais
14:10:13: Player "[RNG]Panico" (steam64id="76561199230965576") (Global): estou chegando na cidade
14:10:17: Player "[RNG]Panico" (steam64id="76561199230965576") (Global): oii
14:10:23: Player "[RNG]Panico" (steam64id="76561199230965576") (Global): tou na cidade
14:10:32: Player "[RNG]Panico" (steam64id="76561199230965576") (Global): alguem
14:11:10: Player "DEGALOKAO" (steam64id="76561199171941975") (Global): te vi
14:11:16: Player "DEGALOKAO" (steam64id="76561199171941975") (Global): vou deixar passar
14:11:26: Player "[RNG]Panico" (steam64id="76561199230965576") (Global): kkk
14:11:26: Player "G A T O" (steam64id="76561199207813177") (Global): Chae da Upu aqgora, aqi? kkj
14:11:38: Player "G A T O" (steam64id="76561199207813177") (Global): Chte da Uol
14:11:39: Player "[RNG]Panico" (steam64id="76561199230965576") (Global): me mata n ;
14:11:43: Player "[YKZ]-BlackBear" (steam64id="76561198343030820") (Global): kkkkkkkkkkkk
14:12:51: Player "[RNG]Panico" (steam64id="76561199230965576") (Global): ta ouvindo o tiro/
14:14:15: Player "[RNG]Panico" (steam64id="76561199230965576") (Global): onde te encontro tou na cidade
14:15:21: Player "DEGALOKAO" (steam64id="76561199171941975") (Global): tto carregando 76 armass kksakska
14:15:24: Player "DEGALOKAO" (steam64id="76561199171941975") (Global): 7*
14:15:42: Player "[RNG]Panico" (steam64id="76561199230965576") (Global): affs me matarao 
14:15:47: Player "DEGALOKAO" (steam64id="76561199171941975") (Global): sk
14:15:48: Player "[RNG]Panico" (steam64id="76561199230965576") (Global): tmnc
14:15:49: Player "DEGALOKAO" (steam64id="76561199171941975") (Global): eu escutrei
14:15:58: Player "[RNG]Panico" (steam64id="76561199230965576") (Global): affs
14:16:04: Player "DEGALOKAO" (steam64id="76561199171941975") (Global): tava
14:16:05: Player "DEGALOKAO" (steam64id="76561199171941975") (Global): onde
14:16:09: Player "DEGALOKAO" (steam64id="76561199171941975") (Global): melkart?
14:16:12: Player "[RNG]Panico" (steam64id="76561199230965576") (Global): na cidade ai 
14:16:16: Player "[RNG]Panico" (steam64id="76561199230965576") (Global): malk seila
14:16:27: Player "DEGALOKAO" (steam64id="76561199171941975") (Global): vou colar la
14:16:32: Player "[RNG]Panico" (steam64id="76561199230965576") (Global): affs sabe nem brinca
14:16:44: Player "[RNG]Panico" (steam64id="76561199230965576") (Global): nem tava pvpv agr tbm vou mata
14:17:12: Player "[RNG]Panico" (steam64id="76561199230965576") (Global): fdp
14:17:37: Player "[RNG]Panico" (steam64id="76561199230965576") (Global): um cara desse e muito cuao msm
14:17:44: Player "DEGALOKAO" (steam64id="76561199171941975") (Global): morreu onde?
14:17:47: Player "DEGALOKAO" (steam64id="76561199171941975") (Global): delega?
14:17:53: Player "Seekerzao" (steam64id="76561198067793781") (Global): quem matou?
14:17:57: Player "[RNG]Panico" (steam64id="76561199230965576") (Global): perto do bombeiro
14:18:03: Player "G A T O" (steam64id="76561199207813177") (Global): Mds kk
14:18:07: Player "DEGALOKAO" (steam64id="76561199171941975") (Global): see, bora dc?
14:18:11: Player "[RNG]Panico" (steam64id="76561199230965576") (Global): affs andar tudo dnv affs
14:18:14: Player "Seekerzao" (steam64id="76561198067793781") (Global): bora
14:18:32: Player "[RNG]Panico" (steam64id="76561199230965576") (Global): dc ??? e oq ?
14:18:39: Player "DEGALOKAO" (steam64id="76561199171941975") (Global): Lops #7071
14:18:41: Player "Seekerzao" (steam64id="76561198067793781") (Global): add la
14:18:43: Player "DEGALOKAO" (steam64id="76561199171941975") (Global): 7071
14:18:44: Player "G A T O" (steam64id="76561199207813177") (Global): Black, pt?
14:18:46: Player "Seekerzao" (steam64id="76561198067793781") (Global): Seekerzao#4381
14:18:54: Player "[RNG]Panico" (steam64id="76561199230965576") (Global): me add ai 
14:19:01: Player "[RNG]Panico" (steam64id="76561199230965576") (Global): Willan#96996
14:19:04: Player "[RNG]Panico" (steam64id="76561199230965576") (Global): 9696
14:19:11: Player "DEGALOKAO" (steam64id="76561199171941975") (Global): manda dnv
14:19:17: Player "[YKZ]-BlackBear" (steam64id="76561198343030820") (Global): me add discord pow
14:19:54: Player "[RNG]Panico" (steam64id="76561199230965576") (Global): fala o discod
14:22:00: Player "[YKZ]-BlackBear" (steam64id="76561198343030820") (Global): gato
14:22:03: Player "[YKZ]-BlackBear" (steam64id="76561198343030820") (Global): joga só?
14:22:22: Player "[RNG]Panico" (steam64id="76561199230965576") (Global): affs vey pq me matarao 
14:22:49: Player "[RNG]Panico" (steam64id="76561199230965576") (Global): alguem vem  me resgata aqui
14:23:06: Player "G A T O" (steam64id="76561199207813177") (Global): onde?
14:23:14: Player "[RNG]Panico" (steam64id="76561199230965576") (Global): no comeco de bosta
14:23:26: Player "G A T O" (steam64id="76561199207813177") (Global): Atira pra cima
14:23:35: Player "[RNG]Panico" (steam64id="76561199230965576") (Global): tem nem arma kk
14:23:59: Player "[RNG]Panico" (steam64id="76561199230965576") (Global): esse gato e mo safado q ja me liguei
14:24:18: Player "G A T O" (steam64id="76561199207813177") (Global): Ue, o que eu fiz?
14:32:00: Player "Seekerzao" (steam64id="76561198067793781") (Global): tem alguem em Wadir?
14:56:09: Player "Stitch Do PUBG" (steam64id="76561198398833122") (Global): alguém quer fazer dupla?
14:56:38: Player "benja" (steam64id="76561198882824508") (Global): eu hago supla mano
15:00:35: Player "G A T O" (steam64id="76561199207813177") (Global): Alguem ja achou uma pa?
15:00:41: Player "[YKZ]-BlackBear" (steam64id="76561198343030820") (Global): s
15:00:45: Player "[YKZ]-BlackBear" (steam64id="76561198343030820") (Global): quer uma man?
15:01:00: Player "G A T O" (steam64id="76561199207813177") (Global): Nem encontro em lgr nenhum
15:01:10: Player "[RNG]Panico" (steam64id="76561199230965576") (Global): euu tenho 
15:01:26: Player "[HORDA] JHON WICK" (steam64id="76561198122075703") (Global): oqe
15:01:30: Player "[YKZ]-BlackBear" (steam64id="76561198343030820") (Global): gato
15:01:34: Player "[YKZ]-BlackBear" (steam64id="76561198343030820") (Global): ta por aqui?
15:01:43: Player "[RNG]Panico" (steam64id="76561199230965576") (Global): a pa
15:01:46: Player "G A T O" (steam64id="76561199207813177") (Global): Proximo a Airfld
15:01:52: Player "[YKZ]-BlackBear" (steam64id="76561198343030820") (Global): caraiuu kkkk
15:01:56: Player "[HORDA] JHON WICK" (steam64id="76561198122075703") (Global): que pé pra q
15:02:02: Player "[YKZ]-BlackBear" (steam64id="76561198343030820") (Global): ia deixar no memso lugar do remedio
15:02:04: Player "[HORDA] JHON WICK" (steam64id="76561198122075703") (Global): pá pra que
15:02:30: Player "G A T O" (steam64id="76561199207813177") (Global): Se eu n achar, a gnt se encontra.
15:02:43: Player "[YKZ]-BlackBear" (steam64id="76561198343030820") (Global): sho
15:02:46: Player "[YKZ]-BlackBear" (steam64id="76561198343030820") (Global): show
15:03:03: Player "zozs" (steam64id="76561198126713029") (Global): loot ta escasso hein
15:03:05: Player "{DVS} Chuleta" (steam64id="76561198103223060") (Global): ta mais otimizado esse jogo ?
15:03:55: Player "DEGALOKAO" (steam64id="76561199171941975") (Global): qual botao morre automatico
15:03:59: Player "DEGALOKAO" (steam64id="76561199171941975") (Global): corre*
15:06:07: Player "Emissarius" (steam64id="76561198271087379") (Global): a caralho 
15:06:11: Player "Emissarius" (steam64id="76561198271087379") (Global): que susto seu vaido 
15:06:16: Player "G A T O" (steam64id="76561199207813177") (Global): Susto eu kkkkk
15:06:24: Player "Emissarius" (steam64id="76561198271087379") (Global): poha nem pra conversar 
15:06:24: Player "G A T O" (steam64id="76561199207813177") (Global): Atras de uma pa
15:06:37: Player "Emissarius" (steam64id="76561198271087379") (Global): tenho uma picareta 
15:06:40: Player "Emissarius" (steam64id="76561198271087379") (Global): tem rolo?
15:08:29: Player "G A T O" (steam64id="76561199207813177") (Global): Sim
15:08:45: Player "[RNG]Panico" (steam64id="76561199230965576") (Global): ouviu os tiros ???
15:08:53: Player "{DVS} Chuleta" (steam64id="76561198103223060") (Global): nao
15:12:30: Player "Zeca" (steam64id="76561198211423224") (Global): LOPES, DISCORD
15:12:37: Player "DEGALOKAO" (steam64id="76561199171941975") (Global): eu?
15:12:46: Player "pato" (steam64id="76561199194021637") (Global): OI
15:13:05: Player "[RNG]Panico" (steam64id="76561199230965576") (Global): top
15:13:07: Player "rogersdutra01" (steam64id="76561197975156269") (Global): tem q banir esses fdps q mata pelados , malditosss
15:13:07: Player "[L.B] LopesTa " (steam64id="76561198375254083") (Global): COLÉ PATOLINO 
15:13:14: Player "[RNG]Panico" (steam64id="76561199230965576") (Global): add discod
15:13:24: Player "[RNG]Panico" (steam64id="76561199230965576") (Global): oi eu aqui jhow
15:13:32: Player "[RNG]Panico" (steam64id="76561199230965576") (Global): ta vendo eu 
15:13:34: Player "[RNG]Panico" (steam64id="76561199230965576") (Global): sim 
15:13:50: Player "[RNG]Panico" (steam64id="76561199230965576") (Global): willan 
15:13:53: Player "[RNG]Panico" (steam64id="76561199230965576") (Global): 9696
15:13:58: Player "[RNG]Panico" (steam64id="76561199230965576") (Global): W
15:14:32: Player "[RNG]Panico" (steam64id="76561199230965576") (Global): Willan
15:14:39: Player "[RNG]Panico" (steam64id="76561199230965576") (Global): s
15:17:09: Player "[RNG]Panico" (steam64id="76561199230965576") (Global): fala disd
15:17:39: Player "[RNG]Panico" (steam64id="76561199230965576") (Global): euuuuuuuuuuuuuuuu
15:17:51: Player "[RNG]Panico" (steam64id="76561199230965576") (Global): eu n sei 
15:18:02: Player "[RNG]Panico" (steam64id="76561199230965576") (Global): add discod
15:18:09: Player "[RNG]Panico" (steam64id="76561199230965576") (Global): Willan 9696
15:19:01: Player "[RNG]Panico" (steam64id="76561199230965576") (Global): aeee
15:19:04: Player "[RNG]Panico" (steam64id="76561199230965576") (Global): q top 
15:19:22: Player "[RNG]Panico" (steam64id="76561199230965576") (Global): vou compra um micrifene agr mais tarde kkk
15:19:31: Player "[RNG]Panico" (steam64id="76561199230965576") (Global): mlz
15:21:00: Player "[RNG]Panico" (steam64id="76561199230965576") (Global): mate
15:21:10: Player "[RNG]Panico" (steam64id="76561199230965576") (Global): act ai mandei
15:21:26: Player "[RNG]Panico" (steam64id="76561199230965576") (Global): mandei
15:36:05: Player "[RNG]Panico" (steam64id="76561199230965576") (Global): Wi
15:36:09: Player "[RNG]Panico" (steam64id="76561199230965576") (Global): Willan
15:36:21: Player "fritass" (steam64id="76561198148172018") (Global): slv
15:38:02: Player "Emissarius" (steam64id="76561198271087379") (Global): coe gato
15:38:12: Player "Emissarius" (steam64id="76561198271087379") (Global): quer fazer negocios?
15:38:22: Player "Zeca" (steam64id="76561198211423224") (Global): CADE O ADMIM
15:38:25: Player "G A T O" (steam64id="76561199207813177") (Global): Oi lindo
15:38:38: Player "G A T O" (steam64id="76561199207813177") (Global): Ja achei, vc ta precisando de algo?
15:38:41: Player "Emissarius" (steam64id="76561198271087379") (Global): achou sua pá? seu assassino
15:38:47: Player "Emissarius" (steam64id="76561198271087379") (Global): kkkkkk
15:38:49: Player "Zeca" (steam64id="76561198211423224") (Global): MINHA CAIXA DE LOOT CAIU NO LIMBO
15:38:51: Player "Emissarius" (steam64id="76561198271087379") (Global): to suave 
15:38:51: Player "Zeca" (steam64id="76561198211423224") (Global): PERDI TUDO
15:38:53: Player "G A T O" (steam64id="76561199207813177") (Global): kkkkkkk
15:39:03: Player "Emissarius" (steam64id="76561198271087379") (Global): só queria os pentes da hannny
15:39:11: Player "Emissarius" (steam64id="76561198271087379") (Global): mas vou achar mais 
15:39:18: Player "Emissarius" (steam64id="76561198271087379") (Global): e terei minha vingança 
15:39:21: Player "G A T O" (steam64id="76561199207813177") (Global): Vou te volver
15:39:35: Player "G A T O" (steam64id="76561199207813177") (Global): Devolver
15:40:07: Player "Emissarius" (steam64id="76561198271087379") (Global): queria pá pra fazer base?
15:40:18: Player "DangersPlay" (steam64id="76561198037868353") (Global): na cidade tem
15:40:18: Player "G A T O" (steam64id="76561199207813177") (Global): Sim
15:40:23: Player "Emissarius" (steam64id="76561198271087379") (Global): hmmmm
15:40:29: Player "G A T O" (steam64id="76561199207813177") (Global): Achei uma PicaEreta
15:40:34: Player "Emissarius" (steam64id="76561198271087379") (Global): picareta tambem dá
15:40:45: Player "Emissarius" (steam64id="76561198271087379") (Global): quer alicate?
15:41:03: Player "Emissarius" (steam64id="76561198271087379") (Global): tenho sobrando aqui 
15:50:38: Player "Passo Largo" (steam64id="76561198057660141") (Global): quero entender como um cara sem colete toma um tiro de blaze e nao morre
15:50:51: Player "[YKZ]-BlackBear" (steam64id="76561198343030820") (Global): somos 2
15:50:58: Player "Passo Largo" (steam64id="76561198057660141") (Global): tive q dar dois tiros
15:51:03: Player "Passo Largo" (steam64id="76561198057660141") (Global): o cara nem se quer desmaiou
15:51:08: Player "Passo Largo" (steam64id="76561198057660141") (Global): acertei um tiraço no peito
15:57:19: Player "Emissarius" (steam64id="76561198271087379") (Global): kkkkkkkkkkk
15:57:21: Player "Emissarius" (steam64id="76561198271087379") (Global): mds mano
15:57:26: Player "Emissarius" (steam64id="76561198271087379") (Global): é muito lixo mané 
15:58:00: Player "[YKZ]-BlackBear" (steam64id="76561198343030820") (Global): foda
15:58:05: Player "Passo Largo" (steam64id="76561198057660141") (Global): foda é um ato sexual sem amor
15:58:09: Player "G A T O" (steam64id="76561199207813177") (Global): Porra mano
15:58:16: Player "[YKZ]-BlackBear" (steam64id="76561198343030820") (Global): tira meu loot la rapido
15:58:19: Player "[YKZ]-BlackBear" (steam64id="76561198343030820") (Global): vaaaaiiii
16:02:11: Player "[YKZ]-BlackBear" (steam64id="76561198343030820") (Global): carai gato como que tu tem paciencia pra jogar assim?
16:03:04: Player "G A T O" (steam64id="76561199207813177") (Global): Black?
16:03:22: Player "[YKZ]-BlackBear" (steam64id="76561198343030820") (Global): eu
16:03:32: Player "G A T O" (steam64id="76561199207813177") (Global): N deu tempo mano
16:03:38: Player "G A T O" (steam64id="76561199207813177") (Global): Ficou so a arma
16:03:53: Player "[YKZ]-BlackBear" (steam64id="76561198343030820") (Global): kkkkkkkkkk
16:03:57: Player "G A T O" (steam64id="76561199207813177") (Global): Pt?
16:04:02: Player "[YKZ]-BlackBear" (steam64id="76561198343030820") (Global): cara como que tu consegue jogar assim?
16:04:14: Player "G A T O" (steam64id="76561199207813177") (Global): Clipei kk
16:04:19: Player "G A T O" (steam64id="76561199207813177") (Global): Foi mal mesmo
16:04:22: Player "[YKZ]-BlackBear" (steam64id="76561198343030820") (Global): eu olhei tudo 
16:04:28: Player "[YKZ]-BlackBear" (steam64id="76561198343030820") (Global): tudo a minha volta 
16:04:34: Player "G A T O" (steam64id="76561199207813177") (Global): Como um gato ne kkk
16:04:41: Player "[YKZ]-BlackBear" (steam64id="76561198343030820") (Global): takipariuu man 
16:05:26: Player "[YKZ]-BlackBear" (steam64id="76561198343030820") (Global): pega a arma ae pra vc que vou pro pubg
16:05:34: Player "G A T O" (steam64id="76561199207813177") (Global): Sai n pow
16:05:37: Player "[YKZ]-BlackBear" (steam64id="76561198343030820") (Global): pq esse respwn aqui me broxou kkkk
16:05:39: Player "G A T O" (steam64id="76561199207813177") (Global): Entra na pt
16:06:00: Player "[YKZ]-BlackBear" (steam64id="76561198343030820") (Global): mais tarde eu volto 
16:06:07: Player "G A T O" (steam64id="76561199207813177") (Global): ta bom
16:06:15: Player "[YKZ]-BlackBear" (steam64id="76561198343030820") (Global): respwn da mizera aff
16:08:40: Player "Emissarius" (steam64id="76561198271087379") (Global): ta foda hein 
16:08:47: Player "Emissarius" (steam64id="76561198271087379") (Global): ta matando todo mundo poha
16:47:24: Player "DEGALOKAO" (steam64id="76561199171941975") (Global): acabei de lgar
16:47:26: Player "DEGALOKAO" (steam64id="76561199171941975") (Global): '='
16:50:28: Player "DEGALOKAO" (steam64id="76561199171941975") (Global): ADM
16:50:33: Player "DEGALOKAO" (steam64id="76561199171941975") (Global): 6 LOBOS NO SPAWN
16:50:46: Player "DEGALOKAO" (steam64id="76561199171941975") (Global): 9 na vdd
16:52:57: Player "ttuker" (steam64id="76561198971813376") (Global): com se hace la lanza?
17:02:01: Player "[L.B]Zeca" (steam64id="76561198211423224") (Global): copiando tag de cla doido
17:42:12: Player "Smoking" (steam64id="76561198033754180") (Global): TEM GENTE?
17:42:41: Player "DangersPlay" (steam64id="76561198037868353") (Global): tem gente na onde ?
17:43:00: Player "Tambara GOLPE" (steam64id="76561198072490377") (Global): alguem em lastuta ?
17:43:06: Player "Smoking" (steam64id="76561198033754180") (Global): no serv
17:43:09: Player "Tambara GOLPE" (steam64id="76561198072490377") (Global): lascuta
17:43:16: Player "Smoking" (steam64id="76561198033754180") (Global): to pelado ainda
17:43:31: Player "Smoking" (steam64id="76561198033754180") (Global): cabei de logar
17:43:35: Player "Smoking" (steam64id="76561198033754180") (Global): ja ja
17:47:58: Player "Tambara GOLPE" (steam64id="76561198072490377") (Global): tiro onde ?
19:50:57: Player "[DEV] KOREA" (steam64id="76561198253386609") (Direct): vao constuir aqui?
19:52:32: Player "[DEV] KOREA" (steam64id="76561198253386609") (Direct): bom jogo
19:54:08: Player "coyot-solitario" (steam64id="76561198191127093") (Global): odoido
19:54:12: Player "coyot-solitario" (steam64id="76561198191127093") (Global): sou seu fam
20:03:51: Player "Tony Sorete" (steam64id="76561198021266379") (Direct): niki
20:14:37: Player "[L.B] Santorin" (steam64id="76561199069721527") (Global): arame liso
20:14:38: Player "[L.B] Santorin" (steam64id="76561199069721527") (Global): nao acha?
20:15:53: Player "Tony Sorete" (steam64id="76561198021266379") (Direct): que onda perro
20:15:56: Player "Tony Sorete" (steam64id="76561198021266379") (Global): que onda perro
20:50:17: Player "DangersPlay" (steam64id="76561198037868353") (Global): tem Admin ai ?
20:53:04: Player "DangersPlay" (steam64id="76561198037868353") (Global): admin on ?
21:21:11: Player "[YKZ]-BlackBear" (steam64id="76561198343030820") (Global): OKKKKKKKKKKKKKKKKKKKKKKKK
21:25:24: Player "[YKZ]-BlackBear" (steam64id="76561198343030820") (Global): TIRO DE 12 NO PEITO DO PELADO E O CARA DE BOA KKKKKKKKKKKKKKKKKKKKK
21:25:54: Player "(CNXC)Roger    " (steam64id="76561198119108882") (Global): onde ta os full loot matando pelado ?
21:25:57: Player "(CNXC)Roger    " (steam64id="76561198119108882") (Global): kk
21:44:43: Player "(CNXC)Roger    " (steam64id="76561198119108882") (Global): cade esses noia
21:55:48: Player "[YKZ]-BlackBear" (steam64id="76561198343030820") (Global): ZÉ MOITINHA HORRIVEL
22:02:48: Player "GLORIA GROOVE" (steam64id="76561198836991038") (Global): espera ai comedor de cuscuz
22:11:20: Player "Stitch Do PUBG" (steam64id="76561198398833122") (Global): alguém quer fazer dupla?
22:11:44: Player "(CNXC)Roger    " (steam64id="76561198119108882") (Global): vai deita no xao pra atira la na casa do capeta
22:11:51: Player "(CNXC)Roger    " (steam64id="76561198119108882") (Global): vagabundo
22:12:11: Player "[YKZ]-BlackBear" (steam64id="76561198343030820") (Global): TCHURURU ...
22:24:39: Player "[YKZ]-BlackBear" (steam64id="76561198343030820") (Global): ANDA SOZINHO PRA VE SE N MATO
22:31:06: Player "[YKZ]-BlackBear" (steam64id="76561198343030820") (Global): AINN CADE OS CARA QUE MATA PELADO...
22:31:10: Player "[YKZ]-BlackBear" (steam64id="76561198343030820") (Global): KKKKKKKKKKK
22:31:15: Player "(CNXC)Roger    " (steam64id="76561198119108882") (Global): KKKKKKK
22:31:26: Player "(CNXC)Roger    " (steam64id="76561198119108882") (Global): MAS NAO ERA VCS AS VITIMA
22:31:49: Player "[YKZ]-BlackBear" (steam64id="76561198343030820") (Global): OWNN QUE DÓ .. 
22:31:56: Player "(CNXC)Roger    " (steam64id="76561198119108882") (Global): 12 MATA
23:36:53: Player "luiz calabresa" (steam64id="76561199113089860") (Global): salve
23:37:05: Player "Lobo Sentado" (steam64id="76561198138311400") (Global): salve
23:37:17: Player "luiz calabresa" (steam64id="76561199113089860") (Global): como funciona isso aqui?
23:37:22: Player "Kaczinsky" (steam64id="76561198104903246") (Global): n sei
23:38:31: Player "luiz calabresa" (steam64id="76561199113089860") (Global): vcs estao na ilha tbm?
23:41:16: Player "luiz calabresa" (steam64id="76561199113089860") (Global): nn tem loot isso aqui?
23:42:20: Player "AiPolly" (steam64id="76561198072574279") (Global): po edu =3
23:51:18: Player "luiz calabresa" (steam64id="76561199113089860") (Global): mds 
23:51:24: Player "luiz calabresa" (steam64id="76561199113089860") (Global): acabei de nascer
23:51:29: Player "luiz calabresa" (steam64id="76561199113089860") (Global): nem vi q vcs tavam ai
23:51:29: Player "Kaczinsky" (steam64id="76561198104903246") (Global): jogo de psicopata
23:51:34: Player "luiz calabresa" (steam64id="76561199113089860") (Global): matar pelado é facil
23:51:37: Player "fds" (steam64id="76561198359200042") (Global): alguem me busca
