00:04:27: Player "AiPolly" (steam64id="76561198072574279") (Global): black nao fica tisti cmg naum '0'
00:15:54: Player "ragito" (steam64id="76561198143718624") (Global): page internet mano
00:18:14: Player "AiPolly" (steam64id="76561198072574279") (Global): black =3
00:18:48: Player "AiPolly" (steam64id="76561198072574279") (Global): vlw
00:18:49: Player "AiPolly" (steam64id="76561198072574279") (Global): =3
00:18:55: Player "[YKZ]-BlackBear" (steam64id="76561198343030820") (Global): paga uma coca então
00:19:13: Player "AiPolly" (steam64id="76561198072574279") (Global): black nao fica tisti cmg nao
00:19:48: Player "[YKZ]-BlackBear" (steam64id="76561198343030820") (Global): só se for um mata mata de facão 
00:25:51: Player "pedrobala" (steam64id="76561198046653521") (Global): como me achou?
00:25:55: Player "AiPolly" (steam64id="76561198072574279") (Global): hack
00:25:56: Player "pedrobala" (steam64id="76561198046653521") (Global): lugar totalmente aleatorio
00:26:00: Player "pedrobala" (steam64id="76561198046653521") (Global): so pode msm
00:26:04: Player "AiPolly" (steam64id="76561198072574279") (Global): wallhack
00:26:06: Player "pedrobala" (steam64id="76561198046653521") (Global): no meio do mato
00:26:15: Player "AiPolly" (steam64id="76561198072574279") (Global): vc acabou de atirar cara
00:26:20: Player "AiPolly" (steam64id="76561198072574279") (Global): so ir pro tiro
00:26:22: Player "pedrobala" (steam64id="76561198046653521") (Global): atirei 1 km dali
00:26:29: Player "AiPolly" (steam64id="76561198072574279") (Global): eu estava do lado
00:26:29: Player "pedrobala" (steam64id="76561198046653521") (Global): q feio em
00:26:32: Player "[YKZ]-BlackBear" (steam64id="76561198343030820") (Global): rapaz aqui tem uma coisa que se chama sem matinho kkk
00:26:48: Player "pedrobala" (steam64id="76561198046653521") (Global): tirando renderizacao do mato
00:26:50: Player "pedrobala" (steam64id="76561198046653521") (Global): so pode
00:26:51: Player "AiPolly" (steam64id="76561198072574279") (Global): vc usa black ?
00:27:20: Player "[YKZ]-BlackBear" (steam64id="76561198343030820") (Global): só colocar tudo no ultra baixo kkkkk
00:27:29: Player "AiPolly" (steam64id="76561198072574279") (Global): serio
00:27:48: Player "[YKZ]-BlackBear" (steam64id="76561198343030820") (Global): quem joga no full hd é burgues
00:27:56: Player "AiPolly" (steam64id="76561198072574279") (Global): vdd
00:28:02: Player "AiPolly" (steam64id="76561198072574279") (Global): vc é né =3
00:28:20: Player "[YKZ]-BlackBear" (steam64id="76561198343030820") (Global): n gasto dinheiro com joguinhos 
00:28:31: Player "AiPolly" (steam64id="76561198072574279") (Global): mas da a vida kkk
00:28:38: Player "[YKZ]-BlackBear" (steam64id="76561198343030820") (Global): =] só com mulheres com conteudo adulto 
00:28:42: Player "AiPolly" (steam64id="76561198072574279") (Global): fica tiltado no joguim de tiro
00:29:16: Player "CHASER?" (steam64id="76561198246131158") (Global): meninas parem de brigar
00:29:38: Player "AiPolly" (steam64id="76561198072574279") (Global): =3
00:30:16: Player "AiPolly" (steam64id="76561198072574279") (Global): morreu kkkkk
00:48:53: Player "{KMG}-Rockeiro" (steam64id="76561198928581570") (Global): manos nos vai nessa ai blz 
00:49:02: Player "AiPolly" (steam64id="76561198072574279") (Global): vlw rock
00:49:03: Player "AiPolly" (steam64id="76561198072574279") (Global): =3
00:49:04: Player "{KMG}-Rockeiro" (steam64id="76561198928581570") (Global): bom jogar com vcs amanha cola mais ai 
00:49:25: Player "AiPolly" (steam64id="76561198072574279") (Global): bjs rock
00:49:32: Player "{KMG}-Rockeiro" (steam64id="76561198928581570") (Global): <3
00:51:36: Player "AiPolly" (steam64id="76561198072574279") (Global): urso peludo
00:53:56: Player "ttuker" (steam64id="76561198971813376") (Global): admin?
01:17:01: Player "AiPolly" (steam64id="76561198072574279") (Global): felps
01:17:17: Player "Felps do Lanche" (steam64id="76561198116594875") (Global): qual foi
01:17:26: Player "AiPolly" (steam64id="76561198072574279") (Global): faz um lanche pra mim ?
01:17:53: Player "Felps do Lanche" (steam64id="76561198116594875") (Global): faço vc de lanche 
01:17:58: Player "AiPolly" (steam64id="76561198072574279") (Global): eeeeeeeeeeeetta
01:18:09: Player "Felps do Lanche" (steam64id="76561198116594875") (Global): uheuehaue
01:21:51: Player "AiPolly" (steam64id="76561198072574279") (Global): quem virou lanche agr ?
01:22:11: Player "Felps do Lanche" (steam64id="76561198116594875") (Global): puta
01:22:11: Player "AiPolly" (steam64id="76561198072574279") (Global): lanchado
01:22:39: Player "AiPolly" (steam64id="76561198072574279") (Global): =3
01:25:55: Player "samuel2023" (steam64id="76561198387970895") (Global): 3 tentando matar pelado 
01:26:08: Player "samuel2023" (steam64id="76561198387970895") (Global): que feio
01:26:09: Player "AiPolly" (steam64id="76561198072574279") (Global): onde
01:26:26: Player "Felps do Lanche" (steam64id="76561198116594875") (Global): eu vo te pegar aipolly
01:26:28: Player "Charada" (steam64id="76561198034769290") (Direct): SEMPRE OS 3 PATETAS
01:26:31: Player "Felps do Lanche" (steam64id="76561198116594875") (Global): vc ta fudedo meu parcero
01:26:55: Player "AiPolly" (steam64id="76561198072574279") (Global): pra q isso tiu felps
01:28:40: Player "o velho peludo" (steam64id="76561198843547059") (Global): onde é a treta
01:34:04: Player "Passo Largo" (steam64id="76561199203652654") (Global): aproveita
01:34:10: Player "Passo Largo" (steam64id="76561199203652654") (Global): pq quando a gente começar
01:34:13: Player "Passo Largo" (steam64id="76561199203652654") (Global): vcs tao lascado
01:34:15: Player "AiPolly" (steam64id="76561198072574279") (Global): qq deu ?
01:49:16: Player "Passo Largo" (steam64id="76561199203652654") (Global): KKKKK
01:49:19: Player "Passo Largo" (steam64id="76561199203652654") (Global): tem oq fazer da vida nao?
01:50:37: Player "o velho peludo" (steam64id="76561198843547059") (Global): espectador de treta mamou 
01:50:39: Player "=G3= Chupo no sigilo " (steam64id="76561199037080751") (Global): y love caminhão kkk
01:50:47: Player "Passo Largo" (steam64id="76561199203652654") (Global): lixo
01:50:58: Player "Passo Largo" (steam64id="76561199203652654") (Global): aprende moleque
01:51:05: Player "G A T O" (steam64id="76561199207813177") (Global): UI
01:51:18: Player "samuel2023" (steam64id="76561198387970895") (Global): os mongoloide ficam marcando entrada da cidade para matar pelado
01:51:28: Player "Passo Largo" (steam64id="76561199203652654") (Global): nem me fala
01:51:33: Player "Passo Largo" (steam64id="76561199203652654") (Global): tinha um aqui ha 2 hjoras ja kkkk
01:51:38: Player "samuel2023" (steam64id="76561198387970895") (Global): são muito bon mesmo
01:51:50: Player "G A T O" (steam64id="76561199207813177") (Global): Cinderela virou a bela adormecida
01:54:05: Player "AiPolly" (steam64id="76561198072574279") (Global): kd vc passo ?
02:01:06: Player "AiPolly" (steam64id="76561198072574279") (Global): vai querer o caminhao ?
02:11:43: Player "AiPolly" (steam64id="76561198072574279") (Global): ferveram o caminhao '='
02:37:56: Player "Fritas" (steam64id="76561198148172018") (Global): slv 
02:38:00: Player "Fritas" (steam64id="76561198148172018") (Global): para todos
02:38:15: Player "Fritas" (steam64id="76561198148172018") (Global): 177.54.149.92:2302
02:38:21: Player "Fritas" (steam64id="76561198148172018") (Global): q
02:39:52: Player "Fritas" (steam64id="76561198148172018") (Global): Last Day Brasil #1 FULL MOD discord.gg K2YhjEEdAM
02:40:06: Player "Fritas" (steam64id="76561198148172018") (Global): da uma forsa no serve la 
02:40:07: Player "Fritas" (steam64id="76561198148172018") (Global): pfv
02:40:10: Player "AiPolly" (steam64id="76561198072574279") (Global): eita
02:40:19: Player "o velho peludo" (steam64id="76561198843547059") (Global): oh o ban vindo 
02:40:26: Player "Fritas" (steam64id="76561198148172018") (Global): de boa 
02:40:31: Player "[ONE] KARABULJHAN" (steam64id="76561198100527842") (Global): vindo a cavalo 
02:40:37: Player "Fritas" (steam64id="76561198148172018") (Global): so vai la quei quiser
02:40:45: Player "=G3= Chupo no sigilo " (steam64id="76561199037080751") (Global): CADE O ADM ?
02:40:54: Player "AiPolly" (steam64id="76561198072574279") (Global): n pode fritas
02:41:03: Player "KOREA" (steam64id="76561198253386609") (Admin): ja foi
02:41:04: Player "KOREA" (steam64id="76561198253386609") (Admin): de base
02:41:13: Player "=G3= Chupo no sigilo " (steam64id="76561199037080751") (Global): BOAAAAAAA 
02:41:23: Player "=G3= Chupo no sigilo " (steam64id="76561199037080751") (Global): ADM SHOWWW 
02:41:33: Player "o velho peludo" (steam64id="76561198843547059") (Global): boa
02:42:31: Player "samuel2023" (steam64id="76561198387970895") (Global): onde consegue arma 
02:43:01: Player "samuel2023" (steam64id="76561198387970895") (Global): estou a um bom tempo procurando e nada, tem algum lugar especifico
02:43:12: Player "AiPolly" (steam64id="76561198072574279") (Global): vai no aero
02:43:15: Player "AiPolly" (steam64id="76561198072574279") (Global): tem tudo la
02:43:21: Player "samuel2023" (steam64id="76561198387970895") (Global): vlkw
02:56:57: Player "ttuker" (steam64id="76561198971813376") (Global): como se arma la escalera de la cobertura?
02:59:12: Player "ttuker" (steam64id="76561198971813376") (Global): como se arma la escalera de cobertura
07:43:46: Player "Claudinha" (steam64id="76561198057660141") (Global): BOM DIAAAA
08:03:49: Player "[L.B] Santorin" (steam64id="76561199069721527") (Global): entra discord infame
10:59:26: Player "MacLovin" (steam64id="76561199068236803") (Global): alguem clã recrutando?
10:59:31: Player "MacLovin" (steam64id="76561199068236803") (Global): algum*
10:59:53: Player "Leandro Silva" (steam64id="76561199173930571") (Global): bom dia pessoal
11:00:00: Player "Seekerzao" (steam64id="76561198067793781") (Global): BOA DIA CLA
11:00:04: Player "ttuker" (steam64id="76561198971813376") (Global): boa diaaaaa
11:00:12: Player "Leandro Silva" (steam64id="76561199173930571") (Global): alguem ai qer jogar junto acabei de chegar no serv
11:01:25: Player "Seekerzao" (steam64id="76561198067793781") (Global): 'JA JUNTA COM O MACLOVIN AE E COMECEM UM CLA
11:01:30: Player "Seekerzao" (steam64id="76561198067793781") (Global): eu ajudo voces nas coisas
11:01:34: Player "Seekerzao" (steam64id="76561198067793781") (Global): como comida e tals
11:01:54: Player "MacLovin" (steam64id="76561199068236803") (Global): to suave quanto comida loot etc só querendo gente pra jogar junto msm
12:36:54: Player "[YKZ]-BlackBear" (steam64id="76561198343030820") (Global): iea seekers
12:36:57: Player "Seekerzao" (steam64id="76561198067793781") (Global): salvee
12:37:06: Player "[L.B] Santorin" (steam64id="76561199069721527") (Global): salve
12:37:20: Player "[YKZ]-BlackBear" (steam64id="76561198343030820") (Global): terminou o projeto ai
12:37:24: Player "Seekerzao" (steam64id="76561198067793781") (Global): terminei
12:37:26: Player "Seekerzao" (steam64id="76561198067793781") (Global): ta zerado agr
12:37:29: Player "[YKZ]-BlackBear" (steam64id="76561198343030820") (Global): boa manin
12:41:18: Player "[L.B] LopesTa " (steam64id="76561198375254083") (Global): kkkkkkk
12:41:43: Player "chron1c" (steam64id="76561198205585613") (Global): danado
12:42:22: Player "[L.B] LopesTa " (steam64id="76561198375254083") (Global): tuts ta tuts ta tuts ta 
12:42:53: Player "[L.B] LopesTa " (steam64id="76561198375254083") (Global): se tu é brabo tu larga um dona gigi ai 
12:42:56: Player "netttto no drip" (steam64id="76561198859086815") (Global): boa tarde lindo
12:43:38: Player "pedrobala" (steam64id="76561198046653521") (Global): algum grupo ou clan precisando de gente ae?
12:43:40: Player "pedrobala" (steam64id="76561198046653521") (Global): to solo
12:43:51: Player "[YKZ]-BlackBear" (steam64id="76561198343030820") (Global): FALEI PRA ME DD MANO NO DISCORD
12:44:22: Player "[L.B] LopesTa " (steam64id="76561198375254083") (Global): krai ai sim 
12:44:24: Player "[L.B] LopesTa " (steam64id="76561198375254083") (Global): kkkkkkkkkkkk
12:44:26: Player "chron1c" (steam64id="76561198205585613") (Global): IHAAAA
12:44:30: Player "[L.B] Santorin" (steam64id="76561199069721527") (Global): asuhahuasuhs'
12:44:31: Player "chron1c" (steam64id="76561198205585613") (Global): SE ME VE
12:44:52: Player "chron1c" (steam64id="76561198205585613") (Global): POE . DANÇAR AI
12:50:30: Player "[YKZ] Felps" (steam64id="76561198892779186") (Global): ae lopestabotaacaranosolmonaa
12:50:44: Player "chron1c" (steam64id="76561198205585613") (Global): NA AMERICANAS VOCE AXA
12:58:48: Player "Seekerzao" (steam64id="76561198067793781") (Direct): mano quem ta atirando ali perto de ibura camp?
12:59:00: Player "Seekerzao" (steam64id="76561198067793781") (Direct): ta querendo foder meu role ta lotado de zumbi ali cara
13:00:38: Player "pedrobala" (steam64id="76561198046653521") (Global): korea ta ae?
13:12:19: Player "OZIEL" (steam64id="76561199063596086") (Global): korea faça o favo aqui rapidinho
13:12:32: Player "KOREA" (steam64id="76561198253386609") (Admin): UM MOMENTO
13:12:35: Player "KOREA" (steam64id="76561198253386609") (Admin): ESTOU ATENDENDO
13:18:54: Player "[YKZ]-BlackBear" (steam64id="76561198343030820") (Global): HUM
13:18:56: Player "Seekerzao" (steam64id="76561198067793781") (Direct): opa
13:19:07: Player "[YKZ]-BlackBear" (steam64id="76561198343030820") (Global): QUAIS BARRACA
13:19:16: Player "OZIEL" (steam64id="76561199063596086") (Global): TODAS
13:19:24: Player "[L.B]TropaDoEnguisa" (steam64id="76561198211423224") (Global): nunca achei 1 barraca mesmo
13:19:27: Player "[YKZ]-BlackBear" (steam64id="76561198343030820") (Global): TO COM AS DE TOLDO E ESTÃO DE BOA
13:19:40: Player "TripaSeca" (steam64id="76561198093060507") (Global): toldo esta de boa ?
13:19:50: Player "pedrobala" (steam64id="76561198046653521") (Global): toldo preto some?
13:28:42: Player "[YKZ]-BlackBear" (steam64id="76561198343030820") (Global): FALTA SO O ZÉ MATIM
13:28:52: Player "[L.B] Santorin" (steam64id="76561199069721527") (Global): :D
13:28:57: Player "[L.B] Santorin" (steam64id="76561199069721527") (Global): chora nao
13:29:05: Player "[YKZ]-BlackBear" (steam64id="76561198343030820") (Global): a verdade dói ne
13:29:10: Player "[L.B] Santorin" (steam64id="76561199069721527") (Global): aparece ai intao
13:29:13: Player "[L.B] Santorin" (steam64id="76561199069721527") (Global): escolhe o lugar
13:29:15: Player "[L.B] Santorin" (steam64id="76561199069721527") (Global): chora nenem
13:29:21: Player "netttto no drip" (steam64id="76561198859086815") (Global): ja viu veado na cidade?
13:29:26: Player "netttto no drip" (steam64id="76561198859086815") (Global): por isso que vivo no mato
13:29:32: Player "[L.B] Santorin" (steam64id="76561199069721527") (Global): aspaskpaskpsa
13:29:32: Player "[YKZ]-BlackBear" (steam64id="76561198343030820") (Global): uii
13:29:46: Player "[YKZ] chron1c" (steam64id="76561198205585613") (Global): ai delicia
13:33:31: Player "[YKZ]-BlackBear" (steam64id="76561198343030820") (Global): assim que a gente pegpo no rushh
13:33:36: Player "[L.B] Santorin" (steam64id="76561199069721527") (Global): ashuhash
13:33:36: Player "[L.B] Santorin" (steam64id="76561199069721527") (Global): ashuhash
13:33:43: Player "[L.B] Santorin" (steam64id="76561199069721527") (Global): assim?
13:34:11: Player "[YKZ]-BlackBear" (steam64id="76561198343030820") (Global): fica uma hora no mato esperando os amiguinhos ai resolve sair ne
13:41:12: Player "Seekerzao" (steam64id="76561198067793781") (Direct): urso demora mt a morrer:
13:41:19: Player "Seekerzao" (steam64id="76561198067793781") (Direct): ?
13:46:40: Player "netttto no drip" (steam64id="76561198859086815") (Global): KRLH
13:46:41: Player "[YKZ]-BlackBear" (steam64id="76561198343030820") (Global): kkkkkkkkkkkkkkkkkkkkkkkkkkkkkkk
13:46:48: Player "netttto no drip" (steam64id="76561198859086815") (Global): baludo
13:46:51: Player "[YKZ] Felps" (steam64id="76561198892779186") (Global): passo geralqisso
13:47:17: Player "[YKZ]-BlackBear" (steam64id="76561198343030820") (Global): da uma olhada no canal dele la depois
13:53:40: Player "Badblack_" (steam64id="76561198426800856") (Global): a
13:54:15: Player "[L.B] LopesTa " (steam64id="76561198375254083") (Global): pvp brabo 
13:54:17: Player "[L.B] LopesTa " (steam64id="76561198375254083") (Global): credo 
13:54:30: Player "Badblack_" (steam64id="76561198426800856") (Global): Pvp de faca
13:54:32: Player "Badblack_" (steam64id="76561198426800856") (Global): vem
13:54:34: Player "Badblack_" (steam64id="76561198426800856") (Global): KK
13:54:35: Player "[YKZ]-BlackBear" (steam64id="76561198343030820") (Global): kkkkk
13:54:37: Player "[L.B] LopesTa " (steam64id="76561198375254083") (Global): kkkkk
13:54:42: Player "[L.B] LopesTa " (steam64id="76561198375254083") (Global): o tarado da faquinha 
13:54:52: Player "Badblack_" (steam64id="76561198426800856") (Global): kk
13:55:02: Player "[YKZ]-BlackBear" (steam64id="76561198343030820") (Global): pexera do zézao
13:57:41: Player "[YKZ]-BlackBear" (steam64id="76561198343030820") (Global): facada do zézao
14:01:51: Player "Leandro Silva" (steam64id="76561199173930571") (Global): boa tarde 
14:02:10: Player "[YKZ]-BlackBear" (steam64id="76561198343030820") (Global): opa 
14:03:37: Player "Seekerzao" (steam64id="76561198067793781") (Direct): krl
14:03:42: Player "Seekerzao" (steam64id="76561198067793781") (Global): krl
14:03:46: Player "Seekerzao" (steam64id="76561198067793781") (Global): tava pegando comida
14:03:48: Player "Seekerzao" (steam64id="76561198067793781") (Global): o fdp me matou
14:04:08: Player "Seekerzao" (steam64id="76561198067793781") (Global): pode nem matar urso e tirar carne dele mais que os maluco mata
14:04:11: Player "[YKZ]-BlackBear" (steam64id="76561198343030820") (Global): quem 
14:04:26: Player "GUINHOKL" (steam64id="76561198082904317") (Global): wtf que mapa e esse brow
14:04:27: Player "Seekerzao" (steam64id="76561198067793781") (Global): la perto da base
14:04:34: Player "[YKZ]-BlackBear" (steam64id="76561198343030820") (Global): takipariu
14:04:40: Player "Seekerzao" (steam64id="76561198067793781") (Global): uns 200m de la
14:04:51: Player "Seekerzao" (steam64id="76561198067793781") (Global): tava coletando a carne do urso
14:09:10: Player "Seekerzao" (steam64id="76561198067793781") (Global): so que ele tava fudido pq tinha uns 30 zumbi la
14:09:20: Player "Seekerzao" (steam64id="76561198067793781") (Global): vamo ver se ele tem municao e mira pra isso tudo
14:11:26: Player "Emissarius" (steam64id="76561198271087379") (Global): ZÉ MOITINHA DO CARALHO 
14:11:31: Player "[L.B] LopesTa " (steam64id="76561198375254083") (Global): cara 
14:11:35: Player "[L.B] LopesTa " (steam64id="76561198375254083") (Global): joga quieto 
14:11:52: Player "[L.B] LopesTa " (steam64id="76561198375254083") (Global): fala mt 
14:11:55: Player "Emissarius" (steam64id="76561198271087379") (Global): tem que te
14:12:22: Player "[L.B] LopesTa " (steam64id="76561198375254083") (Global): beijos de luz 
14:12:28: Player "Emissarius" (steam64id="76561198271087379") (Global): kkkkkkk
14:12:32: Player "Seekerzao" (steam64id="76561198067793781") (Global): hmmmm granola
14:12:33: Player "Seekerzao" (steam64id="76561198067793781") (Global): kkkkkkkkkkkkkkkkk
14:12:38: Player "[L.B] LopesTa " (steam64id="76561198375254083") (Global): kkkkkkkkkkk
14:12:41: Player "Emissarius" (steam64id="76561198271087379") (Global): tem que ter uma skin de arvore pra vocês 
14:12:52: Player "[L.B] LopesTa " (steam64id="76561198375254083") (Global): uma de lapedi pra ti 
14:15:14: Player "[YKZ]-BlackBear" (steam64id="76561198343030820") (Global): seerk
14:15:16: Player "Seekerzao" (steam64id="76561198067793781") (Global): eu
14:15:19: Player "[YKZ]-BlackBear" (steam64id="76561198343030820") (Global): aqui
14:15:23: Player "Seekerzao" (steam64id="76561198067793781") (Global): to colando
14:34:34: Player "[L.B] LopesTa " (steam64id="76561198375254083") (Global): levaram todas as armas 
14:34:40: Player "[L.B] LopesTa " (steam64id="76561198375254083") (Global): vou ter q ir na face mesmo 
14:34:43: Player "[L.B] LopesTa " (steam64id="76561198375254083") (Global): é pra kba 
14:35:02: Player "[HORDA] zBieL" (steam64id="76561198001525812") (Global): oq houve?
14:35:03: Player "Emissarius" (steam64id="76561198271087379") (Global): joga mais no mato mano kkk
14:35:15: Player "[L.B] LopesTa " (steam64id="76561198375254083") (Global): morre masi ai amigo 
14:35:23: Player "[L.B] SeryD" (steam64id="76561198072791642") (Global): 2022 e nego chorando pra mato pqp
14:35:33: Player "[L.B] SeryD" (steam64id="76561198072791642") (Global): Vai jogar takistan entao mano 
14:35:40: Player "Emissarius" (steam64id="76561198271087379") (Global): igual cobrinha kkkk 
14:35:44: Player "Seekerzao" (steam64id="76561198067793781") (Global): LEVARAM ARMAS DE ONDE?
14:35:47: Player "Seekerzao" (steam64id="76561198067793781") (Global): ja quero
14:35:49: Player "Seekerzao" (steam64id="76561198067793781") (Global): kkkkkkkkkkkkk
14:35:54: Player "[L.B] LopesTa " (steam64id="76561198375254083") (Global): dos corpos 
14:35:59: Player "Seekerzao" (steam64id="76561198067793781") (Global): ae fodeu
14:36:00: Player "Seekerzao" (steam64id="76561198067793781") (Global): kkkkkk
14:36:01: Player "[L.B] LopesTa " (steam64id="76561198375254083") (Global): n sobrou uma pro pvp 
14:36:05: Player "[L.B] LopesTa " (steam64id="76561198375254083") (Global): fodeu 
14:36:07: Player "[L.B] LopesTa " (steam64id="76561198375254083") (Global): kkkkkk
14:36:10: Player "[L.B] LopesTa " (steam64id="76561198375254083") (Global): largados e pelados 
14:38:26: Player "Emissarius" (steam64id="76561198271087379") (Global): vão andar apé agora nessa poha 
14:38:48: Player "Emissarius" (steam64id="76561198271087379") (Global): carro é só pra quem tem carteira 
14:58:24: Player "Tappes" (steam64id="76561198990092287") (Global): mata pelado
14:58:26: Player "Tappes" (steam64id="76561198990092287") (Global): :(
15:00:01: Player "[YKZ]-BlackBear" (steam64id="76561198343030820") (Global): mano pesadelo
15:00:04: Player "Biel FxR" (steam64id="76561198050836260") (Global): pente de 45 de ak74 foi removido ?
15:00:08: Player "Biel FxR" (steam64id="76561198050836260") (Global): o meu sumiu do nd
15:00:22: Player "Biel FxR" (steam64id="76561198050836260") (Global): desloguei com quando voltei n tinha mais 
15:00:32: Player "[YKZ]-BlackBear" (steam64id="76561198343030820") (Global): loots dentro de tendas vão sumir
15:00:40: Player "Biel FxR" (steam64id="76561198050836260") (Global): tava na arma
15:19:36: Player "Vei" (steam64id="76561199151309705") (Global): safado
15:44:54: Player "bifinho" (steam64id="76561198065960720") (Global): wwww
15:50:14: Player "Tappes" (steam64id="76561198990092287") (Global): 0
16:48:45: Player "Plugue de Tomada" (steam64id="76561198311278343") (Global): a
16:48:51: Player "[ONE] PORVINHA" (steam64id="76561198426990483") (Global): b
16:48:55: Player "Jaba" (steam64id="76561199028346724") (Global): c
16:48:59: Player "MenoDuLins" (steam64id="76561198057614573") (Global): d
16:49:18: Player "MyAimTrash_i Know" (steam64id="76561199029793698") (Global): e
16:57:44: Player "cidadao  " (steam64id="76561199115414359") (Global): q isso junim
17:10:36: Player "Juninho Matador" (steam64id="76561198388298348") (Global): OPA
17:23:09: Player "MacLovin" (steam64id="76561199068236803") (Direct): thiagopenna na escuta?
17:23:16: Player "MacLovin" (steam64id="76561199068236803") (Global): thiagopenna na escuta?
18:06:22: Player "dede" (steam64id="76561198857712999") (Global): ]
19:03:53: Player "LFelipe" (steam64id="76561199232377127") (Global): jsalve
19:04:04: Player "LFelipe" (steam64id="76561199232377127") (Global): blz guiys
19:04:27: Player "cidadao  " (steam64id="76561199115414359") (Global): hay
19:14:21: Player "Crisl*" (steam64id="76561199274047332") (Global): .
19:15:36: Player "Crisl*" (steam64id="76561199274047332") (Global): .
19:41:12: Player "!VulgoLopes" (steam64id="76561199267048037") (Global): opa
19:41:35: Player "cidadao  " (steam64id="76561199115414359") (Global): opa
19:41:49: Player "!VulgoLopes" (steam64id="76561199267048037") (Global): TA ONDE
19:42:30: Player "GabrielDWR" (steam64id="76561199012612653") (Global): Alguém pra me ensinar o básico? comprei o jogo a 1 hora kk
19:42:36: Player "[YKZ]-BlackBear" (steam64id="76561198343030820") (Global): opa
19:42:44: Player "Crisl*" (steam64id="76561199274047332") (Global): fagames youtube
19:42:53: Player "Crisl*" (steam64id="76561199274047332") (Global): game é muito complexo em algumas coisas
19:42:54: Player "GabrielDWR" (steam64id="76561199012612653") (Global): já acompanho o canal dele a anos
19:43:05: Player "[YKZ]-BlackBear" (steam64id="76561198343030820") (Global): fagames joga do jeito dele man ^^
19:43:49: Player "GabrielDWR" (steam64id="76561199012612653") (Global): não acho nada além de capacetes e bastões luminosos kk
19:43:58: Player "[YKZ]-BlackBear" (steam64id="76561198343030820") (Global): mano dica
19:44:10: Player "[YKZ]-BlackBear" (steam64id="76561198343030820") (Global): vai nos carros de cenarios e casas 
19:44:27: Player "[YKZ]-BlackBear" (steam64id="76561198343030820") (Global): outra dica
19:44:39: Player "[YKZ]-BlackBear" (steam64id="76561198343030820") (Global): zumbi gritou pra vc ja defende
19:44:52: Player "[YKZ]-BlackBear" (steam64id="76561198343030820") (Global): coloca para tras e aperta botao direito do mouse
19:45:05: Player "[YKZ]-BlackBear" (steam64id="76561198343030820") (Global): espera ele da 2 porrada ai vc bate
19:46:14: Player "!VulgoLopes" (steam64id="76561199267048037") (Global): tem arma no server n mn
19:46:20: Player "!VulgoLopes" (steam64id="76561199267048037") (Global): pior q oficial
19:46:28: Player "Chaves" (steam64id="76561198329721265") (Global): aqui ta de boa
19:53:24: Player "GabrielDWR" (steam64id="76561199012612653") (Global): como rotaciona os itens no inv?
19:53:30: Player "Chaves" (steam64id="76561198329721265") (Global): espaço
19:53:32: Player "cidadao  " (steam64id="76561199115414359") (Global): espaço
20:22:35: Player "Leg1tzera" (steam64id="76561198285241998") (Global): alguem sabe o nome de algum serv com pouco mod e mt loot ?
20:51:07: Player "benja" (steam64id="76561198882824508") (Global): chaves cagon de mierda
20:51:17: Player "Chaves" (steam64id="76561198329721265") (Global): ez
20:51:35: Player "Chaves" (steam64id="76561198329721265") (Global): thanks dor vsd
20:52:05: Player "benja" (steam64id="76561198882824508") (Global): pussy
20:52:14: Player "benja" (steam64id="76561198882824508") (Global): go to the south instead of killing freshies 
20:52:18: Player "benja" (steam64id="76561198882824508") (Global): ****ing loser
20:52:18: Player "benja" (steam64id="76561198882824508") (Filter): fucking loser
21:33:22: Player "[YKZ]-BlackBear" (steam64id="76561198343030820") (Global): esse marreta é fake em kkk
22:16:34: Player "Alcanfor" (steam64id="76561198018104612") (Direct): alguien para team???
22:16:38: Player "Alcanfor" (steam64id="76561198018104612") (Direct): que hable español?
23:02:09: Player "KOREA" (steam64id="76561198253386609") (Admin): é isso?
23:02:27: Player "KOREA" (steam64id="76561198253386609") (Admin): isso é do modo de construir
23:02:35: Player "KOREA" (steam64id="76561198253386609") (Admin): tem que construir um pouco mais pra traz
23:02:49: Player "KOREA" (steam64id="76561198253386609") (Admin): isso
23:02:58: Player "KOREA" (steam64id="76561198253386609") (Admin): sim
23:03:06: Player "[YKZ]-BlackBear" (steam64id="76561198343030820") (Global): adimilson me da tp pra airfild kkkkkkkkkkkkkkk
23:03:14: Player "KOREA" (steam64id="76561198253386609") (Admin): 10 reais no pix
23:03:21: Player "[YKZ]-BlackBear" (steam64id="76561198343030820") (Global): taporra menó
23:03:29: Player "KOREA" (steam64id="76561198253386609") (Admin): bom jogo
23:03:30: Player "[YKZ]-BlackBear" (steam64id="76561198343030820") (Global): vou de canela 
23:03:33: Player "KOREA" (steam64id="76561198253386609") (Admin): precisar estou no discord
23:03:34: Player "[YKZ]-BlackBear" (steam64id="76561198343030820") (Global): flw mna
23:03:43: Player "[YKZ]-BlackBear" (steam64id="76561198343030820") (Global): flw man*
23:09:28: Player "Alcanfor" (steam64id="76561198018104612") (Direct): hola 
23:09:31: Player "Alcanfor" (steam64id="76561198018104612") (Direct): alguien ç
23:43:17: Player "[LGBTQIA+] S T R 1 P P 3 R - S" (steam64id="76561198114043394") (Global): parabens hein
23:43:25: Player "[LGBTQIA+] S T R 1 P P 3 R - S" (steam64id="76561198114043394") (Global): cato o loot e fugiu pra da um randola
23:43:42: Player "AiPolly" (steam64id="76561198072574279") (Global): onde isso strip ?
23:43:49: Player "[LGBTQIA+] S T R 1 P P 3 R - S" (steam64id="76561198114043394") (Global): numtereca
23:43:55: Player "AiPolly" (steam64id="76561198072574279") (Global): entao cala sua boca
23:44:07: Player "[LGBTQIA+] S T R 1 P P 3 R - S" (steam64id="76561198114043394") (Global): eu to digitando
23:44:08: Player "[LGBTQIA+] S T R 1 P P 3 R - S" (steam64id="76561198114043394") (Global): nao falando
23:44:12: Player "AiPolly" (steam64id="76561198072574279") (Global): xiu
23:44:22: Player "[LGBTQIA+] S T R 1 P P 3 R - S" (steam64id="76561198114043394") (Global): eu nao to fazendo barulho
23:44:39: Player "AiPolly" (steam64id="76561198072574279") (Global): trava na pose
23:49:07: Player "AiPolly" (steam64id="76561198072574279") (Global): dale tripa
