00:04:33: Player "[YKZ]-BlackBear" (steam64id="76561198343030820") (Global): SAGARA
00:04:47: Player "Sagara" (steam64id="76561198057660620") (Global): ?
00:04:59: Player "[YKZ]-BlackBear" (steam64id="76561198343030820") (Global): TU É PARCEIRO DO SEEAKER
00:05:02: Player "[YKZ]-BlackBear" (steam64id="76561198343030820") (Global): ?
00:05:10: Player "Sagara" (steam64id="76561198057660620") (Global): Não conheço mano
00:05:29: Player "[YKZ]-BlackBear" (steam64id="76561198343030820") (Global): certeza? -.-
00:05:48: Player "Sagara" (steam64id="76561198057660620") (Global): Pior que sim, não conheço mesmo
00:14:27: Player "[YKZ]-BlackBear" (steam64id="76561198343030820") (Global): treta ondeeee
00:49:32: Player "[YKZ]-BlackBear" (steam64id="76561198343030820") (Global): mano pode pegar seu loot ta aqui
01:58:22: Player "[YKZ]-BlackBear" (steam64id="76561198343030820") (Global): ae vcs ja acharam porta blindada?
01:58:58: Player "CharlinhoPsico" (steam64id="76561198366562144") (Global): não
01:58:59: Player "CharlinhoPsico" (steam64id="76561198366562144") (Global): que isso
01:59:35: Player "[YKZ]-BlackBear" (steam64id="76561198343030820") (Global): uma porta que parece de cofre
01:59:41: Player "[YKZ]-BlackBear" (steam64id="76561198343030820") (Global): porta blindada
01:59:45: Player "CharlinhoPsico" (steam64id="76561198366562144") (Global): não vi
01:59:54: Player "CharlinhoPsico" (steam64id="76561198366562144") (Global): tem como abrir isso?
02:00:02: Player "[YKZ]-BlackBear" (steam64id="76561198343030820") (Global): eu achei mas os zumbi me atacou e arruinou kkk
02:00:18: Player "[YKZ]-BlackBear" (steam64id="76561198343030820") (Global): tem sim pow só é uma porta mais bonita 
02:00:26: Player "[YKZ]-BlackBear" (steam64id="76561198343030820") (Global): vê la no discord
02:00:36: Player "CharlinhoPsico" (steam64id="76561198366562144") (Global): não tem nada de especial pra fazer?
02:01:00: Player "[YKZ]-BlackBear" (steam64id="76561198343030820") (Global): tem que fazer a base dela com metal pesado
02:01:11: Player "[YKZ]-BlackBear" (steam64id="76561198343030820") (Global): tem que fazer a base dela com metal pesado]
02:01:25: Player "CharlinhoPsico" (steam64id="76561198366562144") (Global): é de crafting? 
02:01:25: Player "[YKZ]-BlackBear" (steam64id="76561198343030820") (Global): tipo umas vigas de ferro 
02:01:42: Player "CharlinhoPsico" (steam64id="76561198366562144") (Global): pensei que era um "drop"
02:01:52: Player "[YKZ]-BlackBear" (steam64id="76561198343030820") (Global): nada 
02:02:26: Player "[YKZ]-BlackBear" (steam64id="76561198343030820") (Global): se achar marreta dourada guarde ^^
02:17:07: Player "[YKZ]-BlackBear" (steam64id="76561198343030820") (Global): so foi pra correr em kk
02:19:12: Player "[YKZ]-BlackBear" (steam64id="76561198343030820") (Global): se me achar dou 10 real
02:19:19: Player "[YKZ]-BlackBear" (steam64id="76561198343030820") (Global): to perto das garagens
02:19:21: Player "[YKZ]-BlackBear" (steam64id="76561198343030820") (Global): kkk
02:33:10: Player "FisFacu" (steam64id="76561198339726200") (Global): camperando faz quanto tempo sjhdjashlskdasl
02:33:35: Player "[YKZ]-BlackBear" (steam64id="76561198343030820") (Global): um sniper nunca fica no mesmo lugar sem silenciador
02:35:02: Player "FisFacu" (steam64id="76561198339726200") (Global): vai jogar sniper elite se vai camperar ksjdksajdkasj
02:35:08: Player "[YKZ]-BlackBear" (steam64id="76561198343030820") (Global): kkkk
02:35:38: Player "[YKZ]-BlackBear" (steam64id="76561198343030820") (Global): cara como que vc n morreu com esse tiro?
02:35:41: Player "[YKZ]-BlackBear" (steam64id="76561198343030820") (Global): O..O
02:35:49: Player "FisFacu" (steam64id="76561198339726200") (Global): sei la tava full vida
02:35:54: Player "FisFacu" (steam64id="76561198339726200") (Global): foi na cabez
02:36:01: Player "[YKZ]-BlackBear" (steam64id="76561198343030820") (Global): o sangue ta agarrado kkkk
03:01:54: Player "FisFacu" (steam64id="76561198339726200") (Global): nossa q vergonha sdkasjdkasjkda
03:01:59: Player "[YKZ]-BlackBear" (steam64id="76561198343030820") (Global): ?
03:02:16: Player "[YKZ]-BlackBear" (steam64id="76561198343030820") (Global): seu amigo ta bem aqui e pensa que eu n tenho fone kkk
03:02:46: Player "FisFacu" (steam64id="76561198339726200") (Global): q tem q ve meu amigo kjskdjkasda
03:02:56: Player "FisFacu" (steam64id="76561198339726200") (Global): so vc pode campera 
03:02:59: Player "FisFacu" (steam64id="76561198339726200") (Global): ta bopm kskjdaskda
03:03:05: Player "[YKZ]-BlackBear" (steam64id="76561198343030820") (Global): vou sair aqui man oega o loot la
03:03:11: Player "[YKZ]-BlackBear" (steam64id="76561198343030820") (Global): pera
03:03:18: Player "[YKZ]-BlackBear" (steam64id="76561198343030820") (Global): pega*****
03:03:20: Player "FisFacu" (steam64id="76561198339726200") (Global): ja sumiu
03:08:34: Player "[YKZ]-BlackBear" (steam64id="76561198343030820") (Global): ai man vou deixar tudo que to no corpo pra vc 
03:08:38: Player "[YKZ]-BlackBear" (steam64id="76561198343030820") (Global): to saindo
03:08:57: Player "FisFacu" (steam64id="76561198339726200") (Global): vai sumir tudo
03:09:05: Player "Seekerzao" (steam64id="76561198067793781") (Global): mato os cara ae Black?
03:09:06: Player "FisFacu" (steam64id="76561198339726200") (Global): to aparecendo longue pra carai
03:09:07: Player "Seekerzao" (steam64id="76561198067793781") (Global): kkkkkkk
03:09:08: Player "[YKZ]-BlackBear" (steam64id="76561198343030820") (Global): vai n ta fora do corpo
03:10:27: Player "[YKZ]-BlackBear" (steam64id="76561198343030820") (Global): ta tudo fora do corpo pega la
03:10:30: Player "[YKZ]-BlackBear" (steam64id="76561198343030820") (Global): fui
03:10:37: Player "[YKZ]-BlackBear" (steam64id="76561198343030820") (Global): e deixa nossos carros la seu porra
03:10:38: Player "FisFacu" (steam64id="76561198339726200") (Global): ta obg
03:10:42: Player "FisFacu" (steam64id="76561198339726200") (Global): kshdasjjKSD
03:10:50: Player "FisFacu" (steam64id="76561198339726200") (Global): ta bom
03:10:56: Player "[YKZ]-BlackBear" (steam64id="76561198343030820") (Global): amanha chama no discord do servidor pow
03:11:05: Player "FisFacu" (steam64id="76561198339726200") (Global): nao tenho ods
03:11:23: Player "[YKZ]-BlackBear" (steam64id="76561198343030820") (Global): esc e serv info
03:11:30: Player "FisFacu" (steam64id="76561198339726200") (Global): peguei
03:11:33: Player "[YKZ]-BlackBear" (steam64id="76561198343030820") (Global): fuiz
03:18:43: Player "Seekerzao" (steam64id="76561198067793781") (Global): fis facu
03:18:48: Player "Seekerzao" (steam64id="76561198067793781") (Global): tratado de paz pra lootear?
03:58:01: Player "FisFacu" (steam64id="76561198339726200") (Global): q foi isso
04:13:42: Player "Seekerzao" (steam64id="76561198067793781") (Global): salve fis
04:13:49: Player "FisFacu" (steam64id="76561198339726200") (Global): alo
04:13:53: Player "Seekerzao" (steam64id="76561198067793781") (Global): tratado de paz?
04:13:57: Player "FisFacu" (steam64id="76561198339726200") (Global): blz
04:13:57: Player "Seekerzao" (steam64id="76561198067793781") (Global): pro farm
04:14:04: Player "Seekerzao" (steam64id="76561198067793781") (Global): noiz
04:14:16: Player "FisFacu" (steam64id="76561198339726200") (Global): to querendo fazer base nao encontro nd ksksksks
04:14:23: Player "Seekerzao" (steam64id="76561198067793781") (Global): oque tu precisa?
04:14:27: Player "FisFacu" (steam64id="76561198339726200") (Global): tudo xd
04:14:34: Player "Seekerzao" (steam64id="76561198067793781") (Global): tenho umas paradas pra te ajudar
04:14:36: Player "Seekerzao" (steam64id="76561198067793781") (Global): prego
04:14:39: Player "Seekerzao" (steam64id="76561198067793781") (Global): arame
04:14:40: Player "Seekerzao" (steam64id="76561198067793781") (Global): serrote
04:15:05: Player "FisFacu" (steam64id="76561198339726200") (Global): oloko
04:15:16: Player "Seekerzao" (steam64id="76561198067793781") (Global): se quiser
04:15:26: Player "Seekerzao" (steam64id="76561198067793781") (Global): assim que eu montar meu traje nbq aqui posso te passar
04:15:55: Player "FisFacu" (steam64id="76561198339726200") (Global): ta bom 
04:15:58: Player "FisFacu" (steam64id="76561198339726200") (Global): obg
04:16:32: Player "Seekerzao" (steam64id="76561198067793781") (Global): vo montar o traje pra ver o loot da area contaminada
04:16:45: Player "FisFacu" (steam64id="76561198339726200") (Global): onde tem essa area?
04:16:59: Player "Seekerzao" (steam64id="76561198067793781") (Global): mano perto do Airfield
04:17:14: Player "FisFacu" (steam64id="76561198339726200") (Global): a ta
04:18:42: Player "Seekerzao" (steam64id="76561198067793781") (Global): vai ser portao pequeno ou o portao grande que vc vai usar?
04:19:09: Player "FisFacu" (steam64id="76561198339726200") (Global): nem sei onde vou fazer a base akasjkda
04:19:13: Player "Seekerzao" (steam64id="76561198067793781") (Global): kkkkkk
04:19:19: Player "Seekerzao" (steam64id="76561198067793781") (Global): procura um lugar bom e me fala
04:19:28: Player "FisFacu" (steam64id="76561198339726200") (Global): pra porta pequenha nao precisa o metal ne?
04:19:39: Player "Seekerzao" (steam64id="76561198067793781") (Global): nem pro grande
04:19:44: Player "Seekerzao" (steam64id="76561198067793781") (Global): metal e opcional
04:20:22: Player "FisFacu" (steam64id="76561198339726200") (Global): arame * kjasdjasd
04:20:29: Player "FisFacu" (steam64id="76561198339726200") (Global): falei metal q animal
04:20:34: Player "Seekerzao" (steam64id="76561198067793781") (Global): arame e obrogatorio pra qualquer portao
04:20:44: Player "FisFacu" (steam64id="76561198339726200") (Global): ah blz
04:20:59: Player "Seekerzao" (steam64id="76561198067793781") (Global): pq com ele vcv faz as dobradicas
04:21:05: Player "FisFacu" (steam64id="76561198339726200") (Global): a
04:21:12: Player "FisFacu" (steam64id="76561198339726200") (Global): i o pinça
04:21:24: Player "Seekerzao" (steam64id="76561198067793781") (Global): pinca?
04:21:26: Player "FisFacu" (steam64id="76561198339726200") (Global): alicate
04:21:33: Player "Seekerzao" (steam64id="76561198067793781") (Global): ele e pra usar so no aramae
04:21:35: Player "Seekerzao" (steam64id="76561198067793781") (Global): arame
04:21:45: Player "FisFacu" (steam64id="76561198339726200") (Global): mais tmb preciso?
04:21:55: Player "Seekerzao" (steam64id="76561198067793781") (Global): precisa mais eu tenho 1 pra ti
04:22:03: Player "FisFacu" (steam64id="76561198339726200") (Global): ahh blz obg
04:22:40: Player "FisFacu" (steam64id="76561198339726200") (Global): eu tinha quasi tudo mais perdi cuando o cara me matou xd
04:22:59: Player "Seekerzao" (steam64id="76561198067793781") (Global): putz ae e foda
04:23:00: Player "Seekerzao" (steam64id="76561198067793781") (Global): kkk
04:24:49: Player "Seekerzao" (steam64id="76561198067793781") (Global): vai precisar de pa ou picareta tbm ta
04:25:00: Player "FisFacu" (steam64id="76561198339726200") (Global): ahh tenho sim
04:25:18: Player "Seekerzao" (steam64id="76561198067793781") (Global): corda ?
04:25:26: Player "FisFacu" (steam64id="76561198339726200") (Global): isso nao
04:25:40: Player "Seekerzao" (steam64id="76561198067793781") (Global): eu tenho vo pegar a roupa rapidao aqui
04:25:45: Player "Seekerzao" (steam64id="76561198067793781") (Global): e vc cola na minha base
04:25:52: Player "FisFacu" (steam64id="76561198339726200") (Global): blz
04:25:55: Player "Seekerzao" (steam64id="76561198067793781") (Global): tem alguma caixa de 1000 slots ae?
04:26:22: Player "FisFacu" (steam64id="76561198339726200") (Global): nao taba tentando procurar alguma caixa o algo mais nada achei
04:26:41: Player "Seekerzao" (steam64id="76561198067793781") (Global): tendi qualquer coisa eu levo pra tu
04:26:50: Player "Seekerzao" (steam64id="76561198067793781") (Global): tenho uma caixa de vip dum maluco que matei
04:27:00: Player "FisFacu" (steam64id="76561198339726200") (Global): kkkkk como assim sdkjaksdjka
04:27:08: Player "Seekerzao" (steam64id="76561198067793781") (Global): uma caixa amarela
04:27:13: Player "Seekerzao" (steam64id="76561198067793781") (Global): tem 1000 slots
04:27:18: Player "Seekerzao" (steam64id="76561198067793781") (Global): e o cara tava carregand ela
04:27:20: Player "Seekerzao" (steam64id="76561198067793781") (Global): atirou em mim
04:27:23: Player "Seekerzao" (steam64id="76561198067793781") (Global): e se fudfeu
04:27:30: Player "FisFacu" (steam64id="76561198339726200") (Global): ksdjkaskd oloko
04:27:34: Player "Seekerzao" (steam64id="76561198067793781") (Global): kkkkkkk
04:27:42: Player "FisFacu" (steam64id="76561198339726200") (Global): se ferro
04:29:14: Player "Seekerzao" (steam64id="76561198067793781") (Global): vai em melkart
04:29:18: Player "Seekerzao" (steam64id="76561198067793781") (Global): e procura nas construcoes
04:29:23: Player "Seekerzao" (steam64id="76561198067793781") (Global): la vc vai achar mta coisa
04:29:28: Player "Seekerzao" (steam64id="76561198067793781") (Global): e nas warehouses tbm
04:29:43: Player "FisFacu" (steam64id="76561198339726200") (Global): to aq em melkart
04:30:07: Player "FisFacu" (steam64id="76561198339726200") (Global): quero uma base com telhado
04:30:16: Player "Seekerzao" (steam64id="76561198067793781") (Global): usa um galpao
04:30:33: Player "FisFacu" (steam64id="76561198339726200") (Global): sim?
04:30:40: Player "Seekerzao" (steam64id="76561198067793781") (Global): pera
04:30:45: Player "FisFacu" (steam64id="76561198339726200") (Global): os grande do porto ?
04:30:54: Player "Seekerzao" (steam64id="76561198067793781") (Global): de zona rural po
04:30:58: Player "Seekerzao" (steam64id="76561198067793781") (Global): sao maiores
04:31:04: Player "Seekerzao" (steam64id="76561198067793781") (Global): e mais dificil de tomar uma raid
04:31:20: Player "FisFacu" (steam64id="76561198339726200") (Global): ahhh acho q sei qual e
04:38:32: Player "FisFacu" (steam64id="76561198339726200") (Global): Encontrei um depósito algo semelhante
04:38:59: Player "FisFacu" (steam64id="76561198339726200") (Global): tem portao azu
04:59:36: Player "Seekerzao" (steam64id="76561198067793781") (Global): cheguei na zona toxica me deseje sorte
04:59:44: Player "FisFacu" (steam64id="76561198339726200") (Global): kkkk sorte ae
04:59:52: Player "FisFacu" (steam64id="76561198339726200") (Global): fala q coisa encontra
05:16:34: Player "Seekerzao" (steam64id="76561198067793781") (Global): a opmiao rapida
05:16:36: Player "Seekerzao" (steam64id="76561198067793781") (Global): nao vale a pena
05:16:43: Player "Seekerzao" (steam64id="76561198067793781") (Global): nao explorei td pq meu filtro acabou
05:16:47: Player "Seekerzao" (steam64id="76561198067793781") (Global): mas nada de wow
05:17:03: Player "FisFacu" (steam64id="76561198339726200") (Global): sdjkajkdaks
05:25:35: Player "Seekerzao" (steam64id="76561198067793781") (Global): a melhor parte de tudo e que simplesmente minha roupa que deixei fora da zona sumiu
05:25:36: Player "Seekerzao" (steam64id="76561198067793781") (Global): kkkkkkkkkkkkk
05:25:48: Player "FisFacu" (steam64id="76561198339726200") (Global): mrds asashdasjdjsa
05:26:09: Player "Seekerzao" (steam64id="76561198067793781") (Global): vou procurar mais filtro pra ter ctz de que n vale a pena
05:26:09: Player "FisFacu" (steam64id="76561198339726200") (Global): como fazo o kit de construzao
05:26:25: Player "Seekerzao" (steam64id="76561198067793781") (Global): corda e graveto vc faz a cerca
05:28:21: Player "Seekerzao" (steam64id="76561198067793781") (Global): se vc falou algo eu n vi
05:28:37: Player "FisFacu" (steam64id="76561198339726200") (Global): nao nada
05:28:50: Player "FisFacu" (steam64id="76561198339726200") (Global): mano so falta code pra fazer base ;-; 
05:28:56: Player "FisFacu" (steam64id="76561198339726200") (Global): e tenho q sair
05:29:06: Player "FisFacu" (steam64id="76561198339726200") (Global): vou fazer uma parede xd
05:29:09: Player "Seekerzao" (steam64id="76561198067793781") (Global): code tenho tbm n
05:29:19: Player "Seekerzao" (steam64id="76561198067793781") (Global): se eu achar codew eu te entrego amnah
05:29:35: Player "FisFacu" (steam64id="76561198339726200") (Global): ohh blz mano obg
05:29:40: Player "Seekerzao" (steam64id="76561198067793781") (Global): noix
05:30:31: Player "FisFacu" (steam64id="76561198339726200") (Global): flw mano boa noite
05:30:36: Player "Seekerzao" (steam64id="76561198067793781") (Global): flw boa noite
07:51:00: Player "Seekerzao" (steam64id="76561198067793781") (Global): SALVE JAPA
07:51:27: Player "Seekerzao" (steam64id="76561198067793781") (Global): SALVE MANO
07:51:31: Player "[ONE] JAPA" (steam64id="76561198161060673") (Global): salvee
07:51:38: Player "Seekerzao" (steam64id="76561198067793781") (Global): SE ME VER MATA N TO SO PEGANDO AGUA
07:51:46: Player "[ONE] JAPA" (steam64id="76561198161060673") (Global): rlx
07:51:48: Player "[ONE] JAPA" (steam64id="76561198161060673") (Global): to de boa
07:51:52: Player "Seekerzao" (steam64id="76561198067793781") (Global): NOIXX
07:51:53: Player "[ONE] JAPA" (steam64id="76561198161060673") (Global): bora lootear dboas
07:52:00: Player "Seekerzao" (steam64id="76561198067793781") (Global): SIM
07:52:05: Player "[ONE] JAPA" (steam64id="76561198161060673") (Global): é nois
07:52:10: Player "Seekerzao" (steam64id="76561198067793781") (Global): ja fiz um fazrm bastante bao hj
07:52:16: Player "Seekerzao" (steam64id="76561198067793781") (Global): so vou repor as aguas e dormir
07:52:17: Player "Seekerzao" (steam64id="76561198067793781") (Global): kkkkkkk
07:52:35: Player "[ONE] JAPA" (steam64id="76561198161060673") (Global): kkkk
08:05:15: Player "Seekerzao" (steam64id="76561198067793781") (Global): japa ta por lascuta?
08:05:31: Player "[ONE] JAPA" (steam64id="76561198161060673") (Global): não
08:05:36: Player "[ONE] JAPA" (steam64id="76561198161060673") (Global): to la pro sul
08:05:40: Player "Seekerzao" (steam64id="76561198067793781") (Global): vixi
08:05:55: Player "[ONE] JAPA" (steam64id="76561198161060673") (Global): precisa de ajuda?
08:06:13: Player "Seekerzao" (steam64id="76561198067793781") (Global): lotado de lobo em lascuta e minhas municao acabou
08:06:18: Player "Seekerzao" (steam64id="76561198067793781") (Global): mais vou resolver aqui
08:06:24: Player "[ONE] JAPA" (steam64id="76561198161060673") (Global): blz
08:06:25: Player "Seekerzao" (steam64id="76561198067793781") (Global): vo meter granada
08:11:49: Player "Seekerzao" (steam64id="76561198067793781") (Global): perdi vida pra caraleo na granada
08:11:51: Player "Seekerzao" (steam64id="76561198067793781") (Global): kkkkkkkkkkkkkkkkk
08:11:59: Player "[ONE] JAPA" (steam64id="76561198161060673") (Global): kkkkk
08:12:06: Player "[ONE] JAPA" (steam64id="76561198161060673") (Global): tu ta perto do spawn
08:12:14: Player "[ONE] JAPA" (steam64id="76561198161060673") (Global): deixa o loot num canto e se mata
08:12:25: Player "Seekerzao" (steam64id="76561198067793781") (Global): vou fazer bem isso msm
09:52:45: Player "Dehxter " (steam64id="76561198977282463") (Global): bora lecaooo
09:57:45: Player "AlicinhaFerraz" (steam64id="76561199207813177") (Global): Dani
09:57:47: Player "AlicinhaFerraz" (steam64id="76561199207813177") (Global): Dc
10:26:31: Player "AlicinhaFerraz" (steam64id="76561199207813177") (Global): Cade vcs bbs?
10:27:08: Player "AlicinhaFerraz" (steam64id="76561199207813177") (Global): So osv viciados essa hr
10:50:09: Player "leco255" (steam64id="76561198123102703") (Global): www
11:21:59: Player "AlicinhaFerraz" (steam64id="76561199207813177") (Global): Miauu
11:22:19: Player "[L.B] Santorin" (steam64id="76561199069721527") (Global): nhauuu
11:35:55: Player "[L.B] Santorin" (steam64id="76561199069721527") (Global): boa bolsonaro
11:35:57: Player "[L.B] Santorin" (steam64id="76561199069721527") (Global): tou cntg mano
11:36:00: Player "[L.B] Santorin" (steam64id="76561199069721527") (Global): nois '-'
13:33:34: Player "Claudinha" (steam64id="76561198057660141") (Global): boa tarde
13:33:37: Player "[HORDA]ThiagoPenna" (steam64id="76561198218822351") (Global): boa tarde
13:33:40: Player "ttuker" (steam64id="76561198971813376") (Global): boa
13:33:47: Player "[YKZ]-BlackBear" (steam64id="76561198343030820") (Global): boa
13:33:56: Player "[YKZ]-BlackBear" (steam64id="76561198343030820") (Global): to procurando elas kk
13:33:59: Player "ttuker" (steam64id="76561198971813376") (Global): me desaparecio la puerta blindada con el code admin
13:34:02: Player "Claudinha" (steam64id="76561198057660141") (Global): nao gostei, o estilista delas foi muito mal pago
13:34:13: Player "[HORDA]ThiagoPenna" (steam64id="76561198218822351") (Global): kkkkk
13:34:17: Player "Claudinha" (steam64id="76561198057660141") (Global): quero roupa fashion
13:34:57: Player "[YKZ]-BlackBear" (steam64id="76561198343030820") (Global): ae adimilson ja pode usar as tendas normal?
13:35:53: Player "[YKZ]-BlackBear" (steam64id="76561198343030820") (Global): pos é percebi que essa att veio com uns defeitos kk
13:35:56: Player "[HORDA]ThiagoPenna" (steam64id="76561198218822351") (Global): qual tenda ta bugada? a azul de toldo pra mim ta normal
13:36:14: Player "[L.B]TropaDoEnguisa" (steam64id="76561198211423224") (Global): mais mod de roupa para ter menos armas
13:36:22: Player "[L.B]TropaDoEnguisa" (steam64id="76561198211423224") (Global): tem lugar q n vale a pena ir mais só p farma
13:36:52: Player "[YKZ]-BlackBear" (steam64id="76561198343030820") (Global): ae admilson uma dica coloque loot raro na zona toxica
13:37:03: Player "[YKZ]-BlackBear" (steam64id="76561198343030820") (Global): )O..
13:37:05: Player "MarcoLa" (steam64id="76561198352149308") (Global): onde é zona toxica?
13:37:15: Player "[L.B]TropaDoEnguisa" (steam64id="76561198211423224") (Global): nao tem nada na zona
13:37:18: Player "[L.B]TropaDoEnguisa" (steam64id="76561198211423224") (Global): ja fui lá
13:37:44: Player "[YKZ]-BlackBear" (steam64id="76561198343030820") (Global): zona toxica no meu quarto quando eu peido 
13:37:46: Player "[YKZ]-BlackBear" (steam64id="76561198343030820") (Global): =]
13:38:12: Player "WinchesterPT" (steam64id="76561198889552675") (Global): 30 zonas militares sem arma lol
13:38:16: Player "[HORDA]ThiagoPenna" (steam64id="76561198218822351") (Global): estranho, tudo q botei na minha continua no lugar
13:38:32: Player "WinchesterPT" (steam64id="76561198889552675") (Global): respawn bosta
13:38:35: Player "[YKZ]-BlackBear" (steam64id="76561198343030820") (Global): as militares tem arma normal pra mim
13:38:43: Player "Claudinha" (steam64id="76561198057660141") (Global): kkkkkkkkkkkkkkkkkkkkk
13:38:47: Player "Claudinha" (steam64id="76561198057660141") (Global): respawn bosta kkkkkkk
13:38:54: Player "WinchesterPT" (steam64id="76561198889552675") (Global): nao achei nem 1 arma porra
13:38:57: Player "Claudinha" (steam64id="76561198057660141") (Global): esse nao sabe lotear
13:38:58: Player "WinchesterPT" (steam64id="76561198889552675") (Global): so blaze
13:39:04: Player "[YKZ]-BlackBear" (steam64id="76561198343030820") (Global): comassimbaby
13:39:14: Player "[HORDA]ThiagoPenna" (steam64id="76561198218822351") (Global): carai, ta reclamando da blaze? nao quer me da
13:39:17: Player "[L.B]TropaDoEnguisa" (steam64id="76561198211423224") (Global): ja fui na zona
13:39:25: Player "WinchesterPT" (steam64id="76561198889552675") (Global): to falando de  assalta
13:39:29: Player "[YKZ]-BlackBear" (steam64id="76561198343030820") (Global): tem que ver se outra pessoa não passou primeiro do que vc rapaz
13:39:30: Player "WinchesterPT" (steam64id="76561198889552675") (Global): assalt
13:39:34: Player "Josema420" (steam64id="76561198278742213") (Global): online
13:39:40: Player "Josema420" (steam64id="76561198278742213") (Global): how i can see the online players?
13:39:42: Player "WinchesterPT" (steam64id="76561198889552675") (Global): nao chei nem 1 no mapa todo
13:39:50: Player "[YKZ]-BlackBear" (steam64id="76561198343030820") (Global): P
13:39:55: Player "WinchesterPT" (steam64id="76561198889552675") (Global): josoema press P
13:40:03: Player "Josema420" (steam64id="76561198278742213") (Global): alguien español?
13:40:07: Player "ttuker" (steam64id="76561198971813376") (Global): yo
13:40:18: Player "Josema420" (steam64id="76561198278742213") (Global): ttuker tenes discord?
13:40:20: Player "[HORDA]ThiagoPenna" (steam64id="76561198218822351") (Global): oloco, oq mais tem no mapa e AK
13:40:28: Player "[HORDA]ThiagoPenna" (steam64id="76561198218822351") (Global): cansei de achar ak full
13:40:43: Player "WinchesterPT" (steam64id="76561198889552675") (Global): NAO ACHEI NEM 1
13:40:47: Player "[L.B]TropaDoEnguisa" (steam64id="76561198211423224") (Global): n achei nada
13:40:48: Player "[YKZ]-BlackBear" (steam64id="76561198343030820") (Global): eu so acho fall e ma e aug
13:40:52: Player "[HORDA]ThiagoPenna" (steam64id="76561198218822351") (Global): passaram antes entao
13:40:55: Player "[YKZ]-BlackBear" (steam64id="76561198343030820") (Global): m e aug4
13:40:56: Player "WinchesterPT" (steam64id="76561198889552675") (Global): so blaze e doi fora de zona militar
13:41:03: Player "[HORDA]ThiagoPenna" (steam64id="76561198218822351") (Global): a fall eu nunca mais vi kkkkkk
13:41:05: Player "WinchesterPT" (steam64id="76561198889552675") (Global): foi mesmo depois do restart
13:41:14: Player "[HORDA]ThiagoPenna" (steam64id="76561198218822351") (Global): meu sonho e achar silenciador pra M4
13:41:22: Player "[YKZ]-BlackBear" (steam64id="76561198343030820") (Global): que issso meu amigo 
13:41:24: Player "[HORDA]ThiagoPenna" (steam64id="76561198218822351") (Global): so acho o de AK
13:41:38: Player "[YKZ]-BlackBear" (steam64id="76561198343030820") (Global): uma dica parem de lotear só militar kkk
13:41:51: Player "[YKZ]-BlackBear" (steam64id="76561198343030820") (Global): andem nas cidades 
13:41:58: Player "MarcoLa" (steam64id="76561198352149308") (Global): achei uma lar no meio da cidade
13:42:01: Player "[YKZ]-BlackBear" (steam64id="76561198343030820") (Global): tem casa que dropa coisa muito boa
13:42:04: Player "[HORDA]ThiagoPenna" (steam64id="76561198218822351") (Global): quem lotea militar? kkkkkkkkkkk
13:42:11: Player "[HORDA]ThiagoPenna" (steam64id="76561198218822351") (Global): la vou so pra trocar tiro
13:42:40: Player "[YKZ]-BlackBear" (steam64id="76561198343030820") (Global): e tu arruma capa e plate onde?
13:42:43: Player "[HORDA]ThiagoPenna" (steam64id="76561198218822351") (Global): a maioria das armas achei em casas
13:42:44: Player "[YKZ]-BlackBear" (steam64id="76561198343030820") (Global): O.o
13:43:21: Player "[YKZ]-BlackBear" (steam64id="76561198343030820") (Global): tem que ir na area militar de qualquer jeito
13:43:27: Player "[YKZ]-BlackBear" (steam64id="76561198343030820") (Global): pq os pente de fall dropa la kkk
13:43:37: Player "ttuker" (steam64id="76561198971813376") (Global): sisis
13:43:40: Player "ttuker" (steam64id="76561198971813376") (Global): tengo dosc
13:43:40: Player "[HORDA]ThiagoPenna" (steam64id="76561198218822351") (Global): mas nao precisa ser aquele farme eterno de so militar pra arrumar arma
13:43:42: Player "ttuker" (steam64id="76561198971813376") (Global): disc
13:43:54: Player "[YKZ]-BlackBear" (steam64id="76561198343030820") (Global): sim
13:44:07: Player "[HORDA]ThiagoPenna" (steam64id="76561198218822351") (Global): m4 mesmo achei muitas em melkart
13:44:20: Player "[YKZ]-BlackBear" (steam64id="76561198343030820") (Global): exatamente ademillsin
13:44:23: Player "[HORDA]ThiagoPenna" (steam64id="76561198218822351") (Global): vou pra la so com uma mochila e volto carregado
13:44:38: Player "[YKZ]-BlackBear" (steam64id="76561198343030820") (Global): servidor ta muito bom =]
13:44:43: Player "[YKZ]-BlackBear" (steam64id="76561198343030820") (Global): faz o cara andar ele todo
13:44:54: Player "[HORDA]ThiagoPenna" (steam64id="76561198218822351") (Global): militar vou so pra pegar o q precisa e saio fora
13:46:42: Player "[YKZ]-BlackBear" (steam64id="76561198343030820") (Global): rapaz um xcorte e o sangue vai igual cerveja
13:48:41: Player "[HORDA]ThiagoPenna" (steam64id="76561198218822351") (Global): rapaziada, achei uma lata de sprey de mod....alguem sabe pra que serve?
13:48:48: Player "[YKZ]-BlackBear" (steam64id="76561198343030820") (Global): pintar
13:49:05: Player "[HORDA]ThiagoPenna" (steam64id="76561198218822351") (Global): oO
13:49:14: Player "[YKZ]-BlackBear" (steam64id="76561198343030820") (Global): kkk
13:56:44: Player "ttuker" (steam64id="76561198971813376") (Global): gg manito
14:26:25: Player "Rogerio123" (steam64id="76561198114278091") (Global): eai moçada d boas
14:28:26: Player "Josema420" (steam64id="76561198278742213") (Global): ALGUIEN ESP?
14:28:31: Player "Claudinha" (steam64id="76561198057660141") (Global): yo
14:28:35: Player "Josema420" (steam64id="76561198278742213") (Global): sale discord?
14:28:43: Player "Claudinha" (steam64id="76561198057660141") (Global): esc> informacion del servidor
14:29:09: Player "Josema420" (steam64id="76561198278742213") (Global): que tiene?
14:29:15: Player "Josema420" (steam64id="76561198278742213") (Global): no se puede?
14:29:39: Player "Josema420" (steam64id="76561198278742213") (Global): ??
14:29:42: Player "Josema420" (steam64id="76561198278742213") (Global): clau
14:29:44: Player "Claudinha" (steam64id="76561198057660141") (Global): si?
14:29:58: Player "Josema420" (steam64id="76561198278742213") (Global): sale discord o no bro?
14:30:04: Player "Claudinha" (steam64id="76561198057660141") (Global): si
14:30:09: Player "Josema420" (steam64id="76561198278742213") (Global): pasamelo
14:30:18: Player "Claudinha" (steam64id="76561198057660141") (Global): necessitas adientrar pressionando esc> server information
14:30:45: Player "Josema420" (steam64id="76561198278742213") (Global): you speak spanish?
14:30:55: Player "Claudinha" (steam64id="76561198057660141") (Global): si yo hablo
14:31:04: Player "Josema420" (steam64id="76561198278742213") (Global): y por que me dices lo de informacion?
14:31:15: Player "Claudinha" (steam64id="76561198057660141") (Global): poruqe el discord estas la
14:31:20: Player "Josema420" (steam64id="76561198278742213") (Global): no lo veooo
14:31:27: Player "Josema420" (steam64id="76561198278742213") (Global): en que parte de la informacion
14:31:40: Player "Claudinha" (steam64id="76561198057660141") (Global): pressiona esc, e depues server information, abaho tiene boton del discord
14:31:56: Player "Claudinha" (steam64id="76561198057660141") (Global): manco
14:32:14: Player "Rogerio123" (steam64id="76561198114278091") (Global): alguem fala portugues?
14:32:20: Player "Claudinha" (steam64id="76561198057660141") (Global): eu
14:32:20: Player "TripaSeca" (steam64id="76561198093060507") (Global): si
14:32:22: Player "TripaSeca" (steam64id="76561198093060507") (Global): digo 
14:32:23: Player "TripaSeca" (steam64id="76561198093060507") (Global): sim
14:32:24: Player "Josema420" (steam64id="76561198278742213") (Global): Estoy en la sala 1 clau
14:32:50: Player "Rogerio123" (steam64id="76561198114278091") (Global): estou no canto superior do mapa alguem por perto?
14:48:07: Player "Josema420" (steam64id="76561198278742213") (Global): como activo el caminar automatico??
15:06:06: Player "GBZERAA" (steam64id="76561198393275898") (Global): pvp aq ?
15:06:09: Player "GBZERAA" (steam64id="76561198393275898") (Global): ou pve
15:06:16: Player "Josema420" (steam64id="76561198278742213") (Global): where
15:06:19: Player "Igor" (steam64id="76561198329721265") (Global): os dois
15:08:55: Player "BAMBOOCHA" (steam64id="76561198973772652") (Direct): oi garotos!!!! kkkk
15:26:27: Player "Rogerio123" (steam64id="76561198114278091") (Global): fala boso
16:59:23: Player "=FURY= Biribinha" (steam64id="76561199031638818") (Global): boa tarde
16:59:41: Player "[ONE] JAPA" (steam64id="76561198161060673") (Global): boa tarde
17:09:49: Player "[L.B] Santorin" (steam64id="76561199069721527") (Global): entra discord infame
19:17:59: Player "Rogerio123" (steam64id="76561198114278091") (Global): mochilas somem em quanto tempo quando colocadas no chao??
19:18:40: Player "MendeL" (steam64id="76561198329721265") (Global): bastante tempo
19:19:04: Player "Rogerio123" (steam64id="76561198114278091") (Global): coloquei uma aki nao deu 5 min sumiu com tdo 
19:37:37: Player "Josema420" (steam64id="76561198278742213") (Global): buenas
19:37:54: Player "Vei" (steam64id="76561199151309705") (Global): BUENAS
19:45:28: Player "Josema420" (steam64id="76561198278742213") (Global): buenas
19:45:34: Player "Josema420" (steam64id="76561198278742213") (Global): alguien habla español?
19:45:50: Player "PEDRAO" (steam64id="76561199098626087") (Global): eu manito
19:46:19: Player "PEDRAO" (steam64id="76561199098626087") (Global): hablo pouquito
19:46:32: Player "MendeL" (steam64id="76561198329721265") (Global): a little bit
19:46:43: Player "PEDRAO" (steam64id="76561199098626087") (Global): kkkk
20:02:45: Player "Shadyyy" (steam64id="76561198145120164") (Global): wtf meu machado sumiu
20:08:45: Player "[L.B]TropaDoEnguisa" (steam64id="76561198211423224") (Global): coe gaucho entra no discord
20:08:55: Player "[L.B]TropaDoEnguisa" (steam64id="76561198211423224") (Global): nós jogava no server do pato junto
20:11:50: Player "[DGK] FALL" (steam64id="76561198878621400") (Global): como usa  o voip
20:12:01: Player "MendeL" (steam64id="76561198329721265") (Global): acho que é o caps
20:12:14: Player "[DGK] FALL" (steam64id="76561198878621400") (Global): vlw
20:12:29: Player "MendeL" (steam64id="76561198329721265") (Global): s2
20:19:06: Player "jhean" (steam64id="76561198819003355") (Global): alguem pra jogar junto?
20:26:43: Player "jhean" (steam64id="76561198819003355") (Global): OI  FALL
20:33:02: Player "Psico" (steam64id="76561199107524850") (Global): como tira essas marcações?
20:33:13: Player "PEDRAO" (steam64id="76561199098626087") (Global): y
20:33:39: Player "Psico" (steam64id="76561199107524850") (Global): a do map?a
20:33:59: Player "PEDRAO" (steam64id="76561199098626087") (Global): clica na marcacao 
20:34:07: Player "Psico" (steam64id="76561199107524850") (Global): pronto
20:34:08: Player "PEDRAO" (steam64id="76561199098626087") (Global): ai vai está deletar 
20:34:11: Player "PEDRAO" (steam64id="76561199098626087") (Global): vc deleta
20:34:13: Player "PEDRAO" (steam64id="76561199098626087") (Global): valeu
20:58:42: Player "CongaLaConga" (steam64id="76561198346938777") (Global): conga conga conga 
20:58:59: Player "Passo Largo" (steam64id="76561199203652654") (Global): pq eu ri disso kkk
20:59:08: Player "CongaLaConga" (steam64id="76561198346938777") (Global): cara esse serv
20:59:09: Player "CongaLaConga" (steam64id="76561198346938777") (Global): e pequeno
20:59:11: Player "CongaLaConga" (steam64id="76561198346938777") (Global): e so de pvp?
20:59:17: Player "Passo Largo" (steam64id="76561199203652654") (Global): é de tudo
20:59:33: Player "CongaLaConga" (steam64id="76561198346938777") (Global): mas tem amizade fair play
20:59:35: Player "CongaLaConga" (steam64id="76561198346938777") (Global): ou so tioreio
20:59:39: Player "CongaLaConga" (steam64id="76561198346938777") (Global): n sei joga mt bem
20:59:39: Player "Passo Largo" (steam64id="76561199203652654") (Global): rapaz
20:59:42: Player "Psico" (steam64id="76561199107524850") (Global): eu achei um mapa bem casual
20:59:47: Player "Passo Largo" (steam64id="76561199203652654") (Global): desconheço uma alma q tenha trocado uma ideia
20:59:55: Player "CongaLaConga" (steam64id="76561198346938777") (Global): kkkk
21:00:56: Player "Psico" (steam64id="76561199107524850") (Global): prefiro namalsk kkkk
21:01:03: Player "Passo Largo" (steam64id="76561199203652654") (Global): sei nao hein
21:01:06: Player "Passo Largo" (steam64id="76561199203652654") (Global): aqui ta mais dahora
21:01:17: Player "[YKZ]-BlackBear" (steam64id="76561198343030820") (Global): PRECIONE ESC E CLIQUE EM SAIR 
21:01:17: Player "CongaLaConga" (steam64id="76561198346938777") (Global): ALGUEM AJDUA E?
21:01:19: Player "CongaLaConga" (steam64id="76561198346938777") (Global): TO CDESCENDO
21:01:20: Player "CongaLaConga" (steam64id="76561198346938777") (Global): O
21:01:22: Player "CongaLaConga" (steam64id="76561198346938777") (Global): PRA ONUBA
21:01:23: Player "MendeL" (steam64id="76561198329721265") (Global): KKKKKKKKKKK
21:01:31: Player "CongaLaConga" (steam64id="76561198346938777") (Global): RI NAO FI
21:01:32: Player "Passo Largo" (steam64id="76561199203652654") (Global): kkkkkkk
21:01:43: Player "CongaLaConga" (steam64id="76561198346938777") (Global): ALGUEM DA UM REVORVI PR MI
21:01:45: Player "CongaLaConga" (steam64id="76561198346938777") (Global): SE DEFENDEE
21:01:48: Player "Psico" (steam64id="76561199107524850") (Global): alguem sabe como tira esse efeito do capacete de moto
21:01:54: Player "Passo Largo" (steam64id="76561199203652654") (Global): n tira
21:01:55: Player "Psico" (steam64id="76561199107524850") (Global): ?
21:01:57: Player "Passo Largo" (steam64id="76561199203652654") (Global): é realirmo
21:02:10: Player "[L.B]TropaDoEnguisa" (steam64id="76561198211423224") (Global): 1pp é isso
21:02:15: Player "[L.B]TropaDoEnguisa" (steam64id="76561198211423224") (Global): e sem cheira parede
21:02:27: Player "[YKZ] chron1c" (steam64id="76561198205585613") (Global): sem suvinil
21:03:22: Player "CongaLaConga" (steam64id="76561198346938777") (Global): SERVER SUA PROTECAO ACABOU
21:03:23: Player "CongaLaConga" (steam64id="76561198346938777") (Global): OQ SIGNICA FISO
21:03:29: Player "[L.B]TropaDoEnguisa" (steam64id="76561198211423224") (Global): bug
21:03:29: Player "Passo Largo" (steam64id="76561199203652654") (Global): q vc vai morrer
21:03:34: Player "[YKZ] chron1c" (steam64id="76561198205585613") (Global): que vc vai toma bala
21:03:39: Player "CongaLaConga" (steam64id="76561198346938777") (Global): OLOCO
21:03:40: Player "CongaLaConga" (steam64id="76561198346938777") (Global): PIAZADA
21:03:41: Player "Guijermo" (steam64id="76561198080701997") (Global): WWWWWWW
21:03:43: Player "[YKZ]-BlackBear" (steam64id="76561198343030820") (Global): CHAT DA UOL HJ?
21:04:06: Player "[L.B]TropaDoEnguisa" (steam64id="76561198211423224") (Global): só desativa o chat
21:04:14: Player "[YKZ]-BlackBear" (steam64id="76561198343030820") (Global): AINN ME DOEU
21:04:29: Player "CongaLaConga" (steam64id="76561198346938777") (Global): TO DE CAMISA ROSA
21:05:24: Player "CongaLaConga" (steam64id="76561198346938777") (Global): ANOITECEU EIN 
21:05:30: Player "CongaLaConga" (steam64id="76561198346938777") (Global): TO CHEGANDO DE BASTAO LUMINOSO
21:05:38: Player "[L.B]TropaDoEnguisa" (steam64id="76561198211423224") (Global): de lanterna
21:05:49: Player "CongaLaConga" (steam64id="76561198346938777") (Global): TO SEM AINDA
21:06:10: Player "[L.B]TropaDoEnguisa" (steam64id="76561198211423224") (Global): chega em melkart aqui nos apartamento
21:06:13: Player "[L.B]TropaDoEnguisa" (steam64id="76561198211423224") (Global): eu tenho
21:06:22: Player "[YKZ] Emissarius" (steam64id="76561198271087379") (Global): hmmmm
21:09:29: Player "[L.B] Santorin" (steam64id="76561199069721527") (Global): e esses tiro?
21:09:33: Player "[L.B] Santorin" (steam64id="76561199069721527") (Global): minha nossa
21:09:34: Player "Passo Largo" (steam64id="76561199203652654") (Global): onde?
21:09:38: Player "[L.B] Santorin" (steam64id="76561199069721527") (Global): descarregando
21:09:55: Player "[L.B]TropaDoEnguisa" (steam64id="76561198211423224") (Global): a bala cantando
21:10:31: Player "[L.B] Santorin" (steam64id="76561199069721527") (Global): chega estralar do lado do cara
21:10:33: Player "[L.B] Santorin" (steam64id="76561199069721527") (Global): os tiro
21:10:34: Player "[L.B] Santorin" (steam64id="76561199069721527") (Global): sapaspk
21:12:35: Player "ttuker" (steam64id="76561198971813376") (Global): no ordenaste tu papeleo anoche kowalski
21:13:43: Player "joao" (steam64id="76561199070971844") (Global): ola quem deixou um bife na churrasqueira obrigado
21:13:51: Player "[L.B] Santorin" (steam64id="76561199069721527") (Global): asuhashuaahus
21:16:43: Player "CongaLaConga" (steam64id="76561198346938777") (Global): to em onubia
21:16:46: Player "CongaLaConga" (steam64id="76561198346938777") (Global): to  c o virus
21:16:51: Player "CongaLaConga" (steam64id="76561198346938777") (Global): to gripado alguem sarva um generico ae
21:17:06: Player "[L.B]TropaDoEnguisa" (steam64id="76561198211423224") (Global): no posto ipiranga tem remedio
21:17:13: Player "CongaLaConga" (steam64id="76561198346938777") (Global): tem 1 helicoptero aki
21:17:35: Player "[YKZ] chron1c" (steam64id="76561198205585613") (Global): vai la amigo
21:17:43: Player "CongaLaConga" (steam64id="76561198346938777") (Global): to aki ja pegara mtd
21:17:52: Player "[YKZ] chron1c" (steam64id="76561198205585613") (Global): f
21:17:54: Player "TcheLoco" (steam64id="76561198099449370") (Global): melhorou?
21:19:05: Player "TcheLoco" (steam64id="76561198099449370") (Global): sim
21:19:44: Player "MendeL" (steam64id="76561198329721265") (Global): F conga
21:19:46: Player "TcheLoco" (steam64id="76561198099449370") (Global): perguntem
21:20:06: Player "[YKZ] chron1c" (steam64id="76561198205585613") (Global): la conga
21:26:51: Player "Passo Largo" (steam64id="76561199203652654") (Global): ai tche
21:26:55: Player "Passo Largo" (steam64id="76561199203652654") (Global): ta sozinho?
21:28:36: Player "TcheLoco" (steam64id="76561198099449370") (Global): desconectei aki
21:28:41: Player "ttuker" (steam64id="76561198971813376") (Global): oka
21:28:42: Player "Passo Largo" (steam64id="76561199203652654") (Global): entra ai mano
21:28:47: Player "Passo Largo" (steam64id="76561199203652654") (Global): tem muito loot aqui
21:28:49: Player "Passo Largo" (steam64id="76561199203652654") (Global): kkkkk
21:28:56: Player "Passo Largo" (steam64id="76561199203652654") (Global): ce ta aqui ainda?
21:29:34: Player "Passo Largo" (steam64id="76561199203652654") (Global): tche?
21:29:40: Player "TcheLoco" (steam64id="76561198099449370") (Global): voh nao .. tem pelo menos 2 marcando entrada ai;;;
21:29:49: Player "[YKZ] chron1c" (steam64id="76561198205585613") (Global): da onde?
21:29:50: Player "Passo Largo" (steam64id="76561199203652654") (Global): tem nao cara
21:30:01: Player "[YKZ]-BlackBear" (steam64id="76561198343030820") (Global): (o..o)
21:30:25: Player "Passo Largo" (steam64id="76561199203652654") (Global): tche
21:30:26: Player "Passo Largo" (steam64id="76561199203652654") (Global): joga solo?
22:25:44: Player "[YKZ]-BlackBear" (steam64id="76561198343030820") (Global): pedro
22:25:49: Player "[YKZ] pedrobala" (steam64id="76561198046653521") (Global): oi
22:26:04: Player "Todden" (steam64id="76561198013189715") (Global): English?
22:26:29: Player "MendeL" (steam64id="76561198329721265") (Global): a little bit
22:39:42: Player "Henke" (steam64id="76561198110592511") (Global): Como eu vejo quantos players tem?
22:39:46: Player "[YKZ]-BlackBear" (steam64id="76561198343030820") (Global): p
23:15:27: Player "G A T O" (steam64id="76561199207813177") (Global): Ferias na praia
23:15:43: Player "[YKZ]-BlackBear" (steam64id="76561198343030820") (Global): kkkkkkkkkkkkkkkkkkkkkkkkkkkkkkkkkkkkkkkkkkkk
23:15:59: Player "G A T O" (steam64id="76561199207813177") (Global): Hordas de ferias na praia
23:16:05: Player "Passo Largo" (steam64id="76561199203652654") (Global): wipados
23:16:08: Player "Hacan121" (steam64id="76561198345012092") (Global): KKKKKKKKKKKKKKKKKKK
23:16:09: Player "Biel FxR" (steam64id="76561198050836260") (Global): wipados bb
23:16:12: Player "[YKZ] Notsniw" (steam64id="76561197967151252") (Global): kkkkkkkkkkkkkkkkk
23:16:13: Player "Hacan121" (steam64id="76561198345012092") (Global): hehebOY
23:16:41: Player "tappes" (steam64id="76561198990092287") (Global): ALGUEM DA CLÃ?
23:16:56: Player "Passo Largo" (steam64id="76561199203652654") (Global): os horda tao precisando
23:17:05: Player "G A T O" (steam64id="76561199207813177") (Global): kkkkkkk
23:17:07: Player "[YKZ]-BlackBear" (steam64id="76561198343030820") (Global): koéee kkk
23:17:11: Player "Hacan121" (steam64id="76561198345012092") (Global): KKKKKKKKKKKKKKKKKKKKKKKKKKKKKK
23:17:13: Player "[HORDA] JHON WICK" (steam64id="76561198122075703") (Global): precisando d qe ?
23:17:15: Player "Biel FxR" (steam64id="76561198050836260") (Global): kkkkkkkkk
23:17:17: Player "Passo Largo" (steam64id="76561199203652654") (Global): de gente no clan po
23:17:19: Player "Passo Largo" (steam64id="76561199203652654") (Global): dps desse wipe
23:17:24: Player "Passo Largo" (steam64id="76561199203652654") (Global): eu recrutava uns 10 pelo menos
23:17:26: Player "[HORDA] JHON WICK" (steam64id="76561198122075703") (Global): tamo nao 
23:17:28: Player "tappes" (steam64id="76561198990092287") (Global): oq é wipe?
23:17:32: Player "Passo Largo" (steam64id="76561199203652654") (Global): wipe squad
23:17:39: Player "Passo Largo" (steam64id="76561199203652654") (Global): quando vc mata o time inteiro inimigo
23:17:42: Player "[HORDA]ThiagoPenna" (steam64id="76561198218822351") (Global): primeira vez q matou? ta emocionado
23:17:44: Player "tappes" (steam64id="76561198990092287") (Global): oloco top
23:17:58: Player "Biel FxR" (steam64id="76561198050836260") (Global): morto fala ?
23:18:01: Player "[HORDA] JHON WICK" (steam64id="76561198122075703") (Global): po mano desculpa tu chegou costa 
23:18:05: Player "[HORDA]ThiagoPenna" (steam64id="76561198218822351") (Global): uai, tu ta falando
23:18:07: Player "[HORDA] JHON WICK" (steam64id="76561198122075703") (Global): tavamos em trera
23:18:07: Player "Duerowww" (steam64id="76561198259492425") (Global): CALMA
23:18:22: Player "Passo Largo" (steam64id="76561199203652654") (Global): mas a treta foi com a gente
23:18:26: Player "[HORDA] JHON WICK" (steam64id="76561198122075703") (Global): claro q nao
23:18:28: Player "Passo Largo" (steam64id="76561199203652654") (Global): la do airfield
23:18:29: Player "Passo Largo" (steam64id="76561199203652654") (Global): kkk
23:18:38: Player "[HORDA] JHON WICK" (steam64id="76561198122075703") (Global): a treta era com os cara da torre do air fieldd
23:18:46: Player "Biel FxR" (steam64id="76561198050836260") (Global): somos todos negan
23:18:47: Player "Passo Largo" (steam64id="76561199203652654") (Global): sim
23:18:49: Player "Passo Largo" (steam64id="76561199203652654") (Global): era a gente kkk
23:18:50: Player "[HORDA] JHON WICK" (steam64id="76561198122075703") (Global): esse biel ee os amigo dele
23:18:58: Player "[HORDA] JHON WICK" (steam64id="76561198122075703") (Global): ata 
23:18:58: Player "Passo Largo" (steam64id="76561199203652654") (Global): kkkkk
23:19:00: Player "Passo Largo" (steam64id="76561199203652654") (Global): inocentes
23:19:05: Player "[HORDA] JHON WICK" (steam64id="76561198122075703") (Global): entao matei 2 de vcs 
23:19:07: Player "Biel FxR" (steam64id="76561198050836260") (Global): foram mt garotinhos
23:19:27: Player "[HORDA] JHON WICK" (steam64id="76561198122075703") (Global): biel tomou na boca 
23:19:35: Player "[HORDA] JHON WICK" (steam64id="76561198122075703") (Global): biel tomou na boca ta falando oque
23:19:35: Player "Biel FxR" (steam64id="76561198050836260") (Global): teu amigo tbm kk
23:19:39: Player "Passo Largo" (steam64id="76561199203652654") (Global): vc tbm kkk
23:19:39: Player "Biel FxR" (steam64id="76561198050836260") (Global): tomou 1
23:19:39: Player "[HORDA] JHON WICK" (steam64id="76561198122075703") (Global): kkkk
23:19:43: Player "Biel FxR" (steam64id="76561198050836260") (Global): tu errou 5 tiros
23:19:44: Player "Biel FxR" (steam64id="76561198050836260") (Global): kkkkkkkkkkk
23:19:46: Player "tappes" (steam64id="76561198990092287") (Global): gente
23:19:50: Player "[HORDA] JHON WICK" (steam64id="76561198122075703") (Global): suave
23:19:57: Player "tappes" (steam64id="76561198990092287") (Global): como faz a arma sair de muito danificado? pra danificado?
23:20:00: Player "[HORDA]ThiagoPenna" (steam64id="76561198218822351") (Global): emocionados =)
23:20:05: Player "Biel FxR" (steam64id="76561198050836260") (Global): kit limpeza de arma
23:20:16: Player "tappes" (steam64id="76561198990092287") (Global): valeu mano
23:20:16: Player "[YKZ] pedrobala" (steam64id="76561198046653521") (Global): falecido thiagopenna
23:20:28: Player "[YKZ] pedrobala" (steam64id="76561198046653521") (Global): meus pesames
23:20:43: Player "Duerowww" (steam64id="76561198259492425") (Global): meu pesa la piroca
23:20:44: Player "[YKZ] Notsniw" (steam64id="76561197967151252") (Global): kkkkkkkkkkkkkkkkkkkk
23:20:53: Player "tappes" (steam64id="76561198990092287") (Global): como faz o sangue sair do amarelo?
23:21:12: Player "[YKZ] Notsniw" (steam64id="76561197967151252") (Global): corta o pescoço
23:21:18: Player "tappes" (steam64id="76561198990092287") (Global): eu sou novo aqui no jogo
23:21:33: Player "[YKZ] pedrobala" (steam64id="76561198046653521") (Global): so saline bag e um outro kit la
23:21:38: Player "[YKZ]-BlackBear" (steam64id="76561198343030820") (Global): tapper
23:21:41: Player "[YKZ]-BlackBear" (steam64id="76561198343030820") (Global): tem dc
23:21:42: Player "[YKZ]-BlackBear" (steam64id="76561198343030820") (Global): ?
23:21:46: Player "tappes" (steam64id="76561198990092287") (Global): tenho sim
23:21:57: Player "[YKZ]-BlackBear" (steam64id="76561198343030820") (Global): chama la no discord do servidor
23:22:13: Player "tappes" (steam64id="76561198990092287") (Global): n tenho o disc do servior kkk
23:22:16: Player "tappes" (steam64id="76561198990092287") (Global): servidor*
23:22:33: Player "tappes" (steam64id="76561198990092287") (Global): .discord
23:22:35: Player "[YKZ]-BlackBear" (steam64id="76561198343030820") (Global): esc inf servidor
23:22:41: Player "MendeL" (steam64id="76561198329721265") (Admin): ESC/SERVER INFORMATION
23:22:55: Player "[YKZ]-BlackBear" (steam64id="76561198343030820") (Global): oinnnn ademilsonnn
23:23:02: Player "MendeL" (steam64id="76561198329721265") (Admin): Roi
23:23:06: Player "Passo Largo" (steam64id="76561199203652654") (Global): roi
23:23:28: Player "tappes" (steam64id="76561198990092287") (Global): chamei
23:40:57: Player "[YKZ]-BlackBear" (steam64id="76561198343030820") (Global): pedro
23:41:00: Player "[YKZ] pedrobala" (steam64id="76561198046653521") (Global): oi
23:41:12: Player "[YKZ]-BlackBear" (steam64id="76561198343030820") (Global): aceita tappes na party
