00:06:56: Player "Diorno" (steam64id="76561198142139495") (Global): deixei uma galinha no seu corpo
00:07:07: Player "Diorno" (steam64id="76561198142139495") (Global): oferenda
00:13:35: Player "[YKZ]-tappes" (steam64id="76561198990092287") (Global): existe
00:13:37: Player "[YKZ]-tappes" (steam64id="76561198990092287") (Global): é reset
00:17:28: Player "[YKZ]-tappes" (steam64id="76561198990092287") (Global): tem
00:17:44: Player "[YKZ]-tappes" (steam64id="76561198990092287") (Global): láaaaaaaaaaaaaaaaaaa
00:23:42: Player "[YKZ]-tappes" (steam64id="76561198990092287") (Global): ligaão
00:23:48: Player "[YKZ]-tappes" (steam64id="76561198990092287") (Global): s
00:24:32: Player "[YKZ]-tappes" (steam64id="76561198990092287") (Global): sss
01:53:50: Player "DinizBr" (steam64id="76561198128517157") (Direct): kkkkkk
01:55:26: Player "DinizBr" (steam64id="76561198128517157") (Direct): quem me matou
02:37:25: Player "Seekerzao" (steam64id="76561198067793781") (Global): salve familia
02:37:27: Player "MenoDuLins" (steam64id="76561198057614573") (Global): OPA
02:37:32: Player "[YKZ]-tappes" (steam64id="76561198990092287") (Global): salve
02:37:41: Player "Diorno" (steam64id="76561198142139495") (Global): aoba
02:38:23: Player "Seekerzao" (steam64id="76561198067793781") (Global): todo mundo na paz?
02:38:29: Player "[YKZ]-tappes" (steam64id="76561198990092287") (Global): temu
02:38:29: Player "MenoDuLins" (steam64id="76561198057614573") (Global): tem que ta
02:38:31: Player "Diorno" (steam64id="76561198142139495") (Global): maisomenos
02:38:36: Player "Diorno" (steam64id="76561198142139495") (Global): pessoal tava se matando
02:38:40: Player "[YKZ]-BlackBear" (steam64id="76561198343030820") (Global): iae seeker sempre nas madruga em 
02:38:47: Player "Seekerzao" (steam64id="76561198067793781") (Global): falaa black
02:38:50: Player "Seekerzao" (steam64id="76561198067793781") (Global): cheguei agr em casa
02:38:57: Player "Seekerzao" (steam64id="76561198067793781") (Global): tava trampando um pouco ne
02:39:05: Player "[YKZ]-BlackBear" (steam64id="76561198343030820") (Global): ai sim
02:43:27: Player "[YKZ]-tappes" (steam64id="76561198990092287") (Global): black q isso
02:43:42: Player "[YKZ]-BlackBear" (steam64id="76561198343030820") (Global): o que?
02:43:52: Player "[YKZ]-tappes" (steam64id="76561198990092287") (Global): tiro tiro
02:43:58: Player "[YKZ]-BlackBear" (steam64id="76561198343030820") (Global): onde?
02:44:02: Player "[YKZ]-tappes" (steam64id="76561198990092287") (Global): ai em tu
02:44:06: Player "[YKZ]-BlackBear" (steam64id="76561198343030820") (Global): aqui n 
02:44:12: Player "[YKZ]-BlackBear" (steam64id="76561198343030820") (Global): to ouvindo nada 
02:44:23: Player "[YKZ]-tappes" (steam64id="76561198990092287") (Global): oxe
02:46:03: Player "[YKZ]-tappes" (steam64id="76561198990092287") (Global): se
02:47:08: Player "Seekerzao" (steam64id="76561198067793781") (Global): hj vo colar na zoan toxica denovo
02:47:15: Player "[YKZ]-tappes" (steam64id="76561198990092287") (Global): amizade
02:47:16: Player "[YKZ]-tappes" (steam64id="76561198990092287") (Global): paz
02:47:18: Player "[YKZ]-BlackBear" (steam64id="76561198343030820") (Global): to voltando dela ^^
02:47:19: Player "[YKZ]-tappes" (steam64id="76561198990092287") (Global): sou ruim
02:47:19: Player "Seekerzao" (steam64id="76561198067793781") (Global): apesar de ter me broxado no dia que fui la
02:47:24: Player "Seekerzao" (steam64id="76561198067793781") (Global): deu bom?
02:48:30: Player "[YKZ]-BlackBear" (steam64id="76561198343030820") (Global): mandei print
02:48:33: Player "Seekerzao" (steam64id="76561198067793781") (Global): eu vi
02:48:34: Player "Seekerzao" (steam64id="76561198067793781") (Global): krl
02:48:56: Player "[YKZ]-BlackBear" (steam64id="76561198343030820") (Global): o filtro de carvão vai igual agua O..O
02:49:01: Player "Seekerzao" (steam64id="76561198067793781") (Global): vai
02:49:03: Player "Seekerzao" (steam64id="76561198067793781") (Global): eu aprendi
02:49:13: Player "Seekerzao" (steam64id="76561198067793781") (Global): leva 1 mascara com 2 filtros
02:49:23: Player "Seekerzao" (steam64id="76561198067793781") (Global): e leva uma mascara daquelas que ja tem filtro embutido
02:49:30: Player "Seekerzao" (steam64id="76561198067793781") (Global): fica 2 hrs la dentro suave
02:49:37: Player "[YKZ]-BlackBear" (steam64id="76561198343030820") (Global): ss e comprimido de carvão hehe
02:49:44: Player "[YKZ]-BlackBear" (steam64id="76561198343030820") (Global): eita porra
02:49:59: Player "Seekerzao" (steam64id="76561198067793781") (Global): vou la dps do reinicio do server
02:50:05: Player "[YKZ]-BlackBear" (steam64id="76561198343030820") (Global): vai sim
02:50:31: Player "[YKZ]-BlackBear" (steam64id="76561198343030820") (Global): ursoooooo pai amadoooooooooooo
02:50:36: Player "Seekerzao" (steam64id="76561198067793781") (Global): mano
02:50:46: Player "Seekerzao" (steam64id="76561198067793781") (Global): eu matei um urso na Airfield
02:50:51: Player "Seekerzao" (steam64id="76561198067793781") (Global): bugado dentro de um dormitorio
02:50:55: Player "Seekerzao" (steam64id="76561198067793781") (Global): tomei um sustao
02:51:21: Player "[YKZ]-BlackBear" (steam64id="76561198343030820") (Global): crlh caiu heli aqui de novo 
02:51:28: Player "Seekerzao" (steam64id="76561198067793781") (Global): to no modo pacifico hj quero treta com ngm
02:51:28: Player "[YKZ]-BlackBear" (steam64id="76561198343030820") (Global): pqp vou voltar nem fodendo
02:51:30: Player "[YKZ]-tappes" (steam64id="76561198990092287") (Global): ta perto de tu?
02:51:34: Player "Seekerzao" (steam64id="76561198067793781") (Global): quer ajuda?
02:51:43: Player "[YKZ]-tappes" (steam64id="76561198990092287") (Global): tamo indo 
02:51:43: Player "Seekerzao" (steam64id="76561198067793781") (Global): manda localizacao no discord que eu colo
02:51:50: Player "[YKZ]-BlackBear" (steam64id="76561198343030820") (Global): vou deslogar tenho que acorda 6h kkkkkkkkkk]
02:51:59: Player "[YKZ]-BlackBear" (steam64id="76561198343030820") (Global): vou mandar ai tu vai la
02:52:06: Player "Seekerzao" (steam64id="76561198067793781") (Global): manda que nois te resgata
02:52:28: Player "[YKZ]-BlackBear" (steam64id="76561198343030820") (Global): caiu aqui do lado da area toxica pow 
02:52:37: Player "[YKZ]-tappes" (steam64id="76561198990092287") (Global): to chegando
02:52:49: Player "[YKZ]-BlackBear" (steam64id="76561198343030820") (Global): eu to indo pra base
02:52:57: Player "[YKZ]-BlackBear" (steam64id="76561198343030820") (Global): vai la vcs 2
02:53:17: Player "[YKZ]-tappes" (steam64id="76561198990092287") (Global): mds n chega nunca
02:53:21: Player "[YKZ]-tappes" (steam64id="76561198990092287") (Global): vou pra base
02:53:22: Player "[YKZ]-tappes" (steam64id="76561198990092287") (Global): sono
02:54:07: Player "Seekerzao" (steam64id="76561198067793781") (Global): ja carreguei a Vaiga com 3 tambores de 20 municoes
02:54:18: Player "[YKZ]-BlackBear" (steam64id="76561198343030820") (Global): kkk caraiuu
02:54:18: Player "[YKZ]-tappes" (steam64id="76561198990092287") (Global): paz
02:54:29: Player "Seekerzao" (steam64id="76561198067793781") (Global): kkkkkkkk
02:54:32: Player "Seekerzao" (steam64id="76561198067793781") (Global): to pacifico
02:54:51: Player "Seekerzao" (steam64id="76561198067793781") (Global): to com uma Pioneer tbm em
02:54:52: Player "[YKZ]-tappes" (steam64id="76561198990092287") (Global): ainda bem
02:55:09: Player "[YKZ]-tappes" (steam64id="76561198990092287") (Global): to pelado
02:55:10: Player "[YKZ]-tappes" (steam64id="76561198990092287") (Global): nem vem
02:55:31: Player "Seekerzao" (steam64id="76561198067793781") (Global): vo atras de uma CR 500 Savanna
02:55:39: Player "[YKZ]-tappes" (steam64id="76561198990092287") (Global): sonho
02:55:44: Player "Seekerzao" (steam64id="76561198067793781") (Global): eu tenho uma ja
02:55:44: Player "[YKZ]-BlackBear" (steam64id="76561198343030820") (Global): to com 2 muito pika das galaxia
02:55:53: Player "Seekerzao" (steam64id="76561198067793781") (Global): mais e bom ter 2 pra ficar na reserva
02:56:11: Player "Seekerzao" (steam64id="76561198067793781") (Global): black tenho a FAL
02:56:16: Player "Seekerzao" (steam64id="76561198067793781") (Global): se tu quiser ela passa na base
02:56:33: Player "[YKZ]-BlackBear" (steam64id="76561198343030820") (Global): fica com ela pra vc 
02:56:35: Player "[YKZ]-tappes" (steam64id="76561198990092287") (Global): seek
02:56:38: Player "Seekerzao" (steam64id="76561198067793781") (Global): eu
02:56:39: Player "[YKZ]-BlackBear" (steam64id="76561198343030820") (Global): presente hehe
02:56:45: Player "Seekerzao" (steam64id="76561198067793781") (Global): n acho carregador dela
02:56:51: Player "[YKZ]-tappes" (steam64id="76561198990092287") (Global): mata zombie com ela
02:56:54: Player "[YKZ]-BlackBear" (steam64id="76561198343030820") (Global): tenho um aqui 
02:56:54: Player "[YKZ]-tappes" (steam64id="76561198990092287") (Global): 5 de uma vez
02:56:56: Player "[YKZ]-tappes" (steam64id="76561198990092287") (Global): ve se vai
02:57:06: Player "Seekerzao" (steam64id="76561198067793781") (Global): ta doido
02:57:12: Player "Seekerzao" (steam64id="76561198067793781") (Global): matar zombie com ele
02:57:19: Player "Seekerzao" (steam64id="76561198067793781") (Global): vem zombie ate de Melkart
02:57:24: Player "Seekerzao" (steam64id="76561198067793781") (Global): por conta do barulho
02:57:29: Player "[YKZ]-tappes" (steam64id="76561198990092287") (Global): kkkkkkkkkkkkk
02:57:45: Player "[YKZ]-BlackBear" (steam64id="76561198343030820") (Global): kkkk
02:59:13: Player "[YKZ]-BlackBear" (steam64id="76561198343030820") (Global): eu n aguento mais acha ak 101 desgraçaaaaaaaaaaaaa
02:59:20: Player "Seekerzao" (steam64id="76561198067793781") (Global): traz pra mim
02:59:21: Player "Seekerzao" (steam64id="76561198067793781") (Global): kkkk
02:59:35: Player "[YKZ]-BlackBear" (steam64id="76561198343030820") (Global): demoroo
02:59:49: Player "Seekerzao" (steam64id="76561198067793781") (Global): eu n aguento achar e KOLT e FX
02:59:53: Player "[YKZ]-tappes" (steam64id="76561198990092287") (Global): ba noite
03:00:06: Player "[YKZ]-tappes" (steam64id="76561198990092287") (Global): chei de lobo em melkart hein
03:00:17: Player "[YKZ]-BlackBear" (steam64id="76561198343030820") (Global): ja vai tapper:?
03:00:19: Player "[YKZ]-tappes" (steam64id="76561198990092287") (Global): ja
03:00:29: Player "[YKZ]-tappes" (steam64id="76561198990092287") (Global): amanha 8:00 tem q  ta on dnv
03:00:35: Player "[YKZ]-BlackBear" (steam64id="76561198343030820") (Global): deixa eu chegar ai
03:00:41: Player "[YKZ]-BlackBear" (steam64id="76561198343030820") (Global): kkkkk
03:01:11: Player "[YKZ]-tappes" (steam64id="76561198990092287") (Global): vou matar os lobos aqui
03:01:13: Player "[YKZ]-tappes" (steam64id="76561198990092287") (Global): ve se acho
03:01:24: Player "[YKZ]-tappes" (steam64id="76561198990092287") (Global): air drop na praia po
03:01:53: Player "Seekerzao" (steam64id="76561198067793781") (Global): vo la no Airfiled
03:01:56: Player "Seekerzao" (steam64id="76561198067793781") (Global): tem alguem la?
03:02:18: Player "[YKZ]-tappes" (steam64id="76561198990092287") (Global): nao
03:02:23: Player "[YKZ]-BlackBear" (steam64id="76561198343030820") (Global): acho q nao
03:02:32: Player "[YKZ]-tappes" (steam64id="76561198990092287") (Global): diorno ta longe
03:02:39: Player "[YKZ]-tappes" (steam64id="76561198990092287") (Global): tem
03:02:41: Player "[YKZ]-tappes" (steam64id="76561198990092287") (Global): urso só
03:02:43: Player "[YKZ]-tappes" (steam64id="76561198990092287") (Global): ovo matar
03:03:51: Player "Seekerzao" (steam64id="76561198067793781") (Global): ta matando urso?>
03:03:58: Player "[YKZ]-tappes" (steam64id="76561198990092287") (Global): tomando pau msm
03:04:04: Player "Seekerzao" (steam64id="76561198067793781") (Global): to ouvindo os tiros
03:04:05: Player "Seekerzao" (steam64id="76561198067793781") (Global): kkkkkkkkkkkk
03:04:27: Player "[YKZ]-tappes" (steam64id="76561198990092287") (Global): f
03:04:27: Player "Diorno" (steam64id="76561198142139495") (Global): só rajadao kkkkkkkk
03:05:17: Player "[YKZ]-tappes" (steam64id="76561198990092287") (Global): tomou 2
03:05:19: Player "[YKZ]-tappes" (steam64id="76561198990092287") (Global): ta morto
03:05:21: Player "[YKZ]-tappes" (steam64id="76561198990092287") (Global): confia
03:06:29: Player "Seekerzao" (steam64id="76561198067793781") (Global): Achei oque eu precisava
03:06:29: Player "[YKZ]-tappes" (steam64id="76561198990092287") (Global): boa noite guys
03:06:32: Player "Seekerzao" (steam64id="76561198067793781") (Global): um kit barril
03:06:37: Player "Seekerzao" (steam64id="76561198067793781") (Global): boa noite man
03:06:54: Player "[YKZ]-tappes" (steam64id="76561198990092287") (Global): tmj
03:06:55: Player "Diorno" (steam64id="76561198142139495") (Global): flw meu nobre
03:06:58: Player "[YKZ]-BlackBear" (steam64id="76561198343030820") (Global): flww
03:07:06: Player "Seekerzao" (steam64id="76561198067793781") (Global): Diorno tu ta #paz?
03:07:09: Player "Seekerzao" (steam64id="76561198067793781") (Global): ou ta agressivo?
03:07:19: Player "Seekerzao" (steam64id="76561198067793781") (Global): paz ou agressivo?
03:07:34: Player "[YKZ]-BlackBear" (steam64id="76561198343030820") (Global): kkkk
03:13:05: Player "Diorno" (steam64id="76561198142139495") (Global): só queria carregador da deagle
03:13:08: Player "Diorno" (steam64id="76561198142139495") (Global): D:
03:13:12: Player "Diorno" (steam64id="76561198142139495") (Global): achei mira
03:13:24: Player "[YKZ]-BlackBear" (steam64id="76561198343030820") (Global): porra achou o mais dificil
03:13:35: Player "Diorno" (steam64id="76561198142139495") (Global): dei mta sorte
03:13:47: Player "Diorno" (steam64id="76561198142139495") (Global): tenho algumas muniçoes
03:13:50: Player "[YKZ]-BlackBear" (steam64id="76561198343030820") (Global): pra kct
03:14:01: Player "Seekerzao" (steam64id="76561198067793781") (Global): ela usa 357?
03:14:04: Player "[YKZ]-BlackBear" (steam64id="76561198343030820") (Global): s
03:14:11: Player "Diorno" (steam64id="76561198142139495") (Global): sim
03:14:24: Player "Seekerzao" (steam64id="76561198067793781") (Global): putz pior que eu uso um revolver com 357 mas so tenho 10 municoes senao te dava
03:14:40: Player "[YKZ]-BlackBear" (steam64id="76561198343030820") (Global): nos predios de melkart dropa 
03:14:54: Player "[YKZ]-BlackBear" (steam64id="76561198343030820") (Global): não aqueles grandes os pequenos tipo casas
03:15:02: Player "Diorno" (steam64id="76561198142139495") (Global): la pra baixo mais um pouco tbm dropa mas mt dificl
03:15:30: Player "Seekerzao" (steam64id="76561198067793781") (Global): vo lootear umas armar Diorno
03:15:38: Player "Seekerzao" (steam64id="76561198067793781") (Global): se eu achar carregador de Eagle te dou
03:15:44: Player "Diorno" (steam64id="76561198142139495") (Global): humilde
03:15:49: Player "Diorno" (steam64id="76561198142139495") (Global): mas ja estou deslogando
03:15:55: Player "Seekerzao" (steam64id="76561198067793781") (Global): amanha te passo
03:15:56: Player "Diorno" (steam64id="76561198142139495") (Global): boa noite pra quem fica o/
03:15:59: Player "Seekerzao" (steam64id="76561198067793781") (Global): flw man
03:16:07: Player "Diorno" (steam64id="76561198142139495") (Global): bom jogo pra vcs
03:16:10: Player "[YKZ]-BlackBear" (steam64id="76561198343030820") (Global): só queria uma morena... =[
03:16:19: Player "[YKZ]-BlackBear" (steam64id="76561198343030820") (Global): flw man
03:20:27: Player "[YKZ]-BlackBear" (steam64id="76561198343030820") (Global): crlh man eu to igual tarado atras de porta blindada
03:20:44: Player "Seekerzao" (steam64id="76561198067793781") (Global): vixi
03:20:54: Player "[YKZ]-BlackBear" (steam64id="76561198343030820") (Global): e marreta de ouro kk
03:21:15: Player "Seekerzao" (steam64id="76561198067793781") (Global): porra marreta de ouro se pa eu tenho pra te dar amanha em
03:21:36: Player "[YKZ]-BlackBear" (steam64id="76561198343030820") (Global): precisa n pow ela é sua 
03:21:42: Player "Seekerzao" (steam64id="76561198067793781") (Global): eu n vou usar
03:21:52: Player "Seekerzao" (steam64id="76561198067793781") (Global): to em guerra com ngm n
03:21:53: Player "[YKZ]-BlackBear" (steam64id="76561198343030820") (Global): vamo usar junto heheh
03:22:04: Player "Seekerzao" (steam64id="76561198067793781") (Global): ai vc tem um ponto\
03:22:07: Player "Seekerzao" (steam64id="76561198067793781") (Global): kkkkkkkkkkk
03:32:20: Player "[YKZ]-BlackBear" (steam64id="76561198343030820") (Global): flw man
03:32:22: Player "[YKZ]-BlackBear" (steam64id="76561198343030820") (Global): fui 
03:32:23: Player "Seekerzao" (steam64id="76561198067793781") (Global): flw man
03:32:25: Player "[YKZ]-BlackBear" (steam64id="76561198343030820") (Global): bom jogo
03:32:25: Player "Seekerzao" (steam64id="76561198067793781") (Global): noix
03:36:36: Player "Seekerzao" (steam64id="76561198067793781") (Global): salve tuker
03:36:54: Player "ttuker" (steam64id="76561198971813376") (Global): uep
03:37:09: Player "Seekerzao" (steam64id="76561198067793781") (Global): tratado de paz pra farmar?
03:37:19: Player "ttuker" (steam64id="76561198971813376") (Global): dale
09:34:30: Player "MarcoLa" (steam64id="76561198352149308") (Global): fuzil
09:34:31: Player "MarcoLa" (steam64id="76561198352149308") (Global): ta ai?
09:46:15: Player "MarcoLa" (steam64id="76561198352149308") (Global): fuzil
09:46:18: Player "MarcoLa" (steam64id="76561198352149308") (Global): alo
11:15:28: Player "[YKZ]-tappes" (steam64id="76561198990092287") (Global): bundinha
12:01:58: Player "[YKZ]-tappes" (steam64id="76561198990092287") (Global): roi gato
12:37:21: Player "[YKZ]-tappes" (steam64id="76561198990092287") (Global): f gato :(
12:45:07: Player "Betinho_maluco" (steam64id="76561198057627157") (Global): SACAnagem isso ae em
12:45:10: Player "[YKZ]-tappes" (steam64id="76561198990092287") (Global): né
12:45:15: Player "[YKZ]-tappes" (steam64id="76561198990092287") (Global): desloga com medo de morrer
12:45:17: Player "[YKZ]-tappes" (steam64id="76561198990092287") (Global): kk
12:45:24: Player "Hacan121" (steam64id="76561198345012092") (Global): e um merda mesmo
12:45:25: Player "G A T O" (steam64id="76561199207813177") (Global): Eu fui cagar kkkkk
12:45:29: Player "Betinho_maluco" (steam64id="76561198057627157") (Global): porra meo
12:45:29: Player "Hacan121" (steam64id="76561198345012092") (Global): alias boa tappes
12:45:31: Player "G A T O" (steam64id="76561199207813177") (Global): Sabia nem que tu tava aqui
12:45:32: Player "[YKZ]-tappes" (steam64id="76561198990092287") (Global): po
12:45:33: Player "Betinho_maluco" (steam64id="76561198057627157") (Global): filha da putagem isso
12:45:35: Player "[L.B]TropaDoEnguisa" (steam64id="76561198211423224") (Global): pessoal meu eprsonagem dá dando uns gemido e ta com simbolo de  doença
12:45:39: Player "[L.B]TropaDoEnguisa" (steam64id="76561198211423224") (Global): só q n perco vida
12:45:42: Player "[L.B]TropaDoEnguisa" (steam64id="76561198211423224") (Global): sabem oq é?
12:45:45: Player "Betinho_maluco" (steam64id="76561198057627157") (Global): infecçao
12:45:50: Player "Betinho_maluco" (steam64id="76561198057627157") (Global): 4 tetracline
12:45:53: Player "[YKZ]-tappes" (steam64id="76561198990092287") (Global): infecção
12:45:57: Player "[YKZ]-tappes" (steam64id="76561198990092287") (Global): boa oq manin?
12:45:59: Player "[YKZ]-tappes" (steam64id="76561198990092287") (Global): n li kk
12:46:03: Player "[L.B]TropaDoEnguisa" (steam64id="76561198211423224") (Global): eita dificil vai se acha
12:46:10: Player "G A T O" (steam64id="76561199207813177") (Global): Juro, fui cagar
12:46:16: Player "Betinho_maluco" (steam64id="76561198057627157") (Global): vsf na real
12:46:19: Player "Betinho_maluco" (steam64id="76561198057627157") (Global): eu tava ai dentro
12:46:24: Player "Betinho_maluco" (steam64id="76561198057627157") (Global): sai por um segundo
12:46:25: Player "G A T O" (steam64id="76561199207813177") (Global): Daniel ficou pra lootear os dois.
12:46:28: Player "Betinho_maluco" (steam64id="76561198057627157") (Global): voltei e morri
12:46:58: Player "[YKZ]-tappes" (steam64id="76561198990092287") (Global): o gato
12:47:01: Player "[YKZ]-tappes" (steam64id="76561198990092287") (Global): deixa meus item ai
12:47:02: Player "[YKZ]-tappes" (steam64id="76561198990092287") (Global): confia
12:47:05: Player "[YKZ]-tappes" (steam64id="76561198990092287") (Global): mes q vem chego
12:47:10: Player "G A T O" (steam64id="76561199207813177") (Global): kkkkk
12:47:14: Player "Hacan121" (steam64id="76561198345012092") (Global): mlk eu tava 2 km
12:47:23: Player "Hacan121" (steam64id="76561198345012092") (Global): apareceu 5 lobo vtnc
12:47:26: Player "[YKZ]-tappes" (steam64id="76561198990092287") (Global): sim
12:47:31: Player "[YKZ]-tappes" (steam64id="76561198990092287") (Global): esses lobos vsfd
12:48:18: Player "Betinho_maluco" (steam64id="76561198057627157") (Global): corno desgraçado
12:48:32: Player "G A T O" (steam64id="76561199207813177") (Global): kkkkkk
12:48:45: Player "Betinho_maluco" (steam64id="76561198057627157") (Global): loga atras do cara
12:48:47: Player "Betinho_maluco" (steam64id="76561198057627157") (Global): pora meo
12:49:11: Player "Hacan121" (steam64id="76561198345012092") (Global): claudinha entra na pohha do discord
12:49:18: Player "[YKZ]-tappes" (steam64id="76561198990092287") (Global): o agato
12:49:22: Player "[YKZ]-tappes" (steam64id="76561198990092287") (Global): tu foi cagar
12:49:25: Player "[YKZ]-tappes" (steam64id="76561198990092287") (Global): bah
12:49:31: Player "[YKZ]-tappes" (steam64id="76561198990092287") (Global): o cara cagou no termo correto
12:50:45: Player "Passo Largo" (steam64id="76561199203652654") (Global): cola ai tapes
12:50:47: Player "Passo Largo" (steam64id="76561199203652654") (Global): vem pegar teu loot
12:50:53: Player "[YKZ]-tappes" (steam64id="76561198990092287") (Global): to longe
12:51:05: Player "[YKZ]-tappes" (steam64id="76561198990092287") (Global): fui digitar
12:51:06: Player "[YKZ]-tappes" (steam64id="76561198990092287") (Global): murri
12:51:07: Player "Passo Largo" (steam64id="76561199203652654") (Global): agr o betinho n pega n
12:51:11: Player "Passo Largo" (steam64id="76561199203652654") (Global): so quem tem tag de ykz pega
12:51:25: Player "G A T O" (steam64id="76561199207813177") (Global): Vcs da Ykz sao parceiros.
12:51:33: Player "Passo Largo" (steam64id="76561199203652654") (Global): parceiras =)
12:51:33: Player "[YKZ]-tappes" (steam64id="76561198990092287") (Global): add ent ai <3
12:51:43: Player "Passo Largo" (steam64id="76561199203652654") (Global): calma
12:51:46: Player "Passo Largo" (steam64id="76561199203652654") (Global): a treta prevalece
12:51:50: Player "Passo Largo" (steam64id="76561199203652654") (Global): mas o loot nois comaprtilha kkkk
12:52:09: Player "[YKZ]-tappes" (steam64id="76561198990092287") (Global): bah meu
12:52:11: Player "[YKZ]-tappes" (steam64id="76561198990092287") (Global): 8 km
12:52:59: Player "[YKZ]-tappes" (steam64id="76561198990092287") (Global): o melhor
12:53:01: Player "[YKZ]-tappes" (steam64id="76561198990092287") (Global): gato
12:53:05: Player "[YKZ]-tappes" (steam64id="76561198990092287") (Global): fui entrar la
12:53:07: Player "[YKZ]-tappes" (steam64id="76561198990092287") (Global): pra me curar
12:53:11: Player "[YKZ]-tappes" (steam64id="76561198990092287") (Global): tava com 3 furo de zobie
12:54:21: Player "Betinho_maluco" (steam64id="76561198057627157") (Global): arrombado
12:54:23: Player "Betinho_maluco" (steam64id="76561198057627157") (Global): combat login
12:54:26: Player "Betinho_maluco" (steam64id="76561198057627157") (Global): do caralho
12:58:57: Player "[YKZ]-tappes" (steam64id="76561198990092287") (Global): chega nunca
12:59:01: Player "[YKZ]-tappes" (steam64id="76561198990092287") (Global): 5km aind mds
13:08:06: Player "Passo Largo" (steam64id="76561199203652654") (Global): tappes
13:08:09: Player "[YKZ]-tappes" (steam64id="76561198990092287") (Global): roi
13:08:11: Player "Passo Largo" (steam64id="76561199203652654") (Global): ta se matando ainda?
13:08:14: Player "[YKZ]-tappes" (steam64id="76561198990092287") (Global): morri
13:08:17: Player "Passo Largo" (steam64id="76561199203652654") (Global): ata
13:08:24: Player "Passo Largo" (steam64id="76561199203652654") (Global): ja ia te falar
13:08:27: Player "Passo Largo" (steam64id="76561199203652654") (Global): q n tem ais spawn no sul
13:08:33: Player "Passo Largo" (steam64id="76561199203652654") (Global): n adianta ficar se matando
13:08:35: Player "Passo Largo" (steam64id="76561199203652654") (Global): mas tu morreu 
13:08:37: Player "Passo Largo" (steam64id="76561199203652654") (Global): ent deixa
13:08:41: Player "[YKZ]-tappes" (steam64id="76561198990092287") (Global): é foda
13:09:07: Player "[YKZ]-tappes" (steam64id="76561198990092287") (Global): um dia chego
13:09:09: Player "[YKZ]-tappes" (steam64id="76561198990092287") (Global): confia
13:09:09: Player "Passo Largo" (steam64id="76561199203652654") (Global): foda é um ato sexual sem amor
13:09:13: Player "[YKZ]-tappes" (steam64id="76561198990092287") (Global): ui
13:09:27: Player "Betinho_maluco" (steam64id="76561198057627157") (Global): muay thay
13:13:07: Player "Hacan121" (steam64id="76561198345012092") (Global): olha os praianos logando heheboy
13:13:13: Player "G A T O" (steam64id="76561199207813177") (Global): kkkkk
13:13:16: Player "Passo Largo" (steam64id="76561199203652654") (Global): me ensina a tirar ferias prolongadas assim
13:13:21: Player "Passo Largo" (steam64id="76561199203652654") (Global): to com inveja ja
13:13:26: Player "[YKZ]-tappes" (steam64id="76561198990092287") (Global): KKKKKKKKKKKKKKKKKKKKK
13:13:38: Player "[HORDA]MacLovin" (steam64id="76561199068236803") (Global): perae deixa eu pegar o graça aqui no meu bolso
13:13:46: Player "G A T O" (steam64id="76561199207813177") (Global): kkkkkkkkkkkkkkkkkkkkkkk
13:13:48: Player "Hacan121" (steam64id="76561198345012092") (Global): kkkkkkkkkkkkkkkkk
13:13:55: Player "[HORDA]MacLovin" (steam64id="76561199068236803") (Global): vai denovo 
13:14:01: Player "[HORDA]MacLovin" (steam64id="76561199068236803") (Global): agora eu vou rir ja peguei a graça
13:14:03: Player "[HORDA]MacLovin" (steam64id="76561199068236803") (Global): kkkkkkkk
13:14:08: Player "Passo Largo" (steam64id="76561199203652654") (Global): kkkkkkkkkkkkkkkkkkk
13:14:11: Player "Hacan121" (steam64id="76561198345012092") (Global): kkkkkkkkkkkkkkkkkkkkk
13:14:12: Player "[YKZ]-tappes" (steam64id="76561198990092287") (Global): DSAUHDASDUHA
13:17:07: Player "[YKZ]-tappes" (steam64id="76561198990092287") (Global): poasso
13:17:08: Player "[YKZ]-tappes" (steam64id="76561198990092287") (Global): passo
13:30:55: Player "[YKZ]-tappes" (steam64id="76561198990092287") (Global): O PASSO
13:30:57: Player "[YKZ]-tappes" (steam64id="76561198990092287") (Global): TO CHEGANDO
13:31:06: Player "[YKZ]-tappes" (steam64id="76561198990092287") (Global): 8 dias e 9 noites de caminhada
13:31:16: Player "Passo Largo" (steam64id="76561199203652654") (Global): putz
13:31:19: Player "G A T O" (steam64id="76561199207813177") (Global): Poha kkkk
13:31:20: Player "Passo Largo" (steam64id="76561199203652654") (Global): metemo o pe ja 
13:31:23: Player "[YKZ]-tappes" (steam64id="76561198990092287") (Global): kskak
13:31:25: Player "Hacan121" (steam64id="76561198345012092") (Global): se n me engano ficou uma blaze e uma ak 101
13:31:30: Player "[YKZ]-tappes" (steam64id="76561198990092287") (Global): tabom
13:31:32: Player "[YKZ]-tappes" (steam64id="76561198990092287") (Global): ta bom
13:31:35: Player "[YKZ]-tappes" (steam64id="76561198990092287") (Global): ja da pra morrer 
13:31:45: Player "[YKZ]-tappes" (steam64id="76561198990092287") (Global): se ve peladin
13:31:48: Player "ChukenThe3rd" (steam64id="76561198134837847") (Global): come fight me
13:31:48: Player "[YKZ]-tappes" (steam64id="76561198990092287") (Global): sou eu
13:31:57: Player "ChukenThe3rd" (steam64id="76561198134837847") (Global): in melkart
13:33:04: Player "[YKZ]-tappes" (steam64id="76561198990092287") (Global): sera q tem roupinha lá
13:33:05: Player "[YKZ]-tappes" (steam64id="76561198990092287") (Global): to com frio
13:34:21: Player "ChukenThe3rd" (steam64id="76561198134837847") (Global): COME FIGHT ME
13:35:21: Player "ChukenThe3rd" (steam64id="76561198134837847") (Global): viens te battre esti de pedale
13:52:08: Player "[YKZ]-BlackBear" (steam64id="76561198343030820") (Global): claudinhaaaaa ownnn
13:52:35: Player "Passo Largo" (steam64id="76561199203652654") (Global): aii adoro
13:52:46: Player "[YKZ]-tappes" (steam64id="76561198990092287") (Global): uii
14:22:19: Player "[YKZ]-BlackBear" (steam64id="76561198343030820") (Global): kkk
14:22:23: Player "[YKZ]-BlackBear" (steam64id="76561198343030820") (Global): assim que eu gosto
14:22:52: Player "[YKZ]-BlackBear" (steam64id="76561198343030820") (Global): deixa eu grava o nome aqui ..
14:25:42: Player "[YKZ]-BlackBear" (steam64id="76561198343030820") (Global): libera logo o raid ae em Bruxo ..
15:20:30: Player "benja" (steam64id="76561198882824508") (Global): DE DONDE ME MATASTE HIJO DE PUTA
15:36:42: Player "BRUXO" (steam64id="76561198140728342") (Admin): benja 
15:36:46: Player "BRUXO" (steam64id="76561198140728342") (Admin): no aceptamos ningún tipo de insulto en el chat, toma esto como una advertencia
15:36:54: Player "benja" (steam64id="76561198882824508") (Global): perdon
15:37:01: Player "benja" (steam64id="76561198882824508") (Global): me enoje como me mataron
15:37:11: Player "Passo Largo" (steam64id="76561199203652654") (Global): respecto acima del todo
15:37:28: Player "Passo Largo" (steam64id="76561199203652654") (Global): se morriste, éres porque deres vacilo
15:37:30: Player "BRUXO" (steam64id="76561198140728342") (Admin): No es necesario ofenderse para hacer esta pregunta a los jugadores.
15:37:31: Player "benja" (steam64id="76561198882824508") (Global): era joda
15:37:35: Player "benja" (steam64id="76561198882824508") (Global): era un amigo
15:37:36: Player "Passo Largo" (steam64id="76561199203652654") (Global): prestastes atencion amas
15:37:38: Player "benja" (steam64id="76561198882824508") (Global): que me mato
15:37:41: Player "benja" (steam64id="76561198882824508") (Global): y le dije jodiendo
15:37:58: Player "Passo Largo" (steam64id="76561199203652654") (Global): lo siento por tu muerte, pero necessitas sacar mas la attencion
15:38:08: Player "benja" (steam64id="76561198882824508") (Global): como?
16:11:30: Player "Passo Largo" (steam64id="76561199203652654") (Global): kkkkkkkkkkkkkkkkkkkkkkk
16:11:33: Player "G A T O" (steam64id="76561199207813177") (Global): kkkkkkkkkkkk
16:11:36: Player "Hacan121" (steam64id="76561198345012092") (Global): kkkkkkkkkkkkkkkkkk
16:11:37: Player "Passo Largo" (steam64id="76561199203652654") (Global): chumbo trocado n doi
16:13:29: Player "Passo Largo" (steam64id="76561199203652654") (Global): que gostinho bom
16:13:35: Player "Passo Largo" (steam64id="76561199203652654") (Global): mas a vingança nunca é plena
16:13:40: Player "Passo Largo" (steam64id="76561199203652654") (Global): mata a alma e a envenena
16:17:39: Player "Passo Largo" (steam64id="76561199203652654") (Global): alou
16:17:48: Player "Seekerzao" (steam64id="76561198067793781") (Global): alou
16:20:12: Player "Passo Largo" (steam64id="76561199203652654") (Global): ta boa a praia ai japa?
16:20:17: Player "G A T O" (steam64id="76561199207813177") (Global): kkkkk
16:37:35: Player "Passo Largo" (steam64id="76561199203652654") (Global): salve jaaaapa
16:37:45: Player "Passo Largo" (steam64id="76561199203652654") (Global): vai voltar bronzeado desse jeito hein
17:03:46: Player "Passo Largo" (steam64id="76561199203652654") (Global): salve cr
17:03:48: Player "Passo Largo" (steam64id="76561199203652654") (Global): ops
17:03:49: Player "Passo Largo" (steam64id="76561199203652654") (Global): japa
17:03:52: Player "Passo Largo" (steam64id="76561199203652654") (Global): ou é cr?
17:03:54: Player "Passo Largo" (steam64id="76561199203652654") (Global): to confuso kkkj
17:04:06: Player "Passo Largo" (steam64id="76561199203652654") (Global): virou pescador foi?
17:04:10: Player "Passo Largo" (steam64id="76561199203652654") (Global): n sai da praia
17:04:35: Player "Passo Largo" (steam64id="76561199203652654") (Global): achou q a gente n ia perceber?
17:05:22: Player "CR" (steam64id="76561198248023454") (Global): eu?
17:05:34: Player "Passo Largo" (steam64id="76561199203652654") (Global): nao po
17:05:39: Player "Passo Largo" (steam64id="76561199203652654") (Global): eu
17:05:46: Player "Passo Largo" (steam64id="76561199203652654") (Global): o japa né
17:05:59: Player "CR" (steam64id="76561198248023454") (Global): ah
17:06:07: Player "Passo Largo" (steam64id="76561199203652654") (Global): vc mesmo
17:06:18: Player "CR" (steam64id="76561198248023454") (Global): perceber oq?
17:06:33: Player "CR" (steam64id="76561198248023454") (Global): é primeira vez q logo aqui
17:10:58: Player "Passo Largo" (steam64id="76561199203652654") (Global): quem ta brincando de casinha agr?
17:11:18: Player "[YKZ]-tappes" (steam64id="76561198990092287") (Global): :(
20:03:33: Player "GabrielLobato" (steam64id="76561198158375860") (Global): como tira o logo smm?
20:03:35: Player "GabrielLobato" (steam64id="76561198158375860") (Global): msm*
20:06:53: Player "Lucawkz" (steam64id="76561198063957890") (Global): como destrava a arma mesmo?
20:06:59: Player "GabrielLobato" (steam64id="76561198158375860") (Global): segura r
20:07:04: Player "Lucawkz" (steam64id="76561198063957890") (Global): vlw
20:07:14: Player "GabrielLobato" (steam64id="76561198158375860") (Global): queria saber como tira o loogo la na direita
20:20:35: Player "GabrielLobato" (steam64id="76561198158375860") (Global): ykz add pt
20:23:41: Player "KISS" (steam64id="76561199032621365") (Global): opa
20:23:43: Player "[YKZ] chron1c" (steam64id="76561198205585613") (Global): noite
20:23:44: Player "[HORDA]ThiagoPenna" (steam64id="76561198218822351") (Global): boa
20:23:45: Player "Hacan121" (steam64id="76561198345012092") (Global): boa noite ademiro
20:23:50: Player "TripaSeca" (steam64id="76561198093060507") (Global): Boa noite 
20:23:56: Player "[YKZ] chron1c" (steam64id="76561198205585613") (Global): ohh
20:26:04: Player "TripaSeca" (steam64id="76561198093060507") (Global): aff
20:26:05: Player "[YKZ]-tappes" (steam64id="76561198990092287") (Global): oxe
20:26:09: Player "Hacan121" (steam64id="76561198345012092") (Global): receba
20:26:10: Player "jhean" (steam64id="76561198819003355") (Global): ué
20:26:11: Player "bLisH" (steam64id="76561198970690760") (Global): ue
20:26:17: Player "[YKZ]-tappes" (steam64id="76561198990092287") (Global): boa ademiro
20:26:18: Player "TripaSeca" (steam64id="76561198093060507") (Global): na hora que ia soltar o flayer
20:26:19: Player "[L.B] SeryD" (steam64id="76561198072791642") (Global): flashbang
20:26:26: Player "SuperNoia" (steam64id="76561198132169694") (Global): isso que é imersão
20:26:26: Player "[YKZ] chron1c" (steam64id="76561198205585613") (Global): e se faça a luz
20:38:11: Player "ttv/p3sad3lo__" (steam64id="76561198277384503") (Global): salve salve
20:38:17: Player "[HORDA]ThiagoPenna" (steam64id="76561198218822351") (Global): salve
20:52:00: Player "[ONE] KARABULJHAN" (steam64id="76561198100527842") (Global): kkkkkkkkkkkkkkkkkkkkkkkkkkkkkkkkkk
20:52:20: Player "ChukenThe3rd" (steam64id="76561198134837847") (Global): whos in melkart?
20:52:27: Player "ChukenThe3rd" (steam64id="76561198134837847") (Global): lets dance
21:03:36: Player "[YKZ]-tappes" (steam64id="76561198990092287") (Global): BETINHO
21:04:46: Player "{KMG}fuzil" (steam64id="76561198965933878") (Global): tem discord o serve
21:05:52: Player "[ONE] JAPA" (steam64id="76561198161060673") (Global): po 
21:06:00: Player "[ONE] JAPA" (steam64id="76561198161060673") (Global): ta de sacanagem
21:06:03: Player "ttv/p3sad3lo__" (steam64id="76561198277384503") (Global): isso ai pode adm
21:06:20: Player "[YKZ]-tappes" (steam64id="76561198990092287") (Global): ta igual tio sam 
21:06:23: Player "[YKZ]-tappes" (steam64id="76561198990092287") (Global): 928 metros kk
21:06:46: Player "ttv/p3sad3lo__" (steam64id="76561198277384503") (Global): fui n a base vip matei o cara o adm me mata
21:06:59: Player "Biel FxR" (steam64id="76561198050836260") (Global): como assim ?
21:07:02: Player "KOREA" (steam64id="76561198253386609") (Admin): CLARO TA FAZENDO MERDA
21:07:06: Player "Biel FxR" (steam64id="76561198050836260") (Global): q q ele fez ?
21:07:11: Player "KOREA" (steam64id="76561198253386609") (Admin): NAO TA VENDO QUE TO CONSTRUINDO
21:07:16: Player "ttv/p3sad3lo__" (steam64id="76561198277384503") (Global): que merda e o game
21:07:36: Player "ttv/p3sad3lo__" (steam64id="76561198277384503") (Global): adm tava construindo p ele
21:07:43: Player "ttv/p3sad3lo__" (steam64id="76561198277384503") (Global): eu matei ele na paulada
21:07:53: Player "[L.B]TropaDoEnguisa" (steam64id="76561198211423224") (Global): ISSO AI
21:07:57: Player "[L.B]TropaDoEnguisa" (steam64id="76561198211423224") (Global): SEM PREVILEGIO
21:08:04: Player "[L.B] ploodrinny" (steam64id="76561198312062387") (Global): tem que gerar conteudo kkkkkkkk
21:08:16: Player "[L.B]TropaDoEnguisa" (steam64id="76561198211423224") (Global): ADMIN N VEIO CONSTRUIR P NOIS
21:08:35: Player "[L.B] Santorin" (steam64id="76561199069721527") (Global): sapksakkpp
21:08:40: Player "KOREA" (steam64id="76561198253386609") (Admin): COMPRA O VIP QUE EU CONSTRUO
21:09:02: Player "[L.B]TropaDoEnguisa" (steam64id="76561198211423224") (Global): coloca spawn select q compro <3
21:09:09: Player "Biel FxR" (steam64id="76561198050836260") (Global): ai quer demais ne
21:09:16: Player "TripaSeca" (steam64id="76561198093060507") (Global): começou
21:09:16: Player "Biel FxR" (steam64id="76561198050836260") (Global): ai vair virar a palhaçada q era antes
21:09:19: Player "[HORDA] JHON WICK" (steam64id="76561198122075703") (Global): quer god mod tbm nao 
21:09:20: Player "Biel FxR" (steam64id="76561198050836260") (Global): fullmod
21:09:56: Player "[L.B]TropaDoEnguisa" (steam64id="76561198211423224") (Global): só bota mod de bicicleta e ta bom
21:10:03: Player "[YKZ]-tappes" (steam64id="76561198990092287") (Global): god hein
21:10:05: Player "[YKZ]-tappes" (steam64id="76561198990092287") (Global): pprt
21:10:22: Player "[L.B]TropaDoEnguisa" (steam64id="76561198211423224") (Global): bonde da monark
21:13:02: Player "{KMG}fuzil" (steam64id="76561198965933878") (Global): kkkk
21:13:16: Player "[ONE] JAPA" (steam64id="76561198161060673") (Global): ai tao de sacanagem 
21:13:24: Player "[YKZ]-tappes" (steam64id="76561198990092287") (Global): q q deu?
21:13:36: Player "{ KMG } - Elguapo" (steam64id="76561198363655296") (Global): mano, que que ta rolando ?
21:15:28: Player "KISS" (steam64id="76561199032621365") (Global): pora
21:15:35: Player "KISS" (steam64id="76561199032621365") (Global): tava  na humilda
21:15:43: Player "KISS" (steam64id="76561199032621365") (Global): n ia matar niguem puts
21:17:48: Player "{KMG}fuzil" (steam64id="76561198965933878") (Global): adm manda discord do serve
21:18:19: Player "Betinho_maluco" (steam64id="76561198057627157") (Global): aperta esc
21:18:23: Player "Betinho_maluco" (steam64id="76561198057627157") (Global): vai em server information
21:18:27: Player "Betinho_maluco" (steam64id="76561198057627157") (Global): e clica no discord
21:18:31: Player "Betinho_maluco" (steam64id="76561198057627157") (Global): pronto :D
21:21:34: Player "[YKZ] chron1c" (steam64id="76561198205585613") (Global): pi
21:21:43: Player "[YKZ] chron1c" (steam64id="76561198205585613") (Global): pintojunior
21:23:05: Player "[YKZ] Emissarius" (steam64id="76561198271087379") (Global): coe pinto 
21:23:09: Player "[YKZ] Emissarius" (steam64id="76561198271087379") (Global): entra disc lá
21:23:16: Player "PintoJunior" (steam64id="76561198057936781") (Global): opa
21:23:52: Player "PintoJunior" (steam64id="76561198057936781") (Global): sobrevivente
21:23:57: Player "[YKZ] Emissarius" (steam64id="76561198271087379") (Global): n 
21:24:04: Player "[YKZ] Emissarius" (steam64id="76561198271087379") (Global): mandei o server lá pra tu 
21:25:35: Player "[YKZ]-tappes" (steam64id="76561198990092287") (Global): aceita betinho
21:31:51: Player "G A T O" (steam64id="76561199207813177") (Global): Reuniao na praia kkkkk
21:32:03: Player "duende" (steam64id="76561199006916563") (Global): kkkkk
21:35:24: Player "G A T O" (steam64id="76561199207813177") (Global): Tudo na praia chorand
21:35:29: Player "G A T O" (steam64id="76561199207813177") (Global): LB E ONE
21:35:36: Player "Hacan121" (steam64id="76561198345012092") (Global): kkkkkkkkkkkkkkkkkkkkkkkk
21:35:37: Player "Passo Largo" (steam64id="76561198057660141") (Global): tao de aliancinha
21:35:37: Player "[L.B] SeryD" (steam64id="76561198072791642") (Global): q isso gato 
21:35:39: Player "Hacan121" (steam64id="76561198345012092") (Global): HEHEBOY
21:35:43: Player "Diorno" (steam64id="76561198142139495") (Global): caralho
21:35:44: Player "[YKZ]-BlackBear" (steam64id="76561198343030820") (Global): koéeeee
21:35:45: Player "[YKZ]-BlackBear" (steam64id="76561198343030820") (Global): ^^
21:35:46: Player "Diorno" (steam64id="76561198142139495") (Global): era o gato
21:35:50: Player "Diorno" (steam64id="76561198142139495") (Global): na proxima nos te pega
21:35:55: Player "Diorno" (steam64id="76561198142139495") (Global): mas nao sou clan
21:36:00: Player "[ONE] KARABULJHAN" (steam64id="76561198100527842") (Global): Aliança?
21:36:07: Player "[L.B] SeryD" (steam64id="76561198072791642") (Global): nunca nem vi one kkkk
21:36:14: Player "[ONE] KARABULJHAN" (steam64id="76561198100527842") (Global): kkkkkkkkkk
21:36:14: Player "[YKZ] chron1c" (steam64id="76561198205585613") (Global): hmm
21:36:20: Player "Passo Largo" (steam64id="76561198057660141") (Global): diz ai, qq o japa tava fazendo saindo da base dos lb kkkkkkkkkk
21:36:27: Player "[ONE] KARABULJHAN" (steam64id="76561198100527842") (Global): esses caras são doentes
21:36:33: Player "[L.B] SeryD" (steam64id="76561198072791642") (Global): quem e japa loco
21:36:37: Player "[ONE] KARABULJHAN" (steam64id="76561198100527842") (Global): mania de perseguição
21:36:37: Player "[HORDA]MacLovin" (steam64id="76561199068236803") (Global): casos de familia
21:36:49: Player "Passo Largo" (steam64id="76561198057660141") (Global): e eu sou bobinho eu kkkk
21:37:22: Player "[ONE] KARABULJHAN" (steam64id="76561198100527842") (Global): Se é bobo eu não sei, mas seia que está falando besteira
21:37:27: Player "Passo Largo" (steam64id="76561198057660141") (Global): unrum
21:37:33: Player "[L.B] SeryD" (steam64id="76561198072791642") (Global): ta delirando na droga 
21:37:58: Player "[L.B] Santorin" (steam64id="76561199069721527") (Global): chapando os coco
21:37:59: Player "[L.B] Santorin" (steam64id="76561199069721527") (Global): aspaskpaskpskp
21:38:06: Player "[L.B] Santorin" (steam64id="76561199069721527") (Global): pegamos no meio de uma treta
21:38:10: Player "[L.B] Santorin" (steam64id="76561199069721527") (Global): foi lindo
21:48:35: Player "[YKZ]-BlackBear" (steam64id="76561198343030820") (Global): proximo é esse camper 
21:52:26: Player "[YKZ]-tappes" (steam64id="76561198990092287") (Global): godi
21:54:52: Player "jhean" (steam64id="76561198819003355") (Global): alguem pra fazer um duo?
21:55:07: Player "[L.B] SeryD" (steam64id="76561198072791642") (Global): puts tao matando nossos aliados 
21:55:09: Player "[L.B] SeryD" (steam64id="76561198072791642") (Global): pqp
21:55:11: Player "Passo Largo" (steam64id="76561198057660141") (Global): alo freguesiaaa
21:55:16: Player "[YKZ]-tappes" (steam64id="76561198990092287") (Global): passo
21:55:18: Player "[YKZ]-tappes" (steam64id="76561198990092287") (Global): to indo ai hein
21:55:19: Player "Passo Largo" (steam64id="76561198057660141") (Global): falatu
21:55:19: Player "Hacan121" (steam64id="76561198345012092") (Global): kkkkkk
21:55:21: Player "[YKZ]-tappes" (steam64id="76561198990092287") (Global): peladinho pra ajhudar
21:55:22: Player "Biel FxR" (steam64id="76561198050836260") (Global): vieram proteger os bbzao ?
21:55:23: Player "G A T O" (steam64id="76561199207813177") (Global): Vapo kkkkk
21:55:23: Player "[YKZ]-tappes" (steam64id="76561198990092287") (Global): ajudar
21:55:30: Player "Passo Largo" (steam64id="76561198057660141") (Global): so vem tappes kkkk
21:55:36: Player "[YKZ]-tappes" (steam64id="76561198990092287") (Global): kkkkkk
21:55:40: Player "G A T O" (steam64id="76561199207813177") (Global): Caiu da escada feito bosta
21:55:42: Player "[YKZ]-BlackBear" (steam64id="76561198343030820") (Global): sai da construção amoreeeee
21:55:57: Player "cold" (steam64id="76561198016821619") (Global): bota a cara ae patrão
21:56:12: Player "[YKZ] Felps" (steam64id="76561198892779186") (Global): tape
21:56:13: Player "[YKZ]-BlackBear" (steam64id="76561198343030820") (Global): cuidado com a pata quebrada ai tbm...
21:56:15: Player "[YKZ] Felps" (steam64id="76561198892779186") (Global): atras
22:02:38: Player "[YKZ]-BlackBear" (steam64id="76561198343030820") (Global): tomou na cara ai pai
22:03:12: Player "jhean" (steam64id="76561198819003355") (Global): aonde esse camper ta ? kkkk
22:03:28: Player "cold" (steam64id="76561198016821619") (Global): Escondido nas contrução
22:03:29: Player "jhean" (steam64id="76561198819003355") (Global): so pra eu testar um negoçio
22:03:29: Player "[YKZ] Notsniw" (steam64id="76561197967151252") (Global): kkkkkk
22:03:35: Player "jhean" (steam64id="76561198819003355") (Global): serio ? aff
22:03:40: Player "[YKZ]-BlackBear" (steam64id="76561198343030820") (Global): não
22:03:45: Player "[YKZ]-BlackBear" (steam64id="76561198343030820") (Global): na igreja 
22:03:52: Player "[YKZ] Notsniw" (steam64id="76561197967151252") (Global): na igreja com sangue no fundo! de melkart!
22:03:54: Player "[YKZ] Notsniw" (steam64id="76561197967151252") (Global): auehauehauehauehuae
22:03:56: Player "[YKZ]-BlackBear" (steam64id="76561198343030820") (Global): kkkkkkkkkkkkkkkkkkkkkkkk
22:04:02: Player "[YKZ] Notsniw" (steam64id="76561197967151252") (Global): com metade do life kkkkkk
22:04:13: Player "jhean" (steam64id="76561198819003355") (Global): o cara fica atirando dentra da base bixo
22:04:16: Player "[YKZ] Notsniw" (steam64id="76561197967151252") (Global): colete e mochila danificados ou destruidos
22:04:52: Player "[YKZ]-BlackBear" (steam64id="76561198343030820") (Global): qual a diuferença entre atirar da base e o inimigo atirar de outro lugar fechado?
22:05:33: Player "jhean" (steam64id="76561198819003355") (Global): nem uma diferença... kjkjkjk
22:06:16: Player "[YKZ]-BlackBear" (steam64id="76561198343030820") (Global): freezaaaa pq vc matou o kuririm 
22:06:23: Player "[YKZ]-BlackBear" (steam64id="76561198343030820") (Global): eu estou neuvoso
22:06:28: Player "G A T O" (steam64id="76561199207813177") (Global): kkkkk
22:06:50: Player "[YKZ] Notsniw" (steam64id="76561197967151252") (Global): bora bora !
22:07:16: Player "[HORDA]KAS" (steam64id="76561199202697738") (Global): to longe ja kkkkk
22:30:47: Player "KURIRIM com FLORESTA" (steam64id="76561198862387312") (Global): saaaaaarve
22:30:53: Player "KURIRIM com FLORESTA" (steam64id="76561198862387312") (Global): server ta morto ?
22:35:23: Player "KURIRIM com FLORESTA" (steam64id="76561198862387312") (Global): la la lalala
22:51:13: Player "KURIRIM com FLORESTA" (steam64id="76561198862387312") (Global): porra ta foda em 
23:02:23: Player "[YKZ]-BlackBear" (steam64id="76561198343030820") (Global): kkkkkkkkkkkkkkkkkkkkkkkkkkkkkkkkkkkkkkkkkkkkkkkkkkkkkkk
23:02:29: Player "[YKZ] Notsniw" (steam64id="76561197967151252") (Global): kkkkkkkkkkkkkkkkkkkkkkkkkkkkkkkkkkkk
23:02:30: Player "[HORDA] JHON WICK" (steam64id="76561198122075703") (Global): KKKKKKKK
23:02:36: Player "KURIRIM com FLORESTA" (steam64id="76561198862387312") (Global): gagaraio
23:02:36: Player "G A T O" (steam64id="76561199207813177") (Global): ui
23:02:43: Player "TripaSeca" (steam64id="76561198093060507") (Global): pegou construindo ?
23:02:44: Player "G A T O" (steam64id="76561199207813177") (Global): Ate o quadro da parede caiu
23:02:47: Player "GabrielLobato" (steam64id="76561198158375860") (Global): tava motando barraquinha
23:02:47: Player "[YKZ] Notsniw" (steam64id="76561197967151252") (Global): sim
23:02:48: Player "GabrielLobato" (steam64id="76561198158375860") (Global): q vacilo
23:02:57: Player "TripaSeca" (steam64id="76561198093060507") (Global): sabia
23:03:00: Player "[YKZ] Notsniw" (steam64id="76561197967151252") (Global): nao consegue nem armar uma barraca kkkkkkkkkkkk
23:03:03: Player "Hacan121" (steam64id="76561198345012092") (Global): HEHEBOY
23:03:26: Player "[HORDA]ThiagoPenna" (steam64id="76561198218822351") (Global): ah, foi mal, passei e um um cara numa janela, atirei
23:05:06: Player "[YKZ]-BlackBear" (steam64id="76561198343030820") (Global): crlh matou o cara com a tenda na mão
23:05:09: Player "[YKZ]-BlackBear" (steam64id="76561198343030820") (Global): bugou 
23:05:22: Player "[YKZ]-BlackBear" (steam64id="76561198343030820") (Global): agora ele vai te caçar até o inferno kkk
23:05:29: Player "[HORDA]ThiagoPenna" (steam64id="76561198218822351") (Global): kkkkkkkkkkkkkk
23:05:36: Player "GabrielLobato" (steam64id="76561198158375860") (Global): a gnt se tromba ainda
23:08:23: Player "fiat marea 2.0" (steam64id="76561199168660906") (Direct): ez
23:11:58: Player "[L.B] SeryD" (steam64id="76561198072791642") (Global): bruxo 
23:14:09: Player "ttuker" (steam64id="76561198971813376") (Global): donde esta el pvp? tengo unas ganas de meter un 308 en la cabeza alguno
23:14:18: Player "[YKZ]-BlackBear" (steam64id="76561198343030820") (Global): jajaja
23:14:31: Player "KURIRIM com FLORESTA" (steam64id="76561198862387312") (Global): aaaa sai daquimaradona 
23:14:44: Player "ttuker" (steam64id="76561198971813376") (Global): aguante pele
23:14:46: Player "Duerowww" (steam64id="76561198259492425") (Global): no sea toxico manito
23:15:45: Player "[YKZ]-BlackBear" (steam64id="76561198343030820") (Global): matando pelada... =]
23:16:49: Player "KURIRIM com FLORESTA" (steam64id="76561198862387312") (Global): ae maninho vou te denunciar em 
23:16:53: Player "KURIRIM com FLORESTA" (steam64id="76561198862387312") (Global): toxicidade 
23:16:55: Player "KURIRIM com FLORESTA" (steam64id="76561198862387312") (Global): ta clipado 
23:17:08: Player "KURIRIM com FLORESTA" (steam64id="76561198862387312") (Global): nao quer morrer vai jogar the sims 
23:17:09: Player "TripaSeca" (steam64id="76561198093060507") (Global): manito
23:17:11: Player "TripaSeca" (steam64id="76561198093060507") (Global): aero
23:21:01: Player "GabrielLobato" (steam64id="76561198158375860") (Global): MATA PELADO
23:21:02: Player "KURIRIM com FLORESTA" (steam64id="76561198862387312") (Global): aaaaaaa ae nao vale mano 
23:21:02: Player "GabrielLobato" (steam64id="76561198158375860") (Global): ae
23:21:14: Player "KURIRIM com FLORESTA" (steam64id="76561198862387312") (Global): kkkkkkkkkkkkkkkkk morre faz parte 
23:21:25: Player "TripaSeca" (steam64id="76561198093060507") (Global): festinha melkart
23:21:39: Player "KURIRIM com FLORESTA" (steam64id="76561198862387312") (Global): kkkkkkkkkkkkkk po da uma a ak ae q seis vai ve o estrago em 
23:21:46: Player "KURIRIM com FLORESTA" (steam64id="76561198862387312") (Global): ainda tomo umas par de bala o tonto 
23:21:48: Player "GabrielLobato" (steam64id="76561198158375860") (Global): vou botar pra comer carne humana
23:21:49: Player "ttuker" (steam64id="76561198971813376") (Global): indo
23:22:55: Player "[YKZ]-BlackBear" (steam64id="76561198343030820") (Global): desgraça de nick é esse meu pai
23:23:12: Player "KURIRIM com FLORESTA" (steam64id="76561198862387312") (Global): gosto ne 
23:23:15: Player "[YKZ]-BlackBear" (steam64id="76561198343030820") (Global): kuririm com floresta kkkkkkkkkkkk
23:23:20: Player "KURIRIM com FLORESTA" (steam64id="76561198862387312") (Global): e q se nao viu as bala  q o pai da 
23:23:25: Player "GabrielLobato" (steam64id="76561198158375860") (Global): em pelado?
23:23:28: Player "GabrielLobato" (steam64id="76561198158375860") (Global): eu vi, orra voando alto
23:23:31: Player "KURIRIM com FLORESTA" (steam64id="76561198862387312") (Global): para de cho gabriel 
23:23:40: Player "KURIRIM com FLORESTA" (steam64id="76561198862387312") (Global): e tivesse armado ia toma do memo jeito 
23:23:43: Player "[YKZ] Notsniw" (steam64id="76561197967151252") (Global): papai voltou!!!!
23:23:45: Player "GabrielLobato" (steam64id="76561198158375860") (Global): vlw toxico
23:23:55: Player "[YKZ] Notsniw" (steam64id="76561197967151252") (Global): pra
23:24:00: Player "[YKZ] Notsniw" (steam64id="76561197967151252") (Global): pra praia bebê!!!!
23:24:13: Player "KURIRIM com FLORESTA" (steam64id="76561198862387312") (Global): aaaa mano esse spwns ta foda em 
23:24:19: Player "GabrielLobato" (steam64id="76561198158375860") (Global): ´para de cho
23:24:21: Player "KURIRIM com FLORESTA" (steam64id="76561198862387312") (Global): 4 vez no memo luga 
23:24:32: Player "[YKZ]-BlackBear" (steam64id="76561198343030820") (Global): chat da uol?
23:24:33: Player "KURIRIM com FLORESTA" (steam64id="76561198862387312") (Global): sai daqui gabriel o peladinho 
23:27:13: Player "GabrielLobato" (steam64id="76561198158375860") (Global): ta dificl spawnar ai?
23:27:14: Player "KURIRIM com FLORESTA" (steam64id="76561198862387312") (Global): mais um pa paia
23:27:25: Player "KURIRIM com FLORESTA" (steam64id="76561198862387312") (Global): fica na tu ae pelado 
23:27:32: Player "KURIRIM com FLORESTA" (steam64id="76561198862387312") (Global): num guento troca nem na faca 
23:27:36: Player "KURIRIM com FLORESTA" (steam64id="76561198862387312") (Global): caiu duro no chao tbm 
23:27:44: Player "GabrielLobato" (steam64id="76561198158375860") (Global): ?
23:28:43: Player "KURIRIM com FLORESTA" (steam64id="76561198862387312") (Global): kkkkkkkkkkkkkkkkkkkkkkkkkkkkkkkkkkkkkkkkkkkk
23:28:49: Player "[YKZ]-BlackBear" (steam64id="76561198343030820") (Global): kkkkkkkkkkkkkkkkk
23:28:50: Player "[YKZ] Notsniw" (steam64id="76561197967151252") (Global): de novo ?
23:29:41: Player "KURIRIM com FLORESTA" (steam64id="76561198862387312") (Global): kkkkkkkkkkkkkkkkkkkkkkkkk
23:29:55: Player "KURIRIM com FLORESTA" (steam64id="76561198862387312") (Global): volta aquiiiiiiiiiii
23:30:01: Player "[HORDA]ThiagoPenna" (steam64id="76561198218822351") (Global): kuririm e o terror com a faca kkkkk
23:30:24: Player "KURIRIM com FLORESTA" (steam64id="76561198862387312") (Global): num viu com arma 
23:31:06: Player "KURIRIM com FLORESTA" (steam64id="76561198862387312") (Global): po eu costumo ser chamado de anteceçor
23:31:13: Player "KURIRIM com FLORESTA" (steam64id="76561198862387312") (Global): anteceçor do caçador 
23:31:38: Player "KURIRIM com FLORESTA" (steam64id="76561198862387312") (Global): ou seja o pai e o melhor jogador de deize 
23:31:42: Player "GabrielLobato" (steam64id="76561198158375860") (Global): uol?
23:31:52: Player "KURIRIM com FLORESTA" (steam64id="76561198862387312") (Global): e so voces jogarem namalsk que ficam bons 
23:32:07: Player "KURIRIM com FLORESTA" (steam64id="76561198862387312") (Global): e materem zumbis sem tomar hit 
23:34:30: Player "KURIRIM com FLORESTA" (steam64id="76561198862387312") (Global): ae Gato 
23:34:36: Player "KURIRIM com FLORESTA" (steam64id="76561198862387312") (Global): cade o buraco largo ?
23:34:46: Player "G A T O" (steam64id="76561199207813177") (Global): Oi amor
23:34:48: Player "[YKZ]-BlackBear" (steam64id="76561198343030820") (Global): koéeeee kkkkkkkkkkkkkkkkkkkkkk
23:34:55: Player "KURIRIM com FLORESTA" (steam64id="76561198862387312") (Global): passo largo * 
23:34:55: Player "G A T O" (steam64id="76561199207813177") (Global): Acabou de deslogar
23:35:10: Player "KURIRIM com FLORESTA" (steam64id="76561198862387312") (Global): po manda um bjo pra ele depois 
23:35:18: Player "KURIRIM com FLORESTA" (steam64id="76561198862387312") (Global): nunca mais entrei aqui kdhashf 
23:40:12: Player "KURIRIM com FLORESTA" (steam64id="76561198862387312") (Global): freeeezaaaaaaaaaaaaaaa
23:42:41: Player "ttuker" (steam64id="76561198971813376") (Global): pushea
23:42:58: Player "ttuker" (steam64id="76561198971813376") (Global): no
23:44:12: Player "KURIRIM com FLORESTA" (steam64id="76561198862387312") (Global): man da ak 
23:44:15: Player "KURIRIM com FLORESTA" (steam64id="76561198862387312") (Global): adianta nao 
23:44:20: Player "KURIRIM com FLORESTA" (steam64id="76561198862387312") (Global): seis e lerdo de mais 
23:44:29: Player "KURIRIM com FLORESTA" (steam64id="76561198862387312") (Global): vieram no spanw me pegar e nem assim po 
23:44:31: Player "KURIRIM com FLORESTA" (steam64id="76561198862387312") (Global): aaaa nao 
23:44:38: Player "GabrielLobato" (steam64id="76561198158375860") (Global): DE NOVO?
23:44:48: Player "KURIRIM com FLORESTA" (steam64id="76561198862387312") (Global): to longe mane 
23:45:33: Player "[YKZ]-BlackBear" (steam64id="76561198343030820") (Global): eu estou neuvousooo
23:46:16: Player "KURIRIM com FLORESTA" (steam64id="76561198862387312") (Global): sai daqui 
23:46:19: Player "KURIRIM com FLORESTA" (steam64id="76561198862387312") (Global): nem pelado mata po 
23:46:30: Player "KURIRIM com FLORESTA" (steam64id="76561198862387312") (Global): pra mata tem q ta desmaiado ainda 
23:46:43: Player "KURIRIM com FLORESTA" (steam64id="76561198862387312") (Global): kkkkkkkkkkkkkkkkkkkkk
23:47:11: Player "KURIRIM com FLORESTA" (steam64id="76561198862387312") (Global): to no aero ja meu pexe
23:47:28: Player "KURIRIM com FLORESTA" (steam64id="76561198862387312") (Global): pai vai so acha uma arma e ja caço as duas 
23:51:53: Player "[YKZ]-BlackBear" (steam64id="76561198343030820") (Global): ok
23:51:57: Player "TripaSeca" (steam64id="76561198093060507") (Global): evento agora ?
23:58:26: Player "KURIRIM com FLORESTA" (steam64id="76561198862387312") (Global): acho voltarem depois do rr 
