00:47:28: Player "TripaSeca" (steam64id="76561198093060507") (Global): ai 
00:47:34: Player "Biel FxR" (steam64id="76561198050836260") (Global): meus olhos
00:47:40: Player "Seekerzao" (steam64id="76561198067793781") (Global): krl
00:47:43: Player "Seekerzao" (steam64id="76561198067793781") (Global): do nada
00:48:01: Player "=G3= slotte" (steam64id="76561197987642420") (Global): pensei que eu tinha caido na flashbang 
00:48:04: Player "Seekerzao" (steam64id="76561198067793781") (Global): 2
01:17:59: Player "[RNG]Panico" (steam64id="76561199230965576") (Global): chm discod
01:18:06: Player "AiPolly" (steam64id="76561198072574279") (Global): trava na pose
01:40:04: Player "OZIEL" (steam64id="76561199063596086") (Global): KOREA VEM RAPINHO
01:40:05: Player "AiPolly" (steam64id="76561198072574279") (Global): huehuhue
01:42:06: Player "=G3=L.REIS" (steam64id="76561197965313777") (Global): fala ai troxa
01:42:27: Player "AiPolly" (steam64id="76561198072574279") (Global): eita dangers =3
01:56:21: Player "=G3=L.REIS" (steam64id="76561197965313777") (Global): fala ai cadave
01:56:28: Player "=G3= slotte" (steam64id="76561197987642420") (Global): kkk
01:56:35: Player "=G3=L.REIS" (steam64id="76561197965313777") (Global): deslogou pra morrer
01:56:38: Player "DangersPlay" (steam64id="76561198037868353") (Global): so mata pelado kkk
01:56:38: Player "AiPolly" (steam64id="76561198072574279") (Global): trava na pose dangers
01:56:59: Player "rogersdutra01" (steam64id="76561197975156269") (Global): g3 vc é  lixoso
01:57:03: Player "=G3=L.REIS" (steam64id="76561197965313777") (Global): falador passa mal
01:57:23: Player "Fritas" (steam64id="76561198148172018") (Global): vem na faca entao
01:57:23: Player "rogersdutra01" (steam64id="76561197975156269") (Global): passa mal? matando pelados kkkk comedia
01:57:37: Player "AiPolly" (steam64id="76561198072574279") (Global): trava na pose
01:57:53: Player "=G3=L.REIS" (steam64id="76561197965313777") (Global): trava na pose
02:09:56: Player "AiPolly" (steam64id="76561198072574279") (Global): que issouuu
02:10:02: Player "TripaSeca" (steam64id="76561198093060507") (Global): essa treta ai
02:10:09: Player "AiPolly" (steam64id="76561198072574279") (Global): treta pesada
02:10:14: Player "TripaSeca" (steam64id="76561198093060507") (Global): norte ?
02:10:17: Player "AiPolly" (steam64id="76561198072574279") (Global): sul
02:10:32: Player "TripaSeca" (steam64id="76561198093060507") (Global): como toda hora morrer 
02:22:44: Player "AiPolly" (steam64id="76561198072574279") (Global): kd o fritas
02:22:55: Player "Fritas" (steam64id="76561198148172018") (Global): tou aqui
02:24:32: Player "AiPolly" (steam64id="76561198072574279") (Global): vai voltar fritas ?
02:24:44: Player "Fritas" (steam64id="76561198148172018") (Global): por que
02:24:51: Player "Fritas" (steam64id="76561198148172018") (Global): vcs mata pelado mano 
02:24:52: Player "Cristof" (steam64id="76561198305968623") (Global): hola!
02:25:37: Player "AiPolly" (steam64id="76561198072574279") (Global): pelado nem é gente
02:39:43: Player "Biel FxR" (steam64id="76561198050836260") (Global): korea consegue dar um pulo aq 
02:39:46: Player "Biel FxR" (steam64id="76561198050836260") (Global): ou algum adm online ?
02:39:55: Player "TripaSeca" (steam64id="76561198093060507") (Global): ZzZz
02:49:40: Player "Seekerzao" (steam64id="76561198067793781") (Global): pqp meu tab bugou
02:49:42: Player "Seekerzao" (steam64id="76561198067793781") (Global): e agr?
02:49:52: Player "TripaSeca" (steam64id="76561198093060507") (Global): pula 
02:50:00: Player "Seekerzao" (steam64id="76561198067793781") (Global): ce e pro player msm
02:50:01: Player "Seekerzao" (steam64id="76561198067793781") (Global): vlw
02:50:06: Player "TripaSeca" (steam64id="76561198093060507") (Global): guarda a arma e aperta f5
02:56:47: Player "TripaSeca" (steam64id="76561198093060507") (Global): isso foi no castelo ?
02:57:11: Player "[L.B] LopesTa " (steam64id="76561198375254083") (Global): cmg?
02:57:21: Player "TripaSeca" (steam64id="76561198093060507") (Global): os tiros 
03:32:47: Player "Cristof" (steam64id="76561198305968623") (Global): no falo
03:32:50: Player "Cristof" (steam64id="76561198305968623") (Global): ptg
03:32:53: Player "Cristof" (steam64id="76561198305968623") (Global): boi notie
03:33:15: Player "[L.B] LopesTa " (steam64id="76561198375254083") (Global): boa noite
04:09:41: Player "Biel FxR" (steam64id="76561198050836260") (Global): deixa os cara aprender a jogar gassava
04:09:46: Player "Biel FxR" (steam64id="76561198050836260") (Global): kk
04:11:21: Player "Seekerzao" (steam64id="76561198067793781") (Global): tem alguem no airfield?
04:11:49: Player "TripaSeca" (steam64id="76561198093060507") (Global): VC TA SOLO AI MANO
04:11:53: Player "Seekerzao" (steam64id="76561198067793781") (Global): s
04:12:04: Player "TripaSeca" (steam64id="76561198093060507") (Global): to afirmando !
04:12:09: Player "Seekerzao" (steam64id="76561198067793781") (Global): to tentando fazer um loot so
04:12:12: Player "TripaSeca" (steam64id="76561198093060507") (Global): so vc e os zumbis
04:12:17: Player "Seekerzao" (steam64id="76561198067793781") (Global): atira em mim se tiver alguem la n
04:14:18: Player "Cristof" (steam64id="76561198305968623") (Global): server have custom respawn?
09:49:39: Player "Miler" (steam64id="76561198798657985") (Global): tem pena n ? KKKKKK
09:49:45: Player "Miler" (steam64id="76561198798657985") (Global): mero iniciante
09:50:25: Player "DangersPlay" (steam64id="76561198037868353") (Global): ja tive muita pena ja, so tomei no nariz kkk
09:50:39: Player "Miler" (steam64id="76561198798657985") (Global): KKKKKKKK , acontece
10:14:45: Player "Miler" (steam64id="76561198798657985") (Global): L.B dominando o server
10:56:07: Player "[YKZ]-BlackBear" (steam64id="76561198343030820") (Global): bom dia=]
10:56:24: Player "DangersPlay" (steam64id="76561198037868353") (Global): Bom Dia!
10:56:39: Player "LIGHTvmz" (steam64id="76561199146864874") (Global): Bom dia
10:56:49: Player "[DY] MOANA" (steam64id="76561198868590548") (Global): bom dia galera
11:02:42: Player "[YKZ]-BlackBear" (steam64id="76561198343030820") (Global): mano tenho que falar, jogar dayz tomando um cafézin..
11:02:45: Player "[YKZ]-BlackBear" (steam64id="76561198343030820") (Global): putzz
11:03:00: Player "chron1c" (steam64id="76561198205585613") (Global): hmmmm
11:03:01: Player "[L.B]Zeca" (steam64id="76561198211423224") (Global): é q n jogasse cagando ainda
11:03:03: Player "chron1c" (steam64id="76561198205585613") (Global): diliça
11:03:08: Player "[YKZ]-BlackBear" (steam64id="76561198343030820") (Global): kkkk
11:03:23: Player "[YKZ]-BlackBear" (steam64id="76561198343030820") (Global): to parecendo aqueles velho de 30 anos
11:03:23: Player "[L.B]Zeca" (steam64id="76561198211423224") (Global): uma mao no teclado e outra no carinho
11:03:29: Player "[YKZ]-BlackBear" (steam64id="76561198343030820") (Global): ops eu tenho 32 kk
11:03:40: Player "chron1c" (steam64id="76561198205585613") (Global): eh meu amigo a idade chega pra todos
11:04:02: Player "[YKZ]-BlackBear" (steam64id="76561198343030820") (Global): melhor idade
11:04:09: Player "chron1c" (steam64id="76561198205585613") (Global): fora as divida 
11:04:13: Player "chron1c" (steam64id="76561198205585613") (Global): eh a melhor
11:04:17: Player "[YKZ]-BlackBear" (steam64id="76561198343030820") (Global): vc chega aos 30 e vê os jovens fzd merda kkkkk
11:05:42: Player "chron1c" (steam64id="76561198205585613") (Global): ah fila da puta
11:07:04: Player "Emissarius" (steam64id="76561198271087379") (Global): matando pelado ne zeca
11:07:06: Player "Emissarius" (steam64id="76561198271087379") (Global): seu puto 
11:07:09: Player "[YKZ]-BlackBear" (steam64id="76561198343030820") (Global): ^^
11:07:15: Player "ttuker" (steam64id="76561198971813376") (Global): para amrmar base es vanilla?
11:07:23: Player "chron1c" (steam64id="76561198205585613") (Global): o cara nao perdoa nem com a perna quebrada
11:07:27: Player "[YKZ]-BlackBear" (steam64id="76561198343030820") (Global): si manito
11:07:32: Player "ttuker" (steam64id="76561198971813376") (Global): gracias!
11:07:49: Player "chron1c" (steam64id="76561198205585613") (Global): uber pra melkart
11:07:58: Player "[YKZ]-BlackBear" (steam64id="76561198343030820") (Global): opa
11:08:15: Player "[YKZ]-BlackBear" (steam64id="76561198343030820") (Global): meu amigo... esse sangue ta hardcore agora??
11:08:27: Player "[YKZ]-BlackBear" (steam64id="76561198343030820") (Global): uma ferida e o bixo sangra igual mestruação
11:18:09: Player "[YKZ]-BlackBear" (steam64id="76561198343030820") (Global): alguem ai precisa de algo pra construção?
11:18:18: Player "chron1c" (steam64id="76561198205585613") (Global): sim
11:18:20: Player "chron1c" (steam64id="76561198205585613") (Global): tudo
11:18:23: Player "[YKZ]-BlackBear" (steam64id="76561198343030820") (Global): O.O
11:18:25: Player "ttuker" (steam64id="76561198971813376") (Global): yo pala
11:18:52: Player "[YKZ]-BlackBear" (steam64id="76561198343030820") (Global): me mata nãoooo
11:19:09: Player "chron1c" (steam64id="76561198205585613") (Global): xiiiiii
11:20:36: Player "[YKZ]-BlackBear" (steam64id="76561198343030820") (Global): GOSTO ASSIM
11:20:46: Player "chron1c" (steam64id="76561198205585613") (Global): blackbear
11:20:48: Player "[YKZ]-BlackBear" (steam64id="76561198343030820") (Global): ANOTO OS NOME TUDINHO E DEPOIS VOU CAÇAR
11:20:50: Player "chron1c" (steam64id="76561198205585613") (Global): vai descer?
11:20:50: Player "LIGHTvmz" (steam64id="76561199146864874") (Global): kakaa mals man
11:20:59: Player "[YKZ]-BlackBear" (steam64id="76561198343030820") (Global): MALZ?????
11:21:08: Player "LIGHTvmz" (steam64id="76561199146864874") (Global): c nn tava me escutando??
11:21:11: Player "[L.B] Santorin" (steam64id="76561199069721527") (Global): sussegue cara chato
11:21:13: Player "[L.B] Santorin" (steam64id="76561199069721527") (Global): reclamao
11:21:13: Player "[YKZ]-BlackBear" (steam64id="76561198343030820") (Global): TEM HEADSET N PRA ME OUVIR?
11:21:38: Player "[YKZ]-BlackBear" (steam64id="76561198343030820") (Global): SE DOEU AI ?
11:21:46: Player "LIGHTvmz" (steam64id="76561199146864874") (Global): escutei mn
11:21:51: Player "[YKZ]-BlackBear" (steam64id="76561198343030820") (Global): MUTA O CHAT 
11:21:54: Player "[L.B] Santorin" (steam64id="76561199069721527") (Global): cara chato
11:21:59: Player "[YKZ]-BlackBear" (steam64id="76561198343030820") (Global): ESSA MERDA FOI FEITO PRA ISSO 
11:22:01: Player "LIGHTvmz" (steam64id="76561199146864874") (Global): tentei falar soq tu n escutou eu acho
11:22:07: Player "chron1c" (steam64id="76561198205585613") (Global): black bear  vamo ate a sua base  eu te dou uma carona 
11:22:12: Player "chron1c" (steam64id="76561198205585613") (Global): hein
11:22:13: Player "chron1c" (steam64id="76561198205585613") (Global): hm
11:22:15: Player "[YKZ]-BlackBear" (steam64id="76561198343030820") (Global): KKK
11:22:19: Player "[YKZ]-BlackBear" (steam64id="76561198343030820") (Global): TA POR ONDE?
11:22:27: Player "chron1c" (steam64id="76561198205585613") (Global): perto do castelo
11:22:40: Player "[YKZ]-BlackBear" (steam64id="76561198343030820") (Global): PER AE
11:22:47: Player "[YKZ]-BlackBear" (steam64id="76561198343030820") (Global): VOU AI LEVAR UM CERVEJA PRA NÓS
11:23:02: Player "chron1c" (steam64id="76561198205585613") (Global): ai eh gud
11:23:56: Player "[YKZ]-BlackBear" (steam64id="76561198343030820") (Global): pow eu tava todo de mumuia kkk
11:24:04: Player "chron1c" (steam64id="76561198205585613") (Global): tras a cerveja 
11:24:18: Player "[YKZ]-BlackBear" (steam64id="76561198343030820") (Global): bebo n sou pastor pow
11:24:36: Player "chron1c" (steam64id="76561198205585613") (Global): dizimo
11:24:39: Player "[YKZ]-BlackBear" (steam64id="76561198343030820") (Global): pastor de um site ai
11:24:44: Player "[YKZ]-BlackBear" (steam64id="76561198343030820") (Global): kkkkkkkkkkkk
11:25:17: Player "chron1c" (steam64id="76561198205585613") (Global): black bear
11:25:36: Player "[YKZ]-BlackBear" (steam64id="76561198343030820") (Global): eu
11:25:51: Player "chron1c" (steam64id="76561198205585613") (Global): ta vindo?
11:25:54: Player "[YKZ]-BlackBear" (steam64id="76561198343030820") (Global): ss
11:25:58: Player "chron1c" (steam64id="76561198205585613") (Global): bl
11:28:25: Player "[YKZ]-BlackBear" (steam64id="76561198343030820") (Global): ae tu ja achou a marreta do goku?
11:30:54: Player "[YKZ]-BlackBear" (steam64id="76561198343030820") (Global): to  chegando
11:31:13: Player "chron1c" (steam64id="76561198205585613") (Global): so vem
11:33:05: Player "chron1c" (steam64id="76561198205585613") (Global): vo morrer de fome
11:33:39: Player "[YKZ]-BlackBear" (steam64id="76561198343030820") (Global): pera ai vou levar uns bife ento
11:36:46: Player "chron1c" (steam64id="76561198205585613") (Global): ouviu
11:36:55: Player "[YKZ]-BlackBear" (steam64id="76561198343030820") (Global): n
11:39:12: Player "[YKZ]-BlackBear" (steam64id="76561198343030820") (Global): cade
11:39:29: Player "chron1c" (steam64id="76561198205585613") (Global): to na cidade da frente
11:39:44: Player "[YKZ]-BlackBear" (steam64id="76561198343030820") (Global): ouvi kk
11:44:52: Player "[YKZ]-BlackBear" (steam64id="76561198343030820") (Global): faz o fogo aee
11:45:06: Player "chron1c" (steam64id="76561198205585613") (Global): to a beira da morte
12:16:29: Player "[L.B]Zeca" (steam64id="76561198211423224") (Global): o infeliz q bota armadilha de urso nas casa
12:16:33: Player "[L.B]Zeca" (steam64id="76561198211423224") (Global): vai para o inferno
13:00:18: Player "DEGALOKAO" (steam64id="76561199171941975") (Global): so eu to lagadaço?
13:20:12: Player "[YKZ]-BlackBear" (steam64id="76561198343030820") (Global): NAOOOOOOOOOOOOOOOOOOOOOOOOOOOOOOO
13:20:17: Player "web gado" (steam64id="76561199123625009") (Global): naaaao
13:20:22: Player "[G.M] O verdadeiro" (steam64id="76561198351631304") (Global): que isso?
13:20:35: Player "Naell" (steam64id="76561198122722358") (Global): BOmba
14:12:58: Player "[L.B] Santorin" (steam64id="76561199069721527") (Global): porr
14:13:01: Player "[L.B] Santorin" (steam64id="76561199069721527") (Global): quanto cai e cai
14:19:03: Player "[L.B] Santorin" (steam64id="76561199069721527") (Global): q q deu?
14:19:07: Player "[L.B] Santorin" (steam64id="76561199069721527") (Global): q ta caimnd
14:24:07: Player "TripaSeca" (steam64id="76561198093060507") (Global): boa tarde
14:24:12: Player "TripaSeca" (steam64id="76561198093060507") (Global): korea esta por ai ?
14:35:55: Player "Rag" (steam64id="76561198027312321") (Global): que porra de mapa
14:36:27: Player "[L.B]Zeca" (steam64id="76561198211423224") (Global): q q tem
15:10:40: Player "Charada" (steam64id="76561198034769290") (Direct): tarrrde
15:12:45: Player "[L.B] Santorin" (steam64id="76561199069721527") (Global): ashashuashua
15:12:49: Player "[L.B] Santorin" (steam64id="76561199069721527") (Global): porra
15:24:50: Player "[YKZ]-BlackBear" (steam64id="76561198343030820") (Global): PERA AI DEIXA EU FICAR PARADA VAI
15:25:03: Player "[YKZ]-BlackBear" (steam64id="76561198343030820") (Global): ATIRA 
15:25:15: Player "[YKZ]-BlackBear" (steam64id="76561198343030820") (Global): VAI LOGO ATIRA VCS AI
15:25:33: Player "Biel FxR" (steam64id="76561198050836260") (Global): pvp de chat nunca tinha visto
15:25:44: Player "[YKZ]-Notsniw" (steam64id="76561197967151252") (Global): Black sempre inovando!
15:25:52: Player "[L.B]Zeca" (steam64id="76561198211423224") (Global): GALVAO BUENO DO CHAT
15:25:55: Player "[L.B] Santorin" (steam64id="76561199069721527") (Global): qm tinha me matado?
15:25:56: Player "[L.B]Zeca" (steam64id="76561198211423224") (Global): comentarista
15:25:56: Player "[L.B] Santorin" (steam64id="76561199069721527") (Global): kkk
15:26:10: Player "Emissarius" (steam64id="76561198271087379") (Global): eu te matei 
15:26:14: Player "[YKZ]-BlackBear" (steam64id="76561198343030820") (Global): ESSES NOVATO É OSSO
15:26:14: Player "[L.B] Santorin" (steam64id="76561199069721527") (Global): susto home
15:26:15: Player "Emissarius" (steam64id="76561198271087379") (Global): n foi a kill pra mim 
15:26:18: Player "TripaSeca" (steam64id="76561198093060507") (Global): na session passada estava pior 
15:26:33: Player "TripaSeca" (steam64id="76561198093060507") (Global): chama o adm para puxar no VAR
15:26:54: Player "Biel FxR" (steam64id="76561198050836260") (Global): pvp do dayz virou jogo de tabuleiro
15:27:01: Player "Biel FxR" (steam64id="76561198050836260") (Global): atira ai é a vez de vcs
15:27:05: Player "Biel FxR" (steam64id="76561198050836260") (Global): passou o turno ?
15:27:07: Player "Biel FxR" (steam64id="76561198050836260") (Global): kkkkkkkkkkk
15:27:19: Player "MacLovin" (steam64id="76561199068236803") (Global): baseado em turnos
15:27:22: Player "[YKZ]-BlackBear" (steam64id="76561198343030820") (Global): I AMIGO AQUI FALOU QUE SE ASSUTOU COM UM PELADO DE FACA KKKKKKKKKKKKKKK
15:27:46: Player "[DY] RAPUNZEL" (steam64id="76561198100527842") (Global): acontece
15:28:35: Player "TripaSeca" (steam64id="76561198093060507") (Global): cara ontem eu encontrei uns caras tretando em astarte as 04:00
15:28:46: Player "TripaSeca" (steam64id="76561198093060507") (Global): vagabundo gosta muito de tretar de bk
15:28:54: Player "[YKZ]-BlackBear" (steam64id="76561198343030820") (Global): gostosin
15:37:10: Player "[L.B] Santorin" (steam64id="76561199069721527") (Global): aushashusauhsahsu
16:26:07: Player "Seekerzao" (steam64id="76561198067793781") (Global): black bear o remewdio deu certo ai mano?
16:26:18: Player "Seekerzao" (steam64id="76561198067793781") (Global): se precisar de mais deixei na prateleira da tenda amarela
16:26:20: Player "[YKZ]-BlackBear" (steam64id="76561198343030820") (Global): SS MAS VOU MORRER KKK
16:26:30: Player "Seekerzao" (steam64id="76561198067793781") (Global): tenho solucao salina sera que te ajuda?
16:26:33: Player "Biel FxR" (steam64id="76561198050836260") (Global): seekerzao meu parceiro
16:26:35: Player "Biel FxR" (steam64id="76561198050836260") (Global): cuidado
16:26:43: Player "[YKZ]-BlackBear" (steam64id="76561198343030820") (Global): JA USEI KKK
16:26:48: Player "Biel FxR" (steam64id="76561198050836260") (Global): black é traiçoeiro
16:26:50: Player "Biel FxR" (steam64id="76561198050836260") (Global): ¬¬
16:26:50: Player "Seekerzao" (steam64id="76561198067793781") (Global): F Black Bear entao
16:26:53: Player "Seekerzao" (steam64id="76561198067793781") (Global): kkkkkkkkkk
16:26:57: Player "Seekerzao" (steam64id="76561198067793781") (Global): vlw Biel
16:27:02: Player "[YKZ]-BlackBear" (steam64id="76561198343030820") (Global): ???
16:27:08: Player "Biel FxR" (steam64id="76561198050836260") (Global): ta full de ontem ainda ?
16:27:11: Player "[YKZ]-BlackBear" (steam64id="76561198343030820") (Global): primeiramente quem é Biel?
16:27:15: Player "Seekerzao" (steam64id="76561198067793781") (Global): kkkkkkkkkkk
16:27:16: Player "Biel FxR" (steam64id="76561198050836260") (Global): vimos vc ate as 4 logado
16:27:19: Player "Hacan121" (steam64id="76561198345012092") (Global): kkkkkkkkkkkkkkkkkkkk
16:27:25: Player "Seekerzao" (steam64id="76561198067793781") (Global): to sim fiquei ate as 8
16:27:30: Player "Seekerzao" (steam64id="76561198067793781") (Global): to montando base
16:27:38: Player "Biel FxR" (steam64id="76561198050836260") (Global): black bear ? nunca vi no killfeed
16:27:39: Player "[YKZ]-BlackBear" (steam64id="76561198343030820") (Global): eu trabalho e tenho familia
16:27:40: Player "Biel FxR" (steam64id="76561198050836260") (Global): kkk
16:27:45: Player "[YKZ]-BlackBear" (steam64id="76561198343030820") (Global): tenho tempo pra isso n 
16:27:53: Player "netttto no drip" (steam64id="76561198859086815") (Global): pai de familia
16:27:58: Player "netttto no drip" (steam64id="76561198859086815") (Global): boto fé black
16:28:02: Player "Biel FxR" (steam64id="76561198050836260") (Global): dsclpinha de quem n sabe jogar kk
16:28:05: Player "[YKZ]-Notsniw" (steam64id="76561197967151252") (Global): mentira ele passa o dia todo na frente do pc
16:28:11: Player "Seekerzao" (steam64id="76561198067793781") (Global): KKKKKKK
16:28:29: Player "[YKZ]-BlackBear" (steam64id="76561198343030820") (Global): to ate agora tentando do seu nome pq eru to aqui no servidor desde o lançamento
16:28:56: Player "Seekerzao" (steam64id="76561198067793781") (Global): Black precisar de algo me fala mano to com remedio e codeina 
16:29:13: Player "[YKZ]-BlackBear" (steam64id="76561198343030820") (Global): rlx  man vou me morrer kkk
16:29:19: Player "Seekerzao" (steam64id="76561198067793781") (Global): suave
16:29:26: Player "[YKZ]-BlackBear" (steam64id="76561198343030820") (Global): mas qualquer coisa tamo junto
16:29:29: Player "Seekerzao" (steam64id="76561198067793781") (Global): tmj lek
16:29:31: Player "Seekerzao" (steam64id="76561198067793781") (Global): paz
16:29:45: Player "Biel FxR" (steam64id="76561198050836260") (Global): seekerzao vc eh um mlk firmeza cuidado
16:29:47: Player "Biel FxR" (steam64id="76561198050836260") (Global): ksks
16:34:00: Player "LuscaNTC" (steam64id="76561198261359678") (Global): wuytwww
16:39:48: Player "tecessin" (steam64id="76561198806418925") (Global): .party
16:39:54: Player "Leg1tzera" (steam64id="76561198285241998") (Global): como que manda party msm ?
16:39:57: Player "[YKZ]-BlackBear" (steam64id="76561198343030820") (Global): p
17:04:35: Player "Seekerzao" (steam64id="76561198067793781") (Global): quem foram os 2 tansos que eu matei ali agr nas ruinas?
17:24:03: Player "[L.B]TropaDoEngui*a" (steam64id="76561198211423224") (Global): peguei outra trap de urso
17:24:09: Player "[L.B]TropaDoEngui*a" (steam64id="76561198211423224") (Global): quem faz isso p tem alma
17:26:10: Player "Biel FxR" (steam64id="76561198050836260") (Global): black bear finalmente apareceu no killfeed hehe
17:26:34: Player "[YKZ]-BlackBear" (steam64id="76561198343030820") (Global): ?
17:26:50: Player "TripaSeca" (steam64id="76561198093060507") (Global): ele que coisar com vc !
17:26:57: Player "Biel FxR" (steam64id="76561198050836260") (Global): gostosin
17:27:21: Player "[YKZ]-BlackBear" (steam64id="76561198343030820") (Global): era o skyapolo e o fahu agora é esse ai kkk
18:28:50: Player "Hacan121" (steam64id="76561198345012092") (Global): obg pelo delivery, a sua m4 ainda ta aki meu consagrado
18:46:34: Player "[TTKS] RDS" (steam64id="76561198403580298") (Global): F
18:47:00: Player "DarkFyll" (steam64id="76561198972162440") (Global): p
19:02:20: Player "Bicicreta" (steam64id="76561198253386609") (Global): ai quebrou a bike
19:23:27: Player "jotinha" (steam64id="76561199074349181") (Global): po nao ta dando pra reparar arma
19:23:34: Player "jotinha" (steam64id="76561199074349181") (Global): pra abrir lata de comida
19:58:55: Player "Bird Freedom" (steam64id="76561198171865554") (Global): .
20:27:02: Player "[TTKS] RDS" (steam64id="76561198403580298") (Global): F
21:05:10: Player "[KGB}Nobre Lobo" (steam64id="76561198127199963") (Global): admin, vc removeu algum mod
21:08:03: Player "[KGB}Nobre Lobo" (steam64id="76561198127199963") (Global): admin você removeu mod
21:10:27: Player "[KGB}Nobre Lobo" (steam64id="76561198127199963") (Global): admin
21:10:37: Player "[KGB}Nobre Lobo" (steam64id="76561198127199963") (Global): admin
21:10:44: Player "[KGB}Nobre Lobo" (steam64id="76561198127199963") (Global): admin
21:34:52: Player "chron1c" (steam64id="76561198205585613") (Global): tirou o mod de roupa mochila e colete?
21:35:00: Player "Passo Largo" (steam64id="76561199203652654") (Global): GRAÇAS A DEUS TIROU
21:35:10: Player "chron1c" (steam64id="76561198205585613") (Global): e tudo que tinha dentro deles tb =z
21:35:13: Player "chron1c" (steam64id="76561198205585613") (Global): =\
21:35:15: Player "Seekerzao" (steam64id="76561198067793781") (Global): perdi o loot da madrugada inteira por conta disso
21:35:16: Player "Seekerzao" (steam64id="76561198067793781") (Global): kkkkkkkkk
21:35:35: Player "Seekerzao" (steam64id="76561198067793781") (Global): fiquei das 1 as 4 da manha looteando airbase
21:35:36: Player "chron1c" (steam64id="76561198205585613") (Global): fui tapeado
21:35:41: Player "Seekerzao" (steam64id="76561198067793781") (Global): qnd entrei tava sem nada quase
21:35:42: Player "Seekerzao" (steam64id="76561198067793781") (Global): kkkkkk
21:36:01: Player "Seekerzao" (steam64id="76561198067793781") (Global): essas paradas tinha que ter um aviso no server se pa
21:36:06: Player "Passo Largo" (steam64id="76561199203652654") (Global): CONCORDO
21:36:11: Player "Passo Largo" (steam64id="76561199203652654") (Global): mas abre um ticket se vc perdeu algo
21:36:18: Player "Seekerzao" (steam64id="76561198067793781") (Global): pq nem todo mundo ta no discord
21:36:36: Player "Seekerzao" (steam64id="76561198067793781") (Global): ae agora entrei la pra ficar por dentro
21:37:28: Player "Seekerzao" (steam64id="76561198067793781") (Global): nao tem pq abrir ticket mano pq e tudo loot do mapa
21:37:33: Player "Seekerzao" (steam64id="76561198067793781") (Global): e nem tem como provar
21:37:41: Player "Seekerzao" (steam64id="76561198067793781") (Global): e dar trabalho pros adm atoa
21:37:47: Player "Passo Largo" (steam64id="76561199203652654") (Global): mas é direito teu
21:37:55: Player "Passo Largo" (steam64id="76561199203652654") (Global): pq isso é erro da administracao
21:38:00: Player "Passo Largo" (steam64id="76561199203652654") (Global): era pra ter acertado isso antes do wipe
21:38:17: Player "Seekerzao" (steam64id="76561198067793781") (Global): ah ta suave
21:38:20: Player "Passo Largo" (steam64id="76561199203652654") (Global): pq se ficar no tira/ coloca vira zona
21:38:29: Player "Seekerzao" (steam64id="76561198067793781") (Global): de qualquer maneira eu ia perder tudo qnd achasse alguem
21:38:30: Player "Seekerzao" (steam64id="76561198067793781") (Global): kkkkkkkkkkkkkk
21:38:39: Player "Seekerzao" (steam64id="76561198067793781") (Global): eu jogo solo entao e bem hard sobreviver a ataques
21:38:52: Player "Seekerzao" (steam64id="76561198067793781") (Global): nem meu nem de ngm
21:38:53: Player "Seekerzao" (steam64id="76561198067793781") (Global): kkkkk
21:38:53: Player "Passo Largo" (steam64id="76561199203652654") (Global): é, mas sempre é bom passar pela fase de testes antes de validar o servidor e abrir para o pubico
21:39:08: Player "TeuSDek" (steam64id="76561198394822113") (Global): perdi loot tbm quando deu reset no servidor 
21:39:11: Player "Passo Largo" (steam64id="76561199203652654") (Global): se n é ctz q vai gerar problema
21:39:18: Player "Luska" (steam64id="76561198099970604") (Direct): eu tambem, perdi minha calça
21:39:25: Player "Luska" (steam64id="76561198099970604") (Direct): po fiquei envergonhado
21:39:26: Player "[L.B]TropaDoEnguisa" (steam64id="76561198211423224") (Global): esse monte de roupa é ruim de mais
21:39:34: Player "[L.B]TropaDoEnguisa" (steam64id="76561198211423224") (Global): sai p fazer loot só acha roupa
21:39:34: Player "Passo Largo" (steam64id="76561199203652654") (Global): quanto mais vanilla, melhor
21:39:39: Player "Passo Largo" (steam64id="76561199203652654") (Global): é só a minha humilde opiniao
21:40:09: Player "Passo Largo" (steam64id="76561199203652654") (Global): e ta otimo assim
21:40:15: Player "[L.B]TropaDoEnguisa" (steam64id="76561198211423224") (Global): o mano se tirou o mod
21:40:19: Player "[L.B]TropaDoEnguisa" (steam64id="76561198211423224") (Global): perdi tudo da mochila[
21:40:25: Player "[TTKS] RDS" (steam64id="76561198403580298") (Global): F
21:40:27: Player "[L.B]TropaDoEnguisa" (steam64id="76561198211423224") (Global): perdi tudo q é arma quando tirou o outro mod
21:40:29: Player "Seekerzao" (steam64id="76561198067793781") (Global): F
21:40:30: Player "[TTKS] RDS" (steam64id="76561198403580298") (Global): TB
21:40:31: Player "G A T O" (steam64id="76561199207813177") (Global): Ta otimo 
21:40:42: Player "[TTKS] RDS" (steam64id="76561198403580298") (Global): ADM
21:40:42: Player "[L.B]TropaDoEnguisa" (steam64id="76561198211423224") (Global): se decidi
21:40:52: Player "[L.B]TropaDoEnguisa" (steam64id="76561198211423224") (Global): server é massa, mas assim complica
21:41:04: Player "G A T O" (steam64id="76561199207813177") (Global): A Ar15 saiu?
21:41:17: Player "[L.B]TropaDoEnguisa" (steam64id="76561198211423224") (Global): sim
21:49:00: Player "[L.B]TropaDoEnguisa" (steam64id="76561198211423224") (Global): tiroteio pegando
21:49:02: Player "[L.B]TropaDoEnguisa" (steam64id="76561198211423224") (Global): onde?
22:00:00: Player "chunney" (steam64id="76561198371451103") (Global): LOKO
22:02:06: Player "chunney" (steam64id="76561198371451103") (Global): EL DE LA MANZANA ESTAS 
22:02:16: Player "ttuker" (steam64id="76561198971813376") (Global): ea
22:22:15: Player "[L.B]TropaDoEnguisa" (steam64id="76561198211423224") (Global): tinha um terceiro :(
22:22:19: Player "[L.B]TropaDoEnguisa" (steam64id="76561198211423224") (Global): boa play
22:22:47: Player "Passo Largo" (steam64id="76561199203652654") (Global): mas fui eu q matei teu amigo
22:23:00: Player "Passo Largo" (steam64id="76561199203652654") (Global): sempre existiu um terceiro kkk
22:23:01: Player "[L.B]TropaDoEnguisa" (steam64id="76561198211423224") (Global): antes matei outros 2 ali
22:23:05: Player "[L.B]TropaDoEnguisa" (steam64id="76561198211423224") (Global): mas tinha outro
22:32:01: Player "huedeson" (steam64id="76561199250643370") (Global): 123sasd
22:37:49: Player "wel" (steam64id="76561198245343656") (Global): cade o pevepas
22:44:13: Player "(CNXC)Roger    " (steam64id="76561198119108882") (Global): blz loguei sem arma alguma kkkkk
22:44:30: Player "[YKZ]-BlackBear" (steam64id="76561198343030820") (Global): opaa
22:44:32: Player "[YKZ]-BlackBear" (steam64id="76561198343030820") (Global): kk
22:44:43: Player "[YKZ]-BlackBear" (steam64id="76561198343030820") (Global): acabou a ar com pente de 100 bb 
22:44:48: Player "huedeson" (steam64id="76561199250643370") (Global): ssss
22:44:52: Player "huedeson" (steam64id="76561199250643370") (Global): hue
22:44:54: Player "[LGBTQIA+] S T R 1 P P 3 R - S" (steam64id="76561198114043394") (Global): sdds
22:44:58: Player "huedeson" (steam64id="76561199250643370") (Global): eae 
22:44:58: Player "[LGBTQIA+] S T R 1 P P 3 R - S" (steam64id="76561198114043394") (Global): eh o que resta
22:45:03: Player "(CNXC)Roger    " (steam64id="76561198119108882") (Global): mds
22:55:19: Player "huedeson" (steam64id="76561199250643370") (Global):  
22:55:27: Player "huedeson" (steam64id="76561199250643370") (Global): qwrtyuioiassdfgfhghjzxcvbnn
23:08:51: Player "TripaSeca" (steam64id="76561198093060507") (Global): alguem logou e teve intem que desapareceu ai ?
23:08:59: Player "[YKZ]-BlackBear" (steam64id="76561198343030820") (Global): ss
23:09:06: Player "G A T O" (steam64id="76561199207813177") (Global): Sim
23:09:16: Player "G A T O" (steam64id="76561199207813177") (Global): Perdi tudo
23:09:45: Player "TripaSeca" (steam64id="76561198093060507") (Global): loguei quanse pelado 
23:10:07: Player "[YKZ]-BlackBear" (steam64id="76561198343030820") (Global): e eu pelado so de m4 e tundra kkk
23:10:16: Player "TripaSeca" (steam64id="76561198093060507") (Global): tipo isso
23:10:32: Player "TripaSeca" (steam64id="76561198093060507") (Global): plate e a calça foram dar uma volta 
23:10:40: Player "TripaSeca" (steam64id="76561198093060507") (Global): so quero saber se elas vão voltar 
23:10:53: Player "TripaSeca" (steam64id="76561198093060507") (Global): adm deu algum parecer das coisas que sumiram ?
23:10:57: Player "(CNXC)Roger    " (steam64id="76561198119108882") (Global): kkk
23:11:14: Player "[YKZ]-BlackBear" (steam64id="76561198343030820") (Global): mds n tem mais 
23:11:25: Player "[YKZ]-BlackBear" (steam64id="76561198343030820") (Global): mod*
23:11:26: Player "TripaSeca" (steam64id="76561198093060507") (Global): então virou lenda
23:13:06: Player "(CNXC)Roger    " (steam64id="76561198119108882") (Global): kk
23:14:37: Player "ttuker" (steam64id="76561198971813376") (Global): hay zona toxica?
23:14:53: Player "[YKZ]-BlackBear" (steam64id="76561198343030820") (Global): ss
23:16:51: Player "Passo Largo" (steam64id="76561199203652654") (Global): korea
23:16:57: Player "Passo Largo" (steam64id="76561199203652654") (Global): olha la o ticket por gentileza
23:17:17: Player "G A T O" (steam64id="76561199207813177") (Global): A play hoje ta bixada
23:24:34: Player "Passo Largo" (steam64id="76561199203652654") (Global): valeu korea
23:25:19: Player "KOREA" (steam64id="76561198253386609") (Global): alguem ja foi na area toxica?
23:25:26: Player "[YKZ]-BlackBear" (steam64id="76561198343030820") (Global): sim 
23:25:31: Player "[YKZ]-BlackBear" (steam64id="76561198343030820") (Global): quase me lasquei
23:25:38: Player "[YKZ]-BlackBear" (steam64id="76561198343030820") (Global): ^^
23:25:42: Player "KOREA" (steam64id="76561198253386609") (Global): o loot lá está bem bom
23:26:08: Player "Seekerzao" (steam64id="76561198067793781") (Global): to achando loot nenhum
23:26:09: Player "Seekerzao" (steam64id="76561198067793781") (Global): kkkk
23:28:09: Player "ZenKaioh" (steam64id="76561198152445194") (Global): mano meu personagem bugou na escada
23:28:13: Player "ZenKaioh" (steam64id="76561198152445194") (Global): fiquei flutuando 
23:28:14: Player "ZenKaioh" (steam64id="76561198152445194") (Global): legal
23:28:26: Player "ZenKaioh" (steam64id="76561198152445194") (Global): morri por bug
23:28:44: Player "KOREA" (steam64id="76561198253386609") (Global): acontece
23:28:49: Player "KOREA" (steam64id="76561198253386609") (Global): é bug do mapa
23:31:39: Player "[MOD] OZIEL" (steam64id="76561199063596086") (Global): to on korea
23:31:53: Player "K1NGK1N" (steam64id="76561198160627069") (Global): dificil achar comida nesse server ein
23:57:44: Player "[MOD] OZIEL" (steam64id="76561199063596086") (Global): KOREA PODE VIM RAPIDINHO
