00:21:02: Player "Brayan" (steam64id="76561199129190063") (Global): sistema de construção ak e vanila ?
00:21:40: Player "[XIT]SoulzaHur" (steam64id="76561198387573700") (Global): niguem, em melkart ?
00:21:59: Player "[YKZ] Notsniw" (steam64id="76561197967151252") (Global): tem um maluco fazendo trap la
00:22:00: Player "[YKZ] Notsniw" (steam64id="76561197967151252") (Global): aeuhauehauhea
00:22:04: Player "(CNXC)Roger    " (steam64id="76561198119108882") (Global): uheuhe
00:22:09: Player "[XIT]SoulzaHur" (steam64id="76561198387573700") (Global): tiro pra peste
00:22:16: Player "[XIT]SoulzaHur" (steam64id="76561198387573700") (Global): to so observando .
00:25:02: Player "Brayan" (steam64id="76561199129190063") (Global): raid e por c4 ou vanila ?;
00:39:40: Player "Brayan" (steam64id="76561199129190063") (Global): soulza 
00:39:46: Player "Brayan" (steam64id="76561199129190063") (Global): chamar ele pra entrar ak 
00:39:51: Player "Brayan" (steam64id="76561199129190063") (Global): ele acha que estamos la ainda kdaskdkasdkask
00:40:04: Player "Brayan" (steam64id="76561199129190063") (Global): gustavo
00:46:07: Player "(CNXC)Roger    " (steam64id="76561198119108882") (Global): dois no dormitorio de 2 andares 
01:00:02: Player "[XIT]SoulzaHur" (steam64id="76561198387573700") (Global): q ota ?
01:01:30: Player "[XIT]SoulzaHur" (steam64id="76561198387573700") (Global): chamou o clãnzinho ?
01:01:43: Player "(CNXC)Roger    " (steam64id="76561198119108882") (Global): ta tilt ? 
01:01:49: Player "[XIT]SoulzaHur" (steam64id="76561198387573700") (Global): só vem
01:02:01: Player "[XIT]SoulzaHur" (steam64id="76561198387573700") (Global): como pe que ta ai na praia ?
01:02:03: Player "(CNXC)Roger    " (steam64id="76561198119108882") (Global): tilta n
01:02:04: Player "[XIT]SoulzaHur" (steam64id="76561198387573700") (Global): é*
01:02:23: Player "(CNXC)Roger    " (steam64id="76561198119108882") (Global): seu parça ja chegou ?
01:02:32: Player "(CNXC)Roger    " (steam64id="76561198119108882") (Global): correu pakas tbm
01:02:37: Player "[XIT]SoulzaHur" (steam64id="76561198387573700") (Global): que parça?
01:02:40: Player "[XIT]SoulzaHur" (steam64id="76561198387573700") (Global): estou só
01:03:14: Player "(CNXC)Roger    " (steam64id="76561198119108882") (Global): eu vi dois idiota n o helicrash
01:03:31: Player "[XIT]SoulzaHur" (steam64id="76561198387573700") (Global): e eu matei 1 lá
01:03:43: Player "(CNXC)Roger    " (steam64id="76561198119108882") (Global): eu tbm
01:03:44: Player "[XIT]SoulzaHur" (steam64id="76561198387573700") (Global): não sei se era idiota .
01:03:47: Player "[XIT]SoulzaHur" (steam64id="76561198387573700") (Global): era voce?
01:08:42: Player "David Jr" (steam64id="76561198962491605") (Global): onde a treta?
01:09:08: Player "David Jr" (steam64id="76561198962491605") (Global): ?
01:42:05: Player "Alcanfor" (steam64id="76561198018104612") (Direct): HPOLA GENTE 
01:42:17: Player "Alcanfor" (steam64id="76561198018104612") (Direct): PARA LA ZONA TOXICA SE PRECISA EQUIPO OIMPLETO? 
01:42:21: Player "Alcanfor" (steam64id="76561198018104612") (Direct): COMPLETO? 
02:49:33: Player "[YKZ] Seekerzao" (steam64id="76561198067793781") (Global): salve familia
02:54:27: Player "[YKZ] Seekerzao" (steam64id="76561198067793781") (Global): acordo de paz pra farmar ou vamo trocar tiro?
02:55:23: Player "[YKZ] Seekerzao" (steam64id="76561198067793781") (Global): ?
08:10:46: Player "GabrielDWR" (steam64id="76561199012612653") (Global): salve
09:30:11: Player "GabrielDWR" (steam64id="76561199012612653") (Global): salve
09:30:23: Player "{PB} BIZU" (steam64id="76561198418322081") (Global): opa
09:30:31: Player "GabrielDWR" (steam64id="76561199012612653") (Global): paz pra farm?
09:30:35: Player "{PB} BIZU" (steam64id="76561198418322081") (Global): claro mano
09:30:38: Player "{PB} BIZU" (steam64id="76561198418322081") (Global): entrei agora
09:30:39: Player "GabrielDWR" (steam64id="76561199012612653") (Global): blz
09:30:42: Player "{PB} BIZU" (steam64id="76561198418322081") (Global): nunca joguei no mapa
09:30:50: Player "GabrielDWR" (steam64id="76561199012612653") (Global): joga a muito tempo o jogo?
09:30:56: Player "{PB} BIZU" (steam64id="76561198418322081") (Global): uns 2 anos 
09:31:01: Player "GabrielDWR" (steam64id="76561199012612653") (Global): slk
09:31:31: Player "{PB} BIZU" (steam64id="76561198418322081") (Global): voltei a jogar faz uns 2 meses
09:31:58: Player "GabrielDWR" (steam64id="76561199012612653") (Global): eu jogo a menos de 1 semana
09:32:00: Player "GabrielDWR" (steam64id="76561199012612653") (Global): kkkkk
09:35:04: Player "{PB} BIZU" (steam64id="76561198418322081") (Global): tem alguma cidade que tu nao passou  ?? 
09:35:07: Player "{PB} BIZU" (steam64id="76561198418322081") (Global): kk
09:35:10: Player "{PB} BIZU" (steam64id="76561198418322081") (Global): tudo aberto
09:35:29: Player "GabrielDWR" (steam64id="76561199012612653") (Global): sohail eu n passei
09:44:40: Player "{PB} BIZU" (steam64id="76561198418322081") (Global): ta em que cidade meu ? 
09:44:46: Player "GabrielDWR" (steam64id="76561199012612653") (Global): melkart
09:44:56: Player "{PB} BIZU" (steam64id="76561198418322081") (Global): lonjao
10:16:16: Player "GabrielDWR" (steam64id="76561199012612653") (Global): salve lobato
10:16:35: Player "[YKZ]-Lobato" (steam64id="76561198158375860") (Global): ah vsf
10:16:42: Player "GabrielDWR" (steam64id="76561199012612653") (Global): kkkkk
10:16:47: Player "GabrielDWR" (steam64id="76561199012612653") (Global): fui em airfield hoje nn
10:16:51: Player "GabrielDWR" (steam64id="76561199012612653") (Global): deixei pra vc
10:16:54: Player "[YKZ]-Lobato" (steam64id="76561198158375860") (Global): so quero a boquinha do airf
10:17:00: Player "GabrielDWR" (steam64id="76561199012612653") (Global): n fui em nada lá
10:17:02: Player "GabrielDWR" (steam64id="76561199012612653") (Global): pode ir
10:20:27: Player "[YKZ]-Lobato" (steam64id="76561198158375860") (Global): voltei
10:20:30: Player "[YKZ]-Lobato" (steam64id="76561198158375860") (Global): tinha bugado
10:21:08: Player "[YKZ]-Lobato" (steam64id="76561198158375860") (Global): em busca do silenciador
10:21:10: Player "[YKZ]-Lobato" (steam64id="76561198158375860") (Global): da ak
10:21:29: Player "GabrielDWR" (steam64id="76561199012612653") (Global): cheguei nesse patamar ainda nn
10:21:34: Player "{PB} BIZU" (steam64id="76561198418322081") (Global): vou achar pra ti
10:21:37: Player "{PB} BIZU" (steam64id="76561198418322081") (Global): deixa pra mim
10:21:37: Player "[YKZ]-Lobato" (steam64id="76561198158375860") (Global): ta dificl
10:21:47: Player "[YKZ]-Lobato" (steam64id="76561198158375860") (Global): troquei outro dia
10:21:52: Player "[YKZ]-Lobato" (steam64id="76561198158375860") (Global): uma m4
10:21:56: Player "[YKZ]-Lobato" (steam64id="76561198158375860") (Global): por 1 silenciador de m4
10:22:00: Player "[YKZ]-Lobato" (steam64id="76561198158375860") (Global): com um cara
10:22:34: Player "GabrielDWR" (steam64id="76561199012612653") (Global): qual o nome do silenciador de ak? sabe?
10:22:41: Player "[YKZ]-Lobato" (steam64id="76561198158375860") (Global): normalizado
10:22:46: Player "[YKZ]-Lobato" (steam64id="76561198158375860") (Global): de m4 pe padrao
10:22:48: Player "[YKZ]-Lobato" (steam64id="76561198158375860") (Global): é*
10:23:00: Player "GabrielDWR" (steam64id="76561199012612653") (Global): tenho 2 de m4 aqui cmg
10:23:08: Player "[YKZ]-Lobato" (steam64id="76561198158375860") (Global): ja montou base?
10:23:17: Player "GabrielDWR" (steam64id="76561199012612653") (Global): fiz uma bem básica
10:23:20: Player "[YKZ]-Lobato" (steam64id="76561198158375860") (Global): boa
10:23:43: Player "{PB} BIZU" (steam64id="76561198418322081") (Global): tem bastante gente que joga nesse server ? 
10:23:49: Player "[YKZ]-Lobato" (steam64id="76561198158375860") (Global): 20 a 30
10:23:51: Player "{PB} BIZU" (steam64id="76561198418322081") (Global): como entrei agora nao sei
10:23:51: Player "GabrielDWR" (steam64id="76561199012612653") (Global): as vezes lota
10:23:54: Player "{PB} BIZU" (steam64id="76561198418322081") (Global): ahh ta bom
10:23:58: Player "{PB} BIZU" (steam64id="76561198418322081") (Global): pelo tamanho do mapa
10:24:06: Player "[YKZ]-Lobato" (steam64id="76561198158375860") (Global): vc n viu nd kk
10:24:17: Player "[YKZ]-Lobato" (steam64id="76561198158375860") (Global): nego brota do teu lado
10:24:24: Player "{PB} BIZU" (steam64id="76561198418322081") (Global): kkkk
10:24:29: Player "{PB} BIZU" (steam64id="76561198418322081") (Global): to conhecendo o mapa agora
10:24:34: Player "{PB} BIZU" (steam64id="76561198418322081") (Global): voltei faz uns 2 meses a jogar
10:24:35: Player "[YKZ]-Lobato" (steam64id="76561198158375860") (Global): so ta spawnando vaiga pqp
10:24:39: Player "{PB} BIZU" (steam64id="76561198418322081") (Global): jogo ha mais de 2 anos
10:24:44: Player "[YKZ]-Lobato" (steam64id="76561198158375860") (Global): boa
10:24:49: Player "[YKZ]-Lobato" (steam64id="76561198158375860") (Global): esse mapa é meu fav
10:24:51: Player "[YKZ]-Lobato" (steam64id="76561198158375860") (Global): atualmente
10:25:13: Player "GabrielDWR" (steam64id="76561199012612653") (Global): eu comecei jogando aqui, então n conheço nenhum outro kkkk
10:25:17: Player "{PB} BIZU" (steam64id="76561198418322081") (Global): eu tava jogando o pripyat 
10:25:17: Player "[YKZ]-Lobato" (steam64id="76561198158375860") (Global): num passou no airfield
10:25:19: Player "[YKZ]-Lobato" (steam64id="76561198158375860") (Global): minha caceta
10:25:20: Player "[YKZ]-Lobato" (steam64id="76561198158375860") (Global): gabriel
10:25:25: Player "GabrielDWR" (steam64id="76561199012612653") (Global): eu n fui ai n
10:25:26: Player "{PB} BIZU" (steam64id="76561198418322081") (Global): que é gringo
10:25:33: Player "GabrielDWR" (steam64id="76561199012612653") (Global): tinha morrido e perdi o traje 
10:25:37: Player "[YKZ]-Lobato" (steam64id="76561198158375860") (Global): pente de pioner vazio
10:25:39: Player "[YKZ]-Lobato" (steam64id="76561198158375860") (Global): n tem loot
10:31:48: Player "[YKZ]-Lobato" (steam64id="76561198158375860") (Global): dificl achr tmb
10:31:50: Player "[YKZ]-Lobato" (steam64id="76561198158375860") (Global): kit de costura
10:32:14: Player "GabrielDWR" (steam64id="76561199012612653") (Global): eu achei 1 hoje
10:33:03: Player "[YKZ]-Lobato" (steam64id="76561198158375860") (Global): a savanna achei uma vz
10:33:06: Player "[YKZ]-Lobato" (steam64id="76561198158375860") (Global): perdi no msm ia
10:33:06: Player "[YKZ]-Lobato" (steam64id="76561198158375860") (Global): dia
10:33:08: Player "[YKZ]-Lobato" (steam64id="76561198158375860") (Global): no pvp de cla
10:33:11: Player "[YKZ]-Lobato" (steam64id="76561198158375860") (Global): triste
10:33:55: Player "GabrielDWR" (steam64id="76561199012612653") (Global): finalmente achei uma ak, primeira da vida
10:34:01: Player "[YKZ]-Lobato" (steam64id="76561198158375860") (Global): achei tmb
10:34:05: Player "[YKZ]-Lobato" (steam64id="76561198158375860") (Global): so tava achando ak74u
10:34:06: Player "[YKZ]-Lobato" (steam64id="76561198158375860") (Global): nojo
10:34:43: Player "[YKZ]-Lobato" (steam64id="76561198158375860") (Global): é
10:34:45: Player "[YKZ]-Lobato" (steam64id="76561198158375860") (Global): passaram airf msm
10:45:59: Player "[YKZ]-Lobato" (steam64id="76561198158375860") (Global): n lotiei as tendas do airf
10:46:02: Player "[YKZ]-Lobato" (steam64id="76561198158375860") (Global): se quiser
10:46:03: Player "[YKZ]-Lobato" (steam64id="76561198158375860") (Global): pode ir
10:46:12: Player "GabrielDWR" (steam64id="76561199012612653") (Global): vou lá então
10:46:25: Player "[YKZ]-Lobato" (steam64id="76561198158375860") (Global): to fullzaço
10:46:34: Player "GabrielDWR" (steam64id="76561199012612653") (Global): minha mascara tá danificada, sera q dá b.o?
10:46:38: Player "[YKZ]-Lobato" (steam64id="76561198158375860") (Global): n
10:46:43: Player "[YKZ]-Lobato" (steam64id="76561198158375860") (Global): tomou hs? kk
10:46:49: Player "GabrielDWR" (steam64id="76561199012612653") (Global): peguei assim já
10:47:00: Player "GabrielDWR" (steam64id="76561199012612653") (Global): perdi toda a roupa, ai fui pegar de novo
10:53:32: Player "GabrielDWR" (steam64id="76561199012612653") (Global): percebi agr q ta faltando a camisa do traje
10:53:35: Player "GabrielDWR" (steam64id="76561199012612653") (Global): vou ir atrás
10:53:39: Player "[YKZ]-Lobato" (steam64id="76561198158375860") (Global): ghilie
10:53:40: Player "[YKZ]-Lobato" (steam64id="76561198158375860") (Global): ?
10:53:50: Player "GabrielDWR" (steam64id="76561199012612653") (Global): daquele anti tóxico
10:54:14: Player "[YKZ]-Lobato" (steam64id="76561198158375860") (Global): loot la é bom dms
10:55:02: Player "GabrielDWR" (steam64id="76561199012612653") (Global): nss odeio lobo
11:02:21: Player "GabrielDWR" (steam64id="76561199012612653") (Global): marreta serve pra raid de base?
11:02:44: Player "[YKZ]-Lobato" (steam64id="76561198158375860") (Global): so a dourada
11:02:48: Player "GabrielDWR" (steam64id="76561199012612653") (Global): ah
11:02:50: Player "GabrielDWR" (steam64id="76561199012612653") (Global): achi
11:02:54: Player "GabrielDWR" (steam64id="76561199012612653") (Global): achei uma comum aqui
11:03:04: Player "[YKZ]-Lobato" (steam64id="76561198158375860") (Global): n
11:05:52: Player "[YKZ]-Lobato" (steam64id="76561198158375860") (Global): o hreli nbugou
11:05:53: Player "[YKZ]-Lobato" (steam64id="76561198158375860") (Global): deu barulho
11:05:55: Player "[YKZ]-Lobato" (steam64id="76561198158375860") (Global): mas n spwnou
11:05:58: Player "[YKZ]-Lobato" (steam64id="76561198158375860") (Global): heli
11:10:15: Player "[YKZ]-Lobato" (steam64id="76561198158375860") (Global): porra
11:10:18: Player "[YKZ]-Lobato" (steam64id="76561198158375860") (Global): eu cheio de loot
11:10:18: Player "[YKZ]-Lobato" (steam64id="76561198158375860") (Global): eu cheio de loot
11:10:22: Player "[YKZ]-Lobato" (steam64id="76561198158375860") (Global): acho caixa militar
11:10:23: Player "[YKZ]-Lobato" (steam64id="76561198158375860") (Global): fodeu
11:10:25: Player "G A T O" (steam64id="76561199207813177") (Global): humm
11:10:27: Player "GabrielDWR" (steam64id="76561199012612653") (Global): kkkkkk
11:10:30: Player "G A T O" (steam64id="76561199207813177") (Global): Onde?
11:10:38: Player "[YKZ]-Lobato" (steam64id="76561198158375860") (Global): ah NAO
11:10:39: Player "[YKZ]-Lobato" (steam64id="76561198158375860") (Global): NAOO
11:11:16: Player "G A T O" (steam64id="76561199207813177") (Global): Ja to vendo nego
11:11:24: Player "GabrielDWR" (steam64id="76561199012612653") (Global): deve ser eu
11:11:32: Player "GabrielDWR" (steam64id="76561199012612653") (Global): ta na paz ou n?
11:11:37: Player "[YKZ]-Lobato" (steam64id="76561198158375860") (Global): gato n é paz n
11:11:38: Player "[YKZ]-Lobato" (steam64id="76561198158375860") (Global): cuidado
11:11:42: Player "G A T O" (steam64id="76561199207813177") (Global): Sempre <3
11:11:43: Player "GabrielDWR" (steam64id="76561199012612653") (Global): vish
11:12:05: Player "GabrielDWR" (steam64id="76561199012612653") (Global): medo kkkkk
11:13:39: Player "G A T O" (steam64id="76561199207813177") (Global): Atira pra cima, pra mim saber se e vc.
11:13:54: Player "GabrielDWR" (steam64id="76561199012612653") (Global): foi
11:14:09: Player "[YKZ]-Lobato" (steam64id="76561198158375860") (Global): n consigo colocar coisa dentro da caixa e dps na mochila ne
11:14:15: Player "G A T O" (steam64id="76561199207813177") (Global): n
11:14:29: Player "GabrielDWR" (steam64id="76561199012612653") (Global): ouviu o tiro?
11:14:31: Player "G A T O" (steam64id="76561199207813177") (Global): AI querer roubar de mais.
11:14:40: Player "G A T O" (steam64id="76561199207813177") (Global): nao
11:14:43: Player "GabrielDWR" (steam64id="76561199012612653") (Global): amém
11:16:51: Player "[YKZ]-Lobato" (steam64id="76561198158375860") (Global): ah man
11:16:55: Player "[YKZ]-Lobato" (steam64id="76561198158375860") (Global): to tendo q deixar 2 ak 74
11:16:56: Player "[YKZ]-Lobato" (steam64id="76561198158375860") (Global): no chao
11:17:02: Player "[YKZ]-Lobato" (steam64id="76561198158375860") (Global): pq n da pra levar
11:17:04: Player "GabrielDWR" (steam64id="76561199012612653") (Global): onde é? 
11:17:05: Player "GabrielDWR" (steam64id="76561199012612653") (Global): kkkkkk
11:17:08: Player "[YKZ]-Lobato" (steam64id="76561198158375860") (Global): helicrash
11:17:15: Player "[YKZ]-Lobato" (steam64id="76561198158375860") (Global): mt longe pra voltar
11:17:17: Player "G A T O" (steam64id="76561199207813177") (Global): Deixa de juntar lixo
11:17:17: Player "GabrielDWR" (steam64id="76561199012612653") (Global): e onde tá?
11:17:18: Player "[YKZ]-Lobato" (steam64id="76561198158375860") (Global): q se foda
11:17:31: Player "[YKZ]-Lobato" (steam64id="76561198158375860") (Global): direção norte do airf
11:17:48: Player "[YKZ]-Lobato" (steam64id="76561198158375860") (Global): a ultima torre da direita
11:17:50: Player "[YKZ]-Lobato" (steam64id="76561198158375860") (Global): tu segue reto
11:17:58: Player "[YKZ]-Lobato" (steam64id="76561198158375860") (Global): indo um pouco pra esquerda
11:23:08: Player "GabrielDWR" (steam64id="76561199012612653") (Global): tem alguma forma mais eficaz de levar uma caixa de armas?
11:23:14: Player "[YKZ]-Lobato" (steam64id="76561198158375860") (Global): mochila
11:23:20: Player "[YKZ]-Lobato" (steam64id="76561198158375860") (Global): 90
11:23:22: Player "GabrielDWR" (steam64id="76561199012612653") (Global): n cabe, ocupa mais de 90 slots
11:24:14: Player "GabrielDWR" (steam64id="76561199012612653") (Global): to fudido
11:30:52: Player "[YKZ]-Lobato" (steam64id="76561198158375860") (Global): q isso
11:31:07: Player "GabrielDWR" (steam64id="76561199012612653") (Global): oq?
11:31:26: Player "[YKZ]-Lobato" (steam64id="76561198158375860") (Global): baderna na minha cidade
11:31:36: Player "GabrielDWR" (steam64id="76561199012612653") (Global): matando zumbi pô
11:36:33: Player "[YKZ]-Lobato" (steam64id="76561198158375860") (Global): gente a beça aq
11:36:45: Player "[YKZ]-Lobato" (steam64id="76561198158375860") (Global): vao lootear
11:36:47: Player "[YKZ]-Lobato" (steam64id="76561198158375860") (Global): eu hein
11:37:40: Player "GabrielDWR" (steam64id="76561199012612653") (Global): caralho
11:37:44: Player "GabrielDWR" (steam64id="76561199012612653") (Global): tiro comedo
11:37:47: Player "GabrielDWR" (steam64id="76561199012612653") (Global): comendo
11:38:04: Player "[YKZ]-Lobato" (steam64id="76561198158375860") (Global): meu melhor amigo entrou
11:38:17: Player "GabrielDWR" (steam64id="76561199012612653") (Global): vc q atirou lobato?
11:38:31: Player "[YKZ]-Lobato" (steam64id="76561198158375860") (Global): foi
11:38:33: Player "[YKZ]-Lobato" (steam64id="76561198158375860") (Global): so de meem
11:38:33: Player "GabrielDWR" (steam64id="76561199012612653") (Global): ata
11:38:38: Player "[YKZ]-Lobato" (steam64id="76561198158375860") (Global): meme(
11:41:14: Player "GabrielDWR" (steam64id="76561199012612653") (Global): ah man pqp, larguei a caixa pra matar o zumbi e a caixa sumiu ,_,
11:41:18: Player "[YKZ]-Lobato" (steam64id="76561198158375860") (Global): kkkkkkkkkkkkkkkkkkk
11:41:21: Player "GabrielDWR" (steam64id="76561199012612653") (Global): 30 min levando essa merda
11:41:21: Player "[YKZ]-Lobato" (steam64id="76561198158375860") (Global): caixa militar?
11:41:29: Player "GabrielDWR" (steam64id="76561199012612653") (Global): era caixa de arma com 150 slot
11:41:36: Player "[YKZ]-Lobato" (steam64id="76561198158375860") (Global): n sei
11:41:38: Player "[YKZ]-Lobato" (steam64id="76561198158375860") (Global): qual é essa
11:41:46: Player "[YKZ]-Lobato" (steam64id="76561198158375860") (Global): so sei a de 250 e 400
11:48:38: Player "G A T O" (steam64id="76561199207813177") (Global): Tedio
11:48:50: Player "G A T O" (steam64id="76561199207813177") (Global): Onde vcs estao?
11:48:53: Player "GabrielDWR" (steam64id="76561199012612653") (Global): vai lootear
11:49:09: Player "[YKZ]-Lobato" (steam64id="76561198158375860") (Global): ele lotea corpos
11:49:11: Player "[YKZ]-Lobato" (steam64id="76561198158375860") (Global): esse cretino
11:49:19: Player "G A T O" (steam64id="76561199207813177") (Global): kkkkkk
11:49:20: Player "GabrielDWR" (steam64id="76561199012612653") (Global): ai é foda
11:49:44: Player "GabrielDWR" (steam64id="76561199012612653") (Global): eu tenho nada de bom msm
11:49:50: Player "G A T O" (steam64id="76561199207813177") (Global): Pra que juntar tanto loot pessoal.
11:50:01: Player "GabrielDWR" (steam64id="76561199012612653") (Global): pra brigar de noite
11:50:02: Player "G A T O" (steam64id="76561199207813177") (Global): Vamos gastar
11:50:11: Player "GabrielDWR" (steam64id="76561199012612653") (Global): entra de noite ai
11:50:29: Player "[YKZ]-Lobato" (steam64id="76561198158375860") (Global): chamou
11:50:30: Player "[YKZ]-Lobato" (steam64id="76561198158375860") (Global): eita
11:50:30: Player "G A T O" (steam64id="76561199207813177") (Global): Trabalho, so chego apos as 10
11:50:43: Player "GabrielDWR" (steam64id="76561199012612653") (Global): até 00:00 é noite de hoje fi
11:50:58: Player "G A T O" (steam64id="76561199207813177") (Global): Tamo por aqui
11:51:27: Player "GabrielDWR" (steam64id="76561199012612653") (Global): ta por onde gato?
11:51:49: Player "GabrielDWR" (steam64id="76561199012612653") (Global): já ouvi
11:51:50: Player "[YKZ]-Lobato" (steam64id="76561198158375860") (Global): o local preferido dele
11:52:13: Player "GabrielDWR" (steam64id="76561199012612653") (Global): e onde é?
11:52:24: Player "[YKZ]-Lobato" (steam64id="76561198158375860") (Global): camperar melkart
11:52:27: Player "GabrielDWR" (steam64id="76561199012612653") (Global): pqp
11:52:28: Player "[YKZ]-Lobato" (steam64id="76561198158375860") (Global): n posso dar mais info
11:52:52: Player "GabrielDWR" (steam64id="76561199012612653") (Global): deve estar na casa do kraio
11:53:28: Player "GabrielDWR" (steam64id="76561199012612653") (Global): só ouço os tiros mds kkkkk
11:54:32: Player "GabrielDWR" (steam64id="76561199012612653") (Global): o pqp
11:54:32: Player "[YKZ]-Lobato" (steam64id="76561198158375860") (Global): ta pegando ai gatito?
11:54:48: Player "G A T O" (steam64id="76561199207813177") (Global): S
11:56:19: Player "GabrielDWR" (steam64id="76561199012612653") (Global): seja oq deus quiser
11:57:59: Player "GabrielDWR" (steam64id="76561199012612653") (Global): kralho fi
11:58:07: Player "[YKZ]-Lobato" (steam64id="76561198158375860") (Global): ele n bota a cara
11:58:13: Player "GabrielDWR" (steam64id="76561199012612653") (Global): ta de mosin?
11:58:16: Player "[YKZ]-Lobato" (steam64id="76561198158375860") (Global): blaze
11:58:20: Player "GabrielDWR" (steam64id="76561199012612653") (Global): fodeu
12:01:20: Player "GabrielDWR" (steam64id="76561199012612653") (Global): o gato já entrou?
12:48:03: Player "[YKZ]-BlackBear" (steam64id="76561198343030820") (Global): porra vcs n trabalha não?
12:48:12: Player "[HORDA]MacLovin" (steam64id="76561199068236803") (Global): nao
12:48:26: Player "[HORDA]ThiagoPenna" (steam64id="76561198218822351") (Global): existe uma coisa q chama horario de almoço xD
12:48:33: Player "[YKZ]-BlackBear" (steam64id="76561198343030820") (Global): sei 
12:48:35: Player "[HORDA]MacLovin" (steam64id="76561199068236803") (Global): mira de mosin é lixo
12:48:43: Player "[YKZ]-BlackBear" (steam64id="76561198343030820") (Global): mosin é lixo
12:48:55: Player "[HORDA]ThiagoPenna" (steam64id="76561198218822351") (Global): e lixo nada
12:49:03: Player "[YKZ]-BlackBear" (steam64id="76561198343030820") (Global): to doando mosin kk
12:49:12: Player "[HORDA]MacLovin" (steam64id="76561199068236803") (Global): e fal?
12:49:20: Player "[HORDA]MacLovin" (steam64id="76561199068236803") (Global): aceito
12:49:25: Player "[YKZ]-BlackBear" (steam64id="76561198343030820") (Global): nada disso rapaz kkk
12:49:33: Player "[HORDA]MacLovin" (steam64id="76561199068236803") (Global): kkkk
12:49:39: Player "[HORDA]ThiagoPenna" (steam64id="76561198218822351") (Global): mosin no servidr e mato, todo canto acha
12:49:42: Player "[HORDA]ThiagoPenna" (steam64id="76561198218822351") (Global): nem pego mais
12:50:26: Player "[YKZ]-BlackBear" (steam64id="76561198343030820") (Global): mosin eu to jogando todo dia pela janela kkkk
12:50:33: Player "[HORDA]ThiagoPenna" (steam64id="76561198218822351") (Global): bem isso
12:51:40: Player "[YKZ]-BlackBear" (steam64id="76561198343030820") (Global): eo brazinooo jogo da gelaaa vem joga brasino ...
12:51:44: Player "[YKZ]-BlackBear" (steam64id="76561198343030820") (Global): O..O 
12:52:02: Player "[HORDA]MacLovin" (steam64id="76561199068236803") (Global): 777
12:52:03: Player "[HORDA]ThiagoPenna" (steam64id="76561198218822351") (Global): q?
12:52:06: Player "[YKZ]-BlackBear" (steam64id="76561198343030820") (Global): kkkkkkkkkkkkkkkkkkkkkkkk
12:52:09: Player "[YKZ]-BlackBear" (steam64id="76561198343030820") (Global): nem fodendo
12:52:12: Player "[HORDA]MacLovin" (steam64id="76561199068236803") (Global): kkkkkk
12:52:22: Player "[HORDA]MacLovin" (steam64id="76561199068236803") (Global): varios x-man
12:52:34: Player "[YKZ]-BlackBear" (steam64id="76561198343030820") (Global): aushushuahauhuas
12:52:35: Player "[HORDA]MacLovin" (steam64id="76561199068236803") (Global): brazino jogo da galera
13:04:21: Player "[HORDA]ThiagoPenna" (steam64id="76561198218822351") (Global): ei black, tu tava no dia q os manitos tavam falando merda e levaram ban?
13:04:30: Player "[YKZ]-BlackBear" (steam64id="76561198343030820") (Global): ss kkk
13:04:36: Player "[YKZ]-BlackBear" (steam64id="76561198343030820") (Global): eu denunciei
13:04:42: Player "[YKZ]-BlackBear" (steam64id="76561198343030820") (Global): bando de mizera
13:04:48: Player "[HORDA]MacLovin" (steam64id="76561199068236803") (Global): boludos sendo boludos
13:04:51: Player "[HORDA]ThiagoPenna" (steam64id="76561198218822351") (Global): oq eles tavam falando?
13:04:58: Player "[HORDA]ThiagoPenna" (steam64id="76561198218822351") (Global): boludo e foda
13:05:04: Player "[HORDA]ThiagoPenna" (steam64id="76561198218822351") (Global): em todo jogo
13:05:28: Player "[YKZ]-BlackBear" (steam64id="76561198343030820") (Global): desconfio que algum boludo da ataque no servidor tnm
13:05:33: Player "[YKZ]-BlackBear" (steam64id="76561198343030820") (Global): tbm*
13:05:34: Player "[HORDA]ThiagoPenna" (steam64id="76561198218822351") (Global): eu jogo WOW, mano, eu jogo com todo mundo, menos com boludo
13:05:37: Player "[HORDA]MacLovin" (steam64id="76561199068236803") (Global): faz sentido
13:05:56: Player "[HORDA]MacLovin" (steam64id="76561199068236803") (Global): lost ark foi a mesma coisa ninguem queria ficar sem serve de boludo
13:06:07: Player "[HORDA]MacLovin" (steam64id="76561199068236803") (Global): em*
13:06:27: Player "[HORDA]ThiagoPenna" (steam64id="76561198218822351") (Global): e no cs, quando ta soo e cai em time com 4 boludo, da ate desespero 
13:06:31: Player "[YKZ]-BlackBear" (steam64id="76561198343030820") (Global): no pubg eles não segue call e só sabe xingar kkk
13:07:39: Player "[HORDA]ThiagoPenna" (steam64id="76561198218822351") (Global): ei black, bora de safe? tenho pouco tempo, preguiça de acabar encontrando e trocar tiro kkkkk
13:07:59: Player "[YKZ]-BlackBear" (steam64id="76561198343030820") (Global): eu to quase morrendo donete e pelado kkkk
13:08:09: Player "[HORDA]ThiagoPenna" (steam64id="76561198218822351") (Global): eita =/
13:08:24: Player "[HORDA]ThiagoPenna" (steam64id="76561198218822351") (Global): ta onde? temos tetra kkkkk
13:08:41: Player "[YKZ]-BlackBear" (steam64id="76561198343030820") (Global): norte kkk
13:08:45: Player "[HORDA]ThiagoPenna" (steam64id="76561198218822351") (Global): puts
13:08:56: Player "[YKZ]-BlackBear" (steam64id="76561198343030820") (Global): boatos de que leocharada vai colar aqui k
13:09:01: Player "[HORDA]ThiagoPenna" (steam64id="76561198218822351") (Global): passamo por ai ja
13:09:03: Player "[HORDA]MacLovin" (steam64id="76561199068236803") (Global): vai tomar o dele
13:09:17: Player "[HORDA]MacLovin" (steam64id="76561199068236803") (Global): se ele vir fudeu
13:09:17: Player "[HORDA]ThiagoPenna" (steam64id="76561198218822351") (Global): o leo charada mesmo?
13:09:21: Player "[YKZ]-BlackBear" (steam64id="76561198343030820") (Global): ss
13:09:22: Player "[HORDA]MacLovin" (steam64id="76561199068236803") (Global): serve vai da nem pra entra
13:09:30: Player "[HORDA]ThiagoPenna" (steam64id="76561198218822351") (Global): pow, massa
13:09:40: Player "[YKZ]-BlackBear" (steam64id="76561198343030820") (Global): fizeram convite pra ele mas ele n respondeu a certeza
13:09:50: Player "[HORDA]ThiagoPenna" (steam64id="76561198218822351") (Global): tomara q entre uns dias e divulgue
13:09:57: Player "[HORDA]ThiagoPenna" (steam64id="76561198218822351") (Global): e bom pro servidor
13:10:13: Player "[HORDA]MacLovin" (steam64id="76561199068236803") (Global): quando ele toma da torre do airfield pros cheira torre vai ktia do serve
13:10:20: Player "[HORDA]ThiagoPenna" (steam64id="76561198218822351") (Global): kkkkkkkkkkkkkkkkkkkkkk
13:10:21: Player "[HORDA]MacLovin" (steam64id="76561199068236803") (Global): kita*
13:10:29: Player "[YKZ]-BlackBear" (steam64id="76561198343030820") (Global): cara na boa eu to desde o inicio do melkart ele sempre lotou mas quando cai por ataque a gela sai igual usn nutella
13:10:36: Player "[HORDA]MacLovin" (steam64id="76561199068236803") (Global): sim
13:10:37: Player "[HORDA]ThiagoPenna" (steam64id="76561198218822351") (Global): mano, 4x a gnt tava passando, entrou na torre e eles tavam la
13:10:39: Player "[HORDA]MacLovin" (steam64id="76561199068236803") (Global): percebi isso
13:14:02: Player "[YKZ]-BlackBear" (steam64id="76561198343030820") (Global): eu odeio zumbi com todo meu odio fatal
13:28:26: Player "[HORDA]ThiagoPenna" (steam64id="76561198218822351") (Global): cade as m4 do servidor? ta tudo na torre da ykz? kkkk
13:28:35: Player "[YKZ]-BlackBear" (steam64id="76561198343030820") (Global): kkkk
13:28:40: Player "[YKZ]-BlackBear" (steam64id="76561198343030820") (Global): ta nada
13:28:42: Player "[HORDA]ThiagoPenna" (steam64id="76561198218822351") (Global): nao acho 1
13:28:53: Player "[YKZ]-BlackBear" (steam64id="76561198343030820") (Global): eu tbm não acho mais
13:29:02: Player "[HORDA]ThiagoPenna" (steam64id="76561198218822351") (Global): so m16
13:29:11: Player "[YKZ]-BlackBear" (steam64id="76561198343030820") (Global): m16 é uma desgrçaaaaaaaaaaaaaaaa
13:29:32: Player "[HORDA]ThiagoPenna" (steam64id="76561198218822351") (Global): eu uso pra sair pra lotear, dai acho algo melhor e jogo fora
13:29:42: Player "[YKZ]-BlackBear" (steam64id="76561198343030820") (Global): te falar eu acho mais m4 em casas especificas do que em militar e helichash
13:29:56: Player "[HORDA]ThiagoPenna" (steam64id="76561198218822351") (Global): rodei melkart esses dias e nada
13:30:12: Player "[YKZ]-BlackBear" (steam64id="76561198343030820") (Global): achei uma la em lascuta semana passada
13:30:22: Player "[YKZ]-BlackBear" (steam64id="76561198343030820") (Global): e uma marreta de ouro tbm
14:03:37: Player "[YKZ]-Lobato" (steam64id="76561198158375860") (Global): penna on
14:03:40: Player "[YKZ]-Lobato" (steam64id="76561198158375860") (Global): ta fazendo uke
14:03:52: Player "[HORDA]ThiagoPenna" (steam64id="76561198218822351") (Global): saindo pra voltar pro trabalho =/
14:04:01: Player "[YKZ]-Lobato" (steam64id="76561198158375860") (Global): graças a odin
14:04:05: Player "[YKZ]-Lobato" (steam64id="76561198158375860") (Global): posso jogar agr
14:04:06: Player "[HORDA]ThiagoPenna" (steam64id="76561198218822351") (Global): kkkkkkkkkkkkkkkk
14:04:08: Player "[HORDA]ThiagoPenna" (steam64id="76561198218822351") (Global): kkkkkkkkkkkkkkkkkk
14:04:12: Player "[YKZ]-Lobato" (steam64id="76561198158375860") (Global): xd
14:04:18: Player "[HORDA]ThiagoPenna" (steam64id="76561198218822351") (Global): de tarde pra mim e quase safezone
14:04:21: Player "[YKZ]-BlackBear" (steam64id="76561198343030820") (Global): almoço de rei em 3h
14:04:32: Player "[HORDA]ThiagoPenna" (steam64id="76561198218822351") (Global): de 12 as 14
14:04:34: Player "[YKZ]-BlackBear" (steam64id="76561198343030820") (Global): almoço de patrão 3hs
14:04:44: Player "[YKZ]-Lobato" (steam64id="76561198158375860") (Global): 2 hrs de almoiço
14:04:50: Player "[YKZ]-Lobato" (steam64id="76561198158375860") (Global): a minha é 30min e olhe la
14:05:20: Player "[HORDA]ThiagoPenna" (steam64id="76561198218822351") (Global): vou nessa turma
14:05:28: Player "[YKZ]-BlackBear" (steam64id="76561198343030820") (Global): flw
14:05:29: Player "[HORDA]ThiagoPenna" (steam64id="76561198218822351") (Global): bom game
14:08:53: Player "[YKZ]-Lobato" (steam64id="76561198158375860") (Global): to com machado
14:09:06: Player "[YKZ]-Lobato" (steam64id="76561198158375860") (Direct): mb
14:09:28: Player "[YKZ]-Lobato" (steam64id="76561198158375860") (Direct): finalmente achei fita
14:09:52: Player "[YKZ]-Lobato" (steam64id="76561198158375860") (Direct): oh viado
14:09:55: Player "[YKZ]-Lobato" (steam64id="76561198158375860") (Direct): e o general?
14:09:58: Player "[YKZ]-Lobato" (steam64id="76561198158375860") (Direct): a base dele é aq
14:09:58: Player "[YKZ]-Lobato" (steam64id="76561198158375860") (Direct): a base dele é aq
14:09:59: Player "[YKZ]-Lobato" (steam64id="76561198158375860") (Direct): kkkkkkkk
14:10:03: Player "[YKZ]-Lobato" (steam64id="76561198158375860") (Direct): ah
14:10:07: Player "[YKZ]-Lobato" (steam64id="76561198158375860") (Direct): a prefeitura num é nossa
14:10:08: Player "[YKZ]-Lobato" (steam64id="76561198158375860") (Direct): ?
14:10:15: Player "[YKZ]-Lobato" (steam64id="76561198158375860") (Direct): aah
14:10:16: Player "[YKZ]-Lobato" (steam64id="76561198158375860") (Direct): ele sai por tras
14:10:31: Player "[YKZ]-Lobato" (steam64id="76561198158375860") (Direct): vou tirar as madeira da prefeitura
14:10:32: Player "[YKZ]-Lobato" (steam64id="76561198158375860") (Direct): pode ser?
14:10:37: Player "[YKZ]-Lobato" (steam64id="76561198158375860") (Direct): vai renascer msm
14:10:52: Player "[YKZ]-Lobato" (steam64id="76561198158375860") (Direct): daq
14:10:57: Player "[YKZ]-Lobato" (steam64id="76561198158375860") (Direct): da s
14:11:11: Player "[YKZ]-Lobato" (steam64id="76561198158375860") (Direct): vai respawnar msm
14:11:22: Player "[YKZ]-Lobato" (steam64id="76561198158375860") (Direct): uams dao lenha
14:11:25: Player "[YKZ]-Lobato" (steam64id="76561198158375860") (Direct): outras tronco
14:11:48: Player "[YKZ]-Lobato" (steam64id="76561198158375860") (Direct): vou fechar la em cima com janela
14:11:51: Player "[YKZ]-Lobato" (steam64id="76561198158375860") (Direct): pega lenha
14:11:51: Player "[YKZ]-Lobato" (steam64id="76561198158375860") (Direct): pfv
14:50:41: Player "Vex" (steam64id="76561198020686220") (Global): wwww
14:50:50: Player "[YKZ]-Lobato" (steam64id="76561198158375860") (Global): vex do lol?
14:50:59: Player "Vex" (steam64id="76561198020686220") (Global): sim
14:51:02: Player "[YKZ]-Lobato" (steam64id="76561198158375860") (Global): fofo
14:51:10: Player "Vex" (steam64id="76561198020686220") (Global): rs
14:52:56: Player "[YKZ]-Lobato" (steam64id="76561198158375860") (Global): nenhum helicrah aff
14:55:48: Player "[YKZ]-Lobato" (steam64id="76561198158375860") (Direct):  pa ou machado, prefere
15:01:11: Player "[YKZ]-Lobato" (steam64id="76561198158375860") (Global): pvp onde?
15:01:22: Player "[YKZ]-BlackBear" (steam64id="76561198343030820") (Global): ^^
