19:16:48: Player "[YKZ]-Lobato" (steam64id="76561198158375860") (Global): servidor mal volta
19:16:50: Player "[YKZ]-Lobato" (steam64id="76561198158375860") (Global): e ja passam no airf
19:16:51: Player "[YKZ]-Lobato" (steam64id="76561198158375860") (Global): slc
19:29:47: Player "[YKZ]-Lobato" (steam64id="76561198158375860") (Global): te encontrei, cara do airf
19:37:38: Player "[HORDA]MacLovin" (steam64id="76561199068236803") (Global): boa noite
19:37:52: Player "[HORDA]MacLovin" (steam64id="76561199068236803") (Global): ai por enquanto ta liso
19:37:57: Player "[HORDA]MacLovin" (steam64id="76561199068236803") (Global): aqui
19:54:39: Player "Sagara" (steam64id="76561198057660620") (Global): que cagado
19:55:07: Player "[HORDA]ThiagoPenna" (steam64id="76561198218822351") (Global): tu, no caso
19:55:14: Player "[HORDA]ThiagoPenna" (steam64id="76561198218822351") (Global): kkkkkkkkkkkkkkk
19:55:30: Player "Sagara" (steam64id="76561198057660620") (Global): quem ficou escondido foi tu né
19:55:36: Player "Sagara" (steam64id="76561198057660620") (Global): eu tive que rushar em ti
19:55:46: Player "[HORDA]ThiagoPenna" (steam64id="76561198218822351") (Global): uai, rushou pq quis
19:56:06: Player "Sagara" (steam64id="76561198057660620") (Global): e foi legal
19:56:20: Player "[HORDA]ThiagoPenna" (steam64id="76561198218822351") (Global): se nao tivesse errado o primeiro tiro nao precisava rushar rsrsr
19:56:27: Player "Sagara" (steam64id="76561198057660620") (Global): pse
19:56:38: Player "Sagara" (steam64id="76561198057660620") (Global): eu lembro de ti, uma vez te peguei dentro de uma delegacia também
19:56:58: Player "[HORDA]ThiagoPenna" (steam64id="76561198218822351") (Global): sim, tu com savana e eu de pistola com 3 bala
19:57:00: Player "[HORDA]ThiagoPenna" (steam64id="76561198218822351") (Global): rsrrsr
19:57:06: Player "Sagara" (steam64id="76561198057660620") (Global): eu tinha 2 bala só
19:57:22: Player "[HORDA]ThiagoPenna" (steam64id="76561198218822351") (Global): aquela arma contra pelado so precisa de 1 tiro
19:57:23: Player "Sagara" (steam64id="76561198057660620") (Global): se nao tivesse matado ia ter que ser na faca kkkkk
19:57:29: Player "[HORDA]ThiagoPenna" (steam64id="76561198218822351") (Global): kkkkkkkkkkk
19:57:37: Player "Sagara" (steam64id="76561198057660620") (Global): faz parte
19:57:38: Player "[HORDA]ThiagoPenna" (steam64id="76561198218822351") (Global): ia ser briga faca
19:57:45: Player "Sagara" (steam64id="76561198057660620") (Global): de peixera
19:57:47: Player "Sagara" (steam64id="76561198057660620") (Global): KKKKKKK
19:58:09: Player "[HORDA]ThiagoPenna" (steam64id="76561198218822351") (Global): e mais da hora q no tiro kkkkk
20:23:33: Player "[YKZ]-BlackBear" (steam64id="76561198343030820") (Global): salve pedroo
20:23:38: Player "joaoob23" (steam64id="76561198302337518") (Global): eaee
20:23:39: Player "[EB] pedrobala" (steam64id="76561198046653521") (Global): salve meu irmao
20:26:21: Player "[YKZ]-BlackBear" (steam64id="76561198343030820") (Global): começou
21:03:38: Player "joaoob23" (steam64id="76561198302337518") (Global): blackbear
21:06:21: Player "joaoob23" (steam64id="76561198302337518") (Global): blackbear
21:06:25: Player "joaoob23" (steam64id="76561198302337518") (Global): ykz
21:06:31: Player "joaoob23" (steam64id="76561198302337518") (Global): ta ae?
21:13:04: Player "[HORDA] JHON WICK" (steam64id="76561198122075703") (Global): ?
21:13:09: Player "joaoob23" (steam64id="76561198302337518") (Global): opa
21:14:07: Player "[HORDA] JHON WICK" (steam64id="76561198122075703") (Global): ok
21:28:23: Player "joaoob23" (steam64id="76561198302337518") (Global): blackbear
21:28:25: Player "joaoob23" (steam64id="76561198302337518") (Global): ta ai?
21:30:18: Player "joaoob23" (steam64id="76561198302337518") (Global): assim ykz blackbear
21:30:21: Player "joaoob23" (steam64id="76561198302337518") (Global): sou irmao do general 
21:30:29: Player "joaoob23" (steam64id="76561198302337518") (Global): ele disse pra eu falar com tu
21:30:31: Player "joaoob23" (steam64id="76561198302337518") (Global): pq hj ele n joga
21:47:43: Player "HooZz" (steam64id="76561198805460683") (Global): tem codelock aqui?
22:13:58: Player "GabrielDWR" (steam64id="76561199012612653") (Global): salve galera, oq deu com o server?
22:15:09: Player "GabrielDWR" (steam64id="76561199012612653") (Global): como entra no discord daqui?
22:23:10: Player "HooZz" (steam64id="76561198805460683") (Global): que feio esses mata pelado mano kkkk
22:23:20: Player "Lop1nho" (steam64id="76561198136544409") (Global): Seu merda
22:23:26: Player "Lop1nho" (steam64id="76561198136544409") (Global): Fica matando pelado
22:23:28: Player "Lop1nho" (steam64id="76561198136544409") (Global): Doente
22:23:34: Player "JhouHillo" (steam64id="76561198307221831") (Global): cala a boca
22:23:44: Player "[YKZ]-Lobato" (steam64id="76561198158375860") (Global): hotda ne pai
22:23:48: Player "Lop1nho" (steam64id="76561198136544409") (Global): Vai bater uma punheta seu merda
22:23:55: Player "Lop1nho" (steam64id="76561198136544409") (Global): Doente mental do crl
22:23:57: Player "Lop1nho" (steam64id="76561198136544409") (Global): Cancer
22:24:05: Player "HooZz" (steam64id="76561198805460683") (Global): 2 nerdola full loot correndo atras de pelado,
22:24:10: Player "Biel FxR" (steam64id="76561198050836260") (Global): nossa q grosso
22:24:10: Player "Vini_300" (steam64id="76561198145785923") (Global): pvp não era só fds?
22:24:17: Player "Biel FxR" (steam64id="76561198050836260") (Global): q pvp doido
22:24:19: Player "[HORDA] zBieL" (steam64id="76561198001525812") (Global): passa longe dos tiro entao
22:24:21: Player "Biel FxR" (steam64id="76561198050836260") (Global): raid q eh so fds
22:24:36: Player "XUXUZINHO" (steam64id="76561199083408122") (Global): pelado agora full loot daqui a pouco
22:24:47: Player "Boneco " (steam64id="76561199225248971") (Direct): p
22:24:48: Player "HooZz" (steam64id="76561198805460683") (Global): passa longe oq nerd, tu ta seguindo os cara pra matar
22:24:48: Player "Biel FxR" (steam64id="76561198050836260") (Global): o pelado de hj é o armado de amanha
22:24:50: Player "Biel FxR" (steam64id="76561198050836260") (Global): eu sempre digo
22:25:06: Player "JhouHillo" (steam64id="76561198307221831") (Global): vc nunca diz isso
22:25:21: Player "XUXUZINHO" (steam64id="76561199083408122") (Global): so nao pode chora quando vc for o pelado 
22:26:28: Player "Lop1nho" (steam64id="76561198136544409") (Global): Além de doente é ruim de mira
22:26:38: Player "Lop1nho" (steam64id="76561198136544409") (Global): Gasta um pente pra matar um cara pelado
22:26:45: Player "[YKZ]-BlackBear" (steam64id="76561198343030820") (Global): kk
22:27:04: Player "[YKZ]-BlackBear" (steam64id="76561198343030820") (Global): mecanica to muito certo desse dayz..
22:27:30: Player "[YKZ]-BlackBear" (steam64id="76561198343030820") (Global): scorpion derruba cara de plate e tundra n derruba cara de press
22:27:41: Player "HooZz" (steam64id="76561198805460683") (Global): tem q acertar
22:27:45: Player "HooZz" (steam64id="76561198805460683") (Global): n sei se viu a nova att]
22:27:50: Player "[YKZ]-BlackBear" (steam64id="76561198343030820") (Global): quer ver o video pai?
22:27:50: Player "HooZz" (steam64id="76561198805460683") (Global): so mata se pegar
22:27:58: Player "HooZz" (steam64id="76561198805460683") (Global): se n pegar fica meio foda
22:28:59: Player "[YKZ]-Lobato" (steam64id="76561198158375860") (Global): wtf
22:29:04: Player "[YKZ]-Lobato" (steam64id="76561198158375860") (Global): meu tiro n mata com 1 tapa
22:29:06: Player "[YKZ]-Lobato" (steam64id="76561198158375860") (Global): vsf esse jogo
22:29:15: Player "Biel FxR" (steam64id="76561198050836260") (Global): se acertar talvez mate
22:29:18: Player "Biel FxR" (steam64id="76561198050836260") (Global): rs
22:29:19: Player "[YKZ]-Lobato" (steam64id="76561198158375860") (Global): foi no peito
22:29:21: Player "Lop1nho" (steam64id="76561198136544409") (Global): Atirando no pe nn mata nn mano
22:29:23: Player "Biel FxR" (steam64id="76561198050836260") (Global): de q ?
22:29:27: Player "Lop1nho" (steam64id="76561198136544409") (Global): O cara no maximo fica mando
22:29:27: Player "HooZz" (steam64id="76561198805460683") (Global): foi oq eu disse, essa nova att tem q acertar
22:29:34: Player "Lop1nho" (steam64id="76561198136544409") (Global): Manco*
22:30:41: Player "Biel FxR" (steam64id="76561198050836260") (Global): essa putaria da boa ai eh aero ?
22:30:46: Player "[YKZ]-Lobato" (steam64id="76561198158375860") (Global): s
22:30:55: Player "[YKZ]-Lobato" (steam64id="76561198158375860") (Global): ah  vey
22:31:00: Player "[YKZ]-Lobato" (steam64id="76561198158375860") (Global): tiraõço no peito
22:32:34: Player "[YKZ]-Lobato" (steam64id="76561198158375860") (Global): so os the flash on
22:39:10: Player "Biel FxR" (steam64id="76561198050836260") (Global): isso n eh aero nem fodendo
22:39:12: Player "Biel FxR" (steam64id="76561198050836260") (Global): mo paz
22:39:17: Player "Biel FxR" (steam64id="76561198050836260") (Global): td silenciado ? kk
22:39:21: Player "[HORDA] zBieL" (steam64id="76561198001525812") (Global): KKKKKKKKKK
22:39:36: Player "[YKZ]-Lobato" (steam64id="76561198158375860") (Global): hmm
22:41:50: Player "Lop1nho" (steam64id="76561198136544409") (Global): So tem doente nesse servidor
22:41:53: Player "Lop1nho" (steam64id="76561198136544409") (Global): Pqp
22:42:04: Player "Biel FxR" (steam64id="76561198050836260") (Global): lopinho para de chorar e joga mano
22:42:11: Player "Lop1nho" (steam64id="76561198136544409") (Global): Joga meu ovo
22:42:11: Player "Biel FxR" (steam64id="76561198050836260") (Global): so vejo vc reclamando mas n tem nem 15 min pqp mlk
22:42:20: Player "Vini_300" (steam64id="76561198145785923") (Global): kkkk
22:42:48: Player "[YKZ]-Lobato" (steam64id="76561198158375860") (Global): vc n moorria viado
22:43:11: Player "Biel FxR" (steam64id="76561198050836260") (Global): ykz seis tao camperando a base dos horda denovo
22:43:13: Player "Biel FxR" (steam64id="76561198050836260") (Global): q feio
22:43:21: Player "Biel FxR" (steam64id="76561198050836260") (Global): deixa eles relootear pra vcs raidarem novamente 
22:46:02: Player "GabrielDWR" (steam64id="76561199012612653") (Global): galera to com uma duvida, eu fiz uma base e coloquei um code lock no portão, só q pra abrir não ta pedindo senha, porém aparece (abrir portão trancado
22:46:14: Player "GabrielDWR" (steam64id="76561199012612653") (Global): ta trancado será?
22:46:19: Player "[YKZ]-BlackBear" (steam64id="76561198343030820") (Global): ss
22:46:24: Player "Biel FxR" (steam64id="76561198050836260") (Global): ueh
22:46:34: Player "GabrielDWR" (steam64id="76561199012612653") (Global): achei q fosse pedir senha pra abrir pô
22:46:37: Player "GabrielDWR" (steam64id="76561199012612653") (Global): pq n ta pedindo?
22:46:54: Player "[HORDA]ThiagoPenna" (steam64id="76561198218822351") (Global): quando tu coloca a senha a primeira vez nao pede mais 
22:46:57: Player "[HORDA]ThiagoPenna" (steam64id="76561198218822351") (Global): abre direto
22:47:00: Player "[YKZ]-BlackBear" (steam64id="76561198343030820") (Global): so vc podfe abri agora][
22:47:07: Player "GabrielDWR" (steam64id="76561199012612653") (Global): ata
22:47:11: Player "GabrielDWR" (steam64id="76561199012612653") (Global): obrigado galera
22:47:11: Player "Biel FxR" (steam64id="76561198050836260") (Global): se ele passar a senha outras tbm podem
22:47:16: Player "Biel FxR" (steam64id="76561198050836260") (Global): ¬¬
22:47:40: Player "HooZz" (steam64id="76561198805460683") (Global): cara correndo de mim e eu to de makarov
22:47:41: Player "HooZz" (steam64id="76561198805460683") (Global): kkkkkkkkkkkk
22:47:42: Player "HooZz" (steam64id="76561198805460683") (Global): piada
22:47:57: Player "Lop1nho" (steam64id="76561198136544409") (Global): E ele tá full loot
22:48:01: Player "Lop1nho" (steam64id="76561198136544409") (Global): Certeza
22:48:08: Player "HooZz" (steam64id="76561198805460683") (Global): de tundra eu acho
22:48:13: Player "Lop1nho" (steam64id="76561198136544409") (Global): Kkkkkkkkkkkkkkkkkkk
22:48:31: Player "HooZz" (steam64id="76561198805460683") (Global): famoso zé base entra em pvp começa ate a suar
22:50:38: Player "[HORDA]ThiagoPenna" (steam64id="76561198218822351") (Global): o lobato, tirao q eu te dei, ne? nem acreditei quando tu morreu
22:50:45: Player "[YKZ]-Lobato" (steam64id="76561198158375860") (Global): nem eu
22:50:53: Player "Biel FxR" (steam64id="76561198050836260") (Global): horda é impressao minha ou tao camperando vcs denovo ? kk
22:50:55: Player "[YKZ]-Lobato" (steam64id="76561198158375860") (Global): orra
22:50:56: Player "[YKZ]-Lobato" (steam64id="76561198158375860") (Global): tu tomou 2
22:50:58: Player "[YKZ]-Lobato" (steam64id="76561198158375860") (Global): e eu tomei 1
22:51:01: Player "Biel FxR" (steam64id="76561198050836260") (Global): os cara gosta ne kk
22:51:13: Player "[HORDA] JHON WICK" (steam64id="76561198122075703") (Global): AO CONTRARIO
22:51:18: Player "[HORDA]ThiagoPenna" (steam64id="76561198218822351") (Global): nao biel, eles foram ajudar um cara de outro cla q a gnt matou
22:51:21: Player "[HORDA] JHON WICK" (steam64id="76561198122075703") (Global): a treta é na base deles
22:51:22: Player "Biel FxR" (steam64id="76561198050836260") (Global): vish
22:51:42: Player "[YKZ]-BlackBear" (steam64id="76561198343030820") (Global): ????
22:51:45: Player "[HORDA] JHON WICK" (steam64id="76561198122075703") (Global): os eb pediu ajuda da yakkusa 
22:51:50: Player "[YKZ]-Lobato" (steam64id="76561198158375860") (Global): e os one?
22:52:04: Player "[HORDA] JHON WICK" (steam64id="76561198122075703") (Global): os one ?
22:52:07: Player "[YKZ]-BlackBear" (steam64id="76561198343030820") (Global): acho que vc não percebeu que o oedro ja foi do yakuza 
22:52:07: Player "Biel FxR" (steam64id="76561198050836260") (Global): entao a putaria é em melkart
22:52:08: Player "Biel FxR" (steam64id="76561198050836260") (Global): hehehe
22:52:09: Player "[EB] pedrobala" (steam64id="76561198046653521") (Global): jhon wick, foi de f filho
22:52:10: Player "[HORDA] JHON WICK" (steam64id="76561198122075703") (Global): só tem 1 deles on kkk
22:52:16: Player "[HORDA]ThiagoPenna" (steam64id="76561198218822351") (Global): entao,  ja foi neh?
22:52:17: Player "[EB] pedrobala" (steam64id="76561198046653521") (Global): falecido
22:52:18: Player "[YKZ]-BlackBear" (steam64id="76561198343030820") (Global): ou seja ele é meu amigo .
22:52:24: Player "[EB] pedrobala" (steam64id="76561198046653521") (Global): campando base dos outros
22:52:26: Player "[YKZ]-Lobato" (steam64id="76561198158375860") (Global): engraçado os one do lado de vcs k
22:52:26: Player "[EB] pedrobala" (steam64id="76561198046653521") (Global): cotoco
22:52:29: Player "[EB] pedrobala" (steam64id="76561198046653521") (Global): morreu
22:52:34: Player "[HORDA]ThiagoPenna" (steam64id="76561198218822351") (Global): ei bala, bota a cara na janela de novo....estraguei o capacete?
22:52:36: Player "[EB] pedrobala" (steam64id="76561198046653521") (Global): campa base morre
22:52:51: Player "[EB] pedrobala" (steam64id="76561198046653521") (Global): pior q arruinou
22:52:53: Player "[HORDA] JHON WICK" (steam64id="76561198122075703") (Global): camper oque doidao
22:52:55: Player "[EB] pedrobala" (steam64id="76561198046653521") (Global): foi bom o tiro kkk
22:52:57: Player "[HORDA] JHON WICK" (steam64id="76561198122075703") (Global): tava passando por ai
22:53:01: Player "[YKZ]-Lobato" (steam64id="76561198158375860") (Global): bom pvp
22:53:06: Player "[YKZ]-Lobato" (steam64id="76561198158375860") (Global): em minoria
22:53:07: Player "[YKZ]-Lobato" (steam64id="76561198158375860") (Global): win
22:53:08: Player "[YKZ]-Lobato" (steam64id="76561198158375860") (Global): xd
22:53:25: Player "[HORDA] JHON WICK" (steam64id="76561198122075703") (Global): minoria ? kk
22:53:27: Player "[HORDA] JHON WICK" (steam64id="76561198122075703") (Global): o
22:53:31: Player "[YKZ]-Lobato" (steam64id="76561198158375860") (Global): vamos contar?
22:53:34: Player "[YKZ]-Lobato" (steam64id="76561198158375860") (Global): igual fundamental?
22:53:37: Player "[YKZ]-Lobato" (steam64id="76561198158375860") (Global): 1 2 3 4
22:54:03: Player "[HORDA]ThiagoPenna" (steam64id="76561198218822351") (Global): perdi o debate por causa de zumbi
22:54:19: Player "[YKZ]-Lobato" (steam64id="76561198158375860") (Global): tu me deu hs?
22:54:21: Player "[YKZ]-Lobato" (steam64id="76561198158375860") (Global): naquela do mato
22:54:41: Player "[HORDA]ThiagoPenna" (steam64id="76561198218822351") (Global): mano, levei o tiro e atirei no instinto
22:54:48: Player "[YKZ]-Lobato" (steam64id="76561198158375860") (Global): foi hs?
22:54:59: Player "[YKZ]-Lobato" (steam64id="76561198158375860") (Global): tu tomou 3 tiro e n foi de f
22:55:00: Player "[YKZ]-Lobato" (steam64id="76561198158375860") (Global): slc
22:55:04: Player "[YKZ]-Lobato" (steam64id="76561198158375860") (Global): o preferido de deus
22:55:08: Player "Biel FxR" (steam64id="76561198050836260") (Global): rapazes to no aero kd o pvp ?
22:55:11: Player "Biel FxR" (steam64id="76561198050836260") (Global): bora
22:55:20: Player "[HORDA]ThiagoPenna" (steam64id="76561198218822351") (Global): levei so 1
22:56:09: Player "[HORDA]ThiagoPenna" (steam64id="76561198218822351") (Global): agora q os EB pediram ajuda, pediram kkkkk
22:56:23: Player "[EB] pedrobala" (steam64id="76561198046653521") (Global): nao sei, levei 4 horda pro inferno
22:56:34: Player "[EB] pedrobala" (steam64id="76561198046653521") (Global): na sincera
22:56:38: Player "[HORDA] JHON WICK" (steam64id="76561198122075703") (Global): to aqui fui pra lugar nenhum
22:56:49: Player "[HORDA]ThiagoPenna" (steam64id="76561198218822351") (Global): nao, matou 1, e morreu dentro da base olhando janela
22:56:51: Player "[EB] pedrobala" (steam64id="76561198046653521") (Global): principalmente tu jhon kkk
22:56:53: Player "[YKZ]-Lobato" (steam64id="76561198158375860") (Global): jhon wick visitou sata 2 vzs
22:57:00: Player "[EB] pedrobala" (steam64id="76561198046653521") (Global): ctz penna?
22:57:06: Player "[HORDA]ThiagoPenna" (steam64id="76561198218822351") (Global): so entrou pq pediu ajuda
22:57:17: Player "[HORDA] JHON WICK" (steam64id="76561198122075703") (Global): e to aqui de volta 
22:57:27: Player "[HORDA]ThiagoPenna" (steam64id="76561198218822351") (Global): sim, olha no discord
22:57:28: Player "XUXUZINHO" (steam64id="76561199083408122") (Global): pvp aqui e aonde
22:57:33: Player "[HORDA]ThiagoPenna" (steam64id="76561198218822351") (Global): matou o john e morreu pra mim
22:57:37: Player "Biel FxR" (steam64id="76561198050836260") (Global): essa putaria ai eh na tua base horda ?
22:57:42: Player "[HORDA]ThiagoPenna" (steam64id="76561198218822351") (Global): depois chegou os ykz
22:57:48: Player "[YKZ]-BlackBear" (steam64id="76561198343030820") (Global): VCS TEM QUE PARAR DE CAMPERAR BASE 
22:57:54: Player "[HORDA]ThiagoPenna" (steam64id="76561198218822351") (Global): dai ja virou putaria
22:58:01: Player "[EB] pedrobala" (steam64id="76561198046653521") (Global): campera base
22:58:04: Player "[EB] pedrobala" (steam64id="76561198046653521") (Global): é isso q acontece
22:58:05: Player "[YKZ]-Lobato" (steam64id="76561198158375860") (Global): queria saber desses one ai
22:58:08: Player "[HORDA] JHON WICK" (steam64id="76561198122075703") (Global): kk
22:58:08: Player "[YKZ]-BlackBear" (steam64id="76561198343030820") (Global): ANDA NA DROGA DO MAPA ANDA MAIS E PARA DE ESFREGAR BUNDA NAS ARVORES
22:58:08: Player "[EB] pedrobala" (steam64id="76561198046653521") (Global): me encheu de loot
22:58:18: Player "[HORDA]ThiagoPenna" (steam64id="76561198218822351") (Global): mano, assim, a gnt tava passando o cara faz uma zuada da porra abrindo portao, nao vou pedir cafe
22:58:28: Player "[YKZ]-Lobato" (steam64id="76561198158375860") (Global): estranho
22:58:32: Player "[HORDA]ThiagoPenna" (steam64id="76561198218822351") (Global): agora se nao pode matar na porta da base me diz
22:58:32: Player "[YKZ]-Lobato" (steam64id="76561198158375860") (Global): so vejo vcs pelo norte
22:58:33: Player "[EB] pedrobala" (steam64id="76561198046653521") (Global): "passando" kkkkk
22:58:45: Player "[EB] pedrobala" (steam64id="76561198046653521") (Global): encosta ai em melkart
22:59:01: Player "[YKZ]-Lobato" (steam64id="76561198158375860") (Global): oh coe
22:59:03: Player "[YKZ]-Lobato" (steam64id="76561198158375860") (Global): encosta n
22:59:08: Player "Biel FxR" (steam64id="76561198050836260") (Global): oxe
22:59:10: Player "[YKZ]-BlackBear" (steam64id="76561198343030820") (Global): KKK
22:59:11: Player "[HORDA]ThiagoPenna" (steam64id="76561198218822351") (Global): a gnt so nao matou mais de voces quando tavam raidando pq tinha outro cla marcado a gnt
22:59:19: Player "Biel FxR" (steam64id="76561198050836260") (Global): prepara o café pra geral ai yakuza
22:59:21: Player "[YKZ]-Lobato" (steam64id="76561198158375860") (Global): estranho ne
22:59:25: Player "[YKZ]-Lobato" (steam64id="76561198158375860") (Global): outro cla aleatorio
22:59:27: Player "[YKZ]-Lobato" (steam64id="76561198158375860") (Global): (._.')
22:59:30: Player "[YKZ]-Lobato" (steam64id="76561198158375860") (Global): matando a gnt
22:59:40: Player "[YKZ]-Lobato" (steam64id="76561198158375860") (Global): viu a provinha de raid?
22:59:40: Player "[YKZ]-BlackBear" (steam64id="76561198343030820") (Global): pois é tinha que matar uns 9 dos nosso
22:59:43: Player "[YKZ]-Lobato" (steam64id="76561198158375860") (Global): mo paz xd
23:00:01: Player "[YKZ]-BlackBear" (steam64id="76561198343030820") (Global): e os boludos ajudando vcs ??
23:00:05: Player "[HORDA]ThiagoPenna" (steam64id="76561198218822351") (Global): uai, tinha 6 on e matamos 3, depois entrou uma galera
23:00:10: Player "[YKZ]-Lobato" (steam64id="76561198158375860") (Global): kmg se eu n me engano
23:00:28: Player "[HORDA]ThiagoPenna" (steam64id="76561198218822351") (Global): nao, tanto q um nosso morreu pra o cara q matou um de voces
23:00:30: Player "[YKZ]-Lobato" (steam64id="76561198158375860") (Global): pew pew
23:00:49: Player "[HORDA]ThiagoPenna" (steam64id="76561198218822351") (Global): pew pew matou um nosso, achamos q eles tavam com voces ate voces morrem pra ele
23:00:59: Player "[YKZ]-Lobato" (steam64id="76561198158375860") (Global): o pew pew tudo bem
23:01:01: Player "[YKZ]-Lobato" (steam64id="76561198158375860") (Global): ele era random
23:01:05: Player "[YKZ]-Lobato" (steam64id="76561198158375860") (Global): agr os kmg foi de fude
23:01:07: Player "[YKZ]-Lobato" (steam64id="76561198158375860") (Global): so atirava na gnt
23:01:10: Player "[YKZ]-BlackBear" (steam64id="76561198343030820") (Global): mas mudando de assunto o que os ONE ta fzd ali na treta u.u
23:01:11: Player "[YKZ]-Lobato" (steam64id="76561198158375860") (Global): la de 400m
23:01:18: Player "[HORDA]ThiagoPenna" (steam64id="76561198218822351") (Global): pq a gnt ja tava levando tiro dos one
23:01:22: Player "[HORDA]ThiagoPenna" (steam64id="76561198218822351") (Global): eu nem vi kng 
23:01:33: Player "[HORDA]ThiagoPenna" (steam64id="76561198218822351") (Global): eu q tava a 400 metros, matei 1 a 500
23:01:46: Player "[YKZ]-BlackBear" (steam64id="76561198343030820") (Global): só vi os cotoco lambendo as arvores e taquei sal na carne 
23:01:55: Player "[YKZ]-Lobato" (steam64id="76561198158375860") (Global): thiago pena
23:01:58: Player "[YKZ]-Lobato" (steam64id="76561198158375860") (Global): tu joga bem de sniper
23:01:59: Player "[YKZ]-Lobato" (steam64id="76561198158375860") (Global): admito
23:02:03: Player "[YKZ]-Lobato" (steam64id="76561198158375860") (Global): mas krl
23:02:06: Player "[YKZ]-Lobato" (steam64id="76561198158375860") (Global): so fica setado em arvore
23:02:12: Player "[YKZ]-BlackBear" (steam64id="76561198343030820") (Global): bem e ainda é imortifero kkkk
23:02:24: Player "[HORDA]ThiagoPenna" (steam64id="76561198218822351") (Global): uai, nao da pra ficar correndo de sniper, neh?
23:02:27: Player "Biel FxR" (steam64id="76561198050836260") (Global): lobato tu quer q fique no aberto ?
23:02:29: Player "Biel FxR" (steam64id="76561198050836260") (Global): wtf kkk
23:02:30: Player "[HORDA]ThiagoPenna" (steam64id="76561198218822351") (Global): tem q ficar parado procurando
23:02:42: Player "[YKZ]-Lobato" (steam64id="76561198158375860") (Global): xiu random
23:02:44: Player "[HORDA]ThiagoPenna" (steam64id="76561198218822351") (Global): agora porra, visao de aguia de voces
23:02:45: Player "[YKZ]-Lobato" (steam64id="76561198158375860") (Global): nem participa de treta
23:02:47: Player "[YKZ]-Lobato" (steam64id="76561198158375860") (Global): pra saber do q to falando
23:02:49: Player "Biel FxR" (steam64id="76561198050836260") (Global): kkkkkkkkkkkkkkkkkkkk
23:02:51: Player "HooZz" (steam64id="76561198805460683") (Global): random kkkkkkkkk
23:02:58: Player "HooZz" (steam64id="76561198805460683") (Global): ele é o famosao
23:03:00: Player "[YKZ]-Lobato" (steam64id="76561198158375860") (Global): hj demos sorte, no dia da raid ces q tavam com aguia
23:03:06: Player "Biel FxR" (steam64id="76561198050836260") (Global): disse o cara que o clan so tem quantidade e n qualidade
23:03:07: Player "Biel FxR" (steam64id="76561198050836260") (Global): kkk
23:03:26: Player "[YKZ]-Lobato" (steam64id="76561198158375860") (Global): serasse?
23:03:32: Player "Biel FxR" (steam64id="76561198050836260") (Global): nunca perdi 1 pvp pra vcs kk
23:03:34: Player "[YKZ]-Lobato" (steam64id="76561198158375860") (Global): unico clã q raidou 2 base no msm dia
23:03:35: Player "[YKZ]-Lobato" (steam64id="76561198158375860") (Global): xisde
23:03:38: Player "[HORDA]ThiagoPenna" (steam64id="76561198218822351") (Global): voces tavam iguam bobo corendo entra conteiner e a casinha la
23:03:39: Player "Biel FxR" (steam64id="76561198050836260") (Global): contrario ja wipamos algumas vezes
23:03:45: Player "[HORDA]ThiagoPenna" (steam64id="76561198218822351") (Global): deu pra ver de longe
23:03:47: Player "Biel FxR" (steam64id="76561198050836260") (Global): foi o q eu disse quantidade n qualidade
23:03:49: Player "[YKZ]-Lobato" (steam64id="76561198158375860") (Global): ent
23:03:51: Player "[YKZ]-Lobato" (steam64id="76561198158375860") (Global): visao de aguia
23:04:00: Player "[HORDA]ThiagoPenna" (steam64id="76561198218822351") (Global): acertei um na torre q nao morreu, matei um numa casa e acertei um no conteiner
23:09:55: Player "XUXUZINHO" (steam64id="76561199083408122") (Global): pvp aonde
23:16:36: Player "Boneco " (steam64id="76561199225248971") (Direct): wwd
23:19:46: Player "Charada" (steam64id="76561198034769290") (Direct): tiraram a kill fed?
23:25:28: Player "[YKZ]-BlackBear" (steam64id="76561198343030820") (Global): vou te buscar ate no inferno
23:25:38: Player "[HORDA]ThiagoPenna" (steam64id="76561198218822351") (Global): ?
23:27:46: Player "[YKZ]-Lobato" (steam64id="76561198158375860") (Global): ja ta nascnedo planta de tu
23:28:20: Player "[YKZ]-Lobato" (steam64id="76561198158375860") (Global): kkkkkkkkk
23:28:31: Player "[YKZ]-BlackBear" (steam64id="76561198343030820") (Global): falei que ia buscar no inferno
23:31:23: Player "[YKZ]-BlackBear" (steam64id="76561198343030820") (Global): na boa
23:31:32: Player "[YKZ]-BlackBear" (steam64id="76561198343030820") (Global): se vc não andar no mapa nunca vai me matar
23:32:06: Player "[YKZ]-BlackBear" (steam64id="76561198343030820") (Global): me ensina a chegar no loot em menos de 2min?
23:32:10: Player "[HORDA] JHON WICK" (steam64id="76561198122075703") (Global): só faltou vocee morrer hoje
23:32:13: Player "CharlinhoPsico" (steam64id="76561198366562144") (Global): hack
23:32:35: Player "[YKZ]-BlackBear" (steam64id="76561198343030820") (Global): ja falei se não virar moita morre pra mim pq eu odeio quem fica plantado
23:32:53: Player "[HORDA] JHON WICK" (steam64id="76561198122075703") (Global): kkkk
23:36:39: Player "[YKZ]-BlackBear" (steam64id="76561198343030820") (Global): procurem bem nas arvores pq os horda estão dançando pole dance kkkkk
23:36:52: Player "[EB] pedrobala" (steam64id="76561198046653521") (Global): kkkkk
23:36:59: Player "[YKZ]-Lobato" (steam64id="76561198158375860") (Global): quais deles
23:37:03: Player "[EB] pedrobala" (steam64id="76561198046653521") (Global): todos
23:37:35: Player "[HORDA]ThiagoPenna" (steam64id="76561198218822351") (Global): falou os cara q ficam  do alto de um predio atirando no povo passando
23:37:43: Player "[YKZ]-Lobato" (steam64id="76561198158375860") (Global): tamo embaixo louco
23:37:49: Player "[YKZ]-Lobato" (steam64id="76561198158375860") (Global): tu acabou de morrer pro cara do teu lado kkkkkkkk
23:37:59: Player "[YKZ]-BlackBear" (steam64id="76561198343030820") (Global): ninguem ta em base não para de choro 
23:38:00: Player "[HORDA]ThiagoPenna" (steam64id="76561198218822351") (Global): pelado com uma tundra 
23:38:08: Player "[YKZ]-BlackBear" (steam64id="76561198343030820") (Global): vc me matou onde mesmo?
23:38:12: Player "[HORDA]ThiagoPenna" (steam64id="76561198218822351") (Global): e o outro te matou
23:39:19: Player "[HORDA]ThiagoPenna" (steam64id="76561198218822351") (Global): o jogo e isso, mata e morre
23:39:22: Player "[HORDA]ThiagoPenna" (steam64id="76561198218822351") (Global): faz parte
23:39:25: Player "[EB] pedrobala" (steam64id="76561198046653521") (Global): é isso
23:39:44: Player "[YKZ]-Lobato" (steam64id="76561198158375860") (Global): é isso
23:40:02: Player "[EB] pedrobala" (steam64id="76561198046653521") (Global): q silencio em melkart
23:40:06: Player "[EB] pedrobala" (steam64id="76561198046653521") (Global): kkkkkkkkkkkk
23:41:59: Player "[YKZ]-BlackBear" (steam64id="76561198343030820") (Global): gatinhuuuuu
23:42:05: Player "[YKZ]-BlackBear" (steam64id="76561198343030820") (Global): uhulll
23:42:17: Player "TripaSeca" (steam64id="76561198093060507") (Global): miau miau
23:42:23: Player "ObreD" (steam64id="76561198258911731") (Global): desgraça dentro da arvore
23:42:29: Player "XUXUZINHO" (steam64id="76561199083408122") (Global): mano gravei
23:42:33: Player "XUXUZINHO" (steam64id="76561199083408122") (Global): o cara nao morre
23:42:34: Player "[YKZ]-BlackBear" (steam64id="76561198343030820") (Global): oxii
23:42:37: Player "[YKZ]-Lobato" (steam64id="76561198158375860") (Global): lança no disc
23:42:40: Player "XUXUZINHO" (steam64id="76561199083408122") (Global): 75 tiros
23:42:46: Player "XUXUZINHO" (steam64id="76561199083408122") (Global): de km
23:42:52: Player "XUXUZINHO" (steam64id="76561199083408122") (Global): o cara tanco tudo
23:42:52: Player "[YKZ]-BlackBear" (steam64id="76561198343030820") (Global): coroyy
23:43:00: Player "[YKZ]-BlackBear" (steam64id="76561198343030820") (Global): colete lvl 3
23:43:21: Player "XUXUZINHO" (steam64id="76561199083408122") (Global): ja vo reporta 
23:43:31: Player "XUXUZINHO" (steam64id="76561199083408122") (Global): mais 8 tiro de vaiga
23:43:36: Player "XUXUZINHO" (steam64id="76561199083408122") (Global): nao morreu
23:43:45: Player "[YKZ]-BlackBear" (steam64id="76561198343030820") (Global): corre pro telhado gato que ele vai te denuciar kjkkk
23:43:45: Player "MenoDuLins" (steam64id="76561198057614573") (Global): o cara quer reportar quem joga no server a 500 anos klkk
23:43:47: Player "[HORDA]ThiagoPenna" (steam64id="76561198218822351") (Global): O black, antes de tu me matar e morrer, era voces q tavam correndo cheio de zumbi atras e começou a levar tiro?
23:43:57: Player "[YKZ]-BlackBear" (steam64id="76561198343030820") (Global): não
23:44:10: Player "[YKZ]-BlackBear" (steam64id="76561198343030820") (Global): mas ouvimos
23:44:27: Player "[HORDA]ThiagoPenna" (steam64id="76561198218822351") (Global): acertei um tiro de tundra e o cara nem mancou kkkkk
23:44:56: Player "G A T O" (steam64id="76561199207813177") (Global): Dois loots aqui
23:45:05: Player "G A T O" (steam64id="76561199207813177") (Global): Pra quem quiser
23:45:08: Player "G A T O" (steam64id="76561199207813177") (Global): Sem espaco
23:45:20: Player "XUXUZINHO" (steam64id="76561199083408122") (Global): desliga ai
23:45:29: Player "[HORDA]ThiagoPenna" (steam64id="76561198218822351") (Global): eita
23:45:49: Player "[YKZ]-Lobato" (steam64id="76561198158375860") (Global): melkart pvp?
23:46:07: Player "ObreD" (steam64id="76561198258911731") (Global): .
23:46:09: Player "[HORDA]ThiagoPenna" (steam64id="76561198218822351") (Global): se fosse mais cedo ate ia, mas trampo cedo amanha
23:46:14: Player "[YKZ]-Lobato" (steam64id="76561198158375860") (Global): :O
23:46:17: Player "XUXUZINHO" (steam64id="76561199083408122") (Global): nem vai cara e imortal
23:46:24: Player "[HORDA]ThiagoPenna" (steam64id="76561198218822351") (Global): ja dei tiro e levei tiro demais por hoje kkkkk
23:46:29: Player "[YKZ]-Lobato" (steam64id="76561198158375860") (Global): thiago pena so morreu 1 vez no server
23:46:50: Player "[HORDA]ThiagoPenna" (steam64id="76561198218822351") (Global): so 1?
23:46:52: Player "[HORDA]ThiagoPenna" (steam64id="76561198218822351") (Global): serio?
23:47:03: Player "[HORDA]ThiagoPenna" (steam64id="76561198218822351") (Global): foi umas 2 nao?
23:47:41: Player "[HORDA]ThiagoPenna" (steam64id="76561198218822351") (Global): tiraram o contador de kill das armas?
23:47:45: Player "[YKZ]-Lobato" (steam64id="76561198158375860") (Global): infelizmente
23:47:59: Player "[HORDA]ThiagoPenna" (steam64id="76561198218822351") (Global): poxa,  a tundra tava cheia ja rsrsrrs
23:52:56: Player "[YKZ]-BlackBear" (steam64id="76561198343030820") (Global): ademilson me da tp ai kkk
23:53:06: Player "[YKZ]-Lobato" (steam64id="76561198158375860") (Global): esses ykz;..
23:53:14: Player "[HORDA]ThiagoPenna" (steam64id="76561198218822351") (Global): ta dificil nascer bem ai? kkkkkkkkkkk
23:53:22: Player "[YKZ]-Lobato" (steam64id="76561198158375860") (Global): n temos o segredo de vcs
23:53:24: Player "[YKZ]-BlackBear" (steam64id="76561198343030820") (Global): u.u
23:53:26: Player "[YKZ]-Lobato" (steam64id="76561198158375860") (Global): vcs chegam rapido pra krl
23:53:35: Player "[YKZ]-Lobato" (steam64id="76561198158375860") (Global): pago 1 pioner e 2 mosin pelo segredo 
23:53:36: Player "CharlinhoPsico" (steam64id="76561198366562144") (Global): hack
23:54:08: Player "[YKZ]-BlackBear" (steam64id="76561198343030820") (Global): vou mata esse betinho na faca 
23:54:16: Player "[HORDA]ThiagoPenna" (steam64id="76561198218822351") (Global): rapido? eu so spawno na pqp, me mato umas 10x pra tentar nascer bem
23:54:21: Player "[YKZ]-Lobato" (steam64id="76561198158375860") (Global): duvido
23:54:23: Player "[YKZ]-Lobato" (steam64id="76561198158375860") (Global): ces ja estavam aq fi
23:54:42: Player "[HORDA]ThiagoPenna" (steam64id="76561198218822351") (Global): aqui onde?
23:54:47: Player "[HORDA]ThiagoPenna" (steam64id="76561198218822351") (Global): aqui e relativo
23:54:48: Player "[YKZ]-Lobato" (steam64id="76561198158375860") (Global): melakrt
23:54:52: Player "[YKZ]-Lobato" (steam64id="76561198158375860") (Global): melkart
23:54:56: Player "Betinho_maluco" (steam64id="76561198057627157") (Global): se tenta no karate vai toma so rajadao
23:55:02: Player "[HORDA]ThiagoPenna" (steam64id="76561198218822351") (Global): oxe, uma vida pra chegar, voces q andam devagar entao
23:55:14: Player "CharlinhoPsico" (steam64id="76561198366562144") (Global): se voce pisa no 15 vai ta fudido
23:55:17: Player "[YKZ]-Lobato" (steam64id="76561198158375860") (Global): hm
23:55:39: Player "Betinho_maluco" (steam64id="76561198057627157") (Global): que e so os pitbull de raça na troca de tiro
23:55:45: Player "[HORDA]ThiagoPenna" (steam64id="76561198218822351") (Global): rapaziada, vou nessa..bom game
23:55:49: Player "[YKZ]-Lobato" (steam64id="76561198158375860") (Global): disse o cara de sniper
23:55:51: Player "[YKZ]-Lobato" (steam64id="76561198158375860") (Global): vlw penna
23:55:52: Player "CharlinhoPsico" (steam64id="76561198366562144") (Global): valeu mano
23:55:54: Player "[EB] pedrobala" (steam64id="76561198046653521") (Global): vlw penna
23:55:56: Player "CharlinhoPsico" (steam64id="76561198366562144") (Global): bom descanso 
23:56:02: Player "Sagara" (steam64id="76561198057660620") (Global): boa noite
23:56:10: Player "[HORDA]ThiagoPenna" (steam64id="76561198218822351") (Global): amanha e nois
23:56:20: Player "[YKZ]-Lobato" (steam64id="76561198158375860") (Global): tmj man
23:56:34: Player "[HORDA]ThiagoPenna" (steam64id="76561198218822351") (Global): treta da hora
23:56:35: Player "[HORDA]ThiagoPenna" (steam64id="76561198218822351") (Global): fui
