00:24:16: Player "MR.nacho" (steam64id="76561198273652820") (Global): OLA
00:24:29: Player "pipezkt" (steam64id="76561198336683730") (Global): a
00:24:47: Player "o velho peludo" (steam64id="76561198843547059") (Global): B
00:25:00: Player "Biel FxR" (steam64id="76561198050836260") (Global): c
00:25:04: Player "TripaSeca" (steam64id="76561198093060507") (Global): D
00:25:12: Player "Hacan121" (steam64id="76561198345012092") (Global): e
00:25:15: Player "MR.nacho" (steam64id="76561198273652820") (Global): F
00:25:16: Player "=G3= wellbert" (steam64id="76561198914685824") (Global): chama
00:25:52: Player "=G3= wellbert" (steam64id="76561198914685824") (Global): boltz ta ai?
00:26:05: Player "Biel FxR" (steam64id="76561198050836260") (Global): boltz so no cidade alta
00:26:43: Player "=G3= wellbert" (steam64id="76561198914685824") (Global): sorry
01:04:36: Player "Vinycin" (steam64id="76561198989132464") (Global): Vinicius Santos#7865
01:04:52: Player "Vinycin" (steam64id="76561198989132464") (Global): 7865
01:05:00: Player "?? Prince#4184" (steam64id="76561198199985663") (Global): .
01:05:02: Player "?? Prince#4184" (steam64id="76561198199985663") (Global): .
01:05:03: Player "?? Prince#4184" (steam64id="76561198199985663") (Global): .
01:05:04: Player "?? Prince#4184" (steam64id="76561198199985663") (Global): .
01:05:05: Player "?? Prince#4184" (steam64id="76561198199985663") (Global): .
01:05:20: Player "=G3= Chupo no sigilo " (steam64id="76561199037080751") (Global): .
01:10:47: Player "BobLeeSuado" (steam64id="76561198841801794") (Global): amassados
01:18:23: Player "[PR]gasava420" (steam64id="76561198214063784") (Global): a
01:18:38: Player "Guifer" (steam64id="76561197991914988") (Global): b
01:36:50: Player "[PR]gasava420" (steam64id="76561198214063784") (Global): cuantos circulos son para romper un code con el maso
01:37:21: Player "Biel FxR" (steam64id="76561198050836260") (Global): 15 minutos
01:37:32: Player "Biel FxR" (steam64id="76561198050836260") (Global): porem recordo-te que hoy no es lo dia de raid manito
01:37:52: Player "Biel FxR" (steam64id="76561198050836260") (Global): raid no esta liberado, apenas semana que vem
01:39:11: Player "TripaSeca" (steam64id="76561198093060507") (Global): el raid esta prohibido
01:39:17: Player "pipezkt" (steam64id="76561198336683730") (Global): me escuchas?
01:39:20: Player "iGus" (steam64id="76561198096864487") (Global): NO
01:39:28: Player "pipezkt" (steam64id="76561198336683730") (Global): f
01:39:33: Player "pipezkt" (steam64id="76561198336683730") (Global): sabes como arreglarlo
01:39:34: Player "pipezkt" (steam64id="76561198336683730") (Global): ?
01:39:39: Player "TripaSeca" (steam64id="76561198093060507") (Global): si
01:40:51: Player "TripaSeca" (steam64id="76561198093060507") (Global): cancelar la raid, evitar los castigos
01:41:05: Player "iGus" (steam64id="76561198096864487") (Global): gracias por matarme
01:41:19: Player "TripaSeca" (steam64id="76561198093060507") (Global): de nada
01:43:11: Player "TripaSeca" (steam64id="76561198093060507") (Global): miren el server discord tiene las reglas para evitar castigos
01:43:51: Player "TripaSeca" (steam64id="76561198093060507") (Global): esc + server information !
01:43:58: Player "ttuker" (steam64id="76561198971813376") (Global): hay autossssssssssssss?p
01:44:19: Player "TripaSeca" (steam64id="76561198093060507") (Global): si
01:55:04: Player "Victor" (steam64id="76561198183683947") (Global): ola
02:20:03: Player "Victor" (steam64id="76561198183683947") (Global): hola
02:49:59: Player "DE LADAU " (steam64id="76561199052963489") (Global): quem me matar e ga
02:50:00: Player "DE LADAU " (steam64id="76561199052963489") (Global): gay
02:50:38: Player "Death Dealler" (steam64id="76561198257760225") (Global): aqui vende pack de arma?
02:50:44: Player "Hruotegar" (steam64id="76561198046558677") (Global): NÃO
02:50:50: Player "Rossi" (steam64id="76561198804198110") (Global): AI S
02:50:55: Player "Death Dealler" (steam64id="76561198257760225") (Global): top
03:01:08: Player "Death Dealler" (steam64id="76561198257760225") (Global): coe coe ow camarada q nos matamos
03:01:14: Player "Death Dealler" (steam64id="76561198257760225") (Global): meu amigo ta com conciencia pesada
03:01:31: Player "Cristof" (steam64id="76561198305968623") (Global): WHERE PVP?
03:01:35: Player "Duerowww" (steam64id="76561198259492425") (Global): donde pvp?
03:01:38: Player "Death Dealler" (steam64id="76561198257760225") (Global): anywaykkk
03:01:45: Player "Hruotegar" (steam64id="76561198046558677") (Global): any big city
03:01:46: Player "DE LADAU " (steam64id="76561199052963489") (Global): EU 
03:01:50: Player "Hruotegar" (steam64id="76561198046558677") (Global): or military
03:01:59: Player "DE LADAU " (steam64id="76561199052963489") (Direct): 0 COISAS 
03:02:01: Player "Death Dealler" (steam64id="76561198257760225") (Global): meu amigo ta com a concienca pesada de ter matado vc 
03:02:03: Player "Cristof" (steam64id="76561198305968623") (Global): i was arfield anyone ocme
03:02:04: Player "Hruotegar" (steam64id="76561198046558677") (Global): try LAscuta
03:02:05: Player "DE LADAU " (steam64id="76561199052963489") (Direct): kkkkkk
03:02:08: Player "DE LADAU " (steam64id="76561199052963489") (Direct): KRA DE BOA 
03:02:18: Player "DE LADAU " (steam64id="76561199052963489") (Direct): eu jurei que vc ia ser de boa 
03:02:19: Player "DE LADAU " (steam64id="76561199052963489") (Direct): cmgu 
03:02:38: Player "DE LADAU " (steam64id="76561199052963489") (Direct): parecia ;-;
03:02:47: Player "DE LADAU " (steam64id="76561199052963489") (Direct): mas e isso a vidah tem dessas 
03:37:46: Player "benja" (steam64id="76561198882824508") (Global): mogolico
03:37:50: Player "benja" (steam64id="76561198882824508") (Global): brazuca pete de mierda
04:42:37: Player "[YKZ]-BlackBear" (steam64id="76561198343030820") (Global): quem que deu tiro aqui do meu lado?
04:42:39: Player "[YKZ]-BlackBear" (steam64id="76561198343030820") (Global): ^^
04:42:50: Player "Death Dealler" (steam64id="76561198257760225") (Global): n foi eu ahuahu
04:43:02: Player "[YKZ]-BlackBear" (steam64id="76561198343030820") (Global): hahah rlx mano fica de boa ai
04:43:19: Player "Death Dealler" (steam64id="76561198257760225") (Global): ta onde fala ai xD
04:43:22: Player "Death Dealler" (steam64id="76561198257760225") (Global): bora conversar xD
04:43:39: Player "[YKZ]-BlackBear" (steam64id="76561198343030820") (Global): de boa pow ja sai do seu lado to longe
04:43:54: Player "[YKZ]-BlackBear" (steam64id="76561198343030820") (Global): to indo fazer uma missão aqui 
04:44:08: Player "Death Dealler" (steam64id="76561198257760225") (Global): mano
04:44:12: Player "Death Dealler" (steam64id="76561198257760225") (Global): olha o tamanho do mapa
04:44:18: Player "Death Dealler" (steam64id="76561198257760225") (Global): missao n existe aqui auhsfukahwfuk
04:44:40: Player "[YKZ]-BlackBear" (steam64id="76561198343030820") (Global): tu que pensa kkk
04:44:50: Player "Death Dealler" (steam64id="76561198257760225") (Global): uai diz ai pra nos entao uai
04:44:57: Player "Death Dealler" (steam64id="76561198257760225") (Global): bora duo?
04:45:02: Player "Death Dealler" (steam64id="76561198257760225") (Global): eu n conheço o mapa
04:45:06: Player "Death Dealler" (steam64id="76561198257760225") (Global): cola discord
04:45:24: Player "[YKZ]-BlackBear" (steam64id="76561198343030820") (Global): to so estudando umas bases pra raidar uashauhsushahs
04:45:32: Player "Death Dealler" (steam64id="76561198257760225") (Global): ah so
04:45:38: Player "Death Dealler" (steam64id="76561198257760225") (Global): anima duo n?
04:49:17: Player "[YKZ]-BlackBear" (steam64id="76561198343030820") (Global): mano até topo mas vou só fazer o esquema aqui e sair
04:49:25: Player "[YKZ]-BlackBear" (steam64id="76561198343030820") (Global): cola com a gente mais tarde pow
04:49:32: Player "[YKZ]-BlackBear" (steam64id="76561198343030820") (Global): te passo nosso discord
04:49:33: Player "Death Dealler" (steam64id="76561198257760225") (Global): eh vcs dois?
04:49:38: Player "Death Dealler" (steam64id="76561198257760225") (Global): blz
04:49:45: Player "[YKZ]-BlackBear" (steam64id="76561198343030820") (Global): nós dois quem?
04:49:46: Player "Death Dealler" (steam64id="76561198257760225") (Global): a noite mando msg no all
04:49:52: Player "[YKZ]-BlackBear" (steam64id="76561198343030820") (Global): blz
04:49:59: Player "[YKZ]-BlackBear" (steam64id="76561198343030820") (Global): eu jogo em 12 kkk
04:50:16: Player "[YKZ]-BlackBear" (steam64id="76561198343030820") (Global): mas no cla desse servidor so pode 5 kkk
04:50:44: Player "[YKZ]-BlackBear" (steam64id="76561198343030820") (Global): mas me manda msg de noite pow
06:14:06: Player "[YKZ]-BlackBear" (steam64id="76561198343030820") (Global): vai dormi cara kkk
06:16:51: Player "Seekerzao" (steam64id="76561198067793781") (Global): salvE blackzada
06:17:14: Player "[YKZ]-BlackBear" (steam64id="76561198343030820") (Global): aopaa
06:17:19: Player "[YKZ]-BlackBear" (steam64id="76561198343030820") (Global): dorme n danado?
06:17:25: Player "[YKZ]-BlackBear" (steam64id="76561198343030820") (Global): uashuahsuahshuasha
06:17:26: Player "Seekerzao" (steam64id="76561198067793781") (Global): maluco cheguei agr em casa
06:17:31: Player "Seekerzao" (steam64id="76561198067793781") (Global): ai ja vo como
06:17:36: Player "Seekerzao" (steam64id="76561198067793781") (Global): fazer um loot militar ne
06:17:37: Player "[YKZ]-BlackBear" (steam64id="76561198343030820") (Global): eita porraaaaa
06:17:48: Player "[YKZ]-BlackBear" (steam64id="76561198343030820") (Global): ano aproveita que eu to indo dormi agora kkkkkkkkkkkkkk
06:17:58: Player "Seekerzao" (steam64id="76561198067793781") (Global): looteou onde?
06:18:01: Player "[YKZ]-BlackBear" (steam64id="76561198343030820") (Global): eu fui na zona toxica 
06:18:17: Player "Seekerzao" (steam64id="76561198067793781") (Global): vo colar airfield ent
06:18:35: Player "[YKZ]-BlackBear" (steam64id="76561198343030820") (Global): tem 2 militar aqui proximo minha base vai la que não passei la n 
06:18:47: Player "Seekerzao" (steam64id="76561198067793781") (Global): em melkart?
06:18:50: Player "[YKZ]-BlackBear" (steam64id="76561198343030820") (Global): ss
06:18:56: Player "Seekerzao" (steam64id="76561198067793781") (Global): show vo sim
06:19:21: Player "[YKZ]-BlackBear" (steam64id="76561198343030820") (Global): vou deixar um presente pra vc aqui  dentro da igreja no cemiterio
06:19:37: Player "[YKZ]-BlackBear" (steam64id="76561198343030820") (Global): com uma mochila de 90
06:19:42: Player "[YKZ]-BlackBear" (steam64id="76561198343030820") (Global): blz?
06:19:44: Player "Seekerzao" (steam64id="76561198067793781") (Global): top to indo agr
06:20:18: Player "Seekerzao" (steam64id="76561198067793781") (Global): e perto do hospital ne?
06:20:52: Player "[YKZ]-BlackBear" (steam64id="76561198343030820") (Global): sabe onde é minha base na torre?
06:20:59: Player "Seekerzao" (steam64id="76561198067793781") (Global): nao nunca fui ae
06:21:44: Player "[YKZ]-BlackBear" (steam64id="76561198343030820") (Global): é a maior torre de melkart pow
06:21:48: Player "[YKZ]-BlackBear" (steam64id="76561198343030820") (Global): uma gigante
06:21:53: Player "Seekerzao" (steam64id="76561198067793781") (Global): ah
06:21:57: Player "Seekerzao" (steam64id="76561198067793781") (Global): vou ver ela entao
06:22:08: Player "[YKZ]-BlackBear" (steam64id="76561198343030820") (Global): vou deixar no cimiterio que fica bem aqui do lado
06:22:12: Player "[YKZ]-BlackBear" (steam64id="76561198343030820") (Global): dentro da igreja
06:22:15: Player "Seekerzao" (steam64id="76561198067793781") (Global): ta top
06:23:59: Player "[YKZ]-BlackBear" (steam64id="76561198343030820") (Global): contrução precida de algo?
06:24:18: Player "Seekerzao" (steam64id="76561198067793781") (Global): oi
06:24:26: Player "[YKZ]-BlackBear" (steam64id="76561198343030820") (Global): item de construção
06:24:31: Player "[YKZ]-BlackBear" (steam64id="76561198343030820") (Global): precisa de que
06:25:05: Player "Seekerzao" (steam64id="76561198067793781") (Global): to full
06:25:08: Player "Seekerzao" (steam64id="76561198067793781") (Global): ja terminei a base
06:25:18: Player "[YKZ]-BlackBear" (steam64id="76561198343030820") (Global): ah show
06:27:49: Player "[YKZ]-BlackBear" (steam64id="76561198343030820") (Global): blz man to saindo que meu olhos estão ardendo uahsauuahusahs
06:27:52: Player "Seekerzao" (steam64id="76561198067793781") (Global): flw man
06:27:55: Player "Seekerzao" (steam64id="76561198067793781") (Global): bom descanso ae
06:27:58: Player "[YKZ]-BlackBear" (steam64id="76561198343030820") (Global): flw
06:35:56: Player "Seekerzao" (steam64id="76561198067793781") (Global): salve suerow
06:35:59: Player "Seekerzao" (steam64id="76561198067793781") (Global): duerow
06:44:36: Player "Duerowww" (steam64id="76561198259492425") (Global): hola
06:44:39: Player "Seekerzao" (steam64id="76561198067793781") (Global): hola
06:44:44: Player "Duerowww" (steam64id="76561198259492425") (Global): br?
06:44:48: Player "Seekerzao" (steam64id="76561198067793781") (Global): si
06:44:58: Player "Seekerzao" (steam64id="76561198067793781") (Global): tratado de paz?
06:45:03: Player "Duerowww" (steam64id="76561198259492425") (Global): si jajaja
06:45:06: Player "Seekerzao" (steam64id="76561198067793781") (Global): jajja
06:45:19: Player "Duerowww" (steam64id="76561198259492425") (Global): por donde anda mano?
06:45:42: Player "Seekerzao" (steam64id="76561198067793781") (Global): estoy em Tharsis e usted?
06:45:57: Player "Duerowww" (steam64id="76561198259492425") (Global): airfield
06:52:51: Player "Duerowww" (steam64id="76561198259492425") (Global): que fue eso?
06:53:27: Player "Seekerzao" (steam64id="76561198067793781") (Global): donde?
06:53:39: Player "Duerowww" (steam64id="76561198259492425") (Global): una explosion
06:53:47: Player "Seekerzao" (steam64id="76561198067793781") (Global): no  se
06:56:33: Player "Seekerzao" (steam64id="76561198067793781") (Global): Fuzil
06:56:39: Player "Seekerzao" (steam64id="76561198067793781") (Global): tratado de paz pra farmar?
07:20:33: Player "Seekerzao" (steam64id="76561198067793781") (Global): galerinha vamo fazer tratado de paz pra geral se armar pra mais tarde?
07:20:48: Player "[ONE}Rick" (steam64id="76561198868590548") (Direct): por min ok
07:20:55: Player "[ONE}Rick" (steam64id="76561198868590548") (Direct): bom dia
07:21:08: Player "[ONE}Rick" (steam64id="76561198868590548") (Global): por min ok
07:21:12: Player "Seekerzao" (steam64id="76561198067793781") (Global): entao show
07:21:22: Player "Seekerzao" (steam64id="76561198067793781") (Global): nao vou atirar em ngm e espero nao tomar tiro
07:21:38: Player "[ONE}Rick" (steam64id="76561198868590548") (Global): to em lacusta
07:21:44: Player "[ONE}Rick" (steam64id="76561198868590548") (Global): nao atirem
07:21:49: Player "Seekerzao" (steam64id="76561198067793781") (Global): vou pra basee militar da montanha
07:21:51: Player "Seekerzao" (steam64id="76561198067793781") (Global): nao atirem
08:07:46: Player "[ONE}Rick" (steam64id="76561198868590548") (Global): a tregua ta de pe?
08:08:42: Player "Seekerzao" (steam64id="76561198067793781") (Global): rick os loots voltaram
08:08:46: Player "Seekerzao" (steam64id="76561198067793781") (Global): aproveita
08:08:57: Player "[ONE}Rick" (steam64id="76561198868590548") (Global): a tegua ta de pe?
08:09:00: Player "Seekerzao" (steam64id="76561198067793781") (Global): claro
08:09:10: Player "[ONE}Rick" (steam64id="76561198868590548") (Global): to indo air feld
08:09:12: Player "Seekerzao" (steam64id="76561198067793781") (Global): so to me armando
08:09:16: Player "Seekerzao" (steam64id="76561198067793781") (Global): pode ir la
08:09:19: Player "Seekerzao" (steam64id="76561198067793781") (Global): ta solo la
08:09:48: Player "[ONE}Rick" (steam64id="76561198868590548") (Global): fecho
08:11:58: Player "[ONE}Rick" (steam64id="76561198868590548") (Global): ja achou a nova sniper?
08:12:28: Player "Seekerzao" (steam64id="76561198067793781") (Global): achei nada
08:12:35: Player "Seekerzao" (steam64id="76561198067793781") (Global): ce ja?
08:12:53: Player "[ONE}Rick" (steam64id="76561198868590548") (Global): acabei de char no castelo da passagem
08:13:02: Player "Seekerzao" (steam64id="76561198067793781") (Global): qual o nome dela?
08:13:11: Player "[ONE}Rick" (steam64id="76561198868590548") (Global): cr 550
08:13:18: Player "Seekerzao" (steam64id="76561198067793781") (Global): vou cacar jaja
08:13:41: Player "[ONE}Rick" (steam64id="76561198868590548") (Global): da uma passada la depois
08:18:41: Player "Seekerzao" (steam64id="76561198067793781") (Global): cuidado ae que to ouvindo lobo pra caraleo ai
08:19:09: Player "[ONE}Rick" (steam64id="76561198868590548") (Global): to armado
08:19:16: Player "[ONE}Rick" (steam64id="76561198868590548") (Global): to de unp
08:19:45: Player "[ONE}Rick" (steam64id="76561198868590548") (Global): vlw
08:20:03: Player "Seekerzao" (steam64id="76561198067793781") (Global): noix
08:35:01: Player "Seekerzao" (steam64id="76561198067793781") (Global): quase deu tudo errado pra mim
08:35:11: Player "[ONE}Rick" (steam64id="76561198868590548") (Global): pra min tbm
08:35:12: Player "[ONE}Rick" (steam64id="76561198868590548") (Global): kkk
08:35:22: Player "Seekerzao" (steam64id="76561198067793781") (Global): mano matei 22 zumbis
08:35:26: Player "Seekerzao" (steam64id="76561198067793781") (Global): 4 lobo
08:47:06: Player "Seekerzao" (steam64id="76561198067793781") (Global): morreu  mano?
08:47:19: Player "[ONE}Rick" (steam64id="76561198868590548") (Global): foi
08:47:21: Player "Seekerzao" (steam64id="76561198067793781") (Global): pqp
08:47:30: Player "[ONE}Rick" (steam64id="76561198868590548") (Global): mas nasci perto
08:47:33: Player "Seekerzao" (steam64id="76561198067793781") (Global): ufa
08:54:21: Player "Seekerzao" (steam64id="76561198067793781") (Global): Dygo
08:54:26: Player "Seekerzao" (steam64id="76561198067793781") (Global): estamos em acordo de paz
08:54:29: Player "Seekerzao" (steam64id="76561198067793781") (Global): pra lootear
08:54:32: Player "Seekerzao" (steam64id="76561198067793781") (Global): voce ta nessa?
08:54:41: Player "Dygo" (steam64id="76561198017576237") (Global): ok
08:55:06: Player "[ONE}Rick" (steam64id="76561198868590548") (Global): show
08:55:08: Player "Seekerzao" (steam64id="76561198067793781") (Global): show
08:58:32: Player "Seekerzao" (steam64id="76561198067793781") (Global): Santorin
08:58:37: Player "Seekerzao" (steam64id="76561198067793781") (Global): Acordo de paz pra lootear?
08:58:41: Player "[L.B] Santorin" (steam64id="76561199069721527") (Global): spapsalsalpslp
08:58:57: Player "Seekerzao" (steam64id="76561198067793781") (Global): nos 3 aqui ja fechamos o acordp
09:00:20: Player "Seekerzao" (steam64id="76561198067793781") (Global): nao?
09:03:55: Player "[L.B] Santorin" (steam64id="76561199069721527") (Global): tudo na paz mano
09:04:05: Player "[L.B] Santorin" (steam64id="76561199069721527") (Global): ontem deu top o pvp
09:04:06: Player "[L.B] Santorin" (steam64id="76561199069721527") (Global): pskapksasakp'
09:30:22: Player "Seekerzao" (steam64id="76561198067793781") (Global): TEM ALGUEM EM LASCUTA?
09:30:30: Player "[L.B] Santorin" (steam64id="76561199069721527") (Global): opa
09:30:32: Player "[L.B] Santorin" (steam64id="76561199069721527") (Global): afala mano
09:30:33: Player "Seekerzao" (steam64id="76561198067793781") (Global): mata eu la n 
09:30:33: Player "[L.B] Santorin" (steam64id="76561199069721527") (Global): skpqkpa
09:30:40: Player "[L.B] Santorin" (steam64id="76561199069721527") (Global): aonde?
09:30:40: Player "Seekerzao" (steam64id="76561198067793781") (Global): to indo pegar uma agua
09:30:49: Player "Seekerzao" (steam64id="76561198067793781") (Global): sem arma
09:30:50: Player "[L.B] Santorin" (steam64id="76561199069721527") (Global): capaz mano
09:30:52: Player "Seekerzao" (steam64id="76561198067793781") (Global): e nem nada
09:30:54: Player "[L.B] Santorin" (steam64id="76561199069721527") (Global): pode ir
09:30:56: Player "[L.B] Santorin" (steam64id="76561199069721527") (Global): rlx
10:17:03: Player "[ONE}Rick" (steam64id="76561198868590548") (Global): japa
10:17:09: Player "[ONE}Rick" (steam64id="76561198868590548") (Global): vai dc
11:02:46: Player "Dygo" (steam64id="76561198017576237") (Global): TA me ovido
11:02:51: Player "[EM]rodrigo" (steam64id="76561198046104047") (Global): TO NAO
11:49:19: Player "SKORGE" (steam64id="76561198155169434") (Global): Q
11:49:26: Player "SKORGE" (steam64id="76561198155169434") (Global): kkkkkkkkkkkkkkkkkkkkkkkkkkkkkkkkkkkkkkkkkk
11:52:34: Player "[LGBTQIA+] S T R 1 P P 3 R - S" (steam64id="76561198114043394") (Global): Glockado Reis
11:52:35: Player "[LGBTQIA+] S T R 1 P P 3 R - S" (steam64id="76561198114043394") (Global): kkk
13:18:06: Player "[YKZ] chron1c" (steam64id="76561198205585613") (Global): bom dia vietnam
13:18:31: Player "Vinycin" (steam64id="76561198989132464") (Global): bom dia
13:22:08: Player "Dygo" (steam64id="76561198017576237") (Global): boa tarde o faz a opação N ele ativa um autofalante do lado inforamação da agua
13:22:26: Player "[YKZ] chron1c" (steam64id="76561198205585613") (Global): n deixa o som do jogo baixo
13:22:43: Player "Dygo" (steam64id="76561198017576237") (Global): a legal entao deixar ele ativo
13:22:52: Player "[YKZ] chron1c" (steam64id="76561198205585613") (Global): e morreu
13:36:58: Player "Dixxt" (steam64id="76561199159398540") (Direct): oi
13:37:03: Player "Dixxt" (steam64id="76561199159398540") (Direct): oi
13:48:31: Player "Dixxt" (steam64id="76561199159398540") (Direct): ERA ALEMAS?
13:48:52: Player "Dixxt" (steam64id="76561199159398540") (Direct): DIXXT
13:49:41: Player "Dixxt" (steam64id="76561199159398540") (Direct): JA ADICIONEI
15:05:52: Player "BALA TENSA" (steam64id="76561198346838807") (Global): QUE CAMPER LIXOSO KKKKKKK
15:06:12: Player "CharlinhoPsico" (steam64id="76561198366562144") (Global): SOU
15:06:44: Player "BALA TENSA" (steam64id="76561198346838807") (Global): MEDO DE SAIR DA BASE E PERDER O LOOT KKKKK
16:03:47: Player "[YKZ]-BlackBear" (steam64id="76561198343030820") (Global): VEM K VCS TBM TÃO TENDO DIFICULDADE DE MIRAR COM A MIRA NORMAL?
16:34:42: Player "benja" (steam64id="76561198882824508") (Global): l.b
16:34:46: Player "benja" (steam64id="76561198882824508") (Global): 4 man clan :/
16:35:07: Player "benja" (steam64id="76561198882824508") (Global): lets meet at waddi 
17:32:35: Player "PauloBausen" (steam64id="76561198944769221") (Direct): Aqui tem market?
17:57:17: Player "Henke" (steam64id="76561198110592511") (Global): a
18:05:29: Player "Henke" (steam64id="76561198110592511") (Global): Alguem consegue me enviar o link do discord do servidor?
18:05:38: Player "[YKZ]-BlackBear" (steam64id="76561198343030820") (Global): esc
18:05:43: Player "[YKZ]-BlackBear" (steam64id="76561198343030820") (Global): server info
18:06:04: Player "Henke" (steam64id="76561198110592511") (Global): Valeu
18:06:20: Player "[YKZ]-BlackBear" (steam64id="76561198343030820") (Global): nós
18:08:05: Player "GregoZ2k" (steam64id="76561198912479414") (Global): OI
18:08:10: Player "[YKZ]-BlackBear" (steam64id="76561198343030820") (Global): oiee
18:08:22: Player "GregoZ2k" (steam64id="76561198912479414") (Global): que mapa que é esse
18:08:25: Player "Henke" (steam64id="76561198110592511") (Global): Servidor é muito dificil?
18:08:41: Player "[YKZ]-BlackBear" (steam64id="76561198343030820") (Global): nada
18:08:42: Player "Biel FxR" (steam64id="76561198050836260") (Global): mt 
18:08:55: Player "[YKZ]-BlackBear" (steam64id="76561198343030820") (Global): mapa mais facil que existe
18:09:13: Player "[YKZ]-BlackBear" (steam64id="76561198343030820") (Global): o dificil é o pvp é muito aleatorio
18:29:58: Player "LILGABS777" (steam64id="76561199031099252") (Global): server merda
18:30:09: Player "[YKZ] chron1c" (steam64id="76561198205585613") (Global): nossa
18:30:12: Player "[YKZ]-BlackBear" (steam64id="76561198343030820") (Global): VAZA E PROCURA OUTRO
18:46:42: Player "Seekerzao" (steam64id="76561198067793781") (Global): gente tem zona toxica nesse mapa?
18:47:02: Player "[YKZ]-BlackBear" (steam64id="76561198343030820") (Global): SS
18:49:34: Player "Charada" (steam64id="76561198034769290") (Direct): ONDE É A TRETA?
18:50:32: Player "Charada" (steam64id="76561198034769290") (Direct): sigam
19:06:02: Player "Claudinha" (steam64id="76561198057660141") (Global): ctz q vc achou essa arma ai
19:07:29: Player "Charada" (steam64id="76561198034769290") (Direct): claudinha
19:07:38: Player "Charada" (steam64id="76561198034769290") (Direct): pode voltar pra pegar o loot
19:07:45: Player "Charada" (steam64id="76561198034769290") (Direct): vou deixar umas municoes de sk
19:58:57: Player "chinto" (steam64id="76561198990589985") (Global): oolñ
20:05:04: Player "Claudinha" (steam64id="76561198057660141") (Global): temos um carente em melkart
20:05:08: Player "Claudinha" (steam64id="76561198057660141") (Global): n para de chamar atencao
20:05:27: Player "[YKZ]-BlackBear" (steam64id="76561198343030820") (Global): PODE SER URSO E 6 LOBOS NÃO ACHA?
20:05:40: Player "Claudinha" (steam64id="76561198057660141") (Global): tiro duplo de blaze no meio da cidade?
20:05:41: Player "Claudinha" (steam64id="76561198057660141") (Global): acho q n
20:46:51: Player "[YKZ] Emissarius" (steam64id="76561198271087379") (Global): coloquem na frequencia 
20:46:56: Player "[YKZ] Emissarius" (steam64id="76561198271087379") (Global): 102.5
20:47:10: Player "[YKZ] Emissarius" (steam64id="76561198271087379") (Global): se queiserem bater um papo
20:48:03: Player "[YKZ] Felps" (steam64id="76561198892779186") (Global): CAUTIONCAUTION
20:51:22: Player "[YKZ] pedrobala" (steam64id="76561198046653521") (Global): korea ta ae?
21:23:22: Player "Josema420" (steam64id="76561198278742213") (Global): se puede cambiar a 3ra persona?
21:23:30: Player "Lobo Sentado" (steam64id="76561198138311400") (Global): no 
22:26:32: Player "Josema420" (steam64id="76561198278742213") (Global): alguien de latam?¡
23:58:05: Player "[YKZ]-BlackBear" (steam64id="76561198343030820") (Global): seeaker
