07:18:38: Player "Sekoone" (steam64id="76561198036774571") (Global): DIA
14:27:06: Player "[YAKUZA]-BlackBear" (steam64id="76561198343030820") (Global): aiii qui diliçaaaaaa
14:27:46: Player "BR Cacador" (steam64id="76561198881649049") (Global): KKKK
14:39:06: Player "OZIEL" (steam64id="76561199063596086") (Global): que jogo fdp kkkkk
14:39:13: Player "Gui" (steam64id="76561198306757012") (Global): po mano
14:39:15: Player "Gui" (steam64id="76561198306757012") (Global): me mata de susto
14:39:44: Player "OZIEL" (steam64id="76561199063596086") (Global): tiro de 12 em vc e nao morre kkkkkk
14:39:53: Player "Gui" (steam64id="76561198306757012") (Global): nem desceu a vida
14:39:58: Player "OZIEL" (steam64id="76561199063596086") (Global): queima roupa
14:40:24: Player "OZIEL" (steam64id="76561199063596086") (Global): jogo escroto kkkkk
14:40:29: Player "Gui" (steam64id="76561198306757012") (Global): é foda
14:40:41: Player "OZIEL" (steam64id="76561199063596086") (Global): vou jogar barbye kkkkkk
15:26:02: Player "Gui" (steam64id="76561198306757012") (Global): tarde
15:26:25: Player "[YAKUZA]-BlackBear" (steam64id="76561198343030820") (Global): lindo
15:26:29: Player "[SCD] Coringa" (steam64id="76561198133211909") (Global): para mim ta bom
15:26:29: Player "vulgoGANJA" (steam64id="76561198352516654") (Global): bacana
15:26:32: Player "vulgoGANJA" (steam64id="76561198352516654") (Global): empolgante
15:26:35: Player "[YAKUZA]-BlackBear" (steam64id="76561198343030820") (Global): so tem arma mod ainda não?
15:27:06: Player "[SCD] Coringa" (steam64id="76561198133211909") (Global): acho q não vai er arma de mod
15:27:24: Player "[YAKUZA]-BlackBear" (steam64id="76561198343030820") (Global): mas tem monição kk
15:27:31: Player "[YAKUZA]-BlackBear" (steam64id="76561198343030820") (Global): munição*
15:28:07: Player "[YAKUZA]-BlackBear" (steam64id="76561198343030820") (Global): gg =]
15:28:49: Player "[YAKUZA]-BlackBear" (steam64id="76561198343030820") (Global): grazadeus
16:21:22: Player "[YAKUZA]-BlackBear" (steam64id="76561198343030820") (Global): aii não admilson
16:35:20: Player "Gui" (steam64id="76561198306757012") (Global): e ae kadinho
16:35:28: Player "TEC kadinho" (steam64id="76561198971655942") (Global): dai mano
16:35:47: Player "Gui" (steam64id="76561198306757012") (Global): ta no discord?
16:35:56: Player "TEC kadinho" (steam64id="76561198971655942") (Global): to entrando
16:49:04: Player "Gui" (steam64id="76561198306757012") (Global): black black vou te achar
16:49:19: Player "TEC kadinho" (steam64id="76561198971655942") (Global): kkkkkkk
16:49:19: Player "[YAKUZA]-BlackBear" (steam64id="76561198343030820") (Global): kk
16:49:25: Player "[YAKUZA]-BlackBear" (steam64id="76561198343030820") (Global): iae safado
16:49:35: Player "Gui" (steam64id="76561198306757012") (Global): roubando minhas coisas vagabundinho
16:49:53: Player "[YAKUZA]-BlackBear" (steam64id="76561198343030820") (Global): eita man eu ainda ia te perguntar kkk
16:50:08: Player "[YAKUZA]-BlackBear" (steam64id="76561198343030820") (Global): esse dayz é muito aleatorio kkk
16:50:10: Player "Gui" (steam64id="76561198306757012") (Global): kkkk
16:50:22: Player "[YAKUZA]-BlackBear" (steam64id="76561198343030820") (Global): parei pra reparar minha arma e olhem só kkkk
16:51:28: Player "[YAKUZA]-BlackBear" (steam64id="76561198343030820") (Global): mano não adiantou nada
16:51:32: Player "Gui" (steam64id="76561198306757012") (Global): pq?
16:51:37: Player "[YAKUZA]-BlackBear" (steam64id="76561198343030820") (Global): andei 300 metrops e o servidor caiu
16:51:51: Player "Gui" (steam64id="76561198306757012") (Global): e tu perdeu?
16:51:53: Player "Gui" (steam64id="76561198306757012") (Global): nem fudendo
16:52:01: Player "[YAKUZA]-BlackBear" (steam64id="76561198343030820") (Global): perdi metade kkkk
16:52:06: Player "Gui" (steam64id="76561198306757012") (Global): putz
16:56:31: Player "[YAKUZA]-BlackBear" (steam64id="76561198343030820") (Global): kkk
17:08:07: Player "!Firewall" (steam64id="76561198329721265") (Global): Boa tarde!!!!
17:08:16: Player "[YAKUZA]-BlackBear" (steam64id="76561198343030820") (Global): ABOBAA
17:08:34: Player "!Firewall" (steam64id="76561198329721265") (Global): estamos on de novo"
17:10:39: Player "[YAKUZA]-BlackBear" (steam64id="76561198343030820") (Global): ^^
17:19:59: Player "[YAKUZA]-BlackBear" (steam64id="76561198343030820") (Global): pera ae gui
17:20:10: Player "Gui" (steam64id="76561198306757012") (Global): ta chegando o reforço ja?
17:20:20: Player "[YAKUZA]-BlackBear" (steam64id="76561198343030820") (Global): n pow to ocupado aqui
17:20:25: Player "Gui" (steam64id="76561198306757012") (Global): sei
17:20:42: Player "[YAKUZA]-BlackBear" (steam64id="76561198343030820") (Global): rlx sou traiçoeiro igual uns ai n
17:21:08: Player "Gui" (steam64id="76561198306757012") (Global): tem agua aí?
17:21:14: Player "[YAKUZA]-BlackBear" (steam64id="76561198343030820") (Global): chegou vizita aqui em casa pera i kkk
17:21:36: Player "[YAKUZA]-BlackBear" (steam64id="76561198343030820") (Global): ss
17:21:38: Player "[YAKUZA]-BlackBear" (steam64id="76561198343030820") (Global): pera
17:22:24: Player "[YAKUZA]-BlackBear" (steam64id="76561198343030820") (Global): ai na caixa
17:30:28: Player "[YAKUZA]-BlackBear" (steam64id="76561198343030820") (Global): gui
17:30:31: Player "[YAKUZA]-BlackBear" (steam64id="76561198343030820") (Global): cade tu
17:30:39: Player "Gui" (steam64id="76561198306757012") (Global): aqui
17:38:59: Player "[YAKUZA]-BlackBear" (steam64id="76561198343030820") (Global): bem no pezinho do muro
17:40:21: Player "[YAKUZA]-BlackBear" (steam64id="76561198343030820") (Global): achou ?
17:42:48: Player "[YAKUZA]-BlackBear" (steam64id="76561198343030820") (Global): ??
17:43:11: Player "[YAKUZA]-BlackBear" (steam64id="76561198343030820") (Global): achou man?
17:43:16: Player "Gui" (steam64id="76561198306757012") (Global): ainda não
17:43:19: Player "[YAKUZA]-BlackBear" (steam64id="76561198343030820") (Global): oxii
17:44:01: Player "[YAKUZA]-BlackBear" (steam64id="76561198343030820") (Global): segue o muro em direção a agua no final do muro
17:44:11: Player "chron1c" (steam64id="76561198205585613") (Global): saudades de voces meus amigos
17:44:26: Player "chron1c" (steam64id="76561198205585613") (Global): pronto pra começar a baixaria
17:44:29: Player "[YAKUZA]-BlackBear" (steam64id="76561198343030820") (Global): oiii meu amr...
17:45:13: Player "chron1c" (steam64id="76561198205585613") (Global): bao
17:45:33: Player "chron1c" (steam64id="76561198205585613") (Global): :D
17:47:58: Player "Gui" (steam64id="76561198306757012") (Global): tem é nada aqui
17:48:00: Player "Gui" (steam64id="76561198306757012") (Global): me trolo
17:48:09: Player "[YAKUZA]-BlackBear" (steam64id="76561198343030820") (Global): PERA AI MAN PQP KKK
17:49:38: Player "chron1c" (steam64id="76561198205585613") (Global): BLACKBEAR
17:49:43: Player "chron1c" (steam64id="76561198205585613") (Global): TA ROLANDO PVP JA?
17:49:48: Player "Gui" (steam64id="76561198306757012") (Global): achei
17:49:56: Player "[YAKUZA]-BlackBear" (steam64id="76561198343030820") (Global): AEEEEE
17:50:01: Player "TripaSeca" (steam64id="76561198093060507") (Global): zumbi
17:50:27: Player "Gui" (steam64id="76561198306757012") (Global): valeu
17:51:37: Player "[YAKUZA]-BlackBear" (steam64id="76561198343030820") (Global): faça bom aproveito 
17:51:54: Player "chron1c" (steam64id="76561198205585613") (Global): saiu as armas de mod ?
17:52:11: Player "[YAKUZA]-BlackBear" (steam64id="76561198343030820") (Global): s mas tem umas haras O.O
17:52:20: Player "chron1c" (steam64id="76561198205585613") (Global): menos mal
17:52:32: Player "chron1c" (steam64id="76561198205585613") (Global): tem que ser equilibrado
18:14:32: Player "[YAKUZA]-BlackBear" (steam64id="76561198343030820") (Global): servidor ta levinho kkk
18:14:51: Player "zozs" (steam64id="76561198126713029") (Global): é ironia?
18:14:57: Player "[YAKUZA]-BlackBear" (steam64id="76561198343030820") (Global): n pow
18:15:01: Player "zozs" (steam64id="76561198126713029") (Global): ele sempre foi po
18:15:09: Player "zozs" (steam64id="76561198126713029") (Global): reset n mudou mt coisa n
18:15:14: Player "[YAKUZA]-BlackBear" (steam64id="76561198343030820") (Global): sim no inicio sim
18:15:31: Player "[YAKUZA]-BlackBear" (steam64id="76561198343030820") (Global): quando tiver batendo 40 player ja não vai mais
18:15:36: Player "[YAKUZA]-BlackBear" (steam64id="76561198343030820") (Global): kkk
18:15:51: Player "[YAKUZA]-BlackBear" (steam64id="76561198343030820") (Global): pra quem tem pc fraco é triste
18:15:53: Player "[YAKUZA]-BlackBear" (steam64id="76561198343030820") (Global): ^^
18:16:03: Player "zozs" (steam64id="76561198126713029") (Global): tendi
18:19:30: Player "[YAKUZA]-BlackBear" (steam64id="76561198343030820") (Global): eita o.o
18:19:37: Player "zozs" (steam64id="76561198126713029") (Global): o cara matando pelado]
18:19:40: Player "zozs" (steam64id="76561198126713029") (Global): :(
18:19:44: Player "Biribinha" (steam64id="76561199031638818") (Global): to pelado tmb
18:19:46: Player "Biribinha" (steam64id="76561199031638818") (Global): :(
18:19:59: Player "[YAKUZA]-BlackBear" (steam64id="76561198343030820") (Global): nao rola nem uma conversa kk
18:20:06: Player "zozs" (steam64id="76561198126713029") (Global): ta pelado com uma 12
18:20:08: Player "[CFBR] lost" (steam64id="76561198131682973") (Global): nao ta funcionando o fone
18:20:11: Player "zozs" (steam64id="76561198126713029") (Global): eu to pelado com uma faca
18:20:14: Player "zozs" (steam64id="76561198126713029") (Global): :)
18:20:18: Player "[YAKUZA]-BlackBear" (steam64id="76561198343030820") (Global): kk
18:20:32: Player "[CFBR] lost" (steam64id="76561198131682973") (Global): entrei awd
18:22:52: Player "[CFBR] lost" (steam64id="76561198131682973") (Global): bk
18:23:18: Player "[YAKUZA]-BlackBear" (steam64id="76561198343030820") (Global): eita
18:24:23: Player "[CFBR] lost" (steam64id="76561198131682973") (Global): depois quando fala que br e vagabundo querem achar ruim
18:24:39: Player "[YAKUZA]-BlackBear" (steam64id="76561198343030820") (Global): oxxi
18:24:48: Player "[YAKUZA]-BlackBear" (steam64id="76561198343030820") (Global): eu trabalho meu sinhor
18:32:17: Player "MarcoLa" (steam64id="76561198352149308") (Global): m 
18:32:20: Player "MarcoLa" (steam64id="76561198352149308") (Global): mic bugo
18:32:27: Player "MarcoLa" (steam64id="76561198352149308") (Global): n
18:35:45: Player "[YAKUZA]-BlackBear" (steam64id="76561198343030820") (Global): sai daqui cara kk
18:45:16: Player "Chicoso" (steam64id="76561198875307274") (Global): ja deu wipe o sv?
18:45:21: Player "zozs" (steam64id="76561198126713029") (Global): yes
18:46:25: Player "K1NGK1N" (steam64id="76561198160627069") (Global): o mapa é pequeno mesmo ou é só impressao?
18:46:32: Player "zozs" (steam64id="76561198126713029") (Global): é pequeno
18:46:37: Player "SimbioZ" (steam64id="76561198127487169") (Global): não é muito grande 
18:46:38: Player "MarcoLa" (steam64id="76561198352149308") (Global): horrivel
18:46:43: Player "MarcoLa" (steam64id="76561198352149308") (Global): horrivel
18:46:47: Player "MarcoLa" (steam64id="76561198352149308") (Global): horrivellll
18:51:05: Player "jhean" (steam64id="76561198819003355") (Global): SERVIDOR EQUISITO DA POHA
18:51:23: Player "chron1c" (steam64id="76561198205585613") (Global): PQ
18:51:43: Player "zozs" (steam64id="76561198126713029") (Global): esse server é bom p crlh 
18:51:51: Player "chron1c" (steam64id="76561198205585613") (Global): POIS EH
18:55:58: Player "Ruan Plays" (steam64id="76561198806707998") (Global): qual discord do server achei massa po
18:57:04: Player "DEGALOKAO" (steam64id="76561199171941975") (Global): :)
18:57:06: Player "[YAKUZA]-BlackBear" (steam64id="76561198343030820") (Direct): aopaa
18:57:16: Player "Ruan Plays" (steam64id="76561198806707998") (Global): qual é o discord ? quero entrar
18:57:20: Player "[YAKUZA]-BlackBear" (steam64id="76561198343030820") (Global): aopaa
18:58:02: Player "Ruan Plays" (steam64id="76561198806707998") (Global): ae vlw
19:00:09: Player "Ruan Plays" (steam64id="76561198806707998") (Global): não consigo entrar no discord
19:00:25: Player "[YAKUZA]-BlackBear" (steam64id="76561198343030820") (Global): que issu biridim
19:00:49: Player "Ruan Plays" (steam64id="76561198806707998") (Global): ae consegui
19:04:28: Player "TripaSeca" (steam64id="76561198093060507") (Global): adoro essas skins de mosin
19:04:31: Player "TripaSeca" (steam64id="76561198093060507") (Global): são lindas
19:15:27: Player "[YAKUZA]-BlackBear" (steam64id="76561198343030820") (Global): ainda to achando muito facil achar arma O).(O
19:17:42: Player "GW. DESERT" (steam64id="76561198050557634") (Global): BOA NOITE
19:17:54: Player "GW. DESERT" (steam64id="76561198050557634") (Global): QUAL AS REGRAS PARA MATAR?
19:17:54: Player "[YAKUZA]-BlackBear" (steam64id="76561198343030820") (Global): boa
19:18:02: Player "Einsen" (steam64id="76561198103936746") (Global): olhar para vc , ja pode matar
19:18:05: Player "[YAKUZA]-BlackBear" (steam64id="76561198343030820") (Global): oxi
19:18:09: Player "GW. DESERT" (steam64id="76561198050557634") (Global): EITA
19:18:11: Player "GW. DESERT" (steam64id="76561198050557634") (Global): KKK
19:18:13: Player "Seekerzao" (steam64id="76561198067793781") (Global): mata eu nao tio sou da paz
19:18:26: Player "GW. DESERT" (steam64id="76561198050557634") (Global): TMBM SOU
19:18:36: Player "Einsen" (steam64id="76561198103936746") (Global): eu mato depois pergunto
19:18:55: Player "chron1c" (steam64id="76561198205585613") (Global): NAO RAIDA MAIS COM SERRA NE ?
19:19:09: Player "[DY] FROZEN " (steam64id="76561198161060673") (Global): não
19:19:11: Player "[YAKUZA]-BlackBear" (steam64id="76561198343030820") (Global): marreta de ouro kk
19:19:18: Player "chron1c" (steam64id="76561198205585613") (Global): SO PRA SERRAR ARMA ENTAO
19:19:48: Player "DEGALOKAO" (steam64id="76561199171941975") (Global): melkart é gostosinho dms
19:19:57: Player "Einsen" (steam64id="76561198103936746") (Global): combina comigo
19:20:01: Player "DEGALOKAO" (steam64id="76561199171941975") (Global): ain
19:22:18: Player "GW. DESERT" (steam64id="76561198050557634") (Global): sim
19:22:32: Player "RasC" (steam64id="76561198452371443") (Global): man
19:22:42: Player "RasC" (steam64id="76561198452371443") (Global): to perdido nesse game kkk
19:22:54: Player "GW. DESERT" (steam64id="76561198050557634") (Global): é dois entao kkk
19:23:04: Player "Einsen" (steam64id="76561198103936746") (Global): são*
19:23:09: Player "Einsen" (steam64id="76561198103936746") (Global): no caso somos
19:23:26: Player "GW. DESERT" (steam64id="76561198050557634") (Global): desert
19:23:57: Player "[YAKUZA]-BlackBear" (steam64id="76561198343030820") (Global): man essa marreta dourada é muito linda O..O
19:24:17: Player "chron1c" (steam64id="76561198205585613") (Global): ja achou dela?
19:24:34: Player "[YAKUZA]-BlackBear" (steam64id="76561198343030820") (Global): tenho umas 5 
19:24:39: Player "chron1c" (steam64id="76561198205585613") (Global): mas que isso
19:24:46: Player "[YAKUZA]-BlackBear" (steam64id="76561198343030820") (Global): só falta encontra elas kkkkkk
19:24:46: Player "chron1c" (steam64id="76561198205585613") (Global): vicio
19:24:50: Player "chron1c" (steam64id="76561198205585613") (Global): ata
19:24:57: Player "Skaposk" (steam64id="76561198027295853") (Global): ja wipo?
19:24:59: Player "Skaposk" (steam64id="76561198027295853") (Global): gg 
19:25:03: Player "Skaposk" (steam64id="76561198027295853") (Global): todo mundo pelado
19:25:05: Player "Skaposk" (steam64id="76561198027295853") (Global): se matando
19:30:47: Player "MarcoLa" (steam64id="76561198352149308") (Global): marreta doudara é pra raid?
19:30:51: Player "[YAKUZA]-BlackBear" (steam64id="76561198343030820") (Global): s
19:30:51: Player "MarcoLa" (steam64id="76561198352149308") (Global): dourada*
19:36:23: Player "[YAKUZA]-BlackBear" (steam64id="76561198343030820") (Global): lobo da desgraççaaaaaaaaaaaaaaaaaaaaaa
19:38:29: Player "[HORDA]ThiagoPenna" (steam64id="76561198218822351") (Global): o mod de construção e o mesmo?
19:38:33: Player "[YAKUZA]-BlackBear" (steam64id="76561198343030820") (Global): s
19:38:39: Player "[HORDA]ThiagoPenna" (steam64id="76561198218822351") (Global): valeu
19:42:12: Player "nicoh6" (steam64id="76561198281952610") (Global): SOY MALISIMOOOOOOOOOOO
20:09:58: Player "Cotovelo" (steam64id="76561198080480885") (Global): PQ EU
20:40:32: Player "JSdaSul" (steam64id="76561198023437544") (Global): ESSE CARA ATIRA ATIRA E NAO MATA NGM
21:20:22: Player "pedrobala" (steam64id="76561198046653521") (Global): boa noite rapazeada
21:20:37: Player "coyot-solitario" (steam64id="76561198191127093") (Global): noite 
21:20:53: Player "pedrobala" (steam64id="76561198046653521") (Global): server top demais em, sem palavras
21:21:09: Player "coyot-solitario" (steam64id="76561198191127093") (Global): ]muito top viu
21:21:20: Player "coyot-solitario" (steam64id="76561198191127093") (Global): tem cara aqui mano 
21:21:35: Player "pedrobala" (steam64id="76561198046653521") (Global): nao conhecia o mapa
21:21:41: Player "coyot-solitario" (steam64id="76561198191127093") (Global): nao fala na call
21:23:16: Player "coyot-solitario" (steam64id="76561198191127093") (Global): kkkkkkkkkkkk
21:23:23: Player "[TTV]ScorpionBiceps" (steam64id="76561198133006312") (Global): kkkkkkkkkkkkk
21:23:25: Player "coyot-solitario" (steam64id="76561198191127093") (Global): lotado  muito bom 
21:27:07: Player "[TTV]ScorpionBiceps" (steam64id="76561198133006312") (Global): 1688
21:27:10: Player "HairZ" (steam64id="76561199024013047") (Direct): opa
21:27:18: Player "HairZ" (steam64id="76561199024013047") (Direct): algguem pra jogar junto
21:27:22: Player "HairZ" (steam64id="76561199024013047") (Direct): comecei agora
21:27:25: Player "HairZ" (steam64id="76561199024013047") (Direct): to solo
21:30:33: Player "pedrobala" (steam64id="76561198046653521") (Global): tem discord do server?
21:34:59: Player "MacLovin" (steam64id="76561199068236803") (Direct): ..
21:35:19: Player "[TTV]ScorpionBiceps" (steam64id="76561198133006312") (Global): 1688
21:38:14: Player "Seekerzao" (steam64id="76561198067793781") (Global): gente me ajuda
21:38:19: Player "Seekerzao" (steam64id="76561198067793781") (Global): como eu recupero perna quebrada
21:38:21: Player "Seekerzao" (steam64id="76561198067793781") (Global): ?
21:38:29: Player "MacLovin" (steam64id="76561199068236803") (Global): SEEKER sou la do grupo do wp falei ctg
21:38:39: Player "Seekerzao" (steam64id="76561198067793781") (Global): salve manoo
21:42:47: Player "Pleysteix0" (steam64id="76561198067873289") (Global): TA DOIDO BIXO
21:42:51: Player "Pleysteix0" (steam64id="76561198067873289") (Global): kkkkkkk
21:43:13: Player "5aB Mr Popo" (steam64id="76561198165228292") (Global): que mapa é esse doidao
21:57:06: Player "Urso" (steam64id="76561198382718106") (Global): tem discord aqui ?
21:57:18: Player "Biel FxR" (steam64id="76561198050836260") (Global): tem s
21:57:30: Player "Urso" (steam64id="76561198382718106") (Global): passa ae o discord pfv
21:58:31: Player "(CNXC)Roger    " (steam64id="76561198119108882") (Global): to sendo kikado direto :(
21:58:42: Player "Biel FxR" (steam64id="76561198050836260") (Global): por ping ?
21:58:51: Player "(CNXC)Roger    " (steam64id="76561198119108882") (Global): so apertar tab
21:59:02: Player "(CNXC)Roger    " (steam64id="76561198119108882") (Global): jogo fecha
21:59:54: Player "[C.A.T] PinkFloydson" (steam64id="76561199217475308") (Global): onde se tava maninho?
22:02:22: Player "OZIEL" (steam64id="76561199063596086") (Global): COYOT ME ADD AI VIADO
22:03:45: Player "Pleysteix0" (steam64id="76561198067873289") (Global): ORRA 
22:10:02: Player "Urso" (steam64id="76561198382718106") (Global): por que a marreta ta amarela e eu não consigo pegar
22:10:20: Player "5aB Dr Drauzio VrauNelas" (steam64id="76561198256021244") (Global): faltou força
22:10:28: Player "Urso" (steam64id="76561198382718106") (Global): carai
22:22:11: Player "Emissarius" (steam64id="76561198271087379") (Global): alguém ai tem um alicate??
22:22:19: Player "Emissarius" (steam64id="76561198271087379") (Global): faço troca
22:22:37: Player "5aB Dr Drauzio VrauNelas" (steam64id="76561198256021244") (Global): hmmmmm
22:22:43: Player "Biel FxR" (steam64id="76561198050836260") (Global): troca troca ?
22:22:57: Player "5aB Dr Drauzio VrauNelas" (steam64id="76561198256021244") (Global): tem que falar broderagem
22:23:01: Player "5aB Dr Drauzio VrauNelas" (steam64id="76561198256021244") (Global): se não é homofobia
22:23:15: Player "Emissarius" (steam64id="76561198271087379") (Global): um alicate por uma caixa de prego 
22:29:10: Player "coyot-solitario" (steam64id="76561198191127093") (Global): bao demais 
22:29:22: Player "pedrobala" (steam64id="76561198046653521") (Global): cego kkkkkkkkkk
22:31:01: Player "OZIEL" (steam64id="76561199063596086") (Global): coyot me add porra
22:34:03: Player "SE7E" (steam64id="76561198309584610") (Global): so nasce em um lugar só?
22:34:27: Player "Hacan121" (steam64id="76561198345012092") (Global): heheboy
22:34:28: Player "Urso" (steam64id="76561198382718106") (Global): SIM
22:34:40: Player "SE7E" (steam64id="76561198309584610") (Global): q meda
22:39:10: Player "coyot-solitario" (steam64id="76561198191127093") (Global): chitado mano 
22:39:14: Player "pedrobala" (steam64id="76561198046653521") (Global): cheater
22:39:17: Player "coyot-solitario" (steam64id="76561198191127093") (Global): ai nao em 
22:39:20: Player "(CNXC)Roger    " (steam64id="76561198119108882") (Global): kkkkk
22:39:21: Player "coyot-solitario" (steam64id="76561198191127093") (Global): kkkkkkkkk
22:39:24: Player "(CNXC)Roger    " (steam64id="76561198119108882") (Global): m
22:39:26: Player "coyot-solitario" (steam64id="76561198191127093") (Global): princadeira em 
22:39:26: Player "pedrobala" (steam64id="76561198046653521") (Global): pqp
22:39:27: Player "(CNXC)Roger    " (steam64id="76561198119108882") (Global): chora
22:39:33: Player "(CNXC)Roger    " (steam64id="76561198119108882") (Global): volta ai
22:40:02: Player "coyot-solitario" (steam64id="76561198191127093") (Global): ta doito do saindo do serve 
22:40:22: Player "coyot-solitario" (steam64id="76561198191127093") (Global): curto nao   ta vendo moita nao mano vim direto ta vendo de longe
22:40:34: Player "coyot-solitario" (steam64id="76561198191127093") (Global): ajuda ai adm 
22:40:41: Player "[TTV]ScorpionBiceps" (steam64id="76561198133006312") (Global): sem mato tortao
23:09:06: Player "marcola (2)" (steam64id="76561198081973210") (Global): pq diminuiram os slots?
23:13:26: Player "ttv-paistbjogam" (steam64id="76561198085178065") (Global): rapaziada
23:13:29: Player "ttv-paistbjogam" (steam64id="76561198085178065") (Global): me ajuda
23:13:33: Player "ttv-paistbjogam" (steam64id="76561198085178065") (Global): como trato infeccao?
23:14:01: Player "ChaCalGamer" (steam64id="76561198995613817") (Global): tem que ir no medico mano
23:14:05: Player "ttv-paistbjogam" (steam64id="76561198085178065") (Global): mds...
23:14:07: Player "Stitch Do PUBG" (steam64id="76561198398833122") (Global): com remédio, cê só encontra em farmácia
23:14:18: Player "ttv-paistbjogam" (steam64id="76561198085178065") (Global): to ligado stich mas ql o nome ?
23:14:29: Player "Stitch Do PUBG" (steam64id="76561198398833122") (Global): aí eu não faço ideia KKK
23:14:31: Player "ChaCalGamer" (steam64id="76561198995613817") (Global): tetracecline mano
23:14:41: Player "ttv-paistbjogam" (steam64id="76561198085178065") (Global): bgd chacal
23:14:42: Player "Stitch Do PUBG" (steam64id="76561198398833122") (Global): isso aí que o mano falou
23:47:11: Player "Zeca" (steam64id="76561198211423224") (Global): link do discord?
23:47:41: Player "Zeca" (steam64id="76561198211423224") (Global): link do discord, onde acho
