00:01:06: Object "UH1Y" (type="AC_Wreck_UH1Y" pos=<8105, 22.60, 7667.5>) created "Weapons" in "Pos10"
00:01:06: Object "UH1Y" (type="AC_Wreck_UH1Y" pos=<10136.3, 12.35, 12221.3>) created "Food" in "Pos01"
00:01:06: Object "UH1Y" (type="AC_Wreck_UH1Y" pos=<9891.25, 27, 8146.25>) created "Food" in "Pos08"
00:01:06: Object "UH1Y" (type="AC_Wreck_UH1Y" pos=<10077.5, 5.78, 10680>) created "Food" in "Pos05"
00:01:06: Object "UH1Y" (type="AC_Wreck_UH1Y" pos=<11420, 1.51, 8617.5>) created "Weapons" in "Pos06"
04:01:09: Object "UH1Y" (type="AC_Wreck_UH1Y" pos=<11420, 1.51, 8617.5>) created "Food" in "Pos06"
04:01:09: Object "UH1Y" (type="AC_Wreck_UH1Y" pos=<10432.5, 5.44, 8315>) created "Weapons" in "Pos07"
04:01:09: Object "UH1Y" (type="AC_Wreck_UH1Y" pos=<10136.3, 12.35, 12221.3>) created "Weapons" in "Pos01"
04:01:09: Object "UH1Y" (type="AC_Wreck_UH1Y" pos=<8105, 22.60, 7667.5>) created "Weapons" in "Pos10"
04:01:09: Object "UH1Y" (type="AC_Wreck_UH1Y" pos=<9945, 8.06, 11835>) created "Weapons" in "Pos04"
08:01:03: Object "UH1Y" (type="AC_Wreck_UH1Y" pos=<10136.3, 12.35, 12221.3>) created "Food" in "Pos01"
08:01:03: Object "UH1Y" (type="AC_Wreck_UH1Y" pos=<8105, 22.60, 7667.5>) created "Weapons" in "Pos10"
08:01:03: Object "UH1Y" (type="AC_Wreck_UH1Y" pos=<9945, 8.06, 11835>) created "Food" in "Pos04"
08:01:03: Object "UH1Y" (type="AC_Wreck_UH1Y" pos=<11420, 1.51, 8617.5>) created "Weapons" in "Pos06"
08:01:03: Object "UH1Y" (type="AC_Wreck_UH1Y" pos=<10432.5, 5.44, 8315>) created "Food" in "Pos07"
12:01:02: Object "UH1Y" (type="AC_Wreck_UH1Y" pos=<10077.5, 5.78, 10680>) created "Food" in "Pos05"
12:01:02: Object "UH1Y" (type="AC_Wreck_UH1Y" pos=<9467.5, 27, 8115>) created "Food" in "Pos09"
12:01:02: Object "UH1Y" (type="AC_Wreck_UH1Y" pos=<9891.25, 27, 8146.25>) created "Food" in "Pos08"
12:01:02: Object "UH1Y" (type="AC_Wreck_UH1Y" pos=<10938.8, 5.95, 11998.8>) created "Weapons" in "Pos02"
12:01:02: Object "UH1Y" (type="AC_Wreck_UH1Y" pos=<10432.5, 5.44, 8315>) created "Weapons" in "Pos07"
16:01:06: Object "UH1Y" (type="AC_Wreck_UH1Y" pos=<9945, 8.06, 11835>) created "Food" in "Pos04"
16:01:06: Object "UH1Y" (type="AC_Wreck_UH1Y" pos=<10951.9, 18.20, 13862.5>) created "Food" in "Pos03"
16:01:06: Object "UH1Y" (type="AC_Wreck_UH1Y" pos=<10136.3, 12.35, 12221.3>) created "Weapons" in "Pos01"
16:01:06: Object "UH1Y" (type="AC_Wreck_UH1Y" pos=<9891.25, 27, 8146.25>) created "Food" in "Pos08"
16:01:06: Object "UH1Y" (type="AC_Wreck_UH1Y" pos=<9467.5, 27, 8115>) created "Weapons" in "Pos09"
20:01:05: Object "UH1Y" (type="AC_Wreck_UH1Y" pos=<11420, 1.51, 8617.5>) created "Food" in "Pos06"
20:01:05: Object "UH1Y" (type="AC_Wreck_UH1Y" pos=<9945, 8.06, 11835>) created "Food" in "Pos04"
20:01:05: Object "UH1Y" (type="AC_Wreck_UH1Y" pos=<10077.5, 5.78, 10680>) created "Food" in "Pos05"
20:01:05: Object "UH1Y" (type="AC_Wreck_UH1Y" pos=<9891.25, 27, 8146.25>) created "Food" in "Pos08"
20:01:05: Object "UH1Y" (type="AC_Wreck_UH1Y" pos=<10938.8, 5.95, 11998.8>) created "Food" in "Pos02"
22:28:38: Object "UH1Y" (type="AC_Wreck_UH1Y" pos=<9945, 8.06, 11835>) created "Food" in "Pos04"
22:28:38: Object "UH1Y" (type="AC_Wreck_UH1Y" pos=<9891.25, 27, 8146.25>) created "Weapons" in "Pos08"
22:28:38: Object "UH1Y" (type="AC_Wreck_UH1Y" pos=<10136.3, 12.35, 12221.3>) created "Weapons" in "Pos01"
22:28:38: Object "UH1Y" (type="AC_Wreck_UH1Y" pos=<10432.5, 5.44, 8315>) created "Food" in "Pos07"
22:28:38: Object "UH1Y" (type="AC_Wreck_UH1Y" pos=<9467.5, 27, 8115>) created "Food" in "Pos09"
