03:59:19: Object "UH1Y" (type="AC_Wreck_UH1Y" pos=<11799.5, -3, 8.16>) created "Weapons" in "Pos08"
03:59:19: Object "UH1Y" (type="AC_Wreck_UH1Y" pos=<8424.71, -1.56, 2.60>) created "Weapons" in "Pos04"
03:59:19: Object "UH1Y" (type="AC_Wreck_UH1Y" pos=<10481.4, -3, 34.62>) created "Food" in "Pos07"
03:59:19: Object "UH1Y" (type="AC_Wreck_UH1Y" pos=<10684, -3, 9.70>) created "Weapons" in "Pos01"
03:59:19: Object "UH1Y" (type="AC_Wreck_UH1Y" pos=<8696.63, -3, 182.42>) created "Food" in "Pos10"
03:59:19: Object "UH1Y" (type="AC_Wreck_UH1Y" pos=<8848.11, -3, 15.27>) created "Weapons" in "Pos03"
03:59:19: Object "UH1Y" (type="AC_Wreck_UH1Y" pos=<7973.83, -3, 37.45>) created "Food" in "Pos06"
03:59:19: Object "UH1Y" (type="AC_Wreck_UH1Y" pos=<8022.82, -3, 19.16>) created "Food" in "Pos05"
03:59:19: Object "UH1Y" (type="AC_Wreck_UH1Y" pos=<10317.9, -3, 12.52>) created "Weapons" in "Pos02"
03:59:19: Object "UH1Y" (type="AC_Wreck_UH1Y" pos=<9418.18, -3, 21.49>) created "Weapons" in "Pos09"
06:29:22: Object "UH1Y" (type="AC_Wreck_UH1Y" pos=<9418.18, -3, 21.49>) created "Food" in "Pos09"
06:29:22: Object "UH1Y" (type="AC_Wreck_UH1Y" pos=<8022.82, -3, 19.16>) created "Weapons" in "Pos05"
06:29:22: Object "UH1Y" (type="AC_Wreck_UH1Y" pos=<10481.4, -3, 34.62>) created "Food" in "Pos07"
06:29:22: Object "UH1Y" (type="AC_Wreck_UH1Y" pos=<11799.5, -3, 8.16>) created "Weapons" in "Pos08"
06:29:22: Object "UH1Y" (type="AC_Wreck_UH1Y" pos=<10684, -3, 9.70>) created "Food" in "Pos01"
06:29:22: Object "UH1Y" (type="AC_Wreck_UH1Y" pos=<8424.71, -1.56, 2.60>) created "Food" in "Pos04"
06:29:22: Object "UH1Y" (type="AC_Wreck_UH1Y" pos=<8696.63, -3, 182.42>) created "Food" in "Pos10"
06:29:22: Object "UH1Y" (type="AC_Wreck_UH1Y" pos=<10317.9, -3, 12.52>) created "Weapons" in "Pos02"
06:29:22: Object "UH1Y" (type="AC_Wreck_UH1Y" pos=<8848.11, -3, 15.27>) created "Food" in "Pos03"
06:29:22: Object "UH1Y" (type="AC_Wreck_UH1Y" pos=<7973.83, -3, 37.45>) created "Food" in "Pos06"
07:59:16: Object "UH1Y" (type="AC_Wreck_UH1Y" pos=<11799.5, -3, 8.16>) created "Food" in "Pos08"
07:59:16: Object "UH1Y" (type="AC_Wreck_UH1Y" pos=<8424.71, -1.56, 2.60>) created "Weapons" in "Pos04"
07:59:16: Object "UH1Y" (type="AC_Wreck_UH1Y" pos=<10684, -3, 9.70>) created "Weapons" in "Pos01"
07:59:16: Object "UH1Y" (type="AC_Wreck_UH1Y" pos=<10481.4, -3, 34.62>) created "Weapons" in "Pos07"
07:59:16: Object "UH1Y" (type="AC_Wreck_UH1Y" pos=<8022.82, -3, 19.16>) created "Food" in "Pos05"
07:59:16: Object "UH1Y" (type="AC_Wreck_UH1Y" pos=<8848.11, -3, 15.27>) created "Weapons" in "Pos03"
07:59:16: Object "UH1Y" (type="AC_Wreck_UH1Y" pos=<9418.18, -3, 21.49>) created "Food" in "Pos09"
07:59:16: Object "UH1Y" (type="AC_Wreck_UH1Y" pos=<8696.63, -3, 182.42>) created "Weapons" in "Pos10"
07:59:16: Object "UH1Y" (type="AC_Wreck_UH1Y" pos=<7973.83, -3, 37.45>) created "Weapons" in "Pos06"
07:59:16: Object "UH1Y" (type="AC_Wreck_UH1Y" pos=<10317.9, -3, 12.52>) created "Weapons" in "Pos02"
08:28:55: Object "UH1Y" (type="AC_Wreck_UH1Y" pos=<10481.4, -3, 34.62>) created "Food" in "Pos07"
08:28:55: Object "UH1Y" (type="AC_Wreck_UH1Y" pos=<11799.5, -3, 8.16>) created "Food" in "Pos08"
08:28:55: Object "UH1Y" (type="AC_Wreck_UH1Y" pos=<10317.9, -3, 12.52>) created "Weapons" in "Pos02"
08:28:55: Object "UH1Y" (type="AC_Wreck_UH1Y" pos=<9418.18, -3, 21.49>) created "Food" in "Pos09"
08:28:55: Object "UH1Y" (type="AC_Wreck_UH1Y" pos=<8424.71, -1.56, 2.60>) created "Food" in "Pos04"
08:28:55: Object "UH1Y" (type="AC_Wreck_UH1Y" pos=<8022.82, -3, 19.16>) created "Weapons" in "Pos05"
08:28:55: Object "UH1Y" (type="AC_Wreck_UH1Y" pos=<8848.11, -3, 15.27>) created "Weapons" in "Pos03"
08:28:55: Object "UH1Y" (type="AC_Wreck_UH1Y" pos=<10684, -3, 9.70>) created "Food" in "Pos01"
08:28:55: Object "UH1Y" (type="AC_Wreck_UH1Y" pos=<8696.63, -3, 182.42>) created "Weapons" in "Pos10"
08:28:55: Object "UH1Y" (type="AC_Wreck_UH1Y" pos=<7973.83, -3, 37.45>) created "Food" in "Pos06"
12:44:02: Object "UH1Y" (type="AC_Wreck_UH1Y" pos=<11799.5, -3, 8.16>) created "Food" in "Pos08"
12:44:02: Object "UH1Y" (type="AC_Wreck_UH1Y" pos=<8696.63, -3, 182.42>) created "Food" in "Pos10"
12:44:02: Object "UH1Y" (type="AC_Wreck_UH1Y" pos=<10481.4, -3, 34.62>) created "Food" in "Pos07"
12:44:02: Object "UH1Y" (type="AC_Wreck_UH1Y" pos=<8424.71, -1.56, 2.60>) created "Food" in "Pos04"
12:44:02: Object "UH1Y" (type="AC_Wreck_UH1Y" pos=<7973.83, -3, 37.45>) created "Weapons" in "Pos06"
12:44:02: Object "UH1Y" (type="AC_Wreck_UH1Y" pos=<10317.9, -3, 12.52>) created "Weapons" in "Pos02"
12:44:02: Object "UH1Y" (type="AC_Wreck_UH1Y" pos=<9418.18, -3, 21.49>) created "Food" in "Pos09"
12:44:02: Object "UH1Y" (type="AC_Wreck_UH1Y" pos=<8022.82, -3, 19.16>) created "Food" in "Pos05"
12:44:02: Object "UH1Y" (type="AC_Wreck_UH1Y" pos=<8848.11, -3, 15.27>) created "Food" in "Pos03"
12:44:02: Object "UH1Y" (type="AC_Wreck_UH1Y" pos=<10684, -3, 9.70>) created "Weapons" in "Pos01"
12:47:25: Object "UH1Y" (type="AC_Wreck_UH1Y" pos=<8696.63, -3, 182.42>) created "Food" in "Pos10"
12:47:25: Object "UH1Y" (type="AC_Wreck_UH1Y" pos=<10481.4, -3, 34.62>) created "Food" in "Pos07"
12:47:25: Object "UH1Y" (type="AC_Wreck_UH1Y" pos=<7973.83, -3, 37.45>) created "Weapons" in "Pos06"
12:47:25: Object "UH1Y" (type="AC_Wreck_UH1Y" pos=<9418.18, -3, 21.49>) created "Food" in "Pos09"
12:47:25: Object "UH1Y" (type="AC_Wreck_UH1Y" pos=<8022.82, -3, 19.16>) created "Food" in "Pos05"
12:47:25: Object "UH1Y" (type="AC_Wreck_UH1Y" pos=<8424.71, -1.56, 2.60>) created "Weapons" in "Pos04"
12:47:25: Object "UH1Y" (type="AC_Wreck_UH1Y" pos=<11799.5, -3, 8.16>) created "Weapons" in "Pos08"
12:47:25: Object "UH1Y" (type="AC_Wreck_UH1Y" pos=<10684, -3, 9.70>) created "Food" in "Pos01"
12:47:25: Object "UH1Y" (type="AC_Wreck_UH1Y" pos=<10317.9, -3, 12.52>) created "Weapons" in "Pos02"
12:47:25: Object "UH1Y" (type="AC_Wreck_UH1Y" pos=<8848.11, -3, 15.27>) created "Weapons" in "Pos03"
13:05:00: Object "UH1Y" (type="AC_Wreck_UH1Y" pos=<7973.83, -3, 37.45>) created "Weapons" in "Pos06"
13:05:00: Object "UH1Y" (type="AC_Wreck_UH1Y" pos=<10684, -3, 9.70>) created "Food" in "Pos01"
13:05:00: Object "UH1Y" (type="AC_Wreck_UH1Y" pos=<8848.11, -3, 15.27>) created "Food" in "Pos03"
13:05:00: Object "UH1Y" (type="AC_Wreck_UH1Y" pos=<8424.71, -1.56, 2.60>) created "Weapons" in "Pos04"
13:05:00: Object "UH1Y" (type="AC_Wreck_UH1Y" pos=<8022.82, -3, 19.16>) created "Weapons" in "Pos05"
13:05:00: Object "UH1Y" (type="AC_Wreck_UH1Y" pos=<10481.4, -3, 34.62>) created "Weapons" in "Pos07"
13:05:00: Object "UH1Y" (type="AC_Wreck_UH1Y" pos=<11799.5, -3, 8.16>) created "Food" in "Pos08"
13:05:00: Object "UH1Y" (type="AC_Wreck_UH1Y" pos=<8696.63, -3, 182.42>) created "Weapons" in "Pos10"
13:05:00: Object "UH1Y" (type="AC_Wreck_UH1Y" pos=<9418.18, -3, 21.49>) created "Food" in "Pos09"
13:05:00: Object "UH1Y" (type="AC_Wreck_UH1Y" pos=<10317.9, -3, 12.52>) created "Weapons" in "Pos02"
13:10:44: Object "UH1Y" (type="AC_Wreck_UH1Y" pos=<9418.18, -3, 21.49>) created "Weapons" in "Pos09"
13:10:44: Object "UH1Y" (type="AC_Wreck_UH1Y" pos=<7973.83, -3, 37.45>) created "Food" in "Pos06"
13:10:44: Object "UH1Y" (type="AC_Wreck_UH1Y" pos=<10684, -3, 9.70>) created "Weapons" in "Pos01"
13:10:44: Object "UH1Y" (type="AC_Wreck_UH1Y" pos=<10481.4, -3, 34.62>) created "Weapons" in "Pos07"
13:10:44: Object "UH1Y" (type="AC_Wreck_UH1Y" pos=<8022.82, -3, 19.16>) created "Food" in "Pos05"
13:10:44: Object "UH1Y" (type="AC_Wreck_UH1Y" pos=<11799.5, -3, 8.16>) created "Weapons" in "Pos08"
13:10:44: Object "UH1Y" (type="AC_Wreck_UH1Y" pos=<8696.63, -3, 182.42>) created "Food" in "Pos10"
13:10:44: Object "UH1Y" (type="AC_Wreck_UH1Y" pos=<8848.11, -3, 15.27>) created "Weapons" in "Pos03"
13:10:44: Object "UH1Y" (type="AC_Wreck_UH1Y" pos=<8424.71, -1.56, 2.60>) created "Food" in "Pos04"
13:10:44: Object "UH1Y" (type="AC_Wreck_UH1Y" pos=<10317.9, -3, 12.52>) created "Food" in "Pos02"
15:59:15: Object "UH1Y" (type="AC_Wreck_UH1Y" pos=<10317.9, -3, 12.52>) created "Weapons" in "Pos02"
15:59:15: Object "UH1Y" (type="AC_Wreck_UH1Y" pos=<9418.18, -3, 21.49>) created "Weapons" in "Pos09"
15:59:15: Object "UH1Y" (type="AC_Wreck_UH1Y" pos=<11799.5, -3, 8.16>) created "Weapons" in "Pos08"
15:59:15: Object "UH1Y" (type="AC_Wreck_UH1Y" pos=<8424.71, -1.56, 2.60>) created "Weapons" in "Pos04"
15:59:15: Object "UH1Y" (type="AC_Wreck_UH1Y" pos=<10684, -3, 9.70>) created "Food" in "Pos01"
15:59:15: Object "UH1Y" (type="AC_Wreck_UH1Y" pos=<10481.4, -3, 34.62>) created "Food" in "Pos07"
15:59:15: Object "UH1Y" (type="AC_Wreck_UH1Y" pos=<8848.11, -3, 15.27>) created "Food" in "Pos03"
15:59:15: Object "UH1Y" (type="AC_Wreck_UH1Y" pos=<8696.63, -3, 182.42>) created "Food" in "Pos10"
15:59:15: Object "UH1Y" (type="AC_Wreck_UH1Y" pos=<7973.83, -3, 37.45>) created "Food" in "Pos06"
15:59:15: Object "UH1Y" (type="AC_Wreck_UH1Y" pos=<8022.82, -3, 19.16>) created "Food" in "Pos05"
16:20:30: Object "UH1Y" (type="AC_Wreck_UH1Y" pos=<10317.9, -3, 12.52>) created "Food" in "Pos02"
16:20:30: Object "UH1Y" (type="AC_Wreck_UH1Y" pos=<9418.18, -3, 21.49>) created "Weapons" in "Pos09"
16:20:30: Object "UH1Y" (type="AC_Wreck_UH1Y" pos=<8848.11, -3, 15.27>) created "Food" in "Pos03"
16:20:30: Object "UH1Y" (type="AC_Wreck_UH1Y" pos=<10684, -3, 9.70>) created "Food" in "Pos01"
16:20:30: Object "UH1Y" (type="AC_Wreck_UH1Y" pos=<11799.5, -3, 8.16>) created "Weapons" in "Pos08"
16:20:30: Object "UH1Y" (type="AC_Wreck_UH1Y" pos=<10481.4, -3, 34.62>) created "Food" in "Pos07"
16:20:30: Object "UH1Y" (type="AC_Wreck_UH1Y" pos=<7973.83, -3, 37.45>) created "Food" in "Pos06"
16:20:30: Object "UH1Y" (type="AC_Wreck_UH1Y" pos=<8022.82, -3, 19.16>) created "Weapons" in "Pos05"
16:20:30: Object "UH1Y" (type="AC_Wreck_UH1Y" pos=<8696.63, -3, 182.42>) created "Food" in "Pos10"
16:20:30: Object "UH1Y" (type="AC_Wreck_UH1Y" pos=<8424.71, -1.56, 2.60>) created "Weapons" in "Pos04"
19:32:10: Object "UH1Y" (type="AC_Wreck_UH1Y" pos=<8848.11, -3, 15.27>) created "Weapons" in "Pos03"
19:32:10: Object "UH1Y" (type="AC_Wreck_UH1Y" pos=<9418.18, -3, 21.49>) created "Food" in "Pos09"
19:32:10: Object "UH1Y" (type="AC_Wreck_UH1Y" pos=<7973.83, -3, 37.45>) created "Food" in "Pos06"
19:32:10: Object "UH1Y" (type="AC_Wreck_UH1Y" pos=<8022.82, -3, 19.16>) created "Weapons" in "Pos05"
19:32:10: Object "UH1Y" (type="AC_Wreck_UH1Y" pos=<10317.9, -3, 12.52>) created "Weapons" in "Pos02"
19:32:10: Object "UH1Y" (type="AC_Wreck_UH1Y" pos=<8696.63, -3, 182.42>) created "Weapons" in "Pos10"
19:32:10: Object "UH1Y" (type="AC_Wreck_UH1Y" pos=<8424.71, -1.56, 2.60>) created "Weapons" in "Pos04"
19:32:11: Object "UH1Y" (type="AC_Wreck_UH1Y" pos=<10481.4, -3, 34.62>) created "Weapons" in "Pos07"
19:32:11: Object "UH1Y" (type="AC_Wreck_UH1Y" pos=<11799.5, -3, 8.16>) created "Food" in "Pos08"
19:32:11: Object "UH1Y" (type="AC_Wreck_UH1Y" pos=<10684, -3, 9.70>) created "Food" in "Pos01"
20:02:02: Object "UH1Y" (type="AC_Wreck_UH1Y" pos=<10317.9, -3, 12.52>) created "Food" in "Pos02"
20:02:02: Object "UH1Y" (type="AC_Wreck_UH1Y" pos=<10481.4, -3, 34.62>) created "Weapons" in "Pos07"
20:02:02: Object "UH1Y" (type="AC_Wreck_UH1Y" pos=<9418.18, -3, 21.49>) created "Food" in "Pos09"
20:02:02: Object "UH1Y" (type="AC_Wreck_UH1Y" pos=<11799.5, -3, 8.16>) created "Weapons" in "Pos08"
20:02:02: Object "UH1Y" (type="AC_Wreck_UH1Y" pos=<8022.82, -3, 19.16>) created "Weapons" in "Pos05"
20:02:02: Object "UH1Y" (type="AC_Wreck_UH1Y" pos=<8848.11, -3, 15.27>) created "Weapons" in "Pos03"
20:02:02: Object "UH1Y" (type="AC_Wreck_UH1Y" pos=<10684, -3, 9.70>) created "Food" in "Pos01"
20:02:02: Object "UH1Y" (type="AC_Wreck_UH1Y" pos=<8696.63, -3, 182.42>) created "Food" in "Pos10"
20:02:02: Object "UH1Y" (type="AC_Wreck_UH1Y" pos=<8424.71, -1.56, 2.60>) created "Weapons" in "Pos04"
20:02:02: Object "UH1Y" (type="AC_Wreck_UH1Y" pos=<7973.83, -3, 37.45>) created "Weapons" in "Pos06"
20:19:32: Object "UH1Y" (type="AC_Wreck_UH1Y" pos=<10262.2, 14.17, 12685.4>) created "Weapons" in "Word"
