00:00:38: Object "UH1Y" (type="AC_Wreck_UH1Y" pos=<10938.8, 5.95, 11998.8>) created "Weapons" in "Pos02"
00:00:38: Object "UH1Y" (type="AC_Wreck_UH1Y" pos=<9467.5, 27, 8115>) created "Weapons" in "Pos09"
00:00:38: Object "UH1Y" (type="AC_Wreck_UH1Y" pos=<10077.5, 5.78, 10680>) created "Weapons" in "Pos05"
00:00:38: Object "UH1Y" (type="AC_Wreck_UH1Y" pos=<9945, 8.06, 11835>) created "Weapons" in "Pos04"
00:00:38: Object "UH1Y" (type="AC_Wreck_UH1Y" pos=<10432.5, 5.44, 8315>) created "Weapons" in "Pos07"
04:00:42: Object "UH1Y" (type="AC_Wreck_UH1Y" pos=<10951.9, 18.20, 13862.5>) created "Weapons" in "Pos03"
04:00:42: Object "UH1Y" (type="AC_Wreck_UH1Y" pos=<8105, 22.60, 7667.5>) created "Weapons" in "Pos10"
04:00:42: Object "UH1Y" (type="AC_Wreck_UH1Y" pos=<10136.3, 12.35, 12221.3>) created "Food" in "Pos01"
04:00:42: Object "UH1Y" (type="AC_Wreck_UH1Y" pos=<10077.5, 5.78, 10680>) created "Food" in "Pos05"
04:00:42: Object "UH1Y" (type="AC_Wreck_UH1Y" pos=<9891.25, 27, 8146.25>) created "Weapons" in "Pos08"
08:00:37: Object "UH1Y" (type="AC_Wreck_UH1Y" pos=<11420, 1.51, 8617.5>) created "Food" in "Pos06"
08:00:37: Object "UH1Y" (type="AC_Wreck_UH1Y" pos=<9467.5, 27, 8115>) created "Food" in "Pos09"
08:00:37: Object "UH1Y" (type="AC_Wreck_UH1Y" pos=<9891.25, 27, 8146.25>) created "Food" in "Pos08"
08:00:37: Object "UH1Y" (type="AC_Wreck_UH1Y" pos=<10136.3, 12.35, 12221.3>) created "Weapons" in "Pos01"
08:00:37: Object "UH1Y" (type="AC_Wreck_UH1Y" pos=<10938.8, 5.95, 11998.8>) created "Food" in "Pos02"
09:05:36: Object "UH1Y" (type="AC_Wreck_UH1Y" pos=<9891.25, 27, 8146.25>) created "Weapons" in "Pos08"
09:05:36: Object "UH1Y" (type="AC_Wreck_UH1Y" pos=<10938.8, 5.95, 11998.8>) created "Weapons" in "Pos02"
09:05:36: Object "UH1Y" (type="AC_Wreck_UH1Y" pos=<9945, 8.06, 11835>) created "Weapons" in "Pos04"
09:05:36: Object "UH1Y" (type="AC_Wreck_UH1Y" pos=<10432.5, 5.44, 8315>) created "Weapons" in "Pos07"
09:05:36: Object "UH1Y" (type="AC_Wreck_UH1Y" pos=<10951.9, 18.20, 13862.5>) created "Food" in "Pos03"
10:35:46: Object "UH1Y" (type="AC_Wreck_UH1Y" pos=<9945, 8.06, 11835>) created "Weapons" in "Pos04"
10:35:46: Object "UH1Y" (type="AC_Wreck_UH1Y" pos=<10938.8, 5.95, 11998.8>) created "Weapons" in "Pos02"
10:35:46: Object "UH1Y" (type="AC_Wreck_UH1Y" pos=<10136.3, 12.35, 12221.3>) created "Food" in "Pos01"
10:35:46: Object "UH1Y" (type="AC_Wreck_UH1Y" pos=<8105, 22.60, 7667.5>) created "Food" in "Pos10"
10:35:46: Object "UH1Y" (type="AC_Wreck_UH1Y" pos=<9467.5, 27, 8115>) created "Weapons" in "Pos09"
12:00:37: Object "UH1Y" (type="AC_Wreck_UH1Y" pos=<9467.5, 27, 8115>) created "Weapons" in "Pos09"
12:00:37: Object "UH1Y" (type="AC_Wreck_UH1Y" pos=<10951.9, 18.20, 13862.5>) created "Weapons" in "Pos03"
12:00:37: Object "UH1Y" (type="AC_Wreck_UH1Y" pos=<9945, 8.06, 11835>) created "Food" in "Pos04"
12:00:37: Object "UH1Y" (type="AC_Wreck_UH1Y" pos=<8105, 22.60, 7667.5>) created "Food" in "Pos10"
12:00:37: Object "UH1Y" (type="AC_Wreck_UH1Y" pos=<10136.3, 12.35, 12221.3>) created "Food" in "Pos01"
16:00:37: Object "UH1Y" (type="AC_Wreck_UH1Y" pos=<8105, 22.60, 7667.5>) created "Food" in "Pos10"
16:00:37: Object "UH1Y" (type="AC_Wreck_UH1Y" pos=<10432.5, 5.44, 8315>) created "Weapons" in "Pos07"
16:00:37: Object "UH1Y" (type="AC_Wreck_UH1Y" pos=<10136.3, 12.35, 12221.3>) created "Weapons" in "Pos01"
16:00:37: Object "UH1Y" (type="AC_Wreck_UH1Y" pos=<10951.9, 18.20, 13862.5>) created "Weapons" in "Pos03"
16:00:37: Object "UH1Y" (type="AC_Wreck_UH1Y" pos=<10077.5, 5.78, 10680>) created "Food" in "Pos05"
20:00:44: Object "UH1Y" (type="AC_Wreck_UH1Y" pos=<10136.3, 12.35, 12221.3>) created "Weapons" in "Pos01"
20:00:44: Object "UH1Y" (type="AC_Wreck_UH1Y" pos=<10951.9, 18.20, 13862.5>) created "Weapons" in "Pos03"
20:00:44: Object "UH1Y" (type="AC_Wreck_UH1Y" pos=<8105, 22.60, 7667.5>) created "Food" in "Pos10"
20:00:44: Object "UH1Y" (type="AC_Wreck_UH1Y" pos=<10077.5, 5.78, 10680>) created "Food" in "Pos05"
20:00:44: Object "UH1Y" (type="AC_Wreck_UH1Y" pos=<9945, 8.06, 11835>) created "Weapons" in "Pos04"
21:37:04: Object "UH1Y" (type="AC_Wreck_UH1Y" pos=<11420, 1.51, 8617.5>) created "Weapons" in "Pos06"
21:37:04: Object "UH1Y" (type="AC_Wreck_UH1Y" pos=<10951.9, 18.20, 13862.5>) created "Food" in "Pos03"
21:37:04: Object "UH1Y" (type="AC_Wreck_UH1Y" pos=<9945, 8.06, 11835>) created "Food" in "Pos04"
21:37:04: Object "UH1Y" (type="AC_Wreck_UH1Y" pos=<8105, 22.60, 7667.5>) created "Food" in "Pos10"
21:37:04: Object "UH1Y" (type="AC_Wreck_UH1Y" pos=<10136.3, 12.35, 12221.3>) created "Food" in "Pos01"
