00:00:48: Object "UH1Y" (type="AC_Wreck_UH1Y" pos=<8424.71, -1.56, 2.60>) created "Weapons" in "Pos04"
00:00:49: Object "UH1Y" (type="AC_Wreck_UH1Y" pos=<8848.11, -3, 15.27>) created "Weapons" in "Pos03"
00:00:49: Object "UH1Y" (type="AC_Wreck_UH1Y" pos=<10481.4, -3, 34.62>) created "Weapons" in "Pos07"
00:00:49: Object "UH1Y" (type="AC_Wreck_UH1Y" pos=<8696.63, -3, 182.42>) created "Weapons" in "Pos10"
00:00:49: Object "UH1Y" (type="AC_Wreck_UH1Y" pos=<11799.5, -3, 8.16>) created "Food" in "Pos08"
00:00:49: Object "UH1Y" (type="AC_Wreck_UH1Y" pos=<10317.9, -3, 12.52>) created "Food" in "Pos02"
00:00:49: Object "UH1Y" (type="AC_Wreck_UH1Y" pos=<8022.82, -3, 19.16>) created "Food" in "Pos05"
00:00:49: Object "UH1Y" (type="AC_Wreck_UH1Y" pos=<9418.18, -3, 21.49>) created "Weapons" in "Pos09"
00:00:49: Object "UH1Y" (type="AC_Wreck_UH1Y" pos=<10684, -3, 9.70>) created "Weapons" in "Pos01"
00:00:49: Object "UH1Y" (type="AC_Wreck_UH1Y" pos=<7973.83, -3, 37.45>) created "Weapons" in "Pos06"
04:00:43: Object "UH1Y" (type="AC_Wreck_UH1Y" pos=<11799.5, -3, 8.16>) created "Weapons" in "Pos08"
04:00:43: Object "UH1Y" (type="AC_Wreck_UH1Y" pos=<10684, -3, 9.70>) created "Weapons" in "Pos01"
04:00:43: Object "UH1Y" (type="AC_Wreck_UH1Y" pos=<8696.63, -3, 182.42>) created "Weapons" in "Pos10"
04:00:43: Object "UH1Y" (type="AC_Wreck_UH1Y" pos=<10481.4, -3, 34.62>) created "Food" in "Pos07"
04:00:43: Object "UH1Y" (type="AC_Wreck_UH1Y" pos=<8848.11, -3, 15.27>) created "Weapons" in "Pos03"
04:00:43: Object "UH1Y" (type="AC_Wreck_UH1Y" pos=<10317.9, -3, 12.52>) created "Weapons" in "Pos02"
04:00:43: Object "UH1Y" (type="AC_Wreck_UH1Y" pos=<8424.71, -1.56, 2.60>) created "Food" in "Pos04"
04:00:43: Object "UH1Y" (type="AC_Wreck_UH1Y" pos=<9418.18, -3, 21.49>) created "Weapons" in "Pos09"
04:00:43: Object "UH1Y" (type="AC_Wreck_UH1Y" pos=<7973.83, -3, 37.45>) created "Food" in "Pos06"
04:00:43: Object "UH1Y" (type="AC_Wreck_UH1Y" pos=<8022.82, -3, 19.16>) created "Weapons" in "Pos05"
08:00:45: Object "UH1Y" (type="AC_Wreck_UH1Y" pos=<8696.63, -3, 182.42>) created "Food" in "Pos10"
08:00:45: Object "UH1Y" (type="AC_Wreck_UH1Y" pos=<10317.9, -3, 12.52>) created "Weapons" in "Pos02"
08:00:45: Object "UH1Y" (type="AC_Wreck_UH1Y" pos=<9418.18, -3, 21.49>) created "Food" in "Pos09"
08:00:45: Object "UH1Y" (type="AC_Wreck_UH1Y" pos=<10481.4, -3, 34.62>) created "Food" in "Pos07"
08:00:45: Object "UH1Y" (type="AC_Wreck_UH1Y" pos=<7973.83, -3, 37.45>) created "Food" in "Pos06"
08:00:45: Object "UH1Y" (type="AC_Wreck_UH1Y" pos=<8848.11, -3, 15.27>) created "Food" in "Pos03"
08:00:45: Object "UH1Y" (type="AC_Wreck_UH1Y" pos=<11799.5, -3, 8.16>) created "Food" in "Pos08"
08:00:45: Object "UH1Y" (type="AC_Wreck_UH1Y" pos=<10684, -3, 9.70>) created "Food" in "Pos01"
08:00:45: Object "UH1Y" (type="AC_Wreck_UH1Y" pos=<8022.82, -3, 19.16>) created "Food" in "Pos05"
08:00:45: Object "UH1Y" (type="AC_Wreck_UH1Y" pos=<8424.71, -1.56, 2.60>) created "Weapons" in "Pos04"
12:00:43: Object "UH1Y" (type="AC_Wreck_UH1Y" pos=<11799.5, -3, 8.16>) created "Food" in "Pos08"
12:00:43: Object "UH1Y" (type="AC_Wreck_UH1Y" pos=<10481.4, -3, 34.62>) created "Weapons" in "Pos07"
12:00:43: Object "UH1Y" (type="AC_Wreck_UH1Y" pos=<10317.9, -3, 12.52>) created "Food" in "Pos02"
12:00:43: Object "UH1Y" (type="AC_Wreck_UH1Y" pos=<7973.83, -3, 37.45>) created "Food" in "Pos06"
12:00:43: Object "UH1Y" (type="AC_Wreck_UH1Y" pos=<8696.63, -3, 182.42>) created "Food" in "Pos10"
12:00:43: Object "UH1Y" (type="AC_Wreck_UH1Y" pos=<8848.11, -3, 15.27>) created "Food" in "Pos03"
12:00:43: Object "UH1Y" (type="AC_Wreck_UH1Y" pos=<9418.18, -3, 21.49>) created "Food" in "Pos09"
12:00:43: Object "UH1Y" (type="AC_Wreck_UH1Y" pos=<10684, -3, 9.70>) created "Food" in "Pos01"
12:00:43: Object "UH1Y" (type="AC_Wreck_UH1Y" pos=<8022.82, -3, 19.16>) created "Food" in "Pos05"
12:00:43: Object "UH1Y" (type="AC_Wreck_UH1Y" pos=<8424.71, -1.56, 2.60>) created "Food" in "Pos04"
16:00:48: Object "UH1Y" (type="AC_Wreck_UH1Y" pos=<10684, -3, 9.70>) created "Weapons" in "Pos01"
16:00:48: Object "UH1Y" (type="AC_Wreck_UH1Y" pos=<8848.11, -3, 15.27>) created "Food" in "Pos03"
16:00:48: Object "UH1Y" (type="AC_Wreck_UH1Y" pos=<8424.71, -1.56, 2.60>) created "Food" in "Pos04"
16:00:48: Object "UH1Y" (type="AC_Wreck_UH1Y" pos=<10317.9, -3, 12.52>) created "Weapons" in "Pos02"
16:00:48: Object "UH1Y" (type="AC_Wreck_UH1Y" pos=<11799.5, -3, 8.16>) created "Weapons" in "Pos08"
16:00:48: Object "UH1Y" (type="AC_Wreck_UH1Y" pos=<8696.63, -3, 182.42>) created "Weapons" in "Pos10"
16:00:48: Object "UH1Y" (type="AC_Wreck_UH1Y" pos=<9418.18, -3, 21.49>) created "Food" in "Pos09"
16:00:48: Object "UH1Y" (type="AC_Wreck_UH1Y" pos=<8022.82, -3, 19.16>) created "Weapons" in "Pos05"
16:00:48: Object "UH1Y" (type="AC_Wreck_UH1Y" pos=<7973.83, -3, 37.45>) created "Food" in "Pos06"
16:00:48: Object "UH1Y" (type="AC_Wreck_UH1Y" pos=<10481.4, -3, 34.62>) created "Weapons" in "Pos07"
20:00:48: Object "UH1Y" (type="AC_Wreck_UH1Y" pos=<8424.71, -1.56, 2.60>) created "Weapons" in "Pos04"
20:00:48: Object "UH1Y" (type="AC_Wreck_UH1Y" pos=<10481.4, -3, 34.62>) created "Weapons" in "Pos07"
20:00:48: Object "UH1Y" (type="AC_Wreck_UH1Y" pos=<8848.11, -3, 15.27>) created "Weapons" in "Pos03"
20:00:48: Object "UH1Y" (type="AC_Wreck_UH1Y" pos=<10684, -3, 9.70>) created "Weapons" in "Pos01"
20:00:48: Object "UH1Y" (type="AC_Wreck_UH1Y" pos=<11799.5, -3, 8.16>) created "Weapons" in "Pos08"
20:00:48: Object "UH1Y" (type="AC_Wreck_UH1Y" pos=<9418.18, -3, 21.49>) created "Food" in "Pos09"
20:00:48: Object "UH1Y" (type="AC_Wreck_UH1Y" pos=<8022.82, -3, 19.16>) created "Food" in "Pos05"
20:00:48: Object "UH1Y" (type="AC_Wreck_UH1Y" pos=<10317.9, -3, 12.52>) created "Weapons" in "Pos02"
20:00:48: Object "UH1Y" (type="AC_Wreck_UH1Y" pos=<7973.83, -3, 37.45>) created "Food" in "Pos06"
20:00:48: Object "UH1Y" (type="AC_Wreck_UH1Y" pos=<8696.63, -3, 182.42>) created "Food" in "Pos10"
