15:17:48: Object "UH1Y" (type="AC_Wreck_UH1Y" pos=<9418.18, -3, 21.49>) created "Food" in "Pos09"
15:17:48: Object "UH1Y" (type="AC_Wreck_UH1Y" pos=<7973.83, -3, 37.45>) created "Weapons" in "Pos06"
15:17:48: Object "UH1Y" (type="AC_Wreck_UH1Y" pos=<8696.63, -3, 182.42>) created "Food" in "Pos10"
15:17:48: Object "UH1Y" (type="AC_Wreck_UH1Y" pos=<10684, -3, 9.70>) created "Food" in "Pos01"
15:17:48: Object "UH1Y" (type="AC_Wreck_UH1Y" pos=<8022.82, -3, 19.16>) created "Weapons" in "Pos05"
15:17:48: Object "UH1Y" (type="AC_Wreck_UH1Y" pos=<8848.11, -3, 15.27>) created "Food" in "Pos03"
15:17:48: Object "UH1Y" (type="AC_Wreck_UH1Y" pos=<10481.4, -3, 34.62>) created "Food" in "Pos07"
15:17:48: Object "UH1Y" (type="AC_Wreck_UH1Y" pos=<11799.5, -3, 8.16>) created "Food" in "Pos08"
15:17:48: Object "UH1Y" (type="AC_Wreck_UH1Y" pos=<8424.71, -1.56, 2.60>) created "Food" in "Pos04"
15:17:48: Object "UH1Y" (type="AC_Wreck_UH1Y" pos=<10317.9, -3, 12.52>) created "Weapons" in "Pos02"
16:32:44: Object "UH1Y" (type="AC_Wreck_UH1Y" pos=<9418.18, -3, 21.49>) created "Food" in "Pos09"
16:32:44: Object "UH1Y" (type="AC_Wreck_UH1Y" pos=<8848.11, -3, 15.27>) created "Weapons" in "Pos03"
16:32:44: Object "UH1Y" (type="AC_Wreck_UH1Y" pos=<10481.4, -3, 34.62>) created "Weapons" in "Pos07"
16:32:44: Object "UH1Y" (type="AC_Wreck_UH1Y" pos=<8022.82, -3, 19.16>) created "Weapons" in "Pos05"
16:32:44: Object "UH1Y" (type="AC_Wreck_UH1Y" pos=<7973.83, -3, 37.45>) created "Weapons" in "Pos06"
16:32:44: Object "UH1Y" (type="AC_Wreck_UH1Y" pos=<8696.63, -3, 182.42>) created "Weapons" in "Pos10"
16:32:44: Object "UH1Y" (type="AC_Wreck_UH1Y" pos=<10317.9, -3, 12.52>) created "Food" in "Pos02"
16:32:44: Object "UH1Y" (type="AC_Wreck_UH1Y" pos=<8424.71, -1.56, 2.60>) created "Weapons" in "Pos04"
16:32:44: Object "UH1Y" (type="AC_Wreck_UH1Y" pos=<10684, -3, 9.70>) created "Food" in "Pos01"
16:32:44: Object "UH1Y" (type="AC_Wreck_UH1Y" pos=<11799.5, -3, 8.16>) created "Food" in "Pos08"
18:56:15: Object "UH1Y" (type="AC_Wreck_UH1Y" pos=<7973.83, -3, 37.45>) created "Food" in "Pos06"
18:56:15: Object "UH1Y" (type="AC_Wreck_UH1Y" pos=<11799.5, -3, 8.16>) created "Weapons" in "Pos08"
18:56:15: Object "UH1Y" (type="AC_Wreck_UH1Y" pos=<8696.63, -3, 182.42>) created "Food" in "Pos10"
18:56:15: Object "UH1Y" (type="AC_Wreck_UH1Y" pos=<9418.18, -3, 21.49>) created "Weapons" in "Pos09"
18:56:15: Object "UH1Y" (type="AC_Wreck_UH1Y" pos=<8022.82, -3, 19.16>) created "Food" in "Pos05"
18:56:15: Object "UH1Y" (type="AC_Wreck_UH1Y" pos=<10684, -3, 9.70>) created "Weapons" in "Pos01"
18:56:15: Object "UH1Y" (type="AC_Wreck_UH1Y" pos=<10317.9, -3, 12.52>) created "Weapons" in "Pos02"
18:56:15: Object "UH1Y" (type="AC_Wreck_UH1Y" pos=<8424.71, -1.56, 2.60>) created "Food" in "Pos04"
18:56:15: Object "UH1Y" (type="AC_Wreck_UH1Y" pos=<10481.4, -3, 34.62>) created "Weapons" in "Pos07"
18:56:15: Object "UH1Y" (type="AC_Wreck_UH1Y" pos=<8848.11, -3, 15.27>) created "Weapons" in "Pos03"
19:59:17: Object "UH1Y" (type="AC_Wreck_UH1Y" pos=<10684, -3, 9.70>) created "Food" in "Pos01"
19:59:17: Object "UH1Y" (type="AC_Wreck_UH1Y" pos=<9418.18, -3, 21.49>) created "Weapons" in "Pos09"
19:59:17: Object "UH1Y" (type="AC_Wreck_UH1Y" pos=<8022.82, -3, 19.16>) created "Food" in "Pos05"
19:59:17: Object "UH1Y" (type="AC_Wreck_UH1Y" pos=<10481.4, -3, 34.62>) created "Weapons" in "Pos07"
19:59:17: Object "UH1Y" (type="AC_Wreck_UH1Y" pos=<8696.63, -3, 182.42>) created "Weapons" in "Pos10"
19:59:17: Object "UH1Y" (type="AC_Wreck_UH1Y" pos=<10317.9, -3, 12.52>) created "Food" in "Pos02"
19:59:17: Object "UH1Y" (type="AC_Wreck_UH1Y" pos=<8848.11, -3, 15.27>) created "Food" in "Pos03"
19:59:17: Object "UH1Y" (type="AC_Wreck_UH1Y" pos=<11799.5, -3, 8.16>) created "Food" in "Pos08"
19:59:17: Object "UH1Y" (type="AC_Wreck_UH1Y" pos=<7973.83, -3, 37.45>) created "Food" in "Pos06"
19:59:17: Object "UH1Y" (type="AC_Wreck_UH1Y" pos=<8424.71, -1.56, 2.60>) created "Food" in "Pos04"
23:59:17: Object "UH1Y" (type="AC_Wreck_UH1Y" pos=<10684, -3, 9.70>) created "Weapons" in "Pos01"
23:59:17: Object "UH1Y" (type="AC_Wreck_UH1Y" pos=<8696.63, -3, 182.42>) created "Weapons" in "Pos10"
23:59:17: Object "UH1Y" (type="AC_Wreck_UH1Y" pos=<11799.5, -3, 8.16>) created "Food" in "Pos08"
23:59:17: Object "UH1Y" (type="AC_Wreck_UH1Y" pos=<10317.9, -3, 12.52>) created "Weapons" in "Pos02"
23:59:17: Object "UH1Y" (type="AC_Wreck_UH1Y" pos=<8848.11, -3, 15.27>) created "Weapons" in "Pos03"
23:59:17: Object "UH1Y" (type="AC_Wreck_UH1Y" pos=<8022.82, -3, 19.16>) created "Weapons" in "Pos05"
23:59:17: Object "UH1Y" (type="AC_Wreck_UH1Y" pos=<7973.83, -3, 37.45>) created "Food" in "Pos06"
23:59:17: Object "UH1Y" (type="AC_Wreck_UH1Y" pos=<10481.4, -3, 34.62>) created "Weapons" in "Pos07"
23:59:17: Object "UH1Y" (type="AC_Wreck_UH1Y" pos=<8424.71, -1.56, 2.60>) created "Food" in "Pos04"
23:59:17: Object "UH1Y" (type="AC_Wreck_UH1Y" pos=<9418.18, -3, 21.49>) created "Food" in "Pos09"
