00:00:54: Object "UH1Y" (type="AC_Wreck_UH1Y" pos=<10077.5, 5.78, 10680>) created "Food" in "Pos05"
00:00:54: Object "UH1Y" (type="AC_Wreck_UH1Y" pos=<9891.25, 27, 8146.25>) created "Food" in "Pos08"
00:00:54: Object "UH1Y" (type="AC_Wreck_UH1Y" pos=<10938.8, 5.95, 11998.8>) created "Weapons" in "Pos02"
00:00:54: Object "UH1Y" (type="AC_Wreck_UH1Y" pos=<10432.5, 5.44, 8315>) created "Weapons" in "Pos07"
00:00:54: Object "UH1Y" (type="AC_Wreck_UH1Y" pos=<8105, 22.60, 7667.5>) created "Weapons" in "Pos10"
04:00:55: Object "UH1Y" (type="AC_Wreck_UH1Y" pos=<8105, 22.60, 7667.5>) created "Food" in "Pos10"
04:00:55: Object "UH1Y" (type="AC_Wreck_UH1Y" pos=<10077.5, 5.78, 10680>) created "Food" in "Pos05"
04:00:55: Object "UH1Y" (type="AC_Wreck_UH1Y" pos=<10432.5, 5.44, 8315>) created "Food" in "Pos07"
04:00:55: Object "UH1Y" (type="AC_Wreck_UH1Y" pos=<9891.25, 27, 8146.25>) created "Weapons" in "Pos08"
04:00:55: Object "UH1Y" (type="AC_Wreck_UH1Y" pos=<9945, 8.06, 11835>) created "Food" in "Pos04"
08:00:51: Object "UH1Y" (type="AC_Wreck_UH1Y" pos=<8105, 22.60, 7667.5>) created "Weapons" in "Pos10"
08:00:51: Object "UH1Y" (type="AC_Wreck_UH1Y" pos=<11420, 1.51, 8617.5>) created "Food" in "Pos06"
08:00:51: Object "UH1Y" (type="AC_Wreck_UH1Y" pos=<9891.25, 27, 8146.25>) created "Weapons" in "Pos08"
08:00:51: Object "UH1Y" (type="AC_Wreck_UH1Y" pos=<10432.5, 5.44, 8315>) created "Food" in "Pos07"
08:00:51: Object "UH1Y" (type="AC_Wreck_UH1Y" pos=<9467.5, 27, 8115>) created "Food" in "Pos09"
12:00:50: Object "UH1Y" (type="AC_Wreck_UH1Y" pos=<10938.8, 5.95, 11998.8>) created "Food" in "Pos02"
12:00:50: Object "UH1Y" (type="AC_Wreck_UH1Y" pos=<10951.9, 18.20, 13862.5>) created "Weapons" in "Pos03"
12:00:50: Object "UH1Y" (type="AC_Wreck_UH1Y" pos=<9945, 8.06, 11835>) created "Weapons" in "Pos04"
12:00:50: Object "UH1Y" (type="AC_Wreck_UH1Y" pos=<8105, 22.60, 7667.5>) created "Food" in "Pos10"
12:00:50: Object "UH1Y" (type="AC_Wreck_UH1Y" pos=<10077.5, 5.78, 10680>) created "Weapons" in "Pos05"
12:59:19: Object "UH1Y" (type="AC_Wreck_UH1Y" pos=<8105, 22.60, 7667.5>) created "Food" in "Pos10"
12:59:19: Object "UH1Y" (type="AC_Wreck_UH1Y" pos=<10136.3, 12.35, 12221.3>) created "Food" in "Pos01"
12:59:19: Object "UH1Y" (type="AC_Wreck_UH1Y" pos=<10432.5, 5.44, 8315>) created "Food" in "Pos07"
12:59:19: Object "UH1Y" (type="AC_Wreck_UH1Y" pos=<10938.8, 5.95, 11998.8>) created "Food" in "Pos02"
12:59:19: Object "UH1Y" (type="AC_Wreck_UH1Y" pos=<9467.5, 27, 8115>) created "Weapons" in "Pos09"
16:00:56: Object "UH1Y" (type="AC_Wreck_UH1Y" pos=<10432.5, 5.44, 8315>) created "Food" in "Pos07"
16:00:56: Object "UH1Y" (type="AC_Wreck_UH1Y" pos=<10938.8, 5.95, 11998.8>) created "Food" in "Pos02"
16:00:56: Object "UH1Y" (type="AC_Wreck_UH1Y" pos=<11420, 1.51, 8617.5>) created "Weapons" in "Pos06"
16:00:56: Object "UH1Y" (type="AC_Wreck_UH1Y" pos=<8105, 22.60, 7667.5>) created "Weapons" in "Pos10"
16:00:56: Object "UH1Y" (type="AC_Wreck_UH1Y" pos=<9467.5, 27, 8115>) created "Food" in "Pos09"
18:53:11: Object "UH1Y" (type="AC_Wreck_UH1Y" pos=<11420, 1.51, 8617.5>) created "Food" in "Pos06"
18:53:11: Object "UH1Y" (type="AC_Wreck_UH1Y" pos=<10938.8, 5.95, 11998.8>) created "Weapons" in "Pos02"
18:53:11: Object "UH1Y" (type="AC_Wreck_UH1Y" pos=<10077.5, 5.78, 10680>) created "Food" in "Pos05"
18:53:11: Object "UH1Y" (type="AC_Wreck_UH1Y" pos=<8105, 22.60, 7667.5>) created "Food" in "Pos10"
18:53:11: Object "UH1Y" (type="AC_Wreck_UH1Y" pos=<9945, 8.06, 11835>) created "Food" in "Pos04"
18:58:48: Object "UH1Y" (type="AC_Wreck_UH1Y" pos=<10951.9, 18.20, 13862.5>) created "Weapons" in "Pos03"
18:58:48: Object "UH1Y" (type="AC_Wreck_UH1Y" pos=<10077.5, 5.78, 10680>) created "Weapons" in "Pos05"
18:58:48: Object "UH1Y" (type="AC_Wreck_UH1Y" pos=<9945, 8.06, 11835>) created "Weapons" in "Pos04"
18:58:48: Object "UH1Y" (type="AC_Wreck_UH1Y" pos=<8105, 22.60, 7667.5>) created "Weapons" in "Pos10"
18:58:48: Object "UH1Y" (type="AC_Wreck_UH1Y" pos=<9891.25, 27, 8146.25>) created "Weapons" in "Pos08"
20:00:54: Object "UH1Y" (type="AC_Wreck_UH1Y" pos=<9891.25, 27, 8146.25>) created "Food" in "Pos08"
20:00:54: Object "UH1Y" (type="AC_Wreck_UH1Y" pos=<10136.3, 12.35, 12221.3>) created "Food" in "Pos01"
20:00:54: Object "UH1Y" (type="AC_Wreck_UH1Y" pos=<10077.5, 5.78, 10680>) created "Food" in "Pos05"
20:00:54: Object "UH1Y" (type="AC_Wreck_UH1Y" pos=<9945, 8.06, 11835>) created "Weapons" in "Pos04"
20:00:54: Object "UH1Y" (type="AC_Wreck_UH1Y" pos=<10432.5, 5.44, 8315>) created "Food" in "Pos07"
