00:18:57: Object "UH1Y" (type="AC_Wreck_UH1Y" pos=<11799.5, -3, 8.16>) created "Food" in "Pos08"
00:18:57: Object "UH1Y" (type="AC_Wreck_UH1Y" pos=<10317.9, -3, 12.52>) created "Weapons" in "Pos02"
00:18:57: Object "UH1Y" (type="AC_Wreck_UH1Y" pos=<8424.71, -1.56, 2.60>) created "Food" in "Pos04"
00:18:57: Object "UH1Y" (type="AC_Wreck_UH1Y" pos=<7973.83, -3, 37.45>) created "Weapons" in "Pos06"
00:18:57: Object "UH1Y" (type="AC_Wreck_UH1Y" pos=<10481.4, -3, 34.62>) created "Food" in "Pos07"
00:18:57: Object "UH1Y" (type="AC_Wreck_UH1Y" pos=<8022.82, -3, 19.16>) created "Food" in "Pos05"
00:18:57: Object "UH1Y" (type="AC_Wreck_UH1Y" pos=<9418.18, -3, 21.49>) created "Weapons" in "Pos09"
00:18:57: Object "UH1Y" (type="AC_Wreck_UH1Y" pos=<8848.11, -3, 15.27>) created "Weapons" in "Pos03"
00:18:57: Object "UH1Y" (type="AC_Wreck_UH1Y" pos=<8696.63, -3, 182.42>) created "Food" in "Pos10"
00:18:57: Object "UH1Y" (type="AC_Wreck_UH1Y" pos=<10684, -3, 9.70>) created "Weapons" in "Pos01"
04:00:49: Object "UH1Y" (type="AC_Wreck_UH1Y" pos=<10317.9, -3, 12.52>) created "Weapons" in "Pos02"
04:00:49: Object "UH1Y" (type="AC_Wreck_UH1Y" pos=<8848.11, -3, 15.27>) created "Food" in "Pos03"
04:00:49: Object "UH1Y" (type="AC_Wreck_UH1Y" pos=<9418.18, -3, 21.49>) created "Weapons" in "Pos09"
04:00:49: Object "UH1Y" (type="AC_Wreck_UH1Y" pos=<8696.63, -3, 182.42>) created "Food" in "Pos10"
04:00:49: Object "UH1Y" (type="AC_Wreck_UH1Y" pos=<7973.83, -3, 37.45>) created "Weapons" in "Pos06"
04:00:49: Object "UH1Y" (type="AC_Wreck_UH1Y" pos=<10481.4, -3, 34.62>) created "Weapons" in "Pos07"
04:00:49: Object "UH1Y" (type="AC_Wreck_UH1Y" pos=<10684, -3, 9.70>) created "Food" in "Pos01"
04:00:49: Object "UH1Y" (type="AC_Wreck_UH1Y" pos=<8424.71, -1.56, 2.60>) created "Weapons" in "Pos04"
04:00:49: Object "UH1Y" (type="AC_Wreck_UH1Y" pos=<11799.5, -3, 8.16>) created "Weapons" in "Pos08"
04:00:49: Object "UH1Y" (type="AC_Wreck_UH1Y" pos=<8022.82, -3, 19.16>) created "Food" in "Pos05"
08:00:53: Object "UH1Y" (type="AC_Wreck_UH1Y" pos=<9418.18, -3, 21.49>) created "Weapons" in "Pos09"
08:00:53: Object "UH1Y" (type="AC_Wreck_UH1Y" pos=<8848.11, -3, 15.27>) created "Weapons" in "Pos03"
08:00:53: Object "UH1Y" (type="AC_Wreck_UH1Y" pos=<7973.83, -3, 37.45>) created "Food" in "Pos06"
08:00:53: Object "UH1Y" (type="AC_Wreck_UH1Y" pos=<10684, -3, 9.70>) created "Food" in "Pos01"
08:00:53: Object "UH1Y" (type="AC_Wreck_UH1Y" pos=<11799.5, -3, 8.16>) created "Food" in "Pos08"
08:00:53: Object "UH1Y" (type="AC_Wreck_UH1Y" pos=<8022.82, -3, 19.16>) created "Weapons" in "Pos05"
08:00:53: Object "UH1Y" (type="AC_Wreck_UH1Y" pos=<10317.9, -3, 12.52>) created "Food" in "Pos02"
08:00:53: Object "UH1Y" (type="AC_Wreck_UH1Y" pos=<8424.71, -1.56, 2.60>) created "Weapons" in "Pos04"
08:00:53: Object "UH1Y" (type="AC_Wreck_UH1Y" pos=<8696.63, -3, 182.42>) created "Weapons" in "Pos10"
08:00:53: Object "UH1Y" (type="AC_Wreck_UH1Y" pos=<10481.4, -3, 34.62>) created "Weapons" in "Pos07"
12:00:51: Object "UH1Y" (type="AC_Wreck_UH1Y" pos=<9418.18, -3, 21.49>) created "Food" in "Pos09"
12:00:51: Object "UH1Y" (type="AC_Wreck_UH1Y" pos=<10481.4, -3, 34.62>) created "Food" in "Pos07"
12:00:51: Object "UH1Y" (type="AC_Wreck_UH1Y" pos=<8022.82, -3, 19.16>) created "Food" in "Pos05"
12:00:51: Object "UH1Y" (type="AC_Wreck_UH1Y" pos=<8696.63, -3, 182.42>) created "Weapons" in "Pos10"
12:00:51: Object "UH1Y" (type="AC_Wreck_UH1Y" pos=<10684, -3, 9.70>) created "Food" in "Pos01"
12:00:51: Object "UH1Y" (type="AC_Wreck_UH1Y" pos=<8424.71, -1.56, 2.60>) created "Food" in "Pos04"
12:00:51: Object "UH1Y" (type="AC_Wreck_UH1Y" pos=<8848.11, -3, 15.27>) created "Food" in "Pos03"
12:00:51: Object "UH1Y" (type="AC_Wreck_UH1Y" pos=<10317.9, -3, 12.52>) created "Weapons" in "Pos02"
12:00:51: Object "UH1Y" (type="AC_Wreck_UH1Y" pos=<11799.5, -3, 8.16>) created "Weapons" in "Pos08"
12:00:51: Object "UH1Y" (type="AC_Wreck_UH1Y" pos=<7973.83, -3, 37.45>) created "Weapons" in "Pos06"
13:22:03: Object "UH1Y" (type="AC_Wreck_UH1Y" pos=<10317.9, -3, 12.52>) created "Food" in "Pos02"
13:22:03: Object "UH1Y" (type="AC_Wreck_UH1Y" pos=<10481.4, -3, 34.62>) created "Weapons" in "Pos07"
13:22:03: Object "UH1Y" (type="AC_Wreck_UH1Y" pos=<8696.63, -3, 182.42>) created "Food" in "Pos10"
13:22:03: Object "UH1Y" (type="AC_Wreck_UH1Y" pos=<7973.83, -3, 37.45>) created "Food" in "Pos06"
13:22:03: Object "UH1Y" (type="AC_Wreck_UH1Y" pos=<9418.18, -3, 21.49>) created "Weapons" in "Pos09"
13:22:03: Object "UH1Y" (type="AC_Wreck_UH1Y" pos=<8848.11, -3, 15.27>) created "Food" in "Pos03"
13:22:03: Object "UH1Y" (type="AC_Wreck_UH1Y" pos=<8424.71, -1.56, 2.60>) created "Weapons" in "Pos04"
13:22:03: Object "UH1Y" (type="AC_Wreck_UH1Y" pos=<10684, -3, 9.70>) created "Weapons" in "Pos01"
13:22:03: Object "UH1Y" (type="AC_Wreck_UH1Y" pos=<8022.82, -3, 19.16>) created "Weapons" in "Pos05"
13:22:03: Object "UH1Y" (type="AC_Wreck_UH1Y" pos=<11799.5, -3, 8.16>) created "Food" in "Pos08"
13:52:00: Object "UH1Y" (type="AC_Wreck_UH1Y" pos=<8424.71, -1.56, 2.60>) created "Food" in "Pos04"
13:52:00: Object "UH1Y" (type="AC_Wreck_UH1Y" pos=<10481.4, -3, 34.62>) created "Food" in "Pos07"
13:52:00: Object "UH1Y" (type="AC_Wreck_UH1Y" pos=<10317.9, -3, 12.52>) created "Weapons" in "Pos02"
13:52:00: Object "UH1Y" (type="AC_Wreck_UH1Y" pos=<8022.82, -3, 19.16>) created "Weapons" in "Pos05"
13:52:00: Object "UH1Y" (type="AC_Wreck_UH1Y" pos=<8696.63, -3, 182.42>) created "Food" in "Pos10"
13:52:00: Object "UH1Y" (type="AC_Wreck_UH1Y" pos=<11799.5, -3, 8.16>) created "Food" in "Pos08"
13:52:00: Object "UH1Y" (type="AC_Wreck_UH1Y" pos=<10684, -3, 9.70>) created "Weapons" in "Pos01"
13:52:00: Object "UH1Y" (type="AC_Wreck_UH1Y" pos=<9418.18, -3, 21.49>) created "Weapons" in "Pos09"
13:52:00: Object "UH1Y" (type="AC_Wreck_UH1Y" pos=<7973.83, -3, 37.45>) created "Weapons" in "Pos06"
13:52:00: Object "UH1Y" (type="AC_Wreck_UH1Y" pos=<8848.11, -3, 15.27>) created "Food" in "Pos03"
14:02:02: Object "UH1Y" (type="AC_Wreck_UH1Y" pos=<10481.4, -3, 34.62>) created "Weapons" in "Pos07"
14:02:02: Object "UH1Y" (type="AC_Wreck_UH1Y" pos=<8848.11, -3, 15.27>) created "Weapons" in "Pos03"
14:02:02: Object "UH1Y" (type="AC_Wreck_UH1Y" pos=<8424.71, -1.56, 2.60>) created "Weapons" in "Pos04"
14:02:02: Object "UH1Y" (type="AC_Wreck_UH1Y" pos=<11799.5, -3, 8.16>) created "Weapons" in "Pos08"
14:02:02: Object "UH1Y" (type="AC_Wreck_UH1Y" pos=<9418.18, -3, 21.49>) created "Weapons" in "Pos09"
14:02:02: Object "UH1Y" (type="AC_Wreck_UH1Y" pos=<10317.9, -3, 12.52>) created "Weapons" in "Pos02"
14:02:02: Object "UH1Y" (type="AC_Wreck_UH1Y" pos=<8696.63, -3, 182.42>) created "Food" in "Pos10"
14:02:02: Object "UH1Y" (type="AC_Wreck_UH1Y" pos=<8022.82, -3, 19.16>) created "Weapons" in "Pos05"
14:02:02: Object "UH1Y" (type="AC_Wreck_UH1Y" pos=<10684, -3, 9.70>) created "Food" in "Pos01"
14:02:02: Object "UH1Y" (type="AC_Wreck_UH1Y" pos=<7973.83, -3, 37.45>) created "Food" in "Pos06"
14:12:05: Object "UH1Y" (type="AC_Wreck_UH1Y" pos=<7973.83, -3, 37.45>) created "Weapons" in "Pos06"
14:12:05: Object "UH1Y" (type="AC_Wreck_UH1Y" pos=<11799.5, -3, 8.16>) created "Weapons" in "Pos08"
14:12:05: Object "UH1Y" (type="AC_Wreck_UH1Y" pos=<9418.18, -3, 21.49>) created "Food" in "Pos09"
14:12:05: Object "UH1Y" (type="AC_Wreck_UH1Y" pos=<8424.71, -1.56, 2.60>) created "Food" in "Pos04"
14:12:05: Object "UH1Y" (type="AC_Wreck_UH1Y" pos=<10317.9, -3, 12.52>) created "Food" in "Pos02"
14:12:05: Object "UH1Y" (type="AC_Wreck_UH1Y" pos=<10481.4, -3, 34.62>) created "Weapons" in "Pos07"
14:12:05: Object "UH1Y" (type="AC_Wreck_UH1Y" pos=<10684, -3, 9.70>) created "Food" in "Pos01"
14:12:05: Object "UH1Y" (type="AC_Wreck_UH1Y" pos=<8848.11, -3, 15.27>) created "Weapons" in "Pos03"
14:12:05: Object "UH1Y" (type="AC_Wreck_UH1Y" pos=<8696.63, -3, 182.42>) created "Weapons" in "Pos10"
14:12:05: Object "UH1Y" (type="AC_Wreck_UH1Y" pos=<8022.82, -3, 19.16>) created "Food" in "Pos05"
16:01:05: Object "UH1Y" (type="AC_Wreck_UH1Y" pos=<11799.5, -3, 8.16>) created "Weapons" in "Pos08"
16:01:05: Object "UH1Y" (type="AC_Wreck_UH1Y" pos=<7973.83, -3, 37.45>) created "Weapons" in "Pos06"
16:01:05: Object "UH1Y" (type="AC_Wreck_UH1Y" pos=<10481.4, -3, 34.62>) created "Food" in "Pos07"
16:01:05: Object "UH1Y" (type="AC_Wreck_UH1Y" pos=<8848.11, -3, 15.27>) created "Food" in "Pos03"
16:01:05: Object "UH1Y" (type="AC_Wreck_UH1Y" pos=<8424.71, -1.56, 2.60>) created "Weapons" in "Pos04"
16:01:05: Object "UH1Y" (type="AC_Wreck_UH1Y" pos=<8696.63, -3, 182.42>) created "Food" in "Pos10"
16:01:05: Object "UH1Y" (type="AC_Wreck_UH1Y" pos=<10317.9, -3, 12.52>) created "Food" in "Pos02"
16:01:05: Object "UH1Y" (type="AC_Wreck_UH1Y" pos=<9418.18, -3, 21.49>) created "Food" in "Pos09"
16:01:05: Object "UH1Y" (type="AC_Wreck_UH1Y" pos=<10684, -3, 9.70>) created "Food" in "Pos01"
16:01:05: Object "UH1Y" (type="AC_Wreck_UH1Y" pos=<8022.82, -3, 19.16>) created "Weapons" in "Pos05"
16:05:10: Object "UH1Y" (type="AC_Wreck_UH1Y" pos=<7973.83, -3, 37.45>) created "Food" in "Pos06"
16:05:10: Object "UH1Y" (type="AC_Wreck_UH1Y" pos=<10481.4, -3, 34.62>) created "Food" in "Pos07"
16:05:10: Object "UH1Y" (type="AC_Wreck_UH1Y" pos=<10684, -3, 9.70>) created "Weapons" in "Pos01"
16:05:10: Object "UH1Y" (type="AC_Wreck_UH1Y" pos=<8022.82, -3, 19.16>) created "Weapons" in "Pos05"
16:05:10: Object "UH1Y" (type="AC_Wreck_UH1Y" pos=<10317.9, -3, 12.52>) created "Weapons" in "Pos02"
16:05:10: Object "UH1Y" (type="AC_Wreck_UH1Y" pos=<8696.63, -3, 182.42>) created "Food" in "Pos10"
16:05:10: Object "UH1Y" (type="AC_Wreck_UH1Y" pos=<8424.71, -1.56, 2.60>) created "Weapons" in "Pos04"
16:05:10: Object "UH1Y" (type="AC_Wreck_UH1Y" pos=<11799.5, -3, 8.16>) created "Weapons" in "Pos08"
16:05:10: Object "UH1Y" (type="AC_Wreck_UH1Y" pos=<8848.11, -3, 15.27>) created "Food" in "Pos03"
16:05:10: Object "UH1Y" (type="AC_Wreck_UH1Y" pos=<9418.18, -3, 21.49>) created "Weapons" in "Pos09"
20:01:32: Object "UH1Y" (type="AC_Wreck_UH1Y" pos=<10684, -3, 9.70>) created "Food" in "Pos01"
20:01:32: Object "UH1Y" (type="AC_Wreck_UH1Y" pos=<10317.9, -3, 12.52>) created "Weapons" in "Pos02"
20:01:32: Object "UH1Y" (type="AC_Wreck_UH1Y" pos=<11799.5, -3, 8.16>) created "Food" in "Pos08"
20:01:32: Object "UH1Y" (type="AC_Wreck_UH1Y" pos=<7973.83, -3, 37.45>) created "Weapons" in "Pos06"
20:01:32: Object "UH1Y" (type="AC_Wreck_UH1Y" pos=<8022.82, -3, 19.16>) created "Weapons" in "Pos05"
20:01:32: Object "UH1Y" (type="AC_Wreck_UH1Y" pos=<8424.71, -1.56, 2.60>) created "Weapons" in "Pos04"
20:01:32: Object "UH1Y" (type="AC_Wreck_UH1Y" pos=<10481.4, -3, 34.62>) created "Food" in "Pos07"
20:01:32: Object "UH1Y" (type="AC_Wreck_UH1Y" pos=<8696.63, -3, 182.42>) created "Food" in "Pos10"
20:01:32: Object "UH1Y" (type="AC_Wreck_UH1Y" pos=<9418.18, -3, 21.49>) created "Food" in "Pos09"
20:01:32: Object "UH1Y" (type="AC_Wreck_UH1Y" pos=<8848.11, -3, 15.27>) created "Food" in "Pos03"
20:18:33: Object "UH1Y" (type="AC_Wreck_UH1Y" pos=<8424.71, -1.56, 2.60>) created "Food" in "Pos04"
20:18:33: Object "UH1Y" (type="AC_Wreck_UH1Y" pos=<10684, -3, 9.70>) created "Weapons" in "Pos01"
20:18:33: Object "UH1Y" (type="AC_Wreck_UH1Y" pos=<7973.83, -3, 37.45>) created "Food" in "Pos06"
20:18:33: Object "UH1Y" (type="AC_Wreck_UH1Y" pos=<11799.5, -3, 8.16>) created "Food" in "Pos08"
20:18:33: Object "UH1Y" (type="AC_Wreck_UH1Y" pos=<10317.9, -3, 12.52>) created "Food" in "Pos02"
20:18:33: Object "UH1Y" (type="AC_Wreck_UH1Y" pos=<8022.82, -3, 19.16>) created "Weapons" in "Pos05"
20:18:33: Object "UH1Y" (type="AC_Wreck_UH1Y" pos=<9418.18, -3, 21.49>) created "Weapons" in "Pos09"
20:18:33: Object "UH1Y" (type="AC_Wreck_UH1Y" pos=<10481.4, -3, 34.62>) created "Weapons" in "Pos07"
20:18:33: Object "UH1Y" (type="AC_Wreck_UH1Y" pos=<8696.63, -3, 182.42>) created "Weapons" in "Pos10"
20:18:33: Object "UH1Y" (type="AC_Wreck_UH1Y" pos=<8848.11, -3, 15.27>) created "Food" in "Pos03"
