00:00:32: Object "UH1Y" (type="AC_Wreck_UH1Y" pos=<10077.5, 5.78, 10680>) created "Weapons" in "Pos05"
00:00:32: Object "UH1Y" (type="AC_Wreck_UH1Y" pos=<10951.9, 18.20, 13862.5>) created "Food" in "Pos03"
00:00:32: Object "UH1Y" (type="AC_Wreck_UH1Y" pos=<11420, 1.51, 8617.5>) created "Weapons" in "Pos06"
00:00:32: Object "UH1Y" (type="AC_Wreck_UH1Y" pos=<9467.5, 27, 8115>) created "Food" in "Pos09"
00:00:32: Object "UH1Y" (type="AC_Wreck_UH1Y" pos=<8105, 22.60, 7667.5>) created "Weapons" in "Pos10"
04:00:32: Object "UH1Y" (type="AC_Wreck_UH1Y" pos=<9891.25, 27, 8146.25>) created "Weapons" in "Pos08"
04:00:32: Object "UH1Y" (type="AC_Wreck_UH1Y" pos=<8105, 22.60, 7667.5>) created "Weapons" in "Pos10"
04:00:32: Object "UH1Y" (type="AC_Wreck_UH1Y" pos=<10938.8, 5.95, 11998.8>) created "Food" in "Pos02"
04:00:32: Object "UH1Y" (type="AC_Wreck_UH1Y" pos=<9467.5, 27, 8115>) created "Food" in "Pos09"
04:00:32: Object "UH1Y" (type="AC_Wreck_UH1Y" pos=<10432.5, 5.44, 8315>) created "Food" in "Pos07"
06:29:29: Object "UH1Y" (type="AC_Wreck_UH1Y" pos=<11420, 1.51, 8617.5>) created "Food" in "Pos06"
06:29:29: Object "UH1Y" (type="AC_Wreck_UH1Y" pos=<10938.8, 5.95, 11998.8>) created "Food" in "Pos02"
06:29:29: Object "UH1Y" (type="AC_Wreck_UH1Y" pos=<10136.3, 12.35, 12221.3>) created "Weapons" in "Pos01"
06:29:29: Object "UH1Y" (type="AC_Wreck_UH1Y" pos=<9467.5, 27, 8115>) created "Weapons" in "Pos09"
06:29:29: Object "UH1Y" (type="AC_Wreck_UH1Y" pos=<10077.5, 5.78, 10680>) created "Weapons" in "Pos05"
08:00:31: Object "UH1Y" (type="AC_Wreck_UH1Y" pos=<10136.3, 12.35, 12221.3>) created "Weapons" in "Pos01"
08:00:31: Object "UH1Y" (type="AC_Wreck_UH1Y" pos=<10077.5, 5.78, 10680>) created "Weapons" in "Pos05"
08:00:31: Object "UH1Y" (type="AC_Wreck_UH1Y" pos=<8105, 22.60, 7667.5>) created "Weapons" in "Pos10"
08:00:31: Object "UH1Y" (type="AC_Wreck_UH1Y" pos=<11420, 1.51, 8617.5>) created "Food" in "Pos06"
08:00:31: Object "UH1Y" (type="AC_Wreck_UH1Y" pos=<10432.5, 5.44, 8315>) created "Food" in "Pos07"
12:00:32: Object "UH1Y" (type="AC_Wreck_UH1Y" pos=<10938.8, 5.95, 11998.8>) created "Food" in "Pos02"
12:00:32: Object "UH1Y" (type="AC_Wreck_UH1Y" pos=<9891.25, 27, 8146.25>) created "Food" in "Pos08"
12:00:32: Object "UH1Y" (type="AC_Wreck_UH1Y" pos=<9467.5, 27, 8115>) created "Weapons" in "Pos09"
12:00:32: Object "UH1Y" (type="AC_Wreck_UH1Y" pos=<8105, 22.60, 7667.5>) created "Weapons" in "Pos10"
12:00:32: Object "UH1Y" (type="AC_Wreck_UH1Y" pos=<10077.5, 5.78, 10680>) created "Weapons" in "Pos05"
16:00:45: Object "UH1Y" (type="AC_Wreck_UH1Y" pos=<9945, 8.06, 11835>) created "Food" in "Pos04"
16:00:45: Object "UH1Y" (type="AC_Wreck_UH1Y" pos=<10136.3, 12.35, 12221.3>) created "Weapons" in "Pos01"
16:00:45: Object "UH1Y" (type="AC_Wreck_UH1Y" pos=<10432.5, 5.44, 8315>) created "Weapons" in "Pos07"
16:00:45: Object "UH1Y" (type="AC_Wreck_UH1Y" pos=<9891.25, 27, 8146.25>) created "Weapons" in "Pos08"
16:00:45: Object "UH1Y" (type="AC_Wreck_UH1Y" pos=<10951.9, 18.20, 13862.5>) created "Food" in "Pos03"
20:00:55: Object "UH1Y" (type="AC_Wreck_UH1Y" pos=<9891.25, 27, 8146.25>) created "Weapons" in "Pos08"
20:00:55: Object "UH1Y" (type="AC_Wreck_UH1Y" pos=<9945, 8.06, 11835>) created "Food" in "Pos04"
20:00:55: Object "UH1Y" (type="AC_Wreck_UH1Y" pos=<10432.5, 5.44, 8315>) created "Food" in "Pos07"
20:00:55: Object "UH1Y" (type="AC_Wreck_UH1Y" pos=<10938.8, 5.95, 11998.8>) created "Weapons" in "Pos02"
20:00:55: Object "UH1Y" (type="AC_Wreck_UH1Y" pos=<8105, 22.60, 7667.5>) created "Food" in "Pos10"
