00:05:18: Player "[YKZ] Notsniw" (steam64id="76561197967151252" pos=<10383.4, 21.01, 10633.7>) player position
00:05:18: Player "Sonetco" (steam64id="76561198991945000" pos=<10801.6, 12.27, 13625>) player position
00:05:18: Player "RS Ricardo" (steam64id="76561198128886962" pos=<10136.8, 15.69, 12539.4>) player position
00:05:18: Player "Necromancer" (steam64id="76561198287885272" pos=<10772.8, 10.24, 13982.8>) player position
00:05:18: Player "Alcanfor" (steam64id="76561198018104612" pos=<6739.51, 2.69, 7805.1>) player position
00:05:18: Player "Xupyra" (steam64id="76561198258911731" pos=<8856.33, 11.61, 10238.8>) player position
00:05:18: Player "[YKZ] pedrobala" (steam64id="76561198046653521" pos=<10382.1, 14.92, 10626.4>) player position
00:05:18: Player "(CNXC)Roger    " (steam64id="76561198119108882" pos=<11775.3, 25.67, 6566.26>) player position
00:05:18: Player "Criolo" (steam64id="76561199160964742" pos=<8824.29, 6.63, 10268.5>) player position
00:05:18: Player "CARAJO" (steam64id="76561198081512167" pos=<6541.15, 7.06, 7175.67>) player position
00:05:18: Player "David Jr" (steam64id="76561198962491605" pos=<8823.29, 7.06, 7970.7>) player position
00:05:18: Player "Raemi" (steam64id="76561198048467587" pos=<8850.65, 27.20, 9315.29>) player position
00:05:18: Player "Viniguitton" (steam64id="76561198070540405" pos=<8167.68, 200.77, 8531.53>) player position
00:05:18: Player "[XIT]SoulzaHur" (steam64id="76561198387573700" pos=<11098.5, 4.30, 8479.89>) player position
00:05:18: Player "Brayan" (steam64id="76561199129190063" pos=<11078.2, 4.01, 8438.12>) player position
00:10:18: Player "[YKZ] Notsniw" (steam64id="76561197967151252" pos=<10465.5, 12.02, 10644.8>) player position
00:10:18: Player "Sonetco" (steam64id="76561198991945000" pos=<10774.1, 13.05, 13501>) player position
00:10:18: Player "RS Ricardo" (steam64id="76561198128886962" pos=<10346.8, 17.84, 12541.1>) player position
00:10:18: Player "Necromancer" (steam64id="76561198287885272" pos=<10746.6, 13.68, 13542.6>) player position
00:10:18: Player "Alcanfor" (steam64id="76561198018104612" pos=<6729.86, 32.18, 7571.68>) player position
00:10:18: Player "Xupyra" (steam64id="76561198258911731" pos=<8857.2, 12.23, 10240.1>) player position
00:10:18: Player "[YKZ] pedrobala" (steam64id="76561198046653521" pos=<10423.2, 13.77, 10633.5>) player position
00:10:18: Player "(CNXC)Roger    " (steam64id="76561198119108882" pos=<11813.7, 28.85, 6514.62>) player position
00:10:18: Player "Criolo" (steam64id="76561199160964742" pos=<8686.8, 9.21, 10203.7>) player position
00:10:18: Player "CARAJO" (steam64id="76561198081512167" pos=<6508.68, 4.84, 7264.65>) player position
00:10:18: Player "David Jr" (steam64id="76561198962491605" pos=<8975.28, 31.08, 7923.66>) player position
00:10:18: Player "Raemi" (steam64id="76561198048467587" pos=<8852, 28.59, 9295>) player position
00:10:18: Player "Viniguitton" (steam64id="76561198070540405" pos=<8374.44, 189.77, 8276.41>) player position
00:10:18: Player "[XIT]SoulzaHur" (steam64id="76561198387573700" pos=<11087.6, 4.30, 8496.84>) player position
00:10:18: Player "Brayan" (steam64id="76561199129190063" pos=<11085.4, 4.14, 8437.16>) player position
00:15:18: Player "[YKZ] Notsniw" (steam64id="76561197967151252" pos=<10378.3, 20.91, 10624.8>) player position
00:15:18: Player "Sonetco" (steam64id="76561198991945000" pos=<10178, 2.79, 14478.2>) player position
00:15:18: Player "RS Ricardo" (steam64id="76561198128886962" pos=<10158.6, 17.29, 12581.4>) player position
00:15:18: Player "Necromancer" (steam64id="76561198287885272" pos=<10599.6, 35.75, 13285.2>) player position
00:15:18: Player "Alcanfor" (steam64id="76561198018104612" pos=<6792.41, 32.25, 7529.43>) player position
00:15:18: Player "Xupyra" (steam64id="76561198258911731" pos=<8840.93, 7.48, 10251.6>) player position
00:15:18: Player "[YKZ] pedrobala" (steam64id="76561198046653521" pos=<10384.6, 20.74, 10616.2>) player position
00:15:18: Player "(CNXC)Roger    " (steam64id="76561198119108882" pos=<11776.3, 53.15, 6740.3>) player position
00:15:18: Player "Criolo" (steam64id="76561199160964742" pos=<8711.35, 16.03, 9781.14>) player position
00:15:18: Player "CARAJO" (steam64id="76561198081512167" pos=<6508.68, 4.84, 7264.65>) player position
00:15:18: Player "David Jr" (steam64id="76561198962491605" pos=<9061.54, 28.39, 7999.18>) player position
00:15:18: Player "Raemi" (steam64id="76561198048467587" pos=<10983.3, 18.15, 13704.4>) player position
00:15:18: Player "Viniguitton" (steam64id="76561198070540405" pos=<9058.1, 28.39, 7998.83>) player position
00:15:18: Player "[XIT]SoulzaHur" (steam64id="76561198387573700" pos=<11048.6, 8.40, 8524.6>) player position
00:15:18: Player "Brayan" (steam64id="76561199129190063" pos=<11033.9, 4.13, 8449.93>) player position
00:15:18: Player "[HORDA]ThiagoPenna" (steam64id="76561198218822351" pos=<9953.07, 19.17, 11779.5>) player position
00:15:18: Player "Betinho_maluco" (steam64id="76561198057627157" pos=<10184.9, 38.03, 6197.82>) player position
00:20:18: Player "[YKZ] Notsniw" (steam64id="76561197967151252" pos=<10384.7, 21.01, 10633.8>) player position
00:20:18: Player "Sonetco" (steam64id="76561198991945000" pos=<9826.86, 5.85, 14706.9>) player position
00:20:18: Player "RS Ricardo" (steam64id="76561198128886962" pos=<10064.2, 17.50, 12584.3>) player position
00:20:18: Player "Necromancer" (steam64id="76561198287885272" pos=<10442.9, 27.30, 12951>) player position
00:20:18: Player "Alcanfor" (steam64id="76561198018104612" pos=<6505.66, 4.92, 7234.76>) player position
00:20:18: Player "[YKZ] pedrobala" (steam64id="76561198046653521" pos=<10380.7, 21.03, 10632>) player position
00:20:18: Player "(CNXC)Roger    " (steam64id="76561198119108882" pos=<11405.5, 163.69, 7091.59>) player position
00:20:18: Player "Criolo" (steam64id="76561199160964742" pos=<8854.06, 26.74, 9315.65>) player position
00:20:18: Player "CARAJO" (steam64id="76561198081512167" pos=<6505.98, 4.98, 7233.85>) player position
00:20:18: Player "David Jr" (steam64id="76561198962491605" pos=<9057.93, 28.39, 7999.07>) player position
00:20:18: Player "Raemi" (steam64id="76561198048467587" pos=<10816.9, 15.64, 13920.3>) player position
00:20:18: Player "Viniguitton" (steam64id="76561198070540405" pos=<9057.96, 28.39, 8001.37>) player position
00:20:18: Player "[XIT]SoulzaHur" (steam64id="76561198387573700" pos=<11045.1, 4.34, 8521.56>) player position
00:20:18: Player "Brayan" (steam64id="76561199129190063" pos=<11044, 8.40, 8521.6>) player position
00:20:18: Player "[HORDA]ThiagoPenna" (steam64id="76561198218822351" pos=<9951.79, 7.53, 11777.7>) player position
00:20:18: Player "Betinho_maluco" (steam64id="76561198057627157" pos=<10279.1, 46.70, 6243.19>) player position
00:25:18: Player "[YKZ] Notsniw" (steam64id="76561197967151252" pos=<10381.9, 21.06, 10634>) player position
00:25:18: Player "Sonetco" (steam64id="76561198991945000" pos=<10230.6, 3.44, 14454.6>) player position
00:25:18: Player "RS Ricardo" (steam64id="76561198128886962" pos=<10177.1, 11.82, 12276.6>) player position
00:25:18: Player "Necromancer" (steam64id="76561198287885272" pos=<10165, 20.51, 12340.9>) player position
00:25:18: Player "Alcanfor" (steam64id="76561198018104612" pos=<6507.01, 5.07, 7235.98>) player position
00:25:18: Player "[YKZ] pedrobala" (steam64id="76561198046653521" pos=<10379.1, 21.01, 10631>) player position
00:25:18: Player "(CNXC)Roger    " (steam64id="76561198119108882" pos=<10844.1, 28.19, 7367.96>) player position
00:25:18: Player "CARAJO" (steam64id="76561198081512167" pos=<6506.28, 5.00, 7237.16>) player position
00:25:18: Player "David Jr" (steam64id="76561198962491605" pos=<9365.4, 35.69, 7759.93>) player position
00:25:18: Player "Raemi" (steam64id="76561198048467587" pos=<10369.2, 6.39, 14368>) player position
00:25:18: Player "Viniguitton" (steam64id="76561198070540405" pos=<9011.36, 43.54, 7761.34>) player position
00:25:18: Player "[XIT]SoulzaHur" (steam64id="76561198387573700" pos=<11310.7, 4.13, 8407.08>) player position
00:25:18: Player "Brayan" (steam64id="76561199129190063" pos=<11275.1, 4.01, 8422.66>) player position
00:25:18: Player "[HORDA]ThiagoPenna" (steam64id="76561198218822351" pos=<9954.39, 19.17, 11778.8>) player position
00:25:18: Player "Betinho_maluco" (steam64id="76561198057627157" pos=<10253.5, 36.60, 6296.96>) player position
00:30:18: Player "[YKZ] Notsniw" (steam64id="76561197967151252" pos=<10381.1, 21.05, 10633.4>) player position
00:30:18: Player "Sonetco" (steam64id="76561198991945000" pos=<10043.5, 5.38, 14395.7>) player position
00:30:18: Player "RS Ricardo" (steam64id="76561198128886962" pos=<10357.9, 15.92, 11391.2>) player position
00:30:18: Player "Necromancer" (steam64id="76561198287885272" pos=<10322, 15.80, 11417.7>) player position
00:30:18: Player "Alcanfor" (steam64id="76561198018104612" pos=<6793.74, 39.54, 7469.28>) player position
00:30:18: Player "[YKZ] pedrobala" (steam64id="76561198046653521" pos=<10378.5, 23.69, 10628.4>) player position
00:30:18: Player "(CNXC)Roger    " (steam64id="76561198119108882" pos=<11894.4, 12.01, 7619.66>) player position
00:30:18: Player "CARAJO" (steam64id="76561198081512167" pos=<6817.44, 34.51, 7477.84>) player position
00:30:18: Player "David Jr" (steam64id="76561198962491605" pos=<10244.4, 98.05, 7732.7>) player position
00:30:18: Player "Raemi" (steam64id="76561198048467587" pos=<10043, 5.35, 14397>) player position
00:30:18: Player "Viniguitton" (steam64id="76561198070540405" pos=<10340.6, 76.57, 7723.62>) player position
00:30:18: Player "[XIT]SoulzaHur" (steam64id="76561198387573700" pos=<12025, 7.67, 7635.4>) player position
00:30:18: Player "Brayan" (steam64id="76561199129190063" pos=<12015.5, 7.61, 7633.76>) player position
00:30:18: Player "[HORDA]ThiagoPenna" (steam64id="76561198218822351" pos=<9952.86, 7.53, 11776.3>) player position
00:30:18: Player "Betinho_maluco" (steam64id="76561198057627157" pos=<10167, 36.27, 6295.23>) player position
00:35:18: Player "[YKZ] Notsniw" (steam64id="76561197967151252" pos=<10458, 15.37, 10693.3>) player position
00:35:18: Player "Sonetco" (steam64id="76561198991945000" pos=<9848.44, 22.91, 14509.5>) player position
00:35:18: Player "RS Ricardo" (steam64id="76561198128886962" pos=<10339.2, 10.97, 11006.6>) player position
00:35:18: Player "Necromancer" (steam64id="76561198287885272" pos=<10312.7, 10.83, 11019.4>) player position
00:35:18: Player "Alcanfor" (steam64id="76561198018104612" pos=<6816.37, 34.30, 7536>) player position
00:35:18: Player "[YKZ] pedrobala" (steam64id="76561198046653521" pos=<10382.9, 20.88, 10623.7>) player position
00:35:18: Player "(CNXC)Roger    " (steam64id="76561198119108882" pos=<9760.37, 2.45, 13095.2>) player position
00:35:18: Player "CARAJO" (steam64id="76561198081512167" pos=<6831.97, 34.30, 7539.36>) player position
00:35:18: Player "David Jr" (steam64id="76561198962491605" pos=<11503.5, 94.26, 7442.79>) player position
00:35:18: Player "Raemi" (steam64id="76561198048467587" pos=<9843.09, 15.00, 14500.4>) player position
00:35:18: Player "Viniguitton" (steam64id="76561198070540405" pos=<11575.9, 70.65, 7634.26>) player position
00:35:18: Player "[XIT]SoulzaHur" (steam64id="76561198387573700" pos=<11874, 5.33, 7780.99>) player position
00:35:18: Player "Brayan" (steam64id="76561199129190063" pos=<10485.4, 1.17, 14361.1>) player position
00:35:18: Player "[HORDA]ThiagoPenna" (steam64id="76561198218822351" pos=<9951.05, 19.26, 11773.3>) player position
00:35:18: Player "Betinho_maluco" (steam64id="76561198057627157" pos=<8619.91, 142.77, 6434.67>) player position
00:40:18: Player "Sonetco" (steam64id="76561198991945000" pos=<9847.84, 15.35, 14484.7>) player position
00:40:18: Player "RS Ricardo" (steam64id="76561198128886962" pos=<10286.2, 7.69, 10759.6>) player position
00:40:18: Player "Necromancer" (steam64id="76561198287885272" pos=<10292, 5.64, 10831.7>) player position
00:40:18: Player "Alcanfor" (steam64id="76561198018104612" pos=<6789.25, 35.92, 7468.92>) player position
00:40:18: Player "[YKZ] pedrobala" (steam64id="76561198046653521" pos=<10381.1, 21.04, 10633.1>) player position
00:40:18: Player "(CNXC)Roger    " (steam64id="76561198119108882" pos=<10584.1, 17.43, 11615.2>) player position
00:40:18: Player "CARAJO" (steam64id="76561198081512167" pos=<6785.16, 35.90, 7467.91>) player position
00:40:18: Player "David Jr" (steam64id="76561198962491605" pos=<11699.2, 35.16, 7606.25>) player position
00:40:18: Player "Raemi" (steam64id="76561198048467587" pos=<9846.68, 15.59, 14481>) player position
00:40:18: Player "Viniguitton" (steam64id="76561198070540405" pos=<11752.3, 20.35, 7644.71>) player position
00:40:18: Player "[XIT]SoulzaHur" (steam64id="76561198387573700" pos=<11858.1, 10.78, 7498.49>) player position
00:40:18: Player "Brayan" (steam64id="76561199129190063" pos=<10623.6, 39.10, 13260.7>) player position
00:40:18: Player "[HORDA]ThiagoPenna" (steam64id="76561198218822351" pos=<9951.5, 12.23, 11779.5>) player position
00:40:18: Player "Betinho_maluco" (steam64id="76561198057627157" pos=<8666.94, 183.59, 6657.6>) player position
00:45:18: Player "Sonetco" (steam64id="76561198991945000" pos=<9773.13, 3.26, 13957.2>) player position
00:45:18: Player "RS Ricardo" (steam64id="76561198128886962" pos=<10417.8, 6.18, 9776.85>) player position
00:45:18: Player "Necromancer" (steam64id="76561198287885272" pos=<10413, 3.09, 9791.12>) player position
00:45:18: Player "Alcanfor" (steam64id="76561198018104612" pos=<6724.04, 27.21, 7556.58>) player position
00:45:18: Player "[YKZ] pedrobala" (steam64id="76561198046653521" pos=<10382.7, 20.77, 10617.6>) player position
00:45:18: Player "(CNXC)Roger    " (steam64id="76561198119108882" pos=<10504.6, 1.19, 9822.63>) player position
00:45:18: Player "CARAJO" (steam64id="76561198081512167" pos=<6783.37, 28.96, 7566.18>) player position
00:45:18: Player "David Jr" (steam64id="76561198962491605" pos=<11997.6, 16.81, 7328.76>) player position
00:45:18: Player "Raemi" (steam64id="76561198048467587" pos=<9764.06, 3.61, 13911.2>) player position
00:45:18: Player "Viniguitton" (steam64id="76561198070540405" pos=<12106, 8.66, 7545.57>) player position
00:45:18: Player "[XIT]SoulzaHur" (steam64id="76561198387573700" pos=<11636.7, 48.36, 7301.37>) player position
00:45:18: Player "[HORDA]ThiagoPenna" (steam64id="76561198218822351" pos=<9956.76, 21.41, 11781.6>) player position
00:45:18: Player "Betinho_maluco" (steam64id="76561198057627157" pos=<8720.52, 181.53, 6732.29>) player position
00:50:18: Player "Sonetco" (steam64id="76561198991945000" pos=<9969.73, 15.81, 13022.8>) player position
00:50:18: Player "RS Ricardo" (steam64id="76561198128886962" pos=<10451.7, 2.47, 9644.59>) player position
00:50:18: Player "Necromancer" (steam64id="76561198287885272" pos=<10444.3, 2.69, 9698.63>) player position
00:50:18: Player "Alcanfor" (steam64id="76561198018104612" pos=<6831.21, 30.97, 7539.63>) player position
00:50:18: Player "[YKZ] pedrobala" (steam64id="76561198046653521" pos=<10380.4, 14.87, 10622.8>) player position
00:50:18: Player "(CNXC)Roger    " (steam64id="76561198119108882" pos=<11368.5, 5.22, 8534.77>) player position
00:50:18: Player "CARAJO" (steam64id="76561198081512167" pos=<6807.8, 34.30, 7539.01>) player position
00:50:18: Player "David Jr" (steam64id="76561198962491605" pos=<11846.1, 11.37, 7496.86>) player position
00:50:18: Player "Raemi" (steam64id="76561198048467587" pos=<9782.62, 11.00, 12639.3>) player position
00:50:18: Player "Viniguitton" (steam64id="76561198070540405" pos=<11658.3, 20.02, 7814.03>) player position
00:50:18: Player "[XIT]SoulzaHur" (steam64id="76561198387573700" pos=<11625.2, 42.27, 7458.83>) player position
00:50:18: Player "[HORDA]ThiagoPenna" (steam64id="76561198218822351" pos=<9950.34, 19.17, 11778>) player position
00:50:18: Player "Betinho_maluco" (steam64id="76561198057627157" pos=<8639.56, 187.84, 6602.51>) player position
00:55:18: Player "Sonetco" (steam64id="76561198991945000" pos=<9806.8, 10.21, 12625.3>) player position
00:55:18: Player "RS Ricardo" (steam64id="76561198128886962" pos=<10820.7, 4.13, 8867.18>) player position
00:55:18: Player "Necromancer" (steam64id="76561198287885272" pos=<10771.3, 2.41, 8908.89>) player position
00:55:18: Player "Alcanfor" (steam64id="76561198018104612" pos=<6718.56, 32.18, 7574.34>) player position
00:55:18: Player "[YKZ] pedrobala" (steam64id="76561198046653521" pos=<10383.7, 20.80, 10619.5>) player position
00:55:18: Player "(CNXC)Roger    " (steam64id="76561198119108882" pos=<11872.5, 5.29, 7782.18>) player position
00:55:18: Player "CARAJO" (steam64id="76561198081512167" pos=<6760.96, 27.53, 7567.22>) player position
00:55:18: Player "David Jr" (steam64id="76561198962491605" pos=<11848.5, 8.38, 7760.01>) player position
00:55:18: Player "Raemi" (steam64id="76561198048467587" pos=<9808.45, 10.21, 12625.7>) player position
00:55:18: Player "Viniguitton" (steam64id="76561198070540405" pos=<11873.9, 6.22, 7778.54>) player position
00:55:18: Player "[XIT]SoulzaHur" (steam64id="76561198387573700" pos=<11638.4, 42.24, 7498.3>) player position
00:55:18: Player "[HORDA]ThiagoPenna" (steam64id="76561198218822351" pos=<9955.69, 19.17, 11779.7>) player position
01:00:18: Player "Sonetco" (steam64id="76561198991945000" pos=<9623.46, 3.45, 12570.5>) player position
01:00:18: Player "RS Ricardo" (steam64id="76561198128886962" pos=<10999.4, 4.26, 8636.77>) player position
01:00:18: Player "Necromancer" (steam64id="76561198287885272" pos=<10990.1, 4.01, 8660.4>) player position
01:00:18: Player "Alcanfor" (steam64id="76561198018104612" pos=<6790.76, 33.08, 7508.99>) player position
01:00:18: Player "[YKZ] pedrobala" (steam64id="76561198046653521" pos=<10385.9, 14.81, 10620.3>) player position
01:00:18: Player "(CNXC)Roger    " (steam64id="76561198119108882" pos=<10946.3, 3.06, 14273.2>) player position
01:00:18: Player "CARAJO" (steam64id="76561198081512167" pos=<6780.33, 33.19, 7515.18>) player position
01:00:18: Player "David Jr" (steam64id="76561198962491605" pos=<11666, 46.95, 7596.42>) player position
01:00:18: Player "Raemi" (steam64id="76561198048467587" pos=<9624.82, 3.51, 12572.8>) player position
01:00:18: Player "Viniguitton" (steam64id="76561198070540405" pos=<11758.1, 21.94, 7541.76>) player position
01:00:18: Player "[XIT]SoulzaHur" (steam64id="76561198387573700" pos=<11458.4, 75.14, 7509.49>) player position
01:00:18: Player "[HORDA]ThiagoPenna" (steam64id="76561198218822351" pos=<9954.95, 7.53, 11780>) player position
01:05:18: Player "RS Ricardo" (steam64id="76561198128886962" pos=<10991.7, 8.23, 8478.7>) player position
01:05:18: Player "Necromancer" (steam64id="76561198287885272" pos=<11141.9, 6.66, 8385.79>) player position
01:05:18: Player "Alcanfor" (steam64id="76561198018104612" pos=<6748.91, 27.28, 7567.86>) player position
01:05:18: Player "[YKZ] pedrobala" (steam64id="76561198046653521" pos=<10395, 14.77, 10619.5>) player position
01:05:18: Player "(CNXC)Roger    " (steam64id="76561198119108882" pos=<11104.9, 72.24, 12981.9>) player position
01:05:18: Player "CARAJO" (steam64id="76561198081512167" pos=<6730.88, 32.18, 7575.73>) player position
01:05:18: Player "David Jr" (steam64id="76561198962491605" pos=<11362.1, 153.08, 7316.01>) player position
01:05:18: Player "Raemi" (steam64id="76561198048467587" pos=<10930.4, 14.82, 13654.2>) player position
01:05:18: Player "Viniguitton" (steam64id="76561198070540405" pos=<11847.7, 13.35, 7604.93>) player position
01:05:18: Player "[XIT]SoulzaHur" (steam64id="76561198387573700" pos=<10843.3, 4.38, 7615.39>) player position
01:05:18: Player "[HORDA]ThiagoPenna" (steam64id="76561198218822351" pos=<9956.6, 7.53, 11776.2>) player position
01:10:18: Player "RS Ricardo" (steam64id="76561198128886962" pos=<11279.1, 8.14, 8480.84>) player position
01:10:18: Player "Necromancer" (steam64id="76561198287885272" pos=<11236.6, 4.12, 8441.81>) player position
01:10:18: Player "Alcanfor" (steam64id="76561198018104612" pos=<6814.43, 32.89, 7417.28>) player position
01:10:18: Player "[YKZ] pedrobala" (steam64id="76561198046653521" pos=<10379.7, 14.90, 10624.7>) player position
01:10:18: Player "(CNXC)Roger    " (steam64id="76561198119108882" pos=<10965.4, 4.98, 11800.6>) player position
01:10:18: Player "CARAJO" (steam64id="76561198081512167" pos=<6819.85, 31.04, 7414.22>) player position
01:10:18: Player "David Jr" (steam64id="76561198962491605" pos=<11648.4, 49.56, 7557.59>) player position
01:10:18: Player "Raemi" (steam64id="76561198048467587" pos=<10703.2, 14.78, 13494.1>) player position
01:10:18: Player "Viniguitton" (steam64id="76561198070540405" pos=<11664.9, 49.46, 7620.77>) player position
01:10:18: Player "[HORDA]ThiagoPenna" (steam64id="76561198218822351" pos=<9953.13, 19.17, 11777.7>) player position
01:15:18: Player "RS Ricardo" (steam64id="76561198128886962" pos=<10908.6, 6.64, 8185.76>) player position
01:15:18: Player "Necromancer" (steam64id="76561198287885272" pos=<10905.4, 6.81, 8178.03>) player position
01:15:18: Player "Alcanfor" (steam64id="76561198018104612" pos=<6562.4, 8.03, 7173.66>) player position
01:15:18: Player "[YKZ] pedrobala" (steam64id="76561198046653521" pos=<10381, 14.94, 10627.3>) player position
01:15:18: Player "(CNXC)Roger    " (steam64id="76561198119108882" pos=<10432, 1.86, 10321.9>) player position
01:15:18: Player "CARAJO" (steam64id="76561198081512167" pos=<6561.81, 8.03, 7176.09>) player position
01:15:18: Player "David Jr" (steam64id="76561198962491605" pos=<11436.4, 6.21, 8196.87>) player position
01:15:18: Player "Raemi" (steam64id="76561198048467587" pos=<10473.6, 18.52, 13524.1>) player position
01:15:18: Player "Viniguitton" (steam64id="76561198070540405" pos=<11478.8, 4.72, 8281.88>) player position
01:15:18: Player "[HORDA]ThiagoPenna" (steam64id="76561198218822351" pos=<9952.54, 7.53, 11776.5>) player position
01:20:18: Player "RS Ricardo" (steam64id="76561198128886962" pos=<9974.01, 25.90, 8096.86>) player position
01:20:18: Player "Necromancer" (steam64id="76561198287885272" pos=<10058.5, 36.33, 8084.21>) player position
01:20:18: Player "Alcanfor" (steam64id="76561198018104612" pos=<6574.59, 8.54, 7102.02>) player position
01:20:18: Player "(CNXC)Roger    " (steam64id="76561198119108882" pos=<10823.9, 4.39, 8938.67>) player position
01:20:18: Player "CARAJO" (steam64id="76561198081512167" pos=<6561.64, 8.03, 7176.07>) player position
01:20:18: Player "David Jr" (steam64id="76561198962491605" pos=<10826.2, 4.30, 8939.38>) player position
01:20:18: Player "Viniguitton" (steam64id="76561198070540405" pos=<10831.8, 1.99, 8953.79>) player position
01:20:18: Player "[HORDA]ThiagoPenna" (steam64id="76561198218822351" pos=<9954.74, 7.53, 11778.7>) player position
01:25:18: Player "RS Ricardo" (steam64id="76561198128886962" pos=<9739.05, 27.14, 8061.5>) player position
01:25:18: Player "Necromancer" (steam64id="76561198287885272" pos=<9715.21, 27.14, 8070.79>) player position
01:25:18: Player "Alcanfor" (steam64id="76561198018104612" pos=<6506.29, 5.02, 7234.17>) player position
01:25:18: Player "(CNXC)Roger    " (steam64id="76561198119108882" pos=<10115.8, 17.72, 8608.07>) player position
01:25:18: Player "CARAJO" (steam64id="76561198081512167" pos=<6514.83, 5.60, 7241.89>) player position
01:25:18: Player "[HORDA]ThiagoPenna" (steam64id="76561198218822351" pos=<9951.95, 7.03, 11770.5>) player position
01:30:18: Player "RS Ricardo" (steam64id="76561198128886962" pos=<9617.61, 27.27, 8066.88>) player position
01:30:18: Player "Necromancer" (DEAD) (steam64id="76561198287885272" pos=<9622.73, 27.38, 8072.44>) player position
01:30:18: Player "Alcanfor" (steam64id="76561198018104612" pos=<6562.65, 7.52, 7163.66>) player position
01:30:18: Player "(CNXC)Roger    " (steam64id="76561198119108882" pos=<9620.33, 27.27, 8061.87>) player position
01:30:18: Player "CARAJO" (steam64id="76561198081512167" pos=<6562.82, 8.03, 7172.61>) player position
01:30:18: Player "[HORDA]ThiagoPenna" (steam64id="76561198218822351" pos=<9953.78, 7.53, 11777.3>) player position
01:35:18: Player "RS Ricardo" (steam64id="76561198128886962" pos=<9623, 27.38, 8051.62>) player position
01:35:18: Player "Necromancer" (steam64id="76561198287885272" pos=<9846.24, 3.57, 13914.3>) player position
01:35:18: Player "Alcanfor" (steam64id="76561198018104612" pos=<6868.91, 19.49, 6518.71>) player position
01:35:18: Player "CARAJO" (steam64id="76561198081512167" pos=<6882.75, 20.01, 6501.15>) player position
01:35:18: Player "[HORDA]ThiagoPenna" (steam64id="76561198218822351" pos=<9958.25, 27.26, 11779.8>) player position
01:40:18: Player "RS Ricardo" (steam64id="76561198128886962" pos=<9593.49, 27.41, 8056.74>) player position
01:40:18: Player "Necromancer" (steam64id="76561198287885272" pos=<9933.48, 28.45, 12333.1>) player position
01:40:18: Player "Alcanfor" (steam64id="76561198018104612" pos=<7083.94, 17.88, 6474.66>) player position
01:40:18: Player "CARAJO" (steam64id="76561198081512167" pos=<7070.68, 18.40, 6495.74>) player position
01:40:18: Player "[HORDA]ThiagoPenna" (steam64id="76561198218822351" pos=<9950.54, 19.17, 11777.4>) player position
01:45:18: Player "RS Ricardo" (steam64id="76561198128886962" pos=<9592.75, 27.41, 8076.5>) player position
01:45:18: Player "Necromancer" (steam64id="76561198287885272" pos=<9960.71, 3.30, 10830.5>) player position
01:45:18: Player "Alcanfor" (steam64id="76561198018104612" pos=<7872.18, 35.60, 6499.55>) player position
01:45:18: Player "CARAJO" (steam64id="76561198081512167" pos=<7869.76, 36.11, 6472.85>) player position
01:45:18: Player "[HORDA]ThiagoPenna" (steam64id="76561198218822351" pos=<9722.49, 1.24, 11988.7>) player position
01:50:18: Player "RS Ricardo" (steam64id="76561198128886962" pos=<9592.08, 27.41, 8077.06>) player position
01:50:18: Player "Necromancer" (steam64id="76561198287885272" pos=<10063.3, 2.56, 9736.01>) player position
01:50:18: Player "Alcanfor" (steam64id="76561198018104612" pos=<8649, 182.07, 6756.17>) player position
01:50:18: Player "CARAJO" (steam64id="76561198081512167" pos=<8656.43, 182.35, 6680.79>) player position
01:50:18: Player "[HORDA]ThiagoPenna" (steam64id="76561198218822351" pos=<8854.87, 30.78, 11435>) player position
01:55:18: Player "RS Ricardo" (steam64id="76561198128886962" pos=<9592.08, 27.41, 8077.06>) player position
01:55:18: Player "Necromancer" (steam64id="76561198287885272" pos=<9669.81, 8.74, 8457.58>) player position
01:55:18: Player "Alcanfor" (steam64id="76561198018104612" pos=<8734.49, 181.96, 6700.67>) player position
01:55:18: Player "CARAJO" (steam64id="76561198081512167" pos=<8740.34, 179.30, 6729.61>) player position
01:55:18: Player "[HORDA]ThiagoPenna" (steam64id="76561198218822351" pos=<8832.76, 28.63, 11342.9>) player position
02:00:18: Player "RS Ricardo" (steam64id="76561198128886962" pos=<9629.45, 27.85, 7955.32>) player position
02:00:18: Player "Necromancer" (steam64id="76561198287885272" pos=<9643.5, 27.70, 7960.93>) player position
02:00:18: Player "Alcanfor" (steam64id="76561198018104612" pos=<8988.48, 50.80, 6892.27>) player position
02:00:18: Player "CARAJO" (steam64id="76561198081512167" pos=<8987.49, 55.69, 6884.73>) player position
02:00:18: Player "[HORDA]ThiagoPenna" (steam64id="76561198218822351" pos=<8832.35, 29.66, 11402.4>) player position
02:05:18: Player "RS Ricardo" (steam64id="76561198128886962" pos=<9331.62, 45.21, 7890.55>) player position
02:05:18: Player "Necromancer" (steam64id="76561198287885272" pos=<9306.02, 28.48, 7987.91>) player position
02:05:18: Player "Alcanfor" (steam64id="76561198018104612" pos=<9363.76, 29.78, 6954.39>) player position
02:05:18: Player "CARAJO" (steam64id="76561198081512167" pos=<9350.86, 23.70, 6958.57>) player position
02:05:18: Player "[HORDA]ThiagoPenna" (steam64id="76561198218822351" pos=<9732.01, 0.65, 11983.7>) player position
02:10:18: Player "RS Ricardo" (steam64id="76561198128886962" pos=<9329.68, 48.26, 7891.61>) player position
02:10:18: Player "Necromancer" (steam64id="76561198287885272" pos=<9434.23, 35.00, 7886.36>) player position
02:10:18: Player "Alcanfor" (steam64id="76561198018104612" pos=<9818.67, 42.93, 6675.3>) player position
02:10:18: Player "CARAJO" (steam64id="76561198081512167" pos=<9837.69, 35.16, 6927.42>) player position
02:10:18: Player "[HORDA]ThiagoPenna" (steam64id="76561198218822351" pos=<9951.41, 19.17, 11774.2>) player position
02:15:18: Player "RS Ricardo" (steam64id="76561198128886962" pos=<9328.65, 48.35, 7890.47>) player position
02:15:18: Player "Necromancer" (steam64id="76561198287885272" pos=<9370.65, 36.69, 7848.69>) player position
02:15:18: Player "Alcanfor" (steam64id="76561198018104612" pos=<10003.1, 33.39, 6192.92>) player position
02:15:18: Player "CARAJO" (steam64id="76561198081512167" pos=<9989.36, 33.73, 6194.94>) player position
02:20:18: Player "RS Ricardo" (steam64id="76561198128886962" pos=<9333.52, 36.72, 7886.59>) player position
02:20:18: Player "Necromancer" (steam64id="76561198287885272" pos=<9329.22, 36.15, 7890.31>) player position
02:20:18: Player "Alcanfor" (steam64id="76561198018104612" pos=<10248.2, 36.33, 6253.84>) player position
02:20:18: Player "CARAJO" (steam64id="76561198081512167" pos=<10234.7, 36.58, 6294.81>) player position
02:25:18: Player "RS Ricardo" (steam64id="76561198128886962" pos=<9358.26, 35.69, 7822.75>) player position
02:25:18: Player "Necromancer" (steam64id="76561198287885272" pos=<9359.3, 35.69, 7821.44>) player position
02:25:18: Player "Alcanfor" (steam64id="76561198018104612" pos=<10238.1, 36.58, 6295.75>) player position
02:25:18: Player "CARAJO" (steam64id="76561198081512167" pos=<10239.4, 36.58, 6296.23>) player position
02:30:18: Player "RS Ricardo" (steam64id="76561198128886962" pos=<9431.98, 42.50, 7888.7>) player position
02:30:18: Player "Necromancer" (steam64id="76561198287885272" pos=<9338.27, 35.77, 7884.1>) player position
02:30:18: Player "Alcanfor" (steam64id="76561198018104612" pos=<10454, 49.12, 6207.27>) player position
02:30:18: Player "CARAJO" (steam64id="76561198081512167" pos=<10412.3, 49.22, 6220.35>) player position
02:35:18: Player "RS Ricardo" (steam64id="76561198128886962" pos=<9546.56, 35.12, 7842.76>) player position
02:35:18: Player "Necromancer" (steam64id="76561198287885272" pos=<9569.29, 34.71, 7837.76>) player position
02:35:18: Player "Alcanfor" (steam64id="76561198018104612" pos=<10734.9, 34.24, 7211.35>) player position
02:35:18: Player "CARAJO" (steam64id="76561198081512167" pos=<10746, 33.98, 7213.67>) player position
02:40:18: Player "RS Ricardo" (steam64id="76561198128886962" pos=<9567.6, 34.71, 7839.8>) player position
02:40:18: Player "Alcanfor" (steam64id="76561198018104612" pos=<11402.3, 9.56, 7962.58>) player position
02:40:18: Player "CARAJO" (steam64id="76561198081512167" pos=<11451.9, 6.56, 7904.55>) player position
02:45:18: Player "RS Ricardo" (steam64id="76561198128886962" pos=<9567.6, 34.71, 7839.8>) player position
02:45:18: Player "Alcanfor" (steam64id="76561198018104612" pos=<11329.2, 12.03, 8058.45>) player position
02:45:18: Player "CARAJO" (steam64id="76561198081512167" pos=<11329.6, 7.07, 7923.18>) player position
02:50:18: Player "Alcanfor" (steam64id="76561198018104612" pos=<11315.8, 4.61, 8197.89>) player position
02:50:18: Player "CARAJO" (steam64id="76561198081512167" pos=<11337.5, 4.94, 8209.48>) player position
02:50:18: Player "[YKZ] Seekerzao" (steam64id="76561198067793781" pos=<10240.3, 18.18, 11343>) player position
02:55:18: Player "Alcanfor" (steam64id="76561198018104612" pos=<11259.4, 5.81, 8093.4>) player position
02:55:18: Player "CARAJO" (steam64id="76561198081512167" pos=<11265.8, 6.14, 8091.52>) player position
02:55:18: Player "[YKZ] Seekerzao" (steam64id="76561198067793781" pos=<10256.2, 11.61, 11219.3>) player position
03:00:18: Player "Alcanfor" (steam64id="76561198018104612" pos=<11269, 5.44, 8246.18>) player position
03:00:18: Player "CARAJO" (steam64id="76561198081512167" pos=<11270.1, 5.37, 8246.46>) player position
03:00:18: Player "[YKZ] Seekerzao" (steam64id="76561198067793781" pos=<10362.5, 11.05, 10990.9>) player position
03:05:18: Player "Alcanfor" (steam64id="76561198018104612" pos=<11141.6, 5.57, 8311.2>) player position
03:05:18: Player "CARAJO" (steam64id="76561198081512167" pos=<11145, 4.09, 8307.81>) player position
03:05:18: Player "[YKZ] Seekerzao" (steam64id="76561198067793781" pos=<10235, 14.50, 11346.2>) player position
03:10:18: Player "Alcanfor" (steam64id="76561198018104612" pos=<10839, 4.12, 8810.85>) player position
03:10:18: Player "CARAJO" (steam64id="76561198081512167" pos=<10818, 4.01, 8805.62>) player position
03:10:18: Player "[YKZ] Seekerzao" (steam64id="76561198067793781" pos=<10233.6, 14.05, 11345.8>) player position
03:15:18: Player "Alcanfor" (steam64id="76561198018104612" pos=<10792, 4.28, 8372.87>) player position
03:15:18: Player "CARAJO" (steam64id="76561198081512167" pos=<10795.4, 4.26, 8374.53>) player position
03:15:18: Player "[YKZ] Seekerzao" (steam64id="76561198067793781" pos=<10233.2, 14.05, 11328.3>) player position
03:20:18: Player "Alcanfor" (steam64id="76561198018104612" pos=<10817.2, 4.01, 8812.2>) player position
03:20:18: Player "CARAJO" (steam64id="76561198081512167" pos=<10818.7, 4.01, 8807.82>) player position
03:20:18: Player "[YKZ] Seekerzao" (steam64id="76561198067793781" pos=<10237.2, 14.05, 11330.8>) player position
03:25:18: Player "CARAJO" (steam64id="76561198081512167" pos=<10822.6, 4.01, 8808.3>) player position
03:30:18: Player "CARAJO" (steam64id="76561198081512167" pos=<10844.8, 4.53, 8807.9>) player position
03:30:18: Player "Alcanfor" (steam64id="76561198018104612" pos=<10817, 4.01, 8808.53>) player position
03:35:18: Player "CARAJO" (steam64id="76561198081512167" pos=<10819.6, 4.01, 8808.23>) player position
03:35:18: Player "Alcanfor" (steam64id="76561198018104612" pos=<10817.9, 4.01, 8808.95>) player position
03:40:18: Player "CARAJO" (steam64id="76561198081512167" pos=<11060, 5.47, 8058.52>) player position
03:40:18: Player "Alcanfor" (steam64id="76561198018104612" pos=<11061, 5.48, 8058.13>) player position
03:45:18: Player "CARAJO" (steam64id="76561198081512167" pos=<9537.82, 31.04, 7412.63>) player position
03:45:18: Player "Alcanfor" (steam64id="76561198018104612" pos=<9537.83, 31.09, 7411.48>) player position
03:50:18: Player "CARAJO" (steam64id="76561198081512167" pos=<6906.77, 3.49, 7701.93>) player position
03:50:18: Player "Alcanfor" (steam64id="76561198018104612" pos=<6905.68, 3.52, 7701.55>) player position
03:55:18: Player "CARAJO" (steam64id="76561198081512167" pos=<6510.45, 5.34, 7220.99>) player position
03:55:18: Player "Alcanfor" (steam64id="76561198018104612" pos=<6514.1, 5.50, 7223.56>) player position
03:55:18: Player "Harrysport" (steam64id="76561199113678706" pos=<11176.2, 17.46, 12597.2>) player position
04:05:21: Player "Alcanfor" (steam64id="76561198018104612" pos=<6511.61, 5.39, 7221.68>) player position
07:35:21: Player "GabrielDWR" (steam64id="76561199012612653" pos=<10996.4, 16.39, 14005.2>) player position
07:40:21: Player "GabrielDWR" (steam64id="76561199012612653" pos=<10808.2, 13.68, 13576.9>) player position
07:45:21: Player "GabrielDWR" (steam64id="76561199012612653" pos=<10554.5, 38.58, 13207>) player position
07:50:21: Player "GabrielDWR" (steam64id="76561199012612653" pos=<10482.4, 26.44, 12993.4>) player position
07:55:21: Player "GabrielDWR" (steam64id="76561199012612653" pos=<10488.5, 25.25, 12963.2>) player position
08:05:34: Player "GabrielDWR" (steam64id="76561199012612653" pos=<10203.3, 17.27, 12566.9>) player position
08:10:34: Player "GabrielDWR" (steam64id="76561199012612653" pos=<10203, 18.53, 12186>) player position
08:10:34: Player "ALFAA" (steam64id="76561199071067007" pos=<11122.9, 41.35, 12257.8>) player position
08:15:34: Player "GabrielDWR" (steam64id="76561199012612653" pos=<10313, 13.69, 11033.6>) player position
08:15:34: Player "ALFAA" (steam64id="76561199071067007" pos=<10815.9, 10.78, 12102.6>) player position
08:20:34: Player "GabrielDWR" (steam64id="76561199012612653" pos=<10314.7, 7.33, 10874>) player position
08:20:34: Player "ALFAA" (steam64id="76561199071067007" pos=<10752.6, 10.24, 12076.4>) player position
08:25:34: Player "GabrielDWR" (steam64id="76561199012612653" pos=<10416.6, 3.09, 9799.94>) player position
08:25:34: Player "ALFAA" (steam64id="76561199071067007" pos=<10737.2, 14.04, 12077.3>) player position
08:30:34: Player "GabrielDWR" (steam64id="76561199012612653" pos=<10434.8, 2.58, 9698.34>) player position
08:30:34: Player "ALFAA" (steam64id="76561199071067007" pos=<10808.5, 10.65, 12133.7>) player position
08:35:34: Player "GabrielDWR" (steam64id="76561199012612653" pos=<10438, 2.93, 9687.13>) player position
08:35:34: Player "ALFAA" (steam64id="76561199071067007" pos=<10384, 11.47, 12372.4>) player position
08:40:34: Player "GabrielDWR" (steam64id="76561199012612653" pos=<10497.5, 3.65, 9738.32>) player position
08:40:34: Player "ALFAA" (steam64id="76561199071067007" pos=<10198.1, 18.14, 12543.3>) player position
08:45:34: Player "GabrielDWR" (steam64id="76561199012612653" pos=<10783.2, 3.78, 8917.96>) player position
08:45:34: Player "ALFAA" (steam64id="76561199071067007" pos=<10163.3, 14.91, 12531>) player position
08:50:34: Player "GabrielDWR" (steam64id="76561199012612653" pos=<10768.8, 4.18, 8614.09>) player position
08:50:34: Player "ALFAA" (steam64id="76561199071067007" pos=<10064, 16.19, 12588.3>) player position
08:55:34: Player "GabrielDWR" (steam64id="76561199012612653" pos=<10932.2, 4.31, 8371.29>) player position
09:00:34: Player "GabrielDWR" (steam64id="76561199012612653" pos=<10971.5, 19.89, 8667.65>) player position
09:05:34: Player "GabrielDWR" (steam64id="76561199012612653" pos=<10984.9, 8.89, 8666.77>) player position
09:10:34: Player "GabrielDWR" (steam64id="76561199012612653" pos=<11330.3, 4.13, 8211.05>) player position
09:15:34: Player "GabrielDWR" (steam64id="76561199012612653" pos=<11349.9, 4.23, 8278.79>) player position
09:20:34: Player "GabrielDWR" (steam64id="76561199012612653" pos=<11339, 19.62, 8353.01>) player position
09:25:34: Player "GabrielDWR" (steam64id="76561199012612653" pos=<11347.7, 4.44, 8480.58>) player position
09:30:34: Player "GabrielDWR" (steam64id="76561199012612653" pos=<11169.6, 4.08, 8580.65>) player position
09:30:34: Player "{PB} BIZU" (steam64id="76561198418322081" pos=<10934.4, 24.33, 13773.6>) player position
09:35:34: Player "GabrielDWR" (steam64id="76561199012612653" pos=<11243.5, 4.08, 8481.97>) player position
09:35:34: Player "{PB} BIZU" (steam64id="76561198418322081" pos=<10659.7, 34.21, 13330.2>) player position
09:40:34: Player "GabrielDWR" (steam64id="76561199012612653" pos=<11384.2, 11.20, 7976.73>) player position
09:40:34: Player "{PB} BIZU" (steam64id="76561198418322081" pos=<10509.4, 24.75, 13005.1>) player position
09:45:34: Player "GabrielDWR" (steam64id="76561199012612653" pos=<11842, 19.80, 7270.77>) player position
09:45:34: Player "{PB} BIZU" (steam64id="76561198418322081" pos=<10266.8, 17.37, 12634.4>) player position
09:50:34: Player "GabrielDWR" (steam64id="76561199012612653" pos=<11841.9, 19.80, 7269.38>) player position
09:50:34: Player "{PB} BIZU" (steam64id="76561198418322081" pos=<10175.3, 15.53, 12537.1>) player position
09:50:34: Player "nicolasmaduro13" (steam64id="76561199046935422" pos=<11153.7, 16.06, 13674.1>) player position
09:55:34: Player "GabrielDWR" (steam64id="76561199012612653" pos=<11836.8, 19.80, 7269.2>) player position
09:55:34: Player "{PB} BIZU" (steam64id="76561198418322081" pos=<10079.6, 15.33, 12579.2>) player position
09:55:34: Player "nicolasmaduro13" (steam64id="76561199046935422" pos=<10919.4, 14.10, 13639.5>) player position
10:00:34: Player "GabrielDWR" (steam64id="76561199012612653" pos=<11836.8, 19.80, 7269.2>) player position
10:00:34: Player "{PB} BIZU" (steam64id="76561198418322081" pos=<10387.5, 11.49, 12380.7>) player position
10:05:34: Player "GabrielDWR" (steam64id="76561199012612653" pos=<11842.6, 19.80, 7268.74>) player position
10:05:34: Player "{PB} BIZU" (steam64id="76561198418322081" pos=<10748.2, 14.04, 12076.1>) player position
10:10:34: Player "GabrielDWR" (steam64id="76561199012612653" pos=<11841.2, 19.80, 7269.28>) player position
10:10:34: Player "{PB} BIZU" (steam64id="76561198418322081" pos=<10515.7, 34.28, 11195.9>) player position
10:15:34: Player "GabrielDWR" (steam64id="76561199012612653" pos=<11757.5, 28.03, 7088.87>) player position
10:15:34: Player "{PB} BIZU" (steam64id="76561198418322081" pos=<10282.3, 10.76, 11031>) player position
10:20:34: Player "GabrielDWR" (steam64id="76561199012612653" pos=<11648.8, 41.61, 6631.8>) player position
10:20:34: Player "{PB} BIZU" (steam64id="76561198418322081" pos=<10415.5, 11.85, 10700.1>) player position
10:20:34: Player "[YKZ]-Lobato" (steam64id="76561198158375860" pos=<11083.2, 4.01, 8412.26>) player position
10:25:34: Player "GabrielDWR" (steam64id="76561199012612653" pos=<11642.7, 35.48, 6566.9>) player position
10:25:34: Player "{PB} BIZU" (steam64id="76561198418322081" pos=<10407.9, 4.61, 9803.35>) player position
10:25:34: Player "[YKZ]-Lobato" (steam64id="76561198158375860" pos=<9974.68, 27.21, 8136.83>) player position
10:30:34: Player "GabrielDWR" (steam64id="76561199012612653" pos=<11599.4, 34.66, 6575.44>) player position
10:30:34: Player "{PB} BIZU" (steam64id="76561198418322081" pos=<10421.3, 6.18, 9752.1>) player position
10:30:34: Player "[YKZ]-Lobato" (steam64id="76561198158375860" pos=<9923.33, 27.01, 8112.1>) player position
10:35:34: Player "GabrielDWR" (steam64id="76561199012612653" pos=<11842.1, 19.80, 7269.75>) player position
10:35:34: Player "{PB} BIZU" (steam64id="76561198418322081" pos=<10421.3, 6.18, 9752.1>) player position
10:35:34: Player "[YKZ]-Lobato" (steam64id="76561198158375860" pos=<9574.59, 27.62, 7997.92>) player position
10:40:34: Player "GabrielDWR" (steam64id="76561199012612653" pos=<11842, 19.80, 7270.34>) player position
10:40:34: Player "[YKZ]-Lobato" (steam64id="76561198158375860" pos=<9579.22, 27.29, 8164.3>) player position
10:45:34: Player "GabrielDWR" (steam64id="76561199012612653" pos=<11842.5, 19.80, 7269.25>) player position
10:45:34: Player "[YKZ]-Lobato" (steam64id="76561198158375860" pos=<9523.78, 27.39, 8150.81>) player position
10:50:34: Player "GabrielDWR" (steam64id="76561199012612653" pos=<11842.1, 19.80, 7270.02>) player position
10:50:34: Player "[YKZ]-Lobato" (steam64id="76561198158375860" pos=<9288.91, 27.51, 8230.08>) player position
10:55:34: Player "GabrielDWR" (steam64id="76561199012612653" pos=<11652.9, 46.59, 7555.4>) player position
10:55:34: Player "[YKZ]-Lobato" (steam64id="76561198158375860" pos=<9134.89, 27.52, 8148.34>) player position
11:00:34: Player "GabrielDWR" (steam64id="76561199012612653" pos=<11313.6, 4.24, 8114.43>) player position
11:00:34: Player "[YKZ]-Lobato" (steam64id="76561198158375860" pos=<8173.11, 211.26, 8454.45>) player position
11:05:34: Player "GabrielDWR" (steam64id="76561199012612653" pos=<11179.4, 4.35, 8282.14>) player position
11:05:34: Player "[YKZ]-Lobato" (steam64id="76561198158375860" pos=<8118.57, 237.65, 8430.3>) player position
11:10:34: Player "GabrielDWR" (steam64id="76561199012612653" pos=<10904.6, 4.88, 8456.47>) player position
11:10:34: Player "[YKZ]-Lobato" (steam64id="76561198158375860" pos=<8103.16, 19.28, 7685.89>) player position
11:10:34: Player "G A T O" (steam64id="76561199207813177" pos=<9562.87, 36.19, 7908.4>) player position
11:15:34: Player "GabrielDWR" (steam64id="76561199012612653" pos=<10919.4, 20.51, 8726.47>) player position
11:15:34: Player "[YKZ]-Lobato" (steam64id="76561198158375860" pos=<8180.67, 16.13, 7802.51>) player position
11:15:34: Player "G A T O" (steam64id="76561199207813177" pos=<9714.12, 28.74, 7924.42>) player position
11:15:34: Player "Betinho_maluco" (steam64id="76561198057627157" pos=<8667.12, 187.66, 6658.23>) player position
11:20:34: Player "GabrielDWR" (steam64id="76561199012612653" pos=<10908.6, 23.92, 8778.01>) player position
11:20:34: Player "[YKZ]-Lobato" (steam64id="76561198158375860" pos=<9718.59, 15.58, 8407.22>) player position
11:20:34: Player "G A T O" (steam64id="76561199207813177" pos=<10510, 150.18, 7904.23>) player position
11:20:34: Player "Betinho_maluco" (steam64id="76561198057627157" pos=<8691.95, 181.92, 6737.49>) player position
11:25:34: Player "GabrielDWR" (steam64id="76561199012612653" pos=<11045.8, 4.13, 8635>) player position
11:25:34: Player "[YKZ]-Lobato" (steam64id="76561198158375860" pos=<11078, 4.25, 8427.45>) player position
11:25:34: Player "G A T O" (steam64id="76561199207813177" pos=<10727.2, 55.35, 8238.34>) player position
11:25:34: Player "Betinho_maluco" (steam64id="76561198057627157" pos=<8414.75, 98.72, 6547.02>) player position
11:25:34: Player "ALFAA" (steam64id="76561199071067007" pos=<10064, 16.19, 12588.3>) player position
11:30:34: Player "GabrielDWR" (steam64id="76561199012612653" pos=<11227.6, 5.34, 8402.04>) player position
11:30:34: Player "[YKZ]-Lobato" (steam64id="76561198158375860" pos=<11090.7, 35.24, 8430.3>) player position
11:30:34: Player "G A T O" (steam64id="76561199207813177" pos=<10727.3, 55.09, 8238.91>) player position
11:30:34: Player "ALFAA" (steam64id="76561199071067007" pos=<10082.7, 15.38, 12590.3>) player position
11:35:34: Player "GabrielDWR" (steam64id="76561199012612653" pos=<11323.7, 4.01, 8149.17>) player position
11:35:34: Player "[YKZ]-Lobato" (steam64id="76561198158375860" pos=<11089.6, 35.24, 8432.53>) player position
11:35:34: Player "G A T O" (steam64id="76561199207813177" pos=<10727.5, 54.98, 8239.24>) player position
11:35:34: Player "ALFAA" (steam64id="76561199071067007" pos=<10164.6, 17.30, 12585.3>) player position
11:40:34: Player "GabrielDWR" (steam64id="76561199012612653" pos=<11296.3, 4.13, 8184.3>) player position
11:40:34: Player "[YKZ]-Lobato" (steam64id="76561198158375860" pos=<11090.3, 35.24, 8430.78>) player position
11:40:34: Player "G A T O" (steam64id="76561199207813177" pos=<10732.1, 50.71, 8167.11>) player position
11:40:34: Player "ALFAA" (steam64id="76561199071067007" pos=<10245.6, 17.49, 12582>) player position
11:40:34: Player "DanielSam" (steam64id="76561198867200764" pos=<7552.25, 31.35, 7893.01>) player position
11:45:34: Player "GabrielDWR" (steam64id="76561199012612653" pos=<11840.4, 19.80, 7268.56>) player position
11:45:34: Player "[YKZ]-Lobato" (steam64id="76561198158375860" pos=<11094.3, 35.24, 8425.72>) player position
11:45:34: Player "G A T O" (steam64id="76561199207813177" pos=<10738.8, 52.56, 8211.34>) player position
11:45:34: Player "ALFAA" (steam64id="76561199071067007" pos=<10286.8, 17.80, 12604.5>) player position
11:45:34: Player "DanielSam" (steam64id="76561198867200764" pos=<7547.69, 35.24, 7898.42>) player position
11:50:34: Player "GabrielDWR" (steam64id="76561199012612653" pos=<11581.8, 62.84, 7690.86>) player position
11:50:34: Player "[YKZ]-Lobato" (steam64id="76561198158375860" pos=<11089.1, 35.24, 8433.79>) player position
11:50:34: Player "G A T O" (steam64id="76561199207813177" pos=<10739.3, 52.25, 8210.01>) player position
11:50:34: Player "ALFAA" (steam64id="76561199071067007" pos=<10159.2, 18.64, 12487.5>) player position
11:50:34: Player "DanielSam" (steam64id="76561198867200764" pos=<7550, 35.24, 7901.12>) player position
11:55:34: Player "GabrielDWR" (steam64id="76561199012612653" pos=<11041.9, 4.52, 8312.24>) player position
11:55:34: Player "[YKZ]-Lobato" (steam64id="76561198158375860" pos=<11078, 4.25, 8425.42>) player position
11:55:34: Player "G A T O" (steam64id="76561199207813177" pos=<10778.3, 7.44, 8864.94>) player position
11:55:34: Player "ALFAA" (steam64id="76561199071067007" pos=<9795.41, 9.00, 12572.9>) player position
11:55:34: Player "DanielSam" (steam64id="76561198867200764" pos=<7549.95, 35.24, 7899.7>) player position
12:05:33: Player "G A T O" (steam64id="76561199207813177" pos=<10500.6, 145.61, 7882.05>) player position
12:05:33: Player "GabrielDWR" (steam64id="76561199012612653" pos=<10769.5, 9.74, 8688.11>) player position
12:10:33: Player "GabrielDWR" (steam64id="76561199012612653" pos=<11414.4, 31.89, 7750.22>) player position
12:15:33: Player "GabrielDWR" (steam64id="76561199012612653" pos=<11835.5, 19.80, 7270.13>) player position
12:20:33: Player "GabrielDWR" (steam64id="76561199012612653" pos=<11831.3, 19.73, 7264.02>) player position
12:20:33: Player "[HORDA]ThiagoPenna" (steam64id="76561198218822351" pos=<10064.1, 9.66, 11769>) player position
12:20:33: Player "[HORDA]MacLovin" (steam64id="76561199068236803" pos=<9962.04, 7.47, 11771.7>) player position
12:25:33: Player "GabrielDWR" (steam64id="76561199012612653" pos=<11839.8, 19.80, 7269.36>) player position
12:25:33: Player "[HORDA]ThiagoPenna" (steam64id="76561198218822351" pos=<9046.88, 14.05, 11707>) player position
12:25:33: Player "[HORDA]MacLovin" (steam64id="76561199068236803" pos=<9953.16, 19.17, 11778.1>) player position
12:30:33: Player "[HORDA]ThiagoPenna" (steam64id="76561198218822351" pos=<8858.32, 28.10, 11348>) player position
12:30:33: Player "[HORDA]MacLovin" (steam64id="76561199068236803" pos=<9951.62, 19.17, 11776.9>) player position
12:35:33: Player "[HORDA]ThiagoPenna" (steam64id="76561198218822351" pos=<8779.72, 40.28, 11242.3>) player position
12:35:33: Player "[HORDA]MacLovin" (steam64id="76561199068236803" pos=<10023.6, 9.26, 11740.6>) player position
12:40:33: Player "[HORDA]ThiagoPenna" (steam64id="76561198218822351" pos=<9411.84, 2.22, 11789.3>) player position
12:40:33: Player "[HORDA]KAS" (steam64id="76561199202697738" pos=<11165.3, 32.81, 13193.2>) player position
12:40:33: Player "[HORDA]MacLovin" (steam64id="76561199068236803" pos=<10315.9, 12.60, 10994>) player position
12:45:33: Player "[HORDA]ThiagoPenna" (steam64id="76561198218822351" pos=<9956.82, 21.41, 11781.5>) player position
12:45:33: Player "[HORDA]KAS" (steam64id="76561199202697738" pos=<10244.5, 11.88, 12097.2>) player position
12:45:33: Player "[HORDA]MacLovin" (steam64id="76561199068236803" pos=<10406.8, 9.10, 10384.7>) player position
12:50:33: Player "[HORDA]ThiagoPenna" (steam64id="76561198218822351" pos=<9976.41, 6.86, 11738.9>) player position
12:50:33: Player "[HORDA]KAS" (steam64id="76561199202697738" pos=<9954.31, 27.26, 11777.8>) player position
12:50:33: Player "[HORDA]MacLovin" (steam64id="76561199068236803" pos=<10415.5, 2.85, 9776.06>) player position
12:50:33: Player "[YKZ]-BlackBear" (steam64id="76561198343030820" pos=<9899.54, 12.99, 12448.7>) player position
12:55:33: Player "[HORDA]ThiagoPenna" (steam64id="76561198218822351" pos=<10394.2, 14.95, 10642.7>) player position
12:55:33: Player "[HORDA]KAS" (steam64id="76561199202697738" pos=<10306.9, 10.79, 10970.7>) player position
12:55:33: Player "[HORDA]MacLovin" (steam64id="76561199068236803" pos=<10418.8, 6.18, 9778.91>) player position
12:55:33: Player "[YKZ]-BlackBear" (steam64id="76561198343030820" pos=<10015.9, 6.77, 11694.5>) player position
12:55:33: Player "BRUXO" (steam64id="76561198140728342" pos=<10162.5, 2.58, 9742.09>) player position
13:00:33: Player "[HORDA]ThiagoPenna" (steam64id="76561198218822351" pos=<10417.6, 1.22, 9497.17>) player position
13:00:33: Player "[HORDA]KAS" (steam64id="76561199202697738" pos=<10382.1, 6.74, 10124.5>) player position
13:00:33: Player "[HORDA]MacLovin" (steam64id="76561199068236803" pos=<10477.1, 3.22, 9710.64>) player position
13:00:33: Player "[YKZ]-BlackBear" (steam64id="76561198343030820" pos=<10312.5, 10.83, 11018.7>) player position
13:05:33: Player "[HORDA]ThiagoPenna" (steam64id="76561198218822351" pos=<9994.2, 3.36, 8808.52>) player position
13:05:33: Player "[HORDA]KAS" (steam64id="76561199202697738" pos=<10194.2, 5.47, 9163.59>) player position
13:05:33: Player "[HORDA]MacLovin" (steam64id="76561199068236803" pos=<9948.25, 5.73, 8899.89>) player position
13:05:33: Player "[YKZ]-BlackBear" (steam64id="76561198343030820" pos=<10408.6, 13.37, 10616>) player position
13:10:33: Player "[HORDA]ThiagoPenna" (steam64id="76561198218822351" pos=<9973.05, 27.17, 8155.75>) player position
13:10:33: Player "[HORDA]KAS" (steam64id="76561199202697738" pos=<9583.9, 27.29, 8158.63>) player position
13:10:33: Player "[HORDA]MacLovin" (steam64id="76561199068236803" pos=<9192.31, 31.07, 8259.52>) player position
13:10:33: Player "[YKZ]-BlackBear" (steam64id="76561198343030820" pos=<10453.5, 5.23, 9816.46>) player position
13:15:33: Player "[HORDA]ThiagoPenna" (steam64id="76561198218822351" pos=<9832.72, 23.12, 8085.44>) player position
13:15:33: Player "[HORDA]KAS" (steam64id="76561199202697738" pos=<9376.76, 35.36, 7847.97>) player position
13:15:33: Player "[HORDA]MacLovin" (steam64id="76561199068236803" pos=<9162.96, 27.20, 8110.73>) player position
13:15:33: Player "[YKZ]-BlackBear" (steam64id="76561198343030820" pos=<10824.6, 1.43, 8972.09>) player position
13:20:33: Player "[HORDA]ThiagoPenna" (steam64id="76561198218822351" pos=<9517.16, 28.11, 7995.75>) player position
13:20:33: Player "[HORDA]KAS" (steam64id="76561199202697738" pos=<9355.62, 35.68, 7881.01>) player position
13:20:33: Player "[HORDA]MacLovin" (steam64id="76561199068236803" pos=<9388.57, 37.24, 7761.98>) player position
13:20:33: Player "[YKZ]-BlackBear" (steam64id="76561198343030820" pos=<11089.5, 31.61, 8426.64>) player position
13:20:33: Player "(CNXC)Roger    " (steam64id="76561198119108882" pos=<9704.51, 0.93, 13590.3>) player position
13:25:33: Player "[HORDA]ThiagoPenna" (steam64id="76561198218822351" pos=<9101.94, 29.00, 7985.29>) player position
13:25:33: Player "[HORDA]KAS" (steam64id="76561199202697738" pos=<9186.11, 29.14, 8001.19>) player position
13:25:33: Player "[HORDA]MacLovin" (steam64id="76561199068236803" pos=<9547.31, 28.34, 8078.89>) player position
13:25:33: Player "[YKZ]-BlackBear" (steam64id="76561198343030820" pos=<11091, 35.24, 8424.95>) player position
13:25:33: Player "(CNXC)Roger    " (steam64id="76561198119108882" pos=<10821.7, 19.59, 13911.2>) player position
13:30:33: Player "[HORDA]ThiagoPenna" (steam64id="76561198218822351" pos=<8171.94, 211.26, 8454.6>) player position
13:30:33: Player "[HORDA]KAS" (steam64id="76561199202697738" pos=<9051.68, 32.96, 8019.33>) player position
13:30:33: Player "[HORDA]MacLovin" (steam64id="76561199068236803" pos=<9356.88, 27.01, 8213.56>) player position
13:30:33: Player "[YKZ]-BlackBear" (steam64id="76561198343030820" pos=<11085.3, 41.36, 8427.42>) player position
13:30:33: Player "(CNXC)Roger    " (steam64id="76561198119108882" pos=<10958, 16.85, 13657.9>) player position
13:30:33: Player "[horda]marcelinho" (steam64id="76561198817477406" pos=<9951.46, 7.53, 11777.4>) player position
13:35:33: Player "[HORDA]ThiagoPenna" (steam64id="76561198218822351" pos=<8127.17, 229.46, 8428.84>) player position
13:35:33: Player "[HORDA]MacLovin" (steam64id="76561199068236803" pos=<9317.25, 27.21, 8222.22>) player position
13:35:33: Player "[YKZ]-BlackBear" (steam64id="76561198343030820" pos=<11081.9, 35.24, 8424.55>) player position
13:35:33: Player "(CNXC)Roger    " (steam64id="76561198119108882" pos=<10807.5, 10.92, 13582.4>) player position
13:35:33: Player "[horda]marcelinho" (steam64id="76561198817477406" pos=<9945.13, 4.22, 11507.1>) player position
13:35:33: Player "Vini_300" (steam64id="76561198145785923" pos=<10706.6, 35.67, 7310.79>) player position
13:40:33: Player "[HORDA]ThiagoPenna" (steam64id="76561198218822351" pos=<8525.71, 30.98, 7436.96>) player position
13:40:33: Player "[HORDA]MacLovin" (steam64id="76561199068236803" pos=<9642.76, 19.04, 8391.41>) player position
13:40:33: Player "[YKZ]-BlackBear" (steam64id="76561198343030820" pos=<11081.9, 35.24, 8424.55>) player position
13:40:33: Player "(CNXC)Roger    " (steam64id="76561198119108882" pos=<10763.2, 14.19, 13471.2>) player position
13:40:33: Player "[horda]marcelinho" (steam64id="76561198817477406" pos=<10258.9, 3.74, 10374>) player position
13:40:33: Player "Vini_300" (steam64id="76561198145785923" pos=<10700.2, 38.13, 7314.47>) player position
13:45:33: Player "[HORDA]ThiagoPenna" (steam64id="76561198218822351" pos=<8722.65, 182.55, 6712.04>) player position
13:45:33: Player "[YKZ]-BlackBear" (steam64id="76561198343030820" pos=<11093.1, 35.24, 8423.27>) player position
13:45:33: Player "(CNXC)Roger    " (steam64id="76561198119108882" pos=<10553, 22.79, 13410.5>) player position
13:45:33: Player "Vini_300" (steam64id="76561198145785923" pos=<10697, 39.84, 7312.75>) player position
13:45:33: Player "[HORDA]MacLovin" (steam64id="76561199068236803" pos=<9565.22, 3.69, 9579.52>) player position
13:50:33: Player "[HORDA]ThiagoPenna" (steam64id="76561198218822351" pos=<8663.73, 181.69, 6734.25>) player position
13:50:33: Player "[YKZ]-BlackBear" (steam64id="76561198343030820" pos=<11085.4, 35.24, 8427.45>) player position
13:50:33: Player "(CNXC)Roger    " (steam64id="76561198119108882" pos=<10559.1, 18.29, 13571.2>) player position
13:50:33: Player "Vini_300" (steam64id="76561198145785923" pos=<10703.5, 35.71, 7317.98>) player position
13:50:33: Player "[HORDA]MacLovin" (steam64id="76561199068236803" pos=<9561.63, 6.07, 9580.47>) player position
13:55:33: Player "[HORDA]ThiagoPenna" (steam64id="76561198218822351" pos=<9788.95, 44.54, 6493.02>) player position
13:55:33: Player "[YKZ]-BlackBear" (steam64id="76561198343030820" pos=<11029.3, 4.01, 8498.9>) player position
13:55:33: Player "(CNXC)Roger    " (steam64id="76561198119108882" pos=<10490.6, 25.45, 13002.1>) player position
13:55:33: Player "Vini_300" (steam64id="76561198145785923" pos=<10601.9, 46.31, 7796.9>) player position
13:55:33: Player "[HORDA]MacLovin" (steam64id="76561199068236803" pos=<9560.41, 2.94, 9581.12>) player position
14:00:33: Player "[HORDA]ThiagoPenna" (steam64id="76561198218822351" pos=<10248.2, 36.33, 6254.74>) player position
14:00:33: Player "[YKZ]-BlackBear" (steam64id="76561198343030820" pos=<11023, 4.13, 8406.66>) player position
14:00:33: Player "(CNXC)Roger    " (steam64id="76561198119108882" pos=<10411.3, 27.54, 12996.1>) player position
14:00:33: Player "[HORDA]MacLovin" (steam64id="76561199068236803" pos=<9535.79, 11.08, 8506.55>) player position
14:05:33: Player "[HORDA]ThiagoPenna" (steam64id="76561198218822351" pos=<10171.5, 35.80, 6204.1>) player position
14:05:33: Player "[YKZ]-BlackBear" (steam64id="76561198343030820" pos=<11031.7, 4.01, 8501.1>) player position
14:05:33: Player "(CNXC)Roger    " (steam64id="76561198119108882" pos=<10358.6, 11.55, 12477.8>) player position
14:05:33: Player "[HORDA]MacLovin" (steam64id="76561199068236803" pos=<9053.98, 42.29, 8032.48>) player position
14:05:33: Player "[YKZ]-Lobato" (steam64id="76561198158375860" pos=<11135.8, 6.59, 8394.13>) player position
14:10:33: Player "[YKZ]-BlackBear" (steam64id="76561198343030820" pos=<11039.1, 4.01, 8504>) player position
14:10:33: Player "(CNXC)Roger    " (steam64id="76561198119108882" pos=<10182.8, 19.84, 12630.4>) player position
14:10:33: Player "[YKZ]-Lobato" (steam64id="76561198158375860" pos=<11056.4, 4.01, 8506.71>) player position
14:15:33: Player "[YKZ]-BlackBear" (steam64id="76561198343030820" pos=<11075.2, 4.23, 8494.63>) player position
14:15:33: Player "(CNXC)Roger    " (steam64id="76561198119108882" pos=<10373.4, 16.07, 12113.2>) player position
14:15:33: Player "[YKZ]-Lobato" (steam64id="76561198158375860" pos=<11112.6, 4.23, 8440.08>) player position
14:15:33: Player "Galega" (steam64id="76561198959103891" pos=<10833, 10.11, 12037.6>) player position
14:20:33: Player "[YKZ]-BlackBear" (steam64id="76561198343030820" pos=<11082.8, 7.91, 8429.91>) player position
14:20:33: Player "(CNXC)Roger    " (steam64id="76561198119108882" pos=<10441, 12.85, 11621.2>) player position
14:20:33: Player "[YKZ]-Lobato" (steam64id="76561198158375860" pos=<11036.8, 6.35, 8238.53>) player position
14:20:33: Player "Galega" (steam64id="76561198959103891" pos=<10807, 13.42, 11954.9>) player position
14:25:33: Player "[YKZ]-BlackBear" (steam64id="76561198343030820" pos=<11089.2, 41.37, 8421.77>) player position
14:25:33: Player "(CNXC)Roger    " (steam64id="76561198119108882" pos=<10332.4, 11.11, 11033.8>) player position
14:25:33: Player "[YKZ]-Lobato" (steam64id="76561198158375860" pos=<11089.2, 35.24, 8433.01>) player position
14:25:33: Player "Galega" (steam64id="76561198959103891" pos=<10644.8, 9.95, 12007.6>) player position
14:25:33: Player "ProstFire" (steam64id="76561198838473436" pos=<11402.1, 34.17, 12941.5>) player position
14:30:33: Player "[YKZ]-BlackBear" (steam64id="76561198343030820" pos=<11020.8, 5.01, 8286.01>) player position
14:30:33: Player "(CNXC)Roger    " (steam64id="76561198119108882" pos=<10286.7, 6.76, 10851.8>) player position
14:30:33: Player "[YKZ]-Lobato" (steam64id="76561198158375860" pos=<11040.6, 10.74, 8204.25>) player position
14:30:33: Player "Galega" (steam64id="76561198959103891" pos=<10653.3, 10.84, 12022>) player position
14:30:33: Player "ProstFire" (steam64id="76561198838473436" pos=<11235.6, 29.56, 13109.4>) player position
14:35:33: Player "[YKZ]-BlackBear" (steam64id="76561198343030820" pos=<11078.3, 4.01, 8525.61>) player position
14:35:33: Player "(CNXC)Roger    " (steam64id="76561198119108882" pos=<10177.1, 10.02, 10070.3>) player position
14:35:33: Player "[YKZ]-Lobato" (steam64id="76561198158375860" pos=<10901.8, 7.11, 8243.82>) player position
14:35:33: Player "Galega" (steam64id="76561198959103891" pos=<10624.1, 9.95, 12013.9>) player position
14:35:33: Player "ProstFire" (steam64id="76561198838473436" pos=<11194.7, 32.60, 13169.9>) player position
14:40:33: Player "[YKZ]-BlackBear" (steam64id="76561198343030820" pos=<11007.3, 4.01, 8473.56>) player position
14:40:33: Player "(CNXC)Roger    " (steam64id="76561198119108882" pos=<10302.8, 1.20, 9791.71>) player position
14:40:33: Player "[YKZ]-Lobato" (steam64id="76561198158375860" pos=<10961, 4.13, 8489.92>) player position
14:40:33: Player "Galega" (steam64id="76561198959103891" pos=<10737.2, 10.24, 12076.9>) player position
14:40:33: Player "ProstFire" (steam64id="76561198838473436" pos=<10896.7, 26.96, 13272.9>) player position
14:45:33: Player "[YKZ]-BlackBear" (steam64id="76561198343030820" pos=<11010.7, 4.14, 8488.48>) player position
14:45:33: Player "(CNXC)Roger    " (steam64id="76561198119108882" pos=<10480.8, 3.21, 9702.14>) player position
14:45:33: Player "[YKZ]-Lobato" (steam64id="76561198158375860" pos=<11004.4, 4.43, 8620.19>) player position
14:45:33: Player "Galega" (steam64id="76561198959103891" pos=<10737.2, 17.84, 12082.7>) player position
14:45:33: Player "ProstFire" (steam64id="76561198838473436" pos=<11026.6, 28.76, 13494.3>) player position
14:50:33: Player "[YKZ]-BlackBear" (steam64id="76561198343030820" pos=<10951.7, 7.17, 8203.29>) player position
14:50:33: Player "(CNXC)Roger    " (steam64id="76561198119108882" pos=<10446.7, 2.87, 9686.19>) player position
14:50:33: Player "[YKZ]-Lobato" (steam64id="76561198158375860" pos=<10910.9, 6.64, 8178.92>) player position
14:50:33: Player "Galega" (steam64id="76561198959103891" pos=<11027.2, 5.73, 11980.7>) player position
14:50:33: Player "Vex" (steam64id="76561198020686220" pos=<9716.21, 13.70, 15022.6>) player position
14:50:33: Player "ProstFire" (steam64id="76561198838473436" pos=<11119.1, 15.42, 13634.5>) player position
14:55:33: Player "(CNXC)Roger    " (steam64id="76561198119108882" pos=<10794.8, 6.18, 8879.82>) player position
14:55:33: Player "[YKZ]-Lobato" (steam64id="76561198158375860" pos=<11043.5, 4.13, 8079.13>) player position
14:55:33: Player "Galega" (steam64id="76561198959103891" pos=<10755.4, 8.82, 11510.5>) player position
14:55:33: Player "Vex" (steam64id="76561198020686220" pos=<9920.96, 12.28, 14268.8>) player position
14:55:33: Player "ProstFire" (steam64id="76561198838473436" pos=<11039.6, 34.22, 13786.5>) player position
14:55:33: Player "[YKZ]-BlackBear" (steam64id="76561198343030820" pos=<11031.3, 4.01, 8499.95>) player position
15:00:33: Player "(CNXC)Roger    " (steam64id="76561198119108882" pos=<10834.5, 4.01, 8647.12>) player position
15:00:33: Player "[YKZ]-Lobato" (steam64id="76561198158375860" pos=<11005.5, 4.12, 8375.76>) player position
15:00:33: Player "Galega" (steam64id="76561198959103891" pos=<10297.8, 10.81, 11004.6>) player position
15:00:33: Player "Vex" (steam64id="76561198020686220" pos=<9757.2, 3.85, 13234.7>) player position
15:00:33: Player "ProstFire" (steam64id="76561198838473436" pos=<10910.5, 17.44, 13621.9>) player position
15:00:33: Player "[YKZ]-BlackBear" (steam64id="76561198343030820" pos=<11083.8, 27.67, 8429.49>) player position
