18:23:22: Player "[HORDA]MacLovin" (steam64id="76561199068236803" pos=<10710.5, 10.57, 11969.1>) player position
18:28:22: Player "[HORDA]MacLovin" (steam64id="76561199068236803" pos=<10297.8, 10.84, 11015.9>) player position
18:33:22: Player "[HORDA]MacLovin" (steam64id="76561199068236803" pos=<10365.5, 8.84, 10924.7>) player position
18:33:22: Player "[YKZ] Seekerzao" (steam64id="76561198067793781" pos=<10493.9, 4.04, 8513.03>) player position
18:38:22: Player "[HORDA]MacLovin" (steam64id="76561199068236803" pos=<10407.7, 3.22, 9829.93>) player position
18:38:22: Player "[YKZ] Seekerzao" (steam64id="76561198067793781" pos=<10504.4, 5.28, 9538.76>) player position
18:43:22: Player "[HORDA]MacLovin" (steam64id="76561199068236803" pos=<10478.5, 3.23, 9723.49>) player position
18:43:22: Player "[YKZ] Seekerzao" (steam64id="76561198067793781" pos=<10469.9, 3.54, 9687.27>) player position
18:43:22: Player "Derze" (steam64id="76561198061703595" pos=<10386.3, 18.96, 13486.4>) player position
18:48:22: Player "[YKZ] Seekerzao" (steam64id="76561198067793781" pos=<10243.4, 10.43, 11131.9>) player position
18:48:22: Player "Funghi" (steam64id="76561199069858485" pos=<10504.7, 20.20, 10968.4>) player position
18:48:22: Player "ACC" (steam64id="76561198106291582" pos=<11044.7, 28.53, 12267.4>) player position
18:48:22: Player "Sagara" (steam64id="76561198057660620" pos=<10896.4, 13.15, 13610>) player position
18:53:22: Player "[YKZ] Seekerzao" (steam64id="76561198067793781" pos=<10312, 10.83, 11017>) player position
18:53:22: Player "Funghi" (steam64id="76561199069858485" pos=<10504.9, 20.20, 10969>) player position
18:53:22: Player "ACC" (steam64id="76561198106291582" pos=<10700.3, 13.54, 11327.2>) player position
18:53:22: Player "Sagara" (steam64id="76561198057660620" pos=<10722.1, 14.41, 13477>) player position
18:58:22: Player "[YKZ] Seekerzao" (steam64id="76561198067793781" pos=<10236.6, 14.05, 11339.5>) player position
18:58:22: Player "Funghi" (steam64id="76561199069858485" pos=<10424.4, 11.64, 10704.2>) player position
18:58:22: Player "ACC" (steam64id="76561198106291582" pos=<10414.3, 8.06, 10754.1>) player position
18:58:22: Player "Sagara" (steam64id="76561198057660620" pos=<10893.1, 27.62, 13233.7>) player position
19:03:22: Player "[YKZ] Seekerzao" (steam64id="76561198067793781" pos=<10235.9, 14.05, 11327.5>) player position
19:03:22: Player "Funghi" (steam64id="76561199069858485" pos=<10261.8, 2.60, 10665.6>) player position
19:03:22: Player "ACC" (steam64id="76561198106291582" pos=<10274.2, 3.10, 10663.6>) player position
19:03:22: Player "Sagara" (steam64id="76561198057660620" pos=<10288.5, 17.54, 12625>) player position
19:03:22: Player "[HORDA]ThiagoPenna" (steam64id="76561198218822351" pos=<9953.36, 19.17, 11778.6>) player position
19:08:22: Player "Funghi" (steam64id="76561199069858485" pos=<10406.9, 3.09, 9809.05>) player position
19:08:22: Player "ACC" (steam64id="76561198106291582" pos=<10406.4, 3.57, 9809.39>) player position
19:08:22: Player "Sagara" (steam64id="76561198057660620" pos=<10062.3, 16.19, 12586.4>) player position
19:08:22: Player "[HORDA]ThiagoPenna" (steam64id="76561198218822351" pos=<9956.8, 7.53, 11780.1>) player position
19:13:22: Player "Funghi" (steam64id="76561199069858485" pos=<10447.6, 2.87, 9688.26>) player position
19:13:22: Player "ACC" (steam64id="76561198106291582" pos=<10438.5, 2.93, 9685.99>) player position
19:13:22: Player "Sagara" (steam64id="76561198057660620" pos=<9738.43, 9.21, 12615.4>) player position
19:13:22: Player "[HORDA]ThiagoPenna" (steam64id="76561198218822351" pos=<9953.49, 7.00, 11763.4>) player position
19:13:22: Player "[YKZ]-Lobato" (steam64id="76561198158375860" pos=<9957.38, 26.99, 8104.95>) player position
19:13:22: Player "Luisff" (steam64id="76561198191554814" pos=<10751.1, 17.84, 12082.7>) player position
19:18:22: Player "Funghi" (steam64id="76561199069858485" pos=<10488.1, 2.33, 9353.64>) player position
19:18:22: Player "ACC" (steam64id="76561198106291582" pos=<10488.5, 2.33, 9354.08>) player position
19:18:22: Player "Sagara" (steam64id="76561198057660620" pos=<9645.05, 7.80, 12285.6>) player position
19:18:22: Player "[HORDA]ThiagoPenna" (steam64id="76561198218822351" pos=<9953.49, 7.00, 11763.4>) player position
19:18:22: Player "[YKZ]-Lobato" (steam64id="76561198158375860" pos=<10540.2, 47.91, 8218.79>) player position
19:18:22: Player "Luisff" (steam64id="76561198191554814" pos=<10547.5, 32.39, 11648.9>) player position
19:23:22: Player "Funghi" (steam64id="76561199069858485" pos=<10484.8, 5.09, 9359.84>) player position
19:23:22: Player "ACC" (steam64id="76561198106291582" pos=<10482.7, 5.09, 9358.86>) player position
19:23:22: Player "Sagara" (steam64id="76561198057660620" pos=<8842.49, 29.79, 11447.5>) player position
19:23:22: Player "[HORDA]ThiagoPenna" (steam64id="76561198218822351" pos=<9328.63, 10.19, 11818.5>) player position
19:23:22: Player "[YKZ]-Lobato" (steam64id="76561198158375860" pos=<11082.7, 4.25, 8421.41>) player position
19:23:22: Player "Luisff" (steam64id="76561198191554814" pos=<10307.5, 13.65, 11033.6>) player position
19:28:22: Player "Funghi" (steam64id="76561199069858485" pos=<10485.4, 2.33, 9352.54>) player position
19:28:22: Player "ACC" (steam64id="76561198106291582" pos=<10490.1, 2.33, 9356.16>) player position
19:28:22: Player "Sagara" (steam64id="76561198057660620" pos=<8791.25, 30.13, 11311.4>) player position
19:28:22: Player "[HORDA]ThiagoPenna" (steam64id="76561198218822351" pos=<8878.55, 40.26, 11366.1>) player position
19:28:22: Player "[YKZ]-Lobato" (steam64id="76561198158375860" pos=<11088.9, 35.24, 8420.91>) player position
19:28:22: Player "Luisff" (steam64id="76561198191554814" pos=<10319.2, 10.63, 10966.2>) player position
19:28:22: Player "Charada" (steam64id="76561198034769290" pos=<8841.75, 29.44, 11306>) player position
19:28:22: Player "ploodrinny" (steam64id="76561198312062387" pos=<7362.47, 18.46, 7133.53>) player position
19:33:22: Player "Funghi" (steam64id="76561199069858485" pos=<10792, 6.32, 8887>) player position
19:33:22: Player "ACC" (steam64id="76561198106291582" pos=<10794.6, 6.24, 8886.54>) player position
19:33:22: Player "Sagara" (steam64id="76561198057660620" pos=<8763.23, 24.37, 11316.5>) player position
19:33:22: Player "Luisff" (steam64id="76561198191554814" pos=<10280.9, 6.75, 10861>) player position
19:33:22: Player "Charada" (steam64id="76561198034769290" pos=<8793.21, 33.43, 11326.7>) player position
19:33:22: Player "ploodrinny" (steam64id="76561198312062387" pos=<7359.03, 18.46, 7133.51>) player position
19:33:22: Player "[HORDA]MacLovin" (steam64id="76561199068236803" pos=<10107.1, 3.41, 9954.85>) player position
19:38:22: Player "Funghi" (steam64id="76561199069858485" pos=<10900.4, 27.51, 8783.02>) player position
19:38:22: Player "ACC" (steam64id="76561198106291582" pos=<10878.2, 23.91, 8758.71>) player position
19:38:22: Player "Sagara" (steam64id="76561198057660620" pos=<8843.44, 36.86, 11355.4>) player position
19:38:22: Player "Luisff" (steam64id="76561198191554814" pos=<10280.5, 6.75, 10860.9>) player position
19:38:22: Player "Charada" (steam64id="76561198034769290" pos=<8872.53, 55.29, 11360.3>) player position
19:38:22: Player "[HORDA]MacLovin" (steam64id="76561199068236803" pos=<9915.24, 3.00, 11159.7>) player position
19:38:22: Player "[HORDA] JHON WICK" (steam64id="76561198122075703" pos=<9950.78, 19.17, 11776>) player position
19:43:22: Player "Funghi" (steam64id="76561199069858485" pos=<10970.6, 36.62, 8686.29>) player position
19:43:22: Player "ACC" (steam64id="76561198106291582" pos=<10980.1, 6.02, 8663.82>) player position
19:43:22: Player "Sagara" (steam64id="76561198057660620" pos=<8838.66, 29.84, 11298.2>) player position
19:43:22: Player "Luisff" (steam64id="76561198191554814" pos=<10404.3, 8.38, 9978.37>) player position
19:43:22: Player "Charada" (steam64id="76561198034769290" pos=<8872.14, 55.29, 11360.2>) player position
19:43:22: Player "[HORDA]MacLovin" (steam64id="76561199068236803" pos=<9954.39, 7.53, 11778.5>) player position
19:43:22: Player "[HORDA] JHON WICK" (steam64id="76561198122075703" pos=<9952.83, 7.53, 11776.6>) player position
19:48:22: Player "Funghi" (steam64id="76561199069858485" pos=<10968.5, 44.30, 8689.63>) player position
19:48:22: Player "ACC" (steam64id="76561198106291582" pos=<10994, 8.23, 8634.2>) player position
19:48:22: Player "Sagara" (steam64id="76561198057660620" pos=<8852.26, 30.78, 11435.9>) player position
19:48:22: Player "Luisff" (steam64id="76561198191554814" pos=<10472.1, 6.28, 9688.62>) player position
19:48:22: Player "Charada" (steam64id="76561198034769290" pos=<8802.83, 29.43, 11374.6>) player position
19:48:22: Player "[HORDA]MacLovin" (steam64id="76561199068236803" pos=<9864.82, 2.97, 11772.1>) player position
19:48:22: Player "[HORDA] JHON WICK" (steam64id="76561198122075703" pos=<9949.42, 30.00, 11778.4>) player position
19:48:22: Player "[HORDA]ThiagoPenna" (steam64id="76561198218822351" pos=<8784.06, 58.74, 11242.4>) player position
19:48:22: Player "Biel FxR" (steam64id="76561198050836260" pos=<7635.21, 12.20, 9779.24>) player position
19:53:22: Player "Funghi" (steam64id="76561199069858485" pos=<11058.3, 4.38, 8558.28>) player position
19:53:22: Player "ACC" (steam64id="76561198106291582" pos=<11049.4, 4.13, 8554.15>) player position
19:53:22: Player "Sagara" (steam64id="76561198057660620" pos=<8774.02, 55.33, 11242.1>) player position
19:53:22: Player "[HORDA]MacLovin" (steam64id="76561199068236803" pos=<8780.83, 29.55, 11320.3>) player position
19:53:22: Player "[HORDA] JHON WICK" (steam64id="76561198122075703" pos=<9955.94, 7.53, 11776.7>) player position
19:53:22: Player "[HORDA]ThiagoPenna" (steam64id="76561198218822351" pos=<8773.46, 58.74, 11244.4>) player position
19:58:22: Player "Funghi" (steam64id="76561199069858485" pos=<11015.8, 11.61, 8507.19>) player position
19:58:22: Player "ACC" (steam64id="76561198106291582" pos=<11016.9, 11.61, 8505.64>) player position
19:58:22: Player "Sagara" (steam64id="76561198057660620" pos=<9781.49, 3.47, 14490.8>) player position
19:58:22: Player "[HORDA]MacLovin" (steam64id="76561199068236803" pos=<8774.09, 58.74, 11244.2>) player position
19:58:22: Player "[HORDA] JHON WICK" (steam64id="76561198122075703" pos=<9949.62, 6.38, 11738>) player position
19:58:22: Player "[HORDA]ThiagoPenna" (steam64id="76561198218822351" pos=<9435.36, 2.71, 12170.1>) player position
20:05:15: Player "[HORDA]MacLovin" (steam64id="76561199068236803" pos=<8780.21, 58.74, 11238.9>) player position
20:05:15: Player "Funghi" (steam64id="76561199069858485" pos=<11016.9, 11.61, 8511.51>) player position
20:05:15: Player "[HORDA]ThiagoPenna" (steam64id="76561198218822351" pos=<8877.71, 55.29, 11365.9>) player position
20:05:15: Player "[HORDA] JHON WICK" (steam64id="76561198122075703" pos=<9954.01, 7.53, 11778.1>) player position
20:05:15: Player "Bob Clarck" (steam64id="76561199118540716" pos=<10759.7, 9.17, 13657.3>) player position
20:10:15: Player "[HORDA]MacLovin" (steam64id="76561199068236803" pos=<8856.67, 28.09, 11342.9>) player position
20:10:15: Player "Funghi" (steam64id="76561199069858485" pos=<11017.7, 11.61, 8510.98>) player position
20:10:15: Player "[HORDA]ThiagoPenna" (steam64id="76561198218822351" pos=<8773.01, 28.85, 11332.4>) player position
20:10:15: Player "[HORDA] JHON WICK" (steam64id="76561198122075703" pos=<9955.35, 7.53, 11776.9>) player position
20:10:15: Player "Bob Clarck" (steam64id="76561199118540716" pos=<10729.5, 9.51, 13629.9>) player position
20:10:15: Player "[YKZ]-BlackBear" (steam64id="76561198343030820" pos=<10909.2, 4.88, 8270.75>) player position
20:15:15: Player "[HORDA]MacLovin" (steam64id="76561199068236803" pos=<8776.98, 39.04, 11242.2>) player position
20:15:15: Player "Funghi" (steam64id="76561199069858485" pos=<11047.6, 4.17, 8418.13>) player position
20:15:15: Player "[HORDA]ThiagoPenna" (steam64id="76561198218822351" pos=<8775.71, 56.48, 11243.5>) player position
20:15:15: Player "[HORDA] JHON WICK" (steam64id="76561198122075703" pos=<9955.11, 25.60, 11774.9>) player position
20:15:15: Player "Bob Clarck" (steam64id="76561199118540716" pos=<10783.2, 10.76, 13564.3>) player position
20:15:15: Player "Duero" (steam64id="76561198259492425" pos=<7488.67, 18.52, 7497.81>) player position
20:15:15: Player "[EB] GordoEmers" (steam64id="76561198260617608" pos=<10392.2, 17.67, 10609.8>) player position
20:20:15: Player "[HORDA]MacLovin" (steam64id="76561199068236803" pos=<9458.82, 1.78, 11830>) player position
20:20:15: Player "Funghi" (steam64id="76561199069858485" pos=<11146.8, 14.26, 8385.92>) player position
20:20:15: Player "[HORDA]ThiagoPenna" (steam64id="76561198218822351" pos=<8528.28, 4.64, 11198.7>) player position
20:20:15: Player "[HORDA] JHON WICK" (steam64id="76561198122075703" pos=<9950.61, 10.44, 11775.8>) player position
20:20:15: Player "Bob Clarck" (steam64id="76561199118540716" pos=<10742.8, 13.72, 13468.1>) player position
20:20:15: Player "Duero" (steam64id="76561198259492425" pos=<7389.91, 31.55, 8200.57>) player position
20:20:15: Player "[EB] GordoEmers" (steam64id="76561198260617608" pos=<10392.2, 17.67, 10609.8>) player position
20:20:15: Player "joaoob23" (steam64id="76561198302337518" pos=<9843.78, 14.95, 14513.5>) player position
20:20:15: Player "[EB] pedrobala" (steam64id="76561198046653521" pos=<10437.1, 2.39, 9720.09>) player position
20:20:15: Player "[YKZ]-BlackBear" (steam64id="76561198343030820" pos=<11087.2, 41.86, 8427.49>) player position
20:20:15: Player "Fuminhu " (steam64id="76561198199978915" pos=<9841.75, 13.80, 14515>) player position
20:25:15: Player "[HORDA]MacLovin" (steam64id="76561199068236803" pos=<9954.05, 7.53, 11779>) player position
20:25:15: Player "Funghi" (steam64id="76561199069858485" pos=<11147.3, 14.26, 8390.26>) player position
20:25:15: Player "[HORDA]ThiagoPenna" (steam64id="76561198218822351" pos=<8227.78, 2.84, 10575.6>) player position
20:25:15: Player "[HORDA] JHON WICK" (steam64id="76561198122075703" pos=<9949.45, 30.00, 11778>) player position
20:25:15: Player "Bob Clarck" (steam64id="76561199118540716" pos=<10643.7, 26.04, 13438>) player position
20:25:15: Player "Duero" (steam64id="76561198259492425" pos=<7391.02, 31.55, 8202.57>) player position
20:25:15: Player "[EB] GordoEmers" (steam64id="76561198260617608" pos=<10392.2, 17.67, 10609.8>) player position
20:25:15: Player "joaoob23" (steam64id="76561198302337518" pos=<9702, 2.07, 15097>) player position
20:25:15: Player "[EB] pedrobala" (steam64id="76561198046653521" pos=<10393.7, 6.77, 10043.6>) player position
20:25:15: Player "[YKZ]-BlackBear" (steam64id="76561198343030820" pos=<11088.5, 44.21, 8426.03>) player position
20:25:15: Player "Fuminhu " (steam64id="76561198199978915" pos=<10291.6, 15.93, 13432>) player position
20:25:15: Player "ACC" (steam64id="76561198106291582" pos=<11122.9, 4.01, 8375.34>) player position
20:25:15: Player "Mbrown" (steam64id="76561198834441216" pos=<9976.91, 1.88, 14677>) player position
20:30:15: Player "[HORDA]MacLovin" (steam64id="76561199068236803" pos=<9962.45, 7.99, 11773.3>) player position
20:30:15: Player "Funghi" (steam64id="76561199069858485" pos=<11206.9, 16.62, 8270.37>) player position
20:30:15: Player "[HORDA]ThiagoPenna" (steam64id="76561198218822351" pos=<7701.45, 18.16, 9648.44>) player position
20:30:15: Player "[HORDA] JHON WICK" (steam64id="76561198122075703" pos=<9959.2, 30.00, 11776.8>) player position
20:30:15: Player "Bob Clarck" (steam64id="76561199118540716" pos=<10236.4, 21.48, 12839.4>) player position
20:30:15: Player "Duero" (steam64id="76561198259492425" pos=<7440.51, 30.36, 8184.92>) player position
20:30:15: Player "[EB] GordoEmers" (steam64id="76561198260617608" pos=<10390, 14.51, 10609.4>) player position
20:30:15: Player "[EB] pedrobala" (steam64id="76561198046653521" pos=<10393.2, 14.56, 10610.1>) player position
20:30:15: Player "[YKZ]-BlackBear" (steam64id="76561198343030820" pos=<11088.3, 35.24, 8420.7>) player position
20:30:15: Player "Fuminhu " (steam64id="76561198199978915" pos=<10291.5, 17.91, 12602.4>) player position
20:30:15: Player "ACC" (steam64id="76561198106291582" pos=<11173.4, 4.26, 8294.88>) player position
20:30:15: Player "Mbrown" (steam64id="76561198834441216" pos=<9973.51, 1.97, 14678.1>) player position
20:30:15: Player "ttuker" (steam64id="76561198971813376" pos=<7791.89, 8.03, 7793.47>) player position
20:35:15: Player "[HORDA]MacLovin" (steam64id="76561199068236803" pos=<9971.52, 6.08, 11633.6>) player position
20:35:15: Player "Funghi" (steam64id="76561199069858485" pos=<11098.7, 4.62, 8215.1>) player position
20:35:15: Player "[HORDA]ThiagoPenna" (steam64id="76561198218822351" pos=<7378.86, 10.68, 8790.09>) player position
20:35:15: Player "[HORDA] JHON WICK" (steam64id="76561198122075703" pos=<9949.51, 30.00, 11778.5>) player position
20:35:15: Player "Bob Clarck" (steam64id="76561199118540716" pos=<10072.5, 16.17, 12582.2>) player position
20:35:15: Player "Duero" (steam64id="76561198259492425" pos=<7349.98, 29.10, 8299.93>) player position
20:35:15: Player "[EB] GordoEmers" (steam64id="76561198260617608" pos=<10390.8, 14.52, 10608.7>) player position
20:35:15: Player "[EB] pedrobala" (steam64id="76561198046653521" pos=<10393.2, 17.69, 10610>) player position
20:35:15: Player "[YKZ]-BlackBear" (steam64id="76561198343030820" pos=<11080.9, 41.37, 8428.48>) player position
20:35:15: Player "Fuminhu " (steam64id="76561198199978915" pos=<10462.6, 17.21, 11609.2>) player position
20:35:15: Player "ACC" (steam64id="76561198106291582" pos=<11059.4, 4.26, 8281.26>) player position
20:35:15: Player "Mbrown" (steam64id="76561198834441216" pos=<9973.51, 1.97, 14678.1>) player position
20:35:15: Player "ttuker" (steam64id="76561198971813376" pos=<7333.1, 27.80, 8284.41>) player position
20:35:15: Player "joaoob23" (steam64id="76561198302337518" pos=<9702.7, 2.04, 15083.9>) player position
20:40:15: Player "[HORDA]MacLovin" (steam64id="76561199068236803" pos=<9989.64, 6.60, 11022.7>) player position
20:40:15: Player "Funghi" (steam64id="76561199069858485" pos=<10963, 4.26, 8393.32>) player position
20:40:15: Player "[HORDA]ThiagoPenna" (steam64id="76561198218822351" pos=<7362.88, 15.16, 8672.16>) player position
20:40:15: Player "[HORDA] JHON WICK" (steam64id="76561198122075703" pos=<9951.35, 27.26, 11773.9>) player position
20:40:15: Player "Bob Clarck" (steam64id="76561199118540716" pos=<10139.8, 15.69, 12543.3>) player position
20:40:15: Player "Duero" (steam64id="76561198259492425" pos=<6816.52, 34.30, 7531.02>) player position
20:40:15: Player "[EB] GordoEmers" (steam64id="76561198260617608" pos=<10390.8, 14.52, 10608.7>) player position
20:40:15: Player "[EB] pedrobala" (steam64id="76561198046653521" pos=<10392.3, 17.67, 10609.7>) player position
20:40:15: Player "[YKZ]-BlackBear" (steam64id="76561198343030820" pos=<11086, 41.37, 8430.33>) player position
20:40:15: Player "Fuminhu " (steam64id="76561198199978915" pos=<10298.9, 8.26, 10928.3>) player position
20:40:15: Player "ACC" (steam64id="76561198106291582" pos=<10969.4, 8.23, 8389.81>) player position
20:40:15: Player "Mbrown" (steam64id="76561198834441216" pos=<9973.51, 1.97, 14678.1>) player position
20:40:15: Player "ttuker" (steam64id="76561198971813376" pos=<6776.99, 33.64, 7500.99>) player position
20:40:15: Player "joaoob23" (steam64id="76561198302337518" pos=<10288.6, 5.03, 14402.2>) player position
20:40:15: Player "SuperNoia" (steam64id="76561198132169694" pos=<8646.44, 182.32, 6687.57>) player position
20:45:15: Player "[HORDA]MacLovin" (steam64id="76561199068236803" pos=<10179.2, 10.37, 10065.6>) player position
20:45:15: Player "Funghi" (steam64id="76561199069858485" pos=<10643.5, 4.12, 8437.76>) player position
20:45:15: Player "[HORDA]ThiagoPenna" (steam64id="76561198218822351" pos=<7515.34, 3.80, 8638.92>) player position
20:45:15: Player "[HORDA] JHON WICK" (steam64id="76561198122075703" pos=<9951.06, 27.26, 11774.2>) player position
20:45:15: Player "Bob Clarck" (steam64id="76561199118540716" pos=<10658.5, 9.51, 12065.5>) player position
20:45:15: Player "Duero" (steam64id="76561198259492425" pos=<6962.74, 5.16, 7604.09>) player position
20:45:15: Player "[EB] GordoEmers" (steam64id="76561198260617608" pos=<10390.8, 14.52, 10608.7>) player position
20:45:15: Player "[EB] pedrobala" (steam64id="76561198046653521" pos=<10386.7, 14.02, 10968.7>) player position
20:45:15: Player "[YKZ]-BlackBear" (steam64id="76561198343030820" pos=<11086, 41.37, 8430.33>) player position
20:45:15: Player "Fuminhu " (steam64id="76561198199978915" pos=<10720.1, 22.40, 11700.2>) player position
20:45:15: Player "ACC" (steam64id="76561198106291582" pos=<10639.5, 4.25, 8460.64>) player position
20:45:15: Player "Mbrown" (steam64id="76561198834441216" pos=<9973.51, 1.97, 14678.1>) player position
20:45:15: Player "ttuker" (steam64id="76561198971813376" pos=<6959.76, 5.12, 7602.16>) player position
20:45:15: Player "joaoob23" (steam64id="76561198302337518" pos=<10733.6, 8.21, 14097.5>) player position
20:45:15: Player "SuperNoia" (steam64id="76561198132169694" pos=<8778.01, 22.12, 7261.07>) player position
20:45:15: Player "Raemi" (steam64id="76561198048467587" pos=<9767.1, 5.18, 13064.7>) player position
20:50:15: Player "[HORDA]MacLovin" (steam64id="76561199068236803" pos=<9597.84, 3.15, 8986.2>) player position
20:50:15: Player "Funghi" (steam64id="76561199069858485" pos=<10356.7, 179.98, 7912.06>) player position
20:50:15: Player "[HORDA]ThiagoPenna" (steam64id="76561198218822351" pos=<7851.04, 56.27, 8226.6>) player position
20:50:15: Player "[HORDA] JHON WICK" (steam64id="76561198122075703" pos=<9959.1, 23.84, 11777.2>) player position
20:50:15: Player "Bob Clarck" (steam64id="76561199118540716" pos=<10738.8, 11.15, 11996.6>) player position
20:50:15: Player "Duero" (steam64id="76561198259492425" pos=<7390.65, 31.55, 8200.95>) player position
20:50:15: Player "[EB] GordoEmers" (steam64id="76561198260617608" pos=<10390.7, 17.65, 10609.6>) player position
20:50:15: Player "[EB] pedrobala" (steam64id="76561198046653521" pos=<10056, 10.93, 10712.6>) player position
20:50:15: Player "[YKZ]-BlackBear" (steam64id="76561198343030820" pos=<11086, 41.37, 8430.33>) player position
20:50:15: Player "Fuminhu " (steam64id="76561198199978915" pos=<9996.42, 3.69, 13790.3>) player position
20:50:15: Player "ACC" (steam64id="76561198106291582" pos=<10346.2, 176.73, 7887.05>) player position
20:50:15: Player "Mbrown" (steam64id="76561198834441216" pos=<9973.51, 1.97, 14678.1>) player position
20:50:15: Player "ttuker" (steam64id="76561198971813376" pos=<7394.2, 31.55, 8199.02>) player position
20:50:15: Player "joaoob23" (steam64id="76561198302337518" pos=<10543.3, 9.95, 13730.6>) player position
20:50:15: Player "SuperNoia" (steam64id="76561198132169694" pos=<8947.14, 26.05, 7942.26>) player position
20:50:15: Player "Raemi" (steam64id="76561198048467587" pos=<10406.4, 26.58, 12901.7>) player position
20:55:15: Player "[HORDA]MacLovin" (steam64id="76561199068236803" pos=<9972.55, 26.97, 8135.18>) player position
20:55:15: Player "Funghi" (steam64id="76561199069858485" pos=<9741.62, 27.14, 8056.08>) player position
20:55:15: Player "[HORDA]ThiagoPenna" (steam64id="76561198218822351" pos=<8205.61, 240.18, 8499.58>) player position
20:55:15: Player "[HORDA] JHON WICK" (steam64id="76561198122075703" pos=<9953.2, 26.86, 11774.3>) player position
20:55:15: Player "Bob Clarck" (steam64id="76561199118540716" pos=<10687.2, 12.03, 12111.4>) player position
20:55:15: Player "Duero" (steam64id="76561198259492425" pos=<7390.94, 31.55, 8202.14>) player position
20:55:15: Player "[EB] GordoEmers" (steam64id="76561198260617608" pos=<10390.7, 17.65, 10609.6>) player position
20:55:15: Player "[EB] pedrobala" (steam64id="76561198046653521" pos=<10322.7, 8.28, 10922.9>) player position
20:55:15: Player "[YKZ]-BlackBear" (steam64id="76561198343030820" pos=<11086, 41.37, 8430.33>) player position
20:55:15: Player "Fuminhu " (steam64id="76561198199978915" pos=<10204.1, 8.18, 12025.9>) player position
20:55:15: Player "ACC" (steam64id="76561198106291582" pos=<9738.93, 27.14, 8061.98>) player position
20:55:15: Player "Mbrown" (steam64id="76561198834441216" pos=<10068.3, 3.40, 14549.2>) player position
20:55:15: Player "ttuker" (steam64id="76561198971813376" pos=<7389.54, 31.55, 8200.39>) player position
20:55:15: Player "joaoob23" (steam64id="76561198302337518" pos=<10791.7, 10.10, 13586.3>) player position
20:55:15: Player "SuperNoia" (steam64id="76561198132169694" pos=<9366.68, 4.63, 9396.03>) player position
20:55:15: Player "Raemi" (steam64id="76561198048467587" pos=<10285.7, 16.49, 12661.9>) player position
21:00:15: Player "[HORDA]MacLovin" (steam64id="76561199068236803" pos=<9865.98, 41.15, 8109.84>) player position
21:00:15: Player "Funghi" (steam64id="76561199069858485" pos=<9712.72, 27.14, 8074.65>) player position
21:00:15: Player "[HORDA]ThiagoPenna" (steam64id="76561198218822351" pos=<8694.84, 35.28, 8299.84>) player position
21:00:15: Player "[HORDA] JHON WICK" (steam64id="76561198122075703" pos=<9963.55, 7.95, 11772.6>) player position
21:00:15: Player "Bob Clarck" (steam64id="76561199118540716" pos=<10736.4, 10.24, 12082.4>) player position
21:00:15: Player "Duero" (steam64id="76561198259492425" pos=<7390.84, 31.55, 8201.44>) player position
21:00:15: Player "[EB] GordoEmers" (steam64id="76561198260617608" pos=<10390.7, 17.65, 10609.6>) player position
21:00:15: Player "[EB] pedrobala" (steam64id="76561198046653521" pos=<10387, 14.07, 10969>) player position
21:00:15: Player "[YKZ]-BlackBear" (steam64id="76561198343030820" pos=<11086, 41.37, 8430.33>) player position
21:00:15: Player "ACC" (steam64id="76561198106291582" pos=<9726.78, 27.14, 8077.1>) player position
21:00:15: Player "Mbrown" (steam64id="76561198834441216" pos=<10637.2, 2.57, 14321.4>) player position
21:00:15: Player "ttuker" (steam64id="76561198971813376" pos=<7392.43, 31.55, 8202.21>) player position
21:00:15: Player "joaoob23" (steam64id="76561198302337518" pos=<10933.1, 17.86, 13581>) player position
21:00:15: Player "SuperNoia" (steam64id="76561198132169694" pos=<9950.23, -0.84, 9515.5>) player position
21:00:15: Player "Raemi" (steam64id="76561198048467587" pos=<10245.4, 17.53, 12593.4>) player position
21:00:15: Player "Fuminhu " (steam64id="76561198199978915" pos=<10023.2, 9.03, 10802.7>) player position
21:05:15: Player "[HORDA]MacLovin" (steam64id="76561199068236803" pos=<9454.78, 34.81, 7736.95>) player position
21:05:15: Player "Funghi" (steam64id="76561199069858485" pos=<9571.91, 27.53, 8078.66>) player position
21:05:15: Player "[HORDA]ThiagoPenna" (steam64id="76561198218822351" pos=<9158.53, 28.28, 8134.9>) player position
21:05:15: Player "[HORDA] JHON WICK" (steam64id="76561198122075703" pos=<10072.4, 9.67, 11713.5>) player position
21:05:15: Player "Bob Clarck" (steam64id="76561199118540716" pos=<10751.6, 14.04, 12075.3>) player position
21:05:15: Player "Duero" (steam64id="76561198259492425" pos=<7389.67, 31.55, 8202.21>) player position
21:05:15: Player "[EB] GordoEmers" (steam64id="76561198260617608" pos=<10391.5, 17.67, 10611>) player position
21:05:15: Player "[EB] pedrobala" (steam64id="76561198046653521" pos=<10441.3, 11.06, 10716.6>) player position
21:05:15: Player "[YKZ]-BlackBear" (steam64id="76561198343030820" pos=<11086, 41.37, 8430.33>) player position
21:05:15: Player "ACC" (steam64id="76561198106291582" pos=<9568.37, 27.53, 8055.27>) player position
21:05:15: Player "Mbrown" (steam64id="76561198834441216" pos=<10703.3, 7.45, 14071.6>) player position
21:05:15: Player "joaoob23" (steam64id="76561198302337518" pos=<10969.5, 31.30, 13118.3>) player position
21:05:15: Player "SuperNoia" (steam64id="76561198132169694" pos=<10082, 7.14, 9832.32>) player position
21:05:15: Player "Raemi" (steam64id="76561198048467587" pos=<10188, 17.07, 12631.6>) player position
21:05:15: Player "Fuminhu " (steam64id="76561198199978915" pos=<10081.2, 7.07, 9833.42>) player position
21:05:15: Player "[HORDA] zBieL" (steam64id="76561198001525812" pos=<9969.54, 7.32, 11763.4>) player position
21:05:15: Player "KOREA" (steam64id="76561198253386609" pos=<9870.92, 2.46, 11785.1>) player position
21:10:16: Player "[HORDA]MacLovin" (steam64id="76561199068236803" pos=<9278.75, 36.10, 7836.36>) player position
21:10:16: Player "Funghi" (steam64id="76561199069858485" pos=<9546.24, 28.01, 8158.72>) player position
21:10:16: Player "[HORDA]ThiagoPenna" (steam64id="76561198218822351" pos=<9158.84, 28.44, 8126.37>) player position
21:10:16: Player "[HORDA] JHON WICK" (steam64id="76561198122075703" pos=<10333.7, 26.21, 11354.8>) player position
21:10:16: Player "Bob Clarck" (steam64id="76561199118540716" pos=<10750.5, 14.04, 12077.9>) player position
21:10:16: Player "[EB] GordoEmers" (steam64id="76561198260617608" pos=<10391.5, 17.67, 10611>) player position
21:10:16: Player "[EB] pedrobala" (steam64id="76561198046653521" pos=<10390.7, 17.71, 10618.3>) player position
21:10:16: Player "[YKZ]-BlackBear" (steam64id="76561198343030820" pos=<11086, 41.37, 8430.33>) player position
21:10:16: Player "ACC" (steam64id="76561198106291582" pos=<9529.59, 27.94, 8152.88>) player position
21:10:16: Player "Mbrown" (steam64id="76561198834441216" pos=<10749.2, 9.91, 13936.3>) player position
21:10:16: Player "joaoob23" (steam64id="76561198302337518" pos=<11108, 21.45, 12119.3>) player position
21:10:16: Player "SuperNoia" (steam64id="76561198132169694" pos=<10252.9, 1.42, 9786.65>) player position
21:10:16: Player "Raemi" (steam64id="76561198048467587" pos=<10303.4, 17.91, 12590.4>) player position
21:10:16: Player "Fuminhu " (steam64id="76561198199978915" pos=<10326.2, 5.51, 9629.18>) player position
21:10:16: Player "[HORDA] zBieL" (steam64id="76561198001525812" pos=<10346.3, 30.52, 11251.8>) player position
21:10:16: Player "KOREA" (steam64id="76561198253386609" pos=<9870.92, 2.46, 11785.1>) player position
21:20:36: Player "Fuminhu " (steam64id="76561198199978915" pos=<10477.2, 3.22, 9710.51>) player position
21:20:36: Player "[EB] pedrobala" (steam64id="76561198046653521" pos=<10404.3, 2.04, 9694.67>) player position
21:20:36: Player "ACC" (steam64id="76561198106291582" pos=<9558.3, 31.80, 8160.96>) player position
21:20:36: Player "Lop1nho" (steam64id="76561198136544409" pos=<11000.2, 20.03, 13715.8>) player position
21:20:36: Player "SuperNoia" (steam64id="76561198132169694" pos=<10450.3, 2.77, 9691.55>) player position
21:20:36: Player "Raemi" (steam64id="76561198048467587" pos=<10163.2, 18.01, 12577.7>) player position
21:20:36: Player "[HORDA]MacLovin" (steam64id="76561199068236803" pos=<9054.01, 27.47, 8006.87>) player position
21:20:36: Player "SUC0_DE_P1NEU" (steam64id="76561198261470581" pos=<11173.3, 27.09, 13595.1>) player position
21:20:36: Player "Funghi" (steam64id="76561199069858485" pos=<9561.27, 31.34, 8162.53>) player position
21:25:36: Player "Fuminhu " (steam64id="76561198199978915" pos=<10427.6, -0.74, 9428.85>) player position
21:25:36: Player "[EB] pedrobala" (steam64id="76561198046653521" pos=<10615.9, 15.03, 11136.4>) player position
21:25:36: Player "ACC" (steam64id="76561198106291582" pos=<9540.79, 27.80, 8160.05>) player position
21:25:36: Player "Lop1nho" (steam64id="76561198136544409" pos=<10955.2, 15.69, 13628.4>) player position
21:25:36: Player "SuperNoia" (steam64id="76561198132169694" pos=<10514.8, 7.66, 9460.98>) player position
21:25:36: Player "Raemi" (steam64id="76561198048467587" pos=<10064.4, 17.49, 12584.2>) player position
21:25:36: Player "[HORDA]MacLovin" (steam64id="76561199068236803" pos=<9026.16, 28.05, 8017.5>) player position
21:25:36: Player "SUC0_DE_P1NEU" (steam64id="76561198261470581" pos=<10954.7, 15.70, 13629.6>) player position
21:25:36: Player "Funghi" (steam64id="76561199069858485" pos=<9506.9, 27.66, 8171.4>) player position
21:25:36: Player "[YKZ]-BlackBear" (steam64id="76561198343030820" pos=<11086.1, 41.37, 8430.38>) player position
21:25:36: Player "HooZz" (steam64id="76561198805460683" pos=<11478, 1.36, 13400>) player position
21:30:36: Player "Fuminhu " (steam64id="76561198199978915" pos=<10307.8, 2.76, 9159.82>) player position
21:30:36: Player "[EB] pedrobala" (steam64id="76561198046653521" pos=<10392.1, 17.69, 10612.7>) player position
21:30:36: Player "ACC" (steam64id="76561198106291582" pos=<9303.11, 27.51, 8227.25>) player position
21:30:36: Player "Lop1nho" (steam64id="76561198136544409" pos=<10763.6, 12.99, 13529.9>) player position
21:30:36: Player "SuperNoia" (steam64id="76561198132169694" pos=<10291.5, 1.02, 9203.89>) player position
21:30:36: Player "Raemi" (steam64id="76561198048467587" pos=<10124.1, 17.18, 12695.5>) player position
21:30:36: Player "SUC0_DE_P1NEU" (steam64id="76561198261470581" pos=<10736.6, 12.89, 13535.1>) player position
21:30:36: Player "Funghi" (steam64id="76561199069858485" pos=<9304.16, 27.51, 8229.22>) player position
21:30:36: Player "[YKZ]-BlackBear" (steam64id="76561198343030820" pos=<11086.1, 41.37, 8430.38>) player position
21:30:36: Player "HooZz" (steam64id="76561198805460683" pos=<10746.1, 13.10, 13536>) player position
21:30:36: Player "joaoob23" (steam64id="76561198302337518" pos=<10806, 10.65, 12138.4>) player position
21:30:36: Player "Mbrown" (steam64id="76561198834441216" pos=<10830, 11.88, 13590.5>) player position
21:30:36: Player "[HORDA]ThiagoPenna" (steam64id="76561198218822351" pos=<8958.74, 18.36, 8062.44>) player position
21:30:36: Player "[HORDA]MacLovin" (steam64id="76561199068236803" pos=<8957.1, 18.01, 8059.16>) player position
21:35:36: Player "Fuminhu " (steam64id="76561198199978915" pos=<9782.82, 0.68, 8980.35>) player position
21:35:36: Player "[EB] pedrobala" (steam64id="76561198046653521" pos=<10387, 14.52, 10616.8>) player position
21:35:36: Player "ACC" (steam64id="76561198106291582" pos=<9218.93, 32.33, 8230.75>) player position
21:35:36: Player "Lop1nho" (steam64id="76561198136544409" pos=<10408.6, 27.54, 12991>) player position
21:35:36: Player "SuperNoia" (steam64id="76561198132169694" pos=<9785.43, 0.57, 8973.25>) player position
21:35:36: Player "Raemi" (steam64id="76561198048467587" pos=<9779.17, 9.23, 12607>) player position
21:35:36: Player "SUC0_DE_P1NEU" (steam64id="76561198261470581" pos=<10408.4, 27.54, 12994>) player position
21:35:36: Player "Funghi" (steam64id="76561199069858485" pos=<9224.27, 36.34, 8237.3>) player position
21:35:36: Player "[YKZ]-BlackBear" (steam64id="76561198343030820" pos=<11086.1, 41.37, 8430.38>) player position
21:35:36: Player "HooZz" (steam64id="76561198805460683" pos=<10411.4, 25.96, 12935.2>) player position
21:35:36: Player "joaoob23" (steam64id="76561198302337518" pos=<10751.2, 14.04, 12075.3>) player position
21:35:36: Player "[HORDA]ThiagoPenna" (steam64id="76561198218822351" pos=<9548.06, 2.79, 9542.5>) player position
21:35:36: Player "[HORDA]MacLovin" (steam64id="76561199068236803" pos=<9539.85, 2.71, 9536.34>) player position
21:35:36: Player "[HORDA] JHON WICK" (steam64id="76561198122075703" pos=<10388.5, 8.22, 10548.1>) player position
21:35:36: Player "Mbrown" (steam64id="76561198834441216" pos=<10830.7, 11.89, 13590.1>) player position
21:35:36: Player "[HORDA] zBieL" (steam64id="76561198001525812" pos=<10463.3, 9.07, 10556>) player position
21:35:36: Player "KOREA" (steam64id="76561198253386609" pos=<9876.39, 2.72, 11781.2>) player position
21:40:36: Player "Fuminhu " (steam64id="76561198199978915" pos=<8474.8, 83.81, 8612.51>) player position
21:40:36: Player "[EB] pedrobala" (steam64id="76561198046653521" pos=<10390.3, 17.65, 10611.1>) player position
21:40:36: Player "ACC" (steam64id="76561198106291582" pos=<9140.03, 27.51, 8110.37>) player position
21:40:36: Player "Lop1nho" (steam64id="76561198136544409" pos=<10069.4, 15.37, 12606.3>) player position
21:40:36: Player "SuperNoia" (steam64id="76561198132169694" pos=<8461.57, 90.21, 8611.64>) player position
21:40:36: Player "Raemi" (steam64id="76561198048467587" pos=<9732.53, 15.70, 12401.9>) player position
21:40:36: Player "SUC0_DE_P1NEU" (steam64id="76561198261470581" pos=<10140.6, 16.06, 12566.2>) player position
21:40:36: Player "Funghi" (steam64id="76561199069858485" pos=<9145.35, 27.34, 8111.82>) player position
21:40:36: Player "[YKZ]-BlackBear" (steam64id="76561198343030820" pos=<11086.1, 41.37, 8430.38>) player position
21:40:36: Player "HooZz" (steam64id="76561198805460683" pos=<10346.5, 17.84, 12537>) player position
21:40:36: Player "joaoob23" (steam64id="76561198302337518" pos=<10687.2, 31.22, 11874.7>) player position
21:40:36: Player "[HORDA]ThiagoPenna" (steam64id="76561198218822351" pos=<9966.58, 1.04, 9532.1>) player position
21:40:36: Player "[HORDA]MacLovin" (steam64id="76561199068236803" pos=<9949.29, -0.77, 9518.36>) player position
21:40:36: Player "[HORDA] JHON WICK" (steam64id="76561198122075703" pos=<11053, 5.90, 11916.2>) player position
21:40:36: Player "[HORDA] zBieL" (steam64id="76561198001525812" pos=<10465, 12.61, 10653.6>) player position
21:40:36: Player "KOREA" (steam64id="76561198253386609" pos=<7282.36, 24.81, 6834.66>) player position
21:45:36: Player "Fuminhu " (steam64id="76561198199978915" pos=<8191.59, 211.19, 8474.35>) player position
21:45:36: Player "[EB] pedrobala" (steam64id="76561198046653521" pos=<10393, 14.56, 10610.4>) player position
21:45:36: Player "ACC" (steam64id="76561198106291582" pos=<9173.49, 28.20, 8127.4>) player position
21:45:36: Player "Lop1nho" (steam64id="76561198136544409" pos=<10101.4, 14.40, 12556.1>) player position
21:45:36: Player "SuperNoia" (steam64id="76561198132169694" pos=<8210.42, 240.18, 8501.08>) player position
21:45:36: Player "Raemi" (steam64id="76561198048467587" pos=<9668.29, 4.36, 12132.8>) player position
21:45:36: Player "SUC0_DE_P1NEU" (steam64id="76561198261470581" pos=<10098.8, 14.26, 12555.2>) player position
21:45:36: Player "Funghi" (steam64id="76561199069858485" pos=<9176.26, 27.91, 8121.99>) player position
21:45:36: Player "[YKZ]-BlackBear" (steam64id="76561198343030820" pos=<11084, 41.37, 8430.55>) player position
21:45:36: Player "HooZz" (steam64id="76561198805460683" pos=<10096.7, 14.04, 12546.8>) player position
21:45:36: Player "joaoob23" (steam64id="76561198302337518" pos=<10490, 9.80, 10646.9>) player position
21:45:36: Player "[HORDA]ThiagoPenna" (steam64id="76561198218822351" pos=<10428.5, 12.59, 10519.9>) player position
21:45:36: Player "[HORDA]MacLovin" (steam64id="76561199068236803" pos=<10359.3, 5.64, 10555.6>) player position
21:45:36: Player "[HORDA] JHON WICK" (steam64id="76561198122075703" pos=<10475.4, 9.75, 10798.6>) player position
21:45:36: Player "[HORDA] zBieL" (steam64id="76561198001525812" pos=<10451.8, 11.07, 10507.6>) player position
21:45:36: Player "KOREA" (steam64id="76561198253386609" pos=<7197.12, 41.87, 6819.82>) player position
21:45:36: Player "[horda]marcelinho" (steam64id="76561198817477406" pos=<9555.51, 6.07, 9588.24>) player position
21:45:36: Player "[YKZ]-Lobato" (steam64id="76561198158375860" pos=<11080.2, 35.24, 8425.2>) player position
21:45:36: Player "Malcriado" (steam64id="76561198376508831" pos=<9731.29, 1.09, 13395.7>) player position
21:50:36: Player "Fuminhu " (steam64id="76561198199978915" pos=<8129.71, 216.79, 8434.85>) player position
21:50:36: Player "[EB] pedrobala" (steam64id="76561198046653521" pos=<10390.4, 14.51, 10608.4>) player position
21:50:36: Player "ACC" (steam64id="76561198106291582" pos=<9049.97, 42.29, 8025.26>) player position
21:50:36: Player "Lop1nho" (steam64id="76561198136544409" pos=<10749.8, 10.24, 12077.8>) player position
21:50:36: Player "SuperNoia" (steam64id="76561198132169694" pos=<8147.13, 208.57, 8483.8>) player position
21:50:36: Player "Raemi" (steam64id="76561198048467587" pos=<8885.92, 22.08, 11496>) player position
21:50:36: Player "SUC0_DE_P1NEU" (steam64id="76561198261470581" pos=<10702.9, 9.93, 12088.4>) player position
21:50:36: Player "Funghi" (steam64id="76561199069858485" pos=<9054.1, 47.69, 8027.39>) player position
21:50:36: Player "[YKZ]-BlackBear" (steam64id="76561198343030820" pos=<11086.6, 4.21, 8417.9>) player position
21:50:36: Player "HooZz" (steam64id="76561198805460683" pos=<10627.9, 14.92, 12017.3>) player position
21:50:36: Player "joaoob23" (steam64id="76561198302337518" pos=<10312.9, 3.06, 10063.1>) player position
21:50:36: Player "[HORDA]ThiagoPenna" (steam64id="76561198218822351" pos=<10459.4, 9.15, 10569.3>) player position
21:50:36: Player "[HORDA]MacLovin" (steam64id="76561199068236803" pos=<10386.3, 13.96, 10609.7>) player position
21:50:36: Player "[HORDA] JHON WICK" (steam64id="76561198122075703" pos=<10381.5, 7.47, 10570.6>) player position
21:50:36: Player "[HORDA] zBieL" (steam64id="76561198001525812" pos=<10373.1, 9.26, 10509.6>) player position
21:50:36: Player "KOREA" (steam64id="76561198253386609" pos=<7197.12, 41.87, 6819.82>) player position
21:50:36: Player "[horda]marcelinho" (steam64id="76561198817477406" pos=<9555.2, 6.07, 9588.27>) player position
21:50:36: Player "[YKZ]-Lobato" (steam64id="76561198158375860" pos=<11128.2, 4.01, 8380.18>) player position
21:50:36: Player "Malcriado" (steam64id="76561198376508831" pos=<9914.01, 6.46, 13134.5>) player position
21:55:36: Player "Fuminhu " (steam64id="76561198199978915" pos=<8136.96, 36.48, 7948.34>) player position
21:55:36: Player "[EB] pedrobala" (steam64id="76561198046653521" pos=<10390.1, 16.96, 10616.3>) player position
21:55:36: Player "ACC" (steam64id="76561198106291582" pos=<9056.13, 47.69, 8025.41>) player position
21:55:36: Player "Lop1nho" (steam64id="76561198136544409" pos=<10801.8, 10.20, 11953.3>) player position
21:55:36: Player "SuperNoia" (steam64id="76561198132169694" pos=<7933.7, 33.22, 7940.61>) player position
21:55:36: Player "Raemi" (steam64id="76561198048467587" pos=<8822.59, 29.42, 11312.3>) player position
21:55:36: Player "SUC0_DE_P1NEU" (steam64id="76561198261470581" pos=<10791, 11.82, 11956.7>) player position
21:55:36: Player "Funghi" (steam64id="76561199069858485" pos=<9058.12, 47.69, 8031.45>) player position
21:55:36: Player "[YKZ]-BlackBear" (steam64id="76561198343030820" pos=<10682.1, 2.15, 9022.14>) player position
21:55:36: Player "HooZz" (steam64id="76561198805460683" pos=<10805.8, 11.77, 11955.6>) player position
21:55:36: Player "joaoob23" (steam64id="76561198302337518" pos=<10425.3, 2.85, 9762.74>) player position
21:55:36: Player "[HORDA]ThiagoPenna" (steam64id="76561198218822351" pos=<10464.4, 10.21, 10542.8>) player position
21:55:36: Player "[HORDA]MacLovin" (steam64id="76561199068236803" pos=<10387.2, 13.88, 10608.5>) player position
21:55:36: Player "[HORDA] JHON WICK" (steam64id="76561198122075703" pos=<10381.5, 7.47, 10570.6>) player position
21:55:36: Player "[HORDA] zBieL" (steam64id="76561198001525812" pos=<10461.9, 8.83, 10558.7>) player position
21:55:36: Player "KOREA" (steam64id="76561198253386609" pos=<8683.35, 182.56, 6683.95>) player position
21:55:36: Player "[horda]marcelinho" (steam64id="76561198817477406" pos=<9563.99, 2.94, 9581.81>) player position
21:55:36: Player "[YKZ]-Lobato" (steam64id="76561198158375860" pos=<10685.2, 2.17, 9033.31>) player position
21:55:36: Player "Malcriado" (steam64id="76561198376508831" pos=<10237.5, 21.48, 12834.8>) player position
21:55:36: Player "Boneco " (steam64id="76561199225248971" pos=<10985.9, 12.67, 12603.8>) player position
21:55:36: Player "XUXUZINHO" (steam64id="76561199083408122" pos=<9961.11, 1.68, 14692.4>) player position
22:00:36: Player "Fuminhu " (steam64id="76561198199978915" pos=<9066.44, 40.56, 7788.23>) player position
22:00:36: Player "[EB] pedrobala" (steam64id="76561198046653521" pos=<10391.6, 17.67, 10612.1>) player position
22:00:36: Player "ACC" (steam64id="76561198106291582" pos=<9059.36, 42.29, 8022.83>) player position
22:00:36: Player "Lop1nho" (steam64id="76561198136544409" pos=<10559.4, 9.12, 11069>) player position
22:00:36: Player "SuperNoia" (steam64id="76561198132169694" pos=<9059.12, 39.92, 7815>) player position
22:00:36: Player "Raemi" (steam64id="76561198048467587" pos=<8831.02, 28.25, 11341.1>) player position
22:00:36: Player "SUC0_DE_P1NEU" (steam64id="76561198261470581" pos=<10563.6, 11.01, 11082.5>) player position
22:00:36: Player "Funghi" (steam64id="76561199069858485" pos=<9053.72, 47.69, 8027.15>) player position
22:00:36: Player "[YKZ]-BlackBear" (steam64id="76561198343030820" pos=<10326.6, 3.53, 9850.86>) player position
22:00:36: Player "HooZz" (steam64id="76561198805460683" pos=<10561.7, 11.84, 11088.1>) player position
22:00:36: Player "joaoob23" (steam64id="76561198302337518" pos=<10445.7, 2.69, 9701.08>) player position
22:00:36: Player "[HORDA]ThiagoPenna" (steam64id="76561198218822351" pos=<10445.1, 12.40, 10512.8>) player position
22:00:36: Player "[HORDA] JHON WICK" (steam64id="76561198122075703" pos=<10416.4, 12.60, 10551.8>) player position
22:00:36: Player "[HORDA] zBieL" (steam64id="76561198001525812" pos=<10465.1, 8.60, 10559.2>) player position
22:00:36: Player "KOREA" (steam64id="76561198253386609" pos=<10391.5, 17.66, 10610>) player position
22:00:36: Player "[horda]marcelinho" (steam64id="76561198817477406" pos=<9991.3, 2.55, 9560.22>) player position
22:00:36: Player "[YKZ]-Lobato" (steam64id="76561198158375860" pos=<10342.9, 2.46, 9837.81>) player position
22:00:36: Player "Malcriado" (steam64id="76561198376508831" pos=<10409, 26.74, 12922.3>) player position
22:00:36: Player "Boneco " (steam64id="76561199225248971" pos=<10305.8, 17.87, 12573.1>) player position
22:00:36: Player "XUXUZINHO" (steam64id="76561199083408122" pos=<10809.9, 4.48, 14257.1>) player position
22:00:36: Player "Passo Largo" (steam64id="76561198057660141" pos=<7444.67, 22.06, 7973>) player position
22:05:36: Player "Fuminhu " (steam64id="76561198199978915" pos=<8706.96, 34.68, 7366.14>) player position
22:05:36: Player "[EB] pedrobala" (steam64id="76561198046653521" pos=<9743.57, 4.45, 12504.6>) player position
22:05:36: Player "ACC" (steam64id="76561198106291582" pos=<9062.24, 28.39, 8014.01>) player position
22:05:36: Player "Lop1nho" (steam64id="76561198136544409" pos=<10270.7, 6.17, 10887.6>) player position
22:05:36: Player "SuperNoia" (steam64id="76561198132169694" pos=<8795.18, 21.62, 7142.59>) player position
22:05:36: Player "Raemi" (steam64id="76561198048467587" pos=<8793.82, 33.43, 11335.4>) player position
22:05:36: Player "SUC0_DE_P1NEU" (steam64id="76561198261470581" pos=<10261.7, 5.66, 10848.5>) player position
22:05:36: Player "Funghi" (steam64id="76561199069858485" pos=<9058.02, 28.39, 8009.42>) player position
22:05:36: Player "[YKZ]-BlackBear" (steam64id="76561198343030820" pos=<10445.3, 11.63, 10506.2>) player position
22:05:36: Player "HooZz" (steam64id="76561198805460683" pos=<10261.8, 5.61, 10847.6>) player position
22:05:36: Player "joaoob23" (steam64id="76561198302337518" pos=<10467.7, 2.82, 9610.57>) player position
22:05:36: Player "[HORDA]ThiagoPenna" (steam64id="76561198218822351" pos=<10365.2, 10.45, 10760.7>) player position
22:05:36: Player "[HORDA] JHON WICK" (DEAD) (steam64id="76561198122075703" pos=<9682.03, 1.11, 14969.6>) player position
22:05:36: Player "[HORDA] zBieL" (steam64id="76561198001525812" pos=<10465.9, 11.80, 10570.3>) player position
22:05:36: Player "[horda]marcelinho" (steam64id="76561198817477406" pos=<10506.8, 12.19, 10753.5>) player position
22:05:36: Player "[YKZ]-Lobato" (steam64id="76561198158375860" pos=<10399.6, 13.00, 10439.7>) player position
22:05:36: Player "Malcriado" (steam64id="76561198376508831" pos=<10479.3, 26.35, 12995.6>) player position
22:05:36: Player "Boneco " (steam64id="76561199225248971" pos=<10151.2, 16.84, 12501.5>) player position
22:05:36: Player "XUXUZINHO" (steam64id="76561199083408122" pos=<10814.7, 11.87, 13616.7>) player position
22:05:36: Player "Passo Largo" (steam64id="76561198057660141" pos=<7548.28, 28.15, 7918.9>) player position
22:05:36: Player "KOREA" (steam64id="76561198253386609" pos=<10247.1, 6.58, 10706.8>) player position
22:10:36: Player "Fuminhu " (steam64id="76561198199978915" pos=<8656.26, 182.32, 6683.68>) player position
22:10:36: Player "[EB] pedrobala" (steam64id="76561198046653521" pos=<10268.3, 6.69, 10774.3>) player position
22:10:36: Player "Lop1nho" (steam64id="76561198136544409" pos=<9735.63, 1.26, 13367.1>) player position
22:10:36: Player "SuperNoia" (steam64id="76561198132169694" pos=<8653.78, 182.29, 6704.01>) player position
22:10:36: Player "Raemi" (steam64id="76561198048467587" pos=<8832.6, 29.63, 11303.5>) player position
22:10:36: Player "SUC0_DE_P1NEU" (steam64id="76561198261470581" pos=<9746.96, 1.48, 14717.7>) player position
22:10:36: Player "[YKZ]-BlackBear" (steam64id="76561198343030820" pos=<10312, 3.73, 10345.7>) player position
22:10:36: Player "HooZz" (steam64id="76561198805460683" pos=<10288.6, 4.38, 10398.2>) player position
22:10:36: Player "joaoob23" (steam64id="76561198302337518" pos=<10763.2, 2.61, 8908.29>) player position
22:10:36: Player "[HORDA]ThiagoPenna" (steam64id="76561198218822351" pos=<10271.2, 5.60, 10706.8>) player position
22:10:36: Player "[HORDA] JHON WICK" (steam64id="76561198122075703" pos=<10547.7, 7.86, 10877.2>) player position
22:10:36: Player "[HORDA] zBieL" (steam64id="76561198001525812" pos=<10463.8, 12.52, 10572.6>) player position
22:10:36: Player "[horda]marcelinho" (steam64id="76561198817477406" pos=<10527.6, 9.98, 10791.4>) player position
22:10:36: Player "[YKZ]-Lobato" (steam64id="76561198158375860" pos=<10305.7, 3.54, 10347.4>) player position
22:10:36: Player "Malcriado" (steam64id="76561198376508831" pos=<10668, 23.01, 12779.1>) player position
22:10:36: Player "Boneco " (steam64id="76561199225248971" pos=<10068.2, 16.23, 12580.4>) player position
22:10:36: Player "XUXUZINHO" (steam64id="76561199083408122" pos=<10720.4, 32.98, 12916.2>) player position
22:10:36: Player "KOREA" (steam64id="76561198253386609" pos=<10247.1, 6.58, 10706.8>) player position
22:10:36: Player "Passo Largo" (steam64id="76561198057660141" pos=<7559.38, 28.05, 7894.56>) player position
22:15:36: Player "Fuminhu " (steam64id="76561198199978915" pos=<8767.72, 177.78, 6784.53>) player position
22:15:36: Player "[EB] pedrobala" (steam64id="76561198046653521" pos=<10256, 2.50, 10652.4>) player position
22:15:36: Player "Lop1nho" (steam64id="76561198136544409" pos=<9971.38, 8.86, 11983.8>) player position
22:15:36: Player "SuperNoia" (steam64id="76561198132169694" pos=<8748.56, 180.04, 6778.81>) player position
22:15:36: Player "Raemi" (steam64id="76561198048467587" pos=<9297.32, 14.60, 11850.7>) player position
22:15:36: Player "SUC0_DE_P1NEU" (steam64id="76561198261470581" pos=<9762.24, 5.26, 13050.1>) player position
22:15:36: Player "[YKZ]-BlackBear" (steam64id="76561198343030820" pos=<10269.1, 3.13, 10215.7>) player position
22:15:36: Player "HooZz" (steam64id="76561198805460683" pos=<9901.29, 16.08, 12439.5>) player position
22:15:36: Player "joaoob23" (steam64id="76561198302337518" pos=<11045.1, 8.40, 8516.37>) player position
22:15:36: Player "[HORDA]ThiagoPenna" (steam64id="76561198218822351" pos=<10132, 13.76, 10777.8>) player position
22:15:36: Player "[HORDA] JHON WICK" (steam64id="76561198122075703" pos=<10233.7, 2.96, 10555.2>) player position
22:15:36: Player "[HORDA] zBieL" (steam64id="76561198001525812" pos=<10253.3, 3.65, 10549.9>) player position
22:15:36: Player "[horda]marcelinho" (steam64id="76561198817477406" pos=<10401, 13.33, 10444.8>) player position
22:15:36: Player "[YKZ]-Lobato" (steam64id="76561198158375860" pos=<10248.3, 3.32, 10221.3>) player position
22:15:36: Player "Malcriado" (steam64id="76561198376508831" pos=<10349.1, 18.79, 12672.2>) player position
22:15:36: Player "Boneco " (steam64id="76561199225248971" pos=<10165.3, 22.22, 12407>) player position
22:15:36: Player "XUXUZINHO" (steam64id="76561199083408122" pos=<10223.3, 17.27, 12628.5>) player position
22:15:36: Player "KOREA" (steam64id="76561198253386609" pos=<10247.1, 6.58, 10706.8>) player position
22:15:36: Player "Passo Largo" (steam64id="76561198057660141" pos=<11787.1, 25.03, 6508.74>) player position
22:15:36: Player "JhouHillo" (steam64id="76561198307221831" pos=<10756.4, 8.96, 14023>) player position
22:15:36: Player "[ONE}Rick" (steam64id="76561198868590548" pos=<9933.9, 49.31, 7943.71>) player position
22:15:36: Player "GabrielDWR" (steam64id="76561199012612653" pos=<11824.7, 15.03, 7364.81>) player position
22:15:36: Player "[HORDA]MacLovin" (steam64id="76561199068236803" pos=<10374.8, 5.95, 10510.5>) player position
22:15:36: Player "CRD" (steam64id="76561199033852709" pos=<7349.02, 18.23, 7139.93>) player position
22:15:36: Player "Vini_300" (steam64id="76561198145785923" pos=<10499.1, 29.26, 13235.8>) player position
22:20:36: Player "[EB] pedrobala" (steam64id="76561198046653521" pos=<10598.2, 6.96, 11022.2>) player position
22:20:36: Player "Lop1nho" (steam64id="76561198136544409" pos=<9905.62, 1.24, 11166.2>) player position
22:20:36: Player "Raemi" (steam64id="76561198048467587" pos=<9468.36, 5.01, 12200>) player position
22:20:36: Player "SUC0_DE_P1NEU" (steam64id="76561198261470581" pos=<9941.83, 7.23, 11403.1>) player position
22:20:36: Player "[YKZ]-BlackBear" (steam64id="76561198343030820" pos=<10453.7, 12.11, 10522.3>) player position
22:20:36: Player "HooZz" (steam64id="76561198805460683" pos=<9890.6, 1.85, 11207.5>) player position
22:20:36: Player "joaoob23" (steam64id="76561198302337518" pos=<11045, 8.40, 8514.88>) player position
22:20:36: Player "[HORDA]ThiagoPenna" (steam64id="76561198218822351" pos=<10222.1, 3.06, 10581.6>) player position
22:20:36: Player "[HORDA] JHON WICK" (steam64id="76561198122075703" pos=<10606.5, 5.98, 11032.1>) player position
22:20:36: Player "[HORDA] zBieL" (steam64id="76561198001525812" pos=<10261.5, 3.35, 10600.8>) player position
22:20:36: Player "[horda]marcelinho" (steam64id="76561198817477406" pos=<10502.6, 7.04, 10850>) player position
22:20:36: Player "[YKZ]-Lobato" (steam64id="76561198158375860" pos=<10559.7, 4.49, 10810>) player position
22:20:36: Player "Malcriado" (steam64id="76561198376508831" pos=<10060.7, 13.05, 12539.2>) player position
22:20:36: Player "Boneco " (steam64id="76561199225248971" pos=<10383.8, 11.30, 12347.7>) player position
22:20:36: Player "XUXUZINHO" (steam64id="76561199083408122" pos=<10052.2, 22.09, 12729.4>) player position
22:20:36: Player "KOREA" (steam64id="76561198253386609" pos=<10247.1, 6.58, 10706.8>) player position
22:20:36: Player "Passo Largo" (steam64id="76561198057660141" pos=<11787.1, 25.03, 6508.74>) player position
22:20:36: Player "JhouHillo" (steam64id="76561198307221831" pos=<10668.4, 12.17, 13817.3>) player position
22:20:36: Player "[ONE}Rick" (steam64id="76561198868590548" pos=<9603.91, 3.99, 9012.23>) player position
22:20:36: Player "GabrielDWR" (steam64id="76561199012612653" pos=<11749.9, 22.67, 7477.23>) player position
22:20:36: Player "[HORDA]MacLovin" (steam64id="76561199068236803" pos=<10607.3, 5.76, 11024.7>) player position
22:20:36: Player "CRD" (steam64id="76561199033852709" pos=<7351.11, 14.33, 7136.68>) player position
22:20:36: Player "Vini_300" (steam64id="76561198145785923" pos=<10488.2, 25.50, 13009>) player position
22:20:36: Player "Biel FxR" (steam64id="76561198050836260" pos=<7630.23, 13.22, 9797.21>) player position
22:25:36: Player "[EB] pedrobala" (steam64id="76561198046653521" pos=<10396, 14.44, 10621.3>) player position
22:25:36: Player "Lop1nho" (steam64id="76561198136544409" pos=<10080.2, 4.54, 14513>) player position
22:25:36: Player "Raemi" (steam64id="76561198048467587" pos=<9570.13, 24.28, 12323.4>) player position
22:25:36: Player "SUC0_DE_P1NEU" (steam64id="76561198261470581" pos=<10268.4, 3.67, 10574.3>) player position
22:25:36: Player "[YKZ]-BlackBear" (steam64id="76561198343030820" pos=<10453.8, 13.46, 10654.9>) player position
22:25:36: Player "HooZz" (steam64id="76561198805460683" pos=<10268.2, 3.67, 10573.5>) player position
22:25:36: Player "[HORDA]ThiagoPenna" (steam64id="76561198218822351" pos=<10011.7, 11.73, 10779.5>) player position
22:25:36: Player "[HORDA] JHON WICK" (steam64id="76561198122075703" pos=<10375.1, 21.38, 11164.1>) player position
22:25:36: Player "[HORDA] zBieL" (steam64id="76561198001525812" pos=<9985.61, 8.41, 10794.9>) player position
22:25:36: Player "[horda]marcelinho" (steam64id="76561198817477406" pos=<9697.65, 2.88, 12706.3>) player position
22:25:36: Player "[YKZ]-Lobato" (steam64id="76561198158375860" pos=<10397.6, 14.52, 10629.1>) player position
22:25:36: Player "Malcriado" (steam64id="76561198376508831" pos=<10319.1, 11.69, 12340.2>) player position
22:25:36: Player "Boneco " (steam64id="76561199225248971" pos=<10725.1, 11.88, 12483.3>) player position
22:25:36: Player "XUXUZINHO" (steam64id="76561199083408122" pos=<9123.3, 7.25, 11714.7>) player position
22:25:36: Player "KOREA" (steam64id="76561198253386609" pos=<10230.7, 11.60, 10716.1>) player position
22:25:36: Player "Passo Largo" (steam64id="76561198057660141" pos=<11783.8, 28.91, 6535.29>) player position
22:25:36: Player "JhouHillo" (steam64id="76561198307221831" pos=<10450.1, 25.89, 13338.5>) player position
22:25:36: Player "[ONE}Rick" (steam64id="76561198868590548" pos=<10104.9, 1.59, 9968.57>) player position
22:25:36: Player "GabrielDWR" (steam64id="76561199012612653" pos=<11273.5, 11.21, 7942.86>) player position
22:25:36: Player "[HORDA]MacLovin" (steam64id="76561199068236803" pos=<9967.38, 3.46, 13837>) player position
22:25:36: Player "Vini_300" (steam64id="76561198145785923" pos=<10671.3, 12.53, 12498.6>) player position
22:25:36: Player "Biel FxR" (steam64id="76561198050836260" pos=<7632.56, 13.22, 9793.63>) player position
22:25:36: Player "[EB] GordoEmers" (steam64id="76561198260617608" pos=<10387.7, 17.66, 10617.3>) player position
22:30:36: Player "[EB] pedrobala" (steam64id="76561198046653521" pos=<10360.5, 7.70, 10594.6>) player position
22:30:36: Player "Lop1nho" (steam64id="76561198136544409" pos=<9331.54, 1.85, 12031.8>) player position
22:30:36: Player "Raemi" (steam64id="76561198048467587" pos=<9568.46, 23.73, 12326.8>) player position
22:30:36: Player "SUC0_DE_P1NEU" (steam64id="76561198261470581" pos=<10408.4, 6.43, 9807.92>) player position
22:30:36: Player "[YKZ]-BlackBear" (steam64id="76561198343030820" pos=<10438.5, 13.21, 10534.8>) player position
22:30:36: Player "HooZz" (steam64id="76561198805460683" pos=<10409.2, 6.42, 9815.43>) player position
22:30:36: Player "[HORDA]ThiagoPenna" (steam64id="76561198218822351" pos=<10317.5, 4.76, 10289.9>) player position
22:30:36: Player "[HORDA] JHON WICK" (steam64id="76561198122075703" pos=<10148.8, 2.59, 10603>) player position
22:30:36: Player "[HORDA] zBieL" (steam64id="76561198001525812" pos=<10181.4, 4.23, 10633.8>) player position
22:30:36: Player "[horda]marcelinho" (steam64id="76561198817477406" pos=<9959.07, 7.73, 11756>) player position
22:30:36: Player "[YKZ]-Lobato" (steam64id="76561198158375860" pos=<11154.3, 19.10, 13694.3>) player position
22:30:36: Player "Malcriado" (steam64id="76561198376508831" pos=<10700.6, 10.04, 12118.6>) player position
22:30:36: Player "Boneco " (steam64id="76561199225248971" pos=<10807.2, 10.65, 12132.6>) player position
22:30:36: Player "XUXUZINHO" (steam64id="76561199083408122" pos=<8828.63, 29.39, 11304.7>) player position
22:30:36: Player "KOREA" (steam64id="76561198253386609" pos=<10237.5, 7.07, 10717.7>) player position
22:30:36: Player "Passo Largo" (steam64id="76561198057660141" pos=<11783.8, 28.91, 6535.29>) player position
22:30:36: Player "JhouHillo" (steam64id="76561198307221831" pos=<10112.7, 14.91, 12531>) player position
22:30:36: Player "[ONE}Rick" (steam64id="76561198868590548" pos=<10325.3, 4.23, 10278.3>) player position
22:30:36: Player "GabrielDWR" (steam64id="76561199012612653" pos=<11492.5, 8.94, 7911.41>) player position
22:30:36: Player "[HORDA]MacLovin" (steam64id="76561199068236803" pos=<10627.3, 23.10, 12860.9>) player position
22:30:36: Player "Vini_300" (steam64id="76561198145785923" pos=<10804.2, 10.65, 12120.7>) player position
22:30:36: Player "Biel FxR" (steam64id="76561198050836260" pos=<8256.81, 23.25, 9442.23>) player position
22:30:36: Player "[EB] GordoEmers" (steam64id="76561198260617608" pos=<10385.4, 12.38, 10599.4>) player position
22:30:36: Player "ObreD" (steam64id="76561198258911731" pos=<9718.46, 3.94, 12983>) player position
22:30:36: Player "[ONE] KARABULJHAN" (steam64id="76561198100527842" pos=<9553.46, 48.44, 12180>) player position
22:35:36: Player "[EB] pedrobala" (steam64id="76561198046653521" pos=<10282.2, 3.08, 10490.9>) player position
22:35:36: Player "Lop1nho" (steam64id="76561198136544409" pos=<8494.51, -0.45, 11360.3>) player position
22:35:36: Player "Raemi" (steam64id="76561198048467587" pos=<9554.18, 21.38, 12324.9>) player position
22:35:36: Player "SUC0_DE_P1NEU" (steam64id="76561198261470581" pos=<10472.3, 6.28, 9691.27>) player position
22:35:36: Player "[YKZ]-BlackBear" (steam64id="76561198343030820" pos=<10369.8, 9.35, 10380.9>) player position
22:35:36: Player "HooZz" (steam64id="76561198805460683" pos=<10464, 5.93, 9719.17>) player position
22:35:36: Player "[HORDA]ThiagoPenna" (steam64id="76561198218822351" pos=<10263.9, 4.93, 10422.6>) player position
22:35:36: Player "[HORDA] JHON WICK" (steam64id="76561198122075703" pos=<9782, 3.22, 14478>) player position
22:35:36: Player "[HORDA] zBieL" (steam64id="76561198001525812" pos=<9918.1, 9.56, 13757.3>) player position
22:35:36: Player "[horda]marcelinho" (steam64id="76561198817477406" pos=<9951.69, 19.17, 11774>) player position
22:35:36: Player "[YKZ]-Lobato" (steam64id="76561198158375860" pos=<10935.4, 7.12, 12025.9>) player position
22:35:36: Player "Malcriado" (steam64id="76561198376508831" pos=<10746.5, 21.66, 12080.6>) player position
22:35:36: Player "Boneco " (steam64id="76561199225248971" pos=<10743.6, 17.84, 12081>) player position
22:35:36: Player "XUXUZINHO" (steam64id="76561199083408122" pos=<8737.91, 1.82, 11242>) player position
22:35:36: Player "KOREA" (steam64id="76561198253386609" pos=<10237.5, 7.07, 10717.7>) player position
22:35:36: Player "Passo Largo" (steam64id="76561198057660141" pos=<11783.8, 28.91, 6535.29>) player position
22:35:36: Player "JhouHillo" (steam64id="76561198307221831" pos=<10280, 10.70, 11032.5>) player position
22:35:36: Player "[ONE}Rick" (steam64id="76561198868590548" pos=<10395.6, 7.45, 10335.4>) player position
22:35:36: Player "GabrielDWR" (steam64id="76561199012612653" pos=<11839, 19.74, 7277.51>) player position
22:35:36: Player "[HORDA]MacLovin" (steam64id="76561199068236803" pos=<9920.26, 9.25, 13758.9>) player position
22:35:36: Player "Vini_300" (steam64id="76561198145785923" pos=<10746, 14.04, 12080.2>) player position
22:35:36: Player "Biel FxR" (steam64id="76561198050836260" pos=<8565.98, 63.95, 8441.04>) player position
22:35:36: Player "[EB] GordoEmers" (DEAD) (steam64id="76561198260617608" pos=<9919.07, 9.47, 13757.8>) player position
22:35:36: Player "ObreD" (steam64id="76561198258911731" pos=<9520.23, 2.35, 12442.5>) player position
22:35:36: Player "[ONE] KARABULJHAN" (steam64id="76561198100527842" pos=<9551.24, 33.41, 12173.7>) player position
22:40:36: Player "[EB] pedrobala" (steam64id="76561198046653521" pos=<10282.2, 3.06, 10493.1>) player position
22:40:36: Player "Lop1nho" (steam64id="76561198136544409" pos=<8318.91, 2.33, 10735.1>) player position
22:40:36: Player "Raemi" (steam64id="76561198048467587" pos=<9548.87, 7.18, 12492.6>) player position
22:40:36: Player "SUC0_DE_P1NEU" (steam64id="76561198261470581" pos=<10795.6, 4.01, 8816.52>) player position
22:40:36: Player "[YKZ]-BlackBear" (steam64id="76561198343030820" pos=<10403.3, 13.24, 10448.1>) player position
22:40:36: Player "HooZz" (steam64id="76561198805460683" pos=<10724.9, 3.16, 9011.41>) player position
22:40:36: Player "[HORDA]ThiagoPenna" (steam64id="76561198218822351" pos=<10271.2, 5.35, 10414.9>) player position
22:40:36: Player "[HORDA] JHON WICK" (steam64id="76561198122075703" pos=<9963.51, 7.71, 12199.6>) player position
22:40:36: Player "[HORDA] zBieL" (steam64id="76561198001525812" pos=<9953.56, 25.70, 12315.1>) player position
22:40:36: Player "[horda]marcelinho" (steam64id="76561198817477406" pos=<9952.62, 7.53, 11775.8>) player position
22:40:36: Player "[YKZ]-Lobato" (steam64id="76561198158375860" pos=<10402.5, 13.42, 10450>) player position
22:40:36: Player "Malcriado" (steam64id="76561198376508831" pos=<10746.4, 14.04, 12080.1>) player position
22:40:36: Player "Boneco " (steam64id="76561199225248971" pos=<9816.66, 4.57, 14684.8>) player position
22:40:36: Player "XUXUZINHO" (steam64id="76561199083408122" pos=<8414.83, 4.72, 10837.7>) player position
22:40:36: Player "KOREA" (steam64id="76561198253386609" pos=<10237.5, 7.07, 10717.7>) player position
22:40:36: Player "Passo Largo" (steam64id="76561198057660141" pos=<11783.8, 28.91, 6535.29>) player position
22:40:36: Player "JhouHillo" (steam64id="76561198307221831" pos=<10408.2, 7.58, 10885.6>) player position
22:40:36: Player "[ONE}Rick" (DEAD) (steam64id="76561198868590548" pos=<9722, 1.40, 15097>) player position
22:40:36: Player "GabrielDWR" (steam64id="76561199012612653" pos=<11836.3, 19.80, 7267.43>) player position
22:40:36: Player "[HORDA]MacLovin" (steam64id="76561199068236803" pos=<9972.96, 20.74, 12346.1>) player position
22:40:36: Player "Vini_300" (steam64id="76561198145785923" pos=<10110.7, 9.11, 13475.9>) player position
22:40:36: Player "Biel FxR" (steam64id="76561198050836260" pos=<8753.4, 17.76, 8059.57>) player position
22:40:36: Player "[EB] GordoEmers" (steam64id="76561198260617608" pos=<9955.08, 12.88, 12516.6>) player position
22:40:36: Player "ObreD" (steam64id="76561198258911731" pos=<9043.61, 17.27, 11707.6>) player position
22:40:36: Player "GLORIA GROOVE" (steam64id="76561198836991038" pos=<11084.5, 27.98, 8427.95>) player position
22:40:36: Player "[ONE] KARABULJHAN" (steam64id="76561198100527842" pos=<9554.05, 28.70, 12174.7>) player position
22:45:36: Player "[EB] pedrobala" (steam64id="76561198046653521" pos=<10302.6, 3.85, 10410.3>) player position
22:45:36: Player "Lop1nho" (steam64id="76561198136544409" pos=<9725.06, 1.20, 13404.9>) player position
22:45:36: Player "SUC0_DE_P1NEU" (steam64id="76561198261470581" pos=<9692, 1.96, 14965>) player position
22:45:36: Player "[YKZ]-BlackBear" (steam64id="76561198343030820" pos=<10450.1, 4.70, 9845.37>) player position
22:45:36: Player "HooZz" (steam64id="76561198805460683" pos=<10876.6, 27.51, 8757.49>) player position
22:45:36: Player "[HORDA]ThiagoPenna" (steam64id="76561198218822351" pos=<10023.5, 5.25, 13442.6>) player position
22:45:36: Player "[HORDA] JHON WICK" (steam64id="76561198122075703" pos=<10041.9, 7.21, 10958.6>) player position
22:45:36: Player "[HORDA] zBieL" (steam64id="76561198001525812" pos=<9951.12, 19.17, 11774>) player position
22:45:36: Player "[horda]marcelinho" (steam64id="76561198817477406" pos=<9956.74, 7.53, 11776.8>) player position
22:45:36: Player "[YKZ]-Lobato" (steam64id="76561198158375860" pos=<10450.8, 3.08, 9862.33>) player position
22:45:36: Player "Malcriado" (steam64id="76561198376508831" pos=<10747.4, 14.04, 12080.7>) player position
22:45:36: Player "Boneco " (steam64id="76561199225248971" pos=<10455.6, 3.59, 14347.6>) player position
22:45:36: Player "XUXUZINHO" (steam64id="76561199083408122" pos=<8778.99, 6.63, 10288.3>) player position
22:45:36: Player "Passo Largo" (steam64id="76561198057660141" pos=<11783.4, 28.79, 6540.8>) player position
22:45:36: Player "JhouHillo" (steam64id="76561198307221831" pos=<9740.59, 1.62, 13358.1>) player position
22:45:36: Player "[ONE}Rick" (steam64id="76561198868590548" pos=<9590.75, 19.89, 12388.2>) player position
22:45:36: Player "GabrielDWR" (steam64id="76561199012612653" pos=<11839.6, 19.80, 7268.25>) player position
22:45:36: Player "Vini_300" (steam64id="76561198145785923" pos=<10487.7, 18.47, 13530.5>) player position
22:45:36: Player "[EB] GordoEmers" (steam64id="76561198260617608" pos=<9962.94, 7.33, 11748.5>) player position
22:45:36: Player "ObreD" (steam64id="76561198258911731" pos=<8775.83, 44.72, 11237.9>) player position
22:45:36: Player "GLORIA GROOVE" (steam64id="76561198836991038" pos=<10828, 4.08, 8742.23>) player position
22:45:36: Player "[ONE] KARABULJHAN" (steam64id="76561198100527842" pos=<9570.64, 34.40, 12191.5>) player position
22:50:36: Player "[EB] pedrobala" (steam64id="76561198046653521" pos=<10392.7, 17.69, 10611.1>) player position
22:50:36: Player "Lop1nho" (steam64id="76561198136544409" pos=<9402.39, 2.24, 11792.1>) player position
22:50:36: Player "SUC0_DE_P1NEU" (steam64id="76561198261470581" pos=<10649.7, 10.37, 13978.9>) player position
22:50:36: Player "[YKZ]-BlackBear" (steam64id="76561198343030820" pos=<10850.3, 4.01, 8792.6>) player position
22:50:36: Player "HooZz" (steam64id="76561198805460683" pos=<9841.78, 15.31, 14395.2>) player position
22:50:36: Player "[HORDA]ThiagoPenna" (steam64id="76561198218822351" pos=<9900.26, 23.20, 12297.7>) player position
22:50:36: Player "[HORDA] JHON WICK" (steam64id="76561198122075703" pos=<10060.5, 13.77, 10745.4>) player position
22:50:36: Player "[HORDA] zBieL" (steam64id="76561198001525812" pos=<9953.07, 19.17, 11776.3>) player position
22:50:36: Player "[horda]marcelinho" (steam64id="76561198817477406" pos=<9960.38, 17.62, 11755.2>) player position
22:50:36: Player "[YKZ]-Lobato" (steam64id="76561198158375860" pos=<10874.4, 4.01, 8785.55>) player position
22:50:36: Player "Boneco " (steam64id="76561199225248971" pos=<10833.6, 6.20, 14184.3>) player position
22:50:36: Player "XUXUZINHO" (steam64id="76561199083408122" pos=<8843.9, 7.48, 10256.4>) player position
22:50:36: Player "Passo Largo" (steam64id="76561198057660141" pos=<11783.4, 28.79, 6540.8>) player position
22:50:36: Player "[ONE}Rick" (steam64id="76561198868590548" pos=<9610.09, 10.92, 12049.9>) player position
22:50:36: Player "GabrielDWR" (steam64id="76561199012612653" pos=<11832.5, 19.73, 7270.09>) player position
22:50:36: Player "Vini_300" (steam64id="76561198145785923" pos=<10603.7, 17.18, 13566.1>) player position
22:50:36: Player "[EB] GordoEmers" (steam64id="76561198260617608" pos=<10280.5, 5.22, 10832.4>) player position
22:50:36: Player "ObreD" (steam64id="76561198258911731" pos=<8579.31, 5.22, 11024.7>) player position
22:50:36: Player "GLORIA GROOVE" (steam64id="76561198836991038" pos=<10782.8, 4.14, 8732.91>) player position
22:50:36: Player "TripaSeca" (steam64id="76561198093060507" pos=<7631.9, 12.20, 9809.25>) player position
22:50:36: Player "Biel FxR" (steam64id="76561198050836260" pos=<8974.78, 24.80, 7979.79>) player position
22:55:36: Player "[EB] pedrobala" (steam64id="76561198046653521" pos=<10390.4, 17.65, 10609.5>) player position
22:55:36: Player "Lop1nho" (steam64id="76561198136544409" pos=<8827.69, 28.51, 11351.2>) player position
22:55:36: Player "SUC0_DE_P1NEU" (steam64id="76561198261470581" pos=<10255.7, 11.54, 13602>) player position
22:55:36: Player "[YKZ]-BlackBear" (steam64id="76561198343030820" pos=<11084.2, 35.24, 8424.07>) player position
22:55:36: Player "HooZz" (steam64id="76561198805460683" pos=<9759.71, 4.40, 13239.3>) player position
22:55:36: Player "[HORDA]ThiagoPenna" (steam64id="76561198218822351" pos=<9962.82, 7.21, 11763.1>) player position
22:55:36: Player "[HORDA] JHON WICK" (steam64id="76561198122075703" pos=<10060.5, 13.77, 10745.5>) player position
22:55:36: Player "[HORDA] zBieL" (steam64id="76561198001525812" pos=<9956.19, 19.17, 11778.8>) player position
22:55:36: Player "[horda]marcelinho" (steam64id="76561198817477406" pos=<9957.1, 8.00, 11777.2>) player position
22:55:36: Player "[YKZ]-Lobato" (steam64id="76561198158375860" pos=<11084.7, 35.24, 8425.8>) player position
22:55:36: Player "Boneco " (steam64id="76561199225248971" pos=<10602.6, 14.52, 13632.7>) player position
22:55:36: Player "XUXUZINHO" (steam64id="76561199083408122" pos=<8848.99, 7.48, 10247>) player position
22:55:36: Player "Passo Largo" (steam64id="76561198057660141" pos=<11783.4, 28.79, 6540.8>) player position
22:55:36: Player "[ONE}Rick" (steam64id="76561198868590548" pos=<9906.91, 3.81, 11329.9>) player position
22:55:36: Player "Vini_300" (steam64id="76561198145785923" pos=<10603.7, 17.18, 13566.1>) player position
22:55:36: Player "[EB] GordoEmers" (steam64id="76561198260617608" pos=<10392.7, 17.69, 10611.1>) player position
22:55:36: Player "ObreD" (steam64id="76561198258911731" pos=<8372.82, 1.23, 10409.3>) player position
22:55:36: Player "GLORIA GROOVE" (steam64id="76561198836991038" pos=<11089, 35.24, 8418.4>) player position
22:55:36: Player "TripaSeca" (steam64id="76561198093060507" pos=<7875.22, 33.58, 9412.47>) player position
22:55:36: Player "Biel FxR" (steam64id="76561198050836260" pos=<8974.73, 24.78, 7980.12>) player position
23:00:36: Player "[EB] pedrobala" (steam64id="76561198046653521" pos=<10390, 14.57, 10618.2>) player position
23:00:36: Player "Lop1nho" (steam64id="76561198136544409" pos=<8795.88, 33.39, 11334.2>) player position
23:00:36: Player "SUC0_DE_P1NEU" (steam64id="76561198261470581" pos=<9757.48, 4.40, 13238.2>) player position
23:00:36: Player "[YKZ]-BlackBear" (steam64id="76561198343030820" pos=<11094.6, 35.24, 8424.69>) player position
23:00:36: Player "HooZz" (steam64id="76561198805460683" pos=<9759.38, 4.40, 13238.6>) player position
23:00:36: Player "[HORDA]ThiagoPenna" (steam64id="76561198218822351" pos=<9949.93, 27.26, 11779.2>) player position
23:00:36: Player "[HORDA] JHON WICK" (steam64id="76561198122075703" pos=<10060.5, 13.77, 10745.5>) player position
23:00:36: Player "[HORDA] zBieL" (steam64id="76561198001525812" pos=<9956.7, 7.53, 11778.7>) player position
23:00:36: Player "[horda]marcelinho" (steam64id="76561198817477406" pos=<9955.05, 7.53, 11779.8>) player position
23:00:36: Player "[YKZ]-Lobato" (steam64id="76561198158375860" pos=<11089.3, 35.24, 8432.93>) player position
23:00:36: Player "Boneco " (steam64id="76561199225248971" pos=<10574.6, 18.03, 13553.1>) player position
23:00:36: Player "XUXUZINHO" (steam64id="76561199083408122" pos=<8801.28, 26.72, 9377.89>) player position
23:00:36: Player "Passo Largo" (steam64id="76561198057660141" pos=<11783.4, 28.79, 6540.8>) player position
23:00:36: Player "[ONE}Rick" (steam64id="76561198868590548" pos=<10258, 1.89, 10315.1>) player position
23:00:36: Player "Vini_300" (steam64id="76561198145785923" pos=<10572.2, 18.18, 13551.3>) player position
23:00:36: Player "[EB] GordoEmers" (steam64id="76561198260617608" pos=<10392.1, 17.67, 10609.6>) player position
23:00:36: Player "ObreD" (steam64id="76561198258911731" pos=<8844.16, 7.48, 10256.7>) player position
23:00:36: Player "GLORIA GROOVE" (steam64id="76561198836991038" pos=<11088.6, 35.24, 8426.72>) player position
23:00:36: Player "TripaSeca" (steam64id="76561198093060507" pos=<8781.51, 20.00, 8968.3>) player position
23:00:36: Player "Biel FxR" (steam64id="76561198050836260" pos=<9044.99, 18.16, 8750.26>) player position
23:05:36: Player "[EB] pedrobala" (steam64id="76561198046653521" pos=<10389.1, 17.66, 10614.9>) player position
23:05:36: Player "Lop1nho" (steam64id="76561198136544409" pos=<8824.78, 28.61, 11335.3>) player position
23:05:36: Player "SUC0_DE_P1NEU" (steam64id="76561198261470581" pos=<9302.81, 2.80, 11956.5>) player position
23:05:36: Player "[YKZ]-BlackBear" (steam64id="76561198343030820" pos=<11080.6, 41.37, 8423.6>) player position
23:05:36: Player "HooZz" (steam64id="76561198805460683" pos=<9292.88, 3.03, 11941.8>) player position
23:05:36: Player "[HORDA]ThiagoPenna" (steam64id="76561198218822351" pos=<9961.27, 7.60, 11750.5>) player position
23:05:36: Player "[HORDA] JHON WICK" (steam64id="76561198122075703" pos=<10400.8, 8.15, 10358.6>) player position
23:05:36: Player "[horda]marcelinho" (steam64id="76561198817477406" pos=<9958.85, 7.73, 11754.6>) player position
23:05:36: Player "[YKZ]-Lobato" (steam64id="76561198158375860" pos=<11088.8, 35.24, 8433.89>) player position
23:05:36: Player "Boneco " (steam64id="76561199225248971" pos=<10872.5, 12.97, 13607.5>) player position
23:05:36: Player "XUXUZINHO" (steam64id="76561199083408122" pos=<9473.69, 16.24, 8743.49>) player position
23:05:36: Player "[ONE}Rick" (steam64id="76561198868590548" pos=<10456.3, 2.06, 10356.5>) player position
23:05:36: Player "Vini_300" (steam64id="76561198145785923" pos=<10907.1, 14.00, 13591.2>) player position
23:05:36: Player "[EB] GordoEmers" (steam64id="76561198260617608" pos=<10392.2, 17.69, 10612.1>) player position
23:05:36: Player "ObreD" (steam64id="76561198258911731" pos=<9159.53, 28.28, 9088.84>) player position
23:05:36: Player "GLORIA GROOVE" (steam64id="76561198836991038" pos=<11080.9, 41.37, 8422.61>) player position
23:05:36: Player "TripaSeca" (steam64id="76561198093060507" pos=<9889.37, 22.20, 8632.59>) player position
23:05:36: Player "Biel FxR" (steam64id="76561198050836260" pos=<9912.24, 24.51, 8627.81>) player position
23:10:36: Player "[EB] pedrobala" (steam64id="76561198046653521" pos=<10392.3, 14.54, 10609>) player position
23:10:36: Player "Lop1nho" (steam64id="76561198136544409" pos=<8797.87, 29.85, 11272.3>) player position
23:10:36: Player "SUC0_DE_P1NEU" (steam64id="76561198261470581" pos=<8798.57, 29.90, 11272.4>) player position
23:10:36: Player "[YKZ]-BlackBear" (steam64id="76561198343030820" pos=<11094, 35.24, 8423.61>) player position
23:10:36: Player "HooZz" (steam64id="76561198805460683" pos=<8789.1, 37.45, 11310.8>) player position
23:10:36: Player "[HORDA]ThiagoPenna" (steam64id="76561198218822351" pos=<10142.9, 1.27, 10564.4>) player position
23:10:36: Player "[HORDA] JHON WICK" (steam64id="76561198122075703" pos=<10414.9, 10.16, 10436.3>) player position
23:10:36: Player "[horda]marcelinho" (steam64id="76561198817477406" pos=<10098.4, 1.07, 10603.4>) player position
23:10:36: Player "[YKZ]-Lobato" (steam64id="76561198158375860" pos=<11084.5, 20.17, 8428.22>) player position
23:10:36: Player "Boneco " (steam64id="76561199225248971" pos=<10913.4, 14.45, 13593.6>) player position
23:10:36: Player "XUXUZINHO" (steam64id="76561199083408122" pos=<10141.1, 12.73, 8261.57>) player position
23:10:36: Player "[ONE}Rick" (steam64id="76561198868590548" pos=<10426.9, 8.05, 10433.1>) player position
23:10:36: Player "Vini_300" (steam64id="76561198145785923" pos=<10916.2, 14.65, 13595>) player position
23:10:36: Player "[EB] GordoEmers" (steam64id="76561198260617608" pos=<10391.5, 15.91, 10615.4>) player position
23:10:36: Player "ObreD" (steam64id="76561198258911731" pos=<10138.9, 12.23, 8283.82>) player position
23:10:36: Player "GLORIA GROOVE" (steam64id="76561198836991038" pos=<11083.9, 4.21, 8431.29>) player position
23:10:36: Player "TripaSeca" (steam64id="76561198093060507" pos=<10756.5, 4.35, 8765.19>) player position
23:10:36: Player "Biel FxR" (steam64id="76561198050836260" pos=<10755.3, 4.25, 8825.56>) player position
23:10:36: Player "Rodrigo Boca Br#4768" (steam64id="76561198856289994" pos=<9716.84, 11.13, 15018.5>) player position
23:10:36: Player "G A T O" (steam64id="76561199207813177" pos=<10653.9, 72.06, 8241.31>) player position
23:10:36: Player "Charada" (steam64id="76561198034769290" pos=<8850.1, 28.49, 11362.7>) player position
23:15:36: Player "[EB] pedrobala" (steam64id="76561198046653521" pos=<10529.5, 2.11, 9262.95>) player position
23:15:36: Player "Lop1nho" (DEAD) (steam64id="76561198136544409" pos=<9715.9, 2.76, 14831.5>) player position
23:15:36: Player "SUC0_DE_P1NEU" (steam64id="76561198261470581" pos=<8831.84, 29.62, 11299.6>) player position
23:15:36: Player "[YKZ]-BlackBear" (steam64id="76561198343030820" pos=<11015.4, 4.38, 8597.28>) player position
23:15:36: Player "HooZz" (steam64id="76561198805460683" pos=<8779.86, 50.55, 11241.9>) player position
23:15:36: Player "[HORDA]ThiagoPenna" (steam64id="76561198218822351" pos=<10437.4, 5.30, 9920.77>) player position
23:15:36: Player "[HORDA] JHON WICK" (steam64id="76561198122075703" pos=<10383.2, 2.41, 9878.3>) player position
23:15:36: Player "[horda]marcelinho" (steam64id="76561198817477406" pos=<10428, 5.65, 9948.6>) player position
23:15:36: Player "[YKZ]-Lobato" (steam64id="76561198158375860" pos=<10981.9, 4.01, 8635.24>) player position
23:15:36: Player "Boneco " (steam64id="76561199225248971" pos=<10688.4, 11.97, 13519.8>) player position
23:15:36: Player "XUXUZINHO" (steam64id="76561199083408122" pos=<10615.9, 97.88, 8063.75>) player position
23:15:36: Player "[ONE}Rick" (steam64id="76561198868590548" pos=<10457, 2.46, 9918.09>) player position
23:15:36: Player "Vini_300" (steam64id="76561198145785923" pos=<10690.7, 11.45, 13524.7>) player position
23:15:36: Player "[EB] GordoEmers" (steam64id="76561198260617608" pos=<10513, 2.36, 9272.7>) player position
23:15:36: Player "ObreD" (steam64id="76561198258911731" pos=<10606.6, 101.26, 8063>) player position
23:15:36: Player "GLORIA GROOVE" (steam64id="76561198836991038" pos=<10988.5, 4.01, 8629.3>) player position
23:15:36: Player "TripaSeca" (steam64id="76561198093060507" pos=<10888.9, 4.01, 8677.15>) player position
23:15:36: Player "Biel FxR" (steam64id="76561198050836260" pos=<10968.1, 20.30, 8690.97>) player position
23:15:36: Player "Rodrigo Boca Br#4768" (steam64id="76561198856289994" pos=<9761.89, 6.10, 14765.1>) player position
23:15:36: Player "G A T O" (steam64id="76561199207813177" pos=<10740, 37.73, 8270.36>) player position
23:15:36: Player "Charada" (steam64id="76561198034769290" pos=<8809.81, 30.64, 11433.5>) player position
23:15:36: Player "Passo Largo" (steam64id="76561198057660141" pos=<10889.4, 4.01, 8672.72>) player position
23:20:36: Player "[EB] pedrobala" (steam64id="76561198046653521" pos=<10747.3, 4.65, 8871.09>) player position
23:20:36: Player "Lop1nho" (steam64id="76561198136544409" pos=<9632.74, 1.45, 12827.2>) player position
23:20:36: Player "SUC0_DE_P1NEU" (steam64id="76561198261470581" pos=<8832.86, 29.76, 11298.3>) player position
23:20:36: Player "HooZz" (steam64id="76561198805460683" pos=<8816.95, 29.34, 11308.3>) player position
23:20:36: Player "[HORDA]ThiagoPenna" (steam64id="76561198218822351" pos=<10567.2, 5.59, 9338.55>) player position
23:20:36: Player "[HORDA] JHON WICK" (steam64id="76561198122075703" pos=<10639.1, 2.40, 9162.4>) player position
23:20:36: Player "[horda]marcelinho" (steam64id="76561198817477406" pos=<10567.3, 3.41, 9234.82>) player position
23:20:36: Player "[YKZ]-Lobato" (steam64id="76561198158375860" pos=<10926.5, 4.01, 8785.93>) player position
23:20:36: Player "Boneco " (steam64id="76561199225248971" pos=<10506.5, 22.67, 13026.4>) player position
23:20:36: Player "XUXUZINHO" (steam64id="76561199083408122" pos=<9535.14, 34.47, 7758.28>) player position
23:20:36: Player "[ONE}Rick" (steam64id="76561198868590548" pos=<10565.2, 5.18, 9334.74>) player position
23:20:36: Player "Vini_300" (steam64id="76561198145785923" pos=<10503.4, 22.70, 13025.9>) player position
23:20:36: Player "[EB] GordoEmers" (steam64id="76561198260617608" pos=<10743.1, 4.52, 8871.89>) player position
23:20:36: Player "ObreD" (steam64id="76561198258911731" pos=<9535.57, 34.91, 7834.86>) player position
23:20:36: Player "GLORIA GROOVE" (steam64id="76561198836991038" pos=<9706.79, 3.31, 15066.5>) player position
23:20:36: Player "TripaSeca" (steam64id="76561198093060507" pos=<10835.9, 4.01, 8673.43>) player position
23:20:36: Player "Biel FxR" (steam64id="76561198050836260" pos=<10967.4, 38.39, 8690.55>) player position
23:20:36: Player "Rodrigo Boca Br#4768" (steam64id="76561198856289994" pos=<10040.8, 3.05, 14565.7>) player position
23:20:36: Player "G A T O" (steam64id="76561199207813177" pos=<10677.2, 49.75, 8325.65>) player position
23:20:36: Player "Charada" (steam64id="76561198034769290" pos=<8785.59, 61.26, 11419.6>) player position
23:20:36: Player "Passo Largo" (steam64id="76561198057660141" pos=<11704.2, 27.54, 6410.08>) player position
23:20:36: Player "Betinho_maluco" (steam64id="76561198057627157" pos=<10885.5, 23.92, 8767.71>) player position
23:25:36: Player "[EB] pedrobala" (steam64id="76561198046653521" pos=<11043.8, 4.13, 8561.86>) player position
23:25:36: Player "Lop1nho" (steam64id="76561198136544409" pos=<8888.83, 3.01, 11654.9>) player position
23:25:36: Player "SUC0_DE_P1NEU" (steam64id="76561198261470581" pos=<10049.1, 10.74, 13591.8>) player position
23:25:36: Player "HooZz" (steam64id="76561198805460683" pos=<9808.98, 6.16, 14363.7>) player position
23:25:36: Player "[HORDA]ThiagoPenna" (steam64id="76561198218822351" pos=<10655, 6.34, 8810.34>) player position
23:25:36: Player "[HORDA] JHON WICK" (steam64id="76561198122075703" pos=<10648.6, 6.34, 8810.93>) player position
23:25:36: Player "[horda]marcelinho" (steam64id="76561198817477406" pos=<10635.1, 5.03, 8653.99>) player position
23:25:36: Player "[YKZ]-Lobato" (steam64id="76561198158375860" pos=<11016.6, 4.77, 8708.41>) player position
23:25:36: Player "Boneco " (steam64id="76561199225248971" pos=<10400.6, 26.20, 12880.5>) player position
23:25:36: Player "XUXUZINHO" (steam64id="76561199083408122" pos=<9363.23, 35.56, 7836.2>) player position
23:25:36: Player "[ONE}Rick" (steam64id="76561198868590548" pos=<10668.1, 11.24, 8651.73>) player position
23:25:36: Player "Vini_300" (steam64id="76561198145785923" pos=<10395.4, 26.44, 12872.8>) player position
23:25:36: Player "[EB] GordoEmers" (steam64id="76561198260617608" pos=<11051.2, 4.13, 8549.96>) player position
23:25:36: Player "ObreD" (steam64id="76561198258911731" pos=<9332.1, 42.11, 7888.14>) player position
23:25:36: Player "GLORIA GROOVE" (steam64id="76561198836991038" pos=<10691.3, 2.36, 14349>) player position
23:25:36: Player "Biel FxR" (steam64id="76561198050836260" pos=<10904.6, 23.91, 8730.86>) player position
23:25:36: Player "Rodrigo Boca Br#4768" (steam64id="76561198856289994" pos=<11066.7, 10.76, 13963.4>) player position
23:25:36: Player "G A T O" (steam64id="76561199207813177" pos=<10666.1, 50.10, 8326.77>) player position
23:25:36: Player "Charada" (steam64id="76561198034769290" pos=<8865.39, 27.70, 11353.3>) player position
23:25:36: Player "Passo Largo" (steam64id="76561198057660141" pos=<10167.3, 36.09, 6261.45>) player position
23:25:36: Player "Betinho_maluco" (steam64id="76561198057627157" pos=<10885.6, 23.92, 8767.67>) player position
23:25:36: Player "[HORDA]LUCASBR" (steam64id="76561198973828354" pos=<9555.97, 6.07, 9588.27>) player position
23:25:36: Player "[YKZ]-BlackBear" (steam64id="76561198343030820" pos=<10778.5, 3.93, 8901.35>) player position
23:25:36: Player "Boris Berezin" (steam64id="76561198007142594" pos=<9716.78, 6.22, 14956.8>) player position
23:30:36: Player "[EB] pedrobala" (steam64id="76561198046653521" pos=<10912.2, 27.51, 8737.04>) player position
23:30:36: Player "Lop1nho" (steam64id="76561198136544409" pos=<8367.31, 7.70, 11369.2>) player position
23:30:36: Player "SUC0_DE_P1NEU" (steam64id="76561198261470581" pos=<10049.1, 10.75, 13591.9>) player position
23:30:36: Player "HooZz" (steam64id="76561198805460683" pos=<9754.32, 4.17, 13249.6>) player position
23:30:36: Player "[HORDA]ThiagoPenna" (steam64id="76561198218822351" pos=<9720, 2.12, 13572>) player position
23:30:36: Player "[HORDA] JHON WICK" (steam64id="76561198122075703" pos=<10751.9, 1.74, 8917.17>) player position
23:30:36: Player "[horda]marcelinho" (steam64id="76561198817477406" pos=<10662.5, 6.57, 8800.2>) player position
23:30:36: Player "[YKZ]-Lobato" (steam64id="76561198158375860" pos=<10910.8, 7.84, 8795.96>) player position
23:30:36: Player "Boneco " (steam64id="76561199225248971" pos=<10183.3, 18.40, 12632.4>) player position
23:30:36: Player "XUXUZINHO" (steam64id="76561199083408122" pos=<9584.43, 33.81, 7817.98>) player position
23:30:36: Player "[ONE}Rick" (steam64id="76561198868590548" pos=<10775.9, 18.83, 8759.85>) player position
23:30:36: Player "Vini_300" (steam64id="76561198145785923" pos=<10184.5, 17.08, 12629>) player position
23:30:36: Player "[EB] GordoEmers" (steam64id="76561198260617608" pos=<10968.6, 33.18, 8666.4>) player position
23:30:36: Player "ObreD" (steam64id="76561198258911731" pos=<9348.29, 35.53, 7756.26>) player position
23:30:36: Player "GLORIA GROOVE" (steam64id="76561198836991038" pos=<10906.1, 17.44, 13619.5>) player position
23:30:36: Player "Biel FxR" (steam64id="76561198050836260" pos=<11389.6, 17.36, 12596.3>) player position
23:30:36: Player "Rodrigo Boca Br#4768" (steam64id="76561198856289994" pos=<11226.6, 47.37, 13516.9>) player position
23:30:36: Player "G A T O" (steam64id="76561199207813177" pos=<10676.6, 49.70, 8325.81>) player position
23:30:36: Player "Charada" (steam64id="76561198034769290" pos=<8875.02, 55.29, 11361.3>) player position
23:30:36: Player "Passo Largo" (steam64id="76561198057660141" pos=<6803.04, 30.01, 7542.45>) player position
23:30:36: Player "Betinho_maluco" (steam64id="76561198057627157" pos=<10879.8, 23.91, 8753.28>) player position
23:30:36: Player "[HORDA]LUCASBR" (steam64id="76561198973828354" pos=<9562.56, 6.07, 9585.14>) player position
23:30:36: Player "[YKZ]-BlackBear" (steam64id="76561198343030820" pos=<10790, 3.78, 8917.84>) player position
23:30:36: Player "Boris Berezin" (steam64id="76561198007142594" pos=<9844.96, 17.38, 14505.6>) player position
23:30:36: Player "TripaSeca" (steam64id="76561198093060507" pos=<10979.7, 6.02, 8663.28>) player position
23:35:36: Player "[EB] pedrobala" (steam64id="76561198046653521" pos=<11002.2, 8.23, 8638.3>) player position
23:35:36: Player "[HORDA]ThiagoPenna" (steam64id="76561198218822351" pos=<9652.65, 7.32, 12355.4>) player position
23:35:36: Player "[HORDA] JHON WICK" (steam64id="76561198122075703" pos=<10761.4, 7.50, 8903.09>) player position
23:35:36: Player "[horda]marcelinho" (steam64id="76561198817477406" pos=<11309.6, 34.37, 13319.9>) player position
23:35:36: Player "[YKZ]-Lobato" (steam64id="76561198158375860" pos=<10946.5, 8.40, 8647.92>) player position
23:35:36: Player "Boneco " (steam64id="76561199225248971" pos=<10147.1, 36.82, 12459.9>) player position
23:35:36: Player "XUXUZINHO" (steam64id="76561199083408122" pos=<10498.3, 95.55, 8130.91>) player position
23:35:36: Player "Vini_300" (steam64id="76561198145785923" pos=<10150.1, 35.39, 12462.7>) player position
23:35:36: Player "ObreD" (steam64id="76561198258911731" pos=<10597.5, 82.66, 8209.6>) player position
23:35:36: Player "GLORIA GROOVE" (steam64id="76561198836991038" pos=<10928.9, 13.20, 12602.7>) player position
23:35:36: Player "Biel FxR" (steam64id="76561198050836260" pos=<10622.1, 1.83, 10991.2>) player position
23:35:36: Player "Rodrigo Boca Br#4768" (steam64id="76561198856289994" pos=<10931.1, 22.81, 13270.1>) player position
23:35:36: Player "G A T O" (steam64id="76561199207813177" pos=<10681.2, 52.28, 8318.68>) player position
23:35:36: Player "Charada" (steam64id="76561198034769290" pos=<8875.32, 55.29, 11357.9>) player position
23:35:36: Player "Passo Largo" (steam64id="76561198057660141" pos=<7548.18, 35.20, 7900.52>) player position
23:35:36: Player "Betinho_maluco" (steam64id="76561198057627157" pos=<10886.3, 23.91, 8764.42>) player position
23:35:36: Player "[HORDA]LUCASBR" (steam64id="76561198973828354" pos=<10006.2, 4.76, 9560.11>) player position
23:35:36: Player "[YKZ]-BlackBear" (steam64id="76561198343030820" pos=<9738.41, 1.25, 13450.1>) player position
23:35:36: Player "Boris Berezin" (steam64id="76561198007142594" pos=<9875.3, 6.33, 14101.9>) player position
23:35:36: Player "TripaSeca" (steam64id="76561198093060507" pos=<10976.7, 6.01, 8664.38>) player position
23:35:36: Player "CharlinhoPsico" (steam64id="76561198366562144" pos=<9268.78, 5.83, 11900.6>) player position
23:35:36: Player "Sagara" (steam64id="76561198057660620" pos=<9675.51, 4.05, 12821.6>) player position
23:35:36: Player "MenoDuLins" (steam64id="76561198057614573" pos=<9905.11, 46.73, 6652.97>) player position
23:40:36: Player "[EB] pedrobala" (steam64id="76561198046653521" pos=<10998.9, 8.23, 8639.26>) player position
23:40:36: Player "[HORDA]ThiagoPenna" (steam64id="76561198218822351" pos=<9024.51, 15.06, 11629.6>) player position
23:40:36: Player "[horda]marcelinho" (steam64id="76561198817477406" pos=<10183.8, 21.25, 12375>) player position
23:40:36: Player "[YKZ]-Lobato" (steam64id="76561198158375860" pos=<11072.1, 4.13, 8678.71>) player position
23:40:36: Player "XUXUZINHO" (steam64id="76561199083408122" pos=<10671.2, 57.20, 8305.78>) player position
23:40:36: Player "ObreD" (steam64id="76561198258911731" pos=<10690.8, 56.63, 8293.4>) player position
23:40:36: Player "GLORIA GROOVE" (steam64id="76561198836991038" pos=<10836.7, 9.58, 11989.5>) player position
23:40:36: Player "Biel FxR" (steam64id="76561198050836260" pos=<10546.4, 2.64, 9325.93>) player position
23:40:36: Player "Rodrigo Boca Br#4768" (steam64id="76561198856289994" pos=<10893.4, 30.31, 13280.8>) player position
23:40:36: Player "G A T O" (steam64id="76561199207813177" pos=<10681.2, 52.42, 8318.31>) player position
23:40:36: Player "Charada" (steam64id="76561198034769290" pos=<8856.06, 30.78, 11436.7>) player position
23:40:36: Player "Passo Largo" (steam64id="76561198057660141" pos=<10688.4, 53.30, 8311.51>) player position
23:40:36: Player "Betinho_maluco" (steam64id="76561198057627157" pos=<10886, 23.92, 8750.99>) player position
23:40:36: Player "[HORDA]LUCASBR" (steam64id="76561198973828354" pos=<9994.05, 5.29, 10971.6>) player position
23:40:36: Player "[YKZ]-BlackBear" (DEAD) (steam64id="76561198343030820" pos=<11046.6, 1.93, 14112.3>) player position
23:40:36: Player "Boris Berezin" (steam64id="76561198007142594" pos=<9761.37, 3.02, 13099.3>) player position
23:40:36: Player "TripaSeca" (steam64id="76561198093060507" pos=<10976.7, 6.01, 8664.38>) player position
23:40:36: Player "CharlinhoPsico" (steam64id="76561198366562144" pos=<8872.39, 35.60, 11363.9>) player position
23:40:36: Player "Sagara" (steam64id="76561198057660620" pos=<9025.65, 14.99, 11631.1>) player position
23:40:36: Player "MenoDuLins" (steam64id="76561198057614573" pos=<10376.9, 135.85, 7831>) player position
23:45:36: Player "[EB] pedrobala" (steam64id="76561198046653521" pos=<11001.5, 4.26, 8637.99>) player position
23:45:36: Player "[HORDA]ThiagoPenna" (steam64id="76561198218822351" pos=<9820.61, 2.00, 11809.7>) player position
23:45:36: Player "[horda]marcelinho" (steam64id="76561198817477406" pos=<9911.02, 4.18, 11796.6>) player position
23:45:36: Player "[YKZ]-Lobato" (steam64id="76561198158375860" pos=<11012.7, 4.01, 8627.54>) player position
23:45:36: Player "XUXUZINHO" (steam64id="76561199083408122" pos=<10075.8, 7.95, 13182.9>) player position
23:45:36: Player "ObreD" (steam64id="76561198258911731" pos=<10039, 9.62, 13363.5>) player position
23:45:36: Player "GLORIA GROOVE" (steam64id="76561198836991038" pos=<10499.9, 13.47, 10715.1>) player position
23:45:36: Player "Biel FxR" (steam64id="76561198050836260" pos=<10980.6, 9.78, 8667.12>) player position
23:45:36: Player "Rodrigo Boca Br#4768" (steam64id="76561198856289994" pos=<10955.7, 25.19, 13169.8>) player position
23:45:36: Player "G A T O" (steam64id="76561199207813177" pos=<10655.6, 53.15, 8321.61>) player position
23:45:36: Player "Charada" (steam64id="76561198034769290" pos=<8876.55, 55.29, 11357.3>) player position
23:45:36: Player "Betinho_maluco" (steam64id="76561198057627157" pos=<10892.2, 27.51, 8754.73>) player position
23:45:36: Player "[HORDA]LUCASBR" (steam64id="76561198973828354" pos=<9954.3, 19.01, 11775>) player position
23:45:36: Player "[YKZ]-BlackBear" (steam64id="76561198343030820" pos=<9924.02, 6.04, 14105>) player position
23:45:36: Player "Boris Berezin" (steam64id="76561198007142594" pos=<10128.8, 41.85, 12819.7>) player position
23:45:36: Player "TripaSeca" (steam64id="76561198093060507" pos=<11494, 9.30, 13091.9>) player position
23:45:36: Player "CharlinhoPsico" (steam64id="76561198366562144" pos=<8677.72, 0.03, 11118.1>) player position
23:45:36: Player "Sagara" (steam64id="76561198057660620" pos=<8609.63, 1.16, 11215.2>) player position
23:45:36: Player "MenoDuLins" (steam64id="76561198057614573" pos=<10651.5, 4.01, 8461.81>) player position
23:50:36: Player "[EB] pedrobala" (steam64id="76561198046653521" pos=<11002.1, 8.23, 8638.73>) player position
23:50:36: Player "[HORDA]ThiagoPenna" (steam64id="76561198218822351" pos=<9957.08, 17.1, 11775.6>) player position
23:50:36: Player "[horda]marcelinho" (steam64id="76561198817477406" pos=<9956.06, 7.53, 11779.5>) player position
23:50:36: Player "[YKZ]-Lobato" (steam64id="76561198158375860" pos=<11091.4, 3.46, 8697.06>) player position
23:50:36: Player "ObreD" (steam64id="76561198258911731" pos=<9808.36, 2.83, 13564>) player position
23:50:36: Player "GLORIA GROOVE" (steam64id="76561198836991038" pos=<10410.7, 6.42, 9807.43>) player position
23:50:36: Player "Biel FxR" (steam64id="76561198050836260" pos=<10977.6, 6.01, 8664.37>) player position
23:50:36: Player "G A T O" (steam64id="76561199207813177" pos=<10680.2, 53.41, 8316.41>) player position
23:50:36: Player "Charada" (steam64id="76561198034769290" pos=<8857.83, 28.09, 11345.8>) player position
23:50:36: Player "Betinho_maluco" (steam64id="76561198057627157" pos=<10881, 23.92, 8750.26>) player position
23:50:36: Player "[HORDA]LUCASBR" (steam64id="76561198973828354" pos=<9951.63, 19.17, 11774>) player position
23:50:36: Player "[YKZ]-BlackBear" (DEAD) (steam64id="76561198343030820" pos=<10978.8, 11.94, 14136>) player position
23:50:36: Player "Boris Berezin" (steam64id="76561198007142594" pos=<10065.5, 23.51, 12580.4>) player position
23:50:36: Player "TripaSeca" (steam64id="76561198093060507" pos=<10805, 10.80, 11592.5>) player position
23:50:36: Player "CharlinhoPsico" (steam64id="76561198366562144" pos=<8344.09, 1.77, 10628.6>) player position
23:50:36: Player "Sagara" (steam64id="76561198057660620" pos=<8361.2, 1.96, 10720.6>) player position
23:50:36: Player "MenoDuLins" (steam64id="76561198057614573" pos=<10790, 15.82, 8425.36>) player position
23:55:36: Player "[EB] pedrobala" (steam64id="76561198046653521" pos=<11000.9, 4.26, 8629.92>) player position
23:55:36: Player "[HORDA]ThiagoPenna" (steam64id="76561198218822351" pos=<9957.46, 30.00, 11775.9>) player position
23:55:36: Player "[horda]marcelinho" (steam64id="76561198817477406" pos=<9960.83, 7.73, 11755.2>) player position
23:55:36: Player "[YKZ]-Lobato" (steam64id="76561198158375860" pos=<11100.1, 4.13, 8435>) player position
23:55:36: Player "ObreD" (steam64id="76561198258911731" pos=<9822.38, 9.73, 12616.8>) player position
23:55:36: Player "GLORIA GROOVE" (steam64id="76561198836991038" pos=<10796.1, 3.55, 8983.97>) player position
23:55:36: Player "Biel FxR" (steam64id="76561198050836260" pos=<10671.5, 57.28, 8305.46>) player position
23:55:36: Player "G A T O" (steam64id="76561199207813177" pos=<10661.8, 49.73, 8327.78>) player position
23:55:36: Player "Charada" (steam64id="76561198034769290" pos=<8794.33, 30.18, 11317.9>) player position
23:55:36: Player "Betinho_maluco" (steam64id="76561198057627157" pos=<10877.5, 23.91, 8759.7>) player position
23:55:36: Player "[HORDA]LUCASBR" (steam64id="76561198973828354" pos=<9956.21, 7.56, 11774>) player position
23:55:36: Player "[YKZ]-BlackBear" (steam64id="76561198343030820" pos=<10392.1, 13.12, 10434.7>) player position
23:55:36: Player "Boris Berezin" (steam64id="76561198007142594" pos=<10158.3, 17.22, 12491.3>) player position
23:55:36: Player "TripaSeca" (steam64id="76561198093060507" pos=<10229.5, 8.48, 10110>) player position
23:55:36: Player "CharlinhoPsico" (steam64id="76561198366562144" pos=<9459.92, 6.25, 9414>) player position
23:55:36: Player "Sagara" (steam64id="76561198057660620" pos=<9475.77, 5.93, 9544.59>) player position
23:55:36: Player "MenoDuLins" (steam64id="76561198057614573" pos=<10790.5, 15.82, 8423.03>) player position
23:55:36: Player "BRUXO" (steam64id="76561198140728342" pos=<6907.59, 16.15, 8626.12>) player position
