16:42:36: Player "K O R E A" (steam64id="76561198253386609" pos=<9730, 2.62, 13572>) player position
19:36:07: Player "RFraga" (steam64id="76561198328585178" pos=<9704.03, 3.70, 15061.3>) player position
19:41:07: Player "RFraga" (steam64id="76561198328585178" pos=<9831.78, 5.84, 14716.6>) player position
19:46:07: Player "RFraga" (steam64id="76561198328585178" pos=<10074.9, 7.28, 14509.4>) player position
19:51:07: Player "RFraga" (steam64id="76561198328585178" pos=<10525.7, 1.74, 14339.7>) player position
19:56:07: Player "RFraga" (steam64id="76561198328585178" pos=<10825.5, 4.18, 14234.8>) player position
20:04:08: Player "RFraga" (steam64id="76561198328585178" pos=<10855.6, 5.87, 14199.9>) player position
20:09:08: Player "RFraga" (steam64id="76561198328585178" pos=<10762.3, 11.32, 14050.8>) player position
20:14:08: Player "RFraga" (steam64id="76561198328585178" pos=<10816.8, 19.59, 13908.7>) player position
20:19:08: Player "RFraga" (steam64id="76561198328585178" pos=<10885.4, 14.72, 13640.2>) player position
20:24:08: Player "RFraga" (steam64id="76561198328585178" pos=<10934.6, 14.72, 13576.9>) player position
20:29:08: Player "RFraga" (steam64id="76561198328585178" pos=<10727.1, 9.51, 13636>) player position
20:34:08: Player "RFraga" (steam64id="76561198328585178" pos=<10493.1, 17.96, 13582.4>) player position
20:39:08: Player "RFraga" (steam64id="76561198328585178" pos=<11042.8, 31.08, 13170.3>) player position
20:44:08: Player "RFraga" (steam64id="76561198328585178" pos=<11065.8, 15.73, 12596.9>) player position
20:49:08: Player "RFraga" (steam64id="76561198328585178" pos=<11336.1, 24.14, 12732.8>) player position
20:49:08: Player "llenos" (steam64id="76561198089014673" pos=<9866.37, 15.02, 14496.3>) player position
20:54:08: Player "RFraga" (steam64id="76561198328585178" pos=<11083.1, 15.46, 12593.6>) player position
20:54:08: Player "llenos" (steam64id="76561198089014673" pos=<10548, 3.84, 14360.4>) player position
20:59:08: Player "RFraga" (steam64id="76561198328585178" pos=<11082.9, 15.46, 12594.1>) player position
20:59:08: Player "llenos" (steam64id="76561198089014673" pos=<10759.4, 10.28, 14075.9>) player position
21:04:08: Player "RFraga" (steam64id="76561198328585178" pos=<11082.5, 15.45, 12594.9>) player position
21:04:08: Player "llenos" (steam64id="76561198089014673" pos=<10662.9, 11.37, 13841.1>) player position
21:09:08: Player "RFraga" (steam64id="76561198328585178" pos=<10650.2, 26.41, 12195.5>) player position
21:09:08: Player "llenos" (steam64id="76561198089014673" pos=<10542.7, 9.78, 13705.6>) player position
21:09:08: Player "VTrl" (steam64id="76561198057766864" pos=<10021.8, 3.35, 14596.8>) player position
21:14:08: Player "RFraga" (steam64id="76561198328585178" pos=<10688.6, 19.63, 11930.1>) player position
21:14:08: Player "llenos" (steam64id="76561198089014673" pos=<10720.1, 14.41, 13478>) player position
21:19:08: Player "RFraga" (steam64id="76561198328585178" pos=<10337.4, 16.17, 11074.8>) player position
21:24:08: Player "RFraga" (steam64id="76561198328585178" pos=<10341.9, 10.97, 11008.4>) player position
21:34:08: Player "llenos" (steam64id="76561198089014673" pos=<10921.2, 14.58, 13571.2>) player position
21:39:08: Player "llenos" (steam64id="76561198089014673" pos=<10477.8, 26.42, 12985.1>) player position
21:39:08: Player "NIGHT_HUNTER_CHANEL_GAMER" (steam64id="76561198315834625" pos=<11084.5, 17.79, 13593>) player position
21:44:08: Player "llenos" (steam64id="76561198089014673" pos=<10457.3, 25.54, 12928.6>) player position
21:44:08: Player "NIGHT_HUNTER_CHANEL_GAMER" (steam64id="76561198315834625" pos=<11058.8, 17.65, 13569.3>) player position
21:49:08: Player "llenos" (steam64id="76561198089014673" pos=<10114.1, 15.49, 12601.4>) player position
21:49:08: Player "NIGHT_HUNTER_CHANEL_GAMER" (steam64id="76561198315834625" pos=<10919.8, 14.71, 13594.3>) player position
21:54:08: Player "llenos" (steam64id="76561198089014673" pos=<10062.7, 19.76, 12579.4>) player position
21:54:08: Player "NIGHT_HUNTER_CHANEL_GAMER" (steam64id="76561198315834625" pos=<10801.4, 12.31, 13630.9>) player position
21:59:08: Player "llenos" (steam64id="76561198089014673" pos=<10118.6, 15.64, 12566.8>) player position
22:04:08: Player "llenos" (steam64id="76561198089014673" pos=<10302.5, 17.91, 12601.4>) player position
22:09:08: Player "llenos" (steam64id="76561198089014673" pos=<10749.2, 14.04, 12075.9>) player position
22:39:08: Player "Hruotegar" (steam64id="76561198046558677" pos=<10152, 21.08, 13732>) player position
22:44:08: Player "Hruotegar" (steam64id="76561198046558677" pos=<10707.3, 14.78, 13489.4>) player position
22:49:08: Player "Hruotegar" (steam64id="76561198046558677" pos=<10595.3, 40.80, 13234.5>) player position
22:54:08: Player "Hruotegar" (steam64id="76561198046558677" pos=<10487.4, 25.50, 13009.4>) player position
22:59:08: Player "Hruotegar" (steam64id="76561198046558677" pos=<10084.8, 15.36, 12583.6>) player position
