00:00:15: Object "Olga 24" (type="CivilianSedan" pos=<7359.41, 14.28, 7152.85>) spawned (1080525007)
00:00:15: Object "Ada 4x4" (type="OffroadHatchback_White" pos=<7359.41, 14.33, 7158>) spawned (1618723063)
00:00:15: Object "M3S coberto" (type="Truck_01_Covered" pos=<11331, 7.03, 7921.99>) spawned (1900012159)
00:00:15: Object "M3S coberto" (type="Truck_01_Covered_Orange" pos=<11055.8, 4.49, 8266.4>) spawned (835347349)
00:00:15: Object "Olga 24" (type="CivilianSedan_Wine" pos=<11053.2, 4.19, 8266.81>) spawned (2086140079)
00:00:15: Object "Sarka 120" (type="Sedan_02_Grey" pos=<11054.9, 4.39, 8260.7>) spawned (609110173)
00:00:15: Object "Ada 4x4" (type="OffroadHatchback_Blue" pos=<11054.4, 4.52, 8258.09>) spawned (1548728479)
00:00:15: Object "Gunter 2" (type="Hatchback_02" pos=<7633.35, 13.27, 9787.48>) spawned (944074891)
00:00:15: Object "Ada 4x4" (type="OffroadHatchback" pos=<7626.76, 13.26, 9783.53>) spawned (2069886655)
00:00:15: Object "Sarka 120" (type="Sedan_02" pos=<7616.11, 13.20, 9787.78>) spawned (1552922911)
00:00:15: Object "Olga 24" (type="CivilianSedan" pos=<11150.4, 15.75, 13672.8>) spawned (1554168133)
02:43:56: Player "Alcanfor" (steam64id="76561198018104612" pos=<11330.9, 8.30, 7920.87>) GetInTransport Truck_01_Covered (1900012159)
02:43:58: Player "Alcanfor" (steam64id="76561198018104612" pos=<11331.7, 7.02, 7920.16>) GetOutTransport Truck_01_Covered (1900012159)
02:57:56: Player "Alcanfor" (steam64id="76561198018104612" pos=<11330.9, 8.42, 7920.88>) GetInTransport Truck_01_Covered (1900012159)
02:58:30: Player "CARAJO" (steam64id="76561198081512167" pos=<11329.6, 8.17, 7920.75>) GetInTransport Truck_01_Covered (1900012159)
02:58:46: Player "Alcanfor" (steam64id="76561198018104612" pos=<11316.4, 7.37, 7924.44>) StopEngine Truck_01_Covered (1900012159)
03:00:27: Player "CARAJO" (steam64id="76561198081512167" pos=<11261.2, 4.02, 8269.99>) GetOutTransport Truck_01_Covered (1900012159)
03:00:56: Player "Alcanfor" (steam64id="76561198018104612" pos=<11199.5, 4.31, 8317.47>) GetOutTransport Truck_01_Covered (1900012159)
03:02:26: Player "Alcanfor" (steam64id="76561198018104612" pos=<11200.1, 5.61, 8318.51>) GetInTransport Truck_01_Covered (1900012159)
03:03:06: Player "Alcanfor" (steam64id="76561198018104612" pos=<11173.4, 5.53, 8222.82>) StopEngine Truck_01_Covered (1900012159)
03:03:11: Player "Alcanfor" (steam64id="76561198018104612" pos=<11174.1, 4.76, 8222.46>) GetOutTransport Truck_01_Covered (1900012159)
03:03:51: Player "Alcanfor" (steam64id="76561198018104612" pos=<11173.4, 5.53, 8222.82>) GetInTransport Truck_01_Covered (1900012159)
03:04:01: Player "CARAJO" (steam64id="76561198081512167" pos=<11172.3, 5.52, 8222.9>) GetInTransport Truck_01_Covered (1900012159)
03:05:13: Player "CARAJO" (steam64id="76561198081512167" pos=<11144.4, 4.17, 8313.69>) GetOutTransport Truck_01_Covered (1900012159)
03:05:26: Player "Alcanfor" (steam64id="76561198018104612" pos=<11134.3, 4.03, 8311.98>) GetOutTransport Truck_01_Covered (1900012159)
03:06:03: Player "Alcanfor" (steam64id="76561198018104612" pos=<11134.9, 5.56, 8312.92>) GetInTransport Truck_01_Covered (1900012159)
03:06:06: Player "CARAJO" (steam64id="76561198081512167" pos=<11135.2, 5.55, 8314.02>) GetInTransport Truck_01_Covered (1900012159)
03:07:13: Player "Alcanfor" (steam64id="76561198018104612" pos=<10793, 4.97, 8372.44>) GetOutTransport Truck_01_Covered (1900012159)
03:07:18: Player "CARAJO" (steam64id="76561198081512167" pos=<10795, 4.26, 8374.62>) GetOutTransport Truck_01_Covered (1900012159)
03:15:50: Player "CARAJO" (steam64id="76561198081512167" pos=<10794.6, 5.71, 8373.52>) GetInTransport Truck_01_Covered (1900012159)
03:15:59: Player "Alcanfor" (steam64id="76561198018104612" pos=<10793.8, 5.73, 8372.71>) GetInTransport Truck_01_Covered (1900012159)
03:16:42: Player "Alcanfor" (steam64id="76561198018104612" pos=<10700.8, 5.41, 8522.7>) StopEngine Truck_01_Covered (1900012159)
03:16:45: Player "CARAJO" (steam64id="76561198081512167" pos=<10703.1, 3.94, 8522.43>) GetOutTransport Truck_01_Covered (1900012159)
03:16:48: Player "Alcanfor" (steam64id="76561198018104612" pos=<10699.9, 3.92, 8523.31>) GetOutTransport Truck_01_Covered (1900012159)
03:18:21: Player "Alcanfor" (steam64id="76561198018104612" pos=<10700.8, 5.40, 8522.7>) GetInTransport Truck_01_Covered (1900012159)
03:18:27: Player "CARAJO" (steam64id="76561198081512167" pos=<10701.9, 5.39, 8522.35>) GetInTransport Truck_01_Covered (1900012159)
03:19:34: Player "CARAJO" (steam64id="76561198081512167" pos=<10818.6, 4.01, 8808.73>) GetOutTransport Truck_01_Covered (1900012159)
03:19:37: Player "Alcanfor" (steam64id="76561198018104612" pos=<10819.3, 4.01, 8811.92>) GetOutTransport Truck_01_Covered (1900012159)
03:31:41: Player "Alcanfor" (steam64id="76561198018104612" pos=<10818.7, 5.47, 8811.01>) GetInTransport Truck_01_Covered (1900012159)
03:31:49: Player "Alcanfor" (steam64id="76561198018104612" pos=<10819.3, 4.01, 8811.96>) GetOutTransport Truck_01_Covered (1900012159)
03:32:35: Player "CARAJO" (steam64id="76561198081512167" pos=<10818.7, 5.47, 8811.01>) GetInTransport Truck_01_Covered (1900012159)
03:34:04: Player "CARAJO" (steam64id="76561198081512167" pos=<10819.3, 4.01, 8811.92>) GetOutTransport Truck_01_Covered (1900012159)
03:34:25: Player "CARAJO" (steam64id="76561198081512167" pos=<10818.7, 5.47, 8811.01>) GetInTransport Truck_01_Covered (1900012159)
03:34:32: Player "CARAJO" (steam64id="76561198081512167" pos=<10819.3, 4.01, 8811.93>) GetOutTransport Truck_01_Covered (1900012159)
03:37:04: Player "CARAJO" (steam64id="76561198081512167" pos=<10818.7, 5.47, 8811.01>) GetInTransport Truck_01_Covered (1900012159)
03:37:19: Player "Alcanfor" (steam64id="76561198018104612" pos=<10818.7, 5.47, 8811.01>) GetInTransport Truck_01_Covered (1900012159)
03:52:36: Player "Alcanfor" (steam64id="76561198018104612" pos=<6517.92, 5.17, 7350.66>) GetOutTransport Truck_01_Covered (1900012159)
03:52:38: Player "CARAJO" (steam64id="76561198081512167" pos=<6520.64, 5.19, 7349.78>) GetOutTransport Truck_01_Covered (1900012159)
04:00:18: Object "Ada 4x4" (type="OffroadHatchback" pos=<7626.75, 13.26, 9783.56>) spawned (2069886655)
04:00:18: Object "Sarka 120" (type="Sedan_02" pos=<7616.1, 13.20, 9787.78>) spawned (1552922911)
04:00:18: Object "Gunter 2" (type="Hatchback_02" pos=<7633.35, 13.27, 9787.48>) spawned (944074891)
04:00:18: Object "M3S coberto" (type="Truck_01_Covered_Orange" pos=<11055.8, 4.49, 8266.4>) spawned (835347349)
04:00:18: Object "Sarka 120" (type="Sedan_02_Grey" pos=<11054.9, 4.39, 8260.7>) spawned (609110173)
04:00:18: Object "Olga 24" (type="CivilianSedan_Wine" pos=<11053.2, 4.19, 8266.83>) spawned (2086140079)
04:00:18: Object "Ada 4x4" (type="OffroadHatchback_Blue" pos=<11054.4, 4.52, 8258.09>) spawned (1548728479)
04:00:18: Object "Olga 24" (type="CivilianSedan" pos=<11150.4, 15.75, 13672.8>) spawned (1554168133)
04:00:18: Object "Ada 4x4" (type="OffroadHatchback_White" pos=<7359.41, 14.33, 7158>) spawned (1618723063)
04:00:18: Object "Olga 24" (type="CivilianSedan" pos=<7359.41, 14.28, 7152.84>) spawned (1080525007)
04:00:18: Object "M3S coberto" (type="Truck_01_Covered" pos=<6518.79, 4.76, 7349.16>) spawned (1900012159)
04:07:18: Player "Alcanfor" (steam64id="76561198018104612" pos=<6518.25, 6.02, 7350.08>) GetInTransport Truck_01_Covered (1900012159)
04:07:20: Player "Alcanfor" (steam64id="76561198018104612" pos=<6517.52, 4.34, 7350.72>) GetOutTransport Truck_01_Covered (1900012159)
08:00:30: Object "Olga 24" (type="CivilianSedan" pos=<11150.4, 15.75, 13672.8>) spawned (1554168133)
08:00:30: Object "Ada 4x4" (type="OffroadHatchback" pos=<7626.74, 13.26, 9783.58>) spawned (2069886655)
08:00:30: Object "Sarka 120" (type="Sedan_02" pos=<7616.1, 13.20, 9787.79>) spawned (1552922911)
08:00:30: Object "Gunter 2" (type="Hatchback_02" pos=<7633.35, 13.27, 9787.48>) spawned (944074891)
08:00:30: Object "M3S coberto" (type="Truck_01_Covered_Orange" pos=<11055.8, 4.49, 8266.4>) spawned (835347349)
08:00:30: Object "Sarka 120" (type="Sedan_02_Grey" pos=<11054.9, 4.39, 8260.7>) spawned (609110173)
08:00:30: Object "Olga 24" (type="CivilianSedan_Wine" pos=<11053.2, 4.19, 8266.83>) spawned (2086140079)
08:00:30: Object "Ada 4x4" (type="OffroadHatchback_Blue" pos=<11054.4, 4.52, 8258.09>) spawned (1548728479)
08:00:30: Object "M3S coberto" (type="Truck_01_Covered" pos=<6518.79, 4.71, 7349.15>) spawned (1900012159)
08:00:30: Object "Ada 4x4" (type="OffroadHatchback_White" pos=<7359.41, 14.33, 7157.99>) spawned (1618723063)
08:00:30: Object "Olga 24" (type="CivilianSedan" pos=<7359.41, 14.27, 7152.85>) spawned (1080525007)
12:00:29: Object "Ada 4x4" (type="OffroadHatchback" pos=<7626.73, 13.26, 9783.6>) spawned (2069886655)
12:00:29: Object "Sarka 120" (type="Sedan_02" pos=<7616.1, 13.20, 9787.79>) spawned (1552922911)
12:00:29: Object "Gunter 2" (type="Hatchback_02" pos=<7633.35, 13.27, 9787.48>) spawned (944074891)
12:00:29: Object "Ada 4x4" (type="OffroadHatchback_White" pos=<7359.41, 14.33, 7157.98>) spawned (1618723063)
12:00:29: Object "Olga 24" (type="CivilianSedan" pos=<7359.41, 14.28, 7152.83>) spawned (1080525007)
12:00:29: Object "M3S coberto" (type="Truck_01_Covered" pos=<6519.02, 4.72, 7349.03>) spawned (1900012159)
12:00:29: Object "Ada 4x4" (type="OffroadHatchback_Blue" pos=<11054.4, 4.52, 8258.09>) spawned (1548728479)
12:00:29: Object "Sarka 120" (type="Sedan_02_Grey" pos=<11054.9, 4.39, 8260.7>) spawned (609110173)
12:00:29: Object "M3S coberto" (type="Truck_01_Covered_Orange" pos=<11055.8, 4.49, 8266.39>) spawned (835347349)
12:00:29: Object "Olga 24" (type="CivilianSedan_Wine" pos=<11053.2, 4.19, 8266.83>) spawned (2086140079)
12:00:29: Object "Olga 24" (type="CivilianSedan" pos=<11150.5, 15.75, 13672.8>) spawned (1554168133)
