00:18:45: Object "M3S coberto" (type="Truck_01_Covered_Orange" pos=<7683.26, 41.61, 6505.16>) spawned (835347349)
00:18:45: Object "Gunter 2" (type="Hatchback_02_Black" pos=<8666.21, 15.33, 9925.62>) spawned (1536407335)
00:18:45: Object "Olga 24" (type="CivilianSedan" pos=<9662.14, 3.61, 12106.4>) spawned (1080525007)
00:18:45: Object "Sarka 120" (type="Sedan_02" pos=<10218.8, 4.26, 9279.84>) spawned (1552922911)
00:18:45: Object "Ada 4x4" (type="OffroadHatchback" pos=<11284.8, 4.33, 7889.66>) spawned (2069886655)
04:00:37: Object "M3S coberto" (type="Truck_01_Covered_Orange" pos=<7683.25, 41.61, 6505.16>) spawned (835347349)
04:00:37: Object "Ada 4x4" (type="OffroadHatchback" pos=<11284.8, 4.33, 7889.68>) spawned (2069886655)
04:00:37: Object "Olga 24" (type="CivilianSedan" pos=<9662.14, 3.61, 12106.4>) spawned (1080525007)
04:00:37: Object "Gunter 2" (type="Hatchback_02_Black" pos=<8666.21, 15.33, 9925.62>) spawned (1536407335)
04:00:37: Object "Sarka 120" (type="Sedan_02" pos=<10218.8, 4.26, 9279.84>) spawned (1552922911)
08:00:41: Object "Olga 24" (type="CivilianSedan" pos=<9662.14, 3.61, 12106.4>) spawned (1080525007)
08:00:41: Object "M3S coberto" (type="Truck_01_Covered_Orange" pos=<7683.24, 41.61, 6505.16>) spawned (835347349)
08:00:41: Object "Gunter 2" (type="Hatchback_02_Black" pos=<8666.21, 15.33, 9925.62>) spawned (1536407335)
08:00:41: Object "Ada 4x4" (type="OffroadHatchback" pos=<11284.8, 4.33, 7889.7>) spawned (2069886655)
08:00:41: Object "Sarka 120" (type="Sedan_02" pos=<10218.8, 4.26, 9279.84>) spawned (1552922911)
11:10:39: Player "[L.B]Zeca" (steam64id="76561198211423224" pos=<8665.88, 15.87, 9925.71>) GetInTransport Hatchback_02_Black (1536407335)
11:10:41: Player "[L.B]Zeca" (steam64id="76561198211423224" pos=<8665.28, 15.53, 9926.12>) GetOutTransport Hatchback_02_Black (1536407335)
11:10:48: Player "[L.B]Zeca" (steam64id="76561198211423224" pos=<8665.88, 15.87, 9925.71>) GetInTransport Hatchback_02_Black (1536407335)
11:11:59: Player "[L.B]Zeca" (steam64id="76561198211423224" pos=<8826.83, 13.94, 9620.67>) GetOutTransport Hatchback_02_Black (1536407335)
11:14:20: Player "[L.B]Zeca" (steam64id="76561198211423224" pos=<8826.19, 14.27, 9620.33>) GetInTransport Hatchback_02_Black (1536407335)
11:14:43: Player "[L.B]Zeca" (steam64id="76561198211423224" pos=<8826.83, 14.06, 9620.67>) GetOutTransport Hatchback_02_Black (1536407335)
11:16:36: Player "[L.B]Zeca" (steam64id="76561198211423224" pos=<8826.19, 14.27, 9620.33>) GetInTransport Hatchback_02_Black (1536407335)
11:16:39: Player "[L.B]Zeca" (steam64id="76561198211423224" pos=<8826.83, 13.94, 9620.67>) GetOutTransport Hatchback_02_Black (1536407335)
11:18:48: Player "[L.B]Zeca" (steam64id="76561198211423224" pos=<8826.19, 14.27, 9620.33>) GetInTransport Hatchback_02_Black (1536407335)
11:18:50: Player "[L.B]Zeca" (steam64id="76561198211423224" pos=<8826.83, 13.93, 9620.67>) GetOutTransport Hatchback_02_Black (1536407335)
11:21:42: Player "[L.B]Zeca" (steam64id="76561198211423224" pos=<8826.19, 14.27, 9620.33>) GetInTransport Hatchback_02_Black (1536407335)
11:22:44: Player "[L.B]Zeca" (steam64id="76561198211423224" pos=<8247.33, 23.46, 9568.32>) GetOutTransport Hatchback_02_Black (1536407335)
11:24:01: Player "[L.B]Zeca" (steam64id="76561198211423224" pos=<8246.88, 23.66, 9568.89>) GetInTransport Hatchback_02_Black (1536407335)
11:24:03: Player "[L.B]Zeca" (steam64id="76561198211423224" pos=<8247.33, 23.33, 9568.32>) GetOutTransport Hatchback_02_Black (1536407335)
11:25:19: Player "[L.B]Zeca" (steam64id="76561198211423224" pos=<8246.88, 23.66, 9568.89>) GetInTransport Hatchback_02_Black (1536407335)
11:27:42: Player "[L.B]Zeca" (steam64id="76561198211423224" pos=<7643.16, 8.36, 7956.91>) GetOutTransport Hatchback_02_Black (1536407335)
11:31:40: Player "[L.B]Zeca" (steam64id="76561198211423224" pos=<7643.62, 8.88, 7956.35>) GetInTransport Hatchback_02_Black (1536407335)
11:33:53: Player "[L.B]Zeca" (steam64id="76561198211423224" pos=<7363.73, 14.49, 7147.53>) GetOutTransport Hatchback_02_Black (1536407335)
11:34:15: Player "[L.B]Zeca" (steam64id="76561198211423224" pos=<7363.26, 14.88, 7146.98>) GetInTransport Hatchback_02_Black (1536407335)
11:34:33: Player "[L.B]Zeca" (steam64id="76561198211423224" pos=<7353.66, 14.72, 7136.04>) GetOutTransport Hatchback_02_Black (1536407335)
11:56:04: Player "[L.B] Santorin" (steam64id="76561199069721527" pos=<7353, 14.92, 7136.35>) GetInTransport Hatchback_02_Black (1536407335)
11:56:08: Player "[L.B] Santorin" (steam64id="76561199069721527" pos=<7353.66, 14.40, 7136.04>) GetOutTransport Hatchback_02_Black (1536407335)
12:00:39: Object "Ada 4x4" (type="OffroadHatchback" pos=<11284.8, 4.33, 7889.68>) spawned (2069886655)
12:00:39: Object "M3S coberto" (type="Truck_01_Covered_Orange" pos=<7683.23, 41.61, 6505.16>) spawned (835347349)
12:00:39: Object "Gunter 2" (type="Hatchback_02_Black" pos=<7352.66, 14.38, 7136.38>) spawned (1536407335)
12:00:39: Object "Sarka 120" (type="Sedan_02" pos=<10218.8, 4.26, 9279.84>) spawned (1552922911)
12:00:39: Object "Olga 24" (type="CivilianSedan" pos=<9662.14, 3.61, 12106.4>) spawned (1080525007)
12:39:47: Player "[L.B]Zeca" (steam64id="76561198211423224" pos=<7353, 14.92, 7136.36>) GetInTransport Hatchback_02_Black (1536407335)
12:39:54: Player "[L.B]Zeca" (steam64id="76561198211423224" pos=<7353.65, 14.56, 7135.7>) GetOutTransport Hatchback_02_Black (1536407335)
13:21:51: Object "M3S coberto" (type="Truck_01_Covered_Orange" pos=<7683.22, 41.61, 6505.16>) spawned (835347349)
13:21:51: Object "Gunter 2" (type="Hatchback_02_Black" pos=<7352.66, 14.38, 7136.39>) spawned (1536407335)
13:21:51: Object "Sarka 120" (type="Sedan_02" pos=<10218.8, 4.26, 9279.84>) spawned (1552922911)
13:21:51: Object "Ada 4x4" (type="OffroadHatchback" pos=<11284.8, 4.33, 7889.68>) spawned (2069886655)
13:21:51: Object "Olga 24" (type="CivilianSedan" pos=<9662.14, 3.61, 12106.4>) spawned (1080525007)
13:51:45: Object "Sarka 120" (type="Sedan_02" pos=<10218.8, 4.26, 9279.84>) spawned (1552922911)
13:51:45: Object "Ada 4x4" (type="OffroadHatchback" pos=<11284.8, 4.33, 7889.68>) spawned (2069886655)
13:51:45: Object "Olga 24" (type="CivilianSedan" pos=<9662.14, 3.61, 12106.4>) spawned (1080525007)
13:51:45: Object "Gunter 2" (type="Hatchback_02_Black" pos=<7352.66, 14.38, 7136.4>) spawned (1536407335)
13:51:45: Object "M3S coberto" (type="Truck_01_Covered_Orange" pos=<7683.21, 41.53, 6505.21>) spawned (835347349)
14:01:50: Object "Sarka 120" (type="Sedan_02" pos=<10218.8, 4.26, 9279.84>) spawned (1552922911)
14:01:50: Object "Olga 24" (type="CivilianSedan" pos=<9662.14, 3.61, 12106.4>) spawned (1080525007)
14:01:50: Object "Gunter 2" (type="Hatchback_02_Black" pos=<7352.66, 14.38, 7136.41>) spawned (1536407335)
14:01:50: Object "M3S coberto" (type="Truck_01_Covered_Orange" pos=<7683.21, 41.53, 6505.2>) spawned (835347349)
14:01:50: Object "Ada 4x4" (type="OffroadHatchback" pos=<11284.8, 4.33, 7889.69>) spawned (2069886655)
14:11:54: Object "M3S coberto" (type="Truck_01_Covered_Orange" pos=<7683.21, 41.53, 6505.2>) spawned (835347349)
14:11:54: Object "Olga 24" (type="CivilianSedan" pos=<9662.14, 3.61, 12106.4>) spawned (1080525007)
14:11:54: Object "Ada 4x4" (type="OffroadHatchback" pos=<11284.8, 4.33, 7889.69>) spawned (2069886655)
14:11:54: Object "Gunter 2" (type="Hatchback_02_Black" pos=<7352.66, 14.38, 7136.43>) spawned (1536407335)
14:11:54: Object "Sarka 120" (type="Sedan_02" pos=<10218.8, 4.26, 9279.84>) spawned (1552922911)
16:00:53: Object "Ada 4x4" (type="OffroadHatchback" pos=<11284.8, 4.33, 7889.68>) spawned (2069886655)
16:00:53: Object "M3S coberto" (type="Truck_01_Covered_Orange" pos=<7683.21, 41.53, 6505.21>) spawned (835347349)
16:00:53: Object "Sarka 120" (type="Sedan_02" pos=<10218.8, 4.26, 9279.84>) spawned (1552922911)
16:00:53: Object "Olga 24" (type="CivilianSedan" pos=<9662.14, 3.61, 12106.4>) spawned (1080525007)
16:00:53: Object "Gunter 2" (type="Hatchback_02_Black" pos=<7352.66, 14.38, 7136.43>) spawned (1536407335)
16:04:58: Object "Ada 4x4" (type="OffroadHatchback" pos=<11284.8, 4.33, 7889.67>) spawned (2069886655)
16:04:58: Object "M3S coberto" (type="Truck_01_Covered_Orange" pos=<7683.2, 41.53, 6505.21>) spawned (835347349)
16:04:58: Object "Sarka 120" (type="Sedan_02" pos=<10218.8, 4.26, 9279.84>) spawned (1552922911)
16:04:58: Object "Olga 24" (type="CivilianSedan" pos=<9662.14, 3.61, 12106.4>) spawned (1080525007)
16:04:58: Object "Gunter 2" (type="Hatchback_02_Black" pos=<7352.66, 14.38, 7136.44>) spawned (1536407335)
20:00:42: Object "Olga 24" (type="CivilianSedan" pos=<9662.14, 3.61, 12106.4>) spawned (1080525007)
20:00:42: Object "Sarka 120" (type="Sedan_02" pos=<10218.8, 4.26, 9279.84>) spawned (1552922911)
20:00:42: Object "Ada 4x4" (type="OffroadHatchback" pos=<11284.8, 4.33, 7889.66>) spawned (2069886655)
20:00:42: Object "Gunter 2" (type="Hatchback_02_Black" pos=<7352.66, 14.38, 7136.46>) spawned (1536407335)
20:00:42: Object "M3S coberto" (type="Truck_01_Covered_Orange" pos=<7683.2, 41.53, 6505.21>) spawned (835347349)
20:01:16: Object "Olga 24" (type="CivilianSedan" pos=<9662.14, 3.61, 12106.4>) spawned (1080525007)
20:01:16: Object "Sarka 120" (type="Sedan_02" pos=<10218.8, 4.26, 9279.84>) spawned (1552922911)
20:01:16: Object "Ada 4x4" (type="OffroadHatchback" pos=<11284.8, 4.33, 7889.66>) spawned (2069886655)
20:01:16: Object "Gunter 2" (type="Hatchback_02_Black" pos=<7352.66, 14.38, 7136.46>) spawned (1536407335)
20:01:16: Object "M3S coberto" (type="Truck_01_Covered_Orange" pos=<7683.2, 41.53, 6505.21>) spawned (835347349)
20:18:21: Object "Ada 4x4" (type="OffroadHatchback" pos=<11284.8, 4.33, 7889.67>) spawned (2069886655)
20:18:21: Object "Olga 24" (type="CivilianSedan" pos=<9662.14, 3.61, 12106.4>) spawned (1080525007)
20:18:21: Object "Sarka 120" (type="Sedan_02" pos=<10218.8, 4.26, 9279.84>) spawned (1552922911)
20:18:21: Object "Gunter 2" (type="Hatchback_02_Black" pos=<7352.66, 14.38, 7136.48>) spawned (1536407335)
20:18:21: Object "M3S coberto" (type="Truck_01_Covered_Orange" pos=<7683.19, 41.53, 6505.22>) spawned (835347349)
