00:00:45: Object "Ada 4x4" (type="OffroadHatchback_White" pos=<7132.44, 20.86, 6957.56>) spawned (1618723063)
00:00:45: Object "Olga 24" (type="CivilianSedan" pos=<7352.41, 14.32, 7136.29>) spawned (1080525007)
00:00:45: Object "Olga 24" (type="CivilianSedan_Wine" pos=<11053.1, 4.19, 8266.88>) spawned (2086140079)
00:00:45: Object "M3S coberto" (type="Truck_01_Covered_Orange" pos=<11056.5, 4.49, 8267.11>) spawned (835347349)
00:00:45: Object "Sarka 120" (type="Sedan_02_Grey" pos=<11058.2, 4.20, 8274.45>) spawned (609110173)
00:00:45: Object "Sarka 120" (type="Sedan_02" pos=<7634.5, 13.20, 9790.66>) spawned (1552922911)
00:00:45: Object "Ada 4x4" (type="OffroadHatchback" pos=<7612.97, 13.26, 9793.69>) spawned (2069886655)
00:00:45: Object "Gunter 2" (type="Hatchback_02" pos=<9405.33, 30.19, 6641.98>) spawned (944074891)
04:00:50: Object "Ada 4x4" (type="OffroadHatchback" pos=<7612.95, 13.26, 9793.71>) spawned (2069886655)
04:00:50: Object "Sarka 120" (type="Sedan_02" pos=<7634.5, 13.20, 9790.66>) spawned (1552922911)
04:00:50: Object "Ada 4x4" (type="OffroadHatchback_White" pos=<7132.44, 20.86, 6957.56>) spawned (1618723063)
04:00:50: Object "Gunter 2" (type="Hatchback_02" pos=<9405.33, 30.19, 6641.98>) spawned (944074891)
04:00:50: Object "Olga 24" (type="CivilianSedan" pos=<7352.41, 14.32, 7136.29>) spawned (1080525007)
04:00:50: Object "Sarka 120" (type="Sedan_02_Grey" pos=<11058.2, 4.24, 8274.42>) spawned (609110173)
04:00:50: Object "M3S coberto" (type="Truck_01_Covered_Orange" pos=<11056.5, 4.49, 8267.11>) spawned (835347349)
04:00:50: Object "Olga 24" (type="CivilianSedan_Wine" pos=<11053.1, 4.19, 8266.88>) spawned (2086140079)
08:00:46: Object "M3S coberto" (type="Truck_01_Covered_Orange" pos=<11056.5, 4.49, 8267.11>) spawned (835347349)
08:00:46: Object "Olga 24" (type="CivilianSedan_Wine" pos=<11053.1, 4.19, 8266.87>) spawned (2086140079)
08:00:46: Object "Sarka 120" (type="Sedan_02_Grey" pos=<11058.2, 4.24, 8274.43>) spawned (609110173)
08:00:46: Object "Ada 4x4" (type="OffroadHatchback" pos=<7612.95, 13.26, 9793.71>) spawned (2069886655)
08:00:46: Object "Sarka 120" (type="Sedan_02" pos=<7634.5, 13.20, 9790.67>) spawned (1552922911)
08:00:46: Object "Gunter 2" (type="Hatchback_02" pos=<9405.33, 30.19, 6641.98>) spawned (944074891)
08:00:46: Object "Olga 24" (type="CivilianSedan" pos=<7352.4, 14.32, 7136.29>) spawned (1080525007)
08:00:46: Object "Ada 4x4" (type="OffroadHatchback_White" pos=<7132.44, 20.86, 6957.56>) spawned (1618723063)
12:00:51: Object "Ada 4x4" (type="OffroadHatchback_White" pos=<7132.44, 20.86, 6957.56>) spawned (1618723063)
12:00:51: Object "Sarka 120" (type="Sedan_02_Grey" pos=<11058.2, 4.24, 8274.44>) spawned (609110173)
12:00:51: Object "M3S coberto" (type="Truck_01_Covered_Orange" pos=<11056.5, 4.49, 8267.11>) spawned (835347349)
12:00:51: Object "Olga 24" (type="CivilianSedan_Wine" pos=<11053.1, 4.19, 8266.87>) spawned (2086140079)
12:00:51: Object "Olga 24" (type="CivilianSedan" pos=<7352.4, 14.32, 7136.3>) spawned (1080525007)
12:00:51: Object "Sarka 120" (type="Sedan_02" pos=<7634.5, 13.20, 9790.67>) spawned (1552922911)
12:00:51: Object "Ada 4x4" (type="OffroadHatchback" pos=<7612.95, 13.26, 9793.71>) spawned (2069886655)
12:00:51: Object "Gunter 2" (type="Hatchback_02" pos=<9405.33, 30.19, 6641.98>) spawned (944074891)
12:35:49: Object "Olga 24" (type="CivilianSedan" pos=<7352.44, 14.32, 7136.29>) spawned (1080525007)
12:35:49: Object "Ada 4x4" (type="OffroadHatchback_White" pos=<7132.43, 20.86, 6957.56>) spawned (1618723063)
12:35:49: Object "Sarka 120" (type="Sedan_02_Grey" pos=<11058.2, 4.24, 8274.46>) spawned (609110173)
12:35:49: Object "M3S coberto" (type="Truck_01_Covered_Orange" pos=<11056.5, 4.49, 8267.11>) spawned (835347349)
12:35:49: Object "Olga 24" (type="CivilianSedan_Wine" pos=<11053.1, 4.19, 8266.87>) spawned (2086140079)
12:35:49: Object "Sarka 120" (type="Sedan_02" pos=<7634.5, 13.20, 9790.67>) spawned (1552922911)
12:35:49: Object "Ada 4x4" (type="OffroadHatchback" pos=<7612.95, 13.26, 9793.71>) spawned (2069886655)
12:35:49: Object "Gunter 2" (type="Hatchback_02" pos=<9405.33, 30.19, 6641.98>) spawned (944074891)
14:49:54: Player "Hacan121" (steam64id="76561198345012092" pos=<7613.21, 14.10, 9794.07>) GetInTransport OffroadHatchback (2069886655)
14:50:25: Player "Hacan121" (steam64id="76561198345012092" pos=<7633.36, 12.20, 9780.73>) GetOutTransport OffroadHatchback (2069886655)
15:04:41: Player "TripaSeca" (steam64id="76561198093060507" pos=<7632.61, 13.07, 9780.42>) GetInTransport OffroadHatchback (2069886655)
15:04:47: Player "TripaSeca" (steam64id="76561198093060507" pos=<7633.52, 12.20, 9780.82>) GetOutTransport OffroadHatchback (2069886655)
15:06:31: Player "TripaSeca" (steam64id="76561198093060507" pos=<7632.61, 13.07, 9780.42>) GetInTransport OffroadHatchback (2069886655)
15:06:44: Player "TripaSeca" (steam64id="76561198093060507" pos=<7644.9, 11.78, 9768.65>) GetOutTransport OffroadHatchback (2069886655)
15:06:49: Player "TripaSeca" (steam64id="76561198093060507" pos=<7644.4, 12.59, 9767.94>) GetInTransport OffroadHatchback (2069886655)
15:07:50: Player "Hacan121" (steam64id="76561198345012092" pos=<7966.23, 21.95, 9425.77>) GetInTransport OffroadHatchback (2069886655)
15:08:51: Player "Hacan121" (steam64id="76561198345012092" pos=<8222.22, 23.42, 9571.65>) GetOutTransport OffroadHatchback (2069886655)
15:08:51: Player "TripaSeca" (steam64id="76561198093060507" pos=<8220.73, 23.19, 9569.43>) GetOutTransport OffroadHatchback (2069886655)
15:11:18: Player "TripaSeca" (steam64id="76561198093060507" pos=<8221.35, 23.98, 9570.02>) GetInTransport OffroadHatchback (2069886655)
15:11:22: Player "Hacan121" (steam64id="76561198345012092" pos=<8221.8, 23.98, 9570.65>) GetInTransport OffroadHatchback (2069886655)
15:13:42: Player "Hacan121" (steam64id="76561198345012092" pos=<7544.51, 28.25, 7903.5>) GetOutTransport OffroadHatchback (2069886655)
15:13:42: Player "TripaSeca" (steam64id="76561198093060507" pos=<7542.73, 28.94, 7903.66>) GetOutTransport OffroadHatchback (2069886655)
15:14:25: Player "TripaSeca" (steam64id="76561198093060507" pos=<7542.73, 28.87, 7902.68>) GetInTransport OffroadHatchback (2069886655)
15:14:28: Player "Hacan121" (steam64id="76561198345012092" pos=<7543.48, 28.87, 7902.91>) GetInTransport OffroadHatchback (2069886655)
15:14:30: Player "Hacan121" (steam64id="76561198345012092" pos=<7544.46, 28.01, 7903.44>) GetOutTransport OffroadHatchback (2069886655)
15:15:11: Player "Hacan121" (steam64id="76561198345012092" pos=<7543.45, 28.88, 7902.98>) GetInTransport OffroadHatchback (2069886655)
15:17:44: Player "Hacan121" (steam64id="76561198345012092" pos=<7642.44, 11.58, 9767.2>) GetOutTransport OffroadHatchback (2069886655)
15:18:03: Player "TripaSeca" (steam64id="76561198093060507" pos=<7622.79, 14.56, 9785.24>) GetOutTransport OffroadHatchback (2069886655)
16:00:51: Object "Ada 4x4" (type="OffroadHatchback" pos=<7623.47, 13.26, 9785.63>) spawned (2069886655)
16:00:51: Object "Sarka 120" (type="Sedan_02" pos=<7634.5, 13.20, 9790.67>) spawned (1552922911)
16:00:51: Object "Olga 24" (type="CivilianSedan" pos=<7352.44, 14.33, 7136.29>) spawned (1080525007)
16:00:51: Object "Ada 4x4" (type="OffroadHatchback_White" pos=<7132.43, 20.86, 6957.56>) spawned (1618723063)
16:00:51: Object "Sarka 120" (type="Sedan_02_Grey" pos=<11058.2, 4.24, 8274.47>) spawned (609110173)
16:00:51: Object "M3S coberto" (type="Truck_01_Covered_Orange" pos=<11056.5, 4.49, 8267.11>) spawned (835347349)
16:00:51: Object "Olga 24" (type="CivilianSedan_Wine" pos=<11053.1, 4.19, 8266.86>) spawned (2086140079)
16:00:51: Object "Gunter 2" (type="Hatchback_02" pos=<9405.33, 30.19, 6641.98>) spawned (944074891)
16:20:14: Player "TripaSeca" (steam64id="76561198093060507" pos=<7623.67, 14.10, 9785.24>) GetInTransport OffroadHatchback (2069886655)
16:20:50: Player "TripaSeca" (steam64id="76561198093060507" pos=<7635.03, 12.86, 9780.43>) GetOutTransport OffroadHatchback (2069886655)
20:00:51: Object "Olga 24" (type="CivilianSedan" pos=<7352.44, 14.32, 7136.31>) spawned (1080525007)
20:00:51: Object "Ada 4x4" (type="OffroadHatchback_White" pos=<7132.42, 20.86, 6957.56>) spawned (1618723063)
20:00:51: Object "Gunter 2" (type="Hatchback_02" pos=<9405.33, 30.19, 6641.98>) spawned (944074891)
20:00:51: Object "Sarka 120" (type="Sedan_02_Grey" pos=<11058.2, 4.24, 8274.48>) spawned (609110173)
20:00:51: Object "Olga 24" (type="CivilianSedan_Wine" pos=<11053.1, 4.19, 8266.86>) spawned (2086140079)
20:00:51: Object "M3S coberto" (type="Truck_01_Covered_Orange" pos=<11056.5, 4.49, 8267.1>) spawned (835347349)
20:00:51: Object "Ada 4x4" (type="OffroadHatchback" pos=<7636.01, 12.23, 9781.47>) spawned (2069886655)
20:00:51: Object "Sarka 120" (type="Sedan_02" pos=<7634.5, 13.20, 9790.67>) spawned (1552922911)
