00:00:46: Object "Gunter 2" (type="Hatchback_02" pos=<9405.33, 30.19, 6641.98>) spawned (944074891)
00:00:46: Object "M3S coberto" (type="Truck_01_Covered_Orange" pos=<11056.5, 4.33, 8267.19>) spawned (835347349)
00:00:46: Object "Ada 4x4" (type="OffroadHatchback_White" pos=<7132.44, 20.86, 6957.55>) spawned (1618723063)
00:00:46: Object "Olga 24" (type="CivilianSedan" pos=<7351.4, 14.32, 7135.49>) spawned (1080525007)
00:00:46: Object "Olga 24" (type="CivilianSedan_Wine" pos=<10693.4, 3.89, 8640.88>) spawned (2086140079)
00:00:46: Object "Ada 4x4" (type="OffroadHatchback" pos=<7617, 13.26, 9784.87>) spawned (2069886655)
00:00:46: Object "Sarka 120" (type="Sedan_02" pos=<7634.51, 13.20, 9790.65>) spawned (1552922911)
00:00:46: Object "Sarka 120" (type="Sedan_02_Grey" pos=<10352.9, 4.03, 9896.44>) spawned (609110173)
02:03:45: Player "CHASER?" (steam64id="76561198246131158" pos=<10352.6, 4.63, 9896.48>) GetInTransport Sedan_02_Grey (609110173)
02:05:03: Player "CHASER?" (steam64id="76561198246131158" pos=<10352.8, 4.62, 9896.53>) GetOutTransport Sedan_02_Grey (609110173)
02:06:27: Player "CHASER?" (steam64id="76561198246131158" pos=<10352.6, 4.63, 9896.48>) GetInTransport Sedan_02_Grey (609110173)
02:06:36: Player "?? Prince#4184" (steam64id="76561198199985663" pos=<10353.3, 4.57, 9896.65>) GetInTransport Sedan_02_Grey (609110173)
02:06:40: Player "Ronin" (steam64id="76561199105118692" pos=<10352.8, 4.55, 9895.66>) GetInTransport Sedan_02_Grey (609110173)
02:06:47: Player "Ronin" (steam64id="76561199105118692" pos=<10352, 4.14, 9895.5>) GetOutTransport Sedan_02_Grey (609110173)
02:06:49: Player "?? Prince#4184" (steam64id="76561198199985663" pos=<10353.9, 3.94, 9896.99>) GetOutTransport Sedan_02_Grey (609110173)
02:06:52: Player "CHASER?" (steam64id="76561198246131158" pos=<10351.8, 4.12, 9896.27>) GetOutTransport Sedan_02_Grey (609110173)
02:07:00: Player "CHASER?" (steam64id="76561198246131158" pos=<10352.6, 4.63, 9896.48>) GetInTransport Sedan_02_Grey (609110173)
02:07:04: Player "CHASER?" (steam64id="76561198246131158" pos=<10351.8, 4.17, 9896.27>) GetOutTransport Sedan_02_Grey (609110173)
02:07:29: Player "?? Prince#4184" (steam64id="76561198199985663" pos=<10352.6, 4.62, 9896.48>) GetInTransport Sedan_02_Grey (609110173)
02:07:45: Player "?? Prince#4184" (steam64id="76561198199985663" pos=<10351.8, 4.12, 9896.27>) GetOutTransport Sedan_02_Grey (609110173)
04:00:44: Object "Sarka 120" (type="Sedan_02_Grey" pos=<10352.9, 4.03, 9896.44>) spawned (609110173)
04:00:44: Object "M3S coberto" (type="Truck_01_Covered_Orange" pos=<11056.5, 4.33, 8267.17>) spawned (835347349)
04:00:44: Object "Olga 24" (type="CivilianSedan_Wine" pos=<10693.4, 3.89, 8640.88>) spawned (2086140079)
04:00:44: Object "Olga 24" (type="CivilianSedan" pos=<7351.4, 14.32, 7135.5>) spawned (1080525007)
04:00:44: Object "Ada 4x4" (type="OffroadHatchback_White" pos=<7132.44, 20.86, 6957.55>) spawned (1618723063)
04:00:44: Object "Gunter 2" (type="Hatchback_02" pos=<9405.33, 30.19, 6641.98>) spawned (944074891)
04:00:44: Object "Sarka 120" (type="Sedan_02" pos=<7634.51, 13.20, 9790.65>) spawned (1552922911)
04:00:44: Object "Ada 4x4" (type="OffroadHatchback" pos=<7617, 13.26, 9784.87>) spawned (2069886655)
08:00:45: Object "Gunter 2" (type="Hatchback_02" pos=<9405.33, 30.19, 6641.98>) spawned (944074891)
08:00:45: Object "M3S coberto" (type="Truck_01_Covered_Orange" pos=<11056.5, 4.32, 8267.15>) spawned (835347349)
08:00:45: Object "Olga 24" (type="CivilianSedan_Wine" pos=<10693.5, 3.93, 8640.85>) spawned (2086140079)
08:00:45: Object "Sarka 120" (type="Sedan_02_Grey" pos=<10353, 4.03, 9896.44>) spawned (609110173)
08:00:45: Object "Sarka 120" (type="Sedan_02" pos=<7634.5, 13.20, 9790.67>) spawned (1552922911)
08:00:45: Object "Ada 4x4" (type="OffroadHatchback" pos=<7616.99, 13.26, 9784.89>) spawned (2069886655)
08:00:45: Object "Olga 24" (type="CivilianSedan" pos=<7351.4, 14.33, 7135.51>) spawned (1080525007)
08:00:45: Object "Ada 4x4" (type="OffroadHatchback_White" pos=<7132.44, 20.86, 6957.56>) spawned (1618723063)
12:00:46: Object "Ada 4x4" (type="OffroadHatchback_White" pos=<7132.44, 20.86, 6957.56>) spawned (1618723063)
12:00:46: Object "Olga 24" (type="CivilianSedan_Wine" pos=<10693, 3.90, 8641.28>) spawned (2086140079)
12:00:46: Object "Olga 24" (type="CivilianSedan" pos=<7351.4, 14.32, 7135.5>) spawned (1080525007)
12:00:46: Object "M3S coberto" (type="Truck_01_Covered_Orange" pos=<11056.5, 4.32, 8267.12>) spawned (835347349)
12:00:46: Object "Sarka 120" (type="Sedan_02" pos=<7634.5, 13.20, 9790.67>) spawned (1552922911)
12:00:46: Object "Ada 4x4" (type="OffroadHatchback" pos=<7616.98, 13.26, 9784.91>) spawned (2069886655)
12:00:46: Object "Gunter 2" (type="Hatchback_02" pos=<9405.33, 30.19, 6641.98>) spawned (944074891)
12:00:46: Object "Sarka 120" (type="Sedan_02_Grey" pos=<10353, 4.03, 9896.44>) spawned (609110173)
13:12:15: Player "[L.B] ploodrinny" (steam64id="76561198312062387" pos=<7351.78, 15.00, 7135.26>) GetInTransport CivilianSedan (1080525007)
13:12:24: Player "[L.B] ploodrinny" (steam64id="76561198312062387" pos=<7353.14, 14.33, 7138.66>) GetOutTransport CivilianSedan (1080525007)
13:19:45: Player "[YKZ]-BlackBear" (steam64id="76561198343030820" pos=<10692.5, 4.57, 8641.22>) GetInTransport CivilianSedan_Wine (2086140079)
13:19:49: Player "[YKZ]-BlackBear" (steam64id="76561198343030820" pos=<10691.8, 3.87, 8640.9>) GetOutTransport CivilianSedan_Wine (2086140079)
13:20:47: Player "[YKZ]-BlackBear" (steam64id="76561198343030820" pos=<10692.5, 4.57, 8641.22>) GetInTransport CivilianSedan_Wine (2086140079)
13:21:03: Player "[YKZ]-BlackBear" (steam64id="76561198343030820" pos=<10692.5, 4.66, 8641.22>) StopEngine CivilianSedan_Wine (2086140079)
13:21:06: Player "[YKZ]-BlackBear" (steam64id="76561198343030820" pos=<10691.8, 4.01, 8640.91>) GetOutTransport CivilianSedan_Wine (2086140079)
13:21:14: Player "[YKZ]-BlackBear" (steam64id="76561198343030820" pos=<10692.5, 4.66, 8641.22>) GetInTransport CivilianSedan_Wine (2086140079)
13:23:11: Player "[YKZ]-BlackBear" (steam64id="76561198343030820" pos=<11060.5, 4.83, 8287.2>) StopEngine CivilianSedan_Wine (2086140079)
13:23:15: Player "[YKZ]-BlackBear" (steam64id="76561198343030820" pos=<11061.3, 4.17, 8287.09>) GetOutTransport CivilianSedan_Wine (2086140079)
13:24:23: Player "[YKZ]-BlackBear" (steam64id="76561198343030820" pos=<11060.5, 4.83, 8287.2>) GetInTransport CivilianSedan_Wine (2086140079)
13:24:41: Player "[YKZ]-BlackBear" (steam64id="76561198343030820" pos=<11053.5, 5.06, 8266.63>) StopEngine CivilianSedan_Wine (2086140079)
13:24:45: Player "[YKZ]-BlackBear" (steam64id="76561198343030820" pos=<11054.3, 4.39, 8266.42>) GetOutTransport CivilianSedan_Wine (2086140079)
13:41:56: Player "{KMG}fuzil" (steam64id="76561198965933878" pos=<10352.6, 4.63, 9896.48>) GetInTransport Sedan_02_Grey (609110173)
13:41:58: Player "{KMG}fuzil" (steam64id="76561198965933878" pos=<10351.8, 4.19, 9896.28>) GetOutTransport Sedan_02_Grey (609110173)
14:19:51: Player "[L.B] Santorin" (steam64id="76561199069721527" pos=<7352.38, 15.00, 7138.89>) GetInTransport CivilianSedan (1080525007)
14:19:59: Player "[L.B] Santorin" (steam64id="76561199069721527" pos=<7352.7, 14.58, 7133.59>) GetOutTransport CivilianSedan (1080525007)
14:36:00: Player "CHASER?" (steam64id="76561198246131158" pos=<11053.5, 5.03, 8266.63>) GetInTransport CivilianSedan_Wine (2086140079)
14:36:06: Player "CHASER?" (steam64id="76561198246131158" pos=<11054.2, 4.37, 8266.42>) GetOutTransport CivilianSedan_Wine (2086140079)
14:39:43: Player "CHASER?" (steam64id="76561198246131158" pos=<11056.9, 5.70, 8266.21>) GetInTransport Truck_01_Covered_Orange (835347349)
14:40:17: Player "CHASER?" (steam64id="76561198246131158" pos=<11057.8, 4.39, 8265.67>) GetOutTransport Truck_01_Covered_Orange (835347349)
14:50:56: Player "[L.B] ploodrinny" (steam64id="76561198312062387" pos=<7352.26, 14.99, 7135.11>) GetInTransport CivilianSedan (1080525007)
14:51:15: Player "[L.B] ploodrinny" (steam64id="76561198312062387" pos=<7353.5, 14.33, 7136.78>) GetOutTransport CivilianSedan (1080525007)
15:11:06: Player "CHASER?" (steam64id="76561198246131158" pos=<10352.6, 4.63, 9896.48>) GetInTransport Sedan_02_Grey (609110173)
15:11:10: Player "CHASER?" (steam64id="76561198246131158" pos=<10351.8, 4.17, 9896.28>) GetOutTransport Sedan_02_Grey (609110173)
16:00:49: Object "Gunter 2" (type="Hatchback_02" pos=<9405.33, 30.19, 6641.98>) spawned (944074891)
16:00:49: Object "M3S coberto" (type="Truck_01_Covered_Orange" pos=<11056.5, 4.49, 8267.12>) spawned (835347349)
16:00:49: Object "Olga 24" (type="CivilianSedan_Wine" pos=<11053.1, 4.24, 8266.88>) spawned (2086140079)
16:00:49: Object "Sarka 120" (type="Sedan_02" pos=<7634.5, 13.20, 9790.67>) spawned (1552922911)
16:00:49: Object "Ada 4x4" (type="OffroadHatchback" pos=<7616.98, 13.26, 9784.91>) spawned (2069886655)
16:00:49: Object "Olga 24" (type="CivilianSedan" pos=<7352.31, 14.32, 7137.11>) spawned (1080525007)
16:00:49: Object "Ada 4x4" (type="OffroadHatchback_White" pos=<7132.44, 20.86, 6957.56>) spawned (1618723063)
16:00:49: Object "Sarka 120" (type="Sedan_02_Grey" pos=<10353, 4.03, 9896.44>) spawned (609110173)
18:15:23: Player "[YKZ]-BlackBear" (steam64id="76561198343030820" pos=<10352.6, 4.63, 9896.48>) GetInTransport Sedan_02_Grey (609110173)
18:15:35: Player "[YKZ]-BlackBear" (steam64id="76561198343030820" pos=<10351.8, 4.13, 9896.29>) GetOutTransport Sedan_02_Grey (609110173)
18:17:49: Player "[YKZ]-BlackBear" (steam64id="76561198343030820" pos=<10352.6, 4.63, 9896.48>) GetInTransport Sedan_02_Grey (609110173)
18:17:57: Player "[YKZ] chron1c" (steam64id="76561198205585613" pos=<10352.8, 4.55, 9895.67>) GetInTransport Sedan_02_Grey (609110173)
18:18:13: Player "[YKZ] Felps" (steam64id="76561198892779186" pos=<10353.3, 4.57, 9896.64>) GetInTransport Sedan_02_Grey (609110173)
18:19:36: Player "[YKZ] Felps" (steam64id="76561198892779186" pos=<10269.9, 6.13, 10787.5>) GetOutTransport Sedan_02_Grey (609110173)
18:19:39: Player "[YKZ] chron1c" (steam64id="76561198205585613" pos=<10267.8, 6.16, 10786>) GetOutTransport Sedan_02_Grey (609110173)
18:20:19: Player "[YKZ] Emissarius" (steam64id="76561198271087379" pos=<10268.7, 6.77, 10784.1>) GetInTransport Sedan_02_Grey (609110173)
18:20:23: Player "[YKZ]-BlackBear" (steam64id="76561198343030820" pos=<10269.7, 6.85, 10783.8>) StopEngine Sedan_02_Grey (609110173)
18:20:31: Player "[YKZ] chron1c" (steam64id="76561198205585613" pos=<10269.3, 6.76, 10784.5>) GetInTransport Sedan_02_Grey (609110173)
18:20:42: Player "[YKZ] chron1c" (steam64id="76561198205585613" pos=<10270, 6.22, 10784.9>) GetOutTransport Sedan_02_Grey (609110173)
18:20:55: Player "[YKZ] chron1c" (steam64id="76561198205585613" pos=<10269.3, 6.76, 10784.5>) GetInTransport Sedan_02_Grey (609110173)
18:20:59: Player "[YKZ] Felps" (steam64id="76561198892779186" pos=<10269.1, 6.86, 10783.4>) GetInTransport Sedan_02_Grey (609110173)
18:23:49: Player "[YKZ] Emissarius" (steam64id="76561198271087379" pos=<11132.1, 4.01, 8461.52>) GetOutTransport Sedan_02_Grey (609110173)
18:23:49: Player "[YKZ] Felps" (steam64id="76561198892779186" pos=<11132.8, 3.97, 8460.7>) GetOutTransport Sedan_02_Grey (609110173)
18:23:53: Player "[YKZ] chron1c" (steam64id="76561198205585613" pos=<11134.1, 3.96, 8462.77>) GetOutTransport Sedan_02_Grey (609110173)
18:24:56: Player "[YKZ]-BlackBear" (steam64id="76561198343030820" pos=<11058.5, 4.93, 8274.23>) StopEngine Sedan_02_Grey (609110173)
18:25:01: Player "[YKZ]-BlackBear" (steam64id="76561198343030820" pos=<11059.3, 4.39, 8274.07>) GetOutTransport Sedan_02_Grey (609110173)
18:32:44: Player "Claudinha" (steam64id="76561198057660141" pos=<7617.28, 14.11, 9785.25>) GetInTransport OffroadHatchback (2069886655)
18:33:21: Player "Claudinha" (steam64id="76561198057660141" pos=<7617.92, 13.22, 9786.88>) GetOutTransport OffroadHatchback (2069886655)
18:38:46: Player "Biel FxR" (steam64id="76561198050836260" pos=<7617.12, 14.10, 9786.72>) GetInTransport OffroadHatchback (2069886655)
18:38:57: Player "Biel FxR" (steam64id="76561198050836260" pos=<7613.24, 14.11, 9794.04>) StopEngine OffroadHatchback (2069886655)
18:39:00: Player "Biel FxR" (steam64id="76561198050836260" pos=<7614.01, 13.22, 9794.32>) GetOutTransport OffroadHatchback (2069886655)
20:00:51: Object "Ada 4x4" (type="OffroadHatchback_White" pos=<7132.44, 20.86, 6957.56>) spawned (1618723063)
20:00:51: Object "Olga 24" (type="CivilianSedan" pos=<7352.34, 14.32, 7137.1>) spawned (1080525007)
20:00:51: Object "Sarka 120" (type="Sedan_02" pos=<7634.5, 13.20, 9790.67>) spawned (1552922911)
20:00:51: Object "Ada 4x4" (type="OffroadHatchback" pos=<7612.97, 13.26, 9793.68>) spawned (2069886655)
20:00:51: Object "Sarka 120" (type="Sedan_02_Grey" pos=<11058.2, 4.20, 8274.45>) spawned (609110173)
20:00:51: Object "M3S coberto" (type="Truck_01_Covered_Orange" pos=<11056.5, 4.49, 8267.11>) spawned (835347349)
20:00:51: Object "Olga 24" (type="CivilianSedan_Wine" pos=<11053.1, 4.19, 8266.88>) spawned (2086140079)
20:00:51: Object "Gunter 2" (type="Hatchback_02" pos=<9405.33, 30.19, 6641.98>) spawned (944074891)
20:26:43: Player "Lrk" (steam64id="76561198021843024" pos=<7352.75, 15.00, 7136.9>) GetInTransport CivilianSedan (1080525007)
20:26:54: Player "Lrk" (steam64id="76561198021843024" pos=<7353.52, 14.33, 7139.11>) GetOutTransport CivilianSedan (1080525007)
20:27:06: Player "Lrk" (steam64id="76561198021843024" pos=<7352.74, 15.00, 7139.23>) GetInTransport CivilianSedan (1080525007)
20:27:15: Player "Lrk" (steam64id="76561198021843024" pos=<7352.78, 15.25, 7141.71>) GetOutTransport CivilianSedan (1080525007)
20:30:21: Player "[L.B]TropaDoEnguisa" (steam64id="76561198211423224" pos=<7352.74, 14.98, 7141.81>) GetInTransport CivilianSedan (1080525007)
20:30:30: Player "[L.B]TropaDoEnguisa" (steam64id="76561198211423224" pos=<7353.62, 14.33, 7136.05>) GetOutTransport CivilianSedan (1080525007)
