13:51:03: Object "Olga 24" (type="CivilianSedan_Black" pos=<7981.09, 20.19, 9529.98>) spawned (263003995)
13:51:03: Object "Gunter 2" (type="Hatchback_02_Black" pos=<8666.19, 15.28, 9925.64>) spawned (1467657973)
13:51:03: Object "Ada 4x4" (type="OffroadHatchback_Blue" pos=<6746.6, 2.12, 7718.58>) spawned (970159015)
13:51:03: Object "Sarka 120" (type="Sedan_02" pos=<10914.9, 3.96, 7675.57>) spawned (10158391)
13:51:03: Object "M3S coberto" (type="Truck_01_Covered" pos=<9793.46, 9.34, 12600.8>) spawned (352528903)
14:45:28: Object "Olga 24" (type="CivilianSedan_Wine" pos=<7981.16, 19.97, 9528.75>) spawned (2041377625)
14:45:28: Object "Gunter 2" (type="Hatchback_02_Blue" pos=<8666.21, 15.33, 9925.62>) spawned (2090465587)
14:45:28: Object "Ada 4x4" (type="OffroadHatchback" pos=<10311, 8.07, 8300.34>) spawned (907897915)
14:45:28: Object "Sarka 120" (type="Sedan_02_Red" pos=<10905.1, 3.92, 7610.23>) spawned (956985877)
14:45:28: Object "M3S coberto" (type="Truck_01_Covered_Blue" pos=<11091.8, 4.52, 8138.39>) spawned (1131972337)
15:17:37: Object "Olga 24" (type="CivilianSedan_Black" pos=<7165.71, 6.82, 8657.36>) spawned (1673054065)
15:17:37: Object "Gunter 2" (type="Hatchback_02_Black" pos=<7700.61, 42.85, 6522.78>) spawned (114036121)
15:17:37: Object "Ada 4x4" (type="OffroadHatchback_Blue" pos=<11274.2, 4.37, 7904.9>) spawned (341059753)
15:17:37: Object "Sarka 120" (type="Sedan_02_Red" pos=<10333, 14.41, 12237.7>) spawned (2000547451)
15:17:37: Object "M3S coberto" (type="Truck_01_Covered_Blue" pos=<9182.7, 36.51, 7866.71>) spawned (1882316899)
16:32:32: Object "Olga 24" (type="CivilianSedan_Black" pos=<7165.71, 6.82, 8657.36>) spawned (1673054065)
16:32:32: Object "Gunter 2" (type="Hatchback_02_Black" pos=<7700.61, 42.85, 6522.78>) spawned (114036121)
16:32:32: Object "Ada 4x4" (type="OffroadHatchback_Blue" pos=<11274.2, 4.37, 7904.9>) spawned (341059753)
16:32:32: Object "Sarka 120" (type="Sedan_02_Red" pos=<10333, 14.41, 12237.6>) spawned (2000547451)
16:32:32: Object "M3S coberto" (type="Truck_01_Covered_Blue" pos=<9182.69, 36.51, 7866.7>) spawned (1882316899)
18:56:04: Object "Olga 24" (type="CivilianSedan_Black" pos=<7165.71, 6.82, 8657.36>) spawned (1673054065)
18:56:04: Object "Gunter 2" (type="Hatchback_02_Black" pos=<7700.61, 42.85, 6522.78>) spawned (114036121)
18:56:04: Object "Ada 4x4" (type="OffroadHatchback_Blue" pos=<11274.2, 4.37, 7904.9>) spawned (341059753)
18:56:04: Object "M3S coberto" (type="Truck_01_Covered_Blue" pos=<9182.67, 36.50, 7866.69>) spawned (1882316899)
18:56:04: Object "Sarka 120" (type="Sedan_02_Red" pos=<10333, 14.41, 12237.7>) spawned (2000547451)
19:59:05: Object "Olga 24" (type="CivilianSedan_Black" pos=<7165.71, 6.82, 8657.36>) spawned (1673054065)
19:59:05: Object "Gunter 2" (type="Hatchback_02_Black" pos=<7700.61, 42.85, 6522.78>) spawned (114036121)
19:59:05: Object "Ada 4x4" (type="OffroadHatchback_Blue" pos=<11274.2, 4.37, 7904.9>) spawned (341059753)
19:59:05: Object "M3S coberto" (type="Truck_01_Covered_Blue" pos=<9182.66, 36.50, 7866.68>) spawned (1882316899)
19:59:05: Object "Sarka 120" (type="Sedan_02_Red" pos=<10333, 14.41, 12237.7>) spawned (2000547451)
23:59:05: Object "Olga 24" (type="CivilianSedan_Black" pos=<7165.7, 6.82, 8657.36>) spawned (1673054065)
23:59:05: Object "Gunter 2" (type="Hatchback_02_Black" pos=<7700.61, 42.85, 6522.78>) spawned (114036121)
23:59:05: Object "Ada 4x4" (type="OffroadHatchback_Blue" pos=<11274.2, 4.37, 7904.9>) spawned (341059753)
23:59:05: Object "M3S coberto" (type="Truck_01_Covered_Blue" pos=<9182.64, 36.50, 7866.68>) spawned (1882316899)
23:59:05: Object "Sarka 120" (type="Sedan_02_Red" pos=<10333, 14.41, 12237.7>) spawned (2000547451)
