00:00:51: Object "Ada 4x4" (type="OffroadHatchback_White" pos=<7132.42, 20.86, 6957.56>) spawned (1618723063)
00:00:51: Object "Olga 24" (type="CivilianSedan" pos=<7352.46, 14.32, 7136.32>) spawned (1080525007)
00:00:51: Object "Gunter 2" (type="Hatchback_02" pos=<9405.33, 30.19, 6641.97>) spawned (944074891)
00:00:51: Object "Sarka 120" (type="Sedan_02_Grey" pos=<11058.2, 4.20, 8274.56>) spawned (609110173)
00:00:51: Object "Olga 24" (type="CivilianSedan_Wine" pos=<11053.1, 4.19, 8266.86>) spawned (2086140079)
00:00:51: Object "M3S coberto" (type="Truck_01_Covered_Orange" pos=<11056.4, 4.49, 8267.24>) spawned (835347349)
00:00:51: Object "Sarka 120" (type="Sedan_02" pos=<7634.49, 13.20, 9790.7>) spawned (1552922911)
00:00:51: Object "Ada 4x4" (type="OffroadHatchback" pos=<7636.24, 12.23, 9781.1>) spawned (2069886655)
04:00:57: Object "Sarka 120" (type="Sedan_02" pos=<7634.49, 13.20, 9790.7>) spawned (1552922911)
04:00:57: Object "Ada 4x4" (type="OffroadHatchback" pos=<7636.24, 12.23, 9781.08>) spawned (2069886655)
04:00:57: Object "Olga 24" (type="CivilianSedan" pos=<7352.46, 14.32, 7136.31>) spawned (1080525007)
04:00:57: Object "Ada 4x4" (type="OffroadHatchback_White" pos=<7132.41, 20.86, 6957.56>) spawned (1618723063)
04:00:57: Object "M3S coberto" (type="Truck_01_Covered_Orange" pos=<11056.4, 4.49, 8267.29>) spawned (835347349)
04:00:57: Object "Sarka 120" (type="Sedan_02_Grey" pos=<11058.2, 4.20, 8274.57>) spawned (609110173)
04:00:57: Object "Olga 24" (type="CivilianSedan_Wine" pos=<11053.1, 4.19, 8266.85>) spawned (2086140079)
04:00:57: Object "Gunter 2" (type="Hatchback_02" pos=<9405.33, 30.19, 6641.97>) spawned (944074891)
08:00:51: Object "Gunter 2" (type="Hatchback_02" pos=<9405.33, 30.19, 6641.97>) spawned (944074891)
08:00:51: Object "Ada 4x4" (type="OffroadHatchback_White" pos=<7132.4, 20.86, 6957.56>) spawned (1618723063)
08:00:51: Object "Olga 24" (type="CivilianSedan" pos=<7352.46, 14.32, 7136.31>) spawned (1080525007)
08:00:51: Object "Ada 4x4" (type="OffroadHatchback" pos=<7636.31, 12.23, 9780.99>) spawned (2069886655)
08:00:51: Object "Sarka 120" (type="Sedan_02" pos=<7634.48, 13.20, 9790.72>) spawned (1552922911)
08:00:51: Object "Sarka 120" (type="Sedan_02_Grey" pos=<11058.2, 4.20, 8274.57>) spawned (609110173)
08:00:51: Object "M3S coberto" (type="Truck_01_Covered_Orange" pos=<11056.4, 4.49, 8267.29>) spawned (835347349)
08:00:51: Object "Olga 24" (type="CivilianSedan_Wine" pos=<11053.1, 4.19, 8266.85>) spawned (2086140079)
12:00:51: Object "Olga 24" (type="CivilianSedan" pos=<7352.45, 14.32, 7136.33>) spawned (1080525007)
12:00:51: Object "Ada 4x4" (type="OffroadHatchback_White" pos=<7132.4, 20.86, 6957.56>) spawned (1618723063)
12:00:51: Object "Gunter 2" (type="Hatchback_02" pos=<9405.33, 30.19, 6641.97>) spawned (944074891)
12:00:51: Object "M3S coberto" (type="Truck_01_Covered_Orange" pos=<11056.4, 4.49, 8267.29>) spawned (835347349)
12:00:51: Object "Sarka 120" (type="Sedan_02_Grey" pos=<11058.2, 4.20, 8274.52>) spawned (609110173)
12:00:51: Object "Olga 24" (type="CivilianSedan_Wine" pos=<11053.1, 4.19, 8266.85>) spawned (2086140079)
12:00:51: Object "Ada 4x4" (type="OffroadHatchback" pos=<7636.31, 12.23, 9780.98>) spawned (2069886655)
12:00:51: Object "Sarka 120" (type="Sedan_02" pos=<7634.48, 13.20, 9790.72>) spawned (1552922911)
16:00:54: Object "M3S coberto" (type="Truck_01_Covered_Orange" pos=<11056.4, 4.49, 8267.29>) spawned (835347349)
16:00:54: Object "Olga 24" (type="CivilianSedan_Wine" pos=<11053.1, 4.19, 8266.85>) spawned (2086140079)
16:00:54: Object "Sarka 120" (type="Sedan_02_Grey" pos=<11058.2, 4.20, 8274.52>) spawned (609110173)
16:00:54: Object "Gunter 2" (type="Hatchback_02" pos=<9405.33, 30.19, 6641.97>) spawned (944074891)
16:00:54: Object "Ada 4x4" (type="OffroadHatchback_White" pos=<7132.4, 20.86, 6957.56>) spawned (1618723063)
16:00:54: Object "Olga 24" (type="CivilianSedan" pos=<7352.44, 14.33, 7136.34>) spawned (1080525007)
16:00:54: Object "Sarka 120" (type="Sedan_02" pos=<7634.48, 13.20, 9790.72>) spawned (1552922911)
16:00:54: Object "Ada 4x4" (type="OffroadHatchback" pos=<7636.31, 12.23, 9780.97>) spawned (2069886655)
20:00:53: Object "Gunter 2" (type="Hatchback_02" pos=<9405.33, 30.19, 6641.97>) spawned (944074891)
20:00:53: Object "Olga 24" (type="CivilianSedan" pos=<7352.45, 14.32, 7136.36>) spawned (1080525007)
20:00:53: Object "Sarka 120" (type="Sedan_02" pos=<7634.48, 13.20, 9790.72>) spawned (1552922911)
20:00:53: Object "Ada 4x4" (type="OffroadHatchback" pos=<7636.32, 12.23, 9780.96>) spawned (2069886655)
20:00:53: Object "Ada 4x4" (type="OffroadHatchback_White" pos=<7132.4, 20.86, 6957.56>) spawned (1618723063)
20:00:53: Object "Olga 24" (type="CivilianSedan_Wine" pos=<11053.1, 4.19, 8266.85>) spawned (2086140079)
20:00:53: Object "Sarka 120" (type="Sedan_02_Grey" pos=<11058.2, 4.20, 8274.52>) spawned (609110173)
20:00:53: Object "M3S coberto" (type="Truck_01_Covered_Orange" pos=<11056.3, 4.49, 8267.26>) spawned (835347349)
20:16:16: Player "Biel FxR" (steam64id="76561198050836260" pos=<9404.98, 30.73, 6642.07>) GetInTransport Hatchback_02 (944074891)
20:16:21: Player "Biel FxR" (steam64id="76561198050836260" pos=<9404.49, 30.32, 6642.6>) GetOutTransport Hatchback_02 (944074891)
20:17:13: Player "Biel FxR" (steam64id="76561198050836260" pos=<9404.98, 30.72, 6642.07>) GetInTransport Hatchback_02 (944074891)
20:17:16: Player "Hacan121" (steam64id="76561198345012092" pos=<9404.64, 30.67, 6641.33>) GetInTransport Hatchback_02 (944074891)
20:17:22: Player "G A T O" (steam64id="76561199207813177" pos=<9405.59, 30.75, 6641.79>) GetInTransport Hatchback_02 (944074891)
20:18:08: Player "Biel FxR" (steam64id="76561198050836260" pos=<9389.16, 20.47, 6892.5>) GetOutTransport Hatchback_02 (944074891)
20:18:12: Player "G A T O" (steam64id="76561199207813177" pos=<9391.24, 20.56, 6892.55>) GetOutTransport Hatchback_02 (944074891)
20:18:13: Player "Hacan121" (steam64id="76561198345012092" pos=<9389.23, 20.02, 6891.53>) GetOutTransport Hatchback_02 (944074891)
20:18:18: Player "Hacan121" (steam64id="76561198345012092" pos=<9389.9, 20.78, 6892.24>) GetInTransport Hatchback_02 (944074891)
20:18:54: Player "Hacan121" (steam64id="76561198345012092" pos=<9386.39, 30.02, 6937.5>) GetOutTransport Hatchback_02 (944074891)
20:18:57: Player "G A T O" (steam64id="76561199207813177" pos=<9387.71, 30.53, 6937.1>) GetInTransport Hatchback_02 (944074891)
20:18:59: Player "Biel FxR" (steam64id="76561198050836260" pos=<9387.05, 30.53, 6937.18>) GetInTransport Hatchback_02 (944074891)
20:19:05: Player "Hacan121" (steam64id="76561198345012092" pos=<9387, 30.53, 6937.2>) GetInTransport Hatchback_02 (944074891)
20:21:48: Player "G A T O" (steam64id="76561199207813177" pos=<7648, 28.21, 7818.96>) GetOutTransport Hatchback_02 (944074891)
20:24:22: Player "Hacan121" (steam64id="76561198345012092" pos=<7663.97, 10.79, 9754.96>) GetOutTransport Hatchback_02 (944074891)
20:25:03: Player "Biel FxR" (steam64id="76561198050836260" pos=<7623.8, 13.82, 9782.7>) StopEngine Hatchback_02 (944074891)
20:26:01: Player "Biel FxR" (steam64id="76561198050836260" pos=<7630.92, 12.77, 9776.69>) StopEngine Hatchback_02 (944074891)
20:26:09: Player "Biel FxR" (steam64id="76561198050836260" pos=<7631.99, 12.45, 9777.42>) GetOutTransport Hatchback_02 (944074891)
22:28:26: Object "Ada 4x4" (type="OffroadHatchback_White" pos=<7132.4, 20.86, 6957.56>) spawned (1618723063)
22:28:26: Object "Olga 24" (type="CivilianSedan" pos=<7352.45, 14.32, 7136.36>) spawned (1080525007)
22:28:26: Object "Sarka 120" (type="Sedan_02" pos=<7634.48, 13.20, 9790.72>) spawned (1552922911)
22:28:26: Object "Ada 4x4" (type="OffroadHatchback" pos=<7636.32, 12.23, 9780.94>) spawned (2069886655)
22:28:26: Object "Gunter 2" (type="Hatchback_02" pos=<7631.22, 12.24, 9776.88>) spawned (944074891)
22:28:26: Object "Olga 24" (type="CivilianSedan_Wine" pos=<11053.1, 4.19, 8266.84>) spawned (2086140079)
22:28:26: Object "Sarka 120" (type="Sedan_02_Grey" pos=<11058.2, 4.20, 8274.53>) spawned (609110173)
22:28:26: Object "M3S coberto" (type="Truck_01_Covered_Orange" pos=<11056.3, 4.49, 8267.26>) spawned (835347349)
