00:00:13: Object "Olga 24" (type="CivilianSedan" pos=<7359.37, 14.28, 7152.85>) spawned (1080525007)
00:00:13: Object "Ada 4x4" (type="OffroadHatchback_White" pos=<7359.41, 14.33, 7157.99>) spawned (1618723063)
00:00:13: Object "Sarka 120" (type="Sedan_02" pos=<7616.14, 13.20, 9787.71>) spawned (1552922911)
00:00:13: Object "Ada 4x4" (type="OffroadHatchback" pos=<7626.84, 13.26, 9783.38>) spawned (2069886655)
00:00:13: Object "Gunter 2" (type="Hatchback_02" pos=<7633.35, 13.27, 9787.49>) spawned (944074891)
00:00:13: Object "Olga 24" (type="CivilianSedan" pos=<11066.7, 17.50, 13591.3>) spawned (1554168133)
00:00:13: Object "Olga 24" (type="CivilianSedan_Wine" pos=<11053.2, 4.19, 8266.79>) spawned (2086140079)
00:00:13: Object "Sarka 120" (type="Sedan_02_Grey" pos=<11054.7, 4.39, 8258.91>) spawned (609110173)
00:00:13: Object "Ada 4x4" (type="OffroadHatchback_Blue" pos=<11130.7, 4.07, 8299.93>) spawned (1548728479)
00:00:13: Object "M3S coberto" (type="Truck_01_Covered_Orange" pos=<11055.7, 4.49, 8266.52>) spawned (835347349)
00:00:13: Object "Sarka 120" (type="Sedan_02_Grey" pos=<10425.7, 18.26, 13537.7>) spawned (1347461281)
00:00:13: Object "M3S coberto" (type="Truck_01_Covered" pos=<9793.47, 9.35, 12600.8>) spawned (1900012159)
04:00:12: Object "Olga 24" (type="CivilianSedan" pos=<11066.7, 17.50, 13591.3>) spawned (1554168133)
04:00:12: Object "Sarka 120" (type="Sedan_02_Grey" pos=<10425.7, 18.26, 13537.7>) spawned (1347461281)
04:00:12: Object "M3S coberto" (type="Truck_01_Covered" pos=<9793.47, 9.35, 12600.8>) spawned (1900012159)
04:00:12: Object "Ada 4x4" (type="OffroadHatchback" pos=<7626.84, 13.26, 9783.38>) spawned (2069886655)
04:00:12: Object "Sarka 120" (type="Sedan_02" pos=<7616.14, 13.20, 9787.71>) spawned (1552922911)
04:00:12: Object "Gunter 2" (type="Hatchback_02" pos=<7633.35, 13.27, 9787.49>) spawned (944074891)
04:00:12: Object "Olga 24" (type="CivilianSedan" pos=<7359.38, 14.28, 7152.84>) spawned (1080525007)
04:00:12: Object "Ada 4x4" (type="OffroadHatchback_White" pos=<7359.41, 14.33, 7157.98>) spawned (1618723063)
04:00:12: Object "Sarka 120" (type="Sedan_02_Grey" pos=<11054.7, 4.39, 8258.91>) spawned (609110173)
04:00:12: Object "Olga 24" (type="CivilianSedan_Wine" pos=<11053.2, 4.19, 8266.79>) spawned (2086140079)
04:00:12: Object "M3S coberto" (type="Truck_01_Covered_Orange" pos=<11055.7, 4.49, 8266.52>) spawned (835347349)
04:00:12: Object "Ada 4x4" (type="OffroadHatchback_Blue" pos=<11130.7, 4.07, 8299.93>) spawned (1548728479)
08:00:13: Object "Olga 24" (type="CivilianSedan" pos=<11066.6, 17.5, 13591.3>) spawned (1554168133)
08:00:13: Object "Sarka 120" (type="Sedan_02_Grey" pos=<10425.7, 18.26, 13537.7>) spawned (1347461281)
08:00:13: Object "M3S coberto" (type="Truck_01_Covered" pos=<9793.47, 9.35, 12600.8>) spawned (1900012159)
08:00:13: Object "Ada 4x4" (type="OffroadHatchback" pos=<7626.83, 13.26, 9783.4>) spawned (2069886655)
08:00:13: Object "Sarka 120" (type="Sedan_02" pos=<7616.14, 13.20, 9787.72>) spawned (1552922911)
08:00:13: Object "Gunter 2" (type="Hatchback_02" pos=<7633.35, 13.27, 9787.49>) spawned (944074891)
08:00:13: Object "Olga 24" (type="CivilianSedan" pos=<7359.37, 14.28, 7152.84>) spawned (1080525007)
08:00:13: Object "Ada 4x4" (type="OffroadHatchback_White" pos=<7359.41, 14.33, 7157.98>) spawned (1618723063)
08:00:13: Object "Sarka 120" (type="Sedan_02_Grey" pos=<11054.7, 4.39, 8258.9>) spawned (609110173)
08:00:13: Object "Olga 24" (type="CivilianSedan_Wine" pos=<11053.2, 4.19, 8266.79>) spawned (2086140079)
08:00:13: Object "M3S coberto" (type="Truck_01_Covered_Orange" pos=<11055.7, 4.49, 8266.48>) spawned (835347349)
08:00:13: Object "Ada 4x4" (type="OffroadHatchback_Blue" pos=<11130.7, 4.07, 8299.93>) spawned (1548728479)
10:46:51: Player "MazK4rd" (steam64id="76561198166905192" pos=<10425.4, 18.85, 13537.9>) GetInTransport Sedan_02_Grey (1347461281)
10:46:56: Player "MazK4rd" (steam64id="76561198166905192" pos=<10424.6, 18.31, 13538.2>) GetOutTransport Sedan_02_Grey (1347461281)
10:58:51: Player "MazK4rd" (steam64id="76561198166905192" pos=<10425.4, 18.85, 13537.9>) GetInTransport Sedan_02_Grey (1347461281)
11:00:25: Player "MazK4rd" (steam64id="76561198166905192" pos=<10851, 12.62, 13608>) GetOutTransport Sedan_02_Grey (1347461281)
11:09:08: Object "Sarka 120" (type="Sedan_02_Grey" pos=<10850.9, 12.58, 13606.8>) deleted (1347461281)
12:00:27: Object "Olga 24" (type="CivilianSedan" pos=<11066.6, 17.49, 13591.3>) spawned (1554168133)
12:00:27: Object "M3S coberto" (type="Truck_01_Covered" pos=<9793.46, 9.35, 12600.8>) spawned (1900012159)
12:00:27: Object "Gunter 2" (type="Hatchback_02" pos=<7633.35, 13.27, 9787.49>) spawned (944074891)
12:00:27: Object "Sarka 120" (type="Sedan_02" pos=<7616.14, 13.20, 9787.72>) spawned (1552922911)
12:00:27: Object "Ada 4x4" (type="OffroadHatchback" pos=<7626.82, 13.26, 9783.42>) spawned (2069886655)
12:00:27: Object "Ada 4x4" (type="OffroadHatchback_Blue" pos=<11130.7, 4.07, 8299.93>) spawned (1548728479)
12:00:27: Object "M3S coberto" (type="Truck_01_Covered_Orange" pos=<11055.7, 4.49, 8266.45>) spawned (835347349)
12:00:27: Object "Sarka 120" (type="Sedan_02_Grey" pos=<11054.7, 4.39, 8258.9>) spawned (609110173)
12:00:27: Object "Olga 24" (type="CivilianSedan_Wine" pos=<11053.2, 4.19, 8266.79>) spawned (2086140079)
12:00:27: Object "Ada 4x4" (type="OffroadHatchback_White" pos=<7359.41, 14.33, 7157.97>) spawned (1618723063)
12:00:27: Object "Olga 24" (type="CivilianSedan" pos=<7359.38, 14.27, 7152.85>) spawned (1080525007)
14:27:09: Player "[YKZ]-BlackBear" (steam64id="76561198343030820" pos=<11130.3, 4.91, 8299.79>) GetInTransport OffroadHatchback_Blue (1548728479)
14:27:15: Player "[YKZ]-BlackBear" (steam64id="76561198343030820" pos=<11130.3, 4.92, 8299.78>) StopEngine OffroadHatchback_Blue (1548728479)
14:27:19: Player "[YKZ]-BlackBear" (steam64id="76561198343030820" pos=<11129.5, 4.05, 8300>) GetOutTransport OffroadHatchback_Blue (1548728479)
14:30:06: Player "[YKZ]-BlackBear" (steam64id="76561198343030820" pos=<11130.3, 4.91, 8299.79>) GetInTransport OffroadHatchback_Blue (1548728479)
14:30:51: Player "[YKZ]-BlackBear" (steam64id="76561198343030820" pos=<11041.9, 5.34, 8260.62>) StopEngine OffroadHatchback_Blue (1548728479)
14:30:54: Player "[YKZ]-BlackBear" (steam64id="76561198343030820" pos=<11042.2, 4.45, 8261.37>) GetOutTransport OffroadHatchback_Blue (1548728479)
14:31:36: Player "[YKZ]-BlackBear" (steam64id="76561198343030820" pos=<11042, 5.33, 8260.62>) GetInTransport OffroadHatchback_Blue (1548728479)
14:32:08: Player "[YKZ]-BlackBear" (steam64id="76561198343030820" pos=<11041.3, 5.33, 8260.75>) StopEngine OffroadHatchback_Blue (1548728479)
14:32:10: Player "[YKZ]-BlackBear" (steam64id="76561198343030820" pos=<11041.6, 4.45, 8261.49>) GetOutTransport OffroadHatchback_Blue (1548728479)
14:33:48: Player "[YKZ]-BlackBear" (steam64id="76561198343030820" pos=<11054.8, 4.97, 8259.25>) GetInTransport Sedan_02_Grey (609110173)
14:34:01: Player "[YKZ]-BlackBear" (steam64id="76561198343030820" pos=<11054.7, 4.42, 8260.07>) GetOutTransport Sedan_02_Grey (609110173)
14:34:15: Player "[YKZ]-BlackBear" (steam64id="76561198343030820" pos=<11054.8, 4.97, 8259.25>) GetInTransport Sedan_02_Grey (609110173)
14:34:24: Player "[YKZ]-BlackBear" (steam64id="76561198343030820" pos=<11054.8, 4.97, 8259.26>) StopEngine Sedan_02_Grey (609110173)
14:34:26: Player "[YKZ]-BlackBear" (steam64id="76561198343030820" pos=<11054.7, 4.42, 8260.08>) GetOutTransport Sedan_02_Grey (609110173)
14:36:39: Player "[YKZ]-BlackBear" (steam64id="76561198343030820" pos=<11054.8, 4.97, 8259.25>) GetInTransport Sedan_02_Grey (609110173)
14:37:51: Player "[YKZ]-BlackBear" (steam64id="76561198343030820" pos=<11055.1, 4.95, 8261.11>) StopEngine Sedan_02_Grey (609110173)
14:37:58: Player "[YKZ]-BlackBear" (steam64id="76561198343030820" pos=<11054.8, 4.45, 8259.64>) GetOutTransport Sedan_02_Grey (609110173)
14:38:27: Player "[YKZ]-BlackBear" (steam64id="76561198343030820" pos=<11041.3, 5.32, 8260.75>) GetInTransport OffroadHatchback_Blue (1548728479)
14:38:41: Player "[YKZ]-BlackBear" (steam64id="76561198343030820" pos=<11052.8, 5.37, 8258.52>) StopEngine OffroadHatchback_Blue (1548728479)
14:38:43: Player "[YKZ]-BlackBear" (steam64id="76561198343030820" pos=<11053.1, 4.61, 8259.29>) GetOutTransport OffroadHatchback_Blue (1548728479)
15:24:51: Player "[YKZ]-BlackBear" (steam64id="76561198343030820" pos=<11052.8, 5.36, 8258.51>) GetInTransport OffroadHatchback_Blue (1548728479)
15:25:04: Player "[YKZ]-BlackBear" (steam64id="76561198343030820" pos=<11038.9, 4.58, 8260.46>) GetOutTransport OffroadHatchback_Blue (1548728479)
15:25:11: Player "[YKZ]-BlackBear" (steam64id="76561198343030820" pos=<11038.7, 5.37, 8259.68>) GetInTransport OffroadHatchback_Blue (1548728479)
15:29:51: Player "[YKZ]-BlackBear" (steam64id="76561198343030820" pos=<9326.78, 35.71, 7832.74>) GetOutTransport OffroadHatchback_Blue (1548728479)
15:30:55: Player "[YKZ] Felps" (steam64id="76561198892779186" pos=<9326.57, 36.57, 7833.52>) GetInTransport OffroadHatchback_Blue (1548728479)
15:32:21: Player "[YKZ] Felps" (steam64id="76561198892779186" pos=<9317.89, 36.58, 7831.08>) StopEngine OffroadHatchback_Blue (1548728479)
15:32:24: Player "[YKZ] Felps" (steam64id="76561198892779186" pos=<9317.77, 35.79, 7830.23>) GetOutTransport OffroadHatchback_Blue (1548728479)
15:33:23: Player "[YKZ] Felps" (steam64id="76561198892779186" pos=<9317.88, 36.57, 7831.09>) GetInTransport OffroadHatchback_Blue (1548728479)
15:34:02: Player "[YKZ] Felps" (steam64id="76561198892779186" pos=<9317.89, 36.58, 7831.08>) StopEngine OffroadHatchback_Blue (1548728479)
15:34:13: Player "[YKZ]-BlackBear" (steam64id="76561198343030820" pos=<9317.88, 36.57, 7831.09>) GetInTransport OffroadHatchback_Blue (1548728479)
15:35:10: Player "[YKZ] Felps" (steam64id="76561198892779186" pos=<9317.55, 35.71, 7833.06>) GetOutTransport OffroadHatchback_Blue (1548728479)
15:35:16: Player "[YKZ]-Lobato" (steam64id="76561198158375860" pos=<9318.73, 36.59, 7831.88>) GetInTransport OffroadHatchback_Blue (1548728479)
15:35:21: Player "[YKZ] Felps" (steam64id="76561198892779186" pos=<9317.82, 36.57, 7831.86>) GetInTransport OffroadHatchback_Blue (1548728479)
15:39:51: Player "[YKZ]-BlackBear" (steam64id="76561198343030820" pos=<10327.3, 43.67, 6396.14>) GetOutTransport OffroadHatchback_Blue (1548728479)
15:39:53: Player "[YKZ] Felps" (steam64id="76561198892779186" pos=<10324.4, 43.62, 6396.26>) GetOutTransport OffroadHatchback_Blue (1548728479)
15:40:23: Player "[YKZ]-BlackBear" (steam64id="76561198343030820" pos=<10326.5, 44.49, 6396.44>) GetInTransport OffroadHatchback_Blue (1548728479)
15:40:30: Player "[YKZ] Felps" (steam64id="76561198892779186" pos=<10325.7, 44.47, 6396.48>) GetInTransport OffroadHatchback_Blue (1548728479)
15:43:55: Player "[YKZ]-BlackBear" (steam64id="76561198343030820" pos=<11444.6, 1.36, 6257.92>) GetOutTransport OffroadHatchback_Blue (1548728479)
15:43:57: Player "[YKZ] Felps" (steam64id="76561198892779186" pos=<11442.9, 1.32, 6255.61>) GetOutTransport OffroadHatchback_Blue (1548728479)
15:44:47: Player "[YKZ] Felps" (steam64id="76561198892779186" pos=<11443.5, 2.21, 6256.75>) GetInTransport OffroadHatchback_Blue (1548728479)
15:44:55: Player "[YKZ]-BlackBear" (steam64id="76561198343030820" pos=<11444, 2.22, 6257.37>) GetInTransport OffroadHatchback_Blue (1548728479)
15:48:01: Player "[YKZ]-BlackBear" (steam64id="76561198343030820" pos=<11674.7, 6.94, 7881.96>) GetOutTransport OffroadHatchback_Blue (1548728479)
15:48:02: Player "[YKZ] Felps" (steam64id="76561198892779186" pos=<11676.8, 5.44, 7883.27>) GetOutTransport OffroadHatchback_Blue (1548728479)
15:49:19: Player "[YKZ]-BlackBear" (steam64id="76561198343030820" pos=<11674.7, 6.31, 7882.76>) GetInTransport OffroadHatchback_Blue (1548728479)
15:49:21: Player "[YKZ] Felps" (steam64id="76561198892779186" pos=<11675.5, 6.30, 7882.85>) GetInTransport OffroadHatchback_Blue (1548728479)
15:51:10: Player "[YKZ] Felps" (steam64id="76561198892779186" pos=<11039.1, 4.52, 8258.98>) GetOutTransport OffroadHatchback_Blue (1548728479)
15:51:59: Player "[YKZ]-Lobato" (steam64id="76561198158375860" pos=<11038, 4.59, 8258.39>) GetOutTransport OffroadHatchback_Blue (1548728479)
15:52:15: Player "[YKZ]-BlackBear" (steam64id="76561198343030820" pos=<11054.1, 5.35, 8258.78>) StopEngine OffroadHatchback_Blue (1548728479)
15:52:18: Player "[YKZ]-BlackBear" (steam64id="76561198343030820" pos=<11054.4, 4.62, 8259.68>) GetOutTransport OffroadHatchback_Blue (1548728479)
16:00:13: Object "Olga 24" (type="CivilianSedan" pos=<7359.38, 14.27, 7152.85>) spawned (1080525007)
16:00:13: Object "Ada 4x4" (type="OffroadHatchback_White" pos=<7359.41, 14.33, 7158.02>) spawned (1618723063)
16:00:13: Object "Olga 24" (type="CivilianSedan" pos=<11066.5, 17.49, 13591.3>) spawned (1554168133)
16:00:13: Object "M3S coberto" (type="Truck_01_Covered" pos=<9793.46, 9.35, 12600.8>) spawned (1900012159)
16:00:13: Object "Gunter 2" (type="Hatchback_02" pos=<7633.35, 13.27, 9787.49>) spawned (944074891)
16:00:13: Object "Ada 4x4" (type="OffroadHatchback" pos=<7626.81, 13.26, 9783.45>) spawned (2069886655)
16:00:13: Object "Sarka 120" (type="Sedan_02" pos=<7616.14, 13.20, 9787.72>) spawned (1552922911)
16:00:13: Object "Sarka 120" (type="Sedan_02_Grey" pos=<11054.8, 4.39, 8260.79>) spawned (609110173)
16:00:13: Object "Ada 4x4" (type="OffroadHatchback_Blue" pos=<11054.2, 4.52, 8258.3>) spawned (1548728479)
16:00:13: Object "M3S coberto" (type="Truck_01_Covered_Orange" pos=<11055.7, 4.49, 8266.45>) spawned (835347349)
16:00:13: Object "Olga 24" (type="CivilianSedan_Wine" pos=<11053.2, 4.19, 8266.76>) spawned (2086140079)
16:30:26: Player "[YKZ] Emissarius" (steam64id="76561198271087379" pos=<11055.1, 4.95, 8261.12>) GetInTransport Sedan_02_Grey (609110173)
16:31:17: Player "[YKZ] Emissarius" (steam64id="76561198271087379" pos=<11055.2, 4.41, 8261.9>) GetOutTransport Sedan_02_Grey (609110173)
16:38:43: Player "[YKZ]-BlackBear" (steam64id="76561198343030820" pos=<11055.1, 4.95, 8261.12>) GetInTransport Sedan_02_Grey (609110173)
16:40:15: Player "[YKZ] Notsniw" (steam64id="76561197967151252" pos=<11024.7, 6.26, 8259.12>) GetInTransport Sedan_02_Grey (609110173)
16:40:37: Player "[YKZ] Notsniw" (steam64id="76561197967151252" pos=<11024.6, 5.68, 8259.93>) GetOutTransport Sedan_02_Grey (609110173)
16:41:55: Player "[YKZ] Seekerzao" (steam64id="76561198067793781" pos=<11024.7, 6.26, 8259.12>) GetInTransport Sedan_02_Grey (609110173)
16:41:59: Player "[YKZ] Notsniw" (steam64id="76561197967151252" pos=<11024.7, 6.31, 8258.46>) GetInTransport Sedan_02_Grey (609110173)
16:42:15: Player "[YKZ] Emissarius" (steam64id="76561198271087379" pos=<11031.5, 5.84, 8252.41>) GetInTransport Sedan_02_Grey (609110173)
16:46:39: Player "[YKZ]-BlackBear" (steam64id="76561198343030820" pos=<9475.72, 30.64, 6216.18>) GetOutTransport Sedan_02_Grey (609110173)
16:46:42: Player "[YKZ] Notsniw" (steam64id="76561197967151252" pos=<9477.61, 30.64, 6217.89>) GetOutTransport Sedan_02_Grey (609110173)
16:46:42: Player "[YKZ] Seekerzao" (steam64id="76561198067793781" pos=<9476.44, 30.63, 6215.82>) GetOutTransport Sedan_02_Grey (609110173)
16:46:43: Player "[YKZ] Emissarius" (steam64id="76561198271087379" pos=<9476.63, 30.66, 6218.29>) GetOutTransport Sedan_02_Grey (609110173)
16:51:11: Player "[YKZ] Emissarius" (steam64id="76561198271087379" pos=<9477.15, 31.17, 6217.11>) GetInTransport Sedan_02_Grey (609110173)
16:51:23: Player "[YKZ] Seekerzao" (steam64id="76561198067793781" pos=<9476.85, 31.16, 6216.53>) GetInTransport Sedan_02_Grey (609110173)
16:51:26: Player "[YKZ] Emissarius" (steam64id="76561198271087379" pos=<9477.61, 30.64, 6217.89>) GetOutTransport Sedan_02_Grey (609110173)
16:51:28: Player "[YKZ] Seekerzao" (steam64id="76561198067793781" pos=<9476.44, 30.63, 6215.82>) GetOutTransport Sedan_02_Grey (609110173)
16:52:04: Player "[YKZ] Emissarius" (steam64id="76561198271087379" pos=<9477.15, 31.17, 6217.11>) GetInTransport Sedan_02_Grey (609110173)
16:52:08: Player "[YKZ] Seekerzao" (steam64id="76561198067793781" pos=<9476.85, 31.16, 6216.53>) GetInTransport Sedan_02_Grey (609110173)
16:52:13: Player "[YKZ]-BlackBear" (steam64id="76561198343030820" pos=<9476.08, 31.22, 6216.9>) GetInTransport Sedan_02_Grey (609110173)
16:58:40: Player "[YKZ]-BlackBear" (steam64id="76561198343030820" pos=<7668.03, 41.01, 6515.08>) GetOutTransport Sedan_02_Grey (609110173)
16:58:40: Player "[YKZ] Emissarius" (steam64id="76561198271087379" pos=<7670.21, 41.06, 6513.76>) GetOutTransport Sedan_02_Grey (609110173)
16:58:44: Player "[YKZ] Seekerzao" (steam64id="76561198067793781" pos=<7667.89, 41.00, 6514.3>) GetOutTransport Sedan_02_Grey (609110173)
17:23:59: Player "[YKZ] Emissarius" (steam64id="76561198271087379" pos=<7669.32, 41.57, 6513.98>) GetInTransport Sedan_02_Grey (609110173)
17:24:07: Player "[YKZ]-BlackBear" (steam64id="76561198343030820" pos=<7668.81, 41.61, 6514.94>) GetInTransport Sedan_02_Grey (609110173)
17:28:37: Player "[YKZ] Emissarius" (steam64id="76561198271087379" pos=<9122.92, 19.33, 6136.94>) GetOutTransport Sedan_02_Grey (609110173)
17:28:38: Player "[YKZ]-BlackBear" (steam64id="76561198343030820" pos=<9124.03, 19.29, 6139.19>) GetOutTransport Sedan_02_Grey (609110173)
17:29:18: Player "[YKZ] Emissarius" (steam64id="76561198271087379" pos=<9123.05, 19.81, 6137.79>) GetInTransport Sedan_02_Grey (609110173)
17:29:21: Player "[YKZ]-BlackBear" (steam64id="76561198343030820" pos=<9123.96, 19.87, 6138.39>) GetInTransport Sedan_02_Grey (609110173)
17:34:07: Player "[YKZ] Emissarius" (steam64id="76561198271087379" pos=<11094.9, 3.96, 8412.76>) GetOutTransport Sedan_02_Grey (609110173)
17:34:08: Player "[YKZ]-BlackBear" (steam64id="76561198343030820" pos=<11094.3, 3.97, 8415.23>) GetOutTransport Sedan_02_Grey (609110173)
17:38:18: Player "[YKZ]-BlackBear" (steam64id="76561198343030820" pos=<11094.8, 4.54, 8414.57>) GetInTransport Sedan_02_Grey (609110173)
17:38:28: Player "[YKZ]-Lobato" (steam64id="76561198158375860" pos=<11095.2, 4.54, 8413.97>) GetInTransport Sedan_02_Grey (609110173)
17:38:39: Player "[YKZ] Felps" (steam64id="76561198892779186" pos=<11094.1, 4.49, 8414.08>) GetInTransport Sedan_02_Grey (609110173)
17:45:36: Player "[YKZ]-Lobato" (steam64id="76561198158375860" pos=<7864.89, 20.28, 9628.08>) GetOutTransport Sedan_02_Grey (609110173)
17:45:38: Player "[YKZ]-BlackBear" (steam64id="76561198343030820" pos=<7863.06, 20.96, 9626.53>) GetOutTransport Sedan_02_Grey (609110173)
17:45:48: Player "[YKZ]-BlackBear" (steam64id="76561198343030820" pos=<7863.85, 21.28, 9627.03>) GetInTransport Sedan_02_Grey (609110173)
17:46:35: Player "[YKZ]-BlackBear" (steam64id="76561198343030820" pos=<7660.31, 10.96, 9756.8>) GetOutTransport Sedan_02_Grey (609110173)
17:46:37: Player "[YKZ] Felps" (steam64id="76561198892779186" pos=<7661.11, 10.92, 9756.83>) GetOutTransport Sedan_02_Grey (609110173)
17:46:44: Player "[YKZ]-BlackBear" (steam64id="76561198343030820" pos=<7660.31, 11.59, 9757.57>) GetInTransport Sedan_02_Grey (609110173)
17:46:56: Player "[YKZ]-BlackBear" (steam64id="76561198343030820" pos=<7651.56, 11.62, 9763.15>) GetOutTransport Sedan_02_Grey (609110173)
17:56:16: Player "[YKZ]-BlackBear" (steam64id="76561198343030820" pos=<7651.77, 11.94, 9764.53>) GetInTransport Sedan_02_Grey (609110173)
17:56:49: Player "[YKZ]-BlackBear" (steam64id="76561198343030820" pos=<7651.34, 11.94, 9764.27>) StopEngine Sedan_02_Grey (609110173)
17:56:51: Player "[YKZ]-BlackBear" (steam64id="76561198343030820" pos=<7651.38, 11.65, 9763.15>) GetOutTransport Sedan_02_Grey (609110173)
18:08:40: Player "[YKZ]-Lobato" (steam64id="76561198158375860" pos=<7651.89, 11.94, 9764.74>) GetInTransport Sedan_02_Grey (609110173)
18:08:51: Player "[YKZ] Felps" (steam64id="76561198892779186" pos=<7651.34, 11.94, 9764.27>) GetInTransport Sedan_02_Grey (609110173)
18:08:57: Player "[YKZ]-Lobato" (steam64id="76561198158375860" pos=<7652.35, 11.37, 9765.37>) GetOutTransport Sedan_02_Grey (609110173)
18:09:02: Player "[YKZ]-Lobato" (steam64id="76561198158375860" pos=<7651.89, 11.94, 9764.74>) GetInTransport Sedan_02_Grey (609110173)
18:09:27: Player "[YKZ] Notsniw" (steam64id="76561197967151252" pos=<7640.33, 10.44, 9749.5>) GetInTransport Sedan_02_Grey (609110173)
18:09:43: Player "[YKZ]-Lobato" (steam64id="76561198158375860" pos=<7649.72, 10.39, 9752.92>) GetOutTransport Sedan_02_Grey (609110173)
18:11:59: Player "[YKZ] Felps" (steam64id="76561198892779186" pos=<8018.69, 19.07, 8888.23>) StopEngine Sedan_02_Grey (609110173)
18:12:03: Player "[YKZ] Felps" (steam64id="76561198892779186" pos=<8019.07, 18.62, 8889.03>) GetOutTransport Sedan_02_Grey (609110173)
18:12:09: Player "[YKZ] Notsniw" (steam64id="76561197967151252" pos=<8017.57, 18.08, 8887.02>) GetOutTransport Sedan_02_Grey (609110173)
18:12:13: Player "[YKZ] Felps" (steam64id="76561198892779186" pos=<8018.69, 19.07, 8888.23>) GetInTransport Sedan_02_Grey (609110173)
18:14:40: Player "[YKZ] Felps" (steam64id="76561198892779186" pos=<7987.13, 11.18, 8901.49>) GetOutTransport Sedan_02_Grey (609110173)
18:15:52: Player "[YKZ] Felps" (steam64id="76561198892779186" pos=<7987.75, 11.95, 8901.59>) GetInTransport Sedan_02_Grey (609110173)
18:15:57: Player "[YKZ] Notsniw" (steam64id="76561197967151252" pos=<7988.44, 12.14, 8901.68>) GetInTransport Sedan_02_Grey (609110173)
18:17:05: Player "[YKZ] Notsniw" (steam64id="76561197967151252" pos=<8108.24, 30.72, 8866.89>) GetOutTransport Sedan_02_Grey (609110173)
18:20:30: Player "[YKZ] Felps" (steam64id="76561198892779186" pos=<10438, 12.60, 8502.69>) GetOutTransport Sedan_02_Grey (609110173)
18:25:40: Player "[YKZ] Felps" (steam64id="76561198892779186" pos=<10438.7, 13.16, 8502.41>) GetInTransport Sedan_02_Grey (609110173)
18:28:12: Player "[YKZ] Felps" (steam64id="76561198892779186" pos=<11040, 4.41, 8261.51>) GetOutTransport Sedan_02_Grey (609110173)
18:29:10: Player "[YKZ] Felps" (steam64id="76561198892779186" pos=<11039.8, 5.00, 8260.73>) GetInTransport Sedan_02_Grey (609110173)
18:29:48: Player "[YKZ] Felps" (steam64id="76561198892779186" pos=<11048.7, 4.90, 8259.29>) GetOutTransport Sedan_02_Grey (609110173)
18:30:09: Player "[YKZ] Felps" (steam64id="76561198892779186" pos=<11054.1, 5.34, 8258.78>) GetInTransport OffroadHatchback_Blue (1548728479)
18:30:23: Player "[YKZ] Felps" (steam64id="76561198892779186" pos=<11056.5, 4.46, 8258.69>) GetOutTransport OffroadHatchback_Blue (1548728479)
18:30:48: Player "[YKZ] Felps" (steam64id="76561198892779186" pos=<11048.9, 5.01, 8259.46>) GetInTransport Sedan_02_Grey (609110173)
18:31:19: Player "[YKZ] Felps" (steam64id="76561198892779186" pos=<11055.3, 4.37, 8261.83>) GetOutTransport Sedan_02_Grey (609110173)
18:31:28: Player "[YKZ] Felps" (steam64id="76561198892779186" pos=<11055.2, 4.95, 8261.03>) GetInTransport Sedan_02_Grey (609110173)
18:31:31: Player "[YKZ] Felps" (steam64id="76561198892779186" pos=<11055.3, 4.41, 8261.83>) GetOutTransport Sedan_02_Grey (609110173)
18:31:58: Player "[YKZ] Felps" (steam64id="76561198892779186" pos=<11056.1, 5.35, 8258.01>) GetInTransport OffroadHatchback_Blue (1548728479)
18:32:29: Player "[YKZ] Felps" (steam64id="76561198892779186" pos=<11054.6, 4.62, 8259.31>) GetOutTransport OffroadHatchback_Blue (1548728479)
20:00:14: Object "Sarka 120" (type="Sedan_02" pos=<7616.13, 13.20, 9787.72>) spawned (1552922911)
20:00:14: Object "Ada 4x4" (type="OffroadHatchback" pos=<7626.81, 13.26, 9783.45>) spawned (2069886655)
20:00:14: Object "Gunter 2" (type="Hatchback_02" pos=<7633.35, 13.27, 9787.49>) spawned (944074891)
20:00:14: Object "Olga 24" (type="CivilianSedan" pos=<7359.38, 14.27, 7152.85>) spawned (1080525007)
20:00:14: Object "Ada 4x4" (type="OffroadHatchback_White" pos=<7359.41, 14.33, 7158>) spawned (1618723063)
20:00:14: Object "Olga 24" (type="CivilianSedan" pos=<11066.5, 17.49, 13591.3>) spawned (1554168133)
20:00:14: Object "M3S coberto" (type="Truck_01_Covered" pos=<9793.46, 9.35, 12600.8>) spawned (1900012159)
20:00:14: Object "Sarka 120" (type="Sedan_02_Grey" pos=<11055.1, 4.39, 8260.68>) spawned (609110173)
20:00:14: Object "Ada 4x4" (type="OffroadHatchback_Blue" pos=<11054.5, 4.52, 8258.06>) spawned (1548728479)
20:00:14: Object "Olga 24" (type="CivilianSedan_Wine" pos=<11053.2, 4.19, 8266.79>) spawned (2086140079)
20:00:14: Object "M3S coberto" (type="Truck_01_Covered_Orange" pos=<11055.7, 4.49, 8266.45>) spawned (835347349)
21:04:19: Player "DjAzeitona" (steam64id="76561198950594742" pos=<11066.1, 18.16, 13591.6>) GetInTransport CivilianSedan (1554168133)
21:04:24: Player "DjAzeitona" (steam64id="76561198950594742" pos=<11065.3, 17.51, 13592>) GetOutTransport CivilianSedan (1554168133)
21:04:27: Player "DjAzeitona" (steam64id="76561198950594742" pos=<11066.1, 18.16, 13591.6>) GetInTransport CivilianSedan (1554168133)
21:04:52: Player "DjAzeitona" (steam64id="76561198950594742" pos=<11132, 16.11, 13658.8>) StopEngine CivilianSedan (1554168133)
21:04:54: Player "DjAzeitona" (steam64id="76561198950594742" pos=<11131.9, 15.47, 13659.6>) GetOutTransport CivilianSedan (1554168133)
21:05:18: Player "DjAzeitona" (steam64id="76561198950594742" pos=<11132, 16.10, 13658.8>) GetInTransport CivilianSedan (1554168133)
21:05:22: Player "Landim" (steam64id="76561198167594302" pos=<11132.1, 16.07, 13658>) GetInTransport CivilianSedan (1554168133)
21:06:04: Player "DjAzeitona" (steam64id="76561198950594742" pos=<11150.1, 15.87, 13673.9>) GetOutTransport CivilianSedan (1554168133)
21:06:07: Player "Landim" (steam64id="76561198167594302" pos=<11151, 16.06, 13671.8>) GetOutTransport CivilianSedan (1554168133)
21:39:57: Player "LotusZ" (steam64id="76561198088966257" pos=<11150.3, 16.46, 13673.1>) GetInTransport CivilianSedan (1554168133)
21:40:11: Player "LotusZ" (steam64id="76561198088966257" pos=<11150.1, 15.87, 13673.9>) GetOutTransport CivilianSedan (1554168133)
