00:00:37: Object "Sarka 120" (type="Sedan_02" pos=<10905.1, 3.96, 7610.22>) spawned (1228706425)
00:00:37: Object "Ada 4x4" (type="OffroadHatchback" pos=<11274.2, 4.37, 7904.9>) spawned (2069886655)
00:00:37: Object "M3S coberto" (type="Truck_01_Covered_Orange" pos=<9793.46, 9.31, 12600.8>) spawned (835347349)
00:00:37: Object "Olga 24" (type="CivilianSedan" pos=<9662.14, 3.61, 12106.4>) spawned (1080525007)
00:00:37: Object "Gunter 2" (type="Hatchback_02_Black" pos=<8666.21, 15.33, 9925.62>) spawned (1536407335)
00:24:59: Player "[YKZ]-Notsniw" (steam64id="76561197967151252" pos=<9661.74, 4.28, 12106.6>) GetInTransport CivilianSedan (1080525007)
00:25:13: Player "[YKZ]-Notsniw" (steam64id="76561197967151252" pos=<9660.94, 3.63, 12106.7>) GetOutTransport CivilianSedan (1080525007)
01:59:41: Player "Guille" (steam64id="76561198861128171" pos=<9793.22, 10.75, 12601.6>) GetInTransport Truck_01_Covered_Orange (835347349)
02:00:04: Player "Guille" (steam64id="76561198861128171" pos=<9792.64, 10.18, 12601.1>) GetOutTransport Truck_01_Covered_Orange (835347349)
02:09:46: Player "Mishi" (steam64id="76561198086104881" pos=<9793.21, 10.75, 12601.6>) GetInTransport Truck_01_Covered_Orange (835347349)
02:09:53: Player "Mishi" (steam64id="76561198086104881" pos=<9792.23, 9.30, 12602.2>) GetOutTransport Truck_01_Covered_Orange (835347349)
02:58:58: Player "Guille" (steam64id="76561198861128171" pos=<9793.21, 10.75, 12601.6>) GetInTransport Truck_01_Covered_Orange (835347349)
02:59:30: Player "Guille" (steam64id="76561198861128171" pos=<9792.2, 9.30, 12602.2>) GetOutTransport Truck_01_Covered_Orange (835347349)
04:00:31: Object "Gunter 2" (type="Hatchback_02_Black" pos=<8666.21, 15.33, 9925.62>) spawned (1536407335)
04:00:31: Object "Ada 4x4" (type="OffroadHatchback" pos=<11274.2, 4.37, 7904.9>) spawned (2069886655)
04:00:31: Object "Sarka 120" (type="Sedan_02" pos=<10905.1, 3.96, 7610.22>) spawned (1228706425)
04:00:31: Object "Olga 24" (type="CivilianSedan" pos=<9662.14, 3.61, 12106.4>) spawned (1080525007)
04:00:31: Object "M3S coberto" (type="Truck_01_Covered_Orange" pos=<9793.5, 9.38, 12600.8>) spawned (835347349)
08:00:33: Object "Gunter 2" (type="Hatchback_02_Black" pos=<8666.21, 15.33, 9925.62>) spawned (1536407335)
08:00:33: Object "M3S coberto" (type="Truck_01_Covered_Orange" pos=<9793.5, 9.38, 12600.8>) spawned (835347349)
08:00:33: Object "Olga 24" (type="CivilianSedan" pos=<9662.14, 3.61, 12106.4>) spawned (1080525007)
08:00:33: Object "Sarka 120" (type="Sedan_02" pos=<10905.1, 3.96, 7610.22>) spawned (1228706425)
08:00:33: Object "Ada 4x4" (type="OffroadHatchback" pos=<11274.2, 4.37, 7904.9>) spawned (2069886655)
12:00:32: Object "M3S coberto" (type="Truck_01_Covered_Orange" pos=<9793.5, 9.38, 12600.8>) spawned (835347349)
12:00:32: Object "Olga 24" (type="CivilianSedan" pos=<9662.14, 3.61, 12106.4>) spawned (1080525007)
12:00:32: Object "Sarka 120" (type="Sedan_02" pos=<10905.1, 3.96, 7610.22>) spawned (1228706425)
12:00:32: Object "Ada 4x4" (type="OffroadHatchback" pos=<11274.2, 4.37, 7904.89>) spawned (2069886655)
12:00:32: Object "Gunter 2" (type="Hatchback_02_Black" pos=<8666.21, 15.33, 9925.62>) spawned (1536407335)
12:54:54: Player "[YKZ]-BlackBear" (steam64id="76561198343030820" pos=<9793.15, 10.78, 12601.6>) GetInTransport Truck_01_Covered_Orange (835347349)
12:55:23: Player "[YKZ]-BlackBear" (steam64id="76561198343030820" pos=<9792.2, 9.30, 12602.2>) GetOutTransport Truck_01_Covered_Orange (835347349)
13:44:30: Player "MarcoLa" (steam64id="76561198352149308" pos=<10904.7, 4.53, 7610.37>) GetInTransport Sedan_02 (1228706425)
13:46:16: Player "MarcoLa" (steam64id="76561198352149308" pos=<11140.3, 5.41, 7976.88>) GetOutTransport Sedan_02 (1228706425)
13:47:39: Player "MarcoLa" (steam64id="76561198352149308" pos=<11273.7, 5.17, 7904.69>) GetInTransport OffroadHatchback (2069886655)
13:47:42: Player "MarcoLa" (steam64id="76561198352149308" pos=<11272.9, 4.41, 7904.92>) GetOutTransport OffroadHatchback (2069886655)
13:53:41: Player "MarcoLa" (steam64id="76561198352149308" pos=<11273.7, 5.17, 7904.69>) GetInTransport OffroadHatchback (2069886655)
13:54:06: Player "MarcoLa" (steam64id="76561198352149308" pos=<11285.4, 4.59, 7906.78>) GetOutTransport OffroadHatchback (2069886655)
13:54:12: Player "MarcoLa" (steam64id="76561198352149308" pos=<11285.2, 5.45, 7905.19>) GetInTransport OffroadHatchback (2069886655)
13:54:17: Player "MarcoLa" (steam64id="76561198352149308" pos=<11285.3, 5.45, 7905.97>) StopEngine OffroadHatchback (2069886655)
13:54:19: Player "MarcoLa" (steam64id="76561198352149308" pos=<11285.4, 4.59, 7906.77>) GetOutTransport OffroadHatchback (2069886655)
13:55:15: Player "MarcoLa" (steam64id="76561198352149308" pos=<11285.2, 5.45, 7905.97>) GetInTransport OffroadHatchback (2069886655)
13:55:32: Player "MarcoLa" (steam64id="76561198352149308" pos=<11285.1, 5.17, 7889.98>) StopEngine OffroadHatchback (2069886655)
13:55:35: Player "MarcoLa" (steam64id="76561198352149308" pos=<11285.9, 4.29, 7890.13>) GetOutTransport OffroadHatchback (2069886655)
14:04:03: Object "Sarka 120" (type="Sedan_02" pos=<11139.1, 5.39, 7976.69>) deleted (1228706425)
14:05:14: Object "Sarka 120" (type="Sedan_02" pos=<10218.8, 4.26, 9279.84>) spawned (1552922911)
15:32:03: Player "fritass" (steam64id="76561198148172018" pos=<9793.15, 10.77, 12601.6>) GetInTransport Truck_01_Covered_Orange (835347349)
15:32:06: Player "fritass" (steam64id="76561198148172018" pos=<9792.21, 9.30, 12602.2>) GetOutTransport Truck_01_Covered_Orange (835347349)
15:37:06: Player "pato" (steam64id="76561199194021637" pos=<9793.15, 10.77, 12601.6>) GetInTransport Truck_01_Covered_Orange (835347349)
15:37:08: Player "pato" (steam64id="76561199194021637" pos=<9792.21, 9.30, 12602.2>) GetOutTransport Truck_01_Covered_Orange (835347349)
15:38:00: Player "rogersdutra01" (steam64id="76561197975156269" pos=<9793.15, 10.77, 12601.6>) GetInTransport Truck_01_Covered_Orange (835347349)
15:38:56: Player "rogersdutra01" (steam64id="76561197975156269" pos=<9792.2, 9.30, 12602.2>) GetOutTransport Truck_01_Covered_Orange (835347349)
16:00:33: Object "Ada 4x4" (type="OffroadHatchback" pos=<11284.8, 4.33, 7889.66>) spawned (2069886655)
16:00:33: Object "Gunter 2" (type="Hatchback_02_Black" pos=<8666.21, 15.33, 9925.62>) spawned (1536407335)
16:00:33: Object "Olga 24" (type="CivilianSedan" pos=<9662.14, 3.61, 12106.4>) spawned (1080525007)
16:00:33: Object "M3S coberto" (type="Truck_01_Covered_Orange" pos=<9793.51, 9.39, 12600.7>) spawned (835347349)
16:00:33: Object "Sarka 120" (type="Sedan_02" pos=<10218.8, 4.26, 9279.84>) spawned (1552922911)
18:11:52: Player "LATERIMAX" (steam64id="76561198167769655" pos=<9793.14, 10.77, 12601.7>) GetInTransport Truck_01_Covered_Orange (835347349)
18:12:04: Player "LATERIMAX" (steam64id="76561198167769655" pos=<9792.09, 9.30, 12602.2>) GetOutTransport Truck_01_Covered_Orange (835347349)
19:25:37: Player "Guille" (steam64id="76561198861128171" pos=<9793.14, 10.77, 12601.7>) GetInTransport Truck_01_Covered_Orange (835347349)
19:25:54: Player "Guille" (steam64id="76561198861128171" pos=<9792.21, 9.30, 12602.2>) GetOutTransport Truck_01_Covered_Orange (835347349)
19:32:45: Player "LATERIMAX" (steam64id="76561198167769655" pos=<9793.14, 10.77, 12601.7>) GetInTransport Truck_01_Covered_Orange (835347349)
19:33:07: Player "LATERIMAX" (steam64id="76561198167769655" pos=<9793.15, 10.78, 12601.7>) StopEngine Truck_01_Covered_Orange (835347349)
19:35:56: Player "Guille" (steam64id="76561198861128171" pos=<9807.38, 10.29, 12557.4>) GetInTransport Truck_01_Covered_Orange (835347349)
19:37:49: Player "Guille" (steam64id="76561198861128171" pos=<10296.4, 15.34, 12537>) GetOutTransport Truck_01_Covered_Orange (835347349)
19:38:21: Player "LATERIMAX" (steam64id="76561198167769655" pos=<10291.7, 17.20, 12547.1>) StopEngine Truck_01_Covered_Orange (835347349)
19:38:26: Player "LATERIMAX" (steam64id="76561198167769655" pos=<10290.4, 15.69, 12546.9>) GetOutTransport Truck_01_Covered_Orange (835347349)
19:39:23: Player "Guille" (steam64id="76561198861128171" pos=<10291.7, 17.20, 12547.1>) GetInTransport Truck_01_Covered_Orange (835347349)
19:39:27: Player "Guille" (steam64id="76561198861128171" pos=<10291, 16.72, 12547.1>) GetOutTransport Truck_01_Covered_Orange (835347349)
19:42:51: Player "Guille" (steam64id="76561198861128171" pos=<10291.7, 17.20, 12547.1>) GetInTransport Truck_01_Covered_Orange (835347349)
19:42:57: Player "Guille" (steam64id="76561198861128171" pos=<10290.9, 16.65, 12547.1>) GetOutTransport Truck_01_Covered_Orange (835347349)
19:43:12: Player "Guille" (steam64id="76561198861128171" pos=<10291.7, 17.20, 12547.1>) GetInTransport Truck_01_Covered_Orange (835347349)
19:44:22: Player "Guille" (steam64id="76561198861128171" pos=<10284.2, 16.60, 12529.3>) StopEngine Truck_01_Covered_Orange (835347349)
19:44:28: Player "Guille" (steam64id="76561198861128171" pos=<10283.9, 15.82, 12528.6>) GetOutTransport Truck_01_Covered_Orange (835347349)
19:46:26: Player "LATERIMAX" (steam64id="76561198167769655" pos=<10284.2, 16.59, 12529.3>) GetInTransport Truck_01_Covered_Orange (835347349)
19:46:30: Player "LATERIMAX" (steam64id="76561198167769655" pos=<10283.8, 15.12, 12528.3>) GetOutTransport Truck_01_Covered_Orange (835347349)
19:47:17: Player "LATERIMAX" (steam64id="76561198167769655" pos=<10284.2, 16.59, 12529.3>) GetInTransport Truck_01_Covered_Orange (835347349)
19:47:19: Player "LATERIMAX" (steam64id="76561198167769655" pos=<10283.8, 15.12, 12528.3>) GetOutTransport Truck_01_Covered_Orange (835347349)
19:49:17: Player "LATERIMAX" (steam64id="76561198167769655" pos=<10284.2, 16.59, 12529.3>) GetInTransport Truck_01_Covered_Orange (835347349)
19:50:17: Player "LATERIMAX" (steam64id="76561198167769655" pos=<10260.7, 18.78, 12650.9>) StopEngine Truck_01_Covered_Orange (835347349)
19:50:22: Player "LATERIMAX" (steam64id="76561198167769655" pos=<10259.6, 17.31, 12651.3>) GetOutTransport Truck_01_Covered_Orange (835347349)
19:52:04: Object "Ada 4x4" (type="OffroadHatchback" pos=<10415.6, 17.19, 13558>) spawned (25625359)
19:52:08: Object "Ada 4x4" (type="OffroadHatchback" pos=<10415.6, 17.36, 13558.1>) deleted (25625359)
19:52:13: Object "Sarka 120" (type="Sedan_02" pos=<10415.5, 17.15, 13558>) spawned (1298045629)
19:52:39: Player "Guille" (steam64id="76561198861128171" pos=<10261.9, 18.76, 12650.9>) GetInTransport Truck_01_Covered_Orange (835347349)
19:52:51: Player "Guille" (steam64id="76561198861128171" pos=<10261.2, 19.30, 12650.7>) GetOutTransport Truck_01_Covered_Orange (835347349)
19:52:52: Player "rogersdutra01" (steam64id="76561197975156269" pos=<10415.1, 17.86, 13558.1>) GetInTransport Sedan_02 (1298045629)
19:52:58: Player "Guille" (steam64id="76561198861128171" pos=<10260.7, 18.78, 12650.9>) GetInTransport Truck_01_Covered_Orange (835347349)
19:53:05: Player "LATERIMAX" (steam64id="76561198167769655" pos=<10261.9, 18.76, 12650.9>) GetInTransport Truck_01_Covered_Orange (835347349)
19:53:31: Player "rogersdutra01" (steam64id="76561197975156269" pos=<10438.5, 18.87, 13558.1>) StopEngine Sedan_02 (1298045629)
19:53:37: Player "rogersdutra01" (steam64id="76561197975156269" pos=<10438.6, 18.30, 13558.9>) GetOutTransport Sedan_02 (1298045629)
19:54:50: Player "LATERIMAX" (steam64id="76561198167769655" pos=<10470.8, 25.05, 12931.3>) GetOutTransport Truck_01_Covered_Orange (835347349)
19:56:35: Player "Guille" (steam64id="76561198861128171" pos=<10492.7, 26.59, 12972.7>) StopEngine Truck_01_Covered_Orange (835347349)
19:56:44: Player "Guille" (steam64id="76561198861128171" pos=<10491.7, 25.20, 12973.4>) GetOutTransport Truck_01_Covered_Orange (835347349)
19:59:22: Object "Sarka 120" (type="Sedan_02" pos=<10438.4, 18.30, 13557.7>) deleted (1298045629)
20:00:33: Object "Ada 4x4" (type="OffroadHatchback" pos=<11284.8, 4.33, 7889.65>) spawned (2069886655)
20:00:33: Object "M3S coberto" (type="Truck_01_Covered_Orange" pos=<10492.8, 25.18, 12971.8>) spawned (835347349)
20:00:33: Object "Olga 24" (type="CivilianSedan" pos=<9662.14, 3.61, 12106.4>) spawned (1080525007)
20:00:33: Object "Sarka 120" (type="Sedan_02" pos=<10218.8, 4.26, 9279.84>) spawned (1552922911)
20:00:33: Object "Gunter 2" (type="Hatchback_02_Black" pos=<8666.21, 15.33, 9925.62>) spawned (1536407335)
20:02:37: Player "Guille" (steam64id="76561198861128171" pos=<10492.6, 26.59, 12972.7>) GetInTransport Truck_01_Covered_Orange (835347349)
20:08:05: Player "Guille" (steam64id="76561198861128171" pos=<9762.73, 5.94, 13201.2>) StopEngine Truck_01_Covered_Orange (835347349)
20:08:11: Player "Guille" (steam64id="76561198861128171" pos=<9762.08, 5.14, 13200.8>) GetOutTransport Truck_01_Covered_Orange (835347349)
20:11:27: Player "Guille" (steam64id="76561198861128171" pos=<9762.73, 5.94, 13201.2>) GetInTransport Truck_01_Covered_Orange (835347349)
20:16:13: Player "Guille" (steam64id="76561198861128171" pos=<9503.23, 4.41, 12387>) StopEngine Truck_01_Covered_Orange (835347349)
20:16:21: Player "Guille" (steam64id="76561198861128171" pos=<9504.23, 3.16, 12386.3>) GetOutTransport Truck_01_Covered_Orange (835347349)
20:28:15: Player "PintoJunior" (steam64id="76561198057936781" pos=<9503.23, 4.41, 12387>) GetInTransport Truck_01_Covered_Orange (835347349)
20:30:35: Player "PintoJunior" (steam64id="76561198057936781" pos=<9475.6, 4.31, 12268.8>) StopEngine Truck_01_Covered_Orange (835347349)
20:30:41: Player "PintoJunior" (steam64id="76561198057936781" pos=<9476.63, 2.94, 12268.2>) GetOutTransport Truck_01_Covered_Orange (835347349)
20:30:54: Player "PintoJunior" (steam64id="76561198057936781" pos=<9475.6, 4.30, 12268.8>) GetInTransport Truck_01_Covered_Orange (835347349)
20:35:59: Player "PintoJunior" (steam64id="76561198057936781" pos=<10260.7, 13.01, 12182.7>) StopEngine Truck_01_Covered_Orange (835347349)
20:36:05: Player "PintoJunior" (steam64id="76561198057936781" pos=<10261, 12.18, 12183.2>) GetOutTransport Truck_01_Covered_Orange (835347349)
20:39:25: Player "Emissarius" (steam64id="76561198271087379" pos=<10260.7, 13.00, 12182.7>) GetInTransport Truck_01_Covered_Orange (835347349)
20:39:30: Player "PintoJunior" (steam64id="76561198057936781" pos=<10260.6, 13.18, 12181.5>) GetInTransport Truck_01_Covered_Orange (835347349)
21:04:33: Player "Emissarius" (steam64id="76561198271087379" pos=<7684.04, 43.05, 6505.6>) StopEngine Truck_01_Covered_Orange (835347349)
21:04:43: Player "Emissarius" (steam64id="76561198271087379" pos=<7684.49, 41.63, 6506.66>) GetOutTransport Truck_01_Covered_Orange (835347349)
