03:28:37: Player "[TMT].Skinner" (steam64id="76561198860620637" pos=<10332.7, 14.97, 12237.9>) GetInTransport Sedan_02_Red (2000547451)
03:28:40: Player "[TMT].Skinner" (steam64id="76561198860620637" pos=<10332.7, 14.97, 12237.9>) StartEngine Sedan_02_Red (2000547451)
03:28:44: Player "[TMT].Skinner" (steam64id="76561198860620637" pos=<10332.7, 14.97, 12237.9>) StopEngine Sedan_02_Red (2000547451)
03:28:48: Player "[TMT].Skinner" (steam64id="76561198860620637" pos=<10331.9, 14.38, 12238.1>) GetOutTransport Sedan_02_Red (2000547451)
03:29:17: Player "[TMT].Skinner" (steam64id="76561198860620637" pos=<10332.7, 14.97, 12237.9>) GetInTransport Sedan_02_Red (2000547451)
03:29:19: Player "[TMT].Skinner" (steam64id="76561198860620637" pos=<10332.7, 14.97, 12237.9>) StartEngine Sedan_02_Red (2000547451)
03:30:23: Player "[TMT].Skinner" (steam64id="76561198860620637" pos=<10741.3, 10.96, 12048.5>) StopEngine Sedan_02_Red (2000547451)
03:30:26: Player "[TMT].Skinner" (steam64id="76561198860620637" pos=<10741.4, 10.38, 12049.3>) GetOutTransport Sedan_02_Red (2000547451)
03:55:07: Player "[TMT].Skinner" (steam64id="76561198860620637" pos=<10741.3, 10.96, 12048.5>) GetInTransport Sedan_02_Red (2000547451)
03:55:09: Player "[TMT].Skinner" (steam64id="76561198860620637" pos=<10741.3, 10.96, 12048.5>) StartEngine Sedan_02_Red (2000547451)
03:55:42: Player "[TMT].Skinner" (steam64id="76561198860620637" pos=<10771.8, 10.08, 12008>) GetOutTransport Sedan_02_Red (2000547451)
03:57:25: Player "[TMT].Skinner" (steam64id="76561198860620637" pos=<10771.1, 10.69, 12007.9>) GetInTransport Sedan_02_Red (2000547451)
03:59:07: Object "Olga 24" (type="CivilianSedan_Black" pos=<7165.7, 6.82, 8657.36>) spawned (1673054065)
03:59:07: Object "Gunter 2" (type="Hatchback_02_Black" pos=<7700.61, 42.85, 6522.78>) spawned (114036121)
03:59:07: Object "Ada 4x4" (type="OffroadHatchback_Blue" pos=<11274.2, 4.37, 7904.9>) spawned (341059753)
03:59:07: Object "M3S coberto" (type="Truck_01_Covered_Blue" pos=<9182.63, 36.50, 7866.67>) spawned (1882316899)
03:59:07: Object "Sarka 120" (type="Sedan_02_Red" pos=<10766.3, 10.76, 11962.5>) spawned (2000547451)
04:02:02: Player "[TMT].Skinner" (steam64id="76561198860620637" pos=<10766.7, 11.27, 11962.3>) GetInTransport Sedan_02_Red (2000547451)
04:02:03: Player "[TMT].Skinner" (steam64id="76561198860620637" pos=<10766.7, 11.27, 11962.3>) StartEngine Sedan_02_Red (2000547451)
04:02:35: Player "[TMT].Skinner" (steam64id="76561198860620637" pos=<10817.6, 9.62, 11986.2>) GetOutTransport Sedan_02_Red (2000547451)
04:04:46: Player "[TMT].Skinner" (steam64id="76561198860620637" pos=<10818.3, 10.19, 11986>) GetInTransport Sedan_02_Red (2000547451)
04:05:35: Player "[TMT].Skinner" (steam64id="76561198860620637" pos=<11016.6, 5.75, 11997.3>) GetOutTransport Sedan_02_Red (2000547451)
04:06:38: Player "[TMT].Skinner" (steam64id="76561198860620637" pos=<11015.8, 6.31, 11997.5>) GetInTransport Sedan_02_Red (2000547451)
04:08:53: Player "[TMT].Skinner" (steam64id="76561198860620637" pos=<10668.3, 9.34, 12035.9>) GetOutTransport Sedan_02_Red (2000547451)
04:09:24: Player "[TMT].Skinner" (steam64id="76561198860620637" pos=<10669.2, 9.87, 12036.1>) GetInTransport Sedan_02_Red (2000547451)
04:10:01: Player "[TMT].Skinner" (steam64id="76561198860620637" pos=<10302.8, 13.30, 12017.1>) GetOutTransport Sedan_02_Red (2000547451)
04:11:24: Player "[TMT].Skinner" (steam64id="76561198860620637" pos=<10301.9, 13.86, 12017.2>) GetInTransport Sedan_02_Red (2000547451)
04:11:49: Player "[TMT].Skinner" (steam64id="76561198860620637" pos=<10315.6, 14.68, 11872.9>) GetOutTransport Sedan_02_Red (2000547451)
04:14:16: Player "[TMT].Skinner" (steam64id="76561198860620637" pos=<10314.9, 15.28, 11872.7>) GetInTransport Sedan_02_Red (2000547451)
04:15:25: Player "[TMT].Skinner" (steam64id="76561198860620637" pos=<10134, 5.41, 11493.2>) GetOutTransport Sedan_02_Red (2000547451)
04:17:05: Player "[TMT].Skinner" (steam64id="76561198860620637" pos=<10133.2, 5.98, 11493>) GetInTransport Sedan_02_Red (2000547451)
04:17:19: Player "[TMT].Skinner" (steam64id="76561198860620637" pos=<10131.6, 5.64, 11440.6>) StopEngine Sedan_02_Red (2000547451)
04:17:20: Player "[TMT].Skinner" (steam64id="76561198860620637" pos=<10132.4, 5.07, 11440.8>) GetOutTransport Sedan_02_Red (2000547451)
04:20:07: Player "[TMT].Skinner" (steam64id="76561198860620637" pos=<10131.6, 5.64, 11440.6>) GetInTransport Sedan_02_Red (2000547451)
04:20:08: Player "[TMT].Skinner" (steam64id="76561198860620637" pos=<10131.6, 5.64, 11440.6>) StartEngine Sedan_02_Red (2000547451)
04:21:01: Player "[TMT].Skinner" (steam64id="76561198860620637" pos=<10223.7, 13.96, 11339.5>) GetOutTransport Sedan_02_Red (2000547451)
04:23:23: Player "[TMT].Skinner" (steam64id="76561198860620637" pos=<10223.7, 14.54, 11338.7>) GetInTransport Sedan_02_Red (2000547451)
04:24:14: Player "[TMT].Skinner" (steam64id="76561198860620637" pos=<10252.9, 4.39, 10830.8>) GetOutTransport Sedan_02_Red (2000547451)
04:25:18: Player "[TMT].Skinner" (steam64id="76561198860620637" pos=<10252.2, 4.96, 10830.4>) GetInTransport Sedan_02_Red (2000547451)
04:25:37: Player "[TMT].Skinner" (steam64id="76561198860620637" pos=<10277.8, 5.54, 10706.6>) GetOutTransport Sedan_02_Red (2000547451)
04:26:22: Player "[TMT].Skinner" (steam64id="76561198860620637" pos=<10277, 6.07, 10706.5>) GetInTransport Sedan_02_Red (2000547451)
04:26:39: Player "[TMT].Skinner" (steam64id="76561198860620637" pos=<10290, 4.31, 10581.9>) GetOutTransport Sedan_02_Red (2000547451)
04:27:30: Player "[TMT].Skinner" (steam64id="76561198860620637" pos=<10289.2, 4.80, 10581.8>) GetInTransport Sedan_02_Red (2000547451)
04:28:13: Player "[TMT].Skinner" (steam64id="76561198860620637" pos=<10330.9, 4.39, 10286.6>) GetOutTransport Sedan_02_Red (2000547451)
04:29:06: Player "[TMT].Skinner" (steam64id="76561198860620637" pos=<10330.1, 4.93, 10286.7>) GetInTransport Sedan_02_Red (2000547451)
04:30:19: Player "[TMT].Skinner" (steam64id="76561198860620637" pos=<10443.2, 1.93, 9654.12>) GetOutTransport Sedan_02_Red (2000547451)
04:45:17: Player "[TMT].Skinner" (steam64id="76561198860620637" pos=<10442.5, 2.48, 9653.78>) GetInTransport Sedan_02_Red (2000547451)
04:46:06: Player "[TMT].Skinner" (steam64id="76561198860620637" pos=<10527.7, 2.06, 9333.6>) GetOutTransport Sedan_02_Red (2000547451)
04:47:14: Player "[TMT].Skinner" (steam64id="76561198860620637" pos=<10527.1, 2.64, 9333.08>) GetInTransport Sedan_02_Red (2000547451)
04:47:16: Player "[TMT].Skinner" (steam64id="76561198860620637" pos=<10527.1, 2.64, 9333.08>) StopEngine Sedan_02_Red (2000547451)
04:47:19: Player "[TMT].Skinner" (steam64id="76561198860620637" pos=<10527.1, 2.64, 9333.08>) StartEngine Sedan_02_Red (2000547451)
04:48:18: Player "[TMT].Skinner" (steam64id="76561198860620637" pos=<10836.3, 4.54, 8778.27>) StopEngine Sedan_02_Red (2000547451)
04:48:22: Player "[TMT].Skinner" (steam64id="76561198860620637" pos=<10836.1, 3.97, 8777.48>) GetOutTransport Sedan_02_Red (2000547451)
04:54:23: Player "[TMT].Skinner" (steam64id="76561198860620637" pos=<10836.3, 4.54, 8778.27>) GetInTransport Sedan_02_Red (2000547451)
04:54:26: Player "[TMT].Skinner" (steam64id="76561198860620637" pos=<10836.3, 4.54, 8778.27>) StartEngine Sedan_02_Red (2000547451)
04:55:12: Player "[TMT].Skinner" (steam64id="76561198860620637" pos=<10889.7, 3.97, 8687.92>) GetOutTransport Sedan_02_Red (2000547451)
04:56:50: Player "[TMT].Skinner" (steam64id="76561198860620637" pos=<10889.7, 4.54, 8687.12>) GetInTransport Sedan_02_Red (2000547451)
04:57:13: Player "[TMT].Skinner" (steam64id="76561198860620637" pos=<10987.8, 3.97, 8704.69>) GetOutTransport Sedan_02_Red (2000547451)
04:57:57: Player "[TMT].Skinner" (steam64id="76561198860620637" pos=<10987.1, 4.54, 8704.3>) GetInTransport Sedan_02_Red (2000547451)
04:58:30: Player "[TMT].Skinner" (steam64id="76561198860620637" pos=<11028.9, 3.97, 8628.22>) GetOutTransport Sedan_02_Red (2000547451)
04:58:58: Player "[TMT].Skinner" (steam64id="76561198860620637" pos=<11028.1, 4.54, 8627.92>) GetInTransport Sedan_02_Red (2000547451)
05:00:20: Player "[TMT].Skinner" (steam64id="76561198860620637" pos=<11208.5, 3.97, 8566.69>) GetOutTransport Sedan_02_Red (2000547451)
05:05:23: Player "[TMT].Skinner" (steam64id="76561198860620637" pos=<11209.2, 4.54, 8567.02>) GetInTransport Sedan_02_Red (2000547451)
05:05:24: Player "[TMT].Skinner" (steam64id="76561198860620637" pos=<11209.2, 4.54, 8567.02>) StopEngine Sedan_02_Red (2000547451)
05:05:28: Player "[TMT].Skinner" (steam64id="76561198860620637" pos=<11209.2, 4.54, 8567.02>) StartEngine Sedan_02_Red (2000547451)
05:06:39: Player "[TMT].Skinner" (steam64id="76561198860620637" pos=<11318.3, 4.27, 8108.53>) GetOutTransport Sedan_02_Red (2000547451)
05:09:45: Player "[TMT].Skinner" (steam64id="76561198860620637" pos=<11317.8, 4.78, 8109.2>) GetInTransport Sedan_02_Red (2000547451)
05:10:18: Player "[TMT].Skinner" (steam64id="76561198860620637" pos=<11259.7, 6.07, 7946.36>) GetOutTransport Sedan_02_Red (2000547451)
05:15:35: Player "[TMT].Skinner" (steam64id="76561198860620637" pos=<11258.8, 6.52, 7946.23>) GetInTransport Sedan_02_Red (2000547451)
05:15:49: Player "[TMT].Skinner" (steam64id="76561198860620637" pos=<11268.7, 4.57, 7904.24>) StopEngine Sedan_02_Red (2000547451)
05:15:51: Player "[TMT].Skinner" (steam64id="76561198860620637" pos=<11269.3, 4.00, 7904.73>) GetOutTransport Sedan_02_Red (2000547451)
05:23:35: Player "[TMT].Skinner" (steam64id="76561198860620637" pos=<11273.7, 5.17, 7904.7>) GetInTransport OffroadHatchback_Blue (341059753)
05:23:37: Player "[TMT].Skinner" (steam64id="76561198860620637" pos=<11273.7, 5.18, 7904.68>) StartEngine OffroadHatchback_Blue (341059753)
05:24:01: Player "[TMT].Skinner" (steam64id="76561198860620637" pos=<11310.9, 7.06, 7816.5>) GetOutTransport OffroadHatchback_Blue (341059753)
05:24:33: Player "[TMT].Skinner" (steam64id="76561198860620637" pos=<11310.3, 7.89, 7815.92>) GetInTransport OffroadHatchback_Blue (341059753)
05:27:31: Player "[TMT].Skinner" (steam64id="76561198860620637" pos=<10555.2, 36.91, 7298.56>) StopEngine OffroadHatchback_Blue (341059753)
05:27:33: Player "[TMT].Skinner" (steam64id="76561198860620637" pos=<10555.2, 37.29, 7297.64>) GetOutTransport OffroadHatchback_Blue (341059753)
05:35:08: Player "[TMT].Skinner" (steam64id="76561198860620637" pos=<10555.2, 36.90, 7298.57>) GetInTransport OffroadHatchback_Blue (341059753)
05:35:09: Player "[TMT].Skinner" (steam64id="76561198860620637" pos=<10555.2, 36.91, 7298.56>) StartEngine OffroadHatchback_Blue (341059753)
05:35:44: Player "[TMT].Skinner" (steam64id="76561198860620637" pos=<10315.1, 38.03, 7384.56>) StopEngine OffroadHatchback_Blue (341059753)
05:35:46: Player "[TMT].Skinner" (steam64id="76561198860620637" pos=<10315.1, 39.03, 7384.56>) GetOutTransport OffroadHatchback_Blue (341059753)
05:36:27: Player "[TMT].Skinner" (steam64id="76561198860620637" pos=<10315.1, 38.03, 7384.56>) GetInTransport OffroadHatchback_Blue (341059753)
05:36:32: Player "[TMT].Skinner" (steam64id="76561198860620637" pos=<10315.1, 38.03, 7384.56>) StartEngine OffroadHatchback_Blue (341059753)
05:37:31: Player "[TMT].Skinner" (steam64id="76561198860620637" pos=<9935.27, 23.50, 7581.44>) GetOutTransport OffroadHatchback_Blue (341059753)
05:38:20: Player "[TMT].Skinner" (steam64id="76561198860620637" pos=<9935.24, 24.49, 7581.42>) GetInTransport OffroadHatchback_Blue (341059753)
05:39:52: Player "[TMT].Skinner" (steam64id="76561198860620637" pos=<9070.41, 43.44, 7596.74>) GetOutTransport OffroadHatchback_Blue (341059753)
05:40:39: Player "[TMT].Skinner" (steam64id="76561198860620637" pos=<9070.05, 44.31, 7597.46>) GetInTransport OffroadHatchback_Blue (341059753)
05:42:27: Player "[TMT].Skinner" (steam64id="76561198860620637" pos=<8999.76, 37.58, 7206.77>) GetOutTransport OffroadHatchback_Blue (341059753)
05:42:50: Player "[TMT].Skinner" (steam64id="76561198860620637" pos=<8999.75, 37.10, 7205.86>) GetInTransport OffroadHatchback_Blue (341059753)
05:43:06: Player "[TMT].Skinner" (steam64id="76561198860620637" pos=<9000.07, 36.22, 7202.72>) GetOutTransport OffroadHatchback_Blue (341059753)
05:43:20: Player "[TMT].Skinner" (steam64id="76561198860620637" pos=<8999.26, 37.08, 7202.83>) GetInTransport OffroadHatchback_Blue (341059753)
05:43:22: Player "[TMT].Skinner" (steam64id="76561198860620637" pos=<8999.27, 37.09, 7202.85>) StopEngine OffroadHatchback_Blue (341059753)
05:43:24: Player "[TMT].Skinner" (steam64id="76561198860620637" pos=<9000.07, 36.22, 7202.73>) GetOutTransport OffroadHatchback_Blue (341059753)
06:29:07: Object "Ada 4x4" (type="OffroadHatchback_Blue" pos=<8998.86, 36.24, 7202.66>) spawned (341059753)
06:29:07: Object "M3S coberto" (type="Truck_01_Covered_Blue" pos=<9182.62, 36.50, 7866.66>) spawned (1882316899)
06:29:07: Object "Gunter 2" (type="Hatchback_02_Black" pos=<7700.61, 42.85, 6522.78>) spawned (114036121)
06:29:07: Object "Olga 24" (type="CivilianSedan_Black" pos=<7165.7, 6.82, 8657.36>) spawned (1673054065)
06:29:07: Object "Sarka 120" (type="Sedan_02_Red" pos=<11268.3, 3.99, 7904.15>) spawned (2000547451)
06:32:32: Player "[TMT].Skinner" (steam64id="76561198860620637" pos=<8999.26, 37.08, 7202.84>) GetInTransport OffroadHatchback_Blue (341059753)
06:32:33: Player "[TMT].Skinner" (steam64id="76561198860620637" pos=<8999.27, 37.09, 7202.86>) StartEngine OffroadHatchback_Blue (341059753)
06:32:44: Player "[TMT].Skinner" (steam64id="76561198860620637" pos=<9000.6, 37.08, 7184.11>) StopEngine OffroadHatchback_Blue (341059753)
06:32:47: Player "[TMT].Skinner" (steam64id="76561198860620637" pos=<9000.6, 38.08, 7184.11>) GetOutTransport OffroadHatchback_Blue (341059753)
07:59:05: Object "Olga 24" (type="CivilianSedan_Black" pos=<7165.69, 6.82, 8657.36>) spawned (1673054065)
07:59:05: Object "Gunter 2" (type="Hatchback_02_Black" pos=<7700.61, 42.85, 6522.78>) spawned (114036121)
07:59:05: Object "Sarka 120" (type="Sedan_02_Red" pos=<11268.3, 3.99, 7904.15>) spawned (2000547451)
07:59:05: Object "M3S coberto" (type="Truck_01_Covered_Blue" pos=<9182.6, 36.50, 7866.65>) spawned (1882316899)
07:59:05: Object "Ada 4x4" (type="OffroadHatchback_Blue" pos=<9000.16, 36.23, 7184.02>) spawned (341059753)
08:28:43: Object "Olga 24" (type="CivilianSedan_Black" pos=<7165.69, 6.82, 8657.36>) spawned (1673054065)
08:28:43: Object "Gunter 2" (type="Hatchback_02_Black" pos=<7700.61, 42.85, 6522.78>) spawned (114036121)
08:28:43: Object "Sarka 120" (type="Sedan_02_Red" pos=<11268.3, 3.99, 7904.15>) spawned (2000547451)
08:28:43: Object "M3S coberto" (type="Truck_01_Covered_Blue" pos=<9182.59, 36.50, 7866.64>) spawned (1882316899)
08:28:43: Object "Ada 4x4" (type="OffroadHatchback_Blue" pos=<9000.16, 36.23, 7184.04>) spawned (341059753)
12:36:19: Object "Olga 24" (type="CivilianSedan" pos=<7165.74, 6.86, 8657.38>) spawned (187242067)
12:36:19: Object "Gunter 2" (type="Hatchback_02" pos=<7700.61, 42.85, 6522.78>) spawned (1239847885)
12:36:19: Object "Ada 4x4" (type="OffroadHatchback_White" pos=<11274.2, 4.37, 7904.9>) spawned (686445013)
12:36:19: Object "Sarka 120" (type="Sedan_02_Grey" pos=<10905.1, 3.92, 7610.23>) spawned (1071218611)
12:36:19: Object "M3S coberto" (type="Truck_01_Covered" pos=<7518.43, 29.67, 7909.64>) spawned (584992189)
12:43:50: Object "Olga 24" (type="CivilianSedan" pos=<7165.75, 6.86, 8657.38>) spawned (187242067)
12:43:50: Object "Gunter 2" (type="Hatchback_02" pos=<7700.61, 42.85, 6522.78>) spawned (1239847885)
12:43:50: Object "Ada 4x4" (type="OffroadHatchback_White" pos=<11274.2, 4.37, 7904.9>) spawned (686445013)
12:43:50: Object "Sarka 120" (type="Sedan_02_Grey" pos=<10905, 3.92, 7610.23>) spawned (1071218611)
12:43:50: Object "M3S coberto" (type="Truck_01_Covered" pos=<7518.43, 29.67, 7909.64>) spawned (584992189)
12:47:13: Object "Olga 24" (type="CivilianSedan_Wine" pos=<11066.8, 17.50, 13591.3>) spawned (2135948959)
12:47:13: Object "Gunter 2" (type="Hatchback_02_Black" pos=<7857.28, 17.75, 9667.33>) spawned (897739525)
12:47:13: Object "Ada 4x4" (type="OffroadHatchback" pos=<11274.2, 4.37, 7904.9>) spawned (1075675195)
12:47:13: Object "Sarka 120" (type="Sedan_02_Grey" pos=<10914.9, 3.96, 7675.57>) spawned (1296538255)
12:47:13: Object "M3S coberto" (type="Truck_01_Covered" pos=<11091.8, 4.52, 8138.39>) spawned (2005528339)
13:04:48: Object "Olga 24" (type="CivilianSedan_Wine" pos=<11066.8, 17.50, 13591.3>) spawned (2135948959)
13:04:48: Object "Gunter 2" (type="Hatchback_02_Black" pos=<7857.28, 17.75, 9667.34>) spawned (897739525)
13:04:48: Object "Ada 4x4" (type="OffroadHatchback" pos=<11274.2, 4.37, 7904.9>) spawned (1075675195)
13:04:48: Object "Sarka 120" (type="Sedan_02_Grey" pos=<10914.9, 3.96, 7675.57>) spawned (1296538255)
13:04:48: Object "M3S coberto" (type="Truck_01_Covered" pos=<11091.8, 4.52, 8138.38>) spawned (2005528339)
13:10:32: Object "Olga 24" (type="CivilianSedan" pos=<9662.14, 3.61, 12106.4>) spawned (1080525007)
13:10:32: Object "Gunter 2" (type="Hatchback_02_Black" pos=<8666.21, 15.33, 9925.62>) spawned (1536407335)
13:10:32: Object "Ada 4x4" (type="OffroadHatchback" pos=<11274.2, 4.37, 7904.9>) spawned (2069886655)
13:10:32: Object "Sarka 120" (type="Sedan_02" pos=<10905.1, 3.96, 7610.23>) spawned (1228706425)
13:10:32: Object "M3S coberto" (type="Truck_01_Covered_Orange" pos=<9793.46, 9.31, 12600.8>) spawned (835347349)
15:59:04: Object "M3S coberto" (type="Truck_01_Covered_Orange" pos=<9793.46, 9.31, 12600.8>) spawned (835347349)
15:59:04: Object "Olga 24" (type="CivilianSedan" pos=<9662.14, 3.61, 12106.4>) spawned (1080525007)
15:59:04: Object "Sarka 120" (type="Sedan_02" pos=<10905.1, 3.96, 7610.23>) spawned (1228706425)
15:59:04: Object "Ada 4x4" (type="OffroadHatchback" pos=<11274.2, 4.37, 7904.9>) spawned (2069886655)
15:59:04: Object "Gunter 2" (type="Hatchback_02_Black" pos=<8666.21, 15.33, 9925.62>) spawned (1536407335)
16:20:18: Object "Sarka 120" (type="Sedan_02" pos=<10905.1, 3.96, 7610.23>) spawned (1228706425)
16:20:18: Object "Ada 4x4" (type="OffroadHatchback" pos=<11274.2, 4.37, 7904.9>) spawned (2069886655)
16:20:18: Object "Olga 24" (type="CivilianSedan" pos=<9662.14, 3.61, 12106.4>) spawned (1080525007)
16:20:18: Object "M3S coberto" (type="Truck_01_Covered_Orange" pos=<9793.46, 9.31, 12600.8>) spawned (835347349)
16:20:18: Object "Gunter 2" (type="Hatchback_02_Black" pos=<8666.21, 15.33, 9925.62>) spawned (1536407335)
18:13:48: Player "chron1c" (steam64id="76561198205585613" pos=<9661.74, 4.28, 12106.6>) GetInTransport CivilianSedan (1080525007)
18:15:08: Player "chron1c" (steam64id="76561198205585613" pos=<9660.94, 3.92, 12106.7>) GetOutTransport CivilianSedan (1080525007)
18:33:25: Player "[CFBR] lost" (steam64id="76561198131682973" pos=<9661.74, 4.28, 12106.6>) GetInTransport CivilianSedan (1080525007)
18:33:36: Player "[CFBR] lost" (steam64id="76561198131682973" pos=<9660.94, 3.62, 12106.7>) GetOutTransport CivilianSedan (1080525007)
19:31:56: Object "Ada 4x4" (type="OffroadHatchback" pos=<11274.2, 4.37, 7904.9>) spawned (2069886655)
19:31:56: Object "Olga 24" (type="CivilianSedan" pos=<9662.14, 3.61, 12106.4>) spawned (1080525007)
19:31:56: Object "Gunter 2" (type="Hatchback_02_Black" pos=<8666.21, 15.33, 9925.62>) spawned (1536407335)
19:31:56: Object "Sarka 120" (type="Sedan_02" pos=<10905.1, 3.96, 7610.22>) spawned (1228706425)
19:31:56: Object "M3S coberto" (type="Truck_01_Covered_Orange" pos=<9793.46, 9.31, 12600.8>) spawned (835347349)
20:01:46: Object "Olga 24" (type="CivilianSedan" pos=<9662.14, 3.61, 12106.4>) spawned (1080525007)
20:01:46: Object "M3S coberto" (type="Truck_01_Covered_Orange" pos=<9793.46, 9.31, 12600.8>) spawned (835347349)
20:01:46: Object "Gunter 2" (type="Hatchback_02_Black" pos=<8666.21, 15.33, 9925.62>) spawned (1536407335)
20:01:46: Object "Ada 4x4" (type="OffroadHatchback" pos=<11274.2, 4.37, 7904.9>) spawned (2069886655)
20:01:46: Object "Sarka 120" (type="Sedan_02" pos=<10905.1, 3.96, 7610.22>) spawned (1228706425)
21:00:29: Player "CHERNUSHNIK" (steam64id="76561197991029744" pos=<9661.74, 4.28, 12106.6>) GetInTransport CivilianSedan (1080525007)
21:00:34: Player "CHERNUSHNIK" (steam64id="76561197991029744" pos=<9660.94, 3.66, 12106.7>) GetOutTransport CivilianSedan (1080525007)
22:08:13: Player "biukiu" (steam64id="76561198055663982" pos=<9661.74, 4.28, 12106.6>) GetInTransport CivilianSedan (1080525007)
22:08:28: Player "biukiu" (steam64id="76561198055663982" pos=<9660.94, 3.62, 12106.7>) GetOutTransport CivilianSedan (1080525007)
