00:00:23: Object "Gunter 2" (type="Hatchback_02" pos=<7633.35, 13.27, 9787.49>) spawned (944074891)
00:00:23: Object "Ada 4x4" (type="OffroadHatchback" pos=<7626.91, 13.26, 9783.26>) spawned (2069886655)
00:00:23: Object "Sarka 120" (type="Sedan_02" pos=<7615.74, 13.20, 9815.89>) spawned (1552922911)
00:00:23: Object "Sarka 120" (type="Sedan_02_Grey" pos=<11054.7, 4.43, 8258.89>) spawned (609110173)
00:00:23: Object "Olga 24" (type="CivilianSedan_Wine" pos=<11053.1, 4.19, 8266.78>) spawned (2086140079)
00:00:23: Object "M3S coberto" (type="Truck_01_Covered_Orange" pos=<11055.7, 4.49, 8266.53>) spawned (835347349)
00:00:23: Object "Olga 24" (type="CivilianSedan" pos=<7351.44, 14.32, 7135.42>) spawned (1080525007)
00:00:23: Object "Ada 4x4" (type="OffroadHatchback_White" pos=<7353.59, 14.37, 7134.98>) spawned (1618723063)
04:00:27: Object "Olga 24" (type="CivilianSedan" pos=<7351.43, 14.33, 7135.43>) spawned (1080525007)
04:00:27: Object "Ada 4x4" (type="OffroadHatchback_White" pos=<7353.59, 14.37, 7134.98>) spawned (1618723063)
04:00:27: Object "Gunter 2" (type="Hatchback_02" pos=<7633.35, 13.27, 9787.49>) spawned (944074891)
04:00:27: Object "Ada 4x4" (type="OffroadHatchback" pos=<7626.9, 13.26, 9783.29>) spawned (2069886655)
04:00:27: Object "Sarka 120" (type="Sedan_02" pos=<7615.74, 13.20, 9815.89>) spawned (1552922911)
04:00:27: Object "Olga 24" (type="CivilianSedan_Wine" pos=<11053.1, 4.19, 8266.78>) spawned (2086140079)
04:00:27: Object "M3S coberto" (type="Truck_01_Covered_Orange" pos=<11055.7, 4.49, 8266.53>) spawned (835347349)
04:00:27: Object "Sarka 120" (type="Sedan_02_Grey" pos=<11054.7, 4.43, 8258.89>) spawned (609110173)
08:00:20: Object "Sarka 120" (type="Sedan_02_Grey" pos=<11054.7, 4.43, 8258.89>) spawned (609110173)
08:00:20: Object "Olga 24" (type="CivilianSedan_Wine" pos=<11053.1, 4.19, 8266.78>) spawned (2086140079)
08:00:20: Object "M3S coberto" (type="Truck_01_Covered_Orange" pos=<11055.7, 4.49, 8266.53>) spawned (835347349)
08:00:20: Object "Sarka 120" (type="Sedan_02" pos=<7615.73, 13.20, 9815.89>) spawned (1552922911)
08:00:20: Object "Ada 4x4" (type="OffroadHatchback_White" pos=<7353.59, 14.37, 7134.96>) spawned (1618723063)
08:00:20: Object "Olga 24" (type="CivilianSedan" pos=<7351.46, 14.32, 7135.42>) spawned (1080525007)
08:00:20: Object "Gunter 2" (type="Hatchback_02" pos=<7633.35, 13.27, 9787.49>) spawned (944074891)
08:00:20: Object "Ada 4x4" (type="OffroadHatchback" pos=<7626.89, 13.26, 9783.31>) spawned (2069886655)
10:01:27: Player "[L.B] Santorin" (steam64id="76561199069721527" pos=<7354.02, 15.21, 7135.13>) GetInTransport OffroadHatchback_White (1618723063)
10:01:40: Player "[L.B] Santorin" (steam64id="76561199069721527" pos=<7353.74, 15.19, 7143.47>) StopEngine OffroadHatchback_White (1618723063)
10:01:45: Player "[L.B] Santorin" (steam64id="76561199069721527" pos=<7353.6, 15.37, 7143.64>) GetOutTransport OffroadHatchback_White (1618723063)
10:07:24: Player "[L.B] Santorin" (steam64id="76561199069721527" pos=<7353.74, 15.17, 7143.46>) GetInTransport OffroadHatchback_White (1618723063)
10:07:38: Player "[L.B] Santorin" (steam64id="76561199069721527" pos=<7353.88, 15.22, 7135.46>) StopEngine OffroadHatchback_White (1618723063)
10:07:41: Player "[L.B] Santorin" (steam64id="76561199069721527" pos=<7354.66, 14.33, 7135.21>) GetOutTransport OffroadHatchback_White (1618723063)
10:12:13: Player "[L.B] Dixon" (steam64id="76561198159099606" pos=<7353.87, 15.21, 7135.44>) GetInTransport OffroadHatchback_White (1618723063)
10:13:11: Player "[L.B] Dixon" (steam64id="76561198159099606" pos=<7353.71, 15.15, 7143.34>) StopEngine OffroadHatchback_White (1618723063)
10:13:26: Player "[L.B] Dixon" (steam64id="76561198159099606" pos=<7354.07, 15.22, 7134.79>) StopEngine OffroadHatchback_White (1618723063)
10:13:31: Player "[L.B] Dixon" (steam64id="76561198159099606" pos=<7353.4, 14.68, 7133.49>) GetOutTransport OffroadHatchback_White (1618723063)
10:19:01: Player "[L.B] Dixon" (steam64id="76561198159099606" pos=<7354.07, 15.21, 7134.77>) GetInTransport OffroadHatchback_White (1618723063)
10:19:38: Player "[L.B] Santorin" (steam64id="76561199069721527" pos=<7351.86, 15.00, 7135.24>) GetInTransport CivilianSedan (1080525007)
10:19:46: Player "[L.B] Dixon" (steam64id="76561198159099606" pos=<7360.15, 14.58, 7159.85>) GetOutTransport OffroadHatchback_White (1618723063)
10:19:53: Player "[L.B] Dixon" (steam64id="76561198159099606" pos=<7358.4, 15.17, 7159.14>) GetInTransport OffroadHatchback_White (1618723063)
10:20:14: Player "[L.B] Dixon" (steam64id="76561198159099606" pos=<7360.1, 14.63, 7160.15>) GetOutTransport OffroadHatchback_White (1618723063)
10:20:43: Player "[L.B] Santorin" (steam64id="76561199069721527" pos=<7359.77, 14.95, 7152.75>) StopEngine CivilianSedan (1080525007)
10:20:46: Player "[L.B] Santorin" (steam64id="76561199069721527" pos=<7360.42, 14.66, 7152.48>) GetOutTransport CivilianSedan (1080525007)
10:21:19: Player "[L.B] Santorin" (steam64id="76561199069721527" pos=<7358.65, 15.16, 7160.08>) GetInTransport OffroadHatchback_White (1618723063)
10:22:14: Player "[L.B] Santorin" (steam64id="76561199069721527" pos=<7358.14, 14.40, 7157.84>) GetOutTransport OffroadHatchback_White (1618723063)
12:00:28: Object "Sarka 120" (type="Sedan_02" pos=<7615.73, 13.20, 9815.89>) spawned (1552922911)
12:00:28: Object "Gunter 2" (type="Hatchback_02" pos=<7633.35, 13.27, 9787.49>) spawned (944074891)
12:00:28: Object "Ada 4x4" (type="OffroadHatchback" pos=<7626.89, 13.26, 9783.31>) spawned (2069886655)
12:00:28: Object "Olga 24" (type="CivilianSedan" pos=<7359.35, 14.30, 7152.91>) spawned (1080525007)
12:00:28: Object "Ada 4x4" (type="OffroadHatchback_White" pos=<7359.41, 14.33, 7157.9>) spawned (1618723063)
12:00:28: Object "Sarka 120" (type="Sedan_02_Grey" pos=<11054.7, 4.43, 8258.89>) spawned (609110173)
12:00:28: Object "Olga 24" (type="CivilianSedan_Wine" pos=<11053.1, 4.19, 8266.78>) spawned (2086140079)
12:00:28: Object "M3S coberto" (type="Truck_01_Covered_Orange" pos=<11055.7, 4.49, 8266.53>) spawned (835347349)
16:00:27: Object "Sarka 120" (type="Sedan_02_Grey" pos=<11054.8, 4.39, 8258.92>) spawned (609110173)
16:00:27: Object "Olga 24" (type="CivilianSedan_Wine" pos=<11053.1, 4.19, 8266.78>) spawned (2086140079)
16:00:27: Object "M3S coberto" (type="Truck_01_Covered_Orange" pos=<11055.7, 4.49, 8266.53>) spawned (835347349)
16:00:27: Object "Ada 4x4" (type="OffroadHatchback" pos=<7626.89, 13.26, 9783.31>) spawned (2069886655)
16:00:27: Object "Gunter 2" (type="Hatchback_02" pos=<7633.35, 13.27, 9787.49>) spawned (944074891)
16:00:27: Object "Sarka 120" (type="Sedan_02" pos=<7615.75, 13.20, 9815.89>) spawned (1552922911)
16:00:27: Object "Ada 4x4" (type="OffroadHatchback_White" pos=<7359.41, 14.33, 7157.96>) spawned (1618723063)
16:00:27: Object "Olga 24" (type="CivilianSedan" pos=<7359.36, 14.27, 7152.92>) spawned (1080525007)
19:49:18: Player "Hacan121" (steam64id="76561198345012092" pos=<7616.54, 13.71, 9815.81>) GetInTransport Sedan_02 (1552922911)
19:57:25: Player "Hacan121" (steam64id="76561198345012092" pos=<7616.77, 13.18, 9815.02>) GetOutTransport Sedan_02 (1552922911)
20:00:30: Object "Ada 4x4" (type="OffroadHatchback_White" pos=<7359.41, 14.33, 7158>) spawned (1618723063)
20:00:30: Object "Olga 24" (type="CivilianSedan" pos=<7359.35, 14.30, 7152.9>) spawned (1080525007)
20:00:30: Object "Sarka 120" (type="Sedan_02" pos=<7615.76, 13.20, 9815.89>) spawned (1552922911)
20:00:30: Object "Gunter 2" (type="Hatchback_02" pos=<7633.35, 13.27, 9787.49>) spawned (944074891)
20:00:30: Object "Ada 4x4" (type="OffroadHatchback" pos=<7626.88, 13.26, 9783.33>) spawned (2069886655)
20:00:30: Object "Sarka 120" (type="Sedan_02_Grey" pos=<11054.7, 4.39, 8258.92>) spawned (609110173)
20:00:30: Object "M3S coberto" (type="Truck_01_Covered_Orange" pos=<11055.7, 4.49, 8266.53>) spawned (835347349)
20:00:30: Object "Olga 24" (type="CivilianSedan_Wine" pos=<11053.2, 4.19, 8266.78>) spawned (2086140079)
20:05:15: Player "Biel FxR" (steam64id="76561198050836260" pos=<7615.75, 13.77, 9815.51>) GetInTransport Sedan_02 (1552922911)
20:05:51: Player "Biel FxR" (steam64id="76561198050836260" pos=<7616.52, 13.77, 9787.76>) StopEngine Sedan_02 (1552922911)
20:05:54: Player "Biel FxR" (steam64id="76561198050836260" pos=<7617.23, 13.20, 9788.14>) GetOutTransport Sedan_02 (1552922911)
