18:13:16: Object "Ada 4x4" (type="OffroadHatchback_White" pos=<7359.41, 14.33, 7158>) spawned (1618723063)
18:13:16: Object "Olga 24" (type="CivilianSedan" pos=<7359.36, 14.28, 7152.88>) spawned (1080525007)
18:13:16: Object "Gunter 2" (type="Hatchback_02" pos=<7633.35, 13.27, 9787.49>) spawned (944074891)
18:13:16: Object "Ada 4x4" (type="OffroadHatchback" pos=<7626.88, 13.26, 9783.33>) spawned (2069886655)
18:13:16: Object "Sarka 120" (type="Sedan_02" pos=<7616.14, 13.20, 9787.71>) spawned (1552922911)
18:13:16: Object "Sarka 120" (type="Sedan_02_Grey" pos=<11054.7, 4.39, 8258.92>) spawned (609110173)
18:13:16: Object "Olga 24" (type="CivilianSedan_Wine" pos=<11053.2, 4.19, 8266.78>) spawned (2086140079)
18:13:16: Object "M3S coberto" (type="Truck_01_Covered_Orange" pos=<11055.7, 4.49, 8266.53>) spawned (835347349)
20:00:12: Object "Ada 4x4" (type="OffroadHatchback_White" pos=<7359.41, 14.33, 7158.02>) spawned (1618723063)
20:00:12: Object "Olga 24" (type="CivilianSedan" pos=<7359.37, 14.28, 7152.89>) spawned (1080525007)
20:00:12: Object "Olga 24" (type="CivilianSedan_Wine" pos=<11053.2, 4.19, 8266.79>) spawned (2086140079)
20:00:12: Object "M3S coberto" (type="Truck_01_Covered_Orange" pos=<11055.7, 4.49, 8266.53>) spawned (835347349)
20:00:12: Object "Sarka 120" (type="Sedan_02_Grey" pos=<11054.7, 4.39, 8258.91>) spawned (609110173)
20:00:12: Object "Gunter 2" (type="Hatchback_02" pos=<7633.35, 13.27, 9787.49>) spawned (944074891)
20:00:12: Object "Sarka 120" (type="Sedan_02" pos=<7616.14, 13.20, 9787.71>) spawned (1552922911)
20:00:12: Object "Ada 4x4" (type="OffroadHatchback" pos=<7626.88, 13.26, 9783.33>) spawned (2069886655)
21:15:33: Object "Sarka 120" (type="Sedan_02" pos=<7616.14, 13.20, 9787.71>) spawned (1552922911)
21:15:33: Object "Gunter 2" (type="Hatchback_02" pos=<7633.35, 13.27, 9787.49>) spawned (944074891)
21:15:33: Object "Ada 4x4" (type="OffroadHatchback" pos=<7626.84, 13.26, 9783.38>) spawned (2069886655)
21:15:33: Object "Olga 24" (type="CivilianSedan" pos=<7359.36, 14.28, 7152.86>) spawned (1080525007)
21:15:33: Object "Ada 4x4" (type="OffroadHatchback_White" pos=<7359.41, 14.33, 7158>) spawned (1618723063)
21:15:33: Object "Sarka 120" (type="Sedan_02_Grey" pos=<11054.7, 4.39, 8258.91>) spawned (609110173)
21:15:33: Object "M3S coberto" (type="Truck_01_Covered_Orange" pos=<11055.7, 4.49, 8266.52>) spawned (835347349)
21:15:33: Object "Olga 24" (type="CivilianSedan_Wine" pos=<11053.2, 4.19, 8266.79>) spawned (2086140079)
21:15:33: Object "Olga 24" (type="CivilianSedan" pos=<11066.8, 17.50, 13591.3>) spawned (1554168133)
21:15:33: Object "Ada 4x4" (type="OffroadHatchback_Blue" pos=<11130.7, 4.07, 8299.93>) spawned (1548728479)
21:15:33: Object "Sarka 120" (type="Sedan_02_Grey" pos=<10425.7, 18.26, 13537.7>) spawned (1347461281)
21:15:33: Object "M3S coberto" (type="Truck_01_Covered" pos=<9793.47, 9.35, 12600.8>) spawned (1900012159)
22:43:29: Player "Vini_300" (steam64id="76561198145785923" pos=<10425.4, 18.85, 13537.9>) GetInTransport Sedan_02_Grey (1347461281)
22:43:42: Player "Vini_300" (steam64id="76561198145785923" pos=<10424.6, 18.31, 13538.2>) GetOutTransport Sedan_02_Grey (1347461281)
22:58:15: Player "Boneco " (steam64id="76561199225248971" pos=<10425.4, 18.85, 13537.9>) GetInTransport Sedan_02_Grey (1347461281)
22:58:30: Player "Boneco " (steam64id="76561199225248971" pos=<10425.4, 18.85, 13537.9>) StopEngine Sedan_02_Grey (1347461281)
22:58:36: Player "Boneco " (steam64id="76561199225248971" pos=<10424.6, 18.31, 13538.2>) GetOutTransport Sedan_02_Grey (1347461281)
22:58:40: Player "Boneco " (steam64id="76561199225248971" pos=<10425.4, 18.85, 13537.9>) GetInTransport Sedan_02_Grey (1347461281)
22:58:45: Player "Boneco " (steam64id="76561199225248971" pos=<10424.6, 18.31, 13538.2>) GetOutTransport Sedan_02_Grey (1347461281)
