00:00:39: Object "Ada 4x4" (type="OffroadHatchback" pos=<11284.8, 4.33, 7889.67>) spawned (2069886655)
00:00:39: Object "Gunter 2" (type="Hatchback_02_Black" pos=<7352.66, 14.38, 7136.49>) spawned (1536407335)
00:00:39: Object "Olga 24" (type="CivilianSedan" pos=<9662.14, 3.61, 12106.4>) spawned (1080525007)
00:00:39: Object "Sarka 120" (type="Sedan_02" pos=<10218.8, 4.26, 9279.84>) spawned (1552922911)
00:00:39: Object "M3S coberto" (type="Truck_01_Covered_Orange" pos=<7683.18, 41.53, 6505.23>) spawned (835347349)
00:58:53: Player "CesarArg" (steam64id="76561198148830348" pos=<9661.73, 4.28, 12106.6>) GetInTransport CivilianSedan (1080525007)
00:59:07: Player "CesarArg" (steam64id="76561198148830348" pos=<9660.94, 3.63, 12106.7>) GetOutTransport CivilianSedan (1080525007)
01:56:51: Player "TripaSeca" (steam64id="76561198093060507" pos=<10218.5, 4.85, 9279.97>) GetInTransport Sedan_02 (1552922911)
01:56:57: Player "TripaSeca" (steam64id="76561198093060507" pos=<10217.7, 4.33, 9280.02>) GetOutTransport Sedan_02 (1552922911)
02:41:51: Player "TripaSeca" (steam64id="76561198093060507" pos=<11285.1, 5.16, 7889.98>) GetInTransport OffroadHatchback (2069886655)
02:41:53: Player "TripaSeca" (steam64id="76561198093060507" pos=<11285.1, 5.00, 7889.01>) GetOutTransport OffroadHatchback (2069886655)
02:42:13: Player "TripaSeca" (steam64id="76561198093060507" pos=<11285.1, 5.16, 7889.98>) GetInTransport OffroadHatchback (2069886655)
02:42:15: Player "TripaSeca" (steam64id="76561198093060507" pos=<11285.1, 5.90, 7889.32>) GetOutTransport OffroadHatchback (2069886655)
03:10:43: Player "TripaSeca" (steam64id="76561198093060507" pos=<11285.1, 5.16, 7889.98>) GetInTransport OffroadHatchback (2069886655)
03:14:23: Player "TripaSeca" (steam64id="76561198093060507" pos=<10764.5, 5.84, 8396.84>) GetOutTransport OffroadHatchback (2069886655)
03:15:45: Player "Biel FxR" (steam64id="76561198050836260" pos=<10765.1, 6.63, 8397.43>) GetInTransport OffroadHatchback (2069886655)
03:15:49: Player "Biel FxR" (steam64id="76561198050836260" pos=<10764.4, 5.93, 8396.82>) GetOutTransport OffroadHatchback (2069886655)
03:15:50: Player "Hacan121" (steam64id="76561198345012092" pos=<10766.3, 6.55, 8397.47>) GetInTransport OffroadHatchback (2069886655)
03:15:54: Player "TripaSeca" (steam64id="76561198093060507" pos=<10765.1, 6.62, 8397.43>) GetInTransport OffroadHatchback (2069886655)
03:15:59: Player "Biel FxR" (steam64id="76561198050836260" pos=<10765.6, 6.55, 8398.05>) GetInTransport OffroadHatchback (2069886655)
03:21:47: Player "Biel FxR" (steam64id="76561198050836260" pos=<7643.38, 12.47, 9767.59>) GetOutTransport OffroadHatchback (2069886655)
03:22:06: Player "Hacan121" (steam64id="76561198345012092" pos=<7632.68, 13.10, 9782.54>) GetOutTransport OffroadHatchback (2069886655)
03:22:42: Player "TripaSeca" (steam64id="76561198093060507" pos=<7630.32, 13.08, 9779.94>) StopEngine OffroadHatchback (2069886655)
03:22:45: Player "TripaSeca" (steam64id="76561198093060507" pos=<7629.6, 12.58, 9779.87>) GetOutTransport OffroadHatchback (2069886655)
03:30:15: Player "TripaSeca" (steam64id="76561198093060507" pos=<7630.32, 13.07, 9779.96>) GetInTransport OffroadHatchback (2069886655)
03:30:56: Player "TripaSeca" (steam64id="76561198093060507" pos=<7634.86, 12.20, 9780.62>) GetOutTransport OffroadHatchback (2069886655)
03:31:11: Player "TripaSeca" (steam64id="76561198093060507" pos=<7635.77, 13.07, 9780.95>) GetInTransport OffroadHatchback (2069886655)
03:31:37: Player "TripaSeca" (steam64id="76561198093060507" pos=<7636.67, 12.20, 9778.07>) GetOutTransport OffroadHatchback (2069886655)
03:31:56: Player "TripaSeca" (steam64id="76561198093060507" pos=<7637.54, 13.07, 9778.52>) GetInTransport OffroadHatchback (2069886655)
03:32:08: Player "TripaSeca" (steam64id="76561198093060507" pos=<7637.35, 13.11, 9779.82>) GetOutTransport OffroadHatchback (2069886655)
04:00:43: Object "M3S coberto" (type="Truck_01_Covered_Orange" pos=<7683.18, 41.53, 6505.23>) spawned (835347349)
04:00:43: Object "Gunter 2" (type="Hatchback_02_Black" pos=<7352.66, 14.38, 7136.5>) spawned (1536407335)
04:00:43: Object "Ada 4x4" (type="OffroadHatchback" pos=<7637.6, 12.23, 9779.2>) spawned (2069886655)
04:00:43: Object "Sarka 120" (type="Sedan_02" pos=<10218.8, 4.26, 9279.84>) spawned (1552922911)
04:00:43: Object "Olga 24" (type="CivilianSedan" pos=<9662.14, 3.61, 12106.4>) spawned (1080525007)
08:00:39: Object "Olga 24" (type="CivilianSedan" pos=<9662.14, 3.61, 12106.4>) spawned (1080525007)
08:00:39: Object "Sarka 120" (type="Sedan_02" pos=<10218.8, 4.26, 9279.84>) spawned (1552922911)
08:00:39: Object "Ada 4x4" (type="OffroadHatchback" pos=<7637.61, 12.23, 9779.19>) spawned (2069886655)
08:00:39: Object "M3S coberto" (type="Truck_01_Covered_Orange" pos=<7683.19, 41.53, 6505.23>) spawned (835347349)
08:00:39: Object "Gunter 2" (type="Hatchback_02_Black" pos=<7352.66, 14.38, 7136.51>) spawned (1536407335)
12:00:39: Object "Ada 4x4" (type="OffroadHatchback" pos=<7637.62, 12.23, 9779.18>) spawned (2069886655)
12:00:39: Object "Gunter 2" (type="Hatchback_02_Black" pos=<7352.66, 14.38, 7136.52>) spawned (1536407335)
12:00:39: Object "M3S coberto" (type="Truck_01_Covered_Orange" pos=<7683.18, 41.53, 6505.23>) spawned (835347349)
12:00:39: Object "Sarka 120" (type="Sedan_02" pos=<10218.8, 4.26, 9279.84>) spawned (1552922911)
12:00:39: Object "Olga 24" (type="CivilianSedan" pos=<9662.14, 3.61, 12106.4>) spawned (1080525007)
12:34:15: Player "[YKZ]-BlackBear" (steam64id="76561198343030820" pos=<7683.99, 42.99, 6505.52>) GetInTransport Truck_01_Covered_Orange (835347349)
12:34:47: Player "[YKZ]-BlackBear" (steam64id="76561198343030820" pos=<7667.38, 42.38, 6506.2>) StopEngine Truck_01_Covered_Orange (835347349)
12:34:51: Player "[YKZ]-BlackBear" (steam64id="76561198343030820" pos=<7667.81, 40.96, 6507.25>) GetOutTransport Truck_01_Covered_Orange (835347349)
12:47:06: Player "[L.B] Santorin" (steam64id="76561199069721527" pos=<7353, 14.92, 7136.49>) GetInTransport Hatchback_02_Black (1536407335)
12:47:41: Player "[L.B] SeryD" (steam64id="76561198072791642" pos=<7356.65, 14.88, 7155.29>) GetInTransport Hatchback_02_Black (1536407335)
12:48:36: Player "Emissarius" (steam64id="76561198271087379" pos=<7667.38, 42.38, 6506.2>) GetInTransport Truck_01_Covered_Orange (835347349)
12:55:25: Player "[L.B] SeryD" (steam64id="76561198072791642" pos=<10687.6, 11.03, 11964.6>) GetOutTransport Hatchback_02_Black (1536407335)
12:55:47: Player "[L.B] SeryD" (steam64id="76561198072791642" pos=<10688.1, 11.34, 11965>) GetInTransport Hatchback_02_Black (1536407335)
12:55:51: Player "[L.B]TropaDoEnguisa" (steam64id="76561198211423224" pos=<10687.6, 11.22, 11966.1>) GetInTransport Hatchback_02_Black (1536407335)
12:56:16: Player "[L.B] SeryD" (steam64id="76561198072791642" pos=<10719.3, 9.95, 12093.5>) GetOutTransport Hatchback_02_Black (1536407335)
12:56:16: Player "[L.B]TropaDoEnguisa" (steam64id="76561198211423224" pos=<10718.5, 9.32, 12092.6>) GetOutTransport Hatchback_02_Black (1536407335)
12:56:23: Player "[L.B]TropaDoEnguisa" (steam64id="76561198211423224" pos=<10717.9, 10.32, 12092.6>) GetInTransport Hatchback_02_Black (1536407335)
12:56:41: Player "[L.B]TropaDoEnguisa" (steam64id="76561198211423224" pos=<10718.1, 10.41, 12090.3>) GetOutTransport Hatchback_02_Black (1536407335)
12:56:49: Player "[L.B] Santorin" (steam64id="76561199069721527" pos=<10718.5, 10.15, 12091.8>) GetOutTransport Hatchback_02_Black (1536407335)
12:57:47: Player "Emissarius" (steam64id="76561198271087379" pos=<8187.81, 5.22, 5838.45>) StopEngine Truck_01_Covered_Orange (835347349)
12:57:50: Player "Emissarius" (steam64id="76561198271087379" pos=<8187.94, 3.95, 5839.7>) GetOutTransport Truck_01_Covered_Orange (835347349)
12:59:07: Object "Gunter 2" (type="Hatchback_02_Black" pos=<10719.3, 9.78, 12091.1>) spawned (1536407335)
12:59:07: Object "M3S coberto" (type="Truck_01_Covered_Orange" pos=<8187.21, 3.71, 5837.97>) spawned (835347349)
12:59:07: Object "Olga 24" (type="CivilianSedan" pos=<9662.14, 3.61, 12106.4>) spawned (1080525007)
12:59:07: Object "Sarka 120" (type="Sedan_02" pos=<10218.8, 4.26, 9279.84>) spawned (1552922911)
12:59:07: Object "Ada 4x4" (type="OffroadHatchback" pos=<7637.63, 12.23, 9779.17>) spawned (2069886655)
13:02:15: Player "Emissarius" (steam64id="76561198271087379" pos=<8187.82, 5.21, 5838.41>) GetInTransport Truck_01_Covered_Orange (835347349)
13:02:45: Player "[L.B]TropaDoEnguisa" (steam64id="76561198211423224" pos=<10719.2, 10.34, 12090.2>) GetInTransport Hatchback_02_Black (1536407335)
13:03:58: Player "[L.B] SeryD" (steam64id="76561198072791642" pos=<10718.6, 10.33, 12090.5>) GetInTransport Hatchback_02_Black (1536407335)
13:04:00: Player "[L.B] Santorin" (steam64id="76561199069721527" pos=<10719, 10.32, 12091.2>) GetInTransport Hatchback_02_Black (1536407335)
13:04:26: Player "[L.B] LopesTa " (steam64id="76561198375254083" pos=<10718.7, 10.35, 12084.4>) GetInTransport Hatchback_02_Black (1536407335)
13:11:35: Player "Emissarius" (steam64id="76561198271087379" pos=<9403.25, 30.03, 6058.96>) StopEngine Truck_01_Covered_Orange (835347349)
13:11:39: Player "Emissarius" (steam64id="76561198271087379" pos=<9403.46, 28.52, 6060>) GetOutTransport Truck_01_Covered_Orange (835347349)
13:12:34: Player "[L.B] LopesTa " (steam64id="76561198375254083" pos=<7351.81, 14.66, 7137.16>) GetOutTransport Hatchback_02_Black (1536407335)
13:12:34: Player "[L.B] Santorin" (steam64id="76561199069721527" pos=<7353.78, 14.56, 7137.04>) GetOutTransport Hatchback_02_Black (1536407335)
13:12:34: Player "[L.B]TropaDoEnguisa" (steam64id="76561198211423224" pos=<7352.58, 14.48, 7141.06>) GetOutTransport Hatchback_02_Black (1536407335)
13:12:34: Player "[L.B] SeryD" (steam64id="76561198072791642" pos=<7352.74, 14.48, 7141.06>) GetOutTransport Hatchback_02_Black (1536407335)
13:12:40: Player "Emissarius" (steam64id="76561198271087379" pos=<9403.25, 30.02, 6058.96>) GetInTransport Truck_01_Covered_Orange (835347349)
13:25:37: Player "[L.B] SeryD" (steam64id="76561198072791642" pos=<7353.11, 14.94, 7137.25>) GetInTransport Hatchback_02_Black (1536407335)
13:25:52: Player "[L.B] SeryD" (steam64id="76561198072791642" pos=<7353.11, 14.93, 7135.52>) StopEngine Hatchback_02_Black (1536407335)
13:25:55: Player "[L.B] SeryD" (steam64id="76561198072791642" pos=<7353.8, 14.54, 7135.29>) GetOutTransport Hatchback_02_Black (1536407335)
13:26:32: Player "[L.B] SeryD" (steam64id="76561198072791642" pos=<7353.11, 14.92, 7135.52>) GetInTransport Hatchback_02_Black (1536407335)
13:26:38: Player "[L.B] SeryD" (steam64id="76561198072791642" pos=<7353.11, 14.93, 7135.1>) StopEngine Hatchback_02_Black (1536407335)
13:26:40: Player "[L.B] SeryD" (steam64id="76561198072791642" pos=<7352.52, 15.56, 7133.61>) GetOutTransport Hatchback_02_Black (1536407335)
13:31:21: Player "Emissarius" (steam64id="76561198271087379" pos=<11094, 4.01, 8415.78>) GetOutTransport Truck_01_Covered_Orange (835347349)
13:42:47: Player "[L.B] SeryD" (steam64id="76561198072791642" pos=<7353.11, 14.92, 7135.1>) GetInTransport Hatchback_02_Black (1536407335)
13:42:54: Player "[L.B] SeryD" (steam64id="76561198072791642" pos=<7353.11, 14.93, 7136.48>) StopEngine Hatchback_02_Black (1536407335)
13:42:58: Player "[L.B] SeryD" (steam64id="76561198072791642" pos=<7353.8, 14.54, 7136.25>) GetOutTransport Hatchback_02_Black (1536407335)
14:13:21: Player "[L.B] SeryD" (steam64id="76561198072791642" pos=<7353.11, 14.92, 7136.48>) GetInTransport Hatchback_02_Black (1536407335)
14:13:28: Player "[L.B] SeryD" (steam64id="76561198072791642" pos=<7352.85, 14.55, 7141.1>) GetOutTransport Hatchback_02_Black (1536407335)
14:13:53: Player "[L.B] ploodrinny" (steam64id="76561198312062387" pos=<7353.2, 14.92, 7139.6>) GetInTransport Hatchback_02_Black (1536407335)
14:14:01: Player "[L.B] ploodrinny" (steam64id="76561198312062387" pos=<7353.2, 14.93, 7136.41>) StopEngine Hatchback_02_Black (1536407335)
14:14:06: Player "[L.B] ploodrinny" (steam64id="76561198312062387" pos=<7353.88, 14.48, 7135.94>) GetOutTransport Hatchback_02_Black (1536407335)
14:29:56: Player "[L.B] Lrk" (steam64id="76561198021843024" pos=<7353.2, 14.92, 7136.2>) GetInTransport Hatchback_02_Black (1536407335)
14:30:25: Player "[L.B] Lrk" (steam64id="76561198021843024" pos=<7353.98, 14.48, 7136.74>) GetOutTransport Hatchback_02_Black (1536407335)
14:33:38: Player "[L.B] ploodrinny" (steam64id="76561198312062387" pos=<7353.29, 14.92, 7136.99>) GetInTransport Hatchback_02_Black (1536407335)
14:34:00: Player "[L.B] ploodrinny" (steam64id="76561198312062387" pos=<7353.29, 14.89, 7143.8>) StopEngine Hatchback_02_Black (1536407335)
14:34:44: Player "[L.B] ploodrinny" (steam64id="76561198312062387" pos=<7354.06, 14.87, 7143.85>) StopEngine Hatchback_02_Black (1536407335)
14:35:20: Player "[L.B] ploodrinny" (steam64id="76561198312062387" pos=<7353.45, 14.93, 7137.91>) StopEngine Hatchback_02_Black (1536407335)
14:35:23: Player "[L.B] ploodrinny" (steam64id="76561198312062387" pos=<7354.13, 14.38, 7137.66>) GetOutTransport Hatchback_02_Black (1536407335)
15:26:58: Player "Emissarius" (steam64id="76561198271087379" pos=<11094.4, 5.44, 8414.59>) GetInTransport Truck_01_Covered_Orange (835347349)
15:29:48: Player "Emissarius" (steam64id="76561198271087379" pos=<11063.6, 4.81, 8194.94>) GetOutTransport Truck_01_Covered_Orange (835347349)
15:29:53: Player "Emissarius" (steam64id="76561198271087379" pos=<11064.7, 6.15, 8194.38>) GetInTransport Truck_01_Covered_Orange (835347349)
15:29:54: Player "Emissarius" (steam64id="76561198271087379" pos=<11064.7, 6.15, 8194.39>) StopEngine Truck_01_Covered_Orange (835347349)
15:29:59: Player "Emissarius" (steam64id="76561198271087379" pos=<11063.6, 4.81, 8194.94>) GetOutTransport Truck_01_Covered_Orange (835347349)
15:47:44: Player "Emissarius" (steam64id="76561198271087379" pos=<11064.7, 6.14, 8194.38>) GetInTransport Truck_01_Covered_Orange (835347349)
15:47:58: Player "[YKZ]-BlackBear" (steam64id="76561198343030820" pos=<11065.8, 6.00, 8194.17>) GetInTransport Truck_01_Covered_Orange (835347349)
15:49:15: Player "[YKZ]-BlackBear" (steam64id="76561198343030820" pos=<11097.1, 4.01, 8413.25>) GetOutTransport Truck_01_Covered_Orange (835347349)
15:49:16: Player "Emissarius" (steam64id="76561198271087379" pos=<11095.2, 5.48, 8414.6>) StopEngine Truck_01_Covered_Orange (835347349)
15:49:20: Player "Emissarius" (steam64id="76561198271087379" pos=<11094.8, 4.01, 8415.6>) GetOutTransport Truck_01_Covered_Orange (835347349)
16:00:41: Object "M3S coberto" (type="Truck_01_Covered_Orange" pos=<11095, 4.10, 8413.64>) spawned (835347349)
16:00:41: Object "Sarka 120" (type="Sedan_02" pos=<10218.8, 4.26, 9279.84>) spawned (1552922911)
16:00:41: Object "Olga 24" (type="CivilianSedan" pos=<9662.14, 3.61, 12106.4>) spawned (1080525007)
16:00:41: Object "Gunter 2" (type="Hatchback_02_Black" pos=<7353.11, 14.38, 7137.92>) spawned (1536407335)
16:00:41: Object "Ada 4x4" (type="OffroadHatchback" pos=<7637.63, 12.23, 9779.16>) spawned (2069886655)
16:21:41: Player "Jubub " (steam64id="76561198421574611" pos=<9661.73, 4.28, 12106.6>) GetInTransport CivilianSedan (1080525007)
16:21:44: Player "Jubub " (steam64id="76561198421574611" pos=<9660.93, 3.90, 12106.7>) GetOutTransport CivilianSedan (1080525007)
17:01:46: Player "Emissarius" (steam64id="76561198271087379" pos=<11095.2, 5.47, 8414.59>) GetInTransport Truck_01_Covered_Orange (835347349)
17:05:02: Player "Emissarius" (steam64id="76561198271087379" pos=<11056.9, 5.87, 8266.57>) StopEngine Truck_01_Covered_Orange (835347349)
17:05:08: Player "Emissarius" (steam64id="76561198271087379" pos=<11057.8, 4.39, 8265.98>) GetOutTransport Truck_01_Covered_Orange (835347349)
17:11:17: Player "[L.B] Santorin" (steam64id="76561199069721527" pos=<7353.45, 14.92, 7137.92>) GetInTransport Hatchback_02_Black (1536407335)
17:11:45: Player "[L.B] Santorin" (steam64id="76561199069721527" pos=<7354.3, 14.93, 7134.88>) StopEngine Hatchback_02_Black (1536407335)
17:11:50: Player "[L.B] Santorin" (steam64id="76561199069721527" pos=<7352.7, 15.57, 7133.52>) GetOutTransport Hatchback_02_Black (1536407335)
18:53:00: Object "Ada 4x4" (type="OffroadHatchback" pos=<7637.64, 12.23, 9779.15>) spawned (2069886655)
18:53:00: Object "Gunter 2" (type="Hatchback_02_Black" pos=<7353.96, 14.38, 7134.9>) spawned (1536407335)
18:53:00: Object "Olga 24" (type="CivilianSedan" pos=<9662.14, 3.61, 12106.4>) spawned (1080525007)
18:53:00: Object "M3S coberto" (type="Truck_01_Covered_Orange" pos=<11056.5, 4.32, 8267.42>) spawned (835347349)
18:53:00: Object "Sarka 120" (type="Sedan_02" pos=<10218.8, 4.26, 9279.84>) spawned (1552922911)
18:53:00: Object "Olga 24" (type="CivilianSedan_Wine" pos=<10693.4, 3.89, 8640.88>) spawned (2086140079)
18:53:00: Object "Gunter 2" (type="Hatchback_02" pos=<9405.37, 30.19, 6641.96>) spawned (944074891)
18:53:00: Object "Ada 4x4" (type="OffroadHatchback_White" pos=<7132.48, 20.86, 6957.54>) spawned (1618723063)
18:53:00: Object "Sarka 120" (type="Sedan_02_Grey" pos=<10013.2, 3.71, 14578.7>) spawned (609110173)
18:53:00: Object "M3S coberto" (type="Truck_01_Covered_Orange" pos=<9793.48, 9.25, 12600.8>) spawned (1255904695)
18:58:36: Object "Olga 24" (type="CivilianSedan" pos=<9662.13, 3.61, 12106.4>) spawned (1080525007)
18:58:36: Object "Olga 24" (type="CivilianSedan_Wine" pos=<10693.4, 3.89, 8640.88>) spawned (2086140079)
18:58:36: Object "M3S coberto" (type="Truck_01_Covered_Orange" pos=<9793.48, 9.25, 12600.8>) spawned (1255904695)
18:58:36: Object "Sarka 120" (type="Sedan_02" pos=<10218.8, 4.26, 9279.84>) spawned (1552922911)
18:58:36: Object "M3S coberto" (type="Truck_01_Covered_Orange" pos=<11056.5, 4.32, 8267.39>) spawned (835347349)
18:58:36: Object "Gunter 2" (type="Hatchback_02" pos=<9405.37, 30.20, 6641.96>) spawned (944074891)
18:58:36: Object "Sarka 120" (type="Sedan_02_Grey" pos=<10013.2, 3.72, 14578.7>) spawned (609110173)
18:58:36: Object "Ada 4x4" (type="OffroadHatchback" pos=<7637.65, 12.23, 9779.14>) spawned (2069886655)
18:58:36: Object "Gunter 2" (type="Hatchback_02_Black" pos=<7353.96, 14.38, 7134.91>) spawned (1536407335)
18:58:36: Object "Ada 4x4" (type="OffroadHatchback_White" pos=<7132.48, 20.86, 6957.54>) spawned (1618723063)
20:00:42: Object "Ada 4x4" (type="OffroadHatchback" pos=<7637.66, 12.23, 9779.13>) spawned (2069886655)
20:00:42: Object "Gunter 2" (type="Hatchback_02_Black" pos=<7353.96, 14.38, 7134.92>) spawned (1536407335)
20:00:42: Object "Ada 4x4" (type="OffroadHatchback_White" pos=<7132.48, 20.86, 6957.54>) spawned (1618723063)
20:00:42: Object "M3S coberto" (type="Truck_01_Covered_Orange" pos=<11056.5, 4.32, 8267.36>) spawned (835347349)
20:00:42: Object "M3S coberto" (type="Truck_01_Covered_Orange" pos=<9793.49, 9.25, 12600.8>) spawned (1255904695)
20:00:42: Object "Olga 24" (type="CivilianSedan_Wine" pos=<10693.4, 3.89, 8640.88>) spawned (2086140079)
20:00:42: Object "Sarka 120" (type="Sedan_02_Grey" pos=<10013.2, 3.72, 14578.7>) spawned (609110173)
20:00:42: Object "Sarka 120" (type="Sedan_02" pos=<10218.8, 4.26, 9279.84>) spawned (1552922911)
20:00:42: Object "Olga 24" (type="CivilianSedan" pos=<9662.13, 3.61, 12106.4>) spawned (1080525007)
20:00:42: Object "Gunter 2" (type="Hatchback_02" pos=<9405.37, 30.20, 6641.96>) spawned (944074891)
20:41:25: Player "Dixxt" (steam64id="76561199159398540" pos=<10012.9, 4.31, 14578.9>) GetInTransport Sedan_02_Grey (609110173)
20:41:38: Player "Dixxt" (steam64id="76561199159398540" pos=<10012.1, 3.77, 14578.9>) GetOutTransport Sedan_02_Grey (609110173)
21:53:22: Player "Biel FxR" (steam64id="76561198050836260" pos=<10218.5, 4.85, 9279.97>) GetInTransport Sedan_02 (1552922911)
21:53:26: Player "Biel FxR" (steam64id="76561198050836260" pos=<10217.7, 4.32, 9280.01>) GetOutTransport Sedan_02 (1552922911)
21:54:18: Player "Biel FxR" (steam64id="76561198050836260" pos=<10218.5, 4.85, 9279.97>) GetInTransport Sedan_02 (1552922911)
21:54:23: Player "TripaSeca" (steam64id="76561198093060507" pos=<10219.2, 4.82, 9279.92>) GetInTransport Sedan_02 (1552922911)
21:54:26: Player "TripaSeca" (steam64id="76561198093060507" pos=<10219.9, 4.52, 9280.06>) GetOutTransport Sedan_02 (1552922911)
21:54:27: Player "Biel FxR" (steam64id="76561198050836260" pos=<10217.7, 4.31, 9280.01>) GetOutTransport Sedan_02 (1552922911)
21:54:32: Player "TripaSeca" (steam64id="76561198093060507" pos=<10219.2, 4.82, 9279.92>) GetInTransport Sedan_02 (1552922911)
21:54:35: Player "Biel FxR" (steam64id="76561198050836260" pos=<10218.5, 4.85, 9279.97>) GetInTransport Sedan_02 (1552922911)
21:58:02: Player "TripaSeca" (steam64id="76561198093060507" pos=<7808.59, 9.14, 9715.19>) GetOutTransport Sedan_02 (1552922911)
21:58:02: Player "Biel FxR" (steam64id="76561198050836260" pos=<7808.06, 9.25, 9712.96>) GetOutTransport Sedan_02 (1552922911)
21:58:23: Player "Biel FxR" (steam64id="76561198050836260" pos=<7808.27, 9.78, 9713.76>) GetInTransport Sedan_02 (1552922911)
21:58:54: Player "Biel FxR" (steam64id="76561198050836260" pos=<7630.48, 13.80, 9795.25>) GetOutTransport Sedan_02 (1552922911)
22:02:54: Player "[EM]rodrigo" (steam64id="76561198046104047" pos=<9793.13, 10.76, 12601.7>) GetInTransport Truck_01_Covered_Orange (1255904695)
22:03:00: Player "[EM]rodrigo" (steam64id="76561198046104047" pos=<9792.19, 9.30, 12602.2>) GetOutTransport Truck_01_Covered_Orange (1255904695)
