00:00:26: Object "Sarka 120" (type="Sedan_02" pos=<7622.69, 13.20, 9803.17>) spawned (1552922911)
00:00:26: Object "Ada 4x4" (type="OffroadHatchback" pos=<7628.18, 13.26, 9796.66>) spawned (2069886655)
00:00:26: Object "Gunter 2" (type="Hatchback_02" pos=<7634.51, 13.27, 9791>) spawned (944074891)
00:00:26: Object "Olga 24" (type="CivilianSedan" pos=<7351.33, 14.32, 7135.38>) spawned (1080525007)
00:00:26: Object "Ada 4x4" (type="OffroadHatchback_White" pos=<7353.59, 14.37, 7135.02>) spawned (1618723063)
00:00:26: Object "M3S coberto" (type="Truck_01_Covered_Orange" pos=<11055.6, 4.49, 8266.63>) spawned (835347349)
00:00:26: Object "Olga 24" (type="CivilianSedan_Wine" pos=<11053.1, 4.19, 8266.79>) spawned (2086140079)
00:00:26: Object "Sarka 120" (type="Sedan_02_Grey" pos=<11054.6, 4.45, 8258.46>) spawned (609110173)
00:28:35: Player "TripaSeca" (steam64id="76561198093060507" pos=<7622.6, 13.77, 9803.54>) GetInTransport Sedan_02 (1552922911)
00:29:12: Player "TripaSeca" (steam64id="76561198093060507" pos=<7615.97, 13.20, 9814.67>) GetOutTransport Sedan_02 (1552922911)
01:17:07: Player "Biel FxR" (steam64id="76561198050836260" pos=<7628.46, 14.10, 9797.01>) GetInTransport OffroadHatchback (2069886655)
01:20:09: Player "Biel FxR" (steam64id="76561198050836260" pos=<7627.31, 14.11, 9783.4>) StopEngine OffroadHatchback (2069886655)
01:20:12: Player "Biel FxR" (steam64id="76561198050836260" pos=<7628.2, 13.15, 9783.65>) GetOutTransport OffroadHatchback (2069886655)
01:20:30: Player "Biel FxR" (steam64id="76561198050836260" pos=<7634.23, 13.82, 9790.81>) GetInTransport Hatchback_02 (944074891)
01:21:43: Player "Biel FxR" (steam64id="76561198050836260" pos=<7633.05, 13.82, 9787.35>) StopEngine Hatchback_02 (944074891)
01:21:46: Player "Biel FxR" (steam64id="76561198050836260" pos=<7632.33, 13.35, 9787.28>) GetOutTransport Hatchback_02 (944074891)
04:00:31: Object "Ada 4x4" (type="OffroadHatchback_White" pos=<7353.59, 14.37, 7135>) spawned (1618723063)
04:00:31: Object "Olga 24" (type="CivilianSedan" pos=<7351.33, 14.32, 7135.38>) spawned (1080525007)
04:00:31: Object "Olga 24" (type="CivilianSedan_Wine" pos=<11053.1, 4.19, 8266.79>) spawned (2086140079)
04:00:31: Object "M3S coberto" (type="Truck_01_Covered_Orange" pos=<11055.6, 4.49, 8266.63>) spawned (835347349)
04:00:31: Object "Sarka 120" (type="Sedan_02_Grey" pos=<11054.5, 4.45, 8258.46>) spawned (609110173)
04:00:31: Object "Sarka 120" (type="Sedan_02" pos=<7615.74, 13.20, 9815.82>) spawned (1552922911)
04:00:31: Object "Ada 4x4" (type="OffroadHatchback" pos=<7627, 13.26, 9783.06>) spawned (2069886655)
04:00:31: Object "Gunter 2" (type="Hatchback_02" pos=<7633.35, 13.27, 9787.49>) spawned (944074891)
08:00:25: Object "Olga 24" (type="CivilianSedan_Wine" pos=<11053.1, 4.19, 8266.78>) spawned (2086140079)
08:00:25: Object "M3S coberto" (type="Truck_01_Covered_Orange" pos=<11055.6, 4.49, 8266.59>) spawned (835347349)
08:00:25: Object "Sarka 120" (type="Sedan_02_Grey" pos=<11054.5, 4.45, 8258.46>) spawned (609110173)
08:00:25: Object "Ada 4x4" (type="OffroadHatchback" pos=<7626.99, 13.26, 9783.08>) spawned (2069886655)
08:00:25: Object "Gunter 2" (type="Hatchback_02" pos=<7633.35, 13.27, 9787.49>) spawned (944074891)
08:00:25: Object "Sarka 120" (type="Sedan_02" pos=<7615.71, 13.20, 9815.89>) spawned (1552922911)
08:00:25: Object "Ada 4x4" (type="OffroadHatchback_White" pos=<7353.59, 14.37, 7134.98>) spawned (1618723063)
08:00:25: Object "Olga 24" (type="CivilianSedan" pos=<7351.35, 14.32, 7135.44>) spawned (1080525007)
09:05:24: Object "Olga 24" (type="CivilianSedan_Wine" pos=<11053.1, 4.19, 8266.78>) spawned (2086140079)
09:05:24: Object "M3S coberto" (type="Truck_01_Covered_Orange" pos=<11055.6, 4.49, 8266.59>) spawned (835347349)
09:05:24: Object "Sarka 120" (type="Sedan_02_Grey" pos=<11054.5, 4.45, 8258.46>) spawned (609110173)
09:05:24: Object "Sarka 120" (type="Sedan_02" pos=<7615.72, 13.20, 9815.89>) spawned (1552922911)
09:05:24: Object "Gunter 2" (type="Hatchback_02" pos=<7633.35, 13.27, 9787.49>) spawned (944074891)
09:05:24: Object "Ada 4x4" (type="OffroadHatchback" pos=<7626.98, 13.26, 9783.1>) spawned (2069886655)
09:05:24: Object "Ada 4x4" (type="OffroadHatchback_White" pos=<7353.59, 14.37, 7134.96>) spawned (1618723063)
09:05:24: Object "Olga 24" (type="CivilianSedan" pos=<7351.35, 14.32, 7135.44>) spawned (1080525007)
10:35:34: Object "Ada 4x4" (type="OffroadHatchback_White" pos=<7353.59, 14.37, 7134.99>) spawned (1618723063)
10:35:34: Object "Olga 24" (type="CivilianSedan" pos=<7351.35, 14.32, 7135.46>) spawned (1080525007)
10:35:34: Object "Sarka 120" (type="Sedan_02" pos=<7615.73, 13.20, 9815.89>) spawned (1552922911)
10:35:34: Object "Gunter 2" (type="Hatchback_02" pos=<7633.35, 13.27, 9787.49>) spawned (944074891)
10:35:34: Object "Ada 4x4" (type="OffroadHatchback" pos=<7626.98, 13.26, 9783.1>) spawned (2069886655)
10:35:34: Object "Sarka 120" (type="Sedan_02_Grey" pos=<11054.5, 4.45, 8258.46>) spawned (609110173)
10:35:34: Object "M3S coberto" (type="Truck_01_Covered_Orange" pos=<11055.6, 4.49, 8266.59>) spawned (835347349)
10:35:34: Object "Olga 24" (type="CivilianSedan_Wine" pos=<11053.1, 4.19, 8266.78>) spawned (2086140079)
12:00:25: Object "Ada 4x4" (type="OffroadHatchback" pos=<7626.97, 13.26, 9783.12>) spawned (2069886655)
12:00:25: Object "Gunter 2" (type="Hatchback_02" pos=<7633.35, 13.27, 9787.49>) spawned (944074891)
12:00:25: Object "Sarka 120" (type="Sedan_02" pos=<7615.72, 13.20, 9815.89>) spawned (1552922911)
12:00:25: Object "Olga 24" (type="CivilianSedan" pos=<7351.35, 14.32, 7135.47>) spawned (1080525007)
12:00:25: Object "Ada 4x4" (type="OffroadHatchback_White" pos=<7353.59, 14.37, 7134.97>) spawned (1618723063)
12:00:25: Object "Sarka 120" (type="Sedan_02_Grey" pos=<11054.5, 4.45, 8258.46>) spawned (609110173)
12:00:25: Object "M3S coberto" (type="Truck_01_Covered_Orange" pos=<11055.6, 4.49, 8266.59>) spawned (835347349)
12:00:25: Object "Olga 24" (type="CivilianSedan_Wine" pos=<11053.1, 4.19, 8266.77>) spawned (2086140079)
16:00:25: Object "Ada 4x4" (type="OffroadHatchback_White" pos=<7353.59, 14.37, 7134.95>) spawned (1618723063)
16:00:25: Object "Olga 24" (type="CivilianSedan" pos=<7351.35, 14.33, 7135.46>) spawned (1080525007)
16:00:25: Object "Sarka 120" (type="Sedan_02" pos=<7615.72, 13.20, 9815.89>) spawned (1552922911)
16:00:25: Object "Gunter 2" (type="Hatchback_02" pos=<7633.35, 13.27, 9787.49>) spawned (944074891)
16:00:25: Object "Ada 4x4" (type="OffroadHatchback" pos=<7626.97, 13.26, 9783.12>) spawned (2069886655)
16:00:25: Object "M3S coberto" (type="Truck_01_Covered_Orange" pos=<11055.6, 4.49, 8266.55>) spawned (835347349)
16:00:25: Object "Olga 24" (type="CivilianSedan_Wine" pos=<11053.1, 4.19, 8266.77>) spawned (2086140079)
16:00:25: Object "Sarka 120" (type="Sedan_02_Grey" pos=<11054.5, 4.45, 8258.46>) spawned (609110173)
20:00:29: Object "Olga 24" (type="CivilianSedan" pos=<7351.35, 14.32, 7135.44>) spawned (1080525007)
20:00:29: Object "Ada 4x4" (type="OffroadHatchback_White" pos=<7353.59, 14.37, 7134.94>) spawned (1618723063)
20:00:29: Object "Sarka 120" (type="Sedan_02" pos=<7615.73, 13.20, 9815.89>) spawned (1552922911)
20:00:29: Object "Gunter 2" (type="Hatchback_02" pos=<7633.35, 13.27, 9787.49>) spawned (944074891)
20:00:29: Object "Ada 4x4" (type="OffroadHatchback" pos=<7626.95, 13.26, 9783.16>) spawned (2069886655)
20:00:29: Object "M3S coberto" (type="Truck_01_Covered_Orange" pos=<11055.6, 4.49, 8266.55>) spawned (835347349)
20:00:29: Object "Olga 24" (type="CivilianSedan_Wine" pos=<11053.1, 4.19, 8266.77>) spawned (2086140079)
20:00:29: Object "Sarka 120" (type="Sedan_02_Grey" pos=<11054.5, 4.45, 8258.46>) spawned (609110173)
21:36:52: Object "Olga 24" (type="CivilianSedan" pos=<7351.35, 14.32, 7135.44>) spawned (1080525007)
21:36:52: Object "Ada 4x4" (type="OffroadHatchback_White" pos=<7353.59, 14.37, 7134.96>) spawned (1618723063)
21:36:52: Object "Sarka 120" (type="Sedan_02" pos=<7615.72, 13.20, 9815.89>) spawned (1552922911)
21:36:52: Object "Gunter 2" (type="Hatchback_02" pos=<7633.35, 13.27, 9787.49>) spawned (944074891)
21:36:52: Object "Ada 4x4" (type="OffroadHatchback" pos=<7626.95, 13.26, 9783.16>) spawned (2069886655)
21:36:52: Object "Sarka 120" (type="Sedan_02_Grey" pos=<11054.6, 4.45, 8258.46>) spawned (609110173)
21:36:52: Object "M3S coberto" (type="Truck_01_Covered_Orange" pos=<11055.6, 4.49, 8266.53>) spawned (835347349)
21:36:52: Object "Olga 24" (type="CivilianSedan_Wine" pos=<11053.1, 4.19, 8266.78>) spawned (2086140079)
