00:00:28: Object "Sarka 120" (type="Sedan_02" pos=<7634.48, 13.20, 9790.73>) spawned (1552922911)
00:00:28: Object "Ada 4x4" (type="OffroadHatchback" pos=<7636.34, 12.23, 9780.89>) spawned (2069886655)
00:00:28: Object "Gunter 2" (type="Hatchback_02" pos=<7631.22, 12.24, 9776.88>) spawned (944074891)
00:00:28: Object "Olga 24" (type="CivilianSedan_Wine" pos=<11053.2, 4.19, 8266.88>) spawned (2086140079)
00:00:28: Object "M3S coberto" (type="Truck_01_Covered_Orange" pos=<11056.3, 4.49, 8267.26>) spawned (835347349)
00:00:28: Object "Sarka 120" (type="Sedan_02_Grey" pos=<11058.2, 4.20, 8274.53>) spawned (609110173)
00:00:28: Object "Olga 24" (type="CivilianSedan" pos=<7352.45, 14.32, 7136.38>) spawned (1080525007)
00:00:28: Object "Ada 4x4" (type="OffroadHatchback_White" pos=<7132.4, 20.86, 6957.56>) spawned (1618723063)
02:14:13: Player "[YKZ]-BlackBear" (steam64id="76561198343030820" pos=<11056.7, 5.87, 8266.35>) GetInTransport Truck_01_Covered_Orange (835347349)
02:15:26: Player "[YKZ]-BlackBear" (steam64id="76561198343030820" pos=<11047.8, 5.93, 8258.51>) StopEngine Truck_01_Covered_Orange (835347349)
02:15:29: Player "[YKZ]-BlackBear" (steam64id="76561198343030820" pos=<11047.8, 6.01, 8258.52>) GetOutTransport Truck_01_Covered_Orange (835347349)
02:15:46: Player "[YKZ]-BlackBear" (steam64id="76561198343030820" pos=<11047.8, 5.92, 8258.51>) GetInTransport Truck_01_Covered_Orange (835347349)
02:16:43: Player "[YKZ]-BlackBear" (steam64id="76561198343030820" pos=<11050.6, 5.98, 8258.46>) StopEngine Truck_01_Covered_Orange (835347349)
02:16:46: Player "[YKZ]-BlackBear" (steam64id="76561198343030820" pos=<11048.9, 4.99, 8258.62>) GetOutTransport Truck_01_Covered_Orange (835347349)
02:17:29: Player "[YKZ]-BlackBear" (steam64id="76561198343030820" pos=<11050.6, 5.98, 8258.46>) GetInTransport Truck_01_Covered_Orange (835347349)
02:18:51: Player "[YKZ]-BlackBear" (steam64id="76561198343030820" pos=<11066.9, 6.23, 8206.22>) StopEngine Truck_01_Covered_Orange (835347349)
02:18:58: Player "[YKZ]-BlackBear" (steam64id="76561198343030820" pos=<11065.8, 4.87, 8206.74>) GetOutTransport Truck_01_Covered_Orange (835347349)
02:26:10: Player "[YKZ]-tappes" (steam64id="76561198990092287" pos=<11066.9, 6.22, 8206.23>) GetInTransport Truck_01_Covered_Orange (835347349)
02:26:17: Player "[YKZ]-tappes" (steam64id="76561198990092287" pos=<11066.3, 5.96, 8206.67>) GetOutTransport Truck_01_Covered_Orange (835347349)
02:54:22: Player "[YKZ]-BlackBear" (steam64id="76561198343030820" pos=<11066.9, 6.22, 8206.23>) GetInTransport Truck_01_Covered_Orange (835347349)
02:54:57: Player "[YKZ]-BlackBear" (steam64id="76561198343030820" pos=<11065.8, 4.88, 8206.74>) GetOutTransport Truck_01_Covered_Orange (835347349)
02:55:12: Player "[YKZ]-BlackBear" (steam64id="76561198343030820" pos=<11066.9, 6.22, 8206.23>) GetInTransport Truck_01_Covered_Orange (835347349)
02:56:11: Player "[YKZ]-BlackBear" (steam64id="76561198343030820" pos=<11093.4, 5.48, 8414.14>) StopEngine Truck_01_Covered_Orange (835347349)
02:56:16: Player "[YKZ]-BlackBear" (steam64id="76561198343030820" pos=<11092.6, 4.58, 8416.33>) GetOutTransport Truck_01_Covered_Orange (835347349)
03:37:41: Player "[YKZ]-BlackBear" (steam64id="76561198343030820" pos=<11093.4, 5.47, 8414.14>) GetInTransport Truck_01_Covered_Orange (835347349)
03:39:16: Player "[YKZ]-BlackBear" (steam64id="76561198343030820" pos=<11026.5, 6.25, 8269.63>) StopEngine Truck_01_Covered_Orange (835347349)
03:39:19: Player "[YKZ]-BlackBear" (steam64id="76561198343030820" pos=<11027.2, 5.55, 8269.27>) GetOutTransport Truck_01_Covered_Orange (835347349)
03:41:20: Player "[YKZ]-BlackBear" (steam64id="76561198343030820" pos=<11026.5, 6.24, 8269.63>) GetInTransport Truck_01_Covered_Orange (835347349)
03:41:57: Player "[YKZ]-BlackBear" (steam64id="76561198343030820" pos=<11055.3, 5.87, 8267.6>) StopEngine Truck_01_Covered_Orange (835347349)
03:42:01: Player "[YKZ]-BlackBear" (steam64id="76561198343030820" pos=<11054.5, 5.13, 8268.19>) GetOutTransport Truck_01_Covered_Orange (835347349)
04:00:23: Object "Sarka 120" (type="Sedan_02" pos=<7634.48, 13.20, 9790.73>) spawned (1552922911)
04:00:23: Object "Ada 4x4" (type="OffroadHatchback" pos=<7636.34, 12.23, 9780.87>) spawned (2069886655)
04:00:23: Object "Gunter 2" (type="Hatchback_02" pos=<7631.22, 12.24, 9776.88>) spawned (944074891)
04:00:23: Object "Ada 4x4" (type="OffroadHatchback_White" pos=<7132.4, 20.86, 6957.55>) spawned (1618723063)
04:00:23: Object "Olga 24" (type="CivilianSedan" pos=<7352.45, 14.32, 7136.37>) spawned (1080525007)
04:00:23: Object "Sarka 120" (type="Sedan_02_Grey" pos=<11058.2, 4.36, 8274.53>) spawned (609110173)
04:00:23: Object "Olga 24" (type="CivilianSedan_Wine" pos=<11053.1, 4.19, 8266.79>) spawned (2086140079)
04:00:23: Object "M3S coberto" (type="Truck_01_Covered_Orange" pos=<11055.5, 4.49, 8266.66>) spawned (835347349)
04:01:17: Player "GabrielLobato" (steam64id="76561198158375860" pos=<11058.1, 4.88, 8275.31>) GetInTransport Sedan_02_Grey (609110173)
04:01:22: Player "General2323" (steam64id="76561198300843847" pos=<11057.8, 4.93, 8274.5>) GetInTransport Sedan_02_Grey (609110173)
04:01:30: Player "[YKZ]-BlackBear" (steam64id="76561198343030820" pos=<11058.5, 4.93, 8274.32>) GetInTransport Sedan_02_Grey (609110173)
04:01:33: Player "[YKZ]-BlackBear" (steam64id="76561198343030820" pos=<11059.3, 4.39, 8274.14>) GetOutTransport Sedan_02_Grey (609110173)
04:01:42: Player "GabrielLobato" (steam64id="76561198158375860" pos=<11057.2, 4.39, 8275.57>) GetOutTransport Sedan_02_Grey (609110173)
04:01:54: Player "GabrielLobato" (steam64id="76561198158375860" pos=<11058.1, 4.88, 8275.31>) GetInTransport Sedan_02_Grey (609110173)
04:02:04: Player "[YKZ]-BlackBear" (steam64id="76561198343030820" pos=<11058.5, 4.93, 8274.32>) GetInTransport Sedan_02_Grey (609110173)
04:02:23: Player "GabrielLobato" (steam64id="76561198158375860" pos=<11055.9, 4.21, 8286.26>) GetOutTransport Sedan_02_Grey (609110173)
04:02:24: Player "[YKZ]-BlackBear" (steam64id="76561198343030820" pos=<11057.3, 4.74, 8287.47>) StopEngine Sedan_02_Grey (609110173)
04:02:26: Player "[YKZ]-BlackBear" (steam64id="76561198343030820" pos=<11057.5, 4.19, 8288.22>) GetOutTransport Sedan_02_Grey (609110173)
04:02:29: Player "GabrielLobato" (steam64id="76561198158375860" pos=<11056.2, 4.72, 8287.1>) GetInTransport Sedan_02_Grey (609110173)
04:02:40: Player "[YKZ]-BlackBear" (steam64id="76561198343030820" pos=<11057.3, 4.74, 8287.47>) GetInTransport Sedan_02_Grey (609110173)
04:07:51: Player "GabrielLobato" (steam64id="76561198158375860" pos=<10229.8, 36.80, 6274.34>) GetOutTransport Sedan_02_Grey (609110173)
04:07:54: Player "General2323" (steam64id="76561198300843847" pos=<10228.8, 36.29, 6275.2>) GetOutTransport Sedan_02_Grey (609110173)
04:08:11: Player "[YKZ]-BlackBear" (steam64id="76561198343030820" pos=<10229.1, 36.26, 6272.92>) GetOutTransport Sedan_02_Grey (609110173)
04:08:22: Player "GabrielLobato" (steam64id="76561198158375860" pos=<10229.8, 36.80, 6274.45>) GetInTransport Sedan_02_Grey (609110173)
04:08:25: Player "GabrielLobato" (steam64id="76561198158375860" pos=<10229.8, 36.32, 6275.35>) GetOutTransport Sedan_02_Grey (609110173)
04:09:46: Player "[YKZ]-tappes" (steam64id="76561198990092287" pos=<10229.9, 36.80, 6273.79>) GetInTransport Sedan_02_Grey (609110173)
04:09:52: Player "GabrielLobato" (steam64id="76561198158375860" pos=<10229, 36.85, 6274.44>) GetInTransport Sedan_02_Grey (609110173)
04:09:56: Player "Seekerzao" (steam64id="76561198067793781" pos=<10229.8, 36.80, 6274.45>) GetInTransport Sedan_02_Grey (609110173)
04:10:18: Player "[YKZ]-BlackBear" (steam64id="76561198343030820" pos=<10229, 36.84, 6273.71>) GetInTransport Sedan_02_Grey (609110173)
04:10:54: Player "[YKZ]-BlackBear" (steam64id="76561198343030820" pos=<10305.4, 35.19, 6187.62>) GetOutTransport Sedan_02_Grey (609110173)
04:10:56: Player "[YKZ]-tappes" (steam64id="76561198990092287" pos=<10304.6, 35.20, 6187.59>) GetOutTransport Sedan_02_Grey (609110173)
04:10:56: Player "GabrielLobato" (steam64id="76561198158375860" pos=<10305.6, 35.16, 6185.33>) GetOutTransport Sedan_02_Grey (609110173)
04:10:59: Player "Seekerzao" (steam64id="76561198067793781" pos=<10304.5, 35.16, 6185.21>) GetOutTransport Sedan_02_Grey (609110173)
04:11:16: Player "Seekerzao" (steam64id="76561198067793781" pos=<10304.6, 35.70, 6186.11>) GetInTransport Sedan_02_Grey (609110173)
04:11:18: Player "[YKZ]-tappes" (steam64id="76561198990092287" pos=<10304.6, 35.71, 6186.76>) GetInTransport Sedan_02_Grey (609110173)
04:11:21: Player "GabrielLobato" (steam64id="76561198158375860" pos=<10305.4, 35.74, 6186.08>) GetInTransport Sedan_02_Grey (609110173)
04:11:25: Player "[YKZ]-BlackBear" (steam64id="76561198343030820" pos=<10305.4, 35.75, 6186.8>) GetInTransport Sedan_02_Grey (609110173)
04:11:42: Player "GabrielLobato" (steam64id="76561198158375860" pos=<10305.3, 35.81, 6186.48>) GetOutTransport Sedan_02_Grey (609110173)
04:11:58: Player "[YKZ]-BlackBear" (steam64id="76561198343030820" pos=<10304.5, 35.83, 6186.34>) GetOutTransport Sedan_02_Grey (609110173)
04:12:14: Player "GabrielLobato" (steam64id="76561198158375860" pos=<10305.4, 35.82, 6186.07>) GetInTransport Sedan_02_Grey (609110173)
04:12:16: Player "[YKZ]-BlackBear" (steam64id="76561198343030820" pos=<10305.4, 35.82, 6186.79>) GetInTransport Sedan_02_Grey (609110173)
04:13:57: Player "[YKZ]-BlackBear" (steam64id="76561198343030820" pos=<11308.5, 31.13, 6362.48>) StopEngine Sedan_02_Grey (609110173)
04:13:59: Player "GabrielLobato" (steam64id="76561198158375860" pos=<11307.2, 30.37, 6362.1>) GetOutTransport Sedan_02_Grey (609110173)
04:14:00: Player "[YKZ]-BlackBear" (steam64id="76561198343030820" pos=<11309.4, 30.67, 6362.66>) GetOutTransport Sedan_02_Grey (609110173)
04:14:00: Player "[YKZ]-tappes" (steam64id="76561198990092287" pos=<11309.2, 30.68, 6363.45>) GetOutTransport Sedan_02_Grey (609110173)
04:14:02: Player "Seekerzao" (steam64id="76561198067793781" pos=<11306.9, 30.37, 6363.12>) GetOutTransport Sedan_02_Grey (609110173)
04:14:28: Player "[YKZ]-BlackBear" (steam64id="76561198343030820" pos=<11308.5, 31.13, 6362.48>) GetInTransport Sedan_02_Grey (609110173)
04:14:31: Player "Seekerzao" (steam64id="76561198067793781" pos=<11307.7, 31.01, 6363.2>) GetInTransport Sedan_02_Grey (609110173)
04:14:33: Player "GabrielLobato" (steam64id="76561198158375860" pos=<11307.8, 31.03, 6362.36>) GetInTransport Sedan_02_Grey (609110173)
04:14:43: Player "[YKZ]-tappes" (steam64id="76561198990092287" pos=<11308.4, 31.10, 6363.31>) GetInTransport Sedan_02_Grey (609110173)
04:16:08: Player "GabrielLobato" (steam64id="76561198158375860" pos=<11531, 35.09, 6613.11>) GetOutTransport Sedan_02_Grey (609110173)
04:16:08: Player "[YKZ]-tappes" (steam64id="76561198990092287" pos=<11533.4, 35.13, 6612.53>) GetOutTransport Sedan_02_Grey (609110173)
04:16:09: Player "[YKZ]-BlackBear" (steam64id="76561198343030820" pos=<11532.9, 35.05, 6611.88>) GetOutTransport Sedan_02_Grey (609110173)
04:16:12: Player "Seekerzao" (steam64id="76561198067793781" pos=<11531.5, 35.20, 6614>) GetOutTransport Sedan_02_Grey (609110173)
04:29:43: Player "[YKZ]-BlackBear" (steam64id="76561198343030820" pos=<11532.3, 35.64, 6612.29>) GetInTransport Sedan_02_Grey (609110173)
04:29:46: Player "Seekerzao" (steam64id="76561198067793781" pos=<11532.2, 35.70, 6613.38>) GetInTransport Sedan_02_Grey (609110173)
04:30:07: Player "[YKZ]-BlackBear" (steam64id="76561198343030820" pos=<11532.9, 35.05, 6611.88>) GetOutTransport Sedan_02_Grey (609110173)
04:30:12: Player "[YKZ]-BlackBear" (steam64id="76561198343030820" pos=<11532.3, 35.63, 6612.29>) GetInTransport Sedan_02_Grey (609110173)
04:30:15: Player "[YKZ]-BlackBear" (steam64id="76561198343030820" pos=<11532.9, 35.06, 6611.88>) GetOutTransport Sedan_02_Grey (609110173)
04:30:26: Player "Seekerzao" (steam64id="76561198067793781" pos=<11531.5, 35.19, 6614>) GetOutTransport Sedan_02_Grey (609110173)
04:30:35: Player "[YKZ]-BlackBear" (steam64id="76561198343030820" pos=<11532.3, 35.63, 6612.29>) GetInTransport Sedan_02_Grey (609110173)
04:30:38: Player "Seekerzao" (steam64id="76561198067793781" pos=<11532.2, 35.69, 6613.38>) GetInTransport Sedan_02_Grey (609110173)
04:30:38: Player "[YKZ]-BlackBear" (steam64id="76561198343030820" pos=<11532.9, 35.06, 6611.88>) GetOutTransport Sedan_02_Grey (609110173)
04:30:40: Player "GabrielLobato" (steam64id="76561198158375860" pos=<11531.7, 35.65, 6612.72>) GetInTransport Sedan_02_Grey (609110173)
04:30:46: Player "[YKZ]-BlackBear" (steam64id="76561198343030820" pos=<11532.3, 35.63, 6612.29>) GetInTransport Sedan_02_Grey (609110173)
04:31:20: Player "[YKZ]-tappes" (steam64id="76561198990092287" pos=<11549.8, 41.19, 6642.16>) GetInTransport Sedan_02_Grey (609110173)
04:34:30: Player "[YKZ]-BlackBear" (steam64id="76561198343030820" pos=<11704.5, 4.13, 7876.94>) GetOutTransport Sedan_02_Grey (609110173)
04:34:30: Player "GabrielLobato" (steam64id="76561198158375860" pos=<11706, 4.09, 7878.7>) GetOutTransport Sedan_02_Grey (609110173)
04:34:32: Player "[YKZ]-tappes" (steam64id="76561198990092287" pos=<11705.1, 4.14, 7876.39>) GetOutTransport Sedan_02_Grey (609110173)
04:34:38: Player "Seekerzao" (steam64id="76561198067793781" pos=<11706.8, 4.16, 7878.04>) GetOutTransport Sedan_02_Grey (609110173)
04:36:00: Player "[YKZ]-BlackBear" (steam64id="76561198343030820" pos=<11705, 4.69, 7877.55>) GetInTransport Sedan_02_Grey (609110173)
04:36:34: Player "[YKZ]-BlackBear" (steam64id="76561198343030820" pos=<11699.8, 4.09, 7881.58>) GetOutTransport Sedan_02_Grey (609110173)
04:36:52: Player "[YKZ]-BlackBear" (steam64id="76561198343030820" pos=<11700.3, 4.66, 7882.16>) GetInTransport Sedan_02_Grey (609110173)
04:37:03: Player "[YKZ]-BlackBear" (steam64id="76561198343030820" pos=<11689.1, 4.62, 7896.92>) GetOutTransport Sedan_02_Grey (609110173)
04:37:44: Player "[YKZ]-tappes" (steam64id="76561198990092287" pos=<11690.2, 4.92, 7898.03>) GetInTransport Sedan_02_Grey (609110173)
04:37:52: Player "[YKZ]-tappes" (steam64id="76561198990092287" pos=<11690.6, 4.24, 7898.65>) GetOutTransport Sedan_02_Grey (609110173)
04:38:36: Player "[YKZ]-tappes" (steam64id="76561198990092287" pos=<11690.2, 4.92, 7898.03>) GetInTransport Sedan_02_Grey (609110173)
04:38:51: Player "Seekerzao" (steam64id="76561198067793781" pos=<11690.8, 4.87, 7897.39>) GetInTransport Sedan_02_Grey (609110173)
04:39:04: Player "[YKZ]-BlackBear" (steam64id="76561198343030820" pos=<11689.7, 5.02, 7897.54>) GetInTransport Sedan_02_Grey (609110173)
04:39:27: Player "GabrielLobato" (steam64id="76561198158375860" pos=<11690.3, 4.97, 7896.94>) GetInTransport Sedan_02_Grey (609110173)
04:41:05: Player "GabrielLobato" (steam64id="76561198158375860" pos=<11096.1, 4.01, 8414.86>) GetOutTransport Sedan_02_Grey (609110173)
04:41:09: Player "Seekerzao" (steam64id="76561198067793781" pos=<11094.7, 3.96, 8416.74>) GetOutTransport Sedan_02_Grey (609110173)
04:41:09: Player "[YKZ]-tappes" (steam64id="76561198990092287" pos=<11093, 4.34, 8416.61>) GetOutTransport Sedan_02_Grey (609110173)
04:41:11: Player "[YKZ]-BlackBear" (steam64id="76561198343030820" pos=<11095.5, 3.97, 8414.34>) GetOutTransport Sedan_02_Grey (609110173)
04:46:05: Player "[YKZ]-tappes" (steam64id="76561198990092287" pos=<11094.5, 4.54, 8415.5>) GetInTransport Sedan_02_Grey (609110173)
04:46:44: Player "[YKZ]-tappes" (steam64id="76561198990092287" pos=<11093, 4.34, 8416.61>) GetOutTransport Sedan_02_Grey (609110173)
04:47:08: Player "[YKZ]-tappes" (steam64id="76561198990092287" pos=<11094.5, 4.54, 8415.5>) GetInTransport Sedan_02_Grey (609110173)
04:47:12: Player "[YKZ]-tappes" (steam64id="76561198990092287" pos=<11093, 4.34, 8416.61>) GetOutTransport Sedan_02_Grey (609110173)
04:48:48: Player "[YKZ]-tappes" (steam64id="76561198990092287" pos=<11094.5, 4.54, 8415.5>) GetInTransport Sedan_02_Grey (609110173)
04:49:06: Player "Seekerzao" (steam64id="76561198067793781" pos=<11095.2, 4.49, 8416.02>) GetInTransport Sedan_02_Grey (609110173)
04:49:11: Player "[YKZ]-BlackBear" (steam64id="76561198343030820" pos=<11095, 4.54, 8414.95>) GetInTransport Sedan_02_Grey (609110173)
04:49:13: Player "[YKZ]-BlackBear" (steam64id="76561198343030820" pos=<11095.5, 4.01, 8414.34>) GetOutTransport Sedan_02_Grey (609110173)
04:49:14: Player "GabrielLobato" (steam64id="76561198158375860" pos=<11095.6, 4.49, 8415.51>) GetInTransport Sedan_02_Grey (609110173)
04:49:24: Player "GabrielLobato" (steam64id="76561198158375860" pos=<11096.2, 3.96, 8414.81>) GetOutTransport Sedan_02_Grey (609110173)
04:49:27: Player "Seekerzao" (steam64id="76561198067793781" pos=<11094.3, 4.92, 8416.02>) GetOutTransport Sedan_02_Grey (609110173)
04:50:17: Player "Seekerzao" (steam64id="76561198067793781" pos=<11095.2, 4.49, 8416.02>) GetInTransport Sedan_02_Grey (609110173)
04:50:57: Player "GabrielLobato" (steam64id="76561198158375860" pos=<11095.6, 4.49, 8415.51>) GetInTransport Sedan_02_Grey (609110173)
04:51:05: Player "[YKZ]-BlackBear" (steam64id="76561198343030820" pos=<11095, 4.54, 8414.95>) GetInTransport Sedan_02_Grey (609110173)
04:55:04: Player "[YKZ]-BlackBear" (steam64id="76561198343030820" pos=<8952.06, 15.60, 9439.58>) GetOutTransport Sedan_02_Grey (609110173)
04:55:05: Player "[YKZ]-tappes" (steam64id="76561198990092287" pos=<8949.68, 15.61, 9439.33>) GetOutTransport Sedan_02_Grey (609110173)
04:55:06: Player "GabrielLobato" (steam64id="76561198158375860" pos=<8951.99, 15.59, 9440.38>) GetOutTransport Sedan_02_Grey (609110173)
04:55:08: Player "Seekerzao" (steam64id="76561198067793781" pos=<8949.61, 15.60, 9440.38>) GetOutTransport Sedan_02_Grey (609110173)
04:57:30: Player "GabrielLobato" (steam64id="76561198158375860" pos=<8951.17, 16.13, 9440.38>) GetInTransport Sedan_02_Grey (609110173)
04:57:33: Player "[YKZ]-BlackBear" (steam64id="76561198343030820" pos=<8951.23, 16.18, 9439.54>) GetInTransport Sedan_02_Grey (609110173)
04:57:35: Player "[YKZ]-tappes" (steam64id="76561198990092287" pos=<8950.51, 16.13, 9440.37>) GetInTransport Sedan_02_Grey (609110173)
04:57:42: Player "Seekerzao" (steam64id="76561198067793781" pos=<8950.51, 16.18, 9439.52>) GetInTransport Sedan_02_Grey (609110173)
04:57:46: Player "[YKZ]-BlackBear" (steam64id="76561198343030820" pos=<8952.03, 15.64, 9439.59>) GetOutTransport Sedan_02_Grey (609110173)
04:58:05: Player "[YKZ]-tappes" (steam64id="76561198990092287" pos=<8951.4, 16.11, 9440.35>) GetOutTransport Sedan_02_Grey (609110173)
04:58:10: Player "GabrielLobato" (steam64id="76561198158375860" pos=<8951.99, 15.59, 9440.39>) GetOutTransport Sedan_02_Grey (609110173)
04:58:24: Player "Seekerzao" (steam64id="76561198067793781" pos=<8949.75, 15.89, 9439.33>) GetOutTransport Sedan_02_Grey (609110173)
04:58:36: Player "[YKZ]-tappes" (steam64id="76561198990092287" pos=<8950.51, 16.13, 9440.36>) GetInTransport Sedan_02_Grey (609110173)
04:58:40: Player "[YKZ]-BlackBear" (steam64id="76561198343030820" pos=<8951.23, 16.18, 9439.54>) GetInTransport Sedan_02_Grey (609110173)
04:58:43: Player "Seekerzao" (steam64id="76561198067793781" pos=<8950.51, 16.18, 9439.52>) GetInTransport Sedan_02_Grey (609110173)
04:58:48: Player "GabrielLobato" (steam64id="76561198158375860" pos=<8951.17, 16.13, 9440.39>) GetInTransport Sedan_02_Grey (609110173)
04:59:57: Player "[YKZ]-tappes" (steam64id="76561198990092287" pos=<8544.18, 26.13, 9475.05>) GetOutTransport Sedan_02_Grey (609110173)
05:00:02: Player "Seekerzao" (steam64id="76561198067793781" pos=<8539.58, 25.38, 9478.15>) GetOutTransport Sedan_02_Grey (609110173)
05:00:10: Player "[YKZ]-tappes" (steam64id="76561198990092287" pos=<8531.46, 25.58, 9480.33>) GetInTransport Sedan_02_Grey (609110173)
05:00:13: Player "Seekerzao" (steam64id="76561198067793781" pos=<8530.55, 25.60, 9480.7>) GetInTransport Sedan_02_Grey (609110173)
05:02:45: Player "[YKZ]-tappes" (steam64id="76561198990092287" pos=<7428.69, 16.26, 8633.02>) GetOutTransport Sedan_02_Grey (609110173)
05:02:50: Player "GabrielLobato" (steam64id="76561198158375860" pos=<7413.25, 15.83, 8634.46>) GetOutTransport Sedan_02_Grey (609110173)
05:02:54: Player "Seekerzao" (steam64id="76561198067793781" pos=<7413.08, 16.07, 8636.98>) GetOutTransport Sedan_02_Grey (609110173)
05:03:24: Player "[YKZ]-BlackBear" (steam64id="76561198343030820" pos=<7412.76, 16.38, 8635.55>) StopEngine Sedan_02_Grey (609110173)
05:03:28: Player "[YKZ]-BlackBear" (steam64id="76561198343030820" pos=<7412.52, 15.83, 8634.76>) GetOutTransport Sedan_02_Grey (609110173)
05:09:09: Player "Seekerzao" (steam64id="76561198067793781" pos=<7412.99, 16.35, 8636.23>) GetInTransport Sedan_02_Grey (609110173)
05:09:27: Player "[YKZ]-tappes" (steam64id="76561198990092287" pos=<7413.57, 16.33, 8635.31>) GetInTransport Sedan_02_Grey (609110173)
05:09:51: Player "[YKZ]-BlackBear" (steam64id="76561198343030820" pos=<7412.76, 16.37, 8635.55>) GetInTransport Sedan_02_Grey (609110173)
05:09:56: Player "GabrielLobato" (steam64id="76561198158375860" pos=<7413.78, 16.30, 8635.93>) GetInTransport Sedan_02_Grey (609110173)
05:10:42: Player "GabrielLobato" (steam64id="76561198158375860" pos=<7575.96, 14.31, 8889.02>) GetOutTransport Sedan_02_Grey (609110173)
05:10:49: Player "GabrielLobato" (steam64id="76561198158375860" pos=<7576.27, 14.35, 8888.88>) GetInTransport Sedan_02_Grey (609110173)
05:17:33: Player "[YKZ]-BlackBear" (steam64id="76561198343030820" pos=<10324.4, 4.44, 10287.6>) GetOutTransport Sedan_02_Grey (609110173)
05:17:43: Player "[YKZ]-tappes" (steam64id="76561198990092287" pos=<10324.5, 4.41, 10286.8>) GetOutTransport Sedan_02_Grey (609110173)
05:17:47: Player "GabrielLobato" (steam64id="76561198158375860" pos=<10325.6, 4.88, 10286.8>) GetOutTransport Sedan_02_Grey (609110173)
05:17:54: Player "Seekerzao" (steam64id="76561198067793781" pos=<10326.8, 4.42, 10287.8>) GetOutTransport Sedan_02_Grey (609110173)
05:18:25: Player "Seekerzao" (steam64id="76561198067793781" pos=<10326, 4.98, 10287.6>) GetInTransport Sedan_02_Grey (609110173)
05:18:29: Player "[YKZ]-tappes" (steam64id="76561198990092287" pos=<10325.3, 4.89, 10286.8>) GetInTransport Sedan_02_Grey (609110173)
05:18:47: Player "[YKZ]-BlackBear" (steam64id="76561198343030820" pos=<10325.2, 4.98, 10287.6>) GetInTransport Sedan_02_Grey (609110173)
05:18:49: Player "[YKZ]-BlackBear" (steam64id="76561198343030820" pos=<10324.4, 4.45, 10287.6>) GetOutTransport Sedan_02_Grey (609110173)
05:18:52: Player "[YKZ]-BlackBear" (steam64id="76561198343030820" pos=<10325.2, 4.97, 10287.6>) GetInTransport Sedan_02_Grey (609110173)
05:18:55: Player "GabrielLobato" (steam64id="76561198158375860" pos=<10325.9, 4.89, 10286.8>) GetInTransport Sedan_02_Grey (609110173)
05:20:53: Player "[YKZ]-BlackBear" (steam64id="76561198343030820" pos=<10218, 13.83, 11340.3>) GetOutTransport Sedan_02_Grey (609110173)
05:20:57: Player "Seekerzao" (steam64id="76561198067793781" pos=<10220.1, 13.94, 11339.3>) GetOutTransport Sedan_02_Grey (609110173)
05:20:57: Player "GabrielLobato" (steam64id="76561198158375860" pos=<10219.6, 13.91, 11338.3>) GetOutTransport Sedan_02_Grey (609110173)
05:21:01: Player "[YKZ]-tappes" (steam64id="76561198990092287" pos=<10217.6, 13.80, 11339.6>) GetOutTransport Sedan_02_Grey (609110173)
05:24:47: Player "[YKZ]-tappes" (steam64id="76561198990092287" pos=<10218.8, 14.40, 11338.8>) GetInTransport Sedan_02_Grey (609110173)
05:24:52: Player "Seekerzao" (steam64id="76561198067793781" pos=<10218.3, 14.37, 11339.1>) GetInTransport Sedan_02_Grey (609110173)
05:24:56: Player "GabrielLobato" (steam64id="76561198158375860" pos=<10219.3, 14.47, 11339.5>) GetInTransport Sedan_02_Grey (609110173)
05:24:58: Player "[YKZ]-BlackBear" (steam64id="76561198343030820" pos=<10218.7, 14.43, 11339.9>) GetInTransport Sedan_02_Grey (609110173)
05:25:17: Player "[YKZ]-BlackBear" (steam64id="76561198343030820" pos=<10217, 13.72, 11344.4>) GetOutTransport Sedan_02_Grey (609110173)
05:25:20: Player "Seekerzao" (steam64id="76561198067793781" pos=<10217.3, 13.74, 11343.6>) GetOutTransport Sedan_02_Grey (609110173)
05:25:22: Player "[YKZ]-tappes" (steam64id="76561198990092287" pos=<10219.6, 13.86, 11344.3>) GetOutTransport Sedan_02_Grey (609110173)
05:25:39: Player "GabrielLobato" (steam64id="76561198158375860" pos=<10219.1, 13.83, 11345.2>) GetOutTransport Sedan_02_Grey (609110173)
05:27:42: Player "GabrielLobato" (steam64id="76561198158375860" pos=<10218.7, 14.34, 11344>) GetInTransport Sedan_02_Grey (609110173)
05:27:45: Player "[YKZ]-BlackBear" (steam64id="76561198343030820" pos=<10217.8, 14.33, 11344.6>) GetInTransport Sedan_02_Grey (609110173)
05:27:48: Player "[YKZ]-tappes" (steam64id="76561198990092287" pos=<10218.1, 14.31, 11343.8>) GetInTransport Sedan_02_Grey (609110173)
05:28:05: Player "Seekerzao" (steam64id="76561198067793781" pos=<10218.4, 14.37, 11344.9>) GetInTransport Sedan_02_Grey (609110173)
05:33:02: Player "GabrielLobato" (steam64id="76561198158375860" pos=<11097.2, 3.96, 8412.95>) GetOutTransport Sedan_02_Grey (609110173)
05:33:03: Player "[YKZ]-BlackBear" (steam64id="76561198343030820" pos=<11096, 4.01, 8415.17>) GetOutTransport Sedan_02_Grey (609110173)
05:33:06: Player "Seekerzao" (steam64id="76561198067793781" pos=<11097.8, 3.97, 8413.81>) GetOutTransport Sedan_02_Grey (609110173)
05:33:08: Player "[YKZ]-tappes" (steam64id="76561198990092287" pos=<11095.4, 4.01, 8414.56>) GetOutTransport Sedan_02_Grey (609110173)
05:38:55: Player "[YKZ]-BlackBear" (steam64id="76561198343030820" pos=<11096.6, 4.54, 8414.66>) GetInTransport Sedan_02_Grey (609110173)
05:39:39: Player "[YKZ]-BlackBear" (steam64id="76561198343030820" pos=<11037.9, 4.42, 8264.4>) GetOutTransport Sedan_02_Grey (609110173)
05:39:54: Player "[YKZ]-BlackBear" (steam64id="76561198343030820" pos=<11038, 4.95, 8263.62>) GetInTransport Sedan_02_Grey (609110173)
05:40:10: Player "[YKZ]-BlackBear" (steam64id="76561198343030820" pos=<11054.8, 5.00, 8259.03>) StopEngine Sedan_02_Grey (609110173)
05:40:14: Player "[YKZ]-BlackBear" (steam64id="76561198343030820" pos=<11054.9, 4.40, 8259.81>) GetOutTransport Sedan_02_Grey (609110173)
08:00:27: Object "Sarka 120" (type="Sedan_02" pos=<7634.47, 13.20, 9790.73>) spawned (1552922911)
08:00:27: Object "Gunter 2" (type="Hatchback_02" pos=<7631.22, 12.24, 9776.88>) spawned (944074891)
08:00:27: Object "Ada 4x4" (type="OffroadHatchback" pos=<7636.34, 12.23, 9780.86>) spawned (2069886655)
08:00:27: Object "Ada 4x4" (type="OffroadHatchback_White" pos=<7132.4, 20.86, 6957.55>) spawned (1618723063)
08:00:27: Object "Olga 24" (type="CivilianSedan" pos=<7352.45, 14.32, 7136.36>) spawned (1080525007)
08:00:27: Object "Sarka 120" (type="Sedan_02_Grey" pos=<11054.6, 4.44, 8258.67>) spawned (609110173)
08:00:27: Object "Olga 24" (type="CivilianSedan_Wine" pos=<11053.1, 4.19, 8266.79>) spawned (2086140079)
08:00:27: Object "M3S coberto" (type="Truck_01_Covered_Orange" pos=<11055.5, 4.49, 8266.63>) spawned (835347349)
11:09:06: Player "DanielSam" (steam64id="76561198867200764" pos=<7631.51, 12.79, 9777.05>) GetInTransport Hatchback_02 (944074891)
11:13:30: Player "DanielSam" (steam64id="76561198867200764" pos=<7632.1, 12.40, 9777.49>) GetOutTransport Hatchback_02 (944074891)
12:00:29: Object "Sarka 120" (type="Sedan_02" pos=<7634.47, 13.20, 9790.74>) spawned (1552922911)
12:00:29: Object "Ada 4x4" (type="OffroadHatchback" pos=<7636.34, 12.23, 9780.85>) spawned (2069886655)
12:00:29: Object "Gunter 2" (type="Hatchback_02" pos=<7631.22, 12.24, 9776.88>) spawned (944074891)
12:00:29: Object "Ada 4x4" (type="OffroadHatchback_White" pos=<7132.4, 20.86, 6957.55>) spawned (1618723063)
12:00:29: Object "M3S coberto" (type="Truck_01_Covered_Orange" pos=<11055.6, 4.49, 8266.63>) spawned (835347349)
12:00:29: Object "Olga 24" (type="CivilianSedan_Wine" pos=<11053.1, 4.19, 8266.78>) spawned (2086140079)
12:00:29: Object "Sarka 120" (type="Sedan_02_Grey" pos=<11054.6, 4.44, 8258.67>) spawned (609110173)
12:00:29: Object "Olga 24" (type="CivilianSedan" pos=<7352.44, 14.32, 7136.35>) spawned (1080525007)
12:29:23: Player "Hacan121" (steam64id="76561198345012092" pos=<7636.03, 13.07, 9780.53>) GetInTransport OffroadHatchback (2069886655)
12:30:04: Player "Hacan121" (steam64id="76561198345012092" pos=<7630.69, 14.04, 9787.63>) StopEngine OffroadHatchback (2069886655)
12:30:06: Player "Hacan121" (steam64id="76561198345012092" pos=<7631.39, 13.21, 9787.41>) GetOutTransport OffroadHatchback (2069886655)
12:30:30: Player "Hacan121" (steam64id="76561198345012092" pos=<7630.69, 14.03, 9787.62>) GetInTransport OffroadHatchback (2069886655)
12:31:12: Player "Hacan121" (steam64id="76561198345012092" pos=<7628.42, 13.22, 9799.16>) GetOutTransport OffroadHatchback (2069886655)
12:31:20: Player "Hacan121" (steam64id="76561198345012092" pos=<7627.63, 14.10, 9798.97>) GetInTransport OffroadHatchback (2069886655)
12:31:43: Player "Hacan121" (steam64id="76561198345012092" pos=<7629.27, 13.22, 9797.26>) GetOutTransport OffroadHatchback (2069886655)
12:32:36: Player "Hacan121" (steam64id="76561198345012092" pos=<7634.2, 13.77, 9790.47>) GetInTransport Sedan_02 (1552922911)
12:34:29: Player "Hacan121" (steam64id="76561198345012092" pos=<7623.35, 13.77, 9803.86>) StopEngine Sedan_02 (1552922911)
12:34:30: Player "Hacan121" (steam64id="76561198345012092" pos=<7622.93, 13.20, 9804.55>) GetOutTransport Sedan_02 (1552922911)
12:34:36: Player "Hacan121" (steam64id="76561198345012092" pos=<7623.35, 13.77, 9803.86>) GetInTransport Sedan_02 (1552922911)
12:34:54: Player "Hacan121" (steam64id="76561198345012092" pos=<7622.15, 13.20, 9804.21>) GetOutTransport Sedan_02 (1552922911)
12:35:10: Player "Hacan121" (steam64id="76561198345012092" pos=<7631.51, 12.79, 9777.05>) GetInTransport Hatchback_02 (944074891)
12:35:20: Player "Hacan121" (steam64id="76561198345012092" pos=<7630.94, 12.79, 9776.71>) StopEngine Hatchback_02 (944074891)
12:36:25: Player "Hacan121" (steam64id="76561198345012092" pos=<7634.78, 13.82, 9791.2>) StopEngine Hatchback_02 (944074891)
12:36:31: Player "Hacan121" (steam64id="76561198345012092" pos=<7634.59, 14.69, 9791.95>) GetOutTransport Hatchback_02 (944074891)
16:00:28: Object "M3S coberto" (type="Truck_01_Covered_Orange" pos=<11055.6, 4.49, 8266.63>) spawned (835347349)
16:00:28: Object "Olga 24" (type="CivilianSedan_Wine" pos=<11053.1, 4.19, 8266.8>) spawned (2086140079)
16:00:28: Object "Sarka 120" (type="Sedan_02_Grey" pos=<11054.6, 4.44, 8258.67>) spawned (609110173)
16:00:28: Object "Ada 4x4" (type="OffroadHatchback" pos=<7628.22, 13.26, 9796.64>) spawned (2069886655)
16:00:28: Object "Sarka 120" (type="Sedan_02" pos=<7622.68, 13.20, 9803.17>) spawned (1552922911)
16:00:28: Object "Gunter 2" (type="Hatchback_02" pos=<7634.51, 13.27, 9791>) spawned (944074891)
16:00:28: Object "Ada 4x4" (type="OffroadHatchback_White" pos=<7132.4, 20.86, 6957.55>) spawned (1618723063)
16:00:28: Object "Olga 24" (type="CivilianSedan" pos=<7352.44, 14.32, 7136.35>) spawned (1080525007)
19:02:32: Player "[YKZ]-BlackBear" (steam64id="76561198343030820" pos=<11054.8, 5.00, 8259.03>) GetInTransport Sedan_02_Grey (609110173)
19:02:52: Player "[YKZ]-BlackBear" (steam64id="76561198343030820" pos=<11026.8, 5.55, 8257.75>) GetOutTransport Sedan_02_Grey (609110173)
19:03:19: Player "[YKZ]-BlackBear" (steam64id="76561198343030820" pos=<11027.6, 5.97, 8257.48>) GetInTransport Sedan_02_Grey (609110173)
19:08:41: Player "[YKZ] Emissarius" (steam64id="76561198271087379" pos=<9404.66, 5.01, 9241.44>) GetInTransport Sedan_02_Grey (609110173)
19:10:02: Player "[YKZ] Felps" (steam64id="76561198892779186" pos=<9377.49, 10.57, 8925.1>) GetInTransport Sedan_02_Grey (609110173)
19:10:08: Player "[YKZ] chron1c" (steam64id="76561198205585613" pos=<9378.14, 10.62, 8925.17>) GetInTransport Sedan_02_Grey (609110173)
19:12:49: Player "[YKZ]-BlackBear" (steam64id="76561198343030820" pos=<10492.7, 4.03, 8552.57>) GetOutTransport Sedan_02_Grey (609110173)
19:12:52: Player "[YKZ] chron1c" (steam64id="76561198205585613" pos=<10491.9, 3.99, 8552.42>) GetOutTransport Sedan_02_Grey (609110173)
19:12:54: Player "[YKZ] Felps" (steam64id="76561198892779186" pos=<10492.4, 4.05, 8550.03>) GetOutTransport Sedan_02_Grey (609110173)
19:12:55: Player "[YKZ] Emissarius" (steam64id="76561198271087379" pos=<10493.4, 4.03, 8550.39>) GetOutTransport Sedan_02_Grey (609110173)
19:13:25: Player "[YKZ] chron1c" (steam64id="76561198205585613" pos=<10492.1, 4.53, 8551.55>) GetInTransport Sedan_02_Grey (609110173)
19:13:27: Player "[YKZ]-BlackBear" (steam64id="76561198343030820" pos=<10492.9, 4.57, 8551.79>) GetInTransport Sedan_02_Grey (609110173)
19:13:29: Player "[YKZ] Felps" (steam64id="76561198892779186" pos=<10492.2, 4.52, 8550.92>) GetInTransport Sedan_02_Grey (609110173)
19:13:34: Player "[YKZ] Emissarius" (steam64id="76561198271087379" pos=<10493.1, 4.57, 8551.09>) GetInTransport Sedan_02_Grey (609110173)
19:14:40: Player "[YKZ] Emissarius" (steam64id="76561198271087379" pos=<11084, 4.55, 8366.55>) GetOutTransport Sedan_02_Grey (609110173)
19:14:43: Player "[YKZ] chron1c" (steam64id="76561198205585613" pos=<11081.9, 3.96, 8369.02>) GetOutTransport Sedan_02_Grey (609110173)
19:14:44: Player "[YKZ] Felps" (steam64id="76561198892779186" pos=<11084.3, 3.96, 8369.4>) GetOutTransport Sedan_02_Grey (609110173)
19:16:06: Player "[YKZ]-BlackBear" (steam64id="76561198343030820" pos=<11037.2, 4.49, 8260.84>) GetOutTransport Sedan_02_Grey (609110173)
19:16:22: Player "[YKZ]-BlackBear" (steam64id="76561198343030820" pos=<11037.1, 5.05, 8259.99>) GetInTransport Sedan_02_Grey (609110173)
19:16:37: Player "[YKZ]-BlackBear" (steam64id="76561198343030820" pos=<11054.7, 5.01, 8258.83>) StopEngine Sedan_02_Grey (609110173)
19:16:40: Player "[YKZ]-BlackBear" (steam64id="76561198343030820" pos=<11054.7, 4.48, 8259.61>) GetOutTransport Sedan_02_Grey (609110173)
19:18:08: Player "[L.B] ploodrinny" (steam64id="76561198312062387" pos=<7352.86, 15.00, 7136.21>) GetInTransport CivilianSedan (1080525007)
19:18:19: Player "[L.B] ploodrinny" (steam64id="76561198312062387" pos=<7352.23, 15.57, 7133.68>) GetOutTransport CivilianSedan (1080525007)
19:21:58: Player "[L.B] ploodrinny" (steam64id="76561198312062387" pos=<7131.9, 21.67, 6957.56>) GetInTransport OffroadHatchback_White (1618723063)
19:22:16: Player "[L.B] ploodrinny" (steam64id="76561198312062387" pos=<7139.64, 20.01, 7012.54>) GetOutTransport OffroadHatchback_White (1618723063)
19:22:37: Player "[L.B] ploodrinny" (steam64id="76561198312062387" pos=<7140.46, 20.86, 7012.43>) GetInTransport OffroadHatchback_White (1618723063)
19:24:36: Player "[L.B] Santorin" (steam64id="76561199069721527" pos=<7351.48, 15.00, 7135.29>) GetInTransport CivilianSedan (1080525007)
19:24:57: Player "[L.B] Santorin" (steam64id="76561199069721527" pos=<7352.01, 15.57, 7133.66>) GetOutTransport CivilianSedan (1080525007)
19:25:07: Player "[L.B] ploodrinny" (steam64id="76561198312062387" pos=<7354.81, 14.33, 7135.01>) GetOutTransport OffroadHatchback_White (1618723063)
20:00:32: Object "M3S coberto" (type="Truck_01_Covered_Orange" pos=<11055.6, 4.49, 8266.63>) spawned (835347349)
20:00:32: Object "Olga 24" (type="CivilianSedan_Wine" pos=<11053.1, 4.19, 8266.79>) spawned (2086140079)
20:00:32: Object "Sarka 120" (type="Sedan_02_Grey" pos=<11054.6, 4.45, 8258.46>) spawned (609110173)
20:00:32: Object "Ada 4x4" (type="OffroadHatchback_White" pos=<7353.59, 14.37, 7135.03>) spawned (1618723063)
20:00:32: Object "Olga 24" (type="CivilianSedan" pos=<7351.33, 14.32, 7135.36>) spawned (1080525007)
20:00:32: Object "Ada 4x4" (type="OffroadHatchback" pos=<7628.19, 13.26, 9796.64>) spawned (2069886655)
20:00:32: Object "Gunter 2" (type="Hatchback_02" pos=<7634.51, 13.27, 9791>) spawned (944074891)
20:00:32: Object "Sarka 120" (type="Sedan_02" pos=<7622.67, 13.20, 9803.17>) spawned (1552922911)
