00:00:15: Object "Gunter 2" (type="Hatchback_02" pos=<7633.35, 13.27, 9787.49>) spawned (944074891)
00:00:15: Object "Ada 4x4" (type="OffroadHatchback" pos=<7626.8, 13.26, 9783.47>) spawned (2069886655)
00:00:15: Object "Sarka 120" (type="Sedan_02" pos=<7616.13, 13.20, 9787.73>) spawned (1552922911)
00:00:15: Object "Olga 24" (type="CivilianSedan" pos=<11150.3, 15.74, 13672.7>) spawned (1554168133)
00:00:15: Object "Olga 24" (type="CivilianSedan" pos=<7359.38, 14.28, 7152.84>) spawned (1080525007)
00:00:15: Object "Ada 4x4" (type="OffroadHatchback_White" pos=<7359.41, 14.33, 7157.99>) spawned (1618723063)
00:00:15: Object "M3S coberto" (type="Truck_01_Covered_Orange" pos=<11055.7, 4.49, 8266.45>) spawned (835347349)
00:00:15: Object "Olga 24" (type="CivilianSedan_Wine" pos=<11053.2, 4.19, 8266.78>) spawned (2086140079)
00:00:15: Object "Sarka 120" (type="Sedan_02_Grey" pos=<11055, 4.39, 8260.68>) spawned (609110173)
00:00:15: Object "Ada 4x4" (type="OffroadHatchback_Blue" pos=<11054.5, 4.52, 8258.06>) spawned (1548728479)
00:00:15: Object "M3S coberto" (type="Truck_01_Covered" pos=<9793.46, 9.35, 12600.8>) spawned (1900012159)
00:24:10: Player "chikynico" (steam64id="76561198305914940" pos=<9793.16, 10.77, 12601.6>) GetInTransport Truck_01_Covered (1900012159)
00:24:30: Player "chikynico" (steam64id="76561198305914940" pos=<9792.21, 9.30, 12602.2>) GetOutTransport Truck_01_Covered (1900012159)
00:24:44: Player "chikynico" (steam64id="76561198305914940" pos=<9793.14, 10.78, 12601.7>) GetInTransport Truck_01_Covered (1900012159)
00:25:06: Player "chikynico" (steam64id="76561198305914940" pos=<9793.15, 10.78, 12601.7>) StopEngine Truck_01_Covered (1900012159)
00:25:09: Player "chikynico" (steam64id="76561198305914940" pos=<9792.22, 9.30, 12602.2>) GetOutTransport Truck_01_Covered (1900012159)
00:25:38: Player "Algalica" (steam64id="76561197990134789" pos=<9794.27, 10.76, 12601.4>) GetInTransport Truck_01_Covered (1900012159)
00:25:48: Player "Algalica" (steam64id="76561197990134789" pos=<9795.44, 9.32, 12601.6>) GetOutTransport Truck_01_Covered (1900012159)
00:27:07: Player "Nadezhda" (steam64id="76561198153556929" pos=<9793.15, 10.77, 12601.7>) GetInTransport Truck_01_Covered (1900012159)
00:27:12: Player "chikynico" (steam64id="76561198305914940" pos=<9794.27, 10.76, 12601.4>) GetInTransport Truck_01_Covered (1900012159)
00:27:19: Player "chikynico" (steam64id="76561198305914940" pos=<9795.44, 9.32, 12601.6>) GetOutTransport Truck_01_Covered (1900012159)
00:27:26: Player "chikynico" (steam64id="76561198305914940" pos=<9794.27, 10.76, 12601.4>) GetInTransport Truck_01_Covered (1900012159)
00:45:20: Player "[TLTBI] Lara Rider" (steam64id="76561198137141623" pos=<10221.9, 22.58, 12818.9>) GetInTransport Truck_01_Covered (1900012159)
00:46:15: Player "[BSK] AlexDeatfield" (steam64id="76561198398091933" pos=<10221, 22.76, 12817.2>) GetInTransport Truck_01_Covered (1900012159)
00:48:28: Player "[BSK] AlexDeatfield" (steam64id="76561198398091933" pos=<10373.9, 17.82, 12746.3>) GetOutTransport Truck_01_Covered (1900012159)
00:49:26: Player "[TLTBI] Lara Rider" (steam64id="76561198137141623" pos=<10364, 20.34, 12695.4>) StopEngine Truck_01_Covered (1900012159)
00:50:10: Player "[TLTBI] Lara Rider" (steam64id="76561198137141623" pos=<10351.3, 19.93, 12646.5>) StopEngine Truck_01_Covered (1900012159)
00:50:14: Player "[TLTBI] Lara Rider" (steam64id="76561198137141623" pos=<10351.9, 19.14, 12645.9>) GetOutTransport Truck_01_Covered (1900012159)
00:51:10: Player "CARAJO" (steam64id="76561198081512167" pos=<10350.3, 19.90, 12647>) GetInTransport Truck_01_Covered (1900012159)
00:52:13: Player "CARAJO" (steam64id="76561198081512167" pos=<10349, 18.45, 12647.1>) GetOutTransport Truck_01_Covered (1900012159)
00:52:29: Player "CARAJO" (steam64id="76561198081512167" pos=<10350.3, 19.90, 12647>) GetInTransport Truck_01_Covered (1900012159)
00:53:34: Player "[TLTBI] Lara Rider" (steam64id="76561198137141623" pos=<10351.4, 19.92, 12646.5>) GetInTransport Truck_01_Covered (1900012159)
01:04:20: Player "[TLTBI] Lara Rider" (steam64id="76561198137141623" pos=<11330.7, 8.46, 7920.83>) StopEngine Truck_01_Covered (1900012159)
01:04:23: Player "CARAJO" (steam64id="76561198081512167" pos=<11328.7, 6.83, 7921.9>) GetOutTransport Truck_01_Covered (1900012159)
01:04:24: Player "[TLTBI] Lara Rider" (steam64id="76561198137141623" pos=<11331.6, 6.99, 7919.96>) GetOutTransport Truck_01_Covered (1900012159)
04:00:16: Object "Olga 24" (type="CivilianSedan" pos=<11150.3, 15.74, 13672.7>) spawned (1554168133)
04:00:16: Object "Ada 4x4" (type="OffroadHatchback" pos=<7626.79, 13.26, 9783.49>) spawned (2069886655)
04:00:16: Object "Gunter 2" (type="Hatchback_02" pos=<7633.35, 13.27, 9787.49>) spawned (944074891)
04:00:16: Object "Sarka 120" (type="Sedan_02" pos=<7616.12, 13.20, 9787.75>) spawned (1552922911)
04:00:16: Object "Ada 4x4" (type="OffroadHatchback_White" pos=<7359.41, 14.33, 7157.98>) spawned (1618723063)
04:00:16: Object "Olga 24" (type="CivilianSedan" pos=<7359.38, 14.27, 7152.85>) spawned (1080525007)
04:00:16: Object "Ada 4x4" (type="OffroadHatchback_Blue" pos=<11054.5, 4.52, 8258.06>) spawned (1548728479)
04:00:16: Object "M3S coberto" (type="Truck_01_Covered_Orange" pos=<11055.7, 4.49, 8266.45>) spawned (835347349)
04:00:16: Object "Sarka 120" (type="Sedan_02_Grey" pos=<11055, 4.39, 8260.7>) spawned (609110173)
04:00:16: Object "Olga 24" (type="CivilianSedan_Wine" pos=<11053.2, 4.19, 8266.79>) spawned (2086140079)
04:00:16: Object "M3S coberto" (type="Truck_01_Covered" pos=<11330.9, 7.02, 7921.93>) spawned (1900012159)
08:00:15: Object "Olga 24" (type="CivilianSedan" pos=<11150.3, 15.74, 13672.7>) spawned (1554168133)
08:00:15: Object "Ada 4x4" (type="OffroadHatchback_White" pos=<7359.41, 14.33, 7157.97>) spawned (1618723063)
08:00:15: Object "Olga 24" (type="CivilianSedan" pos=<7359.38, 14.28, 7152.83>) spawned (1080525007)
08:00:15: Object "M3S coberto" (type="Truck_01_Covered" pos=<11330.9, 7.03, 7921.93>) spawned (1900012159)
08:00:15: Object "Sarka 120" (type="Sedan_02" pos=<7616.12, 13.20, 9787.75>) spawned (1552922911)
08:00:15: Object "Gunter 2" (type="Hatchback_02" pos=<7633.35, 13.27, 9787.49>) spawned (944074891)
08:00:15: Object "Ada 4x4" (type="OffroadHatchback" pos=<7626.77, 13.26, 9783.51>) spawned (2069886655)
08:00:15: Object "Ada 4x4" (type="OffroadHatchback_Blue" pos=<11054.5, 4.52, 8258.06>) spawned (1548728479)
08:00:15: Object "Sarka 120" (type="Sedan_02_Grey" pos=<11055, 4.39, 8260.7>) spawned (609110173)
08:00:15: Object "M3S coberto" (type="Truck_01_Covered_Orange" pos=<11055.7, 4.49, 8266.45>) spawned (835347349)
08:00:15: Object "Olga 24" (type="CivilianSedan_Wine" pos=<11053.2, 4.19, 8266.78>) spawned (2086140079)
12:00:14: Object "Olga 24" (type="CivilianSedan" pos=<7359.4, 14.30, 7152.85>) spawned (1080525007)
12:00:14: Object "Ada 4x4" (type="OffroadHatchback_White" pos=<7359.41, 14.33, 7157.97>) spawned (1618723063)
12:00:14: Object "Sarka 120" (type="Sedan_02" pos=<7616.12, 13.20, 9787.75>) spawned (1552922911)
12:00:14: Object "Ada 4x4" (type="OffroadHatchback" pos=<7626.77, 13.26, 9783.51>) spawned (2069886655)
12:00:14: Object "Gunter 2" (type="Hatchback_02" pos=<7633.35, 13.27, 9787.49>) spawned (944074891)
12:00:14: Object "Olga 24" (type="CivilianSedan" pos=<11150.3, 15.74, 13672.7>) spawned (1554168133)
12:00:14: Object "M3S coberto" (type="Truck_01_Covered" pos=<11331, 7.03, 7921.94>) spawned (1900012159)
12:00:14: Object "Olga 24" (type="CivilianSedan_Wine" pos=<11053.2, 4.19, 8266.78>) spawned (2086140079)
12:00:14: Object "M3S coberto" (type="Truck_01_Covered_Orange" pos=<11055.7, 4.49, 8266.44>) spawned (835347349)
12:00:14: Object "Ada 4x4" (type="OffroadHatchback_Blue" pos=<11054.5, 4.52, 8258.06>) spawned (1548728479)
12:00:14: Object "Sarka 120" (type="Sedan_02_Grey" pos=<11055, 4.39, 8260.7>) spawned (609110173)
16:00:22: Object "Olga 24" (type="CivilianSedan" pos=<11150.3, 15.74, 13672.7>) spawned (1554168133)
16:00:22: Object "M3S coberto" (type="Truck_01_Covered" pos=<11331, 7.03, 7921.96>) spawned (1900012159)
16:00:22: Object "Olga 24" (type="CivilianSedan_Wine" pos=<11053.2, 4.19, 8266.81>) spawned (2086140079)
16:00:22: Object "M3S coberto" (type="Truck_01_Covered_Orange" pos=<11055.8, 4.49, 8266.44>) spawned (835347349)
16:00:22: Object "Sarka 120" (type="Sedan_02_Grey" pos=<11055, 4.39, 8260.7>) spawned (609110173)
16:00:22: Object "Ada 4x4" (type="OffroadHatchback_Blue" pos=<11054.5, 4.53, 8258.06>) spawned (1548728479)
16:00:22: Object "Gunter 2" (type="Hatchback_02" pos=<7633.35, 13.27, 9787.49>) spawned (944074891)
16:00:22: Object "Ada 4x4" (type="OffroadHatchback" pos=<7626.77, 13.26, 9783.51>) spawned (2069886655)
16:00:22: Object "Sarka 120" (type="Sedan_02" pos=<7616.12, 13.20, 9787.75>) spawned (1552922911)
16:00:22: Object "Ada 4x4" (type="OffroadHatchback_White" pos=<7359.41, 14.33, 7157.97>) spawned (1618723063)
16:00:22: Object "Olga 24" (type="CivilianSedan" pos=<7359.41, 14.28, 7152.84>) spawned (1080525007)
20:00:21: Object "Sarka 120" (type="Sedan_02" pos=<7616.11, 13.20, 9787.78>) spawned (1552922911)
20:00:21: Object "Ada 4x4" (type="OffroadHatchback" pos=<7626.77, 13.26, 9783.51>) spawned (2069886655)
20:00:21: Object "Gunter 2" (type="Hatchback_02" pos=<7633.35, 13.27, 9787.48>) spawned (944074891)
20:00:21: Object "Olga 24" (type="CivilianSedan_Wine" pos=<11053.2, 4.19, 8266.81>) spawned (2086140079)
20:00:21: Object "M3S coberto" (type="Truck_01_Covered_Orange" pos=<11055.8, 4.49, 8266.44>) spawned (835347349)
20:00:21: Object "Sarka 120" (type="Sedan_02_Grey" pos=<11055, 4.39, 8260.7>) spawned (609110173)
20:00:21: Object "Ada 4x4" (type="OffroadHatchback_Blue" pos=<11054.5, 4.52, 8258.09>) spawned (1548728479)
20:00:21: Object "Olga 24" (type="CivilianSedan" pos=<11150.3, 15.75, 13672.8>) spawned (1554168133)
20:00:21: Object "M3S coberto" (type="Truck_01_Covered" pos=<11331, 7.03, 7921.97>) spawned (1900012159)
20:00:21: Object "Ada 4x4" (type="OffroadHatchback_White" pos=<7359.41, 14.33, 7158.02>) spawned (1618723063)
20:00:21: Object "Olga 24" (type="CivilianSedan" pos=<7359.41, 14.28, 7152.86>) spawned (1080525007)
