00:00:50: Object "Sarka 120" (type="Sedan_02_Grey" pos=<11058.2, 4.24, 8274.5>) spawned (609110173)
00:00:50: Object "M3S coberto" (type="Truck_01_Covered_Orange" pos=<11056.4, 4.49, 8267.1>) spawned (835347349)
00:00:50: Object "Olga 24" (type="CivilianSedan_Wine" pos=<11053.1, 4.19, 8266.87>) spawned (2086140079)
00:00:50: Object "Ada 4x4" (type="OffroadHatchback_White" pos=<7132.42, 20.86, 6957.56>) spawned (1618723063)
00:00:50: Object "Olga 24" (type="CivilianSedan" pos=<7352.43, 14.32, 7136.33>) spawned (1080525007)
00:00:50: Object "Sarka 120" (type="Sedan_02" pos=<7634.5, 13.20, 9790.68>) spawned (1552922911)
00:00:50: Object "Ada 4x4" (type="OffroadHatchback" pos=<7636.01, 12.23, 9781.46>) spawned (2069886655)
00:00:50: Object "Gunter 2" (type="Hatchback_02" pos=<9405.33, 30.19, 6641.98>) spawned (944074891)
00:41:35: Player "TripaSeca" (steam64id="76561198093060507" pos=<9404.99, 30.73, 6642.08>) GetInTransport Hatchback_02 (944074891)
00:41:37: Player "TripaSeca" (steam64id="76561198093060507" pos=<9404.51, 30.37, 6642.64>) GetOutTransport Hatchback_02 (944074891)
01:54:43: Player "[YKZ]-BlackBear" (steam64id="76561198343030820" pos=<11058.5, 4.84, 8274.31>) GetInTransport Sedan_02_Grey (609110173)
01:54:49: Player "[YKZ]-BlackBear" (steam64id="76561198343030820" pos=<11059.3, 4.38, 8274.1>) GetOutTransport Sedan_02_Grey (609110173)
01:54:52: Player "tappes" (steam64id="76561198990092287" pos=<11057.8, 4.80, 8274.49>) GetInTransport Sedan_02_Grey (609110173)
01:54:55: Player "[YKZ]-BlackBear" (steam64id="76561198343030820" pos=<11053.5, 4.86, 8266.63>) GetInTransport CivilianSedan_Wine (2086140079)
01:55:04: Player "[YKZ]-BlackBear" (steam64id="76561198343030820" pos=<11054.3, 4.20, 8266.42>) GetOutTransport Sedan_02_Grey (609110173)
01:55:05: Player "tappes" (steam64id="76561198990092287" pos=<11057.1, 4.18, 8274.5>) GetOutTransport Sedan_02_Grey (609110173)
01:55:50: Player "[YKZ]-BlackBear" (steam64id="76561198343030820" pos=<11056.8, 5.87, 8266.2>) GetInTransport Truck_01_Covered_Orange (835347349)
01:55:54: Player "[YKZ]-BlackBear" (steam64id="76561198343030820" pos=<11057.8, 4.39, 8265.68>) GetOutTransport Truck_01_Covered_Orange (835347349)
01:55:58: Player "[YKZ]-BlackBear" (steam64id="76561198343030820" pos=<11056.8, 5.87, 8266.2>) GetInTransport Truck_01_Covered_Orange (835347349)
01:56:06: Player "[YKZ]-BlackBear" (steam64id="76561198343030820" pos=<11057.8, 4.39, 8265.68>) GetOutTransport Truck_01_Covered_Orange (835347349)
04:00:49: Object "Ada 4x4" (type="OffroadHatchback_White" pos=<7132.42, 20.86, 6957.56>) spawned (1618723063)
04:00:49: Object "Olga 24" (type="CivilianSedan" pos=<7352.46, 14.32, 7136.33>) spawned (1080525007)
04:00:49: Object "Gunter 2" (type="Hatchback_02" pos=<9405.33, 30.19, 6641.98>) spawned (944074891)
04:00:49: Object "Ada 4x4" (type="OffroadHatchback" pos=<7636.02, 12.23, 9781.45>) spawned (2069886655)
04:00:49: Object "Sarka 120" (type="Sedan_02" pos=<7634.49, 13.20, 9790.7>) spawned (1552922911)
04:00:49: Object "M3S coberto" (type="Truck_01_Covered_Orange" pos=<11056.4, 4.49, 8267.1>) spawned (835347349)
04:00:49: Object "Sarka 120" (type="Sedan_02_Grey" pos=<11058.2, 4.20, 8274.53>) spawned (609110173)
04:00:49: Object "Olga 24" (type="CivilianSedan_Wine" pos=<11053.1, 4.19, 8266.87>) spawned (2086140079)
04:51:41: Player "TripaSeca" (steam64id="76561198093060507" pos=<7635.72, 13.07, 9781.11>) GetInTransport OffroadHatchback (2069886655)
04:51:52: Player "TripaSeca" (steam64id="76561198093060507" pos=<7635.73, 14.08, 9781.1>) GetOutTransport OffroadHatchback (2069886655)
04:53:36: Player "TripaSeca" (steam64id="76561198093060507" pos=<7635.72, 13.07, 9781.11>) GetInTransport OffroadHatchback (2069886655)
04:53:44: Player "TripaSeca" (steam64id="76561198093060507" pos=<7635.91, 14.08, 9780.82>) GetOutTransport OffroadHatchback (2069886655)
08:00:54: Object "Sarka 120" (type="Sedan_02" pos=<7634.49, 13.20, 9790.7>) spawned (1552922911)
08:00:54: Object "Ada 4x4" (type="OffroadHatchback" pos=<7636.22, 12.23, 9781.15>) spawned (2069886655)
08:00:54: Object "Sarka 120" (type="Sedan_02_Grey" pos=<11058.2, 4.20, 8274.53>) spawned (609110173)
08:00:54: Object "M3S coberto" (type="Truck_01_Covered_Orange" pos=<11056.4, 4.49, 8267.11>) spawned (835347349)
08:00:54: Object "Olga 24" (type="CivilianSedan_Wine" pos=<11053.1, 4.19, 8266.86>) spawned (2086140079)
08:00:54: Object "Olga 24" (type="CivilianSedan" pos=<7352.46, 14.32, 7136.32>) spawned (1080525007)
08:00:54: Object "Ada 4x4" (type="OffroadHatchback_White" pos=<7132.42, 20.86, 6957.56>) spawned (1618723063)
08:00:54: Object "Gunter 2" (type="Hatchback_02" pos=<9405.33, 30.19, 6641.98>) spawned (944074891)
12:00:50: Object "Gunter 2" (type="Hatchback_02" pos=<9405.33, 30.19, 6641.97>) spawned (944074891)
12:00:50: Object "Sarka 120" (type="Sedan_02_Grey" pos=<11058.2, 4.20, 8274.56>) spawned (609110173)
12:00:50: Object "M3S coberto" (type="Truck_01_Covered_Orange" pos=<11056.4, 4.49, 8267.11>) spawned (835347349)
12:00:50: Object "Olga 24" (type="CivilianSedan_Wine" pos=<11053.1, 4.19, 8266.88>) spawned (2086140079)
12:00:50: Object "Ada 4x4" (type="OffroadHatchback_White" pos=<7132.41, 20.86, 6957.56>) spawned (1618723063)
12:00:50: Object "Olga 24" (type="CivilianSedan" pos=<7352.46, 14.32, 7136.32>) spawned (1080525007)
12:00:50: Object "Sarka 120" (type="Sedan_02" pos=<7634.49, 13.20, 9790.7>) spawned (1552922911)
12:00:50: Object "Ada 4x4" (type="OffroadHatchback" pos=<7636.23, 12.23, 9781.13>) spawned (2069886655)
16:00:53: Object "Gunter 2" (type="Hatchback_02" pos=<9405.33, 30.19, 6641.97>) spawned (944074891)
16:00:53: Object "Olga 24" (type="CivilianSedan_Wine" pos=<11053.1, 4.19, 8266.86>) spawned (2086140079)
16:00:53: Object "M3S coberto" (type="Truck_01_Covered_Orange" pos=<11056.4, 4.49, 8267.19>) spawned (835347349)
16:00:53: Object "Sarka 120" (type="Sedan_02_Grey" pos=<11058.2, 4.20, 8274.56>) spawned (609110173)
16:00:53: Object "Sarka 120" (type="Sedan_02" pos=<7634.49, 13.20, 9790.7>) spawned (1552922911)
16:00:53: Object "Ada 4x4" (type="OffroadHatchback" pos=<7636.23, 12.23, 9781.12>) spawned (2069886655)
16:00:53: Object "Olga 24" (type="CivilianSedan" pos=<7352.46, 14.33, 7136.34>) spawned (1080525007)
16:00:53: Object "Ada 4x4" (type="OffroadHatchback_White" pos=<7132.41, 20.86, 6957.56>) spawned (1618723063)
20:00:51: Object "Gunter 2" (type="Hatchback_02" pos=<9405.33, 30.19, 6641.97>) spawned (944074891)
20:00:51: Object "Ada 4x4" (type="OffroadHatchback_White" pos=<7132.42, 20.86, 6957.56>) spawned (1618723063)
20:00:51: Object "Sarka 120" (type="Sedan_02" pos=<7634.49, 13.20, 9790.7>) spawned (1552922911)
20:00:51: Object "Ada 4x4" (type="OffroadHatchback" pos=<7636.23, 12.23, 9781.11>) spawned (2069886655)
20:00:51: Object "Olga 24" (type="CivilianSedan_Wine" pos=<11053.1, 4.19, 8266.86>) spawned (2086140079)
20:00:51: Object "M3S coberto" (type="Truck_01_Covered_Orange" pos=<11056.4, 4.49, 8267.24>) spawned (835347349)
20:00:51: Object "Sarka 120" (type="Sedan_02_Grey" pos=<11058.2, 4.20, 8274.56>) spawned (609110173)
20:00:51: Object "Olga 24" (type="CivilianSedan" pos=<7352.46, 14.32, 7136.31>) spawned (1080525007)
