00:00:20: Object "Olga 24" (type="CivilianSedan" pos=<7351.41, 14.32, 7135.44>) spawned (1080525007)
00:00:20: Object "Ada 4x4" (type="OffroadHatchback_White" pos=<7353.59, 14.37, 7134.96>) spawned (1618723063)
00:00:20: Object "Olga 24" (type="CivilianSedan_Wine" pos=<11053.1, 4.19, 8266.78>) spawned (2086140079)
00:00:20: Object "M3S coberto" (type="Truck_01_Covered_Orange" pos=<11055.6, 4.49, 8266.53>) spawned (835347349)
00:00:20: Object "Sarka 120" (type="Sedan_02_Grey" pos=<11054.5, 4.45, 8258.46>) spawned (609110173)
00:00:20: Object "Sarka 120" (type="Sedan_02" pos=<7615.73, 13.20, 9815.89>) spawned (1552922911)
00:00:20: Object "Gunter 2" (type="Hatchback_02" pos=<7633.35, 13.27, 9787.49>) spawned (944074891)
00:00:20: Object "Ada 4x4" (type="OffroadHatchback" pos=<7626.94, 13.26, 9783.19>) spawned (2069886655)
01:39:01: Player "[YKZ]-BlackBear" (steam64id="76561198343030820" pos=<11054.7, 5.00, 8258.85>) GetInTransport Sedan_02_Grey (609110173)
01:39:11: Player "[YKZ]-BlackBear" (steam64id="76561198343030820" pos=<11054.6, 4.40, 8259.64>) GetOutTransport Sedan_02_Grey (609110173)
01:40:35: Player "[YKZ]-Lobato" (steam64id="76561198158375860" pos=<11056.4, 5.85, 8267.17>) GetInTransport Truck_01_Covered_Orange (835347349)
01:40:43: Player "[YKZ]-Lobato" (steam64id="76561198158375860" pos=<11057.7, 4.39, 8267.31>) GetOutTransport Truck_01_Covered_Orange (835347349)
01:42:52: Player "[YKZ]-Lobato" (steam64id="76561198158375860" pos=<11054.7, 5.03, 8258.13>) GetInTransport Sedan_02_Grey (609110173)
01:43:00: Player "[YKZ]-Lobato" (steam64id="76561198158375860" pos=<11054.8, 4.48, 8257.28>) GetOutTransport Sedan_02_Grey (609110173)
01:44:20: Player "[YKZ]-BlackBear" (steam64id="76561198343030820" pos=<11054.7, 5.00, 8258.85>) GetInTransport Sedan_02_Grey (609110173)
01:44:26: Player "[YKZ]-BlackBear" (steam64id="76561198343030820" pos=<11054.6, 4.45, 8259.63>) GetOutTransport Sedan_02_Grey (609110173)
01:44:42: Player "[YKZ]-BlackBear" (steam64id="76561198343030820" pos=<11054.7, 5.01, 8258.84>) GetInTransport Sedan_02_Grey (609110173)
01:44:43: Player "[YKZ]-BlackBear" (steam64id="76561198343030820" pos=<11054.7, 5.01, 8258.84>) StopEngine Sedan_02_Grey (609110173)
01:44:46: Player "[YKZ]-BlackBear" (steam64id="76561198343030820" pos=<11054.7, 4.45, 8259.63>) GetOutTransport Sedan_02_Grey (609110173)
01:45:04: Player "[YKZ]-BlackBear" (steam64id="76561198343030820" pos=<11054.7, 5.00, 8258.84>) GetInTransport Sedan_02_Grey (609110173)
01:45:07: Player "[YKZ]-Lobato" (steam64id="76561198158375860" pos=<11054.7, 5.03, 8258.12>) GetInTransport Sedan_02_Grey (609110173)
01:45:35: Player "Vinicin" (steam64id="76561198056890776" pos=<11027.1, 5.30, 8265.15>) GetInTransport Sedan_02_Grey (609110173)
01:47:24: Player "[YKZ]-Lobato" (steam64id="76561198158375860" pos=<10898.7, 42.73, 6884.82>) GetOutTransport Sedan_02_Grey (609110173)
01:47:37: Player "[YKZ]-Lobato" (steam64id="76561198158375860" pos=<10901.5, 43.61, 6882.95>) GetInTransport Sedan_02_Grey (609110173)
01:47:38: Player "[YKZ]-BlackBear" (steam64id="76561198343030820" pos=<10902.6, 42.92, 6883.94>) GetOutTransport Sedan_02_Grey (609110173)
01:47:45: Player "Vinicin" (steam64id="76561198056890776" pos=<10900.3, 43.00, 6882.91>) GetOutTransport Sedan_02_Grey (609110173)
01:47:54: Player "[YKZ]-BlackBear" (steam64id="76561198343030820" pos=<10902.1, 43.55, 6883.44>) GetInTransport Sedan_02_Grey (609110173)
01:47:58: Player "Vinicin" (steam64id="76561198056890776" pos=<10901.3, 43.50, 6883.27>) GetInTransport Sedan_02_Grey (609110173)
01:49:15: Player "[YKZ]-BlackBear" (steam64id="76561198343030820" pos=<10548.7, 45.57, 6201.79>) GetOutTransport Sedan_02_Grey (609110173)
01:49:15: Player "[YKZ]-Lobato" (steam64id="76561198158375860" pos=<10546.9, 46.49, 6202.96>) GetOutTransport Sedan_02_Grey (609110173)
01:49:17: Player "Vinicin" (steam64id="76561198056890776" pos=<10547.4, 46.58, 6203.85>) GetOutTransport Sedan_02_Grey (609110173)
01:52:41: Player "[YKZ]-Lobato" (steam64id="76561198158375860" pos=<10547.7, 46.72, 6202.52>) GetInTransport Sedan_02_Grey (609110173)
01:52:43: Player "[YKZ]-BlackBear" (steam64id="76561198343030820" pos=<10548.3, 46.43, 6202.13>) GetInTransport Sedan_02_Grey (609110173)
01:52:48: Player "Vinicin" (steam64id="76561198056890776" pos=<10548.2, 46.70, 6203.19>) GetInTransport Sedan_02_Grey (609110173)
01:53:46: Player "[YKZ]-Lobato" (steam64id="76561198158375860" pos=<10587.7, 26.50, 6178.23>) GetOutTransport Sedan_02_Grey (609110173)
01:55:04: Player "[YKZ]-Lobato" (steam64id="76561198158375860" pos=<10474.8, 2.03, 6038.61>) GetInTransport Sedan_02_Grey (609110173)
01:57:25: Player "[YKZ]-Lobato" (steam64id="76561198158375860" pos=<9510.05, 2.88, 5921.54>) GetOutTransport Sedan_02_Grey (609110173)
01:57:28: Player "Vinicin" (steam64id="76561198056890776" pos=<9509.24, 2.78, 5922.2>) GetOutTransport Sedan_02_Grey (609110173)
01:58:05: Player "[YKZ]-BlackBear" (steam64id="76561198343030820" pos=<9511.54, 2.59, 5923.27>) GetOutTransport Sedan_02_Grey (609110173)
01:58:09: Player "[YKZ]-BlackBear" (steam64id="76561198343030820" pos=<9511, 3.25, 5922.78>) GetInTransport Sedan_02_Grey (609110173)
01:58:11: Player "[YKZ]-Lobato" (steam64id="76561198158375860" pos=<9510.49, 3.34, 5922.27>) GetInTransport Sedan_02_Grey (609110173)
01:58:13: Player "Vinicin" (steam64id="76561198056890776" pos=<9509.91, 3.20, 5922.87>) GetInTransport Sedan_02_Grey (609110173)
02:05:32: Player "[YKZ]-Lobato" (steam64id="76561198158375860" pos=<7701.26, 42.99, 6610.01>) GetOutTransport Sedan_02_Grey (609110173)
02:05:34: Player "Vinicin" (steam64id="76561198056890776" pos=<7702.31, 42.97, 6610.11>) GetOutTransport Sedan_02_Grey (609110173)
02:05:56: Player "[YKZ]-BlackBear" (steam64id="76561198343030820" pos=<7680.17, 43.42, 6572.35>) GetOutTransport Sedan_02_Grey (609110173)
02:51:42: Player "Vinicin" (steam64id="76561198056890776" pos=<7679.38, 43.99, 6572.5>) GetInTransport Sedan_02_Grey (609110173)
02:51:52: Player "Vinicin" (steam64id="76561198056890776" pos=<7680.17, 43.42, 6572.35>) GetOutTransport Sedan_02_Grey (609110173)
02:54:26: Player "[YKZ]-BlackBear" (steam64id="76561198343030820" pos=<7679.38, 43.99, 6572.5>) GetInTransport Sedan_02_Grey (609110173)
02:54:31: Player "[YKZ]-BlackBear" (steam64id="76561198343030820" pos=<7680.17, 43.45, 6572.35>) GetOutTransport Sedan_02_Grey (609110173)
02:55:45: Player "[YKZ]-BlackBear" (steam64id="76561198343030820" pos=<7679.38, 43.99, 6572.5>) GetInTransport Sedan_02_Grey (609110173)
02:55:59: Player "[YKZ]-Lobato" (steam64id="76561198158375860" pos=<7679.04, 43.99, 6563.66>) GetInTransport Sedan_02_Grey (609110173)
02:56:08: Player "[YKZ]-Lobato" (steam64id="76561198158375860" pos=<7676.48, 43.43, 6565.01>) GetOutTransport Sedan_02_Grey (609110173)
02:56:11: Player "[YKZ]-BlackBear" (steam64id="76561198343030820" pos=<7674.67, 43.42, 6567.61>) GetOutTransport Sedan_02_Grey (609110173)
02:56:17: Player "[YKZ]-Lobato" (steam64id="76561198158375860" pos=<7674.66, 43.99, 6566.08>) GetInTransport Sedan_02_Grey (609110173)
02:56:36: Player "[YKZ]-BlackBear" (steam64id="76561198343030820" pos=<7674.67, 43.99, 6566.8>) GetInTransport Sedan_02_Grey (609110173)
02:57:00: Player "Vinicin" (steam64id="76561198056890776" pos=<7692.06, 43.44, 6602.11>) GetInTransport Sedan_02_Grey (609110173)
02:57:07: Player "Vinicin" (steam64id="76561198056890776" pos=<7697.86, 42.94, 6602.39>) GetOutTransport Sedan_02_Grey (609110173)
02:57:15: Player "Vinicin" (steam64id="76561198056890776" pos=<7697.72, 43.48, 6603.27>) GetInTransport Sedan_02_Grey (609110173)
03:05:28: Player "[YKZ]-BlackBear" (steam64id="76561198343030820" pos=<10904.4, 43.51, 6879.65>) GetOutTransport Sedan_02_Grey (609110173)
03:05:29: Player "Vinicin" (steam64id="76561198056890776" pos=<10906.6, 43.37, 6880.98>) GetOutTransport Sedan_02_Grey (609110173)
03:05:31: Player "[YKZ]-Lobato" (steam64id="76561198158375860" pos=<10905.7, 43.29, 6881.55>) GetOutTransport Sedan_02_Grey (609110173)
03:06:18: Player "Vinicin" (steam64id="76561198056890776" pos=<10906, 43.97, 6880.37>) GetInTransport Sedan_02_Grey (609110173)
03:06:23: Player "[YKZ]-BlackBear" (steam64id="76561198343030820" pos=<10904.9, 44.00, 6880.36>) GetInTransport Sedan_02_Grey (609110173)
03:06:25: Player "[YKZ]-Lobato" (steam64id="76561198158375860" pos=<10905.4, 43.94, 6880.93>) GetInTransport Sedan_02_Grey (609110173)
03:07:38: Player "[YKZ]-Lobato" (steam64id="76561198158375860" pos=<10857.6, 4.13, 7603.95>) GetOutTransport Sedan_02_Grey (609110173)
03:07:40: Player "[YKZ]-BlackBear" (steam64id="76561198343030820" pos=<10855.7, 4.13, 7602.62>) GetOutTransport Sedan_02_Grey (609110173)
03:07:42: Player "Vinicin" (steam64id="76561198056890776" pos=<10858.2, 4.12, 7603.1>) GetOutTransport Sedan_02_Grey (609110173)
03:11:15: Player "[YKZ]-BlackBear" (steam64id="76561198343030820" pos=<10856.4, 4.68, 7603.06>) GetInTransport Sedan_02_Grey (609110173)
03:11:17: Player "[YKZ]-Lobato" (steam64id="76561198158375860" pos=<10857, 4.67, 7603.42>) GetInTransport Sedan_02_Grey (609110173)
03:11:20: Player "Vinicin" (steam64id="76561198056890776" pos=<10857.4, 4.62, 7602.68>) GetInTransport Sedan_02_Grey (609110173)
03:12:29: Player "[YKZ]-BlackBear" (steam64id="76561198343030820" pos=<11012.6, 4.01, 7897.82>) GetOutTransport Sedan_02_Grey (609110173)
03:12:33: Player "Vinicin" (steam64id="76561198056890776" pos=<11012.9, 3.96, 7895.28>) GetOutTransport Sedan_02_Grey (609110173)
03:12:33: Player "[YKZ]-Lobato" (steam64id="76561198158375860" pos=<11013.8, 4.01, 7895.83>) GetOutTransport Sedan_02_Grey (609110173)
03:13:40: Player "[YKZ]-BlackBear" (steam64id="76561198343030820" pos=<11013, 4.54, 7897.1>) GetInTransport Sedan_02_Grey (609110173)
03:13:54: Player "[YKZ]-Lobato" (steam64id="76561198158375860" pos=<11013.3, 4.54, 7896.45>) GetInTransport Sedan_02_Grey (609110173)
03:13:56: Player "Vinicin" (steam64id="76561198056890776" pos=<11012.5, 4.49, 7896.11>) GetInTransport Sedan_02_Grey (609110173)
03:15:40: Player "[YKZ]-BlackBear" (steam64id="76561198343030820" pos=<11093.5, 4.01, 8414.35>) GetOutTransport Sedan_02_Grey (609110173)
03:15:42: Player "[YKZ]-Lobato" (steam64id="76561198158375860" pos=<11094.5, 3.97, 8412.28>) GetOutTransport Sedan_02_Grey (609110173)
03:15:46: Player "Vinicin" (steam64id="76561198056890776" pos=<11093.5, 4.01, 8411.8>) GetOutTransport Sedan_02_Grey (609110173)
03:37:31: Player "[YKZ]-BlackBear" (steam64id="76561198343030820" pos=<11093.8, 4.54, 8413.6>) GetInTransport Sedan_02_Grey (609110173)
03:38:16: Player "[YKZ]-BlackBear" (steam64id="76561198343030820" pos=<11027, 5.55, 8256.42>) GetOutTransport Sedan_02_Grey (609110173)
03:38:38: Player "[YKZ]-BlackBear" (steam64id="76561198343030820" pos=<11027.9, 5.98, 8256.7>) GetInTransport Sedan_02_Grey (609110173)
03:39:00: Player "[YKZ]-BlackBear" (steam64id="76561198343030820" pos=<11054.9, 4.99, 8259.26>) StopEngine Sedan_02_Grey (609110173)
03:39:02: Player "[YKZ]-BlackBear" (steam64id="76561198343030820" pos=<11054.9, 4.44, 8260.05>) GetOutTransport Sedan_02_Grey (609110173)
04:00:20: Object "Ada 4x4" (type="OffroadHatchback" pos=<7626.92, 13.26, 9783.21>) spawned (2069886655)
04:00:20: Object "Gunter 2" (type="Hatchback_02" pos=<7633.35, 13.27, 9787.49>) spawned (944074891)
04:00:20: Object "Sarka 120" (type="Sedan_02" pos=<7615.74, 13.20, 9815.89>) spawned (1552922911)
04:00:20: Object "Ada 4x4" (type="OffroadHatchback_White" pos=<7353.59, 14.37, 7134.96>) spawned (1618723063)
04:00:20: Object "Olga 24" (type="CivilianSedan" pos=<7351.45, 14.32, 7135.45>) spawned (1080525007)
04:00:20: Object "Sarka 120" (type="Sedan_02_Grey" pos=<11054.8, 4.43, 8258.89>) spawned (609110173)
04:00:20: Object "Olga 24" (type="CivilianSedan_Wine" pos=<11053.1, 4.19, 8266.78>) spawned (2086140079)
04:00:20: Object "M3S coberto" (type="Truck_01_Covered_Orange" pos=<11055.6, 4.49, 8266.53>) spawned (835347349)
06:29:17: Object "Ada 4x4" (type="OffroadHatchback" pos=<7626.91, 13.26, 9783.23>) spawned (2069886655)
06:29:17: Object "Gunter 2" (type="Hatchback_02" pos=<7633.35, 13.27, 9787.49>) spawned (944074891)
06:29:17: Object "Sarka 120" (type="Sedan_02" pos=<7615.74, 13.20, 9815.89>) spawned (1552922911)
06:29:17: Object "Ada 4x4" (type="OffroadHatchback_White" pos=<7353.59, 14.37, 7134.95>) spawned (1618723063)
06:29:17: Object "Olga 24" (type="CivilianSedan" pos=<7351.43, 14.32, 7135.45>) spawned (1080525007)
06:29:17: Object "Sarka 120" (type="Sedan_02_Grey" pos=<11054.8, 4.43, 8258.89>) spawned (609110173)
06:29:17: Object "M3S coberto" (type="Truck_01_Covered_Orange" pos=<11055.6, 4.49, 8266.53>) spawned (835347349)
06:29:17: Object "Olga 24" (type="CivilianSedan_Wine" pos=<11053.1, 4.19, 8266.78>) spawned (2086140079)
08:00:19: Object "Ada 4x4" (type="OffroadHatchback" pos=<7626.91, 13.26, 9783.24>) spawned (2069886655)
08:00:19: Object "Gunter 2" (type="Hatchback_02" pos=<7633.35, 13.27, 9787.49>) spawned (944074891)
08:00:19: Object "Sarka 120" (type="Sedan_02" pos=<7615.75, 13.20, 9815.89>) spawned (1552922911)
08:00:19: Object "Ada 4x4" (type="OffroadHatchback_White" pos=<7353.59, 14.37, 7135>) spawned (1618723063)
08:00:19: Object "Olga 24" (type="CivilianSedan" pos=<7351.43, 14.32, 7135.45>) spawned (1080525007)
08:00:19: Object "Sarka 120" (type="Sedan_02_Grey" pos=<11054.7, 4.43, 8258.89>) spawned (609110173)
08:00:19: Object "M3S coberto" (type="Truck_01_Covered_Orange" pos=<11055.6, 4.49, 8266.53>) spawned (835347349)
08:00:19: Object "Olga 24" (type="CivilianSedan_Wine" pos=<11053.1, 4.19, 8266.78>) spawned (2086140079)
12:00:21: Object "Sarka 120" (type="Sedan_02_Grey" pos=<11054.8, 4.43, 8258.89>) spawned (609110173)
12:00:21: Object "M3S coberto" (type="Truck_01_Covered_Orange" pos=<11055.6, 4.49, 8266.53>) spawned (835347349)
12:00:21: Object "Olga 24" (type="CivilianSedan_Wine" pos=<11053.1, 4.19, 8266.78>) spawned (2086140079)
12:00:21: Object "Olga 24" (type="CivilianSedan" pos=<7351.43, 14.32, 7135.44>) spawned (1080525007)
12:00:21: Object "Ada 4x4" (type="OffroadHatchback_White" pos=<7353.59, 14.37, 7134.98>) spawned (1618723063)
12:00:21: Object "Sarka 120" (type="Sedan_02" pos=<7615.75, 13.20, 9815.89>) spawned (1552922911)
12:00:21: Object "Ada 4x4" (type="OffroadHatchback" pos=<7626.91, 13.26, 9783.24>) spawned (2069886655)
12:00:21: Object "Gunter 2" (type="Hatchback_02" pos=<7633.35, 13.27, 9787.49>) spawned (944074891)
16:00:28: Object "Ada 4x4" (type="OffroadHatchback_White" pos=<7353.59, 14.37, 7135.01>) spawned (1618723063)
16:00:28: Object "Olga 24" (type="CivilianSedan" pos=<7351.43, 14.32, 7135.42>) spawned (1080525007)
16:00:28: Object "M3S coberto" (type="Truck_01_Covered_Orange" pos=<11055.6, 4.49, 8266.53>) spawned (835347349)
16:00:28: Object "Sarka 120" (type="Sedan_02_Grey" pos=<11054.7, 4.43, 8258.89>) spawned (609110173)
16:00:28: Object "Olga 24" (type="CivilianSedan_Wine" pos=<11053.1, 4.19, 8266.78>) spawned (2086140079)
16:00:28: Object "Sarka 120" (type="Sedan_02" pos=<7615.77, 13.20, 9815.89>) spawned (1552922911)
16:00:28: Object "Gunter 2" (type="Hatchback_02" pos=<7633.35, 13.27, 9787.49>) spawned (944074891)
16:00:28: Object "Ada 4x4" (type="OffroadHatchback" pos=<7626.91, 13.26, 9783.24>) spawned (2069886655)
20:00:38: Object "Olga 24" (type="CivilianSedan" pos=<7351.43, 14.32, 7135.44>) spawned (1080525007)
20:00:38: Object "Ada 4x4" (type="OffroadHatchback_White" pos=<7353.59, 14.37, 7134.99>) spawned (1618723063)
20:00:38: Object "M3S coberto" (type="Truck_01_Covered_Orange" pos=<11055.7, 4.49, 8266.53>) spawned (835347349)
20:00:38: Object "Olga 24" (type="CivilianSedan_Wine" pos=<11053.1, 4.19, 8266.78>) spawned (2086140079)
20:00:38: Object "Sarka 120" (type="Sedan_02_Grey" pos=<11054.7, 4.43, 8258.89>) spawned (609110173)
20:00:38: Object "Sarka 120" (type="Sedan_02" pos=<7615.77, 13.20, 9815.89>) spawned (1552922911)
20:00:38: Object "Ada 4x4" (type="OffroadHatchback" pos=<7626.89, 13.26, 9783.26>) spawned (2069886655)
20:00:38: Object "Gunter 2" (type="Hatchback_02" pos=<7633.35, 13.27, 9787.49>) spawned (944074891)
