00:00:42: Object "M3S coberto" (type="Truck_01_Covered_Orange" pos=<11056.5, 4.32, 8267.33>) spawned (835347349)
00:00:42: Object "Gunter 2" (type="Hatchback_02_Black" pos=<7353.96, 14.38, 7134.93>) spawned (1536407335)
00:00:42: Object "Ada 4x4" (type="OffroadHatchback_White" pos=<7132.45, 20.86, 6957.56>) spawned (1618723063)
00:00:42: Object "Gunter 2" (type="Hatchback_02" pos=<9405.37, 30.20, 6641.96>) spawned (944074891)
00:00:42: Object "Olga 24" (type="CivilianSedan_Wine" pos=<10693.4, 3.89, 8640.88>) spawned (2086140079)
00:00:42: Object "Sarka 120" (type="Sedan_02_Grey" pos=<10013.2, 3.72, 14578.7>) spawned (609110173)
00:00:42: Object "Ada 4x4" (type="OffroadHatchback" pos=<7637.69, 12.23, 9779.08>) spawned (2069886655)
00:00:42: Object "Sarka 120" (type="Sedan_02" pos=<7630.63, 13.20, 9795.19>) spawned (1552922911)
00:00:42: Object "Olga 24" (type="CivilianSedan" pos=<9662.13, 3.61, 12106.4>) spawned (1080525007)
00:00:42: Object "M3S coberto" (type="Truck_01_Covered_Orange" pos=<9793.52, 9.39, 12600.8>) spawned (1255904695)
00:26:15: Player "[YAKUZA] -Roger" (steam64id="76561198152624992" pos=<9793.13, 10.77, 12601.7>) GetInTransport Truck_01_Covered_Orange (1255904695)
00:26:36: Player "[YAKUZA] -Roger" (steam64id="76561198152624992" pos=<9792.07, 9.30, 12602.2>) GetOutTransport Truck_01_Covered_Orange (1255904695)
01:14:19: Player "Rayning" (steam64id="76561198382100426" pos=<9793.13, 10.77, 12601.7>) GetInTransport Truck_01_Covered_Orange (1255904695)
01:14:26: Player "Rayning" (steam64id="76561198382100426" pos=<9792.05, 9.30, 12602.2>) GetOutTransport Truck_01_Covered_Orange (1255904695)
01:14:33: Player "Mozzart" (steam64id="76561198122962290" pos=<9793.13, 10.77, 12601.7>) GetInTransport Truck_01_Covered_Orange (1255904695)
01:14:40: Player "Mozzart" (steam64id="76561198122962290" pos=<9792.51, 10.00, 12602.1>) GetOutTransport Truck_01_Covered_Orange (1255904695)
01:16:42: Player "Mozzart" (steam64id="76561198122962290" pos=<9793.13, 10.77, 12601.7>) GetInTransport Truck_01_Covered_Orange (1255904695)
01:17:03: Player "Mozzart" (steam64id="76561198122962290" pos=<9792.51, 10.00, 12602.1>) GetOutTransport Truck_01_Covered_Orange (1255904695)
01:17:25: Player "Rayning" (steam64id="76561198382100426" pos=<9794.26, 10.76, 12601.4>) GetInTransport Truck_01_Covered_Orange (1255904695)
01:17:33: Player "Rayning" (steam64id="76561198382100426" pos=<9795.42, 9.32, 12601.7>) GetOutTransport Truck_01_Covered_Orange (1255904695)
01:17:54: Player "Mozzart" (steam64id="76561198122962290" pos=<9793.13, 10.77, 12601.7>) GetInTransport Truck_01_Covered_Orange (1255904695)
01:18:00: Player "Rayning" (steam64id="76561198382100426" pos=<9794.26, 10.75, 12601.4>) GetInTransport Truck_01_Covered_Orange (1255904695)
01:19:03: Player "Rayning" (steam64id="76561198382100426" pos=<9798.86, 9.26, 12597>) GetOutTransport Truck_01_Covered_Orange (1255904695)
01:19:09: Player "Mozzart" (steam64id="76561198122962290" pos=<9797.84, 10.74, 12599.1>) StopEngine Truck_01_Covered_Orange (1255904695)
01:19:14: Player "Mozzart" (steam64id="76561198122962290" pos=<9797.99, 10.25, 12599.9>) GetOutTransport Truck_01_Covered_Orange (1255904695)
01:22:22: Player "Mozzart" (steam64id="76561198122962290" pos=<9797.84, 10.74, 12599.1>) GetInTransport Truck_01_Covered_Orange (1255904695)
01:22:30: Player "Rayning" (steam64id="76561198382100426" pos=<9798.12, 10.71, 12598>) GetInTransport Truck_01_Covered_Orange (1255904695)
01:25:04: Player "Rayning" (steam64id="76561198382100426" pos=<9787.63, 9.46, 12613.5>) GetOutTransport Truck_01_Covered_Orange (1255904695)
01:28:08: Player "Rayning" (steam64id="76561198382100426" pos=<9788.03, 10.91, 12612.2>) GetInTransport Truck_01_Covered_Orange (1255904695)
01:28:31: Player "Mozzart" (steam64id="76561198122962290" pos=<9788.03, 10.88, 12611.1>) GetInTransport Truck_01_Covered_Orange (1255904695)
01:29:11: Player "Rayning" (steam64id="76561198382100426" pos=<9793.78, 8.99, 12576.2>) GetOutTransport Truck_01_Covered_Orange (1255904695)
01:29:19: Player "Rayning" (steam64id="76561198382100426" pos=<9794.99, 10.47, 12576.6>) GetInTransport Truck_01_Covered_Orange (1255904695)
02:06:23: Player "AiPolly" (steam64id="76561198072574279" pos=<10119.8, 16.43, 12556.8>) GetInTransport Truck_01_Covered_Orange (1255904695)
02:09:47: Player "AiPolly" (steam64id="76561198072574279" pos=<10106.7, 16.66, 12586>) GetOutTransport Truck_01_Covered_Orange (1255904695)
02:10:12: Player "AiPolly" (steam64id="76561198072574279" pos=<10107.1, 17.03, 12586.7>) GetInTransport Truck_01_Covered_Orange (1255904695)
02:10:33: Player "AiPolly" (steam64id="76561198072574279" pos=<10110.8, 16.19, 12592.1>) GetOutTransport Truck_01_Covered_Orange (1255904695)
02:24:43: Player "(MUC) MR.R" (steam64id="76561198076167542" pos=<10012.9, 4.31, 14578.9>) GetInTransport Sedan_02_Grey (609110173)
02:24:49: Player "(MUC) MR.R" (steam64id="76561198076167542" pos=<10012.1, 3.77, 14578.9>) GetOutTransport Sedan_02_Grey (609110173)
02:52:28: Object "M3S coberto" (type="Truck_01_Covered_Orange" pos=<10112.3, 15.58, 12591.3>) deleted (1255904695)
04:00:47: Object "Olga 24" (type="CivilianSedan" pos=<9662.13, 3.61, 12106.4>) spawned (1080525007)
04:00:47: Object "Ada 4x4" (type="OffroadHatchback_White" pos=<7132.45, 20.86, 6957.56>) spawned (1618723063)
04:00:47: Object "Olga 24" (type="CivilianSedan_Wine" pos=<10693.4, 3.89, 8640.88>) spawned (2086140079)
04:00:47: Object "M3S coberto" (type="Truck_01_Covered_Orange" pos=<11056.5, 4.32, 8267.31>) spawned (835347349)
04:00:47: Object "Sarka 120" (type="Sedan_02_Grey" pos=<10013.2, 3.72, 14578.7>) spawned (609110173)
04:00:47: Object "Gunter 2" (type="Hatchback_02_Black" pos=<7353.96, 14.38, 7134.94>) spawned (1536407335)
04:00:47: Object "Gunter 2" (type="Hatchback_02" pos=<9405.37, 30.20, 6641.96>) spawned (944074891)
04:00:47: Object "Ada 4x4" (type="OffroadHatchback" pos=<7637.7, 12.23, 9779.07>) spawned (2069886655)
04:00:47: Object "Sarka 120" (type="Sedan_02" pos=<7630.64, 13.20, 9795.17>) spawned (1552922911)
08:00:48: Object "Gunter 2" (type="Hatchback_02" pos=<9405.37, 30.20, 6641.96>) spawned (944074891)
08:00:48: Object "M3S coberto" (type="Truck_01_Covered_Orange" pos=<11056.5, 4.32, 8267.29>) spawned (835347349)
08:00:48: Object "Olga 24" (type="CivilianSedan_Wine" pos=<10693.4, 3.89, 8640.87>) spawned (2086140079)
08:00:48: Object "Sarka 120" (type="Sedan_02_Grey" pos=<10013.2, 3.72, 14578.8>) spawned (609110173)
08:00:48: Object "Gunter 2" (type="Hatchback_02_Black" pos=<7353.96, 14.38, 7134.95>) spawned (1536407335)
08:00:48: Object "Olga 24" (type="CivilianSedan" pos=<9662.14, 3.61, 12106.4>) spawned (1080525007)
08:00:48: Object "Ada 4x4" (type="OffroadHatchback_White" pos=<7132.45, 20.86, 6957.55>) spawned (1618723063)
08:00:48: Object "Sarka 120" (type="Sedan_02" pos=<7630.64, 13.20, 9795.18>) spawned (1552922911)
08:00:48: Object "Ada 4x4" (type="OffroadHatchback" pos=<7637.71, 12.23, 9779.06>) spawned (2069886655)
09:10:27: Player "[L.B] ploodrinny" (steam64id="76561198312062387" pos=<9661.73, 4.28, 12106.6>) GetInTransport CivilianSedan (1080525007)
09:10:31: Player "[L.B] Santorin" (steam64id="76561199069721527" pos=<9662.56, 4.26, 12106.6>) GetInTransport CivilianSedan (1080525007)
09:10:32: Player "[L.B] ploodrinny" (steam64id="76561198312062387" pos=<9660.93, 3.92, 12106.7>) GetOutTransport CivilianSedan (1080525007)
09:10:33: Player "[L.B] Santorin" (steam64id="76561199069721527" pos=<9663.27, 3.58, 12106.6>) GetOutTransport CivilianSedan (1080525007)
09:10:37: Player "[L.B] Santorin" (steam64id="76561199069721527" pos=<9661.73, 4.28, 12106.6>) GetInTransport CivilianSedan (1080525007)
09:10:50: Player "[L.B] Santorin" (steam64id="76561199069721527" pos=<9660.93, 3.62, 12106.7>) GetOutTransport CivilianSedan (1080525007)
09:10:53: Player "[L.B] Santorin" (steam64id="76561199069721527" pos=<9661.73, 4.28, 12106.6>) GetInTransport CivilianSedan (1080525007)
09:10:56: Player "[L.B] ploodrinny" (steam64id="76561198312062387" pos=<9662.56, 4.26, 12106.6>) GetInTransport CivilianSedan (1080525007)
09:12:43: Player "[L.B] Santorin" (steam64id="76561199069721527" pos=<10290.4, 15.25, 12538.3>) GetOutTransport CivilianSedan (1080525007)
09:12:43: Player "[L.B] ploodrinny" (steam64id="76561198312062387" pos=<10292.7, 15.67, 12538.4>) GetOutTransport CivilianSedan (1080525007)
09:20:13: Player "[L.B] Santorin" (steam64id="76561199069721527" pos=<10291.2, 15.93, 12538.2>) GetInTransport CivilianSedan (1080525007)
09:20:15: Player "[L.B] ploodrinny" (steam64id="76561198312062387" pos=<10292, 15.94, 12538.3>) GetInTransport CivilianSedan (1080525007)
09:28:11: Player "[L.B] Santorin" (steam64id="76561199069721527" pos=<9895.05, 49.72, 6324.3>) GetOutTransport CivilianSedan (1080525007)
09:28:12: Player "[L.B] ploodrinny" (steam64id="76561198312062387" pos=<9892.75, 49.60, 6324.71>) GetOutTransport CivilianSedan (1080525007)
09:28:45: Player "[L.B] Santorin" (steam64id="76561199069721527" pos=<9894.26, 50.34, 6324.52>) GetInTransport CivilianSedan (1080525007)
09:28:52: Player "[L.B]TropaDoEnguisa" (steam64id="76561198211423224" pos=<9893.58, 50.31, 6325.51>) GetInTransport CivilianSedan (1080525007)
09:28:54: Player "[L.B] ploodrinny" (steam64id="76561198312062387" pos=<9893.45, 50.31, 6323.55>) GetInTransport CivilianSedan (1080525007)
09:31:52: Player "[L.B] ploodrinny" (steam64id="76561198312062387" pos=<9233.44, 22.29, 7236.79>) GetOutTransport CivilianSedan (1080525007)
09:31:53: Player "[L.B]TropaDoEnguisa" (steam64id="76561198211423224" pos=<9232.85, 22.26, 7237.35>) GetOutTransport CivilianSedan (1080525007)
09:32:44: Player "[L.B] ploodrinny" (steam64id="76561198312062387" pos=<9233.86, 23.05, 7235.03>) GetInTransport CivilianSedan (1080525007)
09:35:20: Player "[L.B] ploodrinny" (steam64id="76561198312062387" pos=<7361.01, 13.37, 7238.2>) GetOutTransport CivilianSedan (1080525007)
09:36:02: Player "[L.B] Santorin" (steam64id="76561199069721527" pos=<7352.63, 14.47, 7141.05>) GetOutTransport CivilianSedan (1080525007)
09:50:03: Player "[L.B] Santorin" (steam64id="76561199069721527" pos=<7352.62, 15.00, 7137.71>) GetInTransport CivilianSedan (1080525007)
09:50:13: Player "[L.B] Santorin" (steam64id="76561199069721527" pos=<7351.84, 14.99, 7135.21>) StopEngine CivilianSedan (1080525007)
09:50:24: Player "[L.B] Santorin" (steam64id="76561199069721527" pos=<7352.05, 15.57, 7133.67>) GetOutTransport CivilianSedan (1080525007)
11:28:28: Player "[L.B] Santorin" (steam64id="76561199069721527" pos=<7353.63, 14.92, 7134.97>) GetInTransport Hatchback_02_Black (1536407335)
11:29:04: Player "[L.B] ploodrinny" (steam64id="76561198312062387" pos=<7356.42, 14.88, 7158.33>) GetInTransport Hatchback_02_Black (1536407335)
11:29:07: Player "[L.B] LopesTa " (steam64id="76561198375254083" pos=<7357.15, 14.88, 7157.96>) GetInTransport Hatchback_02_Black (1536407335)
11:29:13: Player "[L.B] SeryD" (steam64id="76561198072791642" pos=<7356.82, 14.88, 7157.38>) GetInTransport Hatchback_02_Black (1536407335)
11:33:53: Player "[L.B] SeryD" (steam64id="76561198072791642" pos=<10522.4, 3.86, 8502.61>) GetOutTransport Hatchback_02_Black (1536407335)
11:33:53: Player "[L.B] LopesTa " (steam64id="76561198375254083" pos=<10522.9, 5.13, 8502.68>) GetOutTransport Hatchback_02_Black (1536407335)
11:34:00: Player "[L.B] ploodrinny" (steam64id="76561198312062387" pos=<10522.6, 4.25, 8501.66>) GetOutTransport Hatchback_02_Black (1536407335)
11:34:04: Player "[L.B] Santorin" (steam64id="76561199069721527" pos=<10522.8, 4.37, 8503.99>) GetOutTransport Hatchback_02_Black (1536407335)
11:36:04: Player "[L.B] Santorin" (steam64id="76561199069721527" pos=<10522.7, 4.92, 8503.55>) GetInTransport Hatchback_02_Black (1536407335)
11:36:29: Player "[L.B] Santorin" (steam64id="76561199069721527" pos=<10518.7, 4.08, 8436.55>) GetOutTransport Hatchback_02_Black (1536407335)
12:00:43: Object "Gunter 2" (type="Hatchback_02" pos=<9405.37, 30.20, 6641.96>) spawned (944074891)
12:00:43: Object "Sarka 120" (type="Sedan_02" pos=<7630.64, 13.20, 9795.18>) spawned (1552922911)
12:00:43: Object "Ada 4x4" (type="OffroadHatchback" pos=<7637.72, 12.23, 9779.06>) spawned (2069886655)
12:00:43: Object "Olga 24" (type="CivilianSedan" pos=<7351.44, 14.32, 7135.49>) spawned (1080525007)
12:00:43: Object "Ada 4x4" (type="OffroadHatchback_White" pos=<7132.44, 20.86, 6957.55>) spawned (1618723063)
12:00:43: Object "M3S coberto" (type="Truck_01_Covered_Orange" pos=<11056.5, 4.32, 8267.26>) spawned (835347349)
12:00:43: Object "Sarka 120" (type="Sedan_02_Grey" pos=<10013.2, 3.72, 14578.8>) spawned (609110173)
12:00:43: Object "Gunter 2" (type="Hatchback_02_Black" pos=<10517.6, 4.05, 8436.56>) spawned (1536407335)
12:00:43: Object "Olga 24" (type="CivilianSedan_Wine" pos=<10693.4, 3.89, 8640.87>) spawned (2086140079)
12:50:29: Player "[L.B] ploodrinny" (steam64id="76561198312062387" pos=<10518, 4.59, 8436.64>) GetInTransport Hatchback_02_Black (1536407335)
12:51:24: Player "[L.B] Santorin" (steam64id="76561199069721527" pos=<10560.4, 4.95, 8486.35>) GetInTransport Hatchback_02_Black (1536407335)
12:56:28: Player "[L.B] Santorin" (steam64id="76561199069721527" pos=<7358.73, 12.65, 7249.87>) GetOutTransport Hatchback_02_Black (1536407335)
12:57:08: Player "[L.B] ploodrinny" (steam64id="76561198312062387" pos=<7356.76, 14.43, 7153.81>) GetOutTransport Hatchback_02_Black (1536407335)
12:57:12: Player "[L.B] ploodrinny" (steam64id="76561198312062387" pos=<7354.13, 14.88, 7152.23>) GetInTransport Hatchback_02_Black (1536407335)
12:57:32: Player "[L.B] ploodrinny" (steam64id="76561198312062387" pos=<7353.41, 14.55, 7133.52>) GetOutTransport Hatchback_02_Black (1536407335)
13:09:29: Player "TripaSeca" (steam64id="76561198093060507" pos=<7630.27, 13.77, 9795.08>) GetInTransport Sedan_02 (1552922911)
13:09:34: Player "TripaSeca" (steam64id="76561198093060507" pos=<7629.62, 13.22, 9794.67>) GetOutTransport Sedan_02 (1552922911)
13:10:24: Player "TripaSeca" (steam64id="76561198093060507" pos=<7630.27, 13.77, 9795.08>) GetInTransport Sedan_02 (1552922911)
13:10:39: Player "TripaSeca" (steam64id="76561198093060507" pos=<7623.68, 13.77, 9808.16>) StopEngine Sedan_02 (1552922911)
13:10:43: Player "TripaSeca" (steam64id="76561198093060507" pos=<7622.98, 13.20, 9807.77>) GetOutTransport Sedan_02 (1552922911)
13:12:30: Player "[L.B] Santorin" (steam64id="76561199069721527" pos=<7354.17, 14.92, 7134.97>) GetInTransport Hatchback_02_Black (1536407335)
13:12:51: Player "[L.B] Santorin" (steam64id="76561199069721527" pos=<7353.18, 14.85, 7148.37>) StopEngine Hatchback_02_Black (1536407335)
13:13:27: Player "[L.B] ploodrinny" (steam64id="76561198312062387" pos=<7357.8, 14.88, 7161.64>) GetInTransport Hatchback_02_Black (1536407335)
13:15:14: Player "TripaSeca" (steam64id="76561198093060507" pos=<7623.68, 13.77, 9808.16>) GetInTransport Sedan_02 (1552922911)
13:15:32: Player "TripaSeca" (steam64id="76561198093060507" pos=<7621.98, 13.20, 9808.16>) GetOutTransport Sedan_02 (1552922911)
13:15:38: Player "TripaSeca" (steam64id="76561198093060507" pos=<7622.69, 13.77, 9808.55>) GetInTransport Sedan_02 (1552922911)
13:15:46: Player "TripaSeca" (steam64id="76561198093060507" pos=<7623.42, 13.77, 9807>) StopEngine Sedan_02 (1552922911)
13:15:48: Player "TripaSeca" (steam64id="76561198093060507" pos=<7622.76, 13.20, 9806.54>) GetOutTransport Sedan_02 (1552922911)
13:19:41: Player "[L.B] Santorin" (steam64id="76561199069721527" pos=<10421.8, 2.03, 9705.19>) GetOutTransport Hatchback_02_Black (1536407335)
13:26:35: Player "TripaSeca" (steam64id="76561198093060507" pos=<7623.42, 13.77, 9807>) GetInTransport Sedan_02 (1552922911)
13:26:40: Player "TripaSeca" (steam64id="76561198093060507" pos=<7622.76, 13.22, 9806.54>) GetOutTransport Sedan_02 (1552922911)
13:35:30: Player "[L.B] Santorin" (steam64id="76561199069721527" pos=<10421.6, 2.52, 9705.86>) GetInTransport Hatchback_02_Black (1536407335)
13:36:27: Player "[L.B] Santorin" (steam64id="76561199069721527" pos=<10472.9, 4.64, 9539.65>) GetOutTransport Hatchback_02_Black (1536407335)
13:56:38: Player "Emissarius" (steam64id="76561198271087379" pos=<10472.4, 4.99, 9540.28>) GetInTransport Hatchback_02_Black (1536407335)
13:58:20: Player "Emissarius" (steam64id="76561198271087379" pos=<11095.1, 4.59, 8415.08>) StopEngine Hatchback_02_Black (1536407335)
13:58:23: Player "Emissarius" (steam64id="76561198271087379" pos=<11095.3, 4.20, 8414.38>) GetOutTransport Hatchback_02_Black (1536407335)
14:04:37: Player "Emissarius" (steam64id="76561198271087379" pos=<11095.1, 4.55, 8415.08>) GetInTransport Hatchback_02_Black (1536407335)
14:05:26: Player "Emissarius" (steam64id="76561198271087379" pos=<11013.8, 4.14, 8654.92>) GetOutTransport Hatchback_02_Black (1536407335)
14:11:30: Object "Gunter 2" (type="Hatchback_02_Black" pos=<11014.8, 4.04, 8655.18>) deleted (1536407335)
15:32:51: Player "Hungus" (steam64id="76561198090247662" pos=<10012.9, 4.31, 14579>) GetInTransport Sedan_02_Grey (609110173)
15:33:00: Player "Hungus" (steam64id="76561198090247662" pos=<10012.1, 3.81, 14579>) GetOutTransport Sedan_02_Grey (609110173)
16:00:49: Object "Ada 4x4" (type="OffroadHatchback_White" pos=<7132.44, 20.86, 6957.55>) spawned (1618723063)
16:00:49: Object "Olga 24" (type="CivilianSedan" pos=<7351.4, 14.32, 7135.49>) spawned (1080525007)
16:00:49: Object "Sarka 120" (type="Sedan_02" pos=<7623.81, 13.17, 9807.09>) spawned (1552922911)
16:00:49: Object "Ada 4x4" (type="OffroadHatchback" pos=<7637.75, 12.23, 9779.02>) spawned (2069886655)
16:00:49: Object "Olga 24" (type="CivilianSedan_Wine" pos=<10693.4, 3.89, 8640.88>) spawned (2086140079)
16:00:49: Object "M3S coberto" (type="Truck_01_Covered_Orange" pos=<11056.5, 4.32, 8267.24>) spawned (835347349)
16:00:49: Object "Sarka 120" (type="Sedan_02_Grey" pos=<10013.2, 3.71, 14578.8>) spawned (609110173)
16:00:49: Object "Gunter 2" (type="Hatchback_02" pos=<9405.37, 30.20, 6641.96>) spawned (944074891)
16:33:44: Player "Biel FxR" (steam64id="76561198050836260" pos=<7637.51, 13.07, 9778.64>) GetInTransport OffroadHatchback (2069886655)
16:35:50: Player "Biel FxR" (steam64id="76561198050836260" pos=<7970.66, 22.37, 9417.32>) GetOutTransport OffroadHatchback (2069886655)
16:36:22: Player "Biel FxR" (steam64id="76561198050836260" pos=<7969.76, 21.92, 9417.33>) GetInTransport OffroadHatchback (2069886655)
16:37:44: Player "Biel FxR" (steam64id="76561198050836260" pos=<7631.91, 13.72, 9791.67>) GetOutTransport OffroadHatchback (2069886655)
16:38:02: Player "Biel FxR" (steam64id="76561198050836260" pos=<7631.27, 14.10, 9791.03>) GetInTransport OffroadHatchback (2069886655)
16:38:47: Player "Biel FxR" (steam64id="76561198050836260" pos=<7627.26, 14.11, 9801.11>) StopEngine OffroadHatchback (2069886655)
16:39:06: Player "Biel FxR" (steam64id="76561198050836260" pos=<7628.07, 14.14, 9798.01>) GetOutTransport OffroadHatchback (2069886655)
16:40:44: Player "Jaba" (steam64id="76561199028346724" pos=<10012.9, 4.31, 14579>) GetInTransport Sedan_02_Grey (609110173)
16:40:53: Player "Jaba" (steam64id="76561199028346724" pos=<10012.1, 3.81, 14579>) GetOutTransport Sedan_02_Grey (609110173)
16:45:51: Player "Hacan121" (steam64id="76561198345012092" pos=<7622.16, 13.72, 9808.15>) GetInTransport Sedan_02 (1552922911)
16:45:54: Player "Hacan121" (steam64id="76561198345012092" pos=<7622.94, 13.22, 9808.09>) GetOutTransport Sedan_02 (1552922911)
18:02:31: Player "TripaSeca" (steam64id="76561198093060507" pos=<7628.52, 14.10, 9798.92>) GetInTransport OffroadHatchback (2069886655)
18:02:35: Player "TripaSeca" (steam64id="76561198093060507" pos=<7628.52, 14.11, 9798.9>) StopEngine OffroadHatchback (2069886655)
18:02:49: Player "Biel FxR" (steam64id="76561198050836260" pos=<7622.16, 13.72, 9808.15>) GetInTransport Sedan_02 (1552922911)
18:03:16: Player "Biel FxR" (steam64id="76561198050836260" pos=<7622.93, 13.77, 9806.7>) StopEngine Sedan_02 (1552922911)
18:03:20: Player "Biel FxR" (steam64id="76561198050836260" pos=<7623.63, 13.20, 9807.11>) GetOutTransport Sedan_02 (1552922911)
18:05:17: Player "TripaSeca" (steam64id="76561198093060507" pos=<7608.63, 14.70, 9799.35>) GetOutTransport OffroadHatchback (2069886655)
18:05:21: Player "TripaSeca" (steam64id="76561198093060507" pos=<7610.02, 14.10, 9799.09>) GetInTransport OffroadHatchback (2069886655)
18:05:31: Player "TripaSeca" (steam64id="76561198093060507" pos=<7609.24, 14.11, 9800.65>) StopEngine OffroadHatchback (2069886655)
18:05:34: Player "TripaSeca" (steam64id="76561198093060507" pos=<7608.43, 14.63, 9800.05>) GetOutTransport OffroadHatchback (2069886655)
18:06:52: Player "Biel FxR" (steam64id="76561198050836260" pos=<7622.93, 13.77, 9806.7>) GetInTransport Sedan_02 (1552922911)
18:07:06: Player "Biel FxR" (steam64id="76561198050836260" pos=<7623.65, 13.20, 9807.39>) GetOutTransport Sedan_02 (1552922911)
18:07:33: Player "Biel FxR" (steam64id="76561198050836260" pos=<7623.02, 13.77, 9806.89>) GetInTransport Sedan_02 (1552922911)
18:07:53: Player "Biel FxR" (steam64id="76561198050836260" pos=<7634.06, 13.77, 9791.31>) StopEngine Sedan_02 (1552922911)
18:07:59: Player "Biel FxR" (steam64id="76561198050836260" pos=<7634.31, 14.72, 9792.08>) GetOutTransport Sedan_02 (1552922911)
18:20:31: Player "Biel FxR" (steam64id="76561198050836260" pos=<7633.43, 13.77, 9790.97>) GetInTransport Sedan_02 (1552922911)
18:21:25: Player "Biel FxR" (steam64id="76561198050836260" pos=<7634.88, 13.77, 9790.69>) StopEngine Sedan_02 (1552922911)
18:21:29: Player "Biel FxR" (steam64id="76561198050836260" pos=<7633.64, 13.20, 9789.86>) GetOutTransport Sedan_02 (1552922911)
18:26:26: Player "Biel FxR" (steam64id="76561198050836260" pos=<7609.24, 14.10, 9800.64>) GetInTransport OffroadHatchback (2069886655)
18:26:43: Player "Biel FxR" (steam64id="76561198050836260" pos=<7616.64, 13.38, 9787.24>) GetOutTransport OffroadHatchback (2069886655)
18:40:20: Player "Biel FxR" (steam64id="76561198050836260" pos=<7616.64, 14.10, 9786.55>) GetInTransport OffroadHatchback (2069886655)
18:40:55: Player "Biel FxR" (steam64id="76561198050836260" pos=<7617.3, 14.11, 9785.21>) StopEngine OffroadHatchback (2069886655)
18:40:57: Player "Biel FxR" (steam64id="76561198050836260" pos=<7616.44, 15.13, 9784.12>) GetOutTransport OffroadHatchback (2069886655)
19:10:23: Player "Jaba" (steam64id="76561199028346724" pos=<10012.9, 4.30, 14579>) GetInTransport Sedan_02_Grey (609110173)
19:10:26: Player "Jaba" (steam64id="76561199028346724" pos=<10012.1, 3.81, 14579>) GetOutTransport Sedan_02_Grey (609110173)
19:14:04: Player "Jaba" (steam64id="76561199028346724" pos=<10012.9, 4.30, 14579>) GetInTransport Sedan_02_Grey (609110173)
19:14:12: Player "MyAimTrash_i Know" (steam64id="76561199029793698" pos=<10013.6, 4.27, 14578.9>) GetInTransport Sedan_02_Grey (609110173)
19:15:42: Player "Jaba" (steam64id="76561199028346724" pos=<10677.1, 6.47, 14172.1>) StopEngine Sedan_02_Grey (609110173)
19:15:43: Player "MyAimTrash_i Know" (steam64id="76561199029793698" pos=<10675.7, 5.94, 14171.7>) GetOutTransport Sedan_02_Grey (609110173)
19:15:46: Player "Jaba" (steam64id="76561199028346724" pos=<10677.9, 5.90, 14172.1>) GetOutTransport Sedan_02_Grey (609110173)
19:22:27: Player "Jaba" (steam64id="76561199028346724" pos=<10677.1, 6.47, 14172.1>) GetInTransport Sedan_02_Grey (609110173)
19:22:57: Player "MyAimTrash_i Know" (steam64id="76561199029793698" pos=<10676.4, 6.47, 14172>) GetInTransport Sedan_02_Grey (609110173)
19:25:04: Player "Jaba" (steam64id="76561199028346724" pos=<10284.8, 15.08, 12529.5>) GetOutTransport Sedan_02_Grey (609110173)
19:25:07: Player "MyAimTrash_i Know" (steam64id="76561199029793698" pos=<10284.6, 15.11, 12531.8>) GetOutTransport Sedan_02_Grey (609110173)
19:27:13: Player "Jaba" (steam64id="76561199028346724" pos=<10284.8, 15.66, 12530.3>) GetInTransport Sedan_02_Grey (609110173)
19:27:25: Player "MyAimTrash_i Know" (steam64id="76561199029793698" pos=<10284.8, 15.67, 12531>) GetInTransport Sedan_02_Grey (609110173)
19:29:58: Player "Jaba" (steam64id="76561199028346724" pos=<10083, 6.78, 11231.5>) GetOutTransport Sedan_02_Grey (609110173)
19:30:01: Player "MyAimTrash_i Know" (steam64id="76561199029793698" pos=<10080.7, 6.74, 11231.7>) GetOutTransport Sedan_02_Grey (609110173)
19:39:50: Player "Jaba" (steam64id="76561199028346724" pos=<10081.5, 7.33, 11231.7>) GetInTransport Sedan_02_Grey (609110173)
19:40:04: Player "MyAimTrash_i Know" (steam64id="76561199029793698" pos=<10081.5, 7.33, 11231.7>) GetInTransport Sedan_02_Grey (609110173)
19:41:50: Player "MyAimTrash_i Know" (steam64id="76561199029793698" pos=<10353.9, 3.95, 9897.02>) GetOutTransport Sedan_02_Grey (609110173)
19:41:50: Player "Jaba" (steam64id="76561199028346724" pos=<10352.6, 4.63, 9896.5>) StopEngine Sedan_02_Grey (609110173)
19:41:54: Player "Jaba" (steam64id="76561199028346724" pos=<10351.8, 4.17, 9896.29>) GetOutTransport Sedan_02_Grey (609110173)
20:00:37: Object "Sarka 120" (type="Sedan_02_Grey" pos=<10352.9, 4.03, 9896.47>) spawned (609110173)
20:00:37: Object "Olga 24" (type="CivilianSedan" pos=<7351.4, 14.32, 7135.49>) spawned (1080525007)
20:00:37: Object "Ada 4x4" (type="OffroadHatchback_White" pos=<7132.44, 20.86, 6957.55>) spawned (1618723063)
20:00:37: Object "Olga 24" (type="CivilianSedan_Wine" pos=<10693.4, 3.89, 8640.88>) spawned (2086140079)
20:00:37: Object "M3S coberto" (type="Truck_01_Covered_Orange" pos=<11056.5, 4.32, 8267.22>) spawned (835347349)
20:00:37: Object "Sarka 120" (type="Sedan_02" pos=<7634.5, 13.20, 9790.64>) spawned (1552922911)
20:00:37: Object "Ada 4x4" (type="OffroadHatchback" pos=<7617, 13.26, 9784.86>) spawned (2069886655)
20:00:37: Object "Gunter 2" (type="Hatchback_02" pos=<9405.33, 30.19, 6641.98>) spawned (944074891)
23:27:02: Player "CHASER?" (steam64id="76561198246131158" pos=<10352.6, 4.63, 9896.48>) GetInTransport Sedan_02_Grey (609110173)
23:27:06: Player "CHASER?" (steam64id="76561198246131158" pos=<10351.8, 4.18, 9896.27>) GetOutTransport Sedan_02_Grey (609110173)
23:28:49: Player "CHASER?" (steam64id="76561198246131158" pos=<10352.6, 4.63, 9896.48>) GetInTransport Sedan_02_Grey (609110173)
23:28:56: Player "CHASER?" (steam64id="76561198246131158" pos=<10351.8, 4.12, 9896.27>) GetOutTransport Sedan_02_Grey (609110173)
23:41:13: Player "Biel FxR" (steam64id="76561198050836260" pos=<7616.61, 14.10, 9784.85>) GetInTransport OffroadHatchback (2069886655)
23:41:18: Player "Biel FxR" (steam64id="76561198050836260" pos=<7616.44, 15.13, 9784.11>) GetOutTransport OffroadHatchback (2069886655)
