02:55:08: Player "[TMT].Skinner" (steam64id="76561198860620637") connected to server
03:57:33: Player "[TMT].Skinner" (steam64id="76561198860620637") disconnected from server
04:00:46: Player "[TMT].Skinner" (steam64id="76561198860620637") connected to server
04:17:36: Player "[TMT].Skinner" (steam64id="76561198860620637") disconnected from server
04:19:31: Player "[TMT].Skinner" (steam64id="76561198860620637") connected to server
05:18:41: Player "[TMT].Skinner" (steam64id="76561198860620637") disconnected from server
05:18:56: Player "[TMT].Skinner" (steam64id="76561198860620637") connected to server
05:55:01: Player "Sekoone" (steam64id="76561198036774571") connected to server
06:26:41: Player "Joga" (steam64id="76561198991013190") connected to server
06:29:25: Player "Joga" (steam64id="76561198991013190") connected to server
06:29:30: Player "[TMT].Skinner" (steam64id="76561198860620637") connected to server
06:29:35: Player "Joga" (steam64id="76561198991013190") disconnected from server
06:30:05: Player "Sekoone" (steam64id="76561198036774571") connected to server
06:37:45: Player "[TMT].Skinner" (steam64id="76561198860620637") disconnected from server
07:57:30: Player "Sekoone" (steam64id="76561198036774571") disconnected from server
08:00:03: Player "Sekoone" (steam64id="76561198036774571") connected to server
08:06:28: Player "Sekoone" (steam64id="76561198036774571") disconnected from server
13:08:56: Player "K O R E A" (steam64id="76561198253386609") connected to server
13:09:26: Player "K O R E A" (steam64id="76561198253386609") disconnected from server
13:11:10: Player "[P.S]Alexander_again" (steam64id="76561198391204691") connected to server
13:13:50: Player "[ P.S ]  FIM" (steam64id="76561198166701118") connected to server
13:19:20: Player "BR Cacador" (steam64id="76561198881649049") connected to server
13:19:25: Player "[P.S]Alexander_again" (steam64id="76561198391204691") disconnected from server
13:21:15: Player "[ P.S ]  FIM" (steam64id="76561198166701118") disconnected from server
13:45:05: Player "OZIEL" (steam64id="76561199063596086") connected to server
13:51:51: Player "OZIEL" (steam64id="76561199063596086") disconnected from server
13:54:06: Player "[YAKUZA]-BlackBear" (steam64id="76561198343030820") connected to server
14:16:31: Player "[P.S]Alexander_again" (steam64id="76561198391204691") connected to server
14:18:16: Player "OZIEL" (steam64id="76561199063596086") connected to server
14:19:11: Player "Gui" (steam64id="76561198306757012") connected to server
14:20:51: Player "[ P.S ]  FIM" (steam64id="76561198166701118") connected to server
14:28:16: Player "BR Cacador" (steam64id="76561198881649049") disconnected from server
14:41:11: Player "[SCD] Coringa" (steam64id="76561198133211909") connected to server
14:43:16: Player "[ P.S ]  FIM" (steam64id="76561198166701118") disconnected from server
14:43:26: Player "[SCD] Coringa" (steam64id="76561198133211909") disconnected from server
14:58:26: Player "[SCD] Coringa" (steam64id="76561198133211909") connected to server
15:04:11: Player "[ P.S ]  FIM" (steam64id="76561198166701118") connected to server
15:06:51: Player "TOMMY " (steam64id="76561198835119447") connected to server
15:08:06: Player "TOMMY " (steam64id="76561198835119447") disconnected from server
15:10:46: Player "vulgoGANJA" (steam64id="76561198352516654") connected to server
15:12:26: Player "vulgoGANJA" (steam64id="76561198352516654") disconnected from server
15:13:46: Player "vulgoGANJA" (steam64id="76561198352516654") connected to server
15:15:26: Player "[SCD] Coringa" (steam64id="76561198133211909") disconnected from server
15:15:46: Player "OZIEL" (steam64id="76561199063596086") disconnected from server
15:19:31: Player "[SCD] Coringa" (steam64id="76561198133211909") connected to server
15:35:36: Player "[SCD] Coringa" (steam64id="76561198133211909") disconnected from server
15:54:26: Player "vulgoGANJA" (steam64id="76561198352516654") disconnected from server
15:57:31: Player "[ P.S ]  FIM" (steam64id="76561198166701118") disconnected from server
15:57:31: Player "[P.S]Alexander_again" (steam64id="76561198391204691") disconnected from server
15:57:31: Player "[YAKUZA]-BlackBear" (steam64id="76561198343030820") disconnected from server
15:57:31: Player "Gui" (steam64id="76561198306757012") disconnected from server
16:00:32: Player "Gui" (steam64id="76561198306757012") connected to server
16:01:17: Player "Einsen" (steam64id="76561198103936746") connected to server
16:02:12: Player "[YAKUZA]-BlackBear" (steam64id="76561198343030820") connected to server
16:10:27: Player "RasC" (steam64id="76561198452371443") connected to server
16:15:02: Player "Einsen" (steam64id="76561198103936746") disconnected from server
16:20:41: Player "Gui" (steam64id="76561198306757012") connected to server
16:20:56: Player "[YAKUZA]-BlackBear" (steam64id="76561198343030820") connected to server
16:31:06: Player "TEC kadinho" (steam64id="76561198971655942") connected to server
16:31:56: Player "[DY] FROZEN " (steam64id="76561198161060673") connected to server
16:52:16: Player "Osorkonlll" (steam64id="76561198156340345") connected to server
16:56:11: Player "!Firewall" (steam64id="76561198329721265") connected to server
17:00:51: Player "Hacan121" (steam64id="76561198345012092") connected to server
17:01:21: Player "Hacan121" (steam64id="76561198345012092") disconnected from server
17:01:36: Player "Hacan121" (steam64id="76561198345012092") connected to server
17:02:46: Player "TripaSeca" (steam64id="76561198093060507") connected to server
17:12:51: Player "!Firewall" (steam64id="76561198329721265") disconnected from server
17:20:26: Player "ylucao [GHT]" (steam64id="76561198155039693") connected to server
17:21:51: Player "MC [GHT] " (steam64id="76561199165258491") connected to server
17:24:06: Player "Osorkonlll" (steam64id="76561198156340345") disconnected from server
17:30:46: Player "[DY] FROZEN " (steam64id="76561198161060673") disconnected from server
17:32:01: Player "MC [GHT] " (steam64id="76561199165258491") disconnected from server
17:32:06: Player "ylucao [GHT]" (steam64id="76561198155039693") disconnected from server
17:32:16: Player "LucasFreitas" (steam64id="76561198257559548") connected to server
17:35:16: Player "LucasFreitas" (steam64id="76561198257559548") disconnected from server
17:35:41: Player "LucasFreitas" (steam64id="76561198257559548") connected to server
17:38:31: Player "Fran_kirchner" (steam64id="76561199262040218") connected to server
17:43:11: Player "DangersPlay" (steam64id="76561198037868353") connected to server
17:43:41: Player "chron1c" (steam64id="76561198205585613") connected to server
17:52:31: Player "Obuco" (steam64id="76561198212013820") connected to server
17:56:51: Player "TEC kadinho" (steam64id="76561198971655942") disconnected from server
17:57:36: Player "[DY] FROZEN " (steam64id="76561198161060673") connected to server
18:00:36: Player "Biribinha" (steam64id="76561199031638818") connected to server
18:01:01: Player "Gui" (steam64id="76561198306757012") disconnected from server
18:04:16: Player "LucasFreitas" (steam64id="76561198257559548") disconnected from server
18:04:16: Player "Fran_kirchner" (steam64id="76561199262040218") disconnected from server
18:06:21: Player "[CFBR] lost" (steam64id="76561198131682973") connected to server
18:10:16: Player "zozs" (steam64id="76561198126713029") connected to server
18:14:41: Player "fritass" (steam64id="76561198148172018") connected to server
18:16:46: Player "Fran_kirchner" (steam64id="76561199262040218") connected to server
18:22:41: Player "zCastroz" (steam64id="76561199027286716") connected to server
18:24:21: Player "MarcoLa" (steam64id="76561198352149308") connected to server
18:26:11: Player "TripaSeca" (steam64id="76561198093060507") disconnected from server
18:27:51: Player "Fran_kirchner" (steam64id="76561199262040218") disconnected from server
18:28:46: Player "KILLER" (steam64id="76561198797258484") connected to server
18:30:56: Player "[HORDA]ThiagoPenna" (steam64id="76561198218822351") connected to server
18:33:01: Player "[DY] FROZEN " (steam64id="76561198161060673") disconnected from server
18:35:26: Player "TripaSeca" (steam64id="76561198093060507") connected to server
18:36:16: Player "Ruan Plays" (steam64id="76561198806707998") connected to server
18:38:56: Player "jhean" (steam64id="76561198819003355") connected to server
18:40:36: Player "[DY] RAPUNZEL" (steam64id="76561198100527842") connected to server
18:41:51: Player "[HORDA]intersandro" (steam64id="76561199214798198") connected to server
18:42:51: Player "Chicoso" (steam64id="76561198875307274") connected to server
18:43:06: Player "KOAII" (steam64id="76561198883769065") connected to server
18:43:26: Player "Emissarius" (steam64id="76561198271087379") connected to server
18:43:31: Player "SimbioZ" (steam64id="76561198127487169") connected to server
18:43:51: Player "K1NGK1N" (steam64id="76561198160627069") connected to server
18:45:11: Player "[POE] Jxnin" (steam64id="76561198309540272") connected to server
18:45:56: Player "Ryzor" (steam64id="76561198085395898") connected to server
18:47:31: Player "Obuco" (steam64id="76561198212013820") disconnected from server
18:48:36: Player "[CFBR] lost" (steam64id="76561198131682973") disconnected from server
18:48:56: Player "K1NGK1N" (steam64id="76561198160627069") disconnected from server
18:49:06: Player "dmc" (steam64id="76561199036648424") connected to server
18:50:06: Player "Zeca" (steam64id="76561198211423224") connected to server
18:50:26: Player "DEGALOKAO" (steam64id="76561199171941975") connected to server
18:50:51: Player "Zeca" (steam64id="76561198211423224") disconnected from server
18:53:46: Player "KOAII" (steam64id="76561198883769065") disconnected from server
18:53:51: Player "[DY] FROZEN " (steam64id="76561198161060673") connected to server
18:54:36: Player "Chicoso" (steam64id="76561198875307274") disconnected from server
18:56:11: Player "[POE] Jxnin" (steam64id="76561198309540272") disconnected from server
18:56:46: Player "zozs" (steam64id="76561198126713029") disconnected from server
19:03:01: Player "Ruan Plays" (steam64id="76561198806707998") disconnected from server
19:05:06: Player "zezozoi" (steam64id="76561198886694633") connected to server
19:07:01: Player "nicoh6" (steam64id="76561198281952610") connected to server
19:07:51: Player "[L.B] SeryD" (steam64id="76561198072791642") connected to server
19:09:01: Player "Einsen" (steam64id="76561198103936746") connected to server
19:10:51: Player "Ruan Plays" (steam64id="76561198806707998") connected to server
19:12:31: Player "Ryzor" (steam64id="76561198085395898") disconnected from server
19:13:46: Player "TripaSeca" (steam64id="76561198093060507") disconnected from server
19:14:26: Player "Hacan121" (steam64id="76561198345012092") disconnected from server
19:15:16: Player "GW. DESERT" (steam64id="76561198050557634") connected to server
19:15:36: Player "RasC" (steam64id="76561198452371443") connected to server
19:17:31: Player "Seekerzao" (steam64id="76561198067793781") connected to server
19:19:01: Player "Zeca" (steam64id="76561198211423224") connected to server
19:20:41: Player "JOAO " (steam64id="76561198168432705") connected to server
19:20:41: Player "[HORDA]intersandro" (steam64id="76561199214798198") disconnected from server
19:20:56: Player "[HORDA]intersandro" (steam64id="76561199214798198") connected to server
19:21:21: Player "[HORDA]intersandro" (steam64id="76561199214798198") disconnected from server
19:21:26: Player "ShipSkylark" (steam64id="76561198064135967") connected to server
19:23:06: Player "Survivor (2)" (steam64id="76561198217313227") connected to server
19:23:56: Player "HenricoBork" (steam64id="76561199101164385") connected to server
19:24:06: Player "ShipSkylark" (steam64id="76561198064135967") disconnected from server
19:24:31: Player "jhean" (steam64id="76561198819003355") disconnected from server
19:24:36: Player "[DY] FROZEN " (steam64id="76561198161060673") disconnected from server
19:24:46: Player "Skaposk" (steam64id="76561198027295853") connected to server
19:24:51: Player "borkk" (steam64id="76561199190865066") connected to server
19:26:01: Player "TcheLoco" (steam64id="76561198099449370") connected to server
19:26:21: Player "JOAO " (steam64id="76561198168432705") disconnected from server
19:26:46: Player "NatsuMzO" (steam64id="76561198136438281") connected to server
19:26:56: Player "[L.B] Santorin" (steam64id="76561199069721527") connected to server
19:29:11: Player "[HORDA] JHON WICK" (steam64id="76561198122075703") connected to server
19:30:06: Player "[TTV]ScorpionBiceps" (steam64id="76561198133006312") connected to server
19:31:21: Player "[HORDA]intersandro" (steam64id="76561199214798198") connected to server
19:31:21: Player "Survivor (2)" (steam64id="76561198217313227") disconnected from server
19:32:13: Player "zezozoi" (steam64id="76561198886694633") connected to server
19:32:13: Player "Skaposk" (steam64id="76561198027295853") connected to server
19:32:13: Player "Seekerzao" (steam64id="76561198067793781") connected to server
19:32:13: Player "nicoh6" (steam64id="76561198281952610") connected to server
19:32:13: Player "KILLER" (steam64id="76561198797258484") connected to server
19:32:13: Player "[DY] RAPUNZEL" (steam64id="76561198100527842") connected to server
19:32:13: Player "[L.B] Santorin" (steam64id="76561199069721527") connected to server
19:32:13: Player "dmc" (steam64id="76561199036648424") connected to server
19:32:13: Player "NatsuMzO" (steam64id="76561198136438281") connected to server
19:32:13: Player "MarcoLa" (steam64id="76561198352149308") connected to server
19:32:23: Player "[TTV]ScorpionBiceps" (steam64id="76561198133006312") connected to server
19:32:23: Player "borkk" (steam64id="76561199190865066") connected to server
19:32:23: Player "[HORDA]intersandro" (steam64id="76561199214798198") connected to server
19:32:23: Player "HenricoBork" (steam64id="76561199101164385") connected to server
19:32:28: Player "DEGALOKAO" (steam64id="76561199171941975") connected to server
19:32:28: Player "Ruan Plays" (steam64id="76561198806707998") connected to server
19:32:28: Player "[L.B] SeryD" (steam64id="76561198072791642") connected to server
19:32:28: Player "[YAKUZA]-BlackBear" (steam64id="76561198343030820") connected to server
19:32:28: Player "GW. DESERT" (steam64id="76561198050557634") connected to server
19:32:38: Player "zCastroz" (steam64id="76561199027286716") connected to server
19:32:48: Player "Zeca" (steam64id="76561198211423224") connected to server
19:32:48: Player "NatsuMzO" (steam64id="76561198136438281") disconnected from server
19:33:13: Player "Madruga" (steam64id="76561198144310710") connected to server
19:34:33: Player "[HORDA] JHON WICK" (steam64id="76561198122075703") connected to server
19:35:03: Player "[HORDA]ThiagoPenna" (steam64id="76561198218822351") connected to server
19:35:33: Player "pedraoRJ21" (steam64id="76561199098626087") connected to server
19:36:08: Player "borkk" (steam64id="76561199190865066") disconnected from server
19:36:13: Player "RasC" (steam64id="76561198452371443") connected to server
19:36:33: Player "HenricoBork" (steam64id="76561199101164385") disconnected from server
19:37:18: Player "GW. DESERT" (steam64id="76561198050557634") disconnected from server
19:37:23: Player "DraskiO" (steam64id="76561199212779068") connected to server
19:39:38: Player "DraskiO" (steam64id="76561199212779068") disconnected from server
19:40:23: Player "PK" (steam64id="76561198075998827") connected to server
19:41:48: Player "zCastroz" (steam64id="76561199027286716") disconnected from server
19:43:48: Player "Pleysteix0" (steam64id="76561198067873289") connected to server
19:44:13: Player "pedraoRJ21" (steam64id="76561199098626087") disconnected from server
19:44:43: Player "PK" (steam64id="76561198075998827") disconnected from server
19:49:03: Player "DEGALOKAO" (steam64id="76561199171941975") disconnected from server
19:50:13: Player "[horda]marcelinho" (steam64id="76561198817477406") connected to server
19:50:33: Player "TcheLoco" (steam64id="76561198099449370") connected to server
19:50:53: Player "zezozoi" (steam64id="76561198886694633") disconnected from server
19:51:43: Player "[DY] FROZEN " (steam64id="76561198161060673") connected to server
19:52:03: Player "pedraoRJ21" (steam64id="76561199098626087") connected to server
19:52:28: Player "[horda]marcelinho" (steam64id="76561198817477406") disconnected from server
19:52:53: Player "MarcoLa" (steam64id="76561198352149308") disconnected from server
19:53:03: Player "MarcoLa" (steam64id="76561198352149308") connected to server
19:54:53: Player "clebin o guri" (steam64id="76561199029061744") connected to server
19:55:03: Player "(CNXC)Roger    " (steam64id="76561198119108882") connected to server
19:55:08: Player "pedraoRJ21" (steam64id="76561199098626087") disconnected from server
19:56:13: Player "[HORDA]ThiagoPenna" (steam64id="76561198218822351") disconnected from server
19:57:33: Player "[DY] FROZEN " (steam64id="76561198161060673") disconnected from server
19:57:33: Player "Madruga" (steam64id="76561198144310710") disconnected from server
19:57:33: Player "dmc" (steam64id="76561199036648424") disconnected from server
19:57:33: Player "clebin o guri" (steam64id="76561199029061744") disconnected from server
19:57:33: Player "[L.B] SeryD" (steam64id="76561198072791642") disconnected from server
19:57:33: Player "[TTV]ScorpionBiceps" (steam64id="76561198133006312") disconnected from server
19:57:33: Player "[L.B] Santorin" (steam64id="76561199069721527") disconnected from server
19:57:33: Player "RasC" (steam64id="76561198452371443") disconnected from server
19:57:33: Player "Pleysteix0" (steam64id="76561198067873289") disconnected from server
19:57:33: Player "Seekerzao" (steam64id="76561198067793781") disconnected from server
19:57:33: Player "Ruan Plays" (steam64id="76561198806707998") disconnected from server
19:57:33: Player "[DY] RAPUNZEL" (steam64id="76561198100527842") disconnected from server
19:57:33: Player "[YAKUZA]-BlackBear" (steam64id="76561198343030820") disconnected from server
19:57:33: Player "nicoh6" (steam64id="76561198281952610") disconnected from server
19:57:33: Player "[HORDA]intersandro" (steam64id="76561199214798198") disconnected from server
19:57:33: Player "[HORDA] JHON WICK" (steam64id="76561198122075703") disconnected from server
19:57:33: Player "Zeca" (steam64id="76561198211423224") disconnected from server
19:57:33: Player "MarcoLa" (steam64id="76561198352149308") disconnected from server
19:57:33: Player "(CNXC)Roger    " (steam64id="76561198119108882") disconnected from server
19:57:33: Player "TcheLoco" (steam64id="76561198099449370") disconnected from server
19:57:33: Player "KILLER" (steam64id="76561198797258484") disconnected from server
19:57:33: Player "Skaposk" (steam64id="76561198027295853") disconnected from server
20:02:05: Player "Pleysteix0" (steam64id="76561198067873289") connected to server
20:02:05: Player "MarcoLa" (steam64id="76561198352149308") connected to server
20:02:05: Player "[L.B] Santorin" (steam64id="76561199069721527") connected to server
20:02:05: Player "clebin o guri" (steam64id="76561199029061744") connected to server
20:02:05: Player "[HORDA] JHON WICK" (steam64id="76561198122075703") connected to server
20:02:05: Player "[HORDA]intersandro" (steam64id="76561199214798198") connected to server
20:02:05: Player "Ruan Plays" (steam64id="76561198806707998") connected to server
20:02:05: Player "[TTV]ScorpionBiceps" (steam64id="76561198133006312") connected to server
20:02:05: Player "[DY] FROZEN " (steam64id="76561198161060673") connected to server
20:02:15: Player "Skaposk" (steam64id="76561198027295853") connected to server
20:02:15: Player "KILLER" (steam64id="76561198797258484") connected to server
20:02:20: Player "[DY] FIONA" (steam64id="76561198165228070") connected to server
20:02:25: Player "Zeca" (steam64id="76561198211423224") connected to server
20:02:30: Player "[DEV] KOREA" (steam64id="76561198253386609") connected to server
20:02:55: Player "Cotovelo" (steam64id="76561198080480885") connected to server
20:03:10: Player "[DY] RAPUNZEL" (steam64id="76561198100527842") connected to server
20:05:00: Player "TcheLoco" (steam64id="76561198099449370") connected to server
20:05:30: Player "nicoh6" (steam64id="76561198281952610") connected to server
20:06:50: Player "RasC" (steam64id="76561198452371443") connected to server
20:07:20: Player "[L.B] SeryD" (steam64id="76561198072791642") connected to server
20:07:30: Player "MarcoLa" (steam64id="76561198352149308") disconnected from server
20:07:50: Player "Muriel-Gyn" (steam64id="76561198205887559") connected to server
20:08:05: Player "[HORDA]ThiagoPenna" (steam64id="76561198218822351") connected to server
20:08:25: Player "Seekerzao" (steam64id="76561198067793781") connected to server
20:09:20: Player "(CNXC)Roger    " (steam64id="76561198119108882") connected to server
20:10:10: Player "JSdaSul" (steam64id="76561198023437544") connected to server
20:12:35: Player "CHERNUSHNIK" (steam64id="76561197991029744") connected to server
20:15:45: Player "[DY] FROZEN " (steam64id="76561198161060673") disconnected from server
20:16:20: Player "Zeca" (steam64id="76561198211423224") disconnected from server
20:17:10: Player "Pennesz" (steam64id="76561198228224276") connected to server
20:17:15: Player "Zeca" (steam64id="76561198211423224") connected to server
20:19:35: Player "[horda]marcelinho" (steam64id="76561198817477406") connected to server
20:20:10: Player "[HORDA]ThiagoPenna" (steam64id="76561198218822351") disconnected from server
20:21:00: Player "Mathielo" (steam64id="76561198217512245") connected to server
20:23:10: Player "Guilhares" (steam64id="76561198282922402") connected to server
20:23:20: Player "Skaposk" (steam64id="76561198027295853") disconnected from server
20:23:25: Player "JOAO " (steam64id="76561198168432705") connected to server
20:23:25: Player "Thiagohill" (steam64id="76561197988999692") connected to server
20:23:40: Player "Terror" (steam64id="76561198026116602") connected to server
20:23:40: Player "[DEV] KOREA" (steam64id="76561198253386609") disconnected from server
20:24:35: Player "[L.B] Santorin" (steam64id="76561199069721527") disconnected from server
20:25:55: Player "JSdaSul" (steam64id="76561198023437544") disconnected from server
20:26:20: Player "[HORDA]ThiagoPenna" (steam64id="76561198218822351") connected to server
20:26:45: Player "JSdaSul" (steam64id="76561198023437544") connected to server
20:28:15: Player "Cotovelo" (steam64id="76561198080480885") disconnected from server
20:28:35: Player "TcheLoco" (steam64id="76561198099449370") disconnected from server
20:28:55: Player "RoberKrator" (steam64id="76561198363110632") connected to server
20:28:55: Player "Thiagohill" (steam64id="76561197988999692") disconnected from server
20:29:00: Player "TcheLoco" (steam64id="76561198099449370") connected to server
20:29:05: Player "ARRUDA" (steam64id="76561198239194204") connected to server
20:29:40: Player "Thiagohill" (steam64id="76561197988999692") connected to server
20:32:00: Player "[L.B] Santorin" (steam64id="76561199069721527") connected to server
20:32:35: Player "LotusZ" (steam64id="76561198088966257") connected to server
20:33:00: Player "Thiagohill" (steam64id="76561197988999692") disconnected from server
20:33:55: Player "Muriel-Gyn" (steam64id="76561198205887559") disconnected from server
20:34:00: Player "MacLovin" (steam64id="76561199068236803") connected to server
20:34:05: Player "Muriel-Gyn" (steam64id="76561198205887559") connected to server
20:34:40: Player "WesleySCS" (steam64id="76561198117334105") connected to server
20:35:35: Player "WesleySCS" (steam64id="76561198117334105") disconnected from server
20:37:25: Player "Fulber" (steam64id="76561198053443712") connected to server
20:37:30: Player "[TTV]ScorpionBiceps" (steam64id="76561198133006312") disconnected from server
20:41:35: Player "Sr-Faur" (steam64id="76561199049705385") connected to server
20:41:40: Player "[KGB}Nobre Lobo" (steam64id="76561198127199963") connected to server
20:41:40: Player "RasC" (steam64id="76561198452371443") disconnected from server
20:41:50: Player "Mathielo" (steam64id="76561198217512245") disconnected from server
20:42:25: Player "Chakal" (steam64id="76561198129184340") connected to server
20:43:45: Player "[C.A.T] PinkFloydson" (steam64id="76561199217475308") connected to server
20:44:20: Player "MacLovin" (steam64id="76561199068236803") disconnected from server
20:44:40: Player "MacLovin" (steam64id="76561199068236803") connected to server
20:45:30: Player "[C.A.T] PinkFloydson" (steam64id="76561199217475308") disconnected from server
20:45:50: Player "Sr-Faur" (steam64id="76561199049705385") disconnected from server
20:46:10: Player "RoberKrator" (steam64id="76561198363110632") disconnected from server
20:50:20: Player "[APW]pepeu" (steam64id="76561198349620379") connected to server
20:50:25: Player "JOAO " (steam64id="76561198168432705") disconnected from server
20:50:35: Player "JSdaSul" (steam64id="76561198023437544") disconnected from server
20:50:55: Player "ARRUDA" (steam64id="76561198239194204") disconnected from server
20:51:15: Player "[TGK]Sif" (steam64id="76561198262490369") connected to server
20:52:15: Player "SnackS" (steam64id="76561197980358676") connected to server
20:53:00: Player "Emissarius" (steam64id="76561198271087379") connected to server
20:53:10: Player "Muriel-Gyn" (steam64id="76561198205887559") disconnected from server
20:53:15: Player "Guilhares" (steam64id="76561198282922402") disconnected from server
20:53:55: Player "PintoJunior" (steam64id="76561198057936781") connected to server
20:54:55: Player "[DY] RAPUNZEL" (steam64id="76561198100527842") disconnected from server
20:55:40: Player "Skaposk" (steam64id="76561198027295853") connected to server
20:56:25: Player "SimbioZ" (steam64id="76561198127487169") connected to server
20:58:00: Player "[DY] FIONA" (steam64id="76561198165228070") disconnected from server
20:58:05: Player "[HORDA] JHON WICK" (steam64id="76561198122075703") disconnected from server
20:58:20: Player "[HORDA] JHON WICK" (steam64id="76561198122075703") connected to server
20:59:05: Player "[APW]pepeu" (steam64id="76561198349620379") disconnected from server
20:59:40: Player "SRLUCAS" (steam64id="76561199022089866") connected to server
21:00:00: Player "chron1c" (steam64id="76561198205585613") connected to server
21:00:10: Player "Skaposk" (steam64id="76561198027295853") disconnected from server
21:04:10: Player "HairZ" (steam64id="76561199024013047") connected to server
21:04:25: Player "[C.A.T] PinkFloydson" (steam64id="76561199217475308") connected to server
21:05:25: Player "coyot-solitario" (steam64id="76561198191127093") connected to server
21:08:45: Player "[TGK]Sif" (steam64id="76561198262490369") disconnected from server
21:09:10: Player "[TTV]ScorpionBiceps" (steam64id="76561198133006312") connected to server
21:09:15: Player "MATTAY" (steam64id="76561198218988993") connected to server
21:09:20: Player "[C.A.T] PinkFloydson" (steam64id="76561199217475308") disconnected from server
21:10:05: Player "Fulber" (steam64id="76561198053443712") disconnected from server
21:10:20: Player "LotusZ" (steam64id="76561198088966257") disconnected from server
21:10:45: Player "Zeca" (steam64id="76561198211423224") disconnected from server
21:11:00: Player "Fulber" (steam64id="76561198053443712") connected to server
21:11:20: Player "[L.B] Santorin" (steam64id="76561199069721527") disconnected from server
21:11:45: Player "SimbioZ" (steam64id="76561198127487169") disconnected from server
21:11:50: Player "[L.B] SeryD" (steam64id="76561198072791642") disconnected from server
21:12:10: Player "SnackS" (steam64id="76561197980358676") disconnected from server
21:12:15: Player "NIGHT_HUNTER_CHANEL_GAMER" (steam64id="76561198315834625") connected to server
21:14:15: Player "MATTAY" (steam64id="76561198218988993") disconnected from server
21:17:10: Player "Severino " (steam64id="76561198031117731") connected to server
21:17:30: Player "BetoCoin" (steam64id="76561197980191071") connected to server
21:19:25: Player "pedrobala" (steam64id="76561198046653521") connected to server
21:20:15: Player "UnivelPlay" (steam64id="76561199010344988") connected to server
21:20:45: Player "(CNXC)Roger    " (steam64id="76561198119108882") disconnected from server
21:23:40: Player "biukiu" (steam64id="76561198055663982") connected to server
21:24:10: Player "(CNXC)Roger    " (steam64id="76561198119108882") connected to server
21:24:45: Player "WOLF" (steam64id="76561198238020568") connected to server
21:25:15: Player "(CNXC)Roger    " (steam64id="76561198119108882") disconnected from server
21:27:00: Player "chron1c" (steam64id="76561198205585613") disconnected from server
21:27:45: Player "WOLF" (steam64id="76561198238020568") disconnected from server
21:27:50: Player "UnivelPlay" (steam64id="76561199010344988") disconnected from server
21:29:15: Player "UnivelPlay" (steam64id="76561199010344988") connected to server
21:29:45: Player "chron1c" (steam64id="76561198205585613") connected to server
21:29:45: Player "[C.A.T] PinkFloydson" (steam64id="76561199217475308") connected to server
21:34:10: Player "AlexFraxe" (steam64id="76561198079014774") connected to server
21:36:10: Player "[HORDA]LUCASBR" (steam64id="76561198973828354") connected to server
21:36:45: Player "pedrobala" (steam64id="76561198046653521") disconnected from server
21:36:55: Player "(CNXC)Roger    " (steam64id="76561198119108882") connected to server
21:37:15: Player "clebin o guri" (steam64id="76561199029061744") disconnected from server
21:37:40: Player "Pennesz" (steam64id="76561198228224276") disconnected from server
21:37:50: Player "Biel FxR" (steam64id="76561198050836260") connected to server
21:38:00: Player "PintoJunior" (steam64id="76561198057936781") disconnected from server
21:38:25: Player "(CNXC)Roger    " (steam64id="76561198119108882") disconnected from server
21:39:20: Player "5aB Mr Popo" (steam64id="76561198165228292") connected to server
21:39:20: Player "AlexFraxe" (steam64id="76561198079014774") disconnected from server
21:41:20: Player "[HORDA] JHON WICK" (steam64id="76561198122075703") disconnected from server
21:41:35: Player "[HORDA] JHON WICK" (steam64id="76561198122075703") connected to server
21:41:40: Player "(CNXC)Roger    " (steam64id="76561198119108882") connected to server
21:42:30: Player "(CNXC)Roger    " (steam64id="76561198119108882") disconnected from server
21:42:50: Player "nicoh6" (steam64id="76561198281952610") disconnected from server
21:43:05: Player "UnivelPlay" (steam64id="76561199010344988") disconnected from server
21:43:20: Player "UnivelPlay" (steam64id="76561199010344988") connected to server
21:43:25: Player "[DY] MOANA" (steam64id="76561198868590548") connected to server
21:44:30: Player "5aB Dr Drauzio VrauNelas" (steam64id="76561198256021244") connected to server
21:44:35: Player "Feizika" (steam64id="76561198123076585") connected to server
21:46:10: Player "Vitinho" (steam64id="76561198129084552") connected to server
21:48:00: Player "Terror" (steam64id="76561198026116602") disconnected from server
21:48:10: Player "UnivelPlay" (steam64id="76561199010344988") disconnected from server
21:48:50: Player "[HORDA]ThiagoPenna" (steam64id="76561198218822351") disconnected from server
21:49:10: Player "[HORDA]ThiagoPenna" (steam64id="76561198218822351") connected to server
21:49:25: Player "(CNXC)Roger    " (steam64id="76561198119108882") connected to server
21:49:55: Player "(CNXC)Roger    " (steam64id="76561198119108882") disconnected from server
21:50:10: Player "Sr-Faur" (steam64id="76561199049705385") connected to server
21:50:30: Player "Sr-Faur" (steam64id="76561199049705385") disconnected from server
21:50:40: Player "ArthemisFall" (steam64id="76561198126997247") connected to server
21:51:15: Player "Urso" (steam64id="76561198382718106") connected to server
21:51:45: Player "YtH" (steam64id="76561198274248270") connected to server
21:52:10: Player "SRLUCAS" (steam64id="76561199022089866") disconnected from server
21:53:00: Player "AlexFraxe" (steam64id="76561198079014774") connected to server
21:53:40: Player "(CNXC)Roger    " (steam64id="76561198119108882") connected to server
21:53:50: Player "NIGHT_HUNTER_CHANEL_GAMER" (steam64id="76561198315834625") disconnected from server
21:54:00: Player "Hype" (steam64id="76561199143192767") connected to server
21:55:05: Player "(CNXC)Roger    " (steam64id="76561198119108882") disconnected from server
21:55:30: Player "NIGHT_HUNTER_CHANEL_GAMER" (steam64id="76561198315834625") connected to server
21:57:25: Player "Zeca" (steam64id="76561198211423224") connected to server
21:58:10: Player "(CNXC)Roger    " (steam64id="76561198119108882") connected to server
22:01:10: Player "OZIEL" (steam64id="76561199063596086") connected to server
22:01:15: Player "Ruan Plays" (steam64id="76561198806707998") disconnected from server
22:01:55: Player "chron1c" (steam64id="76561198205585613") disconnected from server
22:02:40: Player "[C.A.T] PinkFloydson" (steam64id="76561199217475308") disconnected from server
22:02:45: Player "pedrobala" (steam64id="76561198046653521") connected to server
22:02:55: Player "clebin o guri" (steam64id="76561199029061744") connected to server
22:04:10: Player "piruzera" (steam64id="76561198915345332") connected to server
22:04:20: Player "[horda]marcelinho" (steam64id="76561198817477406") disconnected from server
22:04:50: Player "[HORDA]intersandro" (steam64id="76561199214798198") disconnected from server
22:04:55: Player "KILLER" (steam64id="76561198797258484") disconnected from server
22:05:10: Player "UnivelPlay" (steam64id="76561199010344988") connected to server
22:05:40: Player "[HORDA]intersandro" (steam64id="76561199214798198") connected to server
22:05:45: Player "Gecom" (steam64id="76561198020315206") connected to server
22:06:50: Player "TcheLoco" (steam64id="76561198099449370") disconnected from server
22:07:10: Player "[horda]marcelinho" (steam64id="76561198817477406") connected to server
22:08:20: Player "Hype" (steam64id="76561199143192767") disconnected from server
22:08:45: Player "piruzera" (steam64id="76561198915345332") disconnected from server
22:09:20: Player "Hacan121" (steam64id="76561198345012092") connected to server
22:10:00: Player "TripaSeca" (steam64id="76561198093060507") connected to server
22:10:00: Player "HairZ" (steam64id="76561199024013047") disconnected from server
22:10:35: Player "[KGB}Nobre Lobo" (steam64id="76561198127199963") disconnected from server
22:11:10: Player "[HORDA] JHON WICK" (steam64id="76561198122075703") disconnected from server
22:11:30: Player "Fulber" (steam64id="76561198053443712") disconnected from server
22:12:00: Player "pedrobala" (steam64id="76561198046653521") disconnected from server
22:12:10: Player "[HORDA] JHON WICK" (steam64id="76561198122075703") connected to server
22:12:15: Player "pedrobala" (steam64id="76561198046653521") connected to server
22:12:25: Player "Fulber" (steam64id="76561198053443712") connected to server
22:12:35: Player "Chakal" (steam64id="76561198129184340") disconnected from server
22:13:20: Player "Vitinho" (steam64id="76561198129084552") disconnected from server
22:14:25: Player "AlexFraxe" (steam64id="76561198079014774") disconnected from server
22:14:50: Player "Feizika" (steam64id="76561198123076585") disconnected from server
22:15:00: Player "[KGB}Nobre Lobo" (steam64id="76561198127199963") connected to server
22:16:00: Player "MacLovin" (steam64id="76561199068236803") disconnected from server
22:18:50: Player "Milano" (steam64id="76561198027078553") connected to server
22:21:15: Player "NIGHT_HUNTER_CHANEL_GAMER" (steam64id="76561198315834625") disconnected from server
22:22:20: Player "Seekerzao" (steam64id="76561198067793781") disconnected from server
22:22:45: Player "Pandre92" (steam64id="76561198012704301") connected to server
22:23:10: Player "Longa" (steam64id="76561198026865346") connected to server
22:24:30: Player "Emissarius" (steam64id="76561198271087379") disconnected from server
22:24:45: Player "SRLUCAS" (steam64id="76561199022089866") connected to server
22:26:05: Player "MarcoLa" (steam64id="76561198352149308") connected to server
22:26:15: Player "KILLER" (steam64id="76561198797258484") connected to server
22:26:20: Player "YtH" (steam64id="76561198274248270") disconnected from server
22:28:40: Player "Severino " (steam64id="76561198031117731") disconnected from server
22:28:50: Player "BetoCoin" (steam64id="76561197980191071") disconnected from server
22:29:00: Player "Stitch Do PUBG" (steam64id="76561198398833122") connected to server
22:29:15: Player "AlexFraxe" (steam64id="76561198079014774") connected to server
22:30:00: Player "Tim" (steam64id="76561198115059062") connected to server
22:30:30: Player "ttv-paistbjogam" (steam64id="76561198085178065") connected to server
22:31:55: Player "SE7E" (steam64id="76561198309584610") connected to server
22:33:10: Player "YtH" (steam64id="76561198274248270") connected to server
22:35:15: Player "paulin" (steam64id="76561199216132269") connected to server
22:35:20: Player "Tim" (steam64id="76561198115059062") disconnected from server
22:35:40: Player "Bacon-Frito" (steam64id="76561198062307418") connected to server
22:36:55: Player "OZIEL" (steam64id="76561199063596086") disconnected from server
22:38:30: Player "Ruan Plays" (steam64id="76561198806707998") connected to server
22:39:25: Player "KILLER" (steam64id="76561198797258484") disconnected from server
22:39:55: Player "cayoba" (steam64id="76561198065597663") connected to server
22:40:05: Player "(CNXC)Roger    " (steam64id="76561198119108882") disconnected from server
22:40:10: Player "CHERNUSHNIK" (steam64id="76561197991029744") disconnected from server
22:40:20: Player "TcheLoco" (steam64id="76561198099449370") connected to server
22:40:30: Player "KILLER" (steam64id="76561198797258484") connected to server
22:41:10: Player "pedrobala" (steam64id="76561198046653521") disconnected from server
22:41:45: Player "CPT-R" (steam64id="76561198456404142") connected to server
22:43:06: Player "coyot-solitario" (steam64id="76561198191127093") disconnected from server
22:43:10: Player "[TTV]ScorpionBiceps" (steam64id="76561198133006312") disconnected from server
22:43:26: Player "pedrobala" (steam64id="76561198046653521") connected to server
22:43:46: Player "CHERNUSHNIK" (steam64id="76561197991029744") connected to server
22:45:16: Player "Zeca" (steam64id="76561198211423224") disconnected from server
22:45:56: Player "TimMaia" (steam64id="76561198115059062") connected to server
22:48:11: Player "[DY] MOANA" (steam64id="76561198868590548") disconnected from server
22:49:01: Player "(CNXC)Roger    " (steam64id="76561198119108882") connected to server
22:52:16: Player "pedrobala" (steam64id="76561198046653521") disconnected from server
22:52:36: Player "fgn" (steam64id="76561198104909829") connected to server
22:53:36: Player "biukiu" (steam64id="76561198055663982") disconnected from server
22:54:36: Player "G NO PEITO" (steam64id="76561199123625009") connected to server
22:56:41: Player "ArthemisFall" (steam64id="76561198126997247") disconnected from server
22:57:46: Player "081Rato" (steam64id="76561198202828871") connected to server
22:59:06: Player "Ruan Plays" (steam64id="76561198806707998") disconnected from server
22:59:56: Player "5aB Dr Drauzio VrauNelas" (steam64id="76561198256021244") disconnected from server
23:00:01: Player "TcheLoco" (steam64id="76561198099449370") disconnected from server
23:00:11: Player "(CNXC)Roger    " (steam64id="76561198119108882") disconnected from server
23:00:16: Player "Einsen" (steam64id="76561198103936746") connected to server
23:00:16: Player "ArthemisFall" (steam64id="76561198126997247") connected to server
23:00:26: Player "seaen" (steam64id="76561198287955844") connected to server
23:00:56: Player "[TMT].Skinner" (steam64id="76561198860620637") connected to server
23:02:46: Player "Urso" (steam64id="76561198382718106") disconnected from server
23:03:16: Player "Naell" (steam64id="76561198122722358") connected to server
23:04:06: Player "CHERNUSHNIK" (steam64id="76561197991029744") disconnected from server
23:04:26: Player "Ruan Plays" (steam64id="76561198806707998") connected to server
23:06:36: Player "5aB Mr Popo" (steam64id="76561198165228292") disconnected from server
23:07:46: Player "marcola (2)" (steam64id="76561198081973210") connected to server
23:08:26: Player "CPT-R" (steam64id="76561198456404142") disconnected from server
23:09:46: Player "netttto no drip" (steam64id="76561198859086815") connected to server
23:09:51: Player "cayoba" (steam64id="76561198065597663") disconnected from server
23:11:01: Player "Pleysteix0" (steam64id="76561198067873289") disconnected from server
23:11:46: Player "Pleysteix0" (steam64id="76561198067873289") connected to server
23:11:51: Player "ChaCalGamer" (steam64id="76561198995613817") connected to server
23:13:41: Player "clebin o guri" (steam64id="76561199029061744") disconnected from server
23:14:16: Player "SniperX" (steam64id="76561199206798095") connected to server
23:14:56: Player "ttv-paistbjogam" (steam64id="76561198085178065") disconnected from server
23:15:26: Player "Malafaier" (steam64id="76561198145331046") connected to server
23:16:06: Player "Pleysteix0" (steam64id="76561198067873289") disconnected from server
23:16:26: Player "[TTV]ScorpionBiceps" (steam64id="76561198133006312") connected to server
23:18:51: Player "ChaCalGamer" (steam64id="76561198995613817") disconnected from server
23:18:51: Player "Gecom" (steam64id="76561198020315206") disconnected from server
23:19:06: Player "[KGB}Nobre Lobo" (steam64id="76561198127199963") disconnected from server
23:20:21: Player "AlexFraxe" (steam64id="76561198079014774") disconnected from server
23:20:21: Player "Fulber" (steam64id="76561198053443712") disconnected from server
23:24:01: Player "paulin" (steam64id="76561199216132269") disconnected from server
23:24:46: Player "SE7E" (steam64id="76561198309584610") disconnected from server
23:25:16: Player "[HORDA]ThiagoPenna" (steam64id="76561198218822351") disconnected from server
23:25:36: Player "[HORDA]ThiagoPenna" (steam64id="76561198218822351") connected to server
23:27:16: Player "[TMT].Skinner" (steam64id="76561198860620637") disconnected from server
23:27:46: Player "(CNXC)Roger    " (steam64id="76561198119108882") connected to server
23:27:46: Player "Einsen" (steam64id="76561198103936746") disconnected from server
23:29:56: Player "Stitch Do PUBG" (steam64id="76561198398833122") disconnected from server
23:30:11: Player "OZIEL 2" (steam64id="76561198973770662") connected to server
23:30:46: Player "(CNXC)Roger    " (steam64id="76561198119108882") disconnected from server
23:32:01: Player "ArthemisFall" (steam64id="76561198126997247") disconnected from server
23:32:31: Player "ArthemisFall" (steam64id="76561198126997247") connected to server
23:33:31: Player "(CNXC)Roger    " (steam64id="76561198119108882") connected to server
23:37:56: Player "Operguer" (steam64id="76561198031245537") connected to server
23:40:56: Player "KILLER" (steam64id="76561198797258484") disconnected from server
23:45:06: Player "marcola (2)" (steam64id="76561198081973210") disconnected from server
23:45:21: Player "G A T O" (steam64id="76561199207813177") connected to server
23:45:21: Player "marcola (2)" (steam64id="76561198081973210") connected to server
23:46:21: Player "Zeca" (steam64id="76561198211423224") connected to server
23:47:26: Player "UnivelPlay" (steam64id="76561199010344988") disconnected from server
23:48:36: Player "Einsen" (steam64id="76561198103936746") connected to server
23:49:16: Player "YtH" (steam64id="76561198274248270") disconnected from server
23:50:16: Player "SRLUCAS" (steam64id="76561199022089866") disconnected from server
23:50:31: Player "Traore" (steam64id="76561198120392137") connected to server
23:50:41: Player "SRLUCAS" (steam64id="76561199022089866") connected to server
23:51:26: Player "kirai" (steam64id="76561198276172023") connected to server
23:51:56: Player "TripaSeca" (steam64id="76561198093060507") disconnected from server
23:53:06: Player "Ruan Plays" (steam64id="76561198806707998") disconnected from server
23:55:36: Player "TripaSeca" (steam64id="76561198093060507") connected to server
23:55:56: Player "MarcoLa" (steam64id="76561198352149308") disconnected from server
23:57:16: Player "Zeca" (steam64id="76561198211423224") disconnected from server
23:58:51: Player "[TTV]ScorpionBiceps" (steam64id="76561198133006312") disconnected from server
23:58:51: Player "SniperX" (steam64id="76561199206798095") disconnected from server
23:59:01: Player "TripaSeca" (steam64id="76561198093060507") disconnected from server
23:59:01: Player "Einsen" (steam64id="76561198103936746") disconnected from server
23:59:01: Player "081Rato" (steam64id="76561198202828871") disconnected from server
23:59:01: Player "kirai" (steam64id="76561198276172023") disconnected from server
23:59:01: Player "Naell" (steam64id="76561198122722358") disconnected from server
23:59:01: Player "Hacan121" (steam64id="76561198345012092") disconnected from server
23:59:01: Player "[HORDA]LUCASBR" (steam64id="76561198973828354") disconnected from server
23:59:01: Player "[HORDA]intersandro" (steam64id="76561199214798198") disconnected from server
23:59:01: Player "G A T O" (steam64id="76561199207813177") disconnected from server
23:59:01: Player "fgn" (steam64id="76561198104909829") disconnected from server
23:59:01: Player "[HORDA] JHON WICK" (steam64id="76561198122075703") disconnected from server
23:59:01: Player "Malafaier" (steam64id="76561198145331046") disconnected from server
23:59:01: Player "Pandre92" (steam64id="76561198012704301") disconnected from server
23:59:01: Player "[horda]marcelinho" (steam64id="76561198817477406") disconnected from server
23:59:01: Player "Biel FxR" (steam64id="76561198050836260") disconnected from server
23:59:01: Player "Bacon-Frito" (steam64id="76561198062307418") disconnected from server
23:59:01: Player "Traore" (steam64id="76561198120392137") disconnected from server
23:59:01: Player "ArthemisFall" (steam64id="76561198126997247") disconnected from server
23:59:01: Player "netttto no drip" (steam64id="76561198859086815") disconnected from server
23:59:01: Player "Operguer" (steam64id="76561198031245537") disconnected from server
23:59:01: Player "OZIEL 2" (steam64id="76561198973770662") disconnected from server
23:59:01: Player "Milano" (steam64id="76561198027078553") disconnected from server
23:59:01: Player "Longa" (steam64id="76561198026865346") disconnected from server
23:59:01: Player "G NO PEITO" (steam64id="76561199123625009") disconnected from server
23:59:01: Player "[HORDA]ThiagoPenna" (steam64id="76561198218822351") disconnected from server
23:59:01: Player "marcola (2)" (steam64id="76561198081973210") disconnected from server
23:59:01: Player "SRLUCAS" (steam64id="76561199022089866") disconnected from server
23:59:01: Player "(CNXC)Roger    " (steam64id="76561198119108882") disconnected from server
23:59:01: Player "seaen" (steam64id="76561198287955844") disconnected from server
23:59:01: Player "TimMaia" (steam64id="76561198115059062") disconnected from server
