00:00:38: Player "[YKZ]-tappes" (steam64id="76561198990092287") connected to server
00:00:38: Player "[HORDA] zBieL" (steam64id="76561198001525812") connected to server
00:00:43: Player "Biel FxR" (steam64id="76561198050836260") connected to server
00:00:53: Player "TripaSeca" (steam64id="76561198093060507") connected to server
00:00:53: Player "Betinho_maluco" (steam64id="76561198057627157") connected to server
00:01:13: Player "(CNXC)Roger    " (steam64id="76561198119108882") connected to server
00:01:28: Player "[YKZ] pedrobala" (steam64id="76561198046653521") connected to server
00:05:28: Player "[YKZ]-Lobato" (steam64id="76561198158375860") connected to server
00:06:18: Player "Vinicin" (steam64id="76561198056890776") connected to server
00:10:13: Player "Vinicin" (steam64id="76561198056890776") disconnected from server
00:10:13: Player "[YKZ]-Lobato" (steam64id="76561198158375860") disconnected from server
00:10:33: Player "Vinicin" (steam64id="76561198056890776") connected to server
00:10:43: Player "[YKZ]-Lobato" (steam64id="76561198158375860") connected to server
00:17:23: Player "[YKZ]-tappes" (steam64id="76561198990092287") disconnected from server
00:28:13: Player "(CNXC)Roger    " (steam64id="76561198119108882") disconnected from server
00:28:38: Player "Vinicin" (steam64id="76561198056890776") disconnected from server
00:28:38: Player "[YKZ]-Lobato" (steam64id="76561198158375860") disconnected from server
00:30:53: Player "[YKZ]-Lobato" (steam64id="76561198158375860") connected to server
00:31:13: Player "Vinicin" (steam64id="76561198056890776") connected to server
00:31:13: Player "[YKZ]-BlackBear" (steam64id="76561198343030820") connected to server
00:32:13: Player "[HORDA]MacLovin" (steam64id="76561199068236803") connected to server
00:37:33: Player "[HORDA]MacLovin" (steam64id="76561199068236803") disconnected from server
00:48:23: Player "[YKZ]-tappes" (steam64id="76561198990092287") connected to server
00:49:38: Player "Betinho_maluco" (steam64id="76561198057627157") disconnected from server
00:50:18: Player "Betinho_maluco" (steam64id="76561198057627157") connected to server
00:55:23: Player "[HORDA] zBieL" (steam64id="76561198001525812") disconnected from server
01:01:33: Player "joaoguis" (steam64id="76561198049374630") connected to server
01:02:33: Player "joaoguis" (steam64id="76561198049374630") disconnected from server
01:05:48: Player "joaoguis" (steam64id="76561198049374630") connected to server
01:06:03: Player "Zodi4c" (steam64id="76561198385014837") connected to server
01:09:03: Player "Thiago" (steam64id="76561198168084899") connected to server
01:09:33: Player "DuDuzin" (steam64id="76561198204677881") connected to server
01:13:23: Player "DuDuzin" (steam64id="76561198204677881") disconnected from server
01:29:53: Player "Betinho_maluco" (steam64id="76561198057627157") disconnected from server
01:46:28: Player "[YKZ]-tappes" (steam64id="76561198990092287") disconnected from server
01:53:33: Player "Duerowww" (steam64id="76561198259492425") connected to server
01:53:58: Player "ttuker" (steam64id="76561198971813376") connected to server
01:55:43: Player "[YKZ] pedrobala" (steam64id="76561198046653521") disconnected from server
02:06:43: Player "[YKZ]-Lobato" (steam64id="76561198158375860") disconnected from server
02:06:48: Player "Vinicin" (steam64id="76561198056890776") disconnected from server
02:07:13: Player "[YKZ]-Lobato" (steam64id="76561198158375860") connected to server
02:07:13: Player "Vinicin" (steam64id="76561198056890776") connected to server
02:12:08: Player "Vinicin" (steam64id="76561198056890776") disconnected from server
02:12:08: Player "[YKZ]-Lobato" (steam64id="76561198158375860") disconnected from server
02:12:48: Player "Vinicin" (steam64id="76561198056890776") connected to server
02:13:03: Player "[YKZ]-Lobato" (steam64id="76561198158375860") connected to server
02:17:18: Player "Henke" (steam64id="76561198110592511") connected to server
02:32:43: Player "Thiago" (steam64id="76561198168084899") disconnected from server
02:34:03: Player "Vinicin" (steam64id="76561198056890776") disconnected from server
02:34:03: Player "[YKZ]-Lobato" (steam64id="76561198158375860") disconnected from server
02:35:13: Player "[YKZ]-Lobato" (steam64id="76561198158375860") connected to server
02:35:33: Player "Vinicin" (steam64id="76561198056890776") connected to server
02:40:28: Player "Biel FxR" (steam64id="76561198050836260") disconnected from server
02:42:23: Player "Biel FxR" (steam64id="76561198050836260") connected to server
02:47:13: Player "ttuker" (steam64id="76561198971813376") disconnected from server
02:49:13: Player "General2323" (steam64id="76561198300843847") connected to server
02:51:08: Player "Biel FxR" (steam64id="76561198050836260") disconnected from server
02:51:33: Player "Duerowww" (steam64id="76561198259492425") disconnected from server
02:56:18: Player "Henke" (steam64id="76561198110592511") disconnected from server
03:01:48: Player "Henke" (steam64id="76561198110592511") connected to server
03:08:53: Player "Vinicin" (steam64id="76561198056890776") disconnected from server
03:09:18: Player "Vinicin" (steam64id="76561198056890776") connected to server
03:21:38: Player "TripaSeca" (steam64id="76561198093060507") disconnected from server
03:26:08: Player "Vinicin" (steam64id="76561198056890776") disconnected from server
03:26:08: Player "[YKZ]-Lobato" (steam64id="76561198158375860") disconnected from server
03:27:03: Player "[YKZ]-Lobato" (steam64id="76561198158375860") connected to server
03:27:08: Player "Vinicin" (steam64id="76561198056890776") connected to server
03:28:18: Player "Henke" (steam64id="76561198110592511") disconnected from server
03:28:48: Player "Henke" (steam64id="76561198110592511") connected to server
03:29:58: Player "Henke" (steam64id="76561198110592511") disconnected from server
03:33:53: Player "Ikazakian" (steam64id="76561198377565003") connected to server
03:46:28: Player "Zodi4c" (steam64id="76561198385014837") disconnected from server
03:46:33: Player "joaoguis" (steam64id="76561198049374630") disconnected from server
03:55:38: Player "Ikazakian" (steam64id="76561198377565003") disconnected from server
03:56:38: Player "Marth" (steam64id="76561198063202483") connected to server
03:58:38: Player "Marth" (steam64id="76561198063202483") disconnected from server
03:58:38: Player "General2323" (steam64id="76561198300843847") disconnected from server
03:58:38: Player "Vinicin" (steam64id="76561198056890776") disconnected from server
03:58:38: Player "[YKZ]-Lobato" (steam64id="76561198158375860") disconnected from server
03:58:38: Player "[YKZ]-BlackBear" (steam64id="76561198343030820") disconnected from server
04:00:38: Player "Marth" (steam64id="76561198063202483") connected to server
04:00:58: Player "[YKZ]-Lobato" (steam64id="76561198158375860") connected to server
04:02:23: Player "[YKZ]-Lobato" (steam64id="76561198158375860") disconnected from server
04:02:58: Player "General2323" (steam64id="76561198300843847") connected to server
04:03:28: Player "[YKZ]-Lobato" (steam64id="76561198158375860") connected to server
04:19:13: Player "Duerowww" (steam64id="76561198259492425") connected to server
04:25:53: Player "Marth" (steam64id="76561198063202483") disconnected from server
04:28:43: Player "[YKZ]-Lobato" (steam64id="76561198158375860") disconnected from server
04:29:38: Player "[YKZ]-Lobato" (steam64id="76561198158375860") connected to server
04:33:13: Player "Duerowww" (steam64id="76561198259492425") disconnected from server
05:02:58: Player "General2323" (steam64id="76561198300843847") disconnected from server
06:07:43: Player "[YKZ]-Lobato" (steam64id="76561198158375860") disconnected from server
06:24:48: Player "MutuaL" (steam64id="76561199038848214") connected to server
06:34:00: Player "MutuaL" (steam64id="76561199038848214") connected to server
07:31:10: Player "MutuaL" (steam64id="76561199038848214") disconnected from server
07:31:55: Player "MutuaL" (steam64id="76561199038848214") connected to server
07:58:40: Player "MutuaL" (steam64id="76561199038848214") disconnected from server
08:00:42: Player "MutuaL" (steam64id="76561199038848214") connected to server
08:16:32: Player "nonsense" (steam64id="76561198117735614") connected to server
08:18:52: Player "[YKZ] Seekerzao" (steam64id="76561198067793781") connected to server
08:30:52: Player "[L.B] Santorin" (steam64id="76561199069721527") connected to server
08:47:37: Player "nonsense" (steam64id="76561198117735614") disconnected from server
08:49:27: Player "MeuMacho" (steam64id="76561199078435589") connected to server
08:54:07: Player "Obuco" (steam64id="76561198212013820") connected to server
09:00:27: Player "[HORDA]LUCASBR" (steam64id="76561198973828354") connected to server
09:03:02: Player "[L.B] Santorin" (steam64id="76561199069721527") disconnected from server
09:03:42: Player "[HORDA]ThiagoPenna" (steam64id="76561198218822351") connected to server
09:07:37: Player "[L.B] Santorin" (steam64id="76561199069721527") connected to server
09:09:37: Player "[L.B] Santorin" (steam64id="76561199069721527") disconnected from server
09:10:42: Player "[L.B] Santorin" (steam64id="76561199069721527") connected to server
09:16:47: Player "Obuco" (steam64id="76561198212013820") disconnected from server
09:17:22: Player "MeuMacho" (steam64id="76561199078435589") disconnected from server
09:22:57: Player "[HORDA]ThiagoPenna" (steam64id="76561198218822351") disconnected from server
09:23:22: Player "[HORDA]ThiagoPenna" (steam64id="76561198218822351") connected to server
09:26:42: Player "MeuMacho" (steam64id="76561199078435589") connected to server
09:39:17: Player "MutuaL" (steam64id="76561199038848214") disconnected from server
09:44:17: Player "ttuker" (steam64id="76561198971813376") connected to server
09:49:47: Player "[YKZ] Seekerzao" (steam64id="76561198067793781") disconnected from server
09:50:52: Player "Sagara" (steam64id="76561198057660620") connected to server
10:01:27: Player "[HORDA]LUCASBR" (steam64id="76561198973828354") disconnected from server
10:17:47: Player "Sagara" (steam64id="76561198057660620") disconnected from server
10:25:57: Player "DanielSam" (steam64id="76561198867200764") connected to server
10:31:57: Player "[L.B] Santorin" (steam64id="76561199069721527") disconnected from server
10:32:22: Player "[L.B] Santorin" (steam64id="76561199069721527") connected to server
10:39:52: Player "ttuker" (steam64id="76561198971813376") disconnected from server
10:42:42: Player "[HORDA]LUCASBR" (steam64id="76561198973828354") connected to server
10:43:27: Player "[HORDA]ThiagoPenna" (steam64id="76561198218822351") disconnected from server
10:50:22: Player "DanielSam" (steam64id="76561198867200764") disconnected from server
10:52:07: Player "[L.B] Santorin" (steam64id="76561199069721527") disconnected from server
11:04:02: Player "[HORDA]LUCASBR" (steam64id="76561198973828354") disconnected from server
11:08:52: Player "MeuMacho" (steam64id="76561199078435589") disconnected from server
11:24:57: Player "morri pra pelado " (steam64id="76561199106112472") connected to server
11:39:17: Player "morri pra pelado " (steam64id="76561199106112472") disconnected from server
11:43:17: Player "[HORDA]MacLovin" (steam64id="76561199068236803") connected to server
11:50:02: Player "[HORDA]MacLovin" (steam64id="76561199068236803") disconnected from server
12:02:09: Player "DanielSam" (steam64id="76561198867200764") connected to server
12:10:14: Player "StarkCG" (steam64id="76561198121484554") connected to server
12:11:59: Player "KuramaDLC" (steam64id="76561198180192045") connected to server
12:12:39: Player "[L.B] ploodrinny" (steam64id="76561198312062387") connected to server
12:29:29: Player "StarkCG" (steam64id="76561198121484554") disconnected from server
12:40:24: Player "! c a l l y " (steam64id="76561199130821188") connected to server
12:43:09: Player "G A T O" (steam64id="76561199207813177") connected to server
12:46:14: Player "G A T O" (steam64id="76561199207813177") disconnected from server
12:49:19: Player "! c a l l y " (steam64id="76561199130821188") disconnected from server
12:49:59: Player "[YKZ]-Lobato" (steam64id="76561198158375860") connected to server
13:07:24: Player "DanielSam" (steam64id="76561198867200764") disconnected from server
13:09:14: Player "[HORDA]ThiagoPenna" (steam64id="76561198218822351") connected to server
13:11:54: Player "KuramaDLC" (steam64id="76561198180192045") disconnected from server
13:15:04: Player "[YKZ]-BlackBear" (steam64id="76561198343030820") connected to server
13:17:04: Player "KuramaDLC" (steam64id="76561198180192045") connected to server
13:17:59: Player "{ KMG } - Elguapo" (steam64id="76561198363655296") connected to server
13:18:49: Player "[HORDA] zBieL" (steam64id="76561198001525812") connected to server
13:19:34: Player "[L.B] ploodrinny" (steam64id="76561198312062387") disconnected from server
13:19:59: Player "Zodi4c" (steam64id="76561198385014837") connected to server
13:20:29: Player "joaoguis" (steam64id="76561198049374630") connected to server
13:20:44: Player "{KMG}-Rockeiro" (steam64id="76561198928581570") connected to server
13:21:39: Player "[YKZ] Notsniw" (steam64id="76561197967151252") connected to server
13:22:04: Player "! c a l l y " (steam64id="76561199130821188") connected to server
13:22:39: Player "[L.B] ploodrinny" (steam64id="76561198312062387") connected to server
13:25:09: Player "[HORDA]LUCASBR" (steam64id="76561198973828354") connected to server
13:28:29: Player "{KMG}-Rockeiro" (steam64id="76561198928581570") disconnected from server
13:30:44: Player "joaoguis" (steam64id="76561198049374630") disconnected from server
13:34:29: Player "! c a l l y " (steam64id="76561199130821188") disconnected from server
13:34:59: Player "[L.B] ploodrinny" (steam64id="76561198312062387") disconnected from server
13:35:09: Player "{KMG}-Rockeiro" (steam64id="76561198928581570") connected to server
13:35:14: Player "Zodi4c" (steam64id="76561198385014837") disconnected from server
13:38:19: Player "joaoguis" (steam64id="76561198049374630") connected to server
13:38:44: Player "Zodi4c" (steam64id="76561198385014837") connected to server
13:40:39: Player "[L.B] Santorin" (steam64id="76561199069721527") connected to server
13:43:09: Player "[HORDA]MacLovin" (steam64id="76561199068236803") connected to server
13:43:34: Player "[HORDA]LUCASBR" (steam64id="76561198973828354") disconnected from server
13:45:54: Player "KuramaDLC" (steam64id="76561198180192045") disconnected from server
13:47:39: Player "[HORDA]KAS" (steam64id="76561199202697738") connected to server
13:49:54: Player "[G.M] O verdadeiro" (steam64id="76561198351631304") connected to server
13:52:29: Player "{KMG}fuzil" (steam64id="76561198965933878") connected to server
13:52:29: Player "Zodi4c" (steam64id="76561198385014837") disconnected from server
13:52:49: Player "Zodi4c" (steam64id="76561198385014837") connected to server
13:57:49: Player "! c a l l y " (steam64id="76561199130821188") connected to server
14:01:34: Player "ttuker" (steam64id="76561198971813376") connected to server
14:01:44: Player "[ONE] JAPA" (steam64id="76561198161060673") connected to server
14:05:29: Player "KuramaDLC" (steam64id="76561198180192045") connected to server
14:09:49: Player "[ONE] JAPA" (steam64id="76561198161060673") disconnected from server
14:11:59: Player "StarkCG" (steam64id="76561198121484554") connected to server
14:13:09: Player "TripaSeca" (steam64id="76561198093060507") connected to server
14:16:14: Player "! c a l l y " (steam64id="76561199130821188") disconnected from server
14:19:34: Player "Bigato" (steam64id="76561198192204303") connected to server
14:22:54: Player "Zodi4c" (steam64id="76561198385014837") disconnected from server
14:22:54: Player "joaoguis" (steam64id="76561198049374630") disconnected from server
14:24:04: Player "KuramaDLC" (steam64id="76561198180192045") disconnected from server
14:25:09: Player "[HORDA]LUCASBR" (steam64id="76561198973828354") connected to server
14:25:39: Player "[G.M] O verdadeiro" (steam64id="76561198351631304") disconnected from server
14:28:44: Player "[HORDA] JHON WICK" (steam64id="76561198122075703") connected to server
14:29:29: Player "TripaSeca" (steam64id="76561198093060507") disconnected from server
14:30:54: Player "[L.B] Dixon" (steam64id="76561198159099606") connected to server
14:30:59: Player "Ryam" (steam64id="76561198972614275") connected to server
14:40:49: Player "FallenAngel" (steam64id="76561198882015881") connected to server
14:41:24: Player "[ONE] KARABULJHAN" (steam64id="76561198100527842") connected to server
14:43:09: Player "Dr.Lecter" (steam64id="76561198080721117") connected to server
14:55:09: Player "[YKZ]-Lobato" (steam64id="76561198158375860") disconnected from server
14:56:19: Player "Kadafinho" (steam64id="76561198383981980") connected to server
14:59:04: Player "[YKZ] Notsniw" (steam64id="76561197967151252") disconnected from server
14:59:54: Player "Survivor" (steam64id="76561198140423106") connected to server
15:00:04: Player "Survivor" (steam64id="76561198140423106") disconnected from server
15:01:19: Player "Hacan121" (steam64id="76561198345012092") connected to server
15:02:24: Player "Oriente7" (steam64id="76561198154800607") connected to server
15:02:44: Player "Duerowww" (steam64id="76561198259492425") connected to server
15:03:04: Player "bistecinha30" (steam64id="76561198171642523") connected to server
15:03:39: Player "Jorj*o da Padoca" (steam64id="76561198140423106") connected to server
15:06:39: Player "Hacan121" (steam64id="76561198345012092") disconnected from server
15:06:44: Player "{ KMG } - Elguapo" (steam64id="76561198363655296") disconnected from server
15:09:29: Player "StarkCG" (steam64id="76561198121484554") disconnected from server
15:17:09: Player "[L.B] Dixon" (steam64id="76561198159099606") disconnected from server
15:18:09: Player "[L.B] Dixon" (steam64id="76561198159099606") connected to server
15:19:04: Player "Sagara" (steam64id="76561198057660620") connected to server
15:19:59: Player "DodoUndergroundBR" (steam64id="76561198843577307") connected to server
15:19:59: Player "{ KMG } - Elguapo" (steam64id="76561198363655296") connected to server
15:21:54: Player "Leandro Silva" (steam64id="76561199173930571") connected to server
15:22:14: Player "[L.B]Alemao011" (steam64id="76561199114404821") connected to server
15:23:44: Player "General" (steam64id="76561199021420309") connected to server
15:27:09: Player "[HORDA]MacLovin" (steam64id="76561199068236803") disconnected from server
15:27:09: Player "[HORDA]ThiagoPenna" (steam64id="76561198218822351") disconnected from server
15:27:39: Player "[HORDA] zBieL" (steam64id="76561198001525812") disconnected from server
15:27:54: Player "[HORDA]MacLovin" (steam64id="76561199068236803") connected to server
15:29:24: Player "Bigato" (steam64id="76561198192204303") disconnected from server
15:31:29: Player "[YKZ]-Lobato" (steam64id="76561198158375860") connected to server
15:31:39: Player "Oriente7" (steam64id="76561198154800607") disconnected from server
15:32:09: Player "Ryam" (steam64id="76561198972614275") disconnected from server
15:33:14: Player "bistecinha30" (steam64id="76561198171642523") disconnected from server
15:33:34: Player "Kadafinho" (steam64id="76561198383981980") disconnected from server
15:33:39: Player "[HORDA]LUCASBR" (steam64id="76561198973828354") disconnected from server
15:34:24: Player "Kadafinho" (steam64id="76561198383981980") connected to server
15:34:49: Player "[HORDA]KAS" (steam64id="76561199202697738") disconnected from server
15:35:49: Player "Kadafinho" (steam64id="76561198383981980") disconnected from server
15:36:29: Player "[ONE] KARABULJHAN" (steam64id="76561198100527842") disconnected from server
15:37:24: Player "{KMG}-Rockeiro" (steam64id="76561198928581570") disconnected from server
15:38:54: Player "{KMG}fuzil" (steam64id="76561198965933878") disconnected from server
15:39:49: Player "Ryam" (steam64id="76561198972614275") connected to server
15:41:24: Player "[L.B] Santorin" (steam64id="76561199069721527") disconnected from server
15:41:24: Player "{ KMG } - Elguapo" (steam64id="76561198363655296") disconnected from server
15:41:49: Player "Ryam" (steam64id="76561198972614275") disconnected from server
15:42:14: Player "CannabisLaPizza" (steam64id="76561198096548895") connected to server
15:42:54: Player "[HORDA]ThiagoPenna" (steam64id="76561198218822351") connected to server
15:43:39: Player "[L.B] Santorin" (steam64id="76561199069721527") connected to server
15:47:54: Player "[YKZ]-Lobato" (steam64id="76561198158375860") disconnected from server
15:48:24: Player "[YKZ]-Lobato" (steam64id="76561198158375860") connected to server
15:49:34: Player "[L.B] Dixon" (steam64id="76561198159099606") disconnected from server
15:52:04: Player "Ryam" (steam64id="76561198972614275") connected to server
15:52:24: Player "Kadafinho" (steam64id="76561198383981980") connected to server
15:52:44: Player "KillerDozer" (steam64id="76561198115184276") connected to server
15:54:59: Player "[YKZ]-tappes" (steam64id="76561198990092287") connected to server
15:56:24: Player "DodoUndergroundBR" (steam64id="76561198843577307") disconnected from server
15:58:39: Player "Duerowww" (steam64id="76561198259492425") disconnected from server
15:58:39: Player "Dr.Lecter" (steam64id="76561198080721117") disconnected from server
15:58:39: Player "ttuker" (steam64id="76561198971813376") disconnected from server
15:58:39: Player "[L.B] Santorin" (steam64id="76561199069721527") disconnected from server
15:58:39: Player "[HORDA]MacLovin" (steam64id="76561199068236803") disconnected from server
15:58:39: Player "Jorj*o da Padoca" (steam64id="76561198140423106") disconnected from server
15:58:39: Player "[YKZ]-BlackBear" (steam64id="76561198343030820") disconnected from server
15:58:39: Player "[YKZ]-tappes" (steam64id="76561198990092287") disconnected from server
15:58:39: Player "CannabisLaPizza" (steam64id="76561198096548895") disconnected from server
15:58:39: Player "Sagara" (steam64id="76561198057660620") disconnected from server
15:58:39: Player "[HORDA]ThiagoPenna" (steam64id="76561198218822351") disconnected from server
15:58:39: Player "KillerDozer" (steam64id="76561198115184276") disconnected from server
15:58:39: Player "Kadafinho" (steam64id="76561198383981980") disconnected from server
15:58:39: Player "General" (steam64id="76561199021420309") disconnected from server
15:58:39: Player "[HORDA] JHON WICK" (steam64id="76561198122075703") disconnected from server
15:58:39: Player "Leandro Silva" (steam64id="76561199173930571") disconnected from server
15:58:39: Player "[L.B]Alemao011" (steam64id="76561199114404821") disconnected from server
15:58:39: Player "Ryam" (steam64id="76561198972614275") disconnected from server
15:58:39: Player "FallenAngel" (steam64id="76561198882015881") disconnected from server
15:58:39: Player "[YKZ]-Lobato" (steam64id="76561198158375860") disconnected from server
16:00:48: Player "[YKZ]-tappes" (steam64id="76561198990092287") connected to server
16:00:48: Player "CannabisLaPizza" (steam64id="76561198096548895") connected to server
16:00:48: Player "Heitorzin213" (steam64id="76561198193289078") connected to server
16:00:48: Player "Kadafinho" (steam64id="76561198383981980") connected to server
16:00:53: Player "[HORDA]MacLovin" (steam64id="76561199068236803") connected to server
16:00:53: Player "Ryam" (steam64id="76561198972614275") connected to server
16:00:53: Player "[L.B]Alemao011" (steam64id="76561199114404821") connected to server
16:00:53: Player "Dr.Lecter" (steam64id="76561198080721117") connected to server
16:00:58: Player "[YKZ]-Lobato" (steam64id="76561198158375860") connected to server
16:00:58: Player "Leandro Silva" (steam64id="76561199173930571") connected to server
16:01:08: Player "cautelinha" (steam64id="76561198065773033") connected to server
16:01:28: Player "[YKZ]-BlackBear" (steam64id="76561198343030820") connected to server
16:01:38: Player "Sagara" (steam64id="76561198057660620") connected to server
16:01:43: Player "General" (steam64id="76561199021420309") connected to server
16:01:43: Player "[HORDA] JHON WICK" (steam64id="76561198122075703") connected to server
16:02:18: Player "[L.B] Santorin" (steam64id="76561199069721527") connected to server
16:02:48: Player "! c a l l y " (steam64id="76561199130821188") connected to server
16:05:08: Player "[YKZ] chron1c" (steam64id="76561198205585613") connected to server
16:05:33: Player "KillerDozer" (steam64id="76561198115184276") connected to server
16:05:33: Player "[HORDA]ThiagoPenna" (steam64id="76561198218822351") connected to server
16:07:23: Player "[HORDA] zBieL" (steam64id="76561198001525812") connected to server
16:08:53: Player "cautelinha" (steam64id="76561198065773033") disconnected from server
16:09:48: Player "Dila-kun" (steam64id="76561198797297075") connected to server
16:10:43: Player "General" (steam64id="76561199021420309") disconnected from server
16:11:28: Player "Duerowww" (steam64id="76561198259492425") connected to server
16:11:53: Player "ttuker" (steam64id="76561198971813376") connected to server
16:12:43: Player "General" (steam64id="76561199021420309") connected to server
16:14:38: Player "Sagara" (steam64id="76561198057660620") disconnected from server
16:14:58: Player "General" (steam64id="76561199021420309") disconnected from server
16:17:08: Player "TheLM" (steam64id="76561198956415028") connected to server
16:17:13: Player "[YKZ] Felps" (steam64id="76561198892779186") connected to server
16:20:33: Player "! c a l l y " (steam64id="76561199130821188") disconnected from server
16:21:43: Player "DeusdaGuerra" (steam64id="76561198289198584") connected to server
16:21:53: Player "MORPHEU" (steam64id="76561198290709952") connected to server
16:24:43: Player "[HORDA]ThiagoPenna" (steam64id="76561198218822351") disconnected from server
16:25:08: Player "[HORDA]ThiagoPenna" (steam64id="76561198218822351") connected to server
16:25:28: Player "Passo Largo" (steam64id="76561198057660141") connected to server
16:28:43: Player "Heitorzin213" (steam64id="76561198193289078") disconnected from server
16:29:13: Player "Heitorzin213" (steam64id="76561198193289078") connected to server
16:29:58: Player "Passo Largo" (steam64id="76561198057660141") disconnected from server
16:30:48: Player "[L.B] Santorin" (steam64id="76561199069721527") disconnected from server
16:31:48: Player "KillerDozer" (steam64id="76561198115184276") disconnected from server
16:32:03: Player "[YKZ] Emissarius" (steam64id="76561198271087379") connected to server
16:32:03: Player "[L.B] Santorin" (steam64id="76561199069721527") connected to server
16:32:38: Player "WillGalego123" (steam64id="76561198277762897") connected to server
16:37:08: Player "Passo Largo" (steam64id="76561199203652654") connected to server
16:39:03: Player "Madkiller239" (steam64id="76561198048267999") connected to server
16:39:08: Player "Killowin" (steam64id="76561198138838406") connected to server
16:40:03: Player "Passo Largo" (steam64id="76561199203652654") disconnected from server
16:44:38: Player "Space_Floyd" (steam64id="76561199081897475") connected to server
16:45:13: Player "TheLM" (steam64id="76561198956415028") disconnected from server
16:45:28: Player "MORPHEU" (steam64id="76561198290709952") disconnected from server
16:48:23: Player "Weed" (steam64id="76561198033754180") connected to server
16:49:48: Player "[L.B] Santorin" (steam64id="76561199069721527") disconnected from server
16:51:38: Player "[L.B] Santorin" (steam64id="76561199069721527") connected to server
16:54:58: Player "Duerowww" (steam64id="76561198259492425") disconnected from server
16:55:58: Player "ttuker" (steam64id="76561198971813376") disconnected from server
16:56:58: Player "[YKZ] Felps" (steam64id="76561198892779186") disconnected from server
16:58:18: Player "Krogoth" (steam64id="76561198049588409") connected to server
16:58:33: Player "Palhares" (steam64id="76561199186816657") connected to server
17:00:18: Player "Killowin" (steam64id="76561198138838406") disconnected from server
17:02:48: Player "Krogoth" (steam64id="76561198049588409") disconnected from server
17:10:48: Player "cidadao  " (steam64id="76561199115414359") connected to server
17:12:18: Player "cidadao  " (steam64id="76561199115414359") disconnected from server
17:13:48: Player "Space_Floyd" (steam64id="76561199081897475") disconnected from server
17:16:18: Player "[R.E.D] Natural" (steam64id="76561198167758990") connected to server
17:16:53: Player "Boneco " (steam64id="76561199225248971") connected to server
17:17:43: Player "Dr.Lecter" (steam64id="76561198080721117") disconnected from server
17:18:03: Player "Palhares" (steam64id="76561199186816657") disconnected from server
17:21:18: Player "[HORDA] JHON WICK" (steam64id="76561198122075703") disconnected from server
17:23:18: Player "Dila-kun" (steam64id="76561198797297075") disconnected from server
17:24:08: Player "Ranzol" (steam64id="76561198017576237") connected to server
17:24:08: Player "DeusdaGuerra" (steam64id="76561198289198584") disconnected from server
17:24:48: Player "[HORDA] JHON WICK" (steam64id="76561198122075703") connected to server
17:27:08: Player "[HORDA]MacLovin" (steam64id="76561199068236803") disconnected from server
17:28:23: Player "Biel FxR" (steam64id="76561198050836260") connected to server
17:28:48: Player "[HORDA]MacLovin" (steam64id="76561199068236803") connected to server
17:30:18: Player "Boneco " (steam64id="76561199225248971") disconnected from server
17:30:33: Player "Madkiller239" (steam64id="76561198048267999") disconnected from server
17:33:08: Player "KuramaDLC" (steam64id="76561198180192045") connected to server
17:33:23: Player "Kadafinho" (steam64id="76561198383981980") disconnected from server
17:33:43: Player "Ryam" (steam64id="76561198972614275") disconnected from server
17:34:28: Player "[L.B] Santorin" (steam64id="76561199069721527") disconnected from server
17:36:53: Player "CannabisLaPizza" (steam64id="76561198096548895") disconnected from server
17:37:33: Player "[L.B]Alemao011" (steam64id="76561199114404821") disconnected from server
17:46:43: Player "[YKZ] Felps" (steam64id="76561198892779186") connected to server
17:48:13: Player "[YKZ] Emissarius" (steam64id="76561198271087379") disconnected from server
17:48:48: Player "[YKZ] Emissarius" (steam64id="76561198271087379") connected to server
17:49:33: Player "GLORIA GROOVE" (steam64id="76561198836991038") connected to server
17:50:03: Player "Ronin" (steam64id="76561199105118692") connected to server
17:56:48: Player "?? Prince#4184" (steam64id="76561198199985663") connected to server
17:58:48: Player "Weed" (steam64id="76561198033754180") disconnected from server
18:04:43: Player "DuDuzin" (steam64id="76561198204677881") connected to server
18:07:08: Player "GLORIA GROOVE" (steam64id="76561198836991038") disconnected from server
18:15:23: Player "WillGalego123" (steam64id="76561198277762897") disconnected from server
18:16:13: Player "Obred" (steam64id="76561198258911731") connected to server
18:18:43: Player "CHASER?" (steam64id="76561198246131158") connected to server
18:20:48: Player "[GOE]ComedorVaca" (steam64id="76561198088697643") connected to server
18:20:53: Player "[HORDA]MacLovin" (steam64id="76561199068236803") disconnected from server
18:22:38: Player "Ranzol" (steam64id="76561198017576237") disconnected from server
18:23:38: Player "Heitorzin213" (steam64id="76561198193289078") disconnected from server
18:24:08: Player "[YKZ]-tappes" (steam64id="76561198990092287") disconnected from server
18:24:48: Player "Ryam" (steam64id="76561198972614275") connected to server
18:25:08: Player "Biel FxR" (steam64id="76561198050836260") disconnected from server
18:25:28: Player "Kadafinho" (steam64id="76561198383981980") connected to server
18:30:03: Player "?? Prince#4184" (steam64id="76561198199985663") disconnected from server
18:33:23: Player "Charada" (steam64id="76561198034769290") connected to server
18:35:23: Player "TcheLoco" (steam64id="76561198099449370") connected to server
18:35:43: Player "KuramaDLC" (steam64id="76561198180192045") disconnected from server
18:39:23: Player "KuramaDLC" (steam64id="76561198180192045") connected to server
18:40:43: Player "Obred" (steam64id="76561198258911731") disconnected from server
18:42:23: Player "?? Prince#4184" (steam64id="76561198199985663") connected to server
18:44:38: Player "[YKZ] pedrobala" (steam64id="76561198046653521") connected to server
18:52:18: Player "jhean" (steam64id="76561198819003355") connected to server
18:53:03: Player "Leandro Silva" (steam64id="76561199173930571") disconnected from server
18:53:33: Player "KuramaDLC" (steam64id="76561198180192045") disconnected from server
18:55:18: Player "[HORDA]LUCASBR" (steam64id="76561198973828354") connected to server
18:58:33: Player "JAN_NATIO" (steam64id="76561198358178109") connected to server
18:58:43: Player "[HORDA]LUCASBR" (steam64id="76561198973828354") disconnected from server
18:59:23: Player "[HORDA]KAS" (steam64id="76561199202697738") connected to server
18:59:58: Player "[YAKUZA] -Roger" (steam64id="76561198152624992") connected to server
19:00:53: Player "Biel FxR" (steam64id="76561198050836260") connected to server
19:01:03: Player "DuDuzin" (steam64id="76561198204677881") disconnected from server
19:02:08: Player "[L.B] Santorin" (steam64id="76561199069721527") connected to server
19:04:43: Player "[HORDA] JHON WICK" (steam64id="76561198122075703") disconnected from server
19:04:53: Player "pandini00" (steam64id="76561198860231852") connected to server
19:06:23: Player "[GOE]ComedorVaca" (steam64id="76561198088697643") disconnected from server
19:08:08: Player "[YKZ] Notsniw" (steam64id="76561197967151252") connected to server
19:09:28: Player "Ryam" (steam64id="76561198972614275") disconnected from server
19:10:58: Player "ttuker" (steam64id="76561198971813376") connected to server
19:11:18: Player "Passo Largo" (steam64id="76561198057660141") connected to server
19:12:48: Player "Passo Largo" (steam64id="76561198057660141") disconnected from server
19:12:58: Player "CHASER?" (steam64id="76561198246131158") disconnected from server
19:13:13: Player "?? Prince#4184" (steam64id="76561198199985663") disconnected from server
19:13:43: Player "Kadafinho" (steam64id="76561198383981980") disconnected from server
19:13:48: Player "[ONE] KARABULJHAN" (steam64id="76561198100527842") connected to server
19:14:48: Player "{ KMG } - Elguapo" (steam64id="76561198363655296") connected to server
19:14:48: Player "rasgan" (steam64id="76561197973560328") connected to server
19:15:58: Player "{KMG}-Rockeiro" (steam64id="76561198928581570") connected to server
19:16:08: Player "{KMG}fuzil" (steam64id="76561198965933878") connected to server
19:16:53: Player "Passo Largo" (steam64id="76561199203652654") connected to server
19:17:38: Player "Ronin" (steam64id="76561199105118692") disconnected from server
19:17:58: Player "Passo Largo" (steam64id="76561199203652654") disconnected from server
19:18:23: Player "[ONE] XxibahH" (steam64id="76561198165228070") connected to server
19:18:43: Player "Ronin" (steam64id="76561199105118692") connected to server
19:19:13: Player "Ronin" (steam64id="76561199105118692") disconnected from server
19:21:48: Player "Dr.Lecter" (steam64id="76561198080721117") connected to server
19:28:18: Player "pandini00" (steam64id="76561198860231852") disconnected from server
19:29:33: Player "[ONE] JAPA" (steam64id="76561198161060673") connected to server
19:30:18: Player "Dr.Lecter" (steam64id="76561198080721117") disconnected from server
19:30:58: Player "Passo Largo" (steam64id="76561198057660141") connected to server
19:30:58: Player "Dr.Lecter" (steam64id="76561198080721117") connected to server
19:30:58: Player "[L.B] Santorin" (steam64id="76561199069721527") disconnected from server
19:32:03: Player "[ONE] KING" (steam64id="76561199153781943") connected to server
19:39:38: Player "Charada" (steam64id="76561198034769290") disconnected from server
19:40:58: Player "[R.E.D] Natural" (steam64id="76561198167758990") disconnected from server
19:41:23: Player "[ONE}Rick" (steam64id="76561198868590548") connected to server
19:41:43: Player "ClutchUP" (steam64id="76561198080097576") connected to server
19:43:23: Player "Passo Largo" (steam64id="76561198057660141") disconnected from server
19:44:13: Player "ReiMonster" (steam64id="76561198279783427") connected to server
19:45:33: Player "apparition" (steam64id="76561199017348344") connected to server
19:46:13: Player "Fehziinho" (steam64id="76561198116133990") connected to server
19:46:58: Player "[YAKUZA] -Roger" (steam64id="76561198152624992") disconnected from server
19:47:43: Player "Griffin Jow" (steam64id="76561199227626544") connected to server
19:52:18: Player "[HORDA]ThiagoPenna" (steam64id="76561198218822351") disconnected from server
19:52:43: Player "[HORDA]ThiagoPenna" (steam64id="76561198218822351") connected to server
19:53:48: Player "Space_Floyd" (steam64id="76561199081897475") connected to server
19:54:03: Player "Passo Largo" (steam64id="76561198057660141") connected to server
19:54:13: Player "[HORDA] zBieL" (steam64id="76561198001525812") disconnected from server
19:56:58: Player "[ONE}Rick" (steam64id="76561198868590548") disconnected from server
19:57:38: Player "apparition" (steam64id="76561199017348344") disconnected from server
19:58:13: Player "jhean" (steam64id="76561198819003355") disconnected from server
19:58:33: Player "[ONE] KING" (steam64id="76561199153781943") disconnected from server
19:58:38: Player "TcheLoco" (steam64id="76561198099449370") disconnected from server
19:58:43: Player "[ONE] JAPA" (steam64id="76561198161060673") disconnected from server
19:58:43: Player "[YKZ] pedrobala" (steam64id="76561198046653521") disconnected from server
19:58:43: Player "[HORDA]KAS" (steam64id="76561199202697738") disconnected from server
19:58:43: Player "Griffin Jow" (steam64id="76561199227626544") disconnected from server
19:58:43: Player "[YKZ] Felps" (steam64id="76561198892779186") disconnected from server
19:58:43: Player "rasgan" (steam64id="76561197973560328") disconnected from server
19:58:43: Player "ReiMonster" (steam64id="76561198279783427") disconnected from server
19:58:43: Player "Space_Floyd" (steam64id="76561199081897475") disconnected from server
19:58:43: Player "ttuker" (steam64id="76561198971813376") disconnected from server
19:58:43: Player "Passo Largo" (steam64id="76561198057660141") disconnected from server
19:58:43: Player "{ KMG } - Elguapo" (steam64id="76561198363655296") disconnected from server
19:58:43: Player "{KMG}fuzil" (steam64id="76561198965933878") disconnected from server
19:58:43: Player "JAN_NATIO" (steam64id="76561198358178109") disconnected from server
19:58:43: Player "[YKZ] chron1c" (steam64id="76561198205585613") disconnected from server
19:58:43: Player "[YKZ]-Lobato" (steam64id="76561198158375860") disconnected from server
19:58:43: Player "Biel FxR" (steam64id="76561198050836260") disconnected from server
19:58:43: Player "Dr.Lecter" (steam64id="76561198080721117") disconnected from server
19:58:43: Player "Fehziinho" (steam64id="76561198116133990") disconnected from server
19:58:43: Player "[YKZ] Notsniw" (steam64id="76561197967151252") disconnected from server
19:58:43: Player "[ONE] KARABULJHAN" (steam64id="76561198100527842") disconnected from server
19:58:43: Player "[YKZ] Emissarius" (steam64id="76561198271087379") disconnected from server
19:58:43: Player "[ONE] XxibahH" (steam64id="76561198165228070") disconnected from server
19:58:43: Player "[YKZ]-BlackBear" (steam64id="76561198343030820") disconnected from server
19:58:43: Player "{KMG}-Rockeiro" (steam64id="76561198928581570") disconnected from server
19:58:43: Player "[HORDA]ThiagoPenna" (steam64id="76561198218822351") disconnected from server
19:58:43: Player "ClutchUP" (steam64id="76561198080097576") disconnected from server
20:00:57: Player "[ONE}Rick" (steam64id="76561198868590548") connected to server
20:00:57: Player "Biel FxR" (steam64id="76561198050836260") connected to server
20:00:57: Player "Space_Floyd" (steam64id="76561199081897475") connected to server
20:00:57: Player "JAN_NATIO" (steam64id="76561198358178109") connected to server
20:00:57: Player "Passo Largo" (steam64id="76561198057660141") connected to server
20:00:57: Player "TcheLoco" (steam64id="76561198099449370") connected to server
20:01:02: Player "{ KMG } - Elguapo" (steam64id="76561198363655296") connected to server
20:01:02: Player "[ONE] XxibahH" (steam64id="76561198165228070") connected to server
20:01:02: Player "[ONE] KARABULJHAN" (steam64id="76561198100527842") connected to server
20:01:07: Player "Dr.Lecter" (steam64id="76561198080721117") connected to server
20:01:12: Player "[ONE] JAPA" (steam64id="76561198161060673") connected to server
20:01:17: Player "[YKZ] Notsniw" (steam64id="76561197967151252") connected to server
20:01:22: Player "[YKZ]-BlackBear" (steam64id="76561198343030820") connected to server
20:01:27: Player "ttuker" (steam64id="76561198971813376") connected to server
20:01:27: Player "[ONE] KING" (steam64id="76561199153781943") connected to server
20:01:37: Player "Griffin Jow" (steam64id="76561199227626544") connected to server
20:01:42: Player "[YKZ] pedrobala" (steam64id="76561198046653521") connected to server
20:01:57: Player "TzNn." (steam64id="76561198104507595") connected to server
20:02:17: Player "[YKZ] chron1c" (steam64id="76561198205585613") connected to server
20:02:17: Player "{KMG}fuzil" (steam64id="76561198965933878") connected to server
20:02:32: Player "[HORDA]ThiagoPenna" (steam64id="76561198218822351") connected to server
20:03:12: Player "[YKZ] Emissarius" (steam64id="76561198271087379") connected to server
20:03:57: Player "jhean" (steam64id="76561198819003355") connected to server
20:04:52: Player "TzNn." (steam64id="76561198104507595") disconnected from server
20:05:12: Player "[YKZ]-Lobato" (steam64id="76561198158375860") connected to server
20:09:17: Player "Menctor " (steam64id="76561198147831784") connected to server
20:09:42: Player "[YKZ] Felps" (steam64id="76561198892779186") connected to server
20:11:22: Player "ttuker" (steam64id="76561198971813376") disconnected from server
20:11:47: Player "ArthemisFall" (steam64id="76561198126997247") connected to server
20:13:42: Player "bLisH" (steam64id="76561198970690760") connected to server
20:17:23: Player "[YAKUZA] -Roger" (steam64id="76561198152624992") connected to server
20:17:28: Player "Bigato" (steam64id="76561198192204303") connected to server
20:18:18: Player "[YKZ]-tappes" (steam64id="76561198990092287") connected to server
20:20:18: Player "PewPeww" (steam64id="76561197991029744") connected to server
20:22:53: Player "[YKZ] Emissarius" (steam64id="76561198271087379") disconnected from server
20:23:18: Player "{KMG}-Rockeiro" (steam64id="76561198928581570") connected to server
20:23:33: Player "[YKZ] Emissarius" (steam64id="76561198271087379") connected to server
20:24:03: Player "(CNXC)Roger    " (steam64id="76561198119108882") connected to server
20:24:43: Player "Heitorzin213" (steam64id="76561198193289078") connected to server
20:25:18: Player "bistecinha30" (steam64id="76561198171642523") connected to server
20:26:08: Player "Hagal" (steam64id="76561198067284475") connected to server
20:27:13: Player "Menctor " (steam64id="76561198147831784") disconnected from server
20:27:33: Player "(CNXC)Roger    " (steam64id="76561198119108882") disconnected from server
20:29:18: Player "(CNXC)Roger    " (steam64id="76561198119108882") connected to server
20:29:23: Player "Bigato" (steam64id="76561198192204303") disconnected from server
20:29:43: Player "benja" (steam64id="76561198882824508") connected to server
20:30:43: Player "Bob Clarck" (steam64id="76561199118540716") connected to server
20:30:58: Player "Bigato" (steam64id="76561198192204303") connected to server
20:33:23: Player "gotdoemers" (steam64id="76561198260617608") connected to server
20:37:13: Player "[TEC] kadinho" (steam64id="76561198971655942") connected to server
20:37:13: Player "Passo Largo" (steam64id="76561198057660141") disconnected from server
20:37:18: Player "Lu*s" (steam64id="76561198251218180") connected to server
20:37:33: Player "Hagal" (steam64id="76561198067284475") disconnected from server
20:37:33: Player "[TEC] kadinho" (steam64id="76561198971655942") disconnected from server
20:39:23: Player "[ONE}Rick" (steam64id="76561198868590548") disconnected from server
20:39:53: Player "Hagal" (steam64id="76561198067284475") connected to server
20:40:38: Player "[YKZ] pedrobala" (steam64id="76561198046653521") disconnected from server
20:43:13: Player "Passo Largo" (steam64id="76561199203652654") connected to server
20:43:53: Player "Passo Largo" (steam64id="76561199203652654") disconnected from server
20:47:28: Player "CRD" (steam64id="76561199033852709") connected to server
20:51:03: Player "benja" (steam64id="76561198882824508") disconnected from server
20:51:48: Player "Hagal" (steam64id="76561198067284475") disconnected from server
20:52:48: Player "jhean" (steam64id="76561198819003355") disconnected from server
20:55:58: Player "[YKZ]-BarucA" (steam64id="76561199141850356") connected to server
21:04:03: Player "ArthemisFall" (steam64id="76561198126997247") disconnected from server
21:04:23: Player "ArthemisFall" (steam64id="76561198126997247") connected to server
21:05:28: Player "bLisH" (steam64id="76561198970690760") disconnected from server
21:07:33: Player "Bob Clarck" (steam64id="76561199118540716") disconnected from server
21:08:18: Player "Lu*s" (steam64id="76561198251218180") disconnected from server
21:09:18: Player "{ KMG } - Elguapo" (steam64id="76561198363655296") disconnected from server
21:09:28: Player "[HORDA] JHON WICK" (steam64id="76561198122075703") connected to server
21:09:38: Player "[ONE] KARABULJHAN" (steam64id="76561198100527842") disconnected from server
21:09:43: Player "{ KMG } - Elguapo" (steam64id="76561198363655296") connected to server
21:10:48: Player "ttuker" (steam64id="76561198971813376") connected to server
21:12:28: Player "JAN_NATIO" (steam64id="76561198358178109") disconnected from server
21:13:08: Player "joaoguis" (steam64id="76561198049374630") connected to server
21:14:13: Player "Zodi4c" (steam64id="76561198385014837") connected to server
21:14:23: Player "ieL" (steam64id="76561198991987131") connected to server
21:15:43: Player "Passo Largo" (steam64id="76561198057660141") connected to server
21:16:43: Player "{KMG}fuzil" (steam64id="76561198965933878") disconnected from server
21:17:08: Player "{KMG}fuzil" (steam64id="76561198965933878") connected to server
21:18:38: Player "BGSantos" (steam64id="76561198126966241") connected to server
21:20:33: Player "BGSantos" (steam64id="76561198126966241") disconnected from server
21:21:03: Player "[ONE] XxibahH" (steam64id="76561198165228070") disconnected from server
21:22:33: Player "[YKZ] pedrobala" (steam64id="76561198046653521") connected to server
21:26:03: Player "[YKZ]-tappes" (steam64id="76561198990092287") disconnected from server
21:26:23: Player "[YKZ]-tappes" (steam64id="76561198990092287") connected to server
21:27:53: Player "Paulo Guedes" (steam64id="76561198146050795") connected to server
21:31:48: Player "[YKZ] Notsniw" (steam64id="76561197967151252") disconnected from server
21:32:28: Player "[YKZ] Notsniw" (steam64id="76561197967151252") connected to server
21:34:18: Player "Griffin Jow" (steam64id="76561199227626544") disconnected from server
21:35:13: Player "Ronin" (steam64id="76561199105118692") connected to server
21:36:08: Player "Ronin" (steam64id="76561199105118692") disconnected from server
21:37:28: Player "StarFox" (steam64id="76561198063607059") connected to server
21:37:53: Player "StarFox" (steam64id="76561198063607059") disconnected from server
21:38:18: Player "StarkCG" (steam64id="76561198121484554") connected to server
21:41:28: Player "joaoguis" (steam64id="76561198049374630") disconnected from server
21:42:38: Player "Kenne" (steam64id="76561199162256124") connected to server
21:43:18: Player "[YKZ] pedrobala" (steam64id="76561198046653521") disconnected from server
21:45:33: Player "[YKZ] pedrobala" (steam64id="76561198046653521") connected to server
21:46:28: Player "Biel FxR" (steam64id="76561198050836260") disconnected from server
21:46:38: Player "[ONE] KARABULJHAN" (steam64id="76561198100527842") connected to server
21:50:13: Player "Obred" (steam64id="76561198258911731") connected to server
21:50:43: Player "Zodi4c" (steam64id="76561198385014837") disconnected from server
21:51:38: Player "_Guui" (steam64id="76561198343943553") connected to server
21:51:43: Player "[YKZ] pedrobala" (steam64id="76561198046653521") disconnected from server
21:51:53: Player "gotdoemers" (steam64id="76561198260617608") disconnected from server
21:51:58: Player "[YKZ]-tappes" (steam64id="76561198990092287") disconnected from server
21:52:23: Player "Heitorzin213" (steam64id="76561198193289078") disconnected from server
21:52:33: Player "KuramaDLC" (steam64id="76561198180192045") connected to server
21:52:38: Player "fabricio14" (steam64id="76561198061186630") connected to server
21:53:33: Player "[EB] alemao" (steam64id="76561198046653521") connected to server
21:53:33: Player "LeFT" (steam64id="76561198068037613") connected to server
21:53:33: Player "Unknown" (steam64id="76561198170173751") connected to server
21:54:08: Player "[HORDA]LUCASBR" (steam64id="76561198973828354") connected to server
21:54:38: Player "[EB]GordoEmers" (steam64id="76561198260617608") connected to server
21:55:13: Player "Paulo Guedes" (steam64id="76561198146050795") disconnected from server
21:55:28: Player "[ONE] KARABULJHAN" (steam64id="76561198100527842") disconnected from server
21:55:43: Player "ieL" (steam64id="76561198991987131") disconnected from server
21:58:38: Player "DE LADAU " (steam64id="76561199052963489") connected to server
22:00:03: Player "Space_Floyd" (steam64id="76561199081897475") disconnected from server
22:00:18: Player "ttuker" (steam64id="76561198971813376") disconnected from server
22:02:13: Player "{KMG}fuzil" (steam64id="76561198965933878") disconnected from server
22:03:08: Player "Chico Bioca" (steam64id="76561198354274785") connected to server
22:03:28: Player "Leo" (steam64id="76561199087497682") connected to server
22:04:53: Player "[HORDA]LUCASBR" (steam64id="76561198973828354") disconnected from server
22:08:23: Player "benja" (steam64id="76561198882824508") connected to server
22:09:08: Player "fabricio14" (steam64id="76561198061186630") disconnected from server
22:10:23: Player "[ONE}Rick" (steam64id="76561198868590548") connected to server
22:10:33: Player "[HORDA]KAS" (steam64id="76561199202697738") connected to server
22:10:53: Player "[ONE] KING" (steam64id="76561199153781943") disconnected from server
22:13:08: Player "[ONE] KING" (steam64id="76561199153781943") connected to server
22:13:23: Player "benja" (steam64id="76561198882824508") disconnected from server
22:14:13: Player "[ONE] KARABULJHAN" (steam64id="76561198100527842") connected to server
22:14:43: Player "fabricio14" (steam64id="76561198061186630") connected to server
22:14:53: Player "AneS" (steam64id="76561198965334092") connected to server
22:16:08: Player "Passo Largo" (steam64id="76561198057660141") disconnected from server
22:17:43: Player "fabricio14" (steam64id="76561198061186630") disconnected from server
22:18:28: Player "[AKT]LordMaster25" (steam64id="76561199015760253") connected to server
22:18:53: Player "KALIRO" (steam64id="76561198114222025") connected to server
22:20:43: Player "MarcoLa" (steam64id="76561198352149308") connected to server
22:20:53: Player "RehsUZOTO" (steam64id="76561198930124990") connected to server
22:21:08: Player "[AKT]scoteBR" (steam64id="76561198392225035") connected to server
22:21:08: Player "Passo Largo" (steam64id="76561199203652654") connected to server
22:22:03: Player "Passo Largo" (steam64id="76561199203652654") disconnected from server
22:22:03: Player "KALIRO" (steam64id="76561198114222025") disconnected from server
22:22:38: Player "GGELocKOn" (steam64id="76561198047407240") connected to server
22:24:48: Player "[YKZ] Notsniw" (steam64id="76561197967151252") disconnected from server
22:24:53: Player "TcheLoco" (steam64id="76561198099449370") disconnected from server
22:25:23: Player "[ONE] KALIRO" (steam64id="76561198114222025") connected to server
22:27:53: Player "Mbrown" (steam64id="76561198834441216") connected to server
22:28:58: Player "{KMG}-Rockeiro" (steam64id="76561198928581570") disconnected from server
22:28:58: Player "Mbrown" (steam64id="76561198834441216") disconnected from server
22:29:03: Player "Unknown" (steam64id="76561198170173751") disconnected from server
22:29:23: Player "CRD" (steam64id="76561199033852709") disconnected from server
22:29:53: Player "Mbrown" (steam64id="76561198834441216") connected to server
22:31:33: Player "[HORDA]KAS" (steam64id="76561199202697738") disconnected from server
22:31:53: Player "{ KMG } - Elguapo" (steam64id="76561198363655296") disconnected from server
22:31:58: Player "[HORDA]LUCASBR" (steam64id="76561198973828354") connected to server
22:33:08: Player "[horda]marcelinho" (steam64id="76561198817477406") connected to server
22:33:38: Player "LeFT" (steam64id="76561198068037613") disconnected from server
22:34:38: Player "DE LADAU " (steam64id="76561199052963489") disconnected from server
22:36:38: Player "MaracujaPato" (steam64id="76561198877200003") connected to server
22:38:48: Player "[YKZ] Notsniw" (steam64id="76561197967151252") connected to server
22:38:58: Player "[HORDA] JHON WICK" (steam64id="76561198122075703") disconnected from server
22:39:48: Player "Tukushi" (steam64id="76561198297757600") connected to server
22:40:38: Player "Tukushi" (steam64id="76561198297757600") disconnected from server
22:40:48: Player "Griffin Jow" (steam64id="76561199227626544") connected to server
22:41:43: Player "[YKZ]-BarucA" (steam64id="76561199141850356") disconnected from server
22:43:38: Player "DE LADAU " (steam64id="76561199052963489") connected to server
22:43:53: Player "Jonathan" (steam64id="76561198392938627") connected to server
22:44:08: Player "Jonathan" (steam64id="76561198392938627") disconnected from server
22:45:03: Player "Mbrown" (steam64id="76561198834441216") disconnected from server
22:45:53: Player "jhean" (steam64id="76561198819003355") connected to server
22:45:53: Player "Jonathan" (steam64id="76561198392938627") connected to server
22:46:08: Player "[L.B]Alemao011" (steam64id="76561199114404821") connected to server
22:47:43: Player "_Guui" (steam64id="76561198343943553") disconnected from server
22:51:18: Player "Zodi4c" (steam64id="76561198385014837") connected to server
22:51:23: Player "joaoguis" (steam64id="76561198049374630") connected to server
22:52:18: Player "MarcoLa" (steam64id="76561198352149308") disconnected from server
22:52:18: Player "KuramaDLC" (steam64id="76561198180192045") disconnected from server
22:52:38: Player "(CNXC)Roger    " (steam64id="76561198119108882") disconnected from server
22:53:28: Player "[HORDA]LUCASBR" (steam64id="76561198973828354") disconnected from server
22:54:58: Player "Obred" (steam64id="76561198258911731") disconnected from server
22:54:58: Player "Kenne" (steam64id="76561199162256124") disconnected from server
22:57:18: Player "Griffin Jow" (steam64id="76561199227626544") disconnected from server
22:58:43: Player "DiK [GHT]" (steam64id="76561198865802203") connected to server
22:59:03: Player "Jonathan" (steam64id="76561198392938627") disconnected from server
23:01:23: Player "AneS" (steam64id="76561198965334092") disconnected from server
23:01:43: Player "RehsUZOTO" (steam64id="76561198930124990") disconnected from server
23:02:23: Player "[EB] alemao" (steam64id="76561198046653521") disconnected from server
23:03:58: Player "joaoguis" (steam64id="76561198049374630") disconnected from server
23:04:23: Player "[EB] alemao" (steam64id="76561198046653521") connected to server
23:04:23: Player "MaracujaPato" (steam64id="76561198877200003") disconnected from server
23:05:43: Player "Zodi4c" (steam64id="76561198385014837") disconnected from server
23:07:03: Player "DiK [GHT]" (steam64id="76561198865802203") disconnected from server
23:09:38: Player "[YKZ] chron1c" (steam64id="76561198205585613") disconnected from server
23:12:13: Player "[EB] alemao" (steam64id="76561198046653521") disconnected from server
23:12:28: Player "Zodi4c" (steam64id="76561198385014837") connected to server
23:12:28: Player "[L.B]Alemao011" (steam64id="76561199114404821") disconnected from server
23:12:38: Player "joaoguis" (steam64id="76561198049374630") connected to server
23:12:49: Player "Biel FxR" (steam64id="76561198050836260") connected to server
23:16:04: Player "GabrielDWR" (steam64id="76561199012612653") connected to server
23:18:59: Player "SniperdeMP5" (steam64id="76561198116363088") connected to server
23:19:44: Player "PewPeww" (steam64id="76561197991029744") disconnected from server
23:19:59: Player "[EB] alemao" (steam64id="76561198046653521") connected to server
23:21:59: Player "SniperdeMP5" (steam64id="76561198116363088") disconnected from server
23:24:19: Player "[HORDA]LUCASBR" (steam64id="76561198973828354") connected to server
23:25:44: Player "Azir5658" (steam64id="76561198306621571") connected to server
23:28:24: Player "jhean" (steam64id="76561198819003355") disconnected from server
23:29:19: Player "Leo" (steam64id="76561199087497682") disconnected from server
23:29:29: Player "DE LADAU " (steam64id="76561199052963489") disconnected from server
23:29:29: Player "Chico Bioca" (steam64id="76561198354274785") disconnected from server
23:30:19: Player "[AKT]LordMaster25" (steam64id="76561199015760253") disconnected from server
23:30:39: Player "[AKT]scoteBR" (steam64id="76561198392225035") disconnected from server
23:31:29: Player "Biel FxR" (steam64id="76561198050836260") disconnected from server
23:31:59: Player "benja" (steam64id="76561198882824508") connected to server
23:33:54: Player "Obred" (steam64id="76561198258911731") connected to server
23:33:59: Player "Kenne" (steam64id="76561199162256124") connected to server
23:34:49: Player "CHASER?" (steam64id="76561198246131158") connected to server
23:38:04: Player "? _ ?" (steam64id="76561198850654746") connected to server
23:39:34: Player "? n 3 g o ?" (steam64id="76561198236515936") connected to server
23:39:39: Player "ArthemisFall" (steam64id="76561198126997247") disconnected from server
23:39:54: Player "ArthemisFall" (steam64id="76561198126997247") connected to server
23:40:59: Player "[YKZ] chron1c" (steam64id="76561198205585613") connected to server
23:41:14: Player "Ronin" (steam64id="76561199105118692") connected to server
23:41:54: Player "CHASER?" (steam64id="76561198246131158") disconnected from server
23:42:29: Player "benja" (steam64id="76561198882824508") disconnected from server
23:42:54: Player "{ KMG } - Elguapo" (steam64id="76561198363655296") connected to server
23:43:19: Player "(CNXC)Roger    " (steam64id="76561198119108882") connected to server
23:43:49: Player "Flyfps1" (steam64id="76561198823341981") connected to server
23:44:09: Player "Flyfps1" (steam64id="76561198823341981") disconnected from server
23:44:39: Player "{KMG}-Rockeiro" (steam64id="76561198928581570") connected to server
23:46:29: Player "Troollzera" (steam64id="76561198841599033") connected to server
23:52:44: Player "ttuker" (steam64id="76561198971813376") connected to server
23:53:54: Player "[HORDA]ThiagoPenna" (steam64id="76561198218822351") disconnected from server
23:55:04: Player "[YKZ] Notsniw" (steam64id="76561197967151252") disconnected from server
23:55:29: Player "ttuker" (steam64id="76561198971813376") disconnected from server
23:57:44: Player "? n 3 g o ?" (steam64id="76561198236515936") disconnected from server
23:58:39: Player "[ONE] JAPA" (steam64id="76561198161060673") disconnected from server
23:58:39: Player "[EB] alemao" (steam64id="76561198046653521") disconnected from server
23:58:39: Player "[YKZ] Felps" (steam64id="76561198892779186") disconnected from server
23:58:39: Player "[ONE] KARABULJHAN" (steam64id="76561198100527842") disconnected from server
23:58:39: Player "joaoguis" (steam64id="76561198049374630") disconnected from server
23:58:39: Player "{ KMG } - Elguapo" (steam64id="76561198363655296") disconnected from server
23:58:39: Player "Azir5658" (steam64id="76561198306621571") disconnected from server
23:58:39: Player "GGELocKOn" (steam64id="76561198047407240") disconnected from server
23:58:39: Player "[HORDA]LUCASBR" (steam64id="76561198973828354") disconnected from server
23:58:39: Player "[ONE}Rick" (steam64id="76561198868590548") disconnected from server
23:58:39: Player "[YKZ] chron1c" (steam64id="76561198205585613") disconnected from server
23:58:39: Player "Troollzera" (steam64id="76561198841599033") disconnected from server
23:58:39: Player "Zodi4c" (steam64id="76561198385014837") disconnected from server
23:58:39: Player "Ronin" (steam64id="76561199105118692") disconnected from server
23:58:39: Player "[ONE] KING" (steam64id="76561199153781943") disconnected from server
23:58:39: Player "[horda]marcelinho" (steam64id="76561198817477406") disconnected from server
23:58:39: Player "Obred" (steam64id="76561198258911731") disconnected from server
23:58:39: Player "[YKZ]-Lobato" (steam64id="76561198158375860") disconnected from server
23:58:39: Player "[YAKUZA] -Roger" (steam64id="76561198152624992") disconnected from server
23:58:39: Player "? _ ?" (steam64id="76561198850654746") disconnected from server
23:58:39: Player "Kenne" (steam64id="76561199162256124") disconnected from server
23:58:39: Player "Dr.Lecter" (steam64id="76561198080721117") disconnected from server
23:58:39: Player "bistecinha30" (steam64id="76561198171642523") disconnected from server
23:58:39: Player "ArthemisFall" (steam64id="76561198126997247") disconnected from server
23:58:39: Player "StarkCG" (steam64id="76561198121484554") disconnected from server
23:58:39: Player "[YKZ] Emissarius" (steam64id="76561198271087379") disconnected from server
23:58:39: Player "Bigato" (steam64id="76561198192204303") disconnected from server
23:58:39: Player "[YKZ]-BlackBear" (steam64id="76561198343030820") disconnected from server
23:58:39: Player "{KMG}-Rockeiro" (steam64id="76561198928581570") disconnected from server
23:58:39: Player "GabrielDWR" (steam64id="76561199012612653") disconnected from server
23:58:39: Player "[ONE] KALIRO" (steam64id="76561198114222025") disconnected from server
23:58:39: Player "[EB]GordoEmers" (steam64id="76561198260617608") disconnected from server
23:58:39: Player "(CNXC)Roger    " (steam64id="76561198119108882") disconnected from server
