00:00:52: Player "GabrielLobato" (steam64id="76561198158375860") connected to server
00:00:52: Player "[ONE] KARABULJHAN" (steam64id="76561198100527842") connected to server
00:01:12: Player "d3scot" (steam64id="76561199106333992") connected to server
00:01:12: Player "Hacan121" (steam64id="76561198345012092") connected to server
00:01:17: Player "[ONE] JAPA" (steam64id="76561198161060673") connected to server
00:01:22: Player "zin" (steam64id="76561198089542028") connected to server
00:01:47: Player "KURIRIM com FLORESTA" (steam64id="76561198862387312") connected to server
00:01:57: Player "G A T O" (steam64id="76561199207813177") connected to server
00:02:17: Player "[XIT]-SoulzaHur" (steam64id="76561198387573700") connected to server
00:02:47: Player "TripaSeca" (steam64id="76561198093060507") connected to server
00:03:37: Player "gros siboir" (steam64id="76561198278481165") connected to server
00:03:52: Player "GabrielLobato" (steam64id="76561198158375860") disconnected from server
00:04:42: Player "Brayan" (steam64id="76561199129190063") connected to server
00:14:17: Player "[YKZ]-tappes" (steam64id="76561198990092287") connected to server
00:17:52: Player "Biel FxR" (steam64id="76561198050836260") connected to server
00:21:02: Player "Toni" (steam64id="76561198064461708") connected to server
00:22:32: Player "Toni" (steam64id="76561198064461708") disconnected from server
00:35:17: Player "Maresia " (steam64id="76561198143162714") connected to server
00:40:12: Player "G A T O" (steam64id="76561199207813177") disconnected from server
00:40:42: Player "G A T O" (steam64id="76561199207813177") connected to server
00:57:42: Player "KURIRIM com FLORESTA" (steam64id="76561198862387312") disconnected from server
00:58:32: Player "zin" (steam64id="76561198089542028") disconnected from server
01:05:42: Player "[ONE] KARABULJHAN" (steam64id="76561198100527842") disconnected from server
01:06:02: Player "Brayan" (steam64id="76561199129190063") disconnected from server
01:06:32: Player "[NTG]Msspllintter" (steam64id="76561198054992188") connected to server
01:06:37: Player "[ONE] KARABULJHAN" (steam64id="76561198100527842") connected to server
01:14:22: Player "Seekerzao" (steam64id="76561198067793781") connected to server
01:17:57: Player "Maresia " (steam64id="76561198143162714") disconnected from server
01:19:07: Player "G A T O" (steam64id="76561199207813177") disconnected from server
01:21:12: Player "Hacan121" (steam64id="76561198345012092") disconnected from server
01:24:07: Player "gros siboir" (steam64id="76561198278481165") disconnected from server
01:24:07: Player "[NTG]Msspllintter" (steam64id="76561198054992188") disconnected from server
01:24:12: Player "d3scot" (steam64id="76561199106333992") disconnected from server
01:24:27: Player "Biel FxR" (steam64id="76561198050836260") disconnected from server
01:27:02: Player "[ONE] JAPA" (steam64id="76561198161060673") disconnected from server
01:28:12: Player "[XIT]-SoulzaHur" (steam64id="76561198387573700") disconnected from server
01:29:17: Player "[ONE] KARABULJHAN" (steam64id="76561198100527842") disconnected from server
01:32:42: Player "TripaSeca" (steam64id="76561198093060507") disconnected from server
01:40:37: Player "GabrielLobato" (steam64id="76561198158375860") connected to server
01:42:02: Player "[YKZ]-BlackBear" (steam64id="76561198343030820") connected to server
02:32:12: Player "General2323" (steam64id="76561198300843847") connected to server
03:53:12: Player "[YKZ]-BlackBear" (steam64id="76561198343030820") disconnected from server
03:53:42: Player "[YKZ]-BlackBear" (steam64id="76561198343030820") connected to server
03:58:42: Player "[YKZ]-tappes" (steam64id="76561198990092287") disconnected from server
03:58:42: Player "Seekerzao" (steam64id="76561198067793781") disconnected from server
03:58:42: Player "General2323" (steam64id="76561198300843847") disconnected from server
03:58:42: Player "[YKZ]-BlackBear" (steam64id="76561198343030820") disconnected from server
03:58:42: Player "GabrielLobato" (steam64id="76561198158375860") disconnected from server
04:00:51: Player "GabrielLobato" (steam64id="76561198158375860") connected to server
04:00:51: Player "[YKZ]-BlackBear" (steam64id="76561198343030820") connected to server
04:01:06: Player "General2323" (steam64id="76561198300843847") connected to server
04:01:16: Player "[YKZ]-tappes" (steam64id="76561198990092287") connected to server
04:01:56: Player "Seekerzao" (steam64id="76561198067793781") connected to server
05:22:36: Player "General2323" (steam64id="76561198300843847") disconnected from server
05:46:01: Player "GabrielLobato" (steam64id="76561198158375860") disconnected from server
05:52:31: Player "[YKZ]-tappes" (steam64id="76561198990092287") disconnected from server
05:53:21: Player "Seekerzao" (steam64id="76561198067793781") disconnected from server
06:27:31: Player "[YKZ]-BlackBear" (steam64id="76561198343030820") disconnected from server
07:14:21: Player "[XIT]SoulzaHur" (steam64id="76561198387573700") connected to server
07:28:36: Player "[XIT]SoulzaHur" (steam64id="76561198387573700") disconnected from server
08:13:00: Player "Ranzol" (steam64id="76561198017576237") connected to server
08:15:20: Player "MarmotaManca" (steam64id="76561198155503729") connected to server
08:20:35: Player "MarmotaManca" (steam64id="76561198155503729") disconnected from server
08:32:35: Player "Duerowww" (steam64id="76561198259492425") connected to server
08:43:30: Player "joaoguis" (steam64id="76561198049374630") connected to server
08:56:35: Player "Ranzol" (steam64id="76561198017576237") disconnected from server
08:56:50: Player "[XIT]SoulzaHur" (steam64id="76561198387573700") connected to server
08:59:55: Player "Ranzol" (steam64id="76561198017576237") connected to server
09:25:00: Player "DanielSam" (steam64id="76561198867200764") connected to server
09:38:00: Player "ttuker" (steam64id="76561198971813376") connected to server
09:43:50: Player "DanielSam" (steam64id="76561198867200764") disconnected from server
09:53:35: Player "DanielSam" (steam64id="76561198867200764") connected to server
09:57:15: Player "[XIT]SoulzaHur" (steam64id="76561198387573700") disconnected from server
10:00:10: Player "Ranzol" (steam64id="76561198017576237") disconnected from server
10:04:15: Player "joaoguis" (steam64id="76561198049374630") disconnected from server
10:08:40: Player "[L.B] SeryD" (steam64id="76561198072791642") connected to server
10:14:40: Player "[L.B]TropaDoEnguisa" (steam64id="76561198211423224") connected to server
10:15:10: Player "[L.B] SeryD" (steam64id="76561198072791642") disconnected from server
10:20:45: Player "[HORDA] JHON WICK" (steam64id="76561198122075703") connected to server
10:26:00: Player "[HORDA] JHON WICK" (steam64id="76561198122075703") disconnected from server
10:27:35: Player "[HORDA] JHON WICK" (steam64id="76561198122075703") connected to server
10:34:15: Player "Hacan121" (steam64id="76561198345012092") connected to server
10:37:10: Player "[HORDA] JHON WICK" (steam64id="76561198122075703") disconnected from server
10:38:25: Player "[HORDA] JHON WICK" (steam64id="76561198122075703") connected to server
10:39:00: Player "Ranzol" (steam64id="76561198017576237") connected to server
10:49:05: Player "[HORDA] JHON WICK" (steam64id="76561198122075703") disconnected from server
10:49:20: Player "[HORDA] JHON WICK" (steam64id="76561198122075703") connected to server
10:50:35: Player "[HORDA] JHON WICK" (steam64id="76561198122075703") disconnected from server
10:54:00: Player "[L.B] SeryD" (steam64id="76561198072791642") connected to server
10:54:40: Player "[L.B] SeryD" (steam64id="76561198072791642") disconnected from server
10:57:50: Player "Duerowww" (steam64id="76561198259492425") disconnected from server
11:11:55: Player "ttuker" (steam64id="76561198971813376") disconnected from server
11:14:35: Player "Eloy" (steam64id="76561197980095586") connected to server
11:23:00: Player "GabrielLobato" (steam64id="76561198158375860") connected to server
11:29:05: Player "Ranzol" (steam64id="76561198017576237") disconnected from server
11:31:05: Player "[L.B]TropaDoEnguisa" (steam64id="76561198211423224") disconnected from server
11:39:20: Player "[L.B]TropaDoEnguisa" (steam64id="76561198211423224") connected to server
11:39:50: Player "[L.B] Santorin" (steam64id="76561199069721527") connected to server
11:40:45: Player "DanielSam" (steam64id="76561198867200764") disconnected from server
11:45:00: Player "[L.B]TropaDoEnguisa" (steam64id="76561198211423224") disconnected from server
11:53:20: Player "[L.B]TropaDoEnguisa" (steam64id="76561198211423224") connected to server
11:55:25: Player "Eloy" (steam64id="76561197980095586") disconnected from server
11:55:45: Player "Mixeuu" (steam64id="76561198074791586") connected to server
11:57:10: Player "[L.B]TropaDoEnguisa" (steam64id="76561198211423224") disconnected from server
11:58:45: Player "Hacan121" (steam64id="76561198345012092") disconnected from server
11:58:45: Player "Mixeuu" (steam64id="76561198074791586") disconnected from server
11:58:45: Player "[L.B] Santorin" (steam64id="76561199069721527") disconnected from server
11:58:45: Player "GabrielLobato" (steam64id="76561198158375860") disconnected from server
12:00:58: Player "GabrielLobato" (steam64id="76561198158375860") connected to server
12:02:58: Player "Mixeuu" (steam64id="76561198074791586") connected to server
12:14:08: Player "[L.B] Santorin" (steam64id="76561199069721527") connected to server
12:26:58: Player "[HORDA]ThiagoPenna" (steam64id="76561198218822351") connected to server
12:28:03: Player "Hacan121" (steam64id="76561198345012092") connected to server
12:29:38: Player "MORPHEU" (steam64id="76561198290709952") connected to server
12:39:08: Player "Zodi4c" (steam64id="76561198385014837") connected to server
12:41:43: Player "G A T O" (steam64id="76561199207813177") connected to server
12:49:48: Player "MORPHEU" (steam64id="76561198290709952") disconnected from server
12:51:23: Player "[L.B] Santorin" (steam64id="76561199069721527") disconnected from server
12:57:23: Player "GabrielLobato" (steam64id="76561198158375860") disconnected from server
13:01:23: Player "DanielSam" (steam64id="76561198867200764") connected to server
13:03:43: Player "Zodi4c" (steam64id="76561198385014837") disconnected from server
13:11:43: Player "Mixeuu" (steam64id="76561198074791586") disconnected from server
13:11:58: Player "KALIRO" (steam64id="76561198114222025") connected to server
13:24:53: Player "[HORDA]ThiagoPenna" (steam64id="76561198218822351") disconnected from server
13:27:08: Player "[YKZ]-BlackBear" (steam64id="76561198343030820") connected to server
13:32:38: Player "[YKZ]-BlackBear" (steam64id="76561198343030820") disconnected from server
13:46:53: Player "joaoguis" (steam64id="76561198049374630") connected to server
13:50:23: Player "Zodi4c" (steam64id="76561198385014837") connected to server
14:00:38: Player "S*bioAA" (steam64id="76561197994381883") connected to server
14:01:08: Player "Dark" (steam64id="76561199221842531") connected to server
14:01:08: Player "S*bioAA" (steam64id="76561197994381883") disconnected from server
14:01:43: Player "Dark" (steam64id="76561199221842531") disconnected from server
14:02:33: Player "Mixeuu" (steam64id="76561198074791586") connected to server
14:04:58: Player "DanielSam" (steam64id="76561198867200764") disconnected from server
14:07:13: Player "Hacan121" (steam64id="76561198345012092") disconnected from server
14:08:23: Player "Hacan121" (steam64id="76561198345012092") connected to server
14:09:18: Player "Hacan121" (steam64id="76561198345012092") disconnected from server
14:17:53: Player "G A T O" (steam64id="76561199207813177") disconnected from server
14:22:13: Player "S*bioAA" (steam64id="76561197994381883") connected to server
14:22:18: Player "joaoguis" (steam64id="76561198049374630") disconnected from server
14:23:48: Player "joaoguis" (steam64id="76561198049374630") connected to server
14:24:43: Player "joaoguis" (steam64id="76561198049374630") disconnected from server
14:28:13: Player "joaoguis" (steam64id="76561198049374630") connected to server
14:28:38: Player "joaoguis" (steam64id="76561198049374630") disconnected from server
14:31:48: Player "Seekerzao" (steam64id="76561198067793781") connected to server
14:33:23: Player "joaoguis" (steam64id="76561198049374630") connected to server
14:34:23: Player "joaoguis" (steam64id="76561198049374630") disconnected from server
14:35:03: Player "joaoguis" (steam64id="76561198049374630") connected to server
14:35:43: Player "joaoguis" (steam64id="76561198049374630") disconnected from server
14:37:13: Player "KALIRO" (steam64id="76561198114222025") disconnected from server
14:37:38: Player "Sagara" (steam64id="76561198057660620") connected to server
14:43:03: Player "joaoguis" (steam64id="76561198049374630") connected to server
14:44:18: Player "[YKZ]-tappes" (steam64id="76561198990092287") connected to server
14:44:53: Player "joaoguis" (steam64id="76561198049374630") disconnected from server
14:45:33: Player "[ONE] JAPA" (steam64id="76561198161060673") connected to server
14:48:18: Player "joaoguis" (steam64id="76561198049374630") connected to server
15:02:28: Player "zZeLopes" (steam64id="76561198092232745") connected to server
15:02:28: Player "[YKZ]-BlackBear" (steam64id="76561198343030820") connected to server
15:02:43: Player "Passo Largo" (steam64id="76561198057660141") connected to server
15:03:38: Player "Domeneghi" (steam64id="76561198090270103") connected to server
15:03:58: Player "LeoGiant" (steam64id="76561198066225451") connected to server
15:06:18: Player "Duerowww" (steam64id="76561198259492425") connected to server
15:10:48: Player "Zodi4c" (steam64id="76561198385014837") disconnected from server
15:11:48: Player "Mixeuu" (steam64id="76561198074791586") disconnected from server
15:30:18: Player "joaoguis" (steam64id="76561198049374630") disconnected from server
15:30:33: Player "MarcoLa" (steam64id="76561198352149308") connected to server
15:31:08: Player "joaoguis" (steam64id="76561198049374630") connected to server
15:31:28: Player "MarcoLa" (steam64id="76561198352149308") disconnected from server
15:32:13: Player "joaoguis" (steam64id="76561198049374630") disconnected from server
15:32:58: Player "joaoguis" (steam64id="76561198049374630") connected to server
15:34:08: Player "joaoguis" (steam64id="76561198049374630") disconnected from server
15:35:38: Player "[YKZ] Emissarius" (steam64id="76561198271087379") connected to server
15:36:53: Player "Domeneghi" (steam64id="76561198090270103") disconnected from server
15:37:28: Player "Duerowww" (steam64id="76561198259492425") disconnected from server
15:38:28: Player "Domeneghi" (steam64id="76561198090270103") connected to server
15:46:23: Player "[YKZ]-tappes" (steam64id="76561198990092287") disconnected from server
15:46:38: Player "S*bioAA" (steam64id="76561197994381883") disconnected from server
15:46:58: Player "Sagara" (steam64id="76561198057660620") disconnected from server
15:47:13: Player "[YKZ]-tappes" (steam64id="76561198990092287") connected to server
15:58:43: Player "[ONE] JAPA" (steam64id="76561198161060673") disconnected from server
15:58:43: Player "LeoGiant" (steam64id="76561198066225451") disconnected from server
15:58:43: Player "Passo Largo" (steam64id="76561198057660141") disconnected from server
15:58:43: Player "zZeLopes" (steam64id="76561198092232745") disconnected from server
15:58:43: Player "Seekerzao" (steam64id="76561198067793781") disconnected from server
15:58:43: Player "[YKZ] Emissarius" (steam64id="76561198271087379") disconnected from server
15:58:43: Player "[YKZ]-tappes" (steam64id="76561198990092287") disconnected from server
15:58:43: Player "[YKZ]-BlackBear" (steam64id="76561198343030820") disconnected from server
15:58:43: Player "Domeneghi" (steam64id="76561198090270103") disconnected from server
16:00:52: Player "[YKZ]-tappes" (steam64id="76561198990092287") connected to server
16:00:52: Player "[YKZ]-BlackBear" (steam64id="76561198343030820") connected to server
16:00:52: Player "Passo Largo" (steam64id="76561198057660141") connected to server
16:01:07: Player "[YKZ] Emissarius" (steam64id="76561198271087379") connected to server
16:01:07: Player "zZeLopes" (steam64id="76561198092232745") connected to server
16:01:37: Player "LeoGiant" (steam64id="76561198066225451") connected to server
16:02:07: Player "Seekerzao" (steam64id="76561198067793781") connected to server
16:04:42: Player "oziel" (steam64id="76561199063596086") connected to server
16:05:17: Player "Betinho_maluco" (steam64id="76561198057627157") connected to server
16:06:37: Player "Domeneghi" (steam64id="76561198090270103") connected to server
16:14:37: Player "GabrielLobato" (steam64id="76561198158375860") connected to server
16:16:07: Player "LeoGiant" (steam64id="76561198066225451") disconnected from server
16:16:32: Player "LeoGiant" (steam64id="76561198066225451") connected to server
16:17:12: Player "[ONE] JAPA" (steam64id="76561198161060673") connected to server
16:23:12: Player "Seekerzao" (steam64id="76561198067793781") disconnected from server
16:24:42: Player "{KMG}fuzil" (steam64id="76561198965933878") connected to server
16:25:27: Player "ChukenThe3rd" (steam64id="76561198134837847") connected to server
16:26:07: Player "[YKZ]-tappes" (steam64id="76561198990092287") disconnected from server
16:26:27: Player "[YKZ]-tappes" (steam64id="76561198990092287") connected to server
16:28:07: Player "[YKZ]-tappes" (steam64id="76561198990092287") disconnected from server
16:31:42: Player "{KMG}fuzil" (steam64id="76561198965933878") disconnected from server
16:33:02: Player "Passo Largo" (steam64id="76561198057660141") disconnected from server
16:35:37: Player "oziel" (steam64id="76561199063596086") disconnected from server
16:35:37: Player "ChukenThe3rd" (steam64id="76561198134837847") disconnected from server
16:36:52: Player "[YKZ]-tappes" (steam64id="76561198990092287") connected to server
16:42:17: Player "[YKZ]-tappes" (steam64id="76561198990092287") disconnected from server
16:42:37: Player "[YKZ]-tappes" (steam64id="76561198990092287") connected to server
16:46:32: Player "[YKZ]-tappes" (steam64id="76561198990092287") disconnected from server
16:46:52: Player "[YKZ]-tappes" (steam64id="76561198990092287") connected to server
16:47:17: Player "[YKZ]-tappes" (steam64id="76561198990092287") disconnected from server
16:49:37: Player "GabrielLobato" (steam64id="76561198158375860") disconnected from server
16:55:12: Player "Domeneghi" (steam64id="76561198090270103") disconnected from server
16:55:52: Player "LeoGiant" (steam64id="76561198066225451") disconnected from server
16:57:32: Player "zZeLopes" (steam64id="76561198092232745") disconnected from server
16:59:22: Player "[CFBR] lost" (steam64id="76561198131682973") connected to server
17:02:12: Player "benja" (steam64id="76561198882824508") connected to server
17:03:17: Player "[YKZ] Felps" (steam64id="76561198892779186") connected to server
17:08:02: Player "benja" (steam64id="76561198882824508") disconnected from server
17:09:42: Player "Betinho_maluco" (steam64id="76561198057627157") disconnected from server
17:10:57: Player "[HORDA]MacLovin" (steam64id="76561199068236803") connected to server
17:11:37: Player "ChukenThe3rd" (steam64id="76561198134837847") connected to server
17:11:52: Player "pdrmds" (steam64id="76561199274397874") connected to server
17:17:57: Player "[ONE] JAPA" (steam64id="76561198161060673") disconnected from server
17:20:02: Player "[YKZ]-BlackBear" (steam64id="76561198343030820") disconnected from server
17:26:57: Player "DanielSam" (steam64id="76561198867200764") connected to server
17:28:02: Player "ChukenThe3rd" (steam64id="76561198134837847") disconnected from server
17:34:27: Player "Passo Largo" (steam64id="76561198057660141") connected to server
17:44:12: Player "Eloy" (steam64id="76561197980095586") connected to server
17:46:07: Player "[YKZ] chron1c" (steam64id="76561198205585613") connected to server
17:47:27: Player "Survivor" (steam64id="76561198121436731") connected to server
17:50:52: Player "Seekerzao" (steam64id="76561198067793781") connected to server
17:55:42: Player "[YKZ]-tappes" (steam64id="76561198990092287") connected to server
17:56:52: Player "[L.B] Santorin" (steam64id="76561199069721527") connected to server
18:00:47: Player "Thur" (steam64id="76561198329721265") connected to server
18:00:47: Player "Survivor" (steam64id="76561198121436731") disconnected from server
18:02:32: Player "KALIRO" (steam64id="76561198114222025") connected to server
18:05:52: Player "Survivor" (steam64id="76561198416429407") connected to server
18:06:02: Player "[L.B] Santorin" (steam64id="76561199069721527") disconnected from server
18:06:12: Player "Duerowww" (steam64id="76561198259492425") connected to server
18:06:17: Player "Survivor" (steam64id="76561198416429407") disconnected from server
18:07:03: Player "[L.B] Santorin" (steam64id="76561199069721527") connected to server
18:08:37: Player "Duerowww" (steam64id="76561198259492425") disconnected from server
18:14:58: Player "Ranzol" (steam64id="76561198017576237") connected to server
18:16:12: Player "[L.B] Santorin" (steam64id="76561199069721527") disconnected from server
18:16:48: Player "[L.B] Santorin" (steam64id="76561199069721527") connected to server
18:20:28: Player "pdrmds" (steam64id="76561199274397874") disconnected from server
18:24:48: Player "[CFBR] lost" (steam64id="76561198131682973") disconnected from server
18:24:58: Player "GabrielLobato" (steam64id="76561198158375860") connected to server
18:34:38: Player "Eloy" (steam64id="76561197980095586") disconnected from server
18:49:28: Player "[RNG]Panico" (steam64id="76561199230965576") connected to server
18:49:58: Player "[YKZ]-BlackBear" (steam64id="76561198343030820") connected to server
18:52:13: Player "Thur" (steam64id="76561198329721265") disconnected from server
18:58:13: Player "[HORDA]MacLovin" (steam64id="76561199068236803") disconnected from server
18:59:18: Player "[HORDA]MacLovin" (steam64id="76561199068236803") connected to server
19:00:38: Player "Ranzol" (steam64id="76561198017576237") disconnected from server
19:01:43: Player "[L.B] ploodrinny" (steam64id="76561198312062387") connected to server
19:10:58: Player "Seekerzao" (steam64id="76561198067793781") disconnected from server
19:12:18: Player "[YKZ] Seekerzao" (steam64id="76561198067793781") connected to server
19:16:48: Player "[YKZ] chron1c" (steam64id="76561198205585613") disconnected from server
19:17:13: Player "{ KMG } - Elguapo" (steam64id="76561198363655296") connected to server
19:17:13: Player "[YKZ] Seekerzao" (steam64id="76561198067793781") disconnected from server
19:17:58: Player "{KMG}fuzil" (steam64id="76561198965933878") connected to server
19:18:18: Player "[HORDA]MacLovin" (steam64id="76561199068236803") disconnected from server
19:22:58: Player "[YKZ]-tappes" (steam64id="76561198990092287") disconnected from server
19:23:08: Player "TripaSeca" (steam64id="76561198093060507") connected to server
19:23:43: Player "O chapolin" (steam64id="76561199005500106") connected to server
19:25:03: Player "[RNG]Panico" (steam64id="76561199230965576") disconnected from server
19:26:38: Player "Silence" (steam64id="76561198329721265") connected to server
19:26:48: Player "[HORDA]ThiagoPenna" (steam64id="76561198218822351") connected to server
19:27:33: Player "[ONE] JAPA" (steam64id="76561198161060673") connected to server
19:31:33: Player "Fuminhu " (steam64id="76561198199978915") connected to server
19:32:38: Player "Ronin" (steam64id="76561199105118692") connected to server
19:33:28: Player "[APW] ITACHI" (steam64id="76561198847845615") connected to server
19:34:23: Player "[YKZ] Emissarius" (steam64id="76561198271087379") disconnected from server
19:34:53: Player "bLisH" (steam64id="76561198970690760") connected to server
19:35:03: Player "[YKZ] Emissarius" (steam64id="76561198271087379") connected to server
19:39:48: Player "MoonSpectr" (steam64id="76561198326509016") connected to server
19:40:03: Player "StarkCG" (steam64id="76561198121484554") connected to server
19:41:23: Player "TcheLoco" (steam64id="76561198099449370") connected to server
19:41:48: Player "DanielSam" (steam64id="76561198867200764") disconnected from server
19:42:13: Player "SuperNoia" (steam64id="76561198132169694") connected to server
19:43:38: Player "[DGK] FALL" (steam64id="76561198878621400") connected to server
19:44:08: Player "Passo Largo" (steam64id="76561198057660141") disconnected from server
19:46:08: Player "MoonSpectr" (steam64id="76561198326509016") disconnected from server
19:46:13: Player "TripaSeca" (steam64id="76561198093060507") disconnected from server
19:46:38: Player "{KMG}-Rockeiro" (steam64id="76561198928581570") connected to server
19:52:13: Player "bLisH" (steam64id="76561198970690760") disconnected from server
19:52:48: Player "CHASER?" (steam64id="76561198246131158") connected to server
19:53:58: Player "[L.B] Santorin" (steam64id="76561199069721527") disconnected from server
19:55:03: Player "[L.B] Santorin" (steam64id="76561199069721527") connected to server
19:56:18: Player "DEFANTE" (steam64id="76561198108658944") connected to server
19:56:18: Player "Ronin" (steam64id="76561199105118692") disconnected from server
19:57:08: Player "Ronin" (steam64id="76561199105118692") connected to server
19:58:23: Player "{KMG}fuzil" (steam64id="76561198965933878") disconnected from server
19:58:43: Player "[YKZ] Felps" (steam64id="76561198892779186") disconnected from server
19:58:43: Player "DEFANTE" (steam64id="76561198108658944") disconnected from server
19:58:48: Player "O chapolin" (steam64id="76561199005500106") disconnected from server
19:58:48: Player "[YKZ] Emissarius" (steam64id="76561198271087379") disconnected from server
19:58:48: Player "[ONE] JAPA" (steam64id="76561198161060673") disconnected from server
19:58:48: Player "SuperNoia" (steam64id="76561198132169694") disconnected from server
19:58:48: Player "[L.B] Santorin" (steam64id="76561199069721527") disconnected from server
19:58:48: Player "CHASER?" (steam64id="76561198246131158") disconnected from server
19:58:48: Player "StarkCG" (steam64id="76561198121484554") disconnected from server
19:58:48: Player "{ KMG } - Elguapo" (steam64id="76561198363655296") disconnected from server
19:58:48: Player "[YKZ]-BlackBear" (steam64id="76561198343030820") disconnected from server
19:58:48: Player "{KMG}-Rockeiro" (steam64id="76561198928581570") disconnected from server
19:58:48: Player "[L.B] ploodrinny" (steam64id="76561198312062387") disconnected from server
19:58:48: Player "[HORDA]ThiagoPenna" (steam64id="76561198218822351") disconnected from server
19:58:48: Player "Ronin" (steam64id="76561199105118692") disconnected from server
19:58:48: Player "KALIRO" (steam64id="76561198114222025") disconnected from server
19:58:48: Player "Fuminhu " (steam64id="76561198199978915") disconnected from server
19:58:48: Player "TcheLoco" (steam64id="76561198099449370") disconnected from server
19:58:48: Player "[DGK] FALL" (steam64id="76561198878621400") disconnected from server
19:58:48: Player "Silence" (steam64id="76561198329721265") disconnected from server
19:58:48: Player "GabrielLobato" (steam64id="76561198158375860") disconnected from server
19:58:48: Player "[APW] ITACHI" (steam64id="76561198847845615") disconnected from server
20:00:50: Player "Ronin" (steam64id="76561199105118692") connected to server
20:00:50: Player "SuperNoia" (steam64id="76561198132169694") connected to server
20:00:50: Player "{ KMG } - Elguapo" (steam64id="76561198363655296") connected to server
20:00:50: Player "StarkCG" (steam64id="76561198121484554") connected to server
20:00:50: Player "[DGK] FALL" (steam64id="76561198878621400") connected to server
20:00:55: Player "[L.B] Santorin" (steam64id="76561199069721527") connected to server
20:00:55: Player "[L.B] ploodrinny" (steam64id="76561198312062387") connected to server
20:00:55: Player "[YKZ] Emissarius" (steam64id="76561198271087379") connected to server
20:01:15: Player "{KMG}-Rockeiro" (steam64id="76561198928581570") connected to server
20:01:25: Player "[YKZ]-tappes" (steam64id="76561198990092287") connected to server
20:01:40: Player "DEFANTE" (steam64id="76561198108658944") connected to server
20:02:00: Player "Sagara" (steam64id="76561198057660620") connected to server
20:02:05: Player "{KMG}-Rockeiro" (steam64id="76561198928581570") disconnected from server
20:02:30: Player "[YKZ]-BlackBear" (steam64id="76561198343030820") connected to server
20:03:35: Player "[HORDA]ThiagoPenna" (steam64id="76561198218822351") connected to server
20:03:45: Player "TcheLoco" (steam64id="76561198099449370") connected to server
20:04:20: Player "Duerowww" (steam64id="76561198259492425") connected to server
20:04:25: Player "Fuminhu " (steam64id="76561198199978915") connected to server
20:04:40: Player "(CNXC)Roger    " (steam64id="76561198119108882") connected to server
20:05:30: Player "{KMG}fuzil" (steam64id="76561198965933878") connected to server
20:05:55: Player "Ronaldo" (steam64id="76561199014145539") connected to server
20:06:05: Player "CHASER?" (steam64id="76561198246131158") connected to server
20:09:10: Player "Eloy" (steam64id="76561197980095586") connected to server
20:10:26: Player "{KMG}-Rockeiro" (steam64id="76561198928581570") connected to server
20:12:16: Player "[YKZ] Seekerzao" (steam64id="76561198067793781") connected to server
20:14:31: Player "Biel FxR" (steam64id="76561198050836260") connected to server
20:15:36: Player "Eloy" (steam64id="76561197980095586") disconnected from server
20:16:21: Player "[KGB}Nobre Lobo" (steam64id="76561198127199963") connected to server
20:16:21: Player "Mendigo" (steam64id="76561198399245730") connected to server
20:17:06: Player "Obred" (steam64id="76561198258911731") connected to server
20:17:21: Player "[HORDA]KAS" (steam64id="76561199202697738") connected to server
20:21:16: Player "Duerowww" (steam64id="76561198259492425") disconnected from server
20:22:26: Player "Fulber" (steam64id="76561198053443712") connected to server
20:23:46: Player "v1nni" (steam64id="76561198317627120") connected to server
20:26:06: Player "AriJR" (steam64id="76561198075180434") connected to server
20:27:01: Player "[DGK] FALL" (steam64id="76561198878621400") disconnected from server
20:31:41: Player "Sagara" (steam64id="76561198057660620") disconnected from server
20:33:26: Player "DinizBr" (steam64id="76561198128517157") connected to server
20:34:16: Player "Izla" (steam64id="76561198379555130") connected to server
20:38:21: Player "pinaFPS" (steam64id="76561199076864276") connected to server
20:41:26: Player "[YKZ] chron1c" (steam64id="76561198205585613") connected to server
20:42:26: Player "CHASER?" (steam64id="76561198246131158") disconnected from server
20:46:31: Player "pdrmds" (steam64id="76561199274397874") connected to server
20:47:01: Player "pinaFPS" (steam64id="76561199076864276") disconnected from server
20:48:51: Player "O.F.S | GABRIEL SAN" (steam64id="76561198849781290") connected to server
20:49:46: Player "benja" (steam64id="76561198882824508") connected to server
20:50:16: Player "{ KMG } - Elguapo" (steam64id="76561198363655296") disconnected from server
20:50:41: Player "Mendigo" (steam64id="76561198399245730") disconnected from server
20:51:11: Player "O.F.S | GABRIEL SAN" (steam64id="76561198849781290") disconnected from server
20:54:31: Player "[L.B] Santorin" (steam64id="76561199069721527") disconnected from server
20:59:01: Player "paulin" (steam64id="76561199216132269") connected to server
20:59:56: Player "Spawn" (steam64id="76561198079935580") connected to server
21:02:01: Player "Chopper" (steam64id="76561198273922310") connected to server
21:02:06: Player "CHASER?" (steam64id="76561198246131158") connected to server
21:02:31: Player "{KMG}-Rockeiro" (steam64id="76561198928581570") disconnected from server
21:02:46: Player "Carol" (steam64id="76561199024972510") connected to server
21:03:01: Player "Lipe" (steam64id="76561198195135931") connected to server
21:05:01: Player "benja" (steam64id="76561198882824508") disconnected from server
21:07:21: Player "DEFANTE" (steam64id="76561198108658944") disconnected from server
21:08:01: Player "CHASER?" (steam64id="76561198246131158") disconnected from server
21:08:26: Player "[horda]marcelinho" (steam64id="76561198817477406") connected to server
21:09:31: Player "TripaSeca" (steam64id="76561198093060507") connected to server
21:11:01: Player "Gecom" (steam64id="76561198020315206") connected to server
21:11:16: Player "Passo Largo" (steam64id="76561198057660141") connected to server
21:11:26: Player "v1nni" (steam64id="76561198317627120") disconnected from server
21:12:56: Player "Weed" (steam64id="76561198033754180") connected to server
21:13:21: Player "Sagara" (steam64id="76561198057660620") connected to server
21:14:56: Player "{KMG}fuzil" (steam64id="76561198965933878") disconnected from server
21:16:16: Player "OwenBrawn" (steam64id="76561199266691289") connected to server
21:18:36: Player "Sagara" (steam64id="76561198057660620") disconnected from server
21:19:16: Player "PintoJunior" (steam64id="76561198057936781") connected to server
21:19:41: Player "Lickan" (steam64id="76561198078469670") connected to server
21:20:06: Player "[HORDA]KAS" (steam64id="76561199202697738") disconnected from server
21:20:51: Player "PintoJunior" (steam64id="76561198057936781") disconnected from server
21:22:31: Player "TcheLoco" (steam64id="76561198099449370") disconnected from server
21:23:06: Player "?? Prince#4184" (steam64id="76561198199985663") connected to server
21:23:56: Player "SniperX" (steam64id="76561199206798095") connected to server
21:24:31: Player "CHASER?" (steam64id="76561198246131158") connected to server
21:24:41: Player "Sagara" (steam64id="76561198057660620") connected to server
21:24:41: Player "DanielSam" (steam64id="76561198867200764") connected to server
21:25:56: Player "KuramaDLC" (steam64id="76561198180192045") connected to server
21:27:46: Player "Fuminhu " (steam64id="76561198199978915") disconnected from server
21:28:06: Player "Lickan" (steam64id="76561198078469670") disconnected from server
21:29:41: Player "DinizBr" (steam64id="76561198128517157") disconnected from server
21:31:01: Player "DinizBr" (steam64id="76561198128517157") connected to server
21:32:11: Player "Fuminhu " (steam64id="76561198199978915") connected to server
21:33:46: Player "Fuminhu " (steam64id="76561198199978915") disconnected from server
21:34:56: Player "pdrmds" (steam64id="76561199274397874") disconnected from server
21:35:31: Player "MarcoLa" (steam64id="76561198352149308") connected to server
21:36:46: Player "SuperNoia" (steam64id="76561198132169694") disconnected from server
21:39:06: Player "pdrmds" (steam64id="76561199274397874") connected to server
21:39:11: Player "{KMG}-Rockeiro" (steam64id="76561198928581570") connected to server
21:39:16: Player "Ustra" (steam64id="76561198147635896") connected to server
21:39:51: Player "{KMG}fuzil" (steam64id="76561198965933878") connected to server
21:40:01: Player "SniperX" (steam64id="76561199206798095") disconnected from server
21:40:26: Player "Chopper" (steam64id="76561198273922310") disconnected from server
21:41:11: Player "pdrmds" (steam64id="76561199274397874") disconnected from server
21:41:46: Player "SniperX" (steam64id="76561199206798095") connected to server
21:42:41: Player "oziel" (steam64id="76561199063596086") connected to server
21:42:51: Player "{ KMG } - Elguapo" (steam64id="76561198363655296") connected to server
21:42:51: Player "AlexFraxe" (steam64id="76561198079014774") connected to server
21:46:36: Player "[YKZ] Felps" (steam64id="76561198892779186") connected to server
21:46:41: Player "DinizBr" (steam64id="76561198128517157") disconnected from server
21:47:11: Player "MarcoLa" (steam64id="76561198352149308") disconnected from server
21:47:41: Player "MarcoLa" (steam64id="76561198352149308") connected to server
21:49:11: Player "KuramaDLC" (steam64id="76561198180192045") disconnected from server
21:50:11: Player "KuramaDLC" (steam64id="76561198180192045") connected to server
21:50:46: Player "DEFANTE" (steam64id="76561198108658944") connected to server
21:54:11: Player "paulin" (steam64id="76561199216132269") disconnected from server
21:55:31: Player "PintoJunior" (steam64id="76561198057936781") connected to server
21:55:36: Player "OwenBrawn" (steam64id="76561199266691289") disconnected from server
22:00:06: Player "Obred" (steam64id="76561198258911731") disconnected from server
22:00:51: Player "KuramaDLC" (steam64id="76561198180192045") disconnected from server
22:01:36: Player "Ronaldo" (steam64id="76561199014145539") disconnected from server
22:02:01: Player "KuramaDLC" (steam64id="76561198180192045") connected to server
22:03:11: Player "SniperX" (steam64id="76561199206798095") disconnected from server
22:03:31: Player "MarcoLa" (steam64id="76561198352149308") disconnected from server
22:05:16: Player "MarcoLa" (steam64id="76561198352149308") connected to server
22:05:16: Player "Sagara" (steam64id="76561198057660620") disconnected from server
22:05:26: Player "KuramaDLC" (steam64id="76561198180192045") disconnected from server
22:06:31: Player "MarcoLa" (steam64id="76561198352149308") disconnected from server
22:07:36: Player "[HORDA] JHON WICK" (steam64id="76561198122075703") connected to server
22:08:16: Player "Biel FxR" (steam64id="76561198050836260") disconnected from server
22:10:26: Player "Alanzlt" (steam64id="76561198234046784") connected to server
22:11:56: Player "TcheLoco" (steam64id="76561198099449370") connected to server
22:12:31: Player "Luisff" (steam64id="76561198191554814") connected to server
22:13:56: Player "Betinho_maluco" (steam64id="76561198057627157") connected to server
22:14:46: Player "Carol" (steam64id="76561199024972510") disconnected from server
22:16:01: Player "Lipe" (steam64id="76561198195135931") disconnected from server
22:16:46: Player "oziel" (steam64id="76561199063596086") disconnected from server
22:17:46: Player "[YKZ] Seekerzao" (steam64id="76561198067793781") disconnected from server
22:18:26: Player "oziel" (steam64id="76561199063596086") connected to server
22:20:31: Player "oziel" (steam64id="76561199063596086") disconnected from server
22:29:46: Player "{KMG}-Rockeiro" (steam64id="76561198928581570") disconnected from server
22:30:06: Player "{ KMG } - Elguapo" (steam64id="76561198363655296") disconnected from server
22:31:16: Player "BigodeFino" (steam64id="76561198136665778") connected to server
22:32:01: Player "Biel FxR" (steam64id="76561198050836260") connected to server
22:32:21: Player "{KMG}fuzil" (steam64id="76561198965933878") disconnected from server
22:33:51: Player "Izla" (steam64id="76561198379555130") disconnected from server
22:35:51: Player "[L.B] ploodrinny" (steam64id="76561198312062387") disconnected from server
22:37:11: Player "ELVIN000" (steam64id="76561198868114127") connected to server
22:38:01: Player "Ustra" (steam64id="76561198147635896") disconnected from server
22:39:06: Player "BGSantos" (steam64id="76561198126966241") connected to server
22:39:31: Player "BawN" (steam64id="76561198150719781") connected to server
22:39:46: Player "[HORDA]KAS" (steam64id="76561199202697738") connected to server
22:39:51: Player "TcheLoco" (steam64id="76561198099449370") disconnected from server
22:40:26: Player "Passo Largo" (steam64id="76561198057660141") disconnected from server
22:42:51: Player "Passo Largo" (steam64id="76561198057660141") connected to server
22:44:11: Player "El Javi de Lanus" (steam64id="76561199060454690") connected to server
22:44:16: Player "eduardo" (steam64id="76561198056917462") connected to server
22:44:31: Player "[YKZ]-Lobato" (steam64id="76561198158375860") connected to server
22:45:22: Player "DEFANTE" (steam64id="76561198108658944") disconnected from server
22:45:47: Player "ELVIN000" (steam64id="76561198868114127") disconnected from server
22:47:42: Player "Luisff" (steam64id="76561198191554814") disconnected from server
22:47:52: Player "TioSam" (steam64id="76561199014145539") connected to server
22:50:22: Player "Obred" (steam64id="76561198258911731") connected to server
22:51:27: Player "(CNXC)Roger    " (steam64id="76561198119108882") disconnected from server
22:54:27: Player "KwgL" (steam64id="76561198152706555") connected to server
22:54:52: Player "Alanzlt" (steam64id="76561198234046784") disconnected from server
23:00:47: Player "StarkCG" (steam64id="76561198121484554") disconnected from server
23:01:42: Player "[YKZ]-BlackBear" (steam64id="76561198343030820") disconnected from server
23:01:52: Player "Okazaki" (steam64id="76561198012389478") connected to server
23:02:17: Player "[YKZ]-Lobato" (steam64id="76561198158375860") disconnected from server
23:04:22: Player "[YKZ] Emissarius" (steam64id="76561198271087379") disconnected from server
23:04:37: Player "[YKZ]-Lobato" (steam64id="76561198158375860") connected to server
23:07:12: Player "[RNG]Panico" (steam64id="76561199230965576") connected to server
23:07:47: Player "[YKZ]-BlackBear" (steam64id="76561198343030820") connected to server
23:07:57: Player "VermissT" (steam64id="76561198317195607") connected to server
23:08:47: Player "G A T O" (steam64id="76561199207813177") connected to server
23:09:27: Player "El Javi de Lanus" (steam64id="76561199060454690") disconnected from server
23:12:32: Player "BigodeFino" (steam64id="76561198136665778") disconnected from server
23:13:22: Player "Paulo Guedes" (steam64id="76561198146050795") connected to server
23:13:37: Player "[ONE] JAPA" (steam64id="76561198161060673") connected to server
23:14:12: Player "KwgL" (steam64id="76561198152706555") disconnected from server
23:15:32: Player "[ONE}Rick" (steam64id="76561198868590548") connected to server
23:16:07: Player "VermissT" (steam64id="76561198317195607") disconnected from server
23:17:37: Player "[RNG]Panico" (steam64id="76561199230965576") disconnected from server
23:18:32: Player "[KGB}Nobre Lobo" (steam64id="76561198127199963") disconnected from server
23:20:17: Player "[YKZ] chron1c" (steam64id="76561198205585613") disconnected from server
23:20:57: Player "Spawn" (steam64id="76561198079935580") disconnected from server
23:21:02: Player "AriJR" (steam64id="76561198075180434") disconnected from server
23:21:17: Player "Gecom" (steam64id="76561198020315206") disconnected from server
23:21:22: Player "(CNXC)Roger    " (steam64id="76561198119108882") connected to server
23:21:57: Player "AlexFraxe" (steam64id="76561198079014774") disconnected from server
23:22:32: Player "Fulber" (steam64id="76561198053443712") disconnected from server
23:23:32: Player "PintoJunior" (steam64id="76561198057936781") disconnected from server
23:23:32: Player "Paulo Guedes" (steam64id="76561198146050795") disconnected from server
23:23:32: Player "[ONE}Rick" (steam64id="76561198868590548") disconnected from server
23:23:37: Player "TripaSeca" (steam64id="76561198093060507") disconnected from server
23:23:37: Player "BawN" (steam64id="76561198150719781") disconnected from server
23:23:37: Player "[YKZ] Felps" (steam64id="76561198892779186") disconnected from server
23:23:37: Player "Weed" (steam64id="76561198033754180") disconnected from server
23:23:42: Player "[ONE] JAPA" (steam64id="76561198161060673") disconnected from server
23:23:42: Player "Obred" (steam64id="76561198258911731") disconnected from server
23:23:42: Player "Biel FxR" (steam64id="76561198050836260") disconnected from server
23:23:47: Player "[HORDA]KAS" (steam64id="76561199202697738") disconnected from server
23:23:47: Player "Betinho_maluco" (steam64id="76561198057627157") disconnected from server
23:23:47: Player "CHASER?" (steam64id="76561198246131158") disconnected from server
23:23:47: Player "DanielSam" (steam64id="76561198867200764") disconnected from server
23:23:47: Player "[YKZ]-Lobato" (steam64id="76561198158375860") disconnected from server
23:23:47: Player "[YKZ]-BlackBear" (steam64id="76561198343030820") disconnected from server
23:23:47: Player "[HORDA]ThiagoPenna" (steam64id="76561198218822351") disconnected from server
23:23:47: Player "(CNXC)Roger    " (steam64id="76561198119108882") disconnected from server
23:23:52: Player "Passo Largo" (steam64id="76561198057660141") disconnected from server
23:23:52: Player "TioSam" (steam64id="76561199014145539") disconnected from server
23:23:52: Player "G A T O" (steam64id="76561199207813177") disconnected from server
23:23:57: Player "Okazaki" (steam64id="76561198012389478") disconnected from server
23:23:57: Player "Ronin" (steam64id="76561199105118692") disconnected from server
23:23:57: Player "[HORDA] JHON WICK" (steam64id="76561198122075703") disconnected from server
23:23:57: Player "eduardo" (steam64id="76561198056917462") disconnected from server
23:23:57: Player "?? Prince#4184" (steam64id="76561198199985663") disconnected from server
23:24:07: Player "[YKZ]-tappes" (steam64id="76561198990092287") disconnected from server
23:24:27: Player "[horda]marcelinho" (steam64id="76561198817477406") disconnected from server
23:26:07: Player "BGSantos" (steam64id="76561198126966241") disconnected from server
23:34:57: Player "Obred" (steam64id="76561198258911731") connected to server
23:34:57: Player "TioSam" (steam64id="76561199014145539") connected to server
23:35:12: Player "[YKZ]-BlackBear" (steam64id="76561198343030820") connected to server
23:35:12: Player "[YKZ]-Lobato" (steam64id="76561198158375860") connected to server
23:35:22: Player "Biel FxR" (steam64id="76561198050836260") connected to server
23:36:17: Player "[YKZ]-tappes" (steam64id="76561198990092287") connected to server
23:36:32: Player "PintoJunior" (steam64id="76561198057936781") connected to server
23:36:37: Player "DanielSam" (steam64id="76561198867200764") connected to server
23:37:47: Player "TripaSeca" (steam64id="76561198093060507") connected to server
23:37:57: Player "G A T O" (steam64id="76561199207813177") connected to server
23:38:42: Player "Betinho_maluco" (steam64id="76561198057627157") connected to server
23:40:07: Player "d3scot" (steam64id="76561199106333992") connected to server
23:40:12: Player "G A T O" (steam64id="76561199207813177") disconnected from server
23:40:22: Player "(CNXC)Roger    " (steam64id="76561198119108882") connected to server
23:40:27: Player "gros siboir" (steam64id="76561198278481165") connected to server
23:41:37: Player "Passo Largo" (steam64id="76561198057660141") connected to server
23:41:47: Player "G A T O" (steam64id="76561199207813177") connected to server
23:49:12: Player "[HORDA]MacLovin" (steam64id="76561199068236803") connected to server
23:54:52: Player "DanielSam" (steam64id="76561198867200764") disconnected from server
23:56:07: Player "WyllGammer" (steam64id="76561198965177994") connected to server
23:58:27: Player "[HORDA]MacLovin" (steam64id="76561199068236803") disconnected from server
23:58:47: Player "TripaSeca" (steam64id="76561198093060507") disconnected from server
23:58:47: Player "Betinho_maluco" (steam64id="76561198057627157") disconnected from server
23:58:47: Player "Passo Largo" (steam64id="76561198057660141") disconnected from server
23:58:47: Player "TioSam" (steam64id="76561199014145539") disconnected from server
23:58:47: Player "PintoJunior" (steam64id="76561198057936781") disconnected from server
23:58:47: Player "G A T O" (steam64id="76561199207813177") disconnected from server
23:58:47: Player "gros siboir" (steam64id="76561198278481165") disconnected from server
23:58:47: Player "d3scot" (steam64id="76561199106333992") disconnected from server
23:58:47: Player "[YKZ]-tappes" (steam64id="76561198990092287") disconnected from server
23:58:47: Player "Obred" (steam64id="76561198258911731") disconnected from server
23:58:47: Player "[YKZ]-Lobato" (steam64id="76561198158375860") disconnected from server
23:58:47: Player "Biel FxR" (steam64id="76561198050836260") disconnected from server
23:58:47: Player "WyllGammer" (steam64id="76561198965177994") disconnected from server
23:58:47: Player "[YKZ]-BlackBear" (steam64id="76561198343030820") disconnected from server
23:58:47: Player "(CNXC)Roger    " (steam64id="76561198119108882") disconnected from server
