00:00:31: Player "CharlinhoPsico" (steam64id="76561198366562144") connected to server
00:00:31: Player "Charada" (steam64id="76561198034769290") connected to server
00:00:31: Player "Boris Berezin" (steam64id="76561198007142594") connected to server
00:00:36: Player "Sagara" (steam64id="76561198057660620") connected to server
00:00:36: Player "Biel FxR" (steam64id="76561198050836260") connected to server
00:00:41: Player "ObreD" (steam64id="76561198258911731") connected to server
00:00:46: Player "Boneco " (steam64id="76561199225248971") connected to server
00:01:01: Player "[HORDA]LUCASBR" (steam64id="76561198973828354") connected to server
00:01:06: Player "TripaSeca" (steam64id="76561198093060507") connected to server
00:01:16: Player "G A T O" (steam64id="76561199207813177") connected to server
00:01:16: Player "MenoDuLins" (steam64id="76561198057614573") connected to server
00:02:11: Player "Sagara" (steam64id="76561198057660620") disconnected from server
00:02:36: Player "[EB] pedrobala" (steam64id="76561198046653521") connected to server
00:02:36: Player "Vini_300" (steam64id="76561198145785923") connected to server
00:03:46: Player "Survivrau" (steam64id="76561198057660141") connected to server
00:04:11: Player "Sagara" (steam64id="76561198057660620") connected to server
00:04:16: Player "Betinho_maluco" (steam64id="76561198057627157") connected to server
00:10:51: Player "[YKZ]-BlackBear" (steam64id="76561198343030820") connected to server
00:10:56: Player "ObreD" (steam64id="76561198258911731") disconnected from server
00:11:31: Player "Vaine" (steam64id="76561198020067228") connected to server
00:19:56: Player "[HORDA]LUCASBR" (steam64id="76561198973828354") disconnected from server
00:26:16: Player "Boris Berezin" (steam64id="76561198007142594") disconnected from server
00:30:11: Player "TripaSeca" (steam64id="76561198093060507") disconnected from server
00:31:56: Player "[YKZ] Seekerzao" (steam64id="76561198067793781") connected to server
00:34:46: Player "Charada" (steam64id="76561198034769290") disconnected from server
00:38:56: Player "CharlinhoPsico" (steam64id="76561198366562144") disconnected from server
00:43:46: Player "Sagara" (steam64id="76561198057660620") disconnected from server
00:45:36: Player "[YKZ]-Lobato" (steam64id="76561198158375860") connected to server
00:47:56: Player "<Spartan-369>" (steam64id="76561198126134240") connected to server
00:48:21: Player "<Spartan-369>" (steam64id="76561198126134240") disconnected from server
00:49:56: Player "MenoDuLins" (steam64id="76561198057614573") disconnected from server
00:50:26: Player "MercenarioK2" (steam64id="76561198928398072") connected to server
00:57:06: Player "Biel FxR" (steam64id="76561198050836260") disconnected from server
00:59:56: Player "Vaine" (steam64id="76561198020067228") disconnected from server
01:00:11: Player "Boneco " (steam64id="76561199225248971") disconnected from server
01:00:41: Player "Vini_300" (steam64id="76561198145785923") disconnected from server
01:06:16: Player "Betinho_maluco" (steam64id="76561198057627157") disconnected from server
01:31:01: Player "[YKZ]-BlackBear" (steam64id="76561198343030820") disconnected from server
01:32:21: Player "[EB] pedrobala" (steam64id="76561198046653521") disconnected from server
01:43:16: Player "[YKZ] Seekerzao" (steam64id="76561198067793781") disconnected from server
01:55:36: Player "G A T O" (steam64id="76561199207813177") disconnected from server
02:21:41: Player "Survivrau" (steam64id="76561198057660141") disconnected from server
03:21:41: Player "MercenarioK2" (steam64id="76561198928398072") disconnected from server
03:24:41: Player "[YKZ]-Lobato" (steam64id="76561198158375860") disconnected from server
08:19:46: Player "[ONE] JAPA" (steam64id="76561198161060673") connected to server
08:21:01: Player "[ONE] JAPA" (steam64id="76561198161060673") disconnected from server
09:19:31: Player "Sagara" (steam64id="76561198057660620") connected to server
09:40:11: Player "MutuaL" (steam64id="76561199038848214") connected to server
10:03:11: Player "cassio" (steam64id="76561198369096351") connected to server
10:06:46: Player "MazK4rd" (steam64id="76561198166905192") connected to server
10:08:16: Player "Sagara" (steam64id="76561198057660620") disconnected from server
10:17:21: Player "cassio" (steam64id="76561198369096351") disconnected from server
10:23:56: Player "MutuaL" (steam64id="76561199038848214") disconnected from server
10:32:36: Player "MutuaL" (steam64id="76561199038848214") connected to server
10:43:16: Player "ieL" (steam64id="76561198991987131") connected to server
10:44:01: Player "ieL" (steam64id="76561198991987131") disconnected from server
10:51:31: Player "[HORDA]ThiagoPenna" (steam64id="76561198218822351") connected to server
11:17:26: Player "MazK4rd" (steam64id="76561198166905192") disconnected from server
11:23:11: Player "MutuaL" (steam64id="76561199038848214") disconnected from server
11:29:21: Player "Sagara" (steam64id="76561198057660620") connected to server
11:39:21: Player "MutuaL" (steam64id="76561199038848214") connected to server
11:42:06: Player "MercenarioK2" (steam64id="76561198928398072") connected to server
11:42:16: Player "Sagara" (steam64id="76561198057660620") disconnected from server
11:58:36: Player "MutuaL" (steam64id="76561199038848214") disconnected from server
11:58:36: Player "[HORDA]ThiagoPenna" (steam64id="76561198218822351") disconnected from server
11:58:36: Player "MercenarioK2" (steam64id="76561198928398072") disconnected from server
12:00:45: Player "MutuaL" (steam64id="76561199038848214") connected to server
12:00:55: Player "MercenarioK2" (steam64id="76561198928398072") connected to server
12:05:00: Player "[HORDA]ThiagoPenna" (steam64id="76561198218822351") connected to server
12:13:55: Player "G A T O" (steam64id="76561199207813177") connected to server
12:16:45: Player "[YKZ] Seekerzao" (steam64id="76561198067793781") connected to server
12:18:05: Player "Betinho_maluco" (steam64id="76561198057627157") connected to server
12:19:10: Player "G A T O" (steam64id="76561199207813177") disconnected from server
12:26:15: Player "[YKZ] Seekerzao" (steam64id="76561198067793781") disconnected from server
12:27:30: Player "MercenarioK2" (steam64id="76561198928398072") disconnected from server
12:30:25: Player "MercenarioK2" (steam64id="76561198928398072") connected to server
12:32:50: Player "[EB] pedrobala" (steam64id="76561198046653521") connected to server
12:41:40: Player "Betinho_maluco" (steam64id="76561198057627157") disconnected from server
12:47:25: Player "Mixeuu" (steam64id="76561198074791586") connected to server
13:07:10: Player "[EB] pedrobala" (steam64id="76561198046653521") disconnected from server
13:14:05: Player "RONAX" (steam64id="76561198808584089") connected to server
13:16:15: Player "RONAX" (steam64id="76561198808584089") disconnected from server
13:25:55: Player "MercenarioK2" (steam64id="76561198928398072") disconnected from server
13:28:05: Player "[HORDA]ThiagoPenna" (steam64id="76561198218822351") disconnected from server
13:31:10: Player "Mixeuu" (steam64id="76561198074791586") disconnected from server
13:36:20: Player "MutuaL" (steam64id="76561199038848214") disconnected from server
13:44:50: Player "BRUXO" (steam64id="76561198140728342") connected to server
13:47:56: Player "[YKZ]-BlackBear" (steam64id="76561198343030820") connected to server
14:03:21: Player "Mentosdbacon" (steam64id="76561199163088829") connected to server
14:05:56: Player "Betinho_maluco" (steam64id="76561198057627157") connected to server
14:12:16: Player "[DEDO] MELO" (steam64id="76561198289039477") connected to server
14:16:57: Player "BRUXO" (steam64id="76561198140728342") disconnected from server
14:44:47: Player "[YKZ]-Lobato" (steam64id="76561198158375860") connected to server
14:48:47: Player "[DEDO] MELO" (steam64id="76561198289039477") disconnected from server
15:03:37: Player "[YKZ] Felps" (steam64id="76561198892779186") connected to server
15:04:07: Player "Mentosdbacon" (steam64id="76561199163088829") disconnected from server
15:08:47: Player "Sagara" (steam64id="76561198057660620") connected to server
15:35:47: Player "[YKZ] Emissarius" (steam64id="76561198271087379") connected to server
15:39:37: Player "Betinho_maluco" (steam64id="76561198057627157") disconnected from server
15:49:32: Player "Mentosdbacon" (steam64id="76561199163088829") connected to server
15:50:32: Player "Mentosdbacon" (steam64id="76561199163088829") disconnected from server
15:56:17: Player "Sagara" (steam64id="76561198057660620") disconnected from server
15:58:32: Player "[YKZ] Emissarius" (steam64id="76561198271087379") disconnected from server
15:58:32: Player "[YKZ]-BlackBear" (steam64id="76561198343030820") disconnected from server
15:58:32: Player "[YKZ] Felps" (steam64id="76561198892779186") disconnected from server
15:58:32: Player "[YKZ]-Lobato" (steam64id="76561198158375860") disconnected from server
16:00:36: Player "[YKZ] Emissarius" (steam64id="76561198271087379") connected to server
16:01:31: Player "[YKZ] Felps" (steam64id="76561198892779186") connected to server
16:02:01: Player "[YKZ]-Lobato" (steam64id="76561198158375860") connected to server
16:04:01: Player "Sagara" (steam64id="76561198057660620") connected to server
16:07:16: Player "Landim" (steam64id="76561198167594302") connected to server
16:08:31: Player "[YKZ] Seekerzao" (steam64id="76561198067793781") connected to server
16:16:01: Player "[YKZ]-BlackBear" (steam64id="76561198343030820") connected to server
16:17:56: Player "[YKZ] Notsniw" (steam64id="76561197967151252") connected to server
16:25:51: Player "Survivrau" (steam64id="76561198057660141") connected to server
16:32:01: Player "[YKZ]-BlackBear" (steam64id="76561198343030820") disconnected from server
16:32:26: Player "Biel FxR" (steam64id="76561198050836260") connected to server
16:38:01: Player "[YKZ]-BlackBear" (steam64id="76561198343030820") connected to server
16:44:51: Player "Betinho_maluco" (steam64id="76561198057627157") connected to server
16:45:56: Player "Hacan121" (steam64id="76561198345012092") connected to server
16:47:41: Player "[YKZ] Emissarius" (steam64id="76561198271087379") disconnected from server
16:48:31: Player "[YKZ] Emissarius" (steam64id="76561198271087379") connected to server
16:55:06: Player "[HORDA]MacLovin" (steam64id="76561199068236803") connected to server
16:57:41: Player "joaoob23" (steam64id="76561198302337518") connected to server
17:00:01: Player "[YKZ] Seekerzao" (steam64id="76561198067793781") disconnected from server
17:00:36: Player "ttv/p3sad3lo__ [$]" (steam64id="76561198277384503") connected to server
17:03:26: Player "Sagara" (steam64id="76561198057660620") disconnected from server
17:07:46: Player "ttv/p3sad3lo__ [$]" (steam64id="76561198277384503") disconnected from server
17:09:16: Player "Betinho_maluco" (steam64id="76561198057627157") disconnected from server
17:09:51: Player "joaoob23" (steam64id="76561198302337518") disconnected from server
17:15:31: Player "Landim" (steam64id="76561198167594302") disconnected from server
17:23:16: Player "Biel FxR" (steam64id="76561198050836260") disconnected from server
17:34:46: Player "[YKZ]-Lobato" (steam64id="76561198158375860") disconnected from server
17:35:01: Player "[YKZ] Seekerzao" (steam64id="76561198067793781") connected to server
17:36:21: Player "[YKZ]-Lobato" (steam64id="76561198158375860") connected to server
17:39:56: Player "joaoob23" (steam64id="76561198302337518") connected to server
17:42:11: Player "General2323" (steam64id="76561198300843847") connected to server
17:44:06: Player "[HORDA]MacLovin" (steam64id="76561199068236803") disconnected from server
17:44:11: Player "Galega" (steam64id="76561198959103891") connected to server
17:44:56: Player "[HORDA]MacLovin" (steam64id="76561199068236803") connected to server
17:50:56: Player "DanielSam" (steam64id="76561198867200764") connected to server
18:00:11: Player "[YKZ]-Lobato" (steam64id="76561198158375860") disconnected from server
18:00:46: Player "[GDR]Lobo_Lendario" (steam64id="76561199069761803") connected to server
18:01:56: Player "[YKZ]-Lobato" (steam64id="76561198158375860") connected to server
18:07:01: Player "DanielSam" (steam64id="76561198867200764") disconnected from server
18:19:11: Player "Survivrau" (steam64id="76561198057660141") disconnected from server
18:24:26: Player "[HORDA] zBieL" (steam64id="76561198001525812") connected to server
18:24:56: Player "Myul" (steam64id="76561198153622914") connected to server
18:25:21: Player "[YKZ] Emissarius" (steam64id="76561198271087379") disconnected from server
18:26:11: Player "[YKZ] Emissarius" (steam64id="76561198271087379") connected to server
18:26:21: Player "Hacan121" (steam64id="76561198345012092") disconnected from server
18:29:31: Player "Myul" (steam64id="76561198153622914") disconnected from server
18:34:46: Player "ttuker" (steam64id="76561198971813376") connected to server
18:39:41: Player "Luisff" (steam64id="76561198191554814") connected to server
18:40:51: Player "[YKZ] Felps" (steam64id="76561198892779186") disconnected from server
18:42:31: Player "[YKZ]-BlackBear" (steam64id="76561198343030820") disconnected from server
18:45:41: Player "Galega" (steam64id="76561198959103891") disconnected from server
18:45:46: Player "ttuker" (steam64id="76561198971813376") disconnected from server
18:46:06: Player "Duero" (steam64id="76561198259492425") connected to server
18:47:21: Player "[YKZ] Notsniw" (steam64id="76561197967151252") disconnected from server
18:49:16: Player "ttuker" (steam64id="76561198971813376") connected to server
18:52:26: Player "C O R U J A" (steam64id="76561198819003355") connected to server
18:56:56: Player "[YKZ]-Lobato" (steam64id="76561198158375860") disconnected from server
19:02:11: Player "[YKZ] Seekerzao" (steam64id="76561198067793781") disconnected from server
19:03:51: Player "ACC" (steam64id="76561198106291582") connected to server
19:04:01: Player "Funghi" (steam64id="76561199069858485") connected to server
19:05:31: Player "[YKZ] chron1c" (steam64id="76561198205585613") connected to server
19:06:16: Player "[YKZ] chron1c" (steam64id="76561198205585613") disconnected from server
19:07:11: Player "[YKZ] chron1c" (steam64id="76561198205585613") connected to server
19:09:46: Player "[GDR]Lobo_Lendario" (steam64id="76561199069761803") disconnected from server
19:09:51: Player "Thiago" (steam64id="76561198168084899") connected to server
19:12:01: Player "Luisff" (steam64id="76561198191554814") disconnected from server
19:12:36: Player "=G3= Tuin" (steam64id="76561198914685824") connected to server
19:16:41: Player "tiago0722" (steam64id="76561198353818533") connected to server
19:22:01: Player "[HORDA]KAS" (steam64id="76561199202697738") connected to server
19:23:26: Player "_fraco_" (steam64id="76561198176104718") connected to server
19:26:46: Player "C O R U J A" (steam64id="76561198819003355") disconnected from server
19:36:16: Player "=G3= Tuin" (steam64id="76561198914685824") disconnected from server
19:36:36: Player "StarkCG" (steam64id="76561198121484554") connected to server
19:37:46: Player "C O R U J A" (steam64id="76561198819003355") connected to server
19:41:46: Player "[HORDA] JHON WICK" (steam64id="76561198122075703") connected to server
19:43:26: Player "Thiago" (steam64id="76561198168084899") disconnected from server
19:44:06: Player "[HORDA]MacLovin" (steam64id="76561199068236803") disconnected from server
19:45:06: Player "[HORDA]MacLovin" (steam64id="76561199068236803") connected to server
19:50:01: Player "Duero" (steam64id="76561198259492425") disconnected from server
19:51:36: Player "tiago0722" (steam64id="76561198353818533") disconnected from server
19:53:56: Player "Duero" (steam64id="76561198259492425") connected to server
19:54:26: Player "[YKZ] Felps" (steam64id="76561198892779186") connected to server
19:58:36: Player "StarkCG" (steam64id="76561198121484554") disconnected from server
19:58:36: Player "Funghi" (steam64id="76561199069858485") disconnected from server
19:58:36: Player "joaoob23" (steam64id="76561198302337518") disconnected from server
19:58:36: Player "ACC" (steam64id="76561198106291582") disconnected from server
19:58:36: Player "[HORDA]KAS" (steam64id="76561199202697738") disconnected from server
19:58:36: Player "[YKZ] Felps" (steam64id="76561198892779186") disconnected from server
19:58:36: Player "C O R U J A" (steam64id="76561198819003355") disconnected from server
19:58:36: Player "[HORDA] JHON WICK" (steam64id="76561198122075703") disconnected from server
19:58:36: Player "General2323" (steam64id="76561198300843847") disconnected from server
19:58:36: Player "Duero" (steam64id="76561198259492425") disconnected from server
19:58:36: Player "[YKZ] chron1c" (steam64id="76561198205585613") disconnected from server
19:58:36: Player "[YKZ] Emissarius" (steam64id="76561198271087379") disconnected from server
19:58:36: Player "[HORDA]MacLovin" (steam64id="76561199068236803") disconnected from server
19:58:36: Player "ttuker" (steam64id="76561198971813376") disconnected from server
19:58:36: Player "[HORDA] zBieL" (steam64id="76561198001525812") disconnected from server
19:58:36: Player "_fraco_" (steam64id="76561198176104718") disconnected from server
20:00:32: Player "StarkCG" (steam64id="76561198121484554") connected to server
20:00:32: Player "Funghi" (steam64id="76561199069858485") connected to server
20:00:32: Player "C O R U J A" (steam64id="76561198819003355") connected to server
20:00:37: Player "[HORDA] JHON WICK" (steam64id="76561198122075703") connected to server
20:00:37: Player "[HORDA]MacLovin" (steam64id="76561199068236803") connected to server
20:00:37: Player "[YKZ] Felps" (steam64id="76561198892779186") connected to server
20:00:42: Player "ACC" (steam64id="76561198106291582") connected to server
20:01:02: Player "[YKZ] Emissarius" (steam64id="76561198271087379") connected to server
20:01:02: Player "[HORDA] zBieL" (steam64id="76561198001525812") connected to server
20:02:42: Player "[HORDA]KAS" (steam64id="76561199202697738") connected to server
20:02:57: Player "gignazaki1987" (steam64id="76561199027076248") connected to server
20:03:12: Player "Biribinha" (steam64id="76561199031638818") connected to server
20:03:37: Player "Biribinha" (steam64id="76561199031638818") disconnected from server
20:03:42: Player "_fraco_" (steam64id="76561198176104718") connected to server
20:04:02: Player "[HORDA]ThiagoPenna" (steam64id="76561198218822351") connected to server
20:09:47: Player "Duero" (steam64id="76561198259492425") connected to server
20:10:12: Player "ttuker" (steam64id="76561198971813376") connected to server
20:18:42: Player "[YKZ] Emissarius" (steam64id="76561198271087379") disconnected from server
20:19:37: Player "TcheLoco" (steam64id="76561198099449370") connected to server
20:20:52: Player "[YKZ] Felps" (steam64id="76561198892779186") disconnected from server
20:23:57: Player "[EB] GordoEmers" (steam64id="76561198260617608") connected to server
20:25:22: Player "gignazaki1987" (steam64id="76561199027076248") disconnected from server
20:46:57: Player "[HORDA]MacLovin" (steam64id="76561199068236803") disconnected from server
20:48:47: Player "[YKZ]-BlackBear" (steam64id="76561198343030820") connected to server
20:50:32: Player "Landim" (steam64id="76561198167594302") connected to server
20:53:17: Player "Funghi" (steam64id="76561199069858485") disconnected from server
20:53:47: Player "Funghi" (steam64id="76561199069858485") connected to server
20:54:27: Player "Funghi" (steam64id="76561199069858485") disconnected from server
20:54:42: Player "[L.B] Santorin" (steam64id="76561199069721527") connected to server
20:54:57: Player "Paulo Guedes" (steam64id="76561198146050795") connected to server
20:56:07: Player "Funghi" (steam64id="76561199069858485") connected to server
20:56:47: Player "ttuker" (steam64id="76561198971813376") disconnected from server
20:57:17: Player "ttuker" (steam64id="76561198971813376") connected to server
20:58:27: Player "ttuker" (steam64id="76561198971813376") disconnected from server
20:58:57: Player "ttuker" (steam64id="76561198971813376") connected to server
20:59:22: Player "DjAzeitona" (steam64id="76561198950594742") connected to server
21:00:57: Player "[DoG]Hurgete" (steam64id="76561198024549640") connected to server
21:01:32: Player "C O R U J A" (steam64id="76561198819003355") disconnected from server
21:02:57: Player "ttuker" (steam64id="76561198971813376") disconnected from server
21:03:17: Player "ttuker" (steam64id="76561198971813376") connected to server
21:05:42: Player "[L.B] LopesTa " (steam64id="76561198375254083") connected to server
21:05:42: Player "Duero" (steam64id="76561198259492425") disconnected from server
21:05:47: Player "ttuker" (steam64id="76561198971813376") disconnected from server
21:07:17: Player "[horda]marcelinho" (steam64id="76561198817477406") connected to server
21:08:47: Player "[EB] GordoEmers" (steam64id="76561198260617608") disconnected from server
21:11:37: Player "Biel FxR" (steam64id="76561198050836260") connected to server
21:12:37: Player "Biel FxR" (steam64id="76561198050836260") disconnected from server
21:12:42: Player "[HORDA] JHON WICK" (steam64id="76561198122075703") disconnected from server
21:13:12: Player "Luk" (steam64id="76561198102909224") connected to server
21:14:22: Player "Biel FxR" (steam64id="76561198050836260") connected to server
21:16:17: Player "[HORDA]MacLovin" (steam64id="76561199068236803") connected to server
21:21:47: Player "Boneco " (steam64id="76561199225248971") connected to server
21:25:02: Player "Vini_300" (steam64id="76561198145785923") connected to server
21:25:47: Player "DjAzeitona" (steam64id="76561198950594742") disconnected from server
21:25:57: Player "ploodrinny" (steam64id="76561198312062387") connected to server
21:26:12: Player "pandini00" (steam64id="76561198860231852") connected to server
21:29:12: Player "Bruno" (steam64id="76561198313593987") connected to server
21:29:27: Player "KOREA" (steam64id="76561198253386609") connected to server
21:29:27: Player "DanielSam" (steam64id="76561198867200764") connected to server
21:31:17: Player "Accelerator [BR]" (steam64id="76561198156883270") connected to server
21:31:52: Player "Josema420" (steam64id="76561198278742213") connected to server
21:32:57: Player "_fraco_" (steam64id="76561198176104718") disconnected from server
21:35:07: Player "Funghi" (steam64id="76561199069858485") disconnected from server
21:35:22: Player "LotusZ" (steam64id="76561198088966257") connected to server
21:35:42: Player "KOREA" (steam64id="76561198253386609") disconnected from server
21:37:12: Player "Malcriado" (steam64id="76561198376508831") connected to server
21:37:47: Player "ACC" (steam64id="76561198106291582") disconnected from server
21:40:17: Player "ChukenThe3rd" (steam64id="76561198134837847") connected to server
21:40:57: Player "Hacan121" (steam64id="76561198345012092") connected to server
21:41:02: Player "[HORDA] JHON WICK" (steam64id="76561198122075703") connected to server
21:42:07: Player "DanielSam" (steam64id="76561198867200764") disconnected from server
21:43:22: Player "Biel FxR" (steam64id="76561198050836260") disconnected from server
21:43:47: Player "Biel FxR" (steam64id="76561198050836260") connected to server
21:43:47: Player "DanielSam" (steam64id="76561198867200764") connected to server
21:44:02: Player "[HORDA]MacLovin" (steam64id="76561199068236803") disconnected from server
21:44:32: Player "[HORDA] zBieL" (steam64id="76561198001525812") disconnected from server
21:44:47: Player "ovelhovampee" (steam64id="76561198416771348") connected to server
21:44:52: Player "[HORDA]MacLovin" (steam64id="76561199068236803") connected to server
21:44:57: Player "Rodrigo Boca Br#4768" (steam64id="76561198856289994") connected to server
21:46:57: Player "KOREA" (steam64id="76561198253386609") connected to server
21:47:02: Player "StarkCG" (steam64id="76561198121484554") disconnected from server
21:47:07: Player "[EB] GordoEmers" (steam64id="76561198260617608") connected to server
21:47:37: Player "[EB] pedrobala" (steam64id="76561198046653521") connected to server
21:47:47: Player "C O R U J A" (steam64id="76561198819003355") connected to server
21:48:42: Player "CRD" (steam64id="76561199033852709") connected to server
21:49:12: Player "Malcriado" (steam64id="76561198376508831") disconnected from server
21:51:07: Player "DanielSam" (steam64id="76561198867200764") disconnected from server
21:51:12: Player "Landim" (steam64id="76561198167594302") disconnected from server
21:52:27: Player "Landim" (steam64id="76561198167594302") connected to server
21:52:27: Player "Paulo Guedes" (steam64id="76561198146050795") disconnected from server
21:52:47: Player "ovelhovampee" (steam64id="76561198416771348") disconnected from server
21:54:57: Player "DanielSam" (steam64id="76561198867200764") connected to server
22:02:23: Player "Kavaix" (steam64id="76561198370126935") connected to server
22:03:03: Player "Landim" (steam64id="76561198167594302") disconnected from server
22:03:58: Player "MERDS" (steam64id="76561198083121593") connected to server
22:06:38: Player "[HORDA]KAS" (steam64id="76561199202697738") disconnected from server
22:08:53: Player "RockWreckD" (steam64id="76561198104430983") connected to server
22:09:33: Player "[HORDA]MacLovin" (steam64id="76561199068236803") disconnected from server
22:10:03: Player "SpookyCitrus" (steam64id="76561198183841483") connected to server
22:12:58: Player "[HORDA]LUCASBR" (steam64id="76561198973828354") connected to server
22:13:08: Player "[DoG]Hurgete" (steam64id="76561198024549640") disconnected from server
22:15:53: Player "SpookyCitrus" (steam64id="76561198183841483") disconnected from server
22:20:33: Player "MagoDlaErva" (steam64id="76561198398883688") connected to server
22:20:38: Player "Josema420" (steam64id="76561198278742213") disconnected from server
22:21:43: Player "Josema420" (steam64id="76561198278742213") connected to server
22:23:53: Player "MagoDlaErva" (steam64id="76561198398883688") disconnected from server
22:26:43: Player "[HORDA]LUCASBR" (steam64id="76561198973828354") disconnected from server
22:26:58: Player "Xupyra" (steam64id="76561198258911731") connected to server
22:27:03: Player "[HORDA]LUCASBR" (steam64id="76561198973828354") connected to server
22:27:48: Player "TcheLoco" (steam64id="76561198099449370") disconnected from server
22:29:03: Player "KOREA" (steam64id="76561198253386609") disconnected from server
22:29:18: Player "ChukenThe3rd" (steam64id="76561198134837847") disconnected from server
22:32:33: Player "ChaCalGamer" (steam64id="76561198995613817") connected to server
22:35:38: Player "G A T O" (steam64id="76561199207813177") connected to server
22:38:08: Player "Luk" (steam64id="76561198102909224") disconnected from server
22:39:28: Player "[TLTBI] Lara Rider" (steam64id="76561198137141623") connected to server
22:39:33: Player "[HORDA] JHON WICK" (steam64id="76561198122075703") disconnected from server
22:39:58: Player "[HORDA]ThiagoPenna" (steam64id="76561198218822351") disconnected from server
22:41:08: Player "CARAJO" (steam64id="76561198081512167") connected to server
22:46:18: Player "[HORDA]LUCASBR" (steam64id="76561198973828354") disconnected from server
22:47:18: Player "ploodrinny" (steam64id="76561198312062387") disconnected from server
22:47:58: Player "Biel FxR" (steam64id="76561198050836260") disconnected from server
22:48:08: Player "Viniguitton" (steam64id="76561198070540405") connected to server
22:48:53: Player "Biel FxR" (steam64id="76561198050836260") connected to server
22:49:03: Player "David Jr" (steam64id="76561198962491605") connected to server
22:49:13: Player "Xupyra" (steam64id="76561198258911731") disconnected from server
22:50:13: Player "LotusZ" (steam64id="76561198088966257") disconnected from server
22:51:38: Player "[horda]marcelinho" (steam64id="76561198817477406") disconnected from server
22:52:43: Player "RockWreckD" (steam64id="76561198104430983") disconnected from server
22:53:18: Player "Duero" (steam64id="76561198259492425") connected to server
22:53:53: Player "Mosin" (steam64id="76561198280586776") connected to server
22:53:53: Player "Nagant" (steam64id="76561198060676505") connected to server
22:54:03: Player "ttuker" (steam64id="76561198971813376") connected to server
22:54:48: Player "Nadezhda" (steam64id="76561198153556929") connected to server
22:56:18: Player "[BSK] AlexDeatfield" (steam64id="76561198398091933") connected to server
22:56:53: Player "Nagant" (steam64id="76561198060676505") disconnected from server
22:57:18: Player "[YKZ] chron1c" (steam64id="76561198205585613") connected to server
22:57:28: Player "Bruno" (steam64id="76561198313593987") disconnected from server
22:57:28: Player "pandini00" (steam64id="76561198860231852") disconnected from server
22:57:53: Player "chikynico" (steam64id="76561198305914940") connected to server
22:58:48: Player "THE10" (steam64id="76561199050887587") connected to server
23:01:33: Player "Bigato" (steam64id="76561198192204303") connected to server
23:01:53: Player "Algalica" (steam64id="76561197990134789") connected to server
23:05:08: Player "PintoJunior" (steam64id="76561198057936781") connected to server
23:08:08: Player "[ONE}Rick" (steam64id="76561198868590548") connected to server
23:08:58: Player "[ONE}Rick" (steam64id="76561198868590548") disconnected from server
23:09:18: Player "Vini_300" (steam64id="76561198145785923") disconnected from server
23:10:08: Player "THE10" (steam64id="76561199050887587") disconnected from server
23:13:08: Player "Vini_300" (steam64id="76561198145785923") connected to server
23:14:58: Player "Mosin" (steam64id="76561198280586776") disconnected from server
23:16:08: Player "chikynico" (steam64id="76561198305914940") disconnected from server
23:16:33: Player "chikynico" (steam64id="76561198305914940") connected to server
23:17:43: Player "Mosin" (steam64id="76561198280586776") connected to server
23:18:43: Player "Survivrau" (steam64id="76561198057660141") connected to server
23:22:18: Player "G A T O" (steam64id="76561199207813177") disconnected from server
23:22:43: Player "G A T O" (steam64id="76561199207813177") connected to server
23:24:03: Player "Nagant" (steam64id="76561198060676505") connected to server
23:29:38: Player "DonWeas" (steam64id="76561198265551464") connected to server
23:30:53: Player "[YKZ] chron1c" (steam64id="76561198205585613") disconnected from server
23:31:33: Player "DonWeas" (steam64id="76561198265551464") disconnected from server
23:34:53: Player "StarkCG" (steam64id="76561198121484554") connected to server
23:35:53: Player "[YKZ] Felps" (steam64id="76561198892779186") connected to server
23:36:38: Player "Sergei" (steam64id="76561198023041890") connected to server
23:37:23: Player "[EB] pedrobala" (steam64id="76561198046653521") disconnected from server
23:39:58: Player "[EB] pedrobala" (steam64id="76561198046653521") connected to server
23:41:18: Player "[EB] GordoEmers" (steam64id="76561198260617608") disconnected from server
23:47:53: Player "Shaquito" (steam64id="76561198259573207") connected to server
23:48:58: Player "[L.B] LopesTa " (steam64id="76561198375254083") disconnected from server
23:49:03: Player "C O R U J A" (steam64id="76561198819003355") disconnected from server
23:49:48: Player "ChaCalGamer" (steam64id="76561198995613817") disconnected from server
23:53:53: Player "[YKZ]-Lobato" (steam64id="76561198158375860") connected to server
23:54:03: Player "Shaquito" (steam64id="76561198259573207") disconnected from server
23:56:48: Player "[L.B] Santorin" (steam64id="76561199069721527") disconnected from server
23:57:18: Player "Josema420" (steam64id="76561198278742213") disconnected from server
23:57:38: Player "Rodrigo Boca Br#4768" (steam64id="76561198856289994") disconnected from server
23:58:33: Player "StarkCG" (steam64id="76561198121484554") disconnected from server
23:58:33: Player "[EB] pedrobala" (steam64id="76561198046653521") disconnected from server
23:58:33: Player "Hacan121" (steam64id="76561198345012092") disconnected from server
23:58:33: Player "CARAJO" (steam64id="76561198081512167") disconnected from server
23:58:33: Player "Boneco " (steam64id="76561199225248971") disconnected from server
23:58:33: Player "Duero" (steam64id="76561198259492425") disconnected from server
23:58:33: Player "DanielSam" (steam64id="76561198867200764") disconnected from server
23:58:33: Player "ttuker" (steam64id="76561198971813376") disconnected from server
23:58:33: Player "Survivrau" (steam64id="76561198057660141") disconnected from server
23:58:33: Player "Nagant" (steam64id="76561198060676505") disconnected from server
23:58:33: Player "Accelerator [BR]" (steam64id="76561198156883270") disconnected from server
23:58:33: Player "PintoJunior" (steam64id="76561198057936781") disconnected from server
23:58:33: Player "G A T O" (steam64id="76561199207813177") disconnected from server
23:58:33: Player "[YKZ] Felps" (steam64id="76561198892779186") disconnected from server
23:58:33: Player "[TLTBI] Lara Rider" (steam64id="76561198137141623") disconnected from server
23:58:33: Player "MERDS" (steam64id="76561198083121593") disconnected from server
23:58:33: Player "[BSK] AlexDeatfield" (steam64id="76561198398091933") disconnected from server
23:58:33: Player "[YKZ]-Lobato" (steam64id="76561198158375860") disconnected from server
23:58:33: Player "Kavaix" (steam64id="76561198370126935") disconnected from server
23:58:33: Player "Biel FxR" (steam64id="76561198050836260") disconnected from server
23:58:33: Player "Nadezhda" (steam64id="76561198153556929") disconnected from server
23:58:33: Player "Mosin" (steam64id="76561198280586776") disconnected from server
23:58:33: Player "David Jr" (steam64id="76561198962491605") disconnected from server
23:58:33: Player "Bigato" (steam64id="76561198192204303") disconnected from server
23:58:33: Player "Algalica" (steam64id="76561197990134789") disconnected from server
23:58:33: Player "CRD" (steam64id="76561199033852709") disconnected from server
23:58:33: Player "[YKZ]-BlackBear" (steam64id="76561198343030820") disconnected from server
23:58:33: Player "Vini_300" (steam64id="76561198145785923") disconnected from server
23:58:33: Player "chikynico" (steam64id="76561198305914940") disconnected from server
23:58:33: Player "Sergei" (steam64id="76561198023041890") disconnected from server
23:58:33: Player "Viniguitton" (steam64id="76561198070540405") disconnected from server
