00:01:09: Player "ChukenThe3rd" (steam64id="76561198134837847") connected to server
00:01:09: Player "CharlinhoPsico" (steam64id="76561198366562144") connected to server
00:01:14: Player "[YKZ]-tappes" (steam64id="76561198990092287") connected to server
00:01:19: Player "Biel FxR" (steam64id="76561198050836260") connected to server
00:01:19: Player "Diorno" (steam64id="76561198142139495") connected to server
00:01:24: Player "Luskka" (steam64id="76561198126877019") connected to server
00:01:29: Player "MenoDuLins" (steam64id="76561198057614573") connected to server
00:02:04: Player "Betinho_maluco" (steam64id="76561198057627157") connected to server
00:04:39: Player "[RNG]Panico" (steam64id="76561199230965576") connected to server
00:05:34: Player "Betinho_maluco" (steam64id="76561198057627157") disconnected from server
00:06:24: Player "Betinho_maluco" (steam64id="76561198057627157") connected to server
00:07:24: Player "Diorno" (steam64id="76561198142139495") disconnected from server
00:09:09: Player "Diorno" (steam64id="76561198142139495") connected to server
00:15:49: Player "Biel FxR" (steam64id="76561198050836260") disconnected from server
00:27:09: Player "ChukenThe3rd" (steam64id="76561198134837847") disconnected from server
00:52:34: Player "Luskka" (steam64id="76561198126877019") disconnected from server
01:02:34: Player "[RNG]Panico" (steam64id="76561199230965576") disconnected from server
01:14:09: Player "[YKZ]-BlackBear" (steam64id="76561198343030820") connected to server
01:25:49: Player "Diorno" (steam64id="76561198142139495") disconnected from server
01:28:34: Player "Diorno" (steam64id="76561198142139495") connected to server
01:30:39: Player "DinizBr" (steam64id="76561198128517157") connected to server
01:46:44: Player "CharlinhoPsico" (steam64id="76561198366562144") disconnected from server
02:36:24: Player "DinizBr" (steam64id="76561198128517157") disconnected from server
02:37:14: Player "Seekerzao" (steam64id="76561198067793781") connected to server
02:44:29: Player "MenoDuLins" (steam64id="76561198057614573") disconnected from server
02:44:39: Player "Betinho_maluco" (steam64id="76561198057627157") disconnected from server
02:45:39: Player "Seekerzao" (steam64id="76561198067793781") disconnected from server
02:46:49: Player "Seekerzao" (steam64id="76561198067793781") connected to server
03:07:39: Player "[YKZ]-tappes" (steam64id="76561198990092287") disconnected from server
03:17:04: Player "Diorno" (steam64id="76561198142139495") disconnected from server
03:33:04: Player "[YKZ]-BlackBear" (steam64id="76561198343030820") disconnected from server
03:33:34: Player "ttuker" (steam64id="76561198971813376") connected to server
03:59:14: Player "ttuker" (steam64id="76561198971813376") disconnected from server
03:59:14: Player "Seekerzao" (steam64id="76561198067793781") disconnected from server
04:01:30: Player "ttuker" (steam64id="76561198971813376") connected to server
04:14:10: Player "ttuker" (steam64id="76561198971813376") disconnected from server
04:17:35: Player "Seekerzao" (steam64id="76561198067793781") connected to server
07:31:00: Player "Seekerzao" (steam64id="76561198067793781") disconnected from server
07:51:45: Player "Hacan121" (steam64id="76561198345012092") connected to server
07:59:15: Player "Hacan121" (steam64id="76561198345012092") disconnected from server
08:07:04: Player "Hacan121" (steam64id="76561198345012092") connected to server
08:53:14: Player "{KMG}fuzil" (steam64id="76561198965933878") connected to server
08:57:49: Player "MarcoLa" (steam64id="76561198352149308") connected to server
09:05:14: Player "Duerowww" (steam64id="76561198259492425") connected to server
09:12:14: Player "cassio" (steam64id="76561198369096351") connected to server
09:12:44: Player "Duerowww" (steam64id="76561198259492425") disconnected from server
09:26:24: Player "Hacan121" (steam64id="76561198345012092") disconnected from server
09:33:04: Player "cassio" (steam64id="76561198369096351") disconnected from server
09:36:34: Player "ttuker" (steam64id="76561198971813376") connected to server
09:47:34: Player "Duerowww" (steam64id="76561198259492425") connected to server
10:15:44: Player "MarcoLa" (steam64id="76561198352149308") disconnected from server
10:18:44: Player "DanielSam" (steam64id="76561198867200764") connected to server
10:30:49: Player "Hacan121" (steam64id="76561198345012092") connected to server
10:35:44: Player "ttuker" (steam64id="76561198971813376") disconnected from server
10:36:39: Player "Sagara" (steam64id="76561198057660620") connected to server
10:43:09: Player "Sagara" (steam64id="76561198057660620") disconnected from server
10:52:44: Player "G A T O" (steam64id="76561199207813177") connected to server
11:04:59: Player "G A T O" (steam64id="76561199207813177") disconnected from server
11:05:14: Player "[L.B]Hunter" (steam64id="76561199247778251") connected to server
11:05:34: Player "G A T O" (steam64id="76561199207813177") connected to server
11:12:39: Player "[L.B]Hunter" (steam64id="76561199247778251") disconnected from server
11:12:49: Player "[YKZ]-tappes" (steam64id="76561198990092287") connected to server
11:17:34: Player "[YKZ]-tappes" (steam64id="76561198990092287") disconnected from server
11:19:04: Player "[YKZ]-tappes" (steam64id="76561198990092287") connected to server
11:21:04: Player "[YKZ]-tappes" (steam64id="76561198990092287") disconnected from server
11:21:24: Player "[YKZ]-tappes" (steam64id="76561198990092287") connected to server
11:22:24: Player "[YKZ]-tappes" (steam64id="76561198990092287") disconnected from server
11:23:09: Player "[YKZ]-tappes" (steam64id="76561198990092287") connected to server
11:26:14: Player "Hacan121" (steam64id="76561198345012092") disconnected from server
11:30:24: Player "Rafa016" (steam64id="76561198058713416") connected to server
11:31:04: Player "Rafa016" (steam64id="76561198058713416") disconnected from server
11:37:34: Player "G A T O" (steam64id="76561199207813177") disconnected from server
11:38:14: Player "G A T O" (steam64id="76561199207813177") connected to server
11:40:24: Player "{KMG}fuzil" (steam64id="76561198965933878") disconnected from server
11:44:09: Player "PaLMaK" (steam64id="76561198018352843") connected to server
11:47:54: Player "POPLEPOP" (steam64id="76561198066489149") connected to server
11:50:34: Player "Betinho_maluco" (steam64id="76561198057627157") connected to server
11:52:24: Player "DanielSam" (steam64id="76561198867200764") disconnected from server
11:59:14: Player "G A T O" (steam64id="76561199207813177") disconnected from server
11:59:14: Player "POPLEPOP" (steam64id="76561198066489149") disconnected from server
11:59:14: Player "Duerowww" (steam64id="76561198259492425") disconnected from server
11:59:14: Player "[YKZ]-tappes" (steam64id="76561198990092287") disconnected from server
11:59:14: Player "Betinho_maluco" (steam64id="76561198057627157") disconnected from server
11:59:14: Player "PaLMaK" (steam64id="76561198018352843") disconnected from server
12:01:09: Player "[YKZ]-tappes" (steam64id="76561198990092287") connected to server
12:01:39: Player "G A T O" (steam64id="76561199207813177") connected to server
12:02:04: Player "Betinho_maluco" (steam64id="76561198057627157") connected to server
12:04:09: Player "PaLMaK" (steam64id="76561198018352843") connected to server
12:08:19: Player "{KMG}fuzil" (steam64id="76561198965933878") connected to server
12:14:59: Player "Hacan121" (steam64id="76561198345012092") connected to server
12:26:14: Player "[YKZ] pedrobala" (steam64id="76561198046653521") connected to server
12:26:14: Player "DanielSam" (steam64id="76561198867200764") connected to server
12:27:39: Player "[YKZ] pedrobala" (steam64id="76561198046653521") disconnected from server
12:33:49: Player "[HORDA]ThiagoPenna" (steam64id="76561198218822351") connected to server
12:34:54: Player "G A T O" (steam64id="76561199207813177") disconnected from server
12:42:49: Player "[L.B]TropaDoEnguisa" (steam64id="76561198211423224") connected to server
12:44:44: Player "G A T O" (steam64id="76561199207813177") connected to server
12:45:19: Player "[HORDA]ThiagoPenna" (steam64id="76561198218822351") disconnected from server
12:46:04: Player "Passo Largo" (steam64id="76561199203652654") connected to server
12:50:14: Player "[L.B] SeryD" (steam64id="76561198072791642") connected to server
12:50:44: Player "Betinho_maluco" (steam64id="76561198057627157") disconnected from server
12:52:44: Player "PaLMaK" (steam64id="76561198018352843") disconnected from server
12:54:04: Player "Betinho_maluco" (steam64id="76561198057627157") connected to server
12:56:19: Player "G A T O" (steam64id="76561199207813177") disconnected from server
13:00:34: Player "benja" (steam64id="76561198882824508") connected to server
13:03:14: Player "PaLMaK" (steam64id="76561198018352843") connected to server
13:04:49: Player "benja" (steam64id="76561198882824508") disconnected from server
13:08:09: Player "JohnKetamine Jr." (steam64id="76561198140605281") connected to server
13:08:24: Player "benja" (steam64id="76561198882824508") connected to server
13:10:44: Player "G A T O" (steam64id="76561199207813177") connected to server
13:11:29: Player "[HORDA]MacLovin" (steam64id="76561199068236803") connected to server
13:19:49: Player "Betinho_maluco" (steam64id="76561198057627157") disconnected from server
13:21:39: Player "ChukenThe3rd" (steam64id="76561198134837847") connected to server
13:24:34: Player "PaLMaK" (steam64id="76561198018352843") disconnected from server
13:37:34: Player "ChukenThe3rd" (steam64id="76561198134837847") disconnected from server
13:46:19: Player "[YKZ]-BlackBear" (steam64id="76561198343030820") connected to server
13:48:29: Player "[L.B] SeryD" (steam64id="76561198072791642") disconnected from server
13:51:49: Player "JohnKetamine Jr." (steam64id="76561198140605281") disconnected from server
13:51:59: Player "benja" (steam64id="76561198882824508") disconnected from server
13:54:49: Player "{KMG}fuzil" (steam64id="76561198965933878") disconnected from server
13:55:59: Player "BRUXO" (steam64id="76561198140728342") connected to server
13:57:34: Player "[ONE] JAPA" (steam64id="76561198161060673") connected to server
13:57:59: Player "PaLMaK" (steam64id="76561198018352843") connected to server
13:59:54: Player "[ONE] JAPA" (steam64id="76561198161060673") disconnected from server
14:02:14: Player "PaLMaK" (steam64id="76561198018352843") disconnected from server
14:12:09: Player "zZeLopes" (steam64id="76561198092232745") connected to server
14:12:54: Player "LeoGiant" (steam64id="76561198066225451") connected to server
14:14:04: Player "Domeneghi" (steam64id="76561198090270103") connected to server
14:15:24: Player "PaLMaK" (steam64id="76561198018352843") connected to server
14:16:24: Player "PaLMaK" (steam64id="76561198018352843") disconnected from server
14:18:49: Player "PaLMaK" (steam64id="76561198018352843") connected to server
14:19:39: Player "[RNG]Panico" (steam64id="76561199230965576") connected to server
14:26:59: Player "[L.B]TropaDoEnguisa" (steam64id="76561198211423224") disconnected from server
14:36:14: Player "Mixeuu" (steam64id="76561198074791586") connected to server
14:37:39: Player "[RNG]Panico" (steam64id="76561199230965576") disconnected from server
14:38:39: Player "Hacan121" (steam64id="76561198345012092") disconnected from server
14:38:44: Player "[YKZ]-BlackBear" (steam64id="76561198343030820") disconnected from server
14:38:44: Player "Passo Largo" (steam64id="76561199203652654") disconnected from server
14:38:49: Player "G A T O" (steam64id="76561199207813177") disconnected from server
14:38:49: Player "zZeLopes" (steam64id="76561198092232745") disconnected from server
14:38:49: Player "DanielSam" (steam64id="76561198867200764") disconnected from server
14:38:49: Player "[YKZ]-tappes" (steam64id="76561198990092287") disconnected from server
14:38:54: Player "PaLMaK" (steam64id="76561198018352843") disconnected from server
14:38:54: Player "Domeneghi" (steam64id="76561198090270103") disconnected from server
14:38:59: Player "Mixeuu" (steam64id="76561198074791586") disconnected from server
14:38:59: Player "[HORDA]MacLovin" (steam64id="76561199068236803") disconnected from server
14:39:04: Player "LeoGiant" (steam64id="76561198066225451") disconnected from server
14:39:04: Player "BRUXO" (steam64id="76561198140728342") disconnected from server
14:54:09: Player "Passo Largo" (steam64id="76561199203652654") connected to server
14:55:29: Player "[HORDA]MacLovin" (steam64id="76561199068236803") connected to server
14:58:44: Player "[HORDA]MacLovin" (steam64id="76561199068236803") disconnected from server
14:59:14: Player "Hacan121" (steam64id="76561198345012092") connected to server
14:59:14: Player "DanielSam" (steam64id="76561198867200764") connected to server
15:00:14: Player "[HORDA]MacLovin" (steam64id="76561199068236803") connected to server
15:00:24: Player "G A T O" (steam64id="76561199207813177") connected to server
15:01:49: Player "[YKZ]-BlackBear" (steam64id="76561198343030820") connected to server
15:04:59: Player "benja" (steam64id="76561198882824508") connected to server
15:05:14: Player "JohnKetamine Jr." (steam64id="76561198140605281") connected to server
15:06:04: Player "DanielSam" (steam64id="76561198867200764") disconnected from server
15:16:09: Player "Mixeuu" (steam64id="76561198074791586") connected to server
15:29:19: Player "[YKZ]-BlackBear" (steam64id="76561198343030820") disconnected from server
15:36:09: Player "BRUXO" (steam64id="76561198140728342") connected to server
15:37:04: Player "JohnKetamine Jr." (steam64id="76561198140605281") disconnected from server
15:37:49: Player "JohnKetamine Jr." (steam64id="76561198140605281") connected to server
15:38:09: Player "JohnKetamine Jr." (steam64id="76561198140605281") disconnected from server
15:39:14: Player "JohnKetamine Jr." (steam64id="76561198140605281") connected to server
15:42:34: Player "JohnKetamine Jr." (steam64id="76561198140605281") disconnected from server
15:46:04: Player "benja" (steam64id="76561198882824508") disconnected from server
15:48:09: Player "Hacan121" (steam64id="76561198345012092") disconnected from server
15:50:39: Player "cassio" (steam64id="76561198369096351") connected to server
15:59:14: Player "G A T O" (steam64id="76561199207813177") disconnected from server
15:59:14: Player "Passo Largo" (steam64id="76561199203652654") disconnected from server
15:59:14: Player "BRUXO" (steam64id="76561198140728342") disconnected from server
15:59:14: Player "cassio" (steam64id="76561198369096351") disconnected from server
15:59:14: Player "[HORDA]MacLovin" (steam64id="76561199068236803") disconnected from server
15:59:14: Player "Mixeuu" (steam64id="76561198074791586") disconnected from server
16:02:12: Player "[HORDA]MacLovin" (steam64id="76561199068236803") connected to server
16:03:37: Player "Fuyuki158" (steam64id="76561199150213040") connected to server
16:04:02: Player "Passo Largo" (steam64id="76561199203652654") connected to server
16:04:17: Player "cassio" (steam64id="76561198369096351") connected to server
16:04:32: Player "[ONE] JAPA" (steam64id="76561198161060673") connected to server
16:04:42: Player "G A T O" (steam64id="76561199207813177") connected to server
16:06:27: Player "Hacan121" (steam64id="76561198345012092") connected to server
16:16:27: Player "N E T O" (steam64id="76561199193971823") connected to server
16:17:42: Player "Seekerzao" (steam64id="76561198067793781") connected to server
16:33:02: Player "cassio" (steam64id="76561198369096351") disconnected from server
16:41:47: Player "[L.B] Santorin" (steam64id="76561199069721527") connected to server
16:45:12: Player "[ONE] JAPA" (steam64id="76561198161060673") disconnected from server
16:46:42: Player "CR" (steam64id="76561198248023454") connected to server
16:47:12: Player "Seekerzao" (steam64id="76561198067793781") disconnected from server
16:48:27: Player "Fuyuki158" (steam64id="76561199150213040") disconnected from server
16:59:02: Player "[HORDA]MacLovin" (steam64id="76561199068236803") disconnected from server
16:59:42: Player "[HORDA]MacLovin" (steam64id="76561199068236803") connected to server
17:09:27: Player "[YKZ]-tappes" (steam64id="76561198990092287") connected to server
17:15:12: Player "G A T O" (steam64id="76561199207813177") disconnected from server
17:16:27: Player "Hacan121" (steam64id="76561198345012092") disconnected from server
17:16:42: Player "N E T O" (steam64id="76561199193971823") disconnected from server
17:30:32: Player "DanielSam" (steam64id="76561198867200764") connected to server
17:32:12: Player "DanielSam" (steam64id="76561198867200764") disconnected from server
17:37:27: Player "[L.B]TropaDoEnguisa" (steam64id="76561198211423224") connected to server
17:38:52: Player "MercenarioK2" (steam64id="76561198928398072") connected to server
17:50:22: Player "Passo Largo" (steam64id="76561199203652654") disconnected from server
17:51:02: Player "(C.G)Manoelcsn" (steam64id="76561198156900367") connected to server
17:52:17: Player "[HORDA]MacLovin" (steam64id="76561199068236803") disconnected from server
17:55:42: Player "[YKZ]-tappes" (steam64id="76561198990092287") disconnected from server
17:56:47: Player "MercenarioK2" (steam64id="76561198928398072") disconnected from server
17:59:27: Player "(C.G)Manoelcsn" (steam64id="76561198156900367") disconnected from server
18:02:57: Player "[HORDA]ThiagoPenna" (steam64id="76561198218822351") connected to server
18:04:17: Player "Joker" (steam64id="76561198038326260") connected to server
18:04:37: Player "Eloy" (steam64id="76561197980095586") connected to server
18:05:32: Player "agricultor" (steam64id="76561199079329662") connected to server
18:07:23: Player "[ONE] JAPA" (steam64id="76561198161060673") connected to server
18:14:28: Player "TripaSeca" (steam64id="76561198093060507") connected to server
18:15:33: Player "TripaSeca" (steam64id="76561198093060507") disconnected from server
18:18:43: Player "[HORDA]KAS" (steam64id="76561199202697738") connected to server
18:20:23: Player "Duerowww" (steam64id="76561198259492425") connected to server
18:21:53: Player "Ranzol" (steam64id="76561198017576237") connected to server
18:23:08: Player "{KMG}fuzil" (steam64id="76561198965933878") connected to server
18:29:08: Player "ttuker" (steam64id="76561198971813376") connected to server
18:37:08: Player "[YKZ]-tappes" (steam64id="76561198990092287") connected to server
18:43:43: Player "Duerowww" (steam64id="76561198259492425") disconnected from server
18:44:08: Player "ttuker" (steam64id="76561198971813376") disconnected from server
18:45:08: Player "agricultor" (steam64id="76561199079329662") disconnected from server
18:45:38: Player "[HORDA]KAS" (steam64id="76561199202697738") disconnected from server
18:55:08: Player "CR" (steam64id="76561198248023454") disconnected from server
18:59:43: Player "[HORDA]MacLovin" (steam64id="76561199068236803") connected to server
19:00:38: Player "{KMG}fuzil" (steam64id="76561198965933878") disconnected from server
19:01:58: Player "[L.B]TropaDoEnguisa" (steam64id="76561198211423224") disconnected from server
19:05:03: Player "[ONE] JAPA" (steam64id="76561198161060673") disconnected from server
19:11:58: Player "Diorno" (steam64id="76561198142139495") connected to server
19:12:13: Player "Betinho_maluco" (steam64id="76561198057627157") connected to server
19:17:38: Player "Ranzol" (steam64id="76561198017576237") disconnected from server
19:18:58: Player "MercenarioK2" (steam64id="76561198928398072") connected to server
19:25:13: Player "[HORDA]KAS" (steam64id="76561199202697738") connected to server
19:27:13: Player "Sagara" (steam64id="76561198057660620") connected to server
19:27:23: Player "Hacan121" (steam64id="76561198345012092") connected to server
19:27:58: Player "[L.B]TropaDoEnguisa" (steam64id="76561198211423224") connected to server
19:30:03: Player "MercenarioK2" (steam64id="76561198928398072") disconnected from server
19:30:23: Player "Biel FxR" (steam64id="76561198050836260") connected to server
19:34:03: Player "G A T O" (steam64id="76561199207813177") connected to server
19:37:08: Player "Guijermo" (steam64id="76561198080701997") connected to server
19:40:33: Player "[HORDA] JHON WICK" (steam64id="76561198122075703") connected to server
19:41:23: Player "[HORDA] zBieL" (steam64id="76561198001525812") connected to server
19:47:53: Player "[L.B]TropaDoEnguisa" (steam64id="76561198211423224") disconnected from server
19:51:18: Player "[YKZ] chron1c" (steam64id="76561198205585613") connected to server
19:53:13: Player "Lucawkz" (steam64id="76561198063957890") connected to server
19:54:03: Player "[L.B] ploodrinny" (steam64id="76561198312062387") connected to server
19:58:03: Player "[ONE] KARABULJHAN" (steam64id="76561198100527842") connected to server
19:59:13: Player "Biel FxR" (steam64id="76561198050836260") disconnected from server
19:59:13: Player "Lucawkz" (steam64id="76561198063957890") disconnected from server
19:59:13: Player "Hacan121" (steam64id="76561198345012092") disconnected from server
19:59:13: Player "Eloy" (steam64id="76561197980095586") disconnected from server
19:59:13: Player "Betinho_maluco" (steam64id="76561198057627157") disconnected from server
19:59:13: Player "Diorno" (steam64id="76561198142139495") disconnected from server
19:59:13: Player "Guijermo" (steam64id="76561198080701997") disconnected from server
19:59:13: Player "Joker" (steam64id="76561198038326260") disconnected from server
19:59:13: Player "[HORDA]MacLovin" (steam64id="76561199068236803") disconnected from server
19:59:13: Player "[HORDA]KAS" (steam64id="76561199202697738") disconnected from server
19:59:13: Player "[HORDA] zBieL" (steam64id="76561198001525812") disconnected from server
19:59:13: Player "[ONE] KARABULJHAN" (steam64id="76561198100527842") disconnected from server
19:59:13: Player "G A T O" (steam64id="76561199207813177") disconnected from server
19:59:13: Player "[L.B] Santorin" (steam64id="76561199069721527") disconnected from server
19:59:13: Player "[L.B] ploodrinny" (steam64id="76561198312062387") disconnected from server
19:59:13: Player "[HORDA]ThiagoPenna" (steam64id="76561198218822351") disconnected from server
19:59:13: Player "[YKZ]-tappes" (steam64id="76561198990092287") disconnected from server
19:59:13: Player "[HORDA] JHON WICK" (steam64id="76561198122075703") disconnected from server
19:59:13: Player "[YKZ] chron1c" (steam64id="76561198205585613") disconnected from server
19:59:13: Player "Sagara" (steam64id="76561198057660620") disconnected from server
20:01:11: Player "G A T O" (steam64id="76561199207813177") connected to server
20:01:11: Player "[YKZ]-tappes" (steam64id="76561198990092287") connected to server
20:01:11: Player "Diorno" (steam64id="76561198142139495") connected to server
20:01:11: Player "Hacan121" (steam64id="76561198345012092") connected to server
20:01:11: Player "Lucawkz" (steam64id="76561198063957890") connected to server
20:01:11: Player "Biel FxR" (steam64id="76561198050836260") connected to server
20:01:11: Player "[YKZ] chron1c" (steam64id="76561198205585613") connected to server
20:01:16: Player "Eloy" (steam64id="76561197980095586") connected to server
20:01:41: Player "GabrielLobato" (steam64id="76561198158375860") connected to server
20:01:46: Player "[HORDA]MacLovin" (steam64id="76561199068236803") connected to server
20:02:16: Player "Betinho_maluco" (steam64id="76561198057627157") connected to server
20:02:26: Player "Joker" (steam64id="76561198038326260") connected to server
20:02:26: Player "[HORDA] zBieL" (steam64id="76561198001525812") connected to server
20:02:36: Player "[L.B] Santorin" (steam64id="76561199069721527") connected to server
20:02:46: Player "[HORDA] JHON WICK" (steam64id="76561198122075703") connected to server
20:03:01: Player "CharlinhoPsico" (steam64id="76561198366562144") connected to server
20:03:11: Player "[ONE] KARABULJHAN" (steam64id="76561198100527842") connected to server
20:03:31: Player "[L.B] ploodrinny" (steam64id="76561198312062387") connected to server
20:04:01: Player "[HORDA]ThiagoPenna" (steam64id="76561198218822351") connected to server
20:04:16: Player "Guijermo" (steam64id="76561198080701997") connected to server
20:04:41: Player "[ONE] JAPA" (steam64id="76561198161060673") connected to server
20:06:41: Player "[HORDA]KAS" (steam64id="76561199202697738") connected to server
20:06:46: Player "TripaSeca" (steam64id="76561198093060507") connected to server
20:07:26: Player "jhean" (steam64id="76561198819003355") connected to server
20:07:31: Player "Eloy" (steam64id="76561197980095586") disconnected from server
20:07:36: Player "Joker" (steam64id="76561198038326260") disconnected from server
20:07:41: Player "Sagara" (steam64id="76561198057660620") connected to server
20:09:16: Player "DanielSam" (steam64id="76561198867200764") connected to server
20:11:41: Player "SuperNoia" (steam64id="76561198132169694") connected to server
20:11:56: Player "Betinho_maluco" (steam64id="76561198057627157") disconnected from server
20:12:31: Player "[L.B] SeryD" (steam64id="76561198072791642") connected to server
20:12:31: Player "Betinho_maluco" (steam64id="76561198057627157") connected to server
20:19:26: Player "ChukenThe3rd" (steam64id="76561198134837847") connected to server
20:19:56: Player "Lucawkz" (steam64id="76561198063957890") disconnected from server
20:20:06: Player "[YKZ] Felps" (steam64id="76561198892779186") connected to server
20:20:16: Player "bLisH" (steam64id="76561198970690760") connected to server
20:20:21: Player "KISS" (steam64id="76561199032621365") connected to server
20:23:16: Player "KOREA" (steam64id="76561198253386609") connected to server
20:23:56: Player "GabrielLobato" (steam64id="76561198158375860") disconnected from server
20:24:41: Player "Gabriel" (steam64id="76561198067216057") connected to server
20:26:36: Player "Kenny" (steam64id="76561198044562814") connected to server
20:29:11: Player "TripaSeca" (steam64id="76561198093060507") disconnected from server
20:31:16: Player "CharlinhoPsico" (steam64id="76561198366562144") disconnected from server
20:31:51: Player "[L.B]TropaDoEnguisa" (steam64id="76561198211423224") connected to server
20:31:51: Player "Sagara" (steam64id="76561198057660620") disconnected from server
20:32:11: Player "Guijermo" (steam64id="76561198080701997") disconnected from server
20:32:36: Player "Guijermo" (steam64id="76561198080701997") connected to server
20:32:56: Player "xSpeck" (steam64id="76561198071508012") connected to server
20:33:01: Player "Mr. Crowley" (steam64id="76561198941790818") connected to server
20:33:06: Player "duende" (steam64id="76561199006916563") connected to server
20:33:31: Player "TripaSeca" (steam64id="76561198093060507") connected to server
20:34:51: Player "[HORDA]KAS" (steam64id="76561199202697738") disconnected from server
20:34:56: Player "|PiT| Geraldin" (steam64id="76561199047783095") connected to server
20:35:11: Player "Blurih" (steam64id="76561198361856287") connected to server
20:36:16: Player "ttv/p3sad3lo__" (steam64id="76561198277384503") connected to server
20:37:06: Player "{ KMG } - Elguapo" (steam64id="76561198363655296") connected to server
20:38:56: Player "[L.B]TropaDoEnguisa" (steam64id="76561198211423224") disconnected from server
20:39:26: Player "[ONE] XxibahH" (steam64id="76561198165228070") connected to server
20:40:16: Player "[L.B]TropaDoEnguisa" (steam64id="76561198211423224") connected to server
20:40:46: Player "{ KMG } - Elguapo" (steam64id="76561198363655296") disconnected from server
20:42:06: Player "Blurih" (steam64id="76561198361856287") disconnected from server
20:44:31: Player "Biel FxR" (steam64id="76561198050836260") disconnected from server
20:47:31: Player "Guijermo" (steam64id="76561198080701997") disconnected from server
20:49:01: Player "[HORDA]KAS" (steam64id="76561199202697738") connected to server
20:52:16: Player "Biel FxR" (steam64id="76561198050836260") connected to server
20:52:21: Player "Gabriel" (steam64id="76561198067216057") disconnected from server
20:56:21: Player "Petes1552" (steam64id="76561198309024480") connected to server
20:58:36: Player "Kenworths" (steam64id="76561198356284541") connected to server
20:58:41: Player "[HORDA]MacLovin" (steam64id="76561199068236803") disconnected from server
20:58:46: Player "{ KMG } - Elguapo" (steam64id="76561198363655296") connected to server
20:59:16: Player "{KMG}fuzil" (steam64id="76561198965933878") connected to server
20:59:36: Player "{KMG}-Rockeiro" (steam64id="76561198928581570") connected to server
20:59:36: Player "[HORDA]MacLovin" (steam64id="76561199068236803") connected to server
21:04:06: Player "KOREA" (steam64id="76561198253386609") disconnected from server
21:04:31: Player "KOREA" (steam64id="76561198253386609") connected to server
21:04:56: Player "duende" (steam64id="76561199006916563") disconnected from server
21:05:11: Player "Blurih" (steam64id="76561198361856287") connected to server
21:05:26: Player "PintoJunior" (steam64id="76561198057936781") connected to server
21:05:31: Player "ChukenThe3rd" (steam64id="76561198134837847") disconnected from server
21:06:01: Player "ChukenThe3rd" (steam64id="76561198134837847") connected to server
21:09:41: Player "SuperNoia" (steam64id="76561198132169694") disconnected from server
21:09:56: Player "duende" (steam64id="76561199006916563") connected to server
21:13:36: Player "ttv/p3sad3lo__" (steam64id="76561198277384503") disconnected from server
21:14:06: Player "Passo Largo" (steam64id="76561198057660141") connected to server
21:18:31: Player "DanielSam" (steam64id="76561198867200764") disconnected from server
21:19:21: Player "paulin" (steam64id="76561199216132269") connected to server
21:21:51: Player "[L.B]TropaDoEnguisa" (steam64id="76561198211423224") disconnected from server
21:22:11: Player "[YKZ] Emissarius" (steam64id="76561198271087379") connected to server
21:23:36: Player "Blurih" (steam64id="76561198361856287") disconnected from server
21:23:56: Player "[ONE}Rick" (steam64id="76561198868590548") connected to server
21:25:06: Player "bLisH" (steam64id="76561198970690760") disconnected from server
21:26:31: Player "[L.B] LopesTa " (steam64id="76561198375254083") connected to server
21:26:46: Player "[HORDA]ThiagoPenna" (steam64id="76561198218822351") disconnected from server
21:29:06: Player "KISS" (steam64id="76561199032621365") disconnected from server
21:31:51: Player "TcheLoco" (steam64id="76561198099449370") connected to server
21:32:06: Player "PintoJunior" (steam64id="76561198057936781") disconnected from server
21:33:46: Player "Sagara" (steam64id="76561198057660620") connected to server
21:34:11: Player "[YKZ]-BlackBear" (steam64id="76561198343030820") connected to server
21:38:47: Player "[YKZ] Emissarius" (steam64id="76561198271087379") disconnected from server
21:39:02: Player "[L.B]Hunter" (steam64id="76561199247778251") connected to server
21:47:22: Player "[L.B]Hunter" (steam64id="76561199247778251") disconnected from server
21:47:47: Player "cold" (steam64id="76561198016821619") connected to server
21:48:17: Player "|PiT| Geraldin" (steam64id="76561199047783095") disconnected from server
21:48:42: Player "[YKZ] Notsniw" (steam64id="76561197967151252") connected to server
21:48:42: Player "[HORDA] JHON WICK" (steam64id="76561198122075703") disconnected from server
21:49:07: Player "[HORDA]ThiagoPenna" (steam64id="76561198218822351") connected to server
21:54:07: Player "[L.B] Santorin" (steam64id="76561199069721527") disconnected from server
21:54:37: Player "[ONE] KING" (steam64id="76561199153781943") connected to server
21:55:02: Player "[ONE] XxibahH" (steam64id="76561198165228070") disconnected from server
21:55:02: Player "KOREA" (steam64id="76561198253386609") disconnected from server
21:55:37: Player "-ES-Ricksson" (steam64id="76561198100931853") connected to server
21:55:52: Player "Azex" (steam64id="76561198135960251") connected to server
22:00:32: Player "{KMG}-Rockeiro" (steam64id="76561198928581570") disconnected from server
22:00:57: Player "Mr. Crowley" (steam64id="76561198941790818") disconnected from server
22:01:02: Player "Morri" (steam64id="76561199153690922") connected to server
22:01:17: Player "negrin" (steam64id="76561198254874557") connected to server
22:03:52: Player "[YKZ]-tappes" (steam64id="76561198990092287") disconnected from server
22:04:12: Player "AFRONTA" (steam64id="76561198963178315") connected to server
22:04:32: Player "[YKZ] Felps" (steam64id="76561198892779186") disconnected from server
22:04:52: Player "[ONE] XxibahH" (steam64id="76561198165228070") connected to server
22:08:27: Player "xSpeck" (steam64id="76561198071508012") disconnected from server
22:09:07: Player "[L.B] SeryD" (steam64id="76561198072791642") disconnected from server
22:09:22: Player "KOREA" (steam64id="76561198253386609") connected to server
22:09:22: Player "[ONE] XxibahH" (steam64id="76561198165228070") disconnected from server
22:09:27: Player "[L.B] ploodrinny" (steam64id="76561198312062387") disconnected from server
22:09:32: Player "[YKZ] chron1c" (steam64id="76561198205585613") disconnected from server
22:09:32: Player "Kenworths" (steam64id="76561198356284541") disconnected from server
22:09:32: Player "paulin" (steam64id="76561199216132269") disconnected from server
22:09:37: Player "duende" (steam64id="76561199006916563") disconnected from server
22:09:37: Player "Azex" (steam64id="76561198135960251") disconnected from server
22:09:37: Player "Kenny" (steam64id="76561198044562814") disconnected from server
22:09:37: Player "[HORDA] zBieL" (steam64id="76561198001525812") disconnected from server
22:09:37: Player "ChukenThe3rd" (steam64id="76561198134837847") disconnected from server
22:09:37: Player "[HORDA]ThiagoPenna" (steam64id="76561198218822351") disconnected from server
22:09:37: Player "Passo Largo" (steam64id="76561198057660141") disconnected from server
22:09:42: Player "TripaSeca" (steam64id="76561198093060507") disconnected from server
22:09:42: Player "Hacan121" (steam64id="76561198345012092") disconnected from server
22:09:42: Player "Betinho_maluco" (steam64id="76561198057627157") disconnected from server
22:09:42: Player "jhean" (steam64id="76561198819003355") disconnected from server
22:09:42: Player "[YKZ] Notsniw" (steam64id="76561197967151252") disconnected from server
22:09:47: Player "G A T O" (steam64id="76561199207813177") disconnected from server
22:09:47: Player "Sagara" (steam64id="76561198057660620") disconnected from server
22:09:47: Player "{KMG}fuzil" (steam64id="76561198965933878") disconnected from server
22:09:47: Player "Morri" (steam64id="76561199153690922") disconnected from server
22:09:47: Player "cold" (steam64id="76561198016821619") disconnected from server
22:09:47: Player "[HORDA]MacLovin" (steam64id="76561199068236803") disconnected from server
22:09:52: Player "Diorno" (steam64id="76561198142139495") disconnected from server
22:09:52: Player "{ KMG } - Elguapo" (steam64id="76561198363655296") disconnected from server
22:09:52: Player "negrin" (steam64id="76561198254874557") disconnected from server
22:09:52: Player "Biel FxR" (steam64id="76561198050836260") disconnected from server
22:09:52: Player "[ONE] KARABULJHAN" (steam64id="76561198100527842") disconnected from server
22:09:52: Player "[L.B] LopesTa " (steam64id="76561198375254083") disconnected from server
22:09:52: Player "KOREA" (steam64id="76561198253386609") disconnected from server
22:09:57: Player "[ONE] JAPA" (steam64id="76561198161060673") disconnected from server
22:09:57: Player "[HORDA]KAS" (steam64id="76561199202697738") disconnected from server
22:09:57: Player "-ES-Ricksson" (steam64id="76561198100931853") disconnected from server
22:10:02: Player "[ONE}Rick" (steam64id="76561198868590548") disconnected from server
22:10:02: Player "[ONE] KING" (steam64id="76561199153781943") disconnected from server
22:10:02: Player "Petes1552" (steam64id="76561198309024480") disconnected from server
22:10:02: Player "[YKZ]-BlackBear" (steam64id="76561198343030820") disconnected from server
22:10:22: Player "AFRONTA" (steam64id="76561198963178315") disconnected from server
22:10:42: Player "TcheLoco" (steam64id="76561198099449370") disconnected from server
22:29:20: Player "Passo Largo" (steam64id="76561198057660141") connected to server
22:29:20: Player "G A T O" (steam64id="76561199207813177") connected to server
22:29:30: Player "SniperX" (steam64id="76561199206798095") connected to server
22:29:40: Player "TcheLoco" (steam64id="76561198099449370") connected to server
22:29:45: Player "Biel FxR" (steam64id="76561198050836260") connected to server
22:30:00: Player "KURIRIM com FLORESTA" (steam64id="76561198862387312") connected to server
22:30:20: Player "Hacan121" (steam64id="76561198345012092") connected to server
22:31:00: Player "ttuker" (steam64id="76561198971813376") connected to server
22:31:45: Player "zin" (steam64id="76561198089542028") connected to server
22:32:20: Player "[HORDA]MacLovin" (steam64id="76561199068236803") connected to server
22:32:45: Player "Duerowww" (steam64id="76561198259492425") connected to server
22:32:50: Player "negrin" (steam64id="76561198254874557") connected to server
22:33:05: Player "cold" (steam64id="76561198016821619") connected to server
22:33:40: Player "[L.B] SeryD" (steam64id="76561198072791642") connected to server
22:34:00: Player "TripaSeca" (steam64id="76561198093060507") connected to server
22:35:25: Player "[L.B] LopesTa " (steam64id="76561198375254083") connected to server
22:36:15: Player "Azex" (steam64id="76561198135960251") connected to server
22:38:25: Player "[YKZ] Notsniw" (steam64id="76561197967151252") connected to server
22:39:05: Player "GabrielLobato" (steam64id="76561198158375860") connected to server
22:40:30: Player "BRUXO" (steam64id="76561198140728342") connected to server
22:42:45: Player "PintoJunior" (steam64id="76561198057936781") connected to server
22:44:30: Player "TcheLoco" (steam64id="76561198099449370") disconnected from server
22:46:25: Player "[ONE] JAPA" (steam64id="76561198161060673") connected to server
22:47:00: Player "[L.B] SeryD" (steam64id="76561198072791642") disconnected from server
22:48:55: Player "[HORDA]ThiagoPenna" (steam64id="76561198218822351") connected to server
22:50:10: Player "[HORDA] JHON WICK" (steam64id="76561198122075703") connected to server
22:55:55: Player "[HORDA]MacLovin" (steam64id="76561199068236803") disconnected from server
22:57:05: Player "[ONE] JAPA" (steam64id="76561198161060673") disconnected from server
22:57:45: Player "[YKZ]-BlackBear" (steam64id="76561198343030820") connected to server
22:57:50: Player "fiat marea 2.0" (steam64id="76561199168660906") connected to server
23:00:50: Player "Biel FxR" (steam64id="76561198050836260") disconnected from server
23:02:45: Player "Passo Largo" (steam64id="76561198057660141") disconnected from server
23:05:05: Player "ttuker" (steam64id="76561198971813376") disconnected from server
23:06:10: Player "Duerowww" (steam64id="76561198259492425") disconnected from server
23:09:25: Player "[L.B] LopesTa " (steam64id="76561198375254083") disconnected from server
23:10:45: Player "[L.B] SeryD" (steam64id="76561198072791642") connected to server
23:13:25: Player "ttuker" (steam64id="76561198971813376") connected to server
23:13:45: Player "GLORIA GROOVE" (steam64id="76561199199911358") connected to server
23:13:50: Player "Duerowww" (steam64id="76561198259492425") connected to server
23:15:15: Player "GLORIA GROOVE" (steam64id="76561199199911358") disconnected from server
23:15:20: Player "SniperX" (steam64id="76561199206798095") disconnected from server
23:17:10: Player "GLORIA GROOVE" (steam64id="76561198836991038") connected to server
23:20:55: Player "[L.B] SeryD" (steam64id="76561198072791642") disconnected from server
23:27:40: Player "Duerowww" (steam64id="76561198259492425") disconnected from server
23:28:20: Player "[L.B] SeryD" (steam64id="76561198072791642") connected to server
23:29:20: Player "Duerowww" (steam64id="76561198259492425") connected to server
23:31:10: Player "[L.B] SeryD" (steam64id="76561198072791642") disconnected from server
23:33:20: Player "PintoJunior" (steam64id="76561198057936781") disconnected from server
23:33:50: Player "[ONE] KARABULJHAN" (steam64id="76561198100527842") connected to server
23:36:10: Player "[ONE] JAPA" (steam64id="76561198161060673") connected to server
23:36:50: Player "[L.B] SeryD" (steam64id="76561198072791642") connected to server
23:39:20: Player "Juli" (steam64id="76561198276003418") connected to server
23:42:50: Player "ChukenThe3rd" (steam64id="76561198134837847") connected to server
23:42:50: Player "Kenny" (steam64id="76561198044562814") connected to server
23:44:40: Player "ttuker" (steam64id="76561198971813376") disconnected from server
23:46:20: Player "[L.B] SeryD" (steam64id="76561198072791642") disconnected from server
23:48:50: Player "BRUXO" (steam64id="76561198140728342") disconnected from server
23:53:50: Player "Azex" (steam64id="76561198135960251") disconnected from server
23:56:40: Player "negrin" (steam64id="76561198254874557") disconnected from server
23:56:50: Player "cold" (steam64id="76561198016821619") disconnected from server
23:58:45: Player "[ONE] JAPA" (steam64id="76561198161060673") disconnected from server
23:58:45: Player "Juli" (steam64id="76561198276003418") disconnected from server
23:58:45: Player "TripaSeca" (steam64id="76561198093060507") disconnected from server
23:58:45: Player "Hacan121" (steam64id="76561198345012092") disconnected from server
23:58:45: Player "ChukenThe3rd" (steam64id="76561198134837847") disconnected from server
23:58:45: Player "[YKZ] Notsniw" (steam64id="76561197967151252") disconnected from server
23:58:45: Player "fiat marea 2.0" (steam64id="76561199168660906") disconnected from server
23:58:45: Player "Duerowww" (steam64id="76561198259492425") disconnected from server
23:58:45: Player "Kenny" (steam64id="76561198044562814") disconnected from server
23:58:45: Player "[YKZ]-BlackBear" (steam64id="76561198343030820") disconnected from server
23:58:45: Player "[ONE] KARABULJHAN" (steam64id="76561198100527842") disconnected from server
23:58:45: Player "G A T O" (steam64id="76561199207813177") disconnected from server
23:58:45: Player "[HORDA]ThiagoPenna" (steam64id="76561198218822351") disconnected from server
23:58:45: Player "[HORDA] JHON WICK" (steam64id="76561198122075703") disconnected from server
23:58:45: Player "KURIRIM com FLORESTA" (steam64id="76561198862387312") disconnected from server
23:58:45: Player "GLORIA GROOVE" (steam64id="76561198836991038") disconnected from server
23:58:45: Player "zin" (steam64id="76561198089542028") disconnected from server
23:58:45: Player "GabrielLobato" (steam64id="76561198158375860") disconnected from server
