00:00:52: Player "=G3=L.REIS" (steam64id="76561197965313777") connected to server
00:00:57: Player "Rayning" (steam64id="76561198382100426") connected to server
00:00:57: Player "=G3= wellbert" (steam64id="76561198914685824") connected to server
00:00:57: Player "[YKZ]-Notsniw" (steam64id="76561197967151252") connected to server
00:00:57: Player "Troollzera" (steam64id="76561198841599033") connected to server
00:00:57: Player "Fritas" (steam64id="76561198148172018") connected to server
00:00:57: Player "o velho peludo" (steam64id="76561197987642420") connected to server
00:00:57: Player "DangersPlay" (steam64id="76561198037868353") connected to server
00:01:02: Player "G A T O" (steam64id="76561199207813177") connected to server
00:01:07: Player "AiPolly" (steam64id="76561198072574279") connected to server
00:01:12: Player "ZenKaioh" (steam64id="76561198152445194") connected to server
00:01:12: Player "TripaSeca" (steam64id="76561198093060507") connected to server
00:01:12: Player "Nakawalker" (steam64id="76561198067431239") connected to server
00:01:12: Player "Hacan121" (steam64id="76561198345012092") connected to server
00:01:12: Player "Mozzart" (steam64id="76561198122962290") connected to server
00:01:17: Player "=G3= Chupo no sigilo " (steam64id="76561199037080751") connected to server
00:01:17: Player "DanielSam" (steam64id="76561198867200764") connected to server
00:01:22: Player "ragito" (steam64id="76561198143718624") connected to server
00:01:22: Player "Passo Largo" (steam64id="76561199203652654") connected to server
00:01:32: Player "[YKZ]-BlackBear" (steam64id="76561198343030820") connected to server
00:01:42: Player "Biel FxR" (steam64id="76561198050836260") connected to server
00:01:52: Player "Seekerzao" (steam64id="76561198067793781") connected to server
00:02:02: Player "Emissarius" (steam64id="76561198271087379") connected to server
00:02:07: Player "lobinhooou" (steam64id="76561198308387139") connected to server
00:02:22: Player "[MOD] OZIEL" (steam64id="76561199063596086") connected to server
00:02:22: Player "Milano" (steam64id="76561198027078553") connected to server
00:02:27: Player "[L.B] LopesTa " (steam64id="76561198375254083") connected to server
00:02:37: Player "Charada" (steam64id="76561198034769290") connected to server
00:02:47: Player "[YKZ]-Notsniw" (steam64id="76561197967151252") disconnected from server
00:03:02: Player "[YKZ]-Notsniw" (steam64id="76561197967151252") connected to server
00:05:12: Player "paulin" (steam64id="76561199216132269") connected to server
00:05:12: Player "DiegoRock24" (steam64id="76561198196463397") connected to server
00:06:17: Player "rogersdutra01" (steam64id="76561197975156269") connected to server
00:07:22: Player "paulin" (steam64id="76561199216132269") disconnected from server
00:07:57: Player "KOREA" (steam64id="76561198253386609") connected to server
00:09:12: Player "Alexidot" (steam64id="76561198161940404") connected to server
00:10:52: Player "Longa" (steam64id="76561198026865346") connected to server
00:12:28: Player "Nakawalker" (steam64id="76561198067431239") disconnected from server
00:17:03: Player "rogersdutra01" (steam64id="76561197975156269") disconnected from server
00:17:18: Player "KOREA" (steam64id="76561198253386609") disconnected from server
00:18:53: Player "lobinhooou" (steam64id="76561198308387139") disconnected from server
00:20:13: Player "rogersdutra01" (steam64id="76561197975156269") connected to server
00:20:23: Player "matt_juncos" (steam64id="76561199024765683") connected to server
00:21:13: Player "CesarArg" (steam64id="76561198148830348") connected to server
00:25:38: Player "Passo Largo" (steam64id="76561199203652654") disconnected from server
00:26:28: Player "[L.B] LopesTa " (steam64id="76561198375254083") disconnected from server
00:27:03: Player "[L.B] LopesTa " (steam64id="76561198375254083") connected to server
00:29:38: Player "[MOD] OZIEL" (steam64id="76561199063596086") disconnected from server
00:30:58: Player "Dylan" (steam64id="76561198076752035") connected to server
00:32:48: Player "tlmnn" (steam64id="76561199054785069") connected to server
00:36:38: Player "Rodrigo Boca Br#4768" (steam64id="76561198856289994") connected to server
00:39:28: Player "rogersdutra01" (steam64id="76561197975156269") disconnected from server
00:40:13: Player "DangersPlay" (steam64id="76561198037868353") disconnected from server
00:40:33: Player "Fritas" (steam64id="76561198148172018") disconnected from server
00:41:53: Player "Charada" (steam64id="76561198034769290") disconnected from server
00:44:48: Player "Charada" (steam64id="76561198034769290") connected to server
00:44:48: Player "ragito" (steam64id="76561198143718624") disconnected from server
00:47:13: Player "ragito" (steam64id="76561198143718624") connected to server
00:47:23: Player "ZenKaioh" (steam64id="76561198152445194") disconnected from server
00:48:58: Player "Rayning" (steam64id="76561198382100426") disconnected from server
00:49:23: Player "Rayning" (steam64id="76561198382100426") connected to server
00:51:23: Player "bugmann" (steam64id="76561199119992503") connected to server
00:53:38: Player "Troollzera" (steam64id="76561198841599033") disconnected from server
00:53:58: Player "matt_juncos" (steam64id="76561199024765683") disconnected from server
00:54:28: Player "Troollzera" (steam64id="76561198841599033") connected to server
00:54:48: Player "Troollzera" (steam64id="76561198841599033") disconnected from server
00:56:08: Player "Vinycin" (steam64id="76561198989132464") connected to server
01:00:03: Player "DiegoRock24" (steam64id="76561198196463397") disconnected from server
01:03:18: Player "[L.B] LopesTa " (steam64id="76561198375254083") disconnected from server
01:04:08: Player "[TEC] Gui" (steam64id="76561198306757012") connected to server
01:11:38: Player "[TEC] Gui" (steam64id="76561198306757012") disconnected from server
01:15:03: Player "[YKZ]-Notsniw" (steam64id="76561197967151252") disconnected from server
01:15:18: Player "Emissarius" (steam64id="76561198271087379") disconnected from server
01:15:58: Player "[YKZ]-BlackBear" (steam64id="76561198343030820") disconnected from server
01:29:48: Player "Dylan" (steam64id="76561198076752035") disconnected from server
01:31:58: Player "tlmnn" (steam64id="76561199054785069") disconnected from server
01:32:03: Player "Dylan" (steam64id="76561198076752035") connected to server
01:34:08: Player "Kaiser" (steam64id="76561198442199485") connected to server
01:34:38: Player "DanielSam" (steam64id="76561198867200764") disconnected from server
01:39:48: Player "o velho peludo" (steam64id="76561197987642420") disconnected from server
01:40:18: Player "CesarArg" (steam64id="76561198148830348") disconnected from server
01:41:08: Player "bugmann" (steam64id="76561199119992503") disconnected from server
01:41:38: Player "Rodrigo Boca Br#4768" (steam64id="76561198856289994") disconnected from server
01:44:23: Player "Indio Otaku" (steam64id="76561198843547059") connected to server
01:46:08: Player "G A T O" (steam64id="76561199207813177") disconnected from server
01:51:48: Player "Rodrigo Boca Br#4768" (steam64id="76561198856289994") connected to server
01:52:48: Player "=G3= wellbert" (steam64id="76561198914685824") disconnected from server
01:55:58: Player "Vinycin" (steam64id="76561198989132464") disconnected from server
02:03:08: Player "=G3=L.REIS" (steam64id="76561197965313777") disconnected from server
02:04:38: Player "DIEGOO" (steam64id="76561199080750020") connected to server
02:09:08: Player "GTO" (steam64id="76561198867074592") connected to server
02:10:43: Player "Charada" (steam64id="76561198034769290") disconnected from server
02:12:43: Player "Kaiser" (steam64id="76561198442199485") disconnected from server
02:14:58: Player "proizii Pkrl" (steam64id="76561199005708378") connected to server
02:23:23: Player "Rayning" (steam64id="76561198382100426") disconnected from server
02:24:03: Player "Longa" (steam64id="76561198026865346") disconnected from server
02:24:53: Player "[TMT].Skinner" (steam64id="76561198860620637") connected to server
02:24:58: Player "Milano" (steam64id="76561198027078553") disconnected from server
02:25:08: Player "Dylan" (steam64id="76561198076752035") disconnected from server
02:35:58: Player "xJudeu" (steam64id="76561198069526249") connected to server
02:39:38: Player "xJudeu" (steam64id="76561198069526249") disconnected from server
02:40:08: Player "AiPolly" (steam64id="76561198072574279") disconnected from server
02:59:48: Player "Indio Otaku" (steam64id="76561198843547059") disconnected from server
03:02:03: Player "[TMT].Skinner" (steam64id="76561198860620637") disconnected from server
03:04:53: Player "nivvokiee" (steam64id="76561198287595289") connected to server
03:05:03: Player "proizii Pkrl" (steam64id="76561199005708378") disconnected from server
03:05:38: Player "DIEGOO" (steam64id="76561199080750020") disconnected from server
03:15:23: Player "Rodrigo Boca Br#4768" (steam64id="76561198856289994") disconnected from server
03:16:23: Player "o velho peludo" (steam64id="76561198843547059") connected to server
03:20:53: Player "o velho peludo" (steam64id="76561198843547059") disconnected from server
03:22:48: Player "Rodrigo Boca Br#4768" (steam64id="76561198856289994") connected to server
03:23:33: Player "GTO" (steam64id="76561198867074592") disconnected from server
03:23:43: Player "Biel FxR" (steam64id="76561198050836260") disconnected from server
03:23:43: Player "=G3= Chupo no sigilo " (steam64id="76561199037080751") disconnected from server
03:29:08: Player "Hacan121" (steam64id="76561198345012092") disconnected from server
03:36:03: Player "TripaSeca" (steam64id="76561198093060507") disconnected from server
03:43:48: Player "Seekerzao" (steam64id="76561198067793781") disconnected from server
03:51:53: Player "Rodrigo Boca Br#4768" (steam64id="76561198856289994") disconnected from server
03:56:33: Player "Rodrigo Boca Br#4768" (steam64id="76561198856289994") connected to server
03:57:03: Player "Rodrigo Boca Br#4768" (steam64id="76561198856289994") disconnected from server
03:59:08: Player "ragito" (steam64id="76561198143718624") disconnected from server
03:59:08: Player "nivvokiee" (steam64id="76561198287595289") disconnected from server
03:59:08: Player "Alexidot" (steam64id="76561198161940404") disconnected from server
03:59:08: Player "Mozzart" (steam64id="76561198122962290") disconnected from server
04:01:21: Player "Mozzart" (steam64id="76561198122962290") connected to server
04:01:21: Player "ragito" (steam64id="76561198143718624") connected to server
04:01:26: Player "jhean" (steam64id="76561198819003355") connected to server
04:02:26: Player "nivvokiee" (steam64id="76561198287595289") connected to server
04:02:56: Player "Alexidot" (steam64id="76561198161940404") connected to server
04:03:46: Player "Seekerzao" (steam64id="76561198067793781") connected to server
04:29:01: Player "Alexidot" (steam64id="76561198161940404") disconnected from server
05:00:56: Player "jhean" (steam64id="76561198819003355") disconnected from server
05:01:31: Player "jhean" (steam64id="76561198819003355") connected to server
05:17:01: Player "Mozzart" (steam64id="76561198122962290") disconnected from server
05:17:21: Player "ragito" (steam64id="76561198143718624") disconnected from server
05:55:56: Player "jhean" (steam64id="76561198819003355") disconnected from server
05:57:36: Player "jhean" (steam64id="76561198819003355") connected to server
05:58:01: Player "jhean" (steam64id="76561198819003355") disconnected from server
05:58:26: Player "jhean" (steam64id="76561198819003355") connected to server
06:07:11: Player "Seekerzao" (steam64id="76561198067793781") disconnected from server
06:20:51: Player "ttuker" (steam64id="76561198971813376") connected to server
06:46:07: Player "jhean" (steam64id="76561198819003355") disconnected from server
07:00:27: Player "nivvokiee" (steam64id="76561198287595289") disconnected from server
07:54:46: Player "ttuker" (steam64id="76561198971813376") disconnected from server
08:09:07: Player "[TEC] Gui" (steam64id="76561198306757012") connected to server
08:13:07: Player "[L.B] Lrk" (steam64id="76561198021843024") connected to server
08:23:07: Player "[L.B] Santorin" (steam64id="76561199069721527") connected to server
08:30:17: Player "Duerowww" (steam64id="76561198259492425") connected to server
08:30:17: Player "[L.B] Santorin" (steam64id="76561199069721527") disconnected from server
08:32:42: Player "LIGHTvmz" (steam64id="76561199146864874") connected to server
08:38:32: Player "[TEC] Gui" (steam64id="76561198306757012") disconnected from server
08:47:17: Player "[L.B] Santorin" (steam64id="76561199069721527") connected to server
08:51:42: Player "[L.B] Lrk" (steam64id="76561198021843024") disconnected from server
08:52:07: Player "LIGHTvmz" (steam64id="76561199146864874") disconnected from server
08:52:12: Player "leco255" (steam64id="76561198123102703") connected to server
08:53:12: Player "[L.B] Lrk" (steam64id="76561198021843024") connected to server
09:03:57: Player "ttuker" (steam64id="76561198971813376") connected to server
09:10:07: Player "[L.B] ploodrinny" (steam64id="76561198312062387") connected to server
09:13:32: Player "[DY] MOANA" (steam64id="76561198868590548") connected to server
09:14:27: Player "ttuker" (steam64id="76561198971813376") disconnected from server
09:14:52: Player "ttuker" (steam64id="76561198971813376") connected to server
09:24:22: Player "jhean" (steam64id="76561198819003355") connected to server
09:27:12: Player "leco255" (steam64id="76561198123102703") disconnected from server
09:40:17: Player "G A T O" (steam64id="76561199207813177") connected to server
09:56:27: Player "[DY] FROZEN " (steam64id="76561198161060673") connected to server
09:56:47: Player "[DY] MOANA" (steam64id="76561198868590548") disconnected from server
10:00:37: Player "DanielSam" (steam64id="76561198867200764") connected to server
10:05:57: Player "jhean" (steam64id="76561198819003355") disconnected from server
10:08:32: Player "jhean" (steam64id="76561198819003355") connected to server
10:09:27: Player "jhean" (steam64id="76561198819003355") disconnected from server
10:18:32: Player "leco255" (steam64id="76561198123102703") connected to server
10:29:12: Player "leco255" (steam64id="76561198123102703") disconnected from server
10:29:22: Player "Durepox" (steam64id="76561198098659780") connected to server
10:49:17: Player "[DY] FROZEN " (steam64id="76561198161060673") disconnected from server
11:00:17: Player "Durepox" (steam64id="76561198098659780") disconnected from server
11:22:02: Player "[G.M] O verdadeiro" (steam64id="76561198351631304") connected to server
11:29:37: Player "ttuker" (steam64id="76561198971813376") disconnected from server
11:30:02: Player "ttuker" (steam64id="76561198971813376") connected to server
11:30:17: Player "[L.B] SeryD" (steam64id="76561198072791642") connected to server
11:41:02: Player "Duerowww" (steam64id="76561198259492425") disconnected from server
11:41:47: Player "Duerowww" (steam64id="76561198259492425") connected to server
11:44:12: Player "[L.B] LopesTa " (steam64id="76561198375254083") connected to server
11:46:57: Player "Duerowww" (steam64id="76561198259492425") disconnected from server
11:48:32: Player "Fred$rico" (steam64id="76561198116552585") connected to server
11:50:02: Player "Emissarius" (steam64id="76561198271087379") connected to server
11:51:07: Player "ttuker" (steam64id="76561198971813376") disconnected from server
11:51:52: Player "felps" (steam64id="76561198892779186") connected to server
11:52:07: Player "[L.B] Lrk" (steam64id="76561198021843024") disconnected from server
11:57:07: Player "Fred$rico" (steam64id="76561198116552585") disconnected from server
11:58:22: Player "[L.B] Santorin" (steam64id="76561199069721527") disconnected from server
11:58:32: Player "felps" (steam64id="76561198892779186") disconnected from server
11:58:37: Player "DanielSam" (steam64id="76561198867200764") disconnected from server
11:59:07: Player "G A T O" (steam64id="76561199207813177") disconnected from server
11:59:07: Player "[L.B] ploodrinny" (steam64id="76561198312062387") disconnected from server
11:59:07: Player "Emissarius" (steam64id="76561198271087379") disconnected from server
11:59:07: Player "[L.B] SeryD" (steam64id="76561198072791642") disconnected from server
11:59:07: Player "[L.B] LopesTa " (steam64id="76561198375254083") disconnected from server
11:59:07: Player "[G.M] O verdadeiro" (steam64id="76561198351631304") disconnected from server
12:01:02: Player "[G.M] O verdadeiro" (steam64id="76561198351631304") connected to server
12:01:12: Player "[L.B] ploodrinny" (steam64id="76561198312062387") connected to server
12:01:12: Player "Emissarius" (steam64id="76561198271087379") connected to server
12:01:22: Player "felps" (steam64id="76561198892779186") connected to server
12:01:52: Player "[L.B] LopesTa " (steam64id="76561198375254083") connected to server
12:03:17: Player "[HORDA]ThiagoPenna" (steam64id="76561198218822351") connected to server
12:03:52: Player "[G.M] O verdadeiro" (steam64id="76561198351631304") disconnected from server
12:05:27: Player "G A T O" (steam64id="76561199207813177") connected to server
12:06:27: Player "[DY] FROZEN " (steam64id="76561198161060673") connected to server
12:06:52: Player "[L.B] SeryD" (steam64id="76561198072791642") connected to server
12:12:32: Player "MacLovin" (steam64id="76561199068236803") connected to server
12:12:47: Player "[L.B]TropaDoEnguisa" (steam64id="76561198211423224") connected to server
12:12:57: Player "[L.B]TropaDoEnguisa" (steam64id="76561198211423224") disconnected from server
12:13:52: Player "[L.B]TropaDoEnguisa" (steam64id="76561198211423224") connected to server
12:13:52: Player "[L.B] Santorin" (steam64id="76561199069721527") connected to server
12:19:02: Player "[G.M] O verdadeiro" (steam64id="76561198351631304") connected to server
12:22:07: Player "[G.M] O verdadeiro" (steam64id="76561198351631304") disconnected from server
12:22:27: Player "[G.M] O verdadeiro" (steam64id="76561198351631304") connected to server
12:26:32: Player "[L.B]TropaDoEnguisa" (steam64id="76561198211423224") disconnected from server
12:27:12: Player "[HORDA]ThiagoPenna" (steam64id="76561198218822351") disconnected from server
12:27:32: Player "[L.B]TropaDoEnguisa" (steam64id="76561198211423224") connected to server
12:28:22: Player "[YKZ]-BlackBear" (steam64id="76561198343030820") connected to server
12:28:27: Player "[G.M] O verdadeiro" (steam64id="76561198351631304") disconnected from server
12:30:07: Player "[G.M] O verdadeiro" (steam64id="76561198351631304") connected to server
12:30:22: Player "[YKZ]-Notsniw" (steam64id="76561197967151252") connected to server
12:33:57: Player "G A T O" (steam64id="76561199207813177") disconnected from server
12:34:07: Player "DanielSam" (steam64id="76561198867200764") connected to server
12:34:17: Player "[DY] FROZEN " (steam64id="76561198161060673") disconnected from server
12:34:42: Player "G A T O" (steam64id="76561199207813177") connected to server
12:39:07: Player "MacLovin" (steam64id="76561199068236803") disconnected from server
12:41:57: Player "[HORDA]ThiagoPenna" (steam64id="76561198218822351") connected to server
12:49:42: Player "[HORDA] zBieL" (steam64id="76561198001525812") connected to server
12:52:32: Player "[L.B]TropaDoEnguisa" (steam64id="76561198211423224") disconnected from server
12:52:42: Player "[G.M] O verdadeiro" (steam64id="76561198351631304") disconnected from server
12:53:32: Player "[L.B]TropaDoEnguisa" (steam64id="76561198211423224") connected to server
12:57:02: Player "sarna do capeta" (steam64id="76561198287067059") connected to server
12:58:12: Player "[HORDA]ThiagoPenna" (steam64id="76561198218822351") disconnected from server
13:00:46: Player "[L.B]TropaDoEnguisa" (steam64id="76561198211423224") connected to server
13:01:01: Player "[HORDA] zBieL" (steam64id="76561198001525812") connected to server
13:01:46: Player "Emissarius" (steam64id="76561198271087379") connected to server
13:01:51: Player "[L.B] Santorin" (steam64id="76561199069721527") connected to server
13:01:51: Player "[L.B] SeryD" (steam64id="76561198072791642") connected to server
13:02:01: Player "DanielSam" (steam64id="76561198867200764") connected to server
13:03:01: Player "[L.B] LopesTa " (steam64id="76561198375254083") connected to server
13:03:16: Player "[L.B] ploodrinny" (steam64id="76561198312062387") connected to server
13:04:41: Player "G A T O" (steam64id="76561199207813177") connected to server
13:06:16: Player "[YKZ]-BlackBear" (steam64id="76561198343030820") connected to server
13:09:31: Player "[HORDA]ThiagoPenna" (steam64id="76561198218822351") connected to server
13:11:21: Player "[ORDA]KAS" (steam64id="76561199202697738") connected to server
13:14:11: Player "felps" (steam64id="76561198892779186") connected to server
13:16:41: Player "cyberat" (steam64id="76561198102418085") connected to server
13:16:51: Player "MarcoLa" (steam64id="76561198352149308") connected to server
13:18:11: Player "[ORDA]KAS" (steam64id="76561199202697738") disconnected from server
13:21:26: Player "Seekerzao" (steam64id="76561198067793781") connected to server
13:22:16: Player "[L.B]TropaDoEnguisa" (steam64id="76561198211423224") disconnected from server
13:25:46: Player "DanielSam" (steam64id="76561198867200764") disconnected from server
13:26:06: Player "DanielSam" (steam64id="76561198867200764") connected to server
13:27:56: Player "[L.B]TropaDoEnguisa" (steam64id="76561198211423224") connected to server
13:28:06: Player "ttuker" (steam64id="76561198971813376") connected to server
13:29:41: Player "[YKZ]-Notsniw" (steam64id="76561197967151252") connected to server
13:30:31: Player "[L.B]TropaDoEnguisa" (steam64id="76561198211423224") disconnected from server
13:30:46: Player "DanielSam" (steam64id="76561198867200764") disconnected from server
13:31:01: Player "[L.B]TropaDoEnguisa" (steam64id="76561198211423224") connected to server
13:31:11: Player "G A T O" (steam64id="76561199207813177") disconnected from server
13:32:16: Player "[L.B]TropaDoEnguisa" (steam64id="76561198211423224") disconnected from server
13:32:51: Player "[L.B]TropaDoEnguisa" (steam64id="76561198211423224") connected to server
13:33:01: Player "[L.B]TropaDoEnguisa" (steam64id="76561198211423224") disconnected from server
13:33:06: Player "[G.M] O verdadeiro" (steam64id="76561198351631304") connected to server
13:34:06: Player "[L.B]TropaDoEnguisa" (steam64id="76561198211423224") connected to server
13:34:16: Player "[L.B]TropaDoEnguisa" (steam64id="76561198211423224") disconnected from server
13:36:41: Player "[L.B] Lrk" (steam64id="76561198021843024") connected to server
13:36:51: Player "[L.B]TropaDoEnguisa" (steam64id="76561198211423224") connected to server
13:37:01: Player "[L.B]TropaDoEnguisa" (steam64id="76561198211423224") disconnected from server
13:37:41: Player "Rodrigo Boca Br#4768" (steam64id="76561198856289994") connected to server
13:38:16: Player "MarcoLa" (steam64id="76561198352149308") disconnected from server
13:42:26: Player "[L.B]TropaDoEnguisa" (steam64id="76561198211423224") connected to server
13:42:36: Player "[L.B]TropaDoEnguisa" (steam64id="76561198211423224") disconnected from server
13:48:16: Player "[L.B]TropaDoEnguisa" (steam64id="76561198211423224") connected to server
13:48:41: Player "[L.B]TropaDoEnguisa" (steam64id="76561198211423224") disconnected from server
13:51:46: Player "Igor.Penha" (steam64id="76561198211423224") connected to server
13:52:06: Player "Igor.Penha" (steam64id="76561198211423224") disconnected from server
13:58:31: Player "[L.B] LopesTa " (steam64id="76561198375254083") disconnected from server
13:58:41: Player "Emissarius" (steam64id="76561198271087379") disconnected from server
14:01:31: Player "[G.M] O verdadeiro" (steam64id="76561198351631304") disconnected from server
14:05:51: Player "[L.B]TropaDoEnguisa" (steam64id="76561198211423224") connected to server
14:06:21: Player "[L.B]TropaDoEnguisa" (steam64id="76561198211423224") disconnected from server
14:07:06: Player "[L.B]TropaDoEnguisa" (steam64id="76561198211423224") connected to server
14:09:26: Player "Madruga" (steam64id="76561198144310710") connected to server
14:09:36: Player "[HORDA]ThiagoPenna" (steam64id="76561198218822351") disconnected from server
14:11:31: Player "[HORDA]ThiagoPenna" (steam64id="76561198218822351") connected to server
14:17:31: Player "[HORDA]ThiagoPenna" (steam64id="76561198218822351") disconnected from server
14:18:11: Player "[L.B] Lrk" (steam64id="76561198021843024") disconnected from server
14:19:11: Player "[L.B] Lrk" (steam64id="76561198021843024") connected to server
14:20:41: Player "Rodrigo Boca Br#4768" (steam64id="76561198856289994") disconnected from server
14:26:11: Player "web gado" (steam64id="76561199123625009") connected to server
14:27:31: Player "[L.B]TropaDoEnguisa" (steam64id="76561198211423224") disconnected from server
14:28:26: Player "[L.B]TropaDoEnguisa" (steam64id="76561198211423224") connected to server
14:28:36: Player "[G.M] O verdadeiro" (steam64id="76561198351631304") connected to server
14:28:51: Player "cyberat" (steam64id="76561198102418085") disconnected from server
14:29:31: Player "Charada" (steam64id="76561198034769290") connected to server
14:30:21: Player "[L.B]TropaDoEnguisa" (steam64id="76561198211423224") disconnected from server
14:33:01: Player "[L.B]TropaDoEnguisa" (steam64id="76561198211423224") connected to server
14:37:01: Player "Charada" (steam64id="76561198034769290") disconnected from server
14:44:01: Player "Tapazol" (steam64id="76561198845098679") connected to server
14:44:31: Player "Kaiashe" (steam64id="76561198369468175") connected to server
14:45:21: Player "Paul*o" (steam64id="76561198256833639") connected to server
14:45:51: Player "[L.B]TropaDoEnguisa" (steam64id="76561198211423224") disconnected from server
14:48:26: Player "Tapazol" (steam64id="76561198845098679") disconnected from server
14:49:21: Player "Duerowww" (steam64id="76561198259492425") connected to server
14:50:51: Player "Duerowww" (steam64id="76561198259492425") disconnected from server
14:51:21: Player "Domeneghi" (steam64id="76561198090270103") connected to server
14:51:51: Player "ttuker" (steam64id="76561198971813376") disconnected from server
14:52:11: Player "web gado" (steam64id="76561199123625009") disconnected from server
14:52:16: Player "ttuker" (steam64id="76561198971813376") connected to server
14:53:36: Player "Duerowww" (steam64id="76561198259492425") connected to server
14:59:46: Player "Kaike" (steam64id="76561199246129933") connected to server
15:00:11: Player "[L.B] ploodrinny" (steam64id="76561198312062387") disconnected from server
15:07:06: Player "zZeLopes" (steam64id="76561198092232745") connected to server
15:08:46: Player "Kaike" (steam64id="76561199246129933") disconnected from server
15:12:21: Player "VII" (steam64id="76561198044408207") connected to server
15:14:16: Player "[RNG]Panico" (steam64id="76561199230965576") connected to server
15:17:06: Player "[DY] MOANA" (steam64id="76561198868590548") connected to server
15:18:51: Player "EternoZeroUm" (steam64id="76561198103466769") connected to server
15:20:56: Player "Emissarius" (steam64id="76561198271087379") connected to server
15:23:06: Player "Andrews" (steam64id="76561198006484037") connected to server
15:23:41: Player "[L.B] ploodrinny" (steam64id="76561198312062387") connected to server
15:26:21: Player "netttto no drip" (steam64id="76561198859086815") connected to server
15:28:16: Player "[L.B] Lrk" (steam64id="76561198021843024") disconnected from server
15:29:21: Player "Madkiller239" (steam64id="76561198048267999") connected to server
15:29:41: Player "[DY] MOANA" (steam64id="76561198868590548") disconnected from server
15:33:11: Player "tectec" (steam64id="76561199070659345") connected to server
15:34:31: Player "UelituMarques" (steam64id="76561198049356681") connected to server
15:39:51: Player "UelituMarques" (steam64id="76561198049356681") disconnected from server
15:40:21: Player "[YKZ]-Notsniw" (steam64id="76561197967151252") disconnected from server
15:41:26: Player "Fritas" (steam64id="76561198148172018") connected to server
15:42:01: Player "EternoZeroUm" (steam64id="76561198103466769") disconnected from server
15:43:16: Player "DangersPlay" (steam64id="76561198037868353") connected to server
15:44:46: Player "[YKZ]-Notsniw" (steam64id="76561197967151252") connected to server
15:45:56: Player "FisFacu" (steam64id="76561198339726200") connected to server
15:46:21: Player "VII" (steam64id="76561198044408207") disconnected from server
15:47:26: Player "OZIEL" (steam64id="76561199063596086") connected to server
15:47:56: Player "Paul*o" (steam64id="76561198256833639") disconnected from server
15:47:56: Player "Kaiashe" (steam64id="76561198369468175") disconnected from server
15:48:26: Player "Andrews" (steam64id="76561198006484037") disconnected from server
15:50:16: Player "Passo Largo" (steam64id="76561199203652654") connected to server
15:51:31: Player "Passo Largo" (steam64id="76561199203652654") disconnected from server
15:51:36: Player "ttuker" (steam64id="76561198971813376") disconnected from server
15:53:01: Player "Madruga" (steam64id="76561198144310710") disconnected from server
15:54:21: Player "OZIEL" (steam64id="76561199063596086") disconnected from server
15:54:41: Player "ChaCalGamer" (steam64id="76561198995613817") connected to server
15:54:46: Player "OZIEL" (steam64id="76561199063596086") connected to server
15:56:11: Player "Jhon warlock" (steam64id="76561198858855801") connected to server
15:56:36: Player "nicoh6" (steam64id="76561198281952610") connected to server
15:59:06: Player "Madkiller239" (steam64id="76561198048267999") disconnected from server
15:59:06: Player "[L.B] SeryD" (steam64id="76561198072791642") disconnected from server
15:59:06: Player "tectec" (steam64id="76561199070659345") disconnected from server
15:59:06: Player "[L.B] Santorin" (steam64id="76561199069721527") disconnected from server
15:59:06: Player "[YKZ]-Notsniw" (steam64id="76561197967151252") disconnected from server
15:59:06: Player "zZeLopes" (steam64id="76561198092232745") disconnected from server
15:59:06: Player "Seekerzao" (steam64id="76561198067793781") disconnected from server
15:59:06: Player "Duerowww" (steam64id="76561198259492425") disconnected from server
15:59:06: Player "Emissarius" (steam64id="76561198271087379") disconnected from server
15:59:06: Player "Domeneghi" (steam64id="76561198090270103") disconnected from server
15:59:06: Player "[HORDA] zBieL" (steam64id="76561198001525812") disconnected from server
15:59:06: Player "netttto no drip" (steam64id="76561198859086815") disconnected from server
15:59:06: Player "[YKZ]-BlackBear" (steam64id="76561198343030820") disconnected from server
15:59:06: Player "nicoh6" (steam64id="76561198281952610") disconnected from server
15:59:06: Player "[L.B] ploodrinny" (steam64id="76561198312062387") disconnected from server
15:59:06: Player "felps" (steam64id="76561198892779186") disconnected from server
15:59:06: Player "FisFacu" (steam64id="76561198339726200") disconnected from server
15:59:06: Player "DangersPlay" (steam64id="76561198037868353") disconnected from server
15:59:06: Player "Jhon warlock" (steam64id="76561198858855801") disconnected from server
15:59:06: Player "[RNG]Panico" (steam64id="76561199230965576") disconnected from server
15:59:06: Player "[G.M] O verdadeiro" (steam64id="76561198351631304") disconnected from server
15:59:06: Player "OZIEL" (steam64id="76561199063596086") disconnected from server
15:59:06: Player "Fritas" (steam64id="76561198148172018") disconnected from server
15:59:06: Player "ChaCalGamer" (steam64id="76561198995613817") disconnected from server
16:00:59: Player "ChaCalGamer" (steam64id="76561198995613817") connected to server
16:00:59: Player "[HORDA] zBieL" (steam64id="76561198001525812") connected to server
16:00:59: Player "nicoh6" (steam64id="76561198281952610") connected to server
16:00:59: Player "Fritas" (steam64id="76561198148172018") connected to server
16:00:59: Player "Madkiller239" (steam64id="76561198048267999") connected to server
16:01:04: Player "Jhon warlock" (steam64id="76561198858855801") connected to server
16:01:09: Player "netttto no drip" (steam64id="76561198859086815") connected to server
16:01:14: Player "zZeLopes" (steam64id="76561198092232745") connected to server
16:01:14: Player "Domeneghi" (steam64id="76561198090270103") connected to server
16:01:14: Player "[L.B] Santorin" (steam64id="76561199069721527") connected to server
16:01:24: Player "[G.M] O verdadeiro" (steam64id="76561198351631304") connected to server
16:01:24: Player "[L.B] ploodrinny" (steam64id="76561198312062387") connected to server
16:01:24: Player "[YKZ]-Notsniw" (steam64id="76561197967151252") connected to server
16:01:29: Player "DangersPlay" (steam64id="76561198037868353") connected to server
16:01:29: Player "[G.M] O verdadeiro" (steam64id="76561198351631304") disconnected from server
16:01:34: Player "[L.B] SeryD" (steam64id="76561198072791642") connected to server
16:01:44: Player "felps" (steam64id="76561198892779186") connected to server
16:01:54: Player "Emissarius" (steam64id="76561198271087379") connected to server
16:02:04: Player "OZIEL" (steam64id="76561199063596086") connected to server
16:02:09: Player "Seekerzao" (steam64id="76561198067793781") connected to server
16:05:39: Player "[YKZ]-BlackBear" (steam64id="76561198343030820") connected to server
16:06:24: Player "FisFacu" (steam64id="76561198339726200") connected to server
16:08:29: Player "FisFacu" (steam64id="76561198339726200") disconnected from server
16:09:29: Player "Kaike" (steam64id="76561199246129933") connected to server
16:09:39: Player "[L.B] SeryD" (steam64id="76561198072791642") disconnected from server
16:10:04: Player "FisFacu" (steam64id="76561198339726200") connected to server
16:15:54: Player "FisFacu" (steam64id="76561198339726200") disconnected from server
16:16:09: Player "Jubub " (steam64id="76561198421574611") connected to server
16:16:54: Player "tectec" (steam64id="76561199070659345") connected to server
16:18:34: Player "DangersPlay" (steam64id="76561198037868353") disconnected from server
16:18:34: Player "Jhon warlock" (steam64id="76561198858855801") disconnected from server
16:18:54: Player "Fritas" (steam64id="76561198148172018") disconnected from server
16:19:34: Player "FisFacu" (steam64id="76561198339726200") connected to server
16:21:34: Player "zZeLopes" (steam64id="76561198092232745") disconnected from server
16:21:34: Player "Domeneghi" (steam64id="76561198090270103") disconnected from server
16:22:59: Player "LeoGiant" (steam64id="76561198066225451") connected to server
16:27:29: Player "[HORDA] zBieL" (steam64id="76561198001525812") disconnected from server
16:29:29: Player "Sabotage oficial" (steam64id="76561198967655542") connected to server
16:32:24: Player "Passo Largo" (steam64id="76561198057660141") connected to server
16:36:39: Player "ChaCalGamer" (steam64id="76561198995613817") disconnected from server
16:42:59: Player "50cent" (steam64id="76561199098626087") connected to server
16:43:24: Player "OZIEL" (steam64id="76561199063596086") disconnected from server
16:45:54: Player "netttto no drip" (steam64id="76561198859086815") disconnected from server
16:46:54: Player "LeoGiant" (steam64id="76561198066225451") disconnected from server
16:52:34: Player "Diplomat" (steam64id="76561198258129233") connected to server
16:53:19: Player "ttuker" (steam64id="76561198971813376") connected to server
16:55:59: Player "ChaCalGamer" (steam64id="76561198995613817") connected to server
17:09:19: Player "Myul" (steam64id="76561198153622914") connected to server
17:11:19: Player "Huldas" (steam64id="76561198106338696") connected to server
17:16:34: Player "Huldas" (steam64id="76561198106338696") disconnected from server
17:20:19: Player "Passo Largo" (steam64id="76561198057660141") disconnected from server
17:21:04: Player "nivvokiee" (steam64id="76561198287595289") connected to server
17:22:49: Player "OZIEL" (steam64id="76561199063596086") connected to server
17:26:04: Player "Jhon warlock" (steam64id="76561198858855801") connected to server
17:27:29: Player "Jhon warlock" (steam64id="76561198858855801") disconnected from server
17:29:19: Player "Betinho_maluco" (steam64id="76561198057627157") connected to server
17:32:34: Player "chron1c" (steam64id="76561198205585613") connected to server
17:32:34: Player "Kaike" (steam64id="76561199246129933") disconnected from server
17:32:54: Player "Brunera" (steam64id="76561198089300931") connected to server
17:32:59: Player "OZIEL" (steam64id="76561199063596086") disconnected from server
17:33:14: Player "Brunera" (steam64id="76561198089300931") disconnected from server
17:33:29: Player "OZIEL" (steam64id="76561199063596086") connected to server
17:34:54: Player "[L.B]TropaDoEnguisa" (steam64id="76561198211423224") connected to server
17:35:39: Player "FisFacu" (steam64id="76561198339726200") disconnected from server
17:36:34: Player "FisFacu" (steam64id="76561198339726200") connected to server
17:36:39: Player "OZIEL" (steam64id="76561199063596086") disconnected from server
17:37:34: Player "OZIEL" (steam64id="76561199063596086") connected to server
17:37:39: Player "Passo Largo" (steam64id="76561198057660141") connected to server
17:40:44: Player "[L.B] Santorin" (steam64id="76561199069721527") disconnected from server
17:43:09: Player "felps" (steam64id="76561198892779186") disconnected from server
17:43:44: Player "TripaSeca" (steam64id="76561198093060507") connected to server
17:44:39: Player "Tappes" (steam64id="76561198990092287") connected to server
17:45:44: Player "[L.B]TropaDoEnguisa" (steam64id="76561198211423224") disconnected from server
17:46:54: Player "[L.B]TropaDoEnguisa" (steam64id="76561198211423224") connected to server
17:47:09: Player "yxLuccas" (steam64id="76561198125852166") connected to server
17:49:24: Player "ZenKaioh" (steam64id="76561198152445194") connected to server
17:50:09: Player "[L.B]TropaDoEnguisa" (steam64id="76561198211423224") disconnected from server
17:50:59: Player "ttuker" (steam64id="76561198971813376") disconnected from server
17:51:09: Player "[L.B]TropaDoEnguisa" (steam64id="76561198211423224") connected to server
17:53:54: Player "DuDuzin" (steam64id="76561198204677881") connected to server
17:54:54: Player "Diplomat" (steam64id="76561198258129233") disconnected from server
17:55:39: Player "OZIEL" (steam64id="76561199063596086") disconnected from server
17:56:04: Player "OZIEL" (steam64id="76561199063596086") connected to server
17:56:39: Player "TcheLoco" (steam64id="76561198099449370") connected to server
17:57:59: Player "[L.B]TropaDoEnguisa" (steam64id="76561198211423224") disconnected from server
17:58:39: Player "OZIEL" (steam64id="76561199063596086") disconnected from server
17:58:54: Player "[L.B]TropaDoEnguisa" (steam64id="76561198211423224") connected to server
18:02:04: Player "[L.B]TropaDoEnguisa" (steam64id="76561198211423224") disconnected from server
18:04:29: Player "Seekerzao" (steam64id="76561198067793781") disconnected from server
18:05:09: Player "tectec" (steam64id="76561199070659345") disconnected from server
18:08:04: Player "Passo Largo" (steam64id="76561198057660141") disconnected from server
18:08:09: Player "[G.M] O verdadeiro" (steam64id="76561198351631304") connected to server
18:08:49: Player "Ike" (steam64id="76561199006707742") connected to server
18:11:49: Player "50cent" (steam64id="76561199098626087") disconnected from server
18:12:19: Player "glauber" (steam64id="76561199077680750") connected to server
18:12:19: Player "Myul" (steam64id="76561198153622914") disconnected from server
18:12:54: Player "Seekerzao" (steam64id="76561198067793781") connected to server
18:13:04: Player "[L.B] LopesTa " (steam64id="76561198375254083") connected to server
18:13:24: Player "DuDuzin" (steam64id="76561198204677881") disconnected from server
18:14:34: Player "glauber" (steam64id="76561199077680750") disconnected from server
18:15:14: Player "FisFacu" (steam64id="76561198339726200") disconnected from server
18:15:29: Player "Sabotage oficial" (steam64id="76561198967655542") disconnected from server
18:15:54: Player "DuDuzin" (steam64id="76561198204677881") connected to server
18:18:04: Player "llReddDawnll" (steam64id="76561199222542734") connected to server
18:18:14: Player "Jubub " (steam64id="76561198421574611") disconnected from server
18:18:29: Player "[L.B]TropaDoEnguisa" (steam64id="76561198211423224") connected to server
18:21:44: Player "Ike" (steam64id="76561199006707742") disconnected from server
18:23:29: Player "TripaSeca" (steam64id="76561198093060507") disconnected from server
18:25:14: Player "Madkiller239" (steam64id="76561198048267999") disconnected from server
18:30:19: Player "ChaCalGamer" (steam64id="76561198995613817") disconnected from server
18:31:59: Player "Emissarius" (steam64id="76561198271087379") disconnected from server
18:32:19: Player "TcheLoco" (steam64id="76561198099449370") disconnected from server
18:36:39: Player "ZoroLex" (steam64id="76561198077895340") connected to server
18:37:54: Player "Tappes" (steam64id="76561198990092287") disconnected from server
18:38:29: Player "[L.B]TropaDoEnguisa" (steam64id="76561198211423224") disconnected from server
18:38:39: Player "[L.B] LopesTa " (steam64id="76561198375254083") disconnected from server
18:38:39: Player "Betinho_maluco" (steam64id="76561198057627157") disconnected from server
18:38:59: Player "[L.B] LopesTa " (steam64id="76561198375254083") connected to server
18:39:04: Player "Betinho_maluco" (steam64id="76561198057627157") connected to server
18:39:49: Player "[L.B]TropaDoEnguisa" (steam64id="76561198211423224") connected to server
18:40:54: Player "yxLuccas" (steam64id="76561198125852166") disconnected from server
18:40:54: Player "[YKZ]-Notsniw" (steam64id="76561197967151252") disconnected from server
18:42:29: Player "ZenKaioh" (steam64id="76561198152445194") disconnected from server
18:42:49: Player "K1NGK1N" (steam64id="76561198160627069") connected to server
18:43:14: Player "DuDuzin" (steam64id="76561198204677881") disconnected from server
18:43:49: Player "[YKZ]-BlackBear" (steam64id="76561198343030820") disconnected from server
18:43:54: Player "Betinho_maluco" (steam64id="76561198057627157") disconnected from server
18:45:24: Player "chron1c" (steam64id="76561198205585613") disconnected from server
18:53:23: Player "[G.M] O verdadeiro" (steam64id="76561198351631304") connected to server
18:53:23: Player "nicoh6" (steam64id="76561198281952610") connected to server
18:55:03: Player "zozs" (steam64id="76561198126713029") connected to server
18:57:03: Player "KOREA" (steam64id="76561198253386609") connected to server
18:57:33: Player "KOREA" (steam64id="76561198253386609") disconnected from server
18:58:59: Player "[G.M] O verdadeiro" (steam64id="76561198351631304") connected to server
18:59:09: Player "nicoh6" (steam64id="76561198281952610") connected to server
18:59:39: Player "KOREA" (steam64id="76561198253386609") connected to server
19:01:39: Player "Seekerzao" (steam64id="76561198067793781") connected to server
19:03:24: Player "[HORDA]ThiagoPenna" (steam64id="76561198218822351") connected to server
19:03:44: Player "chron1c" (steam64id="76561198205585613") connected to server
19:04:19: Player "felps" (steam64id="76561198892779186") connected to server
19:04:34: Player "TcheLoco" (steam64id="76561198099449370") connected to server
19:08:49: Player "[L.B] SeryD" (steam64id="76561198072791642") connected to server
19:20:24: Player "[L.B]TropaDoEnguisa" (steam64id="76561198211423224") connected to server
19:24:34: Player "[HORDA] zBieL" (steam64id="76561198001525812") connected to server
19:27:29: Player "{ KMG } - Elguapo" (steam64id="76561198363655296") connected to server
19:29:49: Player "felps" (steam64id="76561198892779186") disconnected from server
19:29:49: Player "chron1c" (steam64id="76561198205585613") disconnected from server
19:39:09: Player "KOREA" (steam64id="76561198253386609") disconnected from server
19:43:09: Player "[YKZ]-BlackBear" (steam64id="76561198343030820") connected to server
19:47:54: Player "DinizBr" (steam64id="76561198128517157") connected to server
19:49:59: Player "Emissarius" (steam64id="76561198271087379") connected to server
19:50:54: Player "nicoh6" (steam64id="76561198281952610") disconnected from server
19:51:09: Player "[L.B] SeryD" (steam64id="76561198072791642") disconnected from server
19:54:09: Player "{KMG}-Rockeiro" (steam64id="76561198928581570") connected to server
19:54:49: Player "Seekerzao" (steam64id="76561198067793781") disconnected from server
19:59:04: Player "{KMG}-Rockeiro" (steam64id="76561198928581570") disconnected from server
19:59:04: Player "[HORDA]ThiagoPenna" (steam64id="76561198218822351") disconnected from server
19:59:04: Player "DinizBr" (steam64id="76561198128517157") disconnected from server
19:59:04: Player "[L.B]TropaDoEnguisa" (steam64id="76561198211423224") disconnected from server
19:59:04: Player "[G.M] O verdadeiro" (steam64id="76561198351631304") disconnected from server
19:59:04: Player "Emissarius" (steam64id="76561198271087379") disconnected from server
19:59:04: Player "TcheLoco" (steam64id="76561198099449370") disconnected from server
19:59:04: Player "[HORDA] zBieL" (steam64id="76561198001525812") disconnected from server
19:59:04: Player "{ KMG } - Elguapo" (steam64id="76561198363655296") disconnected from server
19:59:04: Player "[YKZ]-BlackBear" (steam64id="76561198343030820") disconnected from server
20:01:05: Player "TcheLoco" (steam64id="76561198099449370") connected to server
20:01:10: Player "{KMG}-Rockeiro" (steam64id="76561198928581570") connected to server
20:01:15: Player "{ KMG } - Elguapo" (steam64id="76561198363655296") connected to server
20:01:20: Player "[G.M] O verdadeiro" (steam64id="76561198351631304") connected to server
20:02:15: Player "[HORDA] zBieL" (steam64id="76561198001525812") connected to server
20:03:45: Player "[HORDA]ThiagoPenna" (steam64id="76561198218822351") connected to server
20:16:35: Player "pedrobala" (steam64id="76561198046653521") connected to server
20:20:10: Player "[LGBTQIA+] S T R 1 P P 3 R - S" (steam64id="76561198114043394") connected to server
20:21:40: Player "Seekerzao" (steam64id="76561198067793781") connected to server
20:29:15: Player "Gecom" (steam64id="76561198020315206") connected to server
20:33:35: Player "OZIEL" (steam64id="76561199063596086") connected to server
20:38:20: Player "Dixxt" (steam64id="76561199159398540") connected to server
20:38:55: Player "TripaSeca" (steam64id="76561198093060507") connected to server
20:40:50: Player "[G.M] O verdadeiro" (steam64id="76561198351631304") disconnected from server
20:44:55: Player "[KGB}Nobre Lobo" (steam64id="76561198127199963") connected to server
20:46:15: Player "[KMG] Smifts" (steam64id="76561198304844319") connected to server
20:47:45: Player "[LGBTQIA+] S T R 1 P P 3 R - S" (steam64id="76561198114043394") disconnected from server
20:58:50: Player "Emissarius" (steam64id="76561198271087379") connected to server
20:59:30: Player "TcheLoco" (steam64id="76561198099449370") disconnected from server
21:03:30: Player "Biel FxR" (steam64id="76561198050836260") connected to server
21:04:20: Player "KOREA" (steam64id="76561198253386609") connected to server
21:04:25: Player "BielaTorta" (steam64id="76561198115491145") connected to server
21:08:20: Player "KOREA" (steam64id="76561198253386609") disconnected from server
21:09:05: Player "chron1c" (steam64id="76561198205585613") connected to server
21:09:20: Player "[YKZ]-BlackBear" (steam64id="76561198343030820") connected to server
21:09:50: Player "BielaTorta" (steam64id="76561198115491145") disconnected from server
21:10:10: Player "TzNn." (steam64id="76561198104507595") connected to server
21:12:05: Player "felps" (steam64id="76561198892779186") connected to server
21:15:05: Player "[DY] FROZEN " (steam64id="76561198161060673") connected to server
21:15:55: Player "[DY] MOANA" (steam64id="76561198868590548") connected to server
21:16:35: Player "[DY] FROZEN " (steam64id="76561198161060673") disconnected from server
21:17:35: Player "[ONE] JAPA" (steam64id="76561198161060673") connected to server
21:17:35: Player "TzNn." (steam64id="76561198104507595") disconnected from server
21:18:00: Player "[YKZ]-BlackBear" (steam64id="76561198343030820") disconnected from server
21:18:00: Player "{KMG}-Rockeiro" (steam64id="76561198928581570") disconnected from server
21:18:00: Player "[KMG] Smifts" (steam64id="76561198304844319") disconnected from server
21:18:25: Player "[KMG] Smifts" (steam64id="76561198304844319") connected to server
21:18:25: Player "[DY] MOANA" (steam64id="76561198868590548") disconnected from server
21:18:30: Player "[YKZ]-BlackBear" (steam64id="76561198343030820") connected to server
21:18:45: Player "[ONE] XxibahH" (steam64id="76561198165228070") connected to server
21:18:50: Player "{KMG}-Rockeiro" (steam64id="76561198928581570") connected to server
21:19:00: Player "TzNn." (steam64id="76561198104507595") connected to server
21:19:35: Player "[YAKUZA] -Roger" (steam64id="76561198152624992") connected to server
21:20:30: Player "Leg1tzera" (steam64id="76561198285241998") connected to server
21:21:00: Player "[ONE}Rick" (steam64id="76561198868590548") connected to server
21:25:25: Player "Lovers" (steam64id="76561198027249785") connected to server
21:25:55: Player "[ONE] KARABULJHAN" (steam64id="76561198100527842") connected to server
21:28:10: Player "Tappes" (steam64id="76561198990092287") connected to server
21:32:00: Player "PapaMikeeSC" (steam64id="76561198807571031") connected to server
21:32:10: Player "[ONE] JAPA" (steam64id="76561198161060673") disconnected from server
21:33:45: Player "[ONE] XxibahH" (steam64id="76561198165228070") disconnected from server
21:33:55: Player "[ONE] KARABULJHAN" (steam64id="76561198100527842") disconnected from server
21:35:10: Player "Matsuura" (steam64id="76561198081434786") connected to server
21:35:35: Player "=G3= Chupo no sigilo " (steam64id="76561199037080751") connected to server
21:36:40: Player "o velho peludo" (steam64id="76561198843547059") connected to server
21:38:30: Player "felps" (steam64id="76561198892779186") disconnected from server
21:38:50: Player "[HORDA] zBieL" (steam64id="76561198001525812") disconnected from server
21:39:45: Player "AiPolly" (steam64id="76561198072574279") connected to server
21:40:00: Player "[HORDA]ThiagoPenna" (steam64id="76561198218822351") disconnected from server
21:42:35: Player "pedrobala" (steam64id="76561198046653521") disconnected from server
21:45:35: Player "Passo Largo" (steam64id="76561198057660141") connected to server
21:46:20: Player "=G3= wellbert" (steam64id="76561198914685824") connected to server
21:46:45: Player "[ONE] XxibahH" (steam64id="76561198165228070") connected to server
21:47:55: Player "TzNn." (steam64id="76561198104507595") disconnected from server
21:48:15: Player "jhean" (steam64id="76561198819003355") connected to server
21:49:00: Player "[KMG] Smifts" (steam64id="76561198304844319") disconnected from server
21:49:10: Player "{KMG}-Rockeiro" (steam64id="76561198928581570") disconnected from server
21:49:45: Player "[DY] CINDERELA" (steam64id="76561199153781943") connected to server
21:50:15: Player "CHASER?" (steam64id="76561198246131158") connected to server
21:52:10: Player "?? Prince#4184" (steam64id="76561198199985663") connected to server
21:52:55: Player "Leif" (steam64id="76561198363066028") connected to server
21:53:40: Player "zZeLopes" (steam64id="76561198092232745") connected to server
21:54:45: Player "Matsuura" (steam64id="76561198081434786") disconnected from server
21:55:30: Player "Passo Largo" (steam64id="76561198057660141") disconnected from server
21:56:10: Player "Priori Gamer" (steam64id="76561198051427035") connected to server
21:56:50: Player "[EM]rodrigo" (steam64id="76561198046104047") connected to server
21:57:40: Player "Priori Gamer" (steam64id="76561198051427035") disconnected from server
21:58:00: Player "Wraithish" (steam64id="76561198974160245") connected to server
22:00:50: Player "[EM] Oliveira" (steam64id="76561198133211909") connected to server
22:03:10: Player "Lovers" (steam64id="76561198027249785") disconnected from server
22:04:10: Player "OZIEL" (steam64id="76561199063596086") disconnected from server
22:05:50: Player "Priori Gamer" (steam64id="76561198051427035") connected to server
22:05:55: Player "Domeneghi" (steam64id="76561198090270103") connected to server
22:06:55: Player "LeoGiant" (steam64id="76561198066225451") connected to server
22:07:20: Player "Wraithish" (steam64id="76561198974160245") disconnected from server
22:07:35: Player "felps" (steam64id="76561198892779186") connected to server
22:10:50: Player "[HORDA]ThiagoPenna" (steam64id="76561198218822351") connected to server
22:10:50: Player "Seekerzao" (steam64id="76561198067793781") disconnected from server
22:11:35: Player "felps" (steam64id="76561198892779186") disconnected from server
22:12:35: Player "Dixxt" (steam64id="76561199159398540") disconnected from server
22:12:40: Player "pedrobala" (steam64id="76561198046653521") connected to server
22:16:20: Player "[YKZ] Felps" (steam64id="76561198892779186") connected to server
22:16:25: Player "{ KMG } - Elguapo" (steam64id="76561198363655296") disconnected from server
22:16:50: Player "[EM] Oliveira" (steam64id="76561198133211909") disconnected from server
22:18:00: Player "Leg1tzera" (steam64id="76561198285241998") disconnected from server
22:18:40: Player "Leif" (steam64id="76561198363066028") disconnected from server
22:20:35: Player "jhean" (steam64id="76561198819003355") disconnected from server
22:22:40: Player "jhean" (steam64id="76561198819003355") connected to server
22:25:25: Player "DinizBr" (steam64id="76561198128517157") connected to server
22:27:10: Player "GeehTks" (steam64id="76561199110468388") connected to server
22:27:50: Player "Luska" (steam64id="76561198099970604") connected to server
22:30:35: Player "PEGA NADA" (steam64id="76561198318838340") connected to server
22:30:40: Player "TripaSeca" (steam64id="76561198093060507") disconnected from server
22:31:00: Player "TripaSeca" (steam64id="76561198093060507") connected to server
22:33:15: Player "Dimitri" (steam64id="76561198230201156") connected to server
22:33:15: Player "[KGB}Nobre Lobo" (steam64id="76561198127199963") disconnected from server
22:33:20: Player "Gecom" (steam64id="76561198020315206") disconnected from server
22:34:10: Player "Reis ON" (steam64id="76561198080696308") connected to server
22:34:35: Player "[ONE] JAPA" (steam64id="76561198161060673") connected to server
22:36:15: Player "TeuSDek" (steam64id="76561198394822113") connected to server
22:36:55: Player "Reis ON" (steam64id="76561198080696308") disconnected from server
22:39:45: Player "DuDuzin" (steam64id="76561198204677881") connected to server
22:39:55: Player "[EM]rodrigo" (steam64id="76561198046104047") disconnected from server
22:42:50: Player "Alcanfor" (steam64id="76561198018104612") connected to server
22:43:20: Player "DuDuzin" (steam64id="76561198204677881") disconnected from server
22:44:05: Player "DuDuzin" (steam64id="76561198204677881") connected to server
22:44:10: Player "romimmoss" (steam64id="76561198282777734") connected to server
22:48:55: Player "[HORDA]ThiagoPenna" (steam64id="76561198218822351") disconnected from server
22:49:15: Player "KOREA" (steam64id="76561198253386609") connected to server
22:49:40: Player "[YKZ]-BlackBear" (steam64id="76561198343030820") disconnected from server
22:50:55: Player "Felipe" (steam64id="76561198145846598") connected to server
22:51:10: Player "{ KMG } - Elguapo" (steam64id="76561198363655296") connected to server
22:52:50: Player "G A T O" (steam64id="76561199207813177") connected to server
22:53:30: Player "DinizBr" (steam64id="76561198128517157") disconnected from server
22:54:20: Player "[YKZ]-BlackBear" (steam64id="76561198343030820") connected to server
22:54:35: Player "chron1c" (steam64id="76561198205585613") disconnected from server
22:59:00: Player "FSOCIETY" (steam64id="76561198877983321") connected to server
22:59:15: Player "TeuSDek" (steam64id="76561198394822113") disconnected from server
23:00:00: Player "TeuSDek" (steam64id="76561198394822113") connected to server
23:01:05: Player "{KMG}fuzil" (steam64id="76561198965933878") connected to server
23:02:45: Player "Luska" (steam64id="76561198099970604") disconnected from server
23:04:40: Player "Lobo Sentado" (steam64id="76561198138311400") connected to server
23:05:05: Player "Luska" (steam64id="76561198099970604") connected to server
23:05:45: Player "Leon" (steam64id="76561198043057028") connected to server
23:09:50: Player "DuDuzin" (steam64id="76561198204677881") disconnected from server
23:10:10: Player "{KMG}-Rockeiro" (steam64id="76561198928581570") connected to server
23:10:25: Player "Luska" (steam64id="76561198099970604") disconnected from server
23:11:25: Player "zZeLopes" (steam64id="76561198092232745") disconnected from server
23:11:45: Player "Domeneghi" (steam64id="76561198090270103") disconnected from server
23:12:06: Player "LeoGiant" (steam64id="76561198066225451") disconnected from server
23:12:16: Player "Luska" (steam64id="76561198099970604") connected to server
23:12:41: Player "FSOCIETY" (steam64id="76561198877983321") disconnected from server
23:14:06: Player "[KMG] Smifts" (steam64id="76561198304844319") connected to server
23:15:16: Player "GeehTks" (steam64id="76561199110468388") disconnected from server
23:16:26: Player "Charada" (steam64id="76561198034769290") connected to server
23:17:31: Player "Luska" (steam64id="76561198099970604") disconnected from server
23:18:36: Player "KOREA" (steam64id="76561198253386609") disconnected from server
23:18:51: Player "Todden" (steam64id="76561198013189715") connected to server
23:20:01: Player "Luska" (steam64id="76561198099970604") connected to server
23:24:36: Player "jhean" (steam64id="76561198819003355") disconnected from server
23:24:41: Player "Soft Porn" (steam64id="76561198047309186") connected to server
23:25:11: Player "Pacu" (steam64id="76561198062359982") connected to server
23:26:11: Player "Passo Largo" (steam64id="76561198057660141") connected to server
23:28:16: Player "Pacu" (steam64id="76561198062359982") disconnected from server
23:28:31: Player "ChaCalGamer" (steam64id="76561198995613817") connected to server
23:28:36: Player "Mozzart" (steam64id="76561198122962290") connected to server
23:28:56: Player "Passo Largo" (steam64id="76561198057660141") disconnected from server
23:29:36: Player "ChaCalGamer" (steam64id="76561198995613817") disconnected from server
23:29:56: Player "Rayning" (steam64id="76561198382100426") connected to server
23:32:26: Player "Passo Largo" (steam64id="76561199203652654") connected to server
23:37:01: Player "Charada" (steam64id="76561198034769290") disconnected from server
23:38:06: Player "Malarkey" (steam64id="76561198022370445") connected to server
23:38:21: Player "Todden" (steam64id="76561198013189715") disconnected from server
23:38:36: Player "Dimitri" (steam64id="76561198230201156") disconnected from server
23:39:51: Player "Bacon-Frito" (steam64id="76561198062307418") connected to server
23:40:06: Player "PEGA NADA" (steam64id="76561198318838340") disconnected from server
23:40:16: Player "SAVAGE 1991" (steam64id="76561197991029744") connected to server
23:40:56: Player "ArthemisFall" (steam64id="76561198126997247") connected to server
23:42:56: Player "[DY] CINDERELA" (steam64id="76561199153781943") disconnected from server
23:43:46: Player "[ONE] KARABULJHAN" (steam64id="76561198100527842") connected to server
23:49:16: Player "?? Prince#4184" (steam64id="76561198199985663") disconnected from server
23:49:21: Player "CHASER?" (steam64id="76561198246131158") disconnected from server
23:50:01: Player "ragito" (steam64id="76561198143718624") connected to server
23:50:06: Player "Alexidot" (steam64id="76561198161940404") connected to server
23:54:46: Player "[YAKUZA] -Roger" (steam64id="76561198152624992") disconnected from server
23:55:16: Player "[DY] CINDERELA" (steam64id="76561199153781943") connected to server
23:55:56: Player "[YKZ] Felps" (steam64id="76561198892779186") disconnected from server
23:55:56: Player "Emissarius" (steam64id="76561198271087379") disconnected from server
23:56:16: Player "[YAKUZA] -Roger" (steam64id="76561198152624992") connected to server
23:56:51: Player "Mein" (steam64id="76561198840453785") connected to server
23:58:46: Player "[KMG] Smifts" (steam64id="76561198304844319") disconnected from server
23:59:06: Player "TripaSeca" (steam64id="76561198093060507") disconnected from server
23:59:06: Player "pedrobala" (steam64id="76561198046653521") disconnected from server
23:59:06: Player "[ONE] JAPA" (steam64id="76561198161060673") disconnected from server
23:59:06: Player "Priori Gamer" (steam64id="76561198051427035") disconnected from server
23:59:06: Player "romimmoss" (steam64id="76561198282777734") disconnected from server
23:59:06: Player "Malarkey" (steam64id="76561198022370445") disconnected from server
23:59:06: Player "SAVAGE 1991" (steam64id="76561197991029744") disconnected from server
23:59:06: Player "o velho peludo" (steam64id="76561198843547059") disconnected from server
23:59:06: Player "{ KMG } - Elguapo" (steam64id="76561198363655296") disconnected from server
23:59:06: Player "[DY] CINDERELA" (steam64id="76561199153781943") disconnected from server
23:59:06: Player "G A T O" (steam64id="76561199207813177") disconnected from server
23:59:06: Player "{KMG}-Rockeiro" (steam64id="76561198928581570") disconnected from server
23:59:06: Player "Alcanfor" (steam64id="76561198018104612") disconnected from server
23:59:06: Player "=G3= Chupo no sigilo " (steam64id="76561199037080751") disconnected from server
23:59:06: Player "{KMG}fuzil" (steam64id="76561198965933878") disconnected from server
23:59:06: Player "AiPolly" (steam64id="76561198072574279") disconnected from server
23:59:06: Player "Passo Largo" (steam64id="76561199203652654") disconnected from server
23:59:06: Player "Tappes" (steam64id="76561198990092287") disconnected from server
23:59:06: Player "Mozzart" (steam64id="76561198122962290") disconnected from server
23:59:06: Player "Alexidot" (steam64id="76561198161940404") disconnected from server
23:59:06: Player "Mein" (steam64id="76561198840453785") disconnected from server
23:59:06: Player "[YAKUZA] -Roger" (steam64id="76561198152624992") disconnected from server
23:59:06: Player "Biel FxR" (steam64id="76561198050836260") disconnected from server
23:59:06: Player "Bacon-Frito" (steam64id="76561198062307418") disconnected from server
23:59:06: Player "Soft Porn" (steam64id="76561198047309186") disconnected from server
23:59:06: Player "ArthemisFall" (steam64id="76561198126997247") disconnected from server
23:59:06: Player "ragito" (steam64id="76561198143718624") disconnected from server
23:59:06: Player "TeuSDek" (steam64id="76561198394822113") disconnected from server
23:59:06: Player "=G3= wellbert" (steam64id="76561198914685824") disconnected from server
23:59:06: Player "[ONE] KARABULJHAN" (steam64id="76561198100527842") disconnected from server
23:59:06: Player "[ONE] XxibahH" (steam64id="76561198165228070") disconnected from server
23:59:06: Player "PapaMikeeSC" (steam64id="76561198807571031") disconnected from server
23:59:06: Player "[YKZ]-BlackBear" (steam64id="76561198343030820") disconnected from server
23:59:06: Player "[ONE}Rick" (steam64id="76561198868590548") disconnected from server
23:59:06: Player "Leon" (steam64id="76561198043057028") disconnected from server
23:59:06: Player "Lobo Sentado" (steam64id="76561198138311400") disconnected from server
23:59:06: Player "Rayning" (steam64id="76561198382100426") disconnected from server
23:59:06: Player "Luska" (steam64id="76561198099970604") disconnected from server
23:59:06: Player "Felipe" (steam64id="76561198145846598") disconnected from server
