00:00:33: Player "[YKZ] Felps" (steam64id="76561198892779186") connected to server
00:00:33: Player "Viniguitton" (steam64id="76561198070540405") connected to server
00:00:33: Player "Algalica" (steam64id="76561197990134789") connected to server
00:00:38: Player "chikynico" (steam64id="76561198305914940") connected to server
00:00:38: Player "[YKZ]-Lobato" (steam64id="76561198158375860") connected to server
00:00:38: Player "Boneco " (steam64id="76561199225248971") connected to server
00:00:43: Player "Nadezhda" (steam64id="76561198153556929") connected to server
00:00:43: Player "StarkCG" (steam64id="76561198121484554") connected to server
00:00:48: Player "Bigato" (steam64id="76561198192204303") connected to server
00:00:48: Player "David Jr" (steam64id="76561198962491605") connected to server
00:00:53: Player "TripaSeca" (steam64id="76561198093060507") connected to server
00:00:53: Player "Accelerator [BR]" (steam64id="76561198156883270") connected to server
00:01:08: Player "[BSK] AlexDeatfield" (steam64id="76561198398091933") connected to server
00:01:08: Player "Nagant" (steam64id="76561198060676505") connected to server
00:01:13: Player "CARAJO" (steam64id="76561198081512167") connected to server
00:01:38: Player "Sergei" (steam64id="76561198023041890") connected to server
00:01:48: Player "[EB] pedrobala" (steam64id="76561198046653521") connected to server
00:02:18: Player "Vini_300" (steam64id="76561198145785923") connected to server
00:02:33: Player "Kavaix" (steam64id="76561198370126935") connected to server
00:02:38: Player "[YKZ]-BlackBear" (steam64id="76561198343030820") connected to server
00:02:58: Player "[TLTBI] Lara Rider" (steam64id="76561198137141623") connected to server
00:03:13: Player "PintoJunior" (steam64id="76561198057936781") connected to server
00:04:28: Player "Kavaix" (steam64id="76561198370126935") disconnected from server
00:04:33: Player "Mosin" (steam64id="76561198280586776") connected to server
00:05:13: Player "[BSK] AlexDeatfield" (steam64id="76561198398091933") disconnected from server
00:05:33: Player "[BSK] AlexDeatfield" (steam64id="76561198398091933") connected to server
00:05:38: Player "Kavaix" (steam64id="76561198370126935") connected to server
00:05:43: Player "Duero" (steam64id="76561198259492425") connected to server
00:06:03: Player "ttuker" (steam64id="76561198971813376") connected to server
00:06:48: Player "BRUXO" (steam64id="76561198140728342") connected to server
00:07:48: Player "Survivrau" (steam64id="76561198057660141") connected to server
00:08:33: Player "MERDS" (steam64id="76561198083121593") connected to server
00:08:38: Player "G A T O" (steam64id="76561199207813177") connected to server
00:09:48: Player "Biel FxR" (steam64id="76561198050836260") connected to server
00:10:08: Player "Hacan121" (steam64id="76561198345012092") connected to server
00:11:28: Player "ttuker" (steam64id="76561198971813376") disconnected from server
00:11:28: Player "[TLTBI] Lara Rider" (steam64id="76561198137141623") disconnected from server
00:12:03: Player "[OGF] Vintage" (steam64id="76561198259667513") connected to server
00:12:43: Player "[TLTBI] Lara Rider" (steam64id="76561198137141623") connected to server
00:14:38: Player "[OGF] Vintage" (steam64id="76561198259667513") disconnected from server
00:16:13: Player "[YKZ]-Lobato" (steam64id="76561198158375860") disconnected from server
00:18:13: Player "[YKZ]-Lobato" (steam64id="76561198158375860") connected to server
00:25:34: Player "Biel FxR" (steam64id="76561198050836260") disconnected from server
00:27:29: Player "ttuker" (steam64id="76561198971813376") connected to server
00:30:49: Player "Biel FxR" (steam64id="76561198050836260") connected to server
00:31:59: Player "[EB] pedrobala" (steam64id="76561198046653521") disconnected from server
00:32:04: Player "Bigato" (steam64id="76561198192204303") disconnected from server
00:32:04: Player "StarkCG" (steam64id="76561198121484554") disconnected from server
00:32:09: Player "David Jr" (steam64id="76561198962491605") disconnected from server
00:32:14: Player "TripaSeca" (steam64id="76561198093060507") disconnected from server
00:32:14: Player "Nadezhda" (steam64id="76561198153556929") disconnected from server
00:32:14: Player "Biel FxR" (steam64id="76561198050836260") disconnected from server
00:32:14: Player "[YKZ] Felps" (steam64id="76561198892779186") disconnected from server
00:32:14: Player "Algalica" (steam64id="76561197990134789") disconnected from server
00:32:14: Player "PintoJunior" (steam64id="76561198057936781") disconnected from server
00:32:14: Player "[BSK] AlexDeatfield" (steam64id="76561198398091933") disconnected from server
00:32:14: Player "Viniguitton" (steam64id="76561198070540405") disconnected from server
00:32:19: Player "BRUXO" (steam64id="76561198140728342") disconnected from server
00:32:19: Player "Boneco " (steam64id="76561199225248971") disconnected from server
00:32:19: Player "[YKZ]-BlackBear" (steam64id="76561198343030820") disconnected from server
00:32:19: Player "Sergei" (steam64id="76561198023041890") disconnected from server
00:32:19: Player "[YKZ]-Lobato" (steam64id="76561198158375860") disconnected from server
00:32:24: Player "G A T O" (steam64id="76561199207813177") disconnected from server
00:32:24: Player "Duero" (steam64id="76561198259492425") disconnected from server
00:32:34: Player "Hacan121" (steam64id="76561198345012092") disconnected from server
00:32:34: Player "[TLTBI] Lara Rider" (steam64id="76561198137141623") disconnected from server
00:32:39: Player "ttuker" (steam64id="76561198971813376") disconnected from server
00:32:39: Player "Kavaix" (steam64id="76561198370126935") disconnected from server
00:32:59: Player "MERDS" (steam64id="76561198083121593") disconnected from server
00:33:09: Player "chikynico" (steam64id="76561198305914940") disconnected from server
00:33:19: Player "Accelerator [BR]" (steam64id="76561198156883270") disconnected from server
00:33:24: Player "CARAJO" (steam64id="76561198081512167") disconnected from server
00:33:44: Player "Mosin" (steam64id="76561198280586776") disconnected from server
00:33:54: Player "Survivrau" (steam64id="76561198057660141") disconnected from server
00:34:09: Player "Vini_300" (steam64id="76561198145785923") disconnected from server
00:35:14: Player "Nagant" (steam64id="76561198060676505") disconnected from server
00:41:24: Player "PintoJunior" (steam64id="76561198057936781") connected to server
00:41:29: Player "[YKZ]-BlackBear" (steam64id="76561198343030820") connected to server
00:41:34: Player "[YKZ]-Lobato" (steam64id="76561198158375860") connected to server
00:42:19: Player "[TLTBI] Lara Rider" (steam64id="76561198137141623") connected to server
00:42:39: Player "CARAJO" (steam64id="76561198081512167") connected to server
00:42:49: Player "G A T O" (steam64id="76561199207813177") connected to server
00:42:54: Player "[YKZ] pedrobala" (steam64id="76561198046653521") connected to server
00:43:04: Player "TripaSeca" (steam64id="76561198093060507") connected to server
00:43:09: Player "StarkCG" (steam64id="76561198121484554") connected to server
00:43:24: Player "BRUXO" (steam64id="76561198140728342") connected to server
00:43:29: Player "[BSK] AlexDeatfield" (steam64id="76561198398091933") connected to server
00:44:14: Player "Hacan121" (steam64id="76561198345012092") connected to server
00:44:29: Player "[YKZ] Felps" (steam64id="76561198892779186") connected to server
00:45:54: Player "Boneco " (steam64id="76561199225248971") connected to server
00:46:24: Player "KOREA" (steam64id="76561198253386609") connected to server
00:47:49: Player "Vini_300" (steam64id="76561198145785923") connected to server
00:51:34: Player "Kavaix" (steam64id="76561198370126935") connected to server
01:06:29: Player "KOREA" (steam64id="76561198253386609") disconnected from server
01:09:59: Player "guzabo" (steam64id="76561198330488258") connected to server
01:10:24: Player "BRUXO" (steam64id="76561198140728342") disconnected from server
01:17:39: Player "PintoJunior" (steam64id="76561198057936781") disconnected from server
01:19:59: Player "THE10" (steam64id="76561199050887587") connected to server
01:21:44: Player "guzabo" (steam64id="76561198330488258") disconnected from server
01:28:54: Player "[YKZ] pedrobala" (steam64id="76561198046653521") disconnected from server
01:30:14: Player "[YKZ]-BlackBear" (steam64id="76561198343030820") disconnected from server
01:30:34: Player "[BSK] AlexDeatfield" (steam64id="76561198398091933") disconnected from server
01:34:09: Player "StarkCG" (steam64id="76561198121484554") disconnected from server
01:35:54: Player "TripaSeca" (steam64id="76561198093060507") disconnected from server
02:11:39: Player "Boneco " (steam64id="76561199225248971") disconnected from server
02:11:54: Player "Vini_300" (steam64id="76561198145785923") disconnected from server
02:16:19: Player "Hacan121" (steam64id="76561198345012092") disconnected from server
02:21:24: Player "[TLTBI] Lara Rider" (steam64id="76561198137141623") disconnected from server
02:21:44: Player "[TLTBI] Lara Rider" (steam64id="76561198137141623") connected to server
02:34:29: Player "[YKZ]-Lobato" (steam64id="76561198158375860") disconnected from server
02:35:09: Player "[YKZ] Felps" (steam64id="76561198892779186") disconnected from server
02:42:14: Player "G A T O" (steam64id="76561199207813177") disconnected from server
02:44:19: Player "THE10" (steam64id="76561199050887587") disconnected from server
02:47:24: Player "THE10" (steam64id="76561199050887587") connected to server
02:51:44: Player "[TLTBI] Lara Rider" (steam64id="76561198137141623") disconnected from server
02:52:09: Player "[TLTBI] Lara Rider" (steam64id="76561198137141623") connected to server
02:53:09: Player "THE10" (steam64id="76561199050887587") disconnected from server
02:53:24: Player "THE10" (steam64id="76561199050887587") connected to server
02:57:59: Player "[TLTBI] Lara Rider" (steam64id="76561198137141623") disconnected from server
03:06:24: Player "CARAJO" (steam64id="76561198081512167") disconnected from server
03:16:54: Player "[YKZ] Seekerzao" (steam64id="76561198067793781") connected to server
03:28:29: Player "Kavaix" (steam64id="76561198370126935") disconnected from server
03:43:54: Player "THE10" (steam64id="76561199050887587") disconnected from server
03:58:34: Player "[YKZ] Seekerzao" (steam64id="76561198067793781") disconnected from server
04:05:19: Player "[YKZ] Seekerzao" (steam64id="76561198067793781") connected to server
05:33:49: Player "[YKZ] Seekerzao" (steam64id="76561198067793781") disconnected from server
08:15:33: Player "GabrielDWR" (steam64id="76561199012612653") connected to server
10:55:13: Player "Sagara" (steam64id="76561198057660620") connected to server
11:01:18: Player "Sagara" (steam64id="76561198057660620") disconnected from server
11:06:33: Player "[ONE] JAPA" (steam64id="76561198161060673") connected to server
11:08:48: Player "[YKZ]-Lobato" (steam64id="76561198158375860") connected to server
11:16:43: Player "Sagara" (steam64id="76561198057660620") connected to server
11:26:38: Player "Sagara" (steam64id="76561198057660620") disconnected from server
11:50:43: Player "[YKZ]-Lobato" (steam64id="76561198158375860") disconnected from server
11:58:33: Player "[ONE] JAPA" (steam64id="76561198161060673") disconnected from server
11:58:33: Player "GabrielDWR" (steam64id="76561199012612653") disconnected from server
12:00:37: Player "[ONE] JAPA" (steam64id="76561198161060673") connected to server
12:04:02: Player "GabrielDWR" (steam64id="76561199012612653") connected to server
12:15:52: Player "[HORDA]ThiagoPenna" (steam64id="76561198218822351") connected to server
12:19:17: Player "GabrielDWR" (steam64id="76561199012612653") disconnected from server
12:38:07: Player "[YKZ]-Lobato" (steam64id="76561198158375860") connected to server
12:41:02: Player "[ONE] JAPA" (steam64id="76561198161060673") disconnected from server
12:46:37: Player "[HORDA]MacLovin" (steam64id="76561199068236803") connected to server
12:54:12: Player "[YKZ]-Lobato" (steam64id="76561198158375860") disconnected from server
12:57:47: Player "[YKZ] Felps" (steam64id="76561198892779186") connected to server
12:57:57: Player "Noalino11" (steam64id="76561198330476491") connected to server
13:00:37: Player "[HORDA] JHON WICK" (steam64id="76561198122075703") connected to server
13:01:47: Player "Noalino11" (steam64id="76561198330476491") disconnected from server
13:06:12: Player "THE10" (steam64id="76561199050887587") connected to server
13:08:27: Player "CARAJO" (steam64id="76561198081512167") connected to server
13:13:47: Player "[ONE] JAPA" (steam64id="76561198161060673") connected to server
13:16:17: Player "[HORDA]MacLovin" (steam64id="76561199068236803") disconnected from server
13:16:47: Player "[HORDA]MacLovin" (steam64id="76561199068236803") connected to server
13:35:37: Player "[YKZ] Felps" (steam64id="76561198892779186") disconnected from server
13:44:02: Player "[HORDA]MacLovin" (steam64id="76561199068236803") disconnected from server
13:51:12: Player "marcelinho" (steam64id="76561198817477406") connected to server
13:53:12: Player "Licao" (steam64id="76561198177924711") connected to server
13:58:37: Player "[HORDA]ThiagoPenna" (steam64id="76561198218822351") disconnected from server
14:03:42: Player "CARAJO" (steam64id="76561198081512167") disconnected from server
14:15:22: Player "[ONE] JAPA" (steam64id="76561198161060673") disconnected from server
14:31:12: Player "chule" (steam64id="76561198345483021") connected to server
14:45:12: Player "Sagara" (steam64id="76561198057660620") connected to server
14:46:22: Player "Betinho_maluco" (steam64id="76561198057627157") connected to server
14:50:02: Player "chule" (steam64id="76561198345483021") disconnected from server
14:53:32: Player "chule" (steam64id="76561198345483021") connected to server
14:56:32: Player "THE10" (steam64id="76561199050887587") disconnected from server
15:02:32: Player "Licao" (steam64id="76561198177924711") disconnected from server
15:05:47: Player "[HORDA] JHON WICK" (steam64id="76561198122075703") disconnected from server
15:06:02: Player "marcelinho" (steam64id="76561198817477406") disconnected from server
15:14:22: Player "Sagara" (steam64id="76561198057660620") disconnected from server
15:46:42: Player "[YKZ] Felps" (steam64id="76561198892779186") connected to server
15:56:27: Player "chule" (steam64id="76561198345483021") disconnected from server
15:57:27: Player "chule" (steam64id="76561198345483021") connected to server
15:58:37: Player "Betinho_maluco" (steam64id="76561198057627157") disconnected from server
15:58:37: Player "chule" (steam64id="76561198345483021") disconnected from server
15:58:37: Player "[YKZ] Felps" (steam64id="76561198892779186") disconnected from server
16:00:46: Player "chule" (steam64id="76561198345483021") connected to server
16:01:11: Player "[YKZ] Felps" (steam64id="76561198892779186") connected to server
16:01:46: Player "Betinho_maluco" (steam64id="76561198057627157") connected to server
16:03:11: Player "chule" (steam64id="76561198345483021") disconnected from server
16:03:31: Player "chule" (steam64id="76561198345483021") connected to server
16:05:16: Player "Funghi" (steam64id="76561199069858485") connected to server
16:05:46: Player "ACC" (steam64id="76561198106291582") connected to server
16:18:46: Player "CARAJO" (steam64id="76561198081512167") connected to server
16:30:46: Player "Betinho_maluco" (steam64id="76561198057627157") disconnected from server
16:34:01: Player "Betinho_maluco" (steam64id="76561198057627157") connected to server
16:34:26: Player "Ladimilson" (steam64id="76561198329721265") connected to server
16:35:41: Player "chule" (steam64id="76561198345483021") disconnected from server
16:36:01: Player "chule" (steam64id="76561198345483021") connected to server
16:40:11: Player "Betinho_maluco" (steam64id="76561198057627157") disconnected from server
16:45:36: Player "chule" (steam64id="76561198345483021") disconnected from server
16:46:01: Player "chule" (steam64id="76561198345483021") connected to server
16:55:01: Player "Vini_300" (steam64id="76561198145785923") connected to server
16:57:01: Player "feastnathan" (steam64id="76561198123804765") connected to server
17:02:11: Player "[L.B] Santorin" (steam64id="76561199069721527") connected to server
17:02:11: Player "Ladimilson" (steam64id="76561198329721265") disconnected from server
17:03:16: Player "Ladimilson" (steam64id="76561198329721265") connected to server
17:18:46: Player "[YKZ] Felps" (steam64id="76561198892779186") disconnected from server
17:26:16: Player "Ladimilson" (steam64id="76561198329721265") disconnected from server
17:26:46: Player "[L.B] Santorin" (steam64id="76561199069721527") disconnected from server
17:30:36: Player "Licao" (steam64id="76561198177924711") connected to server
17:38:21: Player "[L.B] Santorin" (steam64id="76561199069721527") connected to server
17:47:41: Player "[HORDA]MacLovin" (steam64id="76561199068236803") connected to server
17:47:46: Player "[L.B] Santorin" (steam64id="76561199069721527") disconnected from server
17:49:31: Player "[L.B] Santorin" (steam64id="76561199069721527") connected to server
18:00:36: Player "Dandan" (steam64id="76561198171926838") connected to server
18:01:51: Player "DarkFyll" (steam64id="76561198972162440") connected to server
18:02:46: Player "[YKZ] chron1c" (steam64id="76561198205585613") connected to server
18:07:11: Player "Funghi" (steam64id="76561199069858485") disconnected from server
18:07:56: Player "[YKZ] chron1c" (steam64id="76561198205585613") disconnected from server
18:08:06: Player "Funghi" (steam64id="76561199069858485") connected to server
18:10:51: Player "Vini_300" (steam64id="76561198145785923") disconnected from server
18:19:36: Player "Duero" (steam64id="76561198259492425") connected to server
18:19:46: Player "[L.B] Santorin" (steam64id="76561199069721527") disconnected from server
18:20:51: Player "Santorin" (steam64id="76561199069721527") connected to server
18:24:26: Player "DarkFyll" (steam64id="76561198972162440") disconnected from server
18:27:56: Player "Luisff" (steam64id="76561198191554814") connected to server
18:30:01: Player "Accelerator [BR]" (steam64id="76561198156883270") connected to server
18:33:11: Player "Santorin" (steam64id="76561199069721527") disconnected from server
18:34:16: Player "Santorin" (steam64id="76561199069721527") connected to server
18:37:31: Player "Galega" (steam64id="76561198959103891") connected to server
18:43:01: Player "[HORDA]MacLovin" (steam64id="76561199068236803") disconnected from server
18:43:56: Player "Funghi" (steam64id="76561199069858485") disconnected from server
18:44:51: Player "ACC" (steam64id="76561198106291582") disconnected from server
18:53:36: Player "[ONE] JAPA" (steam64id="76561198161060673") connected to server
18:58:01: Player "Viniguitton" (steam64id="76561198070540405") connected to server
18:58:11: Player "David Jr" (steam64id="76561198962491605") connected to server
18:58:26: Player "CHASER?" (steam64id="76561198246131158") connected to server
19:05:16: Player "feastnathan" (steam64id="76561198123804765") disconnected from server
19:05:36: Player "feastnathan" (steam64id="76561198123804765") connected to server
19:08:26: Player "Luisff" (steam64id="76561198191554814") disconnected from server
19:09:26: Player "[HORDA]MacLovin" (steam64id="76561199068236803") connected to server
19:10:26: Player "CHASER?" (steam64id="76561198246131158") disconnected from server
19:18:01: Player "[ONE] JAPA" (steam64id="76561198161060673") disconnected from server
19:19:16: Player "Santorin" (steam64id="76561199069721527") disconnected from server
19:20:31: Player "CHASER?" (steam64id="76561198246131158") connected to server
19:21:06: Player "[HORDA]MacLovin" (steam64id="76561199068236803") disconnected from server
19:23:31: Player "Vini_300" (steam64id="76561198145785923") connected to server
19:24:46: Player "CHASER?" (steam64id="76561198246131158") disconnected from server
19:28:06: Player "CHASER?" (steam64id="76561198246131158") connected to server
19:30:26: Player "[YKZ] Felps" (steam64id="76561198892779186") connected to server
19:30:46: Player "[YKZ] chron1c" (steam64id="76561198205585613") connected to server
19:33:06: Player "Lop1nho" (steam64id="76561198136544409") connected to server
19:34:06: Player "Bigato" (steam64id="76561198192204303") connected to server
19:34:21: Player "Lop1nho" (steam64id="76561198136544409") disconnected from server
19:35:36: Player "Duero" (steam64id="76561198259492425") disconnected from server
19:37:46: Player "SobrinhoSam" (steam64id="76561199014145539") connected to server
19:39:11: Player "starkcg" (steam64id="76561198121484554") connected to server
19:39:51: Player "Galega" (steam64id="76561198959103891") disconnected from server
19:41:11: Player "bLisH" (steam64id="76561198970690760") connected to server
19:43:41: Player "Duero" (steam64id="76561198259492425") connected to server
19:46:06: Player "Duero" (steam64id="76561198259492425") disconnected from server
19:48:21: Player "bistecinha30" (steam64id="76561198171642523") connected to server
19:49:51: Player "David Jr" (steam64id="76561198962491605") disconnected from server
19:50:16: Player "CHASER?" (steam64id="76561198246131158") disconnected from server
19:51:01: Player "Viniguitton" (steam64id="76561198070540405") disconnected from server
19:51:31: Player "Accelerator [BR]" (steam64id="76561198156883270") disconnected from server
19:55:41: Player "Dandan" (steam64id="76561198171926838") disconnected from server
19:55:41: Player "Licao" (steam64id="76561198177924711") disconnected from server
19:56:11: Player "Accelerator [BR]" (steam64id="76561198156883270") connected to server
19:58:36: Player "starkcg" (steam64id="76561198121484554") disconnected from server
19:58:36: Player "bistecinha30" (steam64id="76561198171642523") disconnected from server
19:58:36: Player "chule" (steam64id="76561198345483021") disconnected from server
19:58:36: Player "CARAJO" (steam64id="76561198081512167") disconnected from server
19:58:36: Player "feastnathan" (steam64id="76561198123804765") disconnected from server
19:58:36: Player "[YKZ] Felps" (steam64id="76561198892779186") disconnected from server
19:58:36: Player "bLisH" (steam64id="76561198970690760") disconnected from server
19:58:36: Player "Accelerator [BR]" (steam64id="76561198156883270") disconnected from server
19:58:36: Player "Bigato" (steam64id="76561198192204303") disconnected from server
19:58:36: Player "SobrinhoSam" (steam64id="76561199014145539") disconnected from server
19:58:36: Player "Vini_300" (steam64id="76561198145785923") disconnected from server
19:58:36: Player "[YKZ] chron1c" (steam64id="76561198205585613") disconnected from server
20:00:45: Player "[YKZ] chron1c" (steam64id="76561198205585613") connected to server
20:00:45: Player "CARAJO" (steam64id="76561198081512167") connected to server
20:00:45: Player "[YKZ] Felps" (steam64id="76561198892779186") connected to server
20:00:45: Player "feastnathan" (steam64id="76561198123804765") connected to server
20:00:45: Player "Accelerator [BR]" (steam64id="76561198156883270") connected to server
20:01:00: Player "starkcg" (steam64id="76561198121484554") connected to server
20:01:35: Player "CHASER?" (steam64id="76561198246131158") connected to server
20:01:55: Player "Bigato" (steam64id="76561198192204303") connected to server
20:02:35: Player "Vini_300" (steam64id="76561198145785923") connected to server
20:08:20: Player "CARAJO" (steam64id="76561198081512167") disconnected from server
20:12:45: Player "starkcg" (steam64id="76561198121484554") disconnected from server
20:13:10: Player "SobrinhoSam" (steam64id="76561199014145539") connected to server
20:14:25: Player "Josema420" (steam64id="76561198278742213") connected to server
20:14:30: Player "bistecinha30" (steam64id="76561198171642523") connected to server
20:14:50: Player "CHASER?" (steam64id="76561198246131158") disconnected from server
20:16:00: Player "Vini_300" (steam64id="76561198145785923") disconnected from server
20:16:20: Player "Vini_300" (steam64id="76561198145785923") connected to server
20:19:05: Player "Accelerator [BR]" (steam64id="76561198156883270") disconnected from server
20:20:00: Player "XOTA" (steam64id="76561199083408122") connected to server
20:20:00: Player "bistecinha30" (steam64id="76561198171642523") disconnected from server
20:21:40: Player "Vini_300" (steam64id="76561198145785923") disconnected from server
20:23:35: Player "Ronin" (steam64id="76561199105118692") connected to server
20:27:10: Player "CHASER?" (steam64id="76561198246131158") connected to server
20:30:25: Player "Alcanfor" (steam64id="76561198018104612") connected to server
20:33:00: Player "Hagal" (steam64id="76561198067284475") connected to server
20:35:15: Player "xPODEXx" (steam64id="76561199175025719") connected to server
20:35:35: Player "?? Prince#4184" (steam64id="76561198199985663") connected to server
20:35:40: Player "[YKZ] chron1c" (steam64id="76561198205585613") disconnected from server
20:36:20: Player "Josema420" (steam64id="76561198278742213") disconnected from server
20:37:50: Player "Vini_300" (steam64id="76561198145785923") connected to server
20:44:50: Player "xPODEXx" (steam64id="76561199175025719") disconnected from server
20:45:50: Player "Hagal" (steam64id="76561198067284475") disconnected from server
20:46:30: Player "[HORDA]MacLovin" (steam64id="76561199068236803") connected to server
20:46:45: Player "Neldide" (steam64id="76561198151967747") connected to server
20:53:55: Player "Kavaix" (steam64id="76561198370126935") connected to server
20:55:10: Player "MERDS" (steam64id="76561198083121593") connected to server
20:56:10: Player "Vini_300" (steam64id="76561198145785923") disconnected from server
20:57:35: Player "[YKZ] pedrobala" (steam64id="76561198046653521") connected to server
20:59:35: Player "MERDS" (steam64id="76561198083121593") disconnected from server
21:00:30: Player "Neldide" (steam64id="76561198151967747") disconnected from server
21:04:35: Player "Alcanfor" (steam64id="76561198018104612") disconnected from server
21:04:40: Player "MERDS" (steam64id="76561198083121593") connected to server
21:07:05: Player "Kavaix" (steam64id="76561198370126935") disconnected from server
21:16:35: Player "SobrinhoSam" (steam64id="76561199014145539") disconnected from server
21:17:05: Player "SobrinhoSam" (steam64id="76561199014145539") connected to server
21:21:10: Player "Alcanfor" (steam64id="76561198018104612") connected to server
21:21:45: Player "feastnathan" (steam64id="76561198123804765") disconnected from server
21:22:50: Player "[HORDA]ThiagoPenna" (steam64id="76561198218822351") connected to server
21:25:55: Player "[HORDA] JHON WICK" (steam64id="76561198122075703") connected to server
21:27:30: Player "Vini_300" (steam64id="76561198145785923") connected to server
21:28:15: Player "[HORDA]MacLovin" (steam64id="76561199068236803") disconnected from server
21:28:25: Player "[HORDA]KAS" (steam64id="76561199202697738") connected to server
21:28:55: Player "SobrinhoSam" (steam64id="76561199014145539") disconnected from server
21:29:05: Player "XOTA" (steam64id="76561199083408122") disconnected from server
21:29:45: Player "Kavaix" (steam64id="76561198370126935") connected to server
21:31:25: Player "[horda]marcelinho" (steam64id="76561198817477406") connected to server
21:33:50: Player "[HORDA]KAS" (steam64id="76561199202697738") disconnected from server
21:37:55: Player "[HORDA] JHON WICK" (steam64id="76561198122075703") disconnected from server
21:39:55: Player "SobrinhoSam" (steam64id="76561199014145539") connected to server
21:40:15: Player "[YKZ] Notsniw" (steam64id="76561197967151252") connected to server
21:41:15: Player "XOTA" (steam64id="76561199083408122") connected to server
21:43:05: Player "Xupyra" (steam64id="76561198258911731") connected to server
21:48:35: Player "Kenne {COT}" (steam64id="76561199162256124") connected to server
21:49:45: Player "(CNXC)Roger    " (steam64id="76561198119108882") connected to server
21:50:05: Player "Raemi" (steam64id="76561198048467587") connected to server
21:50:20: Player "StarkCG" (steam64id="76561198121484554") connected to server
21:52:00: Player "[YKZ] GordoEmers" (steam64id="76561198260617608") connected to server
21:53:30: Player "Biel FxR" (steam64id="76561198050836260") connected to server
21:54:10: Player "Sonetco" (steam64id="76561198991945000") connected to server
21:55:00: Player "[YKZ] GordoEmers" (steam64id="76561198260617608") disconnected from server
21:55:25: Player "DanielSam" (steam64id="76561198867200764") connected to server
21:55:30: Player "SobrinhoSam" (steam64id="76561199014145539") disconnected from server
21:56:00: Player "[YKZ] GordoEmers" (steam64id="76561198260617608") connected to server
21:56:15: Player "SobrinhoSam" (steam64id="76561199014145539") connected to server
21:57:40: Player "TripaSeca" (steam64id="76561198093060507") connected to server
21:59:25: Player "?? Prince#4184" (steam64id="76561198199985663") disconnected from server
21:59:30: Player "CHASER?" (steam64id="76561198246131158") disconnected from server
21:59:40: Player "Ronin" (steam64id="76561199105118692") disconnected from server
22:03:15: Player "MERDS" (steam64id="76561198083121593") disconnected from server
22:07:50: Player "feastnathan" (steam64id="76561198123804765") connected to server
22:09:00: Player "Charada" (steam64id="76561198034769290") connected to server
22:11:10: Player "Kavaix" (steam64id="76561198370126935") disconnected from server
22:12:40: Player "Galega" (steam64id="76561198959103891") connected to server
22:22:10: Player "MERDS" (steam64id="76561198083121593") connected to server
22:23:40: Player "XOTA" (steam64id="76561199083408122") disconnected from server
22:24:55: Player "MERDS" (steam64id="76561198083121593") disconnected from server
22:25:05: Player "XOTA" (steam64id="76561199083408122") connected to server
22:25:15: Player "Boris Yeltsin" (steam64id="76561197983144204") connected to server
22:28:05: Player "KOREA" (steam64id="76561198253386609") connected to server
22:34:25: Player "TsMat" (steam64id="76561198098435799") connected to server
22:34:45: Player "Boris Yeltsin" (steam64id="76561197983144204") disconnected from server
22:35:30: Player "[YKZ] GordoEmers" (steam64id="76561198260617608") disconnected from server
22:36:20: Player "Boris Yeltsin" (steam64id="76561197983144204") connected to server
22:36:25: Player "VinPerdiga" (steam64id="76561198407543183") connected to server
22:41:30: Player "TripaSeca" (steam64id="76561198093060507") disconnected from server
22:43:05: Player "StarkCG" (steam64id="76561198121484554") disconnected from server
22:46:40: Player "[horda]marcelinho" (steam64id="76561198817477406") disconnected from server
22:47:00: Player "[HORDA]ThiagoPenna" (steam64id="76561198218822351") disconnected from server
22:49:25: Player "TripaSeca" (steam64id="76561198093060507") connected to server
22:52:35: Player "Boris Yeltsin" (steam64id="76561197983144204") disconnected from server
22:54:45: Player "(CNXC)Roger    " (steam64id="76561198119108882") disconnected from server
22:55:50: Player "Sonetco" (steam64id="76561198991945000") disconnected from server
22:56:55: Player "Duero" (steam64id="76561198259492425") connected to server
23:00:50: Player "[YKZ] chron1c" (steam64id="76561198205585613") connected to server
23:00:50: Player "Duero" (steam64id="76561198259492425") disconnected from server
23:02:20: Player "XOTA" (steam64id="76561199083408122") disconnected from server
23:03:10: Player "XOTA" (steam64id="76561199083408122") connected to server
23:03:20: Player "KOREA" (steam64id="76561198253386609") disconnected from server
23:04:35: Player "feastnathan" (steam64id="76561198123804765") disconnected from server
23:04:35: Player "Galega" (steam64id="76561198959103891") disconnected from server
23:05:50: Player "Alcanfor" (steam64id="76561198018104612") disconnected from server
23:06:05: Player "Alcanfor" (steam64id="76561198018104612") connected to server
23:07:20: Player "[YKZ] chron1c" (steam64id="76561198205585613") disconnected from server
23:09:15: Player "G A T O" (steam64id="76561199207813177") connected to server
23:14:25: Player "TripaSeca" (steam64id="76561198093060507") disconnected from server
23:14:40: Player "Kenne {COT}" (steam64id="76561199162256124") disconnected from server
23:14:45: Player "Raemi" (steam64id="76561198048467587") disconnected from server
23:15:00: Player "Kenne {COT}" (steam64id="76561199162256124") connected to server
23:18:05: Player "Biel FxR" (steam64id="76561198050836260") disconnected from server
23:18:50: Player "Sonetco" (steam64id="76561198991945000") connected to server
23:20:15: Player "Vini_300" (steam64id="76561198145785923") disconnected from server
23:21:20: Player "Luisff" (steam64id="76561198191554814") connected to server
23:23:15: Player "[YKZ] pedrobala" (steam64id="76561198046653521") disconnected from server
23:24:05: Player "(CNXC)Roger    " (steam64id="76561198119108882") connected to server
23:25:05: Player "[YKZ] pedrobala" (steam64id="76561198046653521") connected to server
23:27:35: Player "[ONE] JAPA" (steam64id="76561198161060673") connected to server
23:30:15: Player "DanielSam" (steam64id="76561198867200764") disconnected from server
23:32:45: Player "Vini_300" (steam64id="76561198145785923") connected to server
23:32:55: Player "Luisff" (steam64id="76561198191554814") disconnected from server
23:33:25: Player "Criolo" (steam64id="76561199160964742") connected to server
23:34:45: Player "Survivrau" (steam64id="76561198057660141") connected to server
23:37:55: Player "RS Ricardo" (steam64id="76561198128886962") connected to server
23:38:10: Player "David Jr" (steam64id="76561198962491605") connected to server
23:40:50: Player "Charada" (steam64id="76561198034769290") disconnected from server
23:41:25: Player "Brayan" (steam64id="76561199129190063") connected to server
23:43:10: Player "Raemi" (steam64id="76561198048467587") connected to server
23:44:05: Player "[XIT]SoulzaHur" (steam64id="76561198387573700") connected to server
23:45:30: Player "Vini_300" (steam64id="76561198145785923") disconnected from server
23:47:20: Player "Necromancer" (steam64id="76561198287885272") connected to server
23:47:40: Player "[YKZ] Felps" (steam64id="76561198892779186") disconnected from server
23:50:55: Player "[ONE] JAPA" (steam64id="76561198161060673") disconnected from server
23:52:15: Player "XOTA" (steam64id="76561199083408122") disconnected from server
23:52:55: Player "SobrinhoSam" (steam64id="76561199014145539") disconnected from server
23:58:35: Player "Sonetco" (steam64id="76561198991945000") disconnected from server
23:58:35: Player "Kenne {COT}" (steam64id="76561199162256124") disconnected from server
23:58:35: Player "[YKZ] pedrobala" (steam64id="76561198046653521") disconnected from server
23:58:35: Player "[XIT]SoulzaHur" (steam64id="76561198387573700") disconnected from server
23:58:35: Player "Brayan" (steam64id="76561199129190063") disconnected from server
23:58:35: Player "TsMat" (steam64id="76561198098435799") disconnected from server
23:58:35: Player "VinPerdiga" (steam64id="76561198407543183") disconnected from server
23:58:35: Player "David Jr" (steam64id="76561198962491605") disconnected from server
23:58:35: Player "Criolo" (steam64id="76561199160964742") disconnected from server
23:58:35: Player "Survivrau" (steam64id="76561198057660141") disconnected from server
23:58:35: Player "Bigato" (steam64id="76561198192204303") disconnected from server
23:58:35: Player "G A T O" (steam64id="76561199207813177") disconnected from server
23:58:35: Player "Alcanfor" (steam64id="76561198018104612") disconnected from server
23:58:35: Player "[YKZ] Notsniw" (steam64id="76561197967151252") disconnected from server
23:58:35: Player "Necromancer" (steam64id="76561198287885272") disconnected from server
23:58:35: Player "RS Ricardo" (steam64id="76561198128886962") disconnected from server
23:58:35: Player "Raemi" (steam64id="76561198048467587") disconnected from server
23:58:35: Player "(CNXC)Roger    " (steam64id="76561198119108882") disconnected from server
23:58:35: Player "Xupyra" (steam64id="76561198258911731") disconnected from server
