00:00:41: Player "[ONE}Rick" (steam64id="76561198868590548") connected to server
00:00:41: Player "[HORDA]LUCASBR" (steam64id="76561198973828354") connected to server
00:00:41: Player "StarkCG" (steam64id="76561198121484554") connected to server
00:00:41: Player "ArthemisFall" (steam64id="76561198126997247") connected to server
00:00:41: Player "Ronin" (steam64id="76561199105118692") connected to server
00:00:46: Player "{KMG}-Rockeiro" (steam64id="76561198928581570") connected to server
00:00:46: Player "(CNXC)Roger    " (steam64id="76561198119108882") connected to server
00:00:46: Player "{ KMG } - Elguapo" (steam64id="76561198363655296") connected to server
00:00:51: Player "[YAKUZA] -Roger" (steam64id="76561198152624992") connected to server
00:00:56: Player "Zodi4c" (steam64id="76561198385014837") connected to server
00:01:01: Player "[ONE] KING" (steam64id="76561199153781943") connected to server
00:01:01: Player "joaoguis" (steam64id="76561198049374630") connected to server
00:01:01: Player "[horda]marcelinho" (steam64id="76561198817477406") connected to server
00:01:06: Player "Obred" (steam64id="76561198258911731") connected to server
00:01:11: Player "[ONE] JAPA" (steam64id="76561198161060673") connected to server
00:01:11: Player "CHASER?" (steam64id="76561198246131158") connected to server
00:01:16: Player "[ONE] KALIRO" (steam64id="76561198114222025") connected to server
00:01:26: Player "Kenne" (steam64id="76561199162256124") connected to server
00:01:51: Player "[EB] alemao" (steam64id="76561198046653521") connected to server
00:02:36: Player "[EB]GordoEmers" (steam64id="76561198260617608") connected to server
00:02:46: Player "[ONE] KARABULJHAN" (steam64id="76561198100527842") connected to server
00:03:11: Player "[ONE}Rick" (steam64id="76561198868590548") disconnected from server
00:03:31: Player "[ONE}Rick" (steam64id="76561198868590548") connected to server
00:04:21: Player "?? Prince#4184" (steam64id="76561198199985663") connected to server
00:04:31: Player "CannabisLaPizza" (steam64id="76561198096548895") connected to server
00:04:56: Player "Gorga69" (steam64id="76561198138035195") connected to server
00:05:11: Player "Critical" (steam64id="76561199150895038") connected to server
00:05:11: Player "Vinycin" (steam64id="76561198989132464") connected to server
00:05:31: Player "[ONE}Rick" (steam64id="76561198868590548") disconnected from server
00:05:36: Player "MadPana" (steam64id="76561198042363311") connected to server
00:05:41: Player "Gorga69" (steam64id="76561198138035195") disconnected from server
00:05:56: Player "[ONE}Rick" (steam64id="76561198868590548") connected to server
00:06:36: Player "{KMG}fuzil" (steam64id="76561198965933878") connected to server
00:06:56: Player "[YAKUZA] -Roger" (steam64id="76561198152624992") disconnected from server
00:07:06: Player "Dr.Lecter" (steam64id="76561198080721117") connected to server
00:07:16: Player "D a n n " (steam64id="76561199114431170") connected to server
00:07:21: Player "[YKZ] Felps" (steam64id="76561198892779186") connected to server
00:08:06: Player "SirPsychoBerg" (steam64id="76561198411771684") connected to server
00:09:21: Player "D a n n " (steam64id="76561199114431170") disconnected from server
00:10:41: Player "Critical" (steam64id="76561199150895038") disconnected from server
00:16:31: Player "Tiba" (steam64id="76561198852032916") connected to server
00:17:26: Player "Dr.Lecter" (steam64id="76561198080721117") disconnected from server
00:17:26: Player "[EB]GordoEmers" (steam64id="76561198260617608") disconnected from server
00:22:16: Player "G A T O" (steam64id="76561199207813177") connected to server
00:24:01: Player "Lucifer" (steam64id="76561199073838397") connected to server
00:24:06: Player "(CNXC)Roger    " (steam64id="76561198119108882") disconnected from server
00:24:21: Player "robertoazj45" (steam64id="76561198344940287") connected to server
00:24:26: Player "CHASER?" (steam64id="76561198246131158") disconnected from server
00:24:51: Player "CHASER?" (steam64id="76561198246131158") connected to server
00:25:41: Player "MORPHEU" (steam64id="76561198290709952") connected to server
00:26:21: Player "StarkCG" (steam64id="76561198121484554") disconnected from server
00:26:46: Player "MORPHEU" (steam64id="76561198290709952") disconnected from server
00:27:51: Player "Dandan" (steam64id="76561198171926838") connected to server
00:29:51: Player "[horda]marcelinho" (steam64id="76561198817477406") disconnected from server
00:29:56: Player "(CNXC)Roger    " (steam64id="76561198119108882") connected to server
00:29:56: Player "[HORDA]LUCASBR" (steam64id="76561198973828354") disconnected from server
00:31:16: Player "[ONE] KING" (steam64id="76561199153781943") disconnected from server
00:31:51: Player "{KMG}fuzil" (steam64id="76561198965933878") disconnected from server
00:33:36: Player "[YKZ] Felps" (steam64id="76561198892779186") disconnected from server
00:35:16: Player "Licao" (steam64id="76561198177924711") connected to server
00:36:46: Player "[ONE] KING" (steam64id="76561199153781943") connected to server
00:39:36: Player "[EB] alemao" (steam64id="76561198046653521") disconnected from server
00:40:52: Player "ChukenThe3rd" (steam64id="76561198134837847") connected to server
00:41:12: Player "SpookyCitrus" (steam64id="76561198183841483") connected to server
00:41:22: Player "Kenny" (steam64id="76561198044562814") connected to server
00:43:47: Player "[YKZ]-BlackBear" (steam64id="76561198343030820") connected to server
00:52:37: Player "[ONE}Rick" (steam64id="76561198868590548") disconnected from server
00:52:37: Player "[ONE] KING" (steam64id="76561199153781943") disconnected from server
00:52:42: Player "CannabisLaPizza" (steam64id="76561198096548895") disconnected from server
00:53:42: Player "{ KMG } - Elguapo" (steam64id="76561198363655296") disconnected from server
00:54:17: Player "Tiba" (steam64id="76561198852032916") disconnected from server
00:54:57: Player "{KMG}-Rockeiro" (steam64id="76561198928581570") disconnected from server
01:01:17: Player "[ONE] JAPA" (steam64id="76561198161060673") disconnected from server
01:02:22: Player "?? Prince#4184" (steam64id="76561198199985663") disconnected from server
01:03:22: Player "gros siboir" (steam64id="76561198278481165") connected to server
01:05:27: Player "gros siboir" (steam64id="76561198278481165") disconnected from server
01:06:42: Player "SpookyCitrus" (steam64id="76561198183841483") disconnected from server
01:06:47: Player "Kenny" (steam64id="76561198044562814") disconnected from server
01:09:32: Player "[ONE] KALIRO" (steam64id="76561198114222025") disconnected from server
01:10:37: Player "joaoguis" (steam64id="76561198049374630") disconnected from server
01:10:37: Player "Zodi4c" (steam64id="76561198385014837") disconnected from server
01:13:27: Player "?? Prince#4184" (steam64id="76561198199985663") connected to server
01:13:32: Player "ChukenThe3rd" (steam64id="76561198134837847") disconnected from server
01:14:12: Player "d3scot" (steam64id="76561199106333992") connected to server
01:14:22: Player "gros siboir" (steam64id="76561198278481165") connected to server
01:15:07: Player "Sagara" (steam64id="76561198057660620") connected to server
01:15:17: Player "Bacanal" (steam64id="76561198163290138") connected to server
01:15:22: Player "BigodeFino" (steam64id="76561198136665778") connected to server
01:15:52: Player "Don Vito" (steam64id="76561198058932520") connected to server
01:17:22: Player "Thiago" (steam64id="76561198168084899") connected to server
01:18:57: Player "[ONE] KARABULJHAN" (steam64id="76561198100527842") disconnected from server
01:19:27: Player "?? Prince#4184" (steam64id="76561198199985663") disconnected from server
01:20:37: Player "ArthemisFall" (steam64id="76561198126997247") disconnected from server
01:20:37: Player "(CNXC)Roger    " (steam64id="76561198119108882") disconnected from server
01:21:27: Player "Bacanal" (steam64id="76561198163290138") disconnected from server
01:22:17: Player "[YKZ]-BlackBear" (steam64id="76561198343030820") disconnected from server
01:22:37: Player "Don Vito" (steam64id="76561198058932520") disconnected from server
01:25:42: Player "Dandan" (steam64id="76561198171926838") disconnected from server
01:25:42: Player "Licao" (steam64id="76561198177924711") disconnected from server
01:34:07: Player "Obred" (steam64id="76561198258911731") disconnected from server
01:41:32: Player "CharlinhoPsico" (steam64id="76561198366562144") connected to server
01:47:52: Player "Sagara" (steam64id="76561198057660620") disconnected from server
01:50:22: Player "Lucifer" (steam64id="76561199073838397") disconnected from server
01:50:37: Player "robertoazj45" (steam64id="76561198344940287") disconnected from server
01:52:52: Player "Kenne" (steam64id="76561199162256124") disconnected from server
01:54:12: Player "BigodeFino" (steam64id="76561198136665778") disconnected from server
01:56:42: Player "CharlinhoPsico" (steam64id="76561198366562144") disconnected from server
01:59:02: Player "Ronin" (steam64id="76561199105118692") disconnected from server
01:59:17: Player "CHASER?" (steam64id="76561198246131158") disconnected from server
02:00:12: Player "Vinycin" (steam64id="76561198989132464") disconnected from server
02:03:32: Player "Thiago" (steam64id="76561198168084899") disconnected from server
02:36:12: Player "GabrielDWR" (steam64id="76561199012612653") connected to server
02:36:27: Player "d3scot" (steam64id="76561199106333992") disconnected from server
02:37:02: Player "gros siboir" (steam64id="76561198278481165") disconnected from server
02:40:12: Player "G A T O" (steam64id="76561199207813177") disconnected from server
02:52:17: Player "oziel" (steam64id="76561199063596086") connected to server
02:53:12: Player "oziel" (steam64id="76561199063596086") disconnected from server
03:24:27: Player "MadPana" (steam64id="76561198042363311") disconnected from server
03:25:02: Player "SirPsychoBerg" (steam64id="76561198411771684") disconnected from server
03:27:42: Player "[YKZ] Seekerzao" (steam64id="76561198067793781") connected to server
03:48:32: Player "SHIKAMARU" (steam64id="76561198441474924") connected to server
03:49:17: Player "SHIKAMARU" (steam64id="76561198441474924") disconnected from server
03:58:42: Player "[YKZ] Seekerzao" (steam64id="76561198067793781") disconnected from server
03:58:42: Player "GabrielDWR" (steam64id="76561199012612653") disconnected from server
04:00:51: Player "[YKZ] Seekerzao" (steam64id="76561198067793781") connected to server
04:01:06: Player "GabrielDWR" (steam64id="76561199012612653") connected to server
04:13:46: Player "Duerowww" (steam64id="76561198259492425") connected to server
04:28:21: Player "Duerowww" (steam64id="76561198259492425") disconnected from server
04:39:46: Player "GabrielDWR" (steam64id="76561199012612653") disconnected from server
07:39:31: Player "Brunner" (steam64id="76561199031638818") connected to server
07:58:41: Player "Brunner" (steam64id="76561199031638818") disconnected from server
07:58:41: Player "[YKZ] Seekerzao" (steam64id="76561198067793781") disconnected from server
08:00:38: Player "Brunner" (steam64id="76561199031638818") connected to server
08:01:18: Player "[YKZ] Seekerzao" (steam64id="76561198067793781") connected to server
08:13:03: Player "[L.B] Santorin" (steam64id="76561199069721527") connected to server
08:30:38: Player "Licao" (steam64id="76561198177924711") connected to server
08:39:58: Player "oziel" (steam64id="76561199063596086") connected to server
08:40:33: Player "[YKZ] Seekerzao" (steam64id="76561198067793781") disconnected from server
08:42:13: Player "[ONE}Rick" (steam64id="76561198868590548") connected to server
08:43:43: Player "Licao" (steam64id="76561198177924711") disconnected from server
08:53:33: Player "nonsense" (steam64id="76561198117735614") connected to server
08:53:43: Player "oziel" (steam64id="76561199063596086") disconnected from server
08:54:53: Player "Brunner" (steam64id="76561199031638818") disconnected from server
09:08:28: Player "nonsense" (steam64id="76561198117735614") disconnected from server
09:10:33: Player "[L.B] Dixon" (steam64id="76561198159099606") connected to server
09:14:23: Player "[L.B] Santorin" (steam64id="76561199069721527") disconnected from server
09:14:43: Player "[L.B] Santorin" (steam64id="76561199069721527") connected to server
09:27:03: Player "[EB] GordoEmers" (steam64id="76561198260617608") connected to server
09:27:33: Player "nonsense" (steam64id="76561198117735614") connected to server
09:31:28: Player "[EB] GordoEmers" (steam64id="76561198260617608") disconnected from server
09:37:18: Player "Sagara" (steam64id="76561198057660620") connected to server
09:39:28: Player "Sagara" (steam64id="76561198057660620") disconnected from server
09:46:38: Player "[L.B]Hunter" (steam64id="76561199247778251") connected to server
09:51:18: Player "General2323" (steam64id="76561198300843847") connected to server
09:53:28: Player "[YKZ] chron1c" (steam64id="76561198205585613") connected to server
09:56:33: Player "KuramaDLC" (steam64id="76561198180192045") connected to server
09:57:58: Player "nonsense" (steam64id="76561198117735614") disconnected from server
10:05:38: Player "[ONE}Rick" (steam64id="76561198868590548") disconnected from server
10:22:53: Player "negopreto017" (steam64id="76561199206711909") connected to server
10:23:38: Player "negopreto017" (steam64id="76561199206711909") disconnected from server
10:25:28: Player "[L.B] Santorin" (steam64id="76561199069721527") disconnected from server
10:26:08: Player "[L.B] Dixon" (steam64id="76561198159099606") disconnected from server
10:28:18: Player "[L.B]Hunter" (steam64id="76561199247778251") disconnected from server
10:48:48: Player "KuramaDLC" (steam64id="76561198180192045") disconnected from server
10:54:03: Player "[EB] alemao" (steam64id="76561198046653521") connected to server
10:54:43: Player "benja" (steam64id="76561198882824508") connected to server
10:55:38: Player "benja" (steam64id="76561198882824508") disconnected from server
10:56:23: Player "benja" (steam64id="76561198882824508") connected to server
11:08:18: Player "General2323" (steam64id="76561198300843847") disconnected from server
11:13:03: Player "benja" (steam64id="76561198882824508") disconnected from server
11:20:33: Player "Lrk" (steam64id="76561198021843024") connected to server
11:24:23: Player "Brunner" (steam64id="76561199031638818") connected to server
11:24:33: Player "zCastro" (steam64id="76561199027286716") connected to server
11:25:33: Player "[YKZ] chron1c" (steam64id="76561198205585613") disconnected from server
11:27:18: Player "Brunner" (steam64id="76561199031638818") disconnected from server
11:29:23: Player "[YKZ]-Lobato" (steam64id="76561198158375860") connected to server
11:31:23: Player "Brunner" (steam64id="76561199031638818") connected to server
11:32:23: Player "XXCARRASCOXX" (steam64id="76561198192276507") connected to server
11:33:08: Player "[L.B]TropaDoEnguisa" (steam64id="76561198211423224") connected to server
11:44:23: Player "zCastro" (steam64id="76561199027286716") disconnected from server
11:45:28: Player "[L.B]TropaDoEnguisa" (steam64id="76561198211423224") disconnected from server
11:46:08: Player "CRD" (steam64id="76561199033852709") connected to server
11:50:03: Player "CharlinhoPsico" (steam64id="76561198366562144") connected to server
11:56:23: Player "[L.B]TropaDoEnguisa" (steam64id="76561198211423224") connected to server
11:58:43: Player "XXCARRASCOXX" (steam64id="76561198192276507") disconnected from server
11:58:43: Player "[EB] alemao" (steam64id="76561198046653521") disconnected from server
11:58:43: Player "CharlinhoPsico" (steam64id="76561198366562144") disconnected from server
11:58:43: Player "Brunner" (steam64id="76561199031638818") disconnected from server
11:58:43: Player "[L.B]TropaDoEnguisa" (steam64id="76561198211423224") disconnected from server
11:58:43: Player "Lrk" (steam64id="76561198021843024") disconnected from server
11:58:43: Player "CRD" (steam64id="76561199033852709") disconnected from server
11:58:43: Player "[YKZ]-Lobato" (steam64id="76561198158375860") disconnected from server
12:00:42: Player "zCastro" (steam64id="76561199027286716") connected to server
12:00:47: Player "CharlinhoPsico" (steam64id="76561198366562144") connected to server
12:00:57: Player "[YKZ]-Lobato" (steam64id="76561198158375860") connected to server
12:01:22: Player "Lrk" (steam64id="76561198021843024") connected to server
12:01:22: Player "XXCARRASCOXX" (steam64id="76561198192276507") connected to server
12:01:37: Player "[L.B]TropaDoEnguisa" (steam64id="76561198211423224") connected to server
12:02:32: Player "CRD" (steam64id="76561199033852709") connected to server
12:03:37: Player "Brunner" (steam64id="76561199031638818") connected to server
12:13:27: Player "[L.B]TropaDoEnguisa" (steam64id="76561198211423224") disconnected from server
12:13:52: Player "zCastro" (steam64id="76561199027286716") disconnected from server
12:13:57: Player "Brunner" (steam64id="76561199031638818") disconnected from server
12:14:27: Player "joaovieira" (steam64id="76561198220403464") connected to server
12:15:37: Player "CharlinhoPsico" (steam64id="76561198366562144") disconnected from server
12:15:47: Player "CharlinhoPsico" (steam64id="76561198366562144") connected to server
12:16:27: Player "[L.B]TropaDoEnguisa" (steam64id="76561198211423224") connected to server
12:17:12: Player "XXCARRASCOXX" (steam64id="76561198192276507") disconnected from server
12:19:32: Player "Space_Floyd" (steam64id="76561199081897475") connected to server
12:23:22: Player "nonsense" (steam64id="76561198117735614") connected to server
12:23:57: Player "G A T O" (steam64id="76561199207813177") connected to server
12:36:22: Player "[YKZ] Emissarius" (steam64id="76561198271087379") connected to server
12:38:27: Player "nonsense" (steam64id="76561198117735614") disconnected from server
12:39:37: Player "KuramaDLC" (steam64id="76561198180192045") connected to server
12:42:02: Player "Lrk" (steam64id="76561198021843024") disconnected from server
12:45:07: Player "[HORDA]MacLovin" (steam64id="76561199068236803") connected to server
12:48:37: Player "[HORDA]MacLovin" (steam64id="76561199068236803") disconnected from server
12:54:47: Player "CharlinhoPsico" (steam64id="76561198366562144") disconnected from server
12:55:12: Player "[YKZ]-Lobato" (steam64id="76561198158375860") disconnected from server
12:55:42: Player "Spectre" (steam64id="76561197997682179") connected to server
13:02:52: Player "Biel FxR" (steam64id="76561198050836260") connected to server
13:10:22: Player "[YKZ] Emissarius" (steam64id="76561198271087379") disconnected from server
13:11:47: Player "[YKZ] Emissarius" (steam64id="76561198271087379") connected to server
13:19:07: Player "C O R U J A" (steam64id="76561198819003355") connected to server
13:24:32: Player "CRD" (steam64id="76561199033852709") disconnected from server
13:26:47: Player "[HORDA]MacLovin" (steam64id="76561199068236803") connected to server
13:27:07: Player "[HORDA]MacLovin" (steam64id="76561199068236803") disconnected from server
13:27:47: Player "[YKZ]-BlackBear" (steam64id="76561198343030820") connected to server
13:27:52: Player "[HORDA]MacLovin" (steam64id="76561199068236803") connected to server
13:28:22: Player "{ KMG } - Elguapo" (steam64id="76561198363655296") connected to server
13:33:07: Player "{KMG}fuzil" (steam64id="76561198965933878") connected to server
13:34:57: Player "[HORDA] zBieL" (steam64id="76561198001525812") connected to server
13:37:32: Player "Spectre" (steam64id="76561197997682179") disconnected from server
13:40:52: Player "joaovieira" (steam64id="76561198220403464") disconnected from server
13:42:02: Player "[L.B]TropaDoEnguisa" (steam64id="76561198211423224") disconnected from server
13:43:37: Player "Zodi4c" (steam64id="76561198385014837") connected to server
13:45:27: Player "Edson Bressan" (steam64id="76561198140856061") connected to server
13:46:42: Player "G A T O" (steam64id="76561199207813177") disconnected from server
13:52:07: Player "[EB] alemao" (steam64id="76561198046653521") connected to server
13:52:47: Player "joaoguis" (steam64id="76561198049374630") connected to server
13:53:07: Player "[L.B] Santorin" (steam64id="76561199069721527") connected to server
13:53:27: Player "[YKZ] chron1c" (steam64id="76561198205585613") connected to server
13:53:42: Player "KuramaDLC" (steam64id="76561198180192045") disconnected from server
13:54:52: Player "Chico Bioca" (steam64id="76561198354274785") connected to server
13:55:37: Player "DE LADAU " (steam64id="76561199052963489") connected to server
13:56:12: Player "[L.B]TropaDoEnguisa" (steam64id="76561198211423224") connected to server
13:56:42: Player "CRD" (steam64id="76561199033852709") connected to server
13:58:27: Player "{KMG}-Rockeiro" (steam64id="76561198928581570") connected to server
13:58:57: Player "Space_Floyd" (steam64id="76561199081897475") disconnected from server
14:00:22: Player "[YKZ] Felps" (steam64id="76561198892779186") connected to server
14:00:32: Player "Biel FxR" (steam64id="76561198050836260") disconnected from server
14:01:07: Player "Boneco " (steam64id="76561199225248971") connected to server
14:13:22: Player "ttuker" (steam64id="76561198971813376") connected to server
14:14:07: Player "[HORDA] zBieL" (steam64id="76561198001525812") disconnected from server
14:15:12: Player "[YKZ] Notsniw" (steam64id="76561197967151252") connected to server
14:15:22: Player "Charada" (steam64id="76561198034769290") connected to server
14:16:22: Player "KuramaDLC" (steam64id="76561198180192045") connected to server
14:16:37: Player "ttuker" (steam64id="76561198971813376") disconnected from server
14:18:47: Player "[HORDA] zBieL" (steam64id="76561198001525812") connected to server
14:21:12: Player "Leo" (steam64id="76561199087497682") connected to server
14:21:47: Player "[VDLK] Luke" (steam64id="76561198262523344") connected to server
14:22:07: Player "[VDLK] Luke" (steam64id="76561198262523344") disconnected from server
14:23:57: Player "[YKZ]-Lobato" (steam64id="76561198158375860") connected to server
14:24:42: Player "Snow Fox" (steam64id="76561198266128609") connected to server
14:30:42: Player "[HORDA]ThiagoPenna" (steam64id="76561198218822351") connected to server
14:34:52: Player "zikazeka" (steam64id="76561199004660971") connected to server
14:36:12: Player "CharlinhoPsico" (steam64id="76561198366562144") connected to server
14:36:12: Player "Boneco " (steam64id="76561199225248971") disconnected from server
14:38:07: Player "Charada" (steam64id="76561198034769290") disconnected from server
14:49:17: Player "Sagara" (steam64id="76561198057660620") connected to server
14:51:22: Player "KuramaDLC" (steam64id="76561198180192045") disconnected from server
14:54:07: Player "[EB] GordoEmers" (steam64id="76561198260617608") connected to server
14:55:12: Player "Snow Fox" (steam64id="76561198266128609") disconnected from server
14:55:47: Player "Rogerio123" (steam64id="76561198114278091") connected to server
15:01:47: Player "C O R U J A" (steam64id="76561198819003355") disconnected from server
15:03:02: Player "C O R U J A" (steam64id="76561198819003355") connected to server
15:07:57: Player "MacMillan" (steam64id="76561198112192433") connected to server
15:09:52: Player "Biel FxR" (steam64id="76561198050836260") connected to server
15:12:32: Player "TripaSeca" (steam64id="76561198080721117") connected to server
15:14:07: Player "[BF]MAGIN0T" (steam64id="76561198916853935") connected to server
15:15:32: Player "Charada" (steam64id="76561198034769290") connected to server
15:16:17: Player "fiat marea 2.0" (steam64id="76561199168660906") connected to server
15:18:02: Player "joaoguis" (steam64id="76561198049374630") disconnected from server
15:18:17: Player "Edson Bressan" (steam64id="76561198140856061") disconnected from server
15:18:42: Player "Pozzobon " (steam64id="76561198812524891") connected to server
15:18:47: Player "Zodi4c" (steam64id="76561198385014837") disconnected from server
15:19:57: Player "[BF]MAGIN0T" (steam64id="76561198916853935") disconnected from server
15:22:57: Player "Passo Largo" (steam64id="76561198057660141") connected to server
15:27:07: Player "[HORDA]MacLovin" (steam64id="76561199068236803") disconnected from server
15:27:37: Player "Pozzobon " (steam64id="76561198812524891") disconnected from server
15:27:52: Player "[HORDA]MacLovin" (steam64id="76561199068236803") connected to server
15:29:17: Player "Chiquitriquis" (steam64id="76561198212426812") connected to server
15:30:48: Player "ElKuba82" (steam64id="76561198991689964") connected to server
15:31:13: Player "[L.B] Dixon" (steam64id="76561198159099606") connected to server
15:32:28: Player "[YKZ]-BlackBear" (steam64id="76561198343030820") disconnected from server
15:32:53: Player "[YKZ] chron1c" (steam64id="76561198205585613") disconnected from server
15:33:33: Player "ElKuba82" (steam64id="76561198991689964") disconnected from server
15:34:48: Player "Oriente7" (steam64id="76561198154800607") connected to server
15:35:08: Player "Chiquitriquis" (steam64id="76561198212426812") disconnected from server
15:36:13: Player "ell" (steam64id="76561198337292688") connected to server
15:36:48: Player "[L.B] Santorin" (steam64id="76561199069721527") disconnected from server
15:37:33: Player "[L.B] Santorin" (steam64id="76561199069721527") connected to server
15:37:33: Player "[HORDA]ThiagoPenna" (steam64id="76561198218822351") disconnected from server
15:38:03: Player "[L.B]Hunter" (steam64id="76561199247778251") connected to server
15:39:18: Player "Spirit_ghost" (steam64id="76561199180850690") connected to server
15:39:33: Player "[HORDA]ThiagoPenna" (steam64id="76561198218822351") connected to server
15:40:33: Player "[YKZ]-Lobato" (steam64id="76561198158375860") disconnected from server
15:40:33: Player "[YKZ] Notsniw" (steam64id="76561197967151252") disconnected from server
15:42:38: Player "[YKZ] Emissarius" (steam64id="76561198271087379") disconnected from server
15:43:28: Player "{KMG}fuzil" (steam64id="76561198965933878") disconnected from server
15:43:33: Player "Sagara" (steam64id="76561198057660620") disconnected from server
15:43:33: Player "[HORDA]MacLovin" (steam64id="76561199068236803") disconnected from server
15:43:38: Player "TripaSeca" (steam64id="76561198080721117") disconnected from server
15:43:38: Player "C O R U J A" (steam64id="76561198819003355") disconnected from server
15:43:38: Player "Charada" (steam64id="76561198034769290") disconnected from server
15:43:38: Player "[L.B] Santorin" (steam64id="76561199069721527") disconnected from server
15:43:38: Player "MacMillan" (steam64id="76561198112192433") disconnected from server
15:43:43: Player "[L.B]TropaDoEnguisa" (steam64id="76561198211423224") disconnected from server
15:43:43: Player "CRD" (steam64id="76561199033852709") disconnected from server
15:43:43: Player "[L.B]Hunter" (steam64id="76561199247778251") disconnected from server
15:43:48: Player "Chico Bioca" (steam64id="76561198354274785") disconnected from server
15:43:48: Player "ell" (steam64id="76561198337292688") disconnected from server
15:43:48: Player "Leo" (steam64id="76561199087497682") disconnected from server
15:43:48: Player "[HORDA] zBieL" (steam64id="76561198001525812") disconnected from server
15:43:53: Player "[EB] alemao" (steam64id="76561198046653521") disconnected from server
15:43:53: Player "[YKZ] Felps" (steam64id="76561198892779186") disconnected from server
15:43:53: Player "fiat marea 2.0" (steam64id="76561199168660906") disconnected from server
15:43:53: Player "zikazeka" (steam64id="76561199004660971") disconnected from server
15:43:53: Player "Oriente7" (steam64id="76561198154800607") disconnected from server
15:43:53: Player "[L.B] Dixon" (steam64id="76561198159099606") disconnected from server
15:43:53: Player "Spirit_ghost" (steam64id="76561199180850690") disconnected from server
15:43:53: Player "CharlinhoPsico" (steam64id="76561198366562144") disconnected from server
15:43:53: Player "DE LADAU " (steam64id="76561199052963489") disconnected from server
15:43:58: Player "{ KMG } - Elguapo" (steam64id="76561198363655296") disconnected from server
15:43:58: Player "Biel FxR" (steam64id="76561198050836260") disconnected from server
15:43:58: Player "{KMG}-Rockeiro" (steam64id="76561198928581570") disconnected from server
15:44:13: Player "Passo Largo" (steam64id="76561198057660141") disconnected from server
15:44:18: Player "Rogerio123" (steam64id="76561198114278091") disconnected from server
15:44:18: Player "[HORDA]ThiagoPenna" (steam64id="76561198218822351") disconnected from server
15:44:33: Player "[EB] GordoEmers" (steam64id="76561198260617608") disconnected from server
15:53:08: Player "Chico Bioca" (steam64id="76561198354274785") connected to server
15:53:18: Player "DE LADAU " (steam64id="76561199052963489") connected to server
15:54:28: Player "Biel FxR" (steam64id="76561198050836260") connected to server
15:54:33: Player "[L.B]Hunter" (steam64id="76561199247778251") connected to server
15:54:38: Player "[L.B] Dixon" (steam64id="76561198159099606") connected to server
15:54:43: Player "C O R U J A" (steam64id="76561198819003355") connected to server
15:55:03: Player "[HORDA]ThiagoPenna" (steam64id="76561198218822351") connected to server
15:55:48: Player "zikazeka" (steam64id="76561199004660971") connected to server
15:56:23: Player "Passo Largo" (steam64id="76561198057660141") connected to server
15:56:38: Player "Blackhalkk" (steam64id="76561198067496371") connected to server
15:56:43: Player "Leo" (steam64id="76561199087497682") connected to server
15:56:58: Player "[EB] GordoEmers" (steam64id="76561198260617608") connected to server
15:57:03: Player "FreeLook" (steam64id="76561198263015723") connected to server
15:57:08: Player "[L.B]TropaDoEnguisa" (steam64id="76561198211423224") connected to server
15:57:23: Player "Dr.Lecter" (steam64id="76561198080721117") connected to server
15:57:28: Player "CRD" (steam64id="76561199033852709") connected to server
15:57:38: Player "[HORDA]ThiagoPenna" (steam64id="76561198218822351") disconnected from server
15:58:43: Player "Passo Largo" (steam64id="76561198057660141") disconnected from server
15:58:43: Player "Blackhalkk" (steam64id="76561198067496371") disconnected from server
15:58:43: Player "Chico Bioca" (steam64id="76561198354274785") disconnected from server
15:58:43: Player "[L.B]TropaDoEnguisa" (steam64id="76561198211423224") disconnected from server
15:58:43: Player "FreeLook" (steam64id="76561198263015723") disconnected from server
15:58:43: Player "zikazeka" (steam64id="76561199004660971") disconnected from server
15:58:43: Player "Biel FxR" (steam64id="76561198050836260") disconnected from server
15:58:43: Player "Dr.Lecter" (steam64id="76561198080721117") disconnected from server
15:58:43: Player "Leo" (steam64id="76561199087497682") disconnected from server
15:58:43: Player "C O R U J A" (steam64id="76561198819003355") disconnected from server
15:58:43: Player "[L.B] Dixon" (steam64id="76561198159099606") disconnected from server
15:58:43: Player "CRD" (steam64id="76561199033852709") disconnected from server
15:58:43: Player "DE LADAU " (steam64id="76561199052963489") disconnected from server
15:58:43: Player "[EB] GordoEmers" (steam64id="76561198260617608") disconnected from server
15:58:43: Player "[L.B]Hunter" (steam64id="76561199247778251") disconnected from server
16:00:46: Player "zikazeka" (steam64id="76561199004660971") connected to server
16:00:46: Player "FreeLook" (steam64id="76561198263015723") connected to server
16:00:46: Player "Blackhalkk" (steam64id="76561198067496371") connected to server
16:01:31: Player "MacMillan" (steam64id="76561198112192433") connected to server
16:01:51: Player "Biel FxR" (steam64id="76561198050836260") connected to server
16:01:56: Player "Chico Bioca" (steam64id="76561198354274785") connected to server
16:01:56: Player "DE LADAU " (steam64id="76561199052963489") connected to server
16:02:01: Player "TropaDoEnguisa" (steam64id="76561198211423224") connected to server
16:02:21: Player "[L.B]Hunter" (steam64id="76561199247778251") connected to server
16:02:56: Player "TropaDoEnguisa" (steam64id="76561198211423224") disconnected from server
16:03:16: Player "RonaldoHell" (steam64id="76561198067535800") connected to server
16:03:31: Player "Dixon" (steam64id="76561198159099606") connected to server
16:03:41: Player "Dr.Lecter" (steam64id="76561198080721117") connected to server
16:03:41: Player "TropaDoEnguisa" (steam64id="76561198211423224") connected to server
16:05:31: Player "[EB] GordoEmers" (steam64id="76561198260617608") connected to server
16:05:41: Player "Space_Floyd" (steam64id="76561199081897475") connected to server
16:06:56: Player "SirPsychoBerg" (steam64id="76561198411771684") connected to server
16:08:06: Player "CRD" (steam64id="76561199033852709") connected to server
16:08:06: Player "[EB] alemao" (steam64id="76561198046653521") connected to server
16:08:36: Player "ell" (steam64id="76561198337292688") connected to server
16:10:46: Player "GabrielDWR" (steam64id="76561199012612653") connected to server
16:14:36: Player "C O R U J A" (steam64id="76561198819003355") connected to server
16:15:51: Player "[L.B] Santorin" (steam64id="76561199069721527") connected to server
16:19:41: Player "Leo" (steam64id="76561199087497682") connected to server
16:21:56: Player "RUSSO" (steam64id="76561199151608044") connected to server
16:23:36: Player "Crossby" (steam64id="76561198806147848") connected to server
16:23:46: Player "Kablowsky" (steam64id="76561198034100337") connected to server
16:25:36: Player "TropaDoEnguisa" (steam64id="76561198211423224") disconnected from server
16:28:41: Player "MacMillan" (steam64id="76561198112192433") disconnected from server
16:30:26: Player "Luigui" (steam64id="76561198838926942") connected to server
16:33:16: Player "FreeLook" (steam64id="76561198263015723") disconnected from server
16:36:26: Player "ROXY" (steam64id="76561198821197092") connected to server
16:43:21: Player "[YKZ] Seekerzao" (steam64id="76561198067793781") connected to server
16:43:56: Player "[L.B] LopesTa " (steam64id="76561198375254083") connected to server
16:44:31: Player "fiat marea 2.0" (steam64id="76561199168660906") connected to server
16:46:16: Player "[HORDA]MacLovin" (steam64id="76561199068236803") connected to server
16:48:11: Player "Passo Largo" (steam64id="76561198057660141") connected to server
16:48:16: Player "ROXY" (steam64id="76561198821197092") disconnected from server
16:48:21: Player "[HORDA] zBieL" (steam64id="76561198001525812") connected to server
16:48:21: Player "Charada" (steam64id="76561198034769290") connected to server
16:49:11: Player "andreLSS" (steam64id="76561198308762438") connected to server
16:53:26: Player "[HORDA]ThiagoPenna" (steam64id="76561198218822351") connected to server
16:57:26: Player "RonaldoHell" (steam64id="76561198067535800") disconnected from server
16:59:16: Player "Demon" (steam64id="76561198890474384") connected to server
17:05:06: Player "[YKZ] Seekerzao" (steam64id="76561198067793781") disconnected from server
17:07:06: Player "Ze Bunitin" (steam64id="76561198152293809") connected to server
17:07:51: Player "[P.M.C]Jumentinhoazul" (steam64id="76561198241408704") connected to server
17:11:11: Player "Leo" (steam64id="76561199087497682") disconnected from server
17:11:11: Player "Chico Bioca" (steam64id="76561198354274785") disconnected from server
17:11:11: Player "DE LADAU " (steam64id="76561199052963489") disconnected from server
17:12:41: Player "Lu*s" (steam64id="76561198251218180") connected to server
17:13:31: Player "SirPsychoBerg" (steam64id="76561198411771684") disconnected from server
17:14:11: Player "SirPsychoBerg" (steam64id="76561198411771684") connected to server
17:17:01: Player "Ze Bunitin" (steam64id="76561198152293809") disconnected from server
17:17:56: Player "Demomblack" (steam64id="76561198125827959") connected to server
17:18:51: Player "Blackhalkk" (steam64id="76561198067496371") disconnected from server
17:19:11: Player "Beto" (steam64id="76561198329721265") connected to server
17:19:41: Player "Ze Bunitin" (steam64id="76561198152293809") connected to server
17:21:56: Player "Kablowsky" (steam64id="76561198034100337") disconnected from server
17:24:11: Player "MarcoLa" (steam64id="76561198352149308") connected to server
17:24:26: Player "KuramaDLC" (steam64id="76561198180192045") connected to server
17:25:21: Player "ell" (steam64id="76561198337292688") disconnected from server
17:26:06: Player "TocaNoCalleriQueEGol" (steam64id="76561199179226753") connected to server
17:27:06: Player "[HORDA]MacLovin" (steam64id="76561199068236803") disconnected from server
17:27:16: Player "TocaNoCalleriQueEGol" (steam64id="76561199179226753") disconnected from server
17:28:26: Player "[HORDA]MacLovin" (steam64id="76561199068236803") connected to server
17:30:36: Player "Crossby" (steam64id="76561198806147848") disconnected from server
17:33:46: Player "Demon" (steam64id="76561198890474384") disconnected from server
17:34:01: Player "fiat marea 2.0" (steam64id="76561199168660906") disconnected from server
17:34:36: Player "Luigui" (steam64id="76561198838926942") disconnected from server
17:37:06: Player "fofy" (steam64id="76561198410459291") connected to server
17:37:41: Player "fofy" (steam64id="76561198410459291") disconnected from server
17:37:46: Player "Blad3Wint3rs" (steam64id="76561198039073634") connected to server
17:39:16: Player "KuramaDLC" (steam64id="76561198180192045") disconnected from server
17:42:41: Player "[FRV] SrPoweR" (steam64id="76561198241491144") connected to server
17:43:41: Player "KuramaDLC" (steam64id="76561198180192045") connected to server
17:44:11: Player "zikazeka" (steam64id="76561199004660971") disconnected from server
17:44:36: Player "[HORDA] JHON WICK" (steam64id="76561198122075703") connected to server
17:44:41: Player "Charada" (steam64id="76561198034769290") disconnected from server
17:45:11: Player "PintoJunior" (steam64id="76561198057936781") connected to server
17:46:21: Player "[YKZ] Emissarius" (steam64id="76561198271087379") connected to server
17:46:26: Player "[FRV] SrPoweR" (steam64id="76561198241491144") disconnected from server
17:47:41: Player "ObreD" (steam64id="76561198258911731") connected to server
17:48:06: Player "Ramires" (steam64id="76561198212699112") connected to server
17:48:26: Player "[YKZ] Emissarius" (steam64id="76561198271087379") disconnected from server
17:48:31: Player "{ KMG } - Elguapo" (steam64id="76561198363655296") connected to server
17:48:51: Player "Ramires" (steam64id="76561198212699112") disconnected from server
17:50:11: Player "[YKZ] Felps" (steam64id="76561198892779186") connected to server
17:51:26: Player "PiLaKo" (steam64id="76561198796261323") connected to server
17:52:21: Player "[YKZ] Emissarius" (steam64id="76561198271087379") connected to server
17:53:31: Player "PintoJunior" (steam64id="76561198057936781") disconnected from server
17:53:56: Player "MarcoLa" (steam64id="76561198352149308") disconnected from server
17:55:16: Player "KuramaDLC" (steam64id="76561198180192045") disconnected from server
17:56:56: Player "Demomblack" (steam64id="76561198125827959") disconnected from server
18:01:21: Player "tiago0722" (steam64id="76561198353818533") connected to server
18:01:56: Player "PintoJunior" (steam64id="76561198057936781") connected to server
18:02:21: Player "RUSSO" (steam64id="76561199151608044") disconnected from server
18:02:26: Player "andy" (steam64id="76561199179651686") connected to server
18:03:01: Player "Space_Floyd" (steam64id="76561199081897475") disconnected from server
18:04:26: Player "Duero" (steam64id="76561198259492425") connected to server
18:05:46: Player "Kenne" (steam64id="76561199162256124") connected to server
18:06:31: Player "[YKZ] chron1c" (steam64id="76561198205585613") connected to server
18:06:36: Player "DanielSam" (steam64id="76561198867200764") connected to server
18:06:41: Player "andy" (steam64id="76561199179651686") disconnected from server
18:07:11: Player "Blad3Wint3rs" (steam64id="76561198039073634") disconnected from server
18:07:31: Player "Beto" (steam64id="76561198329721265") disconnected from server
18:07:41: Player "Funghi" (steam64id="76561199069858485") connected to server
18:08:56: Player "Duero" (steam64id="76561198259492425") disconnected from server
18:09:31: Player "TitioSam" (steam64id="76561199014145539") connected to server
18:13:51: Player "tiago0722" (steam64id="76561198353818533") disconnected from server
18:13:51: Player "[HORDA]MacLovin" (steam64id="76561199068236803") disconnected from server
18:14:41: Player "S2" (steam64id="76561199083408122") connected to server
18:15:56: Player "FSOCIETY" (steam64id="76561198877983321") connected to server
18:18:16: Player "S2" (steam64id="76561199083408122") disconnected from server
18:18:46: Player "Crossby" (steam64id="76561198806147848") connected to server
18:19:31: Player "S2" (steam64id="76561199083408122") connected to server
18:20:41: Player "Dengod" (steam64id="76561198330855874") connected to server
18:21:01: Player "SirPsychoBerg" (steam64id="76561198411771684") disconnected from server
18:21:36: Player "{KMG}fuzil" (steam64id="76561198965933878") connected to server
18:25:41: Player "ACC" (steam64id="76561198106291582") connected to server
18:26:41: Player "Dixon" (steam64id="76561198159099606") disconnected from server
18:27:31: Player "Dixon" (steam64id="76561198159099606") connected to server
18:30:16: Player "GabrielDWR" (steam64id="76561199012612653") disconnected from server
18:32:56: Player "[HORDA]MacLovin" (steam64id="76561199068236803") connected to server
18:33:36: Player "CRD" (steam64id="76561199033852709") disconnected from server
18:33:51: Player "[L.B] Santorin" (steam64id="76561199069721527") disconnected from server
18:34:31: Player "CRD" (steam64id="76561199033852709") connected to server
18:35:26: Player "tiago0722" (steam64id="76561198353818533") connected to server
18:37:41: Player "_fraco_" (steam64id="76561198176104718") connected to server
18:38:41: Player "C O R U J A" (steam64id="76561198819003355") disconnected from server
18:38:56: Player "[YKZ]-Lobato" (steam64id="76561198158375860") connected to server
18:39:06: Player "Bob Clarck" (steam64id="76561199118540716") connected to server
18:39:41: Player "iNuBii" (steam64id="76561198084277864") connected to server
18:40:01: Player "{KMG}fuzil" (steam64id="76561198965933878") disconnected from server
18:45:06: Player "[EB] alemao" (steam64id="76561198046653521") disconnected from server
18:46:26: Player "{ KMG } - Elguapo" (steam64id="76561198363655296") disconnected from server
18:47:26: Player "S2" (steam64id="76561199083408122") disconnected from server
18:47:36: Player "Hacan121" (steam64id="76561198345012092") connected to server
18:47:51: Player "-2s." (steam64id="76561198256926954") connected to server
18:49:36: Player "CharlinhoPsico" (steam64id="76561198366562144") connected to server
18:49:46: Player "BRUXO" (steam64id="76561198140728342") connected to server
18:50:06: Player "PiLaKo" (steam64id="76561198796261323") disconnected from server
18:50:36: Player "PiLaKo" (steam64id="76561198796261323") connected to server
18:51:01: Player "[YKZ]-BlackBear" (steam64id="76561198343030820") connected to server
18:52:11: Player "Kuroo" (steam64id="76561198067627855") connected to server
18:52:46: Player "CRD" (steam64id="76561199033852709") disconnected from server
18:53:36: Player "Sagara" (steam64id="76561198057660620") connected to server
18:53:56: Player "General2323" (steam64id="76561198300843847") connected to server
18:54:11: Player "GabrielDWR" (steam64id="76561199012612653") connected to server
18:56:37: Player "[HORDA] JHON WICK" (steam64id="76561198122075703") disconnected from server
18:57:42: Player "[EB] alemao" (steam64id="76561198046653521") connected to server
18:59:52: Player "Bomgames06" (steam64id="76561198030049406") connected to server
19:01:12: Player "[HORDA] JHON WICK" (steam64id="76561198122075703") connected to server
19:01:42: Player "[HORDA]ThiagoPenna" (steam64id="76561198218822351") disconnected from server
19:03:52: Player "Kuroo" (steam64id="76561198067627855") disconnected from server
19:05:47: Player "Crossby" (steam64id="76561198806147848") disconnected from server
19:06:02: Player "SrSete" (steam64id="76561198053431812") connected to server
19:06:17: Player "[HORDA]MacLovin" (steam64id="76561199068236803") disconnected from server
19:07:12: Player "[horda]marcelinho" (steam64id="76561198817477406") connected to server
19:08:12: Player "-2s." (steam64id="76561198256926954") disconnected from server
19:08:17: Player "Duero" (steam64id="76561198259492425") connected to server
19:08:32: Player "-2s." (steam64id="76561198256926954") connected to server
19:08:42: Player "Diorno" (steam64id="76561198142139495") connected to server
19:09:07: Player "[HORDA] zBieL" (steam64id="76561198001525812") disconnected from server
19:09:22: Player "Otaviogabriel" (steam64id="76561198387337056") connected to server
19:09:47: Player "DiK [GHT]" (steam64id="76561198865802203") connected to server
19:12:02: Player "ttuker" (steam64id="76561198971813376") connected to server
19:12:57: Player "Alejo" (steam64id="76561198972857210") connected to server
19:15:12: Player "Lucifer" (steam64id="76561199073838397") connected to server
19:15:47: Player "[HORDA]MacLovin" (steam64id="76561199068236803") connected to server
19:16:52: Player "Passo Largo" (steam64id="76561198057660141") disconnected from server
19:17:42: Player "[YKZ]-BarucA" (steam64id="76561199141850356") connected to server
19:19:27: Player "[YKZ] Felps" (steam64id="76561198892779186") disconnected from server
19:20:32: Player "David Jr" (steam64id="76561198962491605") connected to server
19:21:02: Player "BRUXO" (steam64id="76561198140728342") disconnected from server
19:22:12: Player "Viniguitton" (steam64id="76561198070540405") connected to server
19:22:27: Player "General2323" (steam64id="76561198300843847") disconnected from server
19:23:37: Player "[HORDA]LUCASBR" (steam64id="76561198973828354") connected to server
19:25:37: Player "tiago0722" (steam64id="76561198353818533") disconnected from server
19:25:57: Player "dinizz" (steam64id="76561198168252860") connected to server
19:27:07: Player "[HORDA]MacLovin" (steam64id="76561199068236803") disconnected from server
19:28:02: Player "ploodrinny" (steam64id="76561198312062387") connected to server
19:35:12: Player "[YKZ]-BarucA" (steam64id="76561199141850356") disconnected from server
19:35:27: Player "Cuddilicious" (steam64id="76561198143874345") connected to server
19:37:47: Player "Cuddilicious" (steam64id="76561198143874345") disconnected from server
19:38:12: Player "[YKZ] Felps" (steam64id="76561198892779186") connected to server
19:38:32: Player "[L.B]Hunter" (steam64id="76561199247778251") disconnected from server
19:39:02: Player "Sabrina" (steam64id="76561199083408122") connected to server
19:46:47: Player "[P.M.C]Jumentinhoazul" (steam64id="76561198241408704") disconnected from server
19:47:17: Player "tiago0722" (steam64id="76561198353818533") connected to server
19:49:12: Player "tiago0722" (steam64id="76561198353818533") disconnected from server
19:49:37: Player "Ze Bunitin" (steam64id="76561198152293809") disconnected from server
19:49:47: Player "[HORDA]MacLovin" (steam64id="76561199068236803") connected to server
19:50:07: Player "[ONE] JAPA" (steam64id="76561198161060673") connected to server
19:50:57: Player "Bomgames06" (steam64id="76561198030049406") disconnected from server
19:51:17: Player "MurielL-GynX" (steam64id="76561198205887559") connected to server
19:55:53: Player "CharlinhoPsico" (steam64id="76561198366562144") disconnected from server
19:56:08: Player "Diorno" (steam64id="76561198142139495") disconnected from server
19:56:18: Player "[YKZ] Seekerzao" (steam64id="76561198067793781") connected to server
19:56:38: Player "C O R U J A" (steam64id="76561198819003355") connected to server
19:57:08: Player "Sagara" (steam64id="76561198057660620") disconnected from server
19:58:43: Player "David Jr" (steam64id="76561198962491605") disconnected from server
19:58:43: Player "Funghi" (steam64id="76561199069858485") disconnected from server
19:58:43: Player "[EB] alemao" (steam64id="76561198046653521") disconnected from server
19:58:43: Player "[ONE] JAPA" (steam64id="76561198161060673") disconnected from server
19:58:43: Player "Hacan121" (steam64id="76561198345012092") disconnected from server
19:58:43: Player "Bob Clarck" (steam64id="76561199118540716") disconnected from server
19:58:43: Player "[YKZ] Felps" (steam64id="76561198892779186") disconnected from server
19:58:43: Player "Dengod" (steam64id="76561198330855874") disconnected from server
19:58:43: Player "[YKZ] Seekerzao" (steam64id="76561198067793781") disconnected from server
19:58:43: Player "[YKZ] chron1c" (steam64id="76561198205585613") disconnected from server
19:58:43: Player "ObreD" (steam64id="76561198258911731") disconnected from server
19:58:43: Player "Duero" (steam64id="76561198259492425") disconnected from server
19:58:43: Player "Lu*s" (steam64id="76561198251218180") disconnected from server
19:58:43: Player "_fraco_" (steam64id="76561198176104718") disconnected from server
19:58:43: Player "FSOCIETY" (steam64id="76561198877983321") disconnected from server
19:58:43: Player "PintoJunior" (steam64id="76561198057936781") disconnected from server
19:58:43: Player "PiLaKo" (steam64id="76561198796261323") disconnected from server
19:58:43: Player "DiK [GHT]" (steam64id="76561198865802203") disconnected from server
19:58:43: Player "ploodrinny" (steam64id="76561198312062387") disconnected from server
19:58:43: Player "[HORDA] JHON WICK" (steam64id="76561198122075703") disconnected from server
19:58:43: Player "[L.B] LopesTa " (steam64id="76561198375254083") disconnected from server
19:58:43: Player "[horda]marcelinho" (steam64id="76561198817477406") disconnected from server
19:58:43: Player "[YKZ]-Lobato" (steam64id="76561198158375860") disconnected from server
19:58:43: Player "andreLSS" (steam64id="76561198308762438") disconnected from server
19:58:43: Player "Biel FxR" (steam64id="76561198050836260") disconnected from server
19:58:43: Player "Kenne" (steam64id="76561199162256124") disconnected from server
19:58:43: Player "ACC" (steam64id="76561198106291582") disconnected from server
19:58:43: Player "Dr.Lecter" (steam64id="76561198080721117") disconnected from server
19:58:43: Player "iNuBii" (steam64id="76561198084277864") disconnected from server
19:58:43: Player "Lucifer" (steam64id="76561199073838397") disconnected from server
19:58:43: Player "Dixon" (steam64id="76561198159099606") disconnected from server
19:58:43: Player "TitioSam" (steam64id="76561199014145539") disconnected from server
19:58:43: Player "SrSete" (steam64id="76561198053431812") disconnected from server
19:58:43: Player "[YKZ] Emissarius" (steam64id="76561198271087379") disconnected from server
19:58:43: Player "[HORDA]MacLovin" (steam64id="76561199068236803") disconnected from server
19:58:43: Player "Alejo" (steam64id="76561198972857210") disconnected from server
19:58:43: Player "[YKZ]-BlackBear" (steam64id="76561198343030820") disconnected from server
19:58:43: Player "[HORDA]LUCASBR" (steam64id="76561198973828354") disconnected from server
19:58:43: Player "GabrielDWR" (steam64id="76561199012612653") disconnected from server
19:58:43: Player "C O R U J A" (steam64id="76561198819003355") disconnected from server
19:58:43: Player "-2s." (steam64id="76561198256926954") disconnected from server
19:58:43: Player "Otaviogabriel" (steam64id="76561198387337056") disconnected from server
19:58:43: Player "[EB] GordoEmers" (steam64id="76561198260617608") disconnected from server
19:58:43: Player "Sabrina" (steam64id="76561199083408122") disconnected from server
19:58:43: Player "MurielL-GynX" (steam64id="76561198205887559") disconnected from server
19:58:43: Player "DanielSam" (steam64id="76561198867200764") disconnected from server
19:58:43: Player "Viniguitton" (steam64id="76561198070540405") disconnected from server
19:58:43: Player "ttuker" (steam64id="76561198971813376") disconnected from server
19:58:43: Player "dinizz" (steam64id="76561198168252860") disconnected from server
20:00:49: Player "[YKZ]-BlackBear" (steam64id="76561198343030820") connected to server
20:00:49: Player "[YKZ] Felps" (steam64id="76561198892779186") connected to server
20:00:49: Player "[HORDA]MacLovin" (steam64id="76561199068236803") connected to server
20:00:49: Player "[YKZ] Seekerzao" (steam64id="76561198067793781") connected to server
20:00:49: Player "[HORDA]LUCASBR" (steam64id="76561198973828354") connected to server
20:00:49: Player "Kenne" (steam64id="76561199162256124") connected to server
20:00:54: Player "PiLaKo" (steam64id="76561198796261323") connected to server
20:00:54: Player "[YKZ]-Lobato" (steam64id="76561198158375860") connected to server
20:00:59: Player "ObreD" (steam64id="76561198258911731") connected to server
20:00:59: Player "ploodrinny" (steam64id="76561198312062387") connected to server
20:01:04: Player "FSOCIETY" (steam64id="76561198877983321") connected to server
20:01:04: Player "TitioSam" (steam64id="76561199014145539") connected to server
20:01:09: Player "C O R U J A" (steam64id="76561198819003355") connected to server
20:01:09: Player "MurielL-GynX" (steam64id="76561198205887559") connected to server
20:01:09: Player "[YKZ] Emissarius" (steam64id="76561198271087379") connected to server
20:01:09: Player "David Jr" (steam64id="76561198962491605") connected to server
20:01:14: Player "CRD" (steam64id="76561199033852709") connected to server
20:01:14: Player "Dr.Lecter" (steam64id="76561198080721117") connected to server
20:01:14: Player "Viniguitton" (steam64id="76561198070540405") connected to server
20:01:19: Player "PintoJunior" (steam64id="76561198057936781") connected to server
20:01:24: Player "[ONE] JAPA" (steam64id="76561198161060673") connected to server
20:01:34: Player "dinizz" (steam64id="76561198168252860") connected to server
20:01:44: Player "Lucifer" (steam64id="76561199073838397") connected to server
20:01:44: Player "[EB] GordoEmers" (steam64id="76561198260617608") connected to server
20:01:49: Player "-2s." (steam64id="76561198256926954") connected to server
20:01:59: Player "Biel FxR" (steam64id="76561198050836260") connected to server
20:02:09: Player "[EB] alemao" (steam64id="76561198046653521") connected to server
20:02:24: Player "Funghi" (steam64id="76561199069858485") connected to server
20:02:39: Player "Charada" (steam64id="76561198034769290") connected to server
20:02:39: Player "Alejo" (steam64id="76561198972857210") connected to server
20:02:44: Player "ACC" (steam64id="76561198106291582") connected to server
20:02:44: Player "[horda]marcelinho" (steam64id="76561198817477406") connected to server
20:02:59: Player "ttuker" (steam64id="76561198971813376") connected to server
20:03:14: Player "[L.B]Alemao011" (steam64id="76561199114404821") connected to server
20:03:39: Player "GabrielDWR" (steam64id="76561199012612653") connected to server
20:05:04: Player "MurielL-GynX" (steam64id="76561198205887559") disconnected from server
20:05:24: Player "Dixon" (steam64id="76561198159099606") connected to server
20:05:39: Player "Duero" (steam64id="76561198259492425") connected to server
20:05:39: Player "Kenne" (steam64id="76561199162256124") disconnected from server
20:05:44: Player "Hacan121" (steam64id="76561198345012092") connected to server
20:05:54: Player "joaovieira" (steam64id="76561198220403464") connected to server
20:06:34: Player "_fraco_" (steam64id="76561198176104718") connected to server
20:07:29: Player "PiLaKo" (steam64id="76561198796261323") disconnected from server
20:07:39: Player "Mbrown" (steam64id="76561198834441216") connected to server
20:09:39: Player "Kenne" (steam64id="76561199162256124") connected to server
20:10:44: Player "Chico Bioca" (steam64id="76561198354274785") connected to server
20:10:54: Player "xPODEXx" (steam64id="76561199175025719") connected to server
20:11:34: Player "Cydicley do GTA" (steam64id="76561198346265542") connected to server
20:11:44: Player "Leo" (steam64id="76561199087497682") connected to server
20:11:54: Player "Mbrown" (steam64id="76561198834441216") disconnected from server
20:12:09: Player "[YKZ] chron1c" (steam64id="76561198205585613") connected to server
20:12:09: Player "Mbrown" (steam64id="76561198834441216") connected to server
20:12:49: Player "Cydicley do GTA" (steam64id="76561198346265542") disconnected from server
20:13:44: Player "GabrielDWR" (steam64id="76561199012612653") disconnected from server
20:15:04: Player "Bob Clarck" (steam64id="76561199118540716") connected to server
20:15:29: Player "lxico" (steam64id="76561199087886482") connected to server
20:16:19: Player "robertoazj45" (steam64id="76561198344940287") connected to server
20:16:19: Player "[EB] alemao" (steam64id="76561198046653521") disconnected from server
20:16:49: Player "Blackhalkk" (steam64id="76561198067496371") connected to server
20:16:59: Player "Nicotinasedu" (steam64id="76561199077452627") connected to server
20:17:29: Player "[ONE] KARABULJHAN" (steam64id="76561198100527842") connected to server
20:17:44: Player "ACC" (steam64id="76561198106291582") disconnected from server
20:17:49: Player "Mbrown" (steam64id="76561198834441216") disconnected from server
20:18:09: Player "[EB] alemao" (steam64id="76561198046653521") connected to server
20:18:49: Player "xPODEXx" (steam64id="76561199175025719") disconnected from server
20:19:04: Player "DE LADAU " (steam64id="76561199052963489") connected to server
20:19:09: Player "ACC" (steam64id="76561198106291582") connected to server
20:19:39: Player "Mbrown" (steam64id="76561198834441216") connected to server
20:20:09: Player "[YAKUZA] -Roger" (steam64id="76561198152624992") connected to server
20:21:04: Player "Mio Kardio" (steam64id="76561198813514168") connected to server
20:21:39: Player "Mbrown" (steam64id="76561198834441216") disconnected from server
20:22:29: Player "Stanley_br" (steam64id="76561198202042881") connected to server
20:24:29: Player "[EB] alemao" (steam64id="76561198046653521") disconnected from server
20:24:54: Player "Dr.Lecter" (steam64id="76561198080721117") disconnected from server
20:25:24: Player "David Jr" (steam64id="76561198962491605") disconnected from server
20:25:44: Player "David Jr" (steam64id="76561198962491605") connected to server
20:25:54: Player "xX_LeoDaBaixada_Xx" (steam64id="76561198864716679") connected to server
20:26:04: Player "_fraco_" (steam64id="76561198176104718") disconnected from server
20:26:09: Player "GabrielDWR" (steam64id="76561199012612653") connected to server
20:26:19: Player "[HORDA]LUCASBR" (steam64id="76561198973828354") disconnected from server
20:26:39: Player "Hacan121" (steam64id="76561198345012092") disconnected from server
20:26:59: Player "_fraco_" (steam64id="76561198176104718") connected to server
20:27:09: Player "[EB] pedrobala" (steam64id="76561198046653521") connected to server
20:27:14: Player "TripaSeca" (steam64id="76561198080721117") connected to server
20:29:04: Player "C O R U J A" (steam64id="76561198819003355") disconnected from server
20:29:29: Player "SirPsychoBerg" (steam64id="76561198411771684") connected to server
20:29:39: Player "TripaSeca" (steam64id="76561198080721117") disconnected from server
20:30:09: Player "[L.B] LopesTa " (steam64id="76561198375254083") connected to server
20:30:44: Player "Charada" (steam64id="76561198034769290") disconnected from server
20:31:39: Player "Oriente7" (steam64id="76561198154800607") connected to server
20:35:25: Player "dinizz" (steam64id="76561198168252860") disconnected from server
20:35:55: Player "RonaldoHell" (steam64id="76561198067535800") connected to server
20:37:30: Player "[ONE] KARABULJHAN" (steam64id="76561198100527842") disconnected from server
20:37:55: Player "[HORDA]KAS" (steam64id="76561199202697738") connected to server
20:42:15: Player "[EB] pedrobala" (steam64id="76561198046653521") disconnected from server
20:42:45: Player "Pedrindumal" (steam64id="76561198827597640") connected to server
20:46:10: Player "Viniguitton" (steam64id="76561198070540405") disconnected from server
20:46:35: Player "[ONE] JAPA" (steam64id="76561198161060673") disconnected from server
20:46:40: Player "[HORDA]LUCASBR" (steam64id="76561198973828354") connected to server
20:47:00: Player "Charada" (steam64id="76561198034769290") connected to server
20:50:10: Player "FSOCIETY" (steam64id="76561198877983321") disconnected from server
20:50:35: Player "MadPana" (steam64id="76561198042363311") connected to server
20:59:30: Player "xX_LeoDaBaixada_Xx" (steam64id="76561198864716679") disconnected from server
21:00:10: Player "Dwight" (steam64id="76561199190064806") connected to server
21:05:05: Player "Bob Clarck" (steam64id="76561199118540716") disconnected from server
21:05:25: Player "MProMax" (steam64id="76561198344484910") connected to server
21:06:35: Player "Lucifer" (steam64id="76561199073838397") disconnected from server
21:06:45: Player "robertoazj45" (steam64id="76561198344940287") disconnected from server
21:07:00: Player "Dixon" (steam64id="76561198159099606") disconnected from server
21:07:15: Player "Passo Largo" (steam64id="76561199203652654") connected to server
21:07:15: Player "Viniguitton" (steam64id="76561198070540405") connected to server
21:07:30: Player "Alejo" (steam64id="76561198972857210") disconnected from server
21:08:00: Player "Charada" (steam64id="76561198034769290") disconnected from server
21:08:40: Player "Leo" (steam64id="76561199087497682") disconnected from server
21:08:45: Player "[YKZ] chron1c" (steam64id="76561198205585613") disconnected from server
21:08:45: Player "[L.B]Alemao011" (steam64id="76561199114404821") disconnected from server
21:08:45: Player "ACC" (steam64id="76561198106291582") disconnected from server
21:08:50: Player "PintoJunior" (steam64id="76561198057936781") disconnected from server
21:08:50: Player "RonaldoHell" (steam64id="76561198067535800") disconnected from server
21:08:50: Player "[YAKUZA] -Roger" (steam64id="76561198152624992") disconnected from server
21:08:50: Player "-2s." (steam64id="76561198256926954") disconnected from server
21:08:55: Player "Duero" (steam64id="76561198259492425") disconnected from server
21:08:55: Player "ploodrinny" (steam64id="76561198312062387") disconnected from server
21:08:55: Player "[horda]marcelinho" (steam64id="76561198817477406") disconnected from server
21:08:55: Player "Kenne" (steam64id="76561199162256124") disconnected from server
21:08:55: Player "[YKZ] Emissarius" (steam64id="76561198271087379") disconnected from server
21:08:55: Player "[HORDA]MacLovin" (steam64id="76561199068236803") disconnected from server
21:09:00: Player "Stanley_br" (steam64id="76561198202042881") disconnected from server
21:09:00: Player "[YKZ] Felps" (steam64id="76561198892779186") disconnected from server
21:09:00: Player "[YKZ] Seekerzao" (steam64id="76561198067793781") disconnected from server
21:09:00: Player "SirPsychoBerg" (steam64id="76561198411771684") disconnected from server
21:09:00: Player "Dwight" (steam64id="76561199190064806") disconnected from server
21:09:00: Player "ObreD" (steam64id="76561198258911731") disconnected from server
21:09:00: Player "[YKZ]-Lobato" (steam64id="76561198158375860") disconnected from server
21:09:00: Player "Blackhalkk" (steam64id="76561198067496371") disconnected from server
21:09:00: Player "joaovieira" (steam64id="76561198220403464") disconnected from server
21:09:05: Player "_fraco_" (steam64id="76561198176104718") disconnected from server
21:09:05: Player "Biel FxR" (steam64id="76561198050836260") disconnected from server
21:09:05: Player "[YKZ]-BlackBear" (steam64id="76561198343030820") disconnected from server
21:09:05: Player "MadPana" (steam64id="76561198042363311") disconnected from server
21:09:10: Player "ttuker" (steam64id="76561198971813376") disconnected from server
21:09:10: Player "lxico" (steam64id="76561199087886482") disconnected from server
21:09:10: Player "[HORDA]LUCASBR" (steam64id="76561198973828354") disconnected from server
21:09:10: Player "[L.B] LopesTa " (steam64id="76561198375254083") disconnected from server
21:09:10: Player "Pedrindumal" (steam64id="76561198827597640") disconnected from server
21:09:10: Player "DE LADAU " (steam64id="76561199052963489") disconnected from server
21:09:15: Player "Chico Bioca" (steam64id="76561198354274785") disconnected from server
21:09:20: Player "Funghi" (steam64id="76561199069858485") disconnected from server
21:09:25: Player "Oriente7" (steam64id="76561198154800607") disconnected from server
21:09:25: Player "Viniguitton" (steam64id="76561198070540405") disconnected from server
21:09:30: Player "[HORDA]KAS" (steam64id="76561199202697738") disconnected from server
21:09:40: Player "MProMax" (steam64id="76561198344484910") disconnected from server
21:09:40: Player "Nicotinasedu" (steam64id="76561199077452627") disconnected from server
21:09:40: Player "Passo Largo" (steam64id="76561199203652654") disconnected from server
21:09:45: Player "TitioSam" (steam64id="76561199014145539") disconnected from server
21:09:50: Player "Mio Kardio" (steam64id="76561198813514168") disconnected from server
21:09:55: Player "GabrielDWR" (steam64id="76561199012612653") disconnected from server
21:10:10: Player "David Jr" (steam64id="76561198962491605") disconnected from server
21:10:20: Player "[EB] GordoEmers" (steam64id="76561198260617608") disconnected from server
21:10:30: Player "CRD" (steam64id="76561199033852709") disconnected from server
21:15:35: Player "DE LADAU " (steam64id="76561199052963489") connected to server
21:15:40: Player "Chico Bioca" (steam64id="76561198354274785") connected to server
21:15:45: Player "Funghi" (steam64id="76561199069858485") connected to server
21:15:45: Player "SirPsychoBerg" (steam64id="76561198411771684") connected to server
21:15:50: Player "[YKZ] Emissarius" (steam64id="76561198271087379") connected to server
21:15:50: Player "[YKZ] Felps" (steam64id="76561198892779186") connected to server
21:15:55: Player "CRD" (steam64id="76561199033852709") connected to server
21:15:55: Player "RonaldoHell" (steam64id="76561198067535800") connected to server
21:16:00: Player "Blackhalkk" (steam64id="76561198067496371") connected to server
21:16:05: Player "Sagara" (steam64id="76561198057660620") connected to server
21:16:05: Player "[YKZ] chron1c" (steam64id="76561198205585613") connected to server
21:16:05: Player "[YKZ] Seekerzao" (steam64id="76561198067793781") connected to server
21:16:05: Player "CharlinhoPsico" (steam64id="76561198366562144") connected to server
21:16:10: Player "Oriente7" (steam64id="76561198154800607") connected to server
21:16:10: Player "[ONE] JAPA" (steam64id="76561198161060673") connected to server
21:16:15: Player "_fraco_" (steam64id="76561198176104718") connected to server
21:16:15: Player "[YKZ]-Lobato" (steam64id="76561198158375860") connected to server
21:16:25: Player "ploodrinny" (steam64id="76561198312062387") connected to server
21:16:30: Player "PintoJunior" (steam64id="76561198057936781") connected to server
21:16:35: Player "Dixon" (steam64id="76561198159099606") connected to server
21:16:45: Player "[HORDA]LUCASBR" (steam64id="76561198973828354") connected to server
21:16:55: Player "[L.B]Hunter" (steam64id="76561199247778251") connected to server
21:17:00: Player "GabrielDWR" (steam64id="76561199012612653") connected to server
21:17:00: Player "ACC" (steam64id="76561198106291582") connected to server
21:17:10: Player "MadPana" (steam64id="76561198042363311") connected to server
21:17:10: Player "Pedrindumal" (steam64id="76561198827597640") connected to server
21:17:15: Player "TripaSeca" (steam64id="76561198080721117") connected to server
21:17:25: Player "[L.B]Alemao011" (steam64id="76561199114404821") connected to server
21:17:35: Player "[HORDA]MacLovin" (steam64id="76561199068236803") connected to server
21:17:35: Player "[YKZ]-BlackBear" (steam64id="76561198343030820") connected to server
21:17:50: Player "Leo" (steam64id="76561199087497682") connected to server
21:18:00: Player "Dwight" (steam64id="76561199190064806") connected to server
21:18:15: Player "DanielSam" (steam64id="76561198867200764") connected to server
21:18:25: Player "[EB] pedrobala" (steam64id="76561198046653521") connected to server
21:18:30: Player "[L.B] LopesTa " (steam64id="76561198375254083") connected to server
21:18:55: Player "StarkCG" (steam64id="76561198121484554") connected to server
21:19:05: Player "Lohrann" (steam64id="76561198098021535") connected to server
21:19:25: Player "[EB] GordoEmers" (steam64id="76561198260617608") connected to server
21:20:10: Player "_fraco_" (steam64id="76561198176104718") disconnected from server
21:20:55: Player "Funghi" (steam64id="76561199069858485") disconnected from server
21:20:55: Player "[EB] pedrobala" (steam64id="76561198046653521") disconnected from server
21:20:55: Player "[ONE] JAPA" (steam64id="76561198161060673") disconnected from server
21:20:55: Player "Dwight" (steam64id="76561199190064806") disconnected from server
21:20:55: Player "Sagara" (steam64id="76561198057660620") disconnected from server
21:20:55: Player "[YKZ] Felps" (steam64id="76561198892779186") disconnected from server
21:20:55: Player "[YKZ] Seekerzao" (steam64id="76561198067793781") disconnected from server
21:20:55: Player "DanielSam" (steam64id="76561198867200764") disconnected from server
21:20:55: Player "PintoJunior" (steam64id="76561198057936781") disconnected from server
21:20:55: Player "Blackhalkk" (steam64id="76561198067496371") disconnected from server
21:20:55: Player "Chico Bioca" (steam64id="76561198354274785") disconnected from server
21:20:55: Player "ploodrinny" (steam64id="76561198312062387") disconnected from server
21:20:55: Player "RonaldoHell" (steam64id="76561198067535800") disconnected from server
21:20:55: Player "SirPsychoBerg" (steam64id="76561198411771684") disconnected from server
21:20:55: Player "[L.B] LopesTa " (steam64id="76561198375254083") disconnected from server
21:20:55: Player "[YKZ] chron1c" (steam64id="76561198205585613") disconnected from server
21:20:55: Player "[L.B]Alemao011" (steam64id="76561199114404821") disconnected from server
21:20:55: Player "[YKZ]-Lobato" (steam64id="76561198158375860") disconnected from server
21:20:55: Player "Pedrindumal" (steam64id="76561198827597640") disconnected from server
21:20:55: Player "ACC" (steam64id="76561198106291582") disconnected from server
21:20:55: Player "TripaSeca" (steam64id="76561198080721117") disconnected from server
21:20:55: Player "Leo" (steam64id="76561199087497682") disconnected from server
21:20:55: Player "Oriente7" (steam64id="76561198154800607") disconnected from server
21:20:55: Player "Dixon" (steam64id="76561198159099606") disconnected from server
21:20:55: Player "StarkCG" (steam64id="76561198121484554") disconnected from server
21:20:55: Player "[YKZ] Emissarius" (steam64id="76561198271087379") disconnected from server
21:20:55: Player "[HORDA]MacLovin" (steam64id="76561199068236803") disconnected from server
21:20:55: Player "CRD" (steam64id="76561199033852709") disconnected from server
21:20:55: Player "[YKZ]-BlackBear" (steam64id="76561198343030820") disconnected from server
21:20:55: Player "[HORDA]LUCASBR" (steam64id="76561198973828354") disconnected from server
21:20:55: Player "GabrielDWR" (steam64id="76561199012612653") disconnected from server
21:20:55: Player "CharlinhoPsico" (steam64id="76561198366562144") disconnected from server
21:20:55: Player "DE LADAU " (steam64id="76561199052963489") disconnected from server
21:20:55: Player "[EB] GordoEmers" (steam64id="76561198260617608") disconnected from server
21:20:55: Player "Lohrann" (steam64id="76561198098021535") disconnected from server
21:20:55: Player "MadPana" (steam64id="76561198042363311") disconnected from server
21:20:55: Player "[L.B]Hunter" (steam64id="76561199247778251") disconnected from server
