00:01:05: Player "=G3=L.REIS" (steam64id="76561197965313777") connected to server
00:01:05: Player "Biel FxR" (steam64id="76561198050836260") connected to server
00:01:05: Player "CHASER?" (steam64id="76561198246131158") connected to server
00:01:05: Player "=G3= wellbert" (steam64id="76561198914685824") connected to server
00:01:05: Player "StarkCG" (steam64id="76561198121484554") connected to server
00:01:05: Player "AiPolly" (steam64id="76561198072574279") connected to server
00:01:05: Player "=G3= Chupo no sigilo " (steam64id="76561199037080751") connected to server
00:01:05: Player "Hacan121" (steam64id="76561198345012092") connected to server
00:01:05: Player "queteimporta" (steam64id="76561198071886191") connected to server
00:01:05: Player "TripaSeca" (steam64id="76561198093060507") connected to server
00:01:20: Player "?? Prince#4184" (steam64id="76561198199985663") connected to server
00:01:20: Player "Sagara" (steam64id="76561198057660620") connected to server
00:01:25: Player "Ronin" (steam64id="76561199105118692") connected to server
00:01:35: Player "Alcanfor" (steam64id="76561198018104612") connected to server
00:01:35: Player "[ONE] KARABULJHAN" (steam64id="76561198100527842") connected to server
00:02:05: Player "MenoDuLins" (steam64id="76561198057614573") connected to server
00:02:20: Player "paulin" (steam64id="76561199216132269") connected to server
00:02:50: Player "Betinho_maluco" (steam64id="76561198057627157") connected to server
00:02:55: Player "Alcanfor" (steam64id="76561198018104612") disconnected from server
00:03:10: Player "MR.nacho" (steam64id="76561198273652820") connected to server
00:05:15: Player "o velho peludo" (steam64id="76561198843547059") connected to server
00:07:05: Player "SuperTito" (steam64id="76561198802131541") connected to server
00:07:55: Player "[ONE] JAPA" (steam64id="76561198161060673") connected to server
00:12:45: Player "Betinho_maluco" (steam64id="76561198057627157") disconnected from server
00:13:30: Player "Betinho_maluco" (steam64id="76561198057627157") connected to server
00:13:55: Player "Vinycin" (steam64id="76561198989132464") connected to server
00:16:30: Player "Betinho_maluco" (steam64id="76561198057627157") disconnected from server
00:16:45: Player "SuperTito" (steam64id="76561198802131541") disconnected from server
00:18:05: Player "Hacan121" (steam64id="76561198345012092") disconnected from server
00:18:05: Player "Sagara" (steam64id="76561198057660620") disconnected from server
00:18:05: Player "=G3=L.REIS" (steam64id="76561197965313777") disconnected from server
00:18:05: Player "queteimporta" (steam64id="76561198071886191") disconnected from server
00:18:25: Player "pipezkt" (steam64id="76561198336683730") connected to server
00:19:25: Player "Betinho_maluco" (steam64id="76561198057627157") connected to server
00:22:15: Player "[ONE] XxibahH" (steam64id="76561198165228070") connected to server
00:22:20: Player "Hacan121" (steam64id="76561198345012092") connected to server
00:23:30: Player "=G3=L.REIS" (steam64id="76561197965313777") connected to server
00:28:50: Player "Diorno" (steam64id="76561198142139495") connected to server
00:34:20: Player "PintoJunior" (steam64id="76561198057936781") connected to server
00:41:15: Player "StarkCG" (steam64id="76561198121484554") disconnected from server
00:43:15: Player "PintoJunior" (steam64id="76561198057936781") disconnected from server
00:45:20: Player "Guifer" (steam64id="76561197991914988") connected to server
00:48:25: Player "iGus" (steam64id="76561198096864487") connected to server
00:48:50: Player "[ONE] XxibahH" (steam64id="76561198165228070") disconnected from server
00:50:05: Player "ElViejoSanca" (steam64id="76561198843832742") connected to server
00:50:50: Player "Guifer" (steam64id="76561197991914988") disconnected from server
00:51:25: Player "Jahras" (steam64id="76561199082683298") connected to server
00:51:50: Player "Guifer" (steam64id="76561197991914988") connected to server
00:54:25: Player "BobLeeSuado" (steam64id="76561198841801794") connected to server
00:56:10: Player "[YKZ] pedrobala" (steam64id="76561198046653521") connected to server
01:05:05: Player "Cristof" (steam64id="76561198305968623") connected to server
01:06:00: Player "[PR]gasava420" (steam64id="76561198214063784") connected to server
01:08:55: Player "[PR] Cesar El Cazador" (steam64id="76561198376051182") connected to server
01:09:25: Player "Licao" (steam64id="76561198177924711") connected to server
01:10:10: Player "Licao" (steam64id="76561198177924711") disconnected from server
01:11:30: Player "[YKZ] pedrobala" (steam64id="76561198046653521") disconnected from server
01:12:25: Player "ttuker" (steam64id="76561198971813376") connected to server
01:12:35: Player "[PR] Naz" (steam64id="76561198278477187") connected to server
01:12:50: Player "TripaSeca" (steam64id="76561198093060507") disconnected from server
01:13:10: Player "[YKZ] pedrobala" (steam64id="76561198046653521") connected to server
01:13:10: Player "TripaSeca" (steam64id="76561198093060507") connected to server
01:20:35: Player "[YKZ] pedrobala" (steam64id="76561198046653521") disconnected from server
01:22:40: Player "Duerowww" (steam64id="76561198259492425") connected to server
01:26:20: Player "=G3=L.REIS" (steam64id="76561197965313777") disconnected from server
01:27:30: Player "AiPolly" (steam64id="76561198072574279") disconnected from server
01:28:25: Player "=G3= wellbert" (steam64id="76561198914685824") disconnected from server
01:28:35: Player "=G3= Chupo no sigilo " (steam64id="76561199037080751") disconnected from server
01:29:05: Player "o velho peludo" (steam64id="76561198843547059") disconnected from server
01:30:40: Player "yoelpixula" (steam64id="76561198965319470") connected to server
01:33:20: Player "Sagara" (steam64id="76561198057660620") connected to server
01:34:25: Player "TioBig" (steam64id="76561198245074034") connected to server
01:34:45: Player "cryil" (steam64id="76561198080742311") connected to server
01:35:05: Player "yoelpixula" (steam64id="76561198965319470") disconnected from server
01:35:15: Player "JohnKetamine Jr." (steam64id="76561198140605281") connected to server
01:38:00: Player "[PR] Naz" (steam64id="76561198278477187") disconnected from server
01:38:15: Player "benja" (steam64id="76561198882824508") connected to server
01:38:15: Player "[PR] Naz" (steam64id="76561198278477187") connected to server
01:39:45: Player "[PR] Naz" (steam64id="76561198278477187") disconnected from server
01:41:10: Player "DE LADAU " (steam64id="76561199052963489") connected to server
01:43:20: Player "paulin" (steam64id="76561199216132269") disconnected from server
01:46:05: Player "Diorno" (steam64id="76561198142139495") disconnected from server
01:47:25: Player "paulin" (steam64id="76561199216132269") connected to server
01:48:05: Player "Biel FxR" (steam64id="76561198050836260") disconnected from server
01:48:10: Player "Diorno" (steam64id="76561198142139495") connected to server
01:50:00: Player "Victor" (steam64id="76561198183683947") connected to server
01:50:05: Player "FBI-17" (steam64id="76561199221965397") connected to server
01:50:10: Player "FBI-17" (steam64id="76561199221965397") disconnected from server
01:50:35: Player "pipezkt" (steam64id="76561198336683730") disconnected from server
01:52:00: Player "Hacan121" (steam64id="76561198345012092") disconnected from server
01:52:50: Player "[ONE] JAPA" (steam64id="76561198161060673") disconnected from server
01:54:10: Player "DiegoRock24" (steam64id="76561198196463397") connected to server
01:54:20: Player "[ONE] KARABULJHAN" (steam64id="76561198100527842") disconnected from server
01:54:30: Player "Barwick" (steam64id="76561198078465767") connected to server
01:55:35: Player "Maxzera" (steam64id="76561198111802235") connected to server
01:57:30: Player "pipezkt" (steam64id="76561198336683730") connected to server
01:57:45: Player "[LGBTQIA+] Alti" (steam64id="76561199235859883") connected to server
01:59:40: Player "[LGBTQIA+] Alti" (steam64id="76561199235859883") disconnected from server
02:02:40: Player "Hruotegar" (steam64id="76561198046558677") connected to server
02:04:15: Player "Pargon" (steam64id="76561198001262048") connected to server
02:10:30: Player "Death Dealler" (steam64id="76561198257760225") connected to server
02:12:00: Player "DiegoRock24" (steam64id="76561198196463397") disconnected from server
02:12:35: Player "Rossi" (steam64id="76561198804198110") connected to server
02:12:55: Player "TripaSeca" (steam64id="76561198093060507") disconnected from server
02:13:00: Player "[LGBTQIA+] Alti" (steam64id="76561199235859883") connected to server
02:16:10: Player "cryil" (steam64id="76561198080742311") disconnected from server
02:16:25: Player "Maxzera" (steam64id="76561198111802235") disconnected from server
02:16:40: Player "iGus" (steam64id="76561198096864487") disconnected from server
02:17:20: Player "DE LADAU " (steam64id="76561199052963489") disconnected from server
02:17:30: Player "TioBig" (steam64id="76561198245074034") disconnected from server
02:19:40: Player "Barwick" (steam64id="76561198078465767") disconnected from server
02:23:35: Player "SuperTito" (steam64id="76561198802131541") connected to server
02:24:35: Player "BobLeeSuado" (steam64id="76561198841801794") disconnected from server
02:28:50: Player "Victor" (steam64id="76561198183683947") disconnected from server
02:30:10: Player "ElViejoSanca" (steam64id="76561198843832742") disconnected from server
02:31:30: Player "Guifer" (steam64id="76561197991914988") disconnected from server
02:33:10: Player "yoelpixula" (steam64id="76561198965319470") connected to server
02:34:45: Player "Pargon" (steam64id="76561198001262048") disconnected from server
02:39:15: Player "Ronin" (steam64id="76561199105118692") disconnected from server
02:41:35: Player "Sagara" (steam64id="76561198057660620") disconnected from server
02:42:00: Player "MenoDuLins" (steam64id="76561198057614573") disconnected from server
02:42:10: Player "Jahras" (steam64id="76561199082683298") disconnected from server
02:43:35: Player "?? Prince#4184" (steam64id="76561198199985663") disconnected from server
02:47:35: Player "Vinycin" (steam64id="76561198989132464") disconnected from server
02:47:40: Player "pipezkt" (steam64id="76561198336683730") disconnected from server
02:48:15: Player "MR.nacho" (steam64id="76561198273652820") disconnected from server
02:48:45: Player "DE LADAU " (steam64id="76561199052963489") connected to server
02:51:20: Player "Betinho_maluco" (steam64id="76561198057627157") disconnected from server
02:52:20: Player "CHASER?" (steam64id="76561198246131158") disconnected from server
02:55:00: Player "$T[MERC]" (steam64id="76561198801415744") connected to server
02:58:55: Player "Vinycin" (steam64id="76561198989132464") connected to server
02:58:55: Player "DE LADAU " (steam64id="76561199052963489") disconnected from server
03:01:15: Player "DE LADAU " (steam64id="76561199052963489") connected to server
03:01:50: Player "SuperTito" (steam64id="76561198802131541") disconnected from server
03:05:25: Player "yoelpixula" (steam64id="76561198965319470") disconnected from server
03:07:25: Player "[LGBTQIA+] Alti" (steam64id="76561199235859883") disconnected from server
03:09:10: Player "Hruotegar" (steam64id="76561198046558677") disconnected from server
03:11:00: Player "JohnKetamine Jr." (steam64id="76561198140605281") disconnected from server
03:11:50: Player "JohnKetamine Jr." (steam64id="76561198140605281") connected to server
03:12:20: Player "$T[MERC]" (steam64id="76561198801415744") disconnected from server
03:13:00: Player "Diorno" (steam64id="76561198142139495") disconnected from server
03:23:20: Player "Vinycin" (steam64id="76561198989132464") disconnected from server
03:28:30: Player "JohnKetamine Jr." (steam64id="76561198140605281") disconnected from server
03:29:30: Player "[PR] Cesar El Cazador" (steam64id="76561198376051182") disconnected from server
03:29:45: Player "Death Dealler" (steam64id="76561198257760225") disconnected from server
03:30:05: Player "Death Dealler" (steam64id="76561198257760225") connected to server
03:30:15: Player "DE LADAU " (steam64id="76561199052963489") disconnected from server
03:36:10: Player "Freitas jr" (steam64id="76561198986020795") connected to server
03:39:15: Player "benja" (steam64id="76561198882824508") disconnected from server
03:39:35: Player "[PR]gasava420" (steam64id="76561198214063784") disconnected from server
03:39:55: Player "Cristof" (steam64id="76561198305968623") disconnected from server
03:40:55: Player "MuFeTe De FrAnGo" (steam64id="76561199018026908") connected to server
03:42:15: Player "MuFeTe De FrAnGo" (steam64id="76561199018026908") disconnected from server
03:51:00: Player "paulin" (steam64id="76561199216132269") disconnected from server
03:56:50: Player "[YKZ]-BlackBear" (steam64id="76561198343030820") connected to server
03:59:10: Player "Duerowww" (steam64id="76561198259492425") disconnected from server
03:59:10: Player "Rossi" (steam64id="76561198804198110") disconnected from server
03:59:10: Player "Death Dealler" (steam64id="76561198257760225") disconnected from server
03:59:10: Player "ttuker" (steam64id="76561198971813376") disconnected from server
03:59:10: Player "[YKZ]-BlackBear" (steam64id="76561198343030820") disconnected from server
03:59:10: Player "Freitas jr" (steam64id="76561198986020795") disconnected from server
04:01:02: Player "[YKZ]-BlackBear" (steam64id="76561198343030820") connected to server
04:01:02: Player "Freitas jr" (steam64id="76561198986020795") connected to server
04:01:22: Player "Rossi" (steam64id="76561198804198110") connected to server
04:02:02: Player "Death Dealler" (steam64id="76561198257760225") connected to server
04:02:27: Player "Duerowww" (steam64id="76561198259492425") connected to server
04:05:07: Player "ttuker" (steam64id="76561198971813376") connected to server
04:10:47: Player "paulin" (steam64id="76561199216132269") connected to server
04:19:57: Player "paulin" (steam64id="76561199216132269") disconnected from server
04:43:12: Player "ttuker" (steam64id="76561198971813376") disconnected from server
04:44:37: Player "Duerowww" (steam64id="76561198259492425") disconnected from server
04:50:02: Player "Rossi" (steam64id="76561198804198110") disconnected from server
04:50:42: Player "Death Dealler" (steam64id="76561198257760225") disconnected from server
05:03:57: Player "Freitas jr" (steam64id="76561198986020795") disconnected from server
06:13:42: Player "Seekerzao" (steam64id="76561198067793781") connected to server
06:32:42: Player "[YKZ]-BlackBear" (steam64id="76561198343030820") disconnected from server
06:34:57: Player "Duerowww" (steam64id="76561198259492425") connected to server
06:53:37: Player "{KMG}fuzil" (steam64id="76561198965933878") connected to server
07:19:57: Player "[ONE}Rick" (steam64id="76561198868590548") connected to server
07:37:12: Player "Duerowww" (steam64id="76561198259492425") disconnected from server
07:37:47: Player "Duerowww" (steam64id="76561198259492425") connected to server
07:47:32: Player "{KMG}fuzil" (steam64id="76561198965933878") disconnected from server
07:56:52: Player "Duerowww" (steam64id="76561198259492425") disconnected from server
07:59:07: Player "[ONE}Rick" (steam64id="76561198868590548") disconnected from server
07:59:07: Player "Seekerzao" (steam64id="76561198067793781") disconnected from server
08:02:48: Player "[ONE}Rick" (steam64id="76561198868590548") connected to server
08:04:13: Player "Seekerzao" (steam64id="76561198067793781") connected to server
08:52:33: Player "Dygo" (steam64id="76561198017576237") connected to server
08:58:18: Player "[L.B] Santorin" (steam64id="76561199069721527") connected to server
09:01:18: Player "Lrk" (steam64id="76561198021843024") connected to server
09:07:38: Player "[ONE}Rick" (steam64id="76561198868590548") disconnected from server
09:08:33: Player "{KMG}fuzil" (steam64id="76561198965933878") connected to server
09:13:28: Player "[HORDA]  Rogal" (steam64id="76561199225267029") connected to server
09:19:13: Player "[HORDA]  Rogal" (steam64id="76561199225267029") disconnected from server
09:28:53: Player "{KMG}-Rockeiro" (steam64id="76561198928581570") connected to server
09:31:08: Player "[L.B] ploodrinny" (steam64id="76561198312062387") connected to server
09:37:38: Player "Dygo" (steam64id="76561198017576237") disconnected from server
09:45:13: Player "[L.B] Santorin" (steam64id="76561199069721527") disconnected from server
09:45:38: Player "lobinhooou" (steam64id="76561198308387139") connected to server
09:48:18: Player "[L.B] Santorin" (steam64id="76561199069721527") connected to server
09:49:08: Player "lobinhooou" (steam64id="76561198308387139") disconnected from server
09:54:13: Player "[L.B]TropaDoEnguisa" (steam64id="76561198211423224") connected to server
09:54:43: Player "{KMG}-Rockeiro" (steam64id="76561198928581570") disconnected from server
09:55:28: Player "{KMG}fuzil" (steam64id="76561198965933878") disconnected from server
10:03:53: Player "[L.B]TropaDoEnguisa" (steam64id="76561198211423224") disconnected from server
10:09:33: Player "[L.B]TropaDoEnguisa" (steam64id="76561198211423224") connected to server
10:09:58: Player "DinizBr" (steam64id="76561198128517157") connected to server
10:12:48: Player "[L.B] LopesTa " (steam64id="76561198375254083") connected to server
10:14:43: Player "[ONE] JAPA" (steam64id="76561198161060673") connected to server
10:16:03: Player "[ONE}Rick" (steam64id="76561198868590548") connected to server
10:22:08: Player "[ONE] JAPA" (steam64id="76561198161060673") disconnected from server
10:23:18: Player "[ONE] JAPA" (steam64id="76561198161060673") connected to server
10:23:28: Player "DinizBr" (steam64id="76561198128517157") disconnected from server
10:37:08: Player "[EM] Oliveira" (steam64id="76561198133211909") connected to server
10:41:28: Player "[ONE] PORVINHA" (steam64id="76561198426990483") connected to server
10:41:53: Player "[LGBTQIA+] S T R 1 P P 3 R - S" (steam64id="76561198114043394") connected to server
10:48:48: Player "Joker" (steam64id="76561198038326260") connected to server
10:50:08: Player "Lrk" (steam64id="76561198021843024") disconnected from server
10:50:38: Player "Dygo" (steam64id="76561198017576237") connected to server
10:50:58: Player "[EM]rodrigo" (steam64id="76561198046104047") connected to server
10:51:28: Player "DinizBr" (steam64id="76561198128517157") connected to server
10:52:03: Player "[L.B]TropaDoEnguisa" (steam64id="76561198211423224") disconnected from server
10:53:53: Player "AlicinhaFerraz" (steam64id="76561199207813177") connected to server
10:54:48: Player "Joker" (steam64id="76561198038326260") disconnected from server
10:57:08: Player "Mat*Reis" (steam64id="76561198442072760") connected to server
10:58:23: Player "[L.B]Hunter" (steam64id="76561199247778251") connected to server
11:02:33: Player "[LGBTQIA+] S T R 1 P P 3 R - S" (steam64id="76561198114043394") disconnected from server
11:03:08: Player "Roquebravo" (steam64id="76561199114899953") connected to server
11:03:53: Player "Roquebravo" (steam64id="76561199114899953") disconnected from server
11:04:13: Player "[LGBTQIA+] S T R 1 P P 3 R - S" (steam64id="76561198114043394") connected to server
11:05:03: Player "Mat*Reis" (steam64id="76561198442072760") disconnected from server
11:05:58: Player "[L.B]TropaDoEnguisa" (steam64id="76561198211423224") connected to server
11:06:38: Player "[L.B] Santorin" (steam64id="76561199069721527") disconnected from server
11:08:18: Player "Mat*Reis" (steam64id="76561198442072760") connected to server
11:16:53: Player "[L.B] ploodrinny" (steam64id="76561198312062387") disconnected from server
11:16:58: Player "=FURY= Biribinha" (steam64id="76561199031638818") connected to server
11:17:43: Player "=FURY= Biribinha" (steam64id="76561199031638818") disconnected from server
11:18:58: Player "PintoJunior" (steam64id="76561198057936781") connected to server
11:19:18: Player "[EM]Pysicol" (steam64id="76561198112459474") connected to server
11:20:23: Player "=FURY= Biribinha" (steam64id="76561199031638818") connected to server
11:22:08: Player "=FURY= Biribinha" (steam64id="76561199031638818") disconnected from server
11:22:38: Player "[ONE] JAPA" (steam64id="76561198161060673") disconnected from server
11:26:23: Player "Dygo" (steam64id="76561198017576237") disconnected from server
11:26:23: Player "[L.B]TropaDoEnguisa" (steam64id="76561198211423224") disconnected from server
11:30:33: Player "[L.B]Hunter" (steam64id="76561199247778251") disconnected from server
11:30:43: Player "{KMG}-Rockeiro" (steam64id="76561198928581570") connected to server
11:30:48: Player "{KMG}fuzil" (steam64id="76561198965933878") connected to server
11:31:18: Player "{ KMG } - Elguapo" (steam64id="76561198363655296") connected to server
11:34:18: Player "ttuker" (steam64id="76561198971813376") connected to server
11:35:18: Player "Uniao Crislam" (steam64id="76561199274047332") connected to server
11:37:58: Player "ChaveroX" (steam64id="76561198073099137") connected to server
11:39:33: Player "PintoJunior" (steam64id="76561198057936781") disconnected from server
11:45:58: Player "[ONE}Rick" (steam64id="76561198868590548") disconnected from server
11:46:38: Player "SKORGE" (steam64id="76561198155169434") connected to server
11:47:03: Player "[KMG] Smifts" (steam64id="76561198304844319") connected to server
11:47:18: Player "SrAntonio" (steam64id="76561198390347410") connected to server
11:48:53: Player "[EM]Dougmasters" (steam64id="76561198121189150") connected to server
11:49:33: Player "Pisycodelick" (steam64id="76561199223169978") connected to server
11:49:33: Player "ChaveroX" (steam64id="76561198073099137") disconnected from server
11:50:58: Player "SKORGE" (steam64id="76561198155169434") disconnected from server
11:58:43: Player "[LGBTQIA+] S T R 1 P P 3 R - S" (steam64id="76561198114043394") disconnected from server
11:58:48: Player "Uniao Crislam" (steam64id="76561199274047332") disconnected from server
11:59:08: Player "[EM]Pysicol" (steam64id="76561198112459474") disconnected from server
11:59:08: Player "DinizBr" (steam64id="76561198128517157") disconnected from server
11:59:08: Player "[EM] Oliveira" (steam64id="76561198133211909") disconnected from server
11:59:08: Player "Pisycodelick" (steam64id="76561199223169978") disconnected from server
11:59:08: Player "Seekerzao" (steam64id="76561198067793781") disconnected from server
11:59:08: Player "[EM]rodrigo" (steam64id="76561198046104047") disconnected from server
11:59:08: Player "ttuker" (steam64id="76561198971813376") disconnected from server
11:59:08: Player "{ KMG } - Elguapo" (steam64id="76561198363655296") disconnected from server
11:59:08: Player "{KMG}-Rockeiro" (steam64id="76561198928581570") disconnected from server
11:59:08: Player "[ONE] PORVINHA" (steam64id="76561198426990483") disconnected from server
11:59:08: Player "AlicinhaFerraz" (steam64id="76561199207813177") disconnected from server
11:59:08: Player "{KMG}fuzil" (steam64id="76561198965933878") disconnected from server
11:59:08: Player "[KMG] Smifts" (steam64id="76561198304844319") disconnected from server
11:59:08: Player "Mat*Reis" (steam64id="76561198442072760") disconnected from server
11:59:08: Player "[L.B] LopesTa " (steam64id="76561198375254083") disconnected from server
11:59:08: Player "SrAntonio" (steam64id="76561198390347410") disconnected from server
11:59:08: Player "[EM]Dougmasters" (steam64id="76561198121189150") disconnected from server
12:01:04: Player "{ KMG } - Elguapo" (steam64id="76561198363655296") connected to server
12:01:04: Player "{KMG}-Rockeiro" (steam64id="76561198928581570") connected to server
12:01:04: Player "ttuker" (steam64id="76561198971813376") connected to server
12:01:24: Player "SrAntonio" (steam64id="76561198390347410") connected to server
12:02:04: Player "[ONE] PORVINHA" (steam64id="76561198426990483") connected to server
12:02:24: Player "[KMG] Smifts" (steam64id="76561198304844319") connected to server
12:02:34: Player "{KMG}fuzil" (steam64id="76561198965933878") connected to server
12:03:19: Player "DinizBr" (steam64id="76561198128517157") connected to server
12:03:24: Player "[EM]rodrigo" (steam64id="76561198046104047") connected to server
12:03:34: Player "[L.B] ploodrinny" (steam64id="76561198312062387") connected to server
12:03:39: Player "Mat*Reis" (steam64id="76561198442072760") connected to server
12:04:34: Player "=FURY= Biribinha" (steam64id="76561199031638818") connected to server
12:04:59: Player "[YKZ]-BlackBear" (steam64id="76561198343030820") connected to server
12:05:04: Player "=FURY= zCastro" (steam64id="76561199027286716") connected to server
12:07:14: Player "[L.B] SeryD" (steam64id="76561198072791642") connected to server
12:07:59: Player "Mat*Reis" (steam64id="76561198442072760") disconnected from server
12:08:54: Player "[L.B] LopesTa " (steam64id="76561198375254083") connected to server
12:14:34: Player "[EM]rodrigo" (steam64id="76561198046104047") disconnected from server
12:17:14: Player "Seekerzao" (steam64id="76561198067793781") connected to server
12:22:09: Player "Mat*Reis" (steam64id="76561198442072760") connected to server
12:27:04: Player "Camper de Kiev" (steam64id="76561198119612359") connected to server
12:29:24: Player "Seekerzao" (steam64id="76561198067793781") disconnected from server
12:30:24: Player "SrAntonio" (steam64id="76561198390347410") disconnected from server
12:36:44: Player "Mat*Reis" (steam64id="76561198442072760") disconnected from server
12:44:09: Player "Kaike" (steam64id="76561199246129933") connected to server
12:44:54: Player "Kaike" (steam64id="76561199246129933") disconnected from server
12:45:09: Player "SchrodingersDog" (steam64id="76561198041365293") connected to server
12:46:04: Player "Camper de Kiev" (steam64id="76561198119612359") disconnected from server
12:48:34: Player "TzNn." (steam64id="76561198104507595") connected to server
12:50:34: Player "ttuker" (steam64id="76561198971813376") disconnected from server
12:51:24: Player "[YKZ] Felps" (steam64id="76561198892779186") connected to server
12:54:14: Player "Vinycin" (steam64id="76561198989132464") connected to server
12:56:04: Player "Camper de Kiev" (steam64id="76561198119612359") connected to server
12:56:14: Player "TripaSeca" (steam64id="76561198093060507") connected to server
12:59:34: Player "TzNn." (steam64id="76561198104507595") disconnected from server
13:00:14: Player "Survivor" (steam64id="76561198302471728") connected to server
13:00:19: Player "Survivor" (steam64id="76561198302471728") disconnected from server
13:01:54: Player "[G.M] O verdadeiro" (steam64id="76561198351631304") connected to server
13:02:29: Player "=FURY= Biribinha" (steam64id="76561199031638818") disconnected from server
13:02:44: Player "=FURY= zCastro" (steam64id="76561199027286716") disconnected from server
13:08:39: Player "{ KMG } - Elguapo" (steam64id="76561198363655296") disconnected from server
13:09:04: Player "AlicinhaFerraz" (steam64id="76561199207813177") connected to server
13:11:14: Player "anjo_pgimeu_caolho" (steam64id="76561198124651134") connected to server
13:16:54: Player "[YKZ] chron1c" (steam64id="76561198205585613") connected to server
13:18:09: Player "SchrodingersDog" (steam64id="76561198041365293") disconnected from server
13:18:39: Player "MProMax" (steam64id="76561198344484910") connected to server
13:19:14: Player "Dygo" (steam64id="76561198017576237") connected to server
13:19:24: Player "DinizBr" (steam64id="76561198128517157") disconnected from server
13:23:19: Player "[L.B] LopesTa " (steam64id="76561198375254083") disconnected from server
13:23:24: Player "AlicinhaFerraz" (steam64id="76561199207813177") disconnected from server
13:23:39: Player "MProMax" (steam64id="76561198344484910") disconnected from server
13:24:14: Player "Dixxt" (steam64id="76561199159398540") connected to server
13:28:59: Player "[L.B] SeryD" (steam64id="76561198072791642") disconnected from server
13:29:19: Player "[L.B] ploodrinny" (steam64id="76561198312062387") disconnected from server
13:30:24: Player "ALEMAS" (steam64id="76561198062186745") connected to server
13:33:44: Player "[HORDA]ThiagoPenna" (steam64id="76561198218822351") connected to server
13:35:29: Player "{KMG}-Rockeiro" (steam64id="76561198928581570") disconnected from server
13:38:29: Player "AlicinhaFerraz" (steam64id="76561199207813177") connected to server
13:45:14: Player "[HORDA] zBieL" (steam64id="76561198001525812") connected to server
13:45:14: Player "[ONE] PORVINHA" (steam64id="76561198426990483") disconnected from server
13:45:54: Player "CHASER?" (steam64id="76561198246131158") connected to server
13:46:39: Player "Dygo" (steam64id="76561198017576237") disconnected from server
13:46:59: Player "[L.B] ploodrinny" (steam64id="76561198312062387") connected to server
13:46:59: Player "AlicinhaFerraz" (steam64id="76561199207813177") disconnected from server
13:47:24: Player "AlicinhaFerraz" (steam64id="76561199207813177") connected to server
13:48:44: Player "mc" (steam64id="76561199274047332") connected to server
13:48:59: Player "[G.M] O verdadeiro" (steam64id="76561198351631304") disconnected from server
13:49:39: Player "{KMG}fuzil" (steam64id="76561198965933878") disconnected from server
13:49:49: Player "mc" (steam64id="76561199274047332") disconnected from server
13:50:04: Player "{KMG}fuzil" (steam64id="76561198965933878") connected to server
13:50:44: Player "benja" (steam64id="76561198882824508") connected to server
13:53:34: Player "El ramon pa" (steam64id="76561198279596312") connected to server
13:53:39: Player "tc" (steam64id="76561199274047332") connected to server
13:54:44: Player "tc" (steam64id="76561199274047332") disconnected from server
13:58:04: Player "Ronin" (steam64id="76561199105118692") connected to server
13:58:49: Player "{KMG}-Rockeiro" (steam64id="76561198928581570") connected to server
13:59:54: Player "[L.B] SeryD" (steam64id="76561198072791642") connected to server
14:00:44: Player "BALA TENSA" (steam64id="76561198346838807") connected to server
14:04:09: Player "Camper de Kiev" (steam64id="76561198119612359") disconnected from server
14:04:49: Player "?? Prince#4184" (steam64id="76561198199985663") connected to server
14:04:49: Player "Camper de Kiev" (steam64id="76561198119612359") connected to server
14:04:54: Player "[ZOO] Pato De Bota" (steam64id="76561198378502826") connected to server
14:07:59: Player "anjo_pgimeu_caolho" (steam64id="76561198124651134") disconnected from server
14:08:34: Player "{KMG}-Rockeiro" (steam64id="76561198928581570") disconnected from server
14:09:09: Player "{KMG}-Rockeiro" (steam64id="76561198928581570") connected to server
14:10:39: Player "AlicinhaFerraz" (steam64id="76561199207813177") disconnected from server
14:12:44: Player "Camper de Kiev" (steam64id="76561198119612359") disconnected from server
14:13:04: Player "Clonazepam" (steam64id="76561198132493319") connected to server
14:13:29: Player "TripaSeca" (steam64id="76561198093060507") disconnected from server
14:14:09: Player "Clonazepam" (steam64id="76561198132493319") disconnected from server
14:15:04: Player "Clonazepam" (steam64id="76561198132493319") connected to server
14:15:04: Player "El ramon pa" (steam64id="76561198279596312") disconnected from server
14:15:29: Player "ALEMAS" (steam64id="76561198062186745") disconnected from server
14:16:04: Player "[L.B] Santorin" (steam64id="76561199069721527") connected to server
14:18:49: Player "Clonazepam" (steam64id="76561198132493319") disconnected from server
14:19:14: Player "benja" (steam64id="76561198882824508") disconnected from server
14:20:14: Player "[L.B] LopesTa " (steam64id="76561198375254083") connected to server
14:20:29: Player "[LGBTQIA+] Alti" (steam64id="76561199235859883") connected to server
14:20:39: Player "Vei" (steam64id="76561199151309705") connected to server
14:22:49: Player "[LGBTQIA+] Alti" (steam64id="76561199235859883") disconnected from server
14:25:09: Player "[YKZ]-BlackBear" (steam64id="76561198343030820") disconnected from server
14:26:34: Player "C??R??N???? ?" (steam64id="76561199085831432") connected to server
14:28:19: Player "C??R??N???? ?" (steam64id="76561199085831432") disconnected from server
14:32:59: Player "Sagara" (steam64id="76561198057660620") connected to server
14:37:09: Player "CharlinhoPsico" (steam64id="76561198366562144") connected to server
14:37:29: Player "Betinho_maluco" (steam64id="76561198057627157") connected to server
14:52:09: Player "Pisycodelick" (steam64id="76561199223169978") connected to server
14:52:59: Player "Leandro Silva" (steam64id="76561199173930571") connected to server
14:53:44: Player "AlexFraxe" (steam64id="76561198079014774") connected to server
14:55:14: Player "Gecom" (steam64id="76561198020315206") connected to server
14:57:19: Player "[HORDA]ThiagoPenna" (steam64id="76561198218822351") disconnected from server
14:58:09: Player "[HORDA] zBieL" (steam64id="76561198001525812") disconnected from server
14:59:29: Player "[YKZ] pedrobala" (steam64id="76561198046653521") connected to server
14:59:29: Player "zikazeka" (steam64id="76561199004660971") connected to server
14:59:39: Player "[ZOO] Pato De Bota" (steam64id="76561198378502826") disconnected from server
15:01:49: Player "zikazeka" (steam64id="76561199004660971") disconnected from server
15:02:54: Player "Gecom" (steam64id="76561198020315206") disconnected from server
15:02:59: Player "Vinycin" (steam64id="76561198989132464") disconnected from server
15:03:59: Player "?? Prince#4184" (steam64id="76561198199985663") disconnected from server
15:07:04: Player "[ONE}Rick" (steam64id="76561198868590548") connected to server
15:10:19: Player "[G.O.L.E] Fredrobacena" (steam64id="76561198378502826") connected to server
15:10:24: Player "Pisycodelick" (steam64id="76561199223169978") disconnected from server
15:11:49: Player "[G.O.L.E] Fredrobacena" (steam64id="76561198378502826") disconnected from server
15:12:04: Player "BALA TENSA" (steam64id="76561198346838807") disconnected from server
15:14:19: Player "Pisycodelick" (steam64id="76561199223169978") connected to server
15:14:34: Player "SimbioZ" (steam64id="76561198127487169") connected to server
15:14:34: Player "Sagara" (steam64id="76561198057660620") disconnected from server
15:17:04: Player "Dixxt" (steam64id="76561199159398540") disconnected from server
15:18:04: Player "Vei" (steam64id="76561199151309705") disconnected from server
15:20:44: Player "Claudinha" (steam64id="76561198057660141") connected to server
15:21:04: Player "[YKZ] chron1c" (steam64id="76561198205585613") disconnected from server
15:21:49: Player "Manick" (steam64id="76561198332091852") connected to server
15:22:09: Player "[YKZ] chron1c" (steam64id="76561198205585613") connected to server
15:22:39: Player "Manick" (steam64id="76561198332091852") disconnected from server
15:23:39: Player "Pisycodelick" (steam64id="76561199223169978") disconnected from server
15:23:49: Player "[YKZ]-BlackBear" (steam64id="76561198343030820") connected to server
15:25:54: Player "SimbioZ" (steam64id="76561198127487169") disconnected from server
15:26:39: Player "Ronin" (steam64id="76561199105118692") disconnected from server
15:27:14: Player "{KMG}fuzil" (steam64id="76561198965933878") disconnected from server
15:27:59: Player "CHASER?" (steam64id="76561198246131158") disconnected from server
15:28:19: Player "{KMG}-Rockeiro" (steam64id="76561198928581570") disconnected from server
15:29:24: Player "[KMG] Smifts" (steam64id="76561198304844319") disconnected from server
15:33:19: Player "Juninho Matador" (steam64id="76561198388298348") connected to server
15:34:44: Player "[YKZ] Felps" (steam64id="76561198892779186") disconnected from server
15:35:34: Player "SimbioZ" (steam64id="76561198127487169") connected to server
15:35:59: Player "Claudinha" (steam64id="76561198057660141") disconnected from server
15:37:09: Player "XXCARRASCOXX" (steam64id="76561198192276507") connected to server
15:37:54: Player "Juninho Matador" (steam64id="76561198388298348") disconnected from server
15:38:09: Player "[ONE}Rick" (steam64id="76561198868590548") disconnected from server
15:39:44: Player "Claudinha" (steam64id="76561198057660141") connected to server
15:40:39: Player "XXCARRASCOXX" (steam64id="76561198192276507") disconnected from server
15:43:54: Player "Claudinha" (steam64id="76561198057660141") disconnected from server
15:44:14: Player "Claudinha" (steam64id="76561198057660141") connected to server
15:45:04: Player "CharlinhoPsico" (steam64id="76561198366562144") disconnected from server
15:45:24: Player "[YKZ] Notsniw" (steam64id="76561197967151252") connected to server
15:50:04: Player "[YKZ] chron1c" (steam64id="76561198205585613") disconnected from server
15:50:14: Player "Tappes" (steam64id="76561198990092287") connected to server
15:51:09: Player "benja" (steam64id="76561198882824508") connected to server
15:51:34: Player "Kevin" (steam64id="76561198063967117") connected to server
15:51:49: Player "Andershow" (steam64id="76561198131993396") connected to server
15:52:34: Player "Kevin" (steam64id="76561198063967117") disconnected from server
15:53:34: Player "Assasin_cl" (steam64id="76561198072121203") connected to server
15:55:04: Player "Kevin" (steam64id="76561198063967117") connected to server
15:59:09: Player "[YKZ] pedrobala" (steam64id="76561198046653521") disconnected from server
15:59:09: Player "[L.B] SeryD" (steam64id="76561198072791642") disconnected from server
15:59:09: Player "Andershow" (steam64id="76561198131993396") disconnected from server
15:59:09: Player "[L.B] Santorin" (steam64id="76561199069721527") disconnected from server
15:59:09: Player "[YKZ] Notsniw" (steam64id="76561197967151252") disconnected from server
15:59:09: Player "AlexFraxe" (steam64id="76561198079014774") disconnected from server
15:59:09: Player "Claudinha" (steam64id="76561198057660141") disconnected from server
15:59:09: Player "[YKZ]-BlackBear" (steam64id="76561198343030820") disconnected from server
15:59:09: Player "Betinho_maluco" (steam64id="76561198057627157") disconnected from server
15:59:09: Player "[L.B] ploodrinny" (steam64id="76561198312062387") disconnected from server
15:59:09: Player "benja" (steam64id="76561198882824508") disconnected from server
15:59:09: Player "SimbioZ" (steam64id="76561198127487169") disconnected from server
15:59:09: Player "Kevin" (steam64id="76561198063967117") disconnected from server
15:59:09: Player "[L.B] LopesTa " (steam64id="76561198375254083") disconnected from server
15:59:09: Player "Leandro Silva" (steam64id="76561199173930571") disconnected from server
15:59:09: Player "Tappes" (steam64id="76561198990092287") disconnected from server
15:59:09: Player "Assasin_cl" (steam64id="76561198072121203") disconnected from server
16:01:08: Player "[YKZ] Notsniw" (steam64id="76561197967151252") connected to server
16:01:08: Player "Tappes" (steam64id="76561198990092287") connected to server
16:01:08: Player "[YKZ]-BlackBear" (steam64id="76561198343030820") connected to server
16:01:08: Player "benja" (steam64id="76561198882824508") connected to server
16:01:08: Player "Claudinha" (steam64id="76561198057660141") connected to server
16:01:13: Player "AlexFraxe" (steam64id="76561198079014774") connected to server
16:01:18: Player "Biel FxR" (steam64id="76561198050836260") connected to server
16:01:23: Player "SimbioZ" (steam64id="76561198127487169") connected to server
16:01:48: Player "[YKZ] pedrobala" (steam64id="76561198046653521") connected to server
16:02:03: Player "Andershow" (steam64id="76561198131993396") connected to server
16:02:43: Player "[L.B] Santorin" (steam64id="76561199069721527") connected to server
16:02:48: Player "[L.B] ploodrinny" (steam64id="76561198312062387") connected to server
16:03:08: Player "Betinho_maluco" (steam64id="76561198057627157") connected to server
16:04:03: Player "=G3= wellbert" (steam64id="76561198914685824") connected to server
16:04:23: Player "[L.B] LopesTa " (steam64id="76561198375254083") connected to server
16:04:43: Player "JohnKetamine Jr." (steam64id="76561198140605281") connected to server
16:06:43: Player "[L.B] SeryD" (steam64id="76561198072791642") connected to server
16:07:58: Player "Sagara" (steam64id="76561198057660620") connected to server
16:08:28: Player "SopaDeMandioca" (steam64id="76561198277630472") connected to server
16:09:33: Player "Sagara" (steam64id="76561198057660620") disconnected from server
16:09:53: Player "=G3= wellbert" (steam64id="76561198914685824") disconnected from server
16:10:28: Player "Sagara" (steam64id="76561198057660620") connected to server
16:10:58: Player "=G3= wellbert" (steam64id="76561198914685824") connected to server
16:17:28: Player "Leandro Silva" (steam64id="76561199173930571") connected to server
16:22:53: Player "AlexFraxe" (steam64id="76561198079014774") disconnected from server
16:25:38: Player "[L.B] SeryD" (steam64id="76561198072791642") disconnected from server
16:27:03: Player "[L.B] SeryD" (steam64id="76561198072791642") connected to server
16:27:58: Player "[YKZ]-BlackBear" (steam64id="76561198343030820") disconnected from server
16:29:58: Player "Duerowww" (steam64id="76561198259492425") connected to server
16:30:08: Player "JohnKetamine Jr." (steam64id="76561198140605281") disconnected from server
16:30:58: Player "jaxsemdano" (steam64id="76561199235087965") connected to server
16:31:43: Player "SimbioZ" (steam64id="76561198127487169") disconnected from server
16:31:58: Player "=G3= wellbert" (steam64id="76561198914685824") disconnected from server
16:32:23: Player "Guille" (steam64id="76561198861128171") connected to server
16:33:13: Player "gomes" (steam64id="76561198296908216") connected to server
16:33:13: Player "Guille" (steam64id="76561198861128171") disconnected from server
16:34:43: Player "Seekerzao" (steam64id="76561198067793781") connected to server
16:35:13: Player "gomes" (steam64id="76561198296908216") disconnected from server
16:35:28: Player "Diorno" (steam64id="76561198142139495") connected to server
16:36:03: Player "TripaSeca" (steam64id="76561198093060507") connected to server
16:39:53: Player "jaxsemdano" (steam64id="76561199235087965") disconnected from server
16:42:53: Player "JohnKetamine Jr." (steam64id="76561198140605281") connected to server
16:44:23: Player "Leandro Silva" (steam64id="76561199173930571") disconnected from server
16:44:28: Player "SopaDeMandioca" (steam64id="76561198277630472") disconnected from server
16:48:03: Player "sobrevivente" (steam64id="76561199274047332") connected to server
16:48:23: Player "sobrevivente" (steam64id="76561199274047332") disconnected from server
16:48:38: Player "Demonk" (steam64id="76561198146539519") connected to server
16:49:23: Player "Andershow" (steam64id="76561198131993396") disconnected from server
16:49:43: Player "Apollo" (steam64id="76561198278444644") connected to server
16:50:33: Player "Duerowww" (steam64id="76561198259492425") disconnected from server
16:51:33: Player "Seekerzao" (steam64id="76561198067793781") disconnected from server
16:53:33: Player "Duerowww" (steam64id="76561198259492425") connected to server
16:53:48: Player "JohnKetamine Jr." (steam64id="76561198140605281") disconnected from server
16:58:53: Player "318-YiBai" (steam64id="76561198388825783") connected to server
16:58:53: Player "JohnKetamine Jr." (steam64id="76561198140605281") connected to server
16:59:33: Player "Sagara" (steam64id="76561198057660620") disconnected from server
17:00:08: Player "318-YiBai" (steam64id="76561198388825783") disconnected from server
17:01:18: Player "Betinho_maluco" (steam64id="76561198057627157") disconnected from server
17:03:58: Player "Diorno" (steam64id="76561198142139495") disconnected from server
17:08:23: Player "Myul" (steam64id="76561198153622914") connected to server
17:08:53: Player "Duerowww" (steam64id="76561198259492425") disconnected from server
17:15:18: Player "BKG Oregon" (steam64id="76561198382616657") connected to server
17:17:58: Player "Tappes" (steam64id="76561198990092287") disconnected from server
17:20:38: Player "Demonk" (steam64id="76561198146539519") disconnected from server
17:21:28: Player "Demonk" (steam64id="76561198146539519") connected to server
17:25:18: Player "Apollo" (steam64id="76561198278444644") disconnected from server
17:25:38: Player "[L.B] LopesTa " (steam64id="76561198375254083") disconnected from server
17:26:33: Player "[YKZ] chron1c" (steam64id="76561198205585613") connected to server
17:28:13: Player "Assasin_cl" (steam64id="76561198072121203") connected to server
17:29:03: Player "raafayrn" (steam64id="76561199030562365") connected to server
17:29:33: Player "PauloBausen" (steam64id="76561198944769221") connected to server
17:30:33: Player "DinizBr" (steam64id="76561198128517157") connected to server
17:33:18: Player "[L.B] SeryD" (steam64id="76561198072791642") disconnected from server
17:34:18: Player "Myul" (steam64id="76561198153622914") disconnected from server
17:36:03: Player "[L.B] ploodrinny" (steam64id="76561198312062387") disconnected from server
17:39:13: Player "[YKZ] Felps" (steam64id="76561198892779186") connected to server
17:40:13: Player "[YKZ] pedrobala" (steam64id="76561198046653521") disconnected from server
17:43:43: Player "esaudexter" (steam64id="76561198963295390") connected to server
17:48:08: Player "[ONE] PORVINHA" (steam64id="76561198426990483") connected to server
17:49:23: Player "JohnKetamine Jr." (steam64id="76561198140605281") disconnected from server
17:49:48: Player "DinizBr" (steam64id="76561198128517157") disconnected from server
17:50:08: Player "[L.B] Santorin" (steam64id="76561199069721527") disconnected from server
17:52:08: Player "[ONE] KARABULJHAN" (steam64id="76561198100527842") connected to server
17:52:43: Player "benja" (steam64id="76561198882824508") disconnected from server
17:55:23: Player "Henke" (steam64id="76561198110592511") connected to server
17:56:33: Player "Claudinha" (steam64id="76561198057660141") disconnected from server
17:57:23: Player "[ONE] XxibahH" (steam64id="76561198165228070") connected to server
18:00:08: Player "[YKZ] Emissarius" (steam64id="76561198271087379") connected to server
18:00:23: Player "[YKZ]-BlackBear" (steam64id="76561198343030820") connected to server
18:01:58: Player "Claudinha" (steam64id="76561199203652654") connected to server
18:02:38: Player "[YKZ] Notsniw" (steam64id="76561197967151252") disconnected from server
18:03:48: Player "raafayrn" (steam64id="76561199030562365") disconnected from server
18:03:58: Player "bugmann" (steam64id="76561199119992503") connected to server
18:04:23: Player "bugmann" (steam64id="76561199119992503") disconnected from server
18:05:33: Player "Kirgs" (steam64id="76561199232694765") connected to server
18:06:33: Player "Leandro Silva" (steam64id="76561199173930571") connected to server
18:07:28: Player "Leandro Silva" (steam64id="76561199173930571") disconnected from server
18:07:28: Player "Claudinha" (steam64id="76561199203652654") disconnected from server
18:07:43: Player "GregoZ2k" (steam64id="76561198912479414") connected to server
18:11:13: Player "Claudinha" (steam64id="76561198057660141") connected to server
18:12:03: Player "luanzott [LEGIAO]" (steam64id="76561198237833046") connected to server
18:12:23: Player "pandini00 [LEGIAO]" (steam64id="76561198860231852") connected to server
18:13:23: Player "[ONE] KARABULJHAN" (steam64id="76561198100527842") disconnected from server
18:14:03: Player "luanzott [LEGIAO]" (steam64id="76561198237833046") disconnected from server
18:14:03: Player "pandini00 [LEGIAO]" (steam64id="76561198860231852") disconnected from server
18:15:23: Player "Sagara" (steam64id="76561198057660620") connected to server
18:15:43: Player "jhean" (steam64id="76561198819003355") connected to server
18:19:08: Player "GregoZ2k" (steam64id="76561198912479414") disconnected from server
18:19:13: Player "chinto" (steam64id="76561198990589985") connected to server
18:19:33: Player "SEPHIROTH" (steam64id="76561198820271951") connected to server
18:21:53: Player "[HORDA]MacLovin" (steam64id="76561199068236803") connected to server
18:22:38: Player "CharlinhoPsico" (steam64id="76561198366562144") connected to server
18:24:28: Player "BKG Oregon" (steam64id="76561198382616657") disconnected from server
18:25:48: Player "B.Y.N.H.O." (steam64id="76561198086066526") connected to server
18:26:18: Player "AslanX" (steam64id="76561198989062719") connected to server
18:27:03: Player "Diorno" (steam64id="76561198142139495") connected to server
18:28:03: Player "Betinho_maluco" (steam64id="76561198057627157") connected to server
18:28:28: Player "LILGABS777" (steam64id="76561199031099252") connected to server
18:29:43: Player "MenoDuLins" (steam64id="76561198057614573") connected to server
18:29:43: Player "AslanX" (steam64id="76561198989062719") disconnected from server
18:30:13: Player "Tappes" (steam64id="76561198990092287") connected to server
18:30:18: Player "LILGABS777" (steam64id="76561199031099252") disconnected from server
18:34:23: Player "DinizBr" (steam64id="76561198128517157") connected to server
18:35:28: Player "PauloBausen" (steam64id="76561198944769221") disconnected from server
18:39:38: Player "Assasin_cl" (steam64id="76561198072121203") disconnected from server
18:42:13: Player "esaudexter" (steam64id="76561198963295390") disconnected from server
18:43:03: Player "Henke" (steam64id="76561198110592511") disconnected from server
18:43:13: Player "jhean" (steam64id="76561198819003355") disconnected from server
18:43:43: Player "Kirgs" (steam64id="76561199232694765") disconnected from server
18:46:13: Player "Seekerzao" (steam64id="76561198067793781") connected to server
18:47:33: Player "SEPHIROTH" (steam64id="76561198820271951") disconnected from server
18:48:13: Player "Charada" (steam64id="76561198034769290") connected to server
18:51:53: Player "Givaldo mindingo" (steam64id="76561198028306692") connected to server
18:52:23: Player "FisFacu" (steam64id="76561198339726200") connected to server
18:56:48: Player "FisFacu" (steam64id="76561198339726200") disconnected from server
18:57:03: Player "[YKZ] chron1c" (steam64id="76561198205585613") disconnected from server
18:58:38: Player "[HORDA]MacLovin" (steam64id="76561199068236803") disconnected from server
18:59:28: Player "[HORDA]MacLovin" (steam64id="76561199068236803") connected to server
19:00:43: Player "[L.B]TropaDoEnguisa" (steam64id="76561198211423224") connected to server
19:01:03: Player "DinizBr" (steam64id="76561198128517157") disconnected from server
19:01:23: Player "FisFacu" (steam64id="76561198339726200") connected to server
19:03:23: Player "Lucas Caldas" (steam64id="76561198010792506") connected to server
19:03:58: Player "[L.B]TropaDoEnguisa" (steam64id="76561198211423224") disconnected from server
19:05:53: Player "DinizBr" (steam64id="76561198128517157") connected to server
19:07:33: Player "Perds" (steam64id="76561198248807562") connected to server
19:08:38: Player "MonkeyKing" (steam64id="76561198125526919") connected to server
19:11:38: Player "Sagara" (steam64id="76561198057660620") disconnected from server
19:11:43: Player "Charada" (steam64id="76561198034769290") disconnected from server
19:12:08: Player "Biel FxR" (steam64id="76561198050836260") disconnected from server
19:13:38: Player "-name=Douglas-Ghissi" (steam64id="76561199078333977") connected to server
19:14:08: Player "[ONE] XxibahH" (steam64id="76561198165228070") disconnected from server
19:14:13: Player "Seekerzao" (steam64id="76561198067793781") disconnected from server
19:19:28: Player "Perds" (steam64id="76561198248807562") disconnected from server
19:19:43: Player "Perds" (steam64id="76561198248807562") connected to server
19:22:48: Player "Leandro Silva" (steam64id="76561199173930571") connected to server
19:23:33: Player "[HORDA]MacLovin" (steam64id="76561199068236803") disconnected from server
19:24:23: Player "benja" (steam64id="76561198882824508") connected to server
19:25:53: Player "B.Y.N.H.O." (steam64id="76561198086066526") disconnected from server
19:26:53: Player "TripaSeca" (steam64id="76561198093060507") disconnected from server
19:29:38: Player "Demonk" (steam64id="76561198146539519") disconnected from server
19:30:53: Player "[ONE] XxibahH" (steam64id="76561198165228070") connected to server
19:32:28: Player "[ONE] KARABULJHAN" (steam64id="76561198100527842") connected to server
19:33:23: Player "Foikar" (steam64id="76561199156649696") connected to server
19:37:23: Player "{ KMG } - Elguapo" (steam64id="76561198363655296") connected to server
19:39:03: Player "Sagara" (steam64id="76561198057660620") connected to server
19:39:53: Player "{KMG}-Rockeiro" (steam64id="76561198928581570") connected to server
19:40:43: Player "Hitokiri_" (steam64id="76561198189143650") connected to server
19:42:38: Player "{KMG}fuzil" (steam64id="76561198965933878") connected to server
19:42:48: Player "Lobo Sentado" (steam64id="76561198138311400") connected to server
19:43:18: Player "DinizBr" (steam64id="76561198128517157") disconnected from server
19:45:23: Player "[YKZ] chron1c" (steam64id="76561198205585613") connected to server
19:45:58: Player "Givaldo mindingo" (steam64id="76561198028306692") disconnected from server
19:46:03: Player "[ONE] KARABULJHAN" (steam64id="76561198100527842") disconnected from server
19:47:28: Player "[ONE] KARABULJHAN" (steam64id="76561198100527842") connected to server
19:49:28: Player "Fulber" (steam64id="76561198053443712") connected to server
19:53:18: Player "benja" (steam64id="76561198882824508") disconnected from server
19:55:23: Player "zozs" (steam64id="76561198126713029") connected to server
19:56:18: Player "NarCAO" (steam64id="76561198080055456") connected to server
19:56:18: Player "Sagara" (steam64id="76561198057660620") disconnected from server
19:57:03: Player "[YKZ] pedrobala" (steam64id="76561198046653521") connected to server
19:57:08: Player "CharlinhoPsico" (steam64id="76561198366562144") disconnected from server
19:57:18: Player "Lucas Caldas" (steam64id="76561198010792506") disconnected from server
19:58:03: Player "zozs" (steam64id="76561198126713029") disconnected from server
19:58:33: Player "MenoDuLins" (steam64id="76561198057614573") disconnected from server
19:59:03: Player "Diorno" (steam64id="76561198142139495") disconnected from server
19:59:08: Player "-name=Douglas-Ghissi" (steam64id="76561199078333977") disconnected from server
19:59:08: Player "[YKZ] pedrobala" (steam64id="76561198046653521") disconnected from server
19:59:08: Player "[YKZ] Felps" (steam64id="76561198892779186") disconnected from server
19:59:08: Player "{ KMG } - Elguapo" (steam64id="76561198363655296") disconnected from server
19:59:08: Player "Foikar" (steam64id="76561199156649696") disconnected from server
19:59:08: Player "Claudinha" (steam64id="76561198057660141") disconnected from server
19:59:08: Player "[ONE] KARABULJHAN" (steam64id="76561198100527842") disconnected from server
19:59:08: Player "[ONE] PORVINHA" (steam64id="76561198426990483") disconnected from server
19:59:08: Player "Betinho_maluco" (steam64id="76561198057627157") disconnected from server
19:59:08: Player "MonkeyKing" (steam64id="76561198125526919") disconnected from server
19:59:08: Player "Fulber" (steam64id="76561198053443712") disconnected from server
19:59:08: Player "[YKZ] chron1c" (steam64id="76561198205585613") disconnected from server
19:59:08: Player "FisFacu" (steam64id="76561198339726200") disconnected from server
19:59:08: Player "Tappes" (steam64id="76561198990092287") disconnected from server
19:59:08: Player "Perds" (steam64id="76561198248807562") disconnected from server
19:59:08: Player "[YKZ] Emissarius" (steam64id="76561198271087379") disconnected from server
19:59:08: Player "NarCAO" (steam64id="76561198080055456") disconnected from server
19:59:08: Player "Lobo Sentado" (steam64id="76561198138311400") disconnected from server
19:59:08: Player "[ONE] XxibahH" (steam64id="76561198165228070") disconnected from server
19:59:08: Player "[YKZ]-BlackBear" (steam64id="76561198343030820") disconnected from server
19:59:08: Player "{KMG}-Rockeiro" (steam64id="76561198928581570") disconnected from server
19:59:08: Player "Hitokiri_" (steam64id="76561198189143650") disconnected from server
19:59:08: Player "chinto" (steam64id="76561198990589985") disconnected from server
19:59:08: Player "{KMG}fuzil" (steam64id="76561198965933878") disconnected from server
19:59:08: Player "Leandro Silva" (steam64id="76561199173930571") disconnected from server
20:01:10: Player "[YKZ]-BlackBear" (steam64id="76561198343030820") connected to server
20:01:10: Player "{KMG}fuzil" (steam64id="76561198965933878") connected to server
20:01:10: Player "[ONE] KARABULJHAN" (steam64id="76561198100527842") connected to server
20:01:10: Player "{ KMG } - Elguapo" (steam64id="76561198363655296") connected to server
20:01:10: Player "Claudinha" (steam64id="76561198057660141") connected to server
20:01:15: Player "[ONE] XxibahH" (steam64id="76561198165228070") connected to server
20:01:15: Player "Tappes" (steam64id="76561198990092287") connected to server
20:01:25: Player "chinto" (steam64id="76561198990589985") connected to server
20:01:25: Player "Lobo Sentado" (steam64id="76561198138311400") connected to server
20:01:30: Player "{KMG}-Rockeiro" (steam64id="76561198928581570") connected to server
20:01:30: Player "StarkCG" (steam64id="76561198121484554") connected to server
20:01:55: Player "[YKZ] chron1c" (steam64id="76561198205585613") connected to server
20:02:20: Player "ttuker" (steam64id="76561198971813376") connected to server
20:02:25: Player "[YKZ] Felps" (steam64id="76561198892779186") connected to server
20:02:45: Player "[YKZ] pedrobala" (steam64id="76561198046653521") connected to server
20:03:50: Player "Fulber" (steam64id="76561198053443712") connected to server
20:03:55: Player "Leon" (steam64id="76561198043057028") connected to server
20:04:55: Player "romimmoss" (steam64id="76561198282777734") connected to server
20:05:10: Player "[ONE}Rick" (steam64id="76561198868590548") connected to server
20:05:50: Player "Hitokiri_" (steam64id="76561198189143650") connected to server
20:06:15: Player "ttuker" (steam64id="76561198971813376") disconnected from server
20:06:30: Player "[ONE] PORVINHA" (steam64id="76561198426990483") connected to server
20:07:00: Player "{ KMG } - Elguapo" (steam64id="76561198363655296") disconnected from server
20:07:15: Player "[YKZ] Emissarius" (steam64id="76561198271087379") connected to server
20:09:30: Player "FisFacu" (steam64id="76561198339726200") connected to server
20:14:35: Player "Fulber" (steam64id="76561198053443712") disconnected from server
20:15:55: Player "K1NGK1N" (steam64id="76561198160627069") connected to server
20:16:05: Player "Fulber" (steam64id="76561198053443712") connected to server
20:18:55: Player "K1NGK1N" (steam64id="76561198160627069") disconnected from server
20:19:50: Player "[KMG] Smifts" (steam64id="76561198304844319") connected to server
20:19:50: Player "{ KMG } - Elguapo" (steam64id="76561198363655296") connected to server
20:24:50: Player "Mikebad" (steam64id="76561198219592329") connected to server
20:25:25: Player "[CLV]-Pain_Obeso" (steam64id="76561199059415820") connected to server
20:26:15: Player "Foikar" (steam64id="76561199156649696") connected to server
20:26:25: Player "Lrk" (steam64id="76561198021843024") connected to server
20:27:50: Player "Lrk" (steam64id="76561198021843024") disconnected from server
20:27:55: Player "KOREA" (steam64id="76561198253386609") connected to server
20:30:00: Player "Sagara" (steam64id="76561198057660620") connected to server
20:30:00: Player "[L.B]TropaDoEnguisa" (steam64id="76561198211423224") connected to server
20:31:25: Player "Gecom" (steam64id="76561198020315206") connected to server
20:31:45: Player "[L.B]TropaDoEnguisa" (steam64id="76561198211423224") disconnected from server
20:33:20: Player "KOREA" (steam64id="76561198253386609") disconnected from server
20:33:55: Player "Claudinha" (steam64id="76561198057660141") disconnected from server
20:36:50: Player "{KMG}-Rockeiro" (steam64id="76561198928581570") disconnected from server
20:37:20: Player "{KMG}-Rockeiro" (steam64id="76561198928581570") connected to server
20:37:30: Player "gordinho 1" (steam64id="76561198032775729") connected to server
20:40:15: Player "Josema420" (steam64id="76561198278742213") connected to server
20:42:00: Player "Seekerzao" (steam64id="76561198067793781") connected to server
20:42:15: Player "(CNXC)Roger    " (steam64id="76561198119108882") connected to server
20:44:45: Player "[CLV]-Pain_Obeso" (steam64id="76561199059415820") disconnected from server
20:48:05: Player "[ONE}Rick" (steam64id="76561198868590548") disconnected from server
20:48:30: Player "DW LINO" (steam64id="76561198209129663") connected to server
20:53:10: Player "Lucawkz" (steam64id="76561198063957890") connected to server
20:53:45: Player "Lucas Flores" (steam64id="76561198870335908") connected to server
20:54:40: Player "Lucas Flores" (steam64id="76561198870335908") disconnected from server
20:56:05: Player "Stalinxx" (steam64id="76561198085999243") connected to server
20:56:10: Player "Josema420" (steam64id="76561198278742213") disconnected from server
20:57:40: Player "Josema420" (steam64id="76561198278742213") connected to server
20:58:25: Player "TcheLoco" (steam64id="76561198099449370") connected to server
20:58:45: Player "Sagara" (steam64id="76561198057660620") disconnected from server
20:59:30: Player "[YKZ] Emissarius" (steam64id="76561198271087379") disconnected from server
21:00:30: Player "[YKZ]-BlackBear" (steam64id="76561198343030820") disconnected from server
21:01:10: Player "Seekerzao" (steam64id="76561198067793781") disconnected from server
21:04:25: Player "AlexFraxe" (steam64id="76561198079014774") connected to server
21:05:15: Player "Mikebad" (steam64id="76561198219592329") disconnected from server
21:07:15: Player "Ricardo Tomaz" (steam64id="76561198063313446") connected to server
21:12:45: Player "alxfilipe" (steam64id="76561198330483124") connected to server
21:13:20: Player "[ONE] XxibahH" (steam64id="76561198165228070") disconnected from server
21:15:20: Player "[L.B]Alemao011" (steam64id="76561199114404821") connected to server
21:16:35: Player "Gecom" (steam64id="76561198020315206") disconnected from server
21:19:00: Player "[L.B]Alemao011" (steam64id="76561199114404821") disconnected from server
21:19:45: Player "Tarja Preta " (steam64id="76561198360353015") connected to server
21:21:55: Player "Givaldo mindingo" (steam64id="76561198028306692") connected to server
21:21:55: Player "Spawn" (steam64id="76561198079935580") connected to server
21:24:00: Player "[ONE] JAPA" (steam64id="76561198161060673") connected to server
21:26:55: Player "PintoJunior" (steam64id="76561198057936781") connected to server
21:26:55: Player "CHASER?" (steam64id="76561198246131158") connected to server
21:27:10: Player "?? Prince#4184" (steam64id="76561198199985663") connected to server
21:27:25: Player "Ronin" (steam64id="76561199105118692") connected to server
21:27:45: Player "gordinho 1" (steam64id="76561198032775729") disconnected from server
21:28:25: Player "[YKZ] Felps" (steam64id="76561198892779186") disconnected from server
21:28:45: Player "[YKZ] chron1c" (steam64id="76561198205585613") disconnected from server
21:32:05: Player "AlexFraxe" (steam64id="76561198079014774") disconnected from server
21:32:55: Player "TcheLoco" (steam64id="76561198099449370") disconnected from server
21:33:20: Player "Veza" (steam64id="76561198886818237") connected to server
21:33:40: Player "FisFacu" (steam64id="76561198339726200") disconnected from server
21:33:55: Player "chinto" (steam64id="76561198990589985") disconnected from server
21:35:20: Player "AlexFraxe" (steam64id="76561198079014774") connected to server
21:35:35: Player "Veza" (steam64id="76561198886818237") disconnected from server
21:37:00: Player "DudsMller" (steam64id="76561198085505792") connected to server
21:38:25: Player "NarCAO" (steam64id="76561198080055456") connected to server
21:41:00: Player "Priori Gamer" (steam64id="76561198051427035") connected to server
21:41:35: Player "SaggaT" (steam64id="76561198106916518") connected to server
21:41:35: Player "{KMG}-Rockeiro" (steam64id="76561198928581570") disconnected from server
21:42:00: Player "[KMG] Smifts" (steam64id="76561198304844319") disconnected from server
21:42:10: Player "{ KMG } - Elguapo" (steam64id="76561198363655296") disconnected from server
21:42:20: Player "DW LINO" (steam64id="76561198209129663") disconnected from server
21:42:30: Player "Priori Gamer" (steam64id="76561198051427035") disconnected from server
21:42:35: Player "{KMG}fuzil" (steam64id="76561198965933878") disconnected from server
21:44:45: Player "CHASER?" (steam64id="76561198246131158") disconnected from server
21:48:45: Player "Tappes" (steam64id="76561198990092287") disconnected from server
21:51:00: Player "Priori Gamer" (steam64id="76561198051427035") connected to server
21:51:50: Player "DW LINO" (steam64id="76561198209129663") connected to server
21:54:20: Player "EleminRabar" (steam64id="76561198247833162") connected to server
21:54:55: Player "alxfilipe" (steam64id="76561198330483124") disconnected from server
21:55:05: Player "DudsMller" (steam64id="76561198085505792") disconnected from server
22:00:45: Player "NarCAO" (steam64id="76561198080055456") disconnected from server
22:00:55: Player "Tarja Preta " (steam64id="76561198360353015") disconnected from server
22:05:50: Player "Felipe" (steam64id="76561198145846598") connected to server
22:08:00: Player "SaggaT" (steam64id="76561198106916518") disconnected from server
22:08:15: Player "Choruminho" (steam64id="76561199040065781") connected to server
22:08:50: Player "Givaldo mindingo" (steam64id="76561198028306692") disconnected from server
22:10:20: Player "EleminRabar" (steam64id="76561198247833162") disconnected from server
22:15:10: Player "Choruminho" (steam64id="76561199040065781") disconnected from server
22:17:15: Player "Ronin" (steam64id="76561199105118692") disconnected from server
22:17:20: Player "CHASER?" (steam64id="76561198246131158") connected to server
22:17:40: Player "Ronin" (steam64id="76561199105118692") connected to server
22:18:35: Player "DinizBr" (steam64id="76561198128517157") connected to server
22:19:15: Player "Choruminho" (steam64id="76561199040065781") connected to server
22:19:30: Player "Ronin" (steam64id="76561199105118692") disconnected from server
22:22:05: Player "DinizBr" (steam64id="76561198128517157") disconnected from server
22:23:30: Player "[YKZ] pedrobala" (steam64id="76561198046653521") disconnected from server
22:24:25: Player "[ONE] KARABULJHAN" (steam64id="76561198100527842") disconnected from server
22:24:50: Player "[ONE] KARABULJHAN" (steam64id="76561198100527842") connected to server
22:25:05: Player "benjII" (steam64id="76561198044916463") connected to server
22:27:00: Player "benjII" (steam64id="76561198044916463") disconnected from server
22:28:20: Player "(CNXC)Roger    " (steam64id="76561198119108882") disconnected from server
22:28:55: Player "[ONE] PORVINHA" (steam64id="76561198426990483") disconnected from server
22:29:25: Player "StarkCG" (steam64id="76561198121484554") disconnected from server
22:29:40: Player "DinizBr" (steam64id="76561198128517157") connected to server
22:29:55: Player "TeuSDek" (steam64id="76561198394822113") connected to server
22:30:05: Player "Poran" (steam64id="76561198040830075") connected to server
22:31:05: Player "(CNXC)Roger    " (steam64id="76561198119108882") connected to server
22:31:25: Player "Ricardo Tomaz" (steam64id="76561198063313446") disconnected from server
22:31:35: Player "Luska" (steam64id="76561198099970604") connected to server
22:31:35: Player "!TALIBAN57_" (steam64id="76561198153920981") connected to server
22:32:10: Player "!TALIBAN57_" (steam64id="76561198153920981") disconnected from server
22:32:35: Player "jaspionrx" (steam64id="76561198064699950") connected to server
22:33:15: Player "Stalinxx" (steam64id="76561198085999243") disconnected from server
22:35:45: Player "jaspionrx" (steam64id="76561198064699950") disconnected from server
22:37:45: Player "(CNXC)Roger    " (steam64id="76561198119108882") disconnected from server
22:38:30: Player "PintoJunior" (steam64id="76561198057936781") disconnected from server
22:40:15: Player "Anderson" (steam64id="76561198071088136") connected to server
22:40:40: Player "Kaiza" (steam64id="76561198963414484") connected to server
22:41:35: Player "(CNXC)Roger    " (steam64id="76561198119108882") connected to server
22:42:10: Player "TcheLoco" (steam64id="76561198099449370") connected to server
22:43:40: Player "?? Prince#4184" (steam64id="76561198199985663") disconnected from server
22:44:15: Player "CHASER?" (steam64id="76561198246131158") disconnected from server
22:46:15: Player "StarkCG" (steam64id="76561198121484554") connected to server
22:47:45: Player "RbT" (steam64id="76561199044781040") connected to server
22:53:50: Player "AlicinhaFerraz" (steam64id="76561199207813177") connected to server
22:56:00: Player "ignazaki87" (steam64id="76561199027076248") connected to server
22:58:25: Player "bruto" (steam64id="76561198151990703") connected to server
23:00:40: Player "[L.B]TropaDoEnguisa" (steam64id="76561198211423224") connected to server
23:01:30: Player "RbT" (steam64id="76561199044781040") disconnected from server
23:02:15: Player "Lucawkz" (steam64id="76561198063957890") disconnected from server
23:04:55: Player "Luska" (steam64id="76561198099970604") disconnected from server
23:05:30: Player "Luska" (steam64id="76561198099970604") connected to server
23:05:40: Player "[YKZ] pedrobala" (steam64id="76561198046653521") connected to server
23:09:40: Player "TcheLoco" (steam64id="76561198099449370") disconnected from server
23:11:45: Player "Josema420" (steam64id="76561198278742213") disconnected from server
23:11:50: Player "[L.B]TropaDoEnguisa" (steam64id="76561198211423224") disconnected from server
23:16:15: Player "raafayrn" (steam64id="76561199030562365") connected to server
23:18:10: Player "Choruminho" (steam64id="76561199040065781") disconnected from server
23:19:20: Player "Charada" (steam64id="76561198034769290") connected to server
23:20:35: Player "[ONE] JAPA" (steam64id="76561198161060673") disconnected from server
23:20:55: Player "[ONE] JAPA" (steam64id="76561198161060673") connected to server
23:21:20: Player "[YKZ]-BlackBear" (steam64id="76561198343030820") connected to server
23:26:40: Player "Camper de Kiev" (steam64id="76561198119612359") connected to server
23:29:35: Player "Charada" (steam64id="76561198034769290") disconnected from server
23:31:05: Player "Camper de Kiev" (steam64id="76561198119612359") disconnected from server
23:34:25: Player "Guilhares" (steam64id="76561198282922402") connected to server
23:34:55: Player "Duerowww" (steam64id="76561198259492425") connected to server
23:35:06: Player "Kaiza" (steam64id="76561198963414484") disconnected from server
23:35:31: Player "Kaiza" (steam64id="76561198963414484") connected to server
23:35:36: Player "Spawn" (steam64id="76561198079935580") disconnected from server
23:36:56: Player "Fulber" (steam64id="76561198053443712") disconnected from server
23:37:46: Player "AlexFraxe" (steam64id="76561198079014774") disconnected from server
23:39:06: Player "bruto" (steam64id="76561198151990703") disconnected from server
23:40:26: Player "Poran" (steam64id="76561198040830075") disconnected from server
23:41:26: Player "Kaiza" (steam64id="76561198963414484") disconnected from server
23:41:56: Player "ignazaki87" (steam64id="76561199027076248") disconnected from server
23:42:46: Player "Duerowww" (steam64id="76561198259492425") disconnected from server
23:45:01: Player "StarkCG" (steam64id="76561198121484554") disconnected from server
23:45:06: Player "Kaiza" (steam64id="76561198963414484") connected to server
23:45:16: Player "(CNXC)Roger    " (steam64id="76561198119108882") disconnected from server
23:46:46: Player "CharlinhoPsico" (steam64id="76561198366562144") connected to server
23:48:41: Player "Sagara" (steam64id="76561198057660620") connected to server
23:48:51: Player "TripaSeca" (steam64id="76561198093060507") connected to server
23:49:41: Player "Diorno" (steam64id="76561198142139495") connected to server
23:52:11: Player "Betinho_maluco" (steam64id="76561198057627157") connected to server
23:52:41: Player "[ONE] KARABULJHAN" (steam64id="76561198100527842") disconnected from server
23:53:21: Player "AlicinhaFerraz" (steam64id="76561199207813177") disconnected from server
23:56:51: Player "[ONE] JAPA" (steam64id="76561198161060673") disconnected from server
23:57:06: Player "Priori Gamer" (steam64id="76561198051427035") disconnected from server
23:57:31: Player "TripaSeca" (steam64id="76561198093060507") disconnected from server
23:59:11: Player "Guilhares" (steam64id="76561198282922402") disconnected from server
23:59:11: Player "[YKZ] pedrobala" (steam64id="76561198046653521") disconnected from server
23:59:11: Player "Sagara" (steam64id="76561198057660620") disconnected from server
23:59:11: Player "DW LINO" (steam64id="76561198209129663") disconnected from server
23:59:11: Player "Diorno" (steam64id="76561198142139495") disconnected from server
23:59:11: Player "Foikar" (steam64id="76561199156649696") disconnected from server
23:59:11: Player "Kaiza" (steam64id="76561198963414484") disconnected from server
23:59:11: Player "Anderson" (steam64id="76561198071088136") disconnected from server
23:59:11: Player "CharlinhoPsico" (steam64id="76561198366562144") disconnected from server
23:59:11: Player "raafayrn" (steam64id="76561199030562365") disconnected from server
23:59:11: Player "Lobo Sentado" (steam64id="76561198138311400") disconnected from server
23:59:11: Player "Betinho_maluco" (steam64id="76561198057627157") disconnected from server
23:59:11: Player "DinizBr" (steam64id="76561198128517157") disconnected from server
23:59:11: Player "romimmoss" (steam64id="76561198282777734") disconnected from server
23:59:11: Player "[YKZ]-BlackBear" (steam64id="76561198343030820") disconnected from server
23:59:11: Player "Felipe" (steam64id="76561198145846598") disconnected from server
23:59:11: Player "Hitokiri_" (steam64id="76561198189143650") disconnected from server
23:59:11: Player "Leon" (steam64id="76561198043057028") disconnected from server
23:59:11: Player "TeuSDek" (steam64id="76561198394822113") disconnected from server
23:59:11: Player "Luska" (steam64id="76561198099970604") disconnected from server
