00:00:44: Player "[YKZ]-BlackBear" (steam64id="76561198343030820") connected to server
00:00:44: Player "WyllGammer" (steam64id="76561198965177994") connected to server
00:00:44: Player "gros siboir" (steam64id="76561198278481165") connected to server
00:00:49: Player "PintoJunior" (steam64id="76561198057936781") connected to server
00:00:54: Player "[YKZ]-Lobato" (steam64id="76561198158375860") connected to server
00:00:54: Player "(CNXC)Roger    " (steam64id="76561198119108882") connected to server
00:00:59: Player "Passo Largo" (steam64id="76561198057660141") connected to server
00:01:04: Player "TioSam" (steam64id="76561199014145539") connected to server
00:01:14: Player "Obred" (steam64id="76561198258911731") connected to server
00:01:19: Player "[YKZ]-tappes" (steam64id="76561198990092287") connected to server
00:01:24: Player "[YKZ] Seekerzao" (steam64id="76561198067793781") connected to server
00:01:34: Player "[HORDA]MacLovin" (steam64id="76561199068236803") connected to server
00:01:44: Player "d3scot" (steam64id="76561199106333992") connected to server
00:01:49: Player "ChukenThe3rd" (steam64id="76561198134837847") connected to server
00:03:54: Player "TripaSeca" (steam64id="76561198093060507") connected to server
00:05:14: Player "Biel FxR" (steam64id="76561198050836260") connected to server
00:14:34: Player "BawN" (steam64id="76561198150719781") connected to server
00:15:34: Player "PintoJunior" (steam64id="76561198057936781") disconnected from server
00:15:49: Player "BawN" (steam64id="76561198150719781") disconnected from server
00:21:29: Player "[YKZ]-Lobato" (steam64id="76561198158375860") disconnected from server
00:21:59: Player "G A T O" (steam64id="76561199207813177") connected to server
00:22:34: Player "[YKZ]-BlackBear" (steam64id="76561198343030820") disconnected from server
00:23:04: Player "d3scot" (steam64id="76561199106333992") disconnected from server
00:23:19: Player "gros siboir" (steam64id="76561198278481165") disconnected from server
00:23:44: Player "d3scot" (steam64id="76561199106333992") connected to server
00:23:44: Player "gros siboir" (steam64id="76561198278481165") connected to server
00:42:09: Player "(CNXC)Roger    " (steam64id="76561198119108882") disconnected from server
00:46:19: Player "ChukenThe3rd" (steam64id="76561198134837847") disconnected from server
00:55:39: Player "Thiago" (steam64id="76561198168084899") connected to server
00:58:14: Player "[HORDA]MacLovin" (steam64id="76561199068236803") disconnected from server
00:59:34: Player "[HORDA]MacLovin" (steam64id="76561199068236803") connected to server
01:01:59: Player "Obred" (steam64id="76561198258911731") disconnected from server
01:02:24: Player "Obred" (steam64id="76561198258911731") connected to server
01:04:49: Player "Passo Largo" (steam64id="76561198057660141") disconnected from server
01:05:49: Player "TioSam" (steam64id="76561199014145539") disconnected from server
01:06:49: Player "Obred" (steam64id="76561198258911731") disconnected from server
01:13:29: Player "gros siboir" (steam64id="76561198278481165") disconnected from server
01:13:49: Player "d3scot" (steam64id="76561199106333992") disconnected from server
01:15:49: Player "[HORDA]MacLovin" (steam64id="76561199068236803") disconnected from server
01:27:09: Player "TripaSeca" (steam64id="76561198093060507") disconnected from server
01:37:04: Player "yoelpixula" (steam64id="76561198965319470") connected to server
01:38:19: Player "yoelpixula" (steam64id="76561198965319470") disconnected from server
01:42:04: Player "yoelpixula" (steam64id="76561198965319470") connected to server
01:47:49: Player "G A T O" (steam64id="76561199207813177") disconnected from server
01:48:14: Player "[ONE] JAPA" (steam64id="76561198161060673") connected to server
01:49:29: Player "[ONE] JAPA" (steam64id="76561198161060673") disconnected from server
01:50:24: Player "Thiago" (steam64id="76561198168084899") disconnected from server
01:54:54: Player "G A T O" (steam64id="76561199207813177") connected to server
02:00:14: Player "G A T O" (steam64id="76561199207813177") disconnected from server
02:16:39: Player "WyllGammer" (steam64id="76561198965177994") disconnected from server
02:58:19: Player "[YKZ]-tappes" (steam64id="76561198990092287") disconnected from server
03:06:19: Player "yoelpixula" (steam64id="76561198965319470") disconnected from server
03:09:04: Player "[YKZ] Seekerzao" (steam64id="76561198067793781") disconnected from server
03:32:59: Player "Biel FxR" (steam64id="76561198050836260") disconnected from server
05:39:34: Player "TripaSeca" (steam64id="76561198093060507") connected to server
07:08:39: Player "[ONE] KARABULJHAN" (steam64id="76561198100527842") connected to server
07:12:09: Player "TripaSeca" (steam64id="76561198093060507") disconnected from server
07:15:24: Player "Lrk" (steam64id="76561198021843024") connected to server
07:28:34: Player "[ONE] KARABULJHAN" (steam64id="76561198100527842") disconnected from server
07:58:44: Player "Lrk" (steam64id="76561198021843024") disconnected from server
08:06:48: Player "Lrk" (steam64id="76561198021843024") connected to server
08:08:38: Player "Hacan121" (steam64id="76561198345012092") connected to server
08:47:33: Player "[L.B] ploodrinny" (steam64id="76561198312062387") connected to server
09:07:03: Player "[L.B] ploodrinny" (steam64id="76561198312062387") connected to server
09:09:08: Player "Lrk" (steam64id="76561198021843024") connected to server
09:11:48: Player "Duerowww" (steam64id="76561198259492425") connected to server
09:15:28: Player "[L.B] ploodrinny" (steam64id="76561198312062387") disconnected from server
09:16:13: Player "[L.B] ploodrinny" (steam64id="76561198312062387") connected to server
09:20:03: Player "Hacan121" (steam64id="76561198345012092") connected to server
09:30:18: Player "ttuker" (steam64id="76561198971813376") connected to server
09:43:48: Player "ttuker" (steam64id="76561198971813376") disconnected from server
09:45:38: Player "Hacan121" (steam64id="76561198345012092") disconnected from server
09:52:03: Player "ttuker" (steam64id="76561198971813376") connected to server
10:02:13: Player "ttuker" (steam64id="76561198971813376") disconnected from server
10:05:13: Player "ttuker" (steam64id="76561198971813376") connected to server
10:17:23: Player "Lrk" (steam64id="76561198021843024") disconnected from server
10:19:13: Player "DanielSam" (steam64id="76561198867200764") connected to server
10:40:12: Player "DanielSam" (steam64id="76561198867200764") connected to server
10:43:37: Player "ttuker" (steam64id="76561198971813376") connected to server
10:51:07: Player "StarkCG" (steam64id="76561198121484554") connected to server
10:51:52: Player "DanielSam" (steam64id="76561198867200764") disconnected from server
10:52:57: Player "Duerowww" (steam64id="76561198259492425") connected to server
10:53:22: Player "DanielSam" (steam64id="76561198867200764") connected to server
10:55:42: Player "[L.B]TropaDoEnguisa" (steam64id="76561198211423224") connected to server
10:57:17: Player "[L.B]TropaDoEnguisa" (steam64id="76561198211423224") disconnected from server
10:58:57: Player "[L.B]TropaDoEnguisa" (steam64id="76561198211423224") connected to server
11:00:12: Player "[L.B] Santorin" (steam64id="76561199069721527") connected to server
11:04:22: Player "DanielSam" (steam64id="76561198867200764") disconnected from server
11:04:37: Player "[L.B]TropaDoEnguisa" (steam64id="76561198211423224") disconnected from server
11:07:42: Player "[L.B]TropaDoEnguisa" (steam64id="76561198211423224") connected to server
11:42:37: Player "ttuker" (steam64id="76561198971813376") disconnected from server
11:43:22: Player "[HORDA]MacLovin" (steam64id="76561199068236803") connected to server
11:44:57: Player "Duerowww" (steam64id="76561198259492425") disconnected from server
11:56:02: Player "Zangief da putaria" (steam64id="76561198352748373") connected to server
11:56:17: Player "[YKZ] Felps" (steam64id="76561198892779186") connected to server
11:58:47: Player "StarkCG" (steam64id="76561198121484554") disconnected from server
11:58:47: Player "[YKZ] Felps" (steam64id="76561198892779186") disconnected from server
11:58:47: Player "[HORDA]MacLovin" (steam64id="76561199068236803") disconnected from server
11:58:47: Player "[L.B] Santorin" (steam64id="76561199069721527") disconnected from server
11:58:47: Player "[L.B]TropaDoEnguisa" (steam64id="76561198211423224") disconnected from server
11:58:47: Player "Zangief da putaria" (steam64id="76561198352748373") disconnected from server
12:01:23: Player "[L.B]TropaDoEnguisa" (steam64id="76561198211423224") connected to server
12:01:33: Player "[YKZ] Felps" (steam64id="76561198892779186") connected to server
12:01:53: Player "StarkCG" (steam64id="76561198121484554") connected to server
12:02:58: Player "Zangief da putaria" (steam64id="76561198352748373") connected to server
12:03:28: Player "[HORDA]MacLovin" (steam64id="76561199068236803") connected to server
12:24:08: Player "[L.B] Santorin" (steam64id="76561199069721527") connected to server
12:26:23: Player "StarkCG" (steam64id="76561198121484554") disconnected from server
12:27:48: Player "[L.B]TropaDoEnguisa" (steam64id="76561198211423224") disconnected from server
12:34:08: Player "[YKZ]-BlackBear" (steam64id="76561198343030820") connected to server
12:34:28: Player "[L.B]TropaDoEnguisa" (steam64id="76561198211423224") connected to server
12:41:13: Player "[HORDA]KAS" (steam64id="76561199202697738") connected to server
12:42:43: Player "[HORDA]ThiagoPenna" (steam64id="76561198218822351") connected to server
12:50:03: Player "[L.B] Santorin" (steam64id="76561199069721527") disconnected from server
12:51:03: Player "[L.B] Santorin" (steam64id="76561199069721527") connected to server
12:52:13: Player "[L.B]TropaDoEnguisa" (steam64id="76561198211423224") disconnected from server
12:57:33: Player "G A T O" (steam64id="76561199207813177") connected to server
12:58:03: Player "[L.B]TropaDoEnguisa" (steam64id="76561198211423224") connected to server
12:58:13: Player "[HORDA]MacLovin" (steam64id="76561199068236803") disconnected from server
12:58:33: Player "DanielSam" (steam64id="76561198867200764") connected to server
12:58:58: Player "[HORDA]MacLovin" (steam64id="76561199068236803") connected to server
13:05:48: Player "[L.B] LopesTa " (steam64id="76561198375254083") connected to server
13:14:53: Player "[YKZ]-Lobato" (steam64id="76561198158375860") connected to server
13:16:18: Player "[YKZ]-Lobato" (steam64id="76561198158375860") disconnected from server
13:17:58: Player "[YKZ]-tappes" (steam64id="76561198990092287") connected to server
13:18:03: Player "[YKZ]-Lobato" (steam64id="76561198158375860") connected to server
13:26:53: Player "[HORDA]ThiagoPenna" (steam64id="76561198218822351") disconnected from server
13:28:13: Player "[HORDA]KAS" (steam64id="76561199202697738") disconnected from server
13:29:33: Player "[HORDA]MacLovin" (steam64id="76561199068236803") disconnected from server
13:30:48: Player "[YKZ]-tappes" (steam64id="76561198990092287") disconnected from server
13:42:13: Player "Hacan121" (steam64id="76561198345012092") connected to server
13:54:23: Player "Padilha_Fps" (steam64id="76561198972625731") connected to server
13:55:53: Player "MeuMacho" (steam64id="76561199078435589") connected to server
14:00:28: Player "Ranzol" (steam64id="76561198017576237") connected to server
14:08:18: Player "Neft" (steam64id="76561198329721265") connected to server
14:09:18: Player "DanielSam" (steam64id="76561198867200764") disconnected from server
14:11:08: Player "MeuMacho" (steam64id="76561199078435589") disconnected from server
14:12:08: Player "Padilha_Fps" (steam64id="76561198972625731") disconnected from server
14:24:48: Player "[HORDA]MacLovin" (steam64id="76561199068236803") connected to server
14:26:53: Player "ttuker" (steam64id="76561198971813376") connected to server
14:27:08: Player "[YKZ]-Lobato" (steam64id="76561198158375860") disconnected from server
14:29:03: Player "[YKZ]-Lobato" (steam64id="76561198158375860") connected to server
14:37:48: Player "Hacan121" (steam64id="76561198345012092") disconnected from server
14:42:03: Player "Neft" (steam64id="76561198329721265") disconnected from server
14:44:13: Player "Lrk" (steam64id="76561198021843024") connected to server
14:45:48: Player "[YKZ]-BlackBear" (steam64id="76561198343030820") disconnected from server
14:49:13: Player "Zangief da putaria" (steam64id="76561198352748373") disconnected from server
14:50:43: Player "G A T O" (steam64id="76561199207813177") disconnected from server
14:51:48: Player "[YKZ] Felps" (steam64id="76561198892779186") disconnected from server
14:53:28: Player "[L.B] Santorin" (steam64id="76561199069721527") disconnected from server
14:53:48: Player "[L.B] Santorin" (steam64id="76561199069721527") connected to server
14:56:38: Player "[YKZ]-Lobato" (steam64id="76561198158375860") disconnected from server
14:58:13: Player "[HORDA]MacLovin" (steam64id="76561199068236803") disconnected from server
14:58:58: Player "[HORDA]MacLovin" (steam64id="76561199068236803") connected to server
14:59:58: Player "[L.B] Santorin" (steam64id="76561199069721527") disconnected from server
15:01:38: Player "[L.B] Santorin" (steam64id="76561199069721527") connected to server
15:04:24: Player "Survivor" (steam64id="76561198852032916") connected to server
15:04:54: Player "Survivor" (steam64id="76561198852032916") disconnected from server
15:07:29: Player "[HORDA]MacLovin" (steam64id="76561199068236803") disconnected from server
15:09:09: Player "ttuker" (steam64id="76561198971813376") disconnected from server
15:24:54: Player "[L.B]TropaDoEnguisa" (steam64id="76561198211423224") disconnected from server
15:31:29: Player "Ranzol" (steam64id="76561198017576237") disconnected from server
15:35:24: Player "Hacan121" (steam64id="76561198345012092") connected to server
15:45:04: Player "TripaSeca" (steam64id="76561198093060507") connected to server
15:55:54: Player "Passo Largo" (steam64id="76561198057660141") connected to server
15:58:49: Player "TripaSeca" (steam64id="76561198093060507") disconnected from server
15:58:49: Player "Hacan121" (steam64id="76561198345012092") disconnected from server
15:58:49: Player "[L.B] Santorin" (steam64id="76561199069721527") disconnected from server
15:58:49: Player "[L.B] LopesTa " (steam64id="76561198375254083") disconnected from server
15:58:49: Player "Lrk" (steam64id="76561198021843024") disconnected from server
15:58:49: Player "Passo Largo" (steam64id="76561198057660141") disconnected from server
16:00:43: Player "[L.B] Santorin" (steam64id="76561199069721527") connected to server
16:00:43: Player "Passo Largo" (steam64id="76561198057660141") connected to server
16:00:53: Player "Hacan121" (steam64id="76561198345012092") connected to server
16:00:58: Player "Lrk" (steam64id="76561198021843024") connected to server
16:01:18: Player "TripaSeca" (steam64id="76561198093060507") connected to server
16:05:23: Player "[L.B] LopesTa " (steam64id="76561198375254083") connected to server
16:10:28: Player "Hacan121" (steam64id="76561198345012092") disconnected from server
16:12:08: Player "Hacan121" (steam64id="76561198345012092") connected to server
16:25:18: Player "Betinho_maluco" (steam64id="76561198057627157") connected to server
16:30:58: Player "GatunO" (steam64id="76561198815953886") connected to server
16:33:28: Player "Betinho_maluco" (steam64id="76561198057627157") disconnected from server
16:34:43: Player "[L.B] Santorin" (steam64id="76561199069721527") disconnected from server
16:36:08: Player "[L.B] Santorin" (steam64id="76561199069721527") connected to server
16:36:43: Player "[YKZ] Seekerzao" (steam64id="76561198067793781") connected to server
16:38:18: Player "Passo Largo" (steam64id="76561198057660141") disconnected from server
16:39:18: Player "[YKZ] Seekerzao" (steam64id="76561198067793781") disconnected from server
17:04:43: Player "GatunO" (steam64id="76561198815953886") disconnected from server
17:24:28: Player "{KMG}fuzil" (steam64id="76561198965933878") connected to server
17:31:58: Player "[YKZ] Felps" (steam64id="76561198892779186") connected to server
17:33:53: Player "[L.B] LopesTa " (steam64id="76561198375254083") disconnected from server
17:33:53: Player "{KMG}fuzil" (steam64id="76561198965933878") disconnected from server
17:35:58: Player "DanielSam" (steam64id="76561198867200764") connected to server
17:49:38: Player "[YKZ] chron1c" (steam64id="76561198205585613") connected to server
17:57:03: Player "[L.B] Santorin" (steam64id="76561199069721527") disconnected from server
17:57:08: Player "Hacan121" (steam64id="76561198345012092") disconnected from server
17:57:08: Player "DanielSam" (steam64id="76561198867200764") disconnected from server
17:57:23: Player "TripaSeca" (steam64id="76561198093060507") disconnected from server
17:57:23: Player "Lrk" (steam64id="76561198021843024") disconnected from server
17:57:28: Player "[YKZ] Felps" (steam64id="76561198892779186") disconnected from server
17:58:23: Player "[YKZ] chron1c" (steam64id="76561198205585613") disconnected from server
18:07:38: Player "[YKZ] Felps" (steam64id="76561198892779186") connected to server
18:07:53: Player "[YKZ] chron1c" (steam64id="76561198205585613") connected to server
18:08:08: Player "DanielSam" (steam64id="76561198867200764") connected to server
18:08:13: Player "[L.B] Santorin" (steam64id="76561199069721527") connected to server
18:08:18: Player "TripaSeca" (steam64id="76561198093060507") connected to server
18:09:53: Player "Hacan121" (steam64id="76561198345012092") connected to server
18:12:48: Player "[L.B] Santorin" (steam64id="76561199069721527") disconnected from server
18:25:38: Player "WyllGammer" (steam64id="76561198965177994") connected to server
18:38:28: Player "DuDuzin" (steam64id="76561198204677881") connected to server
18:40:23: Player "DuDuzin" (steam64id="76561198204677881") disconnected from server
18:40:28: Player "[YKZ]-Lobato" (steam64id="76561198158375860") connected to server
19:02:58: Player "Biel FxR" (steam64id="76561198050836260") connected to server
19:08:18: Player "Hacan121" (steam64id="76561198345012092") disconnected from server
19:11:03: Player "[YKZ]-BlackBear" (steam64id="76561198343030820") connected to server
19:17:43: Player "[L.B] LopesTa " (steam64id="76561198375254083") connected to server
19:21:53: Player "[L.B] Santorin" (steam64id="76561199069721527") connected to server
19:22:03: Player "WyllGammer" (steam64id="76561198965177994") disconnected from server
19:23:18: Player "DanielSam" (steam64id="76561198867200764") disconnected from server
19:24:38: Player "[YKZ] Emissarius" (steam64id="76561198271087379") connected to server
19:27:43: Player "[L.B] Santorin" (steam64id="76561199069721527") disconnected from server
19:37:58: Player "[L.B] Santorin" (steam64id="76561199069721527") connected to server
19:38:18: Player "[RS]kid mata full" (steam64id="76561199130821188") connected to server
19:42:03: Player "Raul" (steam64id="76561198329721265") connected to server
19:44:18: Player "Paulo Guedes" (steam64id="76561198146050795") connected to server
19:48:33: Player "[YKZ] Emissarius" (steam64id="76561198271087379") disconnected from server
19:48:58: Player "[YKZ] Emissarius" (steam64id="76561198271087379") connected to server
19:49:33: Player "[RS]kid mata full" (steam64id="76561199130821188") disconnected from server
19:56:28: Player "{KMG}fuzil" (steam64id="76561198965933878") connected to server
19:58:48: Player "TripaSeca" (steam64id="76561198093060507") disconnected from server
19:58:48: Player "Biel FxR" (steam64id="76561198050836260") disconnected from server
19:58:48: Player "{KMG}fuzil" (steam64id="76561198965933878") disconnected from server
19:58:48: Player "Paulo Guedes" (steam64id="76561198146050795") disconnected from server
19:58:48: Player "[L.B] Santorin" (steam64id="76561199069721527") disconnected from server
19:58:48: Player "[YKZ] Felps" (steam64id="76561198892779186") disconnected from server
19:58:48: Player "[L.B] LopesTa " (steam64id="76561198375254083") disconnected from server
19:58:48: Player "[YKZ] chron1c" (steam64id="76561198205585613") disconnected from server
19:58:48: Player "[YKZ] Emissarius" (steam64id="76561198271087379") disconnected from server
19:58:48: Player "[YKZ]-Lobato" (steam64id="76561198158375860") disconnected from server
19:58:48: Player "Raul" (steam64id="76561198329721265") disconnected from server
19:58:48: Player "[YKZ]-BlackBear" (steam64id="76561198343030820") disconnected from server
20:00:47: Player "[L.B] LopesTa " (steam64id="76561198375254083") connected to server
20:00:47: Player "Paulo Guedes" (steam64id="76561198146050795") connected to server
20:00:52: Player "[YKZ] chron1c" (steam64id="76561198205585613") connected to server
20:00:52: Player "[L.B] Santorin" (steam64id="76561199069721527") connected to server
20:01:12: Player "TripaSeca" (steam64id="76561198093060507") connected to server
20:01:17: Player "[YKZ] Emissarius" (steam64id="76561198271087379") connected to server
20:01:52: Player "[YKZ]-Lobato" (steam64id="76561198158375860") connected to server
20:02:02: Player "[HORDA]KAS" (steam64id="76561199202697738") connected to server
20:02:27: Player "StarkCG" (steam64id="76561198121484554") connected to server
20:02:37: Player "Biel FxR" (steam64id="76561198050836260") connected to server
20:03:37: Player "[YKZ] Felps" (steam64id="76561198892779186") connected to server
20:03:42: Player "[HORDA] JHON WICK" (steam64id="76561198122075703") connected to server
20:03:52: Player "[HORDA]MacLovin" (steam64id="76561199068236803") connected to server
20:03:52: Player "[YKZ]-BlackBear" (steam64id="76561198343030820") connected to server
20:03:57: Player "Biel FxR" (steam64id="76561198050836260") disconnected from server
20:04:17: Player "TcheLoco" (steam64id="76561198099449370") connected to server
20:07:22: Player "Santos" (steam64id="76561198194230525") connected to server
20:07:42: Player "Biel FxR" (steam64id="76561198050836260") connected to server
20:08:47: Player "{KMG}fuzil" (steam64id="76561198965933878") connected to server
20:09:17: Player "Raul" (steam64id="76561198329721265") connected to server
20:11:17: Player "Santos" (steam64id="76561198194230525") disconnected from server
20:12:37: Player "FAKE1-" (steam64id="76561198156280657") connected to server
20:12:52: Player "DanielSam" (steam64id="76561198867200764") connected to server
20:14:07: Player "Link" (steam64id="76561198094550935") connected to server
20:14:47: Player "[YKZ] Notsniw" (steam64id="76561197967151252") connected to server
20:16:17: Player "Sagara" (steam64id="76561198057660620") connected to server
20:17:02: Player "Sagara" (steam64id="76561198057660620") disconnected from server
20:17:57: Player "Gecom" (steam64id="76561198020315206") connected to server
20:19:47: Player "BarucA" (steam64id="76561199141850356") connected to server
20:26:02: Player "[L.B] ploodrinny" (steam64id="76561198312062387") connected to server
20:26:17: Player "[HORDA] zBieL" (steam64id="76561198001525812") connected to server
20:26:27: Player "{KMG}fuzil" (steam64id="76561198965933878") disconnected from server
20:27:02: Player "[KGB}Nobre Lobo" (steam64id="76561198127199963") connected to server
20:27:32: Player "[YKZ] Felps" (steam64id="76561198892779186") disconnected from server
20:28:27: Player "Fulber" (steam64id="76561198053443712") connected to server
20:28:52: Player "[HORDA]KAS" (steam64id="76561199202697738") disconnected from server
20:29:27: Player "ZviniciusAraujo" (steam64id="76561198253498101") connected to server
20:29:52: Player "FAKE1-" (steam64id="76561198156280657") disconnected from server
20:31:47: Player "[RS]kid mata full" (steam64id="76561199130821188") connected to server
20:31:52: Player "[HORDA] JHON WICK" (steam64id="76561198122075703") disconnected from server
20:32:07: Player "zKauanAraujo" (steam64id="76561199240751527") connected to server
20:32:32: Player "[HORDA]marcelinho" (steam64id="76561198817477406") connected to server
20:33:07: Player "[HORDA] JHON WICK" (steam64id="76561198122075703") connected to server
20:33:52: Player "zLeonardoAraujo" (steam64id="76561199243941204") connected to server
20:33:57: Player "[YKZ] chron1c" (steam64id="76561198205585613") disconnected from server
20:36:52: Player "[RS]kid mata full" (steam64id="76561199130821188") disconnected from server
20:38:52: Player "ZviniciusAraujo" (steam64id="76561198253498101") disconnected from server
20:40:02: Player "[YKZ] Emissarius" (steam64id="76561198271087379") disconnected from server
20:41:17: Player "ZviniciusAraujo" (steam64id="76561198253498101") connected to server
20:41:22: Player "Naeg" (steam64id="76561198967522404") connected to server
20:43:47: Player "[HORDA] JHON WICK" (steam64id="76561198122075703") disconnected from server
20:44:02: Player "[HORDA]LUCASBR" (steam64id="76561198973828354") connected to server
21:37:50: Player "[KGB}Nobre Lobo" (steam64id="76561198127199963") connected to server
21:39:55: Player "Fulber" (steam64id="76561198053443712") connected to server
21:41:35: Player "AlexFraxe" (steam64id="76561198079014774") connected to server
21:41:35: Player "Biel FxR" (steam64id="76561198050836260") connected to server
21:43:15: Player "Betouss" (steam64id="76561198329721265") connected to server
21:46:50: Player "{KMG}fuzil" (steam64id="76561198965933878") connected to server
21:50:15: Player "{KMG}fuzil" (steam64id="76561198965933878") disconnected from server
21:53:15: Player "Fulber" (steam64id="76561198053443712") disconnected from server
21:56:05: Player "[KGB}Nobre Lobo" (steam64id="76561198127199963") disconnected from server
21:56:35: Player "AlexFraxe" (steam64id="76561198079014774") disconnected from server
22:00:40: Player "[HORDA] JHON WICK" (steam64id="76561198122075703") connected to server
22:02:40: Player "TripaSeca" (steam64id="76561198093060507") connected to server
22:02:40: Player "[HORDA] JHON WICK" (steam64id="76561198122075703") disconnected from server
22:02:55: Player "[HORDA] JHON WICK" (steam64id="76561198122075703") connected to server
22:07:50: Player "Betouss" (steam64id="76561198329721265") disconnected from server
22:08:25: Player "[RNG]Panico" (steam64id="76561199230965576") connected to server
22:14:10: Player "CHASER?" (steam64id="76561198246131158") connected to server
22:14:25: Player "CHASER?" (steam64id="76561198246131158") disconnected from server
22:24:40: Player "Charada" (steam64id="76561198034769290") connected to server
22:39:25: Player "starkcg" (steam64id="76561198121484554") connected to server
22:41:10: Player "[HORDA] zBieL" (steam64id="76561198001525812") connected to server
22:42:55: Player "starkcg" (steam64id="76561198121484554") disconnected from server
22:44:40: Player "Charada" (steam64id="76561198034769290") disconnected from server
22:45:30: Player "{KMG}fuzil" (steam64id="76561198965933878") connected to server
22:49:15: Player "{KMG}fuzil" (steam64id="76561198965933878") disconnected from server
22:51:00: Player "{KMG}-Rockeiro" (steam64id="76561198928581570") connected to server
22:57:25: Player "{KMG}-Rockeiro" (steam64id="76561198928581570") disconnected from server
23:06:30: Player "<Spartan-369>" (steam64id="76561198126134240") connected to server
23:07:00: Player "<Spartan-369>" (steam64id="76561198126134240") disconnected from server
23:16:35: Player "starkcg" (steam64id="76561198121484554") connected to server
23:18:30: Player "[RNG]Panico" (steam64id="76561199230965576") disconnected from server
23:20:30: Player "[HORDA] JHON WICK" (steam64id="76561198122075703") disconnected from server
23:20:45: Player "[HORDA] JHON WICK" (steam64id="76561198122075703") connected to server
23:22:10: Player "[HORDA] JHON WICK" (steam64id="76561198122075703") disconnected from server
23:29:10: Player "starkcg" (steam64id="76561198121484554") disconnected from server
23:37:20: Player "(CNXC)Roger    " (steam64id="76561198119108882") connected to server
23:44:35: Player "[YKZ]-tappes" (steam64id="76561198990092287") connected to server
23:46:20: Player "Betinho_maluco" (steam64id="76561198057627157") connected to server
23:50:50: Player "[YKZ] pedrobala" (steam64id="76561198046653521") connected to server
23:52:25: Player "BR Cacador" (steam64id="76561198881649049") connected to server
23:54:10: Player "BR Cacador" (steam64id="76561198881649049") disconnected from server
23:58:40: Player "Biel FxR" (steam64id="76561198050836260") disconnected from server
23:58:40: Player "[YKZ] pedrobala" (steam64id="76561198046653521") disconnected from server
23:58:40: Player "TripaSeca" (steam64id="76561198093060507") disconnected from server
23:58:40: Player "Betinho_maluco" (steam64id="76561198057627157") disconnected from server
23:58:40: Player "(CNXC)Roger    " (steam64id="76561198119108882") disconnected from server
23:58:40: Player "[YKZ]-tappes" (steam64id="76561198990092287") disconnected from server
23:58:40: Player "[HORDA] zBieL" (steam64id="76561198001525812") disconnected from server
