18:21:57: Player "[HORDA]MacLovin" (steam64id="76561199068236803") connected to server
18:29:22: Player "[YKZ] Seekerzao" (steam64id="76561198067793781") connected to server
18:43:22: Player "Derze" (steam64id="76561198061703595") connected to server
18:44:17: Player "Funghi" (steam64id="76561199069858485") connected to server
18:44:52: Player "ACC" (steam64id="76561198106291582") connected to server
18:45:52: Player "Sagara" (steam64id="76561198057660620") connected to server
18:46:27: Player "Derze" (steam64id="76561198061703595") disconnected from server
18:47:32: Player "[HORDA]MacLovin" (steam64id="76561199068236803") disconnected from server
19:01:42: Player "[HORDA]ThiagoPenna" (steam64id="76561198218822351") connected to server
19:04:22: Player "[YKZ] Seekerzao" (steam64id="76561198067793781") disconnected from server
19:11:27: Player "[YKZ]-Lobato" (steam64id="76561198158375860") connected to server
19:12:47: Player "Luisff" (steam64id="76561198191554814") connected to server
19:24:42: Player "Charada" (steam64id="76561198034769290") connected to server
19:25:27: Player "ploodrinny" (steam64id="76561198312062387") connected to server
19:30:02: Player "[HORDA]MacLovin" (steam64id="76561199068236803") connected to server
19:30:42: Player "[YKZ]-Lobato" (steam64id="76561198158375860") disconnected from server
19:32:57: Player "[HORDA]ThiagoPenna" (steam64id="76561198218822351") disconnected from server
19:33:42: Player "ploodrinny" (steam64id="76561198312062387") disconnected from server
19:36:12: Player "[HORDA] JHON WICK" (steam64id="76561198122075703") connected to server
19:40:02: Player "CharlinhoPsico" (steam64id="76561198366562144") connected to server
19:42:42: Player "CharlinhoPsico" (steam64id="76561198366562144") disconnected from server
19:45:52: Player "[HORDA]ThiagoPenna" (steam64id="76561198218822351") connected to server
19:46:27: Player "Biel FxR" (steam64id="76561198050836260") connected to server
19:49:17: Player "Charada" (steam64id="76561198034769290") disconnected from server
19:49:37: Player "Luisff" (steam64id="76561198191554814") disconnected from server
19:50:12: Player "Biel FxR" (steam64id="76561198050836260") disconnected from server
19:58:32: Player "Funghi" (steam64id="76561199069858485") disconnected from server
19:58:32: Player "ACC" (steam64id="76561198106291582") disconnected from server
19:58:32: Player "[HORDA]ThiagoPenna" (steam64id="76561198218822351") disconnected from server
19:58:32: Player "[HORDA]MacLovin" (steam64id="76561199068236803") disconnected from server
19:58:32: Player "Sagara" (steam64id="76561198057660620") disconnected from server
19:58:32: Player "[HORDA] JHON WICK" (steam64id="76561198122075703") disconnected from server
20:00:50: Player "[HORDA]MacLovin" (steam64id="76561199068236803") connected to server
20:01:10: Player "[HORDA]ThiagoPenna" (steam64id="76561198218822351") connected to server
20:01:15: Player "[HORDA] JHON WICK" (steam64id="76561198122075703") connected to server
20:01:25: Player "Funghi" (steam64id="76561199069858485") connected to server
20:05:15: Player "Bob Clarck" (steam64id="76561199118540716") connected to server
20:07:20: Player "[YKZ]-BlackBear" (steam64id="76561198343030820") connected to server
20:12:55: Player "[YKZ]-BlackBear" (steam64id="76561198343030820") disconnected from server
20:13:25: Player "Duero" (steam64id="76561198259492425") connected to server
20:13:40: Player "[EB] GordoEmers" (steam64id="76561198260617608") connected to server
20:15:20: Player "joaoob23" (steam64id="76561198302337518") connected to server
20:15:35: Player "[EB] pedrobala" (steam64id="76561198046653521") connected to server
20:16:15: Player "[YKZ]-BlackBear" (steam64id="76561198343030820") connected to server
20:17:10: Player "Fuminhu " (steam64id="76561198199978915") connected to server
20:23:35: Player "ACC" (steam64id="76561198106291582") connected to server
20:25:10: Player "Mbrown" (steam64id="76561198834441216") connected to server
20:26:55: Player "ttuker" (steam64id="76561198971813376") connected to server
20:29:50: Player "joaoob23" (steam64id="76561198302337518") disconnected from server
20:35:05: Player "joaoob23" (steam64id="76561198302337518") connected to server
20:38:35: Player "SuperNoia" (steam64id="76561198132169694") connected to server
20:44:50: Player "Raemi" (steam64id="76561198048467587") connected to server
20:58:10: Player "Fuminhu " (steam64id="76561198199978915") disconnected from server
20:58:30: Player "Fuminhu " (steam64id="76561198199978915") connected to server
21:00:50: Player "[HORDA] zBieL" (steam64id="76561198001525812") connected to server
21:01:25: Player "ttuker" (steam64id="76561198971813376") disconnected from server
21:03:35: Player "KOREA" (steam64id="76561198253386609") connected to server
21:06:05: Player "Duero" (steam64id="76561198259492425") disconnected from server
21:12:21: Player "Lop1nho" (steam64id="76561198136544409") connected to server
21:16:31: Player "Fuminhu " (steam64id="76561198199978915") connected to server
21:16:41: Player "ACC" (steam64id="76561198106291582") connected to server
21:16:51: Player "KOREA" (steam64id="76561198253386609") connected to server
21:17:16: Player "[EB] pedrobala" (steam64id="76561198046653521") connected to server
21:17:16: Player "Lop1nho" (steam64id="76561198136544409") connected to server
21:17:26: Player "KOREA" (steam64id="76561198253386609") disconnected from server
21:17:36: Player "SuperNoia" (steam64id="76561198132169694") connected to server
21:17:41: Player "Funghi" (steam64id="76561199069858485") connected to server
21:17:41: Player "Raemi" (steam64id="76561198048467587") connected to server
21:17:51: Player "Funghi" (steam64id="76561199069858485") disconnected from server
21:17:56: Player "[HORDA]MacLovin" (steam64id="76561199068236803") connected to server
21:18:11: Player "SUC0_DE_P1NEU" (steam64id="76561198261470581") connected to server
21:20:06: Player "Funghi" (steam64id="76561199069858485") connected to server
21:23:06: Player "[YKZ]-BlackBear" (steam64id="76561198343030820") connected to server
21:23:11: Player "[HORDA]ThiagoPenna" (steam64id="76561198218822351") connected to server
21:24:31: Player "[HORDA]ThiagoPenna" (steam64id="76561198218822351") disconnected from server
21:25:16: Player "HooZz" (steam64id="76561198805460683") connected to server
21:26:06: Player "joaoob23" (steam64id="76561198302337518") connected to server
21:26:36: Player "Mbrown" (steam64id="76561198834441216") connected to server
21:26:56: Player "[HORDA]MacLovin" (steam64id="76561199068236803") disconnected from server
21:27:56: Player "[HORDA]ThiagoPenna" (steam64id="76561198218822351") connected to server
21:27:56: Player "[HORDA]MacLovin" (steam64id="76561199068236803") connected to server
21:32:31: Player "[HORDA] JHON WICK" (steam64id="76561198122075703") connected to server
21:32:46: Player "Mbrown" (steam64id="76561198834441216") disconnected from server
21:34:51: Player "Mbrown" (steam64id="76561198834441216") connected to server
21:35:11: Player "[HORDA] zBieL" (steam64id="76561198001525812") connected to server
21:35:36: Player "KOREA" (steam64id="76561198253386609") connected to server
21:38:06: Player "Mbrown" (steam64id="76561198834441216") disconnected from server
21:43:01: Player "[horda]marcelinho" (steam64id="76561198817477406") connected to server
21:43:51: Player "Malcriado" (steam64id="76561198376508831") connected to server
21:44:41: Player "[YKZ]-Lobato" (steam64id="76561198158375860") connected to server
21:51:51: Player "Boneco " (steam64id="76561199225248971") connected to server
21:52:46: Player "XUXUZINHO" (steam64id="76561199083408122") connected to server
21:58:41: Player "Passo Largo" (steam64id="76561198057660141") connected to server
21:59:31: Player "Passo Largo" (steam64id="76561198057660141") disconnected from server
21:59:46: Player "[HORDA]MacLovin" (steam64id="76561199068236803") disconnected from server
21:59:56: Player "Passo Largo" (steam64id="76561198057660141") connected to server
22:01:26: Player "KOREA" (steam64id="76561198253386609") disconnected from server
22:01:51: Player "Passo Largo" (steam64id="76561198057660141") disconnected from server
22:02:56: Player "Passo Largo" (steam64id="76561198057660141") connected to server
22:05:26: Player "KOREA" (steam64id="76561198253386609") connected to server
22:06:36: Player "ploodrinny" (steam64id="76561198312062387") connected to server
22:07:36: Player "Funghi" (steam64id="76561199069858485") disconnected from server
22:07:36: Player "ACC" (steam64id="76561198106291582") disconnected from server
22:08:16: Player "ploodrinny" (steam64id="76561198312062387") disconnected from server
22:09:41: Player "Passo Largo" (steam64id="76561198057660141") disconnected from server
22:10:21: Player "Passo Largo" (steam64id="76561198057660141") connected to server
22:11:06: Player "JhouHillo" (steam64id="76561198307221831") connected to server
22:12:41: Player "[ONE}Rick" (steam64id="76561198868590548") connected to server
22:13:31: Player "GabrielDWR" (steam64id="76561199012612653") connected to server
22:13:31: Player "[HORDA]MacLovin" (steam64id="76561199068236803") connected to server
22:14:41: Player "CRD" (steam64id="76561199033852709") connected to server
22:15:06: Player "Vini_300" (steam64id="76561198145785923") connected to server
22:17:21: Player "Fuminhu " (steam64id="76561198199978915") disconnected from server
22:17:36: Player "SuperNoia" (steam64id="76561198132169694") disconnected from server
22:19:41: Player "Biel FxR" (steam64id="76561198050836260") connected to server
22:23:26: Player "CRD" (steam64id="76561199033852709") disconnected from server
22:23:46: Player "joaoob23" (steam64id="76561198302337518") disconnected from server
22:24:51: Player "[EB] GordoEmers" (steam64id="76561198260617608") connected to server
22:28:56: Player "ObreD" (steam64id="76561198258911731") connected to server
22:30:16: Player "[ONE] KARABULJHAN" (steam64id="76561198100527842") connected to server
22:36:26: Player "GLORIA GROOVE" (steam64id="76561199199911358") connected to server
22:37:06: Player "GLORIA GROOVE" (steam64id="76561199199911358") disconnected from server
22:37:51: Player "[ONE] KARABULJHAN" (steam64id="76561198100527842") disconnected from server
22:38:46: Player "GLORIA GROOVE" (steam64id="76561198836991038") connected to server
22:38:56: Player "[ONE] KARABULJHAN" (steam64id="76561198100527842") connected to server
22:40:51: Player "Raemi" (steam64id="76561198048467587") disconnected from server
22:41:56: Player "[ONE] KARABULJHAN" (steam64id="76561198100527842") disconnected from server
22:43:16: Player "[ONE] KARABULJHAN" (steam64id="76561198100527842") connected to server
22:43:46: Player "[HORDA]MacLovin" (steam64id="76561199068236803") disconnected from server
22:44:11: Player "Biel FxR" (steam64id="76561198050836260") disconnected from server
22:44:46: Player "KOREA" (steam64id="76561198253386609") disconnected from server
22:45:41: Player "[ONE] KARABULJHAN" (steam64id="76561198100527842") disconnected from server
22:45:51: Player "TripaSeca" (steam64id="76561198093060507") connected to server
22:46:11: Player "Biel FxR" (steam64id="76561198050836260") connected to server
22:46:51: Player "JhouHillo" (steam64id="76561198307221831") disconnected from server
22:48:01: Player "Malcriado" (steam64id="76561198376508831") disconnected from server
22:52:11: Player "GabrielDWR" (steam64id="76561199012612653") disconnected from server
23:02:21: Player "[HORDA] zBieL" (steam64id="76561198001525812") disconnected from server
23:02:56: Player "Passo Largo" (steam64id="76561198057660141") disconnected from server
23:08:41: Player "G A T O" (steam64id="76561199207813177") connected to server
23:08:46: Player "Rodrigo Boca Br#4768" (steam64id="76561198856289994") connected to server
23:10:01: Player "Charada" (steam64id="76561198034769290") connected to server
23:13:21: Player "Passo Largo" (steam64id="76561198057660141") connected to server
23:16:01: Player "Betinho_maluco" (steam64id="76561198057627157") connected to server
23:20:11: Player "[YKZ]-BlackBear" (steam64id="76561198343030820") disconnected from server
23:21:06: Player "[HORDA]LUCASBR" (steam64id="76561198973828354") connected to server
23:24:11: Player "[YKZ]-BlackBear" (steam64id="76561198343030820") connected to server
23:24:46: Player "TripaSeca" (steam64id="76561198093060507") disconnected from server
23:24:51: Player "Boris Berezin" (steam64id="76561198007142594") connected to server
23:26:46: Player "TripaSeca" (steam64id="76561198093060507") connected to server
23:30:41: Player "CharlinhoPsico" (steam64id="76561198366562144") connected to server
23:30:51: Player "SUC0_DE_P1NEU" (steam64id="76561198261470581") disconnected from server
23:31:06: Player "Sagara" (steam64id="76561198057660620") connected to server
23:31:06: Player "Lop1nho" (steam64id="76561198136544409") disconnected from server
23:31:06: Player "HooZz" (steam64id="76561198805460683") disconnected from server
23:32:11: Player "MenoDuLins" (steam64id="76561198057614573") connected to server
23:32:41: Player "[ONE}Rick" (steam64id="76561198868590548") disconnected from server
23:34:01: Player "[EB] GordoEmers" (steam64id="76561198260617608") disconnected from server
23:35:46: Player "[HORDA] JHON WICK" (steam64id="76561198122075703") disconnected from server
23:38:01: Player "Vini_300" (steam64id="76561198145785923") disconnected from server
23:38:11: Player "Boneco " (steam64id="76561199225248971") disconnected from server
23:44:31: Player "Passo Largo" (steam64id="76561198057660141") disconnected from server
23:46:36: Player "Rodrigo Boca Br#4768" (steam64id="76561198856289994") disconnected from server
23:48:16: Player "XUXUZINHO" (steam64id="76561199083408122") disconnected from server
23:55:06: Player "BRUXO" (steam64id="76561198140728342") connected to server
23:56:41: Player "BRUXO" (steam64id="76561198140728342") disconnected from server
23:57:16: Player "BRUXO" (steam64id="76561198140728342") connected to server
23:58:31: Player "TripaSeca" (steam64id="76561198093060507") disconnected from server
23:58:31: Player "[EB] pedrobala" (steam64id="76561198046653521") disconnected from server
23:58:31: Player "Boris Berezin" (steam64id="76561198007142594") disconnected from server
23:58:31: Player "Biel FxR" (steam64id="76561198050836260") disconnected from server
23:58:31: Player "Betinho_maluco" (steam64id="76561198057627157") disconnected from server
23:58:31: Player "Charada" (steam64id="76561198034769290") disconnected from server
23:58:31: Player "BRUXO" (steam64id="76561198140728342") disconnected from server
23:58:31: Player "[YKZ]-BlackBear" (steam64id="76561198343030820") disconnected from server
23:58:31: Player "G A T O" (steam64id="76561199207813177") disconnected from server
23:58:31: Player "[HORDA]LUCASBR" (steam64id="76561198973828354") disconnected from server
23:58:31: Player "[HORDA]ThiagoPenna" (steam64id="76561198218822351") disconnected from server
23:58:31: Player "CharlinhoPsico" (steam64id="76561198366562144") disconnected from server
23:58:31: Player "MenoDuLins" (steam64id="76561198057614573") disconnected from server
23:58:31: Player "GLORIA GROOVE" (steam64id="76561198836991038") disconnected from server
23:58:31: Player "Sagara" (steam64id="76561198057660620") disconnected from server
23:58:31: Player "[horda]marcelinho" (steam64id="76561198817477406") disconnected from server
23:58:31: Player "ObreD" (steam64id="76561198258911731") disconnected from server
23:58:31: Player "[YKZ]-Lobato" (steam64id="76561198158375860") disconnected from server
