00:01:03: Player "Anderson" (steam64id="76561198071088136") connected to server
00:01:03: Player "[YKZ]-BlackBear" (steam64id="76561198343030820") connected to server
00:01:03: Player "Betinho_maluco" (steam64id="76561198057627157") connected to server
00:01:03: Player "DinizBr" (steam64id="76561198128517157") connected to server
00:01:03: Player "Sagara" (steam64id="76561198057660620") connected to server
00:01:03: Player "Kaiza" (steam64id="76561198963414484") connected to server
00:01:33: Player "Diorno" (steam64id="76561198142139495") connected to server
00:01:33: Player "CharlinhoPsico" (steam64id="76561198366562144") connected to server
00:01:43: Player "raafayrn" (steam64id="76561199030562365") connected to server
00:01:48: Player "Hitokiri_" (steam64id="76561198189143650") connected to server
00:01:53: Player "[YKZ] pedrobala" (steam64id="76561198046653521") connected to server
00:02:03: Player "Lobo Sentado" (steam64id="76561198138311400") connected to server
00:02:18: Player "Luska" (steam64id="76561198099970604") connected to server
00:02:53: Player "Felipe" (steam64id="76561198145846598") connected to server
00:03:23: Player "Leon" (steam64id="76561198043057028") connected to server
00:04:38: Player "Foikar" (steam64id="76561199156649696") connected to server
00:04:53: Player "TeuSDek" (steam64id="76561198394822113") connected to server
00:06:33: Player "TeuSDek" (steam64id="76561198394822113") disconnected from server
00:06:43: Player "Luska" (steam64id="76561198099970604") disconnected from server
00:12:33: Player "romimmoss" (steam64id="76561198282777734") connected to server
00:17:08: Player "aetherbeyonce" (steam64id="76561198876566880") connected to server
00:17:33: Player "Lobo Sentado" (steam64id="76561198138311400") disconnected from server
00:17:43: Player "Foikar" (steam64id="76561199156649696") disconnected from server
00:17:48: Player "Felipe" (steam64id="76561198145846598") disconnected from server
00:17:58: Player "Hitokiri_" (steam64id="76561198189143650") disconnected from server
00:18:58: Player "Leon" (steam64id="76561198043057028") disconnected from server
00:19:03: Player "romimmoss" (steam64id="76561198282777734") disconnected from server
00:35:53: Player "DinizBr" (steam64id="76561198128517157") disconnected from server
00:41:48: Player "[YKZ] pedrobala" (steam64id="76561198046653521") disconnected from server
00:48:03: Player "raafayrn" (steam64id="76561199030562365") disconnected from server
00:50:43: Player "Anderson" (steam64id="76561198071088136") disconnected from server
00:50:53: Player "Brian Crane" (steam64id="76561198877541324") connected to server
00:51:48: Player "Kaiza" (steam64id="76561198963414484") disconnected from server
00:55:33: Player "Charada" (steam64id="76561198034769290") connected to server
00:57:03: Player "Charada" (steam64id="76561198034769290") disconnected from server
01:18:43: Player "Brian Crane" (steam64id="76561198877541324") disconnected from server
01:42:23: Player "Rodrigo Boca Br#4768" (steam64id="76561198856289994") connected to server
01:46:38: Player "MenoDuLins" (steam64id="76561198057614573") connected to server
01:54:08: Player "aetherbeyonce" (steam64id="76561198876566880") disconnected from server
02:01:03: Player "FisFacu" (steam64id="76561198339726200") connected to server
02:02:43: Player "CharlinhoPsico" (steam64id="76561198366562144") disconnected from server
02:03:58: Player "Betinho_maluco" (steam64id="76561198057627157") disconnected from server
02:04:23: Player "chinto" (steam64id="76561198990589985") connected to server
02:05:08: Player "Sagara" (steam64id="76561198057660620") disconnected from server
02:05:58: Player "Diorno" (steam64id="76561198142139495") disconnected from server
02:21:58: Player "XDSAZERT" (steam64id="76561198302471728") connected to server
02:28:08: Player "XDSAZERT" (steam64id="76561198302471728") disconnected from server
02:55:13: Player "MenoDuLins" (steam64id="76561198057614573") disconnected from server
03:06:03: Player "Seekerzao" (steam64id="76561198067793781") connected to server
03:09:23: Player "chinto" (steam64id="76561198990589985") disconnected from server
03:12:13: Player "[YKZ]-BlackBear" (steam64id="76561198343030820") disconnected from server
03:17:13: Player "Rodrigo Boca Br#4768" (steam64id="76561198856289994") disconnected from server
03:59:08: Player "Seekerzao" (steam64id="76561198067793781") disconnected from server
03:59:08: Player "FisFacu" (steam64id="76561198339726200") disconnected from server
04:01:13: Player "FisFacu" (steam64id="76561198339726200") connected to server
04:10:58: Player "Seekerzao" (steam64id="76561198067793781") connected to server
05:31:53: Player "FisFacu" (steam64id="76561198339726200") disconnected from server
07:33:08: Player "[ONE] JAPA" (steam64id="76561198161060673") connected to server
07:59:08: Player "[ONE] JAPA" (steam64id="76561198161060673") disconnected from server
07:59:08: Player "Seekerzao" (steam64id="76561198067793781") disconnected from server
08:01:04: Player "[ONE] JAPA" (steam64id="76561198161060673") connected to server
08:01:59: Player "Seekerzao" (steam64id="76561198067793781") connected to server
08:25:59: Player "AlicinhaFerraz" (steam64id="76561199207813177") connected to server
08:27:59: Player "leco255" (steam64id="76561198123102703") connected to server
08:34:04: Player "Dreaddath" (steam64id="76561198049349907") connected to server
08:55:54: Player "Seekerzao" (steam64id="76561198067793781") disconnected from server
09:09:44: Player "AlicinhaFerraz" (steam64id="76561199207813177") disconnected from server
09:12:29: Player "AlicinhaFerraz" (steam64id="76561199207813177") connected to server
09:20:34: Player "Dehxter " (steam64id="76561198977282463") connected to server
09:21:29: Player "[L.B] LopesTa " (steam64id="76561198375254083") connected to server
09:21:54: Player "leco255" (steam64id="76561198123102703") disconnected from server
09:22:19: Player "leco255" (steam64id="76561198123102703") connected to server
09:29:04: Player "[L.B] LopesTa " (steam64id="76561198375254083") disconnected from server
09:30:14: Player "AlicinhaFerraz" (steam64id="76561199207813177") disconnected from server
09:43:09: Player "DanielSam" (steam64id="76561198867200764") connected to server
09:52:19: Player "AlicinhaFerraz" (steam64id="76561199207813177") connected to server
09:58:59: Player "[ONE] JAPA" (steam64id="76561198161060673") disconnected from server
10:04:54: Player "WinchesterPT" (steam64id="76561198889552675") connected to server
10:11:34: Player "Dehxter " (steam64id="76561198977282463") disconnected from server
10:15:19: Player "DanielSam" (steam64id="76561198867200764") disconnected from server
10:20:39: Player "[G.M] O verdadeiro" (steam64id="76561198351631304") connected to server
10:22:04: Player "[G.M] O verdadeiro" (steam64id="76561198351631304") disconnected from server
10:27:29: Player "3mp7y" (steam64id="76561198397406465") connected to server
10:27:54: Player "[G.M] O verdadeiro" (steam64id="76561198351631304") connected to server
10:28:29: Player "[G.M] O verdadeiro" (steam64id="76561198351631304") disconnected from server
10:29:14: Player "[G.M] O verdadeiro" (steam64id="76561198351631304") connected to server
10:30:59: Player "Duerowww" (steam64id="76561198259492425") connected to server
10:31:19: Player "DanielSam" (steam64id="76561198867200764") connected to server
10:32:29: Player "Duerowww" (steam64id="76561198259492425") disconnected from server
10:33:59: Player "3mp7y" (steam64id="76561198397406465") disconnected from server
10:39:54: Player "Hacan121" (steam64id="76561198345012092") connected to server
10:43:44: Player "[L.B]TropaDoEnguisa" (steam64id="76561198211423224") connected to server
10:57:54: Player "leco255" (steam64id="76561198123102703") disconnected from server
10:58:39: Player "leco255" (steam64id="76561198123102703") connected to server
11:00:04: Player "leco255" (steam64id="76561198123102703") disconnected from server
11:02:59: Player "[L.B] Santorin" (steam64id="76561199069721527") connected to server
11:20:09: Player "[G.M] O verdadeiro" (steam64id="76561198351631304") disconnected from server
11:21:04: Player "[L.B] LopesTa " (steam64id="76561198375254083") connected to server
11:35:49: Player "Jair Messias Bolsonaro" (steam64id="76561198044647370") connected to server
11:37:59: Player "[YKZ]-BlackBear" (steam64id="76561198343030820") connected to server
11:47:29: Player "DanielSam" (steam64id="76561198867200764") disconnected from server
11:50:49: Player "AlicinhaFerraz" (steam64id="76561199207813177") disconnected from server
11:52:34: Player "G A T O" (steam64id="76561199207813177") connected to server
11:59:09: Player "G A T O" (steam64id="76561199207813177") disconnected from server
11:59:09: Player "Hacan121" (steam64id="76561198345012092") disconnected from server
11:59:09: Player "[L.B] Santorin" (steam64id="76561199069721527") disconnected from server
11:59:09: Player "[L.B]TropaDoEnguisa" (steam64id="76561198211423224") disconnected from server
11:59:09: Player "[L.B] LopesTa " (steam64id="76561198375254083") disconnected from server
11:59:09: Player "Jair Messias Bolsonaro" (steam64id="76561198044647370") disconnected from server
11:59:09: Player "[YKZ]-BlackBear" (steam64id="76561198343030820") disconnected from server
11:59:09: Player "Dreaddath" (steam64id="76561198049349907") disconnected from server
11:59:09: Player "WinchesterPT" (steam64id="76561198889552675") disconnected from server
12:01:15: Player "G A T O" (steam64id="76561199207813177") connected to server
12:01:15: Player "[YKZ]-BlackBear" (steam64id="76561198343030820") connected to server
12:01:15: Player "[L.B] Santorin" (steam64id="76561199069721527") connected to server
12:01:35: Player "[L.B]TropaDoEnguisa" (steam64id="76561198211423224") connected to server
12:01:35: Player "[L.B] LopesTa " (steam64id="76561198375254083") connected to server
12:01:35: Player "Hacan121" (steam64id="76561198345012092") connected to server
12:02:45: Player "DuDuzin" (steam64id="76561198204677881") connected to server
12:04:20: Player "WinchesterPT" (steam64id="76561198889552675") connected to server
12:04:45: Player "Dreaddath" (steam64id="76561198049349907") connected to server
12:09:30: Player "DanielSam" (steam64id="76561198867200764") connected to server
12:17:30: Player "[L.B] Santorin" (steam64id="76561199069721527") disconnected from server
12:22:40: Player "[HORDA]ThiagoPenna" (steam64id="76561198218822351") connected to server
12:42:39: Player "WinchesterPT" (steam64id="76561198889552675") connected to server
12:43:19: Player "[L.B] LopesTa " (steam64id="76561198375254083") connected to server
12:46:04: Player "[YKZ]-BlackBear" (steam64id="76561198343030820") connected to server
12:46:14: Player "[HORDA]ThiagoPenna" (steam64id="76561198218822351") connected to server
12:47:14: Player "Dreaddath" (steam64id="76561198049349907") connected to server
12:49:39: Player "[L.B]TropaDoEnguisa" (steam64id="76561198211423224") connected to server
12:50:19: Player "Dreaddath" (steam64id="76561198049349907") disconnected from server
12:50:19: Player "WinchesterPT" (steam64id="76561198889552675") disconnected from server
12:50:19: Player "[HORDA]ThiagoPenna" (steam64id="76561198218822351") disconnected from server
12:51:04: Player "Dreaddath" (steam64id="76561198049349907") connected to server
12:51:44: Player "WinchesterPT" (steam64id="76561198889552675") connected to server
12:53:14: Player "ttuker" (steam64id="76561198971813376") connected to server
12:53:59: Player "[HORDA]ThiagoPenna" (steam64id="76561198218822351") connected to server
12:55:19: Player "[HORDA]ThiagoPenna" (steam64id="76561198218822351") disconnected from server
12:56:54: Player "[L.B] Santorin" (steam64id="76561199069721527") connected to server
12:57:14: Player "[HORDA]ThiagoPenna" (steam64id="76561198218822351") connected to server
12:58:54: Player "DanielSam" (steam64id="76561198867200764") connected to server
13:02:34: Player "Hacan121" (steam64id="76561198345012092") connected to server
13:03:59: Player "G A T O" (steam64id="76561199207813177") connected to server
13:10:29: Player "cassio" (steam64id="76561198369096351") connected to server
13:12:44: Player "Claudinha" (steam64id="76561198057660141") connected to server
13:13:44: Player "DuDuzin" (steam64id="76561198204677881") connected to server
13:15:44: Player "KuramaDLC" (steam64id="76561198180192045") connected to server
13:25:49: Player "MarcoLa" (steam64id="76561198352149308") connected to server
13:28:39: Player "TripaSeca" (steam64id="76561198093060507") connected to server
13:29:29: Player "[L.B] Santorin" (steam64id="76561199069721527") disconnected from server
13:31:34: Player "DuDuzin" (steam64id="76561198204677881") disconnected from server
13:33:09: Player "DuDuzin" (steam64id="76561198204677881") connected to server
13:34:09: Player "DuDuzin" (steam64id="76561198204677881") disconnected from server
13:37:34: Player "Dreaddath" (steam64id="76561198049349907") disconnected from server
13:37:49: Player "Josema420" (steam64id="76561198278742213") connected to server
13:40:39: Player "Madkiller239" (steam64id="76561198048267999") connected to server
13:43:34: Player "KuramaDLC" (steam64id="76561198180192045") disconnected from server
13:43:54: Player "DuDuzin" (steam64id="76561198204677881") connected to server
13:44:14: Player "MarcoLa" (steam64id="76561198352149308") disconnected from server
13:45:19: Player "WinchesterPT" (steam64id="76561198889552675") disconnected from server
13:48:24: Player "DuDuzin" (steam64id="76561198204677881") disconnected from server
13:59:44: Player "ttuker" (steam64id="76561198971813376") disconnected from server
14:01:59: Player "[HORDA]ThiagoPenna" (steam64id="76561198218822351") disconnected from server
14:08:04: Player "cassio" (steam64id="76561198369096351") disconnected from server
14:11:39: Player "[YKZ]-BlackBear" (steam64id="76561198343030820") disconnected from server
14:12:44: Player "Madkiller239" (steam64id="76561198048267999") disconnected from server
14:13:19: Player "Rogerio123" (steam64id="76561198114278091") connected to server
14:16:39: Player "[L.B] LopesTa " (steam64id="76561198375254083") disconnected from server
14:21:24: Player "[L.B]TropaDoEnguisa" (steam64id="76561198211423224") disconnected from server
14:38:54: Player "Priori Gamer" (steam64id="76561198051427035") connected to server
14:38:54: Player "G A T O" (steam64id="76561199207813177") disconnected from server
14:40:29: Player "Priori Gamer" (steam64id="76561198051427035") disconnected from server
14:58:09: Player "Claudinha" (steam64id="76561198057660141") disconnected from server
15:01:59: Player "DanielSam" (steam64id="76561198867200764") disconnected from server
15:03:29: Player "Igor" (steam64id="76561198329721265") connected to server
15:04:59: Player "MenoDuLins" (steam64id="76561198057614573") connected to server
15:05:04: Player "GBZERAA" (steam64id="76561198393275898") connected to server
15:05:14: Player "Claudinha" (steam64id="76561199203652654") connected to server
15:06:44: Player "BAMBOOCHA" (steam64id="76561198973772652") connected to server
15:08:19: Player "Betinho_maluco" (steam64id="76561198057627157") connected to server
15:09:54: Player "[HORDA]MacLovin" (steam64id="76561199068236803") connected to server
15:17:19: Player "BAMBOOCHA" (steam64id="76561198973772652") disconnected from server
15:24:19: Player "[G.M] O verdadeiro" (steam64id="76561198351631304") connected to server
15:26:09: Player "Jair Messias Bolsonaro" (steam64id="76561198044647370") connected to server
15:26:39: Player "3mp7y" (steam64id="76561198397406465") connected to server
15:37:04: Player "leco255" (steam64id="76561198123102703") connected to server
15:38:49: Player "Josema420" (steam64id="76561198278742213") disconnected from server
15:42:14: Player "leco255" (steam64id="76561198123102703") disconnected from server
15:45:34: Player "Hacan121" (steam64id="76561198345012092") disconnected from server
15:50:04: Player "GBZERAA" (steam64id="76561198393275898") disconnected from server
15:53:04: Player "Rogerio123" (steam64id="76561198114278091") disconnected from server
15:58:14: Player "Jair Messias Bolsonaro" (steam64id="76561198044647370") disconnected from server
15:58:34: Player "3mp7y" (steam64id="76561198397406465") disconnected from server
15:59:09: Player "Betinho_maluco" (steam64id="76561198057627157") disconnected from server
15:59:09: Player "MenoDuLins" (steam64id="76561198057614573") disconnected from server
15:59:09: Player "Igor" (steam64id="76561198329721265") disconnected from server
15:59:09: Player "[HORDA]MacLovin" (steam64id="76561199068236803") disconnected from server
15:59:09: Player "Claudinha" (steam64id="76561199203652654") disconnected from server
16:01:14: Player "Jair Messias Bolsonaro" (steam64id="76561198044647370") connected to server
16:01:14: Player "Igor" (steam64id="76561198329721265") connected to server
16:01:19: Player "Claudinha" (steam64id="76561199203652654") connected to server
16:02:29: Player "3mp7y" (steam64id="76561198397406465") connected to server
16:02:29: Player "[HORDA]MacLovin" (steam64id="76561199068236803") connected to server
16:04:49: Player "TripaSeca" (steam64id="76561198093060507") connected to server
16:08:14: Player "Sagara" (steam64id="76561198057660620") connected to server
16:11:24: Player "3mp7y" (steam64id="76561198397406465") disconnected from server
16:13:54: Player "Jair Messias Bolsonaro" (steam64id="76561198044647370") disconnected from server
16:16:59: Player "zozs" (steam64id="76561198126713029") connected to server
16:25:29: Player "=FURY= Biribinha" (steam64id="76561199031638818") connected to server
16:27:09: Player "=FURY= Biribinha" (steam64id="76561199031638818") disconnected from server
16:30:59: Player "[HORDA]MacLovin" (steam64id="76561199068236803") disconnected from server
16:31:14: Player "zozs" (steam64id="76561198126713029") disconnected from server
16:33:59: Player "TripaSeca" (steam64id="76561198093060507") disconnected from server
16:45:49: Player "[ONE] JAPA" (steam64id="76561198161060673") connected to server
16:46:19: Player "=FURY= Biribinha" (steam64id="76561199031638818") connected to server
16:54:59: Player "Sagara" (steam64id="76561198057660620") disconnected from server
17:04:04: Player "DjRaelZiin29" (steam64id="76561198963310995") connected to server
17:07:34: Player "[L.B] Santorin" (steam64id="76561199069721527") connected to server
17:08:44: Player "Claudinha" (steam64id="76561199203652654") disconnected from server
17:09:34: Player "[L.B]TropaDoEnguisa" (steam64id="76561198211423224") connected to server
17:10:44: Player "[YKZ]-BlackBear" (steam64id="76561198343030820") connected to server
17:15:44: Player "=FURY= Biribinha" (steam64id="76561199031638818") disconnected from server
17:17:44: Player "ttuker" (steam64id="76561198971813376") connected to server
17:18:34: Player "[L.B]TropaDoEnguisa" (steam64id="76561198211423224") disconnected from server
17:19:29: Player "[L.B]TropaDoEnguisa" (steam64id="76561198211423224") connected to server
17:25:49: Player "jhean" (steam64id="76561198819003355") connected to server
17:33:04: Player "WillGalego123" (steam64id="76561198277762897") connected to server
17:33:44: Player "Henke" (steam64id="76561198110592511") connected to server
17:46:04: Player "[L.B] Santorin" (steam64id="76561199069721527") disconnected from server
17:46:29: Player "[L.B] Santorin" (steam64id="76561199069721527") connected to server
17:50:39: Player "WillGalego123" (steam64id="76561198277762897") disconnected from server
17:51:34: Player "ttuker" (steam64id="76561198971813376") disconnected from server
17:51:54: Player "ttuker" (steam64id="76561198971813376") connected to server
17:57:49: Player "Igor" (steam64id="76561198329721265") disconnected from server
17:58:09: Player "SuperNoia" (steam64id="76561198132169694") connected to server
17:59:49: Player "Sagara" (steam64id="76561198057660620") connected to server
18:00:09: Player "[YKZ]-BlackBear" (steam64id="76561198343030820") disconnected from server
18:00:24: Player "yuri" (steam64id="76561199109665181") connected to server
18:00:39: Player "Sagara" (steam64id="76561198057660620") disconnected from server
18:00:49: Player "MendeL" (steam64id="76561198329721265") connected to server
18:02:54: Player "Sagara" (steam64id="76561198057660620") connected to server
18:03:19: Player "d3scot" (steam64id="76561199106333992") connected to server
18:04:29: Player "DanielSam" (steam64id="76561198867200764") connected to server
18:20:24: Player "N E T O" (steam64id="76561199193971823") connected to server
18:24:49: Player "nonsense" (steam64id="76561198117735614") connected to server
18:25:49: Player "Claudinha" (steam64id="76561199203652654") connected to server
18:30:39: Player "Joker" (steam64id="76561198038326260") connected to server
18:32:49: Player "nonsense" (steam64id="76561198117735614") disconnected from server
18:34:59: Player "Eloy" (steam64id="76561197980095586") connected to server
18:37:14: Player "[L.B] Santorin" (steam64id="76561199069721527") disconnected from server
18:37:24: Player "Henke" (steam64id="76561198110592511") disconnected from server
18:37:34: Player "[L.B] Santorin" (steam64id="76561199069721527") connected to server
18:40:04: Player "ignazaki87" (steam64id="76561199027076248") connected to server
18:40:54: Player "[ONE] KARABULJHAN" (steam64id="76561198100527842") connected to server
18:41:09: Player "DanielSam" (steam64id="76561198867200764") disconnected from server
18:42:54: Player "d3scot" (steam64id="76561199106333992") disconnected from server
18:45:04: Player "yuri" (steam64id="76561199109665181") disconnected from server
18:45:49: Player "[ONE] JAPA" (steam64id="76561198161060673") disconnected from server
18:46:39: Player "Shadyyy" (steam64id="76561198145120164") connected to server
18:46:54: Player "DanielSam" (steam64id="76561198867200764") connected to server
18:47:59: Player "Rogerio123" (steam64id="76561198114278091") connected to server
18:52:29: Player "d3scot" (steam64id="76561199106333992") connected to server
18:56:44: Player "ignazaki87" (steam64id="76561199027076248") disconnected from server
18:58:39: Player "CharlinhoPsico" (steam64id="76561198366562144") connected to server
19:00:39: Player "Rogerio123" (steam64id="76561198114278091") disconnected from server
19:03:49: Player "[HORDA]ThiagoPenna" (steam64id="76561198218822351") connected to server
19:03:54: Player "CHASER?" (steam64id="76561198246131158") connected to server
19:04:24: Player "Rogerio123" (steam64id="76561198114278091") connected to server
19:04:54: Player "CharlinhoPsico" (steam64id="76561198366562144") disconnected from server
19:06:59: Player "Joker" (steam64id="76561198038326260") disconnected from server
19:07:54: Player "Joker" (steam64id="76561198038326260") connected to server
19:08:29: Player "Vei" (steam64id="76561199151309705") connected to server
19:09:09: Player "Stalinxx" (steam64id="76561198085999243") connected to server
19:10:04: Player "TcheLoco" (steam64id="76561198099449370") connected to server
19:10:54: Player "General2323" (steam64id="76561198300843847") connected to server
19:11:49: Player "CHASER?" (steam64id="76561198246131158") disconnected from server
19:16:59: Player "Sagara" (steam64id="76561198057660620") disconnected from server
19:17:39: Player "jhean" (steam64id="76561198819003355") disconnected from server
19:19:39: Player "Luska" (steam64id="76561198099970604") connected to server
19:20:59: Player "DanielSam" (steam64id="76561198867200764") disconnected from server
19:21:24: Player "TeuSDek" (steam64id="76561198394822113") connected to server
19:21:49: Player "DanielSam" (steam64id="76561198867200764") connected to server
19:24:44: Player "SuperNoia" (steam64id="76561198132169694") disconnected from server
19:25:34: Player "CharlinhoPsico" (steam64id="76561198366562144") connected to server
19:27:09: Player "CharlinhoPsico" (steam64id="76561198366562144") disconnected from server
19:30:09: Player "Duerowww" (steam64id="76561198259492425") connected to server
19:33:44: Player "d3scot" (steam64id="76561199106333992") disconnected from server
19:35:19: Player "JackTavan" (steam64id="76561198018514068") connected to server
19:35:29: Player "Fulber" (steam64id="76561198053443712") connected to server
19:37:04: Player "Josema420" (steam64id="76561198278742213") connected to server
19:37:29: Player "d3scot" (steam64id="76561199106333992") connected to server
19:37:59: Player "d3scot" (steam64id="76561199106333992") disconnected from server
19:38:29: Player "Fulber" (steam64id="76561198053443712") disconnected from server
19:38:54: Player "Josema420" (steam64id="76561198278742213") disconnected from server
19:39:34: Player "Foikar" (steam64id="76561199156649696") connected to server
19:39:54: Player "Guijermo" (steam64id="76561198080701997") connected to server
19:40:44: Player "[HORDA] zBieL" (steam64id="76561198001525812") connected to server
19:41:34: Player "Fulber" (steam64id="76561198053443712") connected to server
19:41:54: Player "Rogerio123" (steam64id="76561198114278091") disconnected from server
19:42:09: Player "Beguiny" (steam64id="76561198352573260") connected to server
19:42:34: Player "PEDRAO" (steam64id="76561199098626087") connected to server
19:42:44: Player "Fulber" (steam64id="76561198053443712") disconnected from server
19:43:44: Player "Duerowww" (steam64id="76561198259492425") disconnected from server
19:44:24: Player "Josema420" (steam64id="76561198278742213") connected to server
19:44:44: Player "Foikar" (steam64id="76561199156649696") disconnected from server
19:48:44: Player "Lobo Sentado" (steam64id="76561198138311400") connected to server
19:48:59: Player "Josema420" (steam64id="76561198278742213") disconnected from server
19:49:29: Player "Stalinxx" (steam64id="76561198085999243") disconnected from server
19:50:09: Player "Stalinxx" (steam64id="76561198085999243") connected to server
19:52:19: Player "Foikar" (steam64id="76561199156649696") connected to server
19:52:24: Player "Hitokiri_" (steam64id="76561198189143650") connected to server
19:52:29: Player "PintoJunior" (steam64id="76561198057936781") connected to server
19:53:14: Player "jhean" (steam64id="76561198819003355") connected to server
19:54:24: Player "c l a s h" (steam64id="76561198277384503") connected to server
19:56:04: Player "ttuker" (steam64id="76561198971813376") disconnected from server
19:56:29: Player "j o v e m" (steam64id="76561198289206808") connected to server
19:59:09: Player "N E T O" (steam64id="76561199193971823") disconnected from server
19:59:09: Player "PEDRAO" (steam64id="76561199098626087") disconnected from server
19:59:09: Player "Lobo Sentado" (steam64id="76561198138311400") disconnected from server
19:59:09: Player "jhean" (steam64id="76561198819003355") disconnected from server
19:59:09: Player "JackTavan" (steam64id="76561198018514068") disconnected from server
19:59:09: Player "Foikar" (steam64id="76561199156649696") disconnected from server
19:59:09: Player "Joker" (steam64id="76561198038326260") disconnected from server
19:59:09: Player "DanielSam" (steam64id="76561198867200764") disconnected from server
19:59:09: Player "Eloy" (steam64id="76561197980095586") disconnected from server
19:59:09: Player "[HORDA] zBieL" (steam64id="76561198001525812") disconnected from server
19:59:09: Player "[ONE] KARABULJHAN" (steam64id="76561198100527842") disconnected from server
19:59:09: Player "PintoJunior" (steam64id="76561198057936781") disconnected from server
19:59:09: Player "c l a s h" (steam64id="76561198277384503") disconnected from server
19:59:09: Player "Stalinxx" (steam64id="76561198085999243") disconnected from server
19:59:09: Player "Hitokiri_" (steam64id="76561198189143650") disconnected from server
19:59:09: Player "[L.B] Santorin" (steam64id="76561199069721527") disconnected from server
19:59:09: Player "Beguiny" (steam64id="76561198352573260") disconnected from server
19:59:09: Player "[HORDA]ThiagoPenna" (steam64id="76561198218822351") disconnected from server
19:59:09: Player "Claudinha" (steam64id="76561199203652654") disconnected from server
19:59:09: Player "TeuSDek" (steam64id="76561198394822113") disconnected from server
19:59:09: Player "[L.B]TropaDoEnguisa" (steam64id="76561198211423224") disconnected from server
19:59:09: Player "Vei" (steam64id="76561199151309705") disconnected from server
19:59:09: Player "General2323" (steam64id="76561198300843847") disconnected from server
19:59:09: Player "Luska" (steam64id="76561198099970604") disconnected from server
19:59:09: Player "DjRaelZiin29" (steam64id="76561198963310995") disconnected from server
19:59:09: Player "TcheLoco" (steam64id="76561198099449370") disconnected from server
19:59:09: Player "Shadyyy" (steam64id="76561198145120164") disconnected from server
19:59:09: Player "MendeL" (steam64id="76561198329721265") disconnected from server
19:59:09: Player "Guijermo" (steam64id="76561198080701997") disconnected from server
19:59:09: Player "j o v e m" (steam64id="76561198289206808") disconnected from server
20:01:09: Player "MendeL" (steam64id="76561198329721265") connected to server
20:01:09: Player "Hitokiri_" (steam64id="76561198189143650") connected to server
20:01:09: Player "Lobo Sentado" (steam64id="76561198138311400") connected to server
20:01:09: Player "Passo Largo" (steam64id="76561199203652654") connected to server
20:01:14: Player "[ONE] KARABULJHAN" (steam64id="76561198100527842") connected to server
20:01:14: Player "DjRaelZiin29" (steam64id="76561198963310995") connected to server
20:01:14: Player "jhean" (steam64id="76561198819003355") connected to server
20:01:14: Player "Luska" (steam64id="76561198099970604") connected to server
20:01:19: Player "N E T O" (steam64id="76561199193971823") connected to server
20:01:24: Player "Foikar" (steam64id="76561199156649696") connected to server
20:01:24: Player "c l a s h" (steam64id="76561198277384503") connected to server
20:01:24: Player "JackTavan" (steam64id="76561198018514068") connected to server
20:01:29: Player "[L.B]TropaDoEnguisa" (steam64id="76561198211423224") connected to server
20:01:29: Player "General2323" (steam64id="76561198300843847") connected to server
20:01:29: Player "j o v e m" (steam64id="76561198289206808") connected to server
20:01:34: Player "[YKZ] chron1c" (steam64id="76561198205585613") connected to server
20:01:34: Player "TeuSDek" (steam64id="76561198394822113") connected to server
20:01:34: Player "[NEBU] yGauchoTv" (steam64id="76561198141956652") connected to server
20:01:44: Player "Shadyyy" (steam64id="76561198145120164") connected to server
20:01:49: Player "[HORDA] zBieL" (steam64id="76561198001525812") connected to server
20:01:49: Player "DanielSam" (steam64id="76561198867200764") connected to server
20:01:54: Player "Eloy" (steam64id="76561197980095586") connected to server
20:02:09: Player "PEDRAO" (steam64id="76561199098626087") connected to server
20:02:09: Player "Joker" (steam64id="76561198038326260") connected to server
20:03:09: Player "Duerowww" (steam64id="76561198259492425") connected to server
20:03:19: Player "matheuslps" (steam64id="76561198081711036") connected to server
20:03:29: Player "Guijermo" (steam64id="76561198080701997") connected to server
20:05:19: Player "TcheLoco" (steam64id="76561198099449370") connected to server
20:06:09: Player "Stalinxx" (steam64id="76561198085999243") connected to server
20:06:19: Player "[HORDA]ThiagoPenna" (steam64id="76561198218822351") connected to server
20:07:14: Player "[DGK] FALL" (steam64id="76561198878621400") connected to server
20:08:39: Player "[YKZ] Notsniw" (steam64id="76561197967151252") connected to server
20:08:44: Player "[YKZ] chron1c" (steam64id="76561198205585613") disconnected from server
20:10:24: Player "JackTavan" (steam64id="76561198018514068") disconnected from server
20:12:29: Player "[L.B] Santorin" (steam64id="76561199069721527") connected to server
20:12:34: Player "Leon" (steam64id="76561198043057028") connected to server
20:14:34: Player "[YKZ] chron1c" (steam64id="76561198205585613") connected to server
20:14:34: Player "PEDRAO" (steam64id="76561199098626087") disconnected from server
20:15:54: Player "PEDRAO" (steam64id="76561199098626087") connected to server
20:16:29: Player "Ronin" (steam64id="76561197979480347") connected to server
20:16:54: Player "ignazaki87" (steam64id="76561199027076248") connected to server
20:17:19: Player "AlexFraxe" (steam64id="76561198079014774") connected to server
20:17:44: Player "[DGK] FALL" (steam64id="76561198878621400") disconnected from server
20:17:54: Player "Passo Largo" (steam64id="76561199203652654") disconnected from server
20:22:14: Player "AlexFraxe" (steam64id="76561198079014774") disconnected from server
20:23:59: Player "Obuco" (steam64id="76561198212013820") connected to server
20:26:04: Player "[DGK] FALL" (steam64id="76561198878621400") connected to server
20:27:09: Player "[YKZ] Emissarius" (steam64id="76561198271087379") connected to server
20:27:54: Player "Shadyyy" (steam64id="76561198145120164") disconnected from server
20:28:29: Player "DjRaelZiin29" (steam64id="76561198963310995") disconnected from server
20:28:44: Player "jhean" (steam64id="76561198819003355") disconnected from server
20:28:59: Player "ignazaki87" (steam64id="76561199027076248") disconnected from server
20:30:14: Player "Psico" (steam64id="76561199107524850") connected to server
20:31:34: Player "Ronin" (steam64id="76561197979480347") disconnected from server
20:31:59: Player "Ronin" (steam64id="76561197979480347") connected to server
20:33:14: Player "joao" (steam64id="76561199070971844") connected to server
20:33:19: Player "c l a s h" (steam64id="76561198277384503") disconnected from server
20:33:24: Player "j o v e m" (steam64id="76561198289206808") disconnected from server
20:35:04: Player "Obuco" (steam64id="76561198212013820") disconnected from server
20:36:59: Player "[YKZ]-BlackBear" (steam64id="76561198343030820") connected to server
20:38:19: Player "[YKZ] chron1c" (steam64id="76561198205585613") disconnected from server
20:38:59: Player "Stalinxx" (steam64id="76561198085999243") disconnected from server
20:40:09: Player "Passo Largo" (steam64id="76561199203652654") connected to server
20:40:09: Player "[L.B]TropaDoEnguisa" (steam64id="76561198211423224") disconnected from server
20:41:39: Player "[L.B]TropaDoEnguisa" (steam64id="76561198211423224") connected to server
20:42:14: Player "Gecom" (steam64id="76561198020315206") connected to server
20:42:34: Player "AriJR" (steam64id="76561198075180434") connected to server
20:42:39: Player "Fulber" (steam64id="76561198053443712") connected to server
20:42:59: Player "AlexFraxe" (steam64id="76561198079014774") connected to server
20:43:59: Player "[KGB}Nobre Lobo" (steam64id="76561198127199963") connected to server
20:44:09: Player "[DGK] FALL" (steam64id="76561198878621400") disconnected from server
20:45:04: Player "[YKZ] chron1c" (steam64id="76561198205585613") connected to server
20:47:14: Player "ttuker" (steam64id="76561198971813376") connected to server
20:48:19: Player "[DGK] FALL" (steam64id="76561198878621400") connected to server
20:50:19: Player "Felipe" (steam64id="76561198145846598") connected to server
20:50:24: Player "[NEBU] yGauchoTv" (steam64id="76561198141956652") disconnected from server
20:50:49: Player "Hitokiri_" (steam64id="76561198189143650") disconnected from server
20:51:04: Player "Hitokiri_" (steam64id="76561198189143650") connected to server
20:52:14: Player "Fulber" (steam64id="76561198053443712") disconnected from server
20:52:39: Player "Fulber" (steam64id="76561198053443712") connected to server
20:54:59: Player "Stalinxx" (steam64id="76561198085999243") connected to server
20:55:14: Player "AlexFraxe" (steam64id="76561198079014774") disconnected from server
20:55:29: Player "AlexFraxe" (steam64id="76561198079014774") connected to server
20:56:59: Player "N E T O" (steam64id="76561199193971823") disconnected from server
20:57:59: Player "DanielSam" (steam64id="76561198867200764") disconnected from server
20:58:19: Player "DanielSam" (steam64id="76561198867200764") connected to server
20:58:34: Player "CongaLaConga" (steam64id="76561198346938777") connected to server
21:02:59: Player "Kenny" (steam64id="76561198044562814") connected to server
21:03:14: Player "[DGK] FALL" (steam64id="76561198878621400") disconnected from server
21:04:09: Player "General2323" (steam64id="76561198300843847") disconnected from server
21:04:14: Player "TcheLoco" (steam64id="76561198099449370") disconnected from server
21:06:24: Player "_C1dy" (steam64id="76561199272399866") connected to server
21:06:49: Player "Ronin" (steam64id="76561197979480347") disconnected from server
21:07:04: Player "Ronin" (steam64id="76561197979480347") connected to server
21:07:34: Player "Guijermo" (steam64id="76561198080701997") disconnected from server
21:07:44: Player "matheuslps" (steam64id="76561198081711036") disconnected from server
21:07:44: Player "[HORDA]ThiagoPenna" (steam64id="76561198218822351") disconnected from server
21:07:54: Player "PEDRAO" (steam64id="76561199098626087") disconnected from server
21:10:19: Player "[HORDA] zBieL" (steam64id="76561198001525812") disconnected from server
21:10:24: Player "Kenny" (steam64id="76561198044562814") disconnected from server
21:10:29: Player "Kowalski" (steam64id="76561198813514168") connected to server
21:10:39: Player "TcheLoco" (steam64id="76561198099449370") connected to server
21:11:34: Player "[HORDA] JHON WICK" (steam64id="76561198122075703") connected to server
21:12:19: Player "ChukenThe3rd" (steam64id="76561198134837847") connected to server
21:13:54: Player "[horda]marcelinhho" (steam64id="76561198817477406") connected to server
21:14:04: Player "[HORDA] zBieL" (steam64id="76561198001525812") connected to server
21:14:14: Player "[HORDA]ThiagoPenna" (steam64id="76561198218822351") connected to server
21:17:04: Player "TripaSeca" (steam64id="76561198093060507") connected to server
21:19:44: Player "CongaLaConga" (steam64id="76561198346938777") disconnected from server
21:22:04: Player "[L.B]TropaDoEnguisa" (steam64id="76561198211423224") disconnected from server
21:22:24: Player "Kenny" (steam64id="76561198044562814") connected to server
21:23:44: Player "Hacan121" (steam64id="76561198345012092") connected to server
21:25:24: Player "DanielSam" (steam64id="76561198867200764") disconnected from server
21:25:39: Player "[L.B] Santorin" (steam64id="76561199069721527") disconnected from server
21:25:54: Player "Biel FxR" (steam64id="76561198050836260") connected to server
21:30:04: Player "Psico" (steam64id="76561199107524850") disconnected from server
21:30:29: Player "Cariokah" (steam64id="76561198249038296") connected to server
21:30:44: Player "[YKZ] pedrobala" (steam64id="76561198046653521") connected to server
21:32:44: Player "Gecom" (steam64id="76561198020315206") disconnected from server
21:33:39: Player "Felipe" (steam64id="76561198145846598") disconnected from server
21:33:49: Player "Riitz" (steam64id="76561198217313227") connected to server
21:33:59: Player "Felipe" (steam64id="76561198145846598") connected to server
21:35:14: Player "_C1dy" (steam64id="76561199272399866") disconnected from server
21:35:29: Player "Stalinxx" (steam64id="76561198085999243") disconnected from server
21:36:19: Player "Stalinxx" (steam64id="76561198085999243") connected to server
21:36:19: Player "Hitokiri_" (steam64id="76561198189143650") disconnected from server
21:36:54: Player "[YKZ] pedrobala" (steam64id="76561198046653521") disconnected from server
21:37:44: Player "Santos" (steam64id="76561198194230525") connected to server
21:39:34: Player "PedroBola" (steam64id="76561198797898877") connected to server
21:39:39: Player "[YKZ] pedrobala" (steam64id="76561198046653521") connected to server
21:47:39: Player "TeuSDek" (steam64id="76561198394822113") disconnected from server
21:47:59: Player "[ONE] JAPA" (steam64id="76561198161060673") connected to server
21:49:19: Player "Santos" (steam64id="76561198194230525") disconnected from server
21:49:39: Player "SniperX" (steam64id="76561199206798095") connected to server
21:52:04: Player "[YKZ] pedrobala" (steam64id="76561198046653521") disconnected from server
21:53:49: Player "tappes" (steam64id="76561198990092287") connected to server
21:57:04: Player "tappes" (steam64id="76561198990092287") disconnected from server
21:58:14: Player "[HORDA]MacLovin" (steam64id="76561199068236803") connected to server
21:58:14: Player "PedroBola" (steam64id="76561198797898877") disconnected from server
21:58:39: Player "tappes" (steam64id="76561198990092287") connected to server
21:59:04: Player "Stalinxx" (steam64id="76561198085999243") disconnected from server
21:59:59: Player "TcheLoco" (steam64id="76561198099449370") disconnected from server
22:00:34: Player "Raymond" (steam64id="76561197987809739") connected to server
22:00:44: Player "Raymond" (steam64id="76561197987809739") disconnected from server
22:01:24: Player "Riitz" (steam64id="76561198217313227") disconnected from server
22:03:09: Player "Cariokah" (steam64id="76561198249038296") disconnected from server
22:04:29: Player "romimmoss" (steam64id="76561198282777734") connected to server
22:04:29: Player "[HORDA] zBieL" (steam64id="76561198001525812") disconnected from server
22:05:54: Player "TeuSDek" (steam64id="76561198394822113") connected to server
22:05:59: Player "tappes" (steam64id="76561198990092287") disconnected from server
22:06:24: Player "[ONE] JAPA" (steam64id="76561198161060673") disconnected from server
22:06:59: Player "romimmoss" (steam64id="76561198282777734") disconnected from server
22:07:29: Player "romimmoss" (steam64id="76561198282777734") connected to server
22:07:44: Player "GLORIA GROOVE" (steam64id="76561198836991038") connected to server
22:08:19: Player "DanielSam" (steam64id="76561198867200764") connected to server
22:08:24: Player "tappes" (steam64id="76561198990092287") connected to server
22:09:34: Player "romimmoss" (steam64id="76561198282777734") disconnected from server
22:09:49: Player "Eloy" (steam64id="76561197980095586") disconnected from server
22:11:19: Player "ApocalipZ" (steam64id="76561199082346965") connected to server
22:11:54: Player "Joker" (steam64id="76561198038326260") disconnected from server
22:12:19: Player "Kowalski" (steam64id="76561198813514168") disconnected from server
22:12:54: Player "Luska" (steam64id="76561198099970604") disconnected from server
22:13:14: Player "Ronin" (steam64id="76561197979480347") disconnected from server
22:18:49: Player "Klimczak" (steam64id="76561198093758203") connected to server
22:19:54: Player "Klimczak" (steam64id="76561198093758203") disconnected from server
22:20:24: Player "Lobo Sentado" (steam64id="76561198138311400") disconnected from server
22:22:29: Player "Leon" (steam64id="76561198043057028") disconnected from server
22:22:44: Player "[YKZ] pedrobala" (steam64id="76561198046653521") connected to server
22:22:59: Player "Foikar" (steam64id="76561199156649696") disconnected from server
22:23:29: Player "Felipe" (steam64id="76561198145846598") disconnected from server
22:24:14: Player "[HORDA]LUCASBR" (steam64id="76561198973828354") connected to server
22:24:44: Player "TeuSDek" (steam64id="76561198394822113") disconnected from server
22:25:54: Player "Todden" (steam64id="76561198013189715") connected to server
22:26:29: Player "ttuker" (steam64id="76561198971813376") disconnected from server
22:37:19: Player "Henke" (steam64id="76561198110592511") connected to server
22:37:29: Player "SniperX" (steam64id="76561199206798095") disconnected from server
22:37:49: Player "SniperX" (steam64id="76561199206798095") connected to server
22:38:39: Player "StarkCG" (steam64id="76561198121484554") connected to server
22:45:30: Player "[P.S]g2" (steam64id="76561198352516654") connected to server
22:45:30: Player "[YKZ] pedrobala" (steam64id="76561198046653521") disconnected from server
22:47:35: Player "[YKZ] pedrobala" (steam64id="76561198046653521") connected to server
22:48:45: Player "[P.S]g2" (steam64id="76561198352516654") disconnected from server
22:49:45: Player "[YKZ] pedrobala" (steam64id="76561198046653521") disconnected from server
22:50:20: Player "Todden" (steam64id="76561198013189715") disconnected from server
22:51:20: Player "[YKZ] pedrobala" (steam64id="76561198046653521") connected to server
22:56:35: Player "[ONE] JAPA" (steam64id="76561198161060673") connected to server
22:57:50: Player "[YKZ] pedrobala" (steam64id="76561198046653521") disconnected from server
22:58:40: Player "[HORDA]MacLovin" (steam64id="76561199068236803") disconnected from server
22:58:55: Player "G A T O" (steam64id="76561199207813177") connected to server
22:59:15: Player "joao" (steam64id="76561199070971844") disconnected from server
22:59:25: Player "[HORDA]MacLovin" (steam64id="76561199068236803") connected to server
22:59:40: Player "StarkCG" (steam64id="76561198121484554") disconnected from server
23:00:05: Player "ttuker" (steam64id="76561198971813376") connected to server
23:00:55: Player "Spawn" (steam64id="76561198079935580") connected to server
23:02:55: Player "[YKZ] pedrobala" (steam64id="76561198046653521") connected to server
23:02:55: Player "Josema420" (steam64id="76561198278742213") connected to server
23:05:30: Player "Henke" (steam64id="76561198110592511") disconnected from server
23:08:35: Player "AlexFraxe" (steam64id="76561198079014774") disconnected from server
23:10:20: Player "[KGB}Nobre Lobo" (steam64id="76561198127199963") disconnected from server
23:10:40: Player "tappes" (steam64id="76561198990092287") disconnected from server
23:11:55: Player "tappes" (steam64id="76561198990092287") connected to server
23:14:00: Player "SniperX" (steam64id="76561199206798095") disconnected from server
23:15:05: Player "[YKZ] chron1c" (steam64id="76561198205585613") disconnected from server
23:16:45: Player "TcheLoco" (steam64id="76561198099449370") connected to server
23:20:20: Player "Spawn" (steam64id="76561198079935580") disconnected from server
23:20:25: Player "Fulber" (steam64id="76561198053443712") disconnected from server
23:20:40: Player "AriJR" (steam64id="76561198075180434") disconnected from server
23:34:05: Player "[YKZ] Notsniw" (steam64id="76561197967151252") disconnected from server
23:36:20: Player "GLORIA GROOVE" (steam64id="76561198836991038") disconnected from server
23:38:50: Player "ApocalipZ" (steam64id="76561199082346965") disconnected from server
23:45:50: Player "Duerowww" (steam64id="76561198259492425") disconnected from server
23:46:15: Player "Duerowww" (steam64id="76561198259492425") connected to server
23:47:35: Player "[horda]marcelinhho" (steam64id="76561198817477406") disconnected from server
23:47:55: Player "[horda]marcelinhho" (steam64id="76561198817477406") connected to server
23:52:45: Player "[YKZ] Emissarius" (steam64id="76561198271087379") disconnected from server
23:54:00: Player "[YKZ] Emissarius" (steam64id="76561198271087379") connected to server
23:58:10: Player "[HORDA]MacLovin" (steam64id="76561199068236803") disconnected from server
23:59:10: Player "TripaSeca" (steam64id="76561198093060507") disconnected from server
23:59:10: Player "[YKZ] pedrobala" (steam64id="76561198046653521") disconnected from server
23:59:10: Player "[ONE] JAPA" (steam64id="76561198161060673") disconnected from server
23:59:10: Player "Hacan121" (steam64id="76561198345012092") disconnected from server
23:59:10: Player "Josema420" (steam64id="76561198278742213") disconnected from server
23:59:10: Player "Duerowww" (steam64id="76561198259492425") disconnected from server
23:59:10: Player "DanielSam" (steam64id="76561198867200764") disconnected from server
23:59:10: Player "ttuker" (steam64id="76561198971813376") disconnected from server
23:59:10: Player "[ONE] KARABULJHAN" (steam64id="76561198100527842") disconnected from server
23:59:10: Player "[HORDA]LUCASBR" (steam64id="76561198973828354") disconnected from server
23:59:10: Player "Passo Largo" (steam64id="76561199203652654") disconnected from server
23:59:10: Player "[HORDA] JHON WICK" (steam64id="76561198122075703") disconnected from server
23:59:10: Player "TcheLoco" (steam64id="76561198099449370") disconnected from server
23:59:10: Player "tappes" (steam64id="76561198990092287") disconnected from server
23:59:10: Player "[horda]marcelinhho" (steam64id="76561198817477406") disconnected from server
23:59:10: Player "MendeL" (steam64id="76561198329721265") disconnected from server
23:59:10: Player "Biel FxR" (steam64id="76561198050836260") disconnected from server
23:59:10: Player "ChukenThe3rd" (steam64id="76561198134837847") disconnected from server
23:59:10: Player "[YKZ]-BlackBear" (steam64id="76561198343030820") disconnected from server
23:59:10: Player "G A T O" (steam64id="76561199207813177") disconnected from server
23:59:10: Player "[HORDA]ThiagoPenna" (steam64id="76561198218822351") disconnected from server
23:59:10: Player "Kenny" (steam64id="76561198044562814") disconnected from server
