00:00:55: Player "G NO PEITO" (steam64id="76561199123625009") connected to server
00:00:55: Player "Milano" (steam64id="76561198027078553") connected to server
00:00:55: Player "Einsen" (steam64id="76561198103936746") connected to server
00:00:55: Player "[TTV]ScorpionBiceps" (steam64id="76561198133006312") connected to server
00:00:55: Player "fgn" (steam64id="76561198104909829") connected to server
00:00:55: Player "seaen" (steam64id="76561198287955844") connected to server
00:01:00: Player "Malafaier" (steam64id="76561198145331046") connected to server
00:01:00: Player "Hacan121" (steam64id="76561198345012092") connected to server
00:01:05: Player "081Rato" (steam64id="76561198202828871") connected to server
00:01:05: Player "Biel FxR" (steam64id="76561198050836260") connected to server
00:01:05: Player "kirai" (steam64id="76561198276172023") connected to server
00:01:05: Player "[HORDA]intersandro" (steam64id="76561199214798198") connected to server
00:01:10: Player "Pandre92" (steam64id="76561198012704301") connected to server
00:01:10: Player "G A T O" (steam64id="76561199207813177") connected to server
00:01:10: Player "(CNXC)Roger    " (steam64id="76561198119108882") connected to server
00:01:10: Player "ArthemisFall" (steam64id="76561198126997247") connected to server
00:01:15: Player "TripaSeca" (steam64id="76561198093060507") connected to server
00:01:15: Player "Longa" (steam64id="76561198026865346") connected to server
00:01:20: Player "Naell" (steam64id="76561198122722358") connected to server
00:01:20: Player "[horda]marcelinho" (steam64id="76561198817477406") connected to server
00:01:20: Player "Operguer" (steam64id="76561198031245537") connected to server
00:01:25: Player "[HORDA]LUCASBR" (steam64id="76561198973828354") connected to server
00:01:45: Player "[HORDA] JHON WICK" (steam64id="76561198122075703") connected to server
00:01:50: Player "OZIEL 2" (steam64id="76561198973770662") connected to server
00:02:10: Player "TimMaia" (steam64id="76561198115059062") connected to server
00:02:15: Player "Einsen" (steam64id="76561198103936746") disconnected from server
00:02:50: Player "[HORDA]ThiagoPenna" (steam64id="76561198218822351") connected to server
00:02:55: Player "Traore" (steam64id="76561198120392137") connected to server
00:03:05: Player "G NO PEITO" (steam64id="76561199123625009") disconnected from server
00:03:30: Player "Sr-Faur" (steam64id="76561199049705385") connected to server
00:04:15: Player "G NO PEITO" (steam64id="76561199123625009") connected to server
00:04:20: Player "Sr-Faur" (steam64id="76561199049705385") disconnected from server
00:04:55: Player "[HORDA] JHON WICK" (steam64id="76561198122075703") disconnected from server
00:06:10: Player "netttto no drip" (steam64id="76561198859086815") connected to server
00:07:55: Player "[horda]marcelinho" (steam64id="76561198817477406") disconnected from server
00:08:25: Player "Mestre dos Bagos" (steam64id="76561198141325952") connected to server
00:10:15: Player "[HORDA]ThiagoPenna" (steam64id="76561198218822351") disconnected from server
00:10:55: Player "Mestre dos Bagos" (steam64id="76561198141325952") disconnected from server
00:13:25: Player "Traore" (steam64id="76561198120392137") disconnected from server
00:17:00: Player "[YKZ]-Notsniw" (steam64id="76561197967151252") connected to server
00:18:35: Player "[YKZ]-BlackBear" (steam64id="76561198343030820") connected to server
00:20:35: Player "TimMaia" (steam64id="76561198115059062") disconnected from server
00:20:45: Player "TcheLoco" (steam64id="76561198099449370") connected to server
00:21:15: Player "paulin" (steam64id="76561199216132269") connected to server
00:23:00: Player "DEGALOKAO" (steam64id="76561199171941975") connected to server
00:24:55: Player "fgn" (steam64id="76561198104909829") disconnected from server
00:25:05: Player "081Rato" (steam64id="76561198202828871") disconnected from server
00:25:20: Player "seaen" (steam64id="76561198287955844") disconnected from server
00:29:10: Player "netttto no drip" (steam64id="76561198859086815") disconnected from server
00:41:31: Player "Pandre92" (steam64id="76561198012704301") disconnected from server
00:42:26: Player "Naell" (steam64id="76561198122722358") disconnected from server
00:47:01: Player "Guille" (steam64id="76561198861128171") connected to server
00:47:11: Player "OZIEL 2" (steam64id="76561198973770662") disconnected from server
00:49:51: Player "LATERIMAX" (steam64id="76561198167769655") connected to server
00:51:46: Player "Operguer" (steam64id="76561198031245537") disconnected from server
00:53:21: Player "Mishi" (steam64id="76561198086104881") connected to server
00:54:46: Player "G NO PEITO" (steam64id="76561199123625009") disconnected from server
01:01:06: Player "[HORDA]intersandro" (steam64id="76561199214798198") disconnected from server
01:03:06: Player "Redd" (steam64id="76561198442570607") connected to server
01:03:06: Player "(CNXC)Roger    " (steam64id="76561198119108882") disconnected from server
01:03:41: Player "TcheLoco" (steam64id="76561198099449370") disconnected from server
01:04:16: Player "viga" (steam64id="76561199077154656") connected to server
01:04:51: Player "[HORDA]LUCASBR" (steam64id="76561198973828354") disconnected from server
01:07:56: Player "ArthemisFall" (steam64id="76561198126997247") disconnected from server
01:13:21: Player "LATERIMAX" (steam64id="76561198167769655") disconnected from server
01:26:26: Player "paulin" (steam64id="76561199216132269") disconnected from server
01:42:16: Player "[TTV]ScorpionBiceps" (steam64id="76561198133006312") disconnected from server
01:42:21: Player "Malafaier" (steam64id="76561198145331046") disconnected from server
01:47:21: Player "Miguelito" (steam64id="76561198067402787") connected to server
01:47:46: Player "DEGALOKAO" (steam64id="76561199171941975") disconnected from server
01:47:51: Player "kirai" (steam64id="76561198276172023") disconnected from server
01:50:01: Player "DEGALOKAO" (steam64id="76561199171941975") connected to server
01:57:16: Player "Hacan121" (steam64id="76561198345012092") disconnected from server
01:59:31: Player "Revenant" (steam64id="76561198302124805") connected to server
02:02:16: Player "Mishi" (steam64id="76561198086104881") disconnected from server
02:03:06: Player "Mishi" (steam64id="76561198086104881") connected to server
02:19:26: Player "Longa" (steam64id="76561198026865346") disconnected from server
02:19:36: Player "Milano" (steam64id="76561198027078553") disconnected from server
02:24:51: Player "TripaSeca" (steam64id="76561198093060507") disconnected from server
02:26:51: Player "Biel FxR" (steam64id="76561198050836260") disconnected from server
02:28:51: Player "Miguelito" (steam64id="76561198067402787") disconnected from server
02:29:01: Player "Miguelito" (steam64id="76561198067402787") connected to server
02:35:16: Player "Miguelito" (steam64id="76561198067402787") disconnected from server
02:44:06: Player "[YKZ]-Notsniw" (steam64id="76561197967151252") disconnected from server
02:45:36: Player "[YKZ]-BlackBear" (steam64id="76561198343030820") disconnected from server
02:51:36: Player "Osorkonlll" (steam64id="76561198156340345") connected to server
02:57:21: Player "Osorkonlll" (steam64id="76561198156340345") disconnected from server
03:00:36: Player "Mishi" (steam64id="76561198086104881") disconnected from server
03:01:41: Player "Guille" (steam64id="76561198861128171") disconnected from server
03:02:56: Player "DEGALOKAO" (steam64id="76561199171941975") disconnected from server
03:13:26: Player "Revenant" (steam64id="76561198302124805") disconnected from server
03:14:06: Player "Redd" (steam64id="76561198442570607") disconnected from server
03:19:11: Player "G A T O" (steam64id="76561199207813177") disconnected from server
03:21:06: Player "viga" (steam64id="76561199077154656") disconnected from server
03:27:41: Player "Einsen" (steam64id="76561198103936746") connected to server
03:55:41: Player "Dogos" (steam64id="76561199069709640") connected to server
03:56:51: Player "Dogos" (steam64id="76561199069709640") disconnected from server
03:59:01: Player "Einsen" (steam64id="76561198103936746") disconnected from server
04:01:24: Player "Einsen" (steam64id="76561198103936746") connected to server
05:21:04: Player "Einsen" (steam64id="76561198103936746") disconnected from server
05:22:24: Player "Einsen" (steam64id="76561198103936746") connected to server
05:49:54: Player "[DY] MOANA" (steam64id="76561198868590548") connected to server
06:23:09: Player "Einsen" (steam64id="76561198103936746") disconnected from server
06:24:19: Player "Einsen" (steam64id="76561198103936746") connected to server
06:30:59: Player "[DY] MOANA" (steam64id="76561198868590548") disconnected from server
07:17:09: Player "[HORDA] Rogal" (steam64id="76561199225267029") connected to server
07:19:04: Player "[HORDA] Rogal" (steam64id="76561199225267029") disconnected from server
07:27:44: Player "Einsen" (steam64id="76561198103936746") disconnected from server
08:20:31: Player "[HORDA]intersandro" (steam64id="76561199214798198") connected to server
09:47:06: Player "Seekerzao" (steam64id="76561198067793781") connected to server
09:49:11: Player "Zeca" (steam64id="76561198211423224") connected to server
09:53:01: Player "[HORDA]intersandro" (steam64id="76561199214798198") disconnected from server
09:55:01: Player "Ricca" (steam64id="76561197971890216") connected to server
10:01:06: Player "Grilin" (steam64id="76561198118885293") connected to server
10:05:06: Player "[EM] Oliveira" (steam64id="76561198133211909") connected to server
10:10:06: Player "Ricca" (steam64id="76561197971890216") disconnected from server
10:12:46: Player "[HORDA] JHON WICK" (steam64id="76561198122075703") connected to server
10:20:06: Player "[HORDA] JHON WICK" (steam64id="76561198122075703") disconnected from server
10:20:46: Player "[HORDA] JHON WICK" (steam64id="76561198122075703") connected to server
10:21:26: Player "[HORDA] JHON WICK" (steam64id="76561198122075703") disconnected from server
10:22:01: Player "[HORDA] JHON WICK" (steam64id="76561198122075703") connected to server
10:29:11: Player "Don Pepito" (steam64id="76561198086109637") connected to server
10:30:46: Player "DangersPlay" (steam64id="76561198037868353") connected to server
10:36:26: Player "[EM] Oliveira" (steam64id="76561198133211909") disconnected from server
10:38:31: Player "Grilin" (steam64id="76561198118885293") disconnected from server
10:42:21: Player "Don Pepito" (steam64id="76561198086109637") disconnected from server
10:45:11: Player "Emissarius" (steam64id="76561198271087379") connected to server
10:45:11: Player "Zeca" (steam64id="76561198211423224") disconnected from server
10:55:21: Player "DangersPlay" (steam64id="76561198037868353") disconnected from server
10:58:36: Player "Emissarius" (steam64id="76561198271087379") disconnected from server
11:01:31: Player "Emissarius" (steam64id="76561198271087379") connected to server
11:06:31: Player "[HORDA]ThiagoPenna" (steam64id="76561198218822351") connected to server
11:12:46: Player "Emissarius" (steam64id="76561198271087379") disconnected from server
11:17:51: Player "[HORDA]ThiagoPenna" (steam64id="76561198218822351") disconnected from server
11:18:06: Player "[HORDA]ThiagoPenna" (steam64id="76561198218822351") connected to server
11:38:26: Player "G A T O" (steam64id="76561199207813177") connected to server
11:42:06: Player "DangersPlay" (steam64id="76561198037868353") connected to server
11:51:06: Player "[L.B] Santorin" (steam64id="76561199069721527") connected to server
11:52:06: Player "[YKZ]-BlackBear" (steam64id="76561198343030820") connected to server
11:54:01: Player "Zeca" (steam64id="76561198211423224") connected to server
11:55:21: Player "[L.B] Santorin" (steam64id="76561199069721527") disconnected from server
11:55:26: Player "Zeca" (steam64id="76561198211423224") disconnected from server
11:57:06: Player "Zeca" (steam64id="76561198211423224") connected to server
11:57:21: Player "Seekerzao" (steam64id="76561198067793781") disconnected from server
11:59:06: Player "G A T O" (steam64id="76561199207813177") disconnected from server
11:59:06: Player "[HORDA]ThiagoPenna" (steam64id="76561198218822351") disconnected from server
11:59:06: Player "[YKZ]-BlackBear" (steam64id="76561198343030820") disconnected from server
11:59:06: Player "DangersPlay" (steam64id="76561198037868353") disconnected from server
11:59:06: Player "Zeca" (steam64id="76561198211423224") disconnected from server
11:59:06: Player "[HORDA] JHON WICK" (steam64id="76561198122075703") disconnected from server
12:00:50: Player "G A T O" (steam64id="76561199207813177") connected to server
12:00:55: Player "zozs" (steam64id="76561198126713029") connected to server
12:01:05: Player "[L.B] Santorin" (steam64id="76561199069721527") connected to server
12:01:14: Player "DangersPlay" (steam64id="76561198037868353") connected to server
12:01:25: Player "[YKZ]-BlackBear" (steam64id="76561198343030820") connected to server
12:01:44: Player "Zeca" (steam64id="76561198211423224") connected to server
12:02:14: Player "Wally" (steam64id="76561198304164946") connected to server
12:02:34: Player "Seekerzao" (steam64id="76561198067793781") connected to server
12:03:05: Player "zozs" (steam64id="76561198126713029") disconnected from server
12:04:20: Player "[HORDA]ThiagoPenna" (steam64id="76561198218822351") connected to server
12:07:35: Player "zozs" (steam64id="76561198126713029") connected to server
12:09:04: Player "theus_j2607" (steam64id="76561198856857227") connected to server
12:10:04: Player "Mixeuu" (steam64id="76561198074791586") connected to server
12:16:50: Player "Wally" (steam64id="76561198304164946") disconnected from server
12:24:14: Player "ttuker" (steam64id="76561198971813376") connected to server
12:29:20: Player "ADM-Saterno" (steam64id="76561199168660906") connected to server
12:29:50: Player "ADM-Saterno" (steam64id="76561199168660906") disconnected from server
12:31:35: Player "-Saterno" (steam64id="76561199168660906") connected to server
12:37:30: Player "ttuker" (steam64id="76561198971813376") disconnected from server
12:38:20: Player "ttuker" (steam64id="76561198971813376") connected to server
12:39:35: Player "ttuker" (steam64id="76561198971813376") disconnected from server
12:40:05: Player "ttuker" (steam64id="76561198971813376") connected to server
12:42:40: Player "Mixeuu" (steam64id="76561198074791586") disconnected from server
12:45:45: Player "ttuker" (steam64id="76561198971813376") disconnected from server
12:46:30: Player "ttuker" (steam64id="76561198971813376") connected to server
12:51:50: Player "DangersPlay" (steam64id="76561198037868353") disconnected from server
12:55:00: Player "zozs" (steam64id="76561198126713029") disconnected from server
12:58:30: Player "-Saterno" (steam64id="76561199168660906") disconnected from server
13:00:05: Player "ttuker" (steam64id="76561198971813376") disconnected from server
13:00:25: Player "[RNG]Panico" (steam64id="76561199230965576") connected to server
13:00:25: Player "ttuker" (steam64id="76561198971813376") connected to server
13:02:15: Player "G A T O" (steam64id="76561199207813177") disconnected from server
13:02:25: Player "[HORDA]ThiagoPenna" (steam64id="76561198218822351") disconnected from server
13:05:05: Player "ttuker" (steam64id="76561198971813376") disconnected from server
13:06:30: Player "bola oit9" (steam64id="76561198144319212") connected to server
13:07:20: Player "bola oit9" (steam64id="76561198144319212") disconnected from server
13:10:15: Player "G A T O" (steam64id="76561199207813177") connected to server
13:12:15: Player "theus_j2607" (steam64id="76561198856857227") disconnected from server
13:15:30: Player "[L.B] Santorin" (steam64id="76561199069721527") disconnected from server
13:25:50: Player "GutoMeia7" (steam64id="76561198379649328") connected to server
13:26:30: Player "Emissarius" (steam64id="76561198271087379") connected to server
13:28:20: Player "MarcoLa" (steam64id="76561198352149308") connected to server
13:35:35: Player "chron1c" (steam64id="76561198205585613") connected to server
13:39:30: Player "chron1c" (steam64id="76561198205585613") disconnected from server
13:41:00: Player "BR Cacador" (steam64id="76561198881649049") connected to server
13:42:40: Player "DangersPlay" (steam64id="76561198037868353") connected to server
13:42:40: Player "Zeca" (steam64id="76561198211423224") disconnected from server
13:45:20: Player "BR Cacador" (steam64id="76561198881649049") disconnected from server
13:53:05: Player "[L.B] LopesTa " (steam64id="76561198375254083") connected to server
13:56:40: Player "Mixeuu" (steam64id="76561198074791586") connected to server
13:58:15: Player "Stitch Do PUBG" (steam64id="76561198398833122") connected to server
13:58:35: Player "MarcoLa" (steam64id="76561198352149308") disconnected from server
14:01:25: Player "GutoMeia7" (steam64id="76561198379649328") disconnected from server
14:01:45: Player "[G.M] O verdadeiro" (steam64id="76561198351631304") connected to server
14:03:20: Player "DEGALOKAO" (steam64id="76561199171941975") connected to server
14:09:05: Player "[T.D.J] Jota_G" (steam64id="76561199184222326") connected to server
14:09:10: Player "[HORDA] JHON WICK" (steam64id="76561198122075703") connected to server
14:18:55: Player "-Saterno" (steam64id="76561199168660906") connected to server
14:30:45: Player "rogersdutra01" (steam64id="76561197975156269") connected to server
14:37:25: Player "HobbySnowballs" (steam64id="76561197992795596") connected to server
14:44:15: Player "HobbySnowballs" (steam64id="76561197992795596") disconnected from server
14:46:55: Player "[YKZ]-Notsniw" (steam64id="76561197967151252") connected to server
14:46:55: Player "DinhoSuper" (steam64id="76561199089256117") connected to server
14:51:40: Player "JohnKetamine Jr." (steam64id="76561198140605281") connected to server
14:54:50: Player "zozs" (steam64id="76561198126713029") connected to server
14:55:25: Player "{DVS} Chuleta" (steam64id="76561198103223060") connected to server
14:56:20: Player "benja" (steam64id="76561198882824508") connected to server
15:00:00: Player "[G.M] O verdadeiro" (steam64id="76561198351631304") disconnected from server
15:00:30: Player "DangersPlay" (steam64id="76561198037868353") disconnected from server
15:00:35: Player "pedraoRJ21" (steam64id="76561199098626087") connected to server
15:03:15: Player "pedraoRJ21" (steam64id="76561199098626087") disconnected from server
15:04:20: Player "[G.M] O verdadeiro" (steam64id="76561198351631304") connected to server
15:05:30: Player "Mixeuu" (steam64id="76561198074791586") disconnected from server
15:07:50: Player "Emissarius" (steam64id="76561198271087379") disconnected from server
15:08:15: Player "Tambara GOLPE" (steam64id="76561198072490377") connected to server
15:09:30: Player "Zeca" (steam64id="76561198211423224") connected to server
15:10:45: Player "amirr" (steam64id="76561198443347288") connected to server
15:11:35: Player "pato" (steam64id="76561199194021637") connected to server
15:16:30: Player "[G.M] O verdadeiro" (steam64id="76561198351631304") disconnected from server
15:16:55: Player "[G.M] O verdadeiro" (steam64id="76561198351631304") connected to server
15:17:45: Player "Passo Largo" (steam64id="76561198057660141") connected to server
15:23:30: Player "DangersPlay" (steam64id="76561198037868353") connected to server
15:25:15: Player "{DVS} Chuleta" (steam64id="76561198103223060") disconnected from server
15:25:40: Player "{DVS} Chuleta" (steam64id="76561198103223060") connected to server
15:25:55: Player "{DVS} Chuleta" (steam64id="76561198103223060") disconnected from server
15:26:15: Player "fritass" (steam64id="76561198148172018") connected to server
15:28:40: Player "Stitch Do PUBG" (steam64id="76561198398833122") disconnected from server
15:29:00: Player "[G.M] O verdadeiro" (steam64id="76561198351631304") disconnected from server
15:30:15: Player "[G.M] O verdadeiro" (steam64id="76561198351631304") connected to server
15:30:25: Player "Jhon" (steam64id="76561198078930848") connected to server
15:30:25: Player "Seekerzao" (steam64id="76561198067793781") disconnected from server
15:31:25: Player "DEGALOKAO" (steam64id="76561199171941975") disconnected from server
15:34:25: Player "[YKZ]-Notsniw" (steam64id="76561197967151252") disconnected from server
15:35:55: Player "-Saterno" (steam64id="76561199168660906") disconnected from server
15:36:45: Player "Emissarius" (steam64id="76561198271087379") connected to server
15:45:05: Player "DangersPlay" (steam64id="76561198037868353") disconnected from server
15:46:05: Player "amirr" (steam64id="76561198443347288") disconnected from server
15:49:15: Player "[G.M] O verdadeiro" (steam64id="76561198351631304") disconnected from server
15:50:25: Player "[G.M] O verdadeiro" (steam64id="76561198351631304") connected to server
15:50:55: Player "ARMS" (steam64id="76561198021939456") connected to server
15:53:50: Player "Jhon" (steam64id="76561198078930848") disconnected from server
15:53:55: Player "zozs" (steam64id="76561198126713029") disconnected from server
15:55:20: Player "[L.B] LopesTa " (steam64id="76561198375254083") disconnected from server
15:55:50: Player "DEGALOKAO" (steam64id="76561199171941975") connected to server
15:59:05: Player "rogersdutra01" (steam64id="76561197975156269") disconnected from server
15:59:05: Player "JohnKetamine Jr." (steam64id="76561198140605281") disconnected from server
15:59:05: Player "benja" (steam64id="76561198882824508") disconnected from server
15:59:05: Player "pato" (steam64id="76561199194021637") disconnected from server
15:59:05: Player "Tambara GOLPE" (steam64id="76561198072490377") disconnected from server
15:59:05: Player "DinhoSuper" (steam64id="76561199089256117") disconnected from server
15:59:05: Player "DEGALOKAO" (steam64id="76561199171941975") disconnected from server
15:59:05: Player "Passo Largo" (steam64id="76561198057660141") disconnected from server
15:59:05: Player "[YKZ]-BlackBear" (steam64id="76561198343030820") disconnected from server
15:59:05: Player "G A T O" (steam64id="76561199207813177") disconnected from server
15:59:05: Player "ARMS" (steam64id="76561198021939456") disconnected from server
15:59:05: Player "Zeca" (steam64id="76561198211423224") disconnected from server
15:59:05: Player "[HORDA] JHON WICK" (steam64id="76561198122075703") disconnected from server
15:59:05: Player "[RNG]Panico" (steam64id="76561199230965576") disconnected from server
15:59:05: Player "[G.M] O verdadeiro" (steam64id="76561198351631304") disconnected from server
15:59:05: Player "Emissarius" (steam64id="76561198271087379") disconnected from server
15:59:05: Player "fritass" (steam64id="76561198148172018") disconnected from server
15:59:05: Player "[T.D.J] Jota_G" (steam64id="76561199184222326") disconnected from server
16:00:51: Player "pato" (steam64id="76561199194021637") connected to server
16:00:51: Player "fritass" (steam64id="76561198148172018") connected to server
16:00:51: Player "[T.D.J] Jota_G" (steam64id="76561199184222326") connected to server
16:00:51: Player "[YKZ]-BlackBear" (steam64id="76561198343030820") connected to server
16:00:56: Player "[G.M] O verdadeiro" (steam64id="76561198351631304") connected to server
16:01:06: Player "Passo Largo" (steam64id="76561198057660141") connected to server
16:01:16: Player "DinhoSuper" (steam64id="76561199089256117") connected to server
16:01:41: Player "G A T O" (steam64id="76561199207813177") connected to server
16:01:41: Player "Emissarius" (steam64id="76561198271087379") connected to server
16:01:46: Player "DangersPlay" (steam64id="76561198037868353") connected to server
16:03:06: Player "[RNG]Panico" (steam64id="76561199230965576") connected to server
16:06:11: Player "rogersdutra01" (steam64id="76561197975156269") connected to server
16:06:31: Player "[YKZ]-BlackBear" (steam64id="76561198343030820") disconnected from server
16:06:41: Player "magodlaerva" (steam64id="76561198398883688") connected to server
16:13:41: Player "Tambara GOLPE" (steam64id="76561198072490377") connected to server
16:21:36: Player "benja" (steam64id="76561198882824508") connected to server
16:23:46: Player "ttuker" (steam64id="76561198971813376") connected to server
16:24:26: Player "JohnKetamine Jr." (steam64id="76561198140605281") connected to server
16:27:41: Player "DinhoSuper" (steam64id="76561199089256117") disconnected from server
16:28:01: Player "[T.D.J] Jota_G" (steam64id="76561199184222326") disconnected from server
16:35:06: Player "DEGALOKAO" (steam64id="76561199171941975") connected to server
16:35:21: Player "BRUXO" (steam64id="76561198140728342") connected to server
16:39:36: Player "ArthemisFall" (steam64id="76561198126997247") connected to server
16:40:46: Player "[G.M] O verdadeiro" (steam64id="76561198351631304") disconnected from server
16:41:41: Player "ArthemisFall" (steam64id="76561198126997247") disconnected from server
16:42:11: Player "BRUXO" (steam64id="76561198140728342") disconnected from server
16:42:16: Player "[L.B] Santorin" (steam64id="76561199069721527") connected to server
16:42:41: Player "ArthemisFall" (steam64id="76561198126997247") connected to server
16:42:46: Player "[L.B]Zeca" (steam64id="76561198211423224") connected to server
16:43:11: Player "LuscaICE" (steam64id="76561198261659837") connected to server
16:43:26: Player "[RNG]Panico" (steam64id="76561199230965576") disconnected from server
16:52:11: Player "DEGALOKAO" (steam64id="76561199171941975") disconnected from server
16:52:16: Player "DeluxeSan" (steam64id="76561198401524915") connected to server
16:52:41: Player "DeluxeSan" (steam64id="76561198401524915") disconnected from server
16:53:56: Player "romulob" (steam64id="76561198057453597") connected to server
16:54:26: Player "LuscaICE" (steam64id="76561198261659837") disconnected from server
16:55:56: Player "Santos" (steam64id="76561198194230525") connected to server
16:56:46: Player "dmc" (steam64id="76561199036648424") connected to server
16:57:01: Player "ttuker" (steam64id="76561198971813376") disconnected from server
16:57:56: Player "magodlaerva" (steam64id="76561198398883688") disconnected from server
17:01:46: Player "[LB]KAS" (steam64id="76561199202697738") connected to server
17:02:16: Player "[G.M] O verdadeiro" (steam64id="76561198351631304") connected to server
17:03:01: Player "CHERNUSHNIK" (steam64id="76561197991029744") connected to server
17:04:41: Player "romulob" (steam64id="76561198057453597") disconnected from server
17:11:11: Player "Madkiller239" (steam64id="76561198048267999") connected to server
17:14:46: Player "Santos" (steam64id="76561198194230525") disconnected from server
17:17:31: Player "Guille" (steam64id="76561198861128171") connected to server
17:17:46: Player "Passo Largo" (steam64id="76561198057660141") disconnected from server
17:20:11: Player "Emissarius" (steam64id="76561198271087379") disconnected from server
17:20:41: Player "ArthemisFall" (steam64id="76561198126997247") disconnected from server
17:21:21: Player "[DY] FROZEN " (steam64id="76561198161060673") connected to server
17:21:31: Player "ArthemisFall" (steam64id="76561198126997247") connected to server
17:21:56: Player "[L.B]Zeca" (steam64id="76561198211423224") disconnected from server
17:22:31: Player "Mirtzu" (steam64id="76561197997789674") connected to server
17:26:01: Player "borg" (steam64id="76561197996854985") connected to server
17:29:56: Player "chron1c" (steam64id="76561198205585613") connected to server
17:30:06: Player "[DY] FROZEN " (steam64id="76561198161060673") disconnected from server
17:30:31: Player "Smoking" (steam64id="76561198033754180") connected to server
17:30:36: Player "chron1c" (steam64id="76561198205585613") disconnected from server
17:32:31: Player "MGa Ops" (steam64id="76561198312257675") connected to server
17:32:36: Player "Madkiller239" (steam64id="76561198048267999") disconnected from server
17:41:51: Player "G A T O" (steam64id="76561199207813177") disconnected from server
17:44:31: Player "LATERIMAX" (steam64id="76561198167769655") connected to server
17:45:01: Player "MGa Ops" (steam64id="76561198312257675") disconnected from server
17:45:41: Player "JohnKetamine Jr." (steam64id="76561198140605281") disconnected from server
17:53:01: Player "benja" (steam64id="76561198882824508") disconnected from server
17:54:51: Player "DangersPlay" (steam64id="76561198037868353") disconnected from server
17:56:01: Player "[LB]KAS" (steam64id="76561199202697738") disconnected from server
17:57:51: Player "Tambara GOLPE" (steam64id="76561198072490377") disconnected from server
17:59:51: Player "dmc" (steam64id="76561199036648424") disconnected from server
18:00:46: Player "[L.B]Zeca" (steam64id="76561198211423224") connected to server
18:05:41: Player "[G.M] O verdadeiro" (steam64id="76561198351631304") disconnected from server
18:10:01: Player "Mirtzu" (steam64id="76561197997789674") disconnected from server
18:10:01: Player "borg" (steam64id="76561197996854985") disconnected from server
18:12:46: Player "Smoking" (steam64id="76561198033754180") disconnected from server
18:13:21: Player "[L.B] Lrk" (steam64id="76561198021843024") connected to server
18:18:46: Player "DangersPlay" (steam64id="76561198037868353") connected to server
18:19:11: Player "pato" (steam64id="76561199194021637") disconnected from server
18:20:01: Player "fritass" (steam64id="76561198148172018") disconnected from server
18:20:06: Player "rogersdutra01" (steam64id="76561197975156269") disconnected from server
18:21:51: Player "DangersPlay" (steam64id="76561198037868353") disconnected from server
18:22:36: Player "[G.M] O verdadeiro" (steam64id="76561198351631304") connected to server
18:28:01: Player "G A T O" (steam64id="76561199207813177") connected to server
18:31:16: Player "G A T O" (steam64id="76561199207813177") disconnected from server
18:33:06: Player "G A T O" (steam64id="76561199207813177") connected to server
18:35:31: Player "G A T O" (steam64id="76561199207813177") disconnected from server
18:36:06: Player "N E T O" (steam64id="76561199193971823") connected to server
18:38:21: Player "N E T O" (steam64id="76561199193971823") disconnected from server
18:47:31: Player "[G.M] O verdadeiro" (steam64id="76561198351631304") disconnected from server
18:47:46: Player "[L.B]Zeca" (steam64id="76561198211423224") disconnected from server
18:48:26: Player "coyot-solitario" (steam64id="76561198191127093") connected to server
18:54:26: Player "Cap. Lampiao " (steam64id="76561198089793713") connected to server
18:56:51: Player "[HORDA]ThiagoPenna" (steam64id="76561198218822351") connected to server
18:57:56: Player "[L.B]Zeca" (steam64id="76561198211423224") connected to server
18:58:31: Player "[HORDA] JHON WICK" (steam64id="76561198122075703") connected to server
18:59:16: Player "LuscaICE" (steam64id="76561198261659837") connected to server
19:00:36: Player "[HORDA] zBieL" (steam64id="76561198001525812") connected to server
19:01:16: Player "[YKZ]-Notsniw" (steam64id="76561197967151252") connected to server
19:01:26: Player "[HORDA] zBieL" (steam64id="76561198001525812") disconnected from server
19:01:36: Player "[HORDA] zBieL" (steam64id="76561198001525812") connected to server
19:02:11: Player "[HORDA] zBieL" (steam64id="76561198001525812") disconnected from server
19:05:06: Player "(CNXC)Roger    " (steam64id="76561198119108882") connected to server
19:07:21: Player "LuscaICE" (steam64id="76561198261659837") disconnected from server
19:10:46: Player "[L.B] Lrk" (steam64id="76561198021843024") disconnected from server
19:11:36: Player "[DtGG]ScorpionBiceps" (steam64id="76561198133006312") connected to server
19:14:31: Player "FRankiln" (steam64id="76561198998810038") connected to server
19:17:31: Player "FRankiln" (steam64id="76561198998810038") disconnected from server
19:18:11: Player "Cap. Lampiao " (steam64id="76561198089793713") disconnected from server
19:19:06: Player "[HORDA] zBieL" (steam64id="76561198001525812") connected to server
19:20:31: Player "[YKZ]-Notsniw" (steam64id="76561197967151252") disconnected from server
19:22:21: Player "[DY] FROZEN " (steam64id="76561198161060673") connected to server
19:25:01: Player "LATERIMAX" (steam64id="76561198167769655") disconnected from server
19:29:16: Player "LATERIMAX" (steam64id="76561198167769655") connected to server
19:33:36: Player "noclipbr" (steam64id="76561199034227435") connected to server
19:40:46: Player "[DY] FROZEN " (steam64id="76561198161060673") disconnected from server
19:41:01: Player "[L.B] Lrk" (steam64id="76561198021843024") connected to server
19:45:21: Player "[HORDA] JHON WICK" (steam64id="76561198122075703") disconnected from server
19:45:41: Player "[HORDA] JHON WICK" (steam64id="76561198122075703") connected to server
19:45:56: Player "[L.B] Lrk" (steam64id="76561198021843024") disconnected from server
19:46:36: Player "[HORDA] JHON WICK" (steam64id="76561198122075703") disconnected from server
19:48:01: Player "fritass" (steam64id="76561198148172018") connected to server
19:48:11: Player "DangersPlay" (steam64id="76561198037868353") connected to server
19:48:16: Player "[HORDA]ThiagoPenna" (steam64id="76561198218822351") disconnected from server
19:48:46: Player "rogersdutra01" (steam64id="76561197975156269") connected to server
19:49:41: Player "[HORDA] JHON WICK" (steam64id="76561198122075703") connected to server
19:49:51: Player "[DEV] KOREA" (steam64id="76561198253386609") connected to server
19:50:31: Player "[HORDA] JHON WICK" (steam64id="76561198122075703") disconnected from server
19:51:11: Player "[HORDA]ThiagoPenna" (steam64id="76561198218822351") connected to server
19:52:36: Player "chron1c" (steam64id="76561198205585613") connected to server
19:52:56: Player "[DEV] KOREA" (steam64id="76561198253386609") disconnected from server
19:53:51: Player "Tony Sorete" (steam64id="76561198021266379") connected to server
19:53:56: Player "[HORDA] JHON WICK" (steam64id="76561198122075703") connected to server
19:57:21: Player "[L.B]Zeca" (steam64id="76561198211423224") disconnected from server
19:59:06: Player "rogersdutra01" (steam64id="76561197975156269") disconnected from server
19:59:06: Player "ArthemisFall" (steam64id="76561198126997247") disconnected from server
19:59:06: Player "LATERIMAX" (steam64id="76561198167769655") disconnected from server
19:59:06: Player "[DtGG]ScorpionBiceps" (steam64id="76561198133006312") disconnected from server
19:59:06: Player "[L.B] Santorin" (steam64id="76561199069721527") disconnected from server
19:59:06: Player "noclipbr" (steam64id="76561199034227435") disconnected from server
19:59:06: Player "[HORDA] zBieL" (steam64id="76561198001525812") disconnected from server
19:59:06: Player "(CNXC)Roger    " (steam64id="76561198119108882") disconnected from server
19:59:06: Player "Guille" (steam64id="76561198861128171") disconnected from server
19:59:06: Player "[HORDA]ThiagoPenna" (steam64id="76561198218822351") disconnected from server
19:59:06: Player "DangersPlay" (steam64id="76561198037868353") disconnected from server
19:59:06: Player "[HORDA] JHON WICK" (steam64id="76561198122075703") disconnected from server
19:59:06: Player "CHERNUSHNIK" (steam64id="76561197991029744") disconnected from server
19:59:06: Player "chron1c" (steam64id="76561198205585613") disconnected from server
19:59:06: Player "fritass" (steam64id="76561198148172018") disconnected from server
19:59:06: Player "coyot-solitario" (steam64id="76561198191127093") disconnected from server
19:59:06: Player "Tony Sorete" (steam64id="76561198021266379") disconnected from server
20:00:51: Player "rogersdutra01" (steam64id="76561197975156269") connected to server
20:00:51: Player "Guille" (steam64id="76561198861128171") connected to server
20:00:51: Player "[DtGG]ScorpionBiceps" (steam64id="76561198133006312") connected to server
20:00:51: Player "fritass" (steam64id="76561198148172018") connected to server
20:00:56: Player "(CNXC)Roger    " (steam64id="76561198119108882") connected to server
20:01:06: Player "MacLovin" (steam64id="76561199068236803") connected to server
20:01:21: Player "noclipbr" (steam64id="76561199034227435") connected to server
20:01:21: Player "[HORDA] zBieL" (steam64id="76561198001525812") connected to server
20:01:41: Player "DangersPlay" (steam64id="76561198037868353") connected to server
20:01:51: Player "CHERNUSHNIK" (steam64id="76561197991029744") connected to server
20:02:06: Player "coyot-solitario" (steam64id="76561198191127093") connected to server
20:02:06: Player "[HORDA] JHON WICK" (steam64id="76561198122075703") connected to server
20:02:31: Player "noclipbr" (steam64id="76561199034227435") disconnected from server
20:02:41: Player "PintoJunior" (steam64id="76561198057936781") connected to server
20:02:56: Player "[HORDA]ThiagoPenna" (steam64id="76561198218822351") connected to server
20:03:21: Player "Tony Sorete" (steam64id="76561198021266379") connected to server
20:05:11: Player "chron1c" (steam64id="76561198205585613") connected to server
20:05:41: Player "Emissarius" (steam64id="76561198271087379") connected to server
20:06:11: Player "CrissBernal" (steam64id="76561198020173542") connected to server
20:08:51: Player "[L.B] Santorin" (steam64id="76561199069721527") connected to server
20:08:51: Player "ArthemisFall" (steam64id="76561198126997247") connected to server
20:17:11: Player "Guille" (steam64id="76561198861128171") disconnected from server
20:17:21: Player "Tony Sorete" (steam64id="76561198021266379") disconnected from server
20:20:16: Player "Duerowww" (steam64id="76561198259492425") connected to server
20:20:41: Player "[L.B]Zeca" (steam64id="76561198211423224") connected to server
20:30:16: Player "[L.B] ploodrinny" (steam64id="76561198312062387") connected to server
20:30:16: Player "Pendragon" (steam64id="76561198384202322") connected to server
20:33:11: Player "CrissBernal" (steam64id="76561198020173542") disconnected from server
20:34:31: Player "[cGc] OROCHI" (steam64id="76561199151802288") connected to server
20:36:16: Player "Victor Brann" (steam64id="76561198082969189") connected to server
20:44:16: Player "MacLovin" (steam64id="76561199068236803") disconnected from server
20:45:36: Player "Madkiller239" (steam64id="76561198048267999") connected to server
20:46:11: Player "[YKZ]-BlackBear" (steam64id="76561198343030820") connected to server
20:46:21: Player "MacLovin" (steam64id="76561199068236803") connected to server
20:46:21: Player "coyot-solitario" (steam64id="76561198191127093") disconnected from server
20:46:36: Player "Kabraw" (steam64id="76561198127308351") connected to server
20:47:46: Player "coyot-solitario" (steam64id="76561198191127093") connected to server
20:51:51: Player "[LB]KAS" (steam64id="76561199202697738") connected to server
20:52:46: Player "Kabraw" (steam64id="76561198127308351") disconnected from server
20:54:21: Player "PintoJunior" (steam64id="76561198057936781") disconnected from server
21:00:11: Player "noclipbr" (steam64id="76561199034227435") connected to server
21:04:51: Player "fritass" (steam64id="76561198148172018") disconnected from server
21:06:16: Player "chron1c" (steam64id="76561198205585613") disconnected from server
21:06:26: Player "MProMax" (steam64id="76561198344484910") connected to server
21:07:11: Player "MProMax" (steam64id="76561198344484910") disconnected from server
21:07:41: Player "rogersdutra01" (steam64id="76561197975156269") disconnected from server
21:09:31: Player "[LB]KAS" (steam64id="76561199202697738") disconnected from server
21:10:16: Player "MMdurosa" (steam64id="76561198987820647") connected to server
21:10:26: Player "DangersPlay" (steam64id="76561198037868353") disconnected from server
21:10:46: Player "xico picadinho" (steam64id="76561198118837480") connected to server
21:12:16: Player "[YKZ]-BarucA" (steam64id="76561199141850356") connected to server
21:13:31: Player "xico picadinho" (steam64id="76561198118837480") disconnected from server
21:14:06: Player "fritass" (steam64id="76561198148172018") connected to server
21:15:21: Player "MMdurosa" (steam64id="76561198987820647") disconnected from server
21:17:11: Player "rogersdutra01" (steam64id="76561197975156269") connected to server
21:20:46: Player "[YKZ]-Notsniw" (steam64id="76561197967151252") connected to server
21:22:01: Player "GLORIA GROOVE" (steam64id="76561198836991038") connected to server
21:22:06: Player "xico picadinho" (steam64id="76561198118837480") connected to server
21:22:51: Player "Pipi" (steam64id="76561198358818699") connected to server
21:23:11: Player "DangersPlay" (steam64id="76561198037868353") connected to server
21:23:21: Player "[DtGG]ScorpionBiceps" (steam64id="76561198133006312") disconnected from server
21:23:21: Player "noclipbr" (steam64id="76561199034227435") disconnected from server
21:23:51: Player "TcheLoco" (steam64id="76561198099449370") connected to server
21:26:21: Player "DinizBr" (steam64id="76561198128517157") connected to server
21:26:21: Player "DangersPlay" (steam64id="76561198037868353") disconnected from server
21:26:36: Player "BR Cacador" (steam64id="76561198881649049") connected to server
21:28:21: Player "fritass" (steam64id="76561198148172018") disconnected from server
21:28:41: Player "rogersdutra01" (steam64id="76561197975156269") disconnected from server
21:28:46: Player "=G3= wellbert" (steam64id="76561198914685824") connected to server
21:28:51: Player "Odioso" (steam64id="76561199030537325") connected to server
21:29:11: Player "=G3= slotte" (steam64id="76561197987642420") connected to server
21:31:01: Player "Biel FxR" (steam64id="76561198050836260") connected to server
21:33:31: Player "Odioso" (steam64id="76561199030537325") disconnected from server
21:33:41: Player "Emissarius" (steam64id="76561198271087379") disconnected from server
21:34:01: Player "Bostil O Intancavel" (steam64id="76561198442072760") connected to server
21:34:21: Player "Bostil O Intancavel" (steam64id="76561198442072760") disconnected from server
21:34:51: Player "Biel FxR" (steam64id="76561198050836260") disconnected from server
21:35:31: Player "Stitch Do PUBG" (steam64id="76561198398833122") connected to server
21:39:01: Player "Carneiro" (steam64id="76561198129548040") connected to server
21:40:21: Player "[cGc] OROCHI" (steam64id="76561199151802288") disconnected from server
21:40:56: Player "SniperX" (steam64id="76561199206798095") connected to server
21:42:46: Player "Pendragon" (steam64id="76561198384202322") disconnected from server
21:42:51: Player "Carneiro" (steam64id="76561198129548040") disconnected from server
21:44:16: Player "Victor Brann" (steam64id="76561198082969189") disconnected from server
21:44:56: Player "BR Cacador" (steam64id="76561198881649049") disconnected from server
21:45:41: Player "coyot-solitario" (steam64id="76561198191127093") disconnected from server
21:45:46: Player "Carneiro" (steam64id="76561198129548040") connected to server
21:46:11: Player "[LB]KAS" (steam64id="76561199202697738") connected to server
21:48:06: Player "Kaike" (steam64id="76561199246129933") connected to server
21:48:41: Player "Carneiro" (steam64id="76561198129548040") disconnected from server
21:48:56: Player "Pipi" (steam64id="76561198358818699") disconnected from server
21:50:01: Player "Biel FxR" (steam64id="76561198050836260") connected to server
21:51:51: Player "TripaSeca" (steam64id="76561198093060507") connected to server
21:53:31: Player "MadPana" (steam64id="76561198042363311") connected to server
21:54:51: Player "[L.B] Santorin" (steam64id="76561199069721527") disconnected from server
21:55:16: Player "[HORDA] JHON WICK" (steam64id="76561198122075703") disconnected from server
21:55:21: Player "[DY] FROZEN " (steam64id="76561198161060673") connected to server
21:56:26: Player "[HORDA]ThiagoPenna" (steam64id="76561198218822351") disconnected from server
21:56:31: Player "Blackhalkk" (steam64id="76561198067496371") connected to server
21:58:01: Player "Kaike" (steam64id="76561199246129933") disconnected from server
21:58:16: Player "[DY] FROZEN " (steam64id="76561198161060673") disconnected from server
21:59:31: Player "SirPsychoBerg" (steam64id="76561198411771684") connected to server
21:59:36: Player "Rafa" (steam64id="76561198070335827") connected to server
22:00:01: Player "[L.B]Zeca" (steam64id="76561198211423224") disconnected from server
22:00:51: Player "LATERIMAX" (steam64id="76561198167769655") connected to server
22:00:51: Player "Guille" (steam64id="76561198861128171") connected to server
22:00:56: Player "[LB]KAS" (steam64id="76561199202697738") disconnected from server
22:01:06: Player "DMGperSEC" (steam64id="76561198059293634") connected to server
22:01:16: Player "[L.B] ploodrinny" (steam64id="76561198312062387") disconnected from server
22:03:51: Player "Blackhalkk" (steam64id="76561198067496371") disconnected from server
22:04:11: Player "Blackhalkk" (steam64id="76561198067496371") connected to server
22:07:46: Player "MacLovin" (steam64id="76561199068236803") disconnected from server
22:13:01: Player "LATERIMAX" (steam64id="76561198167769655") disconnected from server
22:13:11: Player "Guille" (steam64id="76561198861128171") disconnected from server
22:14:06: Player "Stitch Do PUBG" (steam64id="76561198398833122") disconnected from server
22:14:11: Player "Miler" (steam64id="76561198798657985") connected to server
22:14:31: Player "=G3= wellbert" (steam64id="76561198914685824") disconnected from server
22:14:56: Player "=G3= slotte" (steam64id="76561197987642420") disconnected from server
22:15:51: Player "AlexFraxe" (steam64id="76561198079014774") connected to server
22:18:06: Player "Gecom" (steam64id="76561198020315206") connected to server
22:18:06: Player "[KGB}Nobre Lobo" (steam64id="76561198127199963") connected to server
22:18:41: Player "[YKZ]-BarucA" (steam64id="76561199141850356") disconnected from server
22:18:51: Player "!Yz Why?" (steam64id="76561198980965073") connected to server
22:19:11: Player "[HORDA] zBieL" (steam64id="76561198001525812") disconnected from server
22:19:21: Player "TcheLoco" (steam64id="76561198099449370") disconnected from server
22:29:46: Player "GLORIA GROOVE" (steam64id="76561198836991038") disconnected from server
22:32:01: Player "Theiago" (steam64id="76561198386542293") connected to server
22:32:36: Player "SniperX" (steam64id="76561199206798095") disconnected from server
22:32:56: Player "Theiago" (steam64id="76561198386542293") disconnected from server
22:33:21: Player "Biel FxR" (steam64id="76561198050836260") disconnected from server
22:34:06: Player "Legado66" (steam64id="76561198131130268") connected to server
22:34:16: Player "MD_WAYNE" (steam64id="76561198878280206") connected to server
22:34:31: Player "[YKZ]-BlackBear" (steam64id="76561198343030820") disconnected from server
22:35:01: Player "Theiago" (steam64id="76561198386542293") connected to server
22:35:16: Player "Madkiller239" (steam64id="76561198048267999") disconnected from server
22:35:41: Player "Theiago" (steam64id="76561198386542293") disconnected from server
22:35:41: Player "[YKZ]-Notsniw" (steam64id="76561197967151252") disconnected from server
22:36:11: Player "xico picadinho" (steam64id="76561198118837480") disconnected from server
22:37:16: Player "Miler" (steam64id="76561198798657985") disconnected from server
22:37:36: Player "DinizBr" (steam64id="76561198128517157") disconnected from server
22:38:01: Player "web gado" (steam64id="76561199123625009") connected to server
22:38:26: Player "Biel FxR" (steam64id="76561198050836260") connected to server
22:39:01: Player "Predador17" (steam64id="76561198998481561") connected to server
22:42:26: Player "Theiago" (steam64id="76561198386542293") connected to server
22:43:26: Player "Theiago" (steam64id="76561198386542293") disconnected from server
22:45:31: Player "eduardo" (steam64id="76561198056917462") connected to server
22:46:21: Player "Legado66" (steam64id="76561198131130268") disconnected from server
22:46:46: Player "Predador17" (steam64id="76561198998481561") disconnected from server
22:48:36: Player "fds" (steam64id="76561198359200042") connected to server
22:49:21: Player "Kaczinsky" (steam64id="76561198104903246") connected to server
22:55:36: Player "!Yz Why?" (steam64id="76561198980965073") disconnected from server
22:57:36: Player "rasga mortalha" (steam64id="76561199177240646") connected to server
22:58:01: Player "(CNXC)Roger    " (steam64id="76561198119108882") disconnected from server
23:04:06: Player "Naell" (steam64id="76561198122722358") connected to server
23:07:46: Player "AiPolly" (steam64id="76561198072574279") connected to server
23:10:41: Player "CHERNUSHNIK" (steam64id="76561197991029744") disconnected from server
23:11:01: Player "ArthemisFall" (steam64id="76561198126997247") disconnected from server
23:14:51: Player "[DY] FROZEN " (steam64id="76561198161060673") connected to server
23:15:46: Player "=G3= slotte" (steam64id="76561197987642420") connected to server
23:16:31: Player "rasga mortalha" (steam64id="76561199177240646") disconnected from server
23:17:26: Player "TripaSeca" (steam64id="76561198093060507") disconnected from server
23:17:41: Player "TripaSeca" (steam64id="76561198093060507") connected to server
23:21:21: Player "Lima_GADO" (steam64id="76561198926302034") connected to server
23:21:26: Player "Gecom" (steam64id="76561198020315206") disconnected from server
23:22:21: Player "Papaizin_GADO" (steam64id="76561198355215642") connected to server
23:22:26: Player "[DY] FROZEN " (steam64id="76561198161060673") disconnected from server
23:23:46: Player "[KGB}Nobre Lobo" (steam64id="76561198127199963") disconnected from server
23:24:01: Player "AlexFraxe" (steam64id="76561198079014774") disconnected from server
23:24:21: Player "Lobo Sentado" (steam64id="76561198138311400") connected to server
23:24:46: Player "Leozera91" (steam64id="76561197978522151") connected to server
23:25:06: Player "Pereira02" (steam64id="76561197987315916") connected to server
23:26:11: Player "BigodeFino" (steam64id="76561198136665778") connected to server
23:27:26: Player "Rafa" (steam64id="76561198070335827") disconnected from server
23:28:51: Player "Hiokiri_" (steam64id="76561198189143650") connected to server
23:29:26: Player "SACRA" (steam64id="76561199102711894") connected to server
23:30:31: Player "SniperX" (steam64id="76561199206798095") connected to server
23:33:36: Player "Felipe" (steam64id="76561198145846598") connected to server
23:35:21: Player "luiz calabresa" (steam64id="76561199113089860") connected to server
23:36:41: Player "SACRA" (steam64id="76561199102711894") disconnected from server
23:47:16: Player "=G3= Chupo no sigilo " (steam64id="76561199037080751") connected to server
23:48:41: Player "Duerowww" (steam64id="76561198259492425") disconnected from server
23:50:21: Player "Facu" (steam64id="76561198081704469") connected to server
23:53:41: Player "Miguelito" (steam64id="76561198067402787") connected to server
23:54:21: Player "Kaczinsky" (steam64id="76561198104903246") disconnected from server
23:58:11: Player "Facu" (steam64id="76561198081704469") disconnected from server
23:59:06: Player "TripaSeca" (steam64id="76561198093060507") disconnected from server
23:59:06: Player "Lima_GADO" (steam64id="76561198926302034") disconnected from server
23:59:06: Player "luiz calabresa" (steam64id="76561199113089860") disconnected from server
23:59:06: Player "Naell" (steam64id="76561198122722358") disconnected from server
23:59:06: Player "web gado" (steam64id="76561199123625009") disconnected from server
23:59:06: Player "Blackhalkk" (steam64id="76561198067496371") disconnected from server
23:59:06: Player "Pereira02" (steam64id="76561197987315916") disconnected from server
23:59:06: Player "Hiokiri_" (steam64id="76561198189143650") disconnected from server
23:59:06: Player "=G3= Chupo no sigilo " (steam64id="76561199037080751") disconnected from server
23:59:06: Player "AiPolly" (steam64id="76561198072574279") disconnected from server
23:59:06: Player "SirPsychoBerg" (steam64id="76561198411771684") disconnected from server
23:59:06: Player "Papaizin_GADO" (steam64id="76561198355215642") disconnected from server
23:59:06: Player "=G3= slotte" (steam64id="76561197987642420") disconnected from server
23:59:06: Player "Miguelito" (steam64id="76561198067402787") disconnected from server
23:59:06: Player "Biel FxR" (steam64id="76561198050836260") disconnected from server
23:59:06: Player "Lobo Sentado" (steam64id="76561198138311400") disconnected from server
23:59:06: Player "SniperX" (steam64id="76561199206798095") disconnected from server
23:59:06: Player "MD_WAYNE" (steam64id="76561198878280206") disconnected from server
23:59:06: Player "DMGperSEC" (steam64id="76561198059293634") disconnected from server
23:59:06: Player "Leozera91" (steam64id="76561197978522151") disconnected from server
23:59:06: Player "BigodeFino" (steam64id="76561198136665778") disconnected from server
23:59:06: Player "Felipe" (steam64id="76561198145846598") disconnected from server
23:59:06: Player "MadPana" (steam64id="76561198042363311") disconnected from server
23:59:06: Player "eduardo" (steam64id="76561198056917462") disconnected from server
23:59:06: Player "fds" (steam64id="76561198359200042") disconnected from server
