00:01:00: Player "[ONE] JAPA" (steam64id="76561198161060673") connected to server
00:01:00: Player "G A T O" (steam64id="76561199207813177") connected to server
00:01:00: Player "[YKZ]-BlackBear" (steam64id="76561198343030820") connected to server
00:01:00: Player "[ONE}Rick" (steam64id="76561198868590548") connected to server
00:01:00: Player "{KMG}fuzil" (steam64id="76561198965933878") connected to server
00:01:00: Player "=G3= wellbert" (steam64id="76561198914685824") connected to server
00:01:00: Player "[DY] CINDERELA" (steam64id="76561199153781943") connected to server
00:01:00: Player "SAVAGE 1991" (steam64id="76561197991029744") connected to server
00:01:05: Player "{KMG}-Rockeiro" (steam64id="76561198928581570") connected to server
00:01:05: Player "{ KMG } - Elguapo" (steam64id="76561198363655296") connected to server
00:01:15: Player "Soft Porn" (steam64id="76561198047309186") connected to server
00:01:15: Player "Passo Largo" (steam64id="76561199203652654") connected to server
00:01:15: Player "Rayning" (steam64id="76561198382100426") connected to server
00:01:15: Player "Malarkey" (steam64id="76561198022370445") connected to server
00:01:15: Player "Bacon-Frito" (steam64id="76561198062307418") connected to server
00:01:20: Player "[ONE] XxibahH" (steam64id="76561198165228070") connected to server
00:01:20: Player "TripaSeca" (steam64id="76561198093060507") connected to server
00:01:20: Player "Biel FxR" (steam64id="76561198050836260") connected to server
00:01:20: Player "ArthemisFall" (steam64id="76561198126997247") connected to server
00:01:25: Player "AiPolly" (steam64id="76561198072574279") connected to server
00:01:25: Player "Alexidot" (steam64id="76561198161940404") connected to server
00:01:25: Player "Mozzart" (steam64id="76561198122962290") connected to server
00:01:30: Player "Mein" (steam64id="76561198840453785") connected to server
00:01:35: Player "ragito" (steam64id="76561198143718624") connected to server
00:01:35: Player "[ONE] KARABULJHAN" (steam64id="76561198100527842") connected to server
00:01:35: Player "Felipe" (steam64id="76561198145846598") connected to server
00:01:35: Player "Lobo Sentado" (steam64id="76561198138311400") connected to server
00:01:40: Player "=G3= Chupo no sigilo " (steam64id="76561199037080751") connected to server
00:01:40: Player "romimmoss" (steam64id="76561198282777734") connected to server
00:01:40: Player "Tappes" (steam64id="76561198990092287") connected to server
00:01:45: Player "[YAKUZA] -Roger" (steam64id="76561198152624992") connected to server
00:02:00: Player "Leon" (steam64id="76561198043057028") connected to server
00:02:35: Player "PapaMikeeSC" (steam64id="76561198807571031") connected to server
00:02:40: Player "[KMG] Smifts" (steam64id="76561198304844319") connected to server
00:02:55: Player "Sainty" (steam64id="76561198194180314") connected to server
00:03:00: Player "pedrobala" (steam64id="76561198046653521") connected to server
00:03:30: Player "Sainty" (steam64id="76561198194180314") disconnected from server
00:06:30: Player "o velho peludo" (steam64id="76561198843547059") connected to server
00:06:40: Player "AslanX" (steam64id="76561198989062719") connected to server
00:07:25: Player "CHASER?" (steam64id="76561198246131158") connected to server
00:07:35: Player "?? Prince#4184" (steam64id="76561198199985663") connected to server
00:07:35: Player "AslanX" (steam64id="76561198989062719") disconnected from server
00:09:05: Player "Kenne" (steam64id="76561199162256124") connected to server
00:10:50: Player "[DY] CINDERELA" (steam64id="76561199153781943") disconnected from server
00:11:25: Player "[DY] CINDERELA" (steam64id="76561199153781943") connected to server
00:12:15: Player "KOREA" (steam64id="76561198253386609") connected to server
00:14:10: Player "Mein" (steam64id="76561198840453785") disconnected from server
00:14:20: Player "=G3= wellbert" (steam64id="76561198914685824") disconnected from server
00:16:10: Player "Leon" (steam64id="76561198043057028") disconnected from server
00:17:00: Player "Leon" (steam64id="76561198043057028") connected to server
00:17:05: Player "Hiokiri_" (steam64id="76561198189143650") connected to server
00:20:05: Player "KOREA" (steam64id="76561198253386609") disconnected from server
00:22:10: Player "Hiokiri_" (steam64id="76561198189143650") disconnected from server
00:24:20: Player "Hitokiri_" (steam64id="76561198189143650") connected to server
00:26:30: Player "Jhonesf" (steam64id="76561198084786756") connected to server
00:31:10: Player "Brimenx" (steam64id="76561198254957758") connected to server
00:31:15: Player "pedrobala" (steam64id="76561198046653521") disconnected from server
00:32:50: Player "Felps do Lanche" (steam64id="76561198116594875") connected to server
00:41:00: Player "Jhonesf" (steam64id="76561198084786756") disconnected from server
00:41:00: Player "[ONE] XxibahH" (steam64id="76561198165228070") disconnected from server
00:42:15: Player "[YAKUZA] -Roger" (steam64id="76561198152624992") disconnected from server
00:42:50: Player "Tappes" (steam64id="76561198990092287") disconnected from server
00:43:15: Player "Seekerzao" (steam64id="76561198067793781") connected to server
00:45:25: Player "[YKZ]-BlackBear" (steam64id="76561198343030820") disconnected from server
00:48:10: Player "AiPolly" (steam64id="76561198072574279") disconnected from server
00:48:45: Player "AiPolly" (steam64id="76561198072574279") connected to server
00:48:45: Player "[KMG] Smifts" (steam64id="76561198304844319") disconnected from server
00:49:40: Player "{ KMG } - Elguapo" (steam64id="76561198363655296") disconnected from server
00:49:45: Player "{KMG}fuzil" (steam64id="76561198965933878") disconnected from server
00:50:10: Player "PapaMikeeSC" (steam64id="76561198807571031") disconnected from server
00:50:25: Player "{KMG}-Rockeiro" (steam64id="76561198928581570") disconnected from server
00:52:30: Player "ttuker" (steam64id="76561198971813376") connected to server
00:52:30: Player "Charada" (steam64id="76561198034769290") connected to server
00:53:00: Player "Alexidot" (steam64id="76561198161940404") disconnected from server
00:53:20: Player "Jhonesf" (steam64id="76561198084786756") connected to server
00:55:30: Player "DjAzeitona" (steam64id="76561198950594742") connected to server
01:00:25: Player "[L.B] LopesTa " (steam64id="76561198375254083") connected to server
01:02:15: Player "[ONE] KARABULJHAN" (steam64id="76561198100527842") disconnected from server
01:05:55: Player "jhean" (steam64id="76561198819003355") connected to server
01:10:35: Player "Seekerzao" (steam64id="76561198067793781") disconnected from server
01:12:45: Player "thigab4" (steam64id="76561198987629072") connected to server
01:13:10: Player "Lobo Sentado" (steam64id="76561198138311400") disconnected from server
01:13:20: Player "Felps do Lanche" (steam64id="76561198116594875") disconnected from server
01:13:25: Player "Lobo Sentado" (steam64id="76561198138311400") connected to server
01:14:30: Player "TripaSeca" (steam64id="76561198093060507") disconnected from server
01:15:35: Player "samuel2023" (steam64id="76561198387970895") connected to server
01:15:55: Player "Felps do Lanche" (steam64id="76561198116594875") connected to server
01:17:15: Player "Solar" (steam64id="76561199192548757") connected to server
01:24:20: Player "[ONE] KARABULJHAN" (steam64id="76561198100527842") connected to server
01:24:20: Player "[L.B] LopesTa " (steam64id="76561198375254083") disconnected from server
01:24:50: Player "Mozzart" (steam64id="76561198122962290") disconnected from server
01:25:10: Player "DjAzeitona" (steam64id="76561198950594742") disconnected from server
01:26:55: Player "Licao" (steam64id="76561198177924711") connected to server
01:27:20: Player "Mozzart" (steam64id="76561198122962290") connected to server
01:28:55: Player "[ONE] XxibahH" (steam64id="76561198165228070") connected to server
01:32:15: Player "Charada" (steam64id="76561198034769290") disconnected from server
01:32:50: Player "Rayning" (steam64id="76561198382100426") disconnected from server
01:33:50: Player "Mozzart" (steam64id="76561198122962290") disconnected from server
01:33:50: Player "Biel FxR" (steam64id="76561198050836260") disconnected from server
01:33:55: Player "[L.B] SeryD" (steam64id="76561198072791642") connected to server
01:35:05: Player "ragito" (steam64id="76561198143718624") disconnected from server
01:36:56: Player "Tio Ruim" (steam64id="76561199160341599") connected to server
01:38:06: Player "?? Prince#4184" (steam64id="76561198199985663") disconnected from server
01:38:26: Player "Lucas Flores" (steam64id="76561198870335908") connected to server
01:43:31: Player "Soft Porn" (steam64id="76561198047309186") disconnected from server
01:43:46: Player "Malarkey" (steam64id="76561198022370445") disconnected from server
01:43:51: Player "?? Prince#4184" (steam64id="76561198199985663") connected to server
01:44:46: Player "?? Prince#4184" (steam64id="76561198199985663") disconnected from server
01:47:26: Player "Lucas Flores" (steam64id="76561198870335908") disconnected from server
01:50:41: Player "jhean" (steam64id="76561198819003355") disconnected from server
01:50:56: Player "Jhonesf" (steam64id="76561198084786756") disconnected from server
01:55:51: Player "CHASER?" (steam64id="76561198246131158") disconnected from server
01:56:56: Player "G A T O" (steam64id="76561199207813177") disconnected from server
01:57:21: Player "G A T O" (steam64id="76561199207813177") connected to server
01:57:41: Player "Passo Largo" (steam64id="76561199203652654") disconnected from server
01:57:46: Player "[DN]ClownPenis" (steam64id="76561198177285711") connected to server
01:58:01: Player "Kenny" (steam64id="76561198044562814") connected to server
02:01:06: Player "[ONE] XxibahH" (steam64id="76561198165228070") disconnected from server
02:02:06: Player "[ONE}Rick" (steam64id="76561198868590548") disconnected from server
02:02:36: Player "[DY] CINDERELA" (steam64id="76561199153781943") disconnected from server
02:03:31: Player "ttuker" (steam64id="76561198971813376") disconnected from server
02:03:56: Player "Felipe" (steam64id="76561198145846598") disconnected from server
02:04:16: Player "Felipe" (steam64id="76561198145846598") connected to server
02:05:26: Player "romimmoss" (steam64id="76561198282777734") disconnected from server
02:05:56: Player "Kenne" (steam64id="76561199162256124") disconnected from server
02:07:01: Player "Bacon-Frito" (steam64id="76561198062307418") disconnected from server
02:07:31: Player "[ONE] JAPA" (steam64id="76561198161060673") disconnected from server
02:12:51: Player "[ONE}Rick" (steam64id="76561198868590548") connected to server
02:14:36: Player "[ONE] JAPA" (steam64id="76561198161060673") connected to server
02:15:26: Player "[DY] CINDERELA" (steam64id="76561199153781943") connected to server
02:17:41: Player "Fritas" (steam64id="76561198148172018") connected to server
02:18:51: Player "Licao" (steam64id="76561198177924711") disconnected from server
02:19:56: Player "Fritas" (steam64id="76561198148172018") disconnected from server
02:20:06: Player "(MUC) MR.R" (steam64id="76561198076167542") connected to server
02:20:46: Player "Kenny" (steam64id="76561198044562814") disconnected from server
02:21:01: Player "Hungus" (steam64id="76561198090247662") connected to server
02:22:11: Player "[DN]ClownPenis" (steam64id="76561198177285711") disconnected from server
02:22:26: Player "fritass" (steam64id="76561198148172018") connected to server
02:22:31: Player "G A T O" (steam64id="76561199207813177") disconnected from server
02:24:21: Player "Felps do Lanche" (steam64id="76561198116594875") disconnected from server
02:24:46: Player "fritass" (steam64id="76561198148172018") disconnected from server
02:25:06: Player "[ONE] JAPA" (steam64id="76561198161060673") disconnected from server
02:25:31: Player "[ONE] JAPA" (steam64id="76561198161060673") connected to server
02:26:36: Player "Brimenx" (steam64id="76561198254957758") disconnected from server
02:28:11: Player "KOREA" (steam64id="76561198253386609") connected to server
02:29:46: Player "[L.B] SeryD" (steam64id="76561198072791642") disconnected from server
02:34:16: Player "Charada" (steam64id="76561198034769290") connected to server
02:34:46: Player "G A T O" (steam64id="76561199207813177") connected to server
02:37:41: Player "Fritas" (steam64id="76561198148172018") connected to server
02:40:56: Player "Charada" (steam64id="76561198034769290") disconnected from server
02:40:56: Player "Fritas" (steam64id="76561198148172018") disconnected from server
02:41:41: Player "Duerowww" (steam64id="76561198259492425") connected to server
02:41:46: Player "ttuker" (steam64id="76561198971813376") connected to server
02:43:41: Player "(MUC) MR.R" (steam64id="76561198076167542") disconnected from server
02:43:46: Player "o velho peludo" (steam64id="76561198843547059") disconnected from server
02:44:16: Player "AiPolly" (steam64id="76561198072574279") disconnected from server
02:46:16: Player "=G3= Chupo no sigilo " (steam64id="76561199037080751") disconnected from server
02:51:51: Player "SAVAGE 1991" (steam64id="76561197991029744") disconnected from server
02:52:26: Player "ArthemisFall" (steam64id="76561198126997247") disconnected from server
02:55:11: Player "thigab4" (steam64id="76561198987629072") disconnected from server
02:55:21: Player "KOREA" (steam64id="76561198253386609") disconnected from server
02:55:41: Player "KOREA" (steam64id="76561198253386609") connected to server
02:55:46: Player "thigab4" (steam64id="76561198987629072") connected to server
02:56:51: Player "KOREA" (steam64id="76561198253386609") disconnected from server
02:57:06: Player "KOREA" (steam64id="76561198253386609") connected to server
03:01:36: Player "KOREA" (steam64id="76561198253386609") disconnected from server
03:02:11: Player "KOREA" (steam64id="76561198253386609") connected to server
03:07:56: Player "KOREA" (steam64id="76561198253386609") disconnected from server
03:18:41: Player "Felipe" (steam64id="76561198145846598") disconnected from server
03:19:26: Player "Leon" (steam64id="76561198043057028") disconnected from server
03:25:11: Player "Lobo Sentado" (steam64id="76561198138311400") disconnected from server
03:25:16: Player "Hitokiri_" (steam64id="76561198189143650") disconnected from server
03:26:21: Player "[ONE}Rick" (steam64id="76561198868590548") disconnected from server
03:39:36: Player "Tio Ruim" (steam64id="76561199160341599") disconnected from server
03:39:56: Player "Solar" (steam64id="76561199192548757") disconnected from server
03:40:01: Player "thigab4" (steam64id="76561198987629072") disconnected from server
03:59:06: Player "[ONE] JAPA" (steam64id="76561198161060673") disconnected from server
03:59:06: Player "Duerowww" (steam64id="76561198259492425") disconnected from server
03:59:06: Player "[ONE] KARABULJHAN" (steam64id="76561198100527842") disconnected from server
03:59:06: Player "G A T O" (steam64id="76561199207813177") disconnected from server
03:59:06: Player "Hungus" (steam64id="76561198090247662") disconnected from server
03:59:06: Player "[DY] CINDERELA" (steam64id="76561199153781943") disconnected from server
03:59:06: Player "ttuker" (steam64id="76561198971813376") disconnected from server
03:59:06: Player "samuel2023" (steam64id="76561198387970895") disconnected from server
04:01:05: Player "[ONE] JAPA" (steam64id="76561198161060673") connected to server
04:01:05: Player "Hungus" (steam64id="76561198090247662") connected to server
04:01:25: Player "[ONE] KARABULJHAN" (steam64id="76561198100527842") connected to server
04:01:25: Player "Duerowww" (steam64id="76561198259492425") connected to server
04:06:40: Player "[ONE] JAPA" (steam64id="76561198161060673") disconnected from server
04:07:25: Player "Duerowww" (steam64id="76561198259492425") disconnected from server
04:12:10: Player "Hungus" (steam64id="76561198090247662") disconnected from server
04:21:35: Player "[ONE] KARABULJHAN" (steam64id="76561198100527842") disconnected from server
05:04:30: Player "TcheLoco" (steam64id="76561198099449370") connected to server
05:15:35: Player "TcheLoco" (steam64id="76561198099449370") disconnected from server
05:49:15: Player "Duerowww" (steam64id="76561198259492425") connected to server
07:01:40: Player "=FURY= Biribinha" (steam64id="76561199031638818") connected to server
07:19:25: Player "=FURY= Biribinha" (steam64id="76561199031638818") disconnected from server
07:23:15: Player "Claudinha" (steam64id="76561198057660141") connected to server
07:33:50: Player "{KMG}fuzil" (steam64id="76561198965933878") connected to server
07:49:16: Player "Duerowww" (steam64id="76561198259492425") disconnected from server
07:57:41: Player "[L.B] Santorin" (steam64id="76561199069721527") connected to server
07:59:06: Player "{KMG}fuzil" (steam64id="76561198965933878") disconnected from server
07:59:06: Player "Claudinha" (steam64id="76561198057660141") disconnected from server
07:59:06: Player "[L.B] Santorin" (steam64id="76561199069721527") disconnected from server
08:01:06: Player "Claudinha" (steam64id="76561198057660141") connected to server
08:01:11: Player "[L.B] Santorin" (steam64id="76561199069721527") connected to server
08:02:51: Player "[L.B] ploodrinny" (steam64id="76561198312062387") connected to server
08:10:11: Player "Tappes" (steam64id="76561198990092287") connected to server
08:20:01: Player "Tappes" (steam64id="76561198990092287") disconnected from server
08:38:26: Player "[L.B] Santorin" (steam64id="76561199069721527") disconnected from server
08:38:41: Player "[L.B] Santorin" (steam64id="76561199069721527") connected to server
08:49:51: Player "Tappes" (steam64id="76561198990092287") connected to server
08:55:41: Player "Heitorzin213" (steam64id="76561198193289078") connected to server
08:57:36: Player "[ONE}Rick" (steam64id="76561198868590548") connected to server
08:59:11: Player "Heitorzin213" (steam64id="76561198193289078") disconnected from server
08:59:56: Player "Heitorzin213" (steam64id="76561198193289078") connected to server
09:01:36: Player "Leandro Silva" (steam64id="76561199173930571") connected to server
09:12:56: Player "[L.B] Lrk" (steam64id="76561198021843024") connected to server
09:18:36: Player "[L.B] Lrk" (steam64id="76561198021843024") disconnected from server
09:19:16: Player "[L.B]TropaDoEnguisa" (steam64id="76561198211423224") connected to server
09:59:36: Player "Blackhalkk" (steam64id="76561198067496371") connected to server
10:00:46: Player "[L.B] LopesTa " (steam64id="76561198375254083") connected to server
10:00:46: Player "ttuker" (steam64id="76561198971813376") connected to server
10:01:06: Player "RonaldoHell" (steam64id="76561198067535800") connected to server
10:12:11: Player "[ONE] PORVINHA" (steam64id="76561198426990483") connected to server
10:16:51: Player "[ONE] XxibahH" (steam64id="76561198165228070") connected to server
10:17:21: Player "[ONE] XxibahH" (steam64id="76561198165228070") disconnected from server
10:26:16: Player "[L.B] Lrk" (steam64id="76561198021843024") connected to server
10:29:46: Player "[ONE] XxibahH" (steam64id="76561198165228070") connected to server
10:35:21: Player "Claudinha" (steam64id="76561198057660141") disconnected from server
10:43:56: Player "Seekerzao" (steam64id="76561198067793781") connected to server
10:47:46: Player "Heitorzin213" (steam64id="76561198193289078") disconnected from server
10:49:51: Player "[L.B] SeryD" (steam64id="76561198072791642") connected to server
10:50:11: Player "[L.B] Santorin" (steam64id="76561199069721527") disconnected from server
10:50:46: Player "EPHESTUS" (steam64id="76561198880881486") connected to server
10:54:51: Player "MacLovin" (steam64id="76561199068236803") connected to server
10:55:31: Player "Dixxt" (steam64id="76561199159398540") connected to server
10:57:31: Player "Rafa" (steam64id="76561198075251096") connected to server
10:58:36: Player "MacLovin" (steam64id="76561199068236803") disconnected from server
10:59:21: Player "MacLovin" (steam64id="76561199068236803") connected to server
11:01:41: Player "SthephanyeFuracao" (steam64id="76561199207813177") connected to server
11:01:56: Player "Leandro Silva" (steam64id="76561199173930571") disconnected from server
11:02:31: Player "Rafa" (steam64id="76561198075251096") disconnected from server
11:03:36: Player "Tappes" (steam64id="76561198990092287") disconnected from server
11:06:11: Player "[L.B]TropaDoEnguisa" (steam64id="76561198211423224") disconnected from server
11:06:11: Player "ttuker" (steam64id="76561198971813376") disconnected from server
11:06:36: Player "[L.B] ploodrinny" (steam64id="76561198312062387") disconnected from server
11:07:26: Player "[L.B]TropaDoEnguisa" (steam64id="76561198211423224") connected to server
11:08:06: Player "EPHESTUS" (steam64id="76561198880881486") disconnected from server
11:14:21: Player "[L.B] ploodrinny" (steam64id="76561198312062387") connected to server
11:19:41: Player "kla" (steam64id="76561199169771596") connected to server
11:20:41: Player "Blackhalkk" (steam64id="76561198067496371") disconnected from server
11:20:46: Player "RonaldoHell" (steam64id="76561198067535800") disconnected from server
11:22:16: Player "[L.B] Santorin" (steam64id="76561199069721527") connected to server
11:26:01: Player "[L.B] Lrk" (steam64id="76561198021843024") disconnected from server
11:26:21: Player "Foikar" (steam64id="76561199156649696") connected to server
11:26:26: Player "[L.B]TropaDoEnguisa" (steam64id="76561198211423224") disconnected from server
11:26:51: Player "[YKZ] Felps" (steam64id="76561198892779186") connected to server
11:30:31: Player "Foikar" (steam64id="76561199156649696") disconnected from server
11:30:46: Player "[L.B]TropaDoEnguisa" (steam64id="76561198211423224") connected to server
11:35:06: Player "[ONE}Rick" (steam64id="76561198868590548") disconnected from server
11:35:16: Player "lobinhooou" (steam64id="76561198308387139") connected to server
11:35:31: Player "[ONE] XxibahH" (steam64id="76561198165228070") disconnected from server
11:36:01: Player "lobinhooou" (steam64id="76561198308387139") disconnected from server
11:36:51: Player "lobinhooou" (steam64id="76561198308387139") connected to server
11:40:31: Player "[ONE] PORVINHA" (steam64id="76561198426990483") disconnected from server
11:43:06: Player "BullenAugen" (steam64id="76561198151728991") connected to server
11:47:36: Player "[L.B]TropaDoEnguisa" (steam64id="76561198211423224") disconnected from server
11:48:21: Player "Diplomat" (steam64id="76561198258129233") connected to server
11:58:46: Player "Diplomat" (steam64id="76561198258129233") disconnected from server
11:59:06: Player "[L.B] SeryD" (steam64id="76561198072791642") disconnected from server
11:59:06: Player "[L.B] Santorin" (steam64id="76561199069721527") disconnected from server
11:59:06: Player "[YKZ] Felps" (steam64id="76561198892779186") disconnected from server
11:59:06: Player "Seekerzao" (steam64id="76561198067793781") disconnected from server
11:59:06: Player "Dixxt" (steam64id="76561199159398540") disconnected from server
11:59:06: Player "lobinhooou" (steam64id="76561198308387139") disconnected from server
11:59:06: Player "MacLovin" (steam64id="76561199068236803") disconnected from server
11:59:06: Player "SthephanyeFuracao" (steam64id="76561199207813177") disconnected from server
11:59:06: Player "[L.B] ploodrinny" (steam64id="76561198312062387") disconnected from server
11:59:06: Player "kla" (steam64id="76561199169771596") disconnected from server
11:59:06: Player "[L.B] LopesTa " (steam64id="76561198375254083") disconnected from server
11:59:06: Player "BullenAugen" (steam64id="76561198151728991") disconnected from server
12:01:01: Player "[L.B] Santorin" (steam64id="76561199069721527") connected to server
12:01:01: Player "Seekerzao" (steam64id="76561198067793781") connected to server
12:01:06: Player "lobinhooou" (steam64id="76561198308387139") connected to server
12:01:11: Player "[L.B] SeryD" (steam64id="76561198072791642") connected to server
12:01:11: Player "[L.B] ploodrinny" (steam64id="76561198312062387") connected to server
12:01:21: Player "[L.B] LopesTa " (steam64id="76561198375254083") connected to server
12:01:21: Player "TcheLoco" (steam64id="76561198099449370") connected to server
12:01:31: Player "[YKZ] Felps" (steam64id="76561198892779186") connected to server
12:01:31: Player "[L.B]TropaDoEnguisa" (steam64id="76561198211423224") connected to server
12:01:36: Player "Emissarius" (steam64id="76561198271087379") connected to server
12:03:06: Player "[HORDA]ThiagoPenna" (steam64id="76561198218822351") connected to server
12:03:21: Player "EPHESTUS" (steam64id="76561198880881486") connected to server
12:03:56: Player "[ORDA]KAS" (steam64id="76561199202697738") connected to server
12:04:36: Player "netttto no drip" (steam64id="76561198859086815") connected to server
12:04:56: Player "Diplomat" (steam64id="76561198258129233") connected to server
12:07:21: Player "[YKZ]-BlackBear" (steam64id="76561198343030820") connected to server
12:07:26: Player "Diplomat" (steam64id="76561198258129233") disconnected from server
12:10:01: Player "SniperX" (steam64id="76561199206798095") connected to server
12:10:01: Player "[L.B] ploodrinny" (steam64id="76561198312062387") disconnected from server
12:10:21: Player "Rengaw91" (steam64id="76561198206465027") connected to server
12:10:31: Player "[L.B] ploodrinny" (steam64id="76561198312062387") connected to server
12:11:51: Player "MuFeTe De FrAnGo" (steam64id="76561199018026908") connected to server
12:12:41: Player "[L.B]TropaDoEnguisa" (steam64id="76561198211423224") disconnected from server
12:13:16: Player "[L.B] Santorin" (steam64id="76561199069721527") disconnected from server
12:15:31: Player "Diplomat" (steam64id="76561198258129233") connected to server
12:15:56: Player "[L.B] Santorin" (steam64id="76561199069721527") connected to server
12:20:41: Player "kla" (steam64id="76561199169771596") connected to server
12:21:06: Player "EPHESTUS" (steam64id="76561198880881486") disconnected from server
12:23:41: Player "TripaSeca" (steam64id="76561198093060507") connected to server
12:25:56: Player "Emissarius" (steam64id="76561198271087379") disconnected from server
12:26:11: Player "Emissarius" (steam64id="76561198271087379") connected to server
12:26:26: Player "TcheLoco" (steam64id="76561198099449370") disconnected from server
12:32:11: Player "Emissarius" (steam64id="76561198271087379") disconnected from server
12:32:21: Player "Emissarius" (steam64id="76561198271087379") connected to server
12:32:46: Player "Diplomat" (steam64id="76561198258129233") disconnected from server
12:34:16: Player "chron1c" (steam64id="76561198205585613") connected to server
12:37:51: Player "[ORDA]KAS" (steam64id="76561199202697738") disconnected from server
12:40:46: Player "{ KMG } - Elguapo" (steam64id="76561198363655296") connected to server
12:42:31: Player "pedrobala" (steam64id="76561198046653521") connected to server
12:44:21: Player "OZIEL" (steam64id="76561199063596086") connected to server
12:48:21: Player "Diplomat" (steam64id="76561198258129233") connected to server
12:50:21: Player "[L.B] LopesTa " (steam64id="76561198375254083") disconnected from server
12:51:06: Player "[HORDA]ThiagoPenna" (steam64id="76561198218822351") disconnected from server
12:53:51: Player "[L.B] SeryD" (steam64id="76561198072791642") disconnected from server
12:53:56: Player "chron1c" (steam64id="76561198205585613") disconnected from server
12:54:06: Player "Emissarius" (steam64id="76561198271087379") disconnected from server
12:54:36: Player "johanmarchi" (steam64id="76561198958002865") connected to server
12:54:41: Player "Emissarius" (steam64id="76561198271087379") connected to server
12:55:16: Player "[YKZ] chron1c" (steam64id="76561198205585613") connected to server
12:56:06: Player "{ KMG } - Elguapo" (steam64id="76561198363655296") disconnected from server
13:02:16: Player "KOREA" (steam64id="76561198253386609") connected to server
13:10:16: Player "Charada" (steam64id="76561198034769290") connected to server
13:11:06: Player "[L.B] LopesTa " (steam64id="76561198375254083") connected to server
13:12:41: Player "johanmarchi" (steam64id="76561198958002865") disconnected from server
13:13:11: Player "[L.B]TropaDoEnguisa" (steam64id="76561198211423224") connected to server
13:13:56: Player "BielaTorta" (steam64id="76561198115491145") connected to server
13:16:16: Player "[L.B] SeryD" (steam64id="76561198072791642") connected to server
13:16:26: Player "KOREA" (steam64id="76561198253386609") disconnected from server
13:16:41: Player "[L.B]Hunter" (steam64id="76561199247778251") connected to server
13:18:31: Player "lobinhooou" (steam64id="76561198308387139") disconnected from server
13:20:26: Player "Rengaw91" (steam64id="76561198206465027") disconnected from server
13:20:36: Player "{ KMG } - Elguapo" (steam64id="76561198363655296") connected to server
13:20:51: Player "Rengaw91" (steam64id="76561198206465027") connected to server
13:21:06: Player "Charada" (steam64id="76561198034769290") disconnected from server
13:21:46: Player "Rengaw91" (steam64id="76561198206465027") disconnected from server
13:22:26: Player "Troollzera" (steam64id="76561198841599033") connected to server
13:23:31: Player "pedrobala" (steam64id="76561198046653521") disconnected from server
13:23:56: Player "[L.B]TropaDoEnguisa" (steam64id="76561198211423224") disconnected from server
13:24:56: Player "pedrobala" (steam64id="76561198046653521") connected to server
13:25:21: Player "Troollzera" (steam64id="76561198841599033") disconnected from server
13:25:46: Player "Troollzera" (steam64id="76561198841599033") connected to server
13:26:41: Player "ttuker" (steam64id="76561198971813376") connected to server
13:28:26: Player "{ KMG } - Elguapo" (steam64id="76561198363655296") disconnected from server
13:35:41: Player "FuKuTa" (steam64id="76561198038213605") connected to server
13:36:11: Player "ttuker" (steam64id="76561198971813376") disconnected from server
13:36:11: Player "OZIEL" (steam64id="76561199063596086") disconnected from server
13:38:41: Player "FuKuTa" (steam64id="76561198038213605") disconnected from server
13:40:11: Player "[YKZ] chron1c" (steam64id="76561198205585613") disconnected from server
13:40:16: Player "MuFeTe De FrAnGo" (steam64id="76561199018026908") disconnected from server
13:43:11: Player "Badblack_" (steam64id="76561198426800856") connected to server
13:48:21: Player "FuKuTa" (steam64id="76561198038213605") connected to server
13:48:41: Player "[YKZ]-Notsniw" (steam64id="76561197967151252") connected to server
13:49:21: Player "[ORDA]KAS" (steam64id="76561199202697738") connected to server
13:50:26: Player "OZIEL" (steam64id="76561199063596086") connected to server
13:51:01: Player "Joga" (steam64id="76561198991013190") connected to server
13:51:16: Player "[ORDA]KAS" (steam64id="76561199202697738") disconnected from server
13:52:06: Player "OZIEL" (steam64id="76561199063596086") disconnected from server
13:53:16: Player "SniperX" (steam64id="76561199206798095") disconnected from server
13:53:21: Player "pedrobala" (steam64id="76561198046653521") disconnected from server
13:55:46: Player "netttto no drip" (steam64id="76561198859086815") disconnected from server
13:56:41: Player "Andrews" (steam64id="76561198006484037") connected to server
13:57:31: Player "VII" (steam64id="76561198044408207") connected to server
13:57:31: Player "[ONE] JAPA" (steam64id="76561198161060673") connected to server
13:58:11: Player "Diplomat" (steam64id="76561198258129233") disconnected from server
14:00:06: Player "Badblack_" (steam64id="76561198426800856") disconnected from server
14:01:11: Player "Andrews" (steam64id="76561198006484037") disconnected from server
14:01:41: Player "Leandro Silva" (steam64id="76561199173930571") connected to server
14:02:26: Player "[L.B] ploodrinny" (steam64id="76561198312062387") disconnected from server
14:03:01: Player "GUINHOKL" (steam64id="76561198082904317") connected to server
14:03:06: Player "Andrews" (steam64id="76561198006484037") connected to server
14:03:56: Player "[ONE] JAPA" (steam64id="76561198161060673") disconnected from server
14:05:41: Player "Doploxoown" (steam64id="76561198855301757") connected to server
14:06:56: Player "Leandro Silva" (steam64id="76561199173930571") disconnected from server
14:07:26: Player "|sN| Khiror" (steam64id="76561198076470520") connected to server
14:07:51: Player "|sN| Khiror" (steam64id="76561198076470520") disconnected from server
14:08:01: Player "[HORDA] zBieL" (steam64id="76561198001525812") connected to server
14:11:56: Player "Doploxoown" (steam64id="76561198855301757") disconnected from server
14:14:26: Player "GUINHOKL" (steam64id="76561198082904317") disconnected from server
14:18:46: Player "Xernous" (steam64id="76561198855363026") connected to server
14:20:01: Player "FuKuTa" (steam64id="76561198038213605") disconnected from server
14:20:16: Player "Link" (steam64id="76561198094550935") connected to server
14:21:01: Player "anjo_pgimeu_caolho" (steam64id="76561198124651134") connected to server
14:22:01: Player "[L.B] ploodrinny" (steam64id="76561198312062387") connected to server
14:24:11: Player "Joga" (steam64id="76561198991013190") disconnected from server
14:27:16: Player "{ KMG } - Elguapo" (steam64id="76561198363655296") connected to server
14:28:21: Player "titon" (steam64id="76561198229933524") connected to server
14:29:31: Player "[ONE] PORVINHA" (steam64id="76561198426990483") connected to server
14:31:01: Player "Heitorzin213" (steam64id="76561198193289078") connected to server
14:31:01: Player "Tappes" (steam64id="76561198990092287") connected to server
14:37:41: Player "Slayer" (steam64id="76561198841896587") connected to server
14:38:31: Player "Slayer" (steam64id="76561198841896587") disconnected from server
14:40:26: Player "MacLovin" (steam64id="76561199068236803") connected to server
14:41:36: Player "MacLovin" (steam64id="76561199068236803") disconnected from server
14:43:16: Player "Hungus" (steam64id="76561198090247662") connected to server
14:45:11: Player "[HORDA]LUCASBR" (steam64id="76561198973828354") connected to server
14:47:26: Player "[ORDA]KAS" (steam64id="76561199202697738") connected to server
14:47:56: Player "[ORDA]KAS" (steam64id="76561199202697738") disconnected from server
14:48:16: Player "[LGBTQIA+] S T R 1 P P 3 R - S" (steam64id="76561198114043394") connected to server
14:48:21: Player "MacLovin" (steam64id="76561199068236803") connected to server
14:48:31: Player "[ORDA]KAS" (steam64id="76561199202697738") connected to server
14:49:06: Player "[ORDA]KAS" (steam64id="76561199202697738") disconnected from server
14:49:11: Player "MORPHEU" (steam64id="76561198290709952") connected to server
14:49:21: Player "[HORDA]LUCASBR" (steam64id="76561198973828354") disconnected from server
14:49:46: Player "U T R O N" (steam64id="76561198314418555") connected to server
14:51:01: Player "[HORDA]KAS" (steam64id="76561199202697738") connected to server
14:51:21: Player "Zoryugetsu" (steam64id="76561198396604126") connected to server
14:52:01: Player "MacLovin" (steam64id="76561199068236803") disconnected from server
14:52:06: Player "Biel FxR" (steam64id="76561198050836260") connected to server
14:52:56: Player "Assasin_cl" (steam64id="76561198072121203") connected to server
14:54:26: Player "Kevin" (steam64id="76561198063967117") connected to server
14:55:21: Player "Seekerzao" (steam64id="76561198067793781") disconnected from server
14:57:41: Player "[L.B] LopesTa " (steam64id="76561198375254083") disconnected from server
14:59:16: Player "MORPHEU" (steam64id="76561198290709952") disconnected from server
14:59:36: Player "PESADELO" (steam64id="76561199083033045") connected to server
15:00:11: Player "Kevin" (steam64id="76561198063967117") disconnected from server
15:00:46: Player "Kevin" (steam64id="76561198063967117") connected to server
15:02:41: Player "Xernous" (steam64id="76561198855363026") disconnected from server
15:02:56: Player "titon" (steam64id="76561198229933524") disconnected from server
15:04:46: Player "BielaTorta" (steam64id="76561198115491145") disconnected from server
15:04:56: Player "PESADELO" (steam64id="76561199083033045") disconnected from server
15:06:26: Player "Pandamaen" (steam64id="76561198247375848") connected to server
15:06:26: Player "VII" (steam64id="76561198044408207") disconnected from server
15:06:26: Player "Andrews" (steam64id="76561198006484037") disconnected from server
15:06:36: Player "Biel FxR" (steam64id="76561198050836260") disconnected from server
15:06:56: Player "Rengaw91" (steam64id="76561198206465027") connected to server
15:08:16: Player "Vei" (steam64id="76561199151309705") connected to server
15:10:36: Player "TripaSeca" (steam64id="76561198093060507") disconnected from server
15:12:41: Player "[L.B] SeryD" (steam64id="76561198072791642") disconnected from server
15:19:31: Player "Mat*Reis" (steam64id="76561198442072760") connected to server
15:23:41: Player "[YKZ] chron1c" (steam64id="76561198205585613") connected to server
15:24:46: Player "[CLV]-Pain_Obeso" (steam64id="76561199059415820") connected to server
15:25:46: Player "GLORIA GROOVE" (steam64id="76561198836991038") connected to server
15:25:46: Player "Emissarius" (steam64id="76561198271087379") disconnected from server
15:29:06: Player "GLORIA GROOVE" (steam64id="76561198836991038") disconnected from server
15:30:06: Player "GLORIA GROOVE" (steam64id="76561198836991038") connected to server
15:30:41: Player "[L.B] ploodrinny" (steam64id="76561198312062387") disconnected from server
15:35:06: Player "Zoryugetsu" (steam64id="76561198396604126") disconnected from server
15:36:16: Player "Link" (steam64id="76561198094550935") disconnected from server
15:36:31: Player "yoelpixula" (steam64id="76561198965319470") connected to server
15:36:36: Player "[L.B]Hunter" (steam64id="76561199247778251") disconnected from server
15:41:26: Player "TripaSeca" (steam64id="76561198093060507") connected to server
15:41:26: Player "anjo_pgimeu_caolho" (steam64id="76561198124651134") disconnected from server
15:42:11: Player "[ONE}Rick" (steam64id="76561198868590548") connected to server
15:44:21: Player "bifinho" (steam64id="76561198065960720") connected to server
15:44:56: Player "[HORDA]KAS" (steam64id="76561199202697738") disconnected from server
15:45:36: Player "[L.B] Santorin" (steam64id="76561199069721527") disconnected from server
15:45:56: Player "GLORIA GROOVE" (steam64id="76561198836991038") disconnected from server
15:48:01: Player "nivvokiee" (steam64id="76561198287595289") connected to server
15:50:16: Player "[HORDA]ThiagoPenna" (steam64id="76561198218822351") connected to server
15:52:56: Player "Heitorzin213" (steam64id="76561198193289078") disconnected from server
15:53:21: Player "{ KMG } - Elguapo" (steam64id="76561198363655296") disconnected from server
15:54:01: Player "bifinho" (steam64id="76561198065960720") disconnected from server
15:54:46: Player "Tappes" (steam64id="76561198990092287") disconnected from server
15:54:51: Player "Vei" (steam64id="76561199151309705") disconnected from server
15:55:26: Player "Milanesa do pollo" (steam64id="76561198401310952") connected to server
15:55:51: Player "pedrobala" (steam64id="76561198046653521") connected to server
15:56:11: Player "[YKZ] chron1c" (steam64id="76561198205585613") disconnected from server
15:57:06: Player "Manoelcsn" (steam64id="76561198156900367") connected to server
15:57:36: Player "pedrobala" (steam64id="76561198046653521") disconnected from server
15:59:06: Player "TripaSeca" (steam64id="76561198093060507") disconnected from server
15:59:06: Player "Pandamaen" (steam64id="76561198247375848") disconnected from server
15:59:06: Player "[YKZ] Felps" (steam64id="76561198892779186") disconnected from server
15:59:06: Player "[LGBTQIA+] S T R 1 P P 3 R - S" (steam64id="76561198114043394") disconnected from server
15:59:06: Player "Rengaw91" (steam64id="76561198206465027") disconnected from server
15:59:06: Player "yoelpixula" (steam64id="76561198965319470") disconnected from server
15:59:06: Player "[ONE] PORVINHA" (steam64id="76561198426990483") disconnected from server
15:59:06: Player "Milanesa do pollo" (steam64id="76561198401310952") disconnected from server
15:59:06: Player "Troollzera" (steam64id="76561198841599033") disconnected from server
15:59:06: Player "Hungus" (steam64id="76561198090247662") disconnected from server
15:59:06: Player "Mat*Reis" (steam64id="76561198442072760") disconnected from server
15:59:06: Player "Manoelcsn" (steam64id="76561198156900367") disconnected from server
15:59:06: Player "[CLV]-Pain_Obeso" (steam64id="76561199059415820") disconnected from server
15:59:06: Player "U T R O N" (steam64id="76561198314418555") disconnected from server
15:59:06: Player "[YKZ]-Notsniw" (steam64id="76561197967151252") disconnected from server
15:59:06: Player "nivvokiee" (steam64id="76561198287595289") disconnected from server
15:59:06: Player "[HORDA] zBieL" (steam64id="76561198001525812") disconnected from server
15:59:06: Player "[YKZ]-BlackBear" (steam64id="76561198343030820") disconnected from server
15:59:06: Player "[ONE}Rick" (steam64id="76561198868590548") disconnected from server
15:59:06: Player "kla" (steam64id="76561199169771596") disconnected from server
15:59:06: Player "[HORDA]ThiagoPenna" (steam64id="76561198218822351") disconnected from server
15:59:06: Player "Kevin" (steam64id="76561198063967117") disconnected from server
15:59:06: Player "Assasin_cl" (steam64id="76561198072121203") disconnected from server
16:01:08: Player "[ONE}Rick" (steam64id="76561198868590548") connected to server
16:01:08: Player "Mat*Reis" (steam64id="76561198442072760") connected to server
16:01:08: Player "Kevin" (steam64id="76561198063967117") connected to server
16:01:08: Player "Assasin_cl" (steam64id="76561198072121203") connected to server
16:01:08: Player "[LGBTQIA+] S T R 1 P P 3 R - S" (steam64id="76561198114043394") connected to server
16:01:13: Player "[ONE] PORVINHA" (steam64id="76561198426990483") connected to server
16:01:13: Player "[YKZ] Felps" (steam64id="76561198892779186") connected to server
16:01:13: Player "Biel FxR" (steam64id="76561198050836260") connected to server
16:01:13: Player "[YKZ]-BlackBear" (steam64id="76561198343030820") connected to server
16:01:18: Player "Troollzera" (steam64id="76561198841599033") connected to server
16:01:18: Player "Manoelcsn" (steam64id="76561198156900367") connected to server
16:01:23: Player "[HORDA] zBieL" (steam64id="76561198001525812") connected to server
16:01:38: Player "Milanesa do pollo" (steam64id="76561198401310952") connected to server
16:01:48: Player "TripaSeca" (steam64id="76561198093060507") connected to server
16:01:48: Player "U T R O N" (steam64id="76561198314418555") connected to server
16:01:53: Player "[YKZ] Notsniw" (steam64id="76561197967151252") connected to server
16:02:03: Player "[HORDA]ThiagoPenna" (steam64id="76561198218822351") connected to server
16:02:13: Player "nivvokiee" (steam64id="76561198287595289") connected to server
16:02:18: Player "Hungus" (steam64id="76561198090247662") connected to server
16:02:38: Player "Luska" (steam64id="76561198099970604") connected to server
16:03:43: Player "[YKZ] pedrobala" (steam64id="76561198046653521") connected to server
16:05:28: Player "Mat*Reis" (steam64id="76561198442072760") disconnected from server
16:05:58: Player "kla" (steam64id="76561199169771596") connected to server
16:06:43: Player "TeuSDek" (steam64id="76561198394822113") connected to server
16:06:58: Player "[HORDA]intersandro" (steam64id="76561199214798198") connected to server
16:07:38: Player "[LGBTQIA+] Alti" (steam64id="76561199235859883") connected to server
16:08:08: Player "Jaba" (steam64id="76561199028346724") connected to server
16:08:38: Player "[HORDA]LUCASBR" (steam64id="76561198973828354") connected to server
16:13:13: Player "Hacan121" (steam64id="76561198345012092") connected to server
16:13:23: Player "Kevin" (steam64id="76561198063967117") disconnected from server
16:13:58: Player "Assasin_cl" (steam64id="76561198072121203") disconnected from server
16:16:08: Player "MyAimTrash_i Know" (steam64id="76561199029793698") connected to server
16:20:33: Player "Pandamaen" (steam64id="76561198247375848") connected to server
16:21:28: Player "Emissarius" (steam64id="76561198271087379") connected to server
16:36:08: Player "anjo_pgimeu_caolho" (steam64id="76561198124651134") connected to server
16:36:23: Player "U T R O N" (steam64id="76561198314418555") disconnected from server
16:42:03: Player "U T R O N" (steam64id="76561198314418555") connected to server
16:42:03: Player "MenoDuLins" (steam64id="76561198057614573") connected to server
16:42:08: Player "cidadao  " (steam64id="76561199115414359") connected to server
16:44:13: Player "Betinho_maluco" (steam64id="76561198057627157") connected to server
16:47:13: Player "Plugue de Tomada" (steam64id="76561198311278343") connected to server
16:47:33: Player "Manoelcsn" (steam64id="76561198156900367") disconnected from server
16:50:13: Player "Plugue de Tomada" (steam64id="76561198311278343") disconnected from server
16:50:28: Player "Plugue de Tomada" (steam64id="76561198311278343") connected to server
16:52:03: Player "Troollzera" (steam64id="76561198841599033") disconnected from server
16:54:13: Player "Pandamaen" (steam64id="76561198247375848") disconnected from server
16:55:23: Player "GLORIA GROOVE" (steam64id="76561198836991038") connected to server
16:55:53: Player "GLORIA GROOVE" (steam64id="76561198836991038") disconnected from server
16:57:18: Player "Juninho Matador" (steam64id="76561198388298348") connected to server
16:57:18: Player "Hungus" (steam64id="76561198090247662") disconnected from server
16:59:03: Player "Emissarius" (steam64id="76561198271087379") disconnected from server
16:59:23: Player "Emissarius" (steam64id="76561198271087379") connected to server
17:00:23: Player "Manoelcsn" (steam64id="76561198156900367") connected to server
17:01:48: Player "Tifa Lockheart" (steam64id="76561198171865554") connected to server
17:02:28: Player "Hungus" (steam64id="76561198090247662") connected to server
17:02:53: Player "Tifa Lockheart" (steam64id="76561198171865554") disconnected from server
17:03:03: Player "[YKZ] Felps" (steam64id="76561198892779186") disconnected from server
17:03:08: Player "Juninho Matador" (steam64id="76561198388298348") disconnected from server
17:03:48: Player "Juninho Matador" (steam64id="76561198388298348") connected to server
17:04:18: Player "Mat*Reis" (steam64id="76561198442072760") connected to server
17:06:23: Player "Mat*Reis" (steam64id="76561198442072760") disconnected from server
17:08:08: Player "Troollzera" (steam64id="76561198841599033") connected to server
17:10:23: Player "Milanesa do pollo" (steam64id="76561198401310952") disconnected from server
17:10:53: Player "Plugue de Tomada" (steam64id="76561198311278343") disconnected from server
17:11:48: Player "Manoelcsn" (steam64id="76561198156900367") disconnected from server
17:11:53: Player "{ KMG } - Elguapo" (steam64id="76561198363655296") connected to server
17:12:18: Player "vastabyis" (steam64id="76561198213894597") connected to server
17:13:13: Player "{KMG}fuzil" (steam64id="76561198965933878") connected to server
17:19:18: Player "Hungus" (steam64id="76561198090247662") disconnected from server
17:21:38: Player "{ KMG } - Elguapo" (steam64id="76561198363655296") disconnected from server
17:22:23: Player "MacLovin" (steam64id="76561199068236803") connected to server
17:22:43: Player "AnUb1z" (steam64id="76561198028570443") connected to server
17:23:48: Player "Duerowww" (steam64id="76561198259492425") connected to server
17:23:58: Player "cidadao  " (steam64id="76561199115414359") disconnected from server
17:25:48: Player "cidadao  " (steam64id="76561199115414359") connected to server
17:26:08: Player "[LGBTQIA+] S T R 1 P P 3 R - S" (steam64id="76561198114043394") disconnected from server
17:27:53: Player "Rengaw91" (steam64id="76561198206465027") connected to server
17:28:58: Player "alxfilipe" (steam64id="76561198330483124") connected to server
17:30:08: Player "TeuSDek" (steam64id="76561198394822113") disconnected from server
17:31:08: Player "TeuSDek" (steam64id="76561198394822113") connected to server
17:32:53: Player "[CFBR] lost" (steam64id="76561198131682973") connected to server
17:33:08: Player "cidadao  " (steam64id="76561199115414359") disconnected from server
17:33:23: Player "cidadao  " (steam64id="76561199115414359") connected to server
17:34:08: Player "Duerowww" (steam64id="76561198259492425") disconnected from server
17:34:13: Player "MacLovin" (steam64id="76561199068236803") disconnected from server
17:34:38: Player "MacLovin" (steam64id="76561199068236803") connected to server
17:36:23: Player "MacLovin" (steam64id="76561199068236803") disconnected from server
17:37:03: Player "CrissBernal" (steam64id="76561198020173542") connected to server
17:37:53: Player "[TEC]-TROPAcwb" (steam64id="76561198852436626") connected to server
17:42:03: Player "MacLovin" (steam64id="76561199068236803") connected to server
17:42:03: Player "ALEMAS" (steam64id="76561198062186745") connected to server
17:42:58: Player "[HORDA]intersandro" (steam64id="76561199214798198") disconnected from server
17:43:03: Player "MacLovin" (steam64id="76561199068236803") disconnected from server
17:44:13: Player "Camarada_Bereta" (steam64id="76561198303742042") connected to server
17:44:18: Player "Mat*Reis" (steam64id="76561198442072760") connected to server
17:44:43: Player "MenoDuLins" (steam64id="76561198057614573") disconnected from server
17:44:48: Player "[TEC]-TROPAcwb" (steam64id="76561198852436626") disconnected from server
17:45:08: Player "TripaSeca" (steam64id="76561198093060507") disconnected from server
17:45:08: Player "[HORDA]LUCASBR" (steam64id="76561198973828354") disconnected from server
17:45:33: Player "TeuSDek" (steam64id="76561198394822113") disconnected from server
17:45:43: Player "Betinho_maluco" (steam64id="76561198057627157") disconnected from server
17:45:48: Player "[HORDA]MacLovin" (steam64id="76561199068236803") connected to server
17:46:13: Player "Luska" (steam64id="76561198099970604") disconnected from server
17:46:38: Player "SrAntonio" (steam64id="76561198390347410") connected to server
17:47:28: Player "Pysr" (steam64id="76561198261178182") connected to server
17:47:28: Player "DeluxeSan" (steam64id="76561198401524915") connected to server
17:47:58: Player "DeluxeSan" (steam64id="76561198401524915") disconnected from server
17:52:28: Player "[HORDA]MacLovin" (steam64id="76561199068236803") disconnected from server
17:53:18: Player "zikazeka" (steam64id="76561199004660971") connected to server
17:53:23: Player "TripaSeca" (steam64id="76561198093060507") connected to server
17:55:08: Player "{KMG}fuzil" (steam64id="76561198965933878") disconnected from server
17:55:58: Player "[ONE}Rick" (steam64id="76561198868590548") disconnected from server
17:56:13: Player "[ONE] PORVINHA" (steam64id="76561198426990483") disconnected from server
17:56:23: Player "[LGBTQIA+] Alti" (steam64id="76561199235859883") disconnected from server
17:57:23: Player "[LGBTQIA+] Alti" (steam64id="76561199235859883") connected to server
17:57:48: Player "[ONE}Rick" (steam64id="76561198868590548") connected to server
17:58:18: Player "vastabyis" (steam64id="76561198213894597") disconnected from server
17:59:03: Player "vastabyis" (steam64id="76561198213894597") connected to server
17:59:08: Player "alxfilipe" (steam64id="76561198330483124") disconnected from server
17:59:18: Player "[HORDA] zBieL" (steam64id="76561198001525812") disconnected from server
17:59:33: Player "[YKZ] Notsniw" (steam64id="76561197967151252") disconnected from server
18:00:08: Player "anjo_pgimeu_caolho" (steam64id="76561198124651134") disconnected from server
18:00:53: Player "Emissarius" (steam64id="76561198271087379") disconnected from server
18:01:48: Player "[ONE}Rick" (steam64id="76561198868590548") disconnected from server
18:02:08: Player "Troollzera" (steam64id="76561198841599033") disconnected from server
18:03:23: Player "dede" (steam64id="76561198857712999") connected to server
18:03:28: Player "AnUb1z" (steam64id="76561198028570443") disconnected from server
18:03:33: Player "vastabyis" (steam64id="76561198213894597") disconnected from server
18:03:48: Player "[YKZ]-BlackBear" (steam64id="76561198343030820") disconnected from server
18:04:03: Player "[L.B] LopesTa " (steam64id="76561198375254083") connected to server
18:04:23: Player "CrissBernal" (steam64id="76561198020173542") disconnected from server
18:04:33: Player "Miza" (steam64id="76561198224898788") connected to server
18:05:13: Player "[CFBR] lost" (steam64id="76561198131682973") disconnected from server
18:05:38: Player "[L.B] LopesTa " (steam64id="76561198375254083") disconnected from server
18:07:08: Player "Maikao" (steam64id="76561198422435587") connected to server
18:07:48: Player "jhean" (steam64id="76561198819003355") connected to server
18:11:18: Player "dede" (steam64id="76561198857712999") disconnected from server
18:11:48: Player "Pysr" (steam64id="76561198261178182") disconnected from server
18:17:23: Player "BAPTISTA" (steam64id="76561198999847854") connected to server
18:24:03: Player "Duerowww" (steam64id="76561198259492425") connected to server
18:24:58: Player "Rafah" (steam64id="76561198042683928") connected to server
18:26:08: Player "nivvokiee" (steam64id="76561198287595289") disconnected from server
18:27:48: Player "Iv4n0terrivel" (steam64id="76561199022772790") connected to server
18:28:58: Player "Miza" (steam64id="76561198224898788") disconnected from server
18:29:58: Player "[HORDA]ThiagoPenna" (steam64id="76561198218822351") disconnected from server
18:31:33: Player "SrAntonio" (steam64id="76561198390347410") disconnected from server
18:35:18: Player "Seekerzao" (steam64id="76561198067793781") connected to server
18:35:33: Player "jhean" (steam64id="76561198819003355") disconnected from server
18:36:38: Player "[YKZ] pedrobala" (steam64id="76561198046653521") disconnected from server
18:41:58: Player "BAPTISTA" (steam64id="76561198999847854") disconnected from server
18:42:53: Player "Rengaw91" (steam64id="76561198206465027") disconnected from server
18:43:28: Player "BielaTorta" (steam64id="76561198115491145") connected to server
18:44:53: Player "[YKZ] pedrobala" (steam64id="76561198046653521") connected to server
18:45:13: Player "Rafah" (steam64id="76561198042683928") disconnected from server
18:47:23: Player "GabrielDWR" (steam64id="76561199012612653") connected to server
18:48:43: Player "zikazeka" (steam64id="76561199004660971") disconnected from server
18:49:08: Player "TcheLoco" (steam64id="76561198099449370") connected to server
18:49:58: Player "[KGB}Nobre Lobo" (steam64id="76561198127199963") connected to server
18:51:03: Player "Camarada_Bereta" (steam64id="76561198303742042") disconnected from server
18:51:33: Player "Gecom" (steam64id="76561198020315206") connected to server
18:52:38: Player "=FURY=BaBaYaGa" (steam64id="76561198989652455") connected to server
18:52:58: Player "=FURY=BaBaYaGa" (steam64id="76561198989652455") disconnected from server
18:54:18: Player "TcheLoco" (steam64id="76561198099449370") disconnected from server
18:55:53: Player "ALEMAS" (steam64id="76561198062186745") disconnected from server
18:58:28: Player "LFelipe" (steam64id="76561199232377127") connected to server
18:59:33: Player "Survivor" (steam64id="76561198191208029") connected to server
18:59:48: Player "Survivor" (steam64id="76561198191208029") disconnected from server
19:00:23: Player "Biel FxR" (steam64id="76561198050836260") disconnected from server
19:00:38: Player "Survivor" (steam64id="76561198191208029") connected to server
19:00:43: Player "Survivor" (steam64id="76561198191208029") disconnected from server
19:00:48: Player "Biel FxR" (steam64id="76561198050836260") connected to server
19:03:38: Player "KOREA" (steam64id="76561198253386609") connected to server
19:09:03: Player "[YKZ]-BlackBear" (steam64id="76561198343030820") connected to server
19:09:58: Player "[LGBTQIA+] S T R 1 P P 3 R - S" (steam64id="76561198114043394") connected to server
19:13:08: Player "Iv4n0terrivel" (steam64id="76561199022772790") disconnected from server
19:13:58: Player "Crisl*" (steam64id="76561199274047332") connected to server
19:14:18: Player "Rafah" (steam64id="76561198042683928") connected to server
19:14:48: Player "Spawn" (steam64id="76561198079935580") connected to server
19:16:18: Player "Biel FxR" (steam64id="76561198050836260") disconnected from server
19:16:33: Player "Hacan121" (steam64id="76561198345012092") disconnected from server
19:19:58: Player "Seekerzao" (steam64id="76561198067793781") disconnected from server
19:20:18: Player "KOREA" (steam64id="76561198253386609") disconnected from server
19:22:38: Player "[G.M] O verdadeiro" (steam64id="76561198351631304") connected to server
19:22:43: Player "Juninho Matador" (steam64id="76561198388298348") disconnected from server
19:24:38: Player "[HORDA]ThiagoPenna" (steam64id="76561198218822351") connected to server
19:24:48: Player "[G.M] O verdadeiro" (steam64id="76561198351631304") disconnected from server
19:25:43: Player "[HORDA]ThiagoPenna" (steam64id="76561198218822351") disconnected from server
19:26:48: Player "{ KMG } - Elguapo" (steam64id="76561198363655296") connected to server
19:28:08: Player "LFelipe" (steam64id="76561199232377127") disconnected from server
19:30:48: Player "U T R O N" (steam64id="76561198314418555") disconnected from server
19:31:38: Player "Maikao" (steam64id="76561198422435587") disconnected from server
19:31:48: Player "TripaSeca" (steam64id="76561198093060507") disconnected from server
19:32:23: Player "Jaba" (steam64id="76561199028346724") disconnected from server
19:32:33: Player "!VulgoLopes" (steam64id="76561199267048037") connected to server
19:32:33: Player "MyAimTrash_i Know" (steam64id="76561199029793698") disconnected from server
19:33:08: Player "{KMG}fuzil" (steam64id="76561198965933878") connected to server
19:33:18: Player "MyAimTrash_i Know" (steam64id="76561199029793698") connected to server
19:33:23: Player "Jaba" (steam64id="76561199028346724") connected to server
19:35:58: Player "BielaTorta" (steam64id="76561198115491145") disconnected from server
19:37:08: Player "Emissarius" (steam64id="76561198271087379") connected to server
19:38:33: Player "Tio Ruim" (steam64id="76561199160341599") connected to server
19:38:48: Player "[YKZ]-BarucA" (steam64id="76561199141850356") connected to server
19:42:18: Player "kla" (steam64id="76561199169771596") disconnected from server
19:44:18: Player "Fulber" (steam64id="76561198053443712") connected to server
19:46:03: Player "[KMG] Smifts" (steam64id="76561198304844319") connected to server
19:46:08: Player "Chaves" (steam64id="76561198329721265") connected to server
19:46:23: Player "DjRaelZiin29" (steam64id="76561198963310995") connected to server
19:49:23: Player "!VulgoLopes" (steam64id="76561199267048037") disconnected from server
19:51:58: Player "[YKZ]-BarucA" (steam64id="76561199141850356") disconnected from server
19:53:58: Player "cidadao  " (steam64id="76561199115414359") disconnected from server
19:54:38: Player "[YKZ] Notsniw" (steam64id="76561197967151252") connected to server
19:54:48: Player "Juninho Matador" (steam64id="76561198388298348") connected to server
19:54:59: Player "cidadao  " (steam64id="76561199115414359") connected to server
19:55:39: Player "GabrielDWR" (steam64id="76561199012612653") disconnected from server
19:56:04: Player "ttuker" (steam64id="76561198971813376") connected to server
19:57:29: Player "benja" (steam64id="76561198882824508") connected to server
19:58:09: Player "cidadao  " (steam64id="76561199115414359") disconnected from server
19:59:04: Player "benja" (steam64id="76561198882824508") disconnected from server
19:59:09: Player "[YKZ] pedrobala" (steam64id="76561198046653521") disconnected from server
19:59:09: Player "[LGBTQIA+] S T R 1 P P 3 R - S" (steam64id="76561198114043394") disconnected from server
19:59:09: Player "Duerowww" (steam64id="76561198259492425") disconnected from server
19:59:09: Player "ttuker" (steam64id="76561198971813376") disconnected from server
19:59:09: Player "{ KMG } - Elguapo" (steam64id="76561198363655296") disconnected from server
19:59:09: Player "Rafah" (steam64id="76561198042683928") disconnected from server
19:59:09: Player "{KMG}fuzil" (steam64id="76561198965933878") disconnected from server
19:59:09: Player "[LGBTQIA+] Alti" (steam64id="76561199235859883") disconnected from server
19:59:09: Player "[KMG] Smifts" (steam64id="76561198304844319") disconnected from server
19:59:09: Player "Fulber" (steam64id="76561198053443712") disconnected from server
19:59:09: Player "Tio Ruim" (steam64id="76561199160341599") disconnected from server
19:59:09: Player "Mat*Reis" (steam64id="76561198442072760") disconnected from server
19:59:09: Player "DjRaelZiin29" (steam64id="76561198963310995") disconnected from server
19:59:09: Player "Spawn" (steam64id="76561198079935580") disconnected from server
19:59:09: Player "Chaves" (steam64id="76561198329721265") disconnected from server
19:59:09: Player "MyAimTrash_i Know" (steam64id="76561199029793698") disconnected from server
19:59:09: Player "[YKZ] Notsniw" (steam64id="76561197967151252") disconnected from server
19:59:09: Player "[KGB}Nobre Lobo" (steam64id="76561198127199963") disconnected from server
19:59:09: Player "Emissarius" (steam64id="76561198271087379") disconnected from server
19:59:09: Player "Crisl*" (steam64id="76561199274047332") disconnected from server
19:59:09: Player "Gecom" (steam64id="76561198020315206") disconnected from server
19:59:09: Player "Jaba" (steam64id="76561199028346724") disconnected from server
19:59:09: Player "[YKZ]-BlackBear" (steam64id="76561198343030820") disconnected from server
19:59:09: Player "Juninho Matador" (steam64id="76561198388298348") disconnected from server
20:00:55: Player "Chaves" (steam64id="76561198329721265") connected to server
20:00:55: Player "{KMG}fuzil" (steam64id="76561198965933878") connected to server
20:00:55: Player "[YKZ] Notsniw" (steam64id="76561197967151252") connected to server
20:00:55: Player "[LGBTQIA+] S T R 1 P P 3 R - S" (steam64id="76561198114043394") connected to server
20:00:55: Player "benja" (steam64id="76561198882824508") connected to server
20:01:00: Player "{ KMG } - Elguapo" (steam64id="76561198363655296") connected to server
20:01:00: Player "Rafah" (steam64id="76561198042683928") connected to server
20:01:00: Player "DjRaelZiin29" (steam64id="76561198963310995") connected to server
20:01:10: Player "Jaba" (steam64id="76561199028346724") connected to server
20:01:15: Player "[KGB}Nobre Lobo" (steam64id="76561198127199963") connected to server
20:01:30: Player "MyAimTrash_i Know" (steam64id="76561199029793698") connected to server
20:01:35: Player "[YKZ] Emissarius" (steam64id="76561198271087379") connected to server
20:01:40: Player "Gecom" (steam64id="76561198020315206") connected to server
20:02:30: Player "Crisl*" (steam64id="76561199274047332") connected to server
20:03:20: Player "MyAimTrash_i Know" (steam64id="76561199029793698") disconnected from server
20:03:25: Player "[YKZ]-BlackBear" (steam64id="76561198343030820") connected to server
20:03:25: Player "benja" (steam64id="76561198882824508") disconnected from server
20:04:20: Player "Duerowww" (steam64id="76561198259492425") connected to server
20:04:35: Player "Jaba" (steam64id="76561199028346724") disconnected from server
20:05:15: Player "Fulber" (steam64id="76561198053443712") connected to server
20:05:50: Player "[KMG] Smifts" (steam64id="76561198304844319") connected to server
20:09:00: Player "Leg1tzera" (steam64id="76561198285241998") connected to server
20:10:15: Player "Crisl*" (steam64id="76561199274047332") disconnected from server
20:12:05: Player "Rafah" (steam64id="76561198042683928") disconnected from server
20:12:45: Player "[YKZ] Emissarius" (steam64id="76561198271087379") disconnected from server
20:20:45: Player "[LGBTQIA+] Alti" (steam64id="76561199235859883") connected to server
20:22:10: Player "[LGBTQIA+] Alti" (steam64id="76561199235859883") disconnected from server
20:26:15: Player "yoelpixula" (steam64id="76561198965319470") connected to server
20:30:05: Player "[L.B] SeryD" (steam64id="76561198072791642") connected to server
20:30:10: Player "Vinycin" (steam64id="76561198989132464") connected to server
20:31:25: Player "SuperTito" (steam64id="76561198802131541") connected to server
20:33:45: Player "{ KMG } - Elguapo" (steam64id="76561198363655296") disconnected from server
20:34:20: Player "Gecom" (steam64id="76561198020315206") disconnected from server
20:34:35: Player "Gecom" (steam64id="76561198020315206") connected to server
20:36:00: Player "DjRaelZiin29" (steam64id="76561198963310995") disconnected from server
20:36:25: Player "Vinycin" (steam64id="76561198989132464") disconnected from server
20:36:30: Player "{KMG}fuzil" (steam64id="76561198965933878") disconnected from server
20:38:10: Player "benja" (steam64id="76561198882824508") connected to server
20:38:10: Player "[KMG] Smifts" (steam64id="76561198304844319") disconnected from server
20:39:35: Player "DjRaelZiin29" (steam64id="76561198963310995") connected to server
20:40:00: Player "JohnKetamine Jr." (steam64id="76561198140605281") connected to server
20:40:45: Player "Vinycin" (steam64id="76561198989132464") connected to server
20:41:05: Player "?? Prince#4184" (steam64id="76561198199985663") connected to server
20:41:55: Player "Vinycin" (steam64id="76561198989132464") disconnected from server
20:44:25: Player "[YKZ] Felps" (steam64id="76561198892779186") connected to server
20:45:00: Player "Leg1tzera" (steam64id="76561198285241998") disconnected from server
20:46:50: Player "?? Prince#4184" (steam64id="76561198199985663") disconnected from server
20:47:55: Player "[YKZ] Felps" (steam64id="76561198892779186") disconnected from server
20:48:10: Player "[ONE] PORVINHA" (steam64id="76561198426990483") connected to server
20:48:20: Player "[YKZ] Felps" (steam64id="76561198892779186") connected to server
20:52:50: Player "SGT Da Silva " (steam64id="76561199105118692") connected to server
20:54:50: Player "?? Prince#4184" (steam64id="76561198199985663") connected to server
20:54:50: Player "JohnKetamine Jr." (steam64id="76561198140605281") disconnected from server
20:57:50: Player "Duerowww" (steam64id="76561198259492425") disconnected from server
21:01:15: Player "Troollzera" (steam64id="76561198841599033") connected to server
21:01:45: Player "[ONE] JAPA" (steam64id="76561198161060673") connected to server
21:06:15: Player "Duerowww" (steam64id="76561198259492425") connected to server
21:11:15: Player "juaumdasnevis" (steam64id="76561198060970128") connected to server
21:12:20: Player "DjRaelZiin29" (steam64id="76561198963310995") disconnected from server
21:13:05: Player "TripaSeca" (steam64id="76561198093060507") connected to server
21:13:10: Player "{KMG}fuzil" (steam64id="76561198965933878") connected to server
21:13:25: Player "AriJR" (steam64id="76561198075180434") connected to server
21:15:05: Player "[HORDA]LUCASBR" (steam64id="76561198973828354") connected to server
21:18:35: Player "JohnKetamine Jr." (steam64id="76561198140605281") connected to server
21:19:35: Player "[HORDA]LUCASBR" (steam64id="76561198973828354") disconnected from server
21:23:40: Player "{KMG}fuzil" (steam64id="76561198965933878") disconnected from server
21:26:05: Player "KOREA" (steam64id="76561198253386609") connected to server
21:26:20: Player "MarretaPreta" (steam64id="76561198017543903") connected to server
21:28:00: Player "ZoroLex" (steam64id="76561198077895340") connected to server
21:28:10: Player "KOREA" (steam64id="76561198253386609") disconnected from server
21:28:40: Player "ZoroLex" (steam64id="76561198077895340") disconnected from server
21:29:15: Player "Vundorband" (steam64id="76561198197350217") connected to server
21:30:35: Player "[ONE] KARABULJHAN" (steam64id="76561198100527842") connected to server
21:32:55: Player "MarretaPreta" (steam64id="76561198017543903") disconnected from server
21:33:50: Player "[ONE] XxibahH" (steam64id="76561198165228070") connected to server
21:39:55: Player "Barwick" (steam64id="76561198078465767") connected to server
21:40:30: Player "Alcanfor" (steam64id="76561198018104612") connected to server
21:42:00: Player "MeuMacho" (steam64id="76561199078435589") connected to server
21:43:05: Player "Xiannn" (steam64id="76561198139666884") connected to server
21:43:20: Player "Xiannn" (steam64id="76561198139666884") disconnected from server
21:43:55: Player "gsnt" (steam64id="76561199089897678") connected to server
21:44:00: Player "[L.B] SeryD" (steam64id="76561198072791642") disconnected from server
21:45:40: Player "Vundorband" (steam64id="76561198197350217") disconnected from server
21:46:55: Player "[YKZ] Emissarius" (steam64id="76561198271087379") connected to server
21:47:15: Player "Spawn" (steam64id="76561198079935580") connected to server
21:47:30: Player "MeuMacho" (steam64id="76561199078435589") disconnected from server
21:48:00: Player "Biel FxR" (steam64id="76561198050836260") connected to server
21:48:10: Player "MeuMacho" (steam64id="76561199078435589") connected to server
21:49:05: Player "Hacan121" (steam64id="76561198345012092") connected to server
21:51:05: Player "SuperTito" (steam64id="76561198802131541") disconnected from server
21:51:35: Player "Mortis" (steam64id="76561198147589339") connected to server
21:52:20: Player "Fulber" (steam64id="76561198053443712") disconnected from server
21:52:30: Player "Ninja" (steam64id="76561198424179356") connected to server
21:57:00: Player "paulin" (steam64id="76561199216132269") connected to server
21:57:35: Player "(CNXC)Roger    " (steam64id="76561198119108882") connected to server
21:58:05: Player "(CNXC)Roger    " (steam64id="76561198119108882") disconnected from server
21:59:20: Player "JohnKetamine Jr." (steam64id="76561198140605281") disconnected from server
22:01:55: Player "Troollzera" (steam64id="76561198841599033") disconnected from server
22:02:20: Player "benja" (steam64id="76561198882824508") disconnected from server
22:02:45: Player "Troollzera" (steam64id="76561198841599033") connected to server
22:03:15: Player "samuel2023" (steam64id="76561198387970895") connected to server
22:03:30: Player "Troollzera" (steam64id="76561198841599033") disconnected from server
22:04:45: Player "Troollzera" (steam64id="76561198841599033") connected to server
22:05:55: Player "Troollzera" (steam64id="76561198841599033") disconnected from server
22:06:25: Player "Troollzera" (steam64id="76561198841599033") connected to server
22:10:35: Player "Chaves" (steam64id="76561198329721265") disconnected from server
22:16:30: Player "Ninja" (steam64id="76561198424179356") disconnected from server
22:16:35: Player "juaumdasnevis" (steam64id="76561198060970128") disconnected from server
22:17:10: Player "Fulber" (steam64id="76561198053443712") connected to server
22:17:55: Player "(CNXC)Roger    " (steam64id="76561198119108882") connected to server
22:18:55: Player "Choruminho" (steam64id="76561199040065781") connected to server
22:19:10: Player "[LGBTQIA+] Alti" (steam64id="76561199235859883") connected to server
22:33:21: Player "Vinycin" (steam64id="76561198989132464") connected to server
22:36:46: Player "gsnt" (steam64id="76561199089897678") disconnected from server
22:37:21: Player "MeuMacho" (steam64id="76561199078435589") disconnected from server
22:38:21: Player "Lucawkz" (steam64id="76561198063957890") connected to server
22:41:11: Player "paulin" (steam64id="76561199216132269") disconnected from server
22:41:31: Player "[ONE] JAPA" (steam64id="76561198161060673") disconnected from server
22:41:56: Player "paulin" (steam64id="76561199216132269") connected to server
22:42:36: Player "[LGBTQIA+] Alti" (steam64id="76561199235859883") disconnected from server
22:42:51: Player "Fulber" (steam64id="76561198053443712") disconnected from server
22:43:56: Player "[LGBTQIA+] Alti" (steam64id="76561199235859883") connected to server
22:44:11: Player "KOREA" (steam64id="76561198253386609") connected to server
22:44:41: Player "[ONE] XxibahH" (steam64id="76561198165228070") disconnected from server
22:44:46: Player "[ONE] PORVINHA" (steam64id="76561198426990483") disconnected from server
22:46:36: Player "Uniao Crislam" (steam64id="76561199274047332") connected to server
22:50:11: Player "marcelinhotelo" (steam64id="76561198817477406") connected to server
22:50:36: Player "marcelinhotelo" (steam64id="76561198817477406") disconnected from server
22:55:01: Player "samuel2023" (steam64id="76561198387970895") disconnected from server
22:56:16: Player "[ONE] KARABULJHAN" (steam64id="76561198100527842") disconnected from server
22:56:46: Player "[ONE] KARABULJHAN" (steam64id="76561198100527842") connected to server
22:57:46: Player "=G3=L.REIS" (steam64id="76561197965313777") connected to server
23:00:46: Player "=G3= wellbert" (steam64id="76561198914685824") connected to server
23:01:06: Player "[ONE] JAPA" (steam64id="76561198161060673") connected to server
23:01:16: Player "Mortis" (steam64id="76561198147589339") disconnected from server
23:03:46: Player "Vinycin" (steam64id="76561198989132464") disconnected from server
23:03:46: Player "KOREA" (steam64id="76561198253386609") disconnected from server
23:05:01: Player "[YKZ] Emissarius" (steam64id="76561198271087379") disconnected from server
23:05:11: Player "Mike Litoris" (steam64id="76561198344544379") connected to server
23:05:26: Player "[YKZ]-BlackBear" (steam64id="76561198343030820") disconnected from server
23:05:56: Player "OdonS2" (steam64id="76561198039062354") connected to server
23:06:26: Player "AiPolly" (steam64id="76561198072574279") connected to server
23:08:46: Player "[LGBTQIA+] Alti" (steam64id="76561199235859883") disconnected from server
23:08:56: Player "[LGBTQIA+] Alti" (steam64id="76561199235859883") connected to server
23:09:36: Player "Maikao" (steam64id="76561198422435587") connected to server
23:09:51: Player "o velho peludo" (steam64id="76561198843547059") connected to server
23:11:36: Player "Alcanfor" (steam64id="76561198018104612") disconnected from server
23:12:36: Player "Joaoburtzlaff" (steam64id="76561198105097225") connected to server
23:14:36: Player "OdonS2" (steam64id="76561198039062354") disconnected from server
23:14:36: Player "Uniao Crislam" (steam64id="76561199274047332") disconnected from server
23:15:26: Player "Uniao Crislam" (steam64id="76561199274047332") connected to server
23:16:21: Player "[YKZ]-BlackBear" (steam64id="76561198343030820") connected to server
23:16:26: Player "Joaoburtzlaff" (steam64id="76561198105097225") disconnected from server
23:17:46: Player "Joaoburtzlaff" (steam64id="76561198105097225") connected to server
23:17:46: Player "LFelipe" (steam64id="76561199232377127") connected to server
23:18:16: Player "[YKZ] Felps" (steam64id="76561198892779186") disconnected from server
23:19:26: Player "Barwick" (steam64id="76561198078465767") disconnected from server
23:19:51: Player "SoSeeAll" (steam64id="76561198176629005") connected to server
23:23:36: Player "CHASER?" (steam64id="76561198246131158") connected to server
23:23:56: Player "=G3= Chupo no sigilo " (steam64id="76561199037080751") connected to server
23:25:46: Player "MenoDuLins" (steam64id="76561198057614573") connected to server
23:26:11: Player "Joaoburtzlaff" (steam64id="76561198105097225") disconnected from server
23:26:51: Player "Betinho_maluco" (steam64id="76561198057627157") connected to server
23:27:01: Player "AlexFraxe" (steam64id="76561198079014774") connected to server
23:27:11: Player "Duerowww" (steam64id="76561198259492425") disconnected from server
23:27:36: Player "SoSeeAll" (steam64id="76561198176629005") disconnected from server
23:27:46: Player "Vundorband" (steam64id="76561198197350217") connected to server
23:28:11: Player "=G3= wellbert" (steam64id="76561198914685824") disconnected from server
23:28:16: Player "Mike Litoris" (steam64id="76561198344544379") disconnected from server
23:34:01: Player "AriJR" (steam64id="76561198075180434") disconnected from server
23:34:06: Player "Spawn" (steam64id="76561198079935580") disconnected from server
23:34:06: Player "[KGB}Nobre Lobo" (steam64id="76561198127199963") disconnected from server
23:34:11: Player "AlexFraxe" (steam64id="76561198079014774") disconnected from server
23:34:56: Player "AlexFraxe" (steam64id="76561198079014774") connected to server
23:34:56: Player "Uniao Crislam" (steam64id="76561199274047332") disconnected from server
23:37:46: Player "Sagara" (steam64id="76561198057660620") connected to server
23:40:21: Player "AlexFraxe" (steam64id="76561198079014774") disconnected from server
23:41:21: Player "AlexFraxe" (steam64id="76561198079014774") connected to server
23:41:21: Player "=G3= wellbert" (steam64id="76561198914685824") connected to server
23:41:31: Player "LFelipe" (steam64id="76561199232377127") disconnected from server
23:42:01: Player "queteimporta" (steam64id="76561198071886191") connected to server
23:44:21: Player "AlexFraxe" (steam64id="76561198079014774") disconnected from server
23:44:31: Player "Vundorband" (steam64id="76561198197350217") disconnected from server
23:45:26: Player "Gecom" (steam64id="76561198020315206") disconnected from server
23:49:51: Player "[YKZ]-BlackBear" (steam64id="76561198343030820") disconnected from server
23:50:46: Player "Troollzera" (steam64id="76561198841599033") disconnected from server
23:51:36: Player "SuperTito" (steam64id="76561198802131541") connected to server
23:52:01: Player "(CNXC)Roger    " (steam64id="76561198119108882") disconnected from server
23:52:51: Player "Alcanfor" (steam64id="76561198018104612") connected to server
23:55:31: Player "StarkCG" (steam64id="76561198121484554") connected to server
23:55:46: Player "[YKZ] Notsniw" (steam64id="76561197967151252") disconnected from server
23:57:26: Player "MR.nacho" (steam64id="76561198273652820") connected to server
23:58:01: Player "Betinho_maluco" (steam64id="76561198057627157") disconnected from server
23:58:51: Player "Sagara" (steam64id="76561198057660620") disconnected from server
23:59:06: Player "yoelpixula" (steam64id="76561198965319470") disconnected from server
23:59:06: Player "[LGBTQIA+] Alti" (steam64id="76561199235859883") disconnected from server
23:59:06: Player "paulin" (steam64id="76561199216132269") disconnected from server
23:59:06: Player "=G3= wellbert" (steam64id="76561198914685824") disconnected from server
23:59:11: Player "[ONE] JAPA" (steam64id="76561198161060673") disconnected from server
23:59:11: Player "TripaSeca" (steam64id="76561198093060507") disconnected from server
23:59:11: Player "Hacan121" (steam64id="76561198345012092") disconnected from server
23:59:11: Player "MenoDuLins" (steam64id="76561198057614573") disconnected from server
23:59:11: Player "[LGBTQIA+] S T R 1 P P 3 R - S" (steam64id="76561198114043394") disconnected from server
23:59:11: Player "o velho peludo" (steam64id="76561198843547059") disconnected from server
23:59:11: Player "[ONE] KARABULJHAN" (steam64id="76561198100527842") disconnected from server
23:59:11: Player "=G3= Chupo no sigilo " (steam64id="76561199037080751") disconnected from server
23:59:11: Player "AiPolly" (steam64id="76561198072574279") disconnected from server
23:59:11: Player "SGT Da Silva " (steam64id="76561199105118692") disconnected from server
23:59:11: Player "Choruminho" (steam64id="76561199040065781") disconnected from server
23:59:11: Player "SuperTito" (steam64id="76561198802131541") disconnected from server
23:59:11: Player "MR.nacho" (steam64id="76561198273652820") disconnected from server
23:59:11: Player "Biel FxR" (steam64id="76561198050836260") disconnected from server
23:59:11: Player "Lucawkz" (steam64id="76561198063957890") disconnected from server
23:59:11: Player "StarkCG" (steam64id="76561198121484554") disconnected from server
23:59:11: Player "Maikao" (steam64id="76561198422435587") disconnected from server
23:59:11: Player "CHASER?" (steam64id="76561198246131158") disconnected from server
23:59:11: Player "=G3=L.REIS" (steam64id="76561197965313777") disconnected from server
23:59:11: Player "Alcanfor" (steam64id="76561198018104612") disconnected from server
23:59:11: Player "queteimporta" (steam64id="76561198071886191") disconnected from server
23:59:11: Player "?? Prince#4184" (steam64id="76561198199985663") disconnected from server
