00:27:18: Player "Seekerzao" (steam64id="76561198067793781") connected to server
00:27:38: Player "=G3= Chupo no sigilo " (steam64id="76561199037080751") connected to server
00:27:48: Player "AiPolly" (steam64id="76561198072574279") connected to server
00:28:28: Player "Biel FxR" (steam64id="76561198050836260") connected to server
00:29:03: Player "=G3= slotte" (steam64id="76561197987642420") connected to server
00:37:28: Player "Biel FxR" (steam64id="76561198050836260") disconnected from server
00:38:43: Player "Pereira02" (steam64id="76561197987315916") connected to server
00:39:38: Player "[DEV] KOREA" (steam64id="76561198253386609") connected to server
00:39:48: Player "TripaSeca" (steam64id="76561198093060507") connected to server
00:39:53: Player "[RNG]Panico" (steam64id="76561199230965576") connected to server
00:40:13: Player "Biel FxR" (steam64id="76561198050836260") connected to server
00:45:03: Player "[DEV] KOREA" (steam64id="76561198253386609") disconnected from server
00:46:28: Player "[DEV] KOREA" (steam64id="76561198253386609") connected to server
00:54:03: Player "=G3= L.REIS" (steam64id="76561197965313777") connected to server
00:54:13: Player "Leozera91" (steam64id="76561197978522151") connected to server
01:03:28: Player "=G3= L.REIS" (steam64id="76561197965313777") disconnected from server
01:03:53: Player "[DEV] KOREA" (steam64id="76561198253386609") disconnected from server
01:04:28: Player "=G3=L.REIS" (steam64id="76561197965313777") connected to server
01:05:58: Player "=G3=L.REIS" (steam64id="76561197965313777") disconnected from server
01:08:13: Player "=G3=L.REIS" (steam64id="76561197965313777") connected to server
01:13:18: Player "BRUXO" (steam64id="76561198140728342") connected to server
01:13:58: Player "DangersPlay" (steam64id="76561198037868353") connected to server
01:14:43: Player "Fritas" (steam64id="76561198148172018") connected to server
01:14:58: Player "Kenne" (steam64id="76561199162256124") connected to server
01:15:53: Player "[DEV] KOREA" (steam64id="76561198253386609") connected to server
01:24:18: Player "BRUXO" (steam64id="76561198140728342") disconnected from server
01:25:13: Player "Pereira02" (steam64id="76561197987315916") disconnected from server
01:25:23: Player "Leozera91" (steam64id="76561197978522151") disconnected from server
01:29:03: Player "OZIEL" (steam64id="76561199063596086") connected to server
01:32:28: Player "rogersdutra01" (steam64id="76561197975156269") connected to server
01:33:13: Player "TcheLoco" (steam64id="76561198099449370") connected to server
01:33:53: Player "Kenne" (steam64id="76561199162256124") disconnected from server
01:34:13: Player "Kenne" (steam64id="76561199162256124") connected to server
01:41:43: Player "[DEV] KOREA" (steam64id="76561198253386609") disconnected from server
01:52:58: Player "DangersPlay" (steam64id="76561198037868353") disconnected from server
01:55:13: Player "TcheLoco" (steam64id="76561198099449370") disconnected from server
01:55:18: Player "DangersPlay" (steam64id="76561198037868353") connected to server
02:09:08: Player "DangersPlay" (steam64id="76561198037868353") disconnected from server
02:15:23: Player "Kenne" (steam64id="76561199162256124") disconnected from server
02:16:18: Player "gasava420" (steam64id="76561198214063784") connected to server
02:17:18: Player "[RNG]Panico" (steam64id="76561199230965576") disconnected from server
02:17:18: Player "gasava420" (steam64id="76561198214063784") disconnected from server
02:18:18: Player "gasava420" (steam64id="76561198214063784") connected to server
02:20:48: Player "[L.B] LopesTa " (steam64id="76561198375254083") connected to server
02:23:28: Player "Cristof" (steam64id="76561198305968623") connected to server
02:23:33: Player "=G3=L.REIS" (steam64id="76561197965313777") disconnected from server
02:26:53: Player "rogersdutra01" (steam64id="76561197975156269") disconnected from server
02:28:33: Player "Fritas" (steam64id="76561198148172018") disconnected from server
02:34:28: Player "AiPolly" (steam64id="76561198072574279") disconnected from server
02:34:38: Player "=G3= slotte" (steam64id="76561197987642420") disconnected from server
02:38:18: Player "=G3= Chupo no sigilo " (steam64id="76561199037080751") disconnected from server
02:41:28: Player "[L.B] LopesTa " (steam64id="76561198375254083") disconnected from server
02:41:33: Player "OZIEL" (steam64id="76561199063596086") disconnected from server
02:44:48: Player "[L.B] LopesTa " (steam64id="76561198375254083") connected to server
03:15:43: Player "KILLERKAMPER82" (steam64id="76561198253810992") connected to server
03:53:53: Player "KILLERKAMPER82" (steam64id="76561198253810992") disconnected from server
03:59:03: Player "TripaSeca" (steam64id="76561198093060507") disconnected from server
03:59:03: Player "Biel FxR" (steam64id="76561198050836260") disconnected from server
03:59:03: Player "Cristof" (steam64id="76561198305968623") disconnected from server
03:59:03: Player "Seekerzao" (steam64id="76561198067793781") disconnected from server
03:59:03: Player "[L.B] LopesTa " (steam64id="76561198375254083") disconnected from server
03:59:03: Player "gasava420" (steam64id="76561198214063784") disconnected from server
04:00:55: Player "gasava420" (steam64id="76561198214063784") connected to server
04:01:00: Player "TripaSeca" (steam64id="76561198093060507") connected to server
04:01:05: Player "Cristof" (steam64id="76561198305968623") connected to server
04:01:30: Player "Biel FxR" (steam64id="76561198050836260") connected to server
04:03:10: Player "Seekerzao" (steam64id="76561198067793781") connected to server
04:29:20: Player "Biel FxR" (steam64id="76561198050836260") disconnected from server
04:29:25: Player "TripaSeca" (steam64id="76561198093060507") disconnected from server
04:40:55: Player "[DY] MOANA" (steam64id="76561198868590548") connected to server
05:14:15: Player "gasava420" (steam64id="76561198214063784") disconnected from server
05:14:20: Player "Cristof" (steam64id="76561198305968623") disconnected from server
05:17:05: Player "[DY] MOANA" (steam64id="76561198868590548") disconnected from server
05:17:40: Player "[DY] MOANA" (steam64id="76561198868590548") connected to server
07:49:55: Player "Seekerzao" (steam64id="76561198067793781") disconnected from server
07:55:30: Player "Blackhalkk" (steam64id="76561198067496371") connected to server
07:59:05: Player "[DY] MOANA" (steam64id="76561198868590548") disconnected from server
07:59:05: Player "Blackhalkk" (steam64id="76561198067496371") disconnected from server
08:01:10: Player "[DY] MOANA" (steam64id="76561198868590548") connected to server
08:01:10: Player "Blackhalkk" (steam64id="76561198067496371") connected to server
08:32:50: Player "Blackhalkk" (steam64id="76561198067496371") disconnected from server
08:50:05: Player "[L.B] Lrk" (steam64id="76561198021843024") connected to server
09:03:45: Player "DangersPlay" (steam64id="76561198037868353") connected to server
09:07:20: Player "[L.B] Lrk" (steam64id="76561198021843024") disconnected from server
09:11:25: Player "[DY] MOANA" (steam64id="76561198868590548") disconnected from server
09:14:45: Player "[L.B] Santorin" (steam64id="76561199069721527") connected to server
09:14:50: Player "[L.B] ploodrinny" (steam64id="76561198312062387") connected to server
09:23:40: Player "Miler" (steam64id="76561198798657985") connected to server
09:28:50: Player "[L.B]Zeca" (steam64id="76561198211423224") connected to server
09:57:20: Player "[L.B] Lrk" (steam64id="76561198021843024") connected to server
09:59:15: Player "[L.B]Zeca" (steam64id="76561198211423224") disconnected from server
10:01:05: Player "[L.B] Lrk" (steam64id="76561198021843024") disconnected from server
10:03:15: Player "[L.B]Zeca" (steam64id="76561198211423224") connected to server
10:04:35: Player "[L.B] Santorin" (steam64id="76561199069721527") disconnected from server
10:06:15: Player "[L.B] Lrk" (steam64id="76561198021843024") connected to server
10:08:25: Player "[L.B] Santorin" (steam64id="76561199069721527") connected to server
10:20:05: Player "Miler" (steam64id="76561198798657985") disconnected from server
10:25:55: Player "[L.B] Lrk" (steam64id="76561198021843024") disconnected from server
10:33:45: Player "Emissarius" (steam64id="76561198271087379") connected to server
10:36:35: Player "DangersPlay" (steam64id="76561198037868353") disconnected from server
10:41:45: Player "[L.B]Zeca" (steam64id="76561198211423224") disconnected from server
10:42:20: Player "chron1c" (steam64id="76561198205585613") connected to server
10:48:35: Player "LIGHTvmz" (steam64id="76561199146864874") connected to server
10:52:40: Player "[L.B]Zeca" (steam64id="76561198211423224") connected to server
10:53:00: Player "DangersPlay" (steam64id="76561198037868353") connected to server
10:54:25: Player "[DY] MOANA" (steam64id="76561198868590548") connected to server
10:55:05: Player "[YKZ]-BlackBear" (steam64id="76561198343030820") connected to server
11:03:25: Player "[L.B] Lrk" (steam64id="76561198021843024") connected to server
11:04:50: Player "ttuker" (steam64id="76561198971813376") connected to server
11:07:00: Player "[L.B]Hunter" (steam64id="76561199247778251") connected to server
11:18:20: Player "[DY] MOANA" (steam64id="76561198868590548") disconnected from server
11:32:40: Player "[HORDA]ThiagoPenna" (steam64id="76561198218822351") connected to server
11:34:20: Player "[L.B] Lrk" (steam64id="76561198021843024") disconnected from server
11:35:10: Player "Derze" (steam64id="76561198061703595") connected to server
11:35:45: Player "DangersPlay" (steam64id="76561198037868353") disconnected from server
11:36:05: Player "Derze" (steam64id="76561198061703595") disconnected from server
11:38:05: Player "[RNG]Panico" (steam64id="76561199230965576") connected to server
11:42:45: Player "Kaike" (steam64id="76561199246129933") connected to server
11:42:45: Player "ttuker" (steam64id="76561198971813376") disconnected from server
11:49:45: Player "Kaike" (steam64id="76561199246129933") disconnected from server
11:50:10: Player "Kaike" (steam64id="76561199246129933") connected to server
11:53:55: Player "LIGHTvmz" (steam64id="76561199146864874") disconnected from server
11:57:45: Player "[L.B]Zeca" (steam64id="76561198211423224") disconnected from server
11:59:05: Player "[L.B] ploodrinny" (steam64id="76561198312062387") disconnected from server
11:59:05: Player "Kaike" (steam64id="76561199246129933") disconnected from server
11:59:05: Player "[HORDA]ThiagoPenna" (steam64id="76561198218822351") disconnected from server
11:59:05: Player "[L.B] Santorin" (steam64id="76561199069721527") disconnected from server
11:59:05: Player "[RNG]Panico" (steam64id="76561199230965576") disconnected from server
11:59:05: Player "chron1c" (steam64id="76561198205585613") disconnected from server
11:59:05: Player "Emissarius" (steam64id="76561198271087379") disconnected from server
11:59:05: Player "[YKZ]-BlackBear" (steam64id="76561198343030820") disconnected from server
11:59:05: Player "[L.B]Hunter" (steam64id="76561199247778251") disconnected from server
12:00:57: Player "Kaike" (steam64id="76561199246129933") connected to server
12:00:57: Player "[YKZ]-BlackBear" (steam64id="76561198343030820") connected to server
12:00:57: Player "[RNG]Panico" (steam64id="76561199230965576") connected to server
12:00:57: Player "chron1c" (steam64id="76561198205585613") connected to server
12:01:02: Player "[L.B] Santorin" (steam64id="76561199069721527") connected to server
12:01:47: Player "Emissarius" (steam64id="76561198271087379") connected to server
12:01:52: Player "[HORDA]ThiagoPenna" (steam64id="76561198218822351") connected to server
12:02:07: Player "[L.B]Zeca" (steam64id="76561198211423224") connected to server
12:03:27: Player "[L.B]Hunter" (steam64id="76561199247778251") connected to server
12:05:37: Player "Kaike" (steam64id="76561199246129933") disconnected from server
12:06:02: Player "Kaike" (steam64id="76561199246129933") connected to server
12:08:37: Player "Kaike" (steam64id="76561199246129933") disconnected from server
12:09:32: Player "[RNG]Panico" (steam64id="76561199230965576") disconnected from server
12:19:07: Player "DEGALOKAO" (steam64id="76561199171941975") connected to server
12:26:47: Player "MacLovin" (steam64id="76561199068236803") connected to server
12:28:32: Player "web gado" (steam64id="76561199123625009") connected to server
12:30:02: Player "Naell" (steam64id="76561198122722358") connected to server
12:33:52: Player "Miler" (steam64id="76561198798657985") connected to server
12:38:27: Player "[L.B]Hunter" (steam64id="76561199247778251") disconnected from server
12:45:17: Player "MarcoLa" (steam64id="76561198352149308") connected to server
12:47:42: Player "[G.M] O verdadeiro" (steam64id="76561198351631304") connected to server
12:48:52: Player "[L.B]Zeca" (steam64id="76561198211423224") disconnected from server
12:54:47: Player "[L.B] Santorin" (steam64id="76561199069721527") disconnected from server
12:56:27: Player "DEGALOKAO" (steam64id="76561199171941975") disconnected from server
12:56:42: Player "DEGALOKAO" (steam64id="76561199171941975") connected to server
12:57:22: Player "[DY] RAPUNZEL" (steam64id="76561198100527842") connected to server
12:58:32: Player "MacLovin" (steam64id="76561199068236803") disconnected from server
12:58:57: Player "MacLovin" (steam64id="76561199068236803") connected to server
12:59:32: Player "MarcoLa" (steam64id="76561198352149308") disconnected from server
12:59:47: Player "DEGALOKAO" (steam64id="76561199171941975") disconnected from server
13:00:07: Player "DEGALOKAO" (steam64id="76561199171941975") connected to server
13:04:17: Player "DEGALOKAO" (steam64id="76561199171941975") disconnected from server
13:04:37: Player "DEGALOKAO" (steam64id="76561199171941975") connected to server
13:05:07: Player "[DY] MOANA" (steam64id="76561198868590548") connected to server
13:08:12: Player "DEGALOKAO" (steam64id="76561199171941975") disconnected from server
13:09:12: Player "[YKZ]-Notsniw" (steam64id="76561197967151252") connected to server
13:11:22: Player "[L.B] Santorin" (steam64id="76561199069721527") connected to server
13:15:37: Player "DEGALOKAO" (steam64id="76561199171941975") connected to server
13:16:32: Player "DEGALOKAO" (steam64id="76561199171941975") disconnected from server
13:16:37: Player "[L.B]Zeca" (steam64id="76561198211423224") connected to server
13:16:52: Player "DEGALOKAO" (steam64id="76561199171941975") connected to server
13:17:17: Player "[L.B]Zeca" (steam64id="76561198211423224") disconnected from server
13:17:47: Player "[L.B]Zeca" (steam64id="76561198211423224") connected to server
13:18:17: Player "[L.B]Zeca" (steam64id="76561198211423224") disconnected from server
13:18:27: Player "DEGALOKAO" (steam64id="76561199171941975") disconnected from server
13:18:57: Player "[L.B]Zeca" (steam64id="76561198211423224") connected to server
13:20:52: Player "chron1c" (steam64id="76561198205585613") disconnected from server
13:30:40: Player "[L.B]Zeca" (steam64id="76561198211423224") connected to server
13:41:50: Player "[L.B] Santorin" (steam64id="76561199069721527") connected to server
13:51:06: Player "[L.B] Santorin" (steam64id="76561199069721527") disconnected from server
13:51:06: Player "[L.B]Zeca" (steam64id="76561198211423224") disconnected from server
13:52:03: Player "[L.B] Santorin" (steam64id="76561199069721527") connected to server
13:52:28: Player "[L.B]Zeca" (steam64id="76561198211423224") connected to server
14:02:09: Player "[YKZ]-Notsniw" (steam64id="76561197967151252") connected to server
14:04:59: Player "Biel FxR" (steam64id="76561198050836260") connected to server
14:06:19: Player "[L.B] Santorin" (steam64id="76561199069721527") connected to server
14:06:44: Player "Blackhalkk" (steam64id="76561198067496371") connected to server
14:07:29: Player "[L.B]Zeca" (steam64id="76561198211423224") connected to server
14:07:49: Player "[YKZ]-BlackBear" (steam64id="76561198343030820") connected to server
14:08:29: Player "[G.M] O verdadeiro" (steam64id="76561198351631304") connected to server
14:10:54: Player "Blackhalkk" (steam64id="76561198067496371") disconnected from server
14:12:33: Player "[DEV] KOREA" (steam64id="76561198253386609") connected to server
14:12:48: Player "[L.B] Santorin" (steam64id="76561199069721527") connected to server
14:13:43: Player "[YKZ]-Notsniw" (steam64id="76561197967151252") connected to server
14:14:23: Player "Biel FxR" (steam64id="76561198050836260") connected to server
14:15:08: Player "[YKZ]-BlackBear" (steam64id="76561198343030820") connected to server
14:15:13: Player "[G.M] O verdadeiro" (steam64id="76561198351631304") connected to server
14:15:23: Player "Blackhalkk" (steam64id="76561198067496371") connected to server
14:16:08: Player "Emissarius" (steam64id="76561198271087379") connected to server
14:16:33: Player "[DEV] KOREA" (steam64id="76561198253386609") disconnected from server
14:19:18: Player "[DEV] KOREA" (steam64id="76561198253386609") connected to server
14:19:48: Player "TripaSeca" (steam64id="76561198093060507") connected to server
14:21:03: Player "[HORDA]ThiagoPenna" (steam64id="76561198218822351") connected to server
14:23:03: Player "[HORDA] zBieL" (steam64id="76561198001525812") connected to server
14:27:53: Player "NIGHT_HUNTER_CHANEL_GAMER" (steam64id="76561198315834625") connected to server
14:27:53: Player "Hacan121" (steam64id="76561198345012092") connected to server
14:28:18: Player "[DY] MOANA" (steam64id="76561198868590548") connected to server
14:30:43: Player "[L.B]Zeca" (steam64id="76561198211423224") connected to server
14:31:13: Player "Joga" (steam64id="76561198991013190") connected to server
14:31:23: Player "Patroc" (steam64id="76561198078614992") connected to server
14:32:38: Player "Rag" (steam64id="76561198027312321") connected to server
14:35:43: Player "Patroc" (steam64id="76561198078614992") disconnected from server
14:36:03: Player "NIGHT_HUNTER_CHANEL_GAMER" (steam64id="76561198315834625") disconnected from server
14:36:13: Player "[L.B] Santorin" (steam64id="76561199069721527") disconnected from server
14:36:23: Player "Rag" (steam64id="76561198027312321") disconnected from server
14:36:43: Player "Felipe" (steam64id="76561198145846598") connected to server
14:37:48: Player "RonaldoHell" (steam64id="76561198067535800") connected to server
14:40:13: Player "R27" (steam64id="76561198338983164") connected to server
14:42:03: Player "[YKZ]-Notsniw" (steam64id="76561197967151252") disconnected from server
14:43:03: Player "[DY] RAPUNZEL" (steam64id="76561198100527842") connected to server
14:45:08: Player "[DY] FIONA" (steam64id="76561198165228070") connected to server
14:45:18: Player "Williamm" (steam64id="76561198059644841") connected to server
14:45:33: Player "JohnKetamine Jr." (steam64id="76561198140605281") connected to server
14:49:18: Player "[L.B] Santorin" (steam64id="76561199069721527") connected to server
14:52:29: Player "Kyatsujima" (steam64id="76561199058785516") connected to server
14:53:59: Player "BRUXO" (steam64id="76561198140728342") connected to server
14:54:04: Player "[DEV] KOREA" (steam64id="76561198253386609") disconnected from server
14:55:29: Player "[DEV] KOREA" (steam64id="76561198253386609") connected to server
14:56:09: Player "BRUXO" (steam64id="76561198140728342") disconnected from server
14:57:19: Player "BRUXO" (steam64id="76561198140728342") connected to server
14:57:54: Player "BRUXO" (steam64id="76561198140728342") disconnected from server
15:01:49: Player "MacLovin" (steam64id="76561199068236803") connected to server
15:01:49: Player "Charada" (steam64id="76561198034769290") connected to server
15:05:34: Player "Naell" (steam64id="76561198122722358") connected to server
15:06:19: Player "BRUXO" (steam64id="76561198140728342") connected to server
15:11:04: Player "web gado" (steam64id="76561199123625009") connected to server
15:12:09: Player "MacLovin" (steam64id="76561199068236803") disconnected from server
15:14:04: Player "Felipe" (steam64id="76561198145846598") disconnected from server
15:14:44: Player "Kyatsujima" (steam64id="76561199058785516") disconnected from server
15:15:54: Player "Joga" (steam64id="76561198991013190") disconnected from server
15:17:04: Player "[YKZ]-Notsniw" (steam64id="76561197967151252") connected to server
15:21:09: Player "MadPana" (steam64id="76561198042363311") connected to server
15:21:29: Player "netttto no drip" (steam64id="76561198859086815") connected to server
15:23:19: Player "MacLovin" (steam64id="76561199068236803") connected to server
15:24:49: Player "Williamm" (steam64id="76561198059644841") disconnected from server
15:27:44: Player "levi" (steam64id="76561198007092944") connected to server
15:28:14: Player "DangersPlay" (steam64id="76561198037868353") connected to server
15:28:59: Player "DanielSam" (steam64id="76561198867200764") connected to server
15:32:39: Player "[HORDA]ThiagoPenna" (steam64id="76561198218822351") disconnected from server
15:34:04: Player "Naell" (steam64id="76561198122722358") disconnected from server
15:36:19: Player "MuFeTe De FrAnGo" (steam64id="76561199018026908") connected to server
15:37:29: Player "DangersPlay" (steam64id="76561198037868353") disconnected from server
15:37:34: Player "Charada" (steam64id="76561198034769290") disconnected from server
15:38:09: Player "[L.B] Santorin" (steam64id="76561199069721527") disconnected from server
15:39:19: Player "[L.B]Zeca" (steam64id="76561198211423224") disconnected from server
15:39:44: Player "[DEV] KOREA" (steam64id="76561198253386609") disconnected from server
15:44:34: Player "JohnKetamine Jr." (steam64id="76561198140605281") disconnected from server
15:44:59: Player "R27" (steam64id="76561198338983164") disconnected from server
15:45:34: Player "Kaike" (steam64id="76561199246129933") connected to server
15:46:34: Player "[DEV] KOREA" (steam64id="76561198253386609") connected to server
15:54:24: Player "OZIEL" (steam64id="76561199063596086") connected to server
15:54:34: Player "Kaike" (steam64id="76561199246129933") disconnected from server
15:55:39: Player "[G.M] O verdadeiro" (steam64id="76561198351631304") disconnected from server
15:56:59: Player "chron1c" (steam64id="76561198205585613") connected to server
15:57:24: Player "[DY] RAPUNZEL" (steam64id="76561198100527842") disconnected from server
15:59:04: Player "Biel FxR" (steam64id="76561198050836260") disconnected from server
15:59:04: Player "TripaSeca" (steam64id="76561198093060507") disconnected from server
15:59:04: Player "Hacan121" (steam64id="76561198345012092") disconnected from server
15:59:04: Player "netttto no drip" (steam64id="76561198859086815") disconnected from server
15:59:04: Player "[YKZ]-Notsniw" (steam64id="76561197967151252") disconnected from server
15:59:04: Player "web gado" (steam64id="76561199123625009") disconnected from server
15:59:04: Player "Emissarius" (steam64id="76561198271087379") disconnected from server
15:59:04: Player "Blackhalkk" (steam64id="76561198067496371") disconnected from server
15:59:04: Player "[DY] FIONA" (steam64id="76561198165228070") disconnected from server
15:59:04: Player "[HORDA] zBieL" (steam64id="76561198001525812") disconnected from server
15:59:04: Player "[YKZ]-BlackBear" (steam64id="76561198343030820") disconnected from server
15:59:04: Player "[DY] MOANA" (steam64id="76561198868590548") disconnected from server
15:59:04: Player "BRUXO" (steam64id="76561198140728342") disconnected from server
15:59:04: Player "RonaldoHell" (steam64id="76561198067535800") disconnected from server
15:59:04: Player "MacLovin" (steam64id="76561199068236803") disconnected from server
15:59:04: Player "MuFeTe De FrAnGo" (steam64id="76561199018026908") disconnected from server
15:59:04: Player "levi" (steam64id="76561198007092944") disconnected from server
15:59:04: Player "OZIEL" (steam64id="76561199063596086") disconnected from server
15:59:04: Player "DanielSam" (steam64id="76561198867200764") disconnected from server
15:59:04: Player "chron1c" (steam64id="76561198205585613") disconnected from server
15:59:04: Player "[DEV] KOREA" (steam64id="76561198253386609") disconnected from server
15:59:04: Player "MadPana" (steam64id="76561198042363311") disconnected from server
16:07:56: Player "Blackhalkk" (steam64id="76561198067496371") connected to server
16:09:06: Player "MadPana" (steam64id="76561198042363311") connected to server
16:09:56: Player "RonaldoHell" (steam64id="76561198067535800") connected to server
16:10:26: Player "[YKZ]-Notsniw" (steam64id="76561197967151252") connected to server
16:12:26: Player "[DEV] KOREA" (steam64id="76561198253386609") connected to server
16:15:13: Player "Biel FxR" (steam64id="76561198050836260") connected to server
16:15:18: Player "Ceyfador" (steam64id="76561198936944072") connected to server
16:15:33: Player "Seekerzao" (steam64id="76561198067793781") connected to server
16:15:38: Player "levi" (steam64id="76561198007092944") connected to server
16:16:23: Player "Emissarius" (steam64id="76561198271087379") connected to server
16:16:23: Player "[DEV] KOREA" (steam64id="76561198253386609") disconnected from server
16:16:28: Player "chron1c" (steam64id="76561198205585613") connected to server
16:16:38: Player "[DY] MOANA" (steam64id="76561198868590548") connected to server
16:17:03: Player "Durepox" (steam64id="76561198098659780") connected to server
16:17:08: Player "web gado" (steam64id="76561199123625009") connected to server
16:17:18: Player "Derze" (steam64id="76561198061703595") connected to server
16:17:53: Player "Leg1tzera" (steam64id="76561198285241998") connected to server
16:18:08: Player "Hacan121" (steam64id="76561198345012092") connected to server
16:18:23: Player "Derze" (steam64id="76561198061703595") disconnected from server
16:18:38: Player "Operguer" (steam64id="76561198031245537") connected to server
16:18:43: Player "[YKZ]-BlackBear" (steam64id="76561198343030820") connected to server
16:19:28: Player "KlebinP*D'mesa" (steam64id="76561198354359983") connected to server
16:22:08: Player "[DY] FIONA" (steam64id="76561198165228070") connected to server
16:22:23: Player "netttto no drip" (steam64id="76561198859086815") connected to server
16:22:38: Player "[DY] RAPUNZEL" (steam64id="76561198100527842") connected to server
16:22:58: Player "MacLovin" (steam64id="76561199068236803") connected to server
16:23:43: Player "Kablowsky" (steam64id="76561198034100337") connected to server
16:24:43: Player "TripaSeca" (steam64id="76561198093060507") connected to server
16:24:58: Player "tecessin" (steam64id="76561198806418925") connected to server
16:33:33: Player "OZIEL" (steam64id="76561199063596086") connected to server
16:33:48: Player "LuscaNTC" (steam64id="76561198261359678") connected to server
16:33:48: Player "MadPana" (steam64id="76561198042363311") disconnected from server
16:35:18: Player "Troollzera" (steam64id="76561198841599033") connected to server
16:36:33: Player "PaLMaK" (steam64id="76561198018352843") connected to server
16:37:23: Player "Dibzeira" (steam64id="76561198027653007") connected to server
16:40:03: Player "RonaldoHell" (steam64id="76561198067535800") disconnected from server
16:40:28: Player "[YKZ]-BarucA" (steam64id="76561199141850356") connected to server
16:40:48: Player "Durepox" (steam64id="76561198098659780") disconnected from server
16:43:08: Player "Miler" (steam64id="76561198798657985") connected to server
16:46:18: Player "[G.M] O verdadeiro" (steam64id="76561198351631304") connected to server
16:48:53: Player "PaLMaK" (steam64id="76561198018352843") disconnected from server
16:49:28: Player "PaLMaK" (steam64id="76561198018352843") connected to server
16:53:33: Player "Hysada" (steam64id="76561198847201500") connected to server
16:54:03: Player "[HORDA]ThiagoPenna" (steam64id="76561198218822351") connected to server
16:54:23: Player "Domeneghi" (steam64id="76561198090270103") connected to server
16:55:03: Player "Gunnar_" (steam64id="76561198122212920") connected to server
16:56:58: Player "TripaSeca" (steam64id="76561198093060507") disconnected from server
16:57:18: Player "TripaSeca" (steam64id="76561198093060507") connected to server
16:57:18: Player "Gunnar_" (steam64id="76561198122212920") disconnected from server
16:57:38: Player "Gunnar_" (steam64id="76561198122212920") connected to server
16:58:33: Player "MacLovin" (steam64id="76561199068236803") disconnected from server
16:59:03: Player "MacLovin" (steam64id="76561199068236803") connected to server
17:00:33: Player "Gunnar_" (steam64id="76561198122212920") disconnected from server
17:00:43: Player "RonaldoHell" (steam64id="76561198067535800") connected to server
17:02:33: Player "Ceyfador" (steam64id="76561198936944072") disconnected from server
17:03:58: Player "Kablowsky" (steam64id="76561198034100337") disconnected from server
17:07:13: Player "TripaSeca" (steam64id="76561198093060507") disconnected from server
17:09:03: Player "Vinimuti" (steam64id="76561198966913626") connected to server
17:10:18: Player "PaLMaK" (steam64id="76561198018352843") disconnected from server
17:10:33: Player "Vinimuti" (steam64id="76561198966913626") disconnected from server
17:10:38: Player "Vinimuti" (steam64id="76561198966913626") connected to server
17:11:38: Player "[G.M] O verdadeiro" (steam64id="76561198351631304") disconnected from server
17:12:53: Player "SirPsychoBerg" (steam64id="76561198411771684") connected to server
17:14:08: Player "Blackhalkk" (steam64id="76561198067496371") disconnected from server
17:16:38: Player "Igor.Penha" (steam64id="76561198211423224") connected to server
17:18:23: Player "[G.M] O verdadeiro" (steam64id="76561198351631304") connected to server
17:19:08: Player "Igor.Penha" (steam64id="76561198211423224") disconnected from server
17:19:58: Player "[L.B]TropaDoEngui*a" (steam64id="76561198211423224") connected to server
17:23:08: Player "TripaSeca" (steam64id="76561198093060507") connected to server
17:23:23: Player "SniperX" (steam64id="76561199206798095") connected to server
17:24:18: Player "Domeneghi" (steam64id="76561198090270103") disconnected from server
17:25:33: Player "netttto no drip" (steam64id="76561198859086815") disconnected from server
17:26:38: Player "Salsabeard" (steam64id="76561198244727810") connected to server
17:26:43: Player "[DY] MOANA" (steam64id="76561198868590548") disconnected from server
17:27:13: Player "Clickbait [LEK]" (steam64id="76561198179343455") connected to server
17:27:13: Player "[DY] FIONA" (steam64id="76561198165228070") disconnected from server
17:27:33: Player "[YKZ]-BarucA" (steam64id="76561199141850356") disconnected from server
17:27:43: Player "[DY] RAPUNZEL" (steam64id="76561198100527842") disconnected from server
17:27:43: Player "Miler" (steam64id="76561198798657985") disconnected from server
17:28:23: Player "MacLovin" (steam64id="76561199068236803") disconnected from server
17:29:23: Player "Salsabeard" (steam64id="76561198244727810") disconnected from server
17:30:18: Player "OZIEL" (steam64id="76561199063596086") disconnected from server
17:32:13: Player "Clickbait [LEK]" (steam64id="76561198179343455") disconnected from server
17:33:18: Player "Blackhalkk" (steam64id="76561198067496371") connected to server
17:34:03: Player "Soft Porn" (steam64id="76561198047309186") connected to server
17:35:53: Player "Hysada" (steam64id="76561198847201500") disconnected from server
17:37:38: Player "MacLovin" (steam64id="76561199068236803") connected to server
17:40:53: Player "SirPsychoBerg" (steam64id="76561198411771684") disconnected from server
17:42:43: Player "Pedr0Sba" (steam64id="76561198122596917") connected to server
17:43:28: Player "Pozzobon " (steam64id="76561198812524891") connected to server
17:45:43: Player "Vinimuti" (steam64id="76561198966913626") disconnected from server
17:51:23: Player "[G.M] O verdadeiro" (steam64id="76561198351631304") disconnected from server
17:51:58: Player "[G.M] O verdadeiro" (steam64id="76561198351631304") connected to server
17:53:18: Player "SirPsychoBerg" (steam64id="76561198411771684") connected to server
17:53:38: Player "Seu Pesadelo" (steam64id="76561198348025528") connected to server
17:54:03: Player "Kablowsky" (steam64id="76561198034100337") connected to server
17:55:43: Player "levi" (steam64id="76561198007092944") disconnected from server
17:57:03: Player "PaLMaK" (steam64id="76561198018352843") connected to server
17:58:33: Player "tecessin" (steam64id="76561198806418925") disconnected from server
18:01:18: Player "LuscaNTC" (steam64id="76561198261359678") disconnected from server
18:01:33: Player "Leg1tzera" (steam64id="76561198285241998") disconnected from server
18:03:23: Player "[L.B]TropaDoEngui*a" (steam64id="76561198211423224") disconnected from server
18:04:43: Player "Theiago" (steam64id="76561198386542293") connected to server
18:05:38: Player "Theiago" (steam64id="76561198386542293") disconnected from server
18:05:53: Player "levi" (steam64id="76561198007092944") connected to server
18:07:08: Player "[L.B] Santorin" (steam64id="76561199069721527") connected to server
18:12:13: Player "Ntg Fio" (steam64id="76561198324706331") connected to server
18:15:08: Player "NTG Aragorn" (steam64id="76561198346678680") connected to server
18:15:28: Player "Okazaki" (steam64id="76561198012389478") connected to server
18:17:43: Player "[TTKS] RDS" (steam64id="76561198403580298") connected to server
18:17:48: Player "leco255" (steam64id="76561198123102703") connected to server
18:18:48: Player "NatsuMzO" (steam64id="76561198136438281") connected to server
18:23:48: Player "MacLovin" (steam64id="76561199068236803") disconnected from server
18:24:03: Player "RonaldoHell" (steam64id="76561198067535800") disconnected from server
18:25:53: Player "Kaike" (steam64id="76561199246129933") connected to server
18:26:18: Player "levi" (steam64id="76561198007092944") disconnected from server
18:26:23: Player "Ntg Fio" (steam64id="76561198324706331") disconnected from server
18:26:53: Player "NTG Aragorn" (steam64id="76561198346678680") disconnected from server
18:27:13: Player "SniperX" (steam64id="76561199206798095") disconnected from server
18:30:03: Player "[L.B]TropaDoEnguisa" (steam64id="76561198211423224") connected to server
18:30:28: Player "[L.B] LopesTa " (steam64id="76561198375254083") connected to server
18:30:28: Player "Arrog*nciaMZO" (steam64id="76561198088013797") connected to server
18:30:53: Player "Seu Pesadelo" (steam64id="76561198348025528") disconnected from server
18:32:53: Player "chron1c" (steam64id="76561198205585613") disconnected from server
18:33:23: Player "[G.M] O verdadeiro" (steam64id="76561198351631304") disconnected from server
18:33:53: Player "SaiyajiN-" (steam64id="76561199165390681") connected to server
18:34:03: Player "[LGBTQIA+] S T R 1 P P 3 R - S" (steam64id="76561198114043394") connected to server
18:34:08: Player "Operguer" (steam64id="76561198031245537") disconnected from server
18:34:18: Player "Kaike" (steam64id="76561199246129933") disconnected from server
18:34:48: Player "Domeneghi" (steam64id="76561198090270103") connected to server
18:34:53: Player "MadPana" (steam64id="76561198042363311") connected to server
18:35:48: Player "NatsuMzO" (steam64id="76561198136438281") disconnected from server
18:36:03: Player "Arrog*nciaMZO" (steam64id="76561198088013797") disconnected from server
18:36:43: Player "hurt" (steam64id="76561197986511408") connected to server
18:37:23: Player "Kaike" (steam64id="76561199246129933") connected to server
18:38:43: Player "Luska" (steam64id="76561198099970604") connected to server
18:42:18: Player "TeuSDek" (steam64id="76561198394822113") connected to server
18:44:38: Player "rockarcher" (steam64id="76561198076461879") connected to server
18:45:13: Player "DarkFyll" (steam64id="76561198972162440") connected to server
18:46:28: Player "Mat*Reis" (steam64id="76561198442072760") connected to server
18:46:53: Player "Stitch Do PUBG" (steam64id="76561198398833122") connected to server
18:50:14: Player "[L.B] LopesTa " (steam64id="76561198375254083") disconnected from server
18:51:14: Player "jotinha" (steam64id="76561199074349181") connected to server
18:51:54: Player "[L.B]TropaDoEnguisa" (steam64id="76561198211423224") disconnected from server
18:52:44: Player "[LB]KAS" (steam64id="76561199202697738") connected to server
18:52:59: Player "Bicicreta" (steam64id="76561198253386609") connected to server
18:53:59: Player "[POE] Metralha" (steam64id="76561198089089780") connected to server
18:54:19: Player "KlebinP*D'mesa" (steam64id="76561198354359983") disconnected from server
18:55:24: Player "Seekerzao" (steam64id="76561198067793781") disconnected from server
18:55:44: Player "[TTKS] RDS" (steam64id="76561198403580298") disconnected from server
18:55:49: Player "rockarcher" (steam64id="76561198076461879") disconnected from server
18:56:04: Player "[TTKS] RDS" (steam64id="76561198403580298") connected to server
18:57:49: Player "[POE] Jxnin" (steam64id="76561198309540272") connected to server
18:59:04: Player "Fdspkk" (steam64id="76561198078106554") connected to server
18:59:29: Player "hurt" (steam64id="76561197986511408") disconnected from server
18:59:59: Player "Pedr0Sba" (steam64id="76561198122596917") disconnected from server
19:01:44: Player "[L.B] Santorin" (steam64id="76561199069721527") disconnected from server
19:01:49: Player "Dibzeira" (steam64id="76561198027653007") disconnected from server
19:01:54: Player "PaLMaK" (steam64id="76561198018352843") disconnected from server
19:03:54: Player "!TALIBAN57_" (steam64id="76561198153920981") connected to server
19:04:14: Player "Fdspkk" (steam64id="76561198078106554") disconnected from server
19:04:24: Player "PjeyBR" (steam64id="76561198113954964") connected to server
19:04:34: Player "SadBoy" (steam64id="76561198327746574") connected to server
19:04:44: Player "Okazaki" (steam64id="76561198012389478") disconnected from server
19:05:59: Player "Fdspkk" (steam64id="76561198078106554") connected to server
19:06:59: Player "Rafahh" (steam64id="76561198042683928") connected to server
19:07:44: Player "Domeneghi" (steam64id="76561198090270103") disconnected from server
19:07:49: Player "[L.B] Santorin" (steam64id="76561199069721527") connected to server
19:08:09: Player "Fdspkk" (steam64id="76561198078106554") disconnected from server
19:09:14: Player "[L.B]TropaDoEnguisa" (steam64id="76561198211423224") connected to server
19:09:44: Player "Troollzera" (steam64id="76561198841599033") disconnected from server
19:10:04: Player "SaiyajiN-" (steam64id="76561199165390681") disconnected from server
19:10:44: Player "Troollzera" (steam64id="76561198841599033") connected to server
19:11:09: Player "Pozzobon " (steam64id="76561198812524891") disconnected from server
19:16:34: Player "Hacan121" (steam64id="76561198345012092") disconnected from server
19:16:49: Player "Biel FxR" (steam64id="76561198050836260") disconnected from server
19:17:54: Player "TripaSeca" (steam64id="76561198093060507") disconnected from server
19:18:09: Player "leco255" (steam64id="76561198123102703") disconnected from server
19:18:24: Player "Kaike" (steam64id="76561199246129933") disconnected from server
19:18:24: Player "Troollzera" (steam64id="76561198841599033") disconnected from server
19:19:54: Player "chron1c" (steam64id="76561198205585613") connected to server
19:21:39: Player "Soft Porn" (steam64id="76561198047309186") disconnected from server
19:22:19: Player "DanielSam" (steam64id="76561198867200764") connected to server
19:25:49: Player "[CLV]-Pain_Obeso" (steam64id="76561199059415820") connected to server
19:27:04: Player "Kablowsky" (steam64id="76561198034100337") disconnected from server
19:28:14: Player "Bicicreta" (steam64id="76561198253386609") disconnected from server
19:29:19: Player "jotinha" (steam64id="76561199074349181") disconnected from server
19:29:24: Player "G A T O" (steam64id="76561199207813177") connected to server
19:29:34: Player "jotinha" (steam64id="76561199074349181") connected to server
19:31:44: Player "[LB]KAS" (steam64id="76561199202697738") disconnected from server
19:32:19: Player "[HORDA]ThiagoPenna" (steam64id="76561198218822351") disconnected from server
19:32:59: Player "!TALIBAN57_" (steam64id="76561198153920981") disconnected from server
19:34:14: Player "G A T O" (steam64id="76561199207813177") disconnected from server
19:38:24: Player "[POE] Jxnin" (steam64id="76561198309540272") disconnected from server
19:42:04: Player "OZIEL" (steam64id="76561199063596086") connected to server
19:43:04: Player "novatao" (steam64id="76561198147062052") connected to server
19:43:04: Player "Mat*Reis" (steam64id="76561198442072760") disconnected from server
19:44:39: Player "Blackhalkk" (steam64id="76561198067496371") disconnected from server
19:45:44: Player "[LGBTQIA+] S T R 1 P P 3 R - S" (steam64id="76561198114043394") disconnected from server
19:47:09: Player "G A T O" (steam64id="76561199207813177") connected to server
19:48:14: Player "Tano" (steam64id="76561198110018783") connected to server
19:48:19: Player "[POE] Metralha" (steam64id="76561198089089780") disconnected from server
19:49:29: Player "PjeyBR" (steam64id="76561198113954964") disconnected from server
19:49:54: Player "Stitch Do PUBG" (steam64id="76561198398833122") disconnected from server
19:49:59: Player "OZIEL" (steam64id="76561199063596086") disconnected from server
19:50:24: Player "Rafahh" (steam64id="76561198042683928") disconnected from server
19:50:29: Player "Emissarius" (steam64id="76561198271087379") disconnected from server
19:51:24: Player "Emissarius" (steam64id="76561198271087379") connected to server
19:52:09: Player "Bird Freedom" (steam64id="76561198171865554") connected to server
19:53:44: Player "sarna do capeta" (steam64id="76561198287067059") connected to server
19:55:54: Player "sarna do capeta" (steam64id="76561198287067059") disconnected from server
19:57:09: Player "sarna do capeta" (steam64id="76561198287067059") connected to server
19:57:44: Player "YoloBolo" (steam64id="76561198173554925") connected to server
19:58:34: Player "chron1c" (steam64id="76561198205585613") disconnected from server
19:58:59: Player "SadBoy" (steam64id="76561198327746574") disconnected from server
19:59:04: Player "DanielSam" (steam64id="76561198867200764") disconnected from server
19:59:04: Player "[TTKS] RDS" (steam64id="76561198403580298") disconnected from server
19:59:04: Player "G A T O" (steam64id="76561199207813177") disconnected from server
19:59:04: Player "Tano" (steam64id="76561198110018783") disconnected from server
19:59:04: Player "SirPsychoBerg" (steam64id="76561198411771684") disconnected from server
19:59:04: Player "[L.B]TropaDoEnguisa" (steam64id="76561198211423224") disconnected from server
19:59:04: Player "[CLV]-Pain_Obeso" (steam64id="76561199059415820") disconnected from server
19:59:04: Player "TeuSDek" (steam64id="76561198394822113") disconnected from server
19:59:04: Player "DarkFyll" (steam64id="76561198972162440") disconnected from server
19:59:04: Player "[L.B] Santorin" (steam64id="76561199069721527") disconnected from server
19:59:04: Player "[YKZ]-Notsniw" (steam64id="76561197967151252") disconnected from server
19:59:04: Player "jotinha" (steam64id="76561199074349181") disconnected from server
19:59:04: Player "Emissarius" (steam64id="76561198271087379") disconnected from server
19:59:04: Player "web gado" (steam64id="76561199123625009") disconnected from server
19:59:04: Player "[YKZ]-BlackBear" (steam64id="76561198343030820") disconnected from server
19:59:04: Player "YoloBolo" (steam64id="76561198173554925") disconnected from server
19:59:04: Player "sarna do capeta" (steam64id="76561198287067059") disconnected from server
19:59:04: Player "Bird Freedom" (steam64id="76561198171865554") disconnected from server
19:59:04: Player "novatao" (steam64id="76561198147062052") disconnected from server
19:59:04: Player "MadPana" (steam64id="76561198042363311") disconnected from server
19:59:04: Player "Luska" (steam64id="76561198099970604") disconnected from server
20:01:30: Player "sarna do capeta" (steam64id="76561198287067059") connected to server
20:01:30: Player "YoloBolo" (steam64id="76561198173554925") connected to server
20:01:35: Player "[L.B] Santorin" (steam64id="76561199069721527") connected to server
20:01:35: Player "DanielSam" (steam64id="76561198867200764") connected to server
20:01:35: Player "[TTKS] RDS" (steam64id="76561198403580298") connected to server
20:01:40: Player "[LB]KAS" (steam64id="76561199202697738") connected to server
20:01:45: Player "Libertario com Caganeira" (steam64id="76561198171865554") connected to server
20:01:50: Player "G A T O" (steam64id="76561199207813177") connected to server
20:01:50: Player "[L.B]TropaDoEnguisa" (steam64id="76561198211423224") connected to server
20:01:50: Player "jotinha" (steam64id="76561199074349181") connected to server
20:02:05: Player "cucis" (steam64id="76561199128850258") connected to server
20:03:00: Player "Luska" (steam64id="76561198099970604") connected to server
20:03:00: Player "DarkFyll" (steam64id="76561198972162440") connected to server
20:03:40: Player "[CLV]-Pain_Obeso" (steam64id="76561199059415820") connected to server
20:05:05: Player "Stitch Do PUBG" (steam64id="76561198398833122") connected to server
20:06:55: Player "[HORDA]ThiagoPenna" (steam64id="76561198218822351") connected to server
20:07:15: Player "SirPsychoBerg" (steam64id="76561198411771684") connected to server
20:07:25: Player "Passo Largo" (steam64id="76561199203652654") connected to server
20:08:15: Player "sarna do capeta" (steam64id="76561198287067059") disconnected from server
20:08:35: Player "MadPana" (steam64id="76561198042363311") connected to server
20:08:35: Player "sarna do capeta" (steam64id="76561198287067059") connected to server
20:08:40: Player "PintoJunior" (steam64id="76561198057936781") connected to server
20:08:40: Player "[L.B] LopesTa " (steam64id="76561198375254083") connected to server
20:09:40: Player "Tano" (steam64id="76561198110018783") connected to server
20:10:05: Player "Felipe" (steam64id="76561198145846598") connected to server
20:10:20: Player "cucis" (steam64id="76561199128850258") disconnected from server
20:11:20: Player "[LB]KAS" (steam64id="76561199202697738") disconnected from server
20:12:00: Player "[LB]KAS" (steam64id="76561199202697738") connected to server
20:21:29: Player "[TTKS] RDS" (steam64id="76561198403580298") connected to server
20:21:29: Player "TeuSDek" (steam64id="76561198394822113") connected to server
20:21:54: Player "MadPana" (steam64id="76561198042363311") connected to server
20:21:59: Player "Luska" (steam64id="76561198099970604") connected to server
20:22:44: Player "Tifa Lockheart" (steam64id="76561198171865554") connected to server
20:23:24: Player "[L.B] Lrk" (steam64id="76561198021843024") connected to server
20:24:39: Player "G A T O" (steam64id="76561199207813177") connected to server
20:24:44: Player "[HORDA]ThiagoPenna" (steam64id="76561198218822351") connected to server
20:24:59: Player "[CLV]-Pain_Obeso" (steam64id="76561199059415820") connected to server
20:25:19: Player "Kablowsky" (steam64id="76561198034100337") connected to server
20:26:29: Player "DanielSam" (steam64id="76561198867200764") connected to server
20:26:54: Player "PintoJunior" (steam64id="76561198057936781") connected to server
20:26:59: Player "[L.B] LopesTa " (steam64id="76561198375254083") connected to server
20:27:39: Player "sarna do capeta" (steam64id="76561198287067059") connected to server
20:29:24: Player "SirPsychoBerg" (steam64id="76561198411771684") connected to server
20:30:24: Player "YoloBolo" (steam64id="76561198173554925") connected to server
20:33:34: Player "[ORDA]KAS" (steam64id="76561199202697738") connected to server
20:33:54: Player "[TTKS] RDS" (steam64id="76561198403580298") disconnected from server
20:38:19: Player "DanielSam" (steam64id="76561198867200764") disconnected from server
20:38:39: Player "DanielSam" (steam64id="76561198867200764") connected to server
20:38:54: Player "Gecom" (steam64id="76561198020315206") connected to server
20:39:44: Player "wel" (steam64id="76561198245343656") connected to server
20:42:09: Player "YoloBolo" (steam64id="76561198173554925") disconnected from server
20:44:29: Player "FBI-17" (steam64id="76561199221965397") connected to server
20:46:29: Player "GTO" (steam64id="76561198867074592") connected to server
20:47:09: Player "Passo Largo" (steam64id="76561199203652654") connected to server
20:50:04: Player "JHON WICK" (steam64id="76561198122075703") connected to server
20:50:34: Player "KillYou3000" (steam64id="76561199079606464") connected to server
20:51:59: Player "[KGB}Nobre Lobo" (steam64id="76561198127199963") connected to server
20:55:44: Player "DanielSam" (steam64id="76561198867200764") disconnected from server
20:56:29: Player "DanielSam" (steam64id="76561198867200764") connected to server
21:01:19: Player "PintoJunior" (steam64id="76561198057936781") disconnected from server
21:03:04: Player "Seekerzao" (steam64id="76561198067793781") connected to server
21:04:19: Player "benja" (steam64id="76561198882824508") connected to server
21:04:29: Player "[ORDA]KAS" (steam64id="76561199202697738") disconnected from server
21:06:34: Player "benja" (steam64id="76561198882824508") disconnected from server
21:06:39: Player "benja" (steam64id="76561198882824508") connected to server
21:09:24: Player "[L.B] Lrk" (steam64id="76561198021843024") disconnected from server
21:09:54: Player "TcheLoco" (steam64id="76561198099449370") connected to server
21:12:59: Player "Duerowww" (steam64id="76561198259492425") connected to server
21:15:14: Player "ttuker" (steam64id="76561198971813376") connected to server
21:17:14: Player "Felipe" (steam64id="76561198145846598") connected to server
21:20:09: Player "tlmnn" (steam64id="76561199054785069") connected to server
21:22:09: Player "[L.B] LopesTa " (steam64id="76561198375254083") disconnected from server
21:27:14: Player "chron1c" (steam64id="76561198205585613") connected to server
21:27:34: Player "felps" (steam64id="76561198892779186") connected to server
21:29:04: Player "!Yz Why?" (steam64id="76561198980965073") connected to server
21:31:09: Player "ArthemisFall" (steam64id="76561198126997247") connected to server
21:32:19: Player "murilodamira" (steam64id="76561199183775486") connected to server
21:35:04: Player "[TTKS] RDS" (steam64id="76561198403580298") connected to server
21:35:04: Player "Blackhalkk" (steam64id="76561198067496371") connected to server
21:35:09: Player "MadPana" (steam64id="76561198042363311") disconnected from server
21:35:19: Player "JohnKetamine Jr." (steam64id="76561198140605281") connected to server
21:35:39: Player "ArthemisFall" (steam64id="76561198126997247") disconnected from server
21:36:14: Player "Blackhalkk" (steam64id="76561198067496371") disconnected from server
21:37:14: Player "SAVAGE 1991" (steam64id="76561197991029744") connected to server
21:38:24: Player "[L.B]TropaDoEnguisa" (steam64id="76561198211423224") connected to server
21:38:49: Player "ArthemisFall" (steam64id="76561198126997247") connected to server
21:39:19: Player "MadPana" (steam64id="76561198042363311") connected to server
21:40:24: Player "SirPsychoBerg" (steam64id="76561198411771684") disconnected from server
21:41:29: Player "chunney" (steam64id="76561198371451103") connected to server
21:41:34: Player "Seekerzao" (steam64id="76561198067793781") disconnected from server
21:42:29: Player "[YKZ]-Notsniw" (steam64id="76561197967151252") connected to server
21:43:29: Player "tlmnn" (steam64id="76561199054785069") disconnected from server
21:43:39: Player "Kablowsky" (steam64id="76561198034100337") disconnected from server
21:43:59: Player "TcheLoco" (steam64id="76561198099449370") disconnected from server
21:44:24: Player "[CLV]-Pain_Obeso" (steam64id="76561199059415820") disconnected from server
21:44:34: Player "[KGB}Nobre Lobo" (steam64id="76561198127199963") disconnected from server
21:44:34: Player "Gecom" (steam64id="76561198020315206") disconnected from server
21:44:54: Player "Emissarius" (steam64id="76561198271087379") connected to server
21:46:24: Player "[TTKS] RDS" (steam64id="76561198403580298") disconnected from server
21:49:09: Player "SHIKIABUMBA" (steam64id="76561198157696156") connected to server
21:49:49: Player "Bacon-Frito" (steam64id="76561198062307418") connected to server
21:50:09: Player "chron1c" (steam64id="76561198205585613") disconnected from server
21:50:29: Player "[TTKS] RDS" (steam64id="76561198403580298") connected to server
21:50:59: Player "[L.B]TropaDoEnguisa" (steam64id="76561198211423224") disconnected from server
21:53:44: Player "Felipe" (steam64id="76561198145846598") disconnected from server
21:54:14: Player "!Yz YamaKiz" (steam64id="76561198076776381") connected to server
21:58:09: Player "JohnKetamine Jr." (steam64id="76561198140605281") disconnected from server
21:58:24: Player "cookiehoe" (steam64id="76561199133424537") connected to server
21:59:49: Player "[L.B] LopesTa " (steam64id="76561198375254083") connected to server
22:00:04: Player "Fulber" (steam64id="76561198053443712") connected to server
22:00:54: Player "Gecom" (steam64id="76561198020315206") connected to server
22:00:59: Player "sarna do capeta" (steam64id="76561198287067059") disconnected from server
22:01:04: Player "cookiehoe" (steam64id="76561199133424537") disconnected from server
22:01:19: Player "[TTKS] RDS" (steam64id="76561198403580298") disconnected from server
22:02:19: Player "sarna do capeta" (steam64id="76561198287067059") connected to server
22:03:39: Player "Fulber" (steam64id="76561198053443712") disconnected from server
22:04:29: Player "[TTKS] RDS" (steam64id="76561198403580298") connected to server
22:05:24: Player "Gecom" (steam64id="76561198020315206") disconnected from server
22:06:29: Player "Fulber" (steam64id="76561198053443712") connected to server
22:06:34: Player "AlexFraxe" (steam64id="76561198079014774") connected to server
22:07:04: Player "[L.B] LopesTa " (steam64id="76561198375254083") disconnected from server
22:07:49: Player "MadPana" (steam64id="76561198042363311") disconnected from server
22:07:54: Player "benja" (steam64id="76561198882824508") disconnected from server
22:08:14: Player "!Yz YamaKiz" (steam64id="76561198076776381") disconnected from server
22:09:39: Player "benja" (steam64id="76561198882824508") connected to server
22:09:49: Player "[L.B] LopesTa " (steam64id="76561198375254083") connected to server
22:10:39: Player "[L.B]TropaDoEnguisa" (steam64id="76561198211423224") connected to server
22:12:19: Player "GTO" (steam64id="76561198867074592") disconnected from server
22:13:39: Player "Luska" (steam64id="76561198099970604") disconnected from server
22:13:49: Player "TeuSDek" (steam64id="76561198394822113") disconnected from server
22:15:49: Player "[TTKS] RDS" (steam64id="76561198403580298") disconnected from server
22:17:54: Player "JohnKetamine Jr." (steam64id="76561198140605281") connected to server
22:17:59: Player "murilodamira" (steam64id="76561199183775486") disconnected from server
22:17:59: Player "FBI-17" (steam64id="76561199221965397") disconnected from server
22:19:19: Player "FBI-17" (steam64id="76561199221965397") connected to server
22:19:24: Player "FBI-17" (steam64id="76561199221965397") disconnected from server
22:19:44: Player "[LGBTQIA+] S T R 1 P P 3 R - S" (steam64id="76561198114043394") connected to server
22:24:44: Player "SHIKIABUMBA" (steam64id="76561198157696156") disconnected from server
22:25:09: Player "FBI-17" (steam64id="76561199221965397") connected to server
22:25:14: Player "FBI-17" (steam64id="76561199221965397") disconnected from server
22:25:54: Player "Spawn" (steam64id="76561198079935580") connected to server
22:25:54: Player "!Yz Why?" (steam64id="76561198980965073") disconnected from server
22:26:59: Player "AlexFraxe" (steam64id="76561198079014774") disconnected from server
22:27:49: Player "Fritas" (steam64id="76561198148172018") connected to server
22:27:49: Player "chunney" (steam64id="76561198371451103") disconnected from server
22:30:29: Player "rogersdutra01" (steam64id="76561197975156269") connected to server
22:30:59: Player "huedeson" (steam64id="76561199250643370") connected to server
22:31:24: Player "LIGHTvmz" (steam64id="76561199146864874") connected to server
22:32:19: Player "=G3= Chupo no sigilo " (steam64id="76561199037080751") connected to server
22:33:09: Player "Lefir88" (steam64id="76561198096135851") connected to server
22:34:04: Player "=G3= wellbert" (steam64id="76561198914685824") connected to server
22:34:44: Player "[L.B]TropaDoEnguisa" (steam64id="76561198211423224") disconnected from server
22:35:24: Player "JeffLoko" (steam64id="76561199030447144") connected to server
22:36:49: Player "KillYou3000" (steam64id="76561199079606464") disconnected from server
22:39:04: Player "[YKZ]-BlackBear" (steam64id="76561198343030820") connected to server
22:39:09: Player "JHON WICK" (steam64id="76561198122075703") disconnected from server
22:39:50: Player "o velho peludo" (steam64id="76561197987642420") connected to server
22:40:55: Player "LIGHTvmz" (steam64id="76561199146864874") disconnected from server
22:41:50: Player "DangersPlay" (steam64id="76561198037868353") connected to server
22:42:30: Player "AlexFraxe" (steam64id="76561198079014774") connected to server
22:43:50: Player "(CNXC)Roger    " (steam64id="76561198119108882") connected to server
22:47:10: Player "xN4M3x" (steam64id="76561198973068944") connected to server
22:48:25: Player "lobinhooou" (steam64id="76561198308387139") connected to server
22:48:35: Player "[L.B] LopesTa " (steam64id="76561198375254083") disconnected from server
22:48:40: Player "xN4M3x" (steam64id="76561198973068944") disconnected from server
22:49:15: Player "Seekerzao" (steam64id="76561198067793781") connected to server
22:49:20: Player "AlexFraxe" (steam64id="76561198079014774") disconnected from server
22:49:45: Player "AlexFraxe" (steam64id="76561198079014774") connected to server
22:51:00: Player "wel" (steam64id="76561198245343656") disconnected from server
22:53:25: Player "rogersdutra01" (steam64id="76561197975156269") disconnected from server
22:53:35: Player "ZenKaioh" (steam64id="76561198152445194") connected to server
22:54:10: Player "K1NGK1N" (steam64id="76561198160627069") connected to server
22:54:25: Player "[HORDA]ThiagoPenna" (steam64id="76561198218822351") disconnected from server
22:56:45: Player "huedeson" (steam64id="76561199250643370") disconnected from server
22:57:20: Player "ArthemisFall" (steam64id="76561198126997247") disconnected from server
22:58:30: Player "ArthemisFall" (steam64id="76561198126997247") connected to server
23:01:10: Player "rogersdutra01" (steam64id="76561197975156269") connected to server
23:01:25: Player "rogersdutra01" (steam64id="76561197975156269") disconnected from server
23:02:00: Player "rogersdutra01" (steam64id="76561197975156269") connected to server
23:03:25: Player "TripaSeca" (steam64id="76561198093060507") connected to server
23:06:30: Player "ChaCalGamer" (steam64id="76561198995613817") connected to server
23:06:50: Player "[DY] FROZEN " (steam64id="76561198161060673") connected to server
23:07:35: Player "AlexFraxe" (steam64id="76561198079014774") disconnected from server
23:07:55: Player "Tifa Lockheart" (steam64id="76561198171865554") disconnected from server
23:08:10: Player "ChaCalGamer" (steam64id="76561198995613817") disconnected from server
23:08:15: Player "[LGBTQIA+] S T R 1 P P 3 R - S" (steam64id="76561198114043394") disconnected from server
23:08:20: Player "Lefir88" (steam64id="76561198096135851") disconnected from server
23:09:25: Player "sarna do capeta" (steam64id="76561198287067059") disconnected from server
23:11:00: Player "DN" (steam64id="76561198894252178") connected to server
23:12:20: Player "joao" (steam64id="76561199070971844") connected to server
23:13:00: Player "KOREA" (steam64id="76561198253386609") connected to server
23:14:20: Player "AiPolly" (steam64id="76561198072574279") connected to server
23:15:00: Player "Hacan121" (steam64id="76561198345012092") connected to server
23:15:15: Player "AiPolly" (steam64id="76561198072574279") disconnected from server
23:17:50: Player "[DY] FROZEN " (steam64id="76561198161060673") disconnected from server
23:18:20: Player "AiPolly" (steam64id="76561198072574279") connected to server
23:18:55: Player "SAVAGE 1991" (steam64id="76561197991029744") disconnected from server
23:19:50: Player "Hiokiri_" (steam64id="76561198189143650") connected to server
23:20:35: Player "Biel FxR" (steam64id="76561198050836260") connected to server
23:20:45: Player "Mike_Oxlong" (steam64id="76561198066948892") connected to server
23:21:05: Player "Felipe" (steam64id="76561198145846598") connected to server
23:22:05: Player "felps" (steam64id="76561198892779186") disconnected from server
23:22:40: Player "NENEM.." (steam64id="76561198156792687") connected to server
23:23:35: Player "Troollzera" (steam64id="76561198841599033") connected to server
23:24:10: Player "JohnKetamine Jr." (steam64id="76561198140605281") disconnected from server
23:26:40: Player "benja" (steam64id="76561198882824508") disconnected from server
23:28:50: Player "(CNXC)Roger    " (steam64id="76561198119108882") disconnected from server
23:29:20: Player "ttuker" (steam64id="76561198971813376") disconnected from server
23:29:25: Player "Duerowww" (steam64id="76561198259492425") disconnected from server
23:29:50: Player "[MOD] OZIEL" (steam64id="76561199063596086") connected to server
23:30:55: Player "Mozzart" (steam64id="76561198122962290") connected to server
23:32:10: Player "(CNXC)Roger    " (steam64id="76561198119108882") connected to server
23:32:25: Player "(CNXC)Roger    " (steam64id="76561198119108882") disconnected from server
23:33:20: Player "NENEM.." (steam64id="76561198156792687") disconnected from server
23:33:45: Player "KOREA" (steam64id="76561198253386609") disconnected from server
23:34:35: Player "joao" (steam64id="76561199070971844") disconnected from server
23:34:40: Player "[MOD] OZIEL" (steam64id="76561199063596086") disconnected from server
23:35:20: Player "DN" (steam64id="76561198894252178") disconnected from server
23:35:30: Player "Mozzart" (steam64id="76561198122962290") disconnected from server
23:36:20: Player "Pokaflexa" (steam64id="76561198253386609") connected to server
23:37:00: Player "Nakawalker" (steam64id="76561198067431239") connected to server
23:37:30: Player "ragito" (steam64id="76561198143718624") connected to server
23:38:35: Player "Mike_Oxlong" (steam64id="76561198066948892") disconnected from server
23:38:50: Player "Bacon-Frito" (steam64id="76561198062307418") disconnected from server
23:40:35: Player "Hiokiri_" (steam64id="76561198189143650") disconnected from server
23:40:40: Player "[MOD] OZIEL" (steam64id="76561199063596086") connected to server
23:40:45: Player "[L.B] LopesTa " (steam64id="76561198375254083") connected to server
23:41:50: Player "ArthemisFall" (steam64id="76561198126997247") disconnected from server
23:42:10: Player "Bacon-Frito" (steam64id="76561198062307418") connected to server
23:42:55: Player "Felipe" (steam64id="76561198145846598") disconnected from server
23:43:00: Player "AiPolly" (steam64id="76561198072574279") disconnected from server
23:44:50: Player "Rayning" (steam64id="76561198382100426") connected to server
23:46:10: Player "AiPolly" (steam64id="76561198072574279") connected to server
23:46:55: Player "DiegoRock24" (steam64id="76561198196463397") connected to server
23:47:10: Player "Mozzart" (steam64id="76561198122962290") connected to server
23:48:35: Player "Milano" (steam64id="76561198027078553") connected to server
23:50:10: Player "[DY] FROZEN " (steam64id="76561198161060673") connected to server
23:51:25: Player "rogersdutra01" (steam64id="76561197975156269") disconnected from server
23:51:40: Player "K1NGK1N" (steam64id="76561198160627069") disconnected from server
23:52:45: Player "=G3=L.REIS" (steam64id="76561197965313777") connected to server
23:52:55: Player "rogersdutra01" (steam64id="76561197975156269") connected to server
23:55:17: Player "=G3=L.REIS" (steam64id="76561197965313777") disconnected from server
23:55:22: Player "Fulber" (steam64id="76561198053443712") disconnected from server
23:55:22: Player "Spawn" (steam64id="76561198079935580") disconnected from server
23:55:22: Player "Bacon-Frito" (steam64id="76561198062307418") disconnected from server
23:55:42: Player "=G3=L.REIS" (steam64id="76561197965313777") connected to server
23:56:07: Player "[DY] FROZEN " (steam64id="76561198161060673") disconnected from server
23:57:07: Player "=G3=L.REIS" (steam64id="76561197965313777") disconnected from server
23:59:07: Player "TripaSeca" (steam64id="76561198093060507") disconnected from server
23:59:07: Player "Hacan121" (steam64id="76561198345012092") disconnected from server
23:59:07: Player "JeffLoko" (steam64id="76561199030447144") disconnected from server
23:59:07: Player "Seekerzao" (steam64id="76561198067793781") disconnected from server
23:59:07: Player "Mozzart" (steam64id="76561198122962290") disconnected from server
23:59:07: Player "DanielSam" (steam64id="76561198867200764") disconnected from server
23:59:07: Player "G A T O" (steam64id="76561199207813177") disconnected from server
23:59:07: Player "=G3= Chupo no sigilo " (steam64id="76561199037080751") disconnected from server
23:59:07: Player "Troollzera" (steam64id="76561198841599033") disconnected from server
23:59:07: Player "AiPolly" (steam64id="76561198072574279") disconnected from server
23:59:07: Player "Passo Largo" (steam64id="76561199203652654") disconnected from server
23:59:07: Player "ZenKaioh" (steam64id="76561198152445194") disconnected from server
23:59:07: Player "[L.B] LopesTa " (steam64id="76561198375254083") disconnected from server
23:59:07: Player "o velho peludo" (steam64id="76561197987642420") disconnected from server
23:59:07: Player "lobinhooou" (steam64id="76561198308387139") disconnected from server
23:59:07: Player "Biel FxR" (steam64id="76561198050836260") disconnected from server
23:59:07: Player "DiegoRock24" (steam64id="76561198196463397") disconnected from server
23:59:07: Player "rogersdutra01" (steam64id="76561197975156269") disconnected from server
23:59:07: Player "Nakawalker" (steam64id="76561198067431239") disconnected from server
23:59:07: Player "[YKZ]-Notsniw" (steam64id="76561197967151252") disconnected from server
23:59:07: Player "=G3= wellbert" (steam64id="76561198914685824") disconnected from server
23:59:07: Player "ragito" (steam64id="76561198143718624") disconnected from server
23:59:07: Player "Emissarius" (steam64id="76561198271087379") disconnected from server
23:59:07: Player "Milano" (steam64id="76561198027078553") disconnected from server
23:59:07: Player "[YKZ]-BlackBear" (steam64id="76561198343030820") disconnected from server
23:59:07: Player "DangersPlay" (steam64id="76561198037868353") disconnected from server
23:59:07: Player "Rayning" (steam64id="76561198382100426") disconnected from server
23:59:07: Player "[MOD] OZIEL" (steam64id="76561199063596086") disconnected from server
23:59:07: Player "Fritas" (steam64id="76561198148172018") disconnected from server
23:59:07: Player "Pokaflexa" (steam64id="76561198253386609") disconnected from server
