00:00:33: Player "Sonetco" (steam64id="76561198991945000") connected to server
00:00:33: Player "RS Ricardo" (steam64id="76561198128886962") connected to server
00:00:38: Player "[YKZ] Notsniw" (steam64id="76561197967151252") connected to server
00:00:38: Player "Alcanfor" (steam64id="76561198018104612") connected to server
00:00:43: Player "Necromancer" (steam64id="76561198287885272") connected to server
00:00:53: Player "Xupyra" (steam64id="76561198258911731") connected to server
00:01:08: Player "(CNXC)Roger    " (steam64id="76561198119108882") connected to server
00:01:08: Player "Criolo" (steam64id="76561199160964742") connected to server
00:01:23: Player "David Jr" (steam64id="76561198962491605") connected to server
00:01:28: Player "Raemi" (steam64id="76561198048467587") connected to server
00:01:38: Player "[YKZ] pedrobala" (steam64id="76561198046653521") connected to server
00:01:38: Player "CARAJO" (steam64id="76561198081512167") connected to server
00:01:58: Player "Viniguitton" (steam64id="76561198070540405") connected to server
00:03:28: Player "[XIT]SoulzaHur" (steam64id="76561198387573700") connected to server
00:03:28: Player "Brayan" (steam64id="76561199129190063") connected to server
00:13:53: Player "[HORDA]ThiagoPenna" (steam64id="76561198218822351") connected to server
00:15:08: Player "Betinho_maluco" (steam64id="76561198057627157") connected to server
00:15:53: Player "Xupyra" (steam64id="76561198258911731") disconnected from server
00:21:08: Player "Criolo" (steam64id="76561199160964742") disconnected from server
00:35:48: Player "[YKZ] Notsniw" (steam64id="76561197967151252") disconnected from server
00:43:03: Player "Brayan" (steam64id="76561199129190063") disconnected from server
00:50:43: Player "Betinho_maluco" (steam64id="76561198057627157") disconnected from server
01:03:03: Player "Sonetco" (steam64id="76561198991945000") disconnected from server
01:06:23: Player "[XIT]SoulzaHur" (steam64id="76561198387573700") disconnected from server
01:15:43: Player "[YKZ] pedrobala" (steam64id="76561198046653521") disconnected from server
01:17:13: Player "Raemi" (steam64id="76561198048467587") disconnected from server
01:24:28: Player "David Jr" (steam64id="76561198962491605") disconnected from server
01:24:28: Player "Viniguitton" (steam64id="76561198070540405") disconnected from server
01:32:23: Player "(CNXC)Roger    " (steam64id="76561198119108882") disconnected from server
02:14:38: Player "[HORDA]ThiagoPenna" (steam64id="76561198218822351") disconnected from server
02:38:03: Player "Necromancer" (steam64id="76561198287885272") disconnected from server
02:48:33: Player "RS Ricardo" (steam64id="76561198128886962") disconnected from server
02:49:23: Player "[YKZ] Seekerzao" (steam64id="76561198067793781") connected to server
03:21:13: Player "[YKZ] Seekerzao" (steam64id="76561198067793781") disconnected from server
03:24:53: Player "Alcanfor" (steam64id="76561198018104612") disconnected from server
03:25:33: Player "Alcanfor" (steam64id="76561198018104612") connected to server
03:54:08: Player "Harrysport" (steam64id="76561199113678706") connected to server
03:57:58: Player "Harrysport" (steam64id="76561199113678706") disconnected from server
03:58:38: Player "Alcanfor" (steam64id="76561198018104612") disconnected from server
03:58:38: Player "CARAJO" (steam64id="76561198081512167") disconnected from server
04:00:46: Player "Alcanfor" (steam64id="76561198018104612") connected to server
04:01:11: Player "CARAJO" (steam64id="76561198081512167") connected to server
04:03:31: Player "Alcanfor" (steam64id="76561198018104612") disconnected from server
04:03:31: Player "CARAJO" (steam64id="76561198081512167") disconnected from server
04:04:56: Player "Alcanfor" (steam64id="76561198018104612") connected to server
04:07:56: Player "Alcanfor" (steam64id="76561198018104612") disconnected from server
07:32:16: Player "GabrielDWR" (steam64id="76561199012612653") connected to server
07:58:36: Player "GabrielDWR" (steam64id="76561199012612653") disconnected from server
08:00:54: Player "GabrielDWR" (steam64id="76561199012612653") connected to server
08:07:39: Player "ALFAA" (steam64id="76561199071067007") connected to server
08:51:04: Player "ALFAA" (steam64id="76561199071067007") disconnected from server
09:29:44: Player "{PB} BIZU" (steam64id="76561198418322081") connected to server
09:49:39: Player "nicolasmaduro13" (steam64id="76561199046935422") connected to server
09:58:34: Player "nicolasmaduro13" (steam64id="76561199046935422") disconnected from server
10:16:14: Player "[YKZ]-Lobato" (steam64id="76561198158375860") connected to server
10:18:09: Player "[YKZ]-Lobato" (steam64id="76561198158375860") disconnected from server
10:20:14: Player "[YKZ]-Lobato" (steam64id="76561198158375860") connected to server
10:36:54: Player "{PB} BIZU" (steam64id="76561198418322081") disconnected from server
11:09:54: Player "G A T O" (steam64id="76561199207813177") connected to server
11:11:34: Player "Betinho_maluco" (steam64id="76561198057627157") connected to server
11:24:09: Player "ALFAA" (steam64id="76561199071067007") connected to server
11:25:49: Player "Betinho_maluco" (steam64id="76561198057627157") disconnected from server
11:37:49: Player "DanielSam" (steam64id="76561198867200764") connected to server
11:58:14: Player "DanielSam" (steam64id="76561198867200764") disconnected from server
11:58:39: Player "G A T O" (steam64id="76561199207813177") disconnected from server
11:58:39: Player "GabrielDWR" (steam64id="76561199012612653") disconnected from server
11:58:39: Player "ALFAA" (steam64id="76561199071067007") disconnected from server
11:58:39: Player "[YKZ]-Lobato" (steam64id="76561198158375860") disconnected from server
12:00:53: Player "G A T O" (steam64id="76561199207813177") connected to server
12:00:53: Player "ALFAA" (steam64id="76561199071067007") connected to server
12:01:08: Player "GabrielDWR" (steam64id="76561199012612653") connected to server
12:05:18: Player "ALFAA" (steam64id="76561199071067007") disconnected from server
12:08:18: Player "G A T O" (steam64id="76561199207813177") disconnected from server
12:16:08: Player "[HORDA]ThiagoPenna" (steam64id="76561198218822351") connected to server
12:18:18: Player "[HORDA]MacLovin" (steam64id="76561199068236803") connected to server
12:26:23: Player "GabrielDWR" (steam64id="76561199012612653") disconnected from server
12:38:23: Player "[HORDA]MacLovin" (steam64id="76561199068236803") disconnected from server
12:38:43: Player "[HORDA]KAS" (steam64id="76561199202697738") connected to server
12:38:53: Player "[HORDA]MacLovin" (steam64id="76561199068236803") connected to server
12:47:38: Player "[YKZ]-BlackBear" (steam64id="76561198343030820") connected to server
12:51:38: Player "BRUXO" (steam64id="76561198140728342") connected to server
12:56:28: Player "BRUXO" (steam64id="76561198140728342") disconnected from server
13:15:58: Player "(CNXC)Roger    " (steam64id="76561198119108882") connected to server
13:30:23: Player "[horda]marcelinho" (steam64id="76561198817477406") connected to server
13:30:43: Player "[HORDA]KAS" (steam64id="76561199202697738") disconnected from server
13:34:48: Player "Vini_300" (steam64id="76561198145785923") connected to server
13:41:53: Player "[horda]marcelinho" (steam64id="76561198817477406") disconnected from server
13:41:58: Player "Vini_300" (steam64id="76561198145785923") disconnected from server
13:44:03: Player "[HORDA]MacLovin" (steam64id="76561199068236803") disconnected from server
13:44:23: Player "Vini_300" (steam64id="76561198145785923") connected to server
13:44:43: Player "[HORDA]MacLovin" (steam64id="76561199068236803") connected to server
13:56:28: Player "Vini_300" (steam64id="76561198145785923") disconnected from server
14:01:58: Player "[YKZ]-Lobato" (steam64id="76561198158375860") connected to server
14:07:08: Player "[HORDA]MacLovin" (steam64id="76561199068236803") disconnected from server
14:07:43: Player "[HORDA]ThiagoPenna" (steam64id="76561198218822351") disconnected from server
14:11:13: Player "Galega" (steam64id="76561198959103891") connected to server
14:24:23: Player "ProstFire" (steam64id="76561198838473436") connected to server
14:47:13: Player "Vex" (steam64id="76561198020686220") connected to server
14:49:13: Player "ProstFire" (steam64id="76561198838473436") disconnected from server
14:49:38: Player "ProstFire" (steam64id="76561198838473436") connected to server
14:51:08: Player "[YKZ]-BlackBear" (steam64id="76561198343030820") disconnected from server
14:53:08: Player "[YKZ]-BlackBear" (steam64id="76561198343030820") connected to server
