00:01:08: Player "ChukenThe3rd" (steam64id="76561198134837847") connected to server
00:01:08: Player "TcheLoco" (steam64id="76561198099449370") connected to server
00:01:13: Player "MendeL" (steam64id="76561198329721265") connected to server
00:01:13: Player "Kenny" (steam64id="76561198044562814") connected to server
00:01:13: Player "[horda]marcelinhho" (steam64id="76561198817477406") connected to server
00:01:18: Player "Duerowww" (steam64id="76561198259492425") connected to server
00:01:38: Player "ttuker" (steam64id="76561198971813376") connected to server
00:01:43: Player "[HORDA]LUCASBR" (steam64id="76561198973828354") connected to server
00:01:48: Player "tappes" (steam64id="76561198990092287") connected to server
00:02:48: Player "[YKZ] pedrobala" (steam64id="76561198046653521") connected to server
00:03:03: Player "TcheLoco" (steam64id="76561198099449370") disconnected from server
00:03:08: Player "[ONE] KARABULJHAN" (steam64id="76561198100527842") connected to server
00:03:13: Player "tappes" (steam64id="76561198990092287") disconnected from server
00:03:33: Player "[HORDA] JHON WICK" (steam64id="76561198122075703") connected to server
00:03:43: Player "Hacan121" (steam64id="76561198345012092") connected to server
00:04:08: Player "[YKZ] Emissarius" (steam64id="76561198271087379") connected to server
00:05:43: Player "G A T O" (steam64id="76561199207813177") connected to server
00:06:28: Player "tappes" (steam64id="76561198990092287") connected to server
00:07:08: Player "DanielSam" (steam64id="76561198867200764") connected to server
00:07:28: Player "[YKZ]-BlackBear" (steam64id="76561198343030820") connected to server
00:07:28: Player "TripaSeca" (steam64id="76561198093060507") connected to server
00:12:33: Player "[HORDA] JHON WICK" (steam64id="76561198122075703") disconnected from server
00:15:13: Player "DjRaelZiin29" (steam64id="76561198963310995") connected to server
00:16:48: Player "MendeL" (steam64id="76561198329721265") disconnected from server
00:19:18: Player "[YKZ] pedrobala" (steam64id="76561198046653521") disconnected from server
00:19:28: Player "Titio Sam" (steam64id="76561199014145539") connected to server
00:20:13: Player "StarkCG" (steam64id="76561198121484554") connected to server
00:21:13: Player "[YKZ] pedrobala" (steam64id="76561198046653521") connected to server
00:23:13: Player "Kenny" (steam64id="76561198044562814") disconnected from server
00:29:53: Player "[ONE] JAPA" (steam64id="76561198161060673") connected to server
00:30:03: Player "[HORDA]LUCASBR" (steam64id="76561198973828354") disconnected from server
00:35:08: Player "StarkCG" (steam64id="76561198121484554") disconnected from server
00:36:58: Player "SoloWolf" (steam64id="76561198328676983") connected to server
00:38:48: Player "ChukenThe3rd" (steam64id="76561198134837847") disconnected from server
00:39:58: Player "[horda]marcelinhho" (steam64id="76561198817477406") disconnected from server
00:40:23: Player "DanielSam" (steam64id="76561198867200764") disconnected from server
00:48:48: Player "[YKZ]-BlackBear" (steam64id="76561198343030820") disconnected from server
00:52:58: Player "[YKZ]-BlackBear" (steam64id="76561198343030820") connected to server
00:54:18: Player "Rafa016" (steam64id="76561198058713416") connected to server
00:56:08: Player "Rafa016" (steam64id="76561198058713416") disconnected from server
00:56:58: Player "SoloWolf" (steam64id="76561198328676983") disconnected from server
01:18:33: Player "TripaSeca" (steam64id="76561198093060507") disconnected from server
01:19:23: Player "Hacan121" (steam64id="76561198345012092") disconnected from server
01:25:18: Player "Duerowww" (steam64id="76561198259492425") disconnected from server
01:29:03: Player "[YKZ] pedrobala" (steam64id="76561198046653521") disconnected from server
01:29:43: Player "ttuker" (steam64id="76561198971813376") disconnected from server
01:30:43: Player "[YKZ] pedrobala" (steam64id="76561198046653521") connected to server
01:35:13: Player "G A T O" (steam64id="76561199207813177") disconnected from server
01:47:53: Player "[YKZ] pedrobala" (steam64id="76561198046653521") disconnected from server
01:57:23: Player "[ONE] KARABULJHAN" (steam64id="76561198100527842") disconnected from server
01:59:33: Player "[ONE] JAPA" (steam64id="76561198161060673") disconnected from server
02:47:43: Player "Titio Sam" (steam64id="76561199014145539") disconnected from server
02:52:23: Player "[YKZ]-BlackBear" (steam64id="76561198343030820") disconnected from server
02:52:33: Player "DjRaelZiin29" (steam64id="76561198963310995") disconnected from server
02:52:43: Player "[YKZ] Emissarius" (steam64id="76561198271087379") disconnected from server
02:52:48: Player "tappes" (steam64id="76561198990092287") disconnected from server
04:03:32: Player "MenoDuLins" (steam64id="76561198057614573") connected to server
04:05:27: Player "MenoDuLins" (steam64id="76561198057614573") disconnected from server
04:25:22: Player "TripaSeca" (steam64id="76561198093060507") connected to server
04:52:42: Player "Vinycin" (steam64id="76561198989132464") connected to server
04:55:02: Player "Fumado" (steam64id="76561198000639906") connected to server
04:55:57: Player "TripaSeca" (steam64id="76561198093060507") disconnected from server
05:01:42: Player "Survivor" (steam64id="76561198930832046") connected to server
05:17:37: Player "Fumado" (steam64id="76561198000639906") disconnected from server
05:47:23: Player "POPLEPOP" (steam64id="76561198066489149") connected to server
06:06:53: Player "Vinycin" (steam64id="76561198989132464") disconnected from server
06:08:08: Player "Vinycin" (steam64id="76561198989132464") connected to server
06:09:38: Player "[ONE}Rick" (steam64id="76561198868590548") connected to server
06:19:03: Player "POPLEPOP" (steam64id="76561198066489149") disconnected from server
06:26:18: Player "Survivor" (steam64id="76561198930832046") disconnected from server
06:26:28: Player "[ONE}Rick" (steam64id="76561198868590548") disconnected from server
06:26:28: Player "Vinycin" (steam64id="76561198989132464") disconnected from server
06:27:08: Player "[ONE}Rick" (steam64id="76561198868590548") connected to server
06:39:23: Player "[ONE}Rick" (steam64id="76561198868590548") disconnected from server
07:57:13: Player "Sekoone" (steam64id="76561198036774571") connected to server
07:59:13: Player "Sekoone" (steam64id="76561198036774571") disconnected from server
08:01:13: Player "Sekoone" (steam64id="76561198036774571") connected to server
08:15:48: Player "Duerowww" (steam64id="76561198259492425") connected to server
08:43:58: Player "Sekoone" (steam64id="76561198036774571") disconnected from server
08:49:08: Player "Thyago Schafer" (steam64id="76561199009699918") connected to server
08:57:48: Player "leco255" (steam64id="76561198123102703") connected to server
08:58:48: Player "leco255" (steam64id="76561198123102703") disconnected from server
08:59:18: Player "leco255" (steam64id="76561198123102703") connected to server
09:03:18: Player "leco255" (steam64id="76561198123102703") disconnected from server
09:04:48: Player "leco255" (steam64id="76561198123102703") connected to server
09:06:18: Player "leco255" (steam64id="76561198123102703") disconnected from server
09:21:23: Player "leco255" (steam64id="76561198123102703") connected to server
09:22:13: Player "leco255" (steam64id="76561198123102703") disconnected from server
09:33:28: Player "ttuker" (steam64id="76561198971813376") connected to server
09:35:18: Player "Thyago Schafer" (steam64id="76561199009699918") disconnected from server
09:35:48: Player "leco255" (steam64id="76561198123102703") connected to server
09:36:38: Player "leco255" (steam64id="76561198123102703") disconnected from server
09:36:58: Player "leco255" (steam64id="76561198123102703") connected to server
09:38:33: Player "leco255" (steam64id="76561198123102703") disconnected from server
09:42:58: Player "Her0" (steam64id="76561199005753267") connected to server
09:55:18: Player "Her0" (steam64id="76561199005753267") disconnected from server
10:37:53: Player "DuDuzin" (steam64id="76561198204677881") connected to server
10:44:33: Player "Pablo_Bitarello" (steam64id="76561198167245866") connected to server
10:55:03: Player "Hacan121" (steam64id="76561198345012092") connected to server
10:55:58: Player "Pablo_Bitarello" (steam64id="76561198167245866") disconnected from server
11:03:03: Player "DuDuzin" (steam64id="76561198204677881") disconnected from server
11:04:08: Player "Passo Largo" (steam64id="76561198057660141") connected to server
11:06:13: Player "[YKZ]-BlackBear" (steam64id="76561198343030820") connected to server
11:20:33: Player "DuDuzin" (steam64id="76561198204677881") connected to server
11:22:28: Player "[HORDA]MacLovin" (steam64id="76561199068236803") connected to server
11:26:03: Player "tappes" (steam64id="76561198990092287") connected to server
11:26:08: Player "ttuker" (steam64id="76561198971813376") disconnected from server
11:31:03: Player "Duerowww" (steam64id="76561198259492425") disconnected from server
11:38:33: Player "[HORDA]  Rogal" (steam64id="76561199225267029") connected to server
11:44:03: Player "tappes" (steam64id="76561198990092287") disconnected from server
11:45:38: Player "[YKZ]-tappes" (steam64id="76561198990092287") connected to server
11:47:13: Player "Mixeuu" (steam64id="76561198074791586") connected to server
11:49:13: Player "DuDuzin" (steam64id="76561198204677881") disconnected from server
11:59:13: Player "[HORDA]  Rogal" (steam64id="76561199225267029") disconnected from server
11:59:13: Player "Passo Largo" (steam64id="76561198057660141") disconnected from server
11:59:13: Player "[HORDA]MacLovin" (steam64id="76561199068236803") disconnected from server
11:59:13: Player "Hacan121" (steam64id="76561198345012092") disconnected from server
11:59:13: Player "[YKZ]-tappes" (steam64id="76561198990092287") disconnected from server
11:59:13: Player "[YKZ]-BlackBear" (steam64id="76561198343030820") disconnected from server
11:59:13: Player "Mixeuu" (steam64id="76561198074791586") disconnected from server
12:01:14: Player "[HORDA]  Rogal" (steam64id="76561199225267029") connected to server
12:01:49: Player "[YKZ]-BlackBear" (steam64id="76561198343030820") connected to server
12:02:04: Player "Hacan121" (steam64id="76561198345012092") connected to server
12:02:24: Player "Passo Largo" (steam64id="76561198057660141") connected to server
12:02:44: Player "[HORDA]MacLovin" (steam64id="76561199068236803") connected to server
12:03:29: Player "Seekerzao" (steam64id="76561198067793781") connected to server
12:04:34: Player "[YKZ]-tappes" (steam64id="76561198990092287") connected to server
12:08:04: Player "N E T O" (steam64id="76561199193971823") connected to server
12:08:34: Player "[HORDA]  Rogal" (steam64id="76561199225267029") disconnected from server
12:11:19: Player "[HORDA]LUCASBR" (steam64id="76561198973828354") connected to server
12:12:44: Player "Mixeuu" (steam64id="76561198074791586") connected to server
12:17:39: Player "Seekerzao" (steam64id="76561198067793781") disconnected from server
12:18:54: Player "[HORDA]ThiagoPenna" (steam64id="76561198218822351") connected to server
12:20:04: Player "[HORDA]  Rogal" (steam64id="76561199225267029") connected to server
12:28:44: Player "[HORDA]LUCASBR" (steam64id="76561198973828354") disconnected from server
12:30:34: Player "Pablo_Bitarello" (steam64id="76561198167245866") connected to server
12:31:29: Player "[ONE] JAPA" (steam64id="76561198161060673") connected to server
12:32:14: Player "[YKZ] Emissarius" (steam64id="76561198271087379") connected to server
12:37:09: Player "[L.B]TropaDoEnguisa" (steam64id="76561198211423224") connected to server
12:38:09: Player "[HORDA]ThiagoPenna" (steam64id="76561198218822351") disconnected from server
12:38:14: Player "[L.B]TropaDoEnguisa" (steam64id="76561198211423224") disconnected from server
12:38:24: Player "[HORDA]ThiagoPenna" (steam64id="76561198218822351") connected to server
12:39:09: Player "[L.B]TropaDoEnguisa" (steam64id="76561198211423224") connected to server
12:39:44: Player "[L.B] Santorin" (steam64id="76561199069721527") connected to server
12:42:44: Player "[YKZ] Notsniw" (steam64id="76561197967151252") connected to server
12:42:59: Player "Passo Largo" (steam64id="76561198057660141") disconnected from server
12:43:04: Player "[HORDA] JHON WICK" (steam64id="76561198122075703") connected to server
12:43:19: Player "Mixeuu" (steam64id="76561198074791586") disconnected from server
12:46:54: Player "Hacan121" (steam64id="76561198345012092") disconnected from server
12:48:39: Player "N E T O" (steam64id="76561199193971823") disconnected from server
12:55:54: Player "GuybsonLps" (steam64id="76561199171941975") connected to server
12:58:44: Player "[HORDA]MacLovin" (steam64id="76561199068236803") disconnected from server
12:59:34: Player "[HORDA]MacLovin" (steam64id="76561199068236803") connected to server
13:05:04: Player "[ONE] JAPA" (steam64id="76561198161060673") disconnected from server
13:05:44: Player "[YKZ] Notsniw" (steam64id="76561197967151252") disconnected from server
13:10:34: Player "[L.B]TropaDoEnguisa" (steam64id="76561198211423224") disconnected from server
13:11:34: Player "[L.B]TropaDoEnguisa" (steam64id="76561198211423224") connected to server
13:11:54: Player "Pablo_Bitarello" (steam64id="76561198167245866") disconnected from server
13:12:14: Player "GuybsonLps" (steam64id="76561199171941975") disconnected from server
13:14:04: Player "GuybsonLps" (steam64id="76561199171941975") connected to server
13:14:54: Player "Pablo_Bitarello" (steam64id="76561198167245866") connected to server
13:16:24: Player "[YKZ]-BlackBear" (steam64id="76561198343030820") disconnected from server
13:16:44: Player "[YKZ]-BlackBear" (steam64id="76561198343030820") connected to server
13:18:24: Player "Seekerzao" (steam64id="76561198067793781") connected to server
13:18:24: Player "[L.B]TropaDoEnguisa" (steam64id="76561198211423224") disconnected from server
13:19:14: Player "N E T O" (steam64id="76561199193971823") connected to server
13:19:19: Player "[L.B]TropaDoEnguisa" (steam64id="76561198211423224") connected to server
13:20:24: Player "[L.B] Santorin" (steam64id="76561199069721527") disconnected from server
13:20:44: Player "Hacan121" (steam64id="76561198345012092") connected to server
13:22:14: Player "[HORDA]ThiagoPenna" (steam64id="76561198218822351") disconnected from server
13:23:04: Player "[HORDA]ThiagoPenna" (steam64id="76561198218822351") connected to server
13:23:04: Player "Seekerzao" (steam64id="76561198067793781") disconnected from server
13:26:14: Player "[YKZ]-BlackBear" (steam64id="76561198343030820") disconnected from server
13:26:34: Player "[YKZ]-BlackBear" (steam64id="76561198343030820") connected to server
13:30:39: Player "[L.B]TropaDoEnguisa" (steam64id="76561198211423224") disconnected from server
13:30:59: Player "[YKZ]-tappes" (steam64id="76561198990092287") disconnected from server
13:31:44: Player "Lkw_" (steam64id="76561198879157988") connected to server
13:31:59: Player "[YKZ]-tappes" (steam64id="76561198990092287") connected to server
13:34:14: Player "Passo Largo" (steam64id="76561199203652654") connected to server
13:36:04: Player "DanielSam" (steam64id="76561198867200764") connected to server
13:36:49: Player "[YKZ] Notsniw" (steam64id="76561197967151252") connected to server
13:42:09: Player "[ONE] JAPA" (steam64id="76561198161060673") connected to server
13:51:44: Player "[ONE] JAPA" (steam64id="76561198161060673") disconnected from server
13:54:09: Player "Pablo_Bitarello" (steam64id="76561198167245866") disconnected from server
13:58:34: Player "GuybsonLps" (steam64id="76561199171941975") disconnected from server
14:01:04: Player "S2" (steam64id="76561198140728342") connected to server
14:04:09: Player "S2" (steam64id="76561198140728342") disconnected from server
14:05:14: Player "BRUXO" (steam64id="76561198140728342") connected to server
14:07:34: Player "Mixeuu" (steam64id="76561198074791586") connected to server
14:10:49: Player "Mixeuu" (steam64id="76561198074791586") disconnected from server
14:14:39: Player "G A T O" (steam64id="76561199207813177") connected to server
14:15:04: Player "[HORDA]  Rogal" (steam64id="76561199225267029") disconnected from server
14:15:14: Player "[HORDA]ThiagoPenna" (steam64id="76561198218822351") disconnected from server
14:22:29: Player "Pablo_Bitarello" (steam64id="76561198167245866") connected to server
14:25:19: Player "Lkw_" (steam64id="76561198879157988") disconnected from server
14:25:34: Player "[YKZ]-BlackBear" (steam64id="76561198343030820") disconnected from server
14:34:54: Player "N E T O" (steam64id="76561199193971823") disconnected from server
14:34:59: Player "[HORDA]KAS" (steam64id="76561199202697738") connected to server
14:35:34: Player "[HORDA]MacLovin" (steam64id="76561199068236803") disconnected from server
14:37:49: Player "Passo Largo" (steam64id="76561199203652654") disconnected from server
14:48:29: Player "Toni" (steam64id="76561198064461708") connected to server
14:50:19: Player "[HORDA]KAS" (steam64id="76561199202697738") disconnected from server
14:52:09: Player "Juliano" (steam64id="76561198329721265") connected to server
14:52:44: Player "[YKZ] Notsniw" (steam64id="76561197967151252") disconnected from server
14:53:49: Player "[HORDA] JHON WICK" (steam64id="76561198122075703") disconnected from server
14:54:49: Player "Duerowww" (steam64id="76561198259492425") connected to server
14:56:19: Player "G A T O" (steam64id="76561199207813177") disconnected from server
14:56:19: Player "Hacan121" (steam64id="76561198345012092") disconnected from server
14:56:44: Player "DanielSam" (steam64id="76561198867200764") disconnected from server
14:57:29: Player "Passo Largo" (steam64id="76561199203652654") connected to server
14:58:39: Player "BRUXO" (steam64id="76561198140728342") disconnected from server
15:01:04: Player "Obuco" (steam64id="76561198212013820") connected to server
15:01:09: Player "web gado" (steam64id="76561199123625009") connected to server
15:01:19: Player "[ONE] JAPA" (steam64id="76561198161060673") connected to server
15:01:34: Player "Juliano" (steam64id="76561198329721265") disconnected from server
15:02:04: Player "Mixeuu" (steam64id="76561198074791586") connected to server
15:03:09: Player "[ONE] JAPA" (steam64id="76561198161060673") disconnected from server
15:03:34: Player "Juliano" (steam64id="76561198329721265") connected to server
15:04:09: Player "Passo Largo" (steam64id="76561199203652654") disconnected from server
15:06:54: Player "Passo Largo" (steam64id="76561198057660141") connected to server
15:08:44: Player "[YKZ]-tappes" (steam64id="76561198990092287") disconnected from server
15:13:04: Player "Toni" (steam64id="76561198064461708") disconnected from server
15:16:34: Player "Duerowww" (steam64id="76561198259492425") disconnected from server
15:44:39: Player "Rogerio123" (steam64id="76561198114278091") connected to server
15:49:39: Player "Rogerio123" (steam64id="76561198114278091") disconnected from server
15:53:39: Player "Juliano" (steam64id="76561198329721265") disconnected from server
15:59:14: Player "Pablo_Bitarello" (steam64id="76561198167245866") disconnected from server
15:59:14: Player "Obuco" (steam64id="76561198212013820") disconnected from server
15:59:14: Player "[YKZ] Emissarius" (steam64id="76561198271087379") disconnected from server
15:59:14: Player "Passo Largo" (steam64id="76561198057660141") disconnected from server
15:59:14: Player "web gado" (steam64id="76561199123625009") disconnected from server
15:59:14: Player "Mixeuu" (steam64id="76561198074791586") disconnected from server
15:59:39: Player "Rogerio123" (steam64id="76561198114278091") connected to server
16:02:01: Player "Pablo_Bitarello" (steam64id="76561198167245866") connected to server
16:02:36: Player "Rogerio123" (steam64id="76561198114278091") connected to server
16:02:46: Player "TripaSeca" (steam64id="76561198093060507") connected to server
16:10:36: Player "[YKZ]-tappes" (steam64id="76561198990092287") connected to server
16:17:06: Player "Obuco" (steam64id="76561198212013820") connected to server
16:26:11: Player "sanloran" (steam64id="76561199168891125") connected to server
16:27:11: Player "sanloran" (steam64id="76561199168891125") disconnected from server
16:47:46: Player "Pablo_Bitarello" (steam64id="76561198167245866") disconnected from server
16:49:41: Player "[HORDA]MacLovin" (steam64id="76561199068236803") connected to server
16:51:36: Player "cidadao  " (steam64id="76561199115414359") connected to server
16:52:16: Player "Rogerio123" (steam64id="76561198114278091") disconnected from server
16:56:56: Player "[L.B] Santorin" (steam64id="76561199069721527") connected to server
16:58:41: Player "[HORDA]MacLovin" (steam64id="76561199068236803") disconnected from server
16:59:26: Player "[HORDA]MacLovin" (steam64id="76561199068236803") connected to server
17:02:46: Player "cidadao  " (steam64id="76561199115414359") disconnected from server
17:03:31: Player "cidadao  " (steam64id="76561199115414359") connected to server
17:07:36: Player "MR.nacho" (steam64id="76561198273652820") connected to server
17:07:41: Player "cidadao  " (steam64id="76561199115414359") disconnected from server
17:08:26: Player "cidadao  " (steam64id="76561199115414359") connected to server
17:10:51: Player "cidadao  " (steam64id="76561199115414359") disconnected from server
17:11:21: Player "DC-Coringa" (steam64id="76561198108142164") connected to server
17:12:16: Player "pipezkt" (steam64id="76561198336683730") connected to server
17:18:06: Player "Obuco" (steam64id="76561198212013820") disconnected from server
17:19:36: Player "MR.nacho" (steam64id="76561198273652820") disconnected from server
17:23:11: Player "[HORDA] JHON WICK" (steam64id="76561198122075703") connected to server
17:23:26: Player "[HORDA]KAS" (steam64id="76561199202697738") connected to server
17:26:21: Player "Sagara" (steam64id="76561198057660620") connected to server
17:30:31: Player "Ironside" (steam64id="76561199176231239") connected to server
17:32:26: Player "Sekoone" (steam64id="76561198036774571") connected to server
17:47:31: Player "EAlmeida" (steam64id="76561198182527982") connected to server
17:48:16: Player "DC-Coringa" (steam64id="76561198108142164") disconnected from server
17:51:56: Player "Sagara" (steam64id="76561198057660620") disconnected from server
17:54:16: Player "[HORDA] zBieL" (steam64id="76561198001525812") connected to server
17:55:01: Player "[YKZ]-BlackBear" (steam64id="76561198343030820") connected to server
17:56:06: Player "Goyo" (steam64id="76561198329721265") connected to server
17:56:46: Player "[YKZ] Notsniw" (steam64id="76561197967151252") connected to server
17:57:51: Player "[HORDA]ThiagoPenna" (steam64id="76561198218822351") connected to server
18:00:26: Player "Sekoone" (steam64id="76561198036774571") disconnected from server
18:01:56: Player "EAlmeida" (steam64id="76561198182527982") disconnected from server
18:03:11: Player "[ONE] JAPA" (steam64id="76561198161060673") connected to server
18:05:21: Player "TcheLoco" (steam64id="76561198099449370") connected to server
18:14:11: Player "DanielSam" (steam64id="76561198867200764") connected to server
18:26:06: Player "pipezkt" (steam64id="76561198336683730") disconnected from server
18:26:31: Player "[LGBTQIA+] S T R 1 P P 3 R - S" (steam64id="76561198114043394") connected to server
18:26:46: Player "Sandisk" (steam64id="76561199274047332") connected to server
18:28:21: Player "DanielSam" (steam64id="76561198867200764") disconnected from server
18:28:41: Player "[LGBTQIA+] S T R 1 P P 3 R - S" (steam64id="76561198114043394") disconnected from server
18:29:36: Player "[LGBTQIA+] S T R 1 P P 3 R - S" (steam64id="76561198114043394") connected to server
18:32:36: Player "eduardo" (steam64id="76561198056917462") connected to server
18:33:31: Player "[LGBTQIA+] S T R 1 P P 3 R - S" (steam64id="76561198114043394") disconnected from server
18:34:36: Player "[LGBTQIA+] Alti" (steam64id="76561199235859883") connected to server
18:40:06: Player "[LGBTQIA+] S T R 1 P P 3 R - S" (steam64id="76561198114043394") connected to server
18:43:01: Player "Luska" (steam64id="76561198099970604") connected to server
18:43:21: Player "Goyo" (steam64id="76561198329721265") disconnected from server
18:49:31: Player "ttuker" (steam64id="76561198971813376") connected to server
18:49:36: Player "[YKZ] chron1c" (steam64id="76561198205585613") connected to server
18:49:51: Player "ttuker" (steam64id="76561198971813376") disconnected from server
18:50:31: Player "TitioSam" (steam64id="76561199014145539") connected to server
18:51:26: Player "ttuker" (steam64id="76561198971813376") connected to server
18:54:56: Player "[YKZ]-tappes" (steam64id="76561198990092287") disconnected from server
18:55:16: Player "[ONE}Rick" (steam64id="76561198868590548") connected to server
18:56:06: Player "furiux" (steam64id="76561199121710303") connected to server
18:57:06: Player "marcelinho" (steam64id="76561198817477406") connected to server
18:57:11: Player "furiux" (steam64id="76561199121710303") disconnected from server
18:57:41: Player "starkcg" (steam64id="76561198121484554") connected to server
18:58:31: Player "marcelinho" (steam64id="76561198817477406") disconnected from server
18:59:11: Player "[HORDA]MacLovin" (steam64id="76561199068236803") disconnected from server
18:59:36: Player "[HORDA]MacLovin" (steam64id="76561199068236803") connected to server
19:00:21: Player "[HORDA]KAS" (steam64id="76561199202697738") disconnected from server
19:01:26: Player "eduardo" (steam64id="76561198056917462") disconnected from server
19:03:31: Player "Sandisk" (steam64id="76561199274047332") disconnected from server
19:04:46: Player "[LGBTQIA+] S T R 1 P P 3 R - S" (steam64id="76561198114043394") disconnected from server
19:04:51: Player "CharlinhoPsico" (steam64id="76561198366562144") connected to server
19:05:31: Player "Sandisk" (steam64id="76561199274047332") connected to server
19:06:26: Player "Sandisk" (steam64id="76561199274047332") disconnected from server
19:06:41: Player "[YKZ]-tappes" (steam64id="76561198990092287") connected to server
19:06:51: Player "[ONE] KARABULJHAN" (steam64id="76561198100527842") connected to server
19:07:21: Player "[HORDA]KAS" (steam64id="76561199202697738") connected to server
19:07:31: Player "BRUXO" (steam64id="76561198140728342") connected to server
19:08:01: Player "[ONE}Rick" (steam64id="76561198868590548") disconnected from server
19:08:56: Player "CharlinhoPsico" (steam64id="76561198366562144") disconnected from server
19:09:16: Player "Sagara" (steam64id="76561198057660620") connected to server
19:11:51: Player "Passo Largo" (steam64id="76561198057660141") connected to server
19:14:11: Player "Duerowww" (steam64id="76561198259492425") connected to server
19:14:36: Player "SKORGE" (steam64id="76561198155169434") connected to server
19:15:56: Player "TripaSeca" (steam64id="76561198093060507") disconnected from server
19:16:41: Player "[HORDA]KAS" (steam64id="76561199202697738") disconnected from server
19:16:41: Player "Passo Largo" (steam64id="76561198057660141") disconnected from server
19:17:46: Player "fAsI" (steam64id="76561197976044078") connected to server
19:19:06: Player "KuramaDLC" (steam64id="76561198180192045") connected to server
19:21:16: Player "Luisff" (steam64id="76561198191554814") connected to server
19:21:26: Player "[L.B]TropaDoEnguisa" (steam64id="76561198211423224") connected to server
19:22:01: Player "Raupp_fr" (steam64id="76561199089797409") connected to server
19:22:11: Player "[hordamarcelinho" (steam64id="76561198817477406") connected to server
19:23:16: Player "SKORGE" (steam64id="76561198155169434") disconnected from server
19:23:51: Player "SKORGE" (steam64id="76561198155169434") connected to server
19:23:56: Player "fAsI" (steam64id="76561197976044078") disconnected from server
19:24:11: Player "DanielSam" (steam64id="76561198867200764") connected to server
19:24:26: Player "Caolho Jack" (steam64id="76561198199978915") connected to server
19:28:11: Player "[YKZ] Notsniw" (steam64id="76561197967151252") disconnected from server
19:28:46: Player "SuperNoia" (steam64id="76561198132169694") connected to server
19:28:56: Player "El Javi de Lanus" (steam64id="76561199060454690") connected to server
19:32:01: Player "Caolho Jack" (steam64id="76561198199978915") disconnected from server
19:33:46: Player "[HORDA] JHON WICK" (steam64id="76561198122075703") disconnected from server
19:33:51: Player "Luisff" (steam64id="76561198191554814") disconnected from server
19:36:36: Player "Ironside" (steam64id="76561199176231239") disconnected from server
19:36:56: Player "[ONE] KARABULJHAN" (steam64id="76561198100527842") disconnected from server
19:37:56: Player "SuperNoia" (steam64id="76561198132169694") disconnected from server
19:42:51: Player "Sagara" (steam64id="76561198057660620") disconnected from server
19:43:21: Player "[LGBTQIA+] Alti" (steam64id="76561199235859883") disconnected from server
19:44:16: Player "[ONE] JAPA" (steam64id="76561198161060673") disconnected from server
19:45:21: Player "starkcg" (steam64id="76561198121484554") disconnected from server
19:46:21: Player "SKORGE" (steam64id="76561198155169434") disconnected from server
19:47:31: Player "[ONE] JAPA" (steam64id="76561198161060673") connected to server
19:49:21: Player "Obred" (steam64id="76561198258911731") connected to server
19:49:26: Player "StarkCG" (steam64id="76561198121484554") connected to server
19:50:16: Player "StarkCG" (steam64id="76561198121484554") disconnected from server
19:51:21: Player "SuperNoia" (steam64id="76561198132169694") connected to server
19:51:41: Player "[ONE] KARABULJHAN" (steam64id="76561198100527842") connected to server
19:51:56: Player "[HORDA]KAS" (steam64id="76561199202697738") connected to server
19:52:26: Player "SuperNoia" (steam64id="76561198132169694") disconnected from server
19:53:31: Player "SuperNoia" (steam64id="76561198132169694") connected to server
19:53:46: Player "eduardo" (steam64id="76561198056917462") connected to server
19:54:41: Player "Dygo" (steam64id="76561198017576237") connected to server
19:54:51: Player "Caolho Jack" (steam64id="76561198199978915") connected to server
19:55:11: Player "Luska" (steam64id="76561198099970604") disconnected from server
19:55:21: Player "[HORDA]MacLovin" (steam64id="76561199068236803") disconnected from server
19:55:56: Player "[YKZ] Emissarius" (steam64id="76561198271087379") connected to server
19:56:36: Player "Vini_300" (steam64id="76561198145785923") connected to server
19:56:51: Player "BASEI" (steam64id="76561198926348654") connected to server
19:57:41: Player "G A T O" (steam64id="76561199207813177") connected to server
19:57:46: Player "[ONE] KARABULJHAN" (steam64id="76561198100527842") disconnected from server
19:57:51: Player "Dygo" (steam64id="76561198017576237") disconnected from server
19:59:11: Player "Duerowww" (steam64id="76561198259492425") disconnected from server
19:59:11: Player "[ONE] JAPA" (steam64id="76561198161060673") disconnected from server
19:59:11: Player "[YKZ] Emissarius" (steam64id="76561198271087379") disconnected from server
19:59:11: Player "SuperNoia" (steam64id="76561198132169694") disconnected from server
19:59:11: Player "Raupp_fr" (steam64id="76561199089797409") disconnected from server
19:59:11: Player "[L.B] Santorin" (steam64id="76561199069721527") disconnected from server
19:59:11: Player "DanielSam" (steam64id="76561198867200764") disconnected from server
19:59:11: Player "[HORDA]KAS" (steam64id="76561199202697738") disconnected from server
19:59:11: Player "BRUXO" (steam64id="76561198140728342") disconnected from server
19:59:11: Player "[HORDA] zBieL" (steam64id="76561198001525812") disconnected from server
19:59:11: Player "TitioSam" (steam64id="76561199014145539") disconnected from server
19:59:11: Player "[YKZ]-BlackBear" (steam64id="76561198343030820") disconnected from server
19:59:11: Player "G A T O" (steam64id="76561199207813177") disconnected from server
19:59:11: Player "Vini_300" (steam64id="76561198145785923") disconnected from server
19:59:11: Player "[HORDA]ThiagoPenna" (steam64id="76561198218822351") disconnected from server
19:59:11: Player "eduardo" (steam64id="76561198056917462") disconnected from server
19:59:11: Player "[L.B]TropaDoEnguisa" (steam64id="76561198211423224") disconnected from server
19:59:11: Player "El Javi de Lanus" (steam64id="76561199060454690") disconnected from server
19:59:11: Player "KuramaDLC" (steam64id="76561198180192045") disconnected from server
19:59:11: Player "[hordamarcelinho" (steam64id="76561198817477406") disconnected from server
19:59:11: Player "Caolho Jack" (steam64id="76561198199978915") disconnected from server
19:59:11: Player "[YKZ] chron1c" (steam64id="76561198205585613") disconnected from server
19:59:11: Player "TcheLoco" (steam64id="76561198099449370") disconnected from server
19:59:11: Player "[YKZ]-tappes" (steam64id="76561198990092287") disconnected from server
19:59:11: Player "ttuker" (steam64id="76561198971813376") disconnected from server
19:59:11: Player "Obred" (steam64id="76561198258911731") disconnected from server
19:59:11: Player "BASEI" (steam64id="76561198926348654") disconnected from server
20:01:09: Player "Caolho Jack" (steam64id="76561198199978915") connected to server
20:01:09: Player "[ONE] JAPA" (steam64id="76561198161060673") connected to server
20:01:09: Player "G A T O" (steam64id="76561199207813177") connected to server
20:01:14: Player "[L.B] Santorin" (steam64id="76561199069721527") connected to server
20:01:14: Player "eduardo" (steam64id="76561198056917462") connected to server
20:01:19: Player "KuramaDLC" (steam64id="76561198180192045") connected to server
20:01:19: Player "[YKZ] Emissarius" (steam64id="76561198271087379") connected to server
20:01:24: Player "MarcoLa" (steam64id="76561198352149308") connected to server
20:01:29: Player "[YKZ] chron1c" (steam64id="76561198205585613") connected to server
20:01:29: Player "[L.B]TropaDoEnguisa" (steam64id="76561198211423224") connected to server
20:01:34: Player "{ KMG } - Elguapo" (steam64id="76561198363655296") connected to server
20:01:39: Player "SuperNoia" (steam64id="76561198132169694") connected to server
20:01:44: Player "Obred" (steam64id="76561198258911731") connected to server
20:01:49: Player "TitioSam" (steam64id="76561199014145539") connected to server
20:01:49: Player "BASEI" (steam64id="76561198926348654") connected to server
20:01:49: Player "[hordamarcelinho" (steam64id="76561198817477406") connected to server
20:02:19: Player "[HORDA]MacLovin" (steam64id="76561199068236803") connected to server
20:02:34: Player "[YKZ]-BlackBear" (steam64id="76561198343030820") connected to server
20:02:39: Player "feastnathan" (steam64id="76561198123804765") connected to server
20:02:54: Player "Dygo" (steam64id="76561198017576237") connected to server
20:03:04: Player "Duerowww" (steam64id="76561198259492425") connected to server
20:03:09: Player "[YKZ]-tappes" (steam64id="76561198990092287") connected to server
20:03:24: Player "[ONE] KARABULJHAN" (steam64id="76561198100527842") connected to server
20:03:34: Player "ttuker" (steam64id="76561198971813376") connected to server
20:03:44: Player "El Javi de Lanus" (steam64id="76561199060454690") connected to server
20:03:44: Player "DanielSam" (steam64id="76561198867200764") connected to server
20:04:14: Player "Vini_300" (steam64id="76561198145785923") connected to server
20:04:29: Player "[HORDA] zBieL" (steam64id="76561198001525812") connected to server
20:04:34: Player "LIGHTvmz" (steam64id="76561199146864874") connected to server
20:04:39: Player "[HORDA]KAS" (steam64id="76561199202697738") connected to server
20:06:34: Player "[LGBTQIA+] S T R 1 P P 3 R - S" (steam64id="76561198114043394") connected to server
20:06:54: Player "[LGBTQIA+] S T R 1 P P 3 R - S" (steam64id="76561198114043394") disconnected from server
20:07:44: Player "Dygo" (steam64id="76561198017576237") disconnected from server
20:08:04: Player "{KMG}-Rockeiro" (steam64id="76561198928581570") connected to server
20:08:09: Player "[HORDA]  Rogal" (steam64id="76561199225267029") connected to server
20:08:29: Player "{KMG}fuzil" (steam64id="76561198965933878") connected to server
20:08:34: Player "[HORDA]  Rogal" (steam64id="76561199225267029") disconnected from server
20:09:14: Player "[LGBTQIA+] S T R 1 P P 3 R - S" (steam64id="76561198114043394") connected to server
20:09:14: Player "[L.B] Santorin" (steam64id="76561199069721527") disconnected from server
20:11:19: Player "SpeeD" (steam64id="76561198139246786") connected to server
20:11:29: Player "ChukenThe3rd" (steam64id="76561198134837847") connected to server
20:11:39: Player "[YKZ] Emissarius" (steam64id="76561198271087379") disconnected from server
20:12:14: Player "[YKZ] Emissarius" (steam64id="76561198271087379") connected to server
20:14:44: Player "{KMG}-Rockeiro" (steam64id="76561198928581570") disconnected from server
20:14:44: Player "{KMG}fuzil" (steam64id="76561198965933878") disconnected from server
20:14:54: Player "Kenne" (steam64id="76561199162256124") connected to server
20:14:54: Player "SpeeD" (steam64id="76561198139246786") disconnected from server
20:14:54: Player "[LGBTQIA+] S T R 1 P P 3 R - S" (steam64id="76561198114043394") disconnected from server
20:15:09: Player "TcheLoco" (steam64id="76561198099449370") connected to server
20:15:34: Player "[LGBTQIA+] S T R 1 P P 3 R - S" (steam64id="76561198114043394") connected to server
20:15:44: Player "{KMG}-Rockeiro" (steam64id="76561198928581570") connected to server
20:15:49: Player "{KMG}fuzil" (steam64id="76561198965933878") connected to server
20:16:49: Player "El Javi de Lanus" (steam64id="76561199060454690") disconnected from server
20:17:14: Player "BRUXO" (steam64id="76561198140728342") connected to server
20:18:19: Player "[LGBTQIA+] Alti" (steam64id="76561199235859883") connected to server
20:18:29: Player "j o v e m" (steam64id="76561198289206808") connected to server
20:20:44: Player "Mat*Reis" (steam64id="76561198442072760") connected to server
20:25:09: Player "[HORDA]ThiagoPenna" (steam64id="76561198218822351") connected to server
20:25:14: Player "=FURY= Biribinha" (steam64id="76561199031638818") connected to server
20:25:19: Player "[ONE}Rick" (steam64id="76561198868590548") connected to server
20:30:54: Player "j o v e m" (steam64id="76561198289206808") disconnected from server
20:31:14: Player "=FURY= zCastro" (steam64id="76561199027286716") connected to server
20:32:49: Player "BASEI" (steam64id="76561198926348654") disconnected from server
20:32:59: Player "{KMG}fuzil" (steam64id="76561198965933878") disconnected from server
20:32:59: Player "KuramaDLC" (steam64id="76561198180192045") disconnected from server
20:32:59: Player "[hordamarcelinho" (steam64id="76561198817477406") disconnected from server
20:32:59: Player "{ KMG } - Elguapo" (steam64id="76561198363655296") disconnected from server
20:32:59: Player "=FURY= Biribinha" (steam64id="76561199031638818") disconnected from server
20:33:04: Player "DanielSam" (steam64id="76561198867200764") disconnected from server
20:33:04: Player "[YKZ] chron1c" (steam64id="76561198205585613") disconnected from server
20:33:04: Player "ChukenThe3rd" (steam64id="76561198134837847") disconnected from server
20:33:09: Player "Duerowww" (steam64id="76561198259492425") disconnected from server
20:33:09: Player "LIGHTvmz" (steam64id="76561199146864874") disconnected from server
20:33:09: Player "[HORDA] zBieL" (steam64id="76561198001525812") disconnected from server
20:33:09: Player "[YKZ]-BlackBear" (steam64id="76561198343030820") disconnected from server
20:33:09: Player "[HORDA]ThiagoPenna" (steam64id="76561198218822351") disconnected from server
20:33:14: Player "[LGBTQIA+] S T R 1 P P 3 R - S" (steam64id="76561198114043394") disconnected from server
20:33:14: Player "ttuker" (steam64id="76561198971813376") disconnected from server
20:33:14: Player "[HORDA]KAS" (steam64id="76561199202697738") disconnected from server
20:33:14: Player "[L.B]TropaDoEnguisa" (steam64id="76561198211423224") disconnected from server
20:33:14: Player "[YKZ]-tappes" (steam64id="76561198990092287") disconnected from server
20:33:14: Player "[HORDA]MacLovin" (steam64id="76561199068236803") disconnected from server
20:33:19: Player "[ONE] JAPA" (steam64id="76561198161060673") disconnected from server
20:33:19: Player "SuperNoia" (steam64id="76561198132169694") disconnected from server
20:33:19: Player "feastnathan" (steam64id="76561198123804765") disconnected from server
20:33:19: Player "[ONE] KARABULJHAN" (steam64id="76561198100527842") disconnected from server
20:33:19: Player "G A T O" (steam64id="76561199207813177") disconnected from server
20:33:19: Player "MarcoLa" (steam64id="76561198352149308") disconnected from server
20:33:19: Player "Obred" (steam64id="76561198258911731") disconnected from server
20:33:19: Player "[YKZ] Emissarius" (steam64id="76561198271087379") disconnected from server
20:33:19: Player "{KMG}-Rockeiro" (steam64id="76561198928581570") disconnected from server
20:33:19: Player "Vini_300" (steam64id="76561198145785923") disconnected from server
20:33:19: Player "Caolho Jack" (steam64id="76561198199978915") disconnected from server
20:33:24: Player "TitioSam" (steam64id="76561199014145539") disconnected from server
20:33:24: Player "BRUXO" (steam64id="76561198140728342") disconnected from server
20:33:24: Player "[ONE}Rick" (steam64id="76561198868590548") disconnected from server
20:33:24: Player "Mat*Reis" (steam64id="76561198442072760") disconnected from server
20:33:24: Player "TcheLoco" (steam64id="76561198099449370") disconnected from server
20:33:24: Player "Kenne" (steam64id="76561199162256124") disconnected from server
20:33:24: Player "=FURY= zCastro" (steam64id="76561199027286716") disconnected from server
20:33:24: Player "eduardo" (steam64id="76561198056917462") disconnected from server
20:33:29: Player "[LGBTQIA+] Alti" (steam64id="76561199235859883") disconnected from server
20:42:39: Player "ttuker" (steam64id="76561198971813376") connected to server
20:42:54: Player "BRUXO" (steam64id="76561198140728342") connected to server
20:42:54: Player "Kenne" (steam64id="76561199162256124") connected to server
20:42:59: Player "AlexFraxe" (steam64id="76561198079014774") connected to server
20:43:04: Player "TitioSam" (steam64id="76561199014145539") connected to server
20:43:04: Player "[YKZ]-BlackBear" (steam64id="76561198343030820") connected to server
20:43:14: Player "[ONE] JAPA" (steam64id="76561198161060673") connected to server
20:43:14: Player "[YKZ] chron1c" (steam64id="76561198205585613") connected to server
20:43:14: Player "SuperNoia" (steam64id="76561198132169694") connected to server
20:43:14: Player "[YKZ] Emissarius" (steam64id="76561198271087379") connected to server
20:43:24: Player "Fulber" (steam64id="76561198053443712") connected to server
20:43:24: Player "[KGB}Nobre Lobo" (steam64id="76561198127199963") connected to server
20:43:24: Player "[YKZ]-tappes" (steam64id="76561198990092287") connected to server
20:43:44: Player "Caolho Jack" (steam64id="76561198199978915") connected to server
20:43:54: Player "LIGHTvmz" (steam64id="76561199146864874") connected to server
20:43:54: Player "TcheLoco" (steam64id="76561198099449370") connected to server
20:44:29: Player "TripaSeca" (steam64id="76561198093060507") connected to server
20:44:34: Player "[ONE}Rick" (steam64id="76561198868590548") connected to server
20:44:39: Player "[HORDA]KAS" (steam64id="76561199202697738") connected to server
20:44:59: Player "[ONE] KARABULJHAN" (steam64id="76561198100527842") connected to server
20:45:14: Player "[HORDA]ThiagoPenna" (steam64id="76561198218822351") connected to server
20:45:14: Player "{KMG}-Rockeiro" (steam64id="76561198928581570") connected to server
20:45:19: Player "{ KMG } - Elguapo" (steam64id="76561198363655296") connected to server
20:45:59: Player "DanielSam" (steam64id="76561198867200764") connected to server
20:46:09: Player "[HORDA] zBieL" (steam64id="76561198001525812") connected to server
20:46:14: Player "Betinho_maluco" (steam64id="76561198057627157") connected to server
20:46:24: Player "{KMG}fuzil" (steam64id="76561198965933878") connected to server
20:46:39: Player "MenoDuLins" (steam64id="76561198057614573") connected to server
20:46:44: Player "General2323" (steam64id="76561198300843847") connected to server
20:46:49: Player "KuramaDLC" (steam64id="76561198180192045") connected to server
20:47:04: Player "MarcoLa" (steam64id="76561198352149308") connected to server
20:47:25: Player "Sagara" (steam64id="76561198057660620") connected to server
20:48:10: Player "Dygo" (steam64id="76561198017576237") connected to server
20:48:25: Player "smokzzz" (steam64id="76561198302337518") connected to server
20:49:10: Player "Duerowww" (steam64id="76561198259492425") connected to server
20:50:35: Player "Kowalski" (steam64id="76561198813514168") connected to server
20:50:50: Player "[HORDA] JHON WICK" (steam64id="76561198122075703") connected to server
20:51:30: Player "Maconheiro" (steam64id="76561198055629580") connected to server
20:52:30: Player "Obred" (steam64id="76561198258911731") connected to server
20:52:35: Player "Dygo" (steam64id="76561198017576237") disconnected from server
20:53:50: Player "{KMG}fuzil" (steam64id="76561198965933878") disconnected from server
20:53:55: Player "Diorno" (steam64id="76561198142139495") connected to server
20:53:55: Player "MenoDuLins" (steam64id="76561198057614573") disconnected from server
20:53:55: Player "MarcoLa" (steam64id="76561198352149308") disconnected from server
20:54:00: Player "CharlinhoPsico" (steam64id="76561198366562144") connected to server
20:54:15: Player "Sagara" (steam64id="76561198057660620") disconnected from server
20:54:15: Player "smokzzz" (steam64id="76561198302337518") disconnected from server
20:55:15: Player "[ONE] PORVINHA" (steam64id="76561198426990483") connected to server
20:55:25: Player "Biel FxR" (steam64id="76561198050836260") connected to server
20:55:35: Player "{KMG}fuzil" (steam64id="76561198965933878") connected to server
20:55:35: Player "Kowalski" (steam64id="76561198813514168") disconnected from server
20:55:40: Player "MenoDuLins" (steam64id="76561198057614573") connected to server
20:55:40: Player "Duerowww" (steam64id="76561198259492425") disconnected from server
20:56:00: Player "[HORDA] JHON WICK" (steam64id="76561198122075703") disconnected from server
20:56:00: Player "Maconheiro" (steam64id="76561198055629580") disconnected from server
20:56:15: Player "Sagara" (steam64id="76561198057660620") connected to server
20:56:20: Player "Kowalski" (steam64id="76561198813514168") connected to server
20:56:40: Player "Maconheiro" (steam64id="76561198055629580") connected to server
20:57:10: Player "[HORDA] JHON WICK" (steam64id="76561198122075703") connected to server
20:58:45: Player "Duerowww" (steam64id="76561198259492425") connected to server
20:59:50: Player "ttuker" (steam64id="76561198971813376") disconnected from server
21:00:10: Player "Duerowww" (steam64id="76561198259492425") disconnected from server
21:00:15: Player "Passo Largo" (steam64id="76561198057660141") connected to server
21:02:40: Player "MarcoLa" (steam64id="76561198352149308") connected to server
21:06:50: Player "LIGHTvmz" (steam64id="76561199146864874") disconnected from server
21:08:00: Player "[YKZ] pedrobala" (steam64id="76561198046653521") connected to server
21:10:00: Player "TcheLoco" (steam64id="76561198099449370") disconnected from server
21:10:45: Player "Morri" (steam64id="76561199153690922") connected to server
21:11:00: Player "[HORDA] zBieL" (steam64id="76561198001525812") disconnected from server
21:11:20: Player "Spawn" (steam64id="76561198079935580") connected to server
21:15:00: Player "[ONE] PORVINHA" (steam64id="76561198426990483") disconnected from server
21:17:35: Player "FisFacu" (steam64id="76561198339726200") connected to server
21:17:35: Player "General2323" (steam64id="76561198300843847") disconnected from server
21:17:50: Player "CHASER?" (steam64id="76561198246131158") connected to server
21:20:00: Player "[YKZ] chron1c" (steam64id="76561198205585613") disconnected from server
21:21:40: Player "=FURY= zCastro" (steam64id="76561199027286716") connected to server
21:23:15: Player "DanielSam" (steam64id="76561198867200764") disconnected from server
21:23:15: Player "=FURY= zCastro" (steam64id="76561199027286716") disconnected from server
21:23:40: Player "DanielSam" (steam64id="76561198867200764") connected to server
21:24:05: Player "?? Prince#4184" (steam64id="76561198199985663") connected to server
21:25:30: Player "CHASER?" (steam64id="76561198246131158") disconnected from server
21:27:30: Player "CHASER?" (steam64id="76561198246131158") connected to server
21:29:30: Player "[YKZ] pedrobala" (steam64id="76561198046653521") disconnected from server
21:30:10: Player "MarcoLa" (steam64id="76561198352149308") disconnected from server
21:30:45: Player "ApocalipZ" (steam64id="76561199082346965") connected to server
21:31:40: Player "Morri" (steam64id="76561199153690922") disconnected from server
21:33:35: Player "-ES-Ricksson" (steam64id="76561198100931853") connected to server
21:35:50: Player "[HORDA] JHON WICK" (steam64id="76561198122075703") disconnected from server
21:36:10: Player "[YKZ] pedrobala" (steam64id="76561198046653521") connected to server
21:36:15: Player "SuperNoia" (steam64id="76561198132169694") disconnected from server
21:36:30: Player "[HORDA] JHON WICK" (steam64id="76561198122075703") connected to server
21:36:55: Player "MarcoLa" (steam64id="76561198352149308") connected to server
21:38:20: Player "[HORDA]KAS" (steam64id="76561199202697738") disconnected from server
21:38:40: Player "Morri" (steam64id="76561199153690922") connected to server
21:39:55: Player "Caolho Jack" (steam64id="76561198199978915") disconnected from server
21:40:20: Player "[YKZ] pedrobala" (steam64id="76561198046653521") disconnected from server
21:43:55: Player "CharlinhoPsico" (steam64id="76561198366562144") disconnected from server
21:43:55: Player "MenoDuLins" (steam64id="76561198057614573") disconnected from server
21:43:55: Player "[ONE}Rick" (steam64id="76561198868590548") disconnected from server
21:45:10: Player "c l a s h" (steam64id="76561198277384503") connected to server
21:45:10: Player "[ONE}Rick" (steam64id="76561198868590548") connected to server
21:45:30: Player "[YKZ] pedrobala" (steam64id="76561198046653521") connected to server
21:48:20: Player "DanielSam" (steam64id="76561198867200764") disconnected from server
21:48:40: Player "Sagara" (steam64id="76561198057660620") disconnected from server
21:49:15: Player "joaoguis" (steam64id="76561198049374630") connected to server
21:49:15: Player "DanielSam" (steam64id="76561198867200764") connected to server
21:49:20: Player "[YKZ] pedrobala" (steam64id="76561198046653521") disconnected from server
21:49:50: Player "Padilha_Fps" (steam64id="76561198972625731") connected to server
21:49:55: Player "ZehKiwi" (steam64id="76561198072171608") connected to server
21:50:00: Player "D u a r t e" (steam64id="76561198268954387") connected to server
21:51:40: Player "Passo Largo" (steam64id="76561198057660141") disconnected from server
21:52:00: Player "Zodi4c" (steam64id="76561198385014837") connected to server
21:52:40: Player "TitioSam" (steam64id="76561199014145539") disconnected from server
21:53:20: Player "BRUXO" (steam64id="76561198140728342") disconnected from server
21:53:40: Player "[YKZ] pedrobala" (steam64id="76561198046653521") connected to server
21:53:50: Player "Kowalski" (steam64id="76561198813514168") disconnected from server
21:54:00: Player "[YKZ] Notsniw" (steam64id="76561197967151252") connected to server
21:54:25: Player "Maconheiro" (steam64id="76561198055629580") disconnected from server
21:54:40: Player "Ronin" (steam64id="76561199105118692") connected to server
21:54:45: Player "DanielSam" (steam64id="76561198867200764") disconnected from server
21:55:25: Player "Samuca" (steam64id="76561198329721265") connected to server
21:55:25: Player "Passo Largo" (steam64id="76561199203652654") connected to server
22:03:30: Player "Passo Largo" (steam64id="76561199203652654") disconnected from server
22:03:30: Player "ZehKiwi" (steam64id="76561198072171608") disconnected from server
22:03:50: Player "ttuker" (steam64id="76561198971813376") connected to server
22:04:10: Player "[YKZ] pedrobala" (steam64id="76561198046653521") disconnected from server
22:04:40: Player "joaoguis" (steam64id="76561198049374630") disconnected from server
22:04:55: Player "KuramaDLC" (steam64id="76561198180192045") disconnected from server
22:05:05: Player "Duerowww" (steam64id="76561198259492425") connected to server
22:05:40: Player "KuramaDLC" (steam64id="76561198180192045") connected to server
22:05:45: Player "TcheLoco" (steam64id="76561198099449370") connected to server
22:06:20: Player "Padilha_Fps" (steam64id="76561198972625731") disconnected from server
22:06:50: Player "[YKZ] Emissarius" (steam64id="76561198271087379") disconnected from server
22:07:35: Player "joaoguis" (steam64id="76561198049374630") connected to server
22:09:35: Player "[YKZ] pedrobala" (steam64id="76561198046653521") connected to server
22:10:40: Player "Samuca" (steam64id="76561198329721265") disconnected from server
22:11:40: Player "Neblina 157" (steam64id="76561198145814495") connected to server
22:13:20: Player "C h a n $" (steam64id="76561199224040654") connected to server
22:16:45: Player "joaoguis" (steam64id="76561198049374630") disconnected from server
22:16:55: Player "c l a s h" (steam64id="76561198277384503") disconnected from server
22:18:15: Player "IRA-KILLER" (steam64id="76561198092382121") connected to server
22:18:35: Player "FisFacu" (steam64id="76561198339726200") disconnected from server
22:22:15: Player "DanielSam" (steam64id="76561198867200764") connected to server
22:25:10: Player "DanielSam" (steam64id="76561198867200764") disconnected from server
22:25:30: Player "[L.B]Hunter" (steam64id="76561199247778251") connected to server
22:28:00: Player "[YKZ] pedrobala" (steam64id="76561198046653521") disconnected from server
22:30:20: Player "Morri" (steam64id="76561199153690922") disconnected from server
22:31:00: Player "IRA-KILLER" (steam64id="76561198092382121") disconnected from server
22:31:40: Player "Morri" (steam64id="76561199153690922") connected to server
22:36:35: Player "TcheLoco" (steam64id="76561198099449370") disconnected from server
22:36:55: Player "Zodi4c" (steam64id="76561198385014837") disconnected from server
22:39:25: Player "[L.B]Hunter" (steam64id="76561199247778251") disconnected from server
22:43:00: Player "Spawn" (steam64id="76561198079935580") disconnected from server
22:43:55: Player "[KGB}Nobre Lobo" (steam64id="76561198127199963") disconnected from server
22:44:25: Player "YAKUZA" (steam64id="76561199083408122") connected to server
22:44:40: Player "AlexFraxe" (steam64id="76561198079014774") disconnected from server
22:44:50: Player "Fulber" (steam64id="76561198053443712") disconnected from server
22:45:25: Player "ApocalipZ" (steam64id="76561199082346965") disconnected from server
22:47:15: Player "zDarkSaito" (steam64id="76561198192610237") connected to server
22:47:30: Player "MarcoLa" (steam64id="76561198352149308") disconnected from server
22:49:10: Player "MarcoLa" (steam64id="76561198352149308") connected to server
22:52:00: Player "joaoguis" (steam64id="76561198049374630") connected to server
22:53:45: Player "C h a n $" (steam64id="76561199224040654") disconnected from server
22:53:50: Player "[YKZ] pedrobala" (steam64id="76561198046653521") connected to server
22:53:50: Player "eduardo" (steam64id="76561198056917462") connected to server
22:54:25: Player "{KMG}-Rockeiro" (steam64id="76561198928581570") disconnected from server
22:54:25: Player "{KMG}fuzil" (steam64id="76561198965933878") disconnected from server
22:54:35: Player "[HORDA] JHON WICK" (steam64id="76561198122075703") disconnected from server
22:54:35: Player "{ KMG } - Elguapo" (steam64id="76561198363655296") disconnected from server
22:56:20: Player "MarcoLa" (steam64id="76561198352149308") disconnected from server
22:56:35: Player "[HORDA]ThiagoPenna" (steam64id="76561198218822351") disconnected from server
22:56:55: Player "[YKZ] pedrobala" (steam64id="76561198046653521") disconnected from server
22:58:25: Player "MarcoLa" (steam64id="76561198352149308") connected to server
22:59:20: Player "reiter" (steam64id="76561198028423355") connected to server
22:59:50: Player "[ONE] JAPA" (steam64id="76561198161060673") disconnected from server
23:00:20: Player "MarcoLa" (steam64id="76561198352149308") disconnected from server
23:01:15: Player "KuramaDLC" (steam64id="76561198180192045") disconnected from server
23:01:55: Player "[YKZ] Notsniw" (steam64id="76561197967151252") disconnected from server
23:03:15: Player "[ONE}Rick" (steam64id="76561198868590548") disconnected from server
23:04:15: Player "joaoguis" (steam64id="76561198049374630") disconnected from server
23:06:50: Player "D u a r t e" (steam64id="76561198268954387") disconnected from server
23:06:55: Player "[ONE] KARABULJHAN" (steam64id="76561198100527842") disconnected from server
23:07:00: Player "Vundorband" (steam64id="76561198197350217") connected to server
23:07:25: Player "[RNG]Panico" (steam64id="76561199230965576") connected to server
23:09:45: Player "zDarkSaito" (steam64id="76561198192610237") disconnected from server
23:10:05: Player "?? Prince#4184" (steam64id="76561198199985663") disconnected from server
23:11:20: Player "CHASER?" (steam64id="76561198246131158") disconnected from server
23:11:50: Player "Ronin" (steam64id="76561199105118692") disconnected from server
23:12:05: Player "[YKZ] pedrobala" (steam64id="76561198046653521") connected to server
23:14:00: Player "[YKZ]-BlackBear" (steam64id="76561198343030820") disconnected from server
23:15:20: Player "TripaSeca" (steam64id="76561198093060507") disconnected from server
23:21:50: Player "Obred" (steam64id="76561198258911731") disconnected from server
23:21:50: Player "eduardo" (steam64id="76561198056917462") disconnected from server
23:21:55: Player "Diorno" (steam64id="76561198142139495") disconnected from server
23:21:55: Player "ttuker" (steam64id="76561198971813376") disconnected from server
23:21:55: Player "reiter" (steam64id="76561198028423355") disconnected from server
23:21:55: Player "Biel FxR" (steam64id="76561198050836260") disconnected from server
23:22:00: Player "YAKUZA" (steam64id="76561199083408122") disconnected from server
23:22:05: Player "Vundorband" (steam64id="76561198197350217") disconnected from server
23:22:05: Player "[YKZ]-tappes" (steam64id="76561198990092287") disconnected from server
23:22:05: Player "-ES-Ricksson" (steam64id="76561198100931853") disconnected from server
23:22:10: Player "Betinho_maluco" (steam64id="76561198057627157") disconnected from server
23:22:10: Player "Kenne" (steam64id="76561199162256124") disconnected from server
23:22:15: Player "[YKZ] pedrobala" (steam64id="76561198046653521") disconnected from server
23:22:15: Player "Neblina 157" (steam64id="76561198145814495") disconnected from server
23:22:15: Player "Morri" (steam64id="76561199153690922") disconnected from server
23:22:20: Player "Duerowww" (steam64id="76561198259492425") disconnected from server
23:22:25: Player "[RNG]Panico" (steam64id="76561199230965576") disconnected from server
23:33:10: Player "[YKZ]-tappes" (steam64id="76561198990092287") connected to server
23:34:05: Player "Diorno" (steam64id="76561198142139495") connected to server
23:34:25: Player "[YKZ] pedrobala" (steam64id="76561198046653521") connected to server
23:34:35: Player "[RNG]Panico" (steam64id="76561199230965576") connected to server
23:35:05: Player "Betinho_maluco" (steam64id="76561198057627157") connected to server
23:37:30: Player "Duerowww" (steam64id="76561198259492425") connected to server
23:37:35: Player "ChukenThe3rd" (steam64id="76561198134837847") connected to server
23:37:35: Player "ttuker" (steam64id="76561198971813376") connected to server
23:37:45: Player "Obred" (steam64id="76561198258911731") connected to server
23:38:30: Player "Luskka" (steam64id="76561198126877019") connected to server
23:39:00: Player "Obred" (steam64id="76561198258911731") disconnected from server
23:40:15: Player "takazashi" (steam64id="76561199267965027") connected to server
23:42:25: Player "CharlinhoPsico" (steam64id="76561198366562144") connected to server
23:45:35: Player "MenoDuLins" (steam64id="76561198057614573") connected to server
23:46:10: Player "Biel FxR" (steam64id="76561198050836260") connected to server
23:47:10: Player "[YKZ] pedrobala" (steam64id="76561198046653521") disconnected from server
23:54:00: Player "takazashi" (steam64id="76561199267965027") disconnected from server
23:58:50: Player "MenoDuLins" (steam64id="76561198057614573") disconnected from server
23:59:10: Player "Betinho_maluco" (steam64id="76561198057627157") disconnected from server
23:59:10: Player "Diorno" (steam64id="76561198142139495") disconnected from server
23:59:10: Player "Duerowww" (steam64id="76561198259492425") disconnected from server
23:59:10: Player "ttuker" (steam64id="76561198971813376") disconnected from server
23:59:10: Player "[YKZ]-tappes" (steam64id="76561198990092287") disconnected from server
23:59:10: Player "Biel FxR" (steam64id="76561198050836260") disconnected from server
23:59:10: Player "ChukenThe3rd" (steam64id="76561198134837847") disconnected from server
23:59:10: Player "CharlinhoPsico" (steam64id="76561198366562144") disconnected from server
23:59:10: Player "[RNG]Panico" (steam64id="76561199230965576") disconnected from server
23:59:10: Player "Luskka" (steam64id="76561198126877019") disconnected from server
