---------------------------------------------
Log D:\OmegaManager\servers\DZRON\profiles\crash_2022-05-05_11-59-50.log started at 05.05. 12:00:18



------------------------------------
DAYZSERVER, 05.05 2022 12:00:18
[EffectSound::Effect] :: [WARNING] :: Created Effect on server.
Class:      'EffectSound'
Function: 'Effect'
Stack trace:
scripts/3_Game/effect.c:74
dp_buildings/scripts/4_world/buildings\door_metal\dp_door_metal_kit.c:8
$CurrentDir:mpmissions\empty.melkart\init.c:122

Runtime mode
CLI params: config serverDZ.cfg.active port 2302 profiles profiles adminlog  freezecheck  dologs  cpuCount 4 mod @CF;@Dabs Framework;@BuilderItems;@Melkart_Beta;@RON-MelkartCORE;@AC-Mod-Pack;@VPPAdminTools;@HellRetex Mod; serverMod @GameLabs; 


------------------------------------
DAYZSERVER, 05.05 2022 12:00:18
[EffectSound::Effect] :: [WARNING] :: Created Effect on server.
Class:      'EffectSound'
Function: 'Effect'
Stack trace:
scripts/3_Game/effect.c:74
dp_buildings/scripts/4_world/buildings\roof\dp_roof_kit.c:8
$CurrentDir:mpmissions\empty.melkart\init.c:122

Runtime mode
CLI params: config serverDZ.cfg.active port 2302 profiles profiles adminlog  freezecheck  dologs  cpuCount 4 mod @CF;@Dabs Framework;@BuilderItems;@Melkart_Beta;@RON-MelkartCORE;@AC-Mod-Pack;@VPPAdminTools;@HellRetex Mod; serverMod @GameLabs; 


------------------------------------
DAYZSERVER, 05.05 2022 12:00:18
[EffectSound::Effect] :: [WARNING] :: Created Effect on server.
Class:      'EffectSound'
Function: 'Effect'
Stack trace:
scripts/3_Game/effect.c:74
dp_buildings/scripts/4_world/buildings\wall\dp_wall_kit.c:8
$CurrentDir:mpmissions\empty.melkart\init.c:122

Runtime mode
CLI params: config serverDZ.cfg.active port 2302 profiles profiles adminlog  freezecheck  dologs  cpuCount 4 mod @CF;@Dabs Framework;@BuilderItems;@Melkart_Beta;@RON-MelkartCORE;@AC-Mod-Pack;@VPPAdminTools;@HellRetex Mod; serverMod @GameLabs; 


------------------------------------
DAYZSERVER, 05.05 2022 12:00:18
[EffectSound::Effect] :: [WARNING] :: Created Effect on server.
Class:      'EffectSound'
Function: 'Effect'
Stack trace:
scripts/3_Game/effect.c:74
dp_buildings/scripts/4_world/buildings\window_shield\dp_window_shield_kit.c:8
$CurrentDir:mpmissions\empty.melkart\init.c:122

Runtime mode
CLI params: config serverDZ.cfg.active port 2302 profiles profiles adminlog  freezecheck  dologs  cpuCount 4 mod @CF;@Dabs Framework;@BuilderItems;@Melkart_Beta;@RON-MelkartCORE;@AC-Mod-Pack;@VPPAdminTools;@HellRetex Mod; serverMod @GameLabs; 


------------------------------------
DAYZSERVER, 05.05 2022 12:00:18
[EffectSound::Effect] :: [WARNING] :: Created Effect on server.
Class:      'EffectSound'
Function: 'Effect'
Stack trace:
scripts/3_Game/effect.c:74
dp_buildings/scripts/4_world/buildings\door\dp_door_kit.c:8
$CurrentDir:mpmissions\empty.melkart\init.c:122

Runtime mode
CLI params: config serverDZ.cfg.active port 2302 profiles profiles adminlog  freezecheck  dologs  cpuCount 4 mod @CF;@Dabs Framework;@BuilderItems;@Melkart_Beta;@RON-MelkartCORE;@AC-Mod-Pack;@VPPAdminTools;@HellRetex Mod; serverMod @GameLabs; 


------------------------------------
DAYZSERVER, 05.05 2022 12:00:18
[EffectSound::Effect] :: [WARNING] :: Created Effect on server.
Class:      'EffectSound'
Function: 'Effect'
Stack trace:
scripts/3_Game/effect.c:74
dp_buildings/scripts/4_world/buildings\wall_big\dp_wall_big_kit.c:8
$CurrentDir:mpmissions\empty.melkart\init.c:122

Runtime mode
CLI params: config serverDZ.cfg.active port 2302 profiles profiles adminlog  freezecheck  dologs  cpuCount 4 mod @CF;@Dabs Framework;@BuilderItems;@Melkart_Beta;@RON-MelkartCORE;@AC-Mod-Pack;@VPPAdminTools;@HellRetex Mod; serverMod @GameLabs; 


------------------------------------
DAYZSERVER, 05.05 2022 12:00:18
[EffectSound::Effect] :: [WARNING] :: Created Effect on server.
Class:      'EffectSound'
Function: 'Effect'
Stack trace:
scripts/3_Game/effect.c:74
dp_buildings/scripts/4_world/buildings\roof\dp_roof_kit.c:8
$CurrentDir:mpmissions\empty.melkart\init.c:122

Runtime mode
CLI params: config serverDZ.cfg.active port 2302 profiles profiles adminlog  freezecheck  dologs  cpuCount 4 mod @CF;@Dabs Framework;@BuilderItems;@Melkart_Beta;@RON-MelkartCORE;@AC-Mod-Pack;@VPPAdminTools;@HellRetex Mod; serverMod @GameLabs; 


------------------------------------
DAYZSERVER, 05.05 2022 12:00:19
[EffectSound::Effect] :: [WARNING] :: Created Effect on server.
Class:      'EffectSound'
Function: 'Effect'
Stack trace:
scripts/3_Game/effect.c:74
dp_buildings/scripts/4_world/buildings\door\dp_door_kit.c:8
$CurrentDir:mpmissions\empty.melkart\init.c:122

Runtime mode
CLI params: config serverDZ.cfg.active port 2302 profiles profiles adminlog  freezecheck  dologs  cpuCount 4 mod @CF;@Dabs Framework;@BuilderItems;@Melkart_Beta;@RON-MelkartCORE;@AC-Mod-Pack;@VPPAdminTools;@HellRetex Mod; serverMod @GameLabs; 


------------------------------------
DAYZSERVER, 05.05 2022 12:00:19
[EffectSound::Effect] :: [WARNING] :: Created Effect on server.
Class:      'EffectSound'
Function: 'Effect'
Stack trace:
scripts/3_Game/effect.c:74
dp_buildings/scripts/4_world/buildings\roof\dp_roof_kit.c:8
$CurrentDir:mpmissions\empty.melkart\init.c:122

Runtime mode
CLI params: config serverDZ.cfg.active port 2302 profiles profiles adminlog  freezecheck  dologs  cpuCount 4 mod @CF;@Dabs Framework;@BuilderItems;@Melkart_Beta;@RON-MelkartCORE;@AC-Mod-Pack;@VPPAdminTools;@HellRetex Mod; serverMod @GameLabs; 


------------------------------------
DAYZSERVER, 05.05 2022 12:00:19
[EffectSound::Effect] :: [WARNING] :: Created Effect on server.
Class:      'EffectSound'
Function: 'Effect'
Stack trace:
scripts/3_Game/effect.c:74
dp_buildings/scripts/4_world/buildings\door\dp_door_kit.c:8
$CurrentDir:mpmissions\empty.melkart\init.c:122

Runtime mode
CLI params: config serverDZ.cfg.active port 2302 profiles profiles adminlog  freezecheck  dologs  cpuCount 4 mod @CF;@Dabs Framework;@BuilderItems;@Melkart_Beta;@RON-MelkartCORE;@AC-Mod-Pack;@VPPAdminTools;@HellRetex Mod; serverMod @GameLabs; 


------------------------------------
DAYZSERVER, 05.05 2022 12:00:19
[EffectSound::Effect] :: [WARNING] :: Created Effect on server.
Class:      'EffectSound'
Function: 'Effect'
Stack trace:
scripts/3_Game/effect.c:74
dp_buildings/scripts/4_world/buildings\door\dp_door_kit.c:8
$CurrentDir:mpmissions\empty.melkart\init.c:122

Runtime mode
CLI params: config serverDZ.cfg.active port 2302 profiles profiles adminlog  freezecheck  dologs  cpuCount 4 mod @CF;@Dabs Framework;@BuilderItems;@Melkart_Beta;@RON-MelkartCORE;@AC-Mod-Pack;@VPPAdminTools;@HellRetex Mod; serverMod @GameLabs; 


------------------------------------
DAYZSERVER, 05.05 2022 12:00:19
[EffectSound::Effect] :: [WARNING] :: Created Effect on server.
Class:      'EffectSound'
Function: 'Effect'
Stack trace:
scripts/3_Game/effect.c:74
dp_buildings/scripts/4_world/buildings\door\dp_door_kit.c:8
$CurrentDir:mpmissions\empty.melkart\init.c:122

Runtime mode
CLI params: config serverDZ.cfg.active port 2302 profiles profiles adminlog  freezecheck  dologs  cpuCount 4 mod @CF;@Dabs Framework;@BuilderItems;@Melkart_Beta;@RON-MelkartCORE;@AC-Mod-Pack;@VPPAdminTools;@HellRetex Mod; serverMod @GameLabs; 


------------------------------------
DAYZSERVER, 05.05 2022 12:00:19
[EffectSound::Effect] :: [WARNING] :: Created Effect on server.
Class:      'EffectSound'
Function: 'Effect'
Stack trace:
scripts/3_Game/effect.c:74
dp_buildings/scripts/4_world/buildings\wall_big\dp_wall_big_kit.c:8
$CurrentDir:mpmissions\empty.melkart\init.c:122

Runtime mode
CLI params: config serverDZ.cfg.active port 2302 profiles profiles adminlog  freezecheck  dologs  cpuCount 4 mod @CF;@Dabs Framework;@BuilderItems;@Melkart_Beta;@RON-MelkartCORE;@AC-Mod-Pack;@VPPAdminTools;@HellRetex Mod; serverMod @GameLabs; 


------------------------------------
DAYZSERVER, 05.05 2022 12:00:19
[EffectSound::Effect] :: [WARNING] :: Created Effect on server.
Class:      'EffectSound'
Function: 'Effect'
Stack trace:
scripts/3_Game/effect.c:74
dp_buildings/scripts/4_world/buildings\door_metal\dp_door_metal_kit.c:8
$CurrentDir:mpmissions\empty.melkart\init.c:122

Runtime mode
CLI params: config serverDZ.cfg.active port 2302 profiles profiles adminlog  freezecheck  dologs  cpuCount 4 mod @CF;@Dabs Framework;@BuilderItems;@Melkart_Beta;@RON-MelkartCORE;@AC-Mod-Pack;@VPPAdminTools;@HellRetex Mod; serverMod @GameLabs; 


------------------------------------
DAYZSERVER, 05.05 2022 12:00:19
[EffectSound::Effect] :: [WARNING] :: Created Effect on server.
Class:      'EffectSound'
Function: 'Effect'
Stack trace:
scripts/3_Game/effect.c:74
dp_buildings/scripts/4_world/buildings\door\dp_door_kit.c:8
$CurrentDir:mpmissions\empty.melkart\init.c:122

Runtime mode
CLI params: config serverDZ.cfg.active port 2302 profiles profiles adminlog  freezecheck  dologs  cpuCount 4 mod @CF;@Dabs Framework;@BuilderItems;@Melkart_Beta;@RON-MelkartCORE;@AC-Mod-Pack;@VPPAdminTools;@HellRetex Mod; serverMod @GameLabs; 


------------------------------------
DAYZSERVER, 05.05 2022 12:00:20
[EffectSound::Effect] :: [WARNING] :: Created Effect on server.
Class:      'EffectSound'
Function: 'Effect'
Stack trace:
scripts/3_Game/effect.c:74
dp_buildings/scripts/4_world/buildings\wall\dp_wall_kit.c:8
$CurrentDir:mpmissions\empty.melkart\init.c:122

Runtime mode
CLI params: config serverDZ.cfg.active port 2302 profiles profiles adminlog  freezecheck  dologs  cpuCount 4 mod @CF;@Dabs Framework;@BuilderItems;@Melkart_Beta;@RON-MelkartCORE;@AC-Mod-Pack;@VPPAdminTools;@HellRetex Mod; serverMod @GameLabs; 


------------------------------------
DAYZSERVER, 05.05 2022 12:00:20
[EffectSound::Effect] :: [WARNING] :: Created Effect on server.
Class:      'EffectSound'
Function: 'Effect'
Stack trace:
scripts/3_Game/effect.c:74
dp_buildings/scripts/4_world/buildings\roof\dp_roof_kit.c:8
$CurrentDir:mpmissions\empty.melkart\init.c:122

Runtime mode
CLI params: config serverDZ.cfg.active port 2302 profiles profiles adminlog  freezecheck  dologs  cpuCount 4 mod @CF;@Dabs Framework;@BuilderItems;@Melkart_Beta;@RON-MelkartCORE;@AC-Mod-Pack;@VPPAdminTools;@HellRetex Mod; serverMod @GameLabs; 


------------------------------------
DAYZSERVER, 05.05 2022 12:00:20
[EffectSound::Effect] :: [WARNING] :: Created Effect on server.
Class:      'EffectSound'
Function: 'Effect'
Stack trace:
scripts/3_Game/effect.c:74
dp_buildings/scripts/4_world/buildings\door\dp_door_kit.c:8
$CurrentDir:mpmissions\empty.melkart\init.c:122

Runtime mode
CLI params: config serverDZ.cfg.active port 2302 profiles profiles adminlog  freezecheck  dologs  cpuCount 4 mod @CF;@Dabs Framework;@BuilderItems;@Melkart_Beta;@RON-MelkartCORE;@AC-Mod-Pack;@VPPAdminTools;@HellRetex Mod; serverMod @GameLabs; 


------------------------------------
DAYZSERVER, 05.05 2022 12:00:20
[EffectSound::Effect] :: [WARNING] :: Created Effect on server.
Class:      'EffectSound'
Function: 'Effect'
Stack trace:
scripts/3_Game/effect.c:74
dp_buildings/scripts/4_world/buildings\wall_big\dp_wall_big_kit.c:8
$CurrentDir:mpmissions\empty.melkart\init.c:122

Runtime mode
CLI params: config serverDZ.cfg.active port 2302 profiles profiles adminlog  freezecheck  dologs  cpuCount 4 mod @CF;@Dabs Framework;@BuilderItems;@Melkart_Beta;@RON-MelkartCORE;@AC-Mod-Pack;@VPPAdminTools;@HellRetex Mod; serverMod @GameLabs; 


------------------------------------
DAYZSERVER, 05.05 2022 12:00:20
[EffectSound::Effect] :: [WARNING] :: Created Effect on server.
Class:      'EffectSound'
Function: 'Effect'
Stack trace:
scripts/3_Game/effect.c:74
dp_buildings/scripts/4_world/buildings\wall\dp_wall_kit.c:8
$CurrentDir:mpmissions\empty.melkart\init.c:122

Runtime mode
CLI params: config serverDZ.cfg.active port 2302 profiles profiles adminlog  freezecheck  dologs  cpuCount 4 mod @CF;@Dabs Framework;@BuilderItems;@Melkart_Beta;@RON-MelkartCORE;@AC-Mod-Pack;@VPPAdminTools;@HellRetex Mod; serverMod @GameLabs; 


------------------------------------
DAYZSERVER, 05.05 2022 12:00:20
[EffectSound::Effect] :: [WARNING] :: Created Effect on server.
Class:      'EffectSound'
Function: 'Effect'
Stack trace:
scripts/3_Game/effect.c:74
dp_buildings/scripts/4_world/buildings\wall\dp_wall_kit.c:8
$CurrentDir:mpmissions\empty.melkart\init.c:122

Runtime mode
CLI params: config serverDZ.cfg.active port 2302 profiles profiles adminlog  freezecheck  dologs  cpuCount 4 mod @CF;@Dabs Framework;@BuilderItems;@Melkart_Beta;@RON-MelkartCORE;@AC-Mod-Pack;@VPPAdminTools;@HellRetex Mod; serverMod @GameLabs; 


------------------------------------
DAYZSERVER, 05.05 2022 12:00:20
[EffectSound::Effect] :: [WARNING] :: Created Effect on server.
Class:      'EffectSound'
Function: 'Effect'
Stack trace:
scripts/3_Game/effect.c:74
dp_buildings/scripts/4_world/buildings\window_shield\dp_window_shield_kit.c:8
$CurrentDir:mpmissions\empty.melkart\init.c:122

Runtime mode
CLI params: config serverDZ.cfg.active port 2302 profiles profiles adminlog  freezecheck  dologs  cpuCount 4 mod @CF;@Dabs Framework;@BuilderItems;@Melkart_Beta;@RON-MelkartCORE;@AC-Mod-Pack;@VPPAdminTools;@HellRetex Mod; serverMod @GameLabs; 


------------------------------------
DAYZSERVER, 05.05 2022 12:00:20
[EffectSound::Effect] :: [WARNING] :: Created Effect on server.
Class:      'EffectSound'
Function: 'Effect'
Stack trace:
scripts/3_Game/effect.c:74
dp_buildings/scripts/4_world/buildings\door\dp_door_kit.c:8
$CurrentDir:mpmissions\empty.melkart\init.c:122

Runtime mode
CLI params: config serverDZ.cfg.active port 2302 profiles profiles adminlog  freezecheck  dologs  cpuCount 4 mod @CF;@Dabs Framework;@BuilderItems;@Melkart_Beta;@RON-MelkartCORE;@AC-Mod-Pack;@VPPAdminTools;@HellRetex Mod; serverMod @GameLabs; 


------------------------------------
DAYZSERVER, 05.05 2022 12:00:20
[EffectSound::Effect] :: [WARNING] :: Created Effect on server.
Class:      'EffectSound'
Function: 'Effect'
Stack trace:
scripts/3_Game/effect.c:74
dp_buildings/scripts/4_world/buildings\window_shield\dp_window_shield_kit.c:8
$CurrentDir:mpmissions\empty.melkart\init.c:122

Runtime mode
CLI params: config serverDZ.cfg.active port 2302 profiles profiles adminlog  freezecheck  dologs  cpuCount 4 mod @CF;@Dabs Framework;@BuilderItems;@Melkart_Beta;@RON-MelkartCORE;@AC-Mod-Pack;@VPPAdminTools;@HellRetex Mod; serverMod @GameLabs; 


------------------------------------
DAYZSERVER, 05.05 2022 12:00:20
[EffectSound::Effect] :: [WARNING] :: Created Effect on server.
Class:      'EffectSound'
Function: 'Effect'
Stack trace:
scripts/3_Game/effect.c:74
dp_buildings/scripts/4_world/buildings\door\dp_door_kit.c:8
$CurrentDir:mpmissions\empty.melkart\init.c:122

Runtime mode
CLI params: config serverDZ.cfg.active port 2302 profiles profiles adminlog  freezecheck  dologs  cpuCount 4 mod @CF;@Dabs Framework;@BuilderItems;@Melkart_Beta;@RON-MelkartCORE;@AC-Mod-Pack;@VPPAdminTools;@HellRetex Mod; serverMod @GameLabs; 


------------------------------------
DAYZSERVER, 05.05 2022 12:00:20
[EffectSound::Effect] :: [WARNING] :: Created Effect on server.
Class:      'EffectSound'
Function: 'Effect'
Stack trace:
scripts/3_Game/effect.c:74
dp_buildings/scripts/4_world/buildings\window_shield\dp_window_shield_kit.c:8
$CurrentDir:mpmissions\empty.melkart\init.c:122

Runtime mode
CLI params: config serverDZ.cfg.active port 2302 profiles profiles adminlog  freezecheck  dologs  cpuCount 4 mod @CF;@Dabs Framework;@BuilderItems;@Melkart_Beta;@RON-MelkartCORE;@AC-Mod-Pack;@VPPAdminTools;@HellRetex Mod; serverMod @GameLabs; 


------------------------------------
DAYZSERVER, 05.05 2022 12:00:21
[EffectSound::Effect] :: [WARNING] :: Created Effect on server.
Class:      'EffectSound'
Function: 'Effect'
Stack trace:
scripts/3_Game/effect.c:74
dp_buildings/scripts/4_world/buildings\roof\dp_roof_kit.c:8
$CurrentDir:mpmissions\empty.melkart\init.c:122

Runtime mode
CLI params: config serverDZ.cfg.active port 2302 profiles profiles adminlog  freezecheck  dologs  cpuCount 4 mod @CF;@Dabs Framework;@BuilderItems;@Melkart_Beta;@RON-MelkartCORE;@AC-Mod-Pack;@VPPAdminTools;@HellRetex Mod; serverMod @GameLabs; 


------------------------------------
DAYZSERVER, 05.05 2022 12:00:21
[EffectSound::Effect] :: [WARNING] :: Created Effect on server.
Class:      'EffectSound'
Function: 'Effect'
Stack trace:
scripts/3_Game/effect.c:74
dp_buildings/scripts/4_world/buildings\wall_big\dp_wall_big_kit.c:8
$CurrentDir:mpmissions\empty.melkart\init.c:122

Runtime mode
CLI params: config serverDZ.cfg.active port 2302 profiles profiles adminlog  freezecheck  dologs  cpuCount 4 mod @CF;@Dabs Framework;@BuilderItems;@Melkart_Beta;@RON-MelkartCORE;@AC-Mod-Pack;@VPPAdminTools;@HellRetex Mod; serverMod @GameLabs; 


------------------------------------
DAYZSERVER, 05.05 2022 12:00:21
[EffectSound::Effect] :: [WARNING] :: Created Effect on server.
Class:      'EffectSound'
Function: 'Effect'
Stack trace:
scripts/3_Game/effect.c:74
dp_buildings/scripts/4_world/buildings\wall_big\dp_wall_big_kit.c:8
$CurrentDir:mpmissions\empty.melkart\init.c:122

Runtime mode
CLI params: config serverDZ.cfg.active port 2302 profiles profiles adminlog  freezecheck  dologs  cpuCount 4 mod @CF;@Dabs Framework;@BuilderItems;@Melkart_Beta;@RON-MelkartCORE;@AC-Mod-Pack;@VPPAdminTools;@HellRetex Mod; serverMod @GameLabs; 


------------------------------------
DAYZSERVER, 05.05 2022 12:00:21
[EffectSound::Effect] :: [WARNING] :: Created Effect on server.
Class:      'EffectSound'
Function: 'Effect'
Stack trace:
scripts/3_Game/effect.c:74
dp_buildings/scripts/4_world/buildings\window_shield\dp_window_shield_kit.c:8
$CurrentDir:mpmissions\empty.melkart\init.c:122

Runtime mode
CLI params: config serverDZ.cfg.active port 2302 profiles profiles adminlog  freezecheck  dologs  cpuCount 4 mod @CF;@Dabs Framework;@BuilderItems;@Melkart_Beta;@RON-MelkartCORE;@AC-Mod-Pack;@VPPAdminTools;@HellRetex Mod; serverMod @GameLabs; 


------------------------------------
DAYZSERVER, 05.05 2022 12:00:21
[EffectSound::Effect] :: [WARNING] :: Created Effect on server.
Class:      'EffectSound'
Function: 'Effect'
Stack trace:
scripts/3_Game/effect.c:74
dp_buildings/scripts/4_world/buildings\roof\dp_roof_kit.c:8
$CurrentDir:mpmissions\empty.melkart\init.c:122

Runtime mode
CLI params: config serverDZ.cfg.active port 2302 profiles profiles adminlog  freezecheck  dologs  cpuCount 4 mod @CF;@Dabs Framework;@BuilderItems;@Melkart_Beta;@RON-MelkartCORE;@AC-Mod-Pack;@VPPAdminTools;@HellRetex Mod; serverMod @GameLabs; 


------------------------------------
DAYZSERVER, 05.05 2022 12:00:21
[EffectSound::Effect] :: [WARNING] :: Created Effect on server.
Class:      'EffectSound'
Function: 'Effect'
Stack trace:
scripts/3_Game/effect.c:74
dp_buildings/scripts/4_world/buildings\window_shield\dp_window_shield_kit.c:8
$CurrentDir:mpmissions\empty.melkart\init.c:122

Runtime mode
CLI params: config serverDZ.cfg.active port 2302 profiles profiles adminlog  freezecheck  dologs  cpuCount 4 mod @CF;@Dabs Framework;@BuilderItems;@Melkart_Beta;@RON-MelkartCORE;@AC-Mod-Pack;@VPPAdminTools;@HellRetex Mod; serverMod @GameLabs; 


------------------------------------
DAYZSERVER, 05.05 2022 12:00:21
[EffectSound::Effect] :: [WARNING] :: Created Effect on server.
Class:      'EffectSound'
Function: 'Effect'
Stack trace:
scripts/3_Game/effect.c:74
dp_buildings/scripts/4_world/buildings\wall\dp_wall_kit.c:8
$CurrentDir:mpmissions\empty.melkart\init.c:122

Runtime mode
CLI params: config serverDZ.cfg.active port 2302 profiles profiles adminlog  freezecheck  dologs  cpuCount 4 mod @CF;@Dabs Framework;@BuilderItems;@Melkart_Beta;@RON-MelkartCORE;@AC-Mod-Pack;@VPPAdminTools;@HellRetex Mod; serverMod @GameLabs; 


------------------------------------
DAYZSERVER, 05.05 2022 12:00:21
[EffectSound::Effect] :: [WARNING] :: Created Effect on server.
Class:      'EffectSound'
Function: 'Effect'
Stack trace:
scripts/3_Game/effect.c:74
dp_buildings/scripts/4_world/buildings\wall\dp_wall_kit.c:8
$CurrentDir:mpmissions\empty.melkart\init.c:122

Runtime mode
CLI params: config serverDZ.cfg.active port 2302 profiles profiles adminlog  freezecheck  dologs  cpuCount 4 mod @CF;@Dabs Framework;@BuilderItems;@Melkart_Beta;@RON-MelkartCORE;@AC-Mod-Pack;@VPPAdminTools;@HellRetex Mod; serverMod @GameLabs; 


------------------------------------
DAYZSERVER, 05.05 2022 12:00:21
[EffectSound::Effect] :: [WARNING] :: Created Effect on server.
Class:      'EffectSound'
Function: 'Effect'
Stack trace:
scripts/3_Game/effect.c:74
dp_buildings/scripts/4_world/buildings\door\dp_door_kit.c:8
$CurrentDir:mpmissions\empty.melkart\init.c:122

Runtime mode
CLI params: config serverDZ.cfg.active port 2302 profiles profiles adminlog  freezecheck  dologs  cpuCount 4 mod @CF;@Dabs Framework;@BuilderItems;@Melkart_Beta;@RON-MelkartCORE;@AC-Mod-Pack;@VPPAdminTools;@HellRetex Mod; serverMod @GameLabs; 


------------------------------------
DAYZSERVER, 05.05 2022 12:00:21
[EffectSound::Effect] :: [WARNING] :: Created Effect on server.
Class:      'EffectSound'
Function: 'Effect'
Stack trace:
scripts/3_Game/effect.c:74
dp_buildings/scripts/4_world/buildings\door\dp_door_kit.c:8
$CurrentDir:mpmissions\empty.melkart\init.c:122

Runtime mode
CLI params: config serverDZ.cfg.active port 2302 profiles profiles adminlog  freezecheck  dologs  cpuCount 4 mod @CF;@Dabs Framework;@BuilderItems;@Melkart_Beta;@RON-MelkartCORE;@AC-Mod-Pack;@VPPAdminTools;@HellRetex Mod; serverMod @GameLabs; 


------------------------------------
DAYZSERVER, 05.05 2022 12:00:21
[EffectSound::Effect] :: [WARNING] :: Created Effect on server.
Class:      'EffectSound'
Function: 'Effect'
Stack trace:
scripts/3_Game/effect.c:74
dp_buildings/scripts/4_world/buildings\roof\dp_roof_kit.c:8
$CurrentDir:mpmissions\empty.melkart\init.c:122

Runtime mode
CLI params: config serverDZ.cfg.active port 2302 profiles profiles adminlog  freezecheck  dologs  cpuCount 4 mod @CF;@Dabs Framework;@BuilderItems;@Melkart_Beta;@RON-MelkartCORE;@AC-Mod-Pack;@VPPAdminTools;@HellRetex Mod; serverMod @GameLabs; 


------------------------------------
DAYZSERVER, 05.05 2022 12:00:21
[EffectSound::Effect] :: [WARNING] :: Created Effect on server.
Class:      'EffectSound'
Function: 'Effect'
Stack trace:
scripts/3_Game/effect.c:74
dp_buildings/scripts/4_world/buildings\door\dp_door_kit.c:8
$CurrentDir:mpmissions\empty.melkart\init.c:122

Runtime mode
CLI params: config serverDZ.cfg.active port 2302 profiles profiles adminlog  freezecheck  dologs  cpuCount 4 mod @CF;@Dabs Framework;@BuilderItems;@Melkart_Beta;@RON-MelkartCORE;@AC-Mod-Pack;@VPPAdminTools;@HellRetex Mod; serverMod @GameLabs; 


------------------------------------
DAYZSERVER, 05.05 2022 12:00:21
[EffectSound::Effect] :: [WARNING] :: Created Effect on server.
Class:      'EffectSound'
Function: 'Effect'
Stack trace:
scripts/3_Game/effect.c:74
dp_buildings/scripts/4_world/buildings\wall_big\dp_wall_big_kit.c:8
$CurrentDir:mpmissions\empty.melkart\init.c:122

Runtime mode
CLI params: config serverDZ.cfg.active port 2302 profiles profiles adminlog  freezecheck  dologs  cpuCount 4 mod @CF;@Dabs Framework;@BuilderItems;@Melkart_Beta;@RON-MelkartCORE;@AC-Mod-Pack;@VPPAdminTools;@HellRetex Mod; serverMod @GameLabs; 


------------------------------------
DAYZSERVER, 05.05 2022 12:00:21
[EffectSound::Effect] :: [WARNING] :: Created Effect on server.
Class:      'EffectSound'
Function: 'Effect'
Stack trace:
scripts/3_Game/effect.c:74
dp_buildings/scripts/4_world/buildings\window_shield\dp_window_shield_kit.c:8
$CurrentDir:mpmissions\empty.melkart\init.c:122

Runtime mode
CLI params: config serverDZ.cfg.active port 2302 profiles profiles adminlog  freezecheck  dologs  cpuCount 4 mod @CF;@Dabs Framework;@BuilderItems;@Melkart_Beta;@RON-MelkartCORE;@AC-Mod-Pack;@VPPAdminTools;@HellRetex Mod; serverMod @GameLabs; 


------------------------------------
DAYZSERVER, 05.05 2022 12:00:21
[EffectSound::Effect] :: [WARNING] :: Created Effect on server.
Class:      'EffectSound'
Function: 'Effect'
Stack trace:
scripts/3_Game/effect.c:74
dp_buildings/scripts/4_world/buildings\wall\dp_wall_kit.c:8
$CurrentDir:mpmissions\empty.melkart\init.c:122

Runtime mode
CLI params: config serverDZ.cfg.active port 2302 profiles profiles adminlog  freezecheck  dologs  cpuCount 4 mod @CF;@Dabs Framework;@BuilderItems;@Melkart_Beta;@RON-MelkartCORE;@AC-Mod-Pack;@VPPAdminTools;@HellRetex Mod; serverMod @GameLabs; 


------------------------------------
DAYZSERVER, 05.05 2022 12:00:22
[EffectSound::Effect] :: [WARNING] :: Created Effect on server.
Class:      'EffectSound'
Function: 'Effect'
Stack trace:
scripts/3_Game/effect.c:74
dp_buildings/scripts/4_world/buildings\door\dp_door_kit.c:8
$CurrentDir:mpmissions\empty.melkart\init.c:122

Runtime mode
CLI params: config serverDZ.cfg.active port 2302 profiles profiles adminlog  freezecheck  dologs  cpuCount 4 mod @CF;@Dabs Framework;@BuilderItems;@Melkart_Beta;@RON-MelkartCORE;@AC-Mod-Pack;@VPPAdminTools;@HellRetex Mod; serverMod @GameLabs; 


------------------------------------
DAYZSERVER, 05.05 2022 12:00:22
[EffectSound::Effect] :: [WARNING] :: Created Effect on server.
Class:      'EffectSound'
Function: 'Effect'
Stack trace:
scripts/3_Game/effect.c:74
dp_buildings/scripts/4_world/buildings\roof\dp_roof_kit.c:8
$CurrentDir:mpmissions\empty.melkart\init.c:122

Runtime mode
CLI params: config serverDZ.cfg.active port 2302 profiles profiles adminlog  freezecheck  dologs  cpuCount 4 mod @CF;@Dabs Framework;@BuilderItems;@Melkart_Beta;@RON-MelkartCORE;@AC-Mod-Pack;@VPPAdminTools;@HellRetex Mod; serverMod @GameLabs; 


------------------------------------
DAYZSERVER, 05.05 2022 12:00:22
[EffectSound::Effect] :: [WARNING] :: Created Effect on server.
Class:      'EffectSound'
Function: 'Effect'
Stack trace:
scripts/3_Game/effect.c:74
dp_buildings/scripts/4_world/buildings\window_shield\dp_window_shield_kit.c:8
$CurrentDir:mpmissions\empty.melkart\init.c:122

Runtime mode
CLI params: config serverDZ.cfg.active port 2302 profiles profiles adminlog  freezecheck  dologs  cpuCount 4 mod @CF;@Dabs Framework;@BuilderItems;@Melkart_Beta;@RON-MelkartCORE;@AC-Mod-Pack;@VPPAdminTools;@HellRetex Mod; serverMod @GameLabs; 


------------------------------------
DAYZSERVER, 05.05 2022 12:00:22
[EffectSound::Effect] :: [WARNING] :: Created Effect on server.
Class:      'EffectSound'
Function: 'Effect'
Stack trace:
scripts/3_Game/effect.c:74
dp_buildings/scripts/4_world/buildings\roof\dp_roof_kit.c:8
$CurrentDir:mpmissions\empty.melkart\init.c:122

Runtime mode
CLI params: config serverDZ.cfg.active port 2302 profiles profiles adminlog  freezecheck  dologs  cpuCount 4 mod @CF;@Dabs Framework;@BuilderItems;@Melkart_Beta;@RON-MelkartCORE;@AC-Mod-Pack;@VPPAdminTools;@HellRetex Mod; serverMod @GameLabs; 


------------------------------------
DAYZSERVER, 05.05 2022 12:00:22
[EffectSound::Effect] :: [WARNING] :: Created Effect on server.
Class:      'EffectSound'
Function: 'Effect'
Stack trace:
scripts/3_Game/effect.c:74
dp_buildings/scripts/4_world/buildings\wall_big\dp_wall_big_kit.c:8
$CurrentDir:mpmissions\empty.melkart\init.c:122

Runtime mode
CLI params: config serverDZ.cfg.active port 2302 profiles profiles adminlog  freezecheck  dologs  cpuCount 4 mod @CF;@Dabs Framework;@BuilderItems;@Melkart_Beta;@RON-MelkartCORE;@AC-Mod-Pack;@VPPAdminTools;@HellRetex Mod; serverMod @GameLabs; 


------------------------------------
DAYZSERVER, 05.05 2022 12:00:22
[EffectSound::Effect] :: [WARNING] :: Created Effect on server.
Class:      'EffectSound'
Function: 'Effect'
Stack trace:
scripts/3_Game/effect.c:74
dp_buildings/scripts/4_world/buildings\door\dp_door_kit.c:8
$CurrentDir:mpmissions\empty.melkart\init.c:122

Runtime mode
CLI params: config serverDZ.cfg.active port 2302 profiles profiles adminlog  freezecheck  dologs  cpuCount 4 mod @CF;@Dabs Framework;@BuilderItems;@Melkart_Beta;@RON-MelkartCORE;@AC-Mod-Pack;@VPPAdminTools;@HellRetex Mod; serverMod @GameLabs; 


------------------------------------
DAYZSERVER, 05.05 2022 12:00:22
[EffectSound::Effect] :: [WARNING] :: Created Effect on server.
Class:      'EffectSound'
Function: 'Effect'
Stack trace:
scripts/3_Game/effect.c:74
dp_buildings/scripts/4_world/buildings\door\dp_door_kit.c:8
$CurrentDir:mpmissions\empty.melkart\init.c:122

Runtime mode
CLI params: config serverDZ.cfg.active port 2302 profiles profiles adminlog  freezecheck  dologs  cpuCount 4 mod @CF;@Dabs Framework;@BuilderItems;@Melkart_Beta;@RON-MelkartCORE;@AC-Mod-Pack;@VPPAdminTools;@HellRetex Mod; serverMod @GameLabs; 


------------------------------------
DAYZSERVER, 05.05 2022 12:00:22
[EffectSound::Effect] :: [WARNING] :: Created Effect on server.
Class:      'EffectSound'
Function: 'Effect'
Stack trace:
scripts/3_Game/effect.c:74
dp_buildings/scripts/4_world/buildings\wall\dp_wall_kit.c:8
$CurrentDir:mpmissions\empty.melkart\init.c:122

Runtime mode
CLI params: config serverDZ.cfg.active port 2302 profiles profiles adminlog  freezecheck  dologs  cpuCount 4 mod @CF;@Dabs Framework;@BuilderItems;@Melkart_Beta;@RON-MelkartCORE;@AC-Mod-Pack;@VPPAdminTools;@HellRetex Mod; serverMod @GameLabs; 


------------------------------------
DAYZSERVER, 05.05 2022 12:00:23
[EffectSound::Effect] :: [WARNING] :: Created Effect on server.
Class:      'EffectSound'
Function: 'Effect'
Stack trace:
scripts/3_Game/effect.c:74
dp_buildings/scripts/4_world/buildings\door_metal\dp_door_metal_kit.c:8
$CurrentDir:mpmissions\empty.melkart\init.c:122

Runtime mode
CLI params: config serverDZ.cfg.active port 2302 profiles profiles adminlog  freezecheck  dologs  cpuCount 4 mod @CF;@Dabs Framework;@BuilderItems;@Melkart_Beta;@RON-MelkartCORE;@AC-Mod-Pack;@VPPAdminTools;@HellRetex Mod; serverMod @GameLabs; 


------------------------------------
DAYZSERVER, 05.05 2022 12:00:23
[EffectSound::Effect] :: [WARNING] :: Created Effect on server.
Class:      'EffectSound'
Function: 'Effect'
Stack trace:
scripts/3_Game/effect.c:74
dp_buildings/scripts/4_world/buildings\door_metal\dp_door_metal_kit.c:8
$CurrentDir:mpmissions\empty.melkart\init.c:122

Runtime mode
CLI params: config serverDZ.cfg.active port 2302 profiles profiles adminlog  freezecheck  dologs  cpuCount 4 mod @CF;@Dabs Framework;@BuilderItems;@Melkart_Beta;@RON-MelkartCORE;@AC-Mod-Pack;@VPPAdminTools;@HellRetex Mod; serverMod @GameLabs; 


------------------------------------
DAYZSERVER, 05.05 2022 12:00:23
[EffectSound::Effect] :: [WARNING] :: Created Effect on server.
Class:      'EffectSound'
Function: 'Effect'
Stack trace:
scripts/3_Game/effect.c:74
dp_buildings/scripts/4_world/buildings\wall_big\dp_wall_big_kit.c:8
$CurrentDir:mpmissions\empty.melkart\init.c:122

Runtime mode
CLI params: config serverDZ.cfg.active port 2302 profiles profiles adminlog  freezecheck  dologs  cpuCount 4 mod @CF;@Dabs Framework;@BuilderItems;@Melkart_Beta;@RON-MelkartCORE;@AC-Mod-Pack;@VPPAdminTools;@HellRetex Mod; serverMod @GameLabs; 


------------------------------------
DAYZSERVER, 05.05 2022 12:00:23
[EffectSound::Effect] :: [WARNING] :: Created Effect on server.
Class:      'EffectSound'
Function: 'Effect'
Stack trace:
scripts/3_Game/effect.c:74
dp_buildings/scripts/4_world/buildings\wall_big\dp_wall_big_kit.c:8
$CurrentDir:mpmissions\empty.melkart\init.c:122

Runtime mode
CLI params: config serverDZ.cfg.active port 2302 profiles profiles adminlog  freezecheck  dologs  cpuCount 4 mod @CF;@Dabs Framework;@BuilderItems;@Melkart_Beta;@RON-MelkartCORE;@AC-Mod-Pack;@VPPAdminTools;@HellRetex Mod; serverMod @GameLabs; 


------------------------------------
DAYZSERVER, 05.05 2022 12:00:24
[EffectSound::Effect] :: [WARNING] :: Created Effect on server.
Class:      'EffectSound'
Function: 'Effect'
Stack trace:
scripts/3_Game/effect.c:74
dp_buildings/scripts/4_world/buildings\window_shield\dp_window_shield_kit.c:8
$CurrentDir:mpmissions\empty.melkart\init.c:122

Runtime mode
CLI params: config serverDZ.cfg.active port 2302 profiles profiles adminlog  freezecheck  dologs  cpuCount 4 mod @CF;@Dabs Framework;@BuilderItems;@Melkart_Beta;@RON-MelkartCORE;@AC-Mod-Pack;@VPPAdminTools;@HellRetex Mod; serverMod @GameLabs; 


------------------------------------
DAYZSERVER, 05.05 2022 12:00:25
[EffectSound::Effect] :: [WARNING] :: Created Effect on server.
Class:      'EffectSound'
Function: 'Effect'
Stack trace:
scripts/3_Game/effect.c:74
dp_buildings/scripts/4_world/buildings\door\dp_door_kit.c:8
$CurrentDir:mpmissions\empty.melkart\init.c:122

Runtime mode
CLI params: config serverDZ.cfg.active port 2302 profiles profiles adminlog  freezecheck  dologs  cpuCount 4 mod @CF;@Dabs Framework;@BuilderItems;@Melkart_Beta;@RON-MelkartCORE;@AC-Mod-Pack;@VPPAdminTools;@HellRetex Mod; serverMod @GameLabs; 


------------------------------------
DAYZSERVER, 05.05 2022 12:00:25
[EffectSound::Effect] :: [WARNING] :: Created Effect on server.
Class:      'EffectSound'
Function: 'Effect'
Stack trace:
scripts/3_Game/effect.c:74
dp_buildings/scripts/4_world/buildings\window_shield\dp_window_shield_kit.c:8
$CurrentDir:mpmissions\empty.melkart\init.c:122

Runtime mode
CLI params: config serverDZ.cfg.active port 2302 profiles profiles adminlog  freezecheck  dologs  cpuCount 4 mod @CF;@Dabs Framework;@BuilderItems;@Melkart_Beta;@RON-MelkartCORE;@AC-Mod-Pack;@VPPAdminTools;@HellRetex Mod; serverMod @GameLabs; 


------------------------------------
DAYZSERVER, 05.05 2022 12:00:25
[EffectSound::Effect] :: [WARNING] :: Created Effect on server.
Class:      'EffectSound'
Function: 'Effect'
Stack trace:
scripts/3_Game/effect.c:74
dp_buildings/scripts/4_world/buildings\roof\dp_roof_kit.c:8
$CurrentDir:mpmissions\empty.melkart\init.c:122

Runtime mode
CLI params: config serverDZ.cfg.active port 2302 profiles profiles adminlog  freezecheck  dologs  cpuCount 4 mod @CF;@Dabs Framework;@BuilderItems;@Melkart_Beta;@RON-MelkartCORE;@AC-Mod-Pack;@VPPAdminTools;@HellRetex Mod; serverMod @GameLabs; 


------------------------------------
DAYZSERVER, 05.05 2022 12:00:25
[EffectSound::Effect] :: [WARNING] :: Created Effect on server.
Class:      'EffectSound'
Function: 'Effect'
Stack trace:
scripts/3_Game/effect.c:74
dp_buildings/scripts/4_world/buildings\roof\dp_roof_kit.c:8
$CurrentDir:mpmissions\empty.melkart\init.c:122

Runtime mode
CLI params: config serverDZ.cfg.active port 2302 profiles profiles adminlog  freezecheck  dologs  cpuCount 4 mod @CF;@Dabs Framework;@BuilderItems;@Melkart_Beta;@RON-MelkartCORE;@AC-Mod-Pack;@VPPAdminTools;@HellRetex Mod; serverMod @GameLabs; 


------------------------------------
DAYZSERVER, 05.05 2022 12:00:25
[EffectSound::Effect] :: [WARNING] :: Created Effect on server.
Class:      'EffectSound'
Function: 'Effect'
Stack trace:
scripts/3_Game/effect.c:74
dp_buildings/scripts/4_world/buildings\door\dp_door_kit.c:8
$CurrentDir:mpmissions\empty.melkart\init.c:122

Runtime mode
CLI params: config serverDZ.cfg.active port 2302 profiles profiles adminlog  freezecheck  dologs  cpuCount 4 mod @CF;@Dabs Framework;@BuilderItems;@Melkart_Beta;@RON-MelkartCORE;@AC-Mod-Pack;@VPPAdminTools;@HellRetex Mod; serverMod @GameLabs; 


------------------------------------
DAYZSERVER, 05.05 2022 12:00:25
[EffectSound::Effect] :: [WARNING] :: Created Effect on server.
Class:      'EffectSound'
Function: 'Effect'
Stack trace:
scripts/3_Game/effect.c:74
dp_buildings/scripts/4_world/buildings\wall\dp_wall_kit.c:8
$CurrentDir:mpmissions\empty.melkart\init.c:122

Runtime mode
CLI params: config serverDZ.cfg.active port 2302 profiles profiles adminlog  freezecheck  dologs  cpuCount 4 mod @CF;@Dabs Framework;@BuilderItems;@Melkart_Beta;@RON-MelkartCORE;@AC-Mod-Pack;@VPPAdminTools;@HellRetex Mod; serverMod @GameLabs; 


------------------------------------
DAYZSERVER, 05.05 2022 12:00:25
[EffectSound::Effect] :: [WARNING] :: Created Effect on server.
Class:      'EffectSound'
Function: 'Effect'
Stack trace:
scripts/3_Game/effect.c:74
dp_buildings/scripts/4_world/buildings\door\dp_door_kit.c:8
$CurrentDir:mpmissions\empty.melkart\init.c:122

Runtime mode
CLI params: config serverDZ.cfg.active port 2302 profiles profiles adminlog  freezecheck  dologs  cpuCount 4 mod @CF;@Dabs Framework;@BuilderItems;@Melkart_Beta;@RON-MelkartCORE;@AC-Mod-Pack;@VPPAdminTools;@HellRetex Mod; serverMod @GameLabs; 


------------------------------------
DAYZSERVER, 05.05 2022 12:00:25
[EffectSound::Effect] :: [WARNING] :: Created Effect on server.
Class:      'EffectSound'
Function: 'Effect'
Stack trace:
scripts/3_Game/effect.c:74
dp_buildings/scripts/4_world/buildings\wall_big\dp_wall_big_kit.c:8
$CurrentDir:mpmissions\empty.melkart\init.c:122

Runtime mode
CLI params: config serverDZ.cfg.active port 2302 profiles profiles adminlog  freezecheck  dologs  cpuCount 4 mod @CF;@Dabs Framework;@BuilderItems;@Melkart_Beta;@RON-MelkartCORE;@AC-Mod-Pack;@VPPAdminTools;@HellRetex Mod; serverMod @GameLabs; 


------------------------------------
DAYZSERVER, 05.05 2022 12:00:25
[EffectSound::Effect] :: [WARNING] :: Created Effect on server.
Class:      'EffectSound'
Function: 'Effect'
Stack trace:
scripts/3_Game/effect.c:74
dp_buildings/scripts/4_world/buildings\window_shield\dp_window_shield_kit.c:8
$CurrentDir:mpmissions\empty.melkart\init.c:122

Runtime mode
CLI params: config serverDZ.cfg.active port 2302 profiles profiles adminlog  freezecheck  dologs  cpuCount 4 mod @CF;@Dabs Framework;@BuilderItems;@Melkart_Beta;@RON-MelkartCORE;@AC-Mod-Pack;@VPPAdminTools;@HellRetex Mod; serverMod @GameLabs; 


------------------------------------
DAYZSERVER, 05.05 2022 12:00:25
[EffectSound::Effect] :: [WARNING] :: Created Effect on server.
Class:      'EffectSound'
Function: 'Effect'
Stack trace:
scripts/3_Game/effect.c:74
dp_buildings/scripts/4_world/buildings\wall_big\dp_wall_big_kit.c:8
$CurrentDir:mpmissions\empty.melkart\init.c:122

Runtime mode
CLI params: config serverDZ.cfg.active port 2302 profiles profiles adminlog  freezecheck  dologs  cpuCount 4 mod @CF;@Dabs Framework;@BuilderItems;@Melkart_Beta;@RON-MelkartCORE;@AC-Mod-Pack;@VPPAdminTools;@HellRetex Mod; serverMod @GameLabs; 


------------------------------------
DAYZSERVER, 05.05 2022 12:00:25
[EffectSound::Effect] :: [WARNING] :: Created Effect on server.
Class:      'EffectSound'
Function: 'Effect'
Stack trace:
scripts/3_Game/effect.c:74
dp_buildings/scripts/4_world/buildings\window_shield\dp_window_shield_kit.c:8
$CurrentDir:mpmissions\empty.melkart\init.c:122

Runtime mode
CLI params: config serverDZ.cfg.active port 2302 profiles profiles adminlog  freezecheck  dologs  cpuCount 4 mod @CF;@Dabs Framework;@BuilderItems;@Melkart_Beta;@RON-MelkartCORE;@AC-Mod-Pack;@VPPAdminTools;@HellRetex Mod; serverMod @GameLabs; 


------------------------------------
DAYZSERVER, 05.05 2022 12:00:25
[EffectSound::Effect] :: [WARNING] :: Created Effect on server.
Class:      'EffectSound'
Function: 'Effect'
Stack trace:
scripts/3_Game/effect.c:74
dp_buildings/scripts/4_world/buildings\wall_big\dp_wall_big_kit.c:8
$CurrentDir:mpmissions\empty.melkart\init.c:122

Runtime mode
CLI params: config serverDZ.cfg.active port 2302 profiles profiles adminlog  freezecheck  dologs  cpuCount 4 mod @CF;@Dabs Framework;@BuilderItems;@Melkart_Beta;@RON-MelkartCORE;@AC-Mod-Pack;@VPPAdminTools;@HellRetex Mod; serverMod @GameLabs; 


------------------------------------
DAYZSERVER, 05.05 2022 12:00:25
[EffectSound::Effect] :: [WARNING] :: Created Effect on server.
Class:      'EffectSound'
Function: 'Effect'
Stack trace:
scripts/3_Game/effect.c:74
dp_buildings/scripts/4_world/buildings\wall\dp_wall_kit.c:8
$CurrentDir:mpmissions\empty.melkart\init.c:122

Runtime mode
CLI params: config serverDZ.cfg.active port 2302 profiles profiles adminlog  freezecheck  dologs  cpuCount 4 mod @CF;@Dabs Framework;@BuilderItems;@Melkart_Beta;@RON-MelkartCORE;@AC-Mod-Pack;@VPPAdminTools;@HellRetex Mod; serverMod @GameLabs; 


------------------------------------
DAYZSERVER, 05.05 2022 12:00:27
[EffectSound::Effect] :: [WARNING] :: Created Effect on server.
Class:      'EffectSound'
Function: 'Effect'
Stack trace:
scripts/3_Game/effect.c:74
dp_buildings/scripts/4_world/buildings\wall_big\dp_wall_big_kit.c:8
$CurrentDir:mpmissions\empty.melkart\init.c:122

Runtime mode
CLI params: config serverDZ.cfg.active port 2302 profiles profiles adminlog  freezecheck  dologs  cpuCount 4 mod @CF;@Dabs Framework;@BuilderItems;@Melkart_Beta;@RON-MelkartCORE;@AC-Mod-Pack;@VPPAdminTools;@HellRetex Mod; serverMod @GameLabs; 


------------------------------------
DAYZSERVER, 05.05 2022 12:00:27
[EffectSound::Effect] :: [WARNING] :: Created Effect on server.
Class:      'EffectSound'
Function: 'Effect'
Stack trace:
scripts/3_Game/effect.c:74
dp_buildings/scripts/4_world/buildings\door_metal\dp_door_metal_kit.c:8
$CurrentDir:mpmissions\empty.melkart\init.c:122

Runtime mode
CLI params: config serverDZ.cfg.active port 2302 profiles profiles adminlog  freezecheck  dologs  cpuCount 4 mod @CF;@Dabs Framework;@BuilderItems;@Melkart_Beta;@RON-MelkartCORE;@AC-Mod-Pack;@VPPAdminTools;@HellRetex Mod; serverMod @GameLabs; 


------------------------------------
DAYZSERVER, 05.05 2022 12:00:27
[EffectSound::Effect] :: [WARNING] :: Created Effect on server.
Class:      'EffectSound'
Function: 'Effect'
Stack trace:
scripts/3_Game/effect.c:74
dp_buildings/scripts/4_world/buildings\window_shield\dp_window_shield_kit.c:8
$CurrentDir:mpmissions\empty.melkart\init.c:122

Runtime mode
CLI params: config serverDZ.cfg.active port 2302 profiles profiles adminlog  freezecheck  dologs  cpuCount 4 mod @CF;@Dabs Framework;@BuilderItems;@Melkart_Beta;@RON-MelkartCORE;@AC-Mod-Pack;@VPPAdminTools;@HellRetex Mod; serverMod @GameLabs; 


------------------------------------
DAYZSERVER, 05.05 2022 12:00:27
[EffectSound::Effect] :: [WARNING] :: Created Effect on server.
Class:      'EffectSound'
Function: 'Effect'
Stack trace:
scripts/3_Game/effect.c:74
dp_buildings/scripts/4_world/buildings\roof\dp_roof_kit.c:8
$CurrentDir:mpmissions\empty.melkart\init.c:122

Runtime mode
CLI params: config serverDZ.cfg.active port 2302 profiles profiles adminlog  freezecheck  dologs  cpuCount 4 mod @CF;@Dabs Framework;@BuilderItems;@Melkart_Beta;@RON-MelkartCORE;@AC-Mod-Pack;@VPPAdminTools;@HellRetex Mod; serverMod @GameLabs; 


------------------------------------
DAYZSERVER, 05.05 2022 12:00:27
[EffectSound::Effect] :: [WARNING] :: Created Effect on server.
Class:      'EffectSound'
Function: 'Effect'
Stack trace:
scripts/3_Game/effect.c:74
dp_buildings/scripts/4_world/buildings\wall_big\dp_wall_big_kit.c:8
$CurrentDir:mpmissions\empty.melkart\init.c:122

Runtime mode
CLI params: config serverDZ.cfg.active port 2302 profiles profiles adminlog  freezecheck  dologs  cpuCount 4 mod @CF;@Dabs Framework;@BuilderItems;@Melkart_Beta;@RON-MelkartCORE;@AC-Mod-Pack;@VPPAdminTools;@HellRetex Mod; serverMod @GameLabs; 


------------------------------------
DAYZSERVER, 05.05 2022 12:00:27
[EffectSound::Effect] :: [WARNING] :: Created Effect on server.
Class:      'EffectSound'
Function: 'Effect'
Stack trace:
scripts/3_Game/effect.c:74
dp_buildings/scripts/4_world/buildings\door\dp_door_kit.c:8
$CurrentDir:mpmissions\empty.melkart\init.c:122

Runtime mode
CLI params: config serverDZ.cfg.active port 2302 profiles profiles adminlog  freezecheck  dologs  cpuCount 4 mod @CF;@Dabs Framework;@BuilderItems;@Melkart_Beta;@RON-MelkartCORE;@AC-Mod-Pack;@VPPAdminTools;@HellRetex Mod; serverMod @GameLabs; 


------------------------------------
DAYZSERVER, 05.05 2022 12:00:27
[EffectSound::Effect] :: [WARNING] :: Created Effect on server.
Class:      'EffectSound'
Function: 'Effect'
Stack trace:
scripts/3_Game/effect.c:74
dp_buildings/scripts/4_world/buildings\wall\dp_wall_kit.c:8
$CurrentDir:mpmissions\empty.melkart\init.c:122

Runtime mode
CLI params: config serverDZ.cfg.active port 2302 profiles profiles adminlog  freezecheck  dologs  cpuCount 4 mod @CF;@Dabs Framework;@BuilderItems;@Melkart_Beta;@RON-MelkartCORE;@AC-Mod-Pack;@VPPAdminTools;@HellRetex Mod; serverMod @GameLabs; 


------------------------------------
DAYZSERVER, 05.05 2022 12:00:27
[EffectSound::Effect] :: [WARNING] :: Created Effect on server.
Class:      'EffectSound'
Function: 'Effect'
Stack trace:
scripts/3_Game/effect.c:74
dp_buildings/scripts/4_world/buildings\wall_big\dp_wall_big_kit.c:8
$CurrentDir:mpmissions\empty.melkart\init.c:122

Runtime mode
CLI params: config serverDZ.cfg.active port 2302 profiles profiles adminlog  freezecheck  dologs  cpuCount 4 mod @CF;@Dabs Framework;@BuilderItems;@Melkart_Beta;@RON-MelkartCORE;@AC-Mod-Pack;@VPPAdminTools;@HellRetex Mod; serverMod @GameLabs; 


------------------------------------
DAYZSERVER, 05.05 2022 12:00:27
[EffectSound::Effect] :: [WARNING] :: Created Effect on server.
Class:      'EffectSound'
Function: 'Effect'
Stack trace:
scripts/3_Game/effect.c:74
dp_buildings/scripts/4_world/buildings\wall\dp_wall_kit.c:8
$CurrentDir:mpmissions\empty.melkart\init.c:122

Runtime mode
CLI params: config serverDZ.cfg.active port 2302 profiles profiles adminlog  freezecheck  dologs  cpuCount 4 mod @CF;@Dabs Framework;@BuilderItems;@Melkart_Beta;@RON-MelkartCORE;@AC-Mod-Pack;@VPPAdminTools;@HellRetex Mod; serverMod @GameLabs; 


------------------------------------
DAYZSERVER, 05.05 2022 12:00:27
[EffectSound::Effect] :: [WARNING] :: Created Effect on server.
Class:      'EffectSound'
Function: 'Effect'
Stack trace:
scripts/3_Game/effect.c:74
dp_buildings/scripts/4_world/buildings\wall_big\dp_wall_big_kit.c:8
$CurrentDir:mpmissions\empty.melkart\init.c:122

Runtime mode
CLI params: config serverDZ.cfg.active port 2302 profiles profiles adminlog  freezecheck  dologs  cpuCount 4 mod @CF;@Dabs Framework;@BuilderItems;@Melkart_Beta;@RON-MelkartCORE;@AC-Mod-Pack;@VPPAdminTools;@HellRetex Mod; serverMod @GameLabs; 


------------------------------------
DAYZSERVER, 05.05 2022 12:00:27
[EffectSound::Effect] :: [WARNING] :: Created Effect on server.
Class:      'EffectSound'
Function: 'Effect'
Stack trace:
scripts/3_Game/effect.c:74
dp_buildings/scripts/4_world/buildings\door_metal\dp_door_metal_kit.c:8
$CurrentDir:mpmissions\empty.melkart\init.c:122

Runtime mode
CLI params: config serverDZ.cfg.active port 2302 profiles profiles adminlog  freezecheck  dologs  cpuCount 4 mod @CF;@Dabs Framework;@BuilderItems;@Melkart_Beta;@RON-MelkartCORE;@AC-Mod-Pack;@VPPAdminTools;@HellRetex Mod; serverMod @GameLabs; 


------------------------------------
DAYZSERVER, 05.05 2022 12:00:27
[EffectSound::Effect] :: [WARNING] :: Created Effect on server.
Class:      'EffectSound'
Function: 'Effect'
Stack trace:
scripts/3_Game/effect.c:74
dp_buildings/scripts/4_world/buildings\roof\dp_roof_kit.c:8
$CurrentDir:mpmissions\empty.melkart\init.c:122

Runtime mode
CLI params: config serverDZ.cfg.active port 2302 profiles profiles adminlog  freezecheck  dologs  cpuCount 4 mod @CF;@Dabs Framework;@BuilderItems;@Melkart_Beta;@RON-MelkartCORE;@AC-Mod-Pack;@VPPAdminTools;@HellRetex Mod; serverMod @GameLabs; 


------------------------------------
DAYZSERVER, 05.05 2022 12:00:53
ScriptMembersNetSync::RegisterVariable - "m_isInvisible" - duplicite registration
Class:      'SurvivorBase'
Entity id:0

Function: 'Init'
Stack trace:
ZomBerry/AT/scripts/4_World/playerbase.c:12
H2A/HRM/Scripts/4_World/оъ*бСдг.jpg:37
scripts/4_World/entities\manbase\playerbase.c:273

Runtime mode
CLI params: config serverDZ.cfg.active port 2302 profiles profiles adminlog  freezecheck  dologs  cpuCount 4 mod @CF;@Dabs Framework;@BuilderItems;@Melkart_Beta;@RON-MelkartCORE;@AC-Mod-Pack;@VPPAdminTools;@HellRetex Mod; serverMod @GameLabs; 


------------------------------------
DAYZSERVER, 05.05 2022 12:00:53
ScriptMembersNetSync::RegisterVariable - "m_isInvisible" - duplicite registration
Class:      'SurvivorBase'
Entity id:0

Function: 'Init'
Stack trace:
ZomBerry/AT/scripts/4_World/playerbase.c:12
H2A/HRM/Scripts/4_World/оъ*бСдг.jpg:37
scripts/4_World/entities\manbase\playerbase.c:273

Runtime mode
CLI params: config serverDZ.cfg.active port 2302 profiles profiles adminlog  freezecheck  dologs  cpuCount 4 mod @CF;@Dabs Framework;@BuilderItems;@Melkart_Beta;@RON-MelkartCORE;@AC-Mod-Pack;@VPPAdminTools;@HellRetex Mod; serverMod @GameLabs; 


------------------------------------
DAYZSERVER, 05.05 2022 12:01:08
ScriptMembersNetSync::RegisterVariable - "m_isInvisible" - duplicite registration
Class:      'SurvivorBase'
Entity id:0

Function: 'Init'
Stack trace:
ZomBerry/AT/scripts/4_World/playerbase.c:12
H2A/HRM/Scripts/4_World/оъ*бСдг.jpg:37
scripts/4_World/entities\manbase\playerbase.c:273

Runtime mode
CLI params: config serverDZ.cfg.active port 2302 profiles profiles adminlog  freezecheck  dologs  cpuCount 4 mod @CF;@Dabs Framework;@BuilderItems;@Melkart_Beta;@RON-MelkartCORE;@AC-Mod-Pack;@VPPAdminTools;@HellRetex Mod; serverMod @GameLabs; 


------------------------------------
DAYZSERVER, 05.05 2022 12:16:05
ScriptMembersNetSync::RegisterVariable - "m_isInvisible" - duplicite registration
Class:      'SurvivorBase'
Entity id:0

Function: 'Init'
Stack trace:
ZomBerry/AT/scripts/4_World/playerbase.c:12
H2A/HRM/Scripts/4_World/оъ*бСдг.jpg:37
scripts/4_World/entities\manbase\playerbase.c:273

Runtime mode
CLI params: config serverDZ.cfg.active port 2302 profiles profiles adminlog  freezecheck  dologs  cpuCount 4 mod @CF;@Dabs Framework;@BuilderItems;@Melkart_Beta;@RON-MelkartCORE;@AC-Mod-Pack;@VPPAdminTools;@HellRetex Mod; serverMod @GameLabs; 


------------------------------------
DAYZSERVER, 05.05 2022 12:18:18
ScriptMembersNetSync::RegisterVariable - "m_isInvisible" - duplicite registration
Class:      'SurvivorBase'
Entity id:0

Function: 'Init'
Stack trace:
ZomBerry/AT/scripts/4_World/playerbase.c:12
H2A/HRM/Scripts/4_World/оъ*бСдг.jpg:37
scripts/4_World/entities\manbase\playerbase.c:273

Runtime mode
CLI params: config serverDZ.cfg.active port 2302 profiles profiles adminlog  freezecheck  dologs  cpuCount 4 mod @CF;@Dabs Framework;@BuilderItems;@Melkart_Beta;@RON-MelkartCORE;@AC-Mod-Pack;@VPPAdminTools;@HellRetex Mod; serverMod @GameLabs; 


------------------------------------
DAYZSERVER, 05.05 2022 12:38:39
ScriptMembersNetSync::RegisterVariable - "m_isInvisible" - duplicite registration
Class:      'SurvivorBase'
Entity id:0

Function: 'Init'
Stack trace:
ZomBerry/AT/scripts/4_World/playerbase.c:12
H2A/HRM/Scripts/4_World/оъ*бСдг.jpg:37
scripts/4_World/entities\manbase\playerbase.c:273

Runtime mode
CLI params: config serverDZ.cfg.active port 2302 profiles profiles adminlog  freezecheck  dologs  cpuCount 4 mod @CF;@Dabs Framework;@BuilderItems;@Melkart_Beta;@RON-MelkartCORE;@AC-Mod-Pack;@VPPAdminTools;@HellRetex Mod; serverMod @GameLabs; 


------------------------------------
DAYZSERVER, 05.05 2022 12:38:53
ScriptMembersNetSync::RegisterVariable - "m_isInvisible" - duplicite registration
Class:      'SurvivorBase'
Entity id:0

Function: 'Init'
Stack trace:
ZomBerry/AT/scripts/4_World/playerbase.c:12
H2A/HRM/Scripts/4_World/оъ*бСдг.jpg:37
scripts/4_World/entities\manbase\playerbase.c:273

Runtime mode
CLI params: config serverDZ.cfg.active port 2302 profiles profiles adminlog  freezecheck  dologs  cpuCount 4 mod @CF;@Dabs Framework;@BuilderItems;@Melkart_Beta;@RON-MelkartCORE;@AC-Mod-Pack;@VPPAdminTools;@HellRetex Mod; serverMod @GameLabs; 


------------------------------------
DAYZSERVER, 05.05 2022 12:47:38
ScriptMembersNetSync::RegisterVariable - "m_isInvisible" - duplicite registration
Class:      'SurvivorBase'
Entity id:0

Function: 'Init'
Stack trace:
ZomBerry/AT/scripts/4_World/playerbase.c:12
H2A/HRM/Scripts/4_World/оъ*бСдг.jpg:37
scripts/4_World/entities\manbase\playerbase.c:273

Runtime mode
CLI params: config serverDZ.cfg.active port 2302 profiles profiles adminlog  freezecheck  dologs  cpuCount 4 mod @CF;@Dabs Framework;@BuilderItems;@Melkart_Beta;@RON-MelkartCORE;@AC-Mod-Pack;@VPPAdminTools;@HellRetex Mod; serverMod @GameLabs; 


------------------------------------
DAYZSERVER, 05.05 2022 12:51:35
ScriptMembersNetSync::RegisterVariable - "m_isInvisible" - duplicite registration
Class:      'SurvivorBase'
Entity id:0

Function: 'Init'
Stack trace:
ZomBerry/AT/scripts/4_World/playerbase.c:12
H2A/HRM/Scripts/4_World/оъ*бСдг.jpg:37
scripts/4_World/entities\manbase\playerbase.c:273

Runtime mode
CLI params: config serverDZ.cfg.active port 2302 profiles profiles adminlog  freezecheck  dologs  cpuCount 4 mod @CF;@Dabs Framework;@BuilderItems;@Melkart_Beta;@RON-MelkartCORE;@AC-Mod-Pack;@VPPAdminTools;@HellRetex Mod; serverMod @GameLabs; 


------------------------------------
DAYZSERVER, 05.05 2022 13:15:57
ScriptMembersNetSync::RegisterVariable - "m_isInvisible" - duplicite registration
Class:      'SurvivorBase'
Entity id:0

Function: 'Init'
Stack trace:
ZomBerry/AT/scripts/4_World/playerbase.c:12
H2A/HRM/Scripts/4_World/оъ*бСдг.jpg:37
scripts/4_World/entities\manbase\playerbase.c:273

Runtime mode
CLI params: config serverDZ.cfg.active port 2302 profiles profiles adminlog  freezecheck  dologs  cpuCount 4 mod @CF;@Dabs Framework;@BuilderItems;@Melkart_Beta;@RON-MelkartCORE;@AC-Mod-Pack;@VPPAdminTools;@HellRetex Mod; serverMod @GameLabs; 


------------------------------------
DAYZSERVER, 05.05 2022 13:21:46
ScriptMembersNetSync::RegisterVariable - "m_isInvisible" - duplicite registration
Class:      'SurvivorBase'
Entity id:0

Function: 'Init'
Stack trace:
ZomBerry/AT/scripts/4_World/playerbase.c:12
H2A/HRM/Scripts/4_World/оъ*бСдг.jpg:37
scripts/4_World/entities\manbase\playerbase.c:273
$CurrentDir:mpmissions\empty.melkart\init.c:163
scripts/5_Mission/mission\missionserver.c:500
JM/CF/Scripts/5_Mission/communityframework\mission\missionserver.c:120
AC-Mod-Pack/AC-DayZ/Scripts/5_Mission/Mission/ђъ*щ.ogg:5
AC-Mod-Pack/AC-DayZPlus/Scripts/5_Mission/Mission/ђъ*щ.ogg:5
AC-Mod-Pack/AC-SpawnPoint/Scripts/5_Mission/Mission/*њЮиШЪћхёЩ.rtm:5
scripts/5_Mission/mission\missionserver.c:266
AC-Mod-Pack/AC/Scripts/5_Mission/Mission/ССЬЫд?гюѐѓч.fxy:14
GameLabs/Scripts/5_Mission/Цытџ*хмЯ.rvmat:15
JM/CF/Scripts/5_Mission/communityframework\mission\missionserver.c:10
VPPAdminTools/5_Mission/vppadmintools\missionserver.c:48
scripts/3_Game/dayzgame.c:1403
JM/CF/Scripts/3_Game/communityframework\game\dayzgame.c:97

Runtime mode
CLI params: config serverDZ.cfg.active port 2302 profiles profiles adminlog  freezecheck  dologs  cpuCount 4 mod @CF;@Dabs Framework;@BuilderItems;@Melkart_Beta;@RON-MelkartCORE;@AC-Mod-Pack;@VPPAdminTools;@HellRetex Mod; serverMod @GameLabs; 


------------------------------------
DAYZSERVER, 05.05 2022 13:30:20
ScriptMembersNetSync::RegisterVariable - "m_isInvisible" - duplicite registration
Class:      'SurvivorBase'
Entity id:0

Function: 'Init'
Stack trace:
ZomBerry/AT/scripts/4_World/playerbase.c:12
H2A/HRM/Scripts/4_World/оъ*бСдг.jpg:37
scripts/4_World/entities\manbase\playerbase.c:273

Runtime mode
CLI params: config serverDZ.cfg.active port 2302 profiles profiles adminlog  freezecheck  dologs  cpuCount 4 mod @CF;@Dabs Framework;@BuilderItems;@Melkart_Beta;@RON-MelkartCORE;@AC-Mod-Pack;@VPPAdminTools;@HellRetex Mod; serverMod @GameLabs; 


------------------------------------
DAYZSERVER, 05.05 2022 13:34:44
ScriptMembersNetSync::RegisterVariable - "m_isInvisible" - duplicite registration
Class:      'SurvivorBase'
Entity id:0

Function: 'Init'
Stack trace:
ZomBerry/AT/scripts/4_World/playerbase.c:12
H2A/HRM/Scripts/4_World/оъ*бСдг.jpg:37
scripts/4_World/entities\manbase\playerbase.c:273

Runtime mode
CLI params: config serverDZ.cfg.active port 2302 profiles profiles adminlog  freezecheck  dologs  cpuCount 4 mod @CF;@Dabs Framework;@BuilderItems;@Melkart_Beta;@RON-MelkartCORE;@AC-Mod-Pack;@VPPAdminTools;@HellRetex Mod; serverMod @GameLabs; 


------------------------------------
DAYZSERVER, 05.05 2022 13:44:18
ScriptMembersNetSync::RegisterVariable - "m_isInvisible" - duplicite registration
Class:      'SurvivorBase'
Entity id:0

Function: 'Init'
Stack trace:
ZomBerry/AT/scripts/4_World/playerbase.c:12
H2A/HRM/Scripts/4_World/оъ*бСдг.jpg:37
scripts/4_World/entities\manbase\playerbase.c:273

Runtime mode
CLI params: config serverDZ.cfg.active port 2302 profiles profiles adminlog  freezecheck  dologs  cpuCount 4 mod @CF;@Dabs Framework;@BuilderItems;@Melkart_Beta;@RON-MelkartCORE;@AC-Mod-Pack;@VPPAdminTools;@HellRetex Mod; serverMod @GameLabs; 


------------------------------------
DAYZSERVER, 05.05 2022 13:44:42
ScriptMembersNetSync::RegisterVariable - "m_isInvisible" - duplicite registration
Class:      'SurvivorBase'
Entity id:0

Function: 'Init'
Stack trace:
ZomBerry/AT/scripts/4_World/playerbase.c:12
H2A/HRM/Scripts/4_World/оъ*бСдг.jpg:37
scripts/4_World/entities\manbase\playerbase.c:273

Runtime mode
CLI params: config serverDZ.cfg.active port 2302 profiles profiles adminlog  freezecheck  dologs  cpuCount 4 mod @CF;@Dabs Framework;@BuilderItems;@Melkart_Beta;@RON-MelkartCORE;@AC-Mod-Pack;@VPPAdminTools;@HellRetex Mod; serverMod @GameLabs; 


------------------------------------
DAYZSERVER, 05.05 2022 14:01:57
ScriptMembersNetSync::RegisterVariable - "m_isInvisible" - duplicite registration
Class:      'SurvivorBase'
Entity id:0

Function: 'Init'
Stack trace:
ZomBerry/AT/scripts/4_World/playerbase.c:12
H2A/HRM/Scripts/4_World/оъ*бСдг.jpg:37
scripts/4_World/entities\manbase\playerbase.c:273

Runtime mode
CLI params: config serverDZ.cfg.active port 2302 profiles profiles adminlog  freezecheck  dologs  cpuCount 4 mod @CF;@Dabs Framework;@BuilderItems;@Melkart_Beta;@RON-MelkartCORE;@AC-Mod-Pack;@VPPAdminTools;@HellRetex Mod; serverMod @GameLabs; 


------------------------------------
DAYZSERVER, 05.05 2022 14:11:13
ScriptMembersNetSync::RegisterVariable - "m_isInvisible" - duplicite registration
Class:      'SurvivorBase'
Entity id:0

Function: 'Init'
Stack trace:
ZomBerry/AT/scripts/4_World/playerbase.c:12
H2A/HRM/Scripts/4_World/оъ*бСдг.jpg:37
scripts/4_World/entities\manbase\playerbase.c:273

Runtime mode
CLI params: config serverDZ.cfg.active port 2302 profiles profiles adminlog  freezecheck  dologs  cpuCount 4 mod @CF;@Dabs Framework;@BuilderItems;@Melkart_Beta;@RON-MelkartCORE;@AC-Mod-Pack;@VPPAdminTools;@HellRetex Mod; serverMod @GameLabs; 


------------------------------------
DAYZSERVER, 05.05 2022 14:24:22
ScriptMembersNetSync::RegisterVariable - "m_isInvisible" - duplicite registration
Class:      'SurvivorBase'
Entity id:0

Function: 'Init'
Stack trace:
ZomBerry/AT/scripts/4_World/playerbase.c:12
H2A/HRM/Scripts/4_World/оъ*бСдг.jpg:37
scripts/4_World/entities\manbase\playerbase.c:273
$CurrentDir:mpmissions\empty.melkart\init.c:163
scripts/5_Mission/mission\missionserver.c:500
JM/CF/Scripts/5_Mission/communityframework\mission\missionserver.c:120
AC-Mod-Pack/AC-DayZ/Scripts/5_Mission/Mission/ђъ*щ.ogg:5
AC-Mod-Pack/AC-DayZPlus/Scripts/5_Mission/Mission/ђъ*щ.ogg:5
AC-Mod-Pack/AC-SpawnPoint/Scripts/5_Mission/Mission/*њЮиШЪћхёЩ.rtm:5
scripts/5_Mission/mission\missionserver.c:266
AC-Mod-Pack/AC/Scripts/5_Mission/Mission/ССЬЫд?гюѐѓч.fxy:14
GameLabs/Scripts/5_Mission/Цытџ*хмЯ.rvmat:15
JM/CF/Scripts/5_Mission/communityframework\mission\missionserver.c:10
VPPAdminTools/5_Mission/vppadmintools\missionserver.c:48
scripts/3_Game/dayzgame.c:1403
JM/CF/Scripts/3_Game/communityframework\game\dayzgame.c:97

Runtime mode
CLI params: config serverDZ.cfg.active port 2302 profiles profiles adminlog  freezecheck  dologs  cpuCount 4 mod @CF;@Dabs Framework;@BuilderItems;@Melkart_Beta;@RON-MelkartCORE;@AC-Mod-Pack;@VPPAdminTools;@HellRetex Mod; serverMod @GameLabs; 


------------------------------------
DAYZSERVER, 05.05 2022 14:47:09
ScriptMembersNetSync::RegisterVariable - "m_isInvisible" - duplicite registration
Class:      'SurvivorBase'
Entity id:0

Function: 'Init'
Stack trace:
ZomBerry/AT/scripts/4_World/playerbase.c:12
H2A/HRM/Scripts/4_World/оъ*бСдг.jpg:37
scripts/4_World/entities\manbase\playerbase.c:273
$CurrentDir:mpmissions\empty.melkart\init.c:163
scripts/5_Mission/mission\missionserver.c:500
JM/CF/Scripts/5_Mission/communityframework\mission\missionserver.c:120
AC-Mod-Pack/AC-DayZ/Scripts/5_Mission/Mission/ђъ*щ.ogg:5
AC-Mod-Pack/AC-DayZPlus/Scripts/5_Mission/Mission/ђъ*щ.ogg:5
AC-Mod-Pack/AC-SpawnPoint/Scripts/5_Mission/Mission/*њЮиШЪћхёЩ.rtm:5
scripts/5_Mission/mission\missionserver.c:266
AC-Mod-Pack/AC/Scripts/5_Mission/Mission/ССЬЫд?гюѐѓч.fxy:14
GameLabs/Scripts/5_Mission/Цытџ*хмЯ.rvmat:15
JM/CF/Scripts/5_Mission/communityframework\mission\missionserver.c:10
VPPAdminTools/5_Mission/vppadmintools\missionserver.c:48
scripts/3_Game/dayzgame.c:1403
JM/CF/Scripts/3_Game/communityframework\game\dayzgame.c:97

Runtime mode
CLI params: config serverDZ.cfg.active port 2302 profiles profiles adminlog  freezecheck  dologs  cpuCount 4 mod @CF;@Dabs Framework;@BuilderItems;@Melkart_Beta;@RON-MelkartCORE;@AC-Mod-Pack;@VPPAdminTools;@HellRetex Mod; serverMod @GameLabs; 


------------------------------------
DAYZSERVER, 05.05 2022 14:49:37
ScriptMembersNetSync::RegisterVariable - "m_isInvisible" - duplicite registration
Class:      'SurvivorBase'
Entity id:0

Function: 'Init'
Stack trace:
ZomBerry/AT/scripts/4_World/playerbase.c:12
H2A/HRM/Scripts/4_World/оъ*бСдг.jpg:37
scripts/4_World/entities\manbase\playerbase.c:273

Runtime mode
CLI params: config serverDZ.cfg.active port 2302 profiles profiles adminlog  freezecheck  dologs  cpuCount 4 mod @CF;@Dabs Framework;@BuilderItems;@Melkart_Beta;@RON-MelkartCORE;@AC-Mod-Pack;@VPPAdminTools;@HellRetex Mod; serverMod @GameLabs; 


------------------------------------
DAYZSERVER, 05.05 2022 14:51:06
NULL pointer to instance
Class:      'EffectSound'
Function: 'SetEnableEventFrame'
Stack trace:
scripts/3_Game/effect.c:277
scripts/3_Game/effect.c:93
scripts/3_Game/effectmanager.c:272
scripts/3_Game/effectmanager.c:403
dp_buildings/scripts/4_world/buildings\wall_big\dp_wall_big_kit.c:17

Runtime mode
CLI params: config serverDZ.cfg.active port 2302 profiles profiles adminlog  freezecheck  dologs  cpuCount 4 mod @CF;@Dabs Framework;@BuilderItems;@Melkart_Beta;@RON-MelkartCORE;@AC-Mod-Pack;@VPPAdminTools;@HellRetex Mod; serverMod @GameLabs; 


------------------------------------
DAYZSERVER, 05.05 2022 14:53:05
ScriptMembersNetSync::RegisterVariable - "m_isInvisible" - duplicite registration
Class:      'SurvivorBase'
Entity id:0

Function: 'Init'
Stack trace:
ZomBerry/AT/scripts/4_World/playerbase.c:12
H2A/HRM/Scripts/4_World/оъ*бСдг.jpg:37
scripts/4_World/entities\manbase\playerbase.c:273

Runtime mode
CLI params: config serverDZ.cfg.active port 2302 profiles profiles adminlog  freezecheck  dologs  cpuCount 4 mod @CF;@Dabs Framework;@BuilderItems;@Melkart_Beta;@RON-MelkartCORE;@AC-Mod-Pack;@VPPAdminTools;@HellRetex Mod; serverMod @GameLabs; 


------------------------------------
DAYZSERVER, 05.05 2022 14:53:05
[EffectSound::Effect] :: [WARNING] :: Created Effect on server.
Class:      'EffectSound'
Function: 'Effect'
Stack trace:
scripts/3_Game/effect.c:74
dp_buildings/scripts/4_world/buildings\wall_big\dp_wall_big_kit.c:8

Runtime mode
CLI params: config serverDZ.cfg.active port 2302 profiles profiles adminlog  freezecheck  dologs  cpuCount 4 mod @CF;@Dabs Framework;@BuilderItems;@Melkart_Beta;@RON-MelkartCORE;@AC-Mod-Pack;@VPPAdminTools;@HellRetex Mod; serverMod @GameLabs; 
