

=====================================================================
== D:\OmegaManager\servers\2\DayZServer_x64.exe
== ./servers/2/DayZServer_x64.exe -config=serverDZ.cfg.active -port=2502 -profiles=profiles  -adminlog -freezecheck -dologs "-mod=@CF;@Dabs Framework;@AC-Mod-Pack;@VPPAdminTools;@RON-MelkartCORE;@Dogtags;@Advanced Weapon Scopes;@GameLabs;@Durable Suppressors;@HellRetex Mod;@Dex Storage Stuff;@AC-Helicopter;@RaG_Hummer_Armored;@CarCover;"
=====================================================================
Exe timestamp: 2022/05/02 18:11:42
Current time:  2022/05/02 22:36:02

Version 1.17.154754
22:36:02.502 String "STR_ACMODPACK_NAME" not found
22:36:02.503 String "STR_DF_NAME" not found
22:36:02.865 String "STR_server_shutdown" listed twice in "Global"
22:36:02.890 Localization not present: STR_DATE_FORMAT_SHORT
22:36:02.890 Localization not present: STR_TIME_FORMAT
22:36:02.890 Localization not present: STR_CONFIG_CONTROLLER_NORMAL_LOOK
22:36:02.890 Localization not present: STR_CONFIG_CONTROLLER_REVERSED_LOOK
22:36:02.890 Localization not present: STR_MP_VALIDERROR
22:36:02.890 Localization not present: STR_MP_CONNECTION_LOOSING
22:36:02.890 Localization not present: STR_MSG_MP_NO_PASSWORD
22:36:02.890 Localization not present: STR_MSG_LAUNCH_GAME
22:36:02.890 Localization not present: STR_LOAD_INIT
22:36:02.890 Localization not present: STR_LOAD_WORLD
22:36:02.890 Localization not present: STR_LOAD_GAME
22:36:02.890 Localization not present: STR_SAVE_GAME
22:36:02.890 Localization not present: STR_MP_CONNECT
22:36:02.890 Localization not present: STR_MP_DISCONNECT
22:36:02.890 Localization not present: STR_MP_CONNECTING
22:36:02.890 Localization not present: STR_MP_TIMEOUT
22:36:02.890 Localization not present: STR_DISP_CLIENT_TEXT_EDIT
22:36:02.890 Localization not present: STR_MP_LOGIN_QUEUE_FULL
22:36:02.891 Localization not present: STR_DATE_FORMAT_SHORT
22:36:02.891 Localization not present: STR_TIME_FORMAT
22:36:02.891 Localization not present: STR_CONFIG_CONTROLLER_NORMAL_LOOK
22:36:02.891 Localization not present: STR_CONFIG_CONTROLLER_REVERSED_LOOK
22:36:02.891 Localization not present: STR_MP_VALIDERROR
22:36:02.891 Localization not present: STR_MP_CONNECTION_LOOSING
22:36:02.891 Localization not present: STR_MSG_MP_NO_PASSWORD
22:36:02.891 Localization not present: STR_MSG_LAUNCH_GAME
22:36:02.891 Localization not present: STR_LOAD_INIT
22:36:02.891 Localization not present: STR_LOAD_WORLD
22:36:02.891 Localization not present: STR_LOAD_GAME
22:36:02.891 Localization not present: STR_SAVE_GAME
22:36:02.891 Localization not present: STR_MP_CONNECT
22:36:02.891 Localization not present: STR_MP_DISCONNECT
22:36:02.891 Localization not present: STR_MP_CONNECTING
22:36:02.891 Localization not present: STR_MP_TIMEOUT
22:36:02.891 Localization not present: STR_DISP_CLIENT_TEXT_EDIT
22:36:02.891 Localization not present: STR_MP_LOGIN_QUEUE_FULL
22:36:02.909 Initializing stats manager.
22:36:02.910 Stats config disabled.
22:36:03.728 Conflicting addon Building_dp in 'dp_buildings\roof\', previous definition in 'dp_buildings\door\'
22:36:03.729 Conflicting addon Building_dp in 'dp_buildings\wall\', previous definition in 'dp_buildings\door\'
22:36:03.730 Conflicting addon Building_dp in 'dp_buildings\metal_door\', previous definition in 'dp_buildings\door\'
22:36:03.732 Conflicting addon Building_dp in 'dp_buildings\wall_big\', previous definition in 'dp_buildings\door\'
22:36:03.733 Conflicting addon Building_dp in 'dp_buildings\window_shield\', previous definition in 'dp_buildings\door\'
22:36:03.735 Conflicting addon dp_furniture in 'dp_furniture\gunrack\', previous definition in 'dp_furniture\shelf_woodst\'
22:36:03.736 Conflicting addon dp_furniture in 'dp_furniture\workbench\', previous definition in 'dp_furniture\shelf_woodst\'
22:36:03.737 Conflicting addon dp_furniture in 'dp_furniture\metcabinet\', previous definition in 'dp_furniture\shelf_woodst\'
22:36:03.738 Conflicting addon dp_furniture in 'dp_furniture\guncabinet\', previous definition in 'dp_furniture\shelf_woodst\'
22:36:03.739 Conflicting addon dp_furniture in 'dp_furniture\mangal\', previous definition in 'dp_furniture\shelf_woodst\'
22:36:03.740 Conflicting addon dp_furniture in 'dp_furniture\trashcan\', previous definition in 'dp_furniture\shelf_woodst\'
22:36:03.741 Conflicting addon dp_furniture in 'dp_furniture\box_big\', previous definition in 'dp_furniture\shelf_woodst\'
22:36:03.742 Conflicting addon dp_furniture in 'dp_furniture\waterbarrel\', previous definition in 'dp_furniture\shelf_woodst\'
22:36:03.743 Conflicting addon dp_furniture in 'dp_furniture\box_small\', previous definition in 'dp_furniture\shelf_woodst\'
22:36:03.743 Conflicting addon dp_furniture in 'dp_furniture\rifbox\', previous definition in 'dp_furniture\shelf_woodst\'
22:36:03.744 Conflicting addon dp_furniture in 'dp_furniture\shelf_materials\', previous definition in 'dp_furniture\shelf_woodst\'
22:36:03.745 Conflicting addon dp_furniture in 'dp_furniture\weapons_stand\', previous definition in 'dp_furniture\shelf_woodst\'
22:36:03.746 Conflicting addon dp_furniture in 'dp_furniture\hromokey\', previous definition in 'dp_furniture\shelf_woodst\'
22:36:03.747 Conflicting addon dp_furniture in 'dp_furniture\sounds\', previous definition in 'dp_furniture\shelf_woodst\'
22:36:03.747 Conflicting addon dp_furniture in 'dp_furniture\refrigerator\', previous definition in 'dp_furniture\shelf_woodst\'
22:36:03.749 Conflicting addon dp_furniture in 'dp_furniture\', previous definition in 'dp_furniture\shelf_woodst\'
22:36:03.760 Conflicting addon DZ_Gear_Camping in 'WoodenBox\', previous definition in 'no_tent_damage\'
22:36:03.766 String "VSTR_TOOLTIP_TITLE_NOTICE" listed twice in "Global"
22:36:04.234 Conflicting addon DZ_Gear_Camping in 'DZ\gear\camping\', previous definition in 'no_tent_damage\'
22:36:04.864 Updating base class All->AllVehicles, by DZ\data\config.bin/CfgVehicles/Man/
22:36:04.864 Updating base class Transport->AllVehicles, by DZ\data\config.bin/CfgVehicles/Air/
22:36:04.902 Updating base class Container_Base->TentBase, by DZ\gear\camping\config.bin/CfgVehicles/MediumTent/
22:36:04.903 Updating base class Container_Base->TentBase, by DZ\gear\camping\config.bin/CfgVehicles/LargeTent/
22:36:04.903 Updating base class Container_Base->TentBase, by DZ\gear\camping\config.bin/CfgVehicles/CarTent/
22:36:04.905 Updating base class ->Inventory_Base, by DZ\gear\camping\config.bin/CfgVehicles/CombinationLock/
22:36:04.916 Updating base class Name->NameIcon, by DZ\gear\navigation\config.bin/CfgLocationTypes/Hill/
22:36:04.916 Updating base class Hill->NameIcon, by DZ\gear\navigation\config.bin/CfgLocationTypes/ViewPoint/
22:36:04.916 Updating base class Hill->NameIcon, by DZ\gear\navigation\config.bin/CfgLocationTypes/RockArea/
22:36:04.916 Updating base class Hill->NameIcon, by DZ\gear\navigation\config.bin/CfgLocationTypes/BorderCrossing/
22:36:04.916 Updating base class Hill->NameIcon, by DZ\gear\navigation\config.bin/CfgLocationTypes/VegetationBroadleaf/
22:36:04.916 Updating base class Hill->NameIcon, by DZ\gear\navigation\config.bin/CfgLocationTypes/VegetationFir/
22:36:04.916 Updating base class Hill->NameIcon, by DZ\gear\navigation\config.bin/CfgLocationTypes/VegetationPalm/
22:36:04.916 Updating base class Hill->NameIcon, by DZ\gear\navigation\config.bin/CfgLocationTypes/VegetationVineyard/
22:36:04.981 Updating base class ->Rifle_Base, by DZ\weapons\firearms\m4\config.bin/cfgWeapons/M4A1_Base/
22:36:04.981 Updating base class ->M4A1_Base, by DZ\weapons\firearms\m4\config.bin/cfgWeapons/M4A1/
22:36:04.987 Updating base class CivSedanWheel->CarWheel, by NemesisScripts\config.bin/cfgVehicles/CivSedanWheel_Ruined/
22:36:04.987 Updating base class HatchbackDoors_Driver->CivSedanDoors_Driver, by NemesisScripts\config.bin/cfgVehicles/HatchbackDoors_CoDriver/
22:36:04.987 Updating base class Inventory_Base->HouseNoDestruct, by NemesisScripts\config.bin/cfgVehicles/GardenPlot/
22:36:04.987 Updating base class MapDefaults->, by VanillaPPMap\config.bin/RscMapControl/
22:36:05.461 Updating base class ->ProxyAttachment, by dp_furniture\locker\config.cpp/CfgNonAIVehicles/ProxyBody/
22:36:05.850 Updating base class Weather->, by DZ\sounds\hpp\config.bin/CfgWorlds/CAWorld/Weather/
22:36:05.996 Updating base class CivSedanDoors_Driver->HatchbackDoors_Driver, by ItemCollisionNerf\config.bin/cfgVehicles/HatchbackDoors_CoDriver/
22:36:06.09 Updating base class ->Inventory_Base, by dp_furniture\config.cpp/CfgVehicles/dp_deploy_furniture_kit/
22:36:06.274 Updating base class ProxyAttachment->ProxyVehiclePart, by rag\vehicles\rag_hummer\config.bin/CfgNonAIVehicles/Proxyshovel/
22:36:06.274 rag\vehicles\rag_hummer\config.bin/CfgNonAIVehicles/Proxyshovel.inventorySlot: Cannot update non array from array
22:36:06.954 ENGINE    (W): No module info used, trying to identify -> 0xEDDF0000

22:36:07.53 SCRIPT    (W): @"scripts/1_Core/proto\enwidgets.c,339": Missing script declaration for method 'SliderWidget.SetMinMax'

22:36:07.53 SCRIPT    (W): @"scripts/1_Core/proto\enwidgets.c,339": Missing script declaration for method 'SliderWidget.GetStep'

22:36:07.53 SCRIPT    (W): @"scripts/1_Core/proto\enwidgets.c,339": Missing script declaration for method 'SliderWidget.SetStep'

22:36:07.67 [Inputs] Loading inputs default "bin/constants.xml"
22:36:07.69 [Inputs] Loading inputs default "bin/specific.xml"
22:36:07.70 [Inputs] Loading inputs default "DabsFramework/Scripts/Data/Inputs.xml"
22:36:07.70 [Inputs] Loading inputs default "LogoMod/Scripts/Data/Inputs.xml"
22:36:07.70 [Inputs] Loading inputs default "VanillaPPMap/data/modded_Inputs.xml"
22:36:07.70 [Inputs] Loading inputs default "VPPAdminTools/data/modded_Inputs.xml"
