---------------------------------------------
Log D:\OmegaManager\servers\DZRON\profiles\script_2022-05-05_11-59-50.log started at 05.05. 11:59:51

SCRIPT       : Registered 319 temporary action enum(s), UAN==319
SCRIPT       : ... Backlit Effects Enabled
SCRIPT       : DZM_Projects Map! by DaOne
SCRIPT       : VPPNotificationManager()
SCRIPT       : [VPPAT] Internal VPPNotifications module loaded!
SCRIPT       : [DayZ Game]:: DayZGame(): Initializing V++ Admin Tools.
SCRIPT    (W): @"GameLabs/Scripts/4_World/4_Hooking/Ъѕњєщ?ѝўжк.fxy,190": No need to use 'Cast' for up-casting
SCRIPT       : ::: [BuildAnywhere_v3]: ver: 3.4.26.07.2021.1 Init
SCRIPT       : ::: [BuildAnywhere_v3]: Load config: $profile:BuildAnywhere.json
SCRIPT       : ::: [BuildAnywhere_v3]: Loaded: TENT_CAN_PLACE_ANYWHERE_MODE: 0 - Ok!
SCRIPT       : ::: [BuildAnywhere_v3]: TENT_CAN_PLACE_ANYWHERE_MODE: 0
SCRIPT       : ::: [BuildAnywhere_v3]: PLACEMENT_HEIGHT_DIFF_MAX:    1.64
SCRIPT       : ::: [BuildAnywhere_v3]: PLACEMENT_HEIGHT_DIFF_MIN:    -1.24
SCRIPT       : ::: [BuildAnywhere_v3]: PLACEMENT_PITCH_LIMIT_FACTOR: 2.5
SCRIPT       : ::: [BuildAnywhere_v3]: PLACEMENT_ROLL_LIMIT_FACTOR:  2.5
SCRIPT    (W): @"GameLabs/Scripts/5_Mission/тюыТоюшУ*Ъќ.rvmat,91": Unsafe down-casting, use 'EntityAI.Cast' for safe down-casting
SCRIPT    (W): @"VPPAdminTools/5_Mission/vppadmintools\gui\submenus\menuesptools\esptoolsmenu.c,286": Unsafe down-casting, use 'EntityAI.Cast' for safe down-casting
SCRIPT    (W): @"ZomBerry/AT/scripts/5_Mission/zomberrystockfnc.c,868": Unsafe down-casting, use 'ItemBase.Cast' for safe down-casting
SCRIPT    (W): @"ZomBerry/AT/scripts/5_Mission/zomberrystockfnc.c,881": Unsafe down-casting, use 'ItemBase.Cast' for safe down-casting
SCRIPT    (W): @"ZomBerry/AT/scripts/5_Mission/zomberrystockfnc.c,893": Unsafe down-casting, use 'EntityAI.Cast' for safe down-casting
SCRIPT    (W): @"ZomBerry/AT/scripts/5_Mission/zomberrystockfnc.c,894": Unsafe down-casting, use 'EntityAI.Cast' for safe down-casting
SCRIPT    (W): @"ZomBerry/AT/scripts/5_Mission/zomberrystockfnc.c,895": Unsafe down-casting, use 'EntityAI.Cast' for safe down-casting
SCRIPT    (W): @"ZomBerry/AT/scripts/5_Mission/zomberrystockfnc.c,896": Unsafe down-casting, use 'EntityAI.Cast' for safe down-casting
SCRIPT    (W): @"ZomBerry/AT/scripts/5_Mission/zomberrystockfnc.c,897": Unsafe down-casting, use 'EntityAI.Cast' for safe down-casting
SCRIPT    (W): @"ZomBerry/AT/scripts/5_Mission/zomberrystockfnc.c,938": Unsafe down-casting, use 'EntityAI.Cast' for safe down-casting
SCRIPT    (W): @"ZomBerry/AT/scripts/5_Mission/zomberrystockfnc.c,939": Unsafe down-casting, use 'EntityAI.Cast' for safe down-casting
SCRIPT    (W): @"ZomBerry/AT/scripts/5_Mission/zomberrystockfnc.c,940": Unsafe down-casting, use 'EntityAI.Cast' for safe down-casting
SCRIPT    (W): @"ZomBerry/AT/scripts/5_Mission/zomberrystockfnc.c,941": Unsafe down-casting, use 'EntityAI.Cast' for safe down-casting
SCRIPT    (W): @"ZomBerry/AT/scripts/5_Mission/zomberrystockfnc.c,981": Unsafe down-casting, use 'EntityAI.Cast' for safe down-casting
SCRIPT    (W): @"ZomBerry/AT/scripts/5_Mission/zomberrystockfnc.c,982": Unsafe down-casting, use 'EntityAI.Cast' for safe down-casting
SCRIPT    (W): @"ZomBerry/AT/scripts/5_Mission/zomberrystockfnc.c,983": Unsafe down-casting, use 'EntityAI.Cast' for safe down-casting
SCRIPT    (W): @"ZomBerry/AT/scripts/5_Mission/zomberrystockfnc.c,984": Unsafe down-casting, use 'EntityAI.Cast' for safe down-casting
SCRIPT       : Vanilla++ AdminTools Plugins Registering..
SCRIPT       : [WebHooksManager] Loading Saved Webhooks configuration
SCRIPT       : Spawning Building [cp_plita4x4-88582118639]
SCRIPT       : Spawning Building [cp_plita4x4-88762118639]
SCRIPT       : Spawning Building [cp_plita4x4-88402118639]
SCRIPT       : Spawning Building [cp_plita4x4-88932118639]
SCRIPT       : Spawning Building [cp_plita4x4-88932118657]
SCRIPT       : Spawning Building [cp_plita4x4-88762118657]
SCRIPT       : Spawning Building [cp_plita4x4-88582118657]
SCRIPT       : Spawning Building [cp_plita4x4-88402118657]
SCRIPT       : Spawning Building [cp_plita4x4-88932118675]
SCRIPT       : Spawning Building [cp_plita4x4-88932118693]
SCRIPT       : Spawning Building [cp_plita4x4-88932118710]
SCRIPT       : Spawning Building [cp_plita4x4-88932118728]
SCRIPT       : Spawning Building [cp_plita4x4-88752118675]
SCRIPT       : Spawning Building [cp_plita4x4-88582118675]
SCRIPT       : Spawning Building [cp_plita4x4-88402118675]
SCRIPT       : Spawning Building [cp_plita4x4-88752118693]
SCRIPT       : Spawning Building [cp_plita4x4-88582118693]
SCRIPT       : Spawning Building [cp_plita4x4-88402118693]
SCRIPT       : Spawning Building [cp_plita4x4-88752118710]
SCRIPT       : Spawning Building [cp_plita4x4-88582118710]
SCRIPT       : Spawning Building [cp_plita4x4-88402118710]
SCRIPT       : Spawning Building [cp_plita4x4-88752118728]
SCRIPT       : Spawning Building [cp_plita4x4-88582118728]
SCRIPT       : Spawning Building [cp_plita4x4-88402118728]
SCRIPT       : Spawning Building [cp_wallV2_4x4-88403018631]
SCRIPT       : Spawning Building [cp_wallV2_4x4-88583018631]
SCRIPT       : Spawning Building [cp_wallV2_4x4-88753018631]
SCRIPT       : Spawning Building [cp_wallV2_4x4-88933018631]
SCRIPT       : Spawning Building [cp_wallV2_4x4-89023018640]
SCRIPT       : Spawning Building [cp_wallV2_4x4-89013018657]
SCRIPT       : Spawning Building [cp_wallV2_4x4-89013018675]
SCRIPT       : Spawning Building [cp_wallV2_4x4-89013018692]
SCRIPT       : Spawning Building [cp_wallV2_4x4-89013018710]
SCRIPT       : Spawning Building [cp_wallV2_4x4-89013018727]
SCRIPT       : Spawning Building [cp_wallV2_4x4-88923018736]
SCRIPT       : Spawning Building [cp_wallV2_4x4-88753018736]
SCRIPT       : Spawning Building [cp_wallV2_4x4-88573018737]
SCRIPT       : Spawning Building [cp_wallV2_4x4-88403018737]
SCRIPT       : Spawning Building [cp_wallV2_4x4-88313018640]
SCRIPT       : Spawning Building [cp_wallV2_4x4-88323018657]
SCRIPT       : Spawning Building [cp_wallV2_4x4-88323018675]
SCRIPT       : Spawning Building [cp_wallV2_4x4-88313018692]
SCRIPT       : Spawning Building [cp_wallV2_4x4-88323018710]
SCRIPT       : Spawning Building [cp_wallV2_4x4-88323018727]
SCRIPT       : Spawning Building [cp_wallV2_4x4-88313018745]
SCRIPT       : Spawning Building [cp_tunnel_1x1x1-88672418721]
SCRIPT       : Spawning Building [cp_tunnel_pryamoy1x2-88522418717]
SCRIPT       : Spawning Building [cp_tunnel_pryamoy1x2-88822418717]
SCRIPT       : Spawning Building [cp_tunnel_pryamoy1x2-88672418732]
SCRIPT       : Spawning Building [Land_Wall_Gate_Tin6_2-88672218728]
SCRIPT       : Spawning Building [Land_Wall_Gate_Tin6_2-88672418728]
SCRIPT       : Spawning Building [cp_tunnel_1x1x1-88662418646]
SCRIPT       : Spawning Building [cp_tunnel_pryamoy1x2-88822418651]
SCRIPT       : Spawning Building [cp_tunnel_pryamoy1x2-88512418650]
SCRIPT       : Spawning Building [cp_tunnel_pryamoy1x2-88662418635]
SCRIPT       : Spawning Building [Land_Wall_Gate_Tin6_2-88662218639]
SCRIPT       : Spawning Building [Land_Wall_Gate_Tin6_2-88662418639]
SCRIPT       : Spawning Building [bldr_cementworks_conveyor_up2-88842018633]
SCRIPT       : Spawning Building [bldr_cementworks_conveyortowerb-89002918650]
SCRIPT       : Spawning Building [bldr_container_2d-88982418670]
SCRIPT       : Spawning Building [bldr_container_2d-88982918670]
SCRIPT       : Spawning Building [bldr_container_1d-88972218674]
SCRIPT       : Spawning Building [Land_Mil_GuardShed-89003218670]
SCRIPT       : Spawning Building [Land_Construction_House2-88533718690]
SCRIPT       : Spawning Building [Land_Construction_Crane-88913818724]
SCRIPT       : Spawning Building [Land_Construction_Building-88572818689]
SCRIPT       : Spawning Building [Land_Container_1Moh-88902218714]
SCRIPT       : Spawning Building [Land_Container_1Moh-88882318717]
SCRIPT       : Spawning Building [Land_Mil_Fortified_Nest_Watchtower-88972318703]
SCRIPT       : Spawning Building [Land_Workshop_FuelStation-88962318659]
SCRIPT       : Spawning Building [cp_Lader_L1x1-88622318646]
SCRIPT       : Spawning Building [cp_Lader_L1x1-88712318646]
SCRIPT       : Spawning Building [bldr_Sidewalk_Stairs-88462218670]
SCRIPT       : Spawning Building [Land_FuelStation_Feed_Enoch-88912218655]
SCRIPT       : Spawning Building [Land_Wreck_sed01_aban1_black-88912218653]
SCRIPT       : Spawning Building [Land_Ruin_HouseBig1_NoIvy-88552418637]
SCRIPT       : Spawning Building [Land_Mil_Fortified_Nest_Big-88512218658]
SCRIPT       : Spawning Building [bldr_misc_concretepipe-88332218720]
SCRIPT       : Spawning Building [bldr_misc_concretepipe-88332318717]
SCRIPT       : Spawning Building [bldr_misc_concretepipe-88332418715]
SCRIPT       : Spawning Building [bldr_misc_concretepipe-88332518712]
SCRIPT       : Spawning Building [bldr_misc_concretepipe-88332618710]
SCRIPT       : Spawning Building [bldr_misc_concretepipe-88332818708]
SCRIPT       : Spawning Building [bldr_misc_concretepipe-88333018705]
SCRIPT       : Spawning Building [cp_mostik05x2-88323018703]
SCRIPT       : Spawning Building [Land_Container_1Moh-88332418706]
SCRIPT       : Spawning Building [bldr_roadblock_pillbox-88952218680]
SCRIPT       : Spawning Building [bldr_misc_tirepile-88333118705]
SCRIPT       : Spawning Building [bldr_wall_wood2_5_pole-88352918702]
SCRIPT       : Spawning Building [bldr_Misc_WoodenCrate_5x-88352218705]
SCRIPT       : Spawning Building [Land_Container_1Aoh-88392218657]
SCRIPT       : Spawning Building [Land_Workshop5-88382218639]
SCRIPT       : Spawning Building [Land_House_2W04-88522718727]
SCRIPT       : Spawning Building [Land_Garage_Office-88862518727]
SCRIPT       : Spawning Building [Land_House_1W05_Yellow-88772518730]
SCRIPT       : Spawning Building [Land_Wreck_Ikarus-88882218684]
SCRIPT       : Spawning Building [Land_Shed_Closed2-88682318660]
SCRIPT       : Spawning Building [Land_Shed_Closed_Small2-88532218668]
SCRIPT       : Spawning Building [Land_Wreck_hb01_aban1_blue-88832218638]
SCRIPT       : Spawning Building [Land_Wreck_Volha_Blue-88862218639]
SCRIPT       : Spawning Building [Land_Wreck_S1023_Beige-88802218636]
SCRIPT       : Spawning Building [Land_Wreck_hb01_aban1_white-88782218634]
SCRIPT       : Spawning Building [Land_Slum_House1-88722318635]
SCRIPT       : Spawning Building [Land_Mil_GuardBox_Green-88992318634]
SCRIPT       : Spawning Building [Land_Mil_ControlTower-88872918676]
SCRIPT       : Spawning Building [bldr_container_2e-88812418703]
SCRIPT       : Spawning Building [bldr_container_2d-88882418701]
SCRIPT       : Spawning Building [bldr_container_2c-88832418698]
SCRIPT       : Spawning Building [bldr_misc_boardspack1-88612218708]
SCRIPT       : Spawning Building [bldr_misc_boardspack1-88612418708]
SCRIPT       : Spawning Building [bldr_misc_boardspack1-88632218711]
SCRIPT       : Spawning Building [bldr_misc_tirepile_group-88442518713]
SCRIPT       : Spawning Building [bldr_misc_tirepile_group-88432518717]
SCRIPT       : Spawning Building [Land_Castle_Gate-95722912172]
SCRIPT       : Spawning Building [Land_Castle_Bastion-95612812160]
SCRIPT       : Spawning Building [Land_Castle_Bastion-95643012190]
SCRIPT       : Spawning Building [Land_Castle_Bergfrit-95522812177]
SCRIPT       : Spawning Building [Land_Misc_Well_Pump_Blue-95612912178]
SCRIPT       : Spawning Building [cp_wallV2_1x2-95882812173]
SCRIPT       : Spawning Building [Land_Mil_Fortified_Nest_Watchtower-95983512181]
SCRIPT       : Spawning Building [Land_Castle_Gate-9960711765]
SCRIPT       : Spawning Building [Land_Castle_Bastion-9957711765]
SCRIPT       : Spawning Building [Land_Castle_Bastion-99681811760]
SCRIPT       : Spawning Building [Land_Castle_Bergfrit-9950611765]
SCRIPT       : Spawning Building [Land_Misc_Well_Pump_Blue-99601811755]
SCRIPT       : Spawning Building [Land_Mil_Fortified_Nest_Watchtower-9951611764]
SCRIPT       : Spawning Building [cp_house2-1010038799]
SCRIPT       : Spawning Building [ch_b_1f_roof-103941410635]
SCRIPT       : Spawning Building [bldr_wall_tin_5-103981410640]
SCRIPT       : 05.05.2022 12:00:01 [MenuSparda]: Iniciando lado do servidor v1.0
SCRIPT       : [SchanaParty] BasicMap Register RPCs
SCRIPT       : [SchanaParty] BasicMap Server Init
SCRIPT       : [MissionServer] OnInit - Server
SCRIPT       : string dirtyName = '[BR][1PP]ReadyorNot|Vanilla++|Loot++|WIPE19/04'
SCRIPT       : 05.05.2022 12:00:01 [MenuSpardaConfig]: INFO: O diretório do perfil é: profiles
SCRIPT       : 05.05.2022 12:00:01 [MenuSpardaConfig]: INFO: Os arquivos de configuração serão carregados de: profiles
SCRIPT       : 05.05.2022 12:00:01 [MenuSpardaLogger]: INFO: Tentará criar o arquivo de log do Sparda no diretório do perfil: profiles\MenuSparda\
SCRIPT       : 05.05.2022 12:00:01 [MenuSpardaLogger]: INFO:Não é possível criar o arquivo $profile:_Logs\MenuSparda\MenuSparda_05-05-2022_12-00-01.log (limite de arquivos por diretório excedido?)
SCRIPT       : 05.05.2022 12:00:01 [MenuSpardaLogger]: INFO: Tentará criar o arquivo de log do MenuSparda na raiz do perfil: profiles
SCRIPT       : 05.05.2022 12:00:01 [MenuSpardaLogger]: INFO: Mudando para arquivo de log: $profile:MenuSparda_05-05-2022_12-00-01.log
SCRIPT       : [SchanaParty] OnInit
SCRIPT       : [SchanaParty] Server Init 1.4.0
SCRIPT       : [SchanaParty] PartyMarker Server Init
SCRIPT       : [MissionServer] OnMissionStart - Server
SCRIPT    (E): [EffectSound::Effect] :: [WARNING] :: Created Effect on server.
Class:      'EffectSound'
Function: 'Effect'
Stack trace:
scripts/3_Game/effect.c:74
dp_buildings/scripts/4_world/buildings\door_metal\dp_door_metal_kit.c:8
$CurrentDir:mpmissions\empty.melkart\init.c:122
SCRIPT    (E): [EffectSound::Effect] :: [WARNING] :: Created Effect on server.
Class:      'EffectSound'
Function: 'Effect'
Stack trace:
scripts/3_Game/effect.c:74
dp_buildings/scripts/4_world/buildings\roof\dp_roof_kit.c:8
$CurrentDir:mpmissions\empty.melkart\init.c:122
SCRIPT    (E): [EffectSound::Effect] :: [WARNING] :: Created Effect on server.
Class:      'EffectSound'
Function: 'Effect'
Stack trace:
scripts/3_Game/effect.c:74
dp_buildings/scripts/4_world/buildings\wall\dp_wall_kit.c:8
$CurrentDir:mpmissions\empty.melkart\init.c:122
SCRIPT    (E): [EffectSound::Effect] :: [WARNING] :: Created Effect on server.
Class:      'EffectSound'
Function: 'Effect'
Stack trace:
scripts/3_Game/effect.c:74
dp_buildings/scripts/4_world/buildings\window_shield\dp_window_shield_kit.c:8
$CurrentDir:mpmissions\empty.melkart\init.c:122
SCRIPT    (E): [EffectSound::Effect] :: [WARNING] :: Created Effect on server.
Class:      'EffectSound'
Function: 'Effect'
Stack trace:
scripts/3_Game/effect.c:74
dp_buildings/scripts/4_world/buildings\door\dp_door_kit.c:8
$CurrentDir:mpmissions\empty.melkart\init.c:122
SCRIPT    (E): [EffectSound::Effect] :: [WARNING] :: Created Effect on server.
Class:      'EffectSound'
Function: 'Effect'
Stack trace:
scripts/3_Game/effect.c:74
dp_buildings/scripts/4_world/buildings\wall_big\dp_wall_big_kit.c:8
$CurrentDir:mpmissions\empty.melkart\init.c:122
SCRIPT    (E): [EffectSound::Effect] :: [WARNING] :: Created Effect on server.
Class:      'EffectSound'
Function: 'Effect'
Stack trace:
scripts/3_Game/effect.c:74
dp_buildings/scripts/4_world/buildings\roof\dp_roof_kit.c:8
$CurrentDir:mpmissions\empty.melkart\init.c:122
SCRIPT    (E): [EffectSound::Effect] :: [WARNING] :: Created Effect on server.
Class:      'EffectSound'
Function: 'Effect'
Stack trace:
scripts/3_Game/effect.c:74
dp_buildings/scripts/4_world/buildings\door\dp_door_kit.c:8
$CurrentDir:mpmissions\empty.melkart\init.c:122
SCRIPT    (E): [EffectSound::Effect] :: [WARNING] :: Created Effect on server.
Class:      'EffectSound'
Function: 'Effect'
Stack trace:
scripts/3_Game/effect.c:74
dp_buildings/scripts/4_world/buildings\roof\dp_roof_kit.c:8
$CurrentDir:mpmissions\empty.melkart\init.c:122
SCRIPT    (E): [EffectSound::Effect] :: [WARNING] :: Created Effect on server.
Class:      'EffectSound'
Function: 'Effect'
Stack trace:
scripts/3_Game/effect.c:74
dp_buildings/scripts/4_world/buildings\door\dp_door_kit.c:8
$CurrentDir:mpmissions\empty.melkart\init.c:122
SCRIPT    (E): [EffectSound::Effect] :: [WARNING] :: Created Effect on server.
Class:      'EffectSound'
Function: 'Effect'
Stack trace:
scripts/3_Game/effect.c:74
dp_buildings/scripts/4_world/buildings\door\dp_door_kit.c:8
$CurrentDir:mpmissions\empty.melkart\init.c:122
SCRIPT    (E): [EffectSound::Effect] :: [WARNING] :: Created Effect on server.
Class:      'EffectSound'
Function: 'Effect'
Stack trace:
scripts/3_Game/effect.c:74
dp_buildings/scripts/4_world/buildings\door\dp_door_kit.c:8
$CurrentDir:mpmissions\empty.melkart\init.c:122
SCRIPT    (E): [EffectSound::Effect] :: [WARNING] :: Created Effect on server.
Class:      'EffectSound'
Function: 'Effect'
Stack trace:
scripts/3_Game/effect.c:74
dp_buildings/scripts/4_world/buildings\wall_big\dp_wall_big_kit.c:8
$CurrentDir:mpmissions\empty.melkart\init.c:122
SCRIPT    (E): [EffectSound::Effect] :: [WARNING] :: Created Effect on server.
Class:      'EffectSound'
Function: 'Effect'
Stack trace:
scripts/3_Game/effect.c:74
dp_buildings/scripts/4_world/buildings\door_metal\dp_door_metal_kit.c:8
$CurrentDir:mpmissions\empty.melkart\init.c:122
SCRIPT    (E): [EffectSound::Effect] :: [WARNING] :: Created Effect on server.
Class:      'EffectSound'
Function: 'Effect'
Stack trace:
scripts/3_Game/effect.c:74
dp_buildings/scripts/4_world/buildings\door\dp_door_kit.c:8
$CurrentDir:mpmissions\empty.melkart\init.c:122
SCRIPT    (E): [EffectSound::Effect] :: [WARNING] :: Created Effect on server.
Class:      'EffectSound'
Function: 'Effect'
Stack trace:
scripts/3_Game/effect.c:74
dp_buildings/scripts/4_world/buildings\wall\dp_wall_kit.c:8
$CurrentDir:mpmissions\empty.melkart\init.c:122
SCRIPT    (E): [EffectSound::Effect] :: [WARNING] :: Created Effect on server.
Class:      'EffectSound'
Function: 'Effect'
Stack trace:
scripts/3_Game/effect.c:74
dp_buildings/scripts/4_world/buildings\roof\dp_roof_kit.c:8
$CurrentDir:mpmissions\empty.melkart\init.c:122
SCRIPT    (E): [EffectSound::Effect] :: [WARNING] :: Created Effect on server.
Class:      'EffectSound'
Function: 'Effect'
Stack trace:
scripts/3_Game/effect.c:74
dp_buildings/scripts/4_world/buildings\door\dp_door_kit.c:8
$CurrentDir:mpmissions\empty.melkart\init.c:122
SCRIPT    (E): [EffectSound::Effect] :: [WARNING] :: Created Effect on server.
Class:      'EffectSound'
Function: 'Effect'
Stack trace:
scripts/3_Game/effect.c:74
dp_buildings/scripts/4_world/buildings\wall_big\dp_wall_big_kit.c:8
$CurrentDir:mpmissions\empty.melkart\init.c:122
SCRIPT    (E): [EffectSound::Effect] :: [WARNING] :: Created Effect on server.
Class:      'EffectSound'
Function: 'Effect'
Stack trace:
scripts/3_Game/effect.c:74
dp_buildings/scripts/4_world/buildings\wall\dp_wall_kit.c:8
$CurrentDir:mpmissions\empty.melkart\init.c:122
SCRIPT    (E): [EffectSound::Effect] :: [WARNING] :: Created Effect on server.
Class:      'EffectSound'
Function: 'Effect'
Stack trace:
scripts/3_Game/effect.c:74
dp_buildings/scripts/4_world/buildings\wall\dp_wall_kit.c:8
$CurrentDir:mpmissions\empty.melkart\init.c:122
SCRIPT    (E): [EffectSound::Effect] :: [WARNING] :: Created Effect on server.
Class:      'EffectSound'
Function: 'Effect'
Stack trace:
scripts/3_Game/effect.c:74
dp_buildings/scripts/4_world/buildings\window_shield\dp_window_shield_kit.c:8
$CurrentDir:mpmissions\empty.melkart\init.c:122
SCRIPT    (E): [EffectSound::Effect] :: [WARNING] :: Created Effect on server.
Class:      'EffectSound'
Function: 'Effect'
Stack trace:
scripts/3_Game/effect.c:74
dp_buildings/scripts/4_world/buildings\door\dp_door_kit.c:8
$CurrentDir:mpmissions\empty.melkart\init.c:122
SCRIPT    (E): [EffectSound::Effect] :: [WARNING] :: Created Effect on server.
Class:      'EffectSound'
Function: 'Effect'
Stack trace:
scripts/3_Game/effect.c:74
dp_buildings/scripts/4_world/buildings\window_shield\dp_window_shield_kit.c:8
$CurrentDir:mpmissions\empty.melkart\init.c:122
SCRIPT    (E): [EffectSound::Effect] :: [WARNING] :: Created Effect on server.
Class:      'EffectSound'
Function: 'Effect'
Stack trace:
scripts/3_Game/effect.c:74
dp_buildings/scripts/4_world/buildings\door\dp_door_kit.c:8
$CurrentDir:mpmissions\empty.melkart\init.c:122
SCRIPT    (E): [EffectSound::Effect] :: [WARNING] :: Created Effect on server.
Class:      'EffectSound'
Function: 'Effect'
Stack trace:
scripts/3_Game/effect.c:74
dp_buildings/scripts/4_world/buildings\window_shield\dp_window_shield_kit.c:8
$CurrentDir:mpmissions\empty.melkart\init.c:122
SCRIPT       : [wpnfsm] AK74:00 { jammed bullet mag
SCRIPT    (E): [EffectSound::Effect] :: [WARNING] :: Created Effect on server.
Class:      'EffectSound'
Function: 'Effect'
Stack trace:
scripts/3_Game/effect.c:74
dp_buildings/scripts/4_world/buildings\roof\dp_roof_kit.c:8
$CurrentDir:mpmissions\empty.melkart\init.c:122
SCRIPT    (E): [EffectSound::Effect] :: [WARNING] :: Created Effect on server.
Class:      'EffectSound'
Function: 'Effect'
Stack trace:
scripts/3_Game/effect.c:74
dp_buildings/scripts/4_world/buildings\wall_big\dp_wall_big_kit.c:8
$CurrentDir:mpmissions\empty.melkart\init.c:122
SCRIPT    (E): [EffectSound::Effect] :: [WARNING] :: Created Effect on server.
Class:      'EffectSound'
Function: 'Effect'
Stack trace:
scripts/3_Game/effect.c:74
dp_buildings/scripts/4_world/buildings\wall_big\dp_wall_big_kit.c:8
$CurrentDir:mpmissions\empty.melkart\init.c:122
SCRIPT    (E): [EffectSound::Effect] :: [WARNING] :: Created Effect on server.
Class:      'EffectSound'
Function: 'Effect'
Stack trace:
scripts/3_Game/effect.c:74
dp_buildings/scripts/4_world/buildings\window_shield\dp_window_shield_kit.c:8
$CurrentDir:mpmissions\empty.melkart\init.c:122
SCRIPT    (E): [EffectSound::Effect] :: [WARNING] :: Created Effect on server.
Class:      'EffectSound'
Function: 'Effect'
Stack trace:
scripts/3_Game/effect.c:74
dp_buildings/scripts/4_world/buildings\roof\dp_roof_kit.c:8
$CurrentDir:mpmissions\empty.melkart\init.c:122
SCRIPT    (E): [EffectSound::Effect] :: [WARNING] :: Created Effect on server.
Class:      'EffectSound'
Function: 'Effect'
Stack trace:
scripts/3_Game/effect.c:74
dp_buildings/scripts/4_world/buildings\window_shield\dp_window_shield_kit.c:8
$CurrentDir:mpmissions\empty.melkart\init.c:122
SCRIPT    (E): [EffectSound::Effect] :: [WARNING] :: Created Effect on server.
Class:      'EffectSound'
Function: 'Effect'
Stack trace:
scripts/3_Game/effect.c:74
dp_buildings/scripts/4_world/buildings\wall\dp_wall_kit.c:8
$CurrentDir:mpmissions\empty.melkart\init.c:122
SCRIPT    (E): [EffectSound::Effect] :: [WARNING] :: Created Effect on server.
Class:      'EffectSound'
Function: 'Effect'
Stack trace:
scripts/3_Game/effect.c:74
dp_buildings/scripts/4_world/buildings\wall\dp_wall_kit.c:8
$CurrentDir:mpmissions\empty.melkart\init.c:122
SCRIPT    (E): [EffectSound::Effect] :: [WARNING] :: Created Effect on server.
Class:      'EffectSound'
Function: 'Effect'
Stack trace:
scripts/3_Game/effect.c:74
dp_buildings/scripts/4_world/buildings\door\dp_door_kit.c:8
$CurrentDir:mpmissions\empty.melkart\init.c:122
SCRIPT    (E): [EffectSound::Effect] :: [WARNING] :: Created Effect on server.
Class:      'EffectSound'
Function: 'Effect'
Stack trace:
scripts/3_Game/effect.c:74
dp_buildings/scripts/4_world/buildings\door\dp_door_kit.c:8
$CurrentDir:mpmissions\empty.melkart\init.c:122
SCRIPT    (E): [EffectSound::Effect] :: [WARNING] :: Created Effect on server.
Class:      'EffectSound'
Function: 'Effect'
Stack trace:
scripts/3_Game/effect.c:74
dp_buildings/scripts/4_world/buildings\roof\dp_roof_kit.c:8
$CurrentDir:mpmissions\empty.melkart\init.c:122
SCRIPT    (E): [EffectSound::Effect] :: [WARNING] :: Created Effect on server.
Class:      'EffectSound'
Function: 'Effect'
Stack trace:
scripts/3_Game/effect.c:74
dp_buildings/scripts/4_world/buildings\door\dp_door_kit.c:8
$CurrentDir:mpmissions\empty.melkart\init.c:122
SCRIPT    (E): [EffectSound::Effect] :: [WARNING] :: Created Effect on server.
Class:      'EffectSound'
Function: 'Effect'
Stack trace:
scripts/3_Game/effect.c:74
dp_buildings/scripts/4_world/buildings\wall_big\dp_wall_big_kit.c:8
$CurrentDir:mpmissions\empty.melkart\init.c:122
SCRIPT    (E): [EffectSound::Effect] :: [WARNING] :: Created Effect on server.
Class:      'EffectSound'
Function: 'Effect'
Stack trace:
scripts/3_Game/effect.c:74
dp_buildings/scripts/4_world/buildings\window_shield\dp_window_shield_kit.c:8
$CurrentDir:mpmissions\empty.melkart\init.c:122
SCRIPT    (E): [EffectSound::Effect] :: [WARNING] :: Created Effect on server.
Class:      'EffectSound'
Function: 'Effect'
Stack trace:
scripts/3_Game/effect.c:74
dp_buildings/scripts/4_world/buildings\wall\dp_wall_kit.c:8
$CurrentDir:mpmissions\empty.melkart\init.c:122
SCRIPT    (E): [EffectSound::Effect] :: [WARNING] :: Created Effect on server.
Class:      'EffectSound'
Function: 'Effect'
Stack trace:
scripts/3_Game/effect.c:74
dp_buildings/scripts/4_world/buildings\door\dp_door_kit.c:8
$CurrentDir:mpmissions\empty.melkart\init.c:122
SCRIPT    (E): [EffectSound::Effect] :: [WARNING] :: Created Effect on server.
Class:      'EffectSound'
Function: 'Effect'
Stack trace:
scripts/3_Game/effect.c:74
dp_buildings/scripts/4_world/buildings\roof\dp_roof_kit.c:8
$CurrentDir:mpmissions\empty.melkart\init.c:122
SCRIPT    (E): [EffectSound::Effect] :: [WARNING] :: Created Effect on server.
Class:      'EffectSound'
Function: 'Effect'
Stack trace:
scripts/3_Game/effect.c:74
dp_buildings/scripts/4_world/buildings\window_shield\dp_window_shield_kit.c:8
$CurrentDir:mpmissions\empty.melkart\init.c:122
SCRIPT    (E): [EffectSound::Effect] :: [WARNING] :: Created Effect on server.
Class:      'EffectSound'
Function: 'Effect'
Stack trace:
scripts/3_Game/effect.c:74
dp_buildings/scripts/4_world/buildings\roof\dp_roof_kit.c:8
$CurrentDir:mpmissions\empty.melkart\init.c:122
SCRIPT    (E): [EffectSound::Effect] :: [WARNING] :: Created Effect on server.
Class:      'EffectSound'
Function: 'Effect'
Stack trace:
scripts/3_Game/effect.c:74
dp_buildings/scripts/4_world/buildings\wall_big\dp_wall_big_kit.c:8
$CurrentDir:mpmissions\empty.melkart\init.c:122
SCRIPT    (E): [EffectSound::Effect] :: [WARNING] :: Created Effect on server.
Class:      'EffectSound'
Function: 'Effect'
Stack trace:
scripts/3_Game/effect.c:74
dp_buildings/scripts/4_world/buildings\door\dp_door_kit.c:8
$CurrentDir:mpmissions\empty.melkart\init.c:122
SCRIPT    (E): [EffectSound::Effect] :: [WARNING] :: Created Effect on server.
Class:      'EffectSound'
Function: 'Effect'
Stack trace:
scripts/3_Game/effect.c:74
dp_buildings/scripts/4_world/buildings\door\dp_door_kit.c:8
$CurrentDir:mpmissions\empty.melkart\init.c:122
SCRIPT    (E): [EffectSound::Effect] :: [WARNING] :: Created Effect on server.
Class:      'EffectSound'
Function: 'Effect'
Stack trace:
scripts/3_Game/effect.c:74
dp_buildings/scripts/4_world/buildings\wall\dp_wall_kit.c:8
$CurrentDir:mpmissions\empty.melkart\init.c:122
SCRIPT    (E): [EffectSound::Effect] :: [WARNING] :: Created Effect on server.
Class:      'EffectSound'
Function: 'Effect'
Stack trace:
scripts/3_Game/effect.c:74
dp_buildings/scripts/4_world/buildings\door_metal\dp_door_metal_kit.c:8
$CurrentDir:mpmissions\empty.melkart\init.c:122
SCRIPT    (E): [EffectSound::Effect] :: [WARNING] :: Created Effect on server.
Class:      'EffectSound'
Function: 'Effect'
Stack trace:
scripts/3_Game/effect.c:74
dp_buildings/scripts/4_world/buildings\door_metal\dp_door_metal_kit.c:8
$CurrentDir:mpmissions\empty.melkart\init.c:122
SCRIPT    (E): [EffectSound::Effect] :: [WARNING] :: Created Effect on server.
Class:      'EffectSound'
Function: 'Effect'
Stack trace:
scripts/3_Game/effect.c:74
dp_buildings/scripts/4_world/buildings\wall_big\dp_wall_big_kit.c:8
$CurrentDir:mpmissions\empty.melkart\init.c:122
SCRIPT    (E): [EffectSound::Effect] :: [WARNING] :: Created Effect on server.
Class:      'EffectSound'
Function: 'Effect'
Stack trace:
scripts/3_Game/effect.c:74
dp_buildings/scripts/4_world/buildings\wall_big\dp_wall_big_kit.c:8
$CurrentDir:mpmissions\empty.melkart\init.c:122
SCRIPT    (E): [EffectSound::Effect] :: [WARNING] :: Created Effect on server.
Class:      'EffectSound'
Function: 'Effect'
Stack trace:
scripts/3_Game/effect.c:74
dp_buildings/scripts/4_world/buildings\window_shield\dp_window_shield_kit.c:8
$CurrentDir:mpmissions\empty.melkart\init.c:122
SCRIPT    (E): [EffectSound::Effect] :: [WARNING] :: Created Effect on server.
Class:      'EffectSound'
Function: 'Effect'
Stack trace:
scripts/3_Game/effect.c:74
dp_buildings/scripts/4_world/buildings\door\dp_door_kit.c:8
$CurrentDir:mpmissions\empty.melkart\init.c:122
SCRIPT    (E): [EffectSound::Effect] :: [WARNING] :: Created Effect on server.
Class:      'EffectSound'
Function: 'Effect'
Stack trace:
scripts/3_Game/effect.c:74
dp_buildings/scripts/4_world/buildings\window_shield\dp_window_shield_kit.c:8
$CurrentDir:mpmissions\empty.melkart\init.c:122
SCRIPT    (E): [EffectSound::Effect] :: [WARNING] :: Created Effect on server.
Class:      'EffectSound'
Function: 'Effect'
Stack trace:
scripts/3_Game/effect.c:74
dp_buildings/scripts/4_world/buildings\roof\dp_roof_kit.c:8
$CurrentDir:mpmissions\empty.melkart\init.c:122
SCRIPT    (E): [EffectSound::Effect] :: [WARNING] :: Created Effect on server.
Class:      'EffectSound'
Function: 'Effect'
Stack trace:
scripts/3_Game/effect.c:74
dp_buildings/scripts/4_world/buildings\roof\dp_roof_kit.c:8
$CurrentDir:mpmissions\empty.melkart\init.c:122
SCRIPT    (E): [EffectSound::Effect] :: [WARNING] :: Created Effect on server.
Class:      'EffectSound'
Function: 'Effect'
Stack trace:
scripts/3_Game/effect.c:74
dp_buildings/scripts/4_world/buildings\door\dp_door_kit.c:8
$CurrentDir:mpmissions\empty.melkart\init.c:122
SCRIPT    (E): [EffectSound::Effect] :: [WARNING] :: Created Effect on server.
Class:      'EffectSound'
Function: 'Effect'
Stack trace:
scripts/3_Game/effect.c:74
dp_buildings/scripts/4_world/buildings\wall\dp_wall_kit.c:8
$CurrentDir:mpmissions\empty.melkart\init.c:122
SCRIPT    (E): [EffectSound::Effect] :: [WARNING] :: Created Effect on server.
Class:      'EffectSound'
Function: 'Effect'
Stack trace:
scripts/3_Game/effect.c:74
dp_buildings/scripts/4_world/buildings\door\dp_door_kit.c:8
$CurrentDir:mpmissions\empty.melkart\init.c:122
SCRIPT    (E): [EffectSound::Effect] :: [WARNING] :: Created Effect on server.
Class:      'EffectSound'
Function: 'Effect'
Stack trace:
scripts/3_Game/effect.c:74
dp_buildings/scripts/4_world/buildings\wall_big\dp_wall_big_kit.c:8
$CurrentDir:mpmissions\empty.melkart\init.c:122
SCRIPT    (E): [EffectSound::Effect] :: [WARNING] :: Created Effect on server.
Class:      'EffectSound'
Function: 'Effect'
Stack trace:
scripts/3_Game/effect.c:74
dp_buildings/scripts/4_world/buildings\window_shield\dp_window_shield_kit.c:8
$CurrentDir:mpmissions\empty.melkart\init.c:122
SCRIPT    (E): [EffectSound::Effect] :: [WARNING] :: Created Effect on server.
Class:      'EffectSound'
Function: 'Effect'
Stack trace:
scripts/3_Game/effect.c:74
dp_buildings/scripts/4_world/buildings\wall_big\dp_wall_big_kit.c:8
$CurrentDir:mpmissions\empty.melkart\init.c:122
SCRIPT    (E): [EffectSound::Effect] :: [WARNING] :: Created Effect on server.
Class:      'EffectSound'
Function: 'Effect'
Stack trace:
scripts/3_Game/effect.c:74
dp_buildings/scripts/4_world/buildings\window_shield\dp_window_shield_kit.c:8
$CurrentDir:mpmissions\empty.melkart\init.c:122
SCRIPT    (E): [EffectSound::Effect] :: [WARNING] :: Created Effect on server.
Class:      'EffectSound'
Function: 'Effect'
Stack trace:
scripts/3_Game/effect.c:74
dp_buildings/scripts/4_world/buildings\wall_big\dp_wall_big_kit.c:8
$CurrentDir:mpmissions\empty.melkart\init.c:122
SCRIPT    (E): [EffectSound::Effect] :: [WARNING] :: Created Effect on server.
Class:      'EffectSound'
Function: 'Effect'
Stack trace:
scripts/3_Game/effect.c:74
dp_buildings/scripts/4_world/buildings\wall\dp_wall_kit.c:8
$CurrentDir:mpmissions\empty.melkart\init.c:122
SCRIPT    (E): [EffectSound::Effect] :: [WARNING] :: Created Effect on server.
Class:      'EffectSound'
Function: 'Effect'
Stack trace:
scripts/3_Game/effect.c:74
dp_buildings/scripts/4_world/buildings\wall_big\dp_wall_big_kit.c:8
$CurrentDir:mpmissions\empty.melkart\init.c:122
SCRIPT    (E): [EffectSound::Effect] :: [WARNING] :: Created Effect on server.
Class:      'EffectSound'
Function: 'Effect'
Stack trace:
scripts/3_Game/effect.c:74
dp_buildings/scripts/4_world/buildings\door_metal\dp_door_metal_kit.c:8
$CurrentDir:mpmissions\empty.melkart\init.c:122
SCRIPT    (E): [EffectSound::Effect] :: [WARNING] :: Created Effect on server.
Class:      'EffectSound'
Function: 'Effect'
Stack trace:
scripts/3_Game/effect.c:74
dp_buildings/scripts/4_world/buildings\window_shield\dp_window_shield_kit.c:8
$CurrentDir:mpmissions\empty.melkart\init.c:122
SCRIPT    (E): [EffectSound::Effect] :: [WARNING] :: Created Effect on server.
Class:      'EffectSound'
Function: 'Effect'
Stack trace:
scripts/3_Game/effect.c:74
dp_buildings/scripts/4_world/buildings\roof\dp_roof_kit.c:8
$CurrentDir:mpmissions\empty.melkart\init.c:122
SCRIPT    (E): [EffectSound::Effect] :: [WARNING] :: Created Effect on server.
Class:      'EffectSound'
Function: 'Effect'
Stack trace:
scripts/3_Game/effect.c:74
dp_buildings/scripts/4_world/buildings\wall_big\dp_wall_big_kit.c:8
$CurrentDir:mpmissions\empty.melkart\init.c:122
SCRIPT    (E): [EffectSound::Effect] :: [WARNING] :: Created Effect on server.
Class:      'EffectSound'
Function: 'Effect'
Stack trace:
scripts/3_Game/effect.c:74
dp_buildings/scripts/4_world/buildings\door\dp_door_kit.c:8
$CurrentDir:mpmissions\empty.melkart\init.c:122
SCRIPT    (E): [EffectSound::Effect] :: [WARNING] :: Created Effect on server.
Class:      'EffectSound'
Function: 'Effect'
Stack trace:
scripts/3_Game/effect.c:74
dp_buildings/scripts/4_world/buildings\wall\dp_wall_kit.c:8
$CurrentDir:mpmissions\empty.melkart\init.c:122
SCRIPT    (E): [EffectSound::Effect] :: [WARNING] :: Created Effect on server.
Class:      'EffectSound'
Function: 'Effect'
Stack trace:
scripts/3_Game/effect.c:74
dp_buildings/scripts/4_world/buildings\wall_big\dp_wall_big_kit.c:8
$CurrentDir:mpmissions\empty.melkart\init.c:122
SCRIPT    (E): [EffectSound::Effect] :: [WARNING] :: Created Effect on server.
Class:      'EffectSound'
Function: 'Effect'
Stack trace:
scripts/3_Game/effect.c:74
dp_buildings/scripts/4_world/buildings\wall\dp_wall_kit.c:8
$CurrentDir:mpmissions\empty.melkart\init.c:122
SCRIPT    (E): [EffectSound::Effect] :: [WARNING] :: Created Effect on server.
Class:      'EffectSound'
Function: 'Effect'
Stack trace:
scripts/3_Game/effect.c:74
dp_buildings/scripts/4_world/buildings\wall_big\dp_wall_big_kit.c:8
$CurrentDir:mpmissions\empty.melkart\init.c:122
SCRIPT    (E): [EffectSound::Effect] :: [WARNING] :: Created Effect on server.
Class:      'EffectSound'
Function: 'Effect'
Stack trace:
scripts/3_Game/effect.c:74
dp_buildings/scripts/4_world/buildings\door_metal\dp_door_metal_kit.c:8
$CurrentDir:mpmissions\empty.melkart\init.c:122
SCRIPT    (E): [EffectSound::Effect] :: [WARNING] :: Created Effect on server.
Class:      'EffectSound'
Function: 'Effect'
Stack trace:
scripts/3_Game/effect.c:74
dp_buildings/scripts/4_world/buildings\roof\dp_roof_kit.c:8
$CurrentDir:mpmissions\empty.melkart\init.c:122
SCRIPT       : m_LoginTimeMs: 6200
SCRIPT       : [VPPAT] Player "G A T O" (steamId=76561199207813177) connected to server!
SCRIPT       : [VPPAT] Player "ALFAA" (steamId=76561199071067007) connected to server!
SCRIPT       : AnimSoundObjectBuilderBank: Invalid sound set "gaspingForAirEmpty_SoundVoice_Char_SoundSet".
SCRIPT       : AnimSoundObjectBuilderBank: Invalid sound set "greathelmet_gaspingForAirEmpty_SoundVoice_Char_SoundSet".
SCRIPT       : AnimSoundObjectBuilderBank: Invalid sound set "Motohelmet_gaspingForAirEmpty_SoundVoice_Char_SoundSet".
SCRIPT       : AnimSoundObjectBuilderBank: Invalid sound set "Gag_gaspingForAirEmpty_SoundVoice_Char_SoundSet".
SCRIPT       : AnimSoundObjectBuilderBank: Invalid sound set "gaspingForAir5perIdle_SoundVoice_Char_SoundSet".
SCRIPT       : AnimSoundObjectBuilderBank: Invalid sound set "greathelmet_gaspingForAir5perIdle_SoundVoice_Char_SoundSet".
SCRIPT       : AnimSoundObjectBuilderBank: Invalid sound set "Motohelmet_gaspingForAir5perIdle_SoundVoice_Char_SoundSet".
SCRIPT       : AnimSoundObjectBuilderBank: Invalid sound set "Gag_gaspingForAir5perIdle_SoundVoice_Char_SoundSet".
SCRIPT       : AnimSoundObjectBuilderBank: Invalid sound set "gaspingForAir10perIdle_SoundVoice_Char_SoundSet".
SCRIPT       : AnimSoundObjectBuilderBank: Invalid sound set "greathelmet_gaspingForAir10perIdle_SoundVoice_Char_SoundSet".
SCRIPT       : AnimSoundObjectBuilderBank: Invalid sound set "Motohelmet_gaspingForAir10perIdle_SoundVoice_Char_SoundSet".
SCRIPT       : AnimSoundObjectBuilderBank: Invalid sound set "Gag_gaspingForAir10perIdle_SoundVoice_Char_SoundSet".
SCRIPT       : AnimSoundObjectBuilderBank: Invalid sound set "generalgrunt_SoundVoice_Char_SoundSet".
SCRIPT       : AnimSoundObjectBuilderBank: Invalid sound set "greathelmet_generalgrunt_SoundVoice_Char_SoundSet".
SCRIPT       : AnimSoundObjectBuilderBank: Invalid sound set "Gasmask_generalgrunt_SoundVoice_Char_SoundSet".
SCRIPT       : AnimSoundObjectBuilderBank: Invalid sound set "Motohelmet_generalgrunt_SoundVoice_Char_SoundSet".
SCRIPT       : AnimSoundObjectBuilderBank: Invalid sound set "Gag_generalgrunt_SoundVoice_Char_SoundSet".
SCRIPT    (E): ScriptMembersNetSync::RegisterVariable - "m_isInvisible" - duplicite registration
Class:      'SurvivorBase'
Entity id:0

Function: 'Init'
Stack trace:
ZomBerry/AT/scripts/4_World/playerbase.c:12
H2A/HRM/Scripts/4_World/оъ*бСдг.jpg:37
scripts/4_World/entities\manbase\playerbase.c:273
SCRIPT       : ---- PlayerBase OnStoreLoad SUCCESS ----
SCRIPT       : [VPPAT] Player "G A T O" (steamId=76561199207813177) connected to server!
SCRIPT    (E): ScriptMembersNetSync::RegisterVariable - "m_isInvisible" - duplicite registration
Class:      'SurvivorBase'
Entity id:0

Function: 'Init'
Stack trace:
ZomBerry/AT/scripts/4_World/playerbase.c:12
H2A/HRM/Scripts/4_World/оъ*бСдг.jpg:37
scripts/4_World/entities\manbase\playerbase.c:273
SCRIPT       : ---- PlayerBase OnStoreLoad SUCCESS ----
SCRIPT       : [VPPAT] Player "ALFAA" (steamId=76561199071067007) connected to server!
SCRIPT       : [VPPAT] Player "GabrielDWR" (steamId=76561199012612653) connected to server!
SCRIPT    (E): ScriptMembersNetSync::RegisterVariable - "m_isInvisible" - duplicite registration
Class:      'SurvivorBase'
Entity id:0

Function: 'Init'
Stack trace:
ZomBerry/AT/scripts/4_World/playerbase.c:12
H2A/HRM/Scripts/4_World/оъ*бСдг.jpg:37
scripts/4_World/entities\manbase\playerbase.c:273
SCRIPT       : ---- PlayerBase OnStoreLoad SUCCESS ----
SCRIPT       : [VPPAT] Player "GabrielDWR" (steamId=76561199012612653) connected to server!
SCRIPT       : [inv] ReplaceItemWithNewLambdaBase Step B) remove OK, loc={ type=HANDS item=TunaCan:029571 parent=SurvivorF_Maria:02 }
SCRIPT       : [Logout]: New player nmtfbkTwHkQSBFzHNWoCxhqnu9NTvOsRke42ngDp-lQ= with logout time 30
SCRIPT       : Player "ALFAA" (steamid=76561199071067007) disconnected from server.
SCRIPT       : [VPPAT] Updating VPP Sync List! removed: 76561199071067007
SCRIPT       : [Logout]: Player nmtfbkTwHkQSBFzHNWoCxhqnu9NTvOsRke42ngDp-lQ= finished
SCRIPT       : [Logout]: New player rJNwSBt-keMsxy6wmw26KIknby9pbi-BdPVDRxXtp1M= with logout time 30
SCRIPT       : Player "G A T O" (steamid=76561199207813177) disconnected from server.
SCRIPT       : [VPPAT] Updating VPP Sync List! removed: 76561199207813177
SCRIPT       : [emote] SurvivorF_Frida:01 play emote id=14 IH=Aug:014887
SCRIPT       : [Logout]: Player rJNwSBt-keMsxy6wmw26KIknby9pbi-BdPVDRxXtp1M= finished
SCRIPT       : [VPPAT] Player "[HORDA]ThiagoPenna" (steamId=76561198218822351) connected to server!
SCRIPT    (E): ScriptMembersNetSync::RegisterVariable - "m_isInvisible" - duplicite registration
Class:      'SurvivorBase'
Entity id:0

Function: 'Init'
Stack trace:
ZomBerry/AT/scripts/4_World/playerbase.c:12
H2A/HRM/Scripts/4_World/оъ*бСдг.jpg:37
scripts/4_World/entities\manbase\playerbase.c:273
SCRIPT       : ---- PlayerBase OnStoreLoad SUCCESS ----
SCRIPT       : [VPPAT] Player "[HORDA]ThiagoPenna" (steamId=76561198218822351) connected to server!
SCRIPT       : [VPPAT] Player "[HORDA]MacLovin" (steamId=76561199068236803) connected to server!
SCRIPT    (E): ScriptMembersNetSync::RegisterVariable - "m_isInvisible" - duplicite registration
Class:      'SurvivorBase'
Entity id:0

Function: 'Init'
Stack trace:
ZomBerry/AT/scripts/4_World/playerbase.c:12
H2A/HRM/Scripts/4_World/оъ*бСдг.jpg:37
scripts/4_World/entities\manbase\playerbase.c:273
SCRIPT       : ---- PlayerBase OnStoreLoad SUCCESS ----
SCRIPT       : [VPPAT] Player "[HORDA]MacLovin" (steamId=76561199068236803) connected to server!
SCRIPT       : [inv] ReplaceItemWithNewLambdaBase Step B) remove OK, loc={ type=HANDS item=TunaCan:013266 parent=SurvivorM_Mirek:02 }
SCRIPT       : [Logout]: New player rTVfTag5znqfvyuyGNqrT9q3Jozf0AxkI6Luv8N7wUA= with logout time 30
SCRIPT       : Player "GabrielDWR" (steamid=76561199012612653) disconnected from server.
SCRIPT       : [VPPAT] Updating VPP Sync List! removed: 76561199012612653
SCRIPT       : [emote] SurvivorM_Niki:03 play emote id=14 IH=null
SCRIPT       : Player "GabrielDWR" (steamid=76561199012612653) disconnected from server.
SCRIPT       : [Logout]: Player rTVfTag5znqfvyuyGNqrT9q3Jozf0AxkI6Luv8N7wUA= finished
SCRIPT       : [wpnfsm] Save occured in fsm transition! current state=WeaponReplacingMagAndChamberNext<85bb8a0> closes stable state=RBF_CLO_BU1_MA1<f70da10> id=3
SCRIPT       : [inv] ReplaceItemWithNewLambdaBase Step B) remove OK, loc={ type=HANDS item=SardinesCan:018802 parent=SurvivorM_Peter:01 }
SCRIPT       : [inv] ReplaceItemWithNewLambdaBase Step B) remove OK, loc={ type=HANDS item=DogFoodCan:013261 parent=SurvivorM_Mirek:02 }
SCRIPT       : [Logout]: New player N1T8alzVdGMdDxSDbPzjhNlbmzoP9B5b4k0BhQw8aWw= with logout time 30
SCRIPT       : Player "[HORDA]MacLovin" (steamid=76561199068236803) disconnected from server.
SCRIPT       : [VPPAT] Updating VPP Sync List! removed: 76561199068236803
SCRIPT       : Player "[HORDA]MacLovin" (steamid=76561199068236803) disconnected from server.
SCRIPT       : Player "[HORDA]MacLovin" (steamid=76561199068236803) disconnected from server.
SCRIPT       : Player "[HORDA]MacLovin" (steamid=76561199068236803) disconnected from server.
SCRIPT       : [VPPAT] Player "[HORDA]KAS" (steamId=76561199202697738) connected to server!
SCRIPT       : [Logout]: Player N1T8alzVdGMdDxSDbPzjhNlbmzoP9B5b4k0BhQw8aWw= finished
SCRIPT    (E): ScriptMembersNetSync::RegisterVariable - "m_isInvisible" - duplicite registration
Class:      'SurvivorBase'
Entity id:0

Function: 'Init'
Stack trace:
ZomBerry/AT/scripts/4_World/playerbase.c:12
H2A/HRM/Scripts/4_World/оъ*бСдг.jpg:37
scripts/4_World/entities\manbase\playerbase.c:273
SCRIPT       : ---- PlayerBase OnStoreLoad SUCCESS ----
SCRIPT       : [VPPAT] Player "[HORDA]KAS" (steamId=76561199202697738) connected to server!
SCRIPT       : [VPPAT] Player "[HORDA]MacLovin" (steamId=76561199068236803) connected to server!
SCRIPT    (E): ScriptMembersNetSync::RegisterVariable - "m_isInvisible" - duplicite registration
Class:      'SurvivorBase'
Entity id:0

Function: 'Init'
Stack trace:
ZomBerry/AT/scripts/4_World/playerbase.c:12
H2A/HRM/Scripts/4_World/оъ*бСдг.jpg:37
scripts/4_World/entities\manbase\playerbase.c:273
SCRIPT       : ---- PlayerBase OnStoreLoad SUCCESS ----
SCRIPT       : [VPPAT] Player "[HORDA]MacLovin" (steamId=76561199068236803) connected to server!
SCRIPT       : [inv] ReplaceItemWithNewLambdaBase Step B) remove OK, loc={ type=HANDS item=SardinesCan:020908 parent=SurvivorM_Peter:01 }
SCRIPT       : [VPPAT] Player "[YKZ]-BlackBear" (steamId=76561198343030820) connected to server!
SCRIPT    (E): ScriptMembersNetSync::RegisterVariable - "m_isInvisible" - duplicite registration
Class:      'SurvivorBase'
Entity id:0

Function: 'Init'
Stack trace:
ZomBerry/AT/scripts/4_World/playerbase.c:12
H2A/HRM/Scripts/4_World/оъ*бСдг.jpg:37
scripts/4_World/entities\manbase\playerbase.c:273
SCRIPT       : ---- PlayerBase OnStoreLoad SUCCESS ----
SCRIPT       : [VPPAT] Player "[YKZ]-BlackBear" (steamId=76561198343030820) connected to server!
SCRIPT       : [VPPAT] Player "BRUXO" (steamId=76561198140728342) connected to server!
SCRIPT    (E): ScriptMembersNetSync::RegisterVariable - "m_isInvisible" - duplicite registration
Class:      'SurvivorBase'
Entity id:0

Function: 'Init'
Stack trace:
ZomBerry/AT/scripts/4_World/playerbase.c:12
H2A/HRM/Scripts/4_World/оъ*бСдг.jpg:37
scripts/4_World/entities\manbase\playerbase.c:273
SCRIPT       : ---- PlayerBase OnStoreLoad SUCCESS ----
SCRIPT       : [VPPAT] Player "BRUXO" (steamId=76561198140728342) connected to server!
SCRIPT       : [Permissions Manager] Admin (BRUXO) (76561198140728342) Successfully Logged in!
SCRIPT       : [Logout]: New player jmHJ9I92rPpKSzbli79ZPleNsxcxvGej0q2nfeA-33w= with logout time 30
SCRIPT       : Player "BRUXO" (steamid=76561198140728342) disconnected from server.
SCRIPT       : [VPPAT] Updating VPP Sync List! removed: 76561198140728342
SCRIPT       : [Logout]: Player jmHJ9I92rPpKSzbli79ZPleNsxcxvGej0q2nfeA-33w= finished
SCRIPT       : [inv] ReplaceItemWithNewLambdaBase Step B) remove OK, loc={ type=HANDS item=PorkCan:013250 parent=SurvivorM_Mirek:02 }
SCRIPT       : [inv] ReplaceItemWithNewLambdaBase Step B) remove OK, loc={ type=HANDS item=TacticalBaconCan:022972 parent=SurvivorM_Peter:01 }
SCRIPT       : [inv] ReplaceItemWithNewLambdaBase Step B) remove OK, loc={ type=HANDS item=TacticalBaconCan:029376 parent=SurvivorM_Hassan:03 }
SCRIPT       : [VPPAT] Player "(CNXC)Roger    " (steamId=76561198119108882) connected to server!
SCRIPT    (E): ScriptMembersNetSync::RegisterVariable - "m_isInvisible" - duplicite registration
Class:      'SurvivorBase'
Entity id:0

Function: 'Init'
Stack trace:
ZomBerry/AT/scripts/4_World/playerbase.c:12
H2A/HRM/Scripts/4_World/оъ*бСдг.jpg:37
scripts/4_World/entities\manbase\playerbase.c:273
SCRIPT       : ---- PlayerBase OnStoreLoad SUCCESS ----
SCRIPT       : [VPPAT] Player "(CNXC)Roger    " (steamId=76561198119108882) connected to server!
SCRIPT       : [wpnfsm] Save occured in fsm transition! current state=WeaponAttachMagazine<9e80b0e0> closes stable state=RBF_CLO_BU0_MA0<9ff40150> id=1
SCRIPT       : [inv] ReplaceItemWithNewLambdaBase Step B) remove OK, loc={ type=HANDS item=TunaCan:027404 parent=SurvivorM_Denis:04 }
SCRIPT       : [inv] ReplaceItemWithNewLambdaBase Step B) remove OK, loc={ type=HANDS item=PorkCan:027397 parent=SurvivorM_Denis:04 }
SCRIPT    (E): ScriptMembersNetSync::RegisterVariable - "m_isInvisible" - duplicite registration
Class:      'SurvivorBase'
Entity id:0

Function: 'Init'
Stack trace:
ZomBerry/AT/scripts/4_World/playerbase.c:12
H2A/HRM/Scripts/4_World/оъ*бСдг.jpg:37
scripts/4_World/entities\manbase\playerbase.c:273
$CurrentDir:mpmissions\empty.melkart\init.c:163
scripts/5_Mission/mission\missionserver.c:500
JM/CF/Scripts/5_Mission/communityframework\mission\missionserver.c:120
AC-Mod-Pack/AC-DayZ/Scripts/5_Mission/Mission/ђъ*щ.ogg:5
AC-Mod-Pack/AC-DayZPlus/Scripts/5_Mission/Mission/ђъ*щ.ogg:5
AC-Mod-Pack/AC-SpawnPoint/Scripts/5_Mission/Mission/*њЮиШЪћхёЩ.rtm:5
scripts/5_Mission/mission\missionserver.c:266
AC-Mod-Pack/AC/Scripts/5_Mission/Mission/ССЬЫд?гюѐѓч.fxy:14
GameLabs/Scripts/5_Mission/Цытџ*хмЯ.rvmat:15
JM/CF/Scripts/5_Mission/communityframework\mission\missionserver.c:10
VPPAdminTools/5_Mission/vppadmintools\missionserver.c:48
scripts/3_Game/dayzgame.c:1403
JM/CF/Scripts/3_Game/communityframework\game\dayzgame.c:97
SCRIPT       : [inv] ReplaceItemWithNewLambdaBase Step B) remove OK, loc={ type=HANDS item=PorkCan:013259 parent=SurvivorM_Mirek:02 }
SCRIPT       : [inv] ReplaceItemWithNewLambdaBase Step B) remove OK, loc={ type=HANDS item=NailBox:025346 parent=SurvivorM_Hassan:06 }
SCRIPT       : UnboxLambda::SetupNewItem new_item=Nail<2425f0e0> count=70
SCRIPT       : [inv] ReplaceItemWithNewLambdaBase Step B) remove OK, loc={ type=HANDS item=NailBox:020814 parent=SurvivorM_Hassan:06 }
SCRIPT       : UnboxLambda::SetupNewItem new_item=Nail<2427ae20> count=70
SCRIPT       : [VPPAT] Player "[horda]marcelinho" (steamId=76561198817477406) connected to server!
SCRIPT       : [Logout]: New player 4vTL7SLJBH64gT0MvDS3tPj3IIHYYujjT5xbHtSlOEk= with logout time 30
SCRIPT       : Player "[HORDA]KAS" (steamid=76561199202697738) disconnected from server.
SCRIPT       : [VPPAT] Updating VPP Sync List! removed: 76561199202697738
SCRIPT       : [emote] SurvivorM_Hassan:03 play emote id=14 IH=AK74:012219
SCRIPT    (E): ScriptMembersNetSync::RegisterVariable - "m_isInvisible" - duplicite registration
Class:      'SurvivorBase'
Entity id:0

Function: 'Init'
Stack trace:
ZomBerry/AT/scripts/4_World/playerbase.c:12
H2A/HRM/Scripts/4_World/оъ*бСдг.jpg:37
scripts/4_World/entities\manbase\playerbase.c:273
SCRIPT       : ---- PlayerBase OnStoreLoad SUCCESS ----
SCRIPT       : [VPPAT] Player "[horda]marcelinho" (steamId=76561198817477406) connected to server!
SCRIPT       : Player "[HORDA]KAS" (steamid=76561199202697738) disconnected from server.
SCRIPT       : [Logout]: Player 4vTL7SLJBH64gT0MvDS3tPj3IIHYYujjT5xbHtSlOEk= finished
SCRIPT       : [inv] ReplaceItemWithNewLambdaBase Step B) remove OK, loc={ type=HANDS item=AmmoBox_545x39Tracer_20Rnd:015068 parent=SurvivorM_Peter:01 }
SCRIPT       : UnboxLambda::SetupNewMagazine new_item=Ammo_545x39Tracer<22ffa400> count=20
SCRIPT       : [inv] ReplaceItemWithNewLambdaBase Step B) remove OK, loc={ type=HANDS item=DogFoodCan:010817 parent=SurvivorM_Hassan:06 }
SCRIPT       : [VPPAT] Player "Vini_300" (steamId=76561198145785923) connected to server!
SCRIPT    (E): ScriptMembersNetSync::RegisterVariable - "m_isInvisible" - duplicite registration
Class:      'SurvivorBase'
Entity id:0

Function: 'Init'
Stack trace:
ZomBerry/AT/scripts/4_World/playerbase.c:12
H2A/HRM/Scripts/4_World/оъ*бСдг.jpg:37
scripts/4_World/entities\manbase\playerbase.c:273
SCRIPT       : ---- PlayerBase OnStoreLoad SUCCESS ----
SCRIPT       : [VPPAT] Player "Vini_300" (steamId=76561198145785923) connected to server!
SCRIPT       : [inv] ReplaceItemWithNewLambdaBase Step B) remove OK, loc={ type=HANDS item=BakedBeansCan:028311 parent=SurvivorM_Hassan:06 }
SCRIPT       : [Logout]: New player u9bD4bRUZMBVX6dyqqSBr-KbJJyj5tqLAH0Xc3yWDvE= with logout time 30
SCRIPT       : Player "[horda]marcelinho" (steamid=76561198817477406) disconnected from server.
SCRIPT       : [VPPAT] Updating VPP Sync List! removed: 76561198817477406
SCRIPT       : [emote] SurvivorM_Elias:07 play emote id=14 IH=AKM:030920
SCRIPT       : Player "[horda]marcelinho" (steamid=76561198817477406) disconnected from server.
SCRIPT       : [Logout]: New player 6srco_2fW8bkf8ZDLDPyLPXaxZ5GmgnEIqUmacaHw6s= with logout time 30
SCRIPT       : Player "Vini_300" (steamid=76561198145785923) disconnected from server.
SCRIPT       : [VPPAT] Updating VPP Sync List! removed: 76561198145785923
SCRIPT       : [Logout]: Player u9bD4bRUZMBVX6dyqqSBr-KbJJyj5tqLAH0Xc3yWDvE= finished
SCRIPT       : Player "Vini_300" (steamid=76561198145785923) disconnected from server.
SCRIPT       : Player "Vini_300" (steamid=76561198145785923) disconnected from server.
SCRIPT       : [Logout]: Player 6srco_2fW8bkf8ZDLDPyLPXaxZ5GmgnEIqUmacaHw6s= finished
SCRIPT       : [VPPAT] Player "Vini_300" (steamId=76561198145785923) connected to server!
SCRIPT       : [Logout]: New player N1T8alzVdGMdDxSDbPzjhNlbmzoP9B5b4k0BhQw8aWw= with logout time 30
SCRIPT       : Player "[HORDA]MacLovin" (steamid=76561199068236803) disconnected from server.
SCRIPT       : [VPPAT] Updating VPP Sync List! removed: 76561199068236803
SCRIPT    (E): ScriptMembersNetSync::RegisterVariable - "m_isInvisible" - duplicite registration
Class:      'SurvivorBase'
Entity id:0

Function: 'Init'
Stack trace:
ZomBerry/AT/scripts/4_World/playerbase.c:12
H2A/HRM/Scripts/4_World/оъ*бСдг.jpg:37
scripts/4_World/entities\manbase\playerbase.c:273
SCRIPT       : ---- PlayerBase OnStoreLoad SUCCESS ----
SCRIPT       : [VPPAT] Player "Vini_300" (steamId=76561198145785923) connected to server!
SCRIPT       : [Logout]: Player N1T8alzVdGMdDxSDbPzjhNlbmzoP9B5b4k0BhQw8aWw= finished
SCRIPT       : [VPPAT] Player "[HORDA]MacLovin" (steamId=76561199068236803) connected to server!
SCRIPT    (E): ScriptMembersNetSync::RegisterVariable - "m_isInvisible" - duplicite registration
Class:      'SurvivorBase'
Entity id:0

Function: 'Init'
Stack trace:
ZomBerry/AT/scripts/4_World/playerbase.c:12
H2A/HRM/Scripts/4_World/оъ*бСдг.jpg:37
scripts/4_World/entities\manbase\playerbase.c:273
SCRIPT       : ---- PlayerBase OnStoreLoad SUCCESS ----
SCRIPT       : [VPPAT] Player "[HORDA]MacLovin" (steamId=76561199068236803) connected to server!
SCRIPT       : [inv] ReplaceItemWithNewLambdaBase Step B) remove OK, loc={ type=HANDS item=NailBox:028822 parent=SurvivorM_Hassan:06 }
SCRIPT       : UnboxLambda::SetupNewItem new_item=Nail<afc9f6f0> count=70
SCRIPT       : [inv] ReplaceItemWithNewLambdaBase Step B) remove OK, loc={ type=HANDS item=NailBox:028801 parent=SurvivorM_Peter:07 }
SCRIPT       : UnboxLambda::SetupNewItem new_item=Nail<25dfe790> count=70
SCRIPT       : [inv] ReplaceItemWithNewLambdaBase Step B) remove OK, loc={ type=HANDS item=AmmoBox_762x54_20Rnd:014734 parent=SurvivorM_Mirek:02 }
SCRIPT       : UnboxLambda::SetupNewMagazine new_item=Ammo_762x54<b41e4a40> count=20
SCRIPT       : [inv] ReplaceItemWithNewLambdaBase Step B) remove OK, loc={ type=HANDS item=AmmoBox_308WinTracer_20Rnd:017546 parent=SurvivorM_Mirek:02 }
SCRIPT       : UnboxLambda::SetupNewMagazine new_item=Ammo_308WinTracer<a996ff10> count=20
SCRIPT       : [inv] ReplaceItemWithNewLambdaBase Step B) remove OK, loc={ type=HANDS item=AmmoBox_308WinTracer_20Rnd:018173 parent=SurvivorM_Mirek:02 }
SCRIPT       : UnboxLambda::SetupNewMagazine new_item=Ammo_308WinTracer<a996e560> count=20
SCRIPT       : [inv] ReplaceItemWithNewLambdaBase Step B) remove OK, loc={ type=HANDS item=AmmoBox_556x45_20Rnd:013888 parent=SurvivorM_Mirek:02 }
SCRIPT       : UnboxLambda::SetupNewMagazine new_item=Ammo_556x45<a996f680> count=20
SCRIPT       : [inv] ReplaceItemWithNewLambdaBase Step B) remove OK, loc={ type=HANDS item=AmmoBox_308WinTracer_20Rnd:017267 parent=SurvivorM_Mirek:02 }
SCRIPT       : UnboxLambda::SetupNewMagazine new_item=Ammo_308WinTracer<18926ea0> count=20
SCRIPT       : [inv] ReplaceItemWithNewLambdaBase Step B) remove OK, loc={ type=HANDS item=AmmoBox_762x54_20Rnd:017811 parent=SurvivorM_Mirek:02 }
SCRIPT       : UnboxLambda::SetupNewMagazine new_item=Ammo_762x54<18927fc0> count=20
SCRIPT       : [inv] ReplaceItemWithNewLambdaBase Step B) remove OK, loc={ type=HANDS item=AmmoBox_762x54Tracer_20Rnd:017170 parent=SurvivorM_Mirek:02 }
SCRIPT       : UnboxLambda::SetupNewMagazine new_item=Ammo_762x54Tracer<20d91dc0> count=20
SCRIPT       : [inv] ReplaceItemWithNewLambdaBase Step B) remove OK, loc={ type=HANDS item=AmmoBox_762x39_20Rnd:014725 parent=SurvivorM_Mirek:02 }
SCRIPT       : UnboxLambda::SetupNewMagazine new_item=Ammo_762x39<20d91dc0> count=20
SCRIPT       : [inv] ReplaceItemWithNewLambdaBase Step B) remove OK, loc={ type=HANDS item=AmmoBox_762x39_20Rnd:09268 parent=SurvivorM_Mirek:02 }
SCRIPT       : UnboxLambda::SetupNewMagazine new_item=Ammo_762x39<20d97bf0> count=20
SCRIPT       : [inv] ReplaceItemWithNewLambdaBase Step B) remove OK, loc={ type=HANDS item=AmmoBox_556x45_20Rnd:012869 parent=SurvivorM_Mirek:02 }
SCRIPT       : UnboxLambda::SetupNewMagazine new_item=Ammo_556x45<1e179c40> count=20
SCRIPT       : [Logout]: New player 6srco_2fW8bkf8ZDLDPyLPXaxZ5GmgnEIqUmacaHw6s= with logout time 30
SCRIPT       : Player "Vini_300" (steamid=76561198145785923) disconnected from server.
SCRIPT       : [VPPAT] Updating VPP Sync List! removed: 76561198145785923
SCRIPT       : [emote] SurvivorM_Peter:07 play emote id=14 IH=null
SCRIPT       : Player "Vini_300" (steamid=76561198145785923) disconnected from server.
SCRIPT       : [Logout]: Player 6srco_2fW8bkf8ZDLDPyLPXaxZ5GmgnEIqUmacaHw6s= finished
SCRIPT       : [inv] ReplaceItemWithNewLambdaBase Step B) remove OK, loc={ type=HANDS item=SardinesCan:026324 parent=SurvivorM_Hassan:06 }
SCRIPT       : [VPPAT] Player "[YKZ]-Lobato" (steamId=76561198158375860) connected to server!
SCRIPT    (E): ScriptMembersNetSync::RegisterVariable - "m_isInvisible" - duplicite registration
Class:      'SurvivorBase'
Entity id:0

Function: 'Init'
Stack trace:
ZomBerry/AT/scripts/4_World/playerbase.c:12
H2A/HRM/Scripts/4_World/оъ*бСдг.jpg:37
scripts/4_World/entities\manbase\playerbase.c:273
SCRIPT       : ---- PlayerBase OnStoreLoad SUCCESS ----
SCRIPT       : [VPPAT] Player "[YKZ]-Lobato" (steamId=76561198158375860) connected to server!
SCRIPT       : [inv] ReplaceItemWithNewLambdaBase Step B) remove OK, loc={ type=HANDS item=NailBox:021185 parent=SurvivorM_Hassan:06 }
SCRIPT       : UnboxLambda::SetupNewItem new_item=Nail<b2261540> count=70
SCRIPT       : [Logout]: New player N1T8alzVdGMdDxSDbPzjhNlbmzoP9B5b4k0BhQw8aWw= with logout time 30
SCRIPT       : Player "[HORDA]MacLovin" (steamid=76561199068236803) disconnected from server.
SCRIPT       : [VPPAT] Updating VPP Sync List! removed: 76561199068236803
SCRIPT       : [emote] SurvivorM_Peter:03 play emote id=14 IH=Mp133Shotgun:016973
SCRIPT       : Player "[HORDA]MacLovin" (steamid=76561199068236803) disconnected from server.
SCRIPT       : [Logout]: Player N1T8alzVdGMdDxSDbPzjhNlbmzoP9B5b4k0BhQw8aWw= finished
SCRIPT       : [Logout]: New player PMMKCG_54t632nONjkU-hd7ti3sZdO-qH8RvStPr3TI= with logout time 30
SCRIPT       : Player "[HORDA]ThiagoPenna" (steamid=76561198218822351) disconnected from server.
SCRIPT       : [VPPAT] Updating VPP Sync List! removed: 76561198218822351
SCRIPT       : [emote] SurvivorM_Mirek:02 play emote id=14 IH=AK101:014341
SCRIPT       : [Logout]: Player PMMKCG_54t632nONjkU-hd7ti3sZdO-qH8RvStPr3TI= finished
SCRIPT       : [VPPAT] Player "Galega" (steamId=76561198959103891) connected to server!
SCRIPT    (E): ScriptMembersNetSync::RegisterVariable - "m_isInvisible" - duplicite registration
Class:      'SurvivorBase'
Entity id:0

Function: 'Init'
Stack trace:
ZomBerry/AT/scripts/4_World/playerbase.c:12
H2A/HRM/Scripts/4_World/оъ*бСдг.jpg:37
scripts/4_World/entities\manbase\playerbase.c:273
SCRIPT       : ---- PlayerBase OnStoreLoad SUCCESS ----
SCRIPT       : [VPPAT] Player "Galega" (steamId=76561198959103891) connected to server!
SCRIPT       : [VPPAT] Player "Survivor" (steamId=76561198838473436) connected to server!
SCRIPT       : [inv] ReplaceItemWithNewLambdaBase Step B) remove OK, loc={ type=HANDS item=AmmoBox_22_50Rnd:014666 parent=SurvivorM_Niki:07 }
SCRIPT       : UnboxLambda::SetupNewMagazine new_item=Ammo_22<a6107200> count=50
SCRIPT       : [inv] ReplaceItemWithNewLambdaBase Step B) remove OK, loc={ type=HANDS item=NailBox:025886 parent=SurvivorM_Hassan:06 }
SCRIPT       : UnboxLambda::SetupNewItem new_item=Nail<b486a2a0> count=70
SCRIPT    (E): ScriptMembersNetSync::RegisterVariable - "m_isInvisible" - duplicite registration
Class:      'SurvivorBase'
Entity id:0

Function: 'Init'
Stack trace:
ZomBerry/AT/scripts/4_World/playerbase.c:12
H2A/HRM/Scripts/4_World/оъ*бСдг.jpg:37
scripts/4_World/entities\manbase\playerbase.c:273
$CurrentDir:mpmissions\empty.melkart\init.c:163
scripts/5_Mission/mission\missionserver.c:500
JM/CF/Scripts/5_Mission/communityframework\mission\missionserver.c:120
AC-Mod-Pack/AC-DayZ/Scripts/5_Mission/Mission/ђъ*щ.ogg:5
AC-Mod-Pack/AC-DayZPlus/Scripts/5_Mission/Mission/ђъ*щ.ogg:5
AC-Mod-Pack/AC-SpawnPoint/Scripts/5_Mission/Mission/*њЮиШЪћхёЩ.rtm:5
scripts/5_Mission/mission\missionserver.c:266
AC-Mod-Pack/AC/Scripts/5_Mission/Mission/ССЬЫд?гюѐѓч.fxy:14
GameLabs/Scripts/5_Mission/Цытџ*хмЯ.rvmat:15
JM/CF/Scripts/5_Mission/communityframework\mission\missionserver.c:10
VPPAdminTools/5_Mission/vppadmintools\missionserver.c:48
scripts/3_Game/dayzgame.c:1403
JM/CF/Scripts/3_Game/communityframework\game\dayzgame.c:97
SCRIPT       : [inv] ReplaceItemWithNewLambdaBase Step B) remove OK, loc={ type=HANDS item=SardinesCan:024974 parent=SurvivorF_Keiko:01 }
SCRIPT       : [inv] ReplaceItemWithNewLambdaBase Step B) remove OK, loc={ type=HANDS item=SpaghettiCan:020283 parent=SurvivorM_Niki:07 }
SCRIPT       : [wpnfsm] Save occured in fsm transition! current state=WeaponFireAndChamberNext<a951b360> closes stable state=RBF_CLO_BU1_MA1<a951ad60> id=3
SCRIPT       : [inv] ReplaceItemWithNewLambdaBase Step B) remove OK, loc={ type=HANDS item=BakedBeansCan:026653 parent=SurvivorM_Hassan:06 }
SCRIPT       : [inv] ReplaceItemWithNewLambdaBase Step B) remove OK, loc={ type=HANDS item=BakedBeansCan:013697 parent=SurvivorM_Hassan:06 }
SCRIPT       : [inv] ReplaceItemWithNewLambdaBase Step B) remove OK, loc={ type=HANDS item=BakedBeansCan:026681 parent=SurvivorM_Hassan:06 }
SCRIPT       : [VPPAT] Player "Vex" (steamId=76561198020686220) connected to server!
SCRIPT    (E): ScriptMembersNetSync::RegisterVariable - "m_isInvisible" - duplicite registration
Class:      'SurvivorBase'
Entity id:0

Function: 'Init'
Stack trace:
ZomBerry/AT/scripts/4_World/playerbase.c:12
H2A/HRM/Scripts/4_World/оъ*бСдг.jpg:37
scripts/4_World/entities\manbase\playerbase.c:273
$CurrentDir:mpmissions\empty.melkart\init.c:163
scripts/5_Mission/mission\missionserver.c:500
JM/CF/Scripts/5_Mission/communityframework\mission\missionserver.c:120
AC-Mod-Pack/AC-DayZ/Scripts/5_Mission/Mission/ђъ*щ.ogg:5
AC-Mod-Pack/AC-DayZPlus/Scripts/5_Mission/Mission/ђъ*щ.ogg:5
AC-Mod-Pack/AC-SpawnPoint/Scripts/5_Mission/Mission/*њЮиШЪћхёЩ.rtm:5
scripts/5_Mission/mission\missionserver.c:266
AC-Mod-Pack/AC/Scripts/5_Mission/Mission/ССЬЫд?гюѐѓч.fxy:14
GameLabs/Scripts/5_Mission/Цытџ*хмЯ.rvmat:15
JM/CF/Scripts/5_Mission/communityframework\mission\missionserver.c:10
VPPAdminTools/5_Mission/vppadmintools\missionserver.c:48
scripts/3_Game/dayzgame.c:1403
JM/CF/Scripts/3_Game/communityframework\game\dayzgame.c:97
SCRIPT       : [Logout]: New player eguG3iwSvpdjDCGD7i7Py2L6d_tIAGOXlRzWT5GKS5g= with logout time 30
SCRIPT       : Player "ProstFire" (steamid=76561198838473436) disconnected from server.
SCRIPT       : [VPPAT] Updating VPP Sync List! removed: 76561198838473436
SCRIPT       : Player "ProstFire" (steamid=76561198838473436) disconnected from server.
SCRIPT       : [Logout]: Player eguG3iwSvpdjDCGD7i7Py2L6d_tIAGOXlRzWT5GKS5g= finished
SCRIPT       : [VPPAT] Player "ProstFire" (steamId=76561198838473436) connected to server!
SCRIPT    (E): ScriptMembersNetSync::RegisterVariable - "m_isInvisible" - duplicite registration
Class:      'SurvivorBase'
Entity id:0

Function: 'Init'
Stack trace:
ZomBerry/AT/scripts/4_World/playerbase.c:12
H2A/HRM/Scripts/4_World/оъ*бСдг.jpg:37
scripts/4_World/entities\manbase\playerbase.c:273
SCRIPT       : ---- PlayerBase OnStoreLoad SUCCESS ----
SCRIPT       : [VPPAT] Player "ProstFire" (steamId=76561198838473436) connected to server!
SCRIPT       : [inv] ReplaceItemWithNewLambdaBase Step B) remove OK, loc={ type=HANDS item=TunaCan:026719 parent=SurvivorM_Denis:04 }
SCRIPT       : [Logout]: New player faBVm-cLhM_8VuXgLqsYE1ZrZXkCqG_TCdmfwXjUge0= with logout time 30
SCRIPT       : Player "[YKZ]-BlackBear" (steamid=76561198343030820) disconnected from server.
SCRIPT       : [VPPAT] Updating VPP Sync List! removed: 76561198343030820
SCRIPT       : [emote] SurvivorM_Denis:04 play emote id=14 IH=null
SCRIPT       : Player "[YKZ]-BlackBear" (steamid=76561198343030820) disconnected from server.
SCRIPT       : [Logout]: Player faBVm-cLhM_8VuXgLqsYE1ZrZXkCqG_TCdmfwXjUge0= finished
SCRIPT    (E): NULL pointer to instance
Class:      'EffectSound'
Function: 'SetEnableEventFrame'
Stack trace:
scripts/3_Game/effect.c:277
scripts/3_Game/effect.c:93
scripts/3_Game/effectmanager.c:272
scripts/3_Game/effectmanager.c:403
dp_buildings/scripts/4_world/buildings\wall_big\dp_wall_big_kit.c:17
SCRIPT       : [VPPAT] Player "[YKZ]-BlackBear" (steamId=76561198343030820) connected to server!
SCRIPT    (E): ScriptMembersNetSync::RegisterVariable - "m_isInvisible" - duplicite registration
Class:      'SurvivorBase'
Entity id:0

Function: 'Init'
Stack trace:
ZomBerry/AT/scripts/4_World/playerbase.c:12
H2A/HRM/Scripts/4_World/оъ*бСдг.jpg:37
scripts/4_World/entities\manbase\playerbase.c:273
SCRIPT       : ---- PlayerBase OnStoreLoad SUCCESS ----
SCRIPT    (E): [EffectSound::Effect] :: [WARNING] :: Created Effect on server.
Class:      'EffectSound'
Function: 'Effect'
Stack trace:
scripts/3_Game/effect.c:74
dp_buildings/scripts/4_world/buildings\wall_big\dp_wall_big_kit.c:8
SCRIPT       : [VPPAT] Player "[YKZ]-BlackBear" (steamId=76561198343030820) connected to server!
SCRIPT       : [inv] ReplaceItemWithNewLambdaBase Step B) remove OK, loc={ type=HANDS item=Pate:022937 parent=SurvivorM_Hassan:06 }
SCRIPT       : [inv] ReplaceItemWithNewLambdaBase Step B) remove OK, loc={ type=HANDS item=BakedBeansCan:027409 parent=SurvivorM_Denis:02 }
