00:03:01: Player "[EB] alemao" (steam64id="76561198046653521" pos=<10392.3, 17.68, 10609.9>) CloseBarrel dp_box_big_Grey
00:03:31: Player "[EB] alemao" (steam64id="76561198046653521" pos=<10392.4, 17.68, 10610>) OpenBarrel dp_box_big_Grey
00:03:56: Player "[EB] alemao" (steam64id="76561198046653521" pos=<10392.4, 17.68, 10610>) CloseBarrel dp_box_big_Grey
00:10:44: Player "[YKZ] Felps" (steam64id="76561198892779186" pos=<11090, 35.24, 8431.1>) OpenBarrel dp_box_small_Olive
00:10:52: Player "[YKZ] Felps" (steam64id="76561198892779186" pos=<11090.1, 35.24, 8430.74>) CloseBarrel dp_box_small_Olive
00:10:54: Player "[YKZ] Felps" (steam64id="76561198892779186" pos=<11090.7, 35.24, 8430.74>) OpenBarrel dp_box_big_Brown
00:11:01: Player "[YKZ] Felps" (steam64id="76561198892779186" pos=<11090.7, 35.24, 8430.74>) CloseBarrel dp_box_big_Brown
00:11:02: Player "[YKZ] Felps" (steam64id="76561198892779186" pos=<11089.9, 35.24, 8432.23>) OpenBarrel dp_box_big_Brown
00:11:09: Player "[YKZ] Felps" (steam64id="76561198892779186" pos=<11089.9, 35.24, 8432.23>) CloseBarrel dp_box_big_Brown
00:11:11: Player "[YKZ] Felps" (steam64id="76561198892779186" pos=<11089.2, 35.24, 8433.71>) OpenBarrel dp_box_big_Brown
00:11:22: Player "[YKZ] Felps" (steam64id="76561198892779186" pos=<11088.8, 35.24, 8433.7>) CloseBarrel dp_box_big_Brown
00:13:08: Player "[YKZ] Felps" (steam64id="76561198892779186" pos=<11085.1, 41.86, 8426.33>) OpenBarrel dp_box_big_Brown
00:13:23: Player "[YKZ] Felps" (steam64id="76561198892779186" pos=<11085.1, 41.86, 8426.33>) CloseBarrel dp_box_big_Brown
00:13:29: Player "[YKZ] Felps" (steam64id="76561198892779186" pos=<11085.2, 41.36, 8427.9>) OpenBarrel dp_box_big_Brown
00:13:38: Player "[YKZ] Felps" (steam64id="76561198892779186" pos=<11085.6, 41.36, 8428.05>) OpenBarrel dp_box_big_Olive
00:13:57: Player "[YKZ] Felps" (steam64id="76561198892779186" pos=<11085.6, 41.36, 8428.05>) CloseBarrel dp_box_big_Olive
00:13:59: Player "[YKZ] Felps" (steam64id="76561198892779186" pos=<11085.1, 41.36, 8427.96>) CloseBarrel dp_box_big_Brown
00:14:02: Player "[YKZ] Felps" (steam64id="76561198892779186" pos=<11086.1, 41.86, 8427.37>) OpenBarrel dp_box_big_Olive
00:14:26: Player "[HORDA]LUCASBR" (steam64id="76561198973828354" pos=<9561.43, 6.07, 9581.63>) OpenBarrel dp_box_small_Olive
00:14:51: Player "[YKZ] Felps" (steam64id="76561198892779186" pos=<11086.1, 41.86, 8427.37>) CloseBarrel dp_box_big_Olive
00:17:04: Player "[EB] alemao" (steam64id="76561198046653521" pos=<10392.3, 17.68, 10610.3>) OpenBarrel dp_box_big_Grey
00:19:07: Player "[HORDA]LUCASBR" (steam64id="76561198973828354" pos=<9560.56, 6.07, 9582.26>) CloseBarrel dp_box_small_Olive
00:19:23: Player "[HORDA]LUCASBR" (steam64id="76561198973828354" pos=<9561.16, 6.07, 9583.83>) OpenBarrel dp_box_small_Olive
00:19:38: Player "[HORDA]LUCASBR" (steam64id="76561198973828354" pos=<9560.64, 6.07, 9584.29>) CloseBarrel dp_box_small_Olive
00:28:40: Player "[YKZ] Felps" (steam64id="76561198892779186" pos=<11091.1, 31.61, 8429.9>) CloseBarrel dp_box_big_Olive
00:30:25: Player "[EB] alemao" (steam64id="76561198046653521" pos=<10392.2, 17.68, 10610.5>) CloseBarrel dp_box_big_Grey
00:30:38: Player "[EB] alemao" (steam64id="76561198046653521" pos=<10392.2, 17.67, 10609.7>) OpenBarrel dp_box_big_Grey
00:30:42: Player "[YKZ] Felps" (steam64id="76561198892779186" pos=<11091.1, 31.61, 8429.34>) OpenBarrel dp_box_big_Olive
00:31:00: Player "[EB] alemao" (steam64id="76561198046653521" pos=<10392.2, 17.67, 10609.7>) CloseBarrel dp_box_big_Grey
00:31:04: Player "[EB] alemao" (steam64id="76561198046653521" pos=<10392.2, 17.67, 10609.7>) OpenBarrel dp_box_big_Grey
00:31:27: Player "[YKZ] Felps" (steam64id="76561198892779186" pos=<11090.7, 31.61, 8429.82>) CloseBarrel dp_box_big_Olive
00:32:30: Player "[EB] alemao" (steam64id="76561198046653521" pos=<10392.1, 17.67, 10609.5>) CloseBarrel dp_box_big_Grey
00:32:44: Player "[EB] alemao" (steam64id="76561198046653521" pos=<10387.9, 14.53, 10616.3>) OpenBarrel dp_box_big_Grey
00:35:06: Player "[EB] alemao" (steam64id="76561198046653521" pos=<10392.3, 17.67, 10609.8>) OpenBarrel dp_box_big_Grey
00:35:45: Player "[EB] alemao" (steam64id="76561198046653521" pos=<10392.3, 17.67, 10609.8>) CloseBarrel dp_box_big_Grey
00:35:49: Player "[EB] alemao" (steam64id="76561198046653521" pos=<10392.3, 17.67, 10609.8>) OpenBarrel dp_box_big_Grey
00:36:01: Player "[EB] alemao" (steam64id="76561198046653521" pos=<10392.3, 17.67, 10609.8>) CloseBarrel dp_box_big_Grey
00:36:03: Player "[EB] alemao" (steam64id="76561198046653521" pos=<10392.3, 17.67, 10609.8>) OpenBarrel dp_box_big_Grey
00:36:09: Player "[EB] alemao" (steam64id="76561198046653521" pos=<10392.3, 17.67, 10609.8>) CloseBarrel dp_box_big_Grey
00:36:15: Player "[EB] alemao" (steam64id="76561198046653521" pos=<10389.4, 17.65, 10611.9>) CloseBarrel dp_box_big_Grey
00:37:27: Player "[EB] alemao" (steam64id="76561198046653521" pos=<10391.8, 17.67, 10609.7>) OpenBarrel dp_box_big_Grey
00:38:29: Player "[EB] alemao" (steam64id="76561198046653521" pos=<10391.8, 17.67, 10609.7>) CloseBarrel dp_box_big_Grey
00:47:52: Player "[ONE}Rick" (steam64id="76561198868590548" pos=<9567.31, 29.15, 12156>) CloseBarrel dp_box_big_Olive
00:47:56: Player "[ONE}Rick" (steam64id="76561198868590548" pos=<9567.31, 29.15, 12156>) CloseBarrel dp_box_big_Olive
00:47:58: Player "[ONE}Rick" (steam64id="76561198868590548" pos=<9566.18, 29.17, 12155.1>) OpenBarrel dp_box_big_Olive
00:48:54: Player "[YKZ]-BlackBear" (steam64id="76561198343030820" pos=<11085.7, 41.36, 8427.89>) OpenBarrel dp_box_big_Brown
00:49:01: Player "[YKZ]-BlackBear" (steam64id="76561198343030820" pos=<11085.4, 41.36, 8427.31>) CloseBarrel dp_box_big_Brown
00:49:03: Player "[ONE}Rick" (steam64id="76561198868590548" pos=<9567.88, 29.14, 12156.7>) OpenBarrel dp_box_big_Olive
00:49:04: Player "[YKZ]-BlackBear" (steam64id="76561198343030820" pos=<11085.4, 41.36, 8427.31>) OpenBarrel dp_box_big_Olive
00:49:07: Player "[YKZ]-BlackBear" (steam64id="76561198343030820" pos=<11085.4, 41.36, 8427.31>) CloseBarrel dp_box_big_Olive
00:49:09: Player "[YKZ]-BlackBear" (steam64id="76561198343030820" pos=<11085.4, 41.36, 8427.31>) OpenBarrel dp_box_big_Olive
00:49:10: Player "[ONE}Rick" (steam64id="76561198868590548" pos=<9566.62, 29.16, 12155.3>) CloseBarrel dp_box_big_Olive
00:49:12: Player "[YKZ]-BlackBear" (steam64id="76561198343030820" pos=<11085.4, 41.36, 8427.31>) CloseBarrel dp_box_big_Olive
00:49:13: Player "[ONE}Rick" (steam64id="76561198868590548" pos=<9566.62, 29.16, 12155.3>) OpenBarrel dp_box_big_Olive
01:10:55: Player "[YKZ]-BlackBear" (steam64id="76561198343030820" pos=<11091, 31.61, 8429.24>) OpenBarrel dp_box_big_Olive
01:10:58: Player "[YKZ]-BlackBear" (steam64id="76561198343030820" pos=<11091, 31.61, 8429.24>) CloseBarrel dp_box_big_Olive
04:21:36: Player "Duerowww" (steam64id="76561198259492425" pos=<7392.97, 31.55, 8200.68>) OpenBarrel dp_box_big_Grey
04:21:43: Player "Duerowww" (steam64id="76561198259492425" pos=<7393.15, 31.55, 8200.79>) CloseBarrel dp_box_big_Grey
04:21:47: Player "Duerowww" (steam64id="76561198259492425" pos=<7390.04, 32.01, 8199.45>) OpenBarrel dp_box_big_Brown
04:22:05: Player "Duerowww" (steam64id="76561198259492425" pos=<7389.86, 31.55, 8199.7>) CloseBarrel dp_box_big_Brown
04:22:06: Player "Duerowww" (steam64id="76561198259492425" pos=<7389.86, 31.55, 8199.7>) OpenBarrel dp_box_big_Tan
04:22:13: Player "Duerowww" (steam64id="76561198259492425" pos=<7389.43, 31.55, 8199.99>) CloseBarrel dp_box_big_Tan
04:22:15: Player "Duerowww" (steam64id="76561198259492425" pos=<7389.54, 31.55, 8200.96>) OpenBarrel dp_box_big_Tan
04:22:19: Player "Duerowww" (steam64id="76561198259492425" pos=<7389.54, 31.55, 8200.96>) CloseBarrel dp_box_big_Tan
04:22:28: Player "Duerowww" (steam64id="76561198259492425" pos=<7391.84, 31.55, 8202.44>) CloseBarrel dp_box_big_Olive
04:22:29: Player "Duerowww" (steam64id="76561198259492425" pos=<7391.41, 31.55, 8202.13>) OpenBarrel dp_box_small_Brown
05:24:57: Player "[YKZ] Seekerzao" (steam64id="76561198067793781" pos=<11091, 31.61, 8429.25>) OpenBarrel dp_box_big_Olive
05:25:10: Player "[YKZ] Seekerzao" (steam64id="76561198067793781" pos=<11091, 31.61, 8429.25>) CloseBarrel dp_box_big_Olive
09:56:29: Player "[YKZ] chron1c" (steam64id="76561198205585613" pos=<11085.3, 41.36, 8428.09>) OpenBarrel dp_box_big_Brown
09:56:52: Player "[YKZ] chron1c" (steam64id="76561198205585613" pos=<11085.1, 41.36, 8427.66>) CloseBarrel dp_box_big_Brown
09:56:53: Player "[YKZ] chron1c" (steam64id="76561198205585613" pos=<11085.6, 41.36, 8427.52>) OpenBarrel dp_box_big_Olive
09:57:23: Player "[YKZ] chron1c" (steam64id="76561198205585613" pos=<11086, 41.83, 8427.31>) CloseBarrel dp_box_big_Olive
09:57:34: Player "[YKZ] chron1c" (steam64id="76561198205585613" pos=<11085.3, 41.36, 8427.72>) OpenBarrel dp_box_big_Olive
09:57:38: Player "[YKZ] chron1c" (steam64id="76561198205585613" pos=<11085.7, 41.36, 8427.94>) CloseBarrel dp_box_big_Olive
09:57:39: Player "[YKZ] chron1c" (steam64id="76561198205585613" pos=<11085.4, 41.36, 8427.79>) OpenBarrel dp_box_big_Brown
09:57:46: Player "[YKZ] chron1c" (steam64id="76561198205585613" pos=<11085.4, 41.36, 8427.81>) CloseBarrel dp_box_big_Brown
09:59:46: Player "[YKZ] chron1c" (steam64id="76561198205585613" pos=<11090.8, 31.61, 8429.63>) OpenBarrel dp_box_big_Olive
09:59:49: Player "[YKZ] chron1c" (steam64id="76561198205585613" pos=<11090.7, 31.61, 8429.72>) CloseBarrel dp_box_big_Olive
10:12:54: Player "[YKZ] chron1c" (steam64id="76561198205585613" pos=<11090.5, 35.24, 8422.16>) OpenBarrel HRM_Painted_Barrel_VSR
10:13:32: Player "[YKZ] chron1c" (steam64id="76561198205585613" pos=<11092.3, 35.24, 8428.51>) CloseBarrel dp_box_small_Olive
10:13:41: Player "[YKZ] chron1c" (steam64id="76561198205585613" pos=<11090.6, 35.24, 8430.25>) OpenBarrel dp_box_big_Brown
10:14:52: Player "[YKZ] chron1c" (steam64id="76561198205585613" pos=<11089.4, 35.24, 8433.72>) OpenBarrel dp_box_big_Brown
10:14:58: Player "[YKZ] chron1c" (steam64id="76561198205585613" pos=<11089.7, 35.24, 8432.13>) CloseBarrel dp_box_big_Brown
10:15:20: Player "[YKZ] chron1c" (steam64id="76561198205585613" pos=<11089.1, 35.24, 8433.24>) OpenBarrel dp_box_big_Brown
10:15:42: Player "[YKZ] chron1c" (steam64id="76561198205585613" pos=<11089.1, 35.24, 8433.45>) CloseBarrel dp_box_big_Brown
10:15:50: Player "[YKZ] chron1c" (steam64id="76561198205585613" pos=<11090.2, 35.24, 8430.88>) CloseBarrel dp_box_big_Brown
10:18:13: Player "[YKZ] chron1c" (steam64id="76561198205585613" pos=<11085.6, 41.36, 8427.81>) OpenBarrel dp_box_big_Olive
10:18:19: Player "[YKZ] chron1c" (steam64id="76561198205585613" pos=<11085.8, 41.36, 8427.99>) CloseBarrel dp_box_big_Olive
10:18:23: Player "[YKZ] chron1c" (steam64id="76561198205585613" pos=<11085.5, 41.36, 8427.7>) OpenBarrel dp_box_big_Brown
10:18:27: Player "[YKZ] chron1c" (steam64id="76561198205585613" pos=<11085.5, 41.36, 8427.7>) CloseBarrel dp_box_big_Brown
10:18:29: Player "[YKZ] chron1c" (steam64id="76561198205585613" pos=<11085.4, 41.36, 8427.33>) OpenBarrel dp_box_big_Olive
10:18:33: Player "[YKZ] chron1c" (steam64id="76561198205585613" pos=<11086, 41.86, 8427.09>) CloseBarrel dp_box_big_Olive
10:19:35: Player "[YKZ] chron1c" (steam64id="76561198205585613" pos=<11087, 42.29, 8427.68>) OpenBarrel dp_box_big_Olive
10:19:38: Player "[YKZ] chron1c" (steam64id="76561198205585613" pos=<11087, 42.28, 8427.67>) CloseBarrel dp_box_big_Olive
10:19:42: Player "[YKZ] chron1c" (steam64id="76561198205585613" pos=<11085.3, 41.36, 8427.65>) OpenBarrel dp_box_big_Brown
10:19:46: Player "[YKZ] chron1c" (steam64id="76561198205585613" pos=<11085.3, 41.36, 8427.56>) CloseBarrel dp_box_big_Brown
10:23:53: Player "[YKZ] chron1c" (steam64id="76561198205585613" pos=<11090.6, 31.61, 8429.84>) OpenBarrel dp_box_big_Olive
10:23:57: Player "[YKZ] chron1c" (steam64id="76561198205585613" pos=<11091.1, 31.61, 8429.06>) CloseBarrel dp_box_big_Olive
10:35:57: Player "[YKZ] chron1c" (steam64id="76561198205585613" pos=<11091.3, 31.61, 8429.54>) OpenBarrel dp_box_big_Olive
10:36:02: Player "[YKZ] chron1c" (steam64id="76561198205585613" pos=<11091.3, 31.61, 8429.54>) CloseBarrel dp_box_big_Olive
10:37:34: Player "[YKZ] chron1c" (steam64id="76561198205585613" pos=<11094.7, 35.72, 8424.02>) CloseBarrel dp_box_big_Tan
10:37:57: Player "[YKZ] chron1c" (steam64id="76561198205585613" pos=<11092.4, 35.24, 8428.12>) OpenBarrel dp_box_small_Olive
10:38:00: Player "[YKZ] chron1c" (steam64id="76561198205585613" pos=<11092.1, 35.24, 8428.05>) CloseBarrel dp_box_small_Olive
10:38:03: Player "[YKZ] chron1c" (steam64id="76561198205585613" pos=<11090.7, 35.24, 8430.72>) OpenBarrel dp_box_small_Olive
10:38:08: Player "[YKZ] chron1c" (steam64id="76561198205585613" pos=<11090.3, 35.67, 8430.46>) CloseBarrel dp_box_small_Olive
10:38:10: Player "[YKZ] chron1c" (steam64id="76561198205585613" pos=<11090.6, 35.24, 8430.68>) OpenBarrel dp_box_big_Brown
10:38:15: Player "[YKZ] chron1c" (steam64id="76561198205585613" pos=<11090.6, 35.24, 8430.68>) CloseBarrel dp_box_big_Brown
10:38:16: Player "[YKZ] chron1c" (steam64id="76561198205585613" pos=<11089.5, 35.24, 8432.68>) OpenBarrel dp_box_big_Brown
10:38:22: Player "[YKZ] chron1c" (steam64id="76561198205585613" pos=<11089.5, 35.24, 8432.68>) CloseBarrel dp_box_big_Brown
10:39:08: Player "[YKZ] chron1c" (steam64id="76561198205585613" pos=<11089.6, 35.24, 8431.53>) OpenBarrel dp_box_big_Brown
11:01:57: Player "[YKZ] chron1c" (steam64id="76561198205585613" pos=<11089, 35.24, 8433.45>) OpenBarrel dp_box_big_Brown
11:02:03: Player "[YKZ] chron1c" (steam64id="76561198205585613" pos=<11089, 35.24, 8433.45>) CloseBarrel dp_box_big_Brown
11:02:08: Player "[YKZ] chron1c" (steam64id="76561198205585613" pos=<11089.7, 35.24, 8432.55>) CloseBarrel dp_box_big_Brown
11:02:09: Player "[YKZ] chron1c" (steam64id="76561198205585613" pos=<11090.4, 35.24, 8431.13>) OpenBarrel dp_box_big_Brown
11:02:13: Player "[YKZ] chron1c" (steam64id="76561198205585613" pos=<11090.4, 35.24, 8431.13>) CloseBarrel dp_box_big_Brown
11:02:14: Player "[YKZ] chron1c" (steam64id="76561198205585613" pos=<11090.1, 35.24, 8430.75>) OpenBarrel dp_box_small_Olive
11:02:17: Player "[YKZ] chron1c" (steam64id="76561198205585613" pos=<11090.1, 35.24, 8430.77>) CloseBarrel dp_box_small_Olive
11:02:19: Player "[YKZ] chron1c" (steam64id="76561198205585613" pos=<11091, 35.24, 8429.04>) OpenBarrel dp_box_small_Olive
11:02:21: Player "[YKZ] chron1c" (steam64id="76561198205585613" pos=<11091, 35.24, 8429.04>) CloseBarrel dp_box_small_Olive
11:03:44: Player "[YKZ] chron1c" (steam64id="76561198205585613" pos=<11094.8, 35.72, 8424.14>) OpenBarrel dp_box_big_Tan
11:08:26: Player "[EB] alemao" (steam64id="76561198046653521" pos=<10391.9, 17.67, 10610.1>) OpenBarrel dp_box_big_Grey
11:10:06: Player "[EB] alemao" (steam64id="76561198046653521" pos=<10388.1, 14.53, 10616.5>) CloseBarrel dp_box_big_Grey
11:11:28: Player "[YKZ] chron1c" (steam64id="76561198205585613" pos=<11091.9, 35.24, 8428.1>) OpenBarrel dp_box_small_Olive
11:11:30: Player "[YKZ] chron1c" (steam64id="76561198205585613" pos=<11091.9, 35.24, 8428.1>) CloseBarrel dp_box_small_Olive
11:11:34: Player "[YKZ] chron1c" (steam64id="76561198205585613" pos=<11091.1, 35.24, 8430.19>) OpenBarrel dp_box_big_Brown
11:12:13: Player "[YKZ] chron1c" (steam64id="76561198205585613" pos=<11091, 35.24, 8429.94>) CloseBarrel dp_box_big_Brown
11:13:41: Player "[EB] alemao" (steam64id="76561198046653521" pos=<10392.4, 17.68, 10610.2>) CloseBarrel dp_box_big_Grey
11:13:51: Player "[EB] alemao" (steam64id="76561198046653521" pos=<10392.3, 17.67, 10609.9>) OpenBarrel dp_box_big_Grey
11:13:56: Player "[EB] alemao" (steam64id="76561198046653521" pos=<10392.3, 17.67, 10609.8>) CloseBarrel dp_box_big_Grey
11:13:58: Player "[EB] alemao" (steam64id="76561198046653521" pos=<10389.8, 17.65, 10611.6>) OpenBarrel dp_box_big_Grey
11:15:52: Player "[EB] alemao" (steam64id="76561198046653521" pos=<10389.6, 17.64, 10611.7>) CloseBarrel dp_box_big_Grey
11:25:30: Player "Lrk" (steam64id="76561198021843024" pos=<7357.66, 18.46, 7133.83>) CloseBarrel dp_box_small_Olive
11:25:50: Player "Lrk" (steam64id="76561198021843024" pos=<7357.66, 18.46, 7133.83>) CloseBarrel dp_box_small_Brown
11:27:30: Player "Lrk" (steam64id="76561198021843024" pos=<7362.71, 18.46, 7132.74>) CloseBarrel dp_box_small_Brown
11:27:32: Player "Lrk" (steam64id="76561198021843024" pos=<7362.35, 18.46, 7132.8>) CloseBarrel dp_box_small_Olive
11:27:34: Player "Lrk" (steam64id="76561198021843024" pos=<7362.43, 18.46, 7133.61>) CloseBarrel dp_box_big_Olive
11:27:36: Player "Lrk" (steam64id="76561198021843024" pos=<7362.01, 18.46, 7133.65>) CloseBarrel dp_box_big_Grey
11:28:03: Player "Lrk" (steam64id="76561198021843024" pos=<7362.76, 19.20, 7135.15>) CloseBarrel dp_box_big_Olive
11:28:05: Player "Lrk" (steam64id="76561198021843024" pos=<7362.58, 18.47, 7134.21>) CloseBarrel dp_box_big_Tan
11:28:12: Player "Lrk" (steam64id="76561198021843024" pos=<7364.04, 18.46, 7139.78>) CloseBarrel dp_box_big_Tan
11:28:14: Player "Lrk" (steam64id="76561198021843024" pos=<7362.24, 19.30, 7140.31>) CloseBarrel dp_box_big_Brown
11:28:17: Player "Lrk" (steam64id="76561198021843024" pos=<7359.9, 19.42, 7140.28>) CloseBarrel dp_box_big_Brown
11:28:35: Player "Lrk" (steam64id="76561198021843024" pos=<7358.76, 14.33, 7133.97>) CloseBarrel dp_box_big_Brown
11:28:36: Player "Lrk" (steam64id="76561198021843024" pos=<7358.76, 14.33, 7133.97>) OpenBarrel dp_box_big_Brown
11:29:05: Player "Lrk" (steam64id="76561198021843024" pos=<7358.66, 14.33, 7133.87>) CloseBarrel dp_box_big_Brown
11:29:59: Player "[YKZ]-Lobato" (steam64id="76561198158375860" pos=<11090.1, 35.24, 8431.4>) OpenBarrel dp_box_big_Brown
11:30:05: Player "[YKZ]-Lobato" (steam64id="76561198158375860" pos=<11090.1, 35.24, 8431.4>) CloseBarrel dp_box_big_Brown
11:30:06: Player "[YKZ]-Lobato" (steam64id="76561198158375860" pos=<11090, 35.24, 8430.87>) OpenBarrel dp_box_small_Olive
11:30:20: Player "[YKZ]-Lobato" (steam64id="76561198158375860" pos=<11090.6, 35.24, 8430.71>) CloseBarrel dp_box_small_Olive
11:30:21: Player "[YKZ]-Lobato" (steam64id="76561198158375860" pos=<11090, 35.24, 8431.97>) OpenBarrel dp_box_big_Brown
11:32:48: Player "[YKZ]-Lobato" (steam64id="76561198158375860" pos=<11089.7, 35.24, 8432.49>) CloseBarrel dp_box_big_Brown
11:33:43: Player "[YKZ]-Lobato" (steam64id="76561198158375860" pos=<11089.1, 35.24, 8433.5>) OpenBarrel dp_box_big_Brown
11:33:46: Player "[YKZ]-Lobato" (steam64id="76561198158375860" pos=<11089.1, 35.24, 8433.5>) CloseBarrel dp_box_big_Brown
11:39:45: Player "Lrk" (steam64id="76561198021843024" pos=<7362.2, 18.46, 7133.47>) OpenBarrel dp_box_big_Grey
11:41:07: Player "Lrk" (steam64id="76561198021843024" pos=<7362.35, 18.46, 7133.92>) CloseBarrel dp_box_big_Grey
11:53:52: Player "[EB] alemao" (steam64id="76561198046653521" pos=<10389.2, 17.64, 10612.3>) OpenBarrel dp_box_big_Grey
11:54:12: Player "[EB] alemao" (steam64id="76561198046653521" pos=<10392.3, 17.68, 10610.3>) OpenBarrel dp_box_big_Grey
11:57:19: Player "[EB] alemao" (steam64id="76561198046653521" pos=<10392.7, 17.68, 10609.9>) CloseBarrel dp_box_big_Grey
11:57:22: Player "[EB] alemao" (steam64id="76561198046653521" pos=<10389.5, 17.64, 10611.7>) CloseBarrel dp_box_big_Grey
11:58:27: Player "[YKZ]-Lobato" (steam64id="76561198158375860" pos=<11091.7, 35.24, 8429.09>) OpenBarrel dp_box_small_Olive
11:58:30: Player "[YKZ]-Lobato" (steam64id="76561198158375860" pos=<11091.7, 35.24, 8429.09>) CloseBarrel dp_box_small_Olive
12:01:31: Player "[YKZ]-Lobato" (steam64id="76561198158375860" pos=<11089.4, 35.24, 8432.39>) OpenBarrel dp_box_big_Brown
12:01:36: Player "[YKZ]-Lobato" (steam64id="76561198158375860" pos=<11089.4, 35.24, 8432.39>) CloseBarrel dp_box_big_Brown
12:03:06: Player "Lrk" (steam64id="76561198021843024" pos=<7361.98, 18.51, 7134.06>) OpenBarrel dp_box_big_Grey
12:03:10: Player "Lrk" (steam64id="76561198021843024" pos=<7362.59, 18.46, 7134.01>) CloseBarrel dp_box_big_Grey
12:03:11: Player "Lrk" (steam64id="76561198021843024" pos=<7362.59, 18.46, 7134.01>) OpenBarrel dp_box_big_Olive
12:03:11: Player "[L.B]TropaDoEnguisa" (steam64id="76561198211423224" pos=<7364, 18.46, 7139.89>) OpenBarrel dp_box_big_Tan
12:03:14: Player "[L.B]TropaDoEnguisa" (steam64id="76561198211423224" pos=<7363.99, 18.46, 7139.89>) CloseBarrel dp_box_big_Tan
12:03:15: Player "[L.B]TropaDoEnguisa" (steam64id="76561198211423224" pos=<7361.43, 19.16, 7140.29>) OpenBarrel dp_box_big_Brown
12:03:20: Player "[L.B]TropaDoEnguisa" (steam64id="76561198211423224" pos=<7361.12, 18.91, 7140.36>) CloseBarrel dp_box_big_Brown
12:03:20: Player "Lrk" (steam64id="76561198021843024" pos=<7362.59, 18.46, 7134.01>) CloseBarrel dp_box_big_Olive
12:03:21: Player "[L.B]TropaDoEnguisa" (steam64id="76561198211423224" pos=<7359.63, 18.46, 7139.85>) OpenBarrel dp_box_big_Brown
12:04:08: Player "[YKZ]-Lobato" (steam64id="76561198158375860" pos=<11089.9, 35.24, 8430.87>) OpenBarrel dp_box_small_Olive
12:04:12: Player "[YKZ]-Lobato" (steam64id="76561198158375860" pos=<11089.9, 35.24, 8430.87>) CloseBarrel dp_box_small_Olive
12:05:17: Player "[YKZ]-Lobato" (steam64id="76561198158375860" pos=<11089, 35.24, 8433.56>) OpenBarrel dp_box_big_Brown
12:06:02: Player "[YKZ]-Lobato" (steam64id="76561198158375860" pos=<11089, 35.24, 8433.56>) CloseBarrel dp_box_big_Brown
12:09:34: Player "[YKZ]-Lobato" (steam64id="76561198158375860" pos=<11089.5, 35.24, 8432.49>) OpenBarrel dp_box_big_Brown
12:09:51: Player "[YKZ]-Lobato" (steam64id="76561198158375860" pos=<11089.5, 35.24, 8432.49>) CloseBarrel dp_box_big_Brown
12:10:16: Player "[YKZ]-Lobato" (steam64id="76561198158375860" pos=<11089.6, 35.24, 8432.36>) OpenBarrel dp_box_big_Brown
12:10:28: Player "[YKZ]-Lobato" (steam64id="76561198158375860" pos=<11089.6, 35.24, 8432.36>) CloseBarrel dp_box_big_Brown
12:10:30: Player "[YKZ]-Lobato" (steam64id="76561198158375860" pos=<11089.2, 35.24, 8433.28>) OpenBarrel dp_box_big_Brown
12:11:01: Player "[YKZ]-Lobato" (steam64id="76561198158375860" pos=<11089.2, 35.24, 8433.28>) CloseBarrel dp_box_big_Brown
12:11:04: Player "[YKZ]-Lobato" (steam64id="76561198158375860" pos=<11089.8, 35.24, 8431.13>) OpenBarrel dp_box_small_Olive
12:11:14: Player "[YKZ]-Lobato" (steam64id="76561198158375860" pos=<11089.8, 35.24, 8431.13>) CloseBarrel dp_box_small_Olive
12:12:01: Player "[YKZ]-Lobato" (steam64id="76561198158375860" pos=<11089.8, 35.24, 8431.13>) OpenBarrel dp_box_big_Brown
12:12:12: Player "[YKZ]-Lobato" (steam64id="76561198158375860" pos=<11090.2, 35.24, 8431.06>) CloseBarrel dp_box_big_Brown
12:12:14: Player "[YKZ]-Lobato" (steam64id="76561198158375860" pos=<11090.2, 35.24, 8431.06>) OpenBarrel dp_box_big_Brown
12:12:16: Player "[YKZ]-Lobato" (steam64id="76561198158375860" pos=<11090.2, 35.24, 8431.06>) CloseBarrel dp_box_big_Brown
12:12:23: Player "[YKZ]-Lobato" (steam64id="76561198158375860" pos=<11089.6, 35.24, 8432.1>) OpenBarrel dp_box_big_Brown
12:12:34: Player "[YKZ]-Lobato" (steam64id="76561198158375860" pos=<11089.6, 35.24, 8432.1>) CloseBarrel dp_box_big_Brown
12:12:36: Player "[YKZ]-Lobato" (steam64id="76561198158375860" pos=<11090, 35.24, 8430.96>) OpenBarrel dp_box_big_Brown
12:12:44: Player "[YKZ]-Lobato" (steam64id="76561198158375860" pos=<11090.3, 35.24, 8431.08>) CloseBarrel dp_box_big_Brown
12:12:45: Player "[YKZ]-Lobato" (steam64id="76561198158375860" pos=<11090.3, 35.24, 8431.08>) OpenBarrel dp_box_small_Olive
12:12:58: Player "[YKZ]-Lobato" (steam64id="76561198158375860" pos=<11090.3, 35.24, 8431.08>) CloseBarrel dp_box_small_Olive
12:13:01: Player "[YKZ]-Lobato" (steam64id="76561198158375860" pos=<11089.3, 35.24, 8432.32>) OpenBarrel dp_box_big_Brown
12:13:04: Player "[YKZ]-Lobato" (steam64id="76561198158375860" pos=<11089.3, 35.24, 8432.32>) CloseBarrel dp_box_big_Brown
12:13:11: Player "Lrk" (steam64id="76561198021843024" pos=<7362.36, 18.46, 7132.84>) OpenBarrel dp_box_small_Olive
12:13:16: Player "Lrk" (steam64id="76561198021843024" pos=<7362.36, 18.46, 7132.84>) CloseBarrel dp_box_small_Olive
12:13:19: Player "Lrk" (steam64id="76561198021843024" pos=<7362.7, 18.46, 7132.74>) OpenBarrel dp_box_small_Brown
12:13:40: Player "Lrk" (steam64id="76561198021843024" pos=<7362.7, 18.46, 7132.74>) CloseBarrel dp_box_small_Brown
12:13:47: Player "[YKZ]-Lobato" (steam64id="76561198158375860" pos=<11089.8, 35.24, 8431.1>) OpenBarrel dp_box_big_Brown
12:14:02: Player "[YKZ]-Lobato" (steam64id="76561198158375860" pos=<11088.8, 35.69, 8433.17>) OpenBarrel dp_box_big_Brown
12:16:43: Player "[YKZ]-Lobato" (steam64id="76561198158375860" pos=<11089.3, 35.24, 8433.63>) CloseBarrel dp_box_big_Brown
12:16:45: Player "[YKZ]-Lobato" (steam64id="76561198158375860" pos=<11089.3, 35.24, 8433.63>) OpenBarrel dp_box_big_Brown
12:16:47: Player "[YKZ]-Lobato" (steam64id="76561198158375860" pos=<11089.3, 35.24, 8433.63>) CloseBarrel dp_box_big_Brown
12:17:29: Player "[YKZ]-Lobato" (steam64id="76561198158375860" pos=<11089.4, 35.24, 8432.26>) OpenBarrel dp_box_big_Brown
12:17:34: Player "[YKZ]-Lobato" (steam64id="76561198158375860" pos=<11089.5, 35.24, 8432.37>) CloseBarrel dp_box_big_Brown
12:17:35: Player "[YKZ]-Lobato" (steam64id="76561198158375860" pos=<11089.6, 35.24, 8431.04>) OpenBarrel dp_box_small_Olive
12:18:17: Player "[YKZ]-Lobato" (steam64id="76561198158375860" pos=<11089.6, 35.24, 8431.04>) CloseBarrel dp_box_small_Olive
12:20:00: Player "[YKZ]-Lobato" (steam64id="76561198158375860" pos=<11089.7, 35.24, 8431.01>) OpenBarrel dp_box_small_Olive
12:20:07: Player "[YKZ]-Lobato" (steam64id="76561198158375860" pos=<11089.7, 35.24, 8431.01>) CloseBarrel dp_box_small_Olive
12:20:17: Player "[YKZ]-Lobato" (steam64id="76561198158375860" pos=<11089.3, 35.24, 8432.52>) OpenBarrel dp_box_big_Brown
12:21:55: Player "[YKZ]-Lobato" (steam64id="76561198158375860" pos=<11089.5, 35.24, 8432.71>) CloseBarrel dp_box_big_Brown
12:22:17: Player "[YKZ]-Lobato" (steam64id="76561198158375860" pos=<11089.1, 35.24, 8433.68>) OpenBarrel dp_box_big_Brown
12:22:49: Player "[YKZ]-Lobato" (steam64id="76561198158375860" pos=<11089.1, 35.24, 8433.68>) CloseBarrel dp_box_big_Brown
12:23:14: Player "[YKZ]-Lobato" (steam64id="76561198158375860" pos=<11090.2, 35.24, 8431.1>) CloseBarrel dp_box_big_Brown
12:23:18: Player "[YKZ]-Lobato" (steam64id="76561198158375860" pos=<11089.5, 35.24, 8431.91>) OpenBarrel dp_box_big_Brown
12:23:22: Player "[YKZ]-Lobato" (steam64id="76561198158375860" pos=<11089.5, 35.24, 8431.91>) CloseBarrel dp_box_big_Brown
12:23:23: Player "[YKZ]-Lobato" (steam64id="76561198158375860" pos=<11089.5, 35.24, 8430.88>) OpenBarrel dp_box_small_Olive
12:24:40: Player "[YKZ]-Lobato" (steam64id="76561198158375860" pos=<11090, 35.24, 8431.34>) CloseBarrel dp_box_small_Olive
12:24:42: Player "[YKZ]-Lobato" (steam64id="76561198158375860" pos=<11089.7, 35.59, 8432.84>) OpenBarrel dp_box_big_Brown
12:24:48: Player "[YKZ]-Lobato" (steam64id="76561198158375860" pos=<11089, 35.24, 8433.08>) CloseBarrel dp_box_big_Brown
12:33:41: Player "G A T O" (steam64id="76561199207813177" pos=<7550.32, 35.27, 7893.58>) OpenBarrel dp_box_big_Brown
12:34:51: Player "[L.B]TropaDoEnguisa" (steam64id="76561198211423224" pos=<7361.97, 18.46, 7133.36>) OpenBarrel dp_box_big_Olive
12:35:07: Player "[L.B]TropaDoEnguisa" (steam64id="76561198211423224" pos=<7362.35, 18.46, 7133.42>) CloseBarrel dp_box_big_Olive
12:39:11: Player "Lrk" (steam64id="76561198021843024" pos=<7358.56, 14.33, 7133.96>) OpenBarrel dp_box_big_Brown
12:41:25: Player "[YKZ] Emissarius" (steam64id="76561198271087379" pos=<11090.7, 31.61, 8429.93>) OpenBarrel dp_box_big_Olive
12:42:08: Player "[YKZ]-Lobato" (steam64id="76561198158375860" pos=<11089, 35.24, 8433.45>) OpenBarrel dp_box_big_Brown
12:43:20: Player "[YKZ]-Lobato" (steam64id="76561198158375860" pos=<11089, 35.24, 8433.45>) CloseBarrel dp_box_big_Brown
12:43:21: Player "[YKZ]-Lobato" (steam64id="76561198158375860" pos=<11089.4, 35.24, 8432.46>) OpenBarrel dp_box_big_Brown
12:43:25: Player "[YKZ]-Lobato" (steam64id="76561198158375860" pos=<11089.4, 35.24, 8432.46>) CloseBarrel dp_box_big_Brown
12:44:34: Player "[YKZ]-Lobato" (steam64id="76561198158375860" pos=<11089.2, 35.24, 8431.8>) OpenBarrel dp_box_big_Brown
12:44:38: Player "[YKZ]-Lobato" (steam64id="76561198158375860" pos=<11089.8, 35.24, 8432.5>) CloseBarrel dp_box_big_Brown
12:44:40: Player "[YKZ]-Lobato" (steam64id="76561198158375860" pos=<11089.9, 35.24, 8431.26>) OpenBarrel dp_box_big_Brown
12:44:43: Player "[YKZ]-Lobato" (steam64id="76561198158375860" pos=<11090.4, 35.24, 8431.17>) CloseBarrel dp_box_big_Brown
12:44:47: Player "[YKZ]-Lobato" (steam64id="76561198158375860" pos=<11089.5, 35.24, 8432.25>) OpenBarrel dp_box_big_Brown
12:45:23: Player "[YKZ]-Lobato" (steam64id="76561198158375860" pos=<11089.7, 35.24, 8432.39>) CloseBarrel dp_box_big_Brown
12:50:04: Player "[YKZ]-Lobato" (steam64id="76561198158375860" pos=<11089.4, 35.24, 8433.86>) OpenBarrel dp_box_big_Brown
12:50:08: Player "[YKZ]-Lobato" (steam64id="76561198158375860" pos=<11089.4, 35.24, 8433.86>) CloseBarrel dp_box_big_Brown
12:50:11: Player "[YKZ]-Lobato" (steam64id="76561198158375860" pos=<11089.6, 35.24, 8431.56>) OpenBarrel dp_box_big_Brown
12:50:14: Player "[YKZ]-Lobato" (steam64id="76561198158375860" pos=<11089.6, 35.24, 8431.56>) CloseBarrel dp_box_big_Brown
12:50:15: Player "[YKZ]-Lobato" (steam64id="76561198158375860" pos=<11090, 35.24, 8431.2>) OpenBarrel dp_box_big_Brown
12:50:18: Player "[YKZ]-Lobato" (steam64id="76561198158375860" pos=<11090, 35.24, 8431.2>) CloseBarrel dp_box_big_Brown
12:50:46: Player "[YKZ]-Lobato" (steam64id="76561198158375860" pos=<11089.2, 35.24, 8433.63>) OpenBarrel dp_box_big_Brown
13:07:22: Player "[L.B]TropaDoEnguisa" (steam64id="76561198211423224" pos=<7362.7, 18.46, 7132.61>) OpenBarrel dp_box_small_Brown
13:07:27: Player "[L.B]TropaDoEnguisa" (steam64id="76561198211423224" pos=<7362.62, 18.46, 7132.63>) CloseBarrel dp_box_small_Brown
13:07:28: Player "[L.B]TropaDoEnguisa" (steam64id="76561198211423224" pos=<7362.2, 18.46, 7132.7>) OpenBarrel dp_box_small_Olive
13:07:32: Player "[L.B]TropaDoEnguisa" (steam64id="76561198211423224" pos=<7362.2, 18.46, 7132.7>) CloseBarrel dp_box_small_Olive
13:07:34: Player "[L.B]TropaDoEnguisa" (steam64id="76561198211423224" pos=<7362.21, 18.46, 7133.45>) OpenBarrel dp_box_big_Grey
13:08:00: Player "[L.B]TropaDoEnguisa" (steam64id="76561198211423224" pos=<7362.21, 18.46, 7133.45>) CloseBarrel dp_box_big_Grey
13:08:02: Player "[L.B]TropaDoEnguisa" (steam64id="76561198211423224" pos=<7362.21, 18.46, 7133.45>) OpenBarrel dp_box_big_Olive
13:08:10: Player "[L.B]TropaDoEnguisa" (steam64id="76561198211423224" pos=<7362.66, 18.46, 7133.51>) CloseBarrel dp_box_big_Olive
13:08:13: Player "[L.B]TropaDoEnguisa" (steam64id="76561198211423224" pos=<7362.87, 19.07, 7135.16>) OpenBarrel dp_box_big_Olive
13:08:44: Player "[L.B]TropaDoEnguisa" (steam64id="76561198211423224" pos=<7362.78, 19.19, 7135.13>) CloseBarrel dp_box_big_Olive
13:08:46: Player "[L.B]TropaDoEnguisa" (steam64id="76561198211423224" pos=<7362.55, 18.59, 7134.31>) OpenBarrel dp_box_big_Tan
13:09:25: Player "[L.B]TropaDoEnguisa" (steam64id="76561198211423224" pos=<7362.55, 18.58, 7134.31>) CloseBarrel dp_box_big_Tan
13:09:28: Player "[L.B]TropaDoEnguisa" (steam64id="76561198211423224" pos=<7364.18, 18.46, 7139.7>) OpenBarrel dp_box_big_Tan
13:09:33: Player "[L.B]TropaDoEnguisa" (steam64id="76561198211423224" pos=<7364.18, 18.46, 7139.7>) CloseBarrel dp_box_big_Tan
13:09:35: Player "[L.B]TropaDoEnguisa" (steam64id="76561198211423224" pos=<7361.35, 18.90, 7140.48>) OpenBarrel dp_box_big_Brown
13:09:39: Player "[L.B]TropaDoEnguisa" (steam64id="76561198211423224" pos=<7361.35, 18.90, 7140.48>) CloseBarrel dp_box_big_Brown
13:09:51: Player "[L.B]TropaDoEnguisa" (steam64id="76561198211423224" pos=<7359.83, 19.43, 7140.71>) CloseBarrel dp_box_big_Brown
13:09:56: Player "[L.B]TropaDoEnguisa" (steam64id="76561198211423224" pos=<7356.65, 18.46, 7133.54>) OpenBarrel dp_box_small_Brown
13:10:01: Player "[L.B]TropaDoEnguisa" (steam64id="76561198211423224" pos=<7356.65, 18.46, 7133.54>) CloseBarrel dp_box_small_Brown
13:10:04: Player "[L.B]TropaDoEnguisa" (steam64id="76561198211423224" pos=<7356.65, 18.46, 7133.54>) OpenBarrel dp_box_small_Olive
13:10:35: Player "[L.B]TropaDoEnguisa" (steam64id="76561198211423224" pos=<7356.65, 18.46, 7133.54>) CloseBarrel dp_box_small_Olive
13:14:34: Player "[L.B]TropaDoEnguisa" (steam64id="76561198211423224" pos=<7363.99, 18.46, 7139.3>) OpenBarrel dp_box_big_Tan
13:14:44: Player "[L.B]TropaDoEnguisa" (steam64id="76561198211423224" pos=<7363.99, 18.46, 7139.3>) CloseBarrel dp_box_big_Tan
13:14:45: Player "[L.B]TropaDoEnguisa" (steam64id="76561198211423224" pos=<7361.75, 18.76, 7140.86>) OpenBarrel dp_box_big_Brown
13:14:52: Player "[L.B]TropaDoEnguisa" (steam64id="76561198211423224" pos=<7361.49, 18.83, 7140.62>) CloseBarrel dp_box_big_Brown
13:15:05: Player "[L.B]TropaDoEnguisa" (steam64id="76561198211423224" pos=<7362.7, 18.46, 7132.74>) OpenBarrel dp_box_small_Brown
13:15:07: Player "[L.B]TropaDoEnguisa" (steam64id="76561198211423224" pos=<7362.62, 18.46, 7132.76>) CloseBarrel dp_box_small_Brown
13:15:08: Player "[L.B]TropaDoEnguisa" (steam64id="76561198211423224" pos=<7362.28, 18.46, 7132.81>) OpenBarrel dp_box_small_Olive
13:15:11: Player "[L.B]TropaDoEnguisa" (steam64id="76561198211423224" pos=<7362.28, 18.46, 7132.81>) CloseBarrel dp_box_small_Olive
13:15:12: Player "[L.B]TropaDoEnguisa" (steam64id="76561198211423224" pos=<7362.15, 18.46, 7133.42>) OpenBarrel dp_box_big_Grey
13:15:15: Player "[L.B]TropaDoEnguisa" (steam64id="76561198211423224" pos=<7362.15, 18.46, 7133.42>) CloseBarrel dp_box_big_Grey
13:39:03: Player "[L.B]TropaDoEnguisa" (steam64id="76561198211423224" pos=<7362.52, 22.42, 7137.51>) CloseBarrel dp_box_big_Tan
13:50:53: Player "[YKZ]-BlackBear" (steam64id="76561198343030820" pos=<11088.7, 35.70, 8433.19>) CloseBarrel dp_box_big_Brown
13:54:13: Player "[EB] alemao" (steam64id="76561198046653521" pos=<10388.9, 17.64, 10612.6>) OpenBarrel dp_box_big_Grey
13:55:55: Player "[EB] alemao" (steam64id="76561198046653521" pos=<10389.2, 17.64, 10611.9>) CloseBarrel dp_box_big_Grey
13:56:53: Player "[EB] alemao" (steam64id="76561198046653521" pos=<10392.2, 17.67, 10609.5>) OpenBarrel dp_box_big_Grey
14:00:04: Player "[EB] alemao" (steam64id="76561198046653521" pos=<10392.2, 17.67, 10609.6>) CloseBarrel dp_box_big_Grey
14:00:27: Player "[EB] alemao" (steam64id="76561198046653521" pos=<10389.2, 17.64, 10611.6>) OpenBarrel dp_box_big_Grey
14:00:31: Player "[EB] alemao" (steam64id="76561198046653521" pos=<10389.2, 17.64, 10611.6>) CloseBarrel dp_box_big_Grey
14:00:41: Player "[EB] alemao" (steam64id="76561198046653521" pos=<10392, 17.67, 10609.7>) OpenBarrel dp_box_big_Grey
14:00:49: Player "[L.B] Santorin" (steam64id="76561199069721527" pos=<7360.25, 18.46, 7139.39>) OpenBarrel dp_box_big_Brown
14:01:18: Player "[EB] alemao" (steam64id="76561198046653521" pos=<10392, 17.67, 10609.7>) CloseBarrel dp_box_big_Grey
14:06:08: Player "C O R U J A" (steam64id="76561198819003355" pos=<7356.95, 18.46, 7133.45>) OpenBarrel dp_box_small_Olive
14:06:16: Player "C O R U J A" (steam64id="76561198819003355" pos=<7362.83, 18.46, 7134.11>) OpenBarrel dp_box_big_Olive
14:06:18: Player "C O R U J A" (steam64id="76561198819003355" pos=<7362.83, 18.46, 7134.11>) OpenBarrel dp_box_big_Olive
14:08:02: Player "[YKZ] chron1c" (steam64id="76561198205585613" pos=<11090.6, 31.61, 8429.98>) CloseBarrel dp_box_big_Olive
14:08:54: Player "[L.B]TropaDoEnguisa" (steam64id="76561198211423224" pos=<7363.07, 22.42, 7137.55>) OpenBarrel dp_box_big_Tan
14:08:57: Player "[L.B]TropaDoEnguisa" (steam64id="76561198211423224" pos=<7363.07, 22.42, 7137.55>) CloseBarrel dp_box_big_Tan
14:13:55: Player "C O R U J A" (steam64id="76561198819003355" pos=<7359.65, 18.46, 7139.78>) OpenBarrel dp_box_big_Brown
14:15:19: Player "ttuker" (steam64id="76561198971813376" pos=<7389.4, 32.04, 8201.35>) OpenBarrel dp_box_big_Tan
14:15:40: Player "ttuker" (steam64id="76561198971813376" pos=<7389.96, 31.55, 8202.44>) CloseBarrel dp_box_big_Tan
14:18:46: Player "[EB] alemao" (steam64id="76561198046653521" pos=<10389.4, 17.65, 10612>) OpenBarrel dp_box_big_Grey
14:19:59: Player "[EB] alemao" (steam64id="76561198046653521" pos=<10392.4, 17.68, 10609.8>) OpenBarrel dp_box_big_Grey
14:23:28: Player "[YKZ] Felps" (steam64id="76561198892779186" pos=<11090.8, 31.61, 8429.38>) OpenBarrel dp_box_big_Olive
14:23:46: Player "[YKZ] Felps" (steam64id="76561198892779186" pos=<11090.8, 31.61, 8429.4>) CloseBarrel dp_box_big_Olive
14:24:14: Player "[EB] alemao" (steam64id="76561198046653521" pos=<10392.2, 17.67, 10609.6>) CloseBarrel dp_box_big_Grey
14:24:36: Player "[EB] alemao" (steam64id="76561198046653521" pos=<10388.9, 18.02, 10611.5>) CloseBarrel dp_box_big_Grey
14:24:38: Player "[YKZ] Emissarius" (steam64id="76561198271087379" pos=<11091.2, 31.61, 8429.26>) OpenBarrel dp_box_big_Olive
14:24:39: Player "[EB] alemao" (steam64id="76561198046653521" pos=<10391, 17.65, 10609.1>) OpenBarrel dp_box_big_Grey
14:24:46: Player "[EB] alemao" (steam64id="76561198046653521" pos=<10391, 17.65, 10609.1>) CloseBarrel dp_box_big_Grey
14:24:54: Player "[EB] alemao" (steam64id="76561198046653521" pos=<10390.8, 17.65, 10609.2>) OpenBarrel dp_box_big_Grey
14:24:58: Player "[EB] alemao" (steam64id="76561198046653521" pos=<10391, 17.65, 10608.9>) CloseBarrel dp_box_big_Grey
14:25:00: Player "[EB] alemao" (steam64id="76561198046653521" pos=<10391, 17.65, 10608.9>) OpenBarrel dp_box_big_Grey
14:25:04: Player "[EB] alemao" (steam64id="76561198046653521" pos=<10392.2, 17.67, 10609.7>) OpenBarrel dp_box_big_Grey
14:25:18: Player "[EB] alemao" (steam64id="76561198046653521" pos=<10392.2, 17.67, 10609.7>) CloseBarrel dp_box_big_Grey
14:25:19: Player "[EB] alemao" (steam64id="76561198046653521" pos=<10390.5, 17.64, 10608.9>) CloseBarrel dp_box_big_Grey
14:25:29: Player "[EB] alemao" (steam64id="76561198046653521" pos=<10390.5, 17.64, 10608.9>) OpenBarrel dp_box_big_Grey
14:25:33: Player "[EB] alemao" (steam64id="76561198046653521" pos=<10390.5, 17.64, 10608.9>) CloseBarrel dp_box_big_Grey
14:25:37: Player "[EB] alemao" (steam64id="76561198046653521" pos=<10392, 17.67, 10609.8>) OpenBarrel dp_box_big_Grey
14:25:38: Player "[EB] alemao" (steam64id="76561198046653521" pos=<10392, 17.67, 10609.8>) CloseBarrel dp_box_big_Grey
14:26:22: Player "[YKZ]-Lobato" (steam64id="76561198158375860" pos=<11089.7, 35.24, 8432.22>) OpenBarrel dp_box_big_Brown
14:26:25: Player "[YKZ]-Lobato" (steam64id="76561198158375860" pos=<11089.6, 35.24, 8432.28>) CloseBarrel dp_box_big_Brown
14:26:26: Player "[YKZ]-Lobato" (steam64id="76561198158375860" pos=<11090.4, 35.59, 8431.46>) OpenBarrel dp_box_big_Brown
14:26:29: Player "[YKZ]-Lobato" (steam64id="76561198158375860" pos=<11090.4, 35.59, 8431.46>) CloseBarrel dp_box_big_Brown
14:26:40: Player "[EB] alemao" (steam64id="76561198046653521" pos=<10388.3, 14.53, 10616.3>) OpenBarrel dp_box_big_Grey
14:26:44: Player "[EB] alemao" (steam64id="76561198046653521" pos=<10388.3, 14.53, 10616.5>) CloseBarrel dp_box_big_Grey
14:33:20: Player "CRD" (steam64id="76561199033852709" pos=<7362.66, 18.46, 7132.78>) OpenBarrel dp_box_small_Brown
14:34:53: Player "[YKZ] chron1c" (steam64id="76561198205585613" pos=<11091.1, 31.61, 8428.87>) CloseBarrel dp_box_big_Olive
14:35:00: Player "[YKZ] chron1c" (steam64id="76561198205585613" pos=<11091.2, 31.97, 8428.49>) OpenBarrel dp_box_big_Olive
14:40:22: Player "[EB] alemao" (steam64id="76561198046653521" pos=<10389.3, 17.64, 10611.4>) OpenBarrel dp_box_big_Grey
14:40:26: Player "[EB] alemao" (steam64id="76561198046653521" pos=<10389.3, 17.64, 10611.4>) CloseBarrel dp_box_big_Grey
14:41:13: Player "[YKZ] chron1c" (steam64id="76561198205585613" pos=<11084.7, 4.21, 8422.39>) CloseBarrel HRM_Painted_Barrel_VSR
14:49:29: Player "[L.B]TropaDoEnguisa" (steam64id="76561198211423224" pos=<7362.99, 22.42, 7137.62>) OpenBarrel dp_box_big_Tan
14:49:32: Player "[L.B]TropaDoEnguisa" (steam64id="76561198211423224" pos=<7362.9, 22.42, 7137.69>) CloseBarrel dp_box_big_Tan
14:49:39: Player "[L.B]TropaDoEnguisa" (steam64id="76561198211423224" pos=<7362.99, 22.42, 7137.89>) OpenBarrel dp_box_big_Tan
14:49:41: Player "[L.B]TropaDoEnguisa" (steam64id="76561198211423224" pos=<7362.77, 22.42, 7138.1>) CloseBarrel dp_box_big_Tan
14:58:40: Player "[EB] alemao" (steam64id="76561198046653521" pos=<10389, 17.64, 10612.4>) OpenBarrel dp_box_big_Grey
14:59:35: Player "[EB] alemao" (steam64id="76561198046653521" pos=<10389.3, 17.65, 10612.5>) CloseBarrel dp_box_big_Grey
15:01:23: Player "[L.B]TropaDoEnguisa" (steam64id="76561198211423224" pos=<7363.95, 18.46, 7139.82>) OpenBarrel dp_box_big_Tan
15:01:26: Player "[L.B]TropaDoEnguisa" (steam64id="76561198211423224" pos=<7363.95, 18.46, 7139.82>) CloseBarrel dp_box_big_Tan
15:01:30: Player "[L.B]TropaDoEnguisa" (steam64id="76561198211423224" pos=<7361.37, 19.03, 7140.37>) CloseBarrel dp_box_big_Brown
15:02:22: Player "[L.B]TropaDoEnguisa" (steam64id="76561198211423224" pos=<7356.19, 18.46, 7133.09>) OpenBarrel dp_box_small_Brown
15:02:27: Player "[L.B]TropaDoEnguisa" (steam64id="76561198211423224" pos=<7356.19, 18.46, 7133.09>) CloseBarrel dp_box_small_Brown
15:02:29: Player "[L.B]TropaDoEnguisa" (steam64id="76561198211423224" pos=<7356.19, 18.46, 7133.09>) OpenBarrel dp_box_small_Brown
15:02:30: Player "[L.B]TropaDoEnguisa" (steam64id="76561198211423224" pos=<7356.19, 18.46, 7133.09>) CloseBarrel dp_box_small_Brown
15:02:33: Player "[L.B]TropaDoEnguisa" (steam64id="76561198211423224" pos=<7357.34, 18.46, 7133.94>) CloseBarrel dp_box_small_Olive
15:03:11: Player "[L.B]TropaDoEnguisa" (steam64id="76561198211423224" pos=<7362.52, 18.46, 7132.61>) CloseBarrel dp_box_small_Brown
15:03:13: Player "[L.B]TropaDoEnguisa" (steam64id="76561198211423224" pos=<7362.09, 18.46, 7132.64>) OpenBarrel dp_box_small_Olive
15:03:38: Player "[L.B]TropaDoEnguisa" (steam64id="76561198211423224" pos=<7358.37, 18.46, 7137.83>) CloseBarrel dp_box_small_Olive
15:03:50: Player "[L.B]TropaDoEnguisa" (steam64id="76561198211423224" pos=<7358.21, 18.46, 7138.33>) OpenBarrel dp_box_small_Olive
15:03:59: Player "[L.B]TropaDoEnguisa" (steam64id="76561198211423224" pos=<7358.26, 18.46, 7138.21>) CloseBarrel dp_box_small_Olive
15:04:14: Player "[L.B]TropaDoEnguisa" (steam64id="76561198211423224" pos=<7358.22, 18.46, 7138.4>) OpenBarrel dp_box_small_Olive
15:05:52: Player "[L.B]TropaDoEnguisa" (steam64id="76561198211423224" pos=<7362.58, 18.46, 7132.92>) OpenBarrel dp_box_small_Brown
15:05:55: Player "[L.B]TropaDoEnguisa" (steam64id="76561198211423224" pos=<7362.39, 18.46, 7132.57>) CloseBarrel dp_box_small_Brown
15:15:10: Player "[EB] alemao" (steam64id="76561198046653521" pos=<10392.1, 17.67, 10609.8>) OpenBarrel dp_box_big_Grey
15:16:11: Player "[EB] alemao" (steam64id="76561198046653521" pos=<10392.1, 17.67, 10609.8>) CloseBarrel dp_box_big_Grey
15:16:12: Player "[EB] alemao" (steam64id="76561198046653521" pos=<10389, 17.64, 10612.2>) OpenBarrel dp_box_big_Grey
15:16:44: Player "[EB] alemao" (steam64id="76561198046653521" pos=<10392.7, 17.68, 10610.1>) OpenBarrel dp_box_big_Grey
15:18:14: Player "[EB] alemao" (steam64id="76561198046653521" pos=<10392.7, 17.68, 10610.1>) CloseBarrel dp_box_big_Grey
15:19:24: Player "[EB] alemao" (steam64id="76561198046653521" pos=<10387.3, 14.52, 10616.2>) OpenBarrel dp_box_big_Grey
15:21:23: Player "[EB] alemao" (steam64id="76561198046653521" pos=<10388.5, 14.54, 10616.9>) CloseBarrel dp_box_big_Grey
15:27:44: Player "[EB] alemao" (steam64id="76561198046653521" pos=<10392.3, 17.67, 10609.6>) OpenBarrel dp_box_big_Grey
15:27:55: Player "[EB] GordoEmers" (steam64id="76561198260617608" pos=<10387.7, 14.53, 10616.2>) OpenBarrel dp_box_big_Grey
15:28:04: Player "[EB] GordoEmers" (steam64id="76561198260617608" pos=<10387.3, 14.52, 10616>) CloseBarrel dp_box_big_Grey
15:28:21: Player "[EB] GordoEmers" (steam64id="76561198260617608" pos=<10388, 14.53, 10616.5>) OpenBarrel dp_box_big_Grey
15:28:44: Player "[EB] alemao" (steam64id="76561198046653521" pos=<10392.3, 17.67, 10609.8>) CloseBarrel dp_box_big_Grey
15:29:57: Player "[EB] alemao" (steam64id="76561198046653521" pos=<10388.4, 14.54, 10616.8>) CloseBarrel dp_box_big_Grey
15:30:44: Player "[YKZ]-Lobato" (steam64id="76561198158375860" pos=<11089.7, 35.24, 8432.46>) OpenBarrel dp_box_big_Brown
15:30:52: Player "[YKZ]-Lobato" (steam64id="76561198158375860" pos=<11089.7, 35.24, 8432.46>) CloseBarrel dp_box_big_Brown
15:30:54: Player "[YKZ]-Lobato" (steam64id="76561198158375860" pos=<11090.2, 35.24, 8431.25>) OpenBarrel dp_box_big_Brown
15:31:09: Player "[YKZ]-Lobato" (steam64id="76561198158375860" pos=<11089.3, 35.24, 8432.34>) OpenBarrel dp_box_big_Brown
15:31:24: Player "[YKZ]-Lobato" (steam64id="76561198158375860" pos=<11089.4, 35.24, 8431.99>) CloseBarrel dp_box_big_Brown
15:31:25: Player "[YKZ]-Lobato" (steam64id="76561198158375860" pos=<11090.4, 35.24, 8430.62>) CloseBarrel dp_box_big_Brown
15:31:26: Player "[YKZ]-Lobato" (steam64id="76561198158375860" pos=<11090.4, 35.24, 8430.62>) OpenBarrel dp_box_big_Brown
15:31:37: Player "[EB] GordoEmers" (steam64id="76561198260617608" pos=<10393, 17.68, 10609.9>) OpenBarrel dp_box_big_Grey
15:31:57: Player "[EB] alemao" (steam64id="76561198046653521" pos=<10389.2, 17.64, 10611.7>) CloseBarrel dp_box_big_Grey
15:32:10: Player "[EB] GordoEmers" (steam64id="76561198260617608" pos=<10389.4, 17.64, 10611.4>) OpenBarrel dp_box_big_Grey
15:32:26: Player "[EB] alemao" (steam64id="76561198046653521" pos=<10391.6, 17.66, 10609.3>) OpenBarrel dp_box_big_Grey
15:33:04: Player "[EB] alemao" (steam64id="76561198046653521" pos=<10390.5, 17.64, 10608.7>) CloseBarrel dp_box_big_Grey
15:33:11: Player "[EB] alemao" (steam64id="76561198046653521" pos=<10392.2, 17.67, 10609.8>) CloseBarrel dp_box_big_Grey
15:33:40: Player "[EB] GordoEmers" (steam64id="76561198260617608" pos=<10391, 18.09, 10608.7>) OpenBarrel dp_box_big_Grey
15:33:44: Player "[EB] alemao" (steam64id="76561198046653521" pos=<10391.9, 17.67, 10609.7>) OpenBarrel dp_box_big_Grey
15:33:52: Player "[EB] alemao" (steam64id="76561198046653521" pos=<10391.9, 17.67, 10609.7>) CloseBarrel dp_box_big_Grey
15:33:58: Player "[EB] GordoEmers" (steam64id="76561198260617608" pos=<10392.7, 18.14, 10609.7>) OpenBarrel dp_box_big_Grey
15:34:41: Player "[EB] alemao" (steam64id="76561198046653521" pos=<10391.4, 18.11, 10608.4>) CloseBarrel dp_box_big_Grey
15:34:46: Player "[EB] GordoEmers" (steam64id="76561198260617608" pos=<10392.7, 17.68, 10610>) OpenBarrel dp_box_big_Grey
15:34:56: Player "[EB] alemao" (steam64id="76561198046653521" pos=<10391.9, 18.07, 10608.6>) CloseBarrel dp_box_big_Grey
15:35:09: Player "[EB] alemao" (steam64id="76561198046653521" pos=<10391.9, 18.07, 10608.6>) CloseBarrel dp_box_big_Grey
15:35:15: Player "[EB] GordoEmers" (steam64id="76561198260617608" pos=<10392.5, 17.68, 10609.8>) OpenBarrel dp_box_big_Grey
15:35:20: Player "[EB] alemao" (steam64id="76561198046653521" pos=<10389.2, 17.64, 10612.1>) CloseBarrel dp_box_big_Grey
15:35:36: Player "[EB] alemao" (steam64id="76561198046653521" pos=<10391.6, 17.66, 10609.2>) CloseBarrel dp_box_big_Grey
16:17:57: Player "[EB] GordoEmers" (steam64id="76561198260617608" pos=<10389.1, 17.65, 10612.7>) OpenBarrel dp_box_big_Grey
16:18:11: Player "[EB] GordoEmers" (steam64id="76561198260617608" pos=<10391, 17.65, 10609>) OpenBarrel dp_box_big_Grey
16:18:39: Player "[EB] alemao" (steam64id="76561198046653521" pos=<10392.6, 17.68, 10609.8>) OpenBarrel dp_box_big_Grey
16:20:12: Player "TropaDoEnguisa" (steam64id="76561198211423224" pos=<7344.92, 14.33, 7134.89>) CloseBarrel Barrel_Red
16:22:37: Player "TropaDoEnguisa" (steam64id="76561198211423224" pos=<7358.22, 18.46, 7133.6>) OpenBarrel dp_box_small_Olive
16:22:39: Player "TropaDoEnguisa" (steam64id="76561198211423224" pos=<7358.22, 18.46, 7133.6>) CloseBarrel dp_box_small_Olive
16:22:40: Player "TropaDoEnguisa" (steam64id="76561198211423224" pos=<7358.62, 18.46, 7134.18>) OpenBarrel dp_box_small_Brown
16:22:43: Player "TropaDoEnguisa" (steam64id="76561198211423224" pos=<7358.51, 18.46, 7134.14>) CloseBarrel dp_box_small_Brown
16:23:02: Player "[EB] GordoEmers" (steam64id="76561198260617608" pos=<10388.6, 18.09, 10611.7>) CloseBarrel dp_box_big_Grey
16:23:03: Player "TropaDoEnguisa" (steam64id="76561198211423224" pos=<7362.58, 18.46, 7133.77>) CloseBarrel dp_box_big_Olive
16:23:06: Player "TropaDoEnguisa" (steam64id="76561198211423224" pos=<7362.71, 18.77, 7134.57>) CloseBarrel dp_box_big_Olive
16:23:07: Player "[EB] GordoEmers" (steam64id="76561198260617608" pos=<10388.6, 18.09, 10611.7>) OpenBarrel dp_box_big_Grey
16:23:08: Player "TropaDoEnguisa" (steam64id="76561198211423224" pos=<7362.31, 18.46, 7132.57>) OpenBarrel dp_box_small_Brown
16:23:09: Player "TropaDoEnguisa" (steam64id="76561198211423224" pos=<7362.31, 18.46, 7132.59>) CloseBarrel dp_box_small_Brown
16:23:11: Player "TropaDoEnguisa" (steam64id="76561198211423224" pos=<7362.28, 18.46, 7133.94>) OpenBarrel dp_box_big_Grey
16:23:13: Player "TropaDoEnguisa" (steam64id="76561198211423224" pos=<7362.28, 18.46, 7133.94>) CloseBarrel dp_box_big_Grey
16:23:15: Player "TropaDoEnguisa" (steam64id="76561198211423224" pos=<7362.28, 18.46, 7133.94>) OpenBarrel dp_box_big_Olive
16:23:17: Player "TropaDoEnguisa" (steam64id="76561198211423224" pos=<7362.28, 18.46, 7133.94>) CloseBarrel dp_box_big_Olive
16:23:19: Player "TropaDoEnguisa" (steam64id="76561198211423224" pos=<7362.82, 18.84, 7134.69>) OpenBarrel dp_box_big_Olive
16:24:04: Player "[EB] alemao" (steam64id="76561198046653521" pos=<10387.3, 14.52, 10616.1>) OpenBarrel dp_box_big_Grey
16:24:23: Player "[EB] GordoEmers" (steam64id="76561198260617608" pos=<10389.8, 17.64, 10610.7>) CloseBarrel dp_box_big_Grey
16:24:31: Player "[L.B] Santorin" (steam64id="76561199069721527" pos=<7343.89, 14.33, 7135.01>) OpenBarrel Barrel_Red
16:24:34: Player "[EB] GordoEmers" (steam64id="76561198260617608" pos=<10389.2, 18.02, 10611.1>) OpenBarrel dp_box_big_Grey
16:25:30: Player "[EB] alemao" (steam64id="76561198046653521" pos=<10392.4, 17.67, 10609.7>) CloseBarrel dp_box_big_Grey
16:25:32: Player "[EB] alemao" (steam64id="76561198046653521" pos=<10390.7, 17.65, 10609.2>) CloseBarrel dp_box_big_Grey
16:26:35: Player "[EB] GordoEmers" (steam64id="76561198260617608" pos=<10392.7, 17.68, 10610.1>) OpenBarrel dp_box_big_Grey
16:27:35: Player "[EB] GordoEmers" (steam64id="76561198260617608" pos=<10392.2, 17.67, 10609.7>) CloseBarrel dp_box_big_Grey
16:27:37: Player "[EB] GordoEmers" (steam64id="76561198260617608" pos=<10389.4, 17.64, 10611.3>) CloseBarrel dp_box_big_Grey
16:29:11: Player "[EB] alemao" (steam64id="76561198046653521" pos=<10392.2, 17.67, 10609.6>) OpenBarrel dp_box_big_Grey
16:29:27: Player "[L.B] Santorin" (steam64id="76561199069721527" pos=<7357.52, 18.46, 7133.85>) OpenBarrel dp_box_small_Brown
16:29:39: Player "[EB] alemao" (steam64id="76561198046653521" pos=<10392.2, 17.67, 10609.6>) CloseBarrel dp_box_big_Grey
16:33:10: Player "[EB] alemao" (steam64id="76561198046653521" pos=<10392.3, 17.67, 10609.7>) OpenBarrel dp_box_big_Grey
16:33:24: Player "[EB] alemao" (steam64id="76561198046653521" pos=<10392.2, 17.67, 10609.9>) CloseBarrel dp_box_big_Grey
16:48:02: Player "C O R U J A" (steam64id="76561198819003355" pos=<7361.64, 19.42, 7140.03>) OpenBarrel dp_box_big_Brown
17:26:42: Player "Beto" (steam64id="76561198329721265" pos=<9560.36, 6.07, 9582.98>) OpenBarrel dp_box_small_Olive
17:26:50: Player "Beto" (steam64id="76561198329721265" pos=<9560.36, 6.07, 9582.98>) CloseBarrel dp_box_small_Olive
17:30:44: Player "Beto" (steam64id="76561198329721265" pos=<8856.04, 11.61, 10239.8>) OpenBarrel dp_box_small_Olive
17:36:58: Player "[HORDA]ThiagoPenna" (steam64id="76561198218822351" pos=<9953.75, 19.17, 11777.3>) CloseBarrel dp_box_big_Grey
17:37:21: Player "[HORDA]ThiagoPenna" (steam64id="76561198218822351" pos=<9955.7, 19.17, 11777.7>) CloseBarrel dp_box_big_Grey
17:37:23: Player "[HORDA]ThiagoPenna" (steam64id="76561198218822351" pos=<9955.35, 19.17, 11778.8>) CloseBarrel dp_box_big_Grey
17:37:45: Player "[HORDA]ThiagoPenna" (steam64id="76561198218822351" pos=<9956.58, 7.53, 11778.2>) CloseBarrel dp_box_big_Grey
17:46:18: Player "[EB] GordoEmers" (steam64id="76561198260617608" pos=<10389, 17.64, 10612.3>) OpenBarrel dp_box_big_Grey
17:47:51: Player "[EB] alemao" (steam64id="76561198046653521" pos=<10392.1, 17.67, 10609.8>) OpenBarrel dp_box_big_Grey
17:49:12: Player "[EB] alemao" (steam64id="76561198046653521" pos=<10390.3, 17.64, 10608.9>) OpenBarrel dp_box_big_Grey
18:06:52: Player "[EB] alemao" (steam64id="76561198046653521" pos=<10391.1, 17.66, 10609.1>) CloseBarrel dp_box_big_Grey
18:10:09: Player "[EB] alemao" (steam64id="76561198046653521" pos=<10389.3, 17.64, 10611.6>) CloseBarrel dp_box_big_Grey
18:10:50: Player "[EB] GordoEmers" (steam64id="76561198260617608" pos=<10387.6, 14.52, 10615.9>) CloseBarrel dp_box_big_Grey
18:12:30: Player "[EB] GordoEmers" (steam64id="76561198260617608" pos=<10392.4, 18.14, 10609>) OpenBarrel dp_box_big_Grey
18:12:41: Player "[EB] alemao" (steam64id="76561198046653521" pos=<10390.9, 17.65, 10609.3>) CloseBarrel dp_box_big_Grey
18:12:53: Player "[EB] alemao" (steam64id="76561198046653521" pos=<10390.6, 17.64, 10608.8>) OpenBarrel dp_box_big_Grey
18:13:51: Player "[EB] alemao" (steam64id="76561198046653521" pos=<10390.6, 17.64, 10608.6>) CloseBarrel dp_box_big_Grey
18:14:08: Player "[EB] alemao" (steam64id="76561198046653521" pos=<10391, 17.65, 10609>) OpenBarrel dp_box_big_Grey
18:20:17: Player "[EB] alemao" (steam64id="76561198046653521" pos=<10390.4, 17.64, 10608.6>) CloseBarrel dp_box_big_Grey
18:20:19: Player "[EB] alemao" (steam64id="76561198046653521" pos=<10392.1, 17.67, 10609.5>) CloseBarrel dp_box_big_Grey
18:22:49: Player "[EB] alemao" (steam64id="76561198046653521" pos=<10387.8, 14.53, 10616.6>) OpenBarrel dp_box_big_Grey
18:22:57: Player "[EB] alemao" (steam64id="76561198046653521" pos=<10387.8, 14.53, 10616.6>) CloseBarrel dp_box_big_Grey
18:23:32: Player "[EB] alemao" (steam64id="76561198046653521" pos=<10387.9, 14.53, 10616.7>) OpenBarrel dp_box_big_Grey
18:23:48: Player "[EB] alemao" (steam64id="76561198046653521" pos=<10387.9, 14.53, 10616.6>) CloseBarrel dp_box_big_Grey
18:26:49: Player "[YKZ] Felps" (steam64id="76561198892779186" pos=<11085.9, 4.21, 8421.55>) OpenBarrel HRM_Painted_Barrel_VSR
18:35:56: Player "[EB] alemao" (steam64id="76561198046653521" pos=<10388.9, 17.64, 10612.3>) OpenBarrel dp_box_big_Grey
18:38:02: Player "[L.B]Hunter" (steam64id="76561199247778251" pos=<7362.24, 18.46, 7133.15>) OpenBarrel dp_box_small_Brown
18:38:03: Player "[L.B]Hunter" (steam64id="76561199247778251" pos=<7362.24, 18.46, 7133.15>) OpenBarrel dp_box_big_Olive
18:38:05: Player "[L.B]Hunter" (steam64id="76561199247778251" pos=<7361.96, 18.46, 7133.77>) OpenBarrel dp_box_big_Grey
18:40:30: Player "[L.B]Hunter" (steam64id="76561199247778251" pos=<7358, 18.46, 7134.01>) OpenBarrel dp_box_small_Olive
18:50:23: Player "[EB] GordoEmers" (steam64id="76561198260617608" pos=<10389.5, 17.65, 10612.6>) CloseBarrel dp_box_big_Grey
18:50:37: Player "[L.B]Hunter" (steam64id="76561199247778251" pos=<7362.55, 19.00, 7135.07>) OpenBarrel dp_box_big_Tan
18:51:14: Player "[L.B]Hunter" (steam64id="76561199247778251" pos=<7362.87, 22.42, 7137.43>) OpenBarrel dp_box_big_Tan
18:51:21: Player "[L.B]Hunter" (steam64id="76561199247778251" pos=<7362.87, 22.42, 7137.43>) CloseBarrel dp_box_big_Tan
18:52:39: Player "Biel FxR" (steam64id="76561198050836260" pos=<7553.77, 31.35, 7894.98>) OpenBarrel dp_box_big_Brown
18:52:41: Player "Biel FxR" (steam64id="76561198050836260" pos=<7554.07, 31.35, 7894.39>) CloseBarrel dp_box_big_Brown
18:53:18: Player "[EB] GordoEmers" (steam64id="76561198260617608" pos=<10391.5, 18.08, 10608.7>) OpenBarrel dp_box_big_Grey
18:54:23: Player "[EB] GordoEmers" (steam64id="76561198260617608" pos=<10392.5, 17.68, 10609.6>) OpenBarrel dp_box_big_Grey
18:54:25: Player "[EB] GordoEmers" (steam64id="76561198260617608" pos=<10392.5, 17.68, 10609.6>) CloseBarrel dp_box_big_Grey
18:55:21: Player "[HORDA] zBieL" (steam64id="76561198001525812" pos=<9955.91, 19.17, 11778.6>) OpenBarrel dp_box_big_Grey
18:55:22: Player "[HORDA] zBieL" (steam64id="76561198001525812" pos=<9955.91, 19.17, 11778.6>) OpenBarrel dp_box_big_Grey
18:55:41: Player "[HORDA] zBieL" (steam64id="76561198001525812" pos=<9953.59, 19.17, 11777.4>) OpenBarrel dp_box_big_Grey
18:56:05: Player "Biel FxR" (steam64id="76561198050836260" pos=<7553.91, 31.35, 7893.1>) OpenBarrel dp_box_big_Brown
18:56:24: Player "[EB] GordoEmers" (steam64id="76561198260617608" pos=<10391.1, 17.65, 10609.4>) CloseBarrel dp_box_big_Grey
18:56:24: Player "[EB] GordoEmers" (steam64id="76561198260617608" pos=<10391.1, 17.65, 10609.4>) OpenBarrel dp_box_big_Grey
18:56:30: Player "[EB] GordoEmers" (steam64id="76561198260617608" pos=<10391.1, 17.65, 10609.5>) CloseBarrel dp_box_big_Grey
18:58:03: Player "[HORDA] zBieL" (steam64id="76561198001525812" pos=<9956, 7.53, 11777.2>) OpenBarrel dp_box_big_Grey
19:04:05: Player "[L.B] LopesTa " (steam64id="76561198375254083" pos=<7362.81, 18.85, 7140.43>) OpenBarrel dp_box_big_Tan
19:11:23: Player "Duero" (steam64id="76561198259492425" pos=<7390.62, 31.55, 8201.66>) OpenBarrel dp_box_big_Tan
19:11:24: Player "Duero" (steam64id="76561198259492425" pos=<7390.62, 31.55, 8201.66>) CloseBarrel dp_box_big_Tan
19:11:26: Player "Duero" (steam64id="76561198259492425" pos=<7393.15, 31.55, 8201.08>) OpenBarrel dp_box_big_Grey
19:11:52: Player "Duero" (steam64id="76561198259492425" pos=<7393.42, 31.55, 8201.07>) CloseBarrel dp_box_big_Grey
19:16:09: Player "[YKZ]-Lobato" (steam64id="76561198158375860" pos=<7680.34, 43.72, 6516.38>) OpenBarrel dp_box_big_Brown
19:23:09: Player "[HORDA]MacLovin" (steam64id="76561199068236803" pos=<9951.11, 19.17, 11776>) CloseBarrel dp_box_big_Grey
19:23:15: Player "[HORDA]MacLovin" (steam64id="76561199068236803" pos=<9955.53, 19.17, 11778.4>) CloseBarrel dp_box_big_Grey
19:23:32: Player "[L.B] LopesTa " (steam64id="76561198375254083" pos=<7362.81, 22.42, 7137.52>) OpenBarrel dp_box_big_Tan
19:23:44: Player "[L.B] LopesTa " (steam64id="76561198375254083" pos=<7362.8, 22.42, 7137.51>) CloseBarrel dp_box_big_Tan
19:26:23: Player "[EB] alemao" (steam64id="76561198046653521" pos=<10387.6, 14.52, 10616.3>) OpenBarrel dp_box_big_Grey
19:26:25: Player "[EB] alemao" (steam64id="76561198046653521" pos=<10387.6, 14.52, 10616.3>) CloseBarrel dp_box_big_Grey
19:27:40: Player "[EB] GordoEmers" (steam64id="76561198260617608" pos=<10387.1, 14.52, 10616.5>) OpenBarrel dp_box_big_Grey
19:39:14: Player "[EB] GordoEmers" (steam64id="76561198260617608" pos=<10388.7, 18.09, 10611.2>) OpenBarrel dp_box_big_Grey
19:40:31: Player "[EB] GordoEmers" (steam64id="76561198260617608" pos=<10390.9, 17.65, 10608.9>) OpenBarrel dp_box_big_Grey
19:40:43: Player "[EB] GordoEmers" (steam64id="76561198260617608" pos=<10391, 17.65, 10608.7>) CloseBarrel dp_box_big_Grey
19:40:44: Player "[EB] GordoEmers" (steam64id="76561198260617608" pos=<10392.4, 17.67, 10609.6>) OpenBarrel dp_box_big_Grey
19:40:52: Player "[EB] GordoEmers" (steam64id="76561198260617608" pos=<10393, 18.14, 10609.2>) CloseBarrel dp_box_big_Grey
19:41:02: Player "[EB] GordoEmers" (steam64id="76561198260617608" pos=<10391.9, 17.67, 10609.7>) OpenBarrel dp_box_big_Grey
19:41:03: Player "[EB] GordoEmers" (steam64id="76561198260617608" pos=<10391.9, 17.67, 10609.7>) OpenBarrel dp_box_big_Grey
19:41:39: Player "[EB] GordoEmers" (steam64id="76561198260617608" pos=<10390.8, 17.65, 10608.8>) CloseBarrel dp_box_big_Grey
19:46:32: Player "[EB] GordoEmers" (steam64id="76561198260617608" pos=<10391.8, 17.67, 10609.9>) CloseBarrel dp_box_big_Grey
19:49:23: Player "Duero" (steam64id="76561198259492425" pos=<7393.02, 31.55, 8200.78>) OpenBarrel dp_box_big_Grey
19:51:07: Player "[HORDA] JHON WICK" (steam64id="76561198122075703" pos=<9955.79, 19.17, 11778.4>) OpenBarrel dp_box_big_Grey
19:52:37: Player "[EB] GordoEmers" (steam64id="76561198260617608" pos=<10391, 17.65, 10608.9>) OpenBarrel dp_box_big_Grey
19:52:56: Player "[EB] alemao" (steam64id="76561198046653521" pos=<10389.6, 17.65, 10611.6>) CloseBarrel dp_box_big_Grey
19:55:53: Player "[EB] GordoEmers" (steam64id="76561198260617608" pos=<10388.3, 14.53, 10616.7>) CloseBarrel dp_box_big_Grey
20:03:52: Player "[YKZ]-Lobato" (steam64id="76561198158375860" pos=<11092.2, 35.24, 8427.83>) OpenBarrel dp_box_small_Olive
20:03:52: Player "[EB] GordoEmers" (steam64id="76561198260617608" pos=<10391.8, 17.66, 10609.2>) CloseBarrel dp_box_big_Grey
20:03:55: Player "[YKZ]-Lobato" (steam64id="76561198158375860" pos=<11092.2, 35.24, 8427.83>) CloseBarrel dp_box_small_Olive
20:04:18: Player "[YKZ]-Lobato" (steam64id="76561198158375860" pos=<11089, 35.24, 8433.1>) OpenBarrel dp_box_big_Brown
20:04:21: Player "[YKZ]-Lobato" (steam64id="76561198158375860" pos=<11089, 35.24, 8433.1>) CloseBarrel dp_box_big_Brown
20:04:22: Player "[YKZ]-Lobato" (steam64id="76561198158375860" pos=<11089.1, 35.24, 8433.09>) OpenBarrel dp_box_big_Brown
20:04:24: Player "[YKZ]-Lobato" (steam64id="76561198158375860" pos=<11089.1, 35.24, 8433.09>) CloseBarrel dp_box_big_Brown
20:04:36: Player "[ONE] JAPA" (steam64id="76561198161060673" pos=<9570.56, 29.33, 12167.1>) CloseBarrel dp_box_big_Grey
20:04:43: Player "[ONE] JAPA" (steam64id="76561198161060673" pos=<9570.31, 29.27, 12165.4>) CloseBarrel dp_box_big_Grey
20:04:47: Player "[ONE] JAPA" (steam64id="76561198161060673" pos=<9570.2, 29.22, 12163.4>) CloseBarrel dp_box_big_Grey
20:04:50: Player "[ONE] JAPA" (steam64id="76561198161060673" pos=<9570.08, 29.20, 12162>) CloseBarrel dp_box_big_Grey
20:04:55: Player "[YKZ]-Lobato" (steam64id="76561198158375860" pos=<11089.3, 35.24, 8431.7>) OpenBarrel dp_box_big_Brown
20:04:56: Player "[ONE] JAPA" (steam64id="76561198161060673" pos=<9569.61, 29.17, 12160.6>) CloseBarrel dp_box_big_Grey
20:04:59: Player "[ONE] JAPA" (steam64id="76561198161060673" pos=<9568.95, 29.16, 12159.3>) CloseBarrel dp_box_big_Grey
20:05:08: Player "[ONE] JAPA" (steam64id="76561198161060673" pos=<9568.34, 29.14, 12157.8>) CloseBarrel dp_box_big_Grey
20:05:18: Player "[ONE] JAPA" (steam64id="76561198161060673" pos=<9567.48, 29.14, 12156.6>) CloseBarrel dp_box_big_Olive
20:05:28: Player "[YKZ]-Lobato" (steam64id="76561198158375860" pos=<11089.3, 35.24, 8432.14>) CloseBarrel dp_box_big_Brown
20:06:17: Player "[YKZ]-Lobato" (steam64id="76561198158375860" pos=<11090.4, 35.24, 8430.67>) CloseBarrel dp_box_big_Brown
20:06:42: Player "[ONE] JAPA" (steam64id="76561198161060673" pos=<9570.37, 29.28, 12165.8>) OpenBarrel dp_box_big_Grey
20:06:45: Player "[EB] GordoEmers" (steam64id="76561198260617608" pos=<10387.4, 14.52, 10616.5>) OpenBarrel dp_box_big_Grey
20:06:47: Player "[ONE] JAPA" (steam64id="76561198161060673" pos=<9570.46, 29.29, 12165.9>) CloseBarrel dp_box_big_Grey
20:06:49: Player "[ONE] JAPA" (steam64id="76561198161060673" pos=<9570.54, 29.33, 12167>) OpenBarrel dp_box_big_Grey
20:06:52: Player "[ONE] JAPA" (steam64id="76561198161060673" pos=<9570.3, 29.32, 12166.7>) CloseBarrel dp_box_big_Grey
20:06:53: Player "[ONE] JAPA" (steam64id="76561198161060673" pos=<9570.16, 29.24, 12163.9>) OpenBarrel dp_box_big_Grey
20:06:55: Player "[ONE] JAPA" (steam64id="76561198161060673" pos=<9569.93, 29.23, 12163.5>) CloseBarrel dp_box_big_Grey
20:06:56: Player "[ONE] JAPA" (steam64id="76561198161060673" pos=<9570.14, 29.21, 12162>) OpenBarrel dp_box_big_Grey
20:10:02: Player "[EB] alemao" (steam64id="76561198046653521" pos=<10390.8, 17.65, 10609.1>) OpenBarrel dp_box_big_Grey
20:10:26: Player "[EB] alemao" (steam64id="76561198046653521" pos=<10392.4, 17.67, 10609.6>) OpenBarrel dp_box_big_Grey
20:10:26: Player "[YKZ]-Lobato" (steam64id="76561198158375860" pos=<11089.5, 35.24, 8432.72>) OpenBarrel dp_box_big_Brown
20:10:29: Player "[YKZ]-Lobato" (steam64id="76561198158375860" pos=<11089.5, 35.24, 8432.72>) CloseBarrel dp_box_big_Brown
20:11:00: Player "[YKZ]-Lobato" (steam64id="76561198158375860" pos=<11089.1, 35.24, 8433.32>) OpenBarrel dp_box_big_Brown
20:11:14: Player "[YKZ]-Lobato" (steam64id="76561198158375860" pos=<11089.1, 35.24, 8433.32>) CloseBarrel dp_box_big_Brown
20:11:14: Player "[EB] alemao" (steam64id="76561198046653521" pos=<10392.3, 17.68, 10610.2>) CloseBarrel dp_box_big_Grey
20:11:16: Player "[EB] alemao" (steam64id="76561198046653521" pos=<10390.9, 17.65, 10609.4>) CloseBarrel dp_box_big_Grey
20:12:29: Player "[EB] alemao" (steam64id="76561198046653521" pos=<10392.5, 17.68, 10610.7>) OpenBarrel dp_box_big_Grey
20:12:31: Player "[EB] alemao" (steam64id="76561198046653521" pos=<10392.5, 17.68, 10610.7>) CloseBarrel dp_box_big_Grey
20:12:53: Player "[EB] alemao" (steam64id="76561198046653521" pos=<10392.5, 17.69, 10611.1>) OpenBarrel dp_box_big_Grey
20:14:49: Player "[EB] alemao" (steam64id="76561198046653521" pos=<10392.5, 17.68, 10611>) CloseBarrel dp_box_big_Grey
20:14:54: Player "[EB] alemao" (steam64id="76561198046653521" pos=<10392.5, 17.68, 10611>) OpenBarrel dp_box_big_Grey
20:15:17: Player "[EB] alemao" (steam64id="76561198046653521" pos=<10392.7, 17.69, 10611.5>) CloseBarrel dp_box_big_Grey
20:15:37: Player "[EB] alemao" (steam64id="76561198046653521" pos=<10392.2, 17.69, 10611.9>) OpenBarrel dp_box_big_Grey
20:15:39: Player "[EB] alemao" (steam64id="76561198046653521" pos=<10392.2, 17.69, 10611.9>) CloseBarrel dp_box_big_Grey
20:15:47: Player "[EB] GordoEmers" (steam64id="76561198260617608" pos=<10392.7, 17.69, 10610.7>) OpenBarrel dp_box_big_Grey
20:15:50: Player "ploodrinny" (steam64id="76561198312062387" pos=<7361.6, 21.52, 7137.49>) OpenBarrel dp_box_big_Tan
20:17:57: Player "[EB] GordoEmers" (steam64id="76561198260617608" pos=<10392.8, 17.69, 10611.1>) CloseBarrel dp_box_big_Grey
20:19:34: Player "[EB] alemao" (steam64id="76561198046653521" pos=<10392.5, 17.69, 10611.4>) OpenBarrel dp_box_big_Grey
20:19:39: Player "[EB] alemao" (steam64id="76561198046653521" pos=<10391.1, 17.65, 10609.5>) OpenBarrel dp_box_big_Grey
20:19:43: Player "[EB] alemao" (steam64id="76561198046653521" pos=<10391.1, 17.65, 10609>) CloseBarrel dp_box_big_Grey
20:19:44: Player "[EB] alemao" (steam64id="76561198046653521" pos=<10392.3, 17.67, 10609.8>) OpenBarrel dp_box_big_Grey
20:19:53: Player "[EB] alemao" (steam64id="76561198046653521" pos=<10392.7, 17.69, 10611.1>) CloseBarrel dp_box_big_Grey
20:19:56: Player "[EB] alemao" (steam64id="76561198046653521" pos=<10392.7, 17.69, 10611.1>) OpenBarrel dp_box_big_Grey
20:19:57: Player "[EB] alemao" (steam64id="76561198046653521" pos=<10392.7, 17.69, 10611.1>) CloseBarrel dp_box_big_Grey
20:20:38: Player "[EB] GordoEmers" (steam64id="76561198260617608" pos=<10391.6, 17.66, 10609.3>) CloseBarrel dp_box_big_Grey
20:22:16: Player "[EB] alemao" (steam64id="76561198046653521" pos=<10391.2, 17.66, 10609.4>) OpenBarrel dp_box_big_Grey
20:23:04: Player "[EB] alemao" (steam64id="76561198046653521" pos=<10391.6, 17.66, 10609.7>) CloseBarrel dp_box_big_Grey
20:23:28: Player "[EB] alemao" (steam64id="76561198046653521" pos=<10387.4, 14.52, 10616.8>) CloseBarrel dp_box_big_Grey
20:25:52: Player "[YKZ] chron1c" (steam64id="76561198205585613" pos=<11090.9, 32.07, 8428.12>) CloseBarrel dp_box_big_Olive
20:35:12: Player "[YKZ] Emissarius" (steam64id="76561198271087379" pos=<11090.7, 31.61, 8429.91>) OpenBarrel dp_box_big_Olive
20:35:26: Player "ObreD" (steam64id="76561198258911731" pos=<8644.47, 7.88, 10104.8>) OpenBarrel dp_box_small_Olive
20:35:34: Player "ObreD" (steam64id="76561198258911731" pos=<8644.61, 7.35, 10104.4>) CloseBarrel dp_box_small_Olive
20:37:10: Player "[YKZ]-BlackBear" (steam64id="76561198343030820" pos=<11085.6, 41.36, 8427.56>) OpenBarrel dp_box_big_Brown
20:37:14: Player "[YKZ]-BlackBear" (steam64id="76561198343030820" pos=<11085.3, 41.36, 8427.45>) CloseBarrel dp_box_big_Brown
20:39:15: Player "ttuker" (steam64id="76561198971813376" pos=<7391.45, 31.55, 8202.27>) OpenBarrel dp_box_big_Olive
20:39:23: Player "ttuker" (steam64id="76561198971813376" pos=<7391.45, 31.55, 8202.27>) CloseBarrel dp_box_big_Olive
20:39:40: Player "TitioSam" (steam64id="76561199014145539" pos=<8851.36, 11.59, 10243.8>) OpenBarrel dp_box_big_Brown
20:39:45: Player "ttuker" (steam64id="76561198971813376" pos=<7390.29, 31.55, 8199.64>) OpenBarrel dp_box_big_Brown
20:39:58: Player "ttuker" (steam64id="76561198971813376" pos=<7389.45, 31.55, 8199.76>) OpenBarrel dp_box_big_Tan
20:40:04: Player "ttuker" (steam64id="76561198971813376" pos=<7389.52, 31.55, 8200.58>) CloseBarrel dp_box_big_Tan
20:40:06: Player "ttuker" (steam64id="76561198971813376" pos=<7389.7, 31.55, 8201.9>) OpenBarrel dp_box_big_Tan
20:40:55: Player "Duero" (steam64id="76561198259492425" pos=<7390.26, 31.55, 8202.25>) CloseBarrel dp_box_big_Tan
20:41:01: Player "Duero" (steam64id="76561198259492425" pos=<7389.3, 31.97, 8200.15>) CloseBarrel dp_box_big_Brown
20:41:17: Player "ObreD" (steam64id="76561198258911731" pos=<8855.91, 11.61, 10239.5>) OpenBarrel dp_box_small_Olive
20:41:36: Player "[YKZ]-Lobato" (steam64id="76561198158375860" pos=<11089.4, 35.24, 8431.79>) OpenBarrel dp_box_big_Brown
20:41:46: Player "[YKZ]-Lobato" (steam64id="76561198158375860" pos=<11089.5, 35.24, 8432.41>) CloseBarrel dp_box_big_Brown
20:41:47: Player "[YKZ]-Lobato" (steam64id="76561198158375860" pos=<11090, 35.24, 8430.88>) OpenBarrel dp_box_big_Brown
20:41:53: Player "[YKZ]-Lobato" (steam64id="76561198158375860" pos=<11090.4, 35.24, 8430.99>) CloseBarrel dp_box_big_Brown
20:41:54: Player "[YKZ]-Lobato" (steam64id="76561198158375860" pos=<11090.4, 35.24, 8430.99>) OpenBarrel dp_box_small_Olive
20:41:59: Player "[YKZ]-Lobato" (steam64id="76561198158375860" pos=<11090.4, 35.24, 8430.99>) CloseBarrel dp_box_small_Olive
20:42:00: Player "ObreD" (steam64id="76561198258911731" pos=<8854.47, 11.61, 10240.6>) CloseBarrel dp_box_big_Olive
20:42:07: Player "ObreD" (steam64id="76561198258911731" pos=<8854.09, 11.61, 10241.1>) CloseBarrel dp_box_big_Grey
20:42:09: Player "ObreD" (steam64id="76561198258911731" pos=<8852.07, 11.85, 10242.2>) CloseBarrel dp_box_big_Tan
20:42:11: Player "ObreD" (steam64id="76561198258911731" pos=<8851.68, 11.61, 10242.9>) CloseBarrel dp_box_big_Brown
20:42:15: Player "[YKZ]-Lobato" (steam64id="76561198158375860" pos=<11089.6, 35.67, 8433.21>) OpenBarrel dp_box_big_Brown
20:42:24: Player "[YKZ]-Lobato" (steam64id="76561198158375860" pos=<11089.7, 35.63, 8433.59>) CloseBarrel dp_box_big_Brown
20:44:03: Player "TitioSam" (steam64id="76561199014145539" pos=<8852.57, 11.61, 10242.6>) OpenBarrel dp_box_big_Tan
20:45:07: Player "TitioSam" (steam64id="76561199014145539" pos=<8854.42, 11.61, 10240.8>) OpenBarrel dp_box_big_Olive
20:45:08: Player "TitioSam" (steam64id="76561199014145539" pos=<8854.42, 11.61, 10240.8>) CloseBarrel dp_box_big_Olive
20:45:09: Player "TitioSam" (steam64id="76561199014145539" pos=<8853.74, 11.61, 10241.2>) OpenBarrel dp_box_big_Grey
20:45:15: Player "TitioSam" (steam64id="76561199014145539" pos=<8853.74, 11.61, 10241.2>) CloseBarrel dp_box_big_Grey
20:47:01: Player "ttuker" (steam64id="76561198971813376" pos=<7391.67, 31.55, 8202.32>) OpenBarrel dp_box_big_Olive
20:47:10: Player "ttuker" (steam64id="76561198971813376" pos=<7391.67, 31.55, 8202.32>) CloseBarrel dp_box_big_Olive
20:47:14: Player "ttuker" (steam64id="76561198971813376" pos=<7389.63, 31.55, 8201.32>) OpenBarrel dp_box_big_Tan
20:50:27: Player "Kenne" (steam64id="76561199162256124" pos=<8853.79, 11.61, 10241.3>) OpenBarrel dp_box_big_Grey
20:50:32: Player "Kenne" (steam64id="76561199162256124" pos=<8853.67, 11.61, 10241>) CloseBarrel dp_box_big_Grey
20:50:33: Player "Kenne" (steam64id="76561199162256124" pos=<8854.87, 11.61, 10240.7>) OpenBarrel dp_box_big_Olive
20:51:04: Player "[HORDA]KAS" (steam64id="76561199202697738" pos=<9954.88, 19.17, 11777.2>) OpenBarrel dp_box_big_Grey
20:51:11: Player "[HORDA]KAS" (steam64id="76561199202697738" pos=<9954.56, 19.17, 11777.3>) CloseBarrel dp_box_big_Grey
20:53:08: Player "Kenne" (steam64id="76561199162256124" pos=<8851.67, 11.61, 10243.2>) OpenBarrel dp_box_big_Brown
20:53:21: Player "Kenne" (steam64id="76561199162256124" pos=<8853.03, 11.61, 10241.6>) OpenBarrel dp_box_big_Grey
20:55:20: Player "[HORDA]KAS" (steam64id="76561199202697738" pos=<9955.31, 19.17, 11777.3>) OpenBarrel dp_box_big_Grey
20:55:27: Player "[HORDA]KAS" (steam64id="76561199202697738" pos=<9954.91, 19.17, 11777.7>) CloseBarrel dp_box_big_Grey
20:56:13: Player "[YKZ]-BlackBear" (steam64id="76561198343030820" pos=<11085.3, 41.36, 8427.81>) OpenBarrel dp_box_big_Olive
21:18:22: Player "[ONE] JAPA" (steam64id="76561198161060673" pos=<9569.49, 29.19, 12162>) CloseBarrel dp_box_big_Grey
21:18:33: Player "[ONE] JAPA" (steam64id="76561198161060673" pos=<9566.54, 29.16, 12155.6>) CloseBarrel dp_box_big_Olive
21:18:51: Player "[ONE] JAPA" (steam64id="76561198161060673" pos=<9567.1, 29.15, 12156.2>) OpenBarrel dp_box_big_Olive
21:18:53: Player "[ONE] JAPA" (steam64id="76561198161060673" pos=<9567.39, 29.14, 12156.5>) CloseBarrel dp_box_big_Olive
21:18:54: Player "[ONE] JAPA" (steam64id="76561198161060673" pos=<9568.09, 29.14, 12157.5>) OpenBarrel dp_box_big_Grey
