01:26:08: Player "DangersPlay" (steam64id="76561198037868353" pos=<10573.1, 18.19, 13579.9>) OpenBarrel dp_box_big_Brown
01:26:13: Player "DangersPlay" (steam64id="76561198037868353" pos=<10573.2, 18.19, 13579.8>) CloseBarrel dp_box_big_Brown
01:26:52: Player "DangersPlay" (steam64id="76561198037868353" pos=<10572.8, 18.19, 13579.7>) OpenBarrel dp_box_big_Brown
01:35:49: Player "DangersPlay" (steam64id="76561198037868353" pos=<10573.5, 18.19, 13580.2>) CloseBarrel dp_box_big_Brown
01:36:33: Player "OZIEL" (steam64id="76561199063596086" pos=<10429.5, 12.53, 11540.2>) OpenBarrel dp_box_big_Brown
01:36:47: Player "OZIEL" (steam64id="76561199063596086" pos=<10429.3, 12.53, 11542.7>) OpenBarrel dp_box_big_Brown
01:36:55: Player "DangersPlay" (steam64id="76561198037868353" pos=<10573.4, 18.19, 13580.1>) OpenBarrel dp_box_big_Brown
01:44:17: Player "AiPolly" (steam64id="76561198072574279" pos=<10527.1, 18.95, 13567.6>) OpenBarrel dp_box_big_Olive
01:52:25: Player "DangersPlay" (steam64id="76561198037868353" pos=<10573.6, 18.19, 13580.6>) CloseBarrel dp_box_big_Brown
02:03:41: Player "OZIEL" (steam64id="76561199063596086" pos=<10429, 12.53, 11537.9>) CloseBarrel dp_box_big_Brown
02:23:06: Player "OZIEL" (steam64id="76561199063596086" pos=<10428.7, 12.97, 11543.5>) CloseBarrel dp_box_big_Brown
02:23:30: Player "OZIEL" (steam64id="76561199063596086" pos=<10431.9, 12.59, 11542.9>) OpenBarrel dp_box_big_Brown
02:25:01: Player "OZIEL" (steam64id="76561199063596086" pos=<10432.2, 12.98, 11544>) CloseBarrel dp_box_big_Brown
02:27:46: Player "OZIEL" (steam64id="76561199063596086" pos=<10435.3, 12.53, 11549.3>) OpenBarrel dp_box_big_Brown
02:27:56: Player "OZIEL" (steam64id="76561199063596086" pos=<10435.5, 12.53, 11549.4>) CloseBarrel dp_box_big_Brown
02:27:58: Player "OZIEL" (steam64id="76561199063596086" pos=<10435.7, 12.53, 11549.4>) OpenBarrel dp_box_big_Brown
02:39:18: Player "OZIEL" (steam64id="76561199063596086" pos=<10433.6, 12.53, 11549.3>) CloseBarrel dp_box_big_Brown
02:48:50: Player "[L.B] LopesTa " (steam64id="76561198375254083" pos=<10187, 15.97, 12551.9>) OpenBarrel Barrel_Yellow
05:01:40: Player "Cristof" (steam64id="76561198305968623" pos=<10783, 3.78, 8920.16>) CloseBarrel dp_box_small_Brown
08:57:21: Player "[L.B] Lrk" (steam64id="76561198021843024" pos=<7363.64, 18.46, 7136.5>) CloseBarrel dp_box_big_Brown
08:58:53: Player "[L.B] Lrk" (steam64id="76561198021843024" pos=<7362.76, 18.46, 7133.82>) CloseBarrel dp_box_big_Grey
09:00:06: Player "[L.B] Lrk" (steam64id="76561198021843024" pos=<7362.04, 18.46, 7133.23>) OpenBarrel dp_box_big_Grey
09:00:16: Player "[L.B] Lrk" (steam64id="76561198021843024" pos=<7362.52, 18.46, 7133.26>) CloseBarrel dp_box_big_Grey
09:00:17: Player "[L.B] Lrk" (steam64id="76561198021843024" pos=<7363.03, 18.89, 7134.6>) OpenBarrel dp_box_big_Brown
09:00:30: Player "[L.B] Lrk" (steam64id="76561198021843024" pos=<7363.03, 18.90, 7134.6>) CloseBarrel dp_box_big_Brown
09:01:46: Player "[L.B] Lrk" (steam64id="76561198021843024" pos=<7361.92, 18.46, 7133.12>) OpenBarrel dp_box_big_Grey
09:02:01: Player "[L.B] Lrk" (steam64id="76561198021843024" pos=<7363.09, 18.92, 7133.64>) OpenBarrel dp_box_big_Brown
09:04:57: Player "[L.B] Lrk" (steam64id="76561198021843024" pos=<7363.96, 18.91, 7135.81>) CloseBarrel dp_box_big_Brown
09:04:59: Player "[L.B] Lrk" (steam64id="76561198021843024" pos=<7363.98, 18.92, 7135.09>) CloseBarrel dp_box_big_Grey
09:05:31: Player "DangersPlay" (steam64id="76561198037868353" pos=<10572.8, 18.19, 13579.4>) OpenBarrel dp_box_big_Brown
09:16:08: Player "[L.B] Santorin" (steam64id="76561199069721527" pos=<7361.93, 18.46, 7133.5>) OpenBarrel dp_box_big_Grey
09:16:17: Player "[L.B] Santorin" (steam64id="76561199069721527" pos=<7362.73, 18.46, 7133.79>) OpenBarrel dp_box_big_Brown
09:16:34: Player "[L.B] Santorin" (steam64id="76561199069721527" pos=<7362.73, 18.46, 7133.79>) CloseBarrel dp_box_big_Brown
09:16:35: Player "[L.B] Santorin" (steam64id="76561199069721527" pos=<7362.73, 18.46, 7133.79>) CloseBarrel dp_box_big_Grey
09:17:18: Player "[L.B] Santorin" (steam64id="76561199069721527" pos=<7361.99, 18.46, 7133.22>) OpenBarrel dp_box_big_Grey
09:17:32: Player "[L.B] Santorin" (steam64id="76561199069721527" pos=<7361.99, 18.46, 7133.22>) CloseBarrel dp_box_big_Grey
09:29:00: Player "[L.B]Zeca" (steam64id="76561198211423224" pos=<9380.77, 23.60, 7072.93>) OpenBarrel dp_box_small_Olive
09:29:22: Player "[L.B]Zeca" (steam64id="76561198211423224" pos=<9380.77, 23.46, 7072.93>) CloseBarrel dp_box_small_Olive
09:29:25: Player "[L.B]Zeca" (steam64id="76561198211423224" pos=<9380.24, 23.31, 7071.69>) OpenBarrel dp_box_big_Olive
09:29:58: Player "[L.B]Zeca" (steam64id="76561198211423224" pos=<9380.24, 23.33, 7071.69>) CloseBarrel dp_box_big_Olive
10:03:19: Player "DangersPlay" (steam64id="76561198037868353" pos=<10573.8, 18.19, 13579.9>) CloseBarrel dp_box_big_Brown
10:03:23: Player "DangersPlay" (steam64id="76561198037868353" pos=<10573.8, 18.19, 13579.9>) OpenBarrel dp_box_big_Brown
10:13:18: Player "[L.B] Lrk" (steam64id="76561198021843024" pos=<7362.74, 19.00, 7134.85>) OpenBarrel dp_box_big_Brown
10:13:43: Player "[L.B] Lrk" (steam64id="76561198021843024" pos=<7362.74, 18.92, 7134.85>) CloseBarrel dp_box_big_Brown
10:13:44: Player "[L.B] Lrk" (steam64id="76561198021843024" pos=<7362.41, 18.46, 7133.32>) OpenBarrel dp_box_big_Grey
10:14:29: Player "[L.B] Lrk" (steam64id="76561198021843024" pos=<7362.41, 18.46, 7133.32>) CloseBarrel dp_box_big_Grey
10:14:30: Player "[L.B] Lrk" (steam64id="76561198021843024" pos=<7363.06, 18.90, 7133.95>) OpenBarrel dp_box_big_Brown
10:14:37: Player "[L.B] Lrk" (steam64id="76561198021843024" pos=<7362.54, 18.46, 7133.08>) OpenBarrel dp_box_big_Grey
10:14:50: Player "[L.B] Lrk" (steam64id="76561198021843024" pos=<7362.05, 19.30, 7135>) CloseBarrel dp_box_big_Brown
10:14:51: Player "[L.B] Lrk" (steam64id="76561198021843024" pos=<7362.49, 18.84, 7134.64>) CloseBarrel dp_box_big_Grey
10:18:28: Player "[L.B] Santorin" (steam64id="76561199069721527" pos=<7362.19, 18.46, 7133.65>) OpenBarrel dp_box_big_Grey
10:18:29: Player "[L.B] Santorin" (steam64id="76561199069721527" pos=<7362.53, 18.46, 7134>) OpenBarrel dp_box_big_Brown
10:20:06: Player "[L.B] Lrk" (steam64id="76561198021843024" pos=<7363.13, 18.91, 7132.57>) CloseBarrel dp_box_big_Grey
10:24:06: Player "[L.B] ploodrinny" (steam64id="76561198312062387" pos=<7362.44, 18.46, 7133.94>) OpenBarrel dp_box_big_Grey
10:35:59: Player "DangersPlay" (steam64id="76561198037868353" pos=<10572.7, 18.19, 13580.3>) CloseBarrel dp_box_big_Brown
10:53:48: Player "DangersPlay" (steam64id="76561198037868353" pos=<10573.6, 18.19, 13579.7>) OpenBarrel dp_box_big_Brown
10:54:08: Player "[L.B]Zeca" (steam64id="76561198211423224" pos=<7362.75, 18.46, 7133.99>) CloseBarrel dp_box_big_Brown
10:55:52: Player "[L.B]Zeca" (steam64id="76561198211423224" pos=<7361.97, 18.46, 7133.55>) CloseBarrel dp_box_big_Grey
10:55:53: Player "[L.B]Zeca" (steam64id="76561198211423224" pos=<7362.72, 18.46, 7134.24>) OpenBarrel dp_box_big_Brown
10:56:04: Player "[L.B]Zeca" (steam64id="76561198211423224" pos=<7362.72, 18.46, 7134.24>) CloseBarrel dp_box_big_Brown
11:09:51: Player "DangersPlay" (steam64id="76561198037868353" pos=<10572.8, 18.19, 13580.2>) CloseBarrel dp_box_big_Brown
11:26:00: Player "[L.B] Lrk" (steam64id="76561198021843024" pos=<7362.02, 18.46, 7133.81>) OpenBarrel dp_box_big_Grey
11:27:41: Player "[L.B] Lrk" (steam64id="76561198021843024" pos=<7362.69, 18.46, 7133.65>) CloseBarrel dp_box_big_Grey
11:27:49: Player "[L.B] Lrk" (steam64id="76561198021843024" pos=<7362.14, 18.46, 7133.78>) OpenBarrel dp_box_big_Grey
11:28:56: Player "[L.B] Santorin" (steam64id="76561199069721527" pos=<7362.71, 18.94, 7134.8>) OpenBarrel dp_box_big_Brown
11:32:58: Player "DangersPlay" (steam64id="76561198037868353" pos=<10573.6, 18.19, 13579.9>) OpenBarrel dp_box_big_Brown
12:50:41: Player "[L.B] Santorin" (steam64id="76561199069721527" pos=<9886.02, 48.84, 6364.09>) OpenBarrel Barrel_Red
12:50:42: Player "[L.B] Santorin" (steam64id="76561199069721527" pos=<9886.02, 48.84, 6364.09>) CloseBarrel Barrel_Red
13:43:36: Player "[L.B]Zeca" (steam64id="76561198211423224" pos=<8332.88, 26.41, 6089.49>) OpenBarrel dp_box_small_Brown
13:44:17: Player "[L.B]Zeca" (steam64id="76561198211423224" pos=<8331.46, 26.47, 6089.16>) CloseBarrel dp_box_small_Brown
13:44:18: Player "[L.B]Zeca" (steam64id="76561198211423224" pos=<8331.46, 26.47, 6089.16>) OpenBarrel dp_box_small_Brown
13:44:19: Player "[L.B]Zeca" (steam64id="76561198211423224" pos=<8331.46, 26.47, 6089.16>) CloseBarrel dp_box_small_Brown
13:58:37: Player "[L.B] Santorin" (steam64id="76561199069721527" pos=<11573.9, 38.65, 6452.24>) OpenBarrel dp_box_small_Brown
13:58:51: Player "[L.B] Santorin" (steam64id="76561199069721527" pos=<11573.9, 38.65, 6452.24>) CloseBarrel dp_box_small_Brown
14:20:39: Player "[G.M] O verdadeiro" (steam64id="76561198351631304" pos=<10138.5, 5.83, 9306.54>) CloseBarrel Barrel_Blue
14:21:44: Player "[G.M] O verdadeiro" (steam64id="76561198351631304" pos=<10115.8, 2.11, 9341.18>) OpenBarrel Barrel_Blue
14:21:52: Player "[G.M] O verdadeiro" (steam64id="76561198351631304" pos=<10115.6, 2.15, 9341.26>) CloseBarrel Barrel_Blue
14:23:36: Player "[G.M] O verdadeiro" (steam64id="76561198351631304" pos=<10114.9, 2.34, 9341.73>) OpenBarrel Barrel_Blue
14:23:50: Player "[G.M] O verdadeiro" (steam64id="76561198351631304" pos=<10114.9, 2.34, 9341.73>) CloseBarrel Barrel_Blue
14:24:12: Player "[G.M] O verdadeiro" (steam64id="76561198351631304" pos=<10115.7, 2.13, 9341.33>) OpenBarrel Barrel_Blue
14:24:18: Player "[G.M] O verdadeiro" (steam64id="76561198351631304" pos=<10115.7, 2.13, 9341.33>) CloseBarrel Barrel_Blue
14:35:12: Player "[L.B]Zeca" (steam64id="76561198211423224" pos=<11573.8, 38.65, 6452.49>) OpenBarrel dp_box_small_Brown
14:35:31: Player "[L.B]Zeca" (steam64id="76561198211423224" pos=<11573.8, 38.90, 6452.49>) CloseBarrel dp_box_small_Brown
14:44:03: Player "[L.B]Zeca" (steam64id="76561198211423224" pos=<9266.77, 22.33, 6940.08>) OpenBarrel dp_box_small_Brown
14:44:05: Player "RonaldoHell" (steam64id="76561198067535800" pos=<10774.9, 31.72, 13149.1>) OpenBarrel dp_box_big_Tan
14:44:09: Player "[L.B]Zeca" (steam64id="76561198211423224" pos=<9266.77, 22.33, 6940.08>) CloseBarrel dp_box_small_Brown
14:44:14: Player "RonaldoHell" (steam64id="76561198067535800" pos=<10773.6, 31.57, 13149>) CloseBarrel dp_box_big_Tan
14:46:36: Player "[L.B]Zeca" (steam64id="76561198211423224" pos=<9266.53, 22.41, 6939.63>) OpenBarrel dp_box_small_Brown
14:46:40: Player "[L.B]Zeca" (steam64id="76561198211423224" pos=<9266.53, 22.38, 6939.63>) CloseBarrel dp_box_small_Brown
14:54:24: Player "[L.B]Zeca" (steam64id="76561198211423224" pos=<7362.08, 18.46, 7133.74>) OpenBarrel dp_box_small_Brown
15:02:34: Player "[G.M] O verdadeiro" (steam64id="76561198351631304" pos=<10115.7, 2.14, 9341.21>) OpenBarrel Barrel_Blue
15:03:31: Player "[G.M] O verdadeiro" (steam64id="76561198351631304" pos=<10115.7, 2.14, 9341.19>) CloseBarrel Barrel_Blue
15:14:33: Player "[G.M] O verdadeiro" (steam64id="76561198351631304" pos=<10115.6, 2.16, 9341.04>) OpenBarrel Barrel_Blue
15:14:57: Player "[G.M] O verdadeiro" (steam64id="76561198351631304" pos=<10115.6, 2.16, 9341.04>) CloseBarrel Barrel_Blue
15:29:45: Player "[L.B]Zeca" (steam64id="76561198211423224" pos=<7362.25, 18.46, 7133.85>) CloseBarrel dp_box_big_Brown
15:29:54: Player "[L.B]Zeca" (steam64id="76561198211423224" pos=<7362.25, 18.46, 7133.85>) OpenBarrel dp_box_big_Brown
15:38:02: Player "levi" (steam64id="76561198007092944" pos=<10775.8, 31.94, 13150.2>) OpenBarrel dp_box_big_Tan
15:45:47: Player "netttto no drip" (steam64id="76561198859086815" pos=<10430.9, 12.53, 11542.2>) OpenBarrel dp_box_big_Brown
15:45:53: Player "netttto no drip" (steam64id="76561198859086815" pos=<10431, 12.53, 11544.9>) CloseBarrel dp_box_big_Brown
15:46:17: Player "netttto no drip" (steam64id="76561198859086815" pos=<10431.9, 12.53, 11517.4>) OpenBarrel dp_box_big_Brown
15:46:25: Player "netttto no drip" (steam64id="76561198859086815" pos=<10431.6, 12.85, 11517.1>) CloseBarrel dp_box_big_Brown
15:46:38: Player "netttto no drip" (steam64id="76561198859086815" pos=<10430.9, 12.53, 11543.6>) OpenBarrel dp_box_big_Brown
15:46:49: Player "netttto no drip" (steam64id="76561198859086815" pos=<10430.8, 12.53, 11517.8>) OpenBarrel dp_box_big_Brown
15:57:22: Player "OZIEL" (steam64id="76561199063596086" pos=<10429.5, 12.53, 11545.4>) CloseBarrel dp_box_big_Brown
15:58:33: Player "MuFeTe De FrAnGo" (steam64id="76561199018026908" pos=<10430.6, 12.53, 11549.3>) OpenBarrel dp_box_big_Brown
16:24:01: Player "netttto no drip" (steam64id="76561198859086815" pos=<10430.4, 12.53, 11516.2>) CloseBarrel dp_box_big_Brown
16:24:03: Player "netttto no drip" (steam64id="76561198859086815" pos=<10430.4, 12.53, 11516.2>) OpenBarrel dp_box_big_Brown
16:34:57: Player "Biel FxR" (steam64id="76561198050836260" pos=<7555.26, 27.48, 6152.33>) OpenBarrel dp_box_small_Brown
16:35:11: Player "TripaSeca" (steam64id="76561198093060507" pos=<7556.39, 27.41, 6151.7>) CloseBarrel dp_box_small_Brown
17:20:07: Player "OZIEL" (steam64id="76561199063596086" pos=<10492.6, 13.60, 11543.2>) CloseBarrel Barrel_Green
17:32:17: Player "[G.M] O verdadeiro" (steam64id="76561198351631304" pos=<10114.8, 1.94, 9344.58>) OpenBarrel Barrel_Blue
18:00:56: Player "[YKZ]-BlackBear" (steam64id="76561198343030820" pos=<11084.6, 35.24, 8424.27>) OpenBarrel dp_box_small_Brown
18:04:38: Player "[HORDA]ThiagoPenna" (steam64id="76561198218822351" pos=<9558.54, 6.07, 9583.67>) CloseBarrel Barrel_Blue
18:19:14: Player "[YKZ]-BlackBear" (steam64id="76561198343030820" pos=<11933.2, 11.67, 7521.44>) OpenBarrel dp_box_big_Brown
18:19:15: Player "[YKZ]-BlackBear" (steam64id="76561198343030820" pos=<11933.2, 11.67, 7521.44>) CloseBarrel dp_box_big_Brown
18:31:43: Player "web gado" (steam64id="76561199123625009" pos=<10428.8, 12.53, 11530.7>) OpenBarrel Barrel_Green
18:37:40: Player "[HORDA]ThiagoPenna" (steam64id="76561198218822351" pos=<9559.08, 6.07, 9583.56>) OpenBarrel Barrel_Blue
18:53:52: Player "[HORDA]ThiagoPenna" (steam64id="76561198218822351" pos=<9559.5, 6.07, 9582.97>) CloseBarrel Barrel_Blue
19:02:13: Player "[HORDA]ThiagoPenna" (steam64id="76561198218822351" pos=<9559.85, 6.07, 9582.01>) CloseBarrel dp_box_small_Olive
19:07:23: Player "[HORDA]ThiagoPenna" (steam64id="76561198218822351" pos=<9559.76, 6.07, 9582.48>) OpenBarrel dp_box_small_Olive
19:10:21: Player "[HORDA]ThiagoPenna" (steam64id="76561198218822351" pos=<9559.06, 6.07, 9583.54>) OpenBarrel Barrel_Blue
19:42:28: Player "[YKZ]-BlackBear" (steam64id="76561198343030820" pos=<12003.5, 7.95, 7614.46>) OpenBarrel dp_box_big_Tan
19:42:29: Player "[YKZ]-BlackBear" (steam64id="76561198343030820" pos=<12003.5, 7.95, 7614.46>) CloseBarrel dp_box_big_Tan
19:43:16: Player "OZIEL" (steam64id="76561199063596086" pos=<10430.8, 12.53, 11517.3>) CloseBarrel dp_box_big_Brown
19:43:21: Player "OZIEL" (steam64id="76561199063596086" pos=<10429.4, 12.53, 11528.6>) CloseBarrel Barrel_Green
19:43:30: Player "OZIEL" (steam64id="76561199063596086" pos=<10430.8, 12.53, 11549.5>) CloseBarrel dp_box_big_Brown
19:52:09: Player "[YKZ]-BlackBear" (steam64id="76561198343030820" pos=<11081.5, 41.37, 8420.68>) OpenBarrel dp_box_big_Tan
19:53:11: Player "[YKZ]-BlackBear" (steam64id="76561198343030820" pos=<11080.2, 41.37, 8424.33>) OpenBarrel dp_box_big_Brown
19:53:17: Player "[YKZ]-BlackBear" (steam64id="76561198343030820" pos=<11080.4, 41.37, 8423.29>) CloseBarrel dp_box_big_Brown
19:53:36: Player "[YKZ]-BlackBear" (steam64id="76561198343030820" pos=<11079.8, 41.37, 8423.7>) OpenBarrel dp_box_big_Brown
20:26:16: Player "[L.B] Lrk" (steam64id="76561198021843024" pos=<7362.11, 18.46, 7133.44>) CloseBarrel dp_box_small_Brown
20:54:15: Player "[L.B] Lrk" (steam64id="76561198021843024" pos=<7362.76, 18.46, 7134.02>) CloseBarrel dp_box_big_Brown
20:54:28: Player "[L.B] Lrk" (steam64id="76561198021843024" pos=<7362.76, 18.46, 7134.02>) CloseBarrel dp_box_big_Grey
20:54:51: Player "[L.B] Lrk" (steam64id="76561198021843024" pos=<7363.97, 18.46, 7138.76>) OpenBarrel dp_box_small_Brown
20:54:53: Player "[L.B] Lrk" (steam64id="76561198021843024" pos=<7363.97, 18.46, 7138.76>) CloseBarrel dp_box_small_Brown
20:55:31: Player "[L.B] Lrk" (steam64id="76561198021843024" pos=<7361.18, 18.46, 7133.6>) OpenBarrel dp_box_small_Brown
20:55:32: Player "[L.B] Lrk" (steam64id="76561198021843024" pos=<7361.18, 18.46, 7133.6>) CloseBarrel dp_box_small_Brown
20:58:00: Player "[L.B] Lrk" (steam64id="76561198021843024" pos=<7362.35, 18.46, 7133.91>) OpenBarrel dp_box_big_Brown
20:58:03: Player "[L.B] Lrk" (steam64id="76561198021843024" pos=<7362.35, 18.46, 7133.91>) OpenBarrel dp_box_big_Grey
21:00:00: Player "[L.B] Lrk" (steam64id="76561198021843024" pos=<7362.77, 18.46, 7133.98>) CloseBarrel dp_box_big_Brown
21:00:02: Player "[L.B] Lrk" (steam64id="76561198021843024" pos=<7362.77, 18.46, 7133.98>) CloseBarrel dp_box_big_Grey
21:01:05: Player "[L.B] Lrk" (steam64id="76561198021843024" pos=<7362.44, 18.46, 7134.12>) OpenBarrel dp_box_big_Grey
21:01:31: Player "[L.B] Lrk" (steam64id="76561198021843024" pos=<7362.44, 18.46, 7134.12>) CloseBarrel dp_box_big_Grey
21:02:18: Player "[L.B] Lrk" (steam64id="76561198021843024" pos=<7362.39, 18.46, 7134.1>) OpenBarrel dp_box_big_Brown
21:02:32: Player "[L.B] Lrk" (steam64id="76561198021843024" pos=<7362.39, 18.46, 7134.1>) CloseBarrel dp_box_big_Brown
21:43:04: Player "[L.B]TropaDoEnguisa" (steam64id="76561198211423224" pos=<7361.42, 18.46, 7133.54>) OpenBarrel dp_box_small_Brown
21:43:08: Player "[L.B]TropaDoEnguisa" (steam64id="76561198211423224" pos=<7361.42, 18.46, 7133.54>) CloseBarrel dp_box_small_Brown
21:43:32: Player "[L.B]TropaDoEnguisa" (steam64id="76561198211423224" pos=<7362.25, 18.46, 7133.52>) OpenBarrel dp_box_small_Brown
21:43:34: Player "[L.B]TropaDoEnguisa" (steam64id="76561198211423224" pos=<7362.25, 18.46, 7133.52>) CloseBarrel dp_box_small_Brown
21:43:36: Player "[L.B]TropaDoEnguisa" (steam64id="76561198211423224" pos=<7362.25, 18.46, 7133.52>) OpenBarrel dp_box_small_Brown
21:43:41: Player "[L.B]TropaDoEnguisa" (steam64id="76561198211423224" pos=<7362.25, 18.46, 7133.52>) CloseBarrel dp_box_small_Brown
21:43:42: Player "[L.B]TropaDoEnguisa" (steam64id="76561198211423224" pos=<7362.25, 18.46, 7133.52>) OpenBarrel dp_box_big_Grey
21:44:02: Player "[L.B]TropaDoEnguisa" (steam64id="76561198211423224" pos=<7362.25, 18.46, 7133.52>) CloseBarrel dp_box_big_Grey
21:44:03: Player "[L.B]TropaDoEnguisa" (steam64id="76561198211423224" pos=<7362.59, 19.14, 7134.97>) OpenBarrel dp_box_big_Brown
21:44:10: Player "[L.B]TropaDoEnguisa" (steam64id="76561198211423224" pos=<7362.94, 18.86, 7134.98>) CloseBarrel dp_box_big_Brown
21:44:14: Player "[L.B]TropaDoEnguisa" (steam64id="76561198211423224" pos=<7362.6, 18.46, 7133.56>) OpenBarrel dp_box_big_Grey
21:44:19: Player "[L.B]TropaDoEnguisa" (steam64id="76561198211423224" pos=<7362.6, 18.46, 7133.56>) CloseBarrel dp_box_big_Grey
21:44:21: Player "[L.B]TropaDoEnguisa" (steam64id="76561198211423224" pos=<7363.09, 18.92, 7134.53>) OpenBarrel dp_box_big_Brown
21:44:35: Player "[L.B]TropaDoEnguisa" (steam64id="76561198211423224" pos=<7363.07, 18.91, 7134.49>) CloseBarrel dp_box_big_Brown
21:45:16: Player "[L.B]TropaDoEnguisa" (steam64id="76561198211423224" pos=<7362.41, 18.46, 7133.64>) OpenBarrel dp_box_big_Grey
21:47:25: Player "[L.B]TropaDoEnguisa" (steam64id="76561198211423224" pos=<7362.8, 18.46, 7133.71>) CloseBarrel dp_box_big_Grey
21:47:26: Player "[L.B]TropaDoEnguisa" (steam64id="76561198211423224" pos=<7362.8, 18.46, 7133.71>) OpenBarrel dp_box_big_Brown
21:47:47: Player "[L.B]TropaDoEnguisa" (steam64id="76561198211423224" pos=<7362.86, 18.46, 7134.16>) CloseBarrel dp_box_big_Brown
21:48:03: Player "[L.B]TropaDoEnguisa" (steam64id="76561198211423224" pos=<7362.32, 18.46, 7133.58>) OpenBarrel dp_box_big_Grey
21:48:11: Player "[L.B]TropaDoEnguisa" (steam64id="76561198211423224" pos=<7362.71, 18.46, 7133.5>) CloseBarrel dp_box_big_Grey
21:48:26: Player "[L.B]TropaDoEnguisa" (steam64id="76561198211423224" pos=<7362.79, 18.46, 7133.69>) OpenBarrel dp_box_big_Grey
21:48:34: Player "[L.B]TropaDoEnguisa" (steam64id="76561198211423224" pos=<7362.79, 18.46, 7133.69>) CloseBarrel dp_box_big_Grey
21:48:34: Player "[L.B]TropaDoEnguisa" (steam64id="76561198211423224" pos=<7362.85, 18.46, 7134.04>) OpenBarrel dp_box_big_Brown
21:48:40: Player "[L.B]TropaDoEnguisa" (steam64id="76561198211423224" pos=<7362.82, 18.46, 7134.04>) CloseBarrel dp_box_big_Brown
21:49:11: Player "[L.B]TropaDoEnguisa" (steam64id="76561198211423224" pos=<7362.38, 18.46, 7133.68>) OpenBarrel dp_box_big_Grey
21:49:20: Player "[L.B]TropaDoEnguisa" (steam64id="76561198211423224" pos=<7362.77, 18.46, 7133.65>) CloseBarrel dp_box_big_Grey
21:49:21: Player "[L.B]TropaDoEnguisa" (steam64id="76561198211423224" pos=<7362.77, 18.46, 7133.65>) OpenBarrel dp_box_big_Brown
21:49:32: Player "[L.B]TropaDoEnguisa" (steam64id="76561198211423224" pos=<7363.06, 18.90, 7134.43>) CloseBarrel dp_box_big_Brown
21:49:33: Player "[L.B]TropaDoEnguisa" (steam64id="76561198211423224" pos=<7363.06, 18.90, 7134.43>) OpenBarrel dp_box_big_Grey
21:49:44: Player "[L.B]TropaDoEnguisa" (steam64id="76561198211423224" pos=<7363.02, 18.85, 7133.7>) CloseBarrel dp_box_big_Grey
21:50:06: Player "[L.B]TropaDoEnguisa" (steam64id="76561198211423224" pos=<7362.44, 18.46, 7133.47>) OpenBarrel dp_box_big_Grey
22:10:54: Player "[L.B]TropaDoEnguisa" (steam64id="76561198211423224" pos=<7362.69, 18.46, 7133.55>) CloseBarrel dp_box_big_Grey
22:10:56: Player "[L.B]TropaDoEnguisa" (steam64id="76561198211423224" pos=<7362.7, 18.48, 7134.27>) OpenBarrel dp_box_big_Brown
22:11:14: Player "[L.B]TropaDoEnguisa" (steam64id="76561198211423224" pos=<7362.65, 18.53, 7134.3>) CloseBarrel dp_box_big_Brown
23:00:25: Player "felps" (steam64id="76561198892779186" pos=<11082.4, 35.24, 8426.47>) CloseBarrel Barrel_Green
23:02:08: Player "felps" (steam64id="76561198892779186" pos=<11082.8, 35.24, 8426.63>) OpenBarrel Barrel_Green
23:02:13: Player "felps" (steam64id="76561198892779186" pos=<11082.5, 35.24, 8426.65>) CloseBarrel Barrel_Green
23:13:57: Player "[YKZ]-BlackBear" (steam64id="76561198343030820" pos=<11082.2, 35.24, 8426.34>) OpenBarrel Barrel_Green
23:26:38: Player "G A T O" (steam64id="76561199207813177" pos=<7550.56, 35.24, 7899.06>) OpenBarrel dp_box_big_Brown
23:42:50: Player "G A T O" (steam64id="76561199207813177" pos=<7550.19, 35.24, 7900.8>) CloseBarrel dp_box_big_Brown
23:42:58: Player "G A T O" (steam64id="76561199207813177" pos=<7549.62, 35.24, 7900.52>) OpenBarrel dp_box_big_Brown
23:43:12: Player "G A T O" (steam64id="76561199207813177" pos=<7550.61, 35.53, 7899>) OpenBarrel dp_box_big_Brown
23:43:14: Player "G A T O" (steam64id="76561199207813177" pos=<7550.61, 35.54, 7899>) OpenBarrel dp_box_big_Brown
23:44:18: Player "[MOD] OZIEL" (steam64id="76561199063596086" pos=<10429.9, 12.53, 11516.8>) OpenBarrel dp_box_big_Brown
23:47:17: Player "[MOD] OZIEL" (steam64id="76561199063596086" pos=<10429.6, 12.53, 11528.8>) OpenBarrel Barrel_Green
23:49:03: Player "[MOD] OZIEL" (steam64id="76561199063596086" pos=<10431.2, 12.53, 11549.5>) OpenBarrel dp_box_big_Brown
23:49:08: Player "[MOD] OZIEL" (steam64id="76561199063596086" pos=<10431.2, 12.53, 11549.5>) CloseBarrel dp_box_big_Brown
23:53:19: Player "Mozzart" (steam64id="76561198122962290" pos=<6783.45, 14.71, 6874.82>) OpenBarrel dp_box_big_Brown
23:55:42: Player "DiegoRock24" (steam64id="76561198196463397" pos=<6784.93, 14.75, 6874.27>) CloseBarrel dp_box_big_Brown
