03:44:26: Player "[TMT].Skinner" (steam64id="76561198860620637" pos=<10763.7, 10.70, 12007.6>) OpenBarrel dp_box_small_Olive
03:44:32: Player "[TMT].Skinner" (steam64id="76561198860620637" pos=<10763.7, 10.70, 12007.6>) CloseBarrel dp_box_small_Olive
03:50:04: Player "[TMT].Skinner" (steam64id="76561198860620637" pos=<10828.7, 9.50, 11999.6>) OpenBarrel dp_box_big_Grey
03:50:06: Player "[TMT].Skinner" (steam64id="76561198860620637" pos=<10828.7, 9.50, 11999.6>) CloseBarrel dp_box_big_Grey
04:22:31: Player "[TMT].Skinner" (steam64id="76561198860620637" pos=<10224.8, 14.09, 11340.3>) OpenBarrel dp_box_big_Grey
04:22:38: Player "[TMT].Skinner" (steam64id="76561198860620637" pos=<10223.7, 14.00, 11340.6>) CloseBarrel dp_box_big_Grey
04:22:40: Player "[TMT].Skinner" (steam64id="76561198860620637" pos=<10223.7, 14.00, 11340.6>) OpenBarrel dp_box_big_Grey
04:22:47: Player "[TMT].Skinner" (steam64id="76561198860620637" pos=<10223.7, 14.00, 11340.6>) CloseBarrel dp_box_big_Grey
04:22:48: Player "[TMT].Skinner" (steam64id="76561198860620637" pos=<10223.7, 14.00, 11340.6>) OpenBarrel dp_box_big_Grey
04:22:50: Player "[TMT].Skinner" (steam64id="76561198860620637" pos=<10223.7, 14.00, 11340.6>) CloseBarrel dp_box_big_Grey
04:23:01: Player "[TMT].Skinner" (steam64id="76561198860620637" pos=<10222.3, 13.99, 11339.8>) OpenBarrel dp_box_big_Grey
04:23:12: Player "[TMT].Skinner" (steam64id="76561198860620637" pos=<10222.5, 13.99, 11339.8>) CloseBarrel dp_box_big_Grey
06:34:47: Player "[TMT].Skinner" (steam64id="76561198860620637" pos=<8992.3, 36.19, 7184.39>) OpenBarrel dp_box_big_Grey
06:36:29: Player "[TMT].Skinner" (steam64id="76561198860620637" pos=<8990.83, 36.19, 7185.42>) CloseBarrel dp_box_big_Grey
14:29:30: Player "[P.S]Alexander_again" (steam64id="76561198391204691" pos=<10335.3, 4.60, 10291.2>) OpenBarrel dp_box_small_Olive
14:35:55: Player "[P.S]Alexander_again" (steam64id="76561198391204691" pos=<10420.7, 6.18, 9765.21>) OpenBarrel dp_box_big_Brown
15:03:29: Player "OZIEL" (steam64id="76561199063596086" pos=<10281.3, 18.19, 12642.7>) OpenBarrel dp_box_big_Olive
15:04:02: Player "OZIEL" (steam64id="76561199063596086" pos=<10282.9, 18.19, 12641.1>) CloseBarrel dp_box_big_Olive
15:06:14: Player "Gui" (steam64id="76561198306757012" pos=<10492.9, 13.59, 11545.8>) OpenBarrel Barrel_Green
15:14:20: Player "[P.S]Alexander_again" (steam64id="76561198391204691" pos=<9863.1, 31.81, 8105.7>) OpenBarrel dp_box_big_Grey
15:23:07: Player "Gui" (steam64id="76561198306757012" pos=<10420.7, 6.18, 9764.59>) CloseBarrel dp_box_big_Brown
16:02:28: Player "Gui" (steam64id="76561198306757012" pos=<11159.3, 4.28, 8250.97>) OpenBarrel Barrel_Green
17:09:53: Player "!Firewall" (steam64id="76561198329721265" pos=<9542.74, 27.84, 7993.95>) OpenBarrel dp_box_big_Brown
17:56:10: Player "Gui" (steam64id="76561198306757012" pos=<11291.3, 5.07, 8110.13>) OpenBarrel dp_box_big_Brown
17:56:16: Player "Gui" (steam64id="76561198306757012" pos=<11291.3, 5.07, 8110.13>) CloseBarrel dp_box_big_Brown
17:56:51: Player "DangersPlay" (steam64id="76561198037868353" pos=<10613.4, 8.48, 13723.9>) OpenBarrel dp_box_big_Brown
17:56:52: Player "DangersPlay" (steam64id="76561198037868353" pos=<10613.4, 8.48, 13723.9>) CloseBarrel dp_box_big_Brown
17:56:54: Player "DangersPlay" (steam64id="76561198037868353" pos=<10613.4, 8.48, 13723.9>) OpenBarrel dp_box_big_Brown
17:57:15: Player "Gui" (steam64id="76561198306757012" pos=<11274.5, 5.65, 8099.92>) OpenBarrel dp_box_big_Brown
17:58:01: Player "Gui" (steam64id="76561198306757012" pos=<11274, 5.66, 8099.71>) CloseBarrel dp_box_big_Brown
17:58:21: Player "Gui" (steam64id="76561198306757012" pos=<11274.2, 5.64, 8099.97>) OpenBarrel dp_box_big_Brown
17:58:22: Player "Gui" (steam64id="76561198306757012" pos=<11274.2, 5.64, 8099.97>) CloseBarrel dp_box_big_Brown
17:58:29: Player "Gui" (steam64id="76561198306757012" pos=<11274.2, 5.64, 8099.97>) OpenBarrel dp_box_big_Brown
17:58:34: Player "Gui" (steam64id="76561198306757012" pos=<11274.2, 5.64, 8099.97>) CloseBarrel dp_box_big_Brown
18:00:13: Player "[YAKUZA]-BlackBear" (steam64id="76561198343030820" pos=<11083, 35.24, 8425.86>) CloseBarrel Barrel_Green
18:06:25: Player "[YAKUZA]-BlackBear" (steam64id="76561198343030820" pos=<11083.8, 35.24, 8425.14>) OpenBarrel Barrel_Green
18:16:14: Player "[CFBR] lost" (steam64id="76561198131682973" pos=<10614, 8.48, 13723.3>) CloseBarrel dp_box_big_Brown
18:16:37: Player "[YAKUZA]-BlackBear" (steam64id="76561198343030820" pos=<11083, 35.24, 8425.72>) CloseBarrel Barrel_Green
18:16:49: Player "DangersPlay" (steam64id="76561198037868353" pos=<10914.6, 19.04, 13476.1>) OpenBarrel dp_box_big_Tan
18:16:59: Player "DangersPlay" (steam64id="76561198037868353" pos=<10915.8, 19.23, 13475.7>) CloseBarrel dp_box_big_Tan
18:18:57: Player "[YAKUZA]-BlackBear" (steam64id="76561198343030820" pos=<11084.6, 35.24, 8425.18>) OpenBarrel Barrel_Green
18:21:03: Player "fritass" (steam64id="76561198148172018" pos=<10614, 8.48, 13723.1>) OpenBarrel dp_box_big_Brown
18:37:56: Player "[YAKUZA]-BlackBear" (steam64id="76561198343030820" pos=<11083.3, 35.24, 8425.72>) CloseBarrel Barrel_Green
18:38:20: Player "KILLER" (steam64id="76561198797258484" pos=<10701.4, 5.34, 14215.9>) OpenBarrel Barrel_Green
18:38:22: Player "KILLER" (steam64id="76561198797258484" pos=<10701.4, 5.34, 14215.9>) CloseBarrel Barrel_Green
18:55:38: Player "DEGALOKAO" (steam64id="76561199171941975" pos=<10549.5, 18.62, 13565.5>) OpenBarrel dp_box_big_Olive
18:56:47: Player "jhean" (steam64id="76561198819003355" pos=<10281.2, 18.19, 12640.1>) OpenBarrel dp_box_big_Olive
18:56:50: Player "Ryzor" (steam64id="76561198085395898" pos=<10701.4, 5.34, 14216.1>) OpenBarrel Barrel_Green
18:56:51: Player "Ryzor" (steam64id="76561198085395898" pos=<10701.4, 5.34, 14216.1>) CloseBarrel Barrel_Green
18:56:52: Player "Ryzor" (steam64id="76561198085395898" pos=<10701.6, 5.34, 14216.2>) OpenBarrel Barrel_Green
18:58:11: Player "fritass" (steam64id="76561198148172018" pos=<10231.4, 21.78, 13045.6>) OpenBarrel dp_box_small_Olive
19:25:00: Player "GW. DESERT" (steam64id="76561198050557634" pos=<10549.4, 18.62, 13565.9>) CloseBarrel dp_box_big_Olive
19:41:02: Player "RasC" (steam64id="76561198452371443" pos=<10549.5, 18.62, 13566>) OpenBarrel dp_box_big_Olive
19:41:11: Player "[HORDA] JHON WICK" (steam64id="76561198122075703" pos=<10914.4, 18.99, 13476.6>) OpenBarrel dp_box_big_Tan
19:46:26: Player "[TTV]ScorpionBiceps" (steam64id="76561198133006312" pos=<10613.5, 8.48, 13724.8>) CloseBarrel dp_box_big_Brown
19:55:19: Player "Ruan Plays" (steam64id="76561198806707998" pos=<10336.4, 4.67, 10292.5>) CloseBarrel dp_box_small_Olive
20:06:13: Player "Skaposk" (steam64id="76561198027295853" pos=<10614.2, 8.48, 13721.6>) OpenBarrel dp_box_big_Brown
20:19:45: Player "KILLER" (steam64id="76561198797258484" pos=<10782, 3.78, 8919.12>) OpenBarrel dp_box_small_Brown
20:22:05: Player "KILLER" (steam64id="76561198797258484" pos=<10822.4, 4.08, 8722.09>) OpenBarrel Barrel_Blue
20:26:50: Player "Pennesz" (steam64id="76561198228224276" pos=<10549.3, 18.62, 13566>) CloseBarrel dp_box_big_Olive
20:50:56: Player "[L.B] SeryD" (steam64id="76561198072791642" pos=<10335.6, 4.51, 10289.3>) OpenBarrel dp_box_small_Olive
20:51:43: Player "Fulber" (steam64id="76561198053443712" pos=<10230.4, 21.75, 13045.4>) CloseBarrel dp_box_small_Olive
20:51:45: Player "Fulber" (steam64id="76561198053443712" pos=<10230.4, 21.75, 13045.4>) OpenBarrel dp_box_small_Olive
20:57:36: Player "[APW]pepeu" (steam64id="76561198349620379" pos=<10701.7, 5.34, 14216>) CloseBarrel Barrel_Green
21:05:25: Player "Terror" (steam64id="76561198026116602" pos=<10231.6, 21.78, 13045.4>) CloseBarrel dp_box_small_Olive
21:07:15: Player "Ruan Plays" (steam64id="76561198806707998" pos=<11158, 4.06, 8660.7>) OpenBarrel dp_box_small_Olive
21:07:16: Player "SnackS" (steam64id="76561197980358676" pos=<10549.4, 18.62, 13566>) OpenBarrel dp_box_big_Olive
21:07:27: Player "SnackS" (steam64id="76561197980358676" pos=<10549.4, 18.62, 13566>) CloseBarrel dp_box_big_Olive
21:10:21: Player "SnackS" (steam64id="76561197980358676" pos=<10549.3, 18.62, 13566>) OpenBarrel dp_box_big_Olive
21:10:33: Player "SnackS" (steam64id="76561197980358676" pos=<10549.3, 18.62, 13566>) CloseBarrel dp_box_big_Olive
21:10:56: Player "SnackS" (steam64id="76561197980358676" pos=<10546.9, 18.62, 13564>) OpenBarrel dp_box_big_Olive
21:10:58: Player "SnackS" (steam64id="76561197980358676" pos=<10545.3, 18.62, 13564.8>) CloseBarrel dp_box_big_Olive
21:11:34: Player "SnackS" (steam64id="76561197980358676" pos=<10552.9, 18.62, 13565.9>) OpenBarrel dp_box_big_Olive
21:11:35: Player "SnackS" (steam64id="76561197980358676" pos=<10552.6, 18.62, 13565.7>) CloseBarrel dp_box_big_Olive
21:16:00: Player "HairZ" (steam64id="76561199024013047" pos=<10552, 18.62, 13563.9>) OpenBarrel dp_box_big_Olive
21:18:15: Player "HairZ" (steam64id="76561199024013047" pos=<10552.1, 18.62, 13563.9>) CloseBarrel dp_box_big_Olive
22:08:04: Player "NIGHT_HUNTER_CHANEL_GAMER" (steam64id="76561198315834625" pos=<10335.4, 4.50, 10289.2>) CloseBarrel dp_box_small_Olive
22:12:26: Player "Emissarius" (steam64id="76561198271087379" pos=<7548.82, 28.05, 7894.78>) OpenBarrel dp_box_big_Grey
22:13:43: Player "clebin o guri" (steam64id="76561199029061744" pos=<10231.2, 22.25, 13046.3>) OpenBarrel dp_box_small_Olive
22:18:06: Player "[HORDA] JHON WICK" (steam64id="76561198122075703" pos=<9669.54, 4.81, 9524.02>) OpenBarrel Barrel_Blue
22:24:42: Player "Zeca" (steam64id="76561198211423224" pos=<9169.46, 28.03, 8140.8>) OpenBarrel dp_box_big_Olive
22:32:15: Player "[HORDA] JHON WICK" (steam64id="76561198122075703" pos=<9669.94, 4.81, 9524.03>) CloseBarrel Barrel_Blue
22:34:40: Player "[HORDA]LUCASBR" (steam64id="76561198973828354" pos=<9561.14, 6.07, 9585.81>) OpenBarrel Barrel_Blue
22:41:12: Player "[HORDA]ThiagoPenna" (steam64id="76561198218822351" pos=<9176.77, 13.99, 9625.35>) OpenBarrel dp_box_small_Olive
22:41:14: Player "[HORDA]ThiagoPenna" (steam64id="76561198218822351" pos=<9176.81, 13.99, 9625.32>) CloseBarrel dp_box_small_Olive
22:41:47: Player "Stitch Do PUBG" (steam64id="76561198398833122" pos=<10614.3, 8.50, 13721.4>) CloseBarrel dp_box_big_Brown
22:42:30: Player "[HORDA]intersandro" (steam64id="76561199214798198" pos=<9177.71, 13.99, 9625.5>) OpenBarrel dp_box_small_Olive
22:42:34: Player "[HORDA]intersandro" (steam64id="76561199214798198" pos=<9177.71, 13.99, 9625.5>) CloseBarrel dp_box_small_Olive
22:50:47: Player "CPT-R" (steam64id="76561198456404142" pos=<10613.8, 8.50, 13721.2>) OpenBarrel dp_box_big_Brown
22:50:52: Player "CPT-R" (steam64id="76561198456404142" pos=<10614.9, 8.91, 13720.4>) CloseBarrel dp_box_big_Brown
22:51:24: Player "[HORDA]ThiagoPenna" (steam64id="76561198218822351" pos=<9559.5, 6.07, 9582.3>) OpenBarrel dp_box_small_Olive
22:51:40: Player "[HORDA]ThiagoPenna" (steam64id="76561198218822351" pos=<9561.12, 6.07, 9582.64>) CloseBarrel dp_box_small_Olive
22:51:56: Player "[HORDA]ThiagoPenna" (steam64id="76561198218822351" pos=<9559.57, 6.07, 9582.35>) OpenBarrel dp_box_small_Olive
22:58:34: Player "YtH" (steam64id="76561198274248270" pos=<10492.6, 13.60, 11544.5>) CloseBarrel Barrel_Green
23:00:56: Player "Stitch Do PUBG" (steam64id="76561198398833122" pos=<10231.4, 21.78, 13045.5>) CloseBarrel dp_box_small_Olive
23:05:31: Player "[TMT].Skinner" (steam64id="76561198860620637" pos=<10232, 21.80, 13045.3>) OpenBarrel dp_box_small_Olive
23:10:36: Player "KILLER" (steam64id="76561198797258484" pos=<11126, 4.01, 8656.35>) CloseBarrel dp_box_small_Olive
23:11:33: Player "Ruan Plays" (steam64id="76561198806707998" pos=<11073.4, 4.01, 8681.03>) OpenBarrel dp_box_small_Olive
23:11:38: Player "MarcoLa" (steam64id="76561198352149308" pos=<11075.7, 4.01, 8680.37>) CloseBarrel dp_box_small_Olive
23:12:34: Player "081Rato" (steam64id="76561198202828871" pos=<10231.9, 21.81, 13044.9>) CloseBarrel dp_box_small_Olive
23:12:36: Player "081Rato" (steam64id="76561198202828871" pos=<10231.9, 21.81, 13044.9>) OpenBarrel dp_box_small_Olive
23:12:48: Player "MarcoLa" (steam64id="76561198352149308" pos=<11097.1, 4.01, 8616.09>) OpenBarrel dp_box_small_Olive
23:16:42: Player "MarcoLa" (steam64id="76561198352149308" pos=<11097.2, 4.01, 8616.18>) CloseBarrel dp_box_small_Olive
23:17:18: Player "KILLER" (steam64id="76561198797258484" pos=<11072.7, 4.01, 8599.53>) OpenBarrel dp_box_small_Olive
23:18:12: Player "YtH" (steam64id="76561198274248270" pos=<11073.1, 4.01, 8599.12>) CloseBarrel dp_box_small_Olive
23:18:16: Player "Ruan Plays" (steam64id="76561198806707998" pos=<11072.6, 4.01, 8601.08>) OpenBarrel dp_box_small_Olive
23:18:20: Player "YtH" (steam64id="76561198274248270" pos=<11073.8, 4.01, 8599.06>) CloseBarrel dp_box_small_Olive
23:18:29: Player "MarcoLa" (steam64id="76561198352149308" pos=<11073, 4.01, 8600.33>) OpenBarrel dp_box_small_Olive
23:18:31: Player "MarcoLa" (steam64id="76561198352149308" pos=<11072.9, 4.01, 8600.33>) CloseBarrel dp_box_small_Olive
23:18:42: Player "MarcoLa" (steam64id="76561198352149308" pos=<11072, 4.01, 8600.68>) OpenBarrel dp_box_small_Olive
23:18:51: Player "MarcoLa" (steam64id="76561198352149308" pos=<11072.2, 4.01, 8600.5>) CloseBarrel dp_box_small_Olive
23:21:26: Player "Ruan Plays" (steam64id="76561198806707998" pos=<10977.3, 40.02, 8659.18>) OpenBarrel dp_box_small_Olive
23:24:30: Player "Ruan Plays" (steam64id="76561198806707998" pos=<10977.8, 40.02, 8659.46>) CloseBarrel dp_box_small_Olive
23:24:43: Player "Ruan Plays" (steam64id="76561198806707998" pos=<10978.7, 36.62, 8661.45>) OpenBarrel dp_box_small_Olive
23:25:55: Player "[HORDA]LUCASBR" (steam64id="76561198973828354" pos=<10915.3, 19.17, 13475.7>) CloseBarrel dp_box_big_Tan
23:29:49: Player "Ruan Plays" (steam64id="76561198806707998" pos=<10978.3, 36.62, 8661.76>) CloseBarrel dp_box_small_Olive
23:32:34: Player "KILLER" (steam64id="76561198797258484" pos=<10982.3, 36.62, 8656.2>) OpenBarrel dp_box_small_Olive
23:36:34: Player "fgn" (steam64id="76561198104909829" pos=<10775.5, 31.59, 13147.5>) OpenBarrel dp_box_big_Tan
23:39:28: Player "MarcoLa" (steam64id="76561198352149308" pos=<10896.5, 4.13, 8685.47>) CloseBarrel Barrel_Blue
23:46:17: Player "netttto no drip" (steam64id="76561198859086815" pos=<10232.5, 21.82, 13045.2>) CloseBarrel dp_box_small_Olive
23:46:19: Player "MarcoLa" (steam64id="76561198352149308" pos=<10977.6, 40.02, 8659.65>) OpenBarrel Barrel_Blue
