00:19:06: Player "[EB] pedrobala" (steam64id="76561198046653521" pos=<10391.2, 17.65, 10609.2>) OpenBarrel dp_box_big_Grey
00:19:07: Player "[EB] pedrobala" (steam64id="76561198046653521" pos=<10392.3, 17.68, 10610.1>) OpenBarrel dp_box_big_Grey
00:19:22: Player "[EB] pedrobala" (steam64id="76561198046653521" pos=<10392.3, 17.68, 10610.1>) CloseBarrel dp_box_big_Grey
00:22:54: Player "[EB] pedrobala" (steam64id="76561198046653521" pos=<10388.5, 14.53, 10615.3>) OpenBarrel dp_box_big_Grey
00:25:45: Player "[EB] pedrobala" (steam64id="76561198046653521" pos=<10390.6, 17.65, 10609.3>) CloseBarrel dp_box_big_Grey
00:26:28: Player "[EB] pedrobala" (steam64id="76561198046653521" pos=<10391, 17.65, 10609.5>) OpenBarrel dp_box_big_Grey
00:26:31: Player "[EB] pedrobala" (steam64id="76561198046653521" pos=<10391.1, 17.65, 10609.1>) CloseBarrel dp_box_big_Grey
00:26:32: Player "[EB] pedrobala" (steam64id="76561198046653521" pos=<10392.2, 17.67, 10609.8>) OpenBarrel dp_box_big_Grey
00:26:37: Player "[EB] pedrobala" (steam64id="76561198046653521" pos=<10392.2, 17.67, 10609.8>) CloseBarrel dp_box_big_Grey
00:26:39: Player "[EB] pedrobala" (steam64id="76561198046653521" pos=<10390.7, 17.65, 10609.2>) OpenBarrel dp_box_big_Grey
00:26:47: Player "[EB] pedrobala" (steam64id="76561198046653521" pos=<10390.7, 17.65, 10609.2>) CloseBarrel dp_box_big_Grey
00:49:44: Player "Survivrau" (steam64id="76561198057660141" pos=<7390.02, 31.55, 8200.35>) OpenBarrel dp_box_big_Tan
00:49:49: Player "Survivrau" (steam64id="76561198057660141" pos=<7389.67, 31.55, 8200.37>) CloseBarrel dp_box_big_Tan
00:49:51: Player "Survivrau" (steam64id="76561198057660141" pos=<7390.06, 31.55, 8201.39>) OpenBarrel dp_box_big_Tan
00:49:58: Player "Survivrau" (steam64id="76561198057660141" pos=<7389.75, 31.55, 8201.71>) CloseBarrel dp_box_big_Tan
00:50:00: Player "Survivrau" (steam64id="76561198057660141" pos=<7389.93, 31.55, 8199.98>) OpenBarrel dp_box_big_Brown
00:50:05: Player "Survivrau" (steam64id="76561198057660141" pos=<7389.87, 31.55, 8199.8>) CloseBarrel dp_box_big_Brown
00:50:14: Player "Survivrau" (steam64id="76561198057660141" pos=<7393.13, 31.55, 8199.96>) OpenBarrel dp_box_big_Grey
00:50:22: Player "Survivrau" (steam64id="76561198057660141" pos=<7393.46, 31.55, 8200.4>) CloseBarrel dp_box_big_Grey
00:50:32: Player "Survivrau" (steam64id="76561198057660141" pos=<7391.9, 31.55, 8201.94>) OpenBarrel dp_box_big_Olive
00:50:37: Player "Survivrau" (steam64id="76561198057660141" pos=<7391.85, 31.55, 8201.97>) CloseBarrel dp_box_big_Olive
01:06:55: Player "[YKZ]-Lobato" (steam64id="76561198158375860" pos=<11089.3, 35.24, 8432.87>) OpenBarrel dp_box_big_Brown
01:06:57: Player "[YKZ]-Lobato" (steam64id="76561198158375860" pos=<11089.3, 35.24, 8432.87>) CloseBarrel dp_box_big_Brown
01:06:59: Player "[YKZ]-Lobato" (steam64id="76561198158375860" pos=<11089.7, 35.24, 8430.95>) OpenBarrel dp_box_big_Brown
01:07:00: Player "[YKZ]-Lobato" (steam64id="76561198158375860" pos=<11089.9, 35.24, 8430.99>) CloseBarrel dp_box_big_Brown
01:07:25: Player "[YKZ]-Lobato" (steam64id="76561198158375860" pos=<11089, 35.24, 8433.4>) OpenBarrel dp_box_big_Brown
01:07:29: Player "[YKZ]-Lobato" (steam64id="76561198158375860" pos=<11089, 35.24, 8433.4>) CloseBarrel dp_box_big_Brown
01:07:37: Player "[YKZ]-Lobato" (steam64id="76561198158375860" pos=<11089.7, 35.24, 8432.46>) OpenBarrel dp_box_big_Brown
01:07:40: Player "[YKZ]-Lobato" (steam64id="76561198158375860" pos=<11089.7, 35.24, 8432.46>) CloseBarrel dp_box_big_Brown
01:09:14: Player "[YKZ]-BlackBear" (steam64id="76561198343030820" pos=<11085.4, 41.36, 8427.84>) OpenBarrel dp_box_big_Olive
01:37:13: Player "[YKZ]-Lobato" (steam64id="76561198158375860" pos=<11089.4, 35.24, 8432.16>) OpenBarrel dp_box_big_Brown
01:38:10: Player "[YKZ]-Lobato" (steam64id="76561198158375860" pos=<11089.6, 35.24, 8432.42>) CloseBarrel dp_box_big_Brown
01:38:11: Player "[YKZ]-Lobato" (steam64id="76561198158375860" pos=<11090.4, 35.24, 8431.16>) OpenBarrel dp_box_big_Brown
01:38:15: Player "[YKZ]-Lobato" (steam64id="76561198158375860" pos=<11090.4, 35.24, 8431.16>) CloseBarrel dp_box_big_Brown
01:38:16: Player "[YKZ]-Lobato" (steam64id="76561198158375860" pos=<11089.8, 35.24, 8431.13>) OpenBarrel dp_box_small_Olive
01:38:39: Player "[YKZ]-Lobato" (steam64id="76561198158375860" pos=<11090, 35.24, 8431.06>) CloseBarrel dp_box_small_Olive
01:38:41: Player "[YKZ]-Lobato" (steam64id="76561198158375860" pos=<11089.6, 35.24, 8432.71>) OpenBarrel dp_box_big_Brown
01:38:58: Player "[YKZ]-Lobato" (steam64id="76561198158375860" pos=<11089.2, 35.24, 8432.96>) CloseBarrel dp_box_big_Brown
01:39:33: Player "[YKZ]-Lobato" (steam64id="76561198158375860" pos=<11089.4, 35.24, 8432.6>) OpenBarrel dp_box_big_Brown
01:39:54: Player "[YKZ]-Lobato" (steam64id="76561198158375860" pos=<11089.4, 35.24, 8432.6>) CloseBarrel dp_box_big_Brown
01:39:59: Player "[YKZ]-Lobato" (steam64id="76561198158375860" pos=<11089.8, 35.24, 8430.94>) OpenBarrel dp_box_small_Olive
01:40:03: Player "[YKZ]-Lobato" (steam64id="76561198158375860" pos=<11089.8, 35.24, 8430.94>) CloseBarrel dp_box_small_Olive
01:40:04: Player "[YKZ]-Lobato" (steam64id="76561198158375860" pos=<11090.3, 35.24, 8430.82>) OpenBarrel dp_box_big_Brown
01:40:24: Player "[YKZ]-Lobato" (steam64id="76561198158375860" pos=<11090.1, 35.24, 8430.98>) CloseBarrel dp_box_big_Brown
01:40:25: Player "[YKZ]-Lobato" (steam64id="76561198158375860" pos=<11089.5, 35.24, 8432.13>) OpenBarrel dp_box_big_Brown
01:41:19: Player "[YKZ]-Lobato" (steam64id="76561198158375860" pos=<11089.3, 35.24, 8432.3>) CloseBarrel dp_box_big_Brown
01:41:21: Player "[YKZ]-Lobato" (steam64id="76561198158375860" pos=<11089.2, 35.24, 8433.36>) OpenBarrel dp_box_big_Brown
01:44:14: Player "[YKZ]-Lobato" (steam64id="76561198158375860" pos=<11088.8, 35.24, 8433.75>) CloseBarrel dp_box_big_Brown
01:55:51: Player "[YKZ]-Lobato" (steam64id="76561198158375860" pos=<11089.2, 35.24, 8433.62>) OpenBarrel dp_box_big_Brown
01:56:00: Player "[YKZ]-Lobato" (steam64id="76561198158375860" pos=<11089.3, 35.24, 8433.56>) CloseBarrel dp_box_big_Brown
02:32:41: Player "[YKZ]-Lobato" (steam64id="76561198158375860" pos=<11089.6, 35.24, 8432.51>) OpenBarrel dp_box_big_Brown
02:33:06: Player "[YKZ]-Lobato" (steam64id="76561198158375860" pos=<11089.3, 35.24, 8433.1>) OpenBarrel dp_box_big_Brown
02:34:25: Player "[YKZ]-Lobato" (steam64id="76561198158375860" pos=<11090.2, 35.24, 8431.5>) OpenBarrel dp_box_big_Brown
02:34:42: Player "[YKZ]-Lobato" (steam64id="76561198158375860" pos=<11090.2, 35.24, 8431.5>) CloseBarrel dp_box_big_Brown
02:34:59: Player "[YKZ]-Lobato" (steam64id="76561198158375860" pos=<11089.1, 35.24, 8433.12>) CloseBarrel dp_box_big_Brown
02:37:26: Player "[YKZ]-Lobato" (steam64id="76561198158375860" pos=<11089.1, 35.24, 8433.5>) OpenBarrel dp_box_big_Brown
02:37:32: Player "[YKZ]-Lobato" (steam64id="76561198158375860" pos=<11089.1, 35.24, 8433.5>) CloseBarrel dp_box_big_Brown
02:38:01: Player "[YKZ]-Lobato" (steam64id="76561198158375860" pos=<11090.2, 35.24, 8431.47>) OpenBarrel dp_box_big_Brown
02:49:15: Player "[YKZ]-Lobato" (steam64id="76561198158375860" pos=<11090.8, 35.24, 8430.28>) CloseBarrel dp_box_big_Brown
02:49:16: Player "[YKZ]-Lobato" (steam64id="76561198158375860" pos=<11090.2, 35.24, 8431.72>) CloseBarrel dp_box_big_Brown
02:49:17: Player "[YKZ]-Lobato" (steam64id="76561198158375860" pos=<11090.9, 35.70, 8431.25>) OpenBarrel dp_box_small_Olive
02:49:38: Player "[YKZ]-Lobato" (steam64id="76561198158375860" pos=<11091, 35.24, 8429.76>) CloseBarrel dp_box_small_Olive
03:06:36: Player "[YKZ]-Lobato" (steam64id="76561198158375860" pos=<11090.3, 35.24, 8430.99>) OpenBarrel dp_box_small_Olive
03:07:42: Player "[YKZ]-Lobato" (steam64id="76561198158375860" pos=<11091, 35.24, 8430.14>) CloseBarrel dp_box_small_Olive
03:09:37: Player "[YKZ]-Lobato" (steam64id="76561198158375860" pos=<11090.6, 35.24, 8430.58>) OpenBarrel dp_box_big_Brown
03:09:42: Player "[YKZ]-Lobato" (steam64id="76561198158375860" pos=<11090.6, 35.24, 8430.58>) CloseBarrel dp_box_big_Brown
10:51:59: Player "[HORDA]ThiagoPenna" (steam64id="76561198218822351" pos=<9956.63, 19.17, 11777.6>) CloseBarrel dp_box_big_Grey
10:52:00: Player "[HORDA]ThiagoPenna" (steam64id="76561198218822351" pos=<9956.63, 19.17, 11777.6>) OpenBarrel dp_box_big_Grey
10:52:08: Player "[HORDA]ThiagoPenna" (steam64id="76561198218822351" pos=<9956.31, 19.17, 11778.6>) CloseBarrel dp_box_big_Grey
10:52:10: Player "[HORDA]ThiagoPenna" (steam64id="76561198218822351" pos=<9956.31, 19.17, 11778.6>) CloseBarrel dp_box_big_Grey
10:52:12: Player "[HORDA]ThiagoPenna" (steam64id="76561198218822351" pos=<9955.24, 19.17, 11777.2>) CloseBarrel dp_box_big_Grey
12:45:48: Player "[EB] pedrobala" (steam64id="76561198046653521" pos=<10390.9, 17.65, 10609.7>) OpenBarrel dp_box_big_Grey
12:47:05: Player "[EB] pedrobala" (steam64id="76561198046653521" pos=<10391.3, 17.66, 10609.8>) CloseBarrel dp_box_big_Grey
12:57:19: Player "[EB] pedrobala" (steam64id="76561198046653521" pos=<10392, 17.67, 10610>) OpenBarrel dp_box_big_Grey
12:57:23: Player "[EB] pedrobala" (steam64id="76561198046653521" pos=<10391.7, 17.67, 10609.9>) CloseBarrel dp_box_big_Grey
12:57:28: Player "[EB] pedrobala" (steam64id="76561198046653521" pos=<10391.6, 17.67, 10609.7>) OpenBarrel dp_box_big_Grey
12:59:59: Player "[EB] pedrobala" (steam64id="76561198046653521" pos=<10391.1, 17.65, 10609.8>) OpenBarrel dp_box_big_Grey
13:04:34: Player "[EB] pedrobala" (steam64id="76561198046653521" pos=<10390.4, 17.64, 10609.4>) CloseBarrel dp_box_big_Grey
13:04:36: Player "[EB] pedrobala" (steam64id="76561198046653521" pos=<10391.7, 17.67, 10610.1>) CloseBarrel dp_box_big_Grey
13:05:36: Player "[EB] pedrobala" (steam64id="76561198046653521" pos=<10388.5, 14.53, 10614.3>) CloseBarrel dp_box_big_Grey
14:44:03: Player "[YKZ]-BlackBear" (steam64id="76561198343030820" pos=<11085.2, 41.36, 8427.43>) OpenBarrel dp_box_big_Brown
14:44:16: Player "[YKZ]-BlackBear" (steam64id="76561198343030820" pos=<11085.2, 41.36, 8427.43>) CloseBarrel dp_box_big_Brown
14:45:33: Player "[YKZ]-BlackBear" (steam64id="76561198343030820" pos=<11089, 35.24, 8433.56>) OpenBarrel dp_box_big_Brown
14:46:04: Player "[YKZ]-Lobato" (steam64id="76561198158375860" pos=<11089.1, 35.24, 8433.24>) CloseBarrel dp_box_big_Brown
14:46:10: Player "[YKZ]-Lobato" (steam64id="76561198158375860" pos=<11090.3, 35.24, 8430.88>) OpenBarrel dp_box_small_Olive
14:46:35: Player "[YKZ]-Lobato" (steam64id="76561198158375860" pos=<11090.4, 35.24, 8430.61>) CloseBarrel dp_box_small_Olive
14:46:36: Player "[YKZ]-Lobato" (steam64id="76561198158375860" pos=<11090.4, 35.24, 8430.61>) OpenBarrel dp_box_big_Brown
14:46:42: Player "[YKZ]-Lobato" (steam64id="76561198158375860" pos=<11090.4, 35.24, 8430.61>) CloseBarrel dp_box_big_Brown
14:46:43: Player "[YKZ]-Lobato" (steam64id="76561198158375860" pos=<11089.8, 35.24, 8431.84>) OpenBarrel dp_box_big_Brown
14:46:46: Player "[YKZ]-Lobato" (steam64id="76561198158375860" pos=<11089.8, 35.24, 8431.84>) CloseBarrel dp_box_big_Brown
14:46:48: Player "[YKZ]-Lobato" (steam64id="76561198158375860" pos=<11089, 35.24, 8432.82>) OpenBarrel dp_box_big_Brown
14:46:52: Player "[YKZ]-Lobato" (steam64id="76561198158375860" pos=<11089.3, 35.24, 8433.08>) CloseBarrel dp_box_big_Brown
14:47:22: Player "[YKZ]-Lobato" (steam64id="76561198158375860" pos=<11090.2, 35.24, 8430.82>) OpenBarrel dp_box_small_Olive
14:47:46: Player "[YKZ]-Lobato" (steam64id="76561198158375860" pos=<11090.1, 35.24, 8430.85>) CloseBarrel dp_box_small_Olive
15:57:23: Player "[YKZ]-BlackBear" (steam64id="76561198343030820" pos=<11085.4, 41.36, 8428.09>) CloseBarrel dp_box_big_Olive
15:57:58: Player "[YKZ]-Lobato" (steam64id="76561198158375860" pos=<11089, 35.24, 8432.86>) OpenBarrel dp_box_big_Brown
15:58:04: Player "[YKZ]-Lobato" (steam64id="76561198158375860" pos=<11089.1, 35.24, 8433.08>) CloseBarrel dp_box_big_Brown
15:58:17: Player "[YKZ]-Lobato" (steam64id="76561198158375860" pos=<11089.6, 35.24, 8431.45>) OpenBarrel dp_box_big_Brown
15:58:20: Player "[YKZ]-Lobato" (steam64id="76561198158375860" pos=<11090, 35.24, 8431.45>) CloseBarrel dp_box_big_Brown
15:58:21: Player "[YKZ]-Lobato" (steam64id="76561198158375860" pos=<11089.7, 35.24, 8432.44>) OpenBarrel dp_box_big_Brown
16:14:57: Player "[YKZ]-Lobato" (steam64id="76561198158375860" pos=<11089.1, 35.24, 8433.58>) CloseBarrel dp_box_big_Brown
16:15:00: Player "[YKZ]-Lobato" (steam64id="76561198158375860" pos=<11089.5, 35.24, 8432.43>) OpenBarrel dp_box_big_Brown
16:16:12: Player "[YKZ]-Lobato" (steam64id="76561198158375860" pos=<11089.5, 35.24, 8432.43>) CloseBarrel dp_box_big_Brown
16:16:14: Player "[YKZ]-Lobato" (steam64id="76561198158375860" pos=<11089.3, 35.24, 8433.18>) OpenBarrel dp_box_big_Brown
16:16:37: Player "[YKZ]-Lobato" (steam64id="76561198158375860" pos=<11089.2, 35.24, 8433.14>) CloseBarrel dp_box_big_Brown
16:17:32: Player "[YKZ]-Lobato" (steam64id="76561198158375860" pos=<11089, 35.24, 8432.65>) OpenBarrel dp_box_big_Brown
16:17:38: Player "[YKZ]-Lobato" (steam64id="76561198158375860" pos=<11090.2, 35.24, 8431.47>) OpenBarrel dp_box_big_Brown
16:17:43: Player "[YKZ]-Lobato" (steam64id="76561198158375860" pos=<11090.2, 35.24, 8431.47>) CloseBarrel dp_box_big_Brown
16:18:20: Player "[YKZ]-Lobato" (steam64id="76561198158375860" pos=<11090.2, 35.24, 8431.47>) CloseBarrel dp_box_big_Brown
16:18:22: Player "[YKZ]-Lobato" (steam64id="76561198158375860" pos=<11089.8, 35.24, 8431.32>) OpenBarrel dp_box_small_Olive
16:18:28: Player "[YKZ]-Lobato" (steam64id="76561198158375860" pos=<11089.8, 35.24, 8431.32>) CloseBarrel dp_box_small_Olive
16:18:34: Player "[YKZ]-Lobato" (steam64id="76561198158375860" pos=<11089.3, 35.24, 8432.79>) OpenBarrel dp_box_big_Brown
16:18:41: Player "[YKZ]-Lobato" (steam64id="76561198158375860" pos=<11089.3, 35.24, 8432.79>) CloseBarrel dp_box_big_Brown
16:18:43: Player "[YKZ]-Lobato" (steam64id="76561198158375860" pos=<11089.7, 35.24, 8432.33>) OpenBarrel dp_box_big_Brown
16:20:49: Player "[YKZ]-Lobato" (steam64id="76561198158375860" pos=<11089.4, 35.24, 8431.71>) CloseBarrel dp_box_big_Brown
16:20:50: Player "[YKZ]-Lobato" (steam64id="76561198158375860" pos=<11090.2, 35.24, 8430.88>) OpenBarrel dp_box_big_Brown
16:20:54: Player "[YKZ]-Lobato" (steam64id="76561198158375860" pos=<11090.2, 35.24, 8430.88>) CloseBarrel dp_box_big_Brown
16:20:58: Player "[YKZ]-Lobato" (steam64id="76561198158375860" pos=<11089.3, 35.24, 8433.54>) OpenBarrel dp_box_big_Brown
16:21:30: Player "[YKZ]-Lobato" (steam64id="76561198158375860" pos=<11089.3, 35.24, 8433.55>) CloseBarrel dp_box_big_Brown
16:21:32: Player "[YKZ]-Lobato" (steam64id="76561198158375860" pos=<11089.3, 35.24, 8432.02>) OpenBarrel dp_box_big_Brown
16:22:14: Player "[YKZ]-Lobato" (steam64id="76561198158375860" pos=<11089.4, 35.24, 8432.24>) CloseBarrel dp_box_big_Brown
16:22:15: Player "[YKZ]-Lobato" (steam64id="76561198158375860" pos=<11089.8, 35.72, 8430.55>) OpenBarrel dp_box_small_Olive
16:23:14: Player "[YKZ]-Lobato" (steam64id="76561198158375860" pos=<11089.8, 35.24, 8431.17>) CloseBarrel dp_box_small_Olive
16:23:16: Player "[YKZ]-Lobato" (steam64id="76561198158375860" pos=<11089.9, 35.24, 8431.22>) OpenBarrel dp_box_big_Brown
16:23:18: Player "[YKZ]-Lobato" (steam64id="76561198158375860" pos=<11089.9, 35.24, 8431.22>) CloseBarrel dp_box_big_Brown
16:23:19: Player "[YKZ]-Lobato" (steam64id="76561198158375860" pos=<11089.5, 35.24, 8432.01>) OpenBarrel dp_box_big_Brown
16:25:01: Player "[YKZ]-Lobato" (steam64id="76561198158375860" pos=<11089.6, 35.24, 8431.43>) CloseBarrel dp_box_big_Brown
16:25:06: Player "[YKZ]-BlackBear" (steam64id="76561198343030820" pos=<11085.4, 41.36, 8427.73>) OpenBarrel dp_box_big_Brown
16:25:11: Player "[YKZ] Notsniw" (steam64id="76561197967151252" pos=<11091.6, 35.69, 8428.38>) OpenBarrel dp_box_small_Olive
16:25:28: Player "[YKZ] Notsniw" (steam64id="76561197967151252" pos=<11092, 35.24, 8428.61>) CloseBarrel dp_box_small_Olive
16:25:43: Player "[YKZ]-Lobato" (steam64id="76561198158375860" pos=<11089.1, 35.24, 8432.81>) OpenBarrel dp_box_big_Brown
16:25:50: Player "[YKZ]-Lobato" (steam64id="76561198158375860" pos=<11089.1, 35.24, 8432.81>) CloseBarrel dp_box_big_Brown
16:26:19: Player "[YKZ]-Lobato" (steam64id="76561198158375860" pos=<11089.3, 35.24, 8432.19>) OpenBarrel dp_box_big_Brown
16:26:25: Player "[YKZ]-Lobato" (steam64id="76561198158375860" pos=<11089.5, 35.24, 8432.3>) CloseBarrel dp_box_big_Brown
16:26:26: Player "[YKZ]-Lobato" (steam64id="76561198158375860" pos=<11089.9, 35.24, 8431.54>) OpenBarrel dp_box_big_Brown
16:26:27: Player "[YKZ]-Lobato" (steam64id="76561198158375860" pos=<11090, 35.24, 8431.5>) CloseBarrel dp_box_big_Brown
16:27:46: Player "[YKZ]-Lobato" (steam64id="76561198158375860" pos=<11089.9, 35.24, 8431.04>) OpenBarrel dp_box_big_Brown
16:27:48: Player "[YKZ]-Lobato" (steam64id="76561198158375860" pos=<11090.2, 35.24, 8431.3>) CloseBarrel dp_box_big_Brown
16:27:49: Player "[YKZ]-Lobato" (steam64id="76561198158375860" pos=<11089.6, 35.24, 8431.87>) OpenBarrel dp_box_big_Brown
16:27:54: Player "[YKZ]-Lobato" (steam64id="76561198158375860" pos=<11089.6, 35.24, 8431.87>) CloseBarrel dp_box_big_Brown
16:27:59: Player "Survivrau" (steam64id="76561198057660141" pos=<7553.15, 35.27, 7892.89>) CloseBarrel dp_box_big_Brown
16:28:02: Player "Survivrau" (steam64id="76561198057660141" pos=<7550.32, 35.27, 7893.27>) CloseBarrel dp_box_big_Brown
16:56:30: Player "[YKZ]-Lobato" (steam64id="76561198158375860" pos=<11089.2, 35.24, 8433.86>) OpenBarrel dp_box_big_Brown
16:56:44: Player "[YKZ]-Lobato" (steam64id="76561198158375860" pos=<11089.2, 35.24, 8433.86>) CloseBarrel dp_box_big_Brown
16:58:50: Player "[YKZ]-Lobato" (steam64id="76561198158375860" pos=<11089.1, 35.24, 8432.89>) OpenBarrel dp_box_big_Brown
16:58:57: Player "[YKZ]-Lobato" (steam64id="76561198158375860" pos=<11089.1, 35.24, 8432.89>) CloseBarrel dp_box_big_Brown
16:58:58: Player "[YKZ]-Lobato" (steam64id="76561198158375860" pos=<11089.6, 35.24, 8431.04>) OpenBarrel dp_box_small_Olive
16:59:04: Player "[YKZ]-Lobato" (steam64id="76561198158375860" pos=<11089.6, 35.24, 8431.04>) CloseBarrel dp_box_small_Olive
17:03:01: Player "Survivrau" (steam64id="76561198057660141" pos=<7557.93, 28.05, 7900.68>) OpenBarrel dp_box_big_Brown
17:03:50: Player "Survivrau" (steam64id="76561198057660141" pos=<7550.33, 35.27, 7893.43>) OpenBarrel dp_box_big_Brown
17:19:32: Player "[YKZ] Felps" (steam64id="76561198892779186" pos=<11092.1, 35.24, 8428.92>) OpenBarrel dp_box_small_Olive
17:19:37: Player "[YKZ] Felps" (steam64id="76561198892779186" pos=<11092.1, 35.24, 8428.92>) CloseBarrel dp_box_small_Olive
17:19:42: Player "[YKZ] Felps" (steam64id="76561198892779186" pos=<11091.8, 35.24, 8429.8>) OpenBarrel dp_box_big_Brown
17:19:51: Player "[YKZ] Felps" (steam64id="76561198892779186" pos=<11091.8, 35.24, 8430.01>) CloseBarrel dp_box_big_Brown
17:19:55: Player "[YKZ] Felps" (steam64id="76561198892779186" pos=<11090.8, 35.24, 8430.1>) OpenBarrel dp_box_small_Olive
17:20:02: Player "[YKZ] Felps" (steam64id="76561198892779186" pos=<11090.8, 35.24, 8430.1>) CloseBarrel dp_box_small_Olive
17:20:06: Player "[YKZ] Felps" (steam64id="76561198892779186" pos=<11089.8, 35.24, 8431.72>) OpenBarrel dp_box_big_Brown
17:20:34: Player "[YKZ] Felps" (steam64id="76561198892779186" pos=<11089.9, 35.66, 8432.2>) CloseBarrel dp_box_big_Brown
17:20:37: Player "[YKZ] Felps" (steam64id="76561198892779186" pos=<11088.7, 35.66, 8433.53>) OpenBarrel dp_box_big_Brown
17:21:00: Player "[YKZ] Felps" (steam64id="76561198892779186" pos=<11088.7, 35.66, 8433.53>) CloseBarrel dp_box_big_Brown
17:25:39: Player "[YKZ]-Lobato" (steam64id="76561198158375860" pos=<11089.1, 35.24, 8433.5>) OpenBarrel dp_box_big_Brown
17:25:55: Player "Survivrau" (steam64id="76561198057660141" pos=<8427.52, 12.62, 6070.04>) OpenBarrel dp_box_big_Brown
17:25:58: Player "Survivrau" (steam64id="76561198057660141" pos=<8427.49, 12.59, 6070.39>) CloseBarrel dp_box_big_Brown
17:26:07: Player "[YKZ]-Lobato" (steam64id="76561198158375860" pos=<11089.1, 35.24, 8433.5>) CloseBarrel dp_box_big_Brown
17:26:09: Player "[YKZ]-Lobato" (steam64id="76561198158375860" pos=<11090.2, 35.24, 8430.8>) OpenBarrel dp_box_big_Brown
17:26:21: Player "[YKZ]-Lobato" (steam64id="76561198158375860" pos=<11090.2, 35.24, 8430.8>) CloseBarrel dp_box_big_Brown
17:26:24: Player "[YKZ]-Lobato" (steam64id="76561198158375860" pos=<11089.6, 35.24, 8431.15>) OpenBarrel dp_box_small_Olive
17:26:26: Player "[YKZ]-Lobato" (steam64id="76561198158375860" pos=<11089.6, 35.24, 8431.15>) CloseBarrel dp_box_small_Olive
17:26:27: Player "[YKZ]-Lobato" (steam64id="76561198158375860" pos=<11089.4, 35.24, 8431.99>) OpenBarrel dp_box_big_Brown
17:26:30: Player "[YKZ]-Lobato" (steam64id="76561198158375860" pos=<11089.5, 35.24, 8432.14>) CloseBarrel dp_box_big_Brown
17:26:32: Player "[YKZ]-Lobato" (steam64id="76561198158375860" pos=<11089, 35.24, 8433.38>) OpenBarrel dp_box_big_Brown
17:26:33: Player "[YKZ]-Lobato" (steam64id="76561198158375860" pos=<11089, 35.24, 8433.38>) CloseBarrel dp_box_big_Brown
17:26:35: Player "[YKZ]-Lobato" (steam64id="76561198158375860" pos=<11089.4, 35.24, 8432.47>) OpenBarrel dp_box_big_Brown
17:27:04: Player "[YKZ]-Lobato" (steam64id="76561198158375860" pos=<11089.1, 35.24, 8432.26>) CloseBarrel dp_box_big_Brown
17:33:30: Player "[YKZ]-Lobato" (steam64id="76561198158375860" pos=<11090.8, 35.24, 8430.22>) OpenBarrel dp_box_small_Olive
17:34:01: Player "[YKZ]-Lobato" (steam64id="76561198158375860" pos=<11090.2, 35.24, 8430.74>) CloseBarrel dp_box_small_Olive
17:34:03: Player "[YKZ]-Lobato" (steam64id="76561198158375860" pos=<11089.5, 35.62, 8433.48>) OpenBarrel dp_box_big_Brown
17:36:54: Player "[YKZ]-Lobato" (steam64id="76561198158375860" pos=<11089.3, 35.24, 8433.07>) CloseBarrel dp_box_big_Brown
18:25:08: Player "[HORDA] zBieL" (steam64id="76561198001525812" pos=<9953.82, 19.17, 11777.7>) OpenBarrel dp_box_big_Grey
18:27:51: Player "[HORDA] zBieL" (steam64id="76561198001525812" pos=<9955.67, 19.17, 11778.9>) OpenBarrel dp_box_big_Grey
18:31:46: Player "[YKZ]-Lobato" (steam64id="76561198158375860" pos=<11089.5, 35.24, 8432.36>) OpenBarrel dp_box_big_Brown
18:31:52: Player "[YKZ]-Lobato" (steam64id="76561198158375860" pos=<11089.5, 35.24, 8432.36>) CloseBarrel dp_box_big_Brown
18:31:59: Player "[YKZ]-Lobato" (steam64id="76561198158375860" pos=<11089.2, 35.24, 8433.78>) OpenBarrel dp_box_big_Brown
18:32:48: Player "[YKZ]-Lobato" (steam64id="76561198158375860" pos=<11089.2, 35.24, 8433.78>) CloseBarrel dp_box_big_Brown
18:32:57: Player "[YKZ]-Lobato" (steam64id="76561198158375860" pos=<11089.6, 35.24, 8430.99>) OpenBarrel dp_box_small_Olive
18:33:24: Player "[YKZ]-Lobato" (steam64id="76561198158375860" pos=<11090.2, 35.70, 8430.4>) OpenBarrel dp_box_big_Brown
18:33:25: Player "[YKZ]-Lobato" (steam64id="76561198158375860" pos=<11090.2, 35.69, 8430.4>) CloseBarrel dp_box_small_Olive
18:43:48: Player "[YKZ] Emissarius" (steam64id="76561198271087379" pos=<11092.4, 35.24, 8428.21>) OpenBarrel dp_box_small_Olive
18:44:10: Player "[YKZ] Emissarius" (steam64id="76561198271087379" pos=<11090.8, 35.24, 8430.53>) OpenBarrel dp_box_small_Olive
18:44:21: Player "[YKZ] Emissarius" (steam64id="76561198271087379" pos=<11090.8, 35.24, 8430.53>) CloseBarrel dp_box_small_Olive
18:44:39: Player "[YKZ] Emissarius" (steam64id="76561198271087379" pos=<11091.9, 35.24, 8428.73>) CloseBarrel dp_box_small_Olive
18:58:51: Player "ttuker" (steam64id="76561198971813376" pos=<8100.12, 18.62, 7687.26>) OpenBarrel dp_box_big_Grey
19:00:45: Player "[HORDA]MacLovin" (steam64id="76561199068236803" pos=<9956.32, 19.17, 11778.5>) OpenBarrel dp_box_big_Grey
19:26:57: Player "[YKZ] Emissarius" (steam64id="76561198271087379" pos=<11089.4, 35.24, 8432.95>) OpenBarrel dp_box_big_Brown
19:27:12: Player "[YKZ] Emissarius" (steam64id="76561198271087379" pos=<11090.3, 35.70, 8432.94>) CloseBarrel dp_box_big_Brown
19:37:11: Player "[YKZ] Emissarius" (steam64id="76561198271087379" pos=<11085.9, 41.36, 8427.57>) OpenBarrel dp_box_big_Olive
19:37:13: Player "[YKZ] Emissarius" (steam64id="76561198271087379" pos=<11085.1, 41.36, 8427.51>) OpenBarrel dp_box_big_Brown
19:37:14: Player "[YKZ] Emissarius" (steam64id="76561198271087379" pos=<11085.1, 41.36, 8427.51>) OpenBarrel dp_box_big_Olive
19:37:57: Player "[YKZ] chron1c" (steam64id="76561198205585613" pos=<11085.3, 41.36, 8427.49>) CloseBarrel dp_box_big_Olive
19:37:59: Player "[YKZ] chron1c" (steam64id="76561198205585613" pos=<11085.3, 41.36, 8427.49>) CloseBarrel dp_box_big_Brown
19:38:14: Player "[YKZ] chron1c" (steam64id="76561198205585613" pos=<11085.4, 41.36, 8427.9>) OpenBarrel dp_box_big_Olive
19:38:16: Player "[YKZ] Emissarius" (steam64id="76561198271087379" pos=<11087.2, 41.86, 8427.47>) CloseBarrel dp_box_big_Olive
19:38:17: Player "[YKZ] chron1c" (steam64id="76561198205585613" pos=<11085.4, 41.36, 8427.9>) OpenBarrel dp_box_big_Brown
19:38:23: Player "[YKZ] chron1c" (steam64id="76561198205585613" pos=<11085.9, 41.36, 8427.79>) CloseBarrel dp_box_big_Olive
19:38:26: Player "[YKZ] chron1c" (steam64id="76561198205585613" pos=<11085.6, 41.36, 8427.56>) CloseBarrel dp_box_big_Brown
19:39:11: Player "[YKZ] chron1c" (steam64id="76561198205585613" pos=<11085.3, 41.95, 8425.86>) CloseBarrel dp_box_big_Brown
20:36:44: Player "Duero" (steam64id="76561198259492425" pos=<7393.18, 31.55, 8200.78>) OpenBarrel dp_box_big_Grey
20:37:01: Player "Duero" (steam64id="76561198259492425" pos=<7392.37, 31.55, 8202.21>) OpenBarrel dp_box_big_Olive
20:37:04: Player "Duero" (steam64id="76561198259492425" pos=<7392.37, 31.55, 8202.21>) CloseBarrel dp_box_big_Olive
20:37:07: Player "Duero" (steam64id="76561198259492425" pos=<7389.96, 31.55, 8201.03>) OpenBarrel dp_box_big_Tan
20:37:10: Player "Duero" (steam64id="76561198259492425" pos=<7389.59, 31.55, 8201.27>) CloseBarrel dp_box_big_Tan
20:37:11: Player "Duero" (steam64id="76561198259492425" pos=<7389.52, 31.55, 8200.62>) OpenBarrel dp_box_big_Tan
20:37:20: Player "Duero" (steam64id="76561198259492425" pos=<7389.52, 31.55, 8200.62>) CloseBarrel dp_box_big_Tan
20:42:18: Player "ttuker" (steam64id="76561198971813376" pos=<7389.89, 31.55, 8200.85>) OpenBarrel dp_box_big_Tan
20:42:25: Player "ttuker" (steam64id="76561198971813376" pos=<7389.7, 31.55, 8201.12>) CloseBarrel dp_box_big_Tan
20:42:26: Player "ttuker" (steam64id="76561198971813376" pos=<7389.74, 31.55, 8200.6>) OpenBarrel dp_box_big_Tan
20:42:46: Player "ttuker" (steam64id="76561198971813376" pos=<7389.74, 31.55, 8200.6>) CloseBarrel dp_box_big_Tan
20:42:47: Player "ttuker" (steam64id="76561198971813376" pos=<7389.44, 31.55, 8200>) OpenBarrel dp_box_big_Brown
20:43:02: Player "ttuker" (steam64id="76561198971813376" pos=<7390.81, 32.09, 8203.2>) OpenBarrel dp_box_big_Olive
20:43:30: Player "Duero" (steam64id="76561198259492425" pos=<7389.73, 31.55, 8200.39>) OpenBarrel dp_box_big_Tan
20:43:36: Player "Duero" (steam64id="76561198259492425" pos=<7389.73, 31.55, 8200.39>) CloseBarrel dp_box_big_Tan
20:44:05: Player "ttuker" (steam64id="76561198971813376" pos=<7390.04, 31.55, 8201.72>) OpenBarrel dp_box_big_Tan
20:44:11: Player "ttuker" (steam64id="76561198971813376" pos=<7389.91, 31.55, 8201.54>) CloseBarrel dp_box_big_Tan
20:44:13: Player "ttuker" (steam64id="76561198971813376" pos=<7388.8, 32.05, 8200.33>) OpenBarrel dp_box_big_Tan
20:44:13: Player "[EB] GordoEmers" (steam64id="76561198260617608" pos=<10391.8, 17.67, 10610>) OpenBarrel dp_box_big_Grey
20:44:21: Player "[EB] GordoEmers" (steam64id="76561198260617608" pos=<10392.2, 17.67, 10609.7>) CloseBarrel dp_box_big_Grey
20:44:22: Player "[EB] GordoEmers" (steam64id="76561198260617608" pos=<10391.6, 17.66, 10609.4>) OpenBarrel dp_box_big_Grey
20:44:27: Player "[EB] GordoEmers" (steam64id="76561198260617608" pos=<10391.5, 17.66, 10609.2>) CloseBarrel dp_box_big_Grey
20:45:26: Player "[EB] GordoEmers" (steam64id="76561198260617608" pos=<10392.9, 17.68, 10610.1>) OpenBarrel dp_box_big_Grey
20:45:53: Player "[EB] GordoEmers" (steam64id="76561198260617608" pos=<10392.4, 17.68, 10610.1>) CloseBarrel dp_box_big_Grey
20:46:03: Player "[EB] GordoEmers" (steam64id="76561198260617608" pos=<10391.1, 17.65, 10609.1>) OpenBarrel dp_box_big_Grey
20:50:01: Player "Duero" (steam64id="76561198259492425" pos=<7389.56, 31.55, 8199.79>) CloseBarrel dp_box_big_Tan
20:50:02: Player "Duero" (steam64id="76561198259492425" pos=<7389.56, 31.55, 8199.79>) CloseBarrel dp_box_big_Brown
20:50:03: Player "Duero" (steam64id="76561198259492425" pos=<7390.41, 31.55, 8202.11>) CloseBarrel dp_box_small_Brown
20:50:05: Player "Duero" (steam64id="76561198259492425" pos=<7390.78, 31.55, 8202.53>) CloseBarrel dp_box_big_Olive
20:50:50: Player "Duero" (steam64id="76561198259492425" pos=<7391, 31.55, 8202.7>) OpenBarrel dp_box_big_Olive
20:50:53: Player "Duero" (steam64id="76561198259492425" pos=<7391, 31.55, 8202.7>) CloseBarrel dp_box_big_Olive
20:54:15: Player "[EB] GordoEmers" (steam64id="76561198260617608" pos=<10388.9, 14.98, 10614.8>) OpenBarrel dp_box_big_Grey
20:54:34: Player "[EB] GordoEmers" (steam64id="76561198260617608" pos=<10389, 14.53, 10614>) CloseBarrel dp_box_big_Grey
20:56:14: Player "[YKZ]-BlackBear" (steam64id="76561198343030820" pos=<11085.5, 41.36, 8427.2>) OpenBarrel dp_box_big_Olive
20:57:23: Player "[EB] GordoEmers" (steam64id="76561198260617608" pos=<10392, 17.67, 10609.6>) OpenBarrel dp_box_big_Grey
20:57:52: Player "[EB] GordoEmers" (steam64id="76561198260617608" pos=<10392, 17.67, 10609.6>) CloseBarrel dp_box_big_Grey
20:59:38: Player "[EB] GordoEmers" (steam64id="76561198260617608" pos=<10390.2, 17.64, 10609.5>) CloseBarrel dp_box_big_Grey
21:00:13: Player "[EB] GordoEmers" (steam64id="76561198260617608" pos=<10390.9, 17.65, 10609>) OpenBarrel dp_box_big_Grey
21:00:18: Player "[EB] GordoEmers" (steam64id="76561198260617608" pos=<10390.9, 17.64, 10609>) CloseBarrel dp_box_big_Grey
21:02:58: Player "[YKZ]-BlackBear" (steam64id="76561198343030820" pos=<11085.8, 41.36, 8427.63>) CloseBarrel dp_box_big_Olive
21:03:01: Player "[YKZ]-BlackBear" (steam64id="76561198343030820" pos=<11085.2, 41.36, 8427.64>) OpenBarrel dp_box_big_Brown
21:05:16: Player "[YKZ]-BlackBear" (steam64id="76561198343030820" pos=<11085.2, 41.36, 8427.72>) OpenBarrel dp_box_big_Brown
21:05:28: Player "[YKZ]-BlackBear" (steam64id="76561198343030820" pos=<11085.2, 41.36, 8427.72>) CloseBarrel dp_box_big_Brown
21:05:30: Player "[YKZ]-BlackBear" (steam64id="76561198343030820" pos=<11085.2, 41.36, 8427.72>) OpenBarrel dp_box_big_Olive
21:06:39: Player "[YKZ]-BlackBear" (steam64id="76561198343030820" pos=<11085.2, 41.36, 8427.72>) CloseBarrel dp_box_big_Olive
21:11:15: Player "[YKZ]-BlackBear" (steam64id="76561198343030820" pos=<11085.7, 41.36, 8426.95>) OpenBarrel dp_box_big_Brown
21:11:25: Player "[YKZ]-BlackBear" (steam64id="76561198343030820" pos=<11085.7, 41.36, 8426.95>) CloseBarrel dp_box_big_Brown
21:14:19: Player "[YKZ]-BlackBear" (steam64id="76561198343030820" pos=<11092.1, 35.24, 8428.13>) OpenBarrel dp_box_small_Olive
21:15:07: Player "[YKZ]-BlackBear" (steam64id="76561198343030820" pos=<11091.9, 35.24, 8428.04>) CloseBarrel dp_box_small_Olive
21:16:41: Player "[YKZ]-BlackBear" (steam64id="76561198343030820" pos=<11080, 41.37, 8424.57>) CloseBarrel dp_box_big_Brown
21:16:43: Player "[YKZ]-BlackBear" (steam64id="76561198343030820" pos=<11081.6, 41.85, 8422.79>) CloseBarrel dp_box_big_Tan
21:26:36: Player "[YKZ]-BlackBear" (steam64id="76561198343030820" pos=<11094.8, 35.61, 8424.82>) CloseBarrel dp_box_big_Tan
21:45:44: Player "Landim" (steam64id="76561198167594302" pos=<9753.83, 46.78, 6479.8>) OpenBarrel dp_box_big_Grey
22:00:30: Player "[EB] pedrobala" (steam64id="76561198046653521" pos=<10694.5, 4.57, 8442.43>) OpenBarrel dp_box_big_Grey
22:00:33: Player "[EB] GordoEmers" (steam64id="76561198260617608" pos=<10694.5, 4.58, 8441.66>) CloseBarrel dp_box_big_Grey
22:00:38: Player "[EB] pedrobala" (steam64id="76561198046653521" pos=<10694.2, 4.52, 8444.36>) OpenBarrel dp_box_big_Grey
22:00:44: Player "[EB] pedrobala" (steam64id="76561198046653521" pos=<10693.9, 4.54, 8444.04>) CloseBarrel dp_box_big_Grey
22:07:36: Player "[EB] GordoEmers" (steam64id="76561198260617608" pos=<10693.8, 4.60, 8441.85>) OpenBarrel dp_box_big_Grey
22:07:40: Player "[EB] GordoEmers" (steam64id="76561198260617608" pos=<10694.1, 4.57, 8442.52>) CloseBarrel dp_box_big_Grey
22:08:19: Player "[EB] GordoEmers" (steam64id="76561198260617608" pos=<10701.6, 4.04, 8439.54>) OpenBarrel dp_box_big_Grey
22:08:23: Player "[EB] GordoEmers" (steam64id="76561198260617608" pos=<10701.6, 4.04, 8439.54>) CloseBarrel dp_box_big_Grey
22:08:34: Player "[EB] GordoEmers" (steam64id="76561198260617608" pos=<10696.8, 4.20, 8435.28>) OpenBarrel dp_box_big_Grey
22:08:38: Player "[EB] GordoEmers" (steam64id="76561198260617608" pos=<10696.8, 4.20, 8435.28>) CloseBarrel dp_box_big_Grey
22:09:08: Player "[EB] GordoEmers" (steam64id="76561198260617608" pos=<10693.9, 4.33, 8442.59>) OpenBarrel dp_box_big_Grey
22:09:21: Player "[EB] GordoEmers" (steam64id="76561198260617608" pos=<10693.7, 4.34, 8443.9>) CloseBarrel dp_box_big_Grey
22:10:22: Player "[EB] GordoEmers" (steam64id="76561198260617608" pos=<10693.3, 4.35, 8441.48>) OpenBarrel dp_box_big_Grey
22:10:24: Player "[EB] GordoEmers" (steam64id="76561198260617608" pos=<10693.3, 4.35, 8441.48>) CloseBarrel dp_box_big_Grey
22:10:32: Player "[EB] GordoEmers" (steam64id="76561198260617608" pos=<10695.5, 4.27, 8434.7>) OpenBarrel dp_box_big_Grey
22:10:35: Player "[EB] GordoEmers" (steam64id="76561198260617608" pos=<10695.5, 4.27, 8434.7>) CloseBarrel dp_box_big_Grey
22:10:36: Player "[EB] GordoEmers" (steam64id="76561198260617608" pos=<10697.5, 4.19, 8436.88>) OpenBarrel dp_box_big_Grey
22:10:40: Player "[EB] GordoEmers" (steam64id="76561198260617608" pos=<10697.5, 4.19, 8436.88>) CloseBarrel dp_box_big_Grey
22:10:42: Player "[EB] GordoEmers" (steam64id="76561198260617608" pos=<10699.3, 4.09, 8439.13>) OpenBarrel dp_box_big_Grey
22:10:44: Player "[EB] GordoEmers" (steam64id="76561198260617608" pos=<10699.3, 4.09, 8439.13>) CloseBarrel dp_box_big_Grey
22:11:00: Player "[EB] GordoEmers" (steam64id="76561198260617608" pos=<10695.1, 4.47, 8441.24>) OpenBarrel dp_box_big_Grey
22:11:05: Player "[EB] GordoEmers" (steam64id="76561198260617608" pos=<10696.6, 4.46, 8440.34>) CloseBarrel dp_box_big_Grey
22:13:11: Player "KOREA" (steam64id="76561198253386609" pos=<10388.8, 14.52, 10614>) OpenBarrel dp_box_big_Grey
22:13:13: Player "KOREA" (steam64id="76561198253386609" pos=<10388.8, 14.52, 10614>) CloseBarrel dp_box_big_Grey
22:15:52: Player "KOREA" (steam64id="76561198253386609" pos=<10391.7, 17.66, 10609.2>) OpenBarrel dp_box_big_Grey
22:15:54: Player "KOREA" (steam64id="76561198253386609" pos=<10391.7, 17.66, 10609.2>) CloseBarrel dp_box_big_Grey
22:20:53: Player "KOREA" (steam64id="76561198253386609" pos=<10392.8, 17.68, 10610.5>) OpenBarrel dp_box_big_Grey
22:26:34: Player "[EB] pedrobala" (steam64id="76561198046653521" pos=<10693.8, 4.52, 8440.84>) OpenBarrel dp_box_big_Grey
22:37:50: Player "[EB] pedrobala" (steam64id="76561198046653521" pos=<10693.8, 4.49, 8441.72>) OpenBarrel dp_box_big_Grey
22:37:55: Player "[EB] pedrobala" (steam64id="76561198046653521" pos=<10693.8, 4.49, 8441.72>) CloseBarrel dp_box_big_Grey
22:37:57: Player "[EB] pedrobala" (steam64id="76561198046653521" pos=<10694.4, 4.46, 8442.52>) OpenBarrel dp_box_big_Grey
22:38:01: Player "[EB] pedrobala" (steam64id="76561198046653521" pos=<10694.4, 4.46, 8442.52>) CloseBarrel dp_box_big_Grey
22:38:03: Player "[EB] pedrobala" (steam64id="76561198046653521" pos=<10697.9, 4.39, 8441.69>) OpenBarrel dp_box_big_Grey
22:38:06: Player "[EB] pedrobala" (steam64id="76561198046653521" pos=<10697.8, 4.38, 8442.41>) CloseBarrel dp_box_big_Grey
22:38:14: Player "[YKZ]-BlackBear" (steam64id="76561198343030820" pos=<10697.3, 4.60, 8433.91>) OpenBarrel dp_box_big_Grey
22:38:17: Player "[YKZ]-BlackBear" (steam64id="76561198343030820" pos=<10697.3, 4.60, 8433.91>) CloseBarrel dp_box_big_Grey
22:38:19: Player "Hacan121" (steam64id="76561198345012092" pos=<7554.07, 35.26, 7893.99>) OpenBarrel dp_box_big_Brown
22:38:21: Player "[YKZ]-BlackBear" (steam64id="76561198343030820" pos=<10691.2, 4.70, 8435.93>) OpenBarrel dp_box_big_Grey
22:43:26: Player "[EB] GordoEmers" (steam64id="76561198260617608" pos=<10695.6, 4.37, 8445.13>) OpenBarrel dp_box_big_Grey
22:43:28: Player "[EB] GordoEmers" (steam64id="76561198260617608" pos=<10695.6, 4.37, 8445.13>) CloseBarrel dp_box_big_Grey
22:44:14: Player "C O R U J A" (steam64id="76561198819003355" pos=<7362.81, 22.42, 7137.46>) OpenBarrel dp_box_big_Tan
22:47:32: Player "[EB] pedrobala" (steam64id="76561198046653521" pos=<10696, 4.46, 8441.24>) CloseBarrel dp_box_big_Grey
22:48:31: Player "[EB] pedrobala" (steam64id="76561198046653521" pos=<10697.9, 4.38, 8442.03>) OpenBarrel dp_box_big_Grey
22:48:36: Player "[EB] pedrobala" (steam64id="76561198046653521" pos=<10697.8, 4.37, 8442.47>) CloseBarrel dp_box_big_Grey
22:50:50: Player "[EB] pedrobala" (steam64id="76561198046653521" pos=<10698.3, 4.36, 8442.59>) OpenBarrel dp_box_big_Grey
22:53:51: Player "[EB] GordoEmers" (steam64id="76561198260617608" pos=<10696.2, 4.38, 8444>) CloseBarrel dp_box_big_Grey
22:54:17: Player "[EB] GordoEmers" (steam64id="76561198260617608" pos=<10685, 4.89, 8434.33>) OpenBarrel dp_box_big_Grey
22:54:19: Player "[EB] GordoEmers" (steam64id="76561198260617608" pos=<10685, 4.89, 8434.33>) CloseBarrel dp_box_big_Grey
22:54:30: Player "[EB] GordoEmers" (steam64id="76561198260617608" pos=<10685.2, 4.89, 8434.08>) OpenBarrel dp_box_big_Grey
22:54:34: Player "[EB] GordoEmers" (steam64id="76561198260617608" pos=<10686.3, 5.30, 8435.44>) CloseBarrel dp_box_big_Grey
22:55:35: Player "[EB] GordoEmers" (steam64id="76561198260617608" pos=<10685, 4.89, 8434.59>) OpenBarrel dp_box_big_Grey
22:55:36: Player "[EB] GordoEmers" (steam64id="76561198260617608" pos=<10685, 4.89, 8434.59>) CloseBarrel dp_box_big_Grey
23:07:22: Player "[EB] GordoEmers" (steam64id="76561198260617608" pos=<10686.2, 4.88, 8433.57>) OpenBarrel dp_box_big_Grey
23:07:24: Player "[EB] GordoEmers" (steam64id="76561198260617608" pos=<10686.2, 4.88, 8433.57>) CloseBarrel dp_box_big_Grey
23:07:25: Player "[EB] GordoEmers" (steam64id="76561198260617608" pos=<10685.3, 4.88, 8434.67>) OpenBarrel dp_box_big_Grey
23:07:28: Player "[EB] GordoEmers" (steam64id="76561198260617608" pos=<10685.3, 4.88, 8434.67>) CloseBarrel dp_box_big_Grey
23:07:28: Player "[EB] GordoEmers" (steam64id="76561198260617608" pos=<10685.7, 4.88, 8434.02>) OpenBarrel dp_box_big_Grey
23:08:48: Player "[EB] GordoEmers" (steam64id="76561198260617608" pos=<10696.8, 4.37, 8443.84>) OpenBarrel dp_box_big_Grey
23:08:49: Player "[EB] GordoEmers" (steam64id="76561198260617608" pos=<10696.8, 4.37, 8443.84>) CloseBarrel dp_box_big_Grey
23:08:51: Player "[EB] GordoEmers" (steam64id="76561198260617608" pos=<10695.3, 4.46, 8441.78>) OpenBarrel dp_box_big_Grey
23:09:03: Player "[EB] GordoEmers" (steam64id="76561198260617608" pos=<10699.2, 4.39, 8440.62>) OpenBarrel dp_box_big_Grey
23:09:08: Player "[EB] GordoEmers" (steam64id="76561198260617608" pos=<10701.1, 4.32, 8441.39>) CloseBarrel dp_box_big_Grey
23:09:10: Player "[EB] GordoEmers" (steam64id="76561198260617608" pos=<10698.2, 4.49, 8437.68>) OpenBarrel dp_box_big_Grey
23:09:22: Player "[EB] GordoEmers" (steam64id="76561198260617608" pos=<10698.2, 4.55, 8434.88>) CloseBarrel dp_box_big_Grey
23:09:27: Player "[EB] GordoEmers" (steam64id="76561198260617608" pos=<10691, 4.66, 8437.83>) CloseBarrel dp_box_big_Grey
23:09:29: Player "[EB] GordoEmers" (steam64id="76561198260617608" pos=<10691, 4.66, 8437.83>) OpenBarrel dp_box_big_Grey
23:09:31: Player "[EB] GordoEmers" (steam64id="76561198260617608" pos=<10691, 4.66, 8437.83>) CloseBarrel dp_box_big_Grey
23:11:21: Player "[EB] GordoEmers" (steam64id="76561198260617608" pos=<10694.5, 4.45, 8442.72>) OpenBarrel dp_box_big_Grey
23:11:24: Player "[EB] GordoEmers" (steam64id="76561198260617608" pos=<10694.5, 4.45, 8442.72>) CloseBarrel dp_box_big_Grey
23:12:11: Player "PintoJunior" (steam64id="76561198057936781" pos=<11092.3, 27.98, 8428.83>) CloseBarrel Barrel_Green
23:12:13: Player "PintoJunior" (steam64id="76561198057936781" pos=<11092.3, 27.98, 8428.83>) OpenBarrel Barrel_Green
23:12:30: Player "[EB] GordoEmers" (steam64id="76561198260617608" pos=<10685, 4.88, 8434.82>) CloseBarrel dp_box_big_Grey
23:12:41: Player "[EB] GordoEmers" (steam64id="76561198260617608" pos=<10697.7, 4.38, 8442.48>) OpenBarrel dp_box_big_Grey
23:15:21: Player "[EB] pedrobala" (steam64id="76561198046653521" pos=<10698.2, 4.37, 8442.11>) CloseBarrel dp_box_big_Grey
23:16:36: Player "[EB] pedrobala" (steam64id="76561198046653521" pos=<10695.7, 4.82, 8440.17>) CloseBarrel dp_box_big_Grey
23:21:50: Player "[EB] GordoEmers" (steam64id="76561198260617608" pos=<10682.5, 4.91, 8436.34>) OpenBarrel dp_box_big_Grey
23:21:56: Player "[EB] GordoEmers" (steam64id="76561198260617608" pos=<10681.3, 4.93, 8436.86>) CloseBarrel dp_box_big_Grey
23:21:58: Player "[EB] GordoEmers" (steam64id="76561198260617608" pos=<10684, 4.91, 8434.82>) OpenBarrel dp_box_big_Grey
23:22:02: Player "[EB] GordoEmers" (steam64id="76561198260617608" pos=<10683.4, 4.97, 8432.94>) CloseBarrel dp_box_big_Grey
23:22:04: Player "[EB] GordoEmers" (steam64id="76561198260617608" pos=<10683.4, 4.98, 8432.49>) OpenBarrel dp_box_big_Grey
23:22:11: Player "[EB] GordoEmers" (steam64id="76561198260617608" pos=<10681.5, 5.49, 8432.12>) OpenBarrel dp_box_big_Grey
23:22:16: Player "[EB] GordoEmers" (steam64id="76561198260617608" pos=<10685.3, 5.39, 8431.35>) OpenBarrel dp_box_big_Grey
23:22:20: Player "[EB] GordoEmers" (steam64id="76561198260617608" pos=<10685.3, 5.39, 8431.35>) CloseBarrel dp_box_big_Grey
23:22:21: Player "[EB] GordoEmers" (steam64id="76561198260617608" pos=<10685.4, 4.98, 8430.17>) OpenBarrel dp_box_big_Grey
23:22:23: Player "[EB] GordoEmers" (steam64id="76561198260617608" pos=<10685.4, 4.98, 8430.17>) CloseBarrel dp_box_big_Grey
23:22:24: Player "[EB] GordoEmers" (steam64id="76561198260617608" pos=<10682.9, 5.05, 8430.26>) CloseBarrel dp_box_big_Grey
23:22:25: Player "[EB] GordoEmers" (steam64id="76561198260617608" pos=<10682.1, 5.05, 8430.82>) CloseBarrel dp_box_big_Grey
23:22:27: Player "[EB] GordoEmers" (steam64id="76561198260617608" pos=<10680.7, 5.01, 8433.97>) OpenBarrel dp_box_big_Grey
23:22:30: Player "[EB] GordoEmers" (steam64id="76561198260617608" pos=<10680.8, 5.42, 8435.46>) CloseBarrel dp_box_big_Grey
23:22:31: Player "[EB] GordoEmers" (steam64id="76561198260617608" pos=<10680, 5.48, 8433.86>) OpenBarrel dp_box_big_Grey
23:22:34: Player "[EB] GordoEmers" (steam64id="76561198260617608" pos=<10678.7, 5.06, 8433.89>) CloseBarrel dp_box_big_Grey
23:22:36: Player "[EB] pedrobala" (steam64id="76561198046653521" pos=<10684.4, 4.87, 8435.64>) OpenBarrel dp_box_big_Grey
23:22:39: Player "[EB] pedrobala" (steam64id="76561198046653521" pos=<10684.7, 4.88, 8435.25>) CloseBarrel dp_box_big_Grey
23:27:45: Player "PintoJunior" (steam64id="76561198057936781" pos=<11092.5, 35.24, 8428.04>) OpenBarrel dp_box_small_Olive
23:27:52: Player "PintoJunior" (steam64id="76561198057936781" pos=<11092, 35.24, 8428.16>) CloseBarrel dp_box_small_Olive
23:28:10: Player "PintoJunior" (steam64id="76561198057936781" pos=<11094.7, 35.24, 8424.87>) OpenBarrel dp_box_big_Tan
23:30:06: Player "[EB] GordoEmers" (steam64id="76561198260617608" pos=<10685.3, 4.93, 8432.81>) OpenBarrel dp_box_big_Grey
23:30:08: Player "[EB] GordoEmers" (steam64id="76561198260617608" pos=<10685.3, 4.93, 8432.81>) CloseBarrel dp_box_big_Grey
23:30:11: Player "[EB] GordoEmers" (steam64id="76561198260617608" pos=<10685.6, 5.42, 8430.95>) OpenBarrel dp_box_big_Grey
23:30:13: Player "[EB] GordoEmers" (steam64id="76561198260617608" pos=<10685.6, 5.42, 8430.95>) CloseBarrel dp_box_big_Grey
23:30:16: Player "[EB] GordoEmers" (steam64id="76561198260617608" pos=<10685.6, 5.02, 8428.82>) OpenBarrel dp_box_big_Grey
23:30:49: Player "[EB] GordoEmers" (steam64id="76561198260617608" pos=<10685.9, 5.42, 8429.16>) CloseBarrel dp_box_big_Grey
23:33:36: Player "ttuker" (steam64id="76561198971813376" pos=<7389.51, 31.55, 8200.75>) OpenBarrel dp_box_big_Tan
23:33:58: Player "ttuker" (steam64id="76561198971813376" pos=<7392.42, 31.55, 8202.35>) OpenBarrel dp_box_big_Olive
23:35:24: Player "[EB] pedrobala" (steam64id="76561198046653521" pos=<10688.1, 4.89, 8431.23>) OpenBarrel dp_box_big_Grey
23:39:07: Player "Duero" (steam64id="76561198259492425" pos=<7390.28, 31.55, 8200.01>) OpenBarrel dp_box_big_Brown
23:39:41: Player "Duero" (steam64id="76561198259492425" pos=<7390.06, 31.55, 8200.05>) CloseBarrel dp_box_big_Brown
23:39:42: Player "Duero" (steam64id="76561198259492425" pos=<7390.06, 31.55, 8200.05>) CloseBarrel dp_box_big_Tan
23:39:44: Player "Duero" (steam64id="76561198259492425" pos=<7391.92, 31.55, 8202.12>) CloseBarrel dp_box_big_Olive
23:39:46: Player "Duero" (steam64id="76561198259492425" pos=<7393.06, 31.55, 8201.15>) CloseBarrel dp_box_big_Grey
23:39:58: Player "[EB] GordoEmers" (steam64id="76561198260617608" pos=<10678.9, 5.07, 8433.34>) OpenBarrel dp_box_big_Grey
23:39:59: Player "[EB] GordoEmers" (steam64id="76561198260617608" pos=<10678.9, 5.07, 8433.34>) CloseBarrel dp_box_big_Grey
23:41:03: Player "ttuker" (steam64id="76561198971813376" pos=<7391.49, 31.55, 8202.55>) OpenBarrel dp_box_big_Olive
23:42:08: Player "[YKZ]-BlackBear" (steam64id="76561198343030820" pos=<10685.3, 4.98, 8430.33>) CloseBarrel dp_box_big_Grey
23:44:58: Player "ttuker" (steam64id="76561198971813376" pos=<7390.28, 31.55, 8201.58>) OpenBarrel dp_box_big_Tan
23:45:01: Player "ttuker" (steam64id="76561198971813376" pos=<7390.31, 31.55, 8201.69>) CloseBarrel dp_box_big_Tan
23:47:54: Player "[EB] pedrobala" (steam64id="76561198046653521" pos=<10679.3, 4.98, 8436.29>) OpenBarrel dp_box_big_Grey
23:47:58: Player "[EB] pedrobala" (steam64id="76561198046653521" pos=<10679.7, 4.96, 8436.77>) CloseBarrel dp_box_big_Grey
23:49:01: Player "PintoJunior" (steam64id="76561198057936781" pos=<11079.5, 41.37, 8424.66>) OpenBarrel dp_box_big_Brown
23:49:15: Player "[EB] pedrobala" (steam64id="76561198046653521" pos=<10679.9, 4.98, 8435.83>) OpenBarrel dp_box_big_Grey
23:49:16: Player "[EB] pedrobala" (steam64id="76561198046653521" pos=<10679.9, 4.98, 8435.83>) CloseBarrel dp_box_big_Grey
23:49:50: Player "PintoJunior" (steam64id="76561198057936781" pos=<11081.5, 41.37, 8421.64>) OpenBarrel dp_box_big_Tan
23:49:56: Player "PintoJunior" (steam64id="76561198057936781" pos=<11081.5, 41.37, 8421.68>) CloseBarrel dp_box_big_Tan
23:50:00: Player "PintoJunior" (steam64id="76561198057936781" pos=<11080.6, 41.37, 8423.52>) CloseBarrel dp_box_small_Brown
23:50:03: Player "PintoJunior" (steam64id="76561198057936781" pos=<11081.2, 41.37, 8423.44>) CloseBarrel dp_box_small_Brown
23:50:04: Player "PintoJunior" (steam64id="76561198057936781" pos=<11079.9, 41.37, 8424.64>) CloseBarrel dp_box_big_Brown
23:52:19: Player "[YKZ]-BlackBear" (steam64id="76561198343030820" pos=<10679, 5.08, 8432.84>) OpenBarrel dp_box_big_Grey
