00:59:40: Player "[YKZ] pedrobala" (steam64id="76561198046653521" pos=<10389.6, 17.65, 10611.9>) CloseBarrel dp_box_big_Grey
01:00:31: Player "[YKZ] pedrobala" (steam64id="76561198046653521" pos=<10392.5, 17.68, 10610.8>) CloseBarrel dp_box_big_Grey
01:00:32: Player "[YKZ] pedrobala" (steam64id="76561198046653521" pos=<10392.5, 17.68, 10610.8>) OpenBarrel dp_box_big_Grey
01:00:37: Player "[YKZ] pedrobala" (steam64id="76561198046653521" pos=<10392.8, 17.69, 10610.9>) CloseBarrel dp_box_big_Grey
01:00:55: Player "[ONE] JAPA" (steam64id="76561198161060673" pos=<7877.22, 31.18, 7420.98>) CloseBarrel dp_box_big_Grey
01:00:56: Player "[ONE] JAPA" (steam64id="76561198161060673" pos=<7877.22, 31.18, 7420.98>) OpenBarrel dp_box_big_Grey
01:01:13: Player "[ONE] JAPA" (steam64id="76561198161060673" pos=<7877.41, 31.73, 7419.49>) CloseBarrel dp_box_big_Grey
01:01:26: Player "[YKZ] pedrobala" (steam64id="76561198046653521" pos=<10391.4, 17.68, 10612.5>) CloseBarrel dp_box_big_Grey
01:01:58: Player "[ONE] JAPA" (steam64id="76561198161060673" pos=<7877.93, 31.75, 7418.85>) CloseBarrel dp_box_big_Grey
01:02:01: Player "[YKZ] pedrobala" (steam64id="76561198046653521" pos=<10389.1, 17.65, 10612.7>) OpenBarrel dp_box_big_Grey
01:02:08: Player "[YKZ] pedrobala" (steam64id="76561198046653521" pos=<10389.1, 17.65, 10612.7>) CloseBarrel dp_box_big_Grey
01:02:26: Player "[YKZ] pedrobala" (steam64id="76561198046653521" pos=<10389.1, 17.64, 10612.5>) OpenBarrel dp_box_big_Grey
01:02:34: Player "[ONE] JAPA" (steam64id="76561198161060673" pos=<7877.15, 31.30, 7418>) OpenBarrel dp_box_big_Grey
01:02:37: Player "[YKZ] pedrobala" (steam64id="76561198046653521" pos=<10389.1, 17.64, 10612.5>) CloseBarrel dp_box_big_Grey
01:02:38: Player "[YKZ] pedrobala" (steam64id="76561198046653521" pos=<10389.5, 17.66, 10613.1>) CloseBarrel dp_box_big_Grey
01:07:48: Player "[ONE] JAPA" (steam64id="76561198161060673" pos=<7881.22, 31.23, 7418.84>) CloseBarrel dp_box_big_Grey
01:08:07: Player "[ONE] JAPA" (steam64id="76561198161060673" pos=<7878.75, 31.27, 7418.32>) OpenBarrel dp_box_big_Grey
01:16:24: Player "[ONE] KARABULJHAN" (steam64id="76561198100527842" pos=<7874.2, 31.35, 7417.32>) OpenBarrel dp_box_big_Grey
01:17:55: Player "[YKZ] pedrobala" (steam64id="76561198046653521" pos=<10388.8, 17.65, 10613.8>) OpenBarrel dp_box_big_Grey
01:18:24: Player "[YKZ] pedrobala" (steam64id="76561198046653521" pos=<10388.8, 17.65, 10613.8>) CloseBarrel dp_box_big_Grey
01:18:26: Player "[YKZ] pedrobala" (steam64id="76561198046653521" pos=<10389.1, 17.64, 10612.4>) OpenBarrel dp_box_big_Grey
01:18:45: Player "[YKZ] pedrobala" (steam64id="76561198046653521" pos=<10389.1, 17.64, 10612.4>) CloseBarrel dp_box_big_Grey
01:18:54: Player "[YKZ] pedrobala" (steam64id="76561198046653521" pos=<10392.5, 17.68, 10609.8>) CloseBarrel dp_box_big_Grey
01:18:55: Player "[YKZ] pedrobala" (steam64id="76561198046653521" pos=<10391.2, 17.65, 10609>) OpenBarrel dp_box_big_Grey
01:18:59: Player "[YKZ] pedrobala" (steam64id="76561198046653521" pos=<10391.2, 17.65, 10609>) CloseBarrel dp_box_big_Grey
01:19:01: Player "[YKZ] pedrobala" (steam64id="76561198046653521" pos=<10391.9, 17.68, 10611.8>) OpenBarrel dp_box_big_Grey
01:19:18: Player "[YKZ] pedrobala" (steam64id="76561198046653521" pos=<10392.1, 17.69, 10612.6>) CloseBarrel dp_box_big_Grey
01:50:23: Player "[ONE] JAPA" (steam64id="76561198161060673" pos=<7866.73, 31.37, 7418.67>) OpenBarrel dp_box_big_Olive
01:50:47: Player "[ONE] JAPA" (steam64id="76561198161060673" pos=<7866.38, 31.34, 7419.32>) CloseBarrel dp_box_big_Olive
02:28:46: Player "ttuker" (steam64id="76561198971813376" pos=<8651.9, 6.94, 10097.2>) OpenBarrel dp_box_big_Tan
02:28:49: Player "ttuker" (steam64id="76561198971813376" pos=<8651.9, 6.94, 10097.2>) CloseBarrel dp_box_big_Tan
02:38:56: Player "ttuker" (steam64id="76561198971813376" pos=<7392.24, 31.94, 8203.26>) OpenBarrel dp_box_big_Tan
02:41:51: Player "ttuker" (steam64id="76561198971813376" pos=<7392.35, 31.55, 8202.66>) CloseBarrel dp_box_big_Tan
02:42:14: Player "ttuker" (steam64id="76561198971813376" pos=<7392.02, 31.55, 8201.73>) OpenBarrel dp_box_big_Tan
02:44:14: Player "ttuker" (steam64id="76561198971813376" pos=<7392.86, 31.55, 8202.19>) CloseBarrel dp_box_big_Tan
02:51:07: Player "ttuker" (steam64id="76561198971813376" pos=<7389.73, 31.55, 8202.12>) OpenBarrel dp_box_big_Tan
04:38:39: Player "Duerowww" (steam64id="76561198259492425" pos=<7389.83, 31.55, 8201.35>) CloseBarrel dp_box_big_Tan
04:42:49: Player "Duerowww" (steam64id="76561198259492425" pos=<7389.57, 31.55, 8201.71>) OpenBarrel dp_box_big_Tan
07:20:45: Player "Duerowww" (steam64id="76561198259492425" pos=<10893.6, 4.11, 7984.24>) OpenBarrel dp_box_small_Brown
07:21:03: Player "Duerowww" (steam64id="76561198259492425" pos=<10893.6, 4.11, 7984.24>) CloseBarrel dp_box_small_Brown
07:21:21: Player "Duerowww" (steam64id="76561198259492425" pos=<10894.6, 4.11, 7984.74>) OpenBarrel dp_box_small_Brown
07:21:26: Player "Duerowww" (steam64id="76561198259492425" pos=<10894.6, 4.11, 7984.74>) CloseBarrel dp_box_small_Brown
07:21:28: Player "Duerowww" (steam64id="76561198259492425" pos=<10894.6, 4.11, 7984.74>) OpenBarrel dp_box_small_Brown
07:21:32: Player "Duerowww" (steam64id="76561198259492425" pos=<10894.6, 4.11, 7984.74>) CloseBarrel dp_box_small_Brown
07:44:00: Player "Duerowww" (steam64id="76561198259492425" pos=<7390.03, 31.55, 8201.35>) CloseBarrel dp_box_big_Tan
07:44:38: Player "Duerowww" (steam64id="76561198259492425" pos=<7389.69, 31.55, 8198.9>) OpenBarrel dp_box_small_Brown
07:46:10: Player "Duerowww" (steam64id="76561198259492425" pos=<7389.63, 31.55, 8202.12>) OpenBarrel dp_box_big_Tan
07:46:14: Player "Duerowww" (steam64id="76561198259492425" pos=<7389.63, 31.55, 8202.12>) CloseBarrel dp_box_big_Tan
07:53:27: Player "Duerowww" (steam64id="76561198259492425" pos=<7389.25, 32.05, 8201.47>) OpenBarrel dp_box_big_Tan
07:54:23: Player "Duerowww" (steam64id="76561198259492425" pos=<7389.49, 31.55, 8199.93>) CloseBarrel dp_box_small_Brown
07:54:41: Player "Duerowww" (steam64id="76561198259492425" pos=<7389.65, 31.55, 8198.89>) OpenBarrel dp_box_small_Brown
07:54:42: Player "Duerowww" (steam64id="76561198259492425" pos=<7389.65, 31.55, 8198.89>) CloseBarrel dp_box_small_Brown
07:54:52: Player "Duerowww" (steam64id="76561198259492425" pos=<7389.8, 31.55, 8198.87>) OpenBarrel dp_box_small_Brown
07:54:54: Player "Duerowww" (steam64id="76561198259492425" pos=<7389.8, 31.55, 8198.87>) CloseBarrel dp_box_small_Brown
07:55:11: Player "Duerowww" (steam64id="76561198259492425" pos=<7388.6, 31.55, 8200.02>) OpenBarrel dp_box_small_Brown
07:55:12: Player "Duerowww" (steam64id="76561198259492425" pos=<7389.6, 31.55, 8199>) CloseBarrel dp_box_small_Brown
07:55:26: Player "Duerowww" (steam64id="76561198259492425" pos=<7389.69, 31.55, 8199>) OpenBarrel dp_box_small_Brown
07:55:28: Player "Duerowww" (steam64id="76561198259492425" pos=<7389.69, 31.55, 8199>) CloseBarrel dp_box_small_Brown
07:55:43: Player "Duerowww" (steam64id="76561198259492425" pos=<7389.99, 31.55, 8198.95>) OpenBarrel dp_box_small_Brown
07:55:44: Player "Duerowww" (steam64id="76561198259492425" pos=<7390.02, 31.55, 8199.13>) CloseBarrel dp_box_small_Brown
07:55:49: Player "Duerowww" (steam64id="76561198259492425" pos=<7390.14, 31.55, 8201.1>) CloseBarrel dp_box_big_Tan
09:50:11: Player "Seekerzao" (steam64id="76561198067793781" pos=<10235.3, 14.05, 11343.3>) OpenBarrel dp_box_big_Grey
10:07:34: Player "Lrk" (steam64id="76561198021843024" pos=<7363.8, 18.46, 7135.57>) CloseBarrel dp_box_big_Grey
10:07:38: Player "Lrk" (steam64id="76561198021843024" pos=<7361.24, 18.46, 7133.86>) CloseBarrel dp_box_big_Olive
10:16:38: Player "[L.B] Santorin" (steam64id="76561199069721527" pos=<7362.18, 18.46, 7133.82>) OpenBarrel dp_box_big_Brown
10:16:40: Player "[L.B] Santorin" (steam64id="76561199069721527" pos=<7362.18, 18.46, 7133.82>) OpenBarrel dp_box_big_Grey
10:47:27: Player "Seekerzao" (steam64id="76561198067793781" pos=<10237.3, 14.05, 11342.9>) CloseBarrel dp_box_big_Grey
10:47:29: Player "Seekerzao" (steam64id="76561198067793781" pos=<10237.3, 14.05, 11342.9>) OpenBarrel dp_box_big_Grey
10:50:27: Player "[ONE}Rick" (steam64id="76561198868590548" pos=<7866.08, 31.76, 7418.67>) OpenBarrel dp_box_big_Olive
10:54:15: Player "[ONE] PORVINHA" (steam64id="76561198426990483" pos=<7868.77, 31.91, 7414.75>) CloseBarrel dp_box_big_Grey
10:54:18: Player "[ONE] PORVINHA" (steam64id="76561198426990483" pos=<7870.14, 31.77, 7415.71>) CloseBarrel dp_box_big_Grey
10:54:26: Player "[ONE}Rick" (steam64id="76561198868590548" pos=<7602.47, 36.58, 7870.81>) CloseBarrel dp_box_big_Grey
10:55:48: Player "[ONE}Rick" (steam64id="76561198868590548" pos=<7601.91, 36.58, 7870.53>) OpenBarrel dp_box_big_Grey
10:59:31: Player "[ONE}Rick" (steam64id="76561198868590548" pos=<7870.97, 31.41, 7416.65>) OpenBarrel dp_box_big_Grey
10:59:37: Player "[ONE}Rick" (steam64id="76561198868590548" pos=<7868.62, 31.47, 7415.5>) OpenBarrel dp_box_big_Grey
11:00:21: Player "[ONE}Rick" (steam64id="76561198868590548" pos=<7877.9, 31.31, 7417.38>) CloseBarrel dp_box_big_Grey
11:00:22: Player "[ONE}Rick" (steam64id="76561198868590548" pos=<7876.69, 31.33, 7417.15>) CloseBarrel dp_box_big_Grey
11:00:23: Player "[ONE}Rick" (steam64id="76561198868590548" pos=<7875.46, 31.35, 7416.94>) CloseBarrel dp_box_big_Grey
11:00:25: Player "[ONE}Rick" (steam64id="76561198868590548" pos=<7873.35, 31.37, 7417.06>) CloseBarrel dp_box_big_Grey
11:00:27: Player "[ONE}Rick" (steam64id="76561198868590548" pos=<7870.53, 31.43, 7415.87>) CloseBarrel dp_box_big_Grey
11:00:28: Player "[ONE}Rick" (steam64id="76561198868590548" pos=<7869.91, 31.68, 7415.74>) CloseBarrel dp_box_big_Grey
11:00:30: Player "[ONE}Rick" (steam64id="76561198868590548" pos=<7872.41, 31.38, 7416.99>) CloseBarrel dp_box_big_Grey
11:00:33: Player "[ONE}Rick" (steam64id="76561198868590548" pos=<7878.05, 31.29, 7417.88>) OpenBarrel dp_box_big_Grey
11:00:43: Player "[ONE}Rick" (steam64id="76561198868590548" pos=<7878.05, 31.30, 7417.88>) CloseBarrel dp_box_big_Grey
11:00:44: Player "[ONE}Rick" (steam64id="76561198868590548" pos=<7876.15, 31.35, 7416.92>) OpenBarrel dp_box_big_Grey
11:00:49: Player "[ONE}Rick" (steam64id="76561198868590548" pos=<7875.33, 31.36, 7416.84>) CloseBarrel dp_box_big_Grey
11:00:50: Player "[ONE}Rick" (steam64id="76561198868590548" pos=<7875.33, 31.36, 7416.86>) OpenBarrel dp_box_big_Grey
11:00:55: Player "[ONE}Rick" (steam64id="76561198868590548" pos=<7875.31, 31.36, 7416.9>) CloseBarrel dp_box_big_Grey
11:00:56: Player "[ONE}Rick" (steam64id="76561198868590548" pos=<7873.12, 31.38, 7416.79>) OpenBarrel dp_box_big_Grey
11:01:39: Player "[ONE}Rick" (steam64id="76561198868590548" pos=<7873.12, 31.38, 7416.79>) CloseBarrel dp_box_big_Grey
11:01:41: Player "[ONE}Rick" (steam64id="76561198868590548" pos=<7873.24, 31.39, 7416.54>) OpenBarrel dp_box_big_Grey
11:01:46: Player "[ONE}Rick" (steam64id="76561198868590548" pos=<7873.22, 31.39, 7416.54>) CloseBarrel dp_box_big_Grey
11:01:47: Player "[ONE}Rick" (steam64id="76561198868590548" pos=<7870.97, 31.42, 7416.79>) OpenBarrel dp_box_big_Grey
11:01:51: Player "[ONE}Rick" (steam64id="76561198868590548" pos=<7870.97, 31.42, 7416.79>) CloseBarrel dp_box_big_Grey
11:01:52: Player "[ONE}Rick" (steam64id="76561198868590548" pos=<7870.95, 31.42, 7416.26>) OpenBarrel dp_box_big_Grey
11:01:56: Player "[ONE}Rick" (steam64id="76561198868590548" pos=<7870.95, 31.42, 7416.26>) CloseBarrel dp_box_big_Grey
11:01:57: Player "[ONE}Rick" (steam64id="76561198868590548" pos=<7868.56, 31.47, 7415.5>) OpenBarrel dp_box_big_Grey
11:02:00: Player "[ONE}Rick" (steam64id="76561198868590548" pos=<7868.57, 31.47, 7415.46>) CloseBarrel dp_box_big_Grey
11:08:42: Player "[L.B] ploodrinny" (steam64id="76561198312062387" pos=<7362.53, 18.60, 7134.38>) OpenBarrel dp_box_big_Olive
11:09:16: Player "[ONE] PORVINHA" (steam64id="76561198426990483" pos=<7872.83, 31.37, 7417.24>) OpenBarrel dp_box_big_Grey
11:10:55: Player "[ONE] PORVINHA" (steam64id="76561198426990483" pos=<7873.25, 31.38, 7416.66>) CloseBarrel dp_box_big_Grey
11:10:58: Player "[ONE] PORVINHA" (steam64id="76561198426990483" pos=<7871.96, 31.41, 7416.37>) OpenBarrel dp_box_big_Grey
11:11:05: Player "[ONE] PORVINHA" (steam64id="76561198426990483" pos=<7871.96, 31.41, 7416.37>) CloseBarrel dp_box_big_Grey
11:11:07: Player "[ONE] PORVINHA" (steam64id="76561198426990483" pos=<7870.94, 31.42, 7416.33>) OpenBarrel dp_box_big_Grey
11:11:14: Player "[ONE] PORVINHA" (steam64id="76561198426990483" pos=<7870.66, 31.84, 7415.72>) CloseBarrel dp_box_big_Grey
11:11:16: Player "[ONE] PORVINHA" (steam64id="76561198426990483" pos=<7869.22, 32.08, 7416.18>) OpenBarrel dp_box_big_Grey
11:12:33: Player "[ONE] PORVINHA" (steam64id="76561198426990483" pos=<7869.04, 31.91, 7415.07>) CloseBarrel dp_box_big_Grey
11:12:37: Player "[ONE] PORVINHA" (steam64id="76561198426990483" pos=<7873.42, 31.39, 7416.46>) OpenBarrel dp_box_big_Grey
11:12:41: Player "[ONE] PORVINHA" (steam64id="76561198426990483" pos=<7873.42, 31.39, 7416.46>) CloseBarrel dp_box_big_Grey
11:12:42: Player "[ONE] PORVINHA" (steam64id="76561198426990483" pos=<7874.77, 31.36, 7417.02>) OpenBarrel dp_box_big_Grey
11:13:09: Player "[ONE] PORVINHA" (steam64id="76561198426990483" pos=<7875.04, 31.78, 7416.51>) CloseBarrel dp_box_big_Grey
11:13:11: Player "[ONE] PORVINHA" (steam64id="76561198426990483" pos=<7876.48, 31.32, 7417.52>) OpenBarrel dp_box_big_Grey
11:13:43: Player "[ONE] PORVINHA" (steam64id="76561198426990483" pos=<7876.76, 31.34, 7417.08>) CloseBarrel dp_box_big_Grey
11:13:45: Player "[ONE] PORVINHA" (steam64id="76561198426990483" pos=<7878.23, 31.30, 7417.63>) OpenBarrel dp_box_big_Grey
11:14:06: Player "[ONE] PORVINHA" (steam64id="76561198426990483" pos=<7878.23, 31.30, 7417.63>) CloseBarrel dp_box_big_Grey
11:14:08: Player "[ONE] PORVINHA" (steam64id="76561198426990483" pos=<7875.73, 31.32, 7417.8>) OpenBarrel dp_box_big_Grey
11:14:31: Player "[ONE] PORVINHA" (steam64id="76561198426990483" pos=<7875.16, 31.36, 7416.87>) CloseBarrel dp_box_big_Grey
11:14:36: Player "[ONE] PORVINHA" (steam64id="76561198426990483" pos=<7874.18, 31.36, 7417.19>) OpenBarrel dp_box_big_Grey
11:34:32: Player "ttuker" (steam64id="76561198971813376" pos=<7389.47, 31.55, 8199.77>) OpenBarrel dp_box_small_Brown
11:35:27: Player "ttuker" (steam64id="76561198971813376" pos=<7389.91, 31.55, 8201.16>) OpenBarrel dp_box_big_Tan
11:38:46: Player "[ONE] PORVINHA" (steam64id="76561198426990483" pos=<7872.63, 31.40, 7416.56>) CloseBarrel dp_box_big_Grey
11:38:47: Player "[ONE] PORVINHA" (steam64id="76561198426990483" pos=<7872.23, 31.41, 7416.52>) OpenBarrel dp_box_big_Grey
11:38:53: Player "[ONE] PORVINHA" (steam64id="76561198426990483" pos=<7872.22, 31.41, 7416.56>) CloseBarrel dp_box_big_Grey
11:38:55: Player "[ONE] PORVINHA" (steam64id="76561198426990483" pos=<7871.57, 31.42, 7416.22>) OpenBarrel dp_box_big_Grey
11:38:57: Player "[ONE] PORVINHA" (steam64id="76561198426990483" pos=<7871.57, 31.42, 7416.22>) CloseBarrel dp_box_big_Grey
11:39:01: Player "[ONE] PORVINHA" (steam64id="76561198426990483" pos=<7874.44, 31.35, 7417.3>) OpenBarrel dp_box_big_Grey
11:39:02: Player "[ONE] PORVINHA" (steam64id="76561198426990483" pos=<7874.44, 31.35, 7417.3>) CloseBarrel dp_box_big_Grey
11:39:05: Player "[ONE] PORVINHA" (steam64id="76561198426990483" pos=<7876.28, 31.34, 7417.31>) OpenBarrel dp_box_big_Grey
11:39:10: Player "[ONE] PORVINHA" (steam64id="76561198426990483" pos=<7877.91, 31.31, 7417.59>) OpenBarrel dp_box_big_Grey
11:39:28: Player "[ONE] PORVINHA" (steam64id="76561198426990483" pos=<7877.91, 31.31, 7417.59>) CloseBarrel dp_box_big_Grey
11:40:44: Player "[ONE] PORVINHA" (steam64id="76561198426990483" pos=<7869.01, 31.47, 7415.58>) OpenBarrel dp_box_big_Grey
11:40:49: Player "[ONE] PORVINHA" (steam64id="76561198426990483" pos=<7869.01, 31.47, 7415.58>) CloseBarrel dp_box_big_Grey
11:40:51: Player "[ONE] PORVINHA" (steam64id="76561198426990483" pos=<7870.4, 31.44, 7415.96>) OpenBarrel dp_box_big_Grey
11:40:55: Player "[ONE] PORVINHA" (steam64id="76561198426990483" pos=<7870.4, 31.44, 7415.9>) CloseBarrel dp_box_big_Grey
11:40:56: Player "[ONE] PORVINHA" (steam64id="76561198426990483" pos=<7871.92, 31.41, 7416.34>) OpenBarrel dp_box_big_Grey
11:41:00: Player "[ONE] PORVINHA" (steam64id="76561198426990483" pos=<7871.92, 31.41, 7416.34>) CloseBarrel dp_box_big_Grey
11:41:01: Player "[ONE] PORVINHA" (steam64id="76561198426990483" pos=<7873.82, 31.36, 7417.12>) OpenBarrel dp_box_big_Grey
11:41:05: Player "[ONE] PORVINHA" (steam64id="76561198426990483" pos=<7873.36, 31.37, 7416.96>) CloseBarrel dp_box_big_Grey
11:41:06: Player "[ONE] PORVINHA" (steam64id="76561198426990483" pos=<7875.26, 31.35, 7417.25>) OpenBarrel dp_box_big_Grey
11:41:20: Player "[ONE] PORVINHA" (steam64id="76561198426990483" pos=<7875.26, 31.35, 7417.25>) CloseBarrel dp_box_big_Grey
11:42:56: Player "[ONE] PORVINHA" (steam64id="76561198426990483" pos=<7877.31, 31.32, 7417.46>) CloseBarrel dp_box_big_Grey
11:42:58: Player "[ONE] PORVINHA" (steam64id="76561198426990483" pos=<7878.19, 31.30, 7417.71>) OpenBarrel dp_box_big_Grey
11:43:11: Player "[ONE] PORVINHA" (steam64id="76561198426990483" pos=<7877.88, 31.32, 7417.27>) CloseBarrel dp_box_big_Grey
11:43:13: Player "[ONE] PORVINHA" (steam64id="76561198426990483" pos=<7876.52, 31.33, 7417.28>) OpenBarrel dp_box_big_Grey
11:43:42: Player "[ONE] PORVINHA" (steam64id="76561198426990483" pos=<7877.23, 31.31, 7417.68>) CloseBarrel dp_box_big_Grey
11:43:52: Player "[ONE] PORVINHA" (steam64id="76561198426990483" pos=<7866.48, 31.35, 7419.15>) CloseBarrel dp_box_big_Olive
11:44:22: Player "[ONE] PORVINHA" (steam64id="76561198426990483" pos=<7876.21, 31.04, 7425.08>) OpenBarrel dp_box_big_Olive
11:45:27: Player "[ONE] PORVINHA" (steam64id="76561198426990483" pos=<7875.06, 31.34, 7417.5>) OpenBarrel dp_box_big_Grey
11:46:00: Player "[ONE] PORVINHA" (steam64id="76561198426990483" pos=<7875.06, 31.34, 7417.5>) CloseBarrel dp_box_big_Grey
11:46:01: Player "[ONE] PORVINHA" (steam64id="76561198426990483" pos=<7874.18, 31.36, 7417.21>) OpenBarrel dp_box_big_Grey
11:46:14: Player "[ONE] PORVINHA" (steam64id="76561198426990483" pos=<7874.18, 31.36, 7417.21>) CloseBarrel dp_box_big_Grey
11:46:16: Player "[ONE] PORVINHA" (steam64id="76561198426990483" pos=<7872.46, 31.39, 7416.78>) OpenBarrel dp_box_big_Grey
11:46:23: Player "[ONE] PORVINHA" (steam64id="76561198426990483" pos=<7872.46, 31.39, 7416.78>) CloseBarrel dp_box_big_Grey
11:46:25: Player "[ONE] PORVINHA" (steam64id="76561198426990483" pos=<7871, 31.43, 7416.06>) OpenBarrel dp_box_big_Grey
11:46:28: Player "[ONE] PORVINHA" (steam64id="76561198426990483" pos=<7871, 31.43, 7416.06>) CloseBarrel dp_box_big_Grey
11:46:30: Player "[ONE] PORVINHA" (steam64id="76561198426990483" pos=<7868.84, 32.03, 7415.76>) OpenBarrel dp_box_big_Grey
11:46:47: Player "[ONE] PORVINHA" (steam64id="76561198426990483" pos=<7868.84, 32.03, 7415.76>) CloseBarrel dp_box_big_Grey
11:51:30: Player "ttuker" (steam64id="76561198971813376" pos=<7390.38, 31.55, 8201.72>) CloseBarrel dp_box_big_Tan
11:52:11: Player "ttuker" (steam64id="76561198971813376" pos=<7389.04, 31.55, 8200.35>) CloseBarrel dp_box_small_Brown
11:54:26: Player "AlicinhaFerraz" (steam64id="76561199207813177" pos=<7560.23, 28.05, 7894.22>) OpenBarrel dp_box_big_Brown
11:54:30: Player "AlicinhaFerraz" (steam64id="76561199207813177" pos=<7559.55, 28.05, 7892.59>) CloseBarrel dp_box_big_Brown
11:54:31: Player "AlicinhaFerraz" (steam64id="76561199207813177" pos=<7560.58, 28.05, 7893.43>) OpenBarrel dp_box_big_Brown
11:54:34: Player "AlicinhaFerraz" (steam64id="76561199207813177" pos=<7561.78, 28.05, 7895.86>) OpenBarrel dp_box_big_Brown
11:58:28: Player "ttuker" (steam64id="76561198971813376" pos=<7389.79, 31.55, 8201.79>) OpenBarrel dp_box_small_Brown
11:58:39: Player "[ONE] PORVINHA" (steam64id="76561198426990483" pos=<7875.01, 31.34, 7417.31>) OpenBarrel dp_box_big_Grey
11:58:42: Player "[ONE] PORVINHA" (steam64id="76561198426990483" pos=<7875.01, 31.34, 7417.31>) CloseBarrel dp_box_big_Grey
11:58:43: Player "[ONE] PORVINHA" (steam64id="76561198426990483" pos=<7873.79, 31.37, 7416.94>) OpenBarrel dp_box_big_Grey
11:59:05: Player "[ONE] PORVINHA" (steam64id="76561198426990483" pos=<7873.79, 31.37, 7416.94>) CloseBarrel dp_box_big_Grey
12:02:12: Player "[ONE] PORVINHA" (steam64id="76561198426990483" pos=<7873.99, 31.37, 7416.94>) OpenBarrel dp_box_big_Grey
12:03:05: Player "ttuker" (steam64id="76561198971813376" pos=<7389.66, 31.55, 8203.16>) OpenBarrel dp_box_big_Tan
12:03:07: Player "ttuker" (steam64id="76561198971813376" pos=<7389.66, 31.55, 8203.16>) CloseBarrel dp_box_big_Tan
12:03:09: Player "ttuker" (steam64id="76561198971813376" pos=<7389.35, 32.03, 8202.42>) CloseBarrel dp_box_small_Brown
12:03:53: Player "ttuker" (steam64id="76561198971813376" pos=<7389.79, 31.55, 8202.47>) OpenBarrel dp_box_small_Brown
12:04:26: Player "ttuker" (steam64id="76561198971813376" pos=<7389.94, 31.55, 8201.95>) OpenBarrel dp_box_big_Tan
12:09:28: Player "[ONE] PORVINHA" (steam64id="76561198426990483" pos=<7873.83, 31.35, 7417.39>) CloseBarrel dp_box_big_Grey
12:09:36: Player "[ONE] PORVINHA" (steam64id="76561198426990483" pos=<7868.88, 31.47, 7415.54>) OpenBarrel dp_box_big_Grey
12:09:59: Player "[ONE] PORVINHA" (steam64id="76561198426990483" pos=<7869.39, 31.46, 7415.68>) OpenBarrel dp_box_big_Grey
12:13:30: Player "[ONE] PORVINHA" (steam64id="76561198426990483" pos=<7874.81, 31.33, 7417.68>) OpenBarrel dp_box_big_Grey
12:14:02: Player "[ONE] PORVINHA" (steam64id="76561198426990483" pos=<7874.81, 31.33, 7417.68>) CloseBarrel dp_box_big_Grey
12:14:03: Player "[ONE] PORVINHA" (steam64id="76561198426990483" pos=<7876.57, 31.31, 7417.75>) OpenBarrel dp_box_big_Grey
12:14:45: Player "[ONE] PORVINHA" (steam64id="76561198426990483" pos=<7876.57, 31.31, 7417.75>) CloseBarrel dp_box_big_Grey
12:14:48: Player "[ONE] PORVINHA" (steam64id="76561198426990483" pos=<7878.44, 31.29, 7417.9>) OpenBarrel dp_box_big_Grey
12:15:18: Player "[ONE] PORVINHA" (steam64id="76561198426990483" pos=<7878.44, 31.29, 7417.9>) CloseBarrel dp_box_big_Grey
12:15:21: Player "[ONE] PORVINHA" (steam64id="76561198426990483" pos=<7876.63, 31.32, 7417.62>) OpenBarrel dp_box_big_Grey
12:15:34: Player "[ONE] PORVINHA" (steam64id="76561198426990483" pos=<7876.63, 31.32, 7417.62>) CloseBarrel dp_box_big_Grey
12:15:36: Player "[ONE] PORVINHA" (steam64id="76561198426990483" pos=<7874.79, 31.35, 7417.2>) OpenBarrel dp_box_big_Grey
12:15:39: Player "[ONE] PORVINHA" (steam64id="76561198426990483" pos=<7874.79, 31.35, 7417.2>) CloseBarrel dp_box_big_Grey
12:15:40: Player "[ONE] PORVINHA" (steam64id="76561198426990483" pos=<7873.61, 31.35, 7417.38>) OpenBarrel dp_box_big_Grey
12:20:12: Player "[L.B] ploodrinny" (steam64id="76561198312062387" pos=<7361.98, 18.73, 7134.31>) CloseBarrel dp_box_big_Brown
12:20:13: Player "[L.B] ploodrinny" (steam64id="76561198312062387" pos=<7361.98, 18.73, 7134.31>) OpenBarrel dp_box_big_Brown
12:20:15: Player "[L.B] ploodrinny" (steam64id="76561198312062387" pos=<7361.98, 18.74, 7134.31>) CloseBarrel dp_box_big_Grey
12:20:16: Player "[L.B] ploodrinny" (steam64id="76561198312062387" pos=<7361.98, 18.74, 7134.31>) OpenBarrel dp_box_big_Grey
12:20:18: Player "[L.B] ploodrinny" (steam64id="76561198312062387" pos=<7361.98, 18.72, 7134.31>) CloseBarrel dp_box_big_Brown
12:20:19: Player "[L.B] ploodrinny" (steam64id="76561198312062387" pos=<7361.98, 18.72, 7134.31>) OpenBarrel dp_box_big_Brown
12:20:21: Player "[L.B] ploodrinny" (steam64id="76561198312062387" pos=<7361.98, 18.72, 7134.31>) CloseBarrel dp_box_big_Olive
12:20:22: Player "[L.B] ploodrinny" (steam64id="76561198312062387" pos=<7361.98, 18.72, 7134.31>) OpenBarrel dp_box_big_Olive
12:20:26: Player "[ONE] PORVINHA" (steam64id="76561198426990483" pos=<7875.68, 31.34, 7417.29>) OpenBarrel dp_box_big_Grey
12:20:34: Player "[ONE] PORVINHA" (steam64id="76561198426990483" pos=<7875.68, 31.34, 7417.29>) CloseBarrel dp_box_big_Grey
12:20:40: Player "[L.B] ploodrinny" (steam64id="76561198312062387" pos=<7359.95, 18.46, 7133.25>) CloseBarrel dp_box_small_Brown
12:20:40: Player "[ONE] PORVINHA" (steam64id="76561198426990483" pos=<7877.8, 31.29, 7417.92>) OpenBarrel dp_box_big_Grey
12:20:42: Player "[L.B] ploodrinny" (steam64id="76561198312062387" pos=<7359.46, 18.46, 7133.99>) CloseBarrel dp_box_small_Brown
12:22:50: Player "[ONE] PORVINHA" (steam64id="76561198426990483" pos=<7878.95, 31.29, 7417.84>) CloseBarrel dp_box_big_Grey
12:22:57: Player "[ONE] PORVINHA" (steam64id="76561198426990483" pos=<7876.51, 31.32, 7417.46>) OpenBarrel dp_box_big_Grey
12:23:08: Player "[ONE] PORVINHA" (steam64id="76561198426990483" pos=<7876.51, 31.32, 7417.46>) CloseBarrel dp_box_big_Grey
12:23:17: Player "[ONE] PORVINHA" (steam64id="76561198426990483" pos=<7873.61, 31.38, 7416.68>) CloseBarrel dp_box_big_Grey
12:23:19: Player "[ONE] PORVINHA" (steam64id="76561198426990483" pos=<7871.83, 31.41, 7416.39>) OpenBarrel dp_box_big_Grey
12:23:20: Player "[ONE] PORVINHA" (steam64id="76561198426990483" pos=<7871.47, 31.43, 7416.07>) CloseBarrel dp_box_big_Grey
12:24:29: Player "[ONE] PORVINHA" (steam64id="76561198426990483" pos=<7871.8, 31.41, 7416.46>) CloseBarrel dp_box_big_Grey
12:24:30: Player "[ONE] PORVINHA" (steam64id="76561198426990483" pos=<7870.93, 31.41, 7416.43>) OpenBarrel dp_box_big_Grey
12:24:48: Player "[ONE] PORVINHA" (steam64id="76561198426990483" pos=<7870.78, 31.43, 7415.95>) CloseBarrel dp_box_big_Grey
12:24:57: Player "[ONE] PORVINHA" (steam64id="76561198426990483" pos=<7868.8, 31.47, 7415.53>) CloseBarrel dp_box_big_Grey
12:24:59: Player "[ONE] PORVINHA" (steam64id="76561198426990483" pos=<7869.98, 31.45, 7415.82>) OpenBarrel dp_box_big_Grey
12:25:37: Player "[ONE] PORVINHA" (steam64id="76561198426990483" pos=<7869.98, 31.45, 7415.82>) CloseBarrel dp_box_big_Grey
12:30:29: Player "[ONE] PORVINHA" (steam64id="76561198426990483" pos=<7868.38, 31.47, 7415.48>) OpenBarrel dp_box_big_Grey
12:30:55: Player "[ONE] PORVINHA" (steam64id="76561198426990483" pos=<7868.38, 31.47, 7415.48>) CloseBarrel dp_box_big_Grey
12:30:58: Player "[ONE] PORVINHA" (steam64id="76561198426990483" pos=<7869.66, 31.45, 7415.74>) OpenBarrel dp_box_big_Grey
12:31:20: Player "[ONE] PORVINHA" (steam64id="76561198426990483" pos=<7870.33, 31.44, 7415.89>) CloseBarrel dp_box_big_Grey
12:31:21: Player "[ONE] PORVINHA" (steam64id="76561198426990483" pos=<7871.61, 31.41, 7416.5>) OpenBarrel dp_box_big_Grey
12:31:41: Player "[ONE] PORVINHA" (steam64id="76561198426990483" pos=<7871.61, 31.41, 7416.5>) CloseBarrel dp_box_big_Grey
12:31:42: Player "[ONE] PORVINHA" (steam64id="76561198426990483" pos=<7870.94, 31.42, 7416.37>) OpenBarrel dp_box_big_Grey
12:31:44: Player "[ONE] PORVINHA" (steam64id="76561198426990483" pos=<7870.94, 31.42, 7416.37>) CloseBarrel dp_box_big_Grey
12:35:04: Player "[ONE] PORVINHA" (steam64id="76561198426990483" pos=<7868.09, 31.48, 7415.22>) OpenBarrel dp_box_big_Grey
12:35:23: Player "[ONE] PORVINHA" (steam64id="76561198426990483" pos=<7868.09, 31.49, 7415.24>) CloseBarrel dp_box_big_Grey
12:36:08: Player "[ONE] PORVINHA" (steam64id="76561198426990483" pos=<7872.68, 31.37, 7417.16>) OpenBarrel dp_box_big_Grey
12:36:12: Player "[ONE] PORVINHA" (steam64id="76561198426990483" pos=<7872.23, 31.37, 7417.18>) CloseBarrel dp_box_big_Grey
12:36:17: Player "[ONE] PORVINHA" (steam64id="76561198426990483" pos=<7873.6, 31.36, 7417.2>) OpenBarrel dp_box_big_Grey
12:36:20: Player "[ONE] PORVINHA" (steam64id="76561198426990483" pos=<7873.6, 31.36, 7417.2>) CloseBarrel dp_box_big_Grey
12:36:22: Player "[ONE] PORVINHA" (steam64id="76561198426990483" pos=<7875.13, 31.34, 7417.39>) OpenBarrel dp_box_big_Grey
12:36:34: Player "[ONE] PORVINHA" (steam64id="76561198426990483" pos=<7876.26, 31.32, 7417.62>) OpenBarrel dp_box_big_Grey
12:36:50: Player "[ONE] PORVINHA" (steam64id="76561198426990483" pos=<7876.27, 31.32, 7417.63>) CloseBarrel dp_box_big_Grey
12:36:51: Player "[ONE] PORVINHA" (steam64id="76561198426990483" pos=<7878.01, 31.29, 7417.9>) OpenBarrel dp_box_big_Grey
12:36:55: Player "[ONE] PORVINHA" (steam64id="76561198426990483" pos=<7878.01, 31.29, 7417.9>) CloseBarrel dp_box_big_Grey
12:37:00: Player "[ONE] PORVINHA" (steam64id="76561198426990483" pos=<7875.2, 31.34, 7417.39>) CloseBarrel dp_box_big_Grey
12:37:01: Player "[ONE] PORVINHA" (steam64id="76561198426990483" pos=<7873.75, 31.36, 7417.1>) OpenBarrel dp_box_big_Grey
12:37:04: Player "[ONE] PORVINHA" (steam64id="76561198426990483" pos=<7873.75, 31.36, 7417.1>) CloseBarrel dp_box_big_Grey
12:37:05: Player "[ONE] PORVINHA" (steam64id="76561198426990483" pos=<7872.13, 31.41, 7416.35>) OpenBarrel dp_box_big_Grey
12:37:08: Player "[ONE] PORVINHA" (steam64id="76561198426990483" pos=<7872.13, 31.41, 7416.35>) CloseBarrel dp_box_big_Grey
12:37:10: Player "[ONE] PORVINHA" (steam64id="76561198426990483" pos=<7870.79, 31.43, 7415.91>) OpenBarrel dp_box_big_Grey
12:37:20: Player "[ONE] PORVINHA" (steam64id="76561198426990483" pos=<7870.58, 31.46, 7415.87>) CloseBarrel dp_box_big_Grey
12:37:22: Player "[ONE] PORVINHA" (steam64id="76561198426990483" pos=<7868.97, 31.82, 7415.27>) OpenBarrel dp_box_big_Grey
12:37:30: Player "[ONE] PORVINHA" (steam64id="76561198426990483" pos=<7868.97, 31.86, 7415.27>) CloseBarrel dp_box_big_Grey
12:38:40: Player "[ONE] PORVINHA" (steam64id="76561198426990483" pos=<7876.89, 31.32, 7417.53>) OpenBarrel dp_box_big_Grey
12:38:46: Player "[ONE] PORVINHA" (steam64id="76561198426990483" pos=<7876.9, 31.31, 7417.71>) CloseBarrel dp_box_big_Grey
12:38:58: Player "[ONE] PORVINHA" (steam64id="76561198426990483" pos=<7877.99, 31.28, 7418.19>) OpenBarrel dp_box_big_Grey
12:39:00: Player "[ONE] PORVINHA" (steam64id="76561198426990483" pos=<7877.99, 31.28, 7418.19>) CloseBarrel dp_box_big_Grey
12:40:01: Player "[ONE] PORVINHA" (steam64id="76561198426990483" pos=<7873.09, 31.38, 7416.9>) OpenBarrel dp_box_big_Grey
12:40:08: Player "[ONE] PORVINHA" (steam64id="76561198426990483" pos=<7872.76, 31.4, 7416.49>) CloseBarrel dp_box_big_Grey
12:40:11: Player "[ONE] PORVINHA" (steam64id="76561198426990483" pos=<7871.85, 31.39, 7416.97>) OpenBarrel dp_box_big_Grey
12:40:15: Player "[ONE] PORVINHA" (steam64id="76561198426990483" pos=<7871.85, 31.39, 7416.97>) CloseBarrel dp_box_big_Grey
12:40:56: Player "[ONE] PORVINHA" (steam64id="76561198426990483" pos=<7867.91, 31.48, 7415.4>) OpenBarrel dp_box_big_Grey
12:41:46: Player "[ONE] PORVINHA" (steam64id="76561198426990483" pos=<7868.33, 31.48, 7415.29>) CloseBarrel dp_box_big_Grey
12:41:50: Player "[ONE] PORVINHA" (steam64id="76561198426990483" pos=<7870.17, 31.44, 7415.85>) OpenBarrel dp_box_big_Grey
12:41:55: Player "[ONE] PORVINHA" (steam64id="76561198426990483" pos=<7870.19, 31.44, 7415.8>) CloseBarrel dp_box_big_Grey
12:41:56: Player "[ONE] PORVINHA" (steam64id="76561198426990483" pos=<7871.83, 31.41, 7416.4>) OpenBarrel dp_box_big_Grey
12:42:02: Player "[ONE] PORVINHA" (steam64id="76561198426990483" pos=<7871.83, 31.41, 7416.4>) CloseBarrel dp_box_big_Grey
12:42:03: Player "[ONE] PORVINHA" (steam64id="76561198426990483" pos=<7873.19, 31.37, 7416.93>) OpenBarrel dp_box_big_Grey
12:42:10: Player "[ONE] PORVINHA" (steam64id="76561198426990483" pos=<7877.11, 31.31, 7417.61>) OpenBarrel dp_box_big_Grey
12:42:12: Player "[ONE] PORVINHA" (steam64id="76561198426990483" pos=<7877.11, 31.31, 7417.61>) CloseBarrel dp_box_big_Grey
12:42:13: Player "[ONE] PORVINHA" (steam64id="76561198426990483" pos=<7875.41, 31.33, 7417.51>) OpenBarrel dp_box_big_Grey
12:42:22: Player "[ONE] PORVINHA" (steam64id="76561198426990483" pos=<7875.41, 31.33, 7417.51>) CloseBarrel dp_box_big_Grey
12:42:26: Player "[ONE] PORVINHA" (steam64id="76561198426990483" pos=<7873.56, 31.37, 7416.88>) CloseBarrel dp_box_big_Grey
12:42:28: Player "[ONE] PORVINHA" (steam64id="76561198426990483" pos=<7871.88, 31.40, 7416.58>) OpenBarrel dp_box_big_Grey
12:42:32: Player "[ONE] PORVINHA" (steam64id="76561198426990483" pos=<7871.88, 31.40, 7416.58>) CloseBarrel dp_box_big_Grey
12:42:33: Player "[ONE] PORVINHA" (steam64id="76561198426990483" pos=<7870.96, 31.42, 7416.29>) OpenBarrel dp_box_big_Grey
12:42:43: Player "[ONE] PORVINHA" (steam64id="76561198426990483" pos=<7870.96, 31.42, 7416.29>) CloseBarrel dp_box_big_Grey
12:43:27: Player "[ONE] PORVINHA" (steam64id="76561198426990483" pos=<7872.65, 31.37, 7417.23>) OpenBarrel dp_box_big_Grey
12:43:30: Player "[ONE] PORVINHA" (steam64id="76561198426990483" pos=<7872.02, 31.38, 7417.05>) CloseBarrel dp_box_big_Grey
12:43:31: Player "[ONE] PORVINHA" (steam64id="76561198426990483" pos=<7870.96, 31.42, 7416.34>) OpenBarrel dp_box_big_Grey
12:44:45: Player "[ONE] PORVINHA" (steam64id="76561198426990483" pos=<7870.9, 31.43, 7416.03>) CloseBarrel dp_box_big_Grey
12:44:48: Player "[ONE] PORVINHA" (steam64id="76561198426990483" pos=<7876.47, 31.32, 7417.57>) OpenBarrel dp_box_big_Grey
12:44:58: Player "[ONE] PORVINHA" (steam64id="76561198426990483" pos=<7876.47, 31.32, 7417.57>) CloseBarrel dp_box_big_Grey
12:45:00: Player "[ONE] PORVINHA" (steam64id="76561198426990483" pos=<7875.05, 31.32, 7417.85>) OpenBarrel dp_box_big_Grey
12:45:03: Player "[ONE] PORVINHA" (steam64id="76561198426990483" pos=<7875.05, 31.32, 7417.85>) CloseBarrel dp_box_big_Grey
12:45:04: Player "[ONE] PORVINHA" (steam64id="76561198426990483" pos=<7873.85, 31.35, 7417.54>) OpenBarrel dp_box_big_Grey
12:51:36: Player "[ONE] PORVINHA" (steam64id="76561198426990483" pos=<7873.61, 31.36, 7417.23>) CloseBarrel dp_box_big_Grey
12:51:37: Player "[ONE] PORVINHA" (steam64id="76561198426990483" pos=<7873.61, 31.36, 7417.23>) OpenBarrel dp_box_big_Grey
12:51:40: Player "[ONE] PORVINHA" (steam64id="76561198426990483" pos=<7873.61, 31.36, 7417.23>) CloseBarrel dp_box_big_Grey
12:51:42: Player "[ONE] PORVINHA" (steam64id="76561198426990483" pos=<7875.46, 31.33, 7417.54>) OpenBarrel dp_box_big_Grey
12:51:44: Player "[ONE] PORVINHA" (steam64id="76561198426990483" pos=<7875.46, 31.33, 7417.54>) CloseBarrel dp_box_big_Grey
12:51:46: Player "[ONE] PORVINHA" (steam64id="76561198426990483" pos=<7872.47, 31.40, 7416.95>) OpenBarrel dp_box_big_Grey
12:52:12: Player "[ONE] PORVINHA" (steam64id="76561198426990483" pos=<7872.47, 31.39, 7416.95>) CloseBarrel dp_box_big_Grey
12:52:46: Player "[ONE] PORVINHA" (steam64id="76561198426990483" pos=<7874, 31.36, 7417.22>) OpenBarrel dp_box_big_Grey
12:52:49: Player "[ONE] PORVINHA" (steam64id="76561198426990483" pos=<7874, 31.36, 7417.22>) CloseBarrel dp_box_big_Grey
12:52:50: Player "[ONE] PORVINHA" (steam64id="76561198426990483" pos=<7873.09, 31.39, 7416.62>) OpenBarrel dp_box_big_Grey
12:53:01: Player "[ONE] PORVINHA" (steam64id="76561198426990483" pos=<7873.09, 31.38, 7416.62>) CloseBarrel dp_box_big_Grey
12:53:02: Player "[ONE] PORVINHA" (steam64id="76561198426990483" pos=<7873.09, 31.38, 7416.62>) OpenBarrel dp_box_big_Grey
12:53:09: Player "[ONE] PORVINHA" (steam64id="76561198426990483" pos=<7873.09, 31.39, 7416.62>) CloseBarrel dp_box_big_Grey
12:53:10: Player "[ONE] PORVINHA" (steam64id="76561198426990483" pos=<7871.06, 31.42, 7416.3>) OpenBarrel dp_box_big_Grey
12:53:24: Player "[ONE] PORVINHA" (steam64id="76561198426990483" pos=<7871.06, 31.42, 7416.3>) CloseBarrel dp_box_big_Grey
12:54:29: Player "[ONE] PORVINHA" (steam64id="76561198426990483" pos=<7867.83, 31.48, 7415.35>) OpenBarrel dp_box_big_Grey
12:54:40: Player "[ONE] PORVINHA" (steam64id="76561198426990483" pos=<7867.83, 31.48, 7415.35>) CloseBarrel dp_box_big_Grey
12:56:10: Player "[ONE] PORVINHA" (steam64id="76561198426990483" pos=<7871.49, 31.39, 7416.86>) OpenBarrel dp_box_big_Grey
12:56:15: Player "[ONE] PORVINHA" (steam64id="76561198426990483" pos=<7871.49, 31.39, 7416.86>) CloseBarrel dp_box_big_Grey
13:00:59: Player "[ONE] PORVINHA" (steam64id="76561198426990483" pos=<7876.96, 31.31, 7417.86>) OpenBarrel dp_box_big_Grey
13:01:04: Player "[ONE] PORVINHA" (steam64id="76561198426990483" pos=<7876.96, 31.31, 7417.86>) CloseBarrel dp_box_big_Grey
13:02:02: Player "[G.M] O verdadeiro" (steam64id="76561198351631304" pos=<10164.1, 6.85, 9281.53>) OpenBarrel Barrel_Blue
13:04:52: Player "[YKZ] Felps" (steam64id="76561198892779186" pos=<11090.7, 4.21, 8425.81>) OpenBarrel dp_box_big_Brown
13:04:58: Player "[YKZ] Felps" (steam64id="76561198892779186" pos=<11090.7, 4.21, 8425.81>) CloseBarrel dp_box_big_Brown
13:08:05: Player "[YKZ] Felps" (steam64id="76561198892779186" pos=<11090.7, 31.61, 8419.87>) CloseBarrel dp_box_big_Olive
13:10:21: Player "[L.B] SeryD" (steam64id="76561198072791642" pos=<7361.21, 18.49, 7134.33>) OpenBarrel dp_box_small_Brown
13:10:23: Player "[L.B] SeryD" (steam64id="76561198072791642" pos=<7361.09, 18.46, 7133.67>) OpenBarrel dp_box_small_Brown
13:10:53: Player "[L.B] SeryD" (steam64id="76561198072791642" pos=<7361.09, 18.46, 7133.67>) CloseBarrel dp_box_small_Brown
13:10:55: Player "[L.B] SeryD" (steam64id="76561198072791642" pos=<7361.09, 18.46, 7133.67>) OpenBarrel dp_box_small_Brown
13:10:56: Player "[L.B] SeryD" (steam64id="76561198072791642" pos=<7361.09, 18.46, 7133.67>) CloseBarrel dp_box_small_Brown
13:10:58: Player "[L.B] SeryD" (steam64id="76561198072791642" pos=<7361.18, 18.46, 7134.2>) CloseBarrel dp_box_small_Brown
13:12:38: Player "[L.B] LopesTa " (steam64id="76561198375254083" pos=<7360.74, 18.46, 7133.85>) OpenBarrel dp_box_small_Brown
13:12:39: Player "[L.B] LopesTa " (steam64id="76561198375254083" pos=<7360.74, 18.46, 7133.85>) OpenBarrel dp_box_small_Brown
13:12:59: Player "[YKZ] Felps" (steam64id="76561198892779186" pos=<11090.6, 4.21, 8425.49>) OpenBarrel dp_box_big_Brown
13:13:15: Player "[YKZ] Felps" (steam64id="76561198892779186" pos=<11090.6, 4.21, 8425.49>) CloseBarrel dp_box_big_Brown
13:13:22: Player "[YKZ] Felps" (steam64id="76561198892779186" pos=<11090.8, 4.21, 8425.47>) OpenBarrel dp_box_big_Brown
13:13:26: Player "[YKZ] Felps" (steam64id="76561198892779186" pos=<11090.8, 4.21, 8425.47>) CloseBarrel dp_box_big_Brown
13:16:04: Player "AlicinhaFerraz" (steam64id="76561199207813177" pos=<7559.77, 28.05, 7895.1>) OpenBarrel dp_box_big_Brown
13:16:22: Player "[ONE] PORVINHA" (steam64id="76561198426990483" pos=<7877.36, 31.30, 7417.88>) OpenBarrel dp_box_big_Grey
13:16:42: Player "[ONE] PORVINHA" (steam64id="76561198426990483" pos=<7877.36, 31.30, 7417.88>) CloseBarrel dp_box_big_Grey
13:21:40: Player "AlicinhaFerraz" (steam64id="76561199207813177" pos=<7562.57, 28.05, 7894.47>) CloseBarrel dp_box_big_Brown
13:28:47: Player "[YKZ] chron1c" (steam64id="76561198205585613" pos=<11091.2, 31.61, 8419.34>) OpenBarrel dp_box_big_Olive
13:39:47: Player "AlicinhaFerraz" (steam64id="76561199207813177" pos=<7556.28, 37.04, 7907.52>) OpenBarrel dp_box_big_Brown
13:58:10: Player "[L.B] ploodrinny" (steam64id="76561198312062387" pos=<7360.62, 18.46, 7133.68>) CloseBarrel dp_box_small_Olive
13:58:13: Player "[L.B] ploodrinny" (steam64id="76561198312062387" pos=<7360.62, 18.46, 7133.7>) CloseBarrel dp_box_small_Brown
13:58:15: Player "[L.B] ploodrinny" (steam64id="76561198312062387" pos=<7360.84, 18.46, 7133.93>) CloseBarrel dp_box_big_Brown
13:58:17: Player "[L.B] ploodrinny" (steam64id="76561198312062387" pos=<7360.84, 18.46, 7133.93>) CloseBarrel dp_box_big_Olive
13:58:21: Player "[L.B] ploodrinny" (steam64id="76561198312062387" pos=<7362.28, 18.46, 7133.67>) CloseBarrel dp_box_big_Grey
13:58:22: Player "[L.B] ploodrinny" (steam64id="76561198312062387" pos=<7362.28, 18.46, 7133.67>) CloseBarrel dp_box_big_Brown
14:00:14: Player "[L.B] ploodrinny" (steam64id="76561198312062387" pos=<7343.09, 14.33, 7135.2>) CloseBarrel Barrel_Red
14:00:17: Player "[L.B] ploodrinny" (steam64id="76561198312062387" pos=<7343.09, 14.33, 7135.2>) CloseBarrel Barrel_Red
14:01:23: Player "[L.B] ploodrinny" (steam64id="76561198312062387" pos=<7343.4, 14.33, 7134.68>) OpenBarrel Barrel_Red
14:01:29: Player "[L.B] ploodrinny" (steam64id="76561198312062387" pos=<7343.4, 14.33, 7134.68>) OpenBarrel Barrel_Red
14:03:06: Player "[L.B] ploodrinny" (steam64id="76561198312062387" pos=<7360.23, 18.46, 7134.34>) OpenBarrel dp_box_small_Brown
14:03:09: Player "[L.B] ploodrinny" (steam64id="76561198312062387" pos=<7360.37, 18.46, 7134.13>) CloseBarrel dp_box_small_Brown
14:10:21: Player "[YKZ] Felps" (steam64id="76561198892779186" pos=<11090.3, 4.71, 8425.98>) OpenBarrel dp_box_big_Brown
14:17:18: Player "[L.B] Santorin" (steam64id="76561199069721527" pos=<7360.96, 18.46, 7134.19>) OpenBarrel dp_box_small_Brown
14:17:19: Player "[L.B] Santorin" (steam64id="76561199069721527" pos=<7360.96, 18.46, 7134.19>) CloseBarrel dp_box_small_Brown
14:17:30: Player "[L.B] Santorin" (steam64id="76561199069721527" pos=<7360.96, 18.46, 7134.19>) OpenBarrel dp_box_small_Brown
14:18:08: Player "[L.B] Santorin" (steam64id="76561199069721527" pos=<7362.41, 18.46, 7133.89>) OpenBarrel dp_box_big_Olive
14:18:09: Player "[L.B] Santorin" (steam64id="76561199069721527" pos=<7362.32, 18.55, 7134.29>) OpenBarrel dp_box_big_Brown
14:18:14: Player "[L.B] Santorin" (steam64id="76561199069721527" pos=<7360.89, 18.46, 7133.81>) OpenBarrel dp_box_small_Olive
14:18:16: Player "[L.B] Santorin" (steam64id="76561199069721527" pos=<7362.21, 18.52, 7134.19>) OpenBarrel dp_box_big_Brown
14:18:17: Player "[L.B] Santorin" (steam64id="76561199069721527" pos=<7362.21, 18.51, 7134.19>) OpenBarrel dp_box_big_Grey
14:26:14: Player "[L.B] ploodrinny" (steam64id="76561198312062387" pos=<7362.18, 18.46, 7133.67>) CloseBarrel dp_box_big_Grey
14:26:15: Player "[L.B] ploodrinny" (steam64id="76561198312062387" pos=<7362.18, 18.46, 7133.67>) OpenBarrel dp_box_big_Grey
14:38:30: Player "[YKZ] chron1c" (steam64id="76561198205585613" pos=<11090.2, 32.07, 8419.22>) CloseBarrel dp_box_big_Olive
14:39:20: Player "[YKZ] chron1c" (steam64id="76561198205585613" pos=<11090.3, 32.03, 8419.67>) OpenBarrel dp_box_big_Olive
14:39:26: Player "[YKZ] chron1c" (steam64id="76561198205585613" pos=<11090.7, 31.61, 8419.5>) CloseBarrel dp_box_big_Olive
14:41:47: Player "[YKZ] chron1c" (steam64id="76561198205585613" pos=<11094.3, 35.24, 8423.01>) OpenBarrel dp_box_big_Olive
14:41:52: Player "[YKZ] chron1c" (steam64id="76561198205585613" pos=<11094, 35.24, 8422.7>) CloseBarrel dp_box_big_Olive
15:00:45: Player "[YKZ] pedrobala" (steam64id="76561198046653521" pos=<10389.7, 17.65, 10611.9>) OpenBarrel dp_box_big_Grey
15:01:54: Player "[YKZ] pedrobala" (steam64id="76561198046653521" pos=<10389.7, 17.65, 10611.9>) CloseBarrel dp_box_big_Grey
15:02:45: Player "[YKZ] pedrobala" (steam64id="76561198046653521" pos=<10389.5, 17.65, 10612.3>) OpenBarrel dp_box_big_Grey
15:02:50: Player "[YKZ] pedrobala" (steam64id="76561198046653521" pos=<10389.3, 17.65, 10612.2>) CloseBarrel dp_box_big_Grey
15:02:52: Player "[YKZ] pedrobala" (steam64id="76561198046653521" pos=<10390.8, 17.65, 10609.5>) OpenBarrel dp_box_big_Grey
15:02:56: Player "[YKZ] pedrobala" (steam64id="76561198046653521" pos=<10391.1, 17.65, 10609>) CloseBarrel dp_box_big_Grey
15:02:58: Player "[YKZ] pedrobala" (steam64id="76561198046653521" pos=<10392.6, 17.68, 10609.9>) OpenBarrel dp_box_big_Grey
15:03:02: Player "[YKZ] pedrobala" (steam64id="76561198046653521" pos=<10392.6, 17.68, 10609.9>) CloseBarrel dp_box_big_Grey
15:03:04: Player "[YKZ] pedrobala" (steam64id="76561198046653521" pos=<10392.2, 17.68, 10611.5>) OpenBarrel dp_box_big_Grey
15:03:08: Player "[YKZ] pedrobala" (steam64id="76561198046653521" pos=<10392.8, 17.69, 10611.6>) CloseBarrel dp_box_big_Grey
15:10:16: Player "[YKZ] Felps" (steam64id="76561198892779186" pos=<11090.6, 31.61, 8420.57>) OpenBarrel dp_box_big_Olive
15:10:26: Player "[YKZ] Felps" (steam64id="76561198892779186" pos=<11090.7, 31.61, 8420.07>) CloseBarrel dp_box_big_Olive
15:17:24: Player "[YKZ] pedrobala" (steam64id="76561198046653521" pos=<10389.4, 17.66, 10613.3>) OpenBarrel dp_box_big_Grey
15:17:37: Player "[YKZ] pedrobala" (steam64id="76561198046653521" pos=<10388.8, 17.65, 10614>) CloseBarrel dp_box_big_Grey
15:17:39: Player "[YKZ] pedrobala" (steam64id="76561198046653521" pos=<10390.9, 17.67, 10612.4>) OpenBarrel dp_box_big_Grey
15:17:51: Player "[YKZ] pedrobala" (steam64id="76561198046653521" pos=<10391.6, 17.68, 10612.6>) CloseBarrel dp_box_big_Grey
15:20:13: Player "[YKZ] pedrobala" (steam64id="76561198046653521" pos=<10389.6, 17.65, 10612.2>) OpenBarrel dp_box_big_Grey
15:22:18: Player "[YKZ] pedrobala" (steam64id="76561198046653521" pos=<10389.6, 17.65, 10612.2>) CloseBarrel dp_box_big_Grey
15:22:58: Player "[YKZ] pedrobala" (steam64id="76561198046653521" pos=<10390.9, 17.65, 10609.2>) OpenBarrel dp_box_big_Grey
15:23:03: Player "[YKZ] pedrobala" (steam64id="76561198046653521" pos=<10390.9, 17.65, 10609.2>) CloseBarrel dp_box_big_Grey
15:23:05: Player "[YKZ] pedrobala" (steam64id="76561198046653521" pos=<10388.7, 17.65, 10613.3>) OpenBarrel dp_box_big_Grey
15:23:34: Player "[YKZ] pedrobala" (steam64id="76561198046653521" pos=<10388.9, 17.65, 10613.6>) CloseBarrel dp_box_big_Grey
15:31:53: Player "[YKZ] pedrobala" (steam64id="76561198046653521" pos=<10389.9, 17.66, 10612.4>) OpenBarrel dp_box_big_Grey
15:32:25: Player "[YKZ] pedrobala" (steam64id="76561198046653521" pos=<10390.8, 17.65, 10609.6>) OpenBarrel dp_box_big_Grey
15:32:34: Player "[YKZ]-BlackBear" (steam64id="76561198343030820" pos=<11085.7, 41.36, 8427.69>) OpenBarrel dp_box_big_Olive
15:32:40: Player "[YKZ] pedrobala" (steam64id="76561198046653521" pos=<10391.2, 17.65, 10608.8>) CloseBarrel dp_box_big_Grey
15:32:41: Player "[YKZ] pedrobala" (steam64id="76561198046653521" pos=<10392.6, 17.68, 10609.6>) OpenBarrel dp_box_big_Grey
15:32:44: Player "[YKZ] pedrobala" (steam64id="76561198046653521" pos=<10392.6, 17.68, 10609.6>) CloseBarrel dp_box_big_Grey
15:32:47: Player "[YKZ] pedrobala" (steam64id="76561198046653521" pos=<10391.6, 17.68, 10611.8>) OpenBarrel dp_box_big_Grey
15:32:50: Player "Claudinha" (steam64id="76561198057660141" pos=<7556.36, 37.04, 7907.38>) CloseBarrel dp_box_big_Brown
15:32:50: Player "[YKZ] pedrobala" (steam64id="76561198046653521" pos=<10388.9, 17.65, 10613.4>) OpenBarrel dp_box_big_Grey
15:33:03: Player "[ONE}Rick" (steam64id="76561198868590548" pos=<7868.71, 31.47, 7415.55>) OpenBarrel dp_box_big_Grey
15:33:15: Player "[ONE}Rick" (steam64id="76561198868590548" pos=<7868.73, 31.47, 7415.5>) CloseBarrel dp_box_big_Grey
15:33:30: Player "Claudinha" (steam64id="76561198057660141" pos=<7558.81, 28.05, 7895.33>) CloseBarrel dp_box_big_Brown
15:33:52: Player "Claudinha" (steam64id="76561198057660141" pos=<7564.44, 28.05, 7895.85>) CloseBarrel dp_box_big_Brown
15:34:08: Player "Claudinha" (steam64id="76561198057660141" pos=<7560.8, 28.05, 7896.85>) OpenBarrel dp_box_big_Brown
15:34:11: Player "Claudinha" (steam64id="76561198057660141" pos=<7562.91, 28.05, 7897.67>) OpenBarrel dp_box_big_Brown
15:34:15: Player "Claudinha" (steam64id="76561198057660141" pos=<7559.8, 28.05, 7893.15>) OpenBarrel dp_box_big_Brown
15:34:28: Player "[YKZ] pedrobala" (steam64id="76561198046653521" pos=<10391.3, 17.68, 10612.3>) CloseBarrel dp_box_big_Grey
15:34:46: Player "Claudinha" (steam64id="76561198057660141" pos=<7561.95, 28.05, 7895.59>) CloseBarrel dp_box_big_Brown
15:34:47: Player "Claudinha" (steam64id="76561198057660141" pos=<7561.06, 28.05, 7894.63>) CloseBarrel dp_box_big_Brown
15:39:18: Player "[L.B] ploodrinny" (steam64id="76561198312062387" pos=<7361.28, 18.46, 7134.24>) CloseBarrel dp_box_big_Olive
15:39:19: Player "[L.B] ploodrinny" (steam64id="76561198312062387" pos=<7361.28, 18.46, 7134.24>) CloseBarrel dp_box_big_Brown
15:44:41: Player "[YKZ] pedrobala" (steam64id="76561198046653521" pos=<10389.5, 17.65, 10612.1>) CloseBarrel dp_box_big_Grey
15:45:01: Player "[YKZ] pedrobala" (steam64id="76561198046653521" pos=<10391.6, 17.68, 10611.8>) CloseBarrel dp_box_big_Grey
15:49:59: Player "[YKZ] pedrobala" (steam64id="76561198046653521" pos=<10389.7, 17.66, 10612.7>) OpenBarrel dp_box_big_Grey
15:50:34: Player "[YKZ] pedrobala" (steam64id="76561198046653521" pos=<10391.7, 17.68, 10612>) CloseBarrel dp_box_big_Grey
15:51:06: Player "[YKZ] pedrobala" (steam64id="76561198046653521" pos=<10392.4, 17.68, 10609.9>) OpenBarrel dp_box_big_Grey
15:51:08: Player "[YKZ] pedrobala" (steam64id="76561198046653521" pos=<10392.1, 17.69, 10612>) CloseBarrel dp_box_big_Grey
15:51:09: Player "[YKZ] pedrobala" (steam64id="76561198046653521" pos=<10392.2, 17.68, 10610.6>) OpenBarrel dp_box_big_Grey
15:51:32: Player "[YKZ] pedrobala" (steam64id="76561198046653521" pos=<10392.8, 17.69, 10610.9>) CloseBarrel dp_box_big_Grey
15:51:55: Player "[YKZ] pedrobala" (steam64id="76561198046653521" pos=<10392.2, 17.68, 10611.1>) OpenBarrel dp_box_big_Grey
15:52:05: Player "[YKZ] pedrobala" (steam64id="76561198046653521" pos=<10392.6, 17.69, 10611>) CloseBarrel dp_box_big_Grey
15:53:15: Player "[YKZ] pedrobala" (steam64id="76561198046653521" pos=<10392.5, 17.69, 10611.3>) OpenBarrel dp_box_big_Grey
15:53:38: Player "[YKZ] pedrobala" (steam64id="76561198046653521" pos=<10392.6, 17.69, 10610.8>) CloseBarrel dp_box_big_Grey
15:54:03: Player "[YKZ] pedrobala" (steam64id="76561198046653521" pos=<10389.8, 17.65, 10612.5>) OpenBarrel dp_box_big_Grey
15:54:05: Player "[YKZ] pedrobala" (steam64id="76561198046653521" pos=<10389.8, 17.65, 10612.5>) CloseBarrel dp_box_big_Grey
15:54:43: Player "[YKZ] pedrobala" (steam64id="76561198046653521" pos=<10389.9, 17.65, 10611.1>) OpenBarrel dp_box_big_Grey
15:55:52: Player "[L.B] Santorin" (steam64id="76561199069721527" pos=<7362.61, 18.46, 7134.17>) OpenBarrel dp_box_big_Olive
15:55:53: Player "[L.B] Santorin" (steam64id="76561199069721527" pos=<7362.61, 18.46, 7134.17>) OpenBarrel dp_box_big_Brown
16:02:20: Player "[YKZ] pedrobala" (steam64id="76561198046653521" pos=<10390.2, 17.65, 10610.9>) OpenBarrel dp_box_big_Grey
16:02:41: Player "[YKZ] pedrobala" (steam64id="76561198046653521" pos=<10390.9, 17.66, 10611.4>) CloseBarrel dp_box_big_Grey
16:02:48: Player "[YKZ] pedrobala" (steam64id="76561198046653521" pos=<10392.4, 17.68, 10610.8>) OpenBarrel dp_box_big_Grey
16:03:22: Player "[YKZ] pedrobala" (steam64id="76561198046653521" pos=<10392.8, 17.68, 10610.4>) CloseBarrel dp_box_big_Grey
16:03:28: Player "[YKZ] pedrobala" (steam64id="76561198046653521" pos=<10392.8, 17.68, 10610.4>) OpenBarrel dp_box_big_Grey
16:03:54: Player "[YKZ] pedrobala" (steam64id="76561198046653521" pos=<10392.8, 17.68, 10610.4>) CloseBarrel dp_box_big_Grey
16:03:56: Player "[YKZ] pedrobala" (steam64id="76561198046653521" pos=<10391.4, 17.66, 10609>) OpenBarrel dp_box_big_Grey
16:04:01: Player "[YKZ] pedrobala" (steam64id="76561198046653521" pos=<10391.4, 17.66, 10609>) CloseBarrel dp_box_big_Grey
16:07:14: Player "[YKZ] pedrobala" (steam64id="76561198046653521" pos=<10392.7, 17.68, 10609.8>) OpenBarrel dp_box_big_Grey
16:09:40: Player "Claudinha" (steam64id="76561198057660141" pos=<7558.89, 28.05, 7894.8>) CloseBarrel dp_box_big_Brown
16:09:46: Player "Biel FxR" (steam64id="76561198050836260" pos=<7559.44, 28.05, 7892.66>) OpenBarrel dp_box_big_Brown
16:09:48: Player "Biel FxR" (steam64id="76561198050836260" pos=<7559.51, 28.05, 7892.96>) CloseBarrel dp_box_big_Brown
16:11:04: Player "[YKZ] pedrobala" (steam64id="76561198046653521" pos=<10390.5, 17.66, 10611.5>) OpenBarrel dp_box_big_Grey
16:11:20: Player "Claudinha" (steam64id="76561198057660141" pos=<7551.34, 35.24, 7900.27>) CloseBarrel dp_box_big_Brown
16:11:21: Player "[YKZ] pedrobala" (steam64id="76561198046653521" pos=<10392.8, 17.69, 10611.1>) CloseBarrel dp_box_big_Grey
16:11:21: Player "Claudinha" (steam64id="76561198057660141" pos=<7551.34, 35.24, 7900.27>) CloseBarrel dp_box_big_Brown
16:11:36: Player "[YKZ] pedrobala" (steam64id="76561198046653521" pos=<10392.8, 17.69, 10611.1>) CloseBarrel dp_box_big_Grey
16:12:23: Player "[YKZ] pedrobala" (steam64id="76561198046653521" pos=<10390.3, 17.65, 10610.2>) OpenBarrel dp_box_big_Grey
16:12:29: Player "[YKZ] pedrobala" (steam64id="76561198046653521" pos=<10390, 17.64, 10610.1>) CloseBarrel dp_box_big_Grey
16:13:04: Player "[YKZ] pedrobala" (steam64id="76561198046653521" pos=<10392.2, 17.67, 10610.2>) OpenBarrel dp_box_big_Grey
16:13:07: Player "Biel FxR" (steam64id="76561198050836260" pos=<7551.01, 35.24, 7900.25>) OpenBarrel dp_box_big_Brown
16:13:14: Player "Claudinha" (steam64id="76561198057660141" pos=<7551.26, 35.24, 7898.82>) CloseBarrel dp_box_big_Brown
16:13:58: Player "[YKZ] pedrobala" (steam64id="76561198046653521" pos=<10391.6, 17.66, 10609.1>) OpenBarrel dp_box_big_Grey
16:14:12: Player "Biel FxR" (steam64id="76561198050836260" pos=<7551.52, 28.05, 7892.83>) CloseBarrel dp_box_big_Brown
16:14:25: Player "Claudinha" (steam64id="76561198057660141" pos=<7553.02, 28.05, 7893.47>) OpenBarrel dp_box_big_Brown
16:14:26: Player "[YKZ] pedrobala" (steam64id="76561198046653521" pos=<10392.4, 17.68, 10611.1>) OpenBarrel dp_box_big_Grey
16:14:28: Player "Claudinha" (steam64id="76561198057660141" pos=<7552.93, 28.05, 7893.52>) CloseBarrel dp_box_big_Brown
16:14:30: Player "[YKZ] pedrobala" (steam64id="76561198046653521" pos=<10392.4, 17.68, 10611.1>) CloseBarrel dp_box_big_Grey
16:14:31: Player "[YKZ] pedrobala" (steam64id="76561198046653521" pos=<10390.5, 17.65, 10609.9>) OpenBarrel dp_box_big_Grey
16:14:49: Player "[YKZ] pedrobala" (steam64id="76561198046653521" pos=<10392.4, 17.68, 10610.7>) OpenBarrel dp_box_big_Grey
16:15:02: Player "[YKZ] pedrobala" (steam64id="76561198046653521" pos=<10392.7, 17.69, 10610.7>) CloseBarrel dp_box_big_Grey
16:15:13: Player "[YKZ] pedrobala" (steam64id="76561198046653521" pos=<10389.9, 17.64, 10610.2>) CloseBarrel dp_box_big_Grey
16:15:15: Player "[YKZ] pedrobala" (steam64id="76561198046653521" pos=<10389.1, 17.64, 10612.2>) CloseBarrel dp_box_big_Grey
16:15:22: Player "[YKZ] pedrobala" (steam64id="76561198046653521" pos=<10390.7, 17.64, 10608.7>) CloseBarrel dp_box_big_Grey
16:15:23: Player "[YKZ] pedrobala" (steam64id="76561198046653521" pos=<10392.6, 17.68, 10609.7>) CloseBarrel dp_box_big_Grey
16:17:21: Player "[YKZ]-BlackBear" (steam64id="76561198343030820" pos=<10392.3, 17.68, 10610.1>) OpenBarrel dp_box_big_Grey
16:17:25: Player "[YKZ]-BlackBear" (steam64id="76561198343030820" pos=<10392.3, 17.68, 10610.1>) CloseBarrel dp_box_big_Grey
16:17:26: Player "[YKZ]-BlackBear" (steam64id="76561198343030820" pos=<10391.2, 17.65, 10609.1>) OpenBarrel dp_box_big_Grey
16:17:32: Player "[YKZ]-BlackBear" (steam64id="76561198343030820" pos=<10391.2, 17.65, 10609.1>) CloseBarrel dp_box_big_Grey
16:17:35: Player "[YKZ]-BlackBear" (steam64id="76561198343030820" pos=<10390.2, 17.65, 10610.2>) OpenBarrel dp_box_big_Grey
16:17:38: Player "[YKZ]-BlackBear" (steam64id="76561198343030820" pos=<10390.2, 17.65, 10610.2>) CloseBarrel dp_box_big_Grey
16:17:42: Player "[YKZ]-BlackBear" (steam64id="76561198343030820" pos=<10389, 17.64, 10612.4>) OpenBarrel dp_box_big_Grey
16:17:46: Player "[YKZ]-BlackBear" (steam64id="76561198343030820" pos=<10389, 17.64, 10612.4>) CloseBarrel dp_box_big_Grey
16:18:01: Player "[YKZ]-BlackBear" (steam64id="76561198343030820" pos=<10392.6, 17.68, 10610.6>) OpenBarrel dp_box_big_Grey
16:18:15: Player "[YKZ]-BlackBear" (steam64id="76561198343030820" pos=<10392.6, 17.68, 10610.6>) CloseBarrel dp_box_big_Grey
16:18:23: Player "[YKZ] pedrobala" (steam64id="76561198046653521" pos=<10392.3, 17.68, 10610.5>) OpenBarrel dp_box_big_Grey
16:18:25: Player "[YKZ] pedrobala" (steam64id="76561198046653521" pos=<10392.4, 17.68, 10610.5>) CloseBarrel dp_box_big_Grey
16:19:07: Player "[YKZ] pedrobala" (steam64id="76561198046653521" pos=<10391.5, 17.66, 10609.8>) OpenBarrel dp_box_big_Grey
16:19:09: Player "[YKZ] pedrobala" (steam64id="76561198046653521" pos=<10391.5, 17.67, 10611.5>) CloseBarrel dp_box_big_Grey
16:19:19: Player "[YKZ] pedrobala" (steam64id="76561198046653521" pos=<10391, 17.65, 10609.1>) OpenBarrel dp_box_big_Grey
16:19:24: Player "[YKZ] pedrobala" (steam64id="76561198046653521" pos=<10391, 17.65, 10609.1>) CloseBarrel dp_box_big_Grey
16:24:56: Player "Claudinha" (steam64id="76561198057660141" pos=<7551.5, 35.24, 7900.02>) OpenBarrel dp_box_big_Brown
16:26:35: Player "[YKZ] pedrobala" (steam64id="76561198046653521" pos=<10392.6, 18.15, 10611>) OpenBarrel dp_box_big_Grey
16:27:03: Player "[YKZ] pedrobala" (steam64id="76561198046653521" pos=<10392.6, 18.15, 10610.7>) CloseBarrel dp_box_big_Grey
16:27:24: Player "[YKZ] pedrobala" (steam64id="76561198046653521" pos=<10392.3, 18.15, 10610.8>) OpenBarrel dp_box_big_Grey
16:28:18: Player "[YKZ] pedrobala" (steam64id="76561198046653521" pos=<10392.7, 18.15, 10610.8>) CloseBarrel dp_box_big_Grey
16:28:34: Player "[YKZ] pedrobala" (steam64id="76561198046653521" pos=<10392.7, 18.15, 10610.4>) OpenBarrel dp_box_big_Grey
16:28:56: Player "Claudinha" (steam64id="76561198057660141" pos=<7558.07, 28.05, 7892.95>) OpenBarrel dp_box_big_Brown
16:28:59: Player "Claudinha" (steam64id="76561198057660141" pos=<7560.77, 28.05, 7894.62>) OpenBarrel dp_box_big_Brown
16:29:07: Player "[YKZ] pedrobala" (steam64id="76561198046653521" pos=<10389.4, 17.64, 10611.5>) OpenBarrel dp_box_big_Grey
16:29:35: Player "Claudinha" (steam64id="76561198057660141" pos=<7563.05, 28.05, 7895.6>) OpenBarrel dp_box_big_Brown
16:29:37: Player "Claudinha" (steam64id="76561198057660141" pos=<7563.05, 28.05, 7895.6>) CloseBarrel dp_box_big_Brown
16:30:16: Player "Claudinha" (steam64id="76561198057660141" pos=<7559.52, 28.05, 7895.02>) CloseBarrel dp_box_big_Brown
16:30:20: Player "Claudinha" (steam64id="76561198057660141" pos=<7561.17, 28.05, 7894.48>) CloseBarrel dp_box_big_Brown
16:30:32: Player "Claudinha" (steam64id="76561198057660141" pos=<7552.46, 28.05, 7894.81>) OpenBarrel dp_box_big_Brown
16:30:34: Player "Claudinha" (steam64id="76561198057660141" pos=<7552.7, 28.05, 7895.38>) CloseBarrel dp_box_big_Brown
16:30:35: Player "[YKZ] pedrobala" (steam64id="76561198046653521" pos=<10389.8, 17.65, 10611.5>) CloseBarrel dp_box_big_Grey
16:30:35: Player "Claudinha" (steam64id="76561198057660141" pos=<7552.52, 28.05, 7895.54>) OpenBarrel dp_box_big_Brown
16:31:10: Player "Claudinha" (steam64id="76561198057660141" pos=<7549.58, 28.05, 7895.26>) OpenBarrel dp_box_big_Brown
16:31:22: Player "Claudinha" (steam64id="76561198057660141" pos=<7552.49, 28.05, 7895.22>) CloseBarrel dp_box_big_Brown
16:31:25: Player "[YKZ] pedrobala" (steam64id="76561198046653521" pos=<10391.1, 17.65, 10608.9>) OpenBarrel dp_box_big_Grey
16:32:05: Player "[YKZ] Notsniw" (steam64id="76561197967151252" pos=<10388.7, 17.64, 10612.5>) OpenBarrel dp_box_big_Grey
16:32:10: Player "[YKZ] Notsniw" (steam64id="76561197967151252" pos=<10388.9, 17.64, 10612.4>) CloseBarrel dp_box_big_Grey
16:32:11: Player "[YKZ] Notsniw" (steam64id="76561197967151252" pos=<10389.5, 17.64, 10610.5>) OpenBarrel dp_box_big_Grey
16:32:13: Player "[YKZ] Notsniw" (steam64id="76561197967151252" pos=<10389.5, 17.64, 10610.5>) CloseBarrel dp_box_big_Grey
16:32:16: Player "[YKZ] Notsniw" (steam64id="76561197967151252" pos=<10391.3, 17.65, 10609.1>) CloseBarrel dp_box_big_Grey
16:32:18: Player "[YKZ] Notsniw" (steam64id="76561197967151252" pos=<10392, 17.67, 10609.8>) OpenBarrel dp_box_big_Grey
16:32:20: Player "[YKZ] Notsniw" (steam64id="76561197967151252" pos=<10392, 17.67, 10609.8>) CloseBarrel dp_box_big_Grey
16:32:59: Player "Claudinha" (steam64id="76561198057660141" pos=<7551.62, 28.05, 7895.88>) CloseBarrel dp_box_big_Brown
16:33:26: Player "Claudinha" (steam64id="76561198057660141" pos=<7526.56, 30.04, 7898.18>) OpenBarrel dp_box_big_Brown
16:34:54: Player "Biel FxR" (steam64id="76561198050836260" pos=<7557.66, 28.05, 7895.07>) OpenBarrel dp_box_big_Brown
16:35:08: Player "Claudinha" (steam64id="76561198057660141" pos=<7551.15, 28.05, 7894.83>) CloseBarrel dp_box_big_Brown
16:35:09: Player "[YKZ] Notsniw" (steam64id="76561197967151252" pos=<10389.9, 17.65, 10612.1>) OpenBarrel dp_box_big_Grey
16:35:11: Player "[YKZ] Notsniw" (steam64id="76561197967151252" pos=<10389.3, 17.65, 10611.9>) CloseBarrel dp_box_big_Grey
16:35:12: Player "[YKZ] Notsniw" (steam64id="76561197967151252" pos=<10389.3, 17.65, 10611.9>) OpenBarrel dp_box_big_Grey
16:35:28: Player "Claudinha" (steam64id="76561198057660141" pos=<7550.17, 28.05, 7896.53>) OpenBarrel dp_box_big_Brown
16:35:48: Player "Claudinha" (steam64id="76561198057660141" pos=<7550.03, 28.05, 7895.82>) CloseBarrel dp_box_big_Brown
16:36:00: Player "[YKZ] pedrobala" (steam64id="76561198046653521" pos=<10391.9, 17.67, 10610.2>) OpenBarrel dp_box_big_Grey
16:36:30: Player "[YKZ] pedrobala" (steam64id="76561198046653521" pos=<10391.5, 17.66, 10609.5>) OpenBarrel dp_box_big_Grey
16:36:57: Player "Claudinha" (steam64id="76561198057660141" pos=<7508.33, 30.66, 7894.62>) OpenBarrel dp_box_big_Brown
16:37:02: Player "[YKZ] pedrobala" (steam64id="76561198046653521" pos=<10391.2, 17.65, 10608.9>) CloseBarrel dp_box_big_Grey
16:37:03: Player "[YKZ] pedrobala" (steam64id="76561198046653521" pos=<10392.3, 17.67, 10610>) CloseBarrel dp_box_big_Grey
16:37:07: Player "[YKZ] pedrobala" (steam64id="76561198046653521" pos=<10392.7, 17.68, 10610.3>) CloseBarrel dp_box_big_Grey
16:37:14: Player "[YKZ] pedrobala" (steam64id="76561198046653521" pos=<10389.6, 17.65, 10612.2>) CloseBarrel dp_box_big_Grey
16:37:34: Player "[YKZ] Notsniw" (steam64id="76561197967151252" pos=<10391.1, 17.65, 10609.3>) OpenBarrel dp_box_big_Grey
16:37:59: Player "[YKZ] Notsniw" (steam64id="76561197967151252" pos=<10391.1, 17.65, 10608.9>) CloseBarrel dp_box_big_Grey
16:38:06: Player "Claudinha" (steam64id="76561198057660141" pos=<7551.42, 28.05, 7895.38>) CloseBarrel dp_box_big_Brown
16:43:43: Player "Biel FxR" (steam64id="76561198050836260" pos=<7552.8, 28.49, 7895.49>) OpenBarrel dp_box_big_Brown
16:43:46: Player "Biel FxR" (steam64id="76561198050836260" pos=<7552.19, 28.50, 7894.63>) OpenBarrel dp_box_big_Brown
16:43:56: Player "Biel FxR" (steam64id="76561198050836260" pos=<7550.73, 28.45, 7895.05>) OpenBarrel dp_box_big_Brown
16:45:07: Player "Claudinha" (steam64id="76561198057660141" pos=<7552.01, 28.05, 7896.42>) CloseBarrel dp_box_big_Brown
16:45:08: Player "Claudinha" (steam64id="76561198057660141" pos=<7551.82, 28.05, 7895.07>) CloseBarrel dp_box_big_Brown
16:47:07: Player "Claudinha" (steam64id="76561198057660141" pos=<7551.26, 35.24, 7898.58>) OpenBarrel dp_box_big_Brown
16:47:09: Player "Claudinha" (steam64id="76561198057660141" pos=<7550.93, 35.24, 7899.32>) CloseBarrel dp_box_big_Brown
16:47:15: Player "Claudinha" (steam64id="76561198057660141" pos=<7551.04, 35.24, 7898.78>) CloseBarrel dp_box_big_Brown
16:47:31: Player "Claudinha" (steam64id="76561198057660141" pos=<7553.13, 28.05, 7894.16>) CloseBarrel dp_box_big_Brown
16:47:45: Player "Claudinha" (steam64id="76561198057660141" pos=<7553.19, 28.05, 7893.51>) OpenBarrel dp_box_big_Brown
16:56:05: Player "Claudinha" (steam64id="76561198057660141" pos=<7551.19, 35.24, 7899.62>) OpenBarrel dp_box_big_Brown
16:56:13: Player "Claudinha" (steam64id="76561198057660141" pos=<7550.85, 35.24, 7899.89>) CloseBarrel dp_box_big_Brown
17:02:15: Player "Claudinha" (steam64id="76561198057660141" pos=<7553.23, 28.05, 7894.93>) CloseBarrel dp_box_big_Brown
17:02:53: Player "Claudinha" (steam64id="76561198057660141" pos=<7552.62, 28.46, 7895.14>) OpenBarrel dp_box_big_Brown
17:06:34: Player "[L.B] SeryD" (steam64id="76561198072791642" pos=<10237.4, 23.20, 12473.5>) OpenBarrel dp_box_big_Olive
17:06:40: Player "[L.B] SeryD" (steam64id="76561198072791642" pos=<10237.5, 23.04, 12474>) CloseBarrel dp_box_big_Olive
17:08:27: Player "Duerowww" (steam64id="76561198259492425" pos=<7390.12, 31.55, 8202.31>) CloseBarrel dp_box_big_Tan
17:08:30: Player "Duerowww" (steam64id="76561198259492425" pos=<7390.12, 31.55, 8202.31>) CloseBarrel dp_box_small_Brown
17:11:08: Player "Claudinha" (steam64id="76561198057660141" pos=<7551.47, 35.24, 7900.56>) OpenBarrel dp_box_big_Brown
17:12:16: Player "[YKZ] Notsniw" (steam64id="76561197967151252" pos=<10392.5, 17.69, 10611.1>) OpenBarrel dp_box_big_Grey
17:12:34: Player "[YKZ] Notsniw" (steam64id="76561197967151252" pos=<10391.7, 17.67, 10610>) OpenBarrel dp_box_big_Grey
17:12:38: Player "[YKZ] Notsniw" (steam64id="76561197967151252" pos=<10392.3, 17.67, 10609.5>) CloseBarrel dp_box_big_Grey
17:12:47: Player "[YKZ] Notsniw" (steam64id="76561197967151252" pos=<10392.8, 17.68, 10609.9>) CloseBarrel dp_box_big_Grey
17:13:37: Player "[YKZ] pedrobala" (steam64id="76561198046653521" pos=<10392.7, 17.69, 10610.8>) OpenBarrel dp_box_big_Grey
17:13:50: Player "[YKZ] pedrobala" (steam64id="76561198046653521" pos=<10392.7, 17.69, 10610.8>) CloseBarrel dp_box_big_Grey
17:13:52: Player "[YKZ] pedrobala" (steam64id="76561198046653521" pos=<10391.4, 17.66, 10609.4>) OpenBarrel dp_box_big_Grey
17:14:13: Player "[YKZ] pedrobala" (steam64id="76561198046653521" pos=<10391.4, 17.65, 10609.1>) CloseBarrel dp_box_big_Grey
17:16:11: Player "Claudinha" (steam64id="76561198057660141" pos=<7554.01, 28.05, 7895.1>) OpenBarrel dp_box_big_Brown
17:16:12: Player "Claudinha" (steam64id="76561198057660141" pos=<7548.91, 28.05, 7893.15>) OpenBarrel dp_box_big_Brown
17:52:48: Player "[ONE] KARABULJHAN" (steam64id="76561198100527842" pos=<7877.6, 31.31, 7417.52>) OpenBarrel dp_box_big_Grey
17:52:50: Player "[ONE] KARABULJHAN" (steam64id="76561198100527842" pos=<7877.6, 31.31, 7417.52>) OpenBarrel dp_box_big_Grey
17:52:51: Player "[ONE] KARABULJHAN" (steam64id="76561198100527842" pos=<7876.58, 31.34, 7416.88>) OpenBarrel dp_box_big_Grey
17:52:53: Player "[ONE] KARABULJHAN" (steam64id="76561198100527842" pos=<7874.96, 31.37, 7416.68>) OpenBarrel dp_box_big_Grey
17:52:56: Player "[ONE] KARABULJHAN" (steam64id="76561198100527842" pos=<7872.25, 31.39, 7416.65>) OpenBarrel dp_box_big_Grey
17:52:57: Player "[ONE] KARABULJHAN" (steam64id="76561198100527842" pos=<7871.4, 31.43, 7416.02>) OpenBarrel dp_box_big_Grey
17:53:01: Player "[ONE] KARABULJHAN" (steam64id="76561198100527842" pos=<7868.95, 31.91, 7415.04>) OpenBarrel dp_box_big_Grey
18:00:31: Player "[YKZ] Felps" (steam64id="76561198892779186" pos=<11090.9, 31.61, 8420.04>) OpenBarrel dp_box_big_Olive
18:28:23: Player "[ONE] PORVINHA" (steam64id="76561198426990483" pos=<7877.91, 31.32, 7417.23>) CloseBarrel dp_box_big_Grey
18:28:24: Player "[ONE] PORVINHA" (steam64id="76561198426990483" pos=<7877.03, 31.32, 7417.5>) CloseBarrel dp_box_big_Grey
18:28:25: Player "[ONE] PORVINHA" (steam64id="76561198426990483" pos=<7875.73, 31.34, 7417.05>) CloseBarrel dp_box_big_Grey
18:28:26: Player "[ONE] PORVINHA" (steam64id="76561198426990483" pos=<7874.18, 31.37, 7416.66>) CloseBarrel dp_box_big_Grey
18:28:27: Player "[ONE] PORVINHA" (steam64id="76561198426990483" pos=<7872.61, 31.39, 7416.48>) CloseBarrel dp_box_big_Grey
18:28:28: Player "[ONE] PORVINHA" (steam64id="76561198426990483" pos=<7871.37, 31.43, 7416>) CloseBarrel dp_box_big_Grey
18:28:31: Player "[ONE] PORVINHA" (steam64id="76561198426990483" pos=<7869.37, 31.91, 7414.88>) CloseBarrel dp_box_big_Grey
18:32:54: Player "[ONE] PORVINHA" (steam64id="76561198426990483" pos=<7876.05, 31.32, 7417.79>) OpenBarrel dp_box_big_Grey
18:33:59: Player "[ONE] PORVINHA" (steam64id="76561198426990483" pos=<7876.5, 31.32, 7417.63>) CloseBarrel dp_box_big_Grey
18:34:01: Player "[ONE] PORVINHA" (steam64id="76561198426990483" pos=<7875.1, 31.33, 7417.66>) OpenBarrel dp_box_big_Grey
18:34:45: Player "[ONE] PORVINHA" (steam64id="76561198426990483" pos=<7875.06, 31.35, 7417.11>) CloseBarrel dp_box_big_Grey
18:34:47: Player "[ONE] PORVINHA" (steam64id="76561198426990483" pos=<7873.41, 31.39, 7416.46>) OpenBarrel dp_box_big_Grey
18:34:50: Player "[ONE] PORVINHA" (steam64id="76561198426990483" pos=<7873.39, 31.38, 7416.74>) CloseBarrel dp_box_big_Grey
18:34:51: Player "[ONE] PORVINHA" (steam64id="76561198426990483" pos=<7871.97, 31.40, 7416.63>) OpenBarrel dp_box_big_Grey
18:35:30: Player "[ONE] PORVINHA" (steam64id="76561198426990483" pos=<7871.91, 31.41, 7416.22>) CloseBarrel dp_box_big_Grey
18:35:31: Player "[ONE] PORVINHA" (steam64id="76561198426990483" pos=<7870.34, 31.43, 7415.88>) OpenBarrel dp_box_big_Grey
18:35:56: Player "[ONE] PORVINHA" (steam64id="76561198426990483" pos=<7870.35, 31.43, 7415.82>) CloseBarrel dp_box_big_Grey
18:35:58: Player "[ONE] PORVINHA" (steam64id="76561198426990483" pos=<7868.71, 31.47, 7415.54>) OpenBarrel dp_box_big_Grey
18:36:52: Player "[ONE] PORVINHA" (steam64id="76561198426990483" pos=<7868.71, 31.47, 7415.54>) CloseBarrel dp_box_big_Grey
18:38:20: Player "[ONE] PORVINHA" (steam64id="76561198426990483" pos=<7876.34, 31.31, 7417.76>) OpenBarrel dp_box_big_Grey
18:38:21: Player "[ONE] PORVINHA" (steam64id="76561198426990483" pos=<7876.34, 31.32, 7417.76>) CloseBarrel dp_box_big_Grey
18:38:22: Player "[ONE] PORVINHA" (steam64id="76561198426990483" pos=<7875.07, 31.36, 7416.79>) OpenBarrel dp_box_big_Grey
18:38:23: Player "[ONE] PORVINHA" (steam64id="76561198426990483" pos=<7875.07, 31.36, 7416.81>) CloseBarrel dp_box_big_Grey
18:38:24: Player "[ONE] PORVINHA" (steam64id="76561198426990483" pos=<7873.16, 31.39, 7416.53>) OpenBarrel dp_box_big_Grey
18:38:48: Player "[ONE] PORVINHA" (steam64id="76561198426990483" pos=<7873.16, 31.39, 7416.53>) CloseBarrel dp_box_big_Grey
18:38:50: Player "[ONE] PORVINHA" (steam64id="76561198426990483" pos=<7878.2, 31.29, 7418.03>) OpenBarrel dp_box_big_Grey
18:38:51: Player "[ONE] PORVINHA" (steam64id="76561198426990483" pos=<7878.2, 31.29, 7418.03>) CloseBarrel dp_box_big_Grey
18:39:52: Player "[ONE] PORVINHA" (steam64id="76561198426990483" pos=<7874.85, 31.33, 7417.54>) OpenBarrel dp_box_big_Grey
18:39:57: Player "[ONE] PORVINHA" (steam64id="76561198426990483" pos=<7874.85, 31.34, 7417.54>) CloseBarrel dp_box_big_Grey
18:45:07: Player "[ONE] PORVINHA" (steam64id="76561198426990483" pos=<7876.8, 31.32, 7417.54>) OpenBarrel dp_box_big_Grey
18:45:09: Player "[ONE] PORVINHA" (steam64id="76561198426990483" pos=<7876.8, 31.32, 7417.54>) CloseBarrel dp_box_big_Grey
18:45:10: Player "[ONE] PORVINHA" (steam64id="76561198426990483" pos=<7875.32, 31.36, 7416.83>) OpenBarrel dp_box_big_Grey
18:45:16: Player "[ONE] PORVINHA" (steam64id="76561198426990483" pos=<7875.34, 31.34, 7417.44>) CloseBarrel dp_box_big_Grey
18:45:35: Player "[ONE] PORVINHA" (steam64id="76561198426990483" pos=<7877.38, 31.31, 7417.58>) OpenBarrel dp_box_big_Grey
19:03:37: Player "[ONE] PORVINHA" (steam64id="76561198426990483" pos=<7876.23, 31.33, 7417.3>) CloseBarrel dp_box_big_Grey
19:03:38: Player "[ONE] PORVINHA" (steam64id="76561198426990483" pos=<7875.24, 31.33, 7417.69>) OpenBarrel dp_box_big_Grey
19:04:13: Player "[ONE] PORVINHA" (steam64id="76561198426990483" pos=<7869, 31.47, 7415.45>) OpenBarrel dp_box_big_Grey
19:04:28: Player "[ONE] PORVINHA" (steam64id="76561198426990483" pos=<7869, 31.47, 7415.45>) CloseBarrel dp_box_big_Grey
19:04:41: Player "[ONE] PORVINHA" (steam64id="76561198426990483" pos=<7875.16, 31.33, 7417.55>) CloseBarrel dp_box_big_Grey
19:04:42: Player "[ONE] PORVINHA" (steam64id="76561198426990483" pos=<7877.9, 31.30, 7417.7>) OpenBarrel dp_box_big_Grey
19:04:52: Player "[ONE] PORVINHA" (steam64id="76561198426990483" pos=<7877.9, 31.30, 7417.7>) CloseBarrel dp_box_big_Grey
19:04:54: Player "[ONE] PORVINHA" (steam64id="76561198426990483" pos=<7876.23, 31.33, 7417.43>) OpenBarrel dp_box_big_Grey
19:05:06: Player "[ONE] PORVINHA" (steam64id="76561198426990483" pos=<7876.33, 31.34, 7417>) CloseBarrel dp_box_big_Grey
19:05:08: Player "[ONE] PORVINHA" (steam64id="76561198426990483" pos=<7874.41, 31.34, 7417.49>) OpenBarrel dp_box_big_Grey
19:05:11: Player "[ONE] PORVINHA" (steam64id="76561198426990483" pos=<7874.7, 31.36, 7417.02>) CloseBarrel dp_box_big_Grey
19:05:12: Player "[ONE] PORVINHA" (steam64id="76561198426990483" pos=<7873.49, 31.38, 7416.76>) OpenBarrel dp_box_big_Grey
19:05:27: Player "[ONE] PORVINHA" (steam64id="76561198426990483" pos=<7873.49, 31.38, 7416.76>) CloseBarrel dp_box_big_Grey
19:06:09: Player "[ONE] PORVINHA" (steam64id="76561198426990483" pos=<7876.54, 31.30, 7417.97>) OpenBarrel dp_box_big_Grey
19:06:13: Player "[ONE] PORVINHA" (steam64id="76561198426990483" pos=<7876.54, 31.30, 7417.97>) CloseBarrel dp_box_big_Grey
19:06:14: Player "[ONE] PORVINHA" (steam64id="76561198426990483" pos=<7875.22, 31.34, 7417.35>) OpenBarrel dp_box_big_Grey
19:06:21: Player "[ONE] PORVINHA" (steam64id="76561198426990483" pos=<7875.22, 31.34, 7417.35>) CloseBarrel dp_box_big_Grey
19:08:46: Player "[ONE] PORVINHA" (steam64id="76561198426990483" pos=<7877.19, 31.31, 7417.59>) OpenBarrel dp_box_big_Grey
19:09:01: Player "[ONE] PORVINHA" (steam64id="76561198426990483" pos=<7877.19, 31.31, 7417.59>) CloseBarrel dp_box_big_Grey
19:09:02: Player "[ONE] PORVINHA" (steam64id="76561198426990483" pos=<7875.28, 31.33, 7417.52>) OpenBarrel dp_box_big_Grey
19:09:11: Player "[ONE] PORVINHA" (steam64id="76561198426990483" pos=<7875.28, 31.33, 7417.52>) CloseBarrel dp_box_big_Grey
19:10:45: Player "[ONE] PORVINHA" (steam64id="76561198426990483" pos=<7869.88, 31.45, 7415.73>) OpenBarrel dp_box_big_Grey
19:10:47: Player "[ONE] PORVINHA" (steam64id="76561198426990483" pos=<7869.88, 31.45, 7415.73>) CloseBarrel dp_box_big_Grey
19:10:48: Player "[ONE] PORVINHA" (steam64id="76561198426990483" pos=<7869.88, 31.76, 7415.69>) OpenBarrel dp_box_big_Grey
19:11:01: Player "[ONE] PORVINHA" (steam64id="76561198426990483" pos=<7869.88, 31.74, 7415.69>) CloseBarrel dp_box_big_Grey
19:30:00: Player "[ONE] PORVINHA" (steam64id="76561198426990483" pos=<7871.94, 31.38, 7416.94>) OpenBarrel dp_box_big_Grey
19:30:04: Player "[ONE] PORVINHA" (steam64id="76561198426990483" pos=<7871.94, 31.38, 7416.94>) CloseBarrel dp_box_big_Grey
19:30:05: Player "[ONE] PORVINHA" (steam64id="76561198426990483" pos=<7871.03, 31.41, 7416.38>) OpenBarrel dp_box_big_Grey
19:30:14: Player "[ONE] PORVINHA" (steam64id="76561198426990483" pos=<7871.03, 31.42, 7416.38>) CloseBarrel dp_box_big_Grey
19:30:17: Player "[ONE] PORVINHA" (steam64id="76561198426990483" pos=<7878.36, 31.29, 7417.93>) OpenBarrel dp_box_big_Grey
19:30:21: Player "[ONE] PORVINHA" (steam64id="76561198426990483" pos=<7878.36, 31.29, 7417.93>) CloseBarrel dp_box_big_Grey
19:30:22: Player "[ONE] PORVINHA" (steam64id="76561198426990483" pos=<7876.95, 31.31, 7417.74>) OpenBarrel dp_box_big_Grey
19:30:54: Player "[ONE] PORVINHA" (steam64id="76561198426990483" pos=<7876.95, 31.31, 7417.74>) CloseBarrel dp_box_big_Grey
19:30:56: Player "[ONE] PORVINHA" (steam64id="76561198426990483" pos=<7871.45, 31.40, 7416.66>) OpenBarrel dp_box_big_Grey
19:31:02: Player "[ONE] PORVINHA" (steam64id="76561198426990483" pos=<7871.04, 31.42, 7416.13>) CloseBarrel dp_box_big_Grey
19:31:03: Player "[ONE] PORVINHA" (steam64id="76561198426990483" pos=<7872.96, 31.36, 7417.28>) OpenBarrel dp_box_big_Grey
19:31:07: Player "[ONE] PORVINHA" (steam64id="76561198426990483" pos=<7872.96, 31.36, 7417.28>) CloseBarrel dp_box_big_Grey
19:33:37: Player "[ONE] XxibahH" (steam64id="76561198165228070" pos=<7869.59, 31.91, 7414.94>) OpenBarrel dp_box_big_Grey
19:33:42: Player "[ONE] XxibahH" (steam64id="76561198165228070" pos=<7869.34, 31.88, 7415.31>) CloseBarrel dp_box_big_Grey
19:33:46: Player "[ONE] XxibahH" (steam64id="76561198165228070" pos=<7878.58, 31.29, 7417.77>) OpenBarrel dp_box_big_Grey
19:33:51: Player "[ONE] XxibahH" (steam64id="76561198165228070" pos=<7878.39, 31.29, 7417.75>) CloseBarrel dp_box_big_Grey
19:33:52: Player "[ONE] XxibahH" (steam64id="76561198165228070" pos=<7876.55, 31.32, 7417.64>) OpenBarrel dp_box_big_Grey
19:34:29: Player "[ONE] XxibahH" (steam64id="76561198165228070" pos=<7876.13, 31.34, 7417.19>) CloseBarrel dp_box_big_Grey
19:34:32: Player "[ONE] XxibahH" (steam64id="76561198165228070" pos=<7870.98, 31.41, 7416.55>) OpenBarrel dp_box_big_Grey
19:43:45: Player "[YKZ]-BlackBear" (steam64id="76561198343030820" pos=<11085.1, 41.80, 8426.14>) CloseBarrel dp_box_big_Olive
19:53:05: Player "[YKZ] Felps" (steam64id="76561198892779186" pos=<11084.4, 41.86, 8427.01>) OpenBarrel dp_box_big_Olive
19:53:10: Player "[YKZ] Felps" (steam64id="76561198892779186" pos=<11084.6, 41.86, 8427.12>) CloseBarrel dp_box_big_Olive
19:57:41: Player "[YKZ] chron1c" (steam64id="76561198205585613" pos=<11085.5, 41.36, 8427.64>) OpenBarrel dp_box_big_Olive
19:57:56: Player "[YKZ] chron1c" (steam64id="76561198205585613" pos=<11085.1, 41.97, 8426.06>) CloseBarrel dp_box_big_Olive
20:02:25: Player "[YKZ]-BlackBear" (steam64id="76561198343030820" pos=<11092.2, 4.25, 8425.99>) CloseBarrel dp_box_big_Brown
20:03:51: Player "ttuker" (steam64id="76561198971813376" pos=<6784.9, 14.74, 6874.74>) CloseBarrel dp_box_big_Brown
20:12:13: Player "[YKZ] chron1c" (steam64id="76561198205585613" pos=<11090.9, 31.61, 8419.59>) CloseBarrel dp_box_big_Olive
20:14:43: Player "[YKZ] chron1c" (steam64id="76561198205585613" pos=<11091.6, 31.61, 8419.28>) OpenBarrel dp_box_big_Olive
20:20:14: Player "Claudinha" (steam64id="76561198057660141" pos=<7551.27, 35.24, 7899.22>) OpenBarrel dp_box_big_Brown
20:27:57: Player "[YKZ] pedrobala" (steam64id="76561198046653521" pos=<10392.1, 17.68, 10611>) OpenBarrel dp_box_big_Grey
20:28:40: Player "Claudinha" (steam64id="76561198057660141" pos=<7550.85, 35.24, 7900.12>) CloseBarrel dp_box_big_Brown
20:28:41: Player "Claudinha" (steam64id="76561198057660141" pos=<7550.75, 35.24, 7899.76>) CloseBarrel dp_box_big_Brown
20:28:45: Player "[YKZ] pedrobala" (steam64id="76561198046653521" pos=<10391.3, 17.66, 10609.4>) OpenBarrel dp_box_big_Grey
20:28:49: Player "[YKZ] pedrobala" (steam64id="76561198046653521" pos=<10391.4, 17.65, 10609>) CloseBarrel dp_box_big_Grey
20:32:20: Player "[YKZ] pedrobala" (steam64id="76561198046653521" pos=<10392.1, 17.69, 10612.1>) CloseBarrel dp_box_big_Grey
20:33:49: Player "[YKZ] pedrobala" (steam64id="76561198046653521" pos=<10390, 17.65, 10611.7>) OpenBarrel dp_box_big_Grey
20:34:40: Player "[YKZ] pedrobala" (steam64id="76561198046653521" pos=<10388.4, 17.64, 10612.8>) CloseBarrel dp_box_big_Grey
20:39:23: Player "[YKZ] pedrobala" (steam64id="76561198046653521" pos=<10390.9, 17.65, 10609.4>) OpenBarrel dp_box_big_Grey
20:44:39: Player "[YKZ]-BlackBear" (steam64id="76561198343030820" pos=<11085.2, 41.36, 8427.52>) OpenBarrel dp_box_big_Olive
20:53:31: Player "[YKZ] pedrobala" (steam64id="76561198046653521" pos=<10390.8, 17.65, 10609.2>) CloseBarrel dp_box_big_Grey
20:58:17: Player "[YKZ] pedrobala" (steam64id="76561198046653521" pos=<10392.6, 17.68, 10610.3>) OpenBarrel dp_box_big_Grey
21:05:59: Player "[YKZ] pedrobala" (steam64id="76561198046653521" pos=<10390.9, 17.65, 10609.7>) OpenBarrel dp_box_big_Grey
21:06:00: Player "[YKZ] pedrobala" (steam64id="76561198046653521" pos=<10392.3, 17.67, 10609.8>) OpenBarrel dp_box_big_Grey
21:08:32: Player "[YKZ] pedrobala" (steam64id="76561198046653521" pos=<10389.7, 17.65, 10611.5>) OpenBarrel dp_box_big_Grey
21:13:54: Player "[YKZ] pedrobala" (steam64id="76561198046653521" pos=<10392.1, 17.67, 10609.6>) CloseBarrel dp_box_big_Grey
21:13:56: Player "[YKZ] pedrobala" (steam64id="76561198046653521" pos=<10391.6, 17.66, 10609.1>) OpenBarrel dp_box_big_Grey
21:13:59: Player "[YKZ] pedrobala" (steam64id="76561198046653521" pos=<10391, 17.65, 10608.8>) CloseBarrel dp_box_big_Grey
21:14:00: Player "[YKZ] pedrobala" (steam64id="76561198046653521" pos=<10392.3, 17.68, 10610.2>) CloseBarrel dp_box_big_Grey
21:14:08: Player "[YKZ] pedrobala" (steam64id="76561198046653521" pos=<10392.7, 17.69, 10611.1>) CloseBarrel dp_box_big_Grey
21:14:42: Player "[YKZ] pedrobala" (steam64id="76561198046653521" pos=<10389.6, 17.65, 10611.8>) CloseBarrel dp_box_big_Grey
21:14:43: Player "[YKZ] pedrobala" (steam64id="76561198046653521" pos=<10389.7, 17.64, 10610.7>) OpenBarrel dp_box_big_Grey
21:17:10: Player "[YKZ] Felps" (steam64id="76561198892779186" pos=<11086.5, 41.36, 8427.1>) OpenBarrel dp_box_big_Brown
21:17:12: Player "[YKZ] Felps" (steam64id="76561198892779186" pos=<11086.5, 41.36, 8427.1>) CloseBarrel dp_box_big_Brown
21:18:27: Player "[YKZ] Felps" (steam64id="76561198892779186" pos=<11085.6, 41.36, 8426.98>) CloseBarrel dp_box_big_Olive
21:18:28: Player "[YKZ] Felps" (steam64id="76561198892779186" pos=<11085.6, 41.36, 8426.98>) OpenBarrel dp_box_big_Olive
21:18:45: Player "[YKZ] chron1c" (steam64id="76561198205585613" pos=<11083.2, 4.21, 8430.84>) CloseBarrel dp_box_small_Olive
21:20:19: Player "[YKZ] pedrobala" (steam64id="76561198046653521" pos=<10389.7, 17.64, 10609.9>) CloseBarrel dp_box_big_Grey
21:20:44: Player "[YKZ] pedrobala" (steam64id="76561198046653521" pos=<10391, 17.66, 10610.1>) OpenBarrel dp_box_big_Grey
21:21:05: Player "[YKZ] pedrobala" (steam64id="76561198046653521" pos=<10392.5, 17.68, 10610.4>) OpenBarrel dp_box_big_Grey
21:21:07: Player "[YKZ] pedrobala" (steam64id="76561198046653521" pos=<10392.2, 17.68, 10611.1>) CloseBarrel dp_box_big_Grey
21:21:19: Player "[YKZ] pedrobala" (steam64id="76561198046653521" pos=<10391.1, 17.65, 10609.5>) CloseBarrel dp_box_big_Grey
21:21:21: Player "[YKZ] pedrobala" (steam64id="76561198046653521" pos=<10391.1, 17.65, 10609.5>) OpenBarrel dp_box_big_Grey
21:21:22: Player "[YKZ] pedrobala" (steam64id="76561198046653521" pos=<10391.1, 17.65, 10609.5>) CloseBarrel dp_box_big_Grey
21:21:44: Player "[YKZ] Felps" (steam64id="76561198892779186" pos=<11085.2, 42.07, 8425.88>) CloseBarrel dp_box_big_Olive
21:21:52: Player "[YKZ] pedrobala" (steam64id="76561198046653521" pos=<10391.8, 17.67, 10610.2>) OpenBarrel dp_box_big_Grey
21:22:08: Player "[YKZ] pedrobala" (steam64id="76561198046653521" pos=<10391.6, 17.66, 10609.7>) CloseBarrel dp_box_big_Grey
21:23:38: Player "[YKZ] chron1c" (steam64id="76561198205585613" pos=<11085.1, 41.36, 8427.69>) OpenBarrel dp_box_big_Olive
21:25:55: Player "[YKZ] pedrobala" (steam64id="76561198046653521" pos=<10390.8, 17.65, 10609.9>) OpenBarrel dp_box_big_Grey
21:26:03: Player "[YKZ] pedrobala" (steam64id="76561198046653521" pos=<10391, 17.66, 10609.8>) CloseBarrel dp_box_big_Grey
21:27:05: Player "[YKZ] pedrobala" (steam64id="76561198046653521" pos=<10387.5, 14.52, 10615.7>) OpenBarrel dp_box_big_Grey
21:27:38: Player "[YKZ] pedrobala" (steam64id="76561198046653521" pos=<10389.3, 17.64, 10611.4>) OpenBarrel dp_box_big_Grey
21:27:44: Player "[YKZ] pedrobala" (steam64id="76561198046653521" pos=<10389.7, 17.64, 10610.7>) OpenBarrel dp_box_big_Grey
21:28:54: Player "[YKZ] pedrobala" (steam64id="76561198046653521" pos=<10387.8, 14.53, 10616.4>) CloseBarrel dp_box_big_Grey
21:29:34: Player "[YKZ] pedrobala" (steam64id="76561198046653521" pos=<10389.2, 17.64, 10611.6>) CloseBarrel dp_box_big_Grey
21:29:53: Player "[YKZ] pedrobala" (steam64id="76561198046653521" pos=<10391.6, 17.66, 10609.8>) OpenBarrel dp_box_big_Grey
21:29:56: Player "[YKZ] pedrobala" (steam64id="76561198046653521" pos=<10392, 17.67, 10609.6>) CloseBarrel dp_box_big_Grey
22:06:36: Player "[YKZ] pedrobala" (steam64id="76561198046653521" pos=<10387.8, 14.52, 10615.9>) OpenBarrel dp_box_big_Grey
22:07:00: Player "[YKZ] pedrobala" (steam64id="76561198046653521" pos=<10387.6, 14.53, 10616.5>) CloseBarrel dp_box_big_Grey
22:08:28: Player "[YKZ] pedrobala" (steam64id="76561198046653521" pos=<10392.3, 17.67, 10609.7>) OpenBarrel dp_box_big_Grey
22:09:02: Player "[YKZ] pedrobala" (steam64id="76561198046653521" pos=<10392.3, 17.67, 10609.7>) CloseBarrel dp_box_big_Grey
22:09:35: Player "[YKZ] pedrobala" (steam64id="76561198046653521" pos=<10388, 14.53, 10616.6>) OpenBarrel dp_box_big_Grey
22:10:07: Player "[YKZ] pedrobala" (steam64id="76561198046653521" pos=<10387.8, 14.53, 10616.4>) CloseBarrel dp_box_big_Grey
22:10:23: Player "[YKZ] pedrobala" (steam64id="76561198046653521" pos=<10392, 17.67, 10609.8>) OpenBarrel dp_box_big_Grey
22:11:22: Player "[YKZ] pedrobala" (steam64id="76561198046653521" pos=<10391.9, 17.67, 10609.6>) CloseBarrel dp_box_big_Grey
22:12:33: Player "[YKZ] pedrobala" (steam64id="76561198046653521" pos=<10392.7, 17.68, 10610.1>) OpenBarrel dp_box_big_Grey
22:14:08: Player "[YKZ] pedrobala" (steam64id="76561198046653521" pos=<10392.2, 17.67, 10609.6>) CloseBarrel dp_box_big_Grey
22:14:40: Player "[YKZ] pedrobala" (steam64id="76561198046653521" pos=<10391.7, 17.66, 10609.6>) OpenBarrel dp_box_big_Grey
22:14:48: Player "[YKZ] pedrobala" (steam64id="76561198046653521" pos=<10392.4, 17.67, 10609.7>) CloseBarrel dp_box_big_Grey
22:15:07: Player "[YKZ] pedrobala" (steam64id="76561198046653521" pos=<10391, 17.65, 10609.8>) OpenBarrel dp_box_big_Grey
22:15:14: Player "[YKZ] pedrobala" (steam64id="76561198046653521" pos=<10391, 17.65, 10609>) CloseBarrel dp_box_big_Grey
22:15:18: Player "[YKZ] pedrobala" (steam64id="76561198046653521" pos=<10389.9, 17.65, 10611.5>) OpenBarrel dp_box_big_Grey
22:15:25: Player "[YKZ] pedrobala" (steam64id="76561198046653521" pos=<10389.5, 17.64, 10611.5>) CloseBarrel dp_box_big_Grey
22:18:20: Player "[YKZ] pedrobala" (steam64id="76561198046653521" pos=<10392.3, 17.67, 10609.9>) OpenBarrel dp_box_big_Grey
22:18:28: Player "[YKZ] pedrobala" (steam64id="76561198046653521" pos=<10392.3, 17.67, 10609.9>) CloseBarrel dp_box_big_Grey
22:19:23: Player "[YKZ] pedrobala" (steam64id="76561198046653521" pos=<10392.2, 17.67, 10609.5>) OpenBarrel dp_box_big_Grey
22:20:29: Player "[YKZ] pedrobala" (steam64id="76561198046653521" pos=<10392.2, 17.67, 10610>) CloseBarrel dp_box_big_Grey
22:20:43: Player "[YKZ] pedrobala" (steam64id="76561198046653521" pos=<10387.9, 14.53, 10616.2>) OpenBarrel dp_box_big_Grey
22:20:48: Player "[YKZ] pedrobala" (steam64id="76561198046653521" pos=<10387.8, 14.53, 10616.6>) CloseBarrel dp_box_big_Grey
22:23:23: Player "Fulber" (steam64id="76561198053443712" pos=<8337, 25.89, 6095.64>) OpenBarrel dp_box_small_Olive
22:23:48: Player "Spawn" (steam64id="76561198079935580" pos=<8337.74, 25.85, 6095.25>) CloseBarrel dp_box_small_Olive
22:57:13: Player "AlicinhaFerraz" (steam64id="76561199207813177" pos=<7551.17, 35.24, 7900.04>) OpenBarrel dp_box_big_Brown
23:04:14: Player "AlicinhaFerraz" (steam64id="76561199207813177" pos=<7561.25, 28.72, 7906.65>) CloseBarrel dp_box_big_Brown
23:05:16: Player "AlicinhaFerraz" (steam64id="76561199207813177" pos=<7554.56, 28.05, 7895.34>) CloseBarrel dp_box_big_Brown
23:06:40: Player "AlicinhaFerraz" (steam64id="76561199207813177" pos=<7553.09, 28.05, 7894.14>) CloseBarrel dp_box_big_Brown
23:06:55: Player "Fulber" (steam64id="76561198053443712" pos=<9732.48, 48.25, 6424.78>) OpenBarrel dp_box_big_Grey
23:07:22: Player "AlicinhaFerraz" (steam64id="76561199207813177" pos=<7551.65, 28.05, 7894.49>) CloseBarrel dp_box_big_Brown
23:09:33: Player "AlicinhaFerraz" (steam64id="76561199207813177" pos=<7562.58, 29.04, 7908.82>) OpenBarrel dp_box_big_Brown
23:09:36: Player "AlicinhaFerraz" (steam64id="76561199207813177" pos=<7562.54, 29.04, 7908.83>) OpenBarrel dp_box_big_Brown
23:10:04: Player "AlicinhaFerraz" (steam64id="76561199207813177" pos=<7562.19, 29.04, 7908.85>) CloseBarrel dp_box_big_Brown
23:10:16: Player "AlicinhaFerraz" (steam64id="76561199207813177" pos=<7562.41, 29.04, 7909.03>) OpenBarrel dp_box_big_Brown
23:10:44: Player "AlicinhaFerraz" (steam64id="76561199207813177" pos=<7562.53, 29.04, 7908.87>) CloseBarrel dp_box_big_Brown
23:10:46: Player "AlicinhaFerraz" (steam64id="76561199207813177" pos=<7563.16, 29.50, 7908.85>) OpenBarrel dp_box_big_Brown
23:10:51: Player "AlicinhaFerraz" (steam64id="76561199207813177" pos=<7563.16, 29.50, 7908.85>) OpenBarrel dp_box_big_Brown
23:11:36: Player "AlicinhaFerraz" (steam64id="76561199207813177" pos=<7551.46, 35.24, 7900.76>) CloseBarrel dp_box_big_Brown
23:11:37: Player "AlicinhaFerraz" (steam64id="76561199207813177" pos=<7550.87, 35.24, 7899.36>) OpenBarrel dp_box_big_Brown
23:11:43: Player "AlicinhaFerraz" (steam64id="76561199207813177" pos=<7551.35, 35.24, 7899.23>) OpenBarrel dp_box_big_Brown
23:11:45: Player "AlicinhaFerraz" (steam64id="76561199207813177" pos=<7551.35, 35.24, 7899.23>) CloseBarrel dp_box_big_Brown
23:11:46: Player "AlicinhaFerraz" (steam64id="76561199207813177" pos=<7551.07, 35.24, 7900.24>) CloseBarrel dp_box_big_Brown
23:13:43: Player "AlicinhaFerraz" (steam64id="76561199207813177" pos=<7562.3, 29.04, 7909.2>) CloseBarrel dp_box_big_Brown
23:13:47: Player "AlicinhaFerraz" (steam64id="76561199207813177" pos=<7562.3, 29.04, 7909.2>) CloseBarrel dp_box_big_Brown
23:13:58: Player "AlicinhaFerraz" (steam64id="76561199207813177" pos=<7561.17, 29.04, 7908.15>) OpenBarrel dp_box_big_Brown
23:14:00: Player "AlicinhaFerraz" (steam64id="76561199207813177" pos=<7561.17, 29.04, 7908.15>) CloseBarrel dp_box_big_Brown
23:14:19: Player "AlicinhaFerraz" (steam64id="76561199207813177" pos=<7560.93, 28.53, 7906.22>) OpenBarrel dp_box_big_Brown
23:16:40: Player "AlicinhaFerraz" (steam64id="76561199207813177" pos=<7560.97, 28.47, 7905.96>) CloseBarrel dp_box_big_Brown
23:20:14: Player "AlicinhaFerraz" (steam64id="76561199207813177" pos=<7562.9, 29.48, 7909.37>) CloseBarrel dp_box_big_Brown
23:22:40: Player "[YKZ] pedrobala" (steam64id="76561198046653521" pos=<10391.8, 17.67, 10609.8>) OpenBarrel dp_box_big_Grey
23:23:30: Player "[YKZ] pedrobala" (steam64id="76561198046653521" pos=<10390.7, 17.65, 10609.3>) OpenBarrel dp_box_big_Grey
23:25:20: Player "AlicinhaFerraz" (steam64id="76561199207813177" pos=<7564.07, 30.00, 7908.25>) OpenBarrel dp_box_big_Brown
23:25:30: Player "AlicinhaFerraz" (steam64id="76561199207813177" pos=<7564.14, 30.00, 7908.25>) OpenBarrel dp_box_big_Brown
23:25:37: Player "AlicinhaFerraz" (steam64id="76561199207813177" pos=<7562.38, 29.04, 7908.9>) OpenBarrel dp_box_big_Brown
23:25:43: Player "AlicinhaFerraz" (steam64id="76561199207813177" pos=<7562.54, 29.04, 7908.95>) CloseBarrel dp_box_big_Brown
23:25:59: Player "AlicinhaFerraz" (steam64id="76561199207813177" pos=<7562.48, 29.04, 7908.81>) CloseBarrel dp_box_big_Brown
23:26:08: Player "AlicinhaFerraz" (steam64id="76561199207813177" pos=<7562.15, 29.04, 7908.7>) OpenBarrel dp_box_big_Brown
23:26:14: Player "AlicinhaFerraz" (steam64id="76561199207813177" pos=<7562.15, 29.04, 7908.7>) CloseBarrel dp_box_big_Brown
23:26:16: Player "AlicinhaFerraz" (steam64id="76561199207813177" pos=<7562.65, 29.48, 7908.74>) OpenBarrel dp_box_big_Brown
23:26:24: Player "AlicinhaFerraz" (steam64id="76561199207813177" pos=<7563, 29.50, 7908.7>) CloseBarrel dp_box_big_Brown
23:27:09: Player "[YKZ] pedrobala" (steam64id="76561198046653521" pos=<10392.2, 17.67, 10609.5>) CloseBarrel dp_box_big_Grey
23:27:19: Player "[YKZ] pedrobala" (steam64id="76561198046653521" pos=<10391.2, 17.66, 10609.3>) CloseBarrel dp_box_big_Grey
23:27:27: Player "[YKZ] pedrobala" (steam64id="76561198046653521" pos=<10389.2, 17.65, 10612.1>) OpenBarrel dp_box_big_Grey
23:27:55: Player "AlicinhaFerraz" (steam64id="76561199207813177" pos=<7563.17, 29.50, 7908.49>) OpenBarrel dp_box_big_Brown
23:27:59: Player "AlicinhaFerraz" (steam64id="76561199207813177" pos=<7563.17, 29.50, 7908.49>) CloseBarrel dp_box_big_Brown
23:28:13: Player "AlicinhaFerraz" (steam64id="76561199207813177" pos=<7562.43, 29.04, 7909.01>) OpenBarrel dp_box_big_Brown
23:28:17: Player "AlicinhaFerraz" (steam64id="76561199207813177" pos=<7562.43, 29.04, 7909.01>) CloseBarrel dp_box_big_Brown
23:28:19: Player "AlicinhaFerraz" (steam64id="76561199207813177" pos=<7563.07, 29.50, 7908.76>) OpenBarrel dp_box_big_Brown
23:28:54: Player "[YKZ] pedrobala" (steam64id="76561198046653521" pos=<10392.1, 17.67, 10609.7>) OpenBarrel dp_box_big_Grey
23:31:14: Player "[YKZ] pedrobala" (steam64id="76561198046653521" pos=<10388, 14.53, 10616.4>) OpenBarrel dp_box_big_Grey
23:31:36: Player "[YKZ] pedrobala" (steam64id="76561198046653521" pos=<10387.9, 14.53, 10616.3>) CloseBarrel dp_box_big_Grey
23:32:33: Player "[YKZ] pedrobala" (steam64id="76561198046653521" pos=<10388, 14.53, 10616.4>) OpenBarrel dp_box_big_Grey
23:34:00: Player "[YKZ] pedrobala" (steam64id="76561198046653521" pos=<10387.5, 14.52, 10616.3>) CloseBarrel dp_box_big_Grey
23:35:23: Player "[YKZ] pedrobala" (steam64id="76561198046653521" pos=<10392.2, 17.67, 10609.5>) CloseBarrel dp_box_big_Grey
23:37:26: Player "AlicinhaFerraz" (steam64id="76561199207813177" pos=<7562.08, 29.04, 7907.64>) OpenBarrel dp_box_big_Brown
23:37:35: Player "AlicinhaFerraz" (steam64id="76561199207813177" pos=<7563.76, 29.04, 7907.54>) OpenBarrel dp_box_big_Brown
23:37:47: Player "Duerowww" (steam64id="76561198259492425" pos=<7390.29, 31.55, 8202.91>) OpenBarrel dp_box_big_Tan
23:37:48: Player "Duerowww" (steam64id="76561198259492425" pos=<7390.29, 31.55, 8202.91>) OpenBarrel dp_box_small_Brown
23:37:53: Player "AlicinhaFerraz" (steam64id="76561199207813177" pos=<7562.68, 29.01, 7907.31>) CloseBarrel dp_box_big_Brown
23:37:54: Player "AlicinhaFerraz" (steam64id="76561199207813177" pos=<7562.68, 29.01, 7907.31>) OpenBarrel dp_box_big_Brown
23:38:08: Player "AlicinhaFerraz" (steam64id="76561199207813177" pos=<7562.84, 28.88, 7907.02>) CloseBarrel dp_box_big_Brown
23:38:24: Player "AlicinhaFerraz" (steam64id="76561199207813177" pos=<7563.16, 29.04, 7907.51>) CloseBarrel dp_box_big_Brown
23:38:27: Player "AlicinhaFerraz" (steam64id="76561199207813177" pos=<7563.19, 29.04, 7907.78>) CloseBarrel dp_box_big_Brown
23:38:29: Player "AlicinhaFerraz" (steam64id="76561199207813177" pos=<7563.19, 29.04, 7907.78>) OpenBarrel dp_box_big_Brown
23:38:56: Player "AlicinhaFerraz" (steam64id="76561199207813177" pos=<7562.99, 28.99, 7907.39>) OpenBarrel dp_box_big_Brown
23:39:03: Player "AlicinhaFerraz" (steam64id="76561199207813177" pos=<7563.04, 28.87, 7907.03>) CloseBarrel dp_box_big_Brown
23:39:05: Player "Duerowww" (steam64id="76561198259492425" pos=<7390.2, 31.55, 8202.36>) CloseBarrel dp_box_small_Brown
23:39:06: Player "Duerowww" (steam64id="76561198259492425" pos=<7390.2, 31.55, 8202.36>) CloseBarrel dp_box_big_Tan
23:39:10: Player "AlicinhaFerraz" (steam64id="76561199207813177" pos=<7560.98, 29.04, 7907.91>) OpenBarrel dp_box_big_Brown
23:39:13: Player "AlicinhaFerraz" (steam64id="76561199207813177" pos=<7561, 29.02, 7907.65>) CloseBarrel dp_box_big_Brown
23:39:15: Player "AlicinhaFerraz" (steam64id="76561199207813177" pos=<7563.21, 28.77, 7906.73>) OpenBarrel dp_box_big_Brown
23:39:18: Player "AlicinhaFerraz" (steam64id="76561199207813177" pos=<7563.21, 28.77, 7906.73>) CloseBarrel dp_box_big_Brown
23:39:29: Player "AlicinhaFerraz" (steam64id="76561199207813177" pos=<7563.46, 29.04, 7908.38>) CloseBarrel dp_box_big_Brown
23:39:38: Player "AlicinhaFerraz" (steam64id="76561199207813177" pos=<7561.28, 29.04, 7907.83>) OpenBarrel dp_box_big_Brown
23:42:56: Player "AlicinhaFerraz" (steam64id="76561199207813177" pos=<7560.61, 29.01, 7907.55>) CloseBarrel dp_box_big_Brown
23:44:19: Player "AlicinhaFerraz" (steam64id="76561199207813177" pos=<7562.28, 28.84, 7906.98>) OpenBarrel dp_box_big_Brown
23:44:24: Player "AlicinhaFerraz" (steam64id="76561199207813177" pos=<7562.49, 28.72, 7906.62>) CloseBarrel dp_box_big_Brown
23:47:15: Player "AlicinhaFerraz" (steam64id="76561199207813177" pos=<7561.74, 29.04, 7908.69>) OpenBarrel dp_box_big_Brown
23:47:19: Player "AlicinhaFerraz" (steam64id="76561199207813177" pos=<7561.74, 29.04, 7908.69>) CloseBarrel dp_box_big_Brown
23:47:20: Player "AlicinhaFerraz" (steam64id="76561199207813177" pos=<7562.42, 29.46, 7908.81>) OpenBarrel dp_box_big_Brown
23:48:21: Player "AlicinhaFerraz" (steam64id="76561199207813177" pos=<7562.09, 29.04, 7909.3>) CloseBarrel dp_box_big_Brown
23:51:34: Player "AlicinhaFerraz" (steam64id="76561199207813177" pos=<7551.28, 35.24, 7900.24>) OpenBarrel dp_box_big_Brown
23:51:43: Player "[YKZ] pedrobala" (steam64id="76561198046653521" pos=<10392.4, 17.67, 10609.7>) OpenBarrel dp_box_big_Grey
23:52:00: Player "AlicinhaFerraz" (steam64id="76561199207813177" pos=<7551.51, 35.24, 7900.7>) CloseBarrel dp_box_big_Brown
23:52:15: Player "[YKZ] pedrobala" (steam64id="76561198046653521" pos=<10392, 17.67, 10609.7>) CloseBarrel dp_box_big_Grey
23:52:27: Player "[YKZ]-BlackBear" (steam64id="76561198343030820" pos=<10392.2, 17.67, 10610>) OpenBarrel dp_box_big_Grey
23:52:33: Player "[YKZ]-BlackBear" (steam64id="76561198343030820" pos=<10392.5, 17.67, 10609.7>) CloseBarrel dp_box_big_Grey
23:52:35: Player "[YKZ]-BlackBear" (steam64id="76561198343030820" pos=<10392.5, 17.67, 10609.7>) OpenBarrel dp_box_big_Grey
23:52:39: Player "[YKZ]-BlackBear" (steam64id="76561198343030820" pos=<10392.5, 17.67, 10609.7>) CloseBarrel dp_box_big_Grey
23:52:57: Player "[YKZ] pedrobala" (steam64id="76561198046653521" pos=<10388, 14.53, 10616>) OpenBarrel dp_box_big_Grey
23:53:01: Player "[YKZ]-BlackBear" (steam64id="76561198343030820" pos=<10389, 17.64, 10612.1>) CloseBarrel dp_box_big_Grey
23:53:46: Player "[YKZ] pedrobala" (steam64id="76561198046653521" pos=<10387.3, 14.51, 10615.7>) CloseBarrel dp_box_big_Grey
23:54:35: Player "[YKZ] pedrobala" (steam64id="76561198046653521" pos=<10391.5, 17.66, 10609.9>) OpenBarrel dp_box_big_Grey
23:54:46: Player "[YKZ] pedrobala" (steam64id="76561198046653521" pos=<10392.2, 17.67, 10609.4>) CloseBarrel dp_box_big_Grey
