00:08:36: Player "[YKZ]-BlackBear" (steam64id="76561198343030820" pos=<11085.4, 41.36, 8427.96>) OpenBarrel dp_box_big_Olive
01:04:46: Player "Duerowww" (steam64id="76561198259492425" pos=<7390.59, 31.55, 8203.07>) OpenBarrel dp_box_small_Brown
01:06:04: Player "[YKZ] Emissarius" (steam64id="76561198271087379" pos=<10390, 17.65, 10610.7>) OpenBarrel dp_box_big_Grey
01:06:06: Player "tappes" (steam64id="76561198990092287" pos=<10392.4, 17.68, 10610.6>) OpenBarrel dp_box_big_Grey
01:06:07: Player "tappes" (steam64id="76561198990092287" pos=<10392.5, 17.68, 10610>) CloseBarrel dp_box_big_Grey
01:06:08: Player "tappes" (steam64id="76561198990092287" pos=<10391.7, 17.66, 10609.3>) OpenBarrel dp_box_big_Grey
01:06:10: Player "tappes" (steam64id="76561198990092287" pos=<10391.7, 17.66, 10609.3>) CloseBarrel dp_box_big_Grey
01:06:18: Player "[YKZ] Emissarius" (steam64id="76561198271087379" pos=<10392.1, 17.67, 10609.9>) OpenBarrel dp_box_big_Grey
01:06:30: Player "[YKZ] Emissarius" (steam64id="76561198271087379" pos=<10391.3, 17.65, 10608.9>) OpenBarrel dp_box_big_Grey
01:06:59: Player "Duerowww" (steam64id="76561198259492425" pos=<7389.88, 32.06, 8202.6>) CloseBarrel dp_box_small_Brown
01:07:00: Player "Duerowww" (steam64id="76561198259492425" pos=<7389.74, 32.00, 8201.67>) OpenBarrel dp_box_big_Tan
01:07:04: Player "Duerowww" (steam64id="76561198259492425" pos=<7389.74, 32.00, 8201.67>) CloseBarrel dp_box_big_Tan
01:07:07: Player "Duerowww" (steam64id="76561198259492425" pos=<7389.88, 31.55, 8200.56>) OpenBarrel dp_box_big_Brown
01:07:11: Player "Duerowww" (steam64id="76561198259492425" pos=<7389.76, 31.55, 8200.13>) CloseBarrel dp_box_big_Brown
01:08:13: Player "Duerowww" (steam64id="76561198259492425" pos=<7390.55, 31.55, 8201.26>) OpenBarrel dp_box_big_Tan
01:08:36: Player "[YKZ] pedrobala" (steam64id="76561198046653521" pos=<10387, 14.99, 10617>) OpenBarrel dp_box_big_Grey
01:08:40: Player "[YKZ] pedrobala" (steam64id="76561198046653521" pos=<10387, 14.99, 10617>) CloseBarrel dp_box_big_Grey
01:08:50: Player "[YKZ] Emissarius" (steam64id="76561198271087379" pos=<10387.5, 14.52, 10615.5>) OpenBarrel dp_box_big_Grey
01:09:47: Player "[YKZ] pedrobala" (steam64id="76561198046653521" pos=<10389.5, 17.64, 10611.6>) CloseBarrel dp_box_big_Grey
01:09:52: Player "[YKZ] pedrobala" (steam64id="76561198046653521" pos=<10391.2, 17.65, 10609.1>) CloseBarrel dp_box_big_Grey
01:10:34: Player "[YKZ] Emissarius" (steam64id="76561198271087379" pos=<10390.9, 17.65, 10609.3>) OpenBarrel dp_box_big_Grey
01:10:35: Player "[YKZ]-BlackBear" (steam64id="76561198343030820" pos=<10387.1, 14.52, 10616.3>) CloseBarrel dp_box_big_Grey
01:10:39: Player "[YKZ] pedrobala" (steam64id="76561198046653521" pos=<10392.7, 17.68, 10610>) CloseBarrel dp_box_big_Grey
01:11:32: Player "[YKZ] pedrobala" (steam64id="76561198046653521" pos=<10392.6, 17.68, 10609.8>) OpenBarrel dp_box_big_Grey
01:11:38: Player "[YKZ] pedrobala" (steam64id="76561198046653521" pos=<10392.6, 17.68, 10609.8>) CloseBarrel dp_box_big_Grey
01:11:46: Player "[YKZ] pedrobala" (steam64id="76561198046653521" pos=<10391, 17.65, 10609.1>) CloseBarrel dp_box_big_Grey
01:14:35: Player "ttuker" (steam64id="76561198971813376" pos=<7390.17, 31.55, 8202.61>) OpenBarrel dp_box_small_Brown
01:16:17: Player "Duerowww" (steam64id="76561198259492425" pos=<7390, 31.55, 8199.71>) OpenBarrel dp_box_big_Brown
01:17:46: Player "[YKZ] pedrobala" (steam64id="76561198046653521" pos=<10392.1, 17.67, 10609.3>) OpenBarrel dp_box_big_Grey
01:18:01: Player "[YKZ] Emissarius" (steam64id="76561198271087379" pos=<10391.6, 17.66, 10609.5>) OpenBarrel dp_box_big_Grey
01:18:55: Player "[YKZ] pedrobala" (steam64id="76561198046653521" pos=<10392.6, 17.68, 10609.7>) CloseBarrel dp_box_big_Grey
01:18:56: Player "[YKZ] pedrobala" (steam64id="76561198046653521" pos=<10391.6, 17.66, 10609.3>) CloseBarrel dp_box_big_Grey
01:18:58: Player "[YKZ] pedrobala" (steam64id="76561198046653521" pos=<10390.7, 17.64, 10608.8>) OpenBarrel dp_box_big_Grey
01:19:01: Player "[YKZ] pedrobala" (steam64id="76561198046653521" pos=<10390.7, 17.64, 10608.8>) CloseBarrel dp_box_big_Grey
01:19:04: Player "[YKZ] pedrobala" (steam64id="76561198046653521" pos=<10389.6, 17.64, 10611.3>) OpenBarrel dp_box_big_Grey
01:19:19: Player "[YKZ] pedrobala" (steam64id="76561198046653521" pos=<10389.6, 17.64, 10611.3>) CloseBarrel dp_box_big_Grey
01:19:23: Player "[YKZ] pedrobala" (steam64id="76561198046653521" pos=<10392.5, 17.68, 10609.8>) OpenBarrel dp_box_big_Grey
01:19:30: Player "[YKZ] pedrobala" (steam64id="76561198046653521" pos=<10392.5, 17.68, 10609.8>) CloseBarrel dp_box_big_Grey
01:19:34: Player "[YKZ] pedrobala" (steam64id="76561198046653521" pos=<10389.8, 17.65, 10611.7>) OpenBarrel dp_box_big_Grey
01:20:35: Player "[YKZ] pedrobala" (steam64id="76561198046653521" pos=<10389.2, 17.64, 10612.3>) CloseBarrel dp_box_big_Grey
01:22:03: Player "[YKZ] Emissarius" (steam64id="76561198271087379" pos=<10389.4, 17.65, 10611.8>) OpenBarrel dp_box_big_Grey
01:22:05: Player "[YKZ] Emissarius" (steam64id="76561198271087379" pos=<10391, 17.65, 10609.7>) OpenBarrel dp_box_big_Grey
01:22:08: Player "[YKZ] Emissarius" (steam64id="76561198271087379" pos=<10391.2, 17.65, 10609.3>) OpenBarrel dp_box_big_Grey
01:23:21: Player "[YKZ] pedrobala" (steam64id="76561198046653521" pos=<10392.5, 17.68, 10610>) CloseBarrel dp_box_big_Grey
01:23:24: Player "[YKZ] pedrobala" (steam64id="76561198046653521" pos=<10390.4, 17.64, 10609>) CloseBarrel dp_box_big_Grey
01:24:08: Player "Duerowww" (steam64id="76561198259492425" pos=<7390.28, 31.55, 8202.71>) CloseBarrel dp_box_big_Tan
01:24:18: Player "Duerowww" (steam64id="76561198259492425" pos=<7390.09, 31.55, 8202.06>) OpenBarrel dp_box_big_Tan
01:24:20: Player "Duerowww" (steam64id="76561198259492425" pos=<7390.09, 31.55, 8202.06>) CloseBarrel dp_box_big_Tan
01:24:35: Player "ttuker" (steam64id="76561198971813376" pos=<7390.04, 31.55, 8201.17>) OpenBarrel dp_box_big_Tan
01:27:32: Player "ttuker" (steam64id="76561198971813376" pos=<7389.99, 31.55, 8202.11>) CloseBarrel dp_box_big_Tan
01:27:34: Player "ttuker" (steam64id="76561198971813376" pos=<7389.99, 31.55, 8202.11>) CloseBarrel dp_box_small_Brown
01:27:35: Player "ttuker" (steam64id="76561198971813376" pos=<7389.63, 31.55, 8200.67>) CloseBarrel dp_box_big_Brown
01:28:04: Player "[YKZ] Emissarius" (steam64id="76561198271087379" pos=<10387.9, 14.99, 10617.9>) OpenBarrel dp_box_big_Grey
01:31:04: Player "[YKZ] pedrobala" (steam64id="76561198046653521" pos=<10387.5, 14.52, 10616>) CloseBarrel dp_box_big_Grey
01:31:28: Player "[YKZ] pedrobala" (steam64id="76561198046653521" pos=<10391.9, 17.67, 10609.6>) OpenBarrel dp_box_big_Grey
01:31:35: Player "[YKZ] pedrobala" (steam64id="76561198046653521" pos=<10391.9, 17.67, 10609.6>) CloseBarrel dp_box_big_Grey
01:31:36: Player "[YKZ] pedrobala" (steam64id="76561198046653521" pos=<10391, 17.65, 10608.9>) OpenBarrel dp_box_big_Grey
01:31:39: Player "[YKZ] pedrobala" (steam64id="76561198046653521" pos=<10391, 17.65, 10608.9>) CloseBarrel dp_box_big_Grey
01:31:42: Player "[YKZ] pedrobala" (steam64id="76561198046653521" pos=<10389.3, 17.64, 10611.3>) CloseBarrel dp_box_big_Grey
01:31:43: Player "[YKZ] pedrobala" (steam64id="76561198046653521" pos=<10389.3, 17.64, 10611.3>) OpenBarrel dp_box_big_Grey
01:32:27: Player "[YKZ] pedrobala" (steam64id="76561198046653521" pos=<10389.3, 17.64, 10611.3>) CloseBarrel dp_box_big_Grey
01:35:19: Player "[YKZ] pedrobala" (steam64id="76561198046653521" pos=<10392.3, 17.67, 10609.8>) OpenBarrel dp_box_big_Grey
01:35:21: Player "[YKZ] pedrobala" (steam64id="76561198046653521" pos=<10392.5, 17.67, 10609.5>) CloseBarrel dp_box_big_Grey
01:35:24: Player "[YKZ] pedrobala" (steam64id="76561198046653521" pos=<10389.6, 17.65, 10611.8>) OpenBarrel dp_box_big_Grey
01:35:40: Player "[YKZ] pedrobala" (steam64id="76561198046653521" pos=<10389.1, 17.64, 10611.8>) CloseBarrel dp_box_big_Grey
01:36:08: Player "[YKZ] pedrobala" (steam64id="76561198046653521" pos=<10392.2, 17.67, 10609.9>) OpenBarrel dp_box_big_Grey
01:37:48: Player "[YKZ] pedrobala" (steam64id="76561198046653521" pos=<10392.3, 17.67, 10609.7>) CloseBarrel dp_box_big_Grey
01:38:07: Player "[YKZ] pedrobala" (steam64id="76561198046653521" pos=<10389.5, 17.64, 10611.5>) OpenBarrel dp_box_big_Grey
01:38:36: Player "[YKZ] pedrobala" (steam64id="76561198046653521" pos=<10389.6, 17.65, 10612>) CloseBarrel dp_box_big_Grey
01:39:37: Player "[YKZ] pedrobala" (steam64id="76561198046653521" pos=<10392.2, 17.67, 10609.9>) OpenBarrel dp_box_big_Grey
01:39:55: Player "[YKZ] pedrobala" (steam64id="76561198046653521" pos=<10392.2, 17.67, 10609.9>) CloseBarrel dp_box_big_Grey
01:40:09: Player "[YKZ] pedrobala" (steam64id="76561198046653521" pos=<10389.6, 17.64, 10611.1>) OpenBarrel dp_box_big_Grey
01:41:01: Player "[YKZ] pedrobala" (steam64id="76561198046653521" pos=<10389.1, 17.64, 10611.9>) CloseBarrel dp_box_big_Grey
01:41:40: Player "[YKZ]-BlackBear" (steam64id="76561198343030820" pos=<11086, 41.36, 8427.57>) OpenBarrel dp_box_big_Olive
01:41:43: Player "[YKZ]-BlackBear" (steam64id="76561198343030820" pos=<11085.5, 41.36, 8427.72>) OpenBarrel dp_box_big_Brown
01:41:45: Player "[YKZ]-BlackBear" (steam64id="76561198343030820" pos=<11085.5, 41.36, 8427.72>) OpenBarrel dp_box_big_Brown
01:42:20: Player "[YKZ] pedrobala" (steam64id="76561198046653521" pos=<10392.2, 17.67, 10609.8>) OpenBarrel dp_box_big_Grey
01:42:24: Player "[YKZ] pedrobala" (steam64id="76561198046653521" pos=<10392.2, 17.67, 10609.8>) CloseBarrel dp_box_big_Grey
01:42:59: Player "[YKZ] pedrobala" (steam64id="76561198046653521" pos=<10392.6, 17.68, 10610.1>) OpenBarrel dp_box_big_Grey
01:43:18: Player "[YKZ]-BlackBear" (steam64id="76561198343030820" pos=<11085.3, 41.36, 8428.49>) CloseBarrel dp_box_big_Olive
01:43:20: Player "[YKZ]-BlackBear" (steam64id="76561198343030820" pos=<11085.3, 41.36, 8428.49>) CloseBarrel dp_box_big_Brown
01:43:22: Player "[YKZ]-BlackBear" (steam64id="76561198343030820" pos=<11085.8, 41.36, 8427.82>) CloseBarrel dp_box_big_Olive
01:43:24: Player "[YKZ]-BlackBear" (steam64id="76561198343030820" pos=<11085.8, 41.36, 8427.82>) CloseBarrel dp_box_big_Brown
01:43:59: Player "[YKZ] pedrobala" (steam64id="76561198046653521" pos=<10391.9, 17.67, 10609.9>) CloseBarrel dp_box_big_Grey
01:50:21: Player "[YKZ] Emissarius" (steam64id="76561198271087379" pos=<11082.6, 41.83, 8421.49>) CloseBarrel dp_box_small_Brown
01:50:23: Player "[YKZ] Emissarius" (steam64id="76561198271087379" pos=<11082.6, 41.85, 8421.49>) CloseBarrel dp_box_small_Brown
01:51:05: Player "[YKZ] Emissarius" (steam64id="76561198271087379" pos=<11085.8, 41.36, 8427.57>) OpenBarrel dp_box_big_Olive
01:51:07: Player "[YKZ] Emissarius" (steam64id="76561198271087379" pos=<11085.4, 41.36, 8427>) OpenBarrel dp_box_big_Brown
01:51:08: Player "[YKZ] Emissarius" (steam64id="76561198271087379" pos=<11085.6, 41.36, 8427.26>) OpenBarrel dp_box_big_Brown
01:51:23: Player "[YKZ] Emissarius" (steam64id="76561198271087379" pos=<11085.4, 41.36, 8427.24>) OpenBarrel dp_box_big_Olive
01:54:53: Player "[YKZ] Emissarius" (steam64id="76561198271087379" pos=<11080.8, 41.37, 8422.58>) OpenBarrel dp_box_small_Brown
01:54:56: Player "[YKZ] Emissarius" (steam64id="76561198271087379" pos=<11081.8, 41.37, 8421.76>) OpenBarrel dp_box_small_Brown
02:50:09: Player "[YKZ]-BlackBear" (steam64id="76561198343030820" pos=<11085.2, 41.36, 8427.8>) CloseBarrel dp_box_big_Olive
02:50:11: Player "[YKZ]-BlackBear" (steam64id="76561198343030820" pos=<11085.2, 41.36, 8427.8>) CloseBarrel dp_box_big_Brown
02:50:12: Player "[YKZ]-BlackBear" (steam64id="76561198343030820" pos=<11085.8, 41.36, 8427.67>) CloseBarrel dp_box_big_Olive
02:50:18: Player "[YKZ]-BlackBear" (steam64id="76561198343030820" pos=<11085.4, 41.36, 8427.42>) CloseBarrel dp_box_big_Brown
02:50:21: Player "[YKZ] Emissarius" (steam64id="76561198271087379" pos=<11082.2, 41.37, 8419.94>) CloseBarrel dp_box_big_Tan
02:50:24: Player "[YKZ] Emissarius" (steam64id="76561198271087379" pos=<11080.8, 41.37, 8422.76>) CloseBarrel dp_box_small_Brown
02:50:26: Player "[YKZ] Emissarius" (steam64id="76561198271087379" pos=<11080.8, 41.37, 8422.23>) CloseBarrel dp_box_small_Brown
02:50:27: Player "[YKZ] Emissarius" (steam64id="76561198271087379" pos=<11080.3, 41.37, 8423.93>) CloseBarrel dp_box_big_Brown
08:18:17: Player "Duerowww" (steam64id="76561198259492425" pos=<7390.29, 31.55, 8200.34>) OpenBarrel dp_box_big_Brown
08:18:19: Player "Duerowww" (steam64id="76561198259492425" pos=<7390.78, 31.55, 8201.12>) OpenBarrel dp_box_big_Tan
08:18:43: Player "Duerowww" (steam64id="76561198259492425" pos=<7390.56, 31.55, 8202.06>) CloseBarrel dp_box_big_Tan
08:19:54: Player "Duerowww" (steam64id="76561198259492425" pos=<7390.23, 31.55, 8202.13>) OpenBarrel dp_box_big_Tan
08:19:56: Player "Duerowww" (steam64id="76561198259492425" pos=<7390.23, 31.55, 8202.13>) CloseBarrel dp_box_big_Tan
08:19:57: Player "Duerowww" (steam64id="76561198259492425" pos=<7390.23, 31.55, 8202.81>) OpenBarrel dp_box_small_Brown
08:23:14: Player "Duerowww" (steam64id="76561198259492425" pos=<7390.14, 31.55, 8203.57>) CloseBarrel dp_box_small_Brown
08:24:40: Player "Duerowww" (steam64id="76561198259492425" pos=<7390.09, 31.55, 8200.28>) CloseBarrel dp_box_big_Brown
08:24:41: Player "Duerowww" (steam64id="76561198259492425" pos=<7389.87, 31.55, 8201.43>) OpenBarrel dp_box_big_Tan
08:26:14: Player "Duerowww" (steam64id="76561198259492425" pos=<7389.87, 31.55, 8201.43>) CloseBarrel dp_box_big_Tan
08:26:44: Player "Duerowww" (steam64id="76561198259492425" pos=<7389.9, 32.04, 8202.8>) OpenBarrel dp_box_small_Brown
08:27:03: Player "Duerowww" (steam64id="76561198259492425" pos=<7389.98, 31.97, 8202.78>) CloseBarrel dp_box_small_Brown
08:27:05: Player "Duerowww" (steam64id="76561198259492425" pos=<7389.55, 31.55, 8199.84>) OpenBarrel dp_box_big_Brown
08:27:07: Player "Duerowww" (steam64id="76561198259492425" pos=<7390.33, 31.55, 8201.32>) OpenBarrel dp_box_big_Tan
08:27:33: Player "Duerowww" (steam64id="76561198259492425" pos=<7390.13, 31.55, 8201.53>) CloseBarrel dp_box_big_Tan
08:34:36: Player "Duerowww" (steam64id="76561198259492425" pos=<7390.53, 31.55, 8202.51>) OpenBarrel dp_box_small_Brown
08:36:14: Player "Duerowww" (steam64id="76561198259492425" pos=<7389.8, 31.55, 8200.11>) CloseBarrel dp_box_big_Brown
08:36:15: Player "Duerowww" (steam64id="76561198259492425" pos=<7390.17, 31.55, 8202.23>) CloseBarrel dp_box_small_Brown
08:36:16: Player "Duerowww" (steam64id="76561198259492425" pos=<7390.17, 31.55, 8202.23>) OpenBarrel dp_box_big_Tan
08:36:21: Player "Duerowww" (steam64id="76561198259492425" pos=<7390.17, 31.55, 8202.23>) CloseBarrel dp_box_big_Tan
08:37:02: Player "Duerowww" (steam64id="76561198259492425" pos=<7390.13, 31.55, 8201.27>) OpenBarrel dp_box_big_Tan
08:37:46: Player "Duerowww" (steam64id="76561198259492425" pos=<7390.26, 31.55, 8201.59>) CloseBarrel dp_box_big_Tan
09:20:35: Player "Duerowww" (steam64id="76561198259492425" pos=<7390.51, 31.55, 8202.43>) OpenBarrel dp_box_small_Brown
09:21:15: Player "Duerowww" (steam64id="76561198259492425" pos=<7390.51, 31.55, 8202.43>) CloseBarrel dp_box_small_Brown
09:21:17: Player "Duerowww" (steam64id="76561198259492425" pos=<7389.59, 31.55, 8200.43>) OpenBarrel dp_box_big_Brown
09:21:23: Player "Duerowww" (steam64id="76561198259492425" pos=<7389.59, 31.55, 8200.43>) CloseBarrel dp_box_big_Brown
09:22:34: Player "Duerowww" (steam64id="76561198259492425" pos=<7389.82, 31.55, 8200.46>) OpenBarrel dp_box_big_Brown
09:23:03: Player "Duerowww" (steam64id="76561198259492425" pos=<7390.09, 31.55, 8202.35>) OpenBarrel dp_box_small_Brown
09:23:08: Player "Duerowww" (steam64id="76561198259492425" pos=<7390.09, 31.55, 8202.35>) CloseBarrel dp_box_small_Brown
09:25:33: Player "Duerowww" (steam64id="76561198259492425" pos=<7389.98, 31.55, 8201.62>) OpenBarrel dp_box_big_Tan
09:25:35: Player "Duerowww" (steam64id="76561198259492425" pos=<7390, 31.55, 8201.62>) CloseBarrel dp_box_big_Tan
09:25:36: Player "Duerowww" (steam64id="76561198259492425" pos=<7390.13, 31.55, 8202.5>) OpenBarrel dp_box_small_Brown
09:25:50: Player "Duerowww" (steam64id="76561198259492425" pos=<7390.29, 31.55, 8202.82>) CloseBarrel dp_box_small_Brown
09:35:15: Player "Duerowww" (steam64id="76561198259492425" pos=<7390, 31.55, 8202.37>) OpenBarrel dp_box_small_Brown
10:51:52: Player "Duerowww" (steam64id="76561198259492425" pos=<7927.66, 35.60, 6109.03>) OpenBarrel dp_box_big_Tan
10:51:57: Player "Duerowww" (steam64id="76561198259492425" pos=<7927.66, 35.61, 6109.03>) CloseBarrel dp_box_big_Tan
10:51:58: Player "Duerowww" (steam64id="76561198259492425" pos=<7927.66, 35.61, 6109.03>) OpenBarrel dp_box_big_Tan
10:51:59: Player "Duerowww" (steam64id="76561198259492425" pos=<7927.66, 35.61, 6109.03>) CloseBarrel dp_box_big_Tan
10:54:21: Player "Duerowww" (steam64id="76561198259492425" pos=<7927.64, 35.62, 6109.1>) OpenBarrel dp_box_big_Tan
10:54:23: Player "Duerowww" (steam64id="76561198259492425" pos=<7927.64, 35.62, 6109.1>) CloseBarrel dp_box_big_Tan
11:05:51: Player "Passo Largo" (steam64id="76561198057660141" pos=<7558.85, 28.05, 7900.32>) OpenBarrel dp_box_big_Brown
11:05:52: Player "Passo Largo" (steam64id="76561198057660141" pos=<7558.88, 28.05, 7900.77>) OpenBarrel dp_box_big_Brown
11:05:53: Player "Passo Largo" (steam64id="76561198057660141" pos=<7557.38, 28.05, 7901.36>) OpenBarrel dp_box_big_Brown
11:07:15: Player "Passo Largo" (steam64id="76561198057660141" pos=<7558.3, 28.05, 7894.43>) OpenBarrel dp_box_big_Brown
11:07:26: Player "Passo Largo" (steam64id="76561198057660141" pos=<7549.74, 28.05, 7905.46>) OpenBarrel dp_box_big_Brown
11:21:35: Player "[YKZ]-BlackBear" (steam64id="76561198343030820" pos=<11085.4, 41.36, 8427.72>) OpenBarrel dp_box_big_Olive
11:22:07: Player "[YKZ]-BlackBear" (steam64id="76561198343030820" pos=<11085.4, 41.36, 8427.72>) CloseBarrel dp_box_big_Olive
11:22:11: Player "[YKZ]-BlackBear" (steam64id="76561198343030820" pos=<11081.2, 41.37, 8422.59>) OpenBarrel dp_box_small_Brown
11:22:38: Player "[YKZ]-BlackBear" (steam64id="76561198343030820" pos=<11081.2, 41.37, 8422.58>) CloseBarrel dp_box_small_Brown
11:22:54: Player "[YKZ]-BlackBear" (steam64id="76561198343030820" pos=<11081, 41.37, 8422.37>) OpenBarrel dp_box_small_Brown
11:23:08: Player "[YKZ]-BlackBear" (steam64id="76561198343030820" pos=<11080.7, 41.37, 8422.95>) OpenBarrel dp_box_small_Brown
11:25:05: Player "ttuker" (steam64id="76561198971813376" pos=<7391.28, 31.55, 8202.24>) OpenBarrel dp_box_big_Tan
11:25:23: Player "Duerowww" (steam64id="76561198259492425" pos=<7392.74, 31.55, 8201.3>) OpenBarrel dp_box_big_Grey
11:26:03: Player "Duerowww" (steam64id="76561198259492425" pos=<7390.31, 32.05, 8203.4>) CloseBarrel dp_box_small_Brown
11:27:25: Player "tappes" (steam64id="76561198990092287" pos=<11085.9, 41.36, 8427.6>) OpenBarrel dp_box_big_Olive
11:27:30: Player "tappes" (steam64id="76561198990092287" pos=<11085.9, 41.36, 8427.6>) CloseBarrel dp_box_big_Olive
11:27:31: Player "tappes" (steam64id="76561198990092287" pos=<11085.7, 41.36, 8427.27>) OpenBarrel dp_box_big_Brown
11:27:36: Player "tappes" (steam64id="76561198990092287" pos=<11085.7, 41.36, 8427.27>) CloseBarrel dp_box_big_Brown
11:27:39: Player "tappes" (steam64id="76561198990092287" pos=<11085.7, 41.36, 8427.27>) OpenBarrel dp_box_big_Olive
11:27:42: Player "Duerowww" (steam64id="76561198259492425" pos=<7389.79, 31.55, 8200.62>) CloseBarrel dp_box_big_Brown
11:27:43: Player "tappes" (steam64id="76561198990092287" pos=<11085.7, 41.36, 8427.27>) CloseBarrel dp_box_big_Olive
11:27:44: Player "Duerowww" (steam64id="76561198259492425" pos=<7390.02, 31.55, 8202.28>) OpenBarrel dp_box_big_Tan
11:27:55: Player "Duerowww" (steam64id="76561198259492425" pos=<7390.02, 31.55, 8202.28>) CloseBarrel dp_box_big_Tan
11:28:12: Player "tappes" (steam64id="76561198990092287" pos=<11085.4, 41.36, 8427.22>) OpenBarrel dp_box_big_Olive
11:28:16: Player "tappes" (steam64id="76561198990092287" pos=<11085.6, 41.36, 8427.16>) CloseBarrel dp_box_big_Olive
11:28:27: Player "Duerowww" (steam64id="76561198259492425" pos=<7389.34, 31.55, 8200.24>) OpenBarrel dp_box_big_Brown
11:28:44: Player "Duerowww" (steam64id="76561198259492425" pos=<7389.34, 31.55, 8200.52>) CloseBarrel dp_box_big_Brown
11:28:45: Player "Duerowww" (steam64id="76561198259492425" pos=<7389.34, 31.55, 8200.52>) OpenBarrel dp_box_big_Tan
11:28:47: Player "tappes" (steam64id="76561198990092287" pos=<11082.1, 41.37, 8420.64>) OpenBarrel dp_box_big_Tan
11:28:47: Player "Duerowww" (steam64id="76561198259492425" pos=<7390.69, 31.55, 8201.16>) CloseBarrel dp_box_big_Tan
11:29:06: Player "Duerowww" (steam64id="76561198259492425" pos=<7390.09, 31.55, 8200>) OpenBarrel dp_box_big_Brown
11:29:33: Player "Duerowww" (steam64id="76561198259492425" pos=<7389.59, 31.93, 8199.79>) CloseBarrel dp_box_big_Brown
12:40:25: Player "[L.B] Santorin" (steam64id="76561199069721527" pos=<7362.78, 18.46, 7141.09>) CloseBarrel dp_box_small_Brown
12:40:45: Player "[L.B] Santorin" (steam64id="76561199069721527" pos=<7362.36, 18.77, 7140.7>) CloseBarrel dp_box_small_Brown
12:41:14: Player "[L.B] Santorin" (steam64id="76561199069721527" pos=<7362.45, 18.84, 7140.2>) OpenBarrel dp_box_small_Olive
12:41:17: Player "[L.B] Santorin" (steam64id="76561199069721527" pos=<7362.88, 18.80, 7140.1>) OpenBarrel dp_box_small_Brown
12:41:19: Player "[L.B] Santorin" (steam64id="76561199069721527" pos=<7362.88, 18.79, 7140.1>) OpenBarrel dp_box_small_Brown
12:43:45: Player "[YKZ]-BlackBear" (steam64id="76561198343030820" pos=<11085.6, 41.36, 8427.81>) OpenBarrel dp_box_big_Olive
12:44:06: Player "[YKZ]-tappes" (steam64id="76561198990092287" pos=<11080.6, 41.37, 8423.94>) OpenBarrel dp_box_big_Brown
12:44:31: Player "[YKZ]-tappes" (steam64id="76561198990092287" pos=<11082.2, 41.37, 8420.52>) CloseBarrel dp_box_big_Tan
12:44:32: Player "[YKZ]-tappes" (steam64id="76561198990092287" pos=<11082.2, 41.37, 8420.52>) OpenBarrel dp_box_big_Tan
12:44:49: Player "[YKZ]-tappes" (steam64id="76561198990092287" pos=<11082.2, 41.37, 8420.52>) CloseBarrel dp_box_big_Tan
12:44:50: Player "[YKZ]-tappes" (steam64id="76561198990092287" pos=<11082.2, 41.37, 8420.52>) OpenBarrel dp_box_big_Tan
12:45:33: Player "[YKZ]-tappes" (steam64id="76561198990092287" pos=<11081.8, 41.37, 8420.2>) CloseBarrel dp_box_big_Tan
13:22:31: Player "[YKZ]-BlackBear" (steam64id="76561198343030820" pos=<11088.3, 44.21, 8425.62>) CloseBarrel dp_box_small_Olive
13:41:27: Player "[YKZ]-tappes" (steam64id="76561198990092287" pos=<11086.2, 41.80, 8427.45>) OpenBarrel dp_box_big_Olive
13:41:39: Player "[YKZ]-tappes" (steam64id="76561198990092287" pos=<11085.3, 41.36, 8427.65>) OpenBarrel dp_box_big_Brown
13:41:50: Player "[YKZ]-tappes" (steam64id="76561198990092287" pos=<11085.3, 41.36, 8427.65>) CloseBarrel dp_box_big_Brown
13:41:57: Player "Passo Largo" (steam64id="76561199203652654" pos=<7550.9, 35.24, 7900.49>) CloseBarrel dp_box_big_Brown
13:41:58: Player "Passo Largo" (steam64id="76561199203652654" pos=<7551.03, 35.24, 7899.41>) CloseBarrel dp_box_big_Brown
13:42:15: Player "Passo Largo" (steam64id="76561199203652654" pos=<7551.29, 35.24, 7900.7>) OpenBarrel dp_box_big_Brown
13:42:18: Player "Passo Largo" (steam64id="76561199203652654" pos=<7551.18, 35.24, 7900.31>) CloseBarrel dp_box_big_Brown
13:42:19: Player "Passo Largo" (steam64id="76561199203652654" pos=<7551.15, 35.24, 7899>) OpenBarrel dp_box_big_Brown
13:42:29: Player "Passo Largo" (steam64id="76561199203652654" pos=<7551.14, 35.24, 7898.98>) CloseBarrel dp_box_big_Brown
13:42:31: Player "N E T O" (steam64id="76561199193971823" pos=<7550.7, 35.24, 7901.08>) OpenBarrel dp_box_big_Brown
13:42:42: Player "N E T O" (steam64id="76561199193971823" pos=<7551.1, 35.24, 7899.37>) OpenBarrel dp_box_big_Brown
13:44:04: Player "N E T O" (steam64id="76561199193971823" pos=<7551.17, 35.24, 7901.09>) CloseBarrel dp_box_big_Brown
13:44:05: Player "N E T O" (steam64id="76561199193971823" pos=<7550.6, 35.24, 7899.94>) CloseBarrel dp_box_big_Brown
13:50:11: Player "N E T O" (steam64id="76561199193971823" pos=<7551.11, 35.24, 7899.34>) OpenBarrel dp_box_big_Brown
13:50:17: Player "N E T O" (steam64id="76561199193971823" pos=<7551.11, 35.24, 7899.34>) CloseBarrel dp_box_big_Brown
13:50:45: Player "N E T O" (steam64id="76561199193971823" pos=<7550.83, 35.24, 7899.62>) OpenBarrel dp_box_big_Brown
13:50:58: Player "N E T O" (steam64id="76561199193971823" pos=<7551.27, 35.24, 7899.45>) CloseBarrel dp_box_big_Brown
13:57:11: Player "N E T O" (steam64id="76561199193971823" pos=<7551.03, 35.24, 7898.75>) OpenBarrel dp_box_big_Brown
13:59:08: Player "Passo Largo" (steam64id="76561199203652654" pos=<7551.16, 35.24, 7900.29>) OpenBarrel dp_box_big_Brown
13:59:09: Player "Passo Largo" (steam64id="76561199203652654" pos=<7550.94, 35.24, 7899.66>) CloseBarrel dp_box_big_Brown
13:59:14: Player "Passo Largo" (steam64id="76561199203652654" pos=<7551.17, 35.24, 7900.39>) CloseBarrel dp_box_big_Brown
14:06:03: Player "N E T O" (steam64id="76561199193971823" pos=<7550.51, 35.24, 7899.7>) OpenBarrel dp_box_big_Brown
14:06:17: Player "Passo Largo" (steam64id="76561199203652654" pos=<7550.9, 35.24, 7900.42>) OpenBarrel dp_box_big_Brown
14:06:24: Player "Passo Largo" (steam64id="76561199203652654" pos=<7551.04, 35.24, 7900.23>) CloseBarrel dp_box_big_Brown
14:07:20: Player "N E T O" (steam64id="76561199193971823" pos=<7550.95, 35.24, 7899.85>) CloseBarrel dp_box_big_Brown
14:07:21: Player "N E T O" (steam64id="76561199193971823" pos=<7550.95, 35.24, 7899.85>) OpenBarrel dp_box_big_Brown
14:08:10: Player "N E T O" (steam64id="76561199193971823" pos=<7550.96, 35.24, 7899.94>) CloseBarrel dp_box_big_Brown
14:09:03: Player "N E T O" (steam64id="76561199193971823" pos=<7551.03, 35.24, 7899.03>) OpenBarrel dp_box_big_Brown
14:22:32: Player "[YKZ]-BlackBear" (steam64id="76561198343030820" pos=<11085.8, 41.36, 8427.91>) CloseBarrel dp_box_big_Olive
14:22:40: Player "[YKZ]-BlackBear" (steam64id="76561198343030820" pos=<11085.9, 41.84, 8427.28>) CloseBarrel dp_box_big_Olive
14:55:34: Player "Duerowww" (steam64id="76561198259492425" pos=<7389.8, 31.55, 8199.85>) OpenBarrel dp_box_big_Brown
14:56:45: Player "Duerowww" (steam64id="76561198259492425" pos=<7389.8, 31.55, 8200.29>) CloseBarrel dp_box_big_Brown
14:56:46: Player "Duerowww" (steam64id="76561198259492425" pos=<7390.1, 31.55, 8201.07>) OpenBarrel dp_box_big_Tan
14:56:52: Player "Duerowww" (steam64id="76561198259492425" pos=<7389.9, 31.55, 8201.36>) CloseBarrel dp_box_big_Tan
14:57:49: Player "Juliano" (steam64id="76561198329721265" pos=<0.29, 0.5, 0.27>) CloseBarrel dp_box_big_Brown
14:57:51: Player "Juliano" (steam64id="76561198329721265" pos=<0.29, 0.5, 0.27>) OpenBarrel dp_box_big_Brown
14:57:53: Player "Juliano" (steam64id="76561198329721265" pos=<0.29, 0.5, 0.27>) CloseBarrel dp_box_big_Brown
14:59:23: Player "Juliano" (steam64id="76561198329721265" pos=<7558.11, 28.05, 7899.14>) OpenBarrel dp_box_big_Brown
15:00:48: Player "Passo Largo" (steam64id="76561199203652654" pos=<7559.14, 28.05, 7894.07>) CloseBarrel dp_box_big_Brown
15:00:49: Player "Passo Largo" (steam64id="76561199203652654" pos=<7561.82, 28.05, 7893.98>) CloseBarrel dp_box_big_Brown
15:00:51: Player "Passo Largo" (steam64id="76561199203652654" pos=<7559.02, 28.05, 7895.62>) CloseBarrel dp_box_big_Brown
15:00:52: Player "Passo Largo" (steam64id="76561199203652654" pos=<7560.08, 28.05, 7896.98>) CloseBarrel dp_box_big_Brown
15:00:53: Player "Passo Largo" (steam64id="76561199203652654" pos=<7558.35, 28.05, 7898.28>) CloseBarrel dp_box_big_Brown
15:01:14: Player "Passo Largo" (steam64id="76561199203652654" pos=<7551.12, 35.24, 7899.94>) OpenBarrel dp_box_big_Brown
15:01:39: Player "Duerowww" (steam64id="76561198259492425" pos=<7390.43, 31.55, 8201.78>) OpenBarrel dp_box_big_Tan
15:01:43: Player "Duerowww" (steam64id="76561198259492425" pos=<7389.83, 31.93, 8201.71>) CloseBarrel dp_box_big_Tan
15:01:51: Player "Duerowww" (steam64id="76561198259492425" pos=<7391.59, 31.55, 8201.66>) CloseBarrel dp_box_big_Grey
15:01:52: Player "Duerowww" (steam64id="76561198259492425" pos=<7391.59, 31.55, 8201.66>) CloseBarrel dp_box_big_Tan
15:04:05: Player "Duerowww" (steam64id="76561198259492425" pos=<7390.91, 32.05, 8203.1>) OpenBarrel dp_box_big_Tan
15:04:07: Player "Duerowww" (steam64id="76561198259492425" pos=<7390.91, 32.05, 8203.1>) CloseBarrel dp_box_big_Tan
15:04:08: Player "Duerowww" (steam64id="76561198259492425" pos=<7392.41, 32.05, 8203.02>) OpenBarrel dp_box_big_Grey
15:04:11: Player "Duerowww" (steam64id="76561198259492425" pos=<7392.41, 32.05, 8203.02>) CloseBarrel dp_box_big_Grey
15:07:06: Player "Passo Largo" (steam64id="76561198057660141" pos=<7558, 28.05, 7898.25>) OpenBarrel dp_box_big_Brown
15:12:48: Player "Passo Largo" (steam64id="76561198057660141" pos=<7557.64, 28.05, 7899.32>) CloseBarrel dp_box_big_Brown
15:15:36: Player "Passo Largo" (steam64id="76561198057660141" pos=<7557.85, 28.05, 7899.21>) OpenBarrel dp_box_big_Brown
15:15:40: Player "Passo Largo" (steam64id="76561198057660141" pos=<7557.85, 28.05, 7899.21>) CloseBarrel dp_box_big_Brown
15:33:18: Player "Passo Largo" (steam64id="76561198057660141" pos=<7551.47, 35.56, 7900.13>) CloseBarrel dp_box_big_Brown
15:33:48: Player "Passo Largo" (steam64id="76561198057660141" pos=<7551, 35.24, 7899.84>) CloseBarrel dp_box_big_Brown
15:34:38: Player "Passo Largo" (steam64id="76561198057660141" pos=<7550.87, 35.24, 7899.78>) OpenBarrel dp_box_big_Brown
15:35:36: Player "Passo Largo" (steam64id="76561198057660141" pos=<7557.7, 28.05, 7898.1>) OpenBarrel dp_box_big_Brown
15:35:38: Player "Passo Largo" (steam64id="76561198057660141" pos=<7557.7, 28.05, 7898.1>) CloseBarrel dp_box_big_Brown
15:58:11: Player "Passo Largo" (steam64id="76561198057660141" pos=<7557.82, 28.05, 7898.59>) OpenBarrel dp_box_big_Brown
16:12:00: Player "[YKZ]-tappes" (steam64id="76561198990092287" pos=<11081.8, 41.37, 8421.18>) OpenBarrel dp_box_big_Tan
16:12:13: Player "[YKZ]-tappes" (steam64id="76561198990092287" pos=<11083.1, 41.37, 8419.61>) CloseBarrel dp_box_big_Tan
16:18:42: Player "Rogerio123" (steam64id="76561198114278091" pos=<11200.7, 57.61, 13373.9>) OpenBarrel dp_box_big_Tan
16:18:54: Player "Rogerio123" (steam64id="76561198114278091" pos=<11200.7, 57.61, 13373.9>) CloseBarrel dp_box_big_Tan
16:21:35: Player "[YKZ]-tappes" (steam64id="76561198990092287" pos=<11082.3, 41.37, 8420.61>) OpenBarrel dp_box_big_Tan
16:24:19: Player "[YKZ]-tappes" (steam64id="76561198990092287" pos=<11086, 41.36, 8427.56>) OpenBarrel dp_box_big_Olive
16:24:27: Player "[YKZ]-tappes" (steam64id="76561198990092287" pos=<11086, 41.36, 8427.58>) CloseBarrel dp_box_big_Olive
16:24:33: Player "[YKZ]-tappes" (steam64id="76561198990092287" pos=<11085.1, 41.82, 8427.03>) OpenBarrel dp_box_big_Olive
16:24:36: Player "[YKZ]-tappes" (steam64id="76561198990092287" pos=<11085.9, 41.84, 8427.27>) CloseBarrel dp_box_big_Olive
16:24:37: Player "[YKZ]-tappes" (steam64id="76561198990092287" pos=<11085.9, 41.77, 8427.27>) OpenBarrel dp_box_big_Brown
16:24:40: Player "[YKZ]-tappes" (steam64id="76561198990092287" pos=<11085.7, 41.58, 8427.18>) CloseBarrel dp_box_big_Brown
16:24:56: Player "[YKZ]-tappes" (steam64id="76561198990092287" pos=<11088.1, 44.21, 8425.83>) OpenBarrel dp_box_small_Olive
16:27:01: Player "[YKZ]-tappes" (steam64id="76561198990092287" pos=<11086.3, 4.21, 8421.1>) CloseBarrel Barrel_Red
16:27:05: Player "[YKZ]-tappes" (steam64id="76561198990092287" pos=<11086.3, 4.21, 8421.09>) OpenBarrel Barrel_Red
16:27:08: Player "[YKZ]-tappes" (steam64id="76561198990092287" pos=<11086.3, 4.21, 8421.12>) CloseBarrel Barrel_Red
16:46:15: Player "[YKZ]-tappes" (steam64id="76561198990092287" pos=<11081.6, 41.37, 8421.56>) CloseBarrel dp_box_small_Brown
16:46:16: Player "[YKZ]-tappes" (steam64id="76561198990092287" pos=<11081.6, 41.37, 8421.56>) OpenBarrel dp_box_small_Brown
16:46:18: Player "[YKZ]-tappes" (steam64id="76561198990092287" pos=<11081.8, 41.37, 8420.94>) CloseBarrel dp_box_big_Tan
16:46:24: Player "[YKZ]-tappes" (steam64id="76561198990092287" pos=<11080.6, 41.37, 8423.46>) CloseBarrel dp_box_big_Brown
16:46:26: Player "[YKZ]-tappes" (steam64id="76561198990092287" pos=<11081.8, 41.37, 8422.04>) CloseBarrel dp_box_small_Brown
16:46:38: Player "[YKZ]-tappes" (steam64id="76561198990092287" pos=<11081.8, 41.37, 8421.8>) CloseBarrel dp_box_small_Brown
16:46:40: Player "[YKZ]-tappes" (steam64id="76561198990092287" pos=<11081, 41.83, 8423.75>) OpenBarrel dp_box_big_Brown
16:46:56: Player "[YKZ]-tappes" (steam64id="76561198990092287" pos=<11081, 41.86, 8423.75>) CloseBarrel dp_box_big_Brown
16:46:58: Player "[YKZ]-tappes" (steam64id="76561198990092287" pos=<11081, 41.86, 8423.75>) OpenBarrel dp_box_big_Brown
16:47:31: Player "[YKZ]-tappes" (steam64id="76561198990092287" pos=<11080, 41.37, 8424.63>) CloseBarrel dp_box_big_Brown
17:14:02: Player "[YKZ]-tappes" (steam64id="76561198990092287" pos=<11082.1, 41.37, 8420.99>) OpenBarrel dp_box_big_Tan
17:14:06: Player "[YKZ]-tappes" (steam64id="76561198990092287" pos=<11081.5, 41.37, 8421.21>) OpenBarrel dp_box_small_Brown
17:14:28: Player "[YKZ]-tappes" (steam64id="76561198990092287" pos=<11081.7, 41.37, 8422.2>) CloseBarrel dp_box_small_Brown
17:14:29: Player "[YKZ]-tappes" (steam64id="76561198990092287" pos=<11082.2, 41.37, 8420.96>) CloseBarrel dp_box_big_Tan
17:14:52: Player "[YKZ]-tappes" (steam64id="76561198990092287" pos=<11088.1, 44.70, 8424.21>) CloseBarrel dp_box_small_Olive
17:16:16: Player "[YKZ]-tappes" (steam64id="76561198990092287" pos=<11085.9, 41.86, 8426.64>) OpenBarrel dp_box_big_Olive
17:16:28: Player "[YKZ]-tappes" (steam64id="76561198990092287" pos=<11086.1, 41.86, 8427.25>) CloseBarrel dp_box_big_Olive
17:16:31: Player "[YKZ]-tappes" (steam64id="76561198990092287" pos=<11086, 41.36, 8427.57>) OpenBarrel dp_box_big_Olive
17:16:34: Player "[YKZ]-tappes" (steam64id="76561198990092287" pos=<11086, 41.36, 8427.57>) CloseBarrel dp_box_big_Olive
17:23:56: Player "[YKZ]-tappes" (steam64id="76561198990092287" pos=<11085.1, 41.36, 8427.58>) OpenBarrel dp_box_big_Olive
17:23:59: Player "[YKZ]-tappes" (steam64id="76561198990092287" pos=<11085.8, 41.36, 8427.85>) CloseBarrel dp_box_big_Olive
17:24:00: Player "[YKZ]-tappes" (steam64id="76561198990092287" pos=<11085.9, 41.36, 8427.54>) OpenBarrel dp_box_big_Olive
17:24:03: Player "[YKZ]-tappes" (steam64id="76561198990092287" pos=<11085.9, 41.36, 8427.54>) CloseBarrel dp_box_big_Olive
17:24:04: Player "[YKZ]-tappes" (steam64id="76561198990092287" pos=<11085.9, 41.36, 8427.54>) OpenBarrel dp_box_big_Brown
17:24:07: Player "[YKZ]-tappes" (steam64id="76561198990092287" pos=<11085.9, 41.36, 8427.54>) CloseBarrel dp_box_big_Brown
17:24:18: Player "[YKZ]-tappes" (steam64id="76561198990092287" pos=<11085.4, 41.36, 8427.5>) OpenBarrel dp_box_big_Brown
17:35:09: Player "[YKZ]-tappes" (steam64id="76561198990092287" pos=<11082.7, 41.37, 8420.04>) OpenBarrel dp_box_big_Tan
17:35:13: Player "[YKZ]-tappes" (steam64id="76561198990092287" pos=<11082.6, 41.37, 8420.66>) CloseBarrel dp_box_big_Tan
17:35:17: Player "[YKZ]-tappes" (steam64id="76561198990092287" pos=<11081.6, 41.37, 8421.77>) OpenBarrel dp_box_small_Brown
17:35:54: Player "[YKZ]-tappes" (steam64id="76561198990092287" pos=<11081.5, 41.37, 8421.7>) CloseBarrel dp_box_small_Brown
17:36:01: Player "[YKZ]-tappes" (steam64id="76561198990092287" pos=<11081.5, 41.37, 8422.08>) OpenBarrel dp_box_small_Brown
17:36:56: Player "[YKZ]-tappes" (steam64id="76561198990092287" pos=<11081.9, 41.37, 8421.34>) CloseBarrel dp_box_small_Brown
17:39:18: Player "[YKZ]-tappes" (steam64id="76561198990092287" pos=<11085.7, 4.21, 8420.92>) OpenBarrel Barrel_Red
17:57:50: Player "[YKZ]-BlackBear" (steam64id="76561198343030820" pos=<11085.6, 41.36, 8428.11>) CloseBarrel dp_box_big_Brown
18:52:16: Player "ttuker" (steam64id="76561198971813376" pos=<7389.25, 31.55, 8200.15>) OpenBarrel dp_box_big_Brown
18:56:22: Player "ttuker" (steam64id="76561198971813376" pos=<7390.08, 31.55, 8201.61>) OpenBarrel dp_box_big_Tan
18:56:26: Player "ttuker" (steam64id="76561198971813376" pos=<7390.08, 31.55, 8201.61>) CloseBarrel dp_box_big_Tan
18:56:27: Player "ttuker" (steam64id="76561198971813376" pos=<7389.52, 32.06, 8202.39>) OpenBarrel dp_box_small_Brown
18:56:29: Player "ttuker" (steam64id="76561198971813376" pos=<7389.52, 32.06, 8202.39>) CloseBarrel dp_box_small_Brown
18:56:30: Player "ttuker" (steam64id="76561198971813376" pos=<7391.31, 31.55, 8201.81>) OpenBarrel dp_box_big_Tan
18:56:38: Player "ttuker" (steam64id="76561198971813376" pos=<7392.64, 31.55, 8202.07>) OpenBarrel dp_box_big_Grey
18:58:27: Player "ttuker" (steam64id="76561198971813376" pos=<7390.12, 31.98, 8199.48>) CloseBarrel dp_box_big_Brown
19:00:14: Player "ttuker" (steam64id="76561198971813376" pos=<7388.69, 31.55, 8200.55>) OpenBarrel dp_box_big_Brown
19:12:48: Player "Passo Largo" (steam64id="76561198057660141" pos=<7550.55, 35.24, 7898.21>) CloseBarrel dp_box_big_Brown
19:14:05: Player "ttuker" (steam64id="76561198971813376" pos=<7389.15, 31.55, 8200.61>) CloseBarrel dp_box_big_Brown
19:14:06: Player "ttuker" (steam64id="76561198971813376" pos=<7392.4, 31.55, 8201.72>) CloseBarrel dp_box_big_Grey
19:14:07: Player "ttuker" (steam64id="76561198971813376" pos=<7391.57, 31.55, 8201.93>) CloseBarrel dp_box_big_Tan
19:14:35: Player "Passo Largo" (steam64id="76561198057660141" pos=<7551.19, 35.24, 7899.4>) OpenBarrel dp_box_big_Brown
19:14:53: Player "Duerowww" (steam64id="76561198259492425" pos=<7392.12, 31.55, 8202.2>) OpenBarrel dp_box_big_Grey
19:14:58: Player "Duerowww" (steam64id="76561198259492425" pos=<7392.45, 31.55, 8201.81>) CloseBarrel dp_box_big_Grey
19:15:17: Player "Passo Largo" (steam64id="76561198057660141" pos=<7560.07, 28.05, 7897.34>) OpenBarrel dp_box_big_Brown
19:15:37: Player "Passo Largo" (steam64id="76561198057660141" pos=<7559.46, 28.05, 7895.22>) CloseBarrel dp_box_big_Brown
19:15:38: Player "Passo Largo" (steam64id="76561198057660141" pos=<7557.31, 28.05, 7897.54>) CloseBarrel dp_box_big_Brown
19:31:56: Player "ttuker" (steam64id="76561198971813376" pos=<7389.71, 31.92, 8201.4>) OpenBarrel dp_box_big_Tan
19:32:05: Player "ttuker" (steam64id="76561198971813376" pos=<7389.85, 32.05, 8199.32>) OpenBarrel dp_box_big_Brown
19:32:55: Player "Duerowww" (steam64id="76561198259492425" pos=<7389.96, 31.55, 8201.89>) OpenBarrel dp_box_small_Brown
19:34:33: Player "Duerowww" (steam64id="76561198259492425" pos=<7389.84, 31.55, 8200.95>) CloseBarrel dp_box_big_Tan
19:34:35: Player "ttuker" (steam64id="76561198971813376" pos=<7390.53, 31.55, 8201.95>) OpenBarrel dp_box_big_Tan
19:35:29: Player "ttuker" (steam64id="76561198971813376" pos=<7389.53, 32.10, 8202.66>) CloseBarrel dp_box_big_Tan
19:35:33: Player "ttuker" (steam64id="76561198971813376" pos=<7389.53, 32.10, 8202.66>) CloseBarrel dp_box_small_Brown
19:35:47: Player "ttuker" (steam64id="76561198971813376" pos=<7390.79, 31.64, 8200.41>) OpenBarrel dp_box_big_Tan
19:36:10: Player "ttuker" (steam64id="76561198971813376" pos=<7390.46, 31.55, 8200.19>) CloseBarrel dp_box_big_Tan
19:36:32: Player "ttuker" (steam64id="76561198971813376" pos=<7393.21, 31.55, 8200.2>) OpenBarrel dp_box_big_Grey
19:36:33: Player "[ONE] JAPA" (steam64id="76561198161060673" pos=<7877.79, 31.15, 7421.77>) OpenBarrel dp_box_big_Olive
19:36:42: Player "ttuker" (steam64id="76561198971813376" pos=<7393.28, 31.55, 8200.21>) CloseBarrel dp_box_big_Grey
19:37:20: Player "Duerowww" (steam64id="76561198259492425" pos=<7390.76, 31.55, 8202.45>) OpenBarrel dp_box_small_Brown
19:37:22: Player "Duerowww" (steam64id="76561198259492425" pos=<7390.76, 31.55, 8202.45>) CloseBarrel dp_box_small_Brown
19:37:28: Player "Duerowww" (steam64id="76561198259492425" pos=<7390.4, 31.55, 8201.61>) OpenBarrel dp_box_small_Brown
19:37:42: Player "Duerowww" (steam64id="76561198259492425" pos=<7391.85, 31.55, 8203.31>) CloseBarrel dp_box_small_Brown
19:38:23: Player "Duerowww" (steam64id="76561198259492425" pos=<7389.74, 31.55, 8200.24>) CloseBarrel dp_box_big_Brown
19:40:16: Player "ttuker" (steam64id="76561198971813376" pos=<7390.4, 31.55, 8199.52>) OpenBarrel dp_box_big_Brown
19:40:26: Player "ttuker" (steam64id="76561198971813376" pos=<7389.29, 31.99, 8199.83>) CloseBarrel dp_box_big_Brown
19:40:27: Player "ttuker" (steam64id="76561198971813376" pos=<7389.27, 32.02, 8200.23>) OpenBarrel dp_box_big_Tan
19:40:30: Player "ttuker" (steam64id="76561198971813376" pos=<7389.66, 31.55, 8200.17>) CloseBarrel dp_box_big_Tan
19:40:31: Player "ttuker" (steam64id="76561198971813376" pos=<7389.66, 31.55, 8201.19>) OpenBarrel dp_box_big_Tan
19:40:38: Player "ttuker" (steam64id="76561198971813376" pos=<7389.88, 31.55, 8201.3>) CloseBarrel dp_box_big_Tan
19:40:42: Player "Duerowww" (steam64id="76561198259492425" pos=<7389.59, 31.55, 8200.79>) OpenBarrel dp_box_big_Tan
19:40:45: Player "Duerowww" (steam64id="76561198259492425" pos=<7389.59, 31.55, 8200.79>) CloseBarrel dp_box_big_Tan
19:40:47: Player "Duerowww" (steam64id="76561198259492425" pos=<7389.76, 31.55, 8201.79>) OpenBarrel dp_box_big_Tan
19:40:49: Player "Duerowww" (steam64id="76561198259492425" pos=<7389.76, 31.55, 8201.79>) CloseBarrel dp_box_big_Tan
19:41:03: Player "Duerowww" (steam64id="76561198259492425" pos=<7391.6, 31.55, 8202.39>) OpenBarrel dp_box_small_Brown
19:41:05: Player "ttuker" (steam64id="76561198971813376" pos=<7390.1, 31.55, 8199.66>) OpenBarrel dp_box_big_Brown
19:41:50: Player "ttuker" (steam64id="76561198971813376" pos=<7390.49, 31.55, 8202.5>) CloseBarrel dp_box_small_Brown
19:41:59: Player "ttuker" (steam64id="76561198971813376" pos=<7394.76, 31.55, 8202.15>) OpenBarrel dp_box_big_Grey
19:42:01: Player "ttuker" (steam64id="76561198971813376" pos=<7394.76, 31.55, 8202.15>) CloseBarrel dp_box_big_Grey
19:42:12: Player "ttuker" (steam64id="76561198971813376" pos=<7389.08, 32.05, 8199.26>) CloseBarrel dp_box_big_Brown
19:43:18: Player "ttuker" (steam64id="76561198971813376" pos=<7390.5, 31.55, 8199.89>) OpenBarrel dp_box_big_Brown
19:43:53: Player "Duerowww" (steam64id="76561198259492425" pos=<7390.11, 31.55, 8201.92>) OpenBarrel dp_box_big_Tan
19:43:57: Player "Duerowww" (steam64id="76561198259492425" pos=<7389.89, 31.55, 8203.33>) CloseBarrel dp_box_big_Tan
19:45:53: Player "ttuker" (steam64id="76561198971813376" pos=<7393.32, 31.55, 8200.02>) OpenBarrel dp_box_big_Grey
19:45:58: Player "ttuker" (steam64id="76561198971813376" pos=<7393.9, 32.04, 8200.25>) CloseBarrel dp_box_big_Grey
19:46:01: Player "ttuker" (steam64id="76561198971813376" pos=<7390.61, 31.55, 8202.01>) OpenBarrel dp_box_big_Tan
19:46:03: Player "ttuker" (steam64id="76561198971813376" pos=<7390.16, 31.55, 8201.87>) CloseBarrel dp_box_big_Tan
19:46:03: Player "ttuker" (steam64id="76561198971813376" pos=<7389.81, 31.55, 8200.54>) OpenBarrel dp_box_big_Tan
19:49:14: Player "Duerowww" (steam64id="76561198259492425" pos=<7390.11, 31.55, 8201.58>) OpenBarrel dp_box_big_Tan
19:51:46: Player "Duerowww" (steam64id="76561198259492425" pos=<7390.24, 31.55, 8202.12>) CloseBarrel dp_box_big_Tan
19:51:47: Player "Duerowww" (steam64id="76561198259492425" pos=<7389.59, 31.55, 8200.79>) CloseBarrel dp_box_big_Tan
19:51:48: Player "Duerowww" (steam64id="76561198259492425" pos=<7389.52, 31.55, 8199.97>) CloseBarrel dp_box_big_Brown
19:54:20: Player "Duerowww" (steam64id="76561198259492425" pos=<7389.76, 31.55, 8200.17>) OpenBarrel dp_box_big_Brown
19:54:24: Player "Duerowww" (steam64id="76561198259492425" pos=<7389.76, 31.55, 8200.17>) CloseBarrel dp_box_big_Brown
19:54:25: Player "Duerowww" (steam64id="76561198259492425" pos=<7389.76, 31.55, 8200.17>) OpenBarrel dp_box_big_Tan
19:54:27: Player "Duerowww" (steam64id="76561198259492425" pos=<7389.76, 31.55, 8200.17>) CloseBarrel dp_box_big_Tan
19:54:28: Player "Duerowww" (steam64id="76561198259492425" pos=<7389.76, 31.55, 8201.79>) OpenBarrel dp_box_big_Tan
19:54:31: Player "Duerowww" (steam64id="76561198259492425" pos=<7389.78, 31.55, 8201.8>) CloseBarrel dp_box_big_Tan
19:54:32: Player "Duerowww" (steam64id="76561198259492425" pos=<7393.17, 31.55, 8201.47>) OpenBarrel dp_box_big_Grey
19:55:05: Player "Duerowww" (steam64id="76561198259492425" pos=<7393.22, 31.55, 8201.28>) CloseBarrel dp_box_big_Grey
19:56:40: Player "[YKZ] Emissarius" (steam64id="76561198271087379" pos=<11088.3, 44.45, 8424.2>) OpenBarrel dp_box_small_Olive
19:56:51: Player "[YKZ] Emissarius" (steam64id="76561198271087379" pos=<11086.1, 41.36, 8427.57>) OpenBarrel dp_box_big_Brown
19:57:04: Player "[YKZ] Emissarius" (steam64id="76561198271087379" pos=<11085.6, 41.36, 8428.04>) OpenBarrel dp_box_big_Olive
19:57:06: Player "[YKZ] Emissarius" (steam64id="76561198271087379" pos=<11085, 41.36, 8427.71>) OpenBarrel dp_box_big_Brown
19:57:07: Player "[YKZ] Emissarius" (steam64id="76561198271087379" pos=<11085.3, 41.36, 8427.54>) OpenBarrel dp_box_big_Olive
20:04:43: Player "ttuker" (steam64id="76561198971813376" pos=<7390.32, 31.55, 8202.71>) OpenBarrel dp_box_small_Brown
20:04:48: Player "ttuker" (steam64id="76561198971813376" pos=<7389.45, 31.55, 8199.96>) OpenBarrel dp_box_big_Brown
21:00:24: Player "Passo Largo" (steam64id="76561198057660141" pos=<7557.93, 28.05, 7898.18>) OpenBarrel dp_box_big_Brown
21:01:33: Player "Passo Largo" (steam64id="76561198057660141" pos=<7559.37, 28.05, 7898.04>) OpenBarrel dp_box_big_Brown
21:01:41: Player "Passo Largo" (steam64id="76561198057660141" pos=<7559.32, 28.05, 7898.42>) CloseBarrel dp_box_big_Brown
21:01:42: Player "Passo Largo" (steam64id="76561198057660141" pos=<7557.55, 28.05, 7899.08>) CloseBarrel dp_box_big_Brown
21:01:52: Player "DanielSam" (steam64id="76561198867200764" pos=<7559.66, 28.05, 7900>) OpenBarrel dp_box_big_Olive
21:01:56: Player "DanielSam" (steam64id="76561198867200764" pos=<7559.43, 28.05, 7899.53>) CloseBarrel dp_box_big_Olive
21:13:58: Player "[YKZ] pedrobala" (steam64id="76561198046653521" pos=<10392.6, 17.68, 10609.9>) OpenBarrel dp_box_big_Grey
21:15:30: Player "[YKZ] pedrobala" (steam64id="76561198046653521" pos=<10392.6, 17.68, 10609.9>) CloseBarrel dp_box_big_Grey
21:15:57: Player "[YKZ] pedrobala" (steam64id="76561198046653521" pos=<10392.5, 17.68, 10609.7>) OpenBarrel dp_box_big_Grey
21:16:06: Player "[YKZ] pedrobala" (steam64id="76561198046653521" pos=<10392.5, 17.68, 10609.7>) CloseBarrel dp_box_big_Grey
21:17:18: Player "[YKZ] pedrobala" (steam64id="76561198046653521" pos=<10391.9, 17.67, 10609.8>) OpenBarrel dp_box_big_Grey
21:17:49: Player "[YKZ] pedrobala" (steam64id="76561198046653521" pos=<10392.6, 17.68, 10609.5>) CloseBarrel dp_box_big_Grey
21:18:56: Player "FisFacu" (steam64id="76561198339726200" pos=<11103.2, 5.08, 8195.28>) OpenBarrel dp_box_big_Grey
21:19:04: Player "FisFacu" (steam64id="76561198339726200" pos=<11103, 5.10, 8195.28>) CloseBarrel dp_box_big_Grey
21:19:26: Player "FisFacu" (steam64id="76561198339726200" pos=<11103.1, 4.62, 8195.51>) OpenBarrel dp_box_big_Grey
21:26:53: Player "[YKZ] Emissarius" (steam64id="76561198271087379" pos=<10392.3, 17.67, 10609.7>) OpenBarrel dp_box_big_Grey
21:32:24: Player "[YKZ]-BlackBear" (steam64id="76561198343030820" pos=<10389.2, 17.64, 10612.1>) OpenBarrel dp_box_big_Grey
21:32:34: Player "[YKZ]-BlackBear" (steam64id="76561198343030820" pos=<10389.2, 17.64, 10612.1>) CloseBarrel dp_box_big_Grey
21:32:46: Player "[YKZ]-BlackBear" (steam64id="76561198343030820" pos=<10392, 17.67, 10609.7>) CloseBarrel dp_box_big_Grey
21:33:51: Player "[YKZ] Emissarius" (steam64id="76561198271087379" pos=<10387.9, 14.53, 10616>) OpenBarrel dp_box_big_Grey
21:34:38: Player "[YKZ] Emissarius" (steam64id="76561198271087379" pos=<10389.4, 17.65, 10612.5>) OpenBarrel dp_box_big_Grey
21:34:50: Player "[YKZ]-tappes" (steam64id="76561198990092287" pos=<10392.3, 17.68, 10610>) OpenBarrel dp_box_big_Grey
21:34:51: Player "[YKZ]-tappes" (steam64id="76561198990092287" pos=<10392.6, 17.68, 10609.6>) CloseBarrel dp_box_big_Grey
21:35:14: Player "[YKZ] Emissarius" (steam64id="76561198271087379" pos=<10390.9, 17.65, 10608.8>) OpenBarrel dp_box_big_Grey
21:35:15: Player "[YKZ] Emissarius" (steam64id="76561198271087379" pos=<10391.6, 17.67, 10610>) OpenBarrel dp_box_big_Grey
21:42:51: Player "Maconheiro" (steam64id="76561198055629580" pos=<10238.4, 22.82, 12474.7>) OpenBarrel dp_box_big_Olive
21:43:48: Player "Passo Largo" (steam64id="76561198057660141" pos=<7550.87, 35.24, 7899.9>) OpenBarrel dp_box_big_Brown
21:43:55: Player "Passo Largo" (steam64id="76561198057660141" pos=<7551.18, 35.24, 7900.54>) CloseBarrel dp_box_big_Brown
21:44:09: Player "Passo Largo" (steam64id="76561198057660141" pos=<7557.65, 28.05, 7898.6>) OpenBarrel dp_box_big_Brown
21:44:43: Player "Passo Largo" (steam64id="76561198057660141" pos=<7557.85, 28.05, 7897.38>) OpenBarrel dp_box_big_Brown
21:45:12: Player "[YKZ]-BlackBear" (steam64id="76561198343030820" pos=<10391.9, 17.67, 10609.8>) CloseBarrel dp_box_big_Grey
21:45:13: Player "[YKZ]-BlackBear" (steam64id="76561198343030820" pos=<10391.3, 17.66, 10609.4>) CloseBarrel dp_box_big_Grey
21:45:15: Player "[YKZ]-BlackBear" (steam64id="76561198343030820" pos=<10389.7, 17.65, 10611>) CloseBarrel dp_box_big_Grey
21:46:59: Player "Passo Largo" (steam64id="76561198057660141" pos=<7558.57, 28.05, 7895.11>) CloseBarrel dp_box_big_Brown
21:47:17: Player "Passo Largo" (steam64id="76561198057660141" pos=<7557.93, 28.49, 7899.33>) CloseBarrel dp_box_big_Brown
21:48:16: Player "Passo Largo" (steam64id="76561198057660141" pos=<7551.24, 35.24, 7900.66>) OpenBarrel dp_box_big_Brown
21:48:24: Player "Passo Largo" (steam64id="76561198057660141" pos=<7551.22, 35.24, 7900.55>) CloseBarrel dp_box_big_Brown
21:49:58: Player "Passo Largo" (steam64id="76561198057660141" pos=<7557.51, 28.05, 7898.78>) OpenBarrel dp_box_big_Brown
21:55:16: Player "[YKZ] Emissarius" (steam64id="76561198271087379" pos=<10389.4, 17.64, 10611.5>) OpenBarrel dp_box_big_Grey
21:55:58: Player "[YKZ] pedrobala" (steam64id="76561198046653521" pos=<10387.1, 14.52, 10616.2>) CloseBarrel dp_box_big_Grey
21:56:07: Player "Passo Largo" (steam64id="76561199203652654" pos=<7557.69, 28.05, 7898.67>) CloseBarrel dp_box_big_Brown
21:58:28: Player "Passo Largo" (steam64id="76561199203652654" pos=<7551.13, 35.24, 7899.37>) CloseBarrel dp_box_big_Brown
21:58:29: Player "Passo Largo" (steam64id="76561199203652654" pos=<7551.35, 35.24, 7900.52>) OpenBarrel dp_box_big_Brown
21:59:00: Player "Passo Largo" (steam64id="76561199203652654" pos=<7551.41, 35.24, 7900.56>) CloseBarrel dp_box_big_Brown
21:59:51: Player "Passo Largo" (steam64id="76561199203652654" pos=<7557.65, 28.05, 7898.42>) OpenBarrel dp_box_big_Brown
21:59:57: Player "Passo Largo" (steam64id="76561199203652654" pos=<7557.67, 28.05, 7898.36>) CloseBarrel dp_box_big_Brown
21:59:58: Player "Passo Largo" (steam64id="76561199203652654" pos=<7558.06, 28.05, 7897.11>) OpenBarrel dp_box_big_Brown
22:00:45: Player "[YKZ] pedrobala" (steam64id="76561198046653521" pos=<10390, 17.65, 10611>) CloseBarrel dp_box_big_Grey
22:01:01: Player "[YKZ] pedrobala" (steam64id="76561198046653521" pos=<10388, 14.53, 10616.4>) OpenBarrel dp_box_big_Grey
22:01:08: Player "[YKZ] pedrobala" (steam64id="76561198046653521" pos=<10388, 14.53, 10616.4>) CloseBarrel dp_box_big_Grey
22:13:07: Player "[YKZ] Notsniw" (steam64id="76561197967151252" pos=<11080.9, 41.37, 8423.34>) OpenBarrel dp_box_small_Brown
22:13:08: Player "[YKZ] Notsniw" (steam64id="76561197967151252" pos=<11081, 41.37, 8422.41>) OpenBarrel dp_box_small_Brown
22:13:25: Player "[YKZ] Notsniw" (steam64id="76561197967151252" pos=<11081.5, 41.37, 8422.1>) CloseBarrel dp_box_small_Brown
22:13:26: Player "[YKZ] Notsniw" (steam64id="76561197967151252" pos=<11081.9, 41.37, 8421.72>) CloseBarrel dp_box_small_Brown
22:32:43: Player "[YKZ]-BlackBear" (steam64id="76561198343030820" pos=<10389.2, 14.55, 10617.8>) OpenBarrel dp_box_big_Grey
22:33:20: Player "[YKZ]-BlackBear" (steam64id="76561198343030820" pos=<10388.1, 14.99, 10617.3>) CloseBarrel dp_box_big_Grey
22:35:32: Player "[YKZ]-BlackBear" (steam64id="76561198343030820" pos=<10388.7, 17.64, 10612.9>) OpenBarrel dp_box_big_Grey
22:35:35: Player "[YKZ]-BlackBear" (steam64id="76561198343030820" pos=<10389.2, 17.65, 10612>) CloseBarrel dp_box_big_Grey
22:35:36: Player "[YKZ]-BlackBear" (steam64id="76561198343030820" pos=<10391.8, 17.67, 10610.2>) OpenBarrel dp_box_big_Grey
22:35:43: Player "[YKZ]-BlackBear" (steam64id="76561198343030820" pos=<10392.2, 17.67, 10609.8>) CloseBarrel dp_box_big_Grey
22:36:11: Player "[YKZ]-tappes" (steam64id="76561198990092287" pos=<11081.3, 41.37, 8421.76>) OpenBarrel dp_box_small_Brown
22:45:39: Player "ttuker" (steam64id="76561198971813376" pos=<7393.56, 31.55, 8199.62>) OpenBarrel dp_box_big_Grey
22:46:04: Player "Duerowww" (steam64id="76561198259492425" pos=<7389.88, 31.55, 8202.78>) OpenBarrel dp_box_big_Tan
22:46:05: Player "Duerowww" (steam64id="76561198259492425" pos=<7389.88, 31.55, 8202.78>) CloseBarrel dp_box_big_Tan
22:46:06: Player "Duerowww" (steam64id="76561198259492425" pos=<7389.88, 31.55, 8202.78>) CloseBarrel dp_box_small_Brown
22:46:07: Player "Duerowww" (steam64id="76561198259492425" pos=<7389.88, 31.55, 8202.78>) OpenBarrel dp_box_small_Brown
22:47:40: Player "Duerowww" (steam64id="76561198259492425" pos=<7390.29, 31.55, 8201.11>) OpenBarrel dp_box_big_Tan
22:47:42: Player "Duerowww" (steam64id="76561198259492425" pos=<7390.29, 31.55, 8201.11>) CloseBarrel dp_box_big_Tan
22:47:44: Player "Duerowww" (steam64id="76561198259492425" pos=<7389.51, 31.55, 8200.38>) OpenBarrel dp_box_big_Tan
22:47:46: Player "Duerowww" (steam64id="76561198259492425" pos=<7389.51, 31.55, 8200.38>) CloseBarrel dp_box_big_Tan
22:47:51: Player "Duerowww" (steam64id="76561198259492425" pos=<7390.33, 31.55, 8201.9>) OpenBarrel dp_box_big_Tan
22:47:53: Player "Duerowww" (steam64id="76561198259492425" pos=<7390.23, 31.55, 8201.64>) CloseBarrel dp_box_big_Tan
22:47:54: Player "Duerowww" (steam64id="76561198259492425" pos=<7390, 31.55, 8200.35>) OpenBarrel dp_box_big_Tan
22:56:17: Player "MarcoLa" (steam64id="76561198352149308" pos=<10977.8, 40.02, 8658.15>) CloseBarrel Barrel_Blue
22:56:30: Player "KuramaDLC" (steam64id="76561198180192045" pos=<10977.6, 40.02, 8659.37>) OpenBarrel Barrel_Blue
23:10:17: Player "[YKZ]-BlackBear" (steam64id="76561198343030820" pos=<10387.1, 14.51, 10616>) OpenBarrel dp_box_big_Grey
23:11:59: Player "[YKZ]-BlackBear" (steam64id="76561198343030820" pos=<10391.9, 17.67, 10610.1>) OpenBarrel dp_box_big_Grey
23:12:01: Player "[YKZ]-BlackBear" (steam64id="76561198343030820" pos=<10391.9, 17.67, 10610.1>) CloseBarrel dp_box_big_Grey
23:43:23: Player "[YKZ]-tappes" (steam64id="76561198990092287" pos=<10389.7, 17.65, 10611.7>) OpenBarrel dp_box_big_Grey
23:43:49: Player "[YKZ]-tappes" (steam64id="76561198990092287" pos=<10389.1, 17.64, 10611.6>) CloseBarrel dp_box_big_Grey
23:45:27: Player "[YKZ]-tappes" (steam64id="76561198990092287" pos=<10389.9, 17.65, 10610.9>) OpenBarrel dp_box_big_Grey
