00:32:07: Player "[ONE] KARABULJHAN" (steam64id="76561198100527842" pos=<9552.91, 40.35, 12178>) OpenBarrel dp_box_small_Brown
00:32:10: Player "[ONE] KARABULJHAN" (steam64id="76561198100527842" pos=<9552.91, 40.35, 12178>) CloseBarrel dp_box_small_Brown
00:35:14: Player "[ONE] KARABULJHAN" (steam64id="76561198100527842" pos=<9553.11, 40.35, 12178.4>) OpenBarrel dp_box_small_Brown
00:39:35: Player "[ONE] JAPA" (steam64id="76561198161060673" pos=<9570.61, 29.47, 12168.2>) OpenBarrel dp_box_big_Grey
00:47:08: Player "[ONE] KARABULJHAN" (steam64id="76561198100527842" pos=<9569.96, 29.24, 12163.9>) OpenBarrel dp_box_big_Grey
00:47:14: Player "[ONE] KARABULJHAN" (steam64id="76561198100527842" pos=<9570.15, 29.20, 12162>) OpenBarrel dp_box_big_Grey
00:47:18: Player "[ONE] KARABULJHAN" (steam64id="76561198100527842" pos=<9569.11, 29.16, 12160.6>) OpenBarrel dp_box_big_Grey
00:47:26: Player "[ONE] KARABULJHAN" (steam64id="76561198100527842" pos=<9568.94, 29.16, 12158.7>) OpenBarrel dp_box_big_Grey
00:48:17: Player "[ONE] JAPA" (steam64id="76561198161060673" pos=<9568.11, 29.14, 12157.7>) CloseBarrel dp_box_big_Grey
00:48:22: Player "[ONE] JAPA" (steam64id="76561198161060673" pos=<9568.66, 29.15, 12159.6>) CloseBarrel dp_box_big_Grey
00:48:24: Player "[ONE] JAPA" (steam64id="76561198161060673" pos=<9569.28, 29.17, 12160.1>) OpenBarrel dp_box_big_Grey
00:48:25: Player "[ONE] JAPA" (steam64id="76561198161060673" pos=<9569.26, 29.17, 12160.1>) CloseBarrel dp_box_big_Grey
00:48:33: Player "[ONE] KARABULJHAN" (steam64id="76561198100527842" pos=<9568.06, 29.14, 12157.6>) OpenBarrel dp_box_big_Grey
00:48:43: Player "[ONE] KARABULJHAN" (steam64id="76561198100527842" pos=<9569.7, 29.18, 12160.3>) OpenBarrel dp_box_big_Grey
00:48:43: Player "[YKZ]-tappes" (steam64id="76561198990092287" pos=<11085.3, 41.36, 8427.79>) OpenBarrel dp_box_big_Olive
00:50:56: Player "[YKZ]-tappes" (steam64id="76561198990092287" pos=<11086, 41.36, 8427.71>) OpenBarrel dp_box_big_Brown
00:51:51: Player "[YKZ]-tappes" (steam64id="76561198990092287" pos=<11085.8, 41.36, 8427.89>) OpenBarrel dp_box_big_Olive
00:51:54: Player "[YKZ]-tappes" (steam64id="76561198990092287" pos=<11085.5, 41.36, 8427.43>) OpenBarrel dp_box_big_Brown
01:01:47: Player "[YKZ]-tappes" (steam64id="76561198990092287" pos=<11080.1, 41.37, 8423.61>) OpenBarrel dp_box_big_Brown
01:08:13: Player "[YKZ]-tappes" (steam64id="76561198990092287" pos=<11081.7, 41.37, 8421.44>) OpenBarrel dp_box_big_Tan
01:12:53: Player "[ONE] JAPA" (steam64id="76561198161060673" pos=<9570.46, 29.31, 12166.7>) CloseBarrel dp_box_big_Grey
01:12:54: Player "[ONE] JAPA" (steam64id="76561198161060673" pos=<9570.17, 29.27, 12165.5>) CloseBarrel dp_box_big_Grey
01:12:55: Player "[ONE] JAPA" (steam64id="76561198161060673" pos=<9570.25, 29.23, 12163.8>) CloseBarrel dp_box_big_Grey
01:12:56: Player "[ONE] JAPA" (steam64id="76561198161060673" pos=<9569.7, 29.20, 12162.1>) CloseBarrel dp_box_big_Grey
01:12:57: Player "[ONE] JAPA" (steam64id="76561198161060673" pos=<9569.74, 29.18, 12160.8>) CloseBarrel dp_box_big_Grey
01:12:58: Player "[ONE] JAPA" (steam64id="76561198161060673" pos=<9569.03, 29.16, 12159.2>) CloseBarrel dp_box_big_Grey
01:12:59: Player "[ONE] JAPA" (steam64id="76561198161060673" pos=<9568.38, 29.14, 12157.9>) CloseBarrel dp_box_big_Grey
01:13:02: Player "[ONE] JAPA" (steam64id="76561198161060673" pos=<9562.87, 29.00, 12156.9>) CloseBarrel dp_box_big_Olive
01:13:04: Player "[ONE] JAPA" (steam64id="76561198161060673" pos=<9560.55, 28.78, 12160.7>) CloseBarrel dp_box_big_Olive
01:22:20: Player "[ONE] JAPA" (steam64id="76561198161060673" pos=<9570.41, 29.34, 12167.5>) OpenBarrel dp_box_big_Grey
01:22:22: Player "[ONE] JAPA" (steam64id="76561198161060673" pos=<9570.39, 29.35, 12167.5>) CloseBarrel dp_box_big_Grey
01:25:19: Player "[ONE] KARABULJHAN" (steam64id="76561198100527842" pos=<9570.5, 29.29, 12166.1>) OpenBarrel dp_box_big_Grey
01:25:20: Player "[ONE] KARABULJHAN" (steam64id="76561198100527842" pos=<9570.5, 29.29, 12166.1>) OpenBarrel dp_box_big_Grey
01:25:28: Player "[ONE] KARABULJHAN" (steam64id="76561198100527842" pos=<9570.32, 29.23, 12163.8>) OpenBarrel dp_box_big_Grey
01:25:35: Player "[ONE] KARABULJHAN" (steam64id="76561198100527842" pos=<9569.98, 29.20, 12161.7>) OpenBarrel dp_box_big_Grey
02:00:25: Player "[YKZ]-BlackBear" (steam64id="76561198343030820" pos=<11085.2, 41.36, 8428.2>) CloseBarrel dp_box_big_Brown
02:01:18: Player "[YKZ]-BlackBear" (steam64id="76561198343030820" pos=<11085.3, 41.36, 8427.53>) OpenBarrel dp_box_big_Brown
02:02:30: Player "[YKZ]-BlackBear" (steam64id="76561198343030820" pos=<11084.9, 41.36, 8428.19>) CloseBarrel dp_box_big_Brown
02:02:53: Player "[YKZ]-BlackBear" (steam64id="76561198343030820" pos=<11085.7, 41.36, 8427.96>) CloseBarrel dp_box_big_Olive
02:03:03: Player "GabrielLobato" (steam64id="76561198158375860" pos=<11085.2, 41.36, 8427.95>) OpenBarrel dp_box_big_Brown
02:03:08: Player "[YKZ]-BlackBear" (steam64id="76561198343030820" pos=<11085.4, 41.83, 8426.54>) CloseBarrel dp_box_big_Olive
02:03:12: Player "[YKZ]-BlackBear" (steam64id="76561198343030820" pos=<11085.4, 41.84, 8426.54>) CloseBarrel dp_box_big_Brown
02:03:24: Player "GabrielLobato" (steam64id="76561198158375860" pos=<11085.2, 41.36, 8427.37>) OpenBarrel dp_box_big_Olive
02:04:31: Player "[YKZ]-BlackBear" (steam64id="76561198343030820" pos=<11085.5, 41.36, 8428.14>) CloseBarrel dp_box_big_Olive
02:04:33: Player "[YKZ]-BlackBear" (steam64id="76561198343030820" pos=<11085.1, 41.36, 8428.02>) CloseBarrel dp_box_big_Brown
02:32:00: Player "[YKZ]-tappes" (steam64id="76561198990092287" pos=<11082.8, 35.24, 8425.79>) CloseBarrel Barrel_Green
02:35:17: Player "[YKZ]-tappes" (steam64id="76561198990092287" pos=<11091.7, 27.98, 8428.99>) OpenBarrel Barrel_Green
02:35:18: Player "[YKZ]-tappes" (steam64id="76561198990092287" pos=<11092.6, 27.98, 8428.75>) CloseBarrel Barrel_Green
02:35:19: Player "[YKZ]-tappes" (steam64id="76561198990092287" pos=<11092.6, 27.98, 8428.75>) OpenBarrel Barrel_Green
02:40:25: Player "[YKZ]-tappes" (steam64id="76561198990092287" pos=<11092.1, 27.98, 8428.8>) CloseBarrel Barrel_Green
02:42:00: Player "[YKZ]-tappes" (steam64id="76561198990092287" pos=<11092.3, 27.98, 8429.1>) OpenBarrel Barrel_Green
04:45:31: Player "[YKZ]-tappes" (steam64id="76561198990092287" pos=<11092.6, 27.98, 8428.86>) CloseBarrel Barrel_Green
05:18:23: Player "[YKZ]-BlackBear" (steam64id="76561198343030820" pos=<10328.1, 4.41, 10286.9>) CloseBarrel dp_box_small_Olive
05:33:59: Player "[YKZ]-tappes" (steam64id="76561198990092287" pos=<11092.5, 27.98, 8428.62>) OpenBarrel Barrel_Green
05:35:23: Player "[YKZ]-BlackBear" (steam64id="76561198343030820" pos=<11085.5, 41.36, 8428.17>) OpenBarrel dp_box_big_Olive
05:36:26: Player "[YKZ]-BlackBear" (steam64id="76561198343030820" pos=<11083, 41.37, 8419.93>) CloseBarrel dp_box_big_Tan
05:36:29: Player "[YKZ]-BlackBear" (steam64id="76561198343030820" pos=<11081.3, 41.37, 8421.63>) CloseBarrel dp_box_small_Brown
05:36:31: Player "[YKZ]-BlackBear" (steam64id="76561198343030820" pos=<11080.9, 41.37, 8422.64>) CloseBarrel dp_box_small_Brown
05:36:33: Player "[YKZ]-BlackBear" (steam64id="76561198343030820" pos=<11080.4, 41.37, 8423.1>) CloseBarrel dp_box_big_Brown
05:43:26: Player "[YKZ]-BlackBear" (steam64id="76561198343030820" pos=<11085.7, 4.21, 8421.49>) CloseBarrel Barrel_Red
05:43:28: Player "[YKZ]-BlackBear" (steam64id="76561198343030820" pos=<11085.7, 4.21, 8421.49>) OpenBarrel Barrel_Red
05:43:49: Player "[YKZ]-BlackBear" (steam64id="76561198343030820" pos=<11085.7, 4.21, 8421.49>) CloseBarrel Barrel_Red
05:51:18: Player "[YKZ]-tappes" (steam64id="76561198990092287" pos=<11092.9, 27.98, 8428.12>) CloseBarrel Barrel_Green
05:51:46: Player "[YKZ]-tappes" (steam64id="76561198990092287" pos=<11093.2, 27.98, 8428.15>) OpenBarrel Barrel_Green
05:51:50: Player "[YKZ]-tappes" (steam64id="76561198990092287" pos=<11093.2, 27.98, 8428.08>) CloseBarrel Barrel_Green
06:18:16: Player "[YKZ]-BlackBear" (steam64id="76561198343030820" pos=<11085.9, 41.36, 8427.42>) CloseBarrel dp_box_big_Olive
09:23:42: Player "Duerowww" (steam64id="76561198259492425" pos=<7390.99, 31.55, 8202.75>) OpenBarrel dp_box_small_Brown
09:25:14: Player "Duerowww" (steam64id="76561198259492425" pos=<7391.07, 31.55, 8202.11>) CloseBarrel dp_box_small_Brown
09:25:45: Player "Duerowww" (steam64id="76561198259492425" pos=<7392.5, 31.55, 8202.08>) OpenBarrel dp_box_big_Olive
09:25:56: Player "Duerowww" (steam64id="76561198259492425" pos=<7392.5, 31.55, 8202.08>) CloseBarrel dp_box_big_Olive
09:25:57: Player "Duerowww" (steam64id="76561198259492425" pos=<7390.42, 31.55, 8201.83>) OpenBarrel dp_box_big_Tan
09:26:00: Player "Duerowww" (steam64id="76561198259492425" pos=<7390.03, 31.55, 8201.79>) CloseBarrel dp_box_big_Tan
09:26:01: Player "Duerowww" (steam64id="76561198259492425" pos=<7389.97, 31.55, 8200.5>) OpenBarrel dp_box_big_Tan
09:26:04: Player "Duerowww" (steam64id="76561198259492425" pos=<7389.97, 31.55, 8200.5>) CloseBarrel dp_box_big_Tan
09:26:05: Player "Duerowww" (steam64id="76561198259492425" pos=<7389.82, 31.55, 8200.03>) OpenBarrel dp_box_big_Brown
09:26:15: Player "Duerowww" (steam64id="76561198259492425" pos=<7389.97, 31.55, 8202.31>) OpenBarrel dp_box_small_Brown
09:26:18: Player "Duerowww" (steam64id="76561198259492425" pos=<7389.97, 31.55, 8202.31>) CloseBarrel dp_box_small_Brown
09:26:20: Player "Duerowww" (steam64id="76561198259492425" pos=<7390.23, 31.55, 8202.06>) OpenBarrel dp_box_small_Brown
09:26:59: Player "Duerowww" (steam64id="76561198259492425" pos=<7390.52, 31.55, 8202.33>) CloseBarrel dp_box_small_Brown
09:27:00: Player "Duerowww" (steam64id="76561198259492425" pos=<7390.52, 31.55, 8202.33>) OpenBarrel dp_box_small_Brown
09:27:07: Player "Duerowww" (steam64id="76561198259492425" pos=<7390.52, 31.55, 8202.33>) CloseBarrel dp_box_small_Brown
09:27:10: Player "Duerowww" (steam64id="76561198259492425" pos=<7389.83, 31.55, 8199.74>) CloseBarrel dp_box_big_Brown
09:27:13: Player "Duerowww" (steam64id="76561198259492425" pos=<7391.26, 31.55, 8201.88>) OpenBarrel dp_box_big_Olive
09:27:42: Player "Duerowww" (steam64id="76561198259492425" pos=<7391.66, 31.55, 8202.2>) CloseBarrel dp_box_big_Olive
09:28:30: Player "Duerowww" (steam64id="76561198259492425" pos=<7392.92, 31.55, 8200.17>) CloseBarrel dp_box_big_Grey
09:37:28: Player "Duerowww" (steam64id="76561198259492425" pos=<7390.15, 31.55, 8200.86>) OpenBarrel dp_box_big_Tan
09:37:30: Player "Duerowww" (steam64id="76561198259492425" pos=<7389.65, 31.55, 8201.3>) CloseBarrel dp_box_big_Tan
09:37:31: Player "Duerowww" (steam64id="76561198259492425" pos=<7389.57, 31.55, 8200.46>) OpenBarrel dp_box_big_Tan
09:38:20: Player "Duerowww" (steam64id="76561198259492425" pos=<7389.57, 31.55, 8200.46>) CloseBarrel dp_box_big_Tan
09:38:22: Player "Duerowww" (steam64id="76561198259492425" pos=<7391.37, 31.55, 8202.03>) OpenBarrel dp_box_big_Olive
09:38:36: Player "Duerowww" (steam64id="76561198259492425" pos=<7391.72, 31.55, 8202.43>) CloseBarrel dp_box_big_Olive
09:38:37: Player "Duerowww" (steam64id="76561198259492425" pos=<7390.69, 31.55, 8202.24>) OpenBarrel dp_box_small_Brown
09:38:42: Player "Duerowww" (steam64id="76561198259492425" pos=<7390.69, 31.55, 8202.24>) CloseBarrel dp_box_small_Brown
09:39:34: Player "Duerowww" (steam64id="76561198259492425" pos=<7391.33, 31.55, 8202.23>) OpenBarrel dp_box_big_Olive
10:13:46: Player "Duerowww" (steam64id="76561198259492425" pos=<7393.34, 31.55, 8201.17>) OpenBarrel dp_box_big_Grey
10:15:38: Player "Duerowww" (steam64id="76561198259492425" pos=<7392.19, 31.55, 8202.41>) CloseBarrel dp_box_big_Olive
10:19:29: Player "Duerowww" (steam64id="76561198259492425" pos=<7393.14, 31.55, 8200.32>) CloseBarrel dp_box_big_Grey
10:32:54: Player "DanielSam" (steam64id="76561198867200764" pos=<7550.2, 35.27, 7893.15>) OpenBarrel dp_box_big_Brown
11:10:04: Player "ttuker" (steam64id="76561198971813376" pos=<7390.37, 31.55, 8199.89>) OpenBarrel dp_box_big_Brown
11:34:24: Player "DanielSam" (steam64id="76561198867200764" pos=<7558.09, 28.05, 7898.78>) OpenBarrel dp_box_big_Brown
11:34:30: Player "DanielSam" (steam64id="76561198867200764" pos=<7558.74, 28.05, 7898.46>) CloseBarrel dp_box_big_Brown
11:43:34: Player "GabrielLobato" (steam64id="76561198158375860" pos=<11088.9, 35.24, 8432.21>) OpenBarrel dp_box_big_Brown
11:46:07: Player "GabrielLobato" (steam64id="76561198158375860" pos=<11088.6, 35.70, 8433.42>) CloseBarrel dp_box_big_Brown
11:52:08: Player "GabrielLobato" (steam64id="76561198158375860" pos=<11089.1, 35.24, 8432.76>) OpenBarrel dp_box_big_Brown
12:20:43: Player "[L.B] Santorin" (steam64id="76561199069721527" pos=<7361.31, 18.46, 7133.58>) OpenBarrel dp_box_small_Brown
13:07:03: Player "G A T O" (steam64id="76561199207813177" pos=<7558.1, 28.05, 7898.67>) OpenBarrel dp_box_big_Brown
13:07:07: Player "G A T O" (steam64id="76561199207813177" pos=<7557.59, 28.05, 7898.41>) CloseBarrel dp_box_big_Brown
13:07:56: Player "G A T O" (steam64id="76561199207813177" pos=<7550.67, 35.27, 7893.14>) CloseBarrel dp_box_big_Brown
13:08:32: Player "G A T O" (steam64id="76561199207813177" pos=<7551.35, 35.24, 7900.79>) OpenBarrel dp_box_big_Brown
14:44:42: Player "[YKZ]-tappes" (steam64id="76561198990092287" pos=<11093.2, 27.98, 8428.12>) OpenBarrel Barrel_Green
14:45:18: Player "[YKZ]-tappes" (steam64id="76561198990092287" pos=<11092.5, 27.98, 8429.07>) CloseBarrel Barrel_Green
14:45:50: Player "[YKZ]-tappes" (steam64id="76561198990092287" pos=<11093.2, 27.98, 8428.18>) OpenBarrel Barrel_Green
14:45:52: Player "[YKZ]-tappes" (steam64id="76561198990092287" pos=<11093.2, 27.98, 8428.18>) CloseBarrel Barrel_Green
14:50:27: Player "[YKZ]-tappes" (steam64id="76561198990092287" pos=<11092.7, 27.98, 8428.62>) OpenBarrel Barrel_Green
14:50:30: Player "[YKZ]-tappes" (steam64id="76561198990092287" pos=<11092.7, 27.98, 8428.62>) CloseBarrel Barrel_Green
14:55:23: Player "[YKZ]-tappes" (steam64id="76561198990092287" pos=<11092.9, 27.98, 8428.51>) OpenBarrel Barrel_Green
14:56:01: Player "[YKZ]-tappes" (steam64id="76561198990092287" pos=<11092.5, 27.98, 8428.69>) CloseBarrel Barrel_Green
15:13:45: Player "Duerowww" (steam64id="76561198259492425" pos=<7391.28, 31.55, 8202.46>) OpenBarrel dp_box_small_Brown
15:15:48: Player "Duerowww" (steam64id="76561198259492425" pos=<7389.9, 31.55, 8200.75>) OpenBarrel dp_box_big_Tan
15:15:49: Player "Duerowww" (steam64id="76561198259492425" pos=<7389.9, 31.55, 8200.75>) CloseBarrel dp_box_big_Tan
15:15:50: Player "Duerowww" (steam64id="76561198259492425" pos=<7389.9, 31.55, 8200.75>) OpenBarrel dp_box_big_Tan
15:16:45: Player "Duerowww" (steam64id="76561198259492425" pos=<7393.28, 31.55, 8200.2>) OpenBarrel dp_box_big_Grey
15:17:24: Player "Duerowww" (steam64id="76561198259492425" pos=<7389.75, 31.55, 8201.28>) CloseBarrel dp_box_big_Tan
15:17:25: Player "Duerowww" (steam64id="76561198259492425" pos=<7389.55, 31.55, 8200.15>) CloseBarrel dp_box_big_Brown
15:17:27: Player "Duerowww" (steam64id="76561198259492425" pos=<7391.05, 31.55, 8202.39>) CloseBarrel dp_box_small_Brown
15:17:28: Player "Duerowww" (steam64id="76561198259492425" pos=<7391.05, 31.55, 8202.39>) OpenBarrel dp_box_big_Olive
15:18:53: Player "Duerowww" (steam64id="76561198259492425" pos=<7392.48, 32.05, 8202.75>) CloseBarrel dp_box_big_Olive
15:18:54: Player "Duerowww" (steam64id="76561198259492425" pos=<7391.95, 31.93, 8202.58>) OpenBarrel dp_box_big_Olive
15:19:25: Player "Duerowww" (steam64id="76561198259492425" pos=<7391.38, 31.55, 8202.17>) CloseBarrel dp_box_big_Olive
15:23:27: Player "[ONE] JAPA" (steam64id="76561198161060673" pos=<9564.42, 29.10, 12156.5>) OpenBarrel dp_box_big_Olive
15:23:29: Player "[ONE] JAPA" (steam64id="76561198161060673" pos=<9564.02, 29.08, 12156.4>) CloseBarrel dp_box_big_Olive
15:23:32: Player "[ONE] JAPA" (steam64id="76561198161060673" pos=<9560.43, 28.77, 12160.4>) OpenBarrel dp_box_big_Olive
15:23:34: Player "[ONE] JAPA" (steam64id="76561198161060673" pos=<9560.43, 28.78, 12160.4>) CloseBarrel dp_box_big_Olive
15:23:36: Player "[ONE] JAPA" (steam64id="76561198161060673" pos=<9567.81, 29.13, 12157.5>) OpenBarrel dp_box_big_Grey
15:23:38: Player "[ONE] JAPA" (steam64id="76561198161060673" pos=<9567.92, 29.14, 12157.9>) CloseBarrel dp_box_big_Grey
15:23:40: Player "[ONE] JAPA" (steam64id="76561198161060673" pos=<9568.46, 29.15, 12159.1>) OpenBarrel dp_box_big_Grey
15:23:42: Player "[ONE] JAPA" (steam64id="76561198161060673" pos=<9568.49, 29.15, 12159.2>) CloseBarrel dp_box_big_Grey
15:23:43: Player "[ONE] JAPA" (steam64id="76561198161060673" pos=<9569.66, 29.17, 12160.4>) OpenBarrel dp_box_big_Grey
15:23:45: Player "[ONE] JAPA" (steam64id="76561198161060673" pos=<9569.67, 29.18, 12160.4>) CloseBarrel dp_box_big_Grey
15:24:13: Player "Duerowww" (steam64id="76561198259492425" pos=<7392.52, 31.55, 8202.12>) OpenBarrel dp_box_big_Olive
15:24:15: Player "Duerowww" (steam64id="76561198259492425" pos=<7393.25, 31.55, 8201.15>) CloseBarrel dp_box_big_Grey
15:24:17: Player "Duerowww" (steam64id="76561198259492425" pos=<7391.65, 31.55, 8202.08>) CloseBarrel dp_box_big_Olive
15:24:19: Player "Duerowww" (steam64id="76561198259492425" pos=<7390.12, 31.55, 8201.84>) OpenBarrel dp_box_big_Tan
15:24:26: Player "Duerowww" (steam64id="76561198259492425" pos=<7389.77, 31.55, 8201.77>) CloseBarrel dp_box_big_Tan
15:24:27: Player "Duerowww" (steam64id="76561198259492425" pos=<7389.61, 31.55, 8200.71>) OpenBarrel dp_box_big_Tan
15:24:29: Player "Duerowww" (steam64id="76561198259492425" pos=<7389.61, 31.55, 8200.71>) CloseBarrel dp_box_big_Tan
15:24:30: Player "Duerowww" (steam64id="76561198259492425" pos=<7389.6, 31.55, 8200.15>) OpenBarrel dp_box_big_Brown
15:24:36: Player "Duerowww" (steam64id="76561198259492425" pos=<7389.6, 31.55, 8200.15>) CloseBarrel dp_box_big_Brown
15:24:42: Player "Duerowww" (steam64id="76561198259492425" pos=<7393.38, 31.55, 8200.39>) OpenBarrel dp_box_big_Grey
15:33:02: Player "[ONE] JAPA" (steam64id="76561198161060673" pos=<9569.9, 29.21, 12161.8>) CloseBarrel dp_box_big_Grey
15:35:01: Player "Duerowww" (steam64id="76561198259492425" pos=<7393.32, 31.55, 8201.32>) CloseBarrel dp_box_big_Grey
15:39:13: Player "[YKZ]-BlackBear" (steam64id="76561198343030820" pos=<11085.4, 41.36, 8428.24>) OpenBarrel dp_box_big_Olive
16:01:16: Player "[YKZ] Emissarius" (steam64id="76561198271087379" pos=<11082.1, 41.37, 8420.16>) OpenBarrel dp_box_big_Tan
16:01:21: Player "[YKZ] Emissarius" (steam64id="76561198271087379" pos=<11081, 41.37, 8422.78>) OpenBarrel dp_box_big_Brown
16:01:27: Player "[YKZ] Emissarius" (steam64id="76561198271087379" pos=<11082.1, 41.90, 8423.63>) OpenBarrel dp_box_small_Brown
16:01:29: Player "[YKZ] Emissarius" (steam64id="76561198271087379" pos=<11081.6, 41.91, 8423.4>) OpenBarrel dp_box_small_Brown
16:09:34: Player "oziel" (steam64id="76561199063596086" pos=<10434.9, 12.53, 11545.3>) CloseBarrel dp_box_big_Brown
16:09:45: Player "oziel" (steam64id="76561199063596086" pos=<10433.9, 12.53, 11546.6>) CloseBarrel dp_box_big_Brown
16:10:01: Player "oziel" (steam64id="76561199063596086" pos=<10435, 13.00, 11549.8>) CloseBarrel dp_box_big_Brown
16:10:03: Player "oziel" (steam64id="76561199063596086" pos=<10434.4, 12.53, 11549.9>) CloseBarrel dp_box_big_Brown
16:10:05: Player "oziel" (steam64id="76561199063596086" pos=<10434.1, 12.53, 11547.5>) OpenBarrel dp_box_big_Brown
16:13:22: Player "[YKZ]-BlackBear" (steam64id="76561198343030820" pos=<11085.8, 41.36, 8427.83>) OpenBarrel dp_box_big_Brown
16:13:34: Player "[YKZ]-BlackBear" (steam64id="76561198343030820" pos=<11085.3, 41.36, 8427.57>) CloseBarrel dp_box_big_Brown
16:13:36: Player "[YKZ]-BlackBear" (steam64id="76561198343030820" pos=<11085.8, 41.36, 8427.79>) CloseBarrel dp_box_big_Olive
16:17:01: Player "Passo Largo" (steam64id="76561198057660141" pos=<7549.43, 35.24, 7900.79>) CloseBarrel dp_box_big_Brown
16:17:02: Player "Passo Largo" (steam64id="76561198057660141" pos=<7550.29, 35.24, 7901.02>) CloseBarrel dp_box_big_Brown
16:17:17: Player "Passo Largo" (steam64id="76561198057660141" pos=<7549.6, 35.27, 7893.22>) OpenBarrel dp_box_big_Brown
16:17:45: Player "Passo Largo" (steam64id="76561198057660141" pos=<7553.91, 35.26, 7893.45>) CloseBarrel dp_box_big_Brown
16:17:46: Player "Passo Largo" (steam64id="76561198057660141" pos=<7551.68, 35.27, 7892.97>) CloseBarrel dp_box_big_Brown
16:19:47: Player "Passo Largo" (steam64id="76561198057660141" pos=<7553.98, 31.35, 7894.05>) CloseBarrel dp_box_big_Brown
16:20:15: Player "Passo Largo" (steam64id="76561198057660141" pos=<7550.69, 35.24, 7900.72>) OpenBarrel dp_box_big_Brown
16:20:36: Player "Passo Largo" (steam64id="76561198057660141" pos=<7550.83, 35.24, 7900.73>) CloseBarrel dp_box_big_Brown
16:20:52: Player "oziel" (steam64id="76561199063596086" pos=<10434.7, 12.53, 11545.4>) OpenBarrel dp_box_big_Brown
16:21:25: Player "Passo Largo" (steam64id="76561198057660141" pos=<7557.72, 28.05, 7898.83>) OpenBarrel dp_box_big_Brown
16:21:44: Player "Passo Largo" (steam64id="76561198057660141" pos=<7550.3, 35.27, 7893.42>) OpenBarrel dp_box_big_Brown
16:22:44: Player "Passo Largo" (steam64id="76561198057660141" pos=<7554.1, 31.35, 7894.63>) OpenBarrel dp_box_big_Brown
16:22:46: Player "Passo Largo" (steam64id="76561198057660141" pos=<7554.08, 31.35, 7894.63>) CloseBarrel dp_box_big_Brown
16:23:11: Player "Passo Largo" (steam64id="76561198057660141" pos=<7550.79, 35.24, 7900.84>) OpenBarrel dp_box_big_Brown
16:23:17: Player "Passo Largo" (steam64id="76561198057660141" pos=<7550.43, 35.24, 7900.69>) CloseBarrel dp_box_big_Brown
16:23:17: Player "Passo Largo" (steam64id="76561198057660141" pos=<7549.63, 35.24, 7900.72>) OpenBarrel dp_box_big_Brown
16:23:19: Player "Passo Largo" (steam64id="76561198057660141" pos=<7549.63, 35.24, 7900.72>) CloseBarrel dp_box_big_Olive
16:23:23: Player "Passo Largo" (steam64id="76561198057660141" pos=<7549.68, 35.24, 7900.45>) CloseBarrel dp_box_big_Brown
16:23:25: Player "Passo Largo" (steam64id="76561198057660141" pos=<7550.12, 35.24, 7900.62>) CloseBarrel dp_box_big_Brown
16:28:24: Player "Passo Largo" (steam64id="76561198057660141" pos=<7554.08, 31.35, 7894.25>) OpenBarrel dp_box_big_Brown
16:29:51: Player "GabrielLobato" (steam64id="76561198158375860" pos=<11080.2, 41.37, 8425.99>) CloseBarrel dp_box_big_Brown
16:29:52: Player "Passo Largo" (steam64id="76561198057660141" pos=<7554.06, 31.35, 7894.33>) CloseBarrel dp_box_big_Brown
16:38:12: Player "[YKZ] Emissarius" (steam64id="76561198271087379" pos=<11086.1, 4.21, 8420.84>) OpenBarrel Barrel_Red
16:55:20: Player "[YKZ]-BlackBear" (steam64id="76561198343030820" pos=<11085.5, 41.36, 8427.5>) OpenBarrel dp_box_big_Olive
16:56:06: Player "[ONE] JAPA" (steam64id="76561198161060673" pos=<9570.15, 29.32, 12166.8>) CloseBarrel dp_box_big_Grey
16:56:08: Player "[ONE] JAPA" (steam64id="76561198161060673" pos=<9570.82, 29.34, 12167.4>) OpenBarrel dp_box_big_Grey
16:56:10: Player "[ONE] JAPA" (steam64id="76561198161060673" pos=<9570.8, 29.34, 12167.4>) CloseBarrel dp_box_big_Grey
16:56:12: Player "[ONE] JAPA" (steam64id="76561198161060673" pos=<9570.28, 29.29, 12165.9>) CloseBarrel dp_box_big_Grey
16:56:14: Player "[ONE] JAPA" (steam64id="76561198161060673" pos=<9570.27, 29.23, 12163.7>) OpenBarrel dp_box_big_Grey
16:56:27: Player "[ONE] JAPA" (steam64id="76561198161060673" pos=<9570.27, 29.23, 12163.7>) CloseBarrel dp_box_big_Grey
16:58:29: Player "[YKZ]-BlackBear" (steam64id="76561198343030820" pos=<11091.9, 27.98, 8428.26>) OpenBarrel Barrel_Green
17:15:34: Player "[ONE] JAPA" (steam64id="76561198161060673" pos=<9570.47, 29.34, 12167.4>) OpenBarrel dp_box_big_Grey
17:15:37: Player "[ONE] JAPA" (steam64id="76561198161060673" pos=<9570.46, 29.34, 12167.3>) CloseBarrel dp_box_big_Grey
17:15:38: Player "[ONE] JAPA" (steam64id="76561198161060673" pos=<9570.46, 29.27, 12165.7>) OpenBarrel dp_box_big_Grey
17:15:41: Player "[ONE] JAPA" (steam64id="76561198161060673" pos=<9570.43, 29.27, 12165.6>) CloseBarrel dp_box_big_Grey
17:15:42: Player "[ONE] JAPA" (steam64id="76561198161060673" pos=<9570.36, 29.23, 12164.1>) OpenBarrel dp_box_big_Grey
17:15:52: Player "[ONE] JAPA" (steam64id="76561198161060673" pos=<9570.32, 29.22, 12163.4>) CloseBarrel dp_box_big_Grey
17:15:55: Player "[ONE] JAPA" (steam64id="76561198161060673" pos=<9570.03, 29.21, 12162.4>) CloseBarrel dp_box_big_Grey
17:15:56: Player "[ONE] JAPA" (steam64id="76561198161060673" pos=<9569.87, 29.19, 12160.7>) OpenBarrel dp_box_big_Grey
17:15:57: Player "[ONE] JAPA" (steam64id="76561198161060673" pos=<9569.7, 29.18, 12160.6>) CloseBarrel dp_box_big_Grey
17:15:58: Player "[ONE] JAPA" (steam64id="76561198161060673" pos=<9569.13, 29.16, 12159.3>) OpenBarrel dp_box_big_Grey
17:16:00: Player "[ONE] JAPA" (steam64id="76561198161060673" pos=<9568.95, 29.16, 12159.2>) CloseBarrel dp_box_big_Grey
17:16:01: Player "[ONE] JAPA" (steam64id="76561198161060673" pos=<9568.38, 29.14, 12157.9>) OpenBarrel dp_box_big_Grey
17:16:03: Player "[ONE] JAPA" (steam64id="76561198161060673" pos=<9568.38, 29.14, 12157.9>) CloseBarrel dp_box_big_Grey
17:16:05: Player "[ONE] JAPA" (steam64id="76561198161060673" pos=<9564.5, 29.09, 12157.3>) OpenBarrel dp_box_big_Olive
17:16:07: Player "[ONE] JAPA" (steam64id="76561198161060673" pos=<9564.31, 29.37, 12157.6>) CloseBarrel dp_box_big_Olive
17:16:08: Player "[ONE] JAPA" (steam64id="76561198161060673" pos=<9561.41, 28.83, 12161.2>) OpenBarrel dp_box_big_Olive
17:16:11: Player "[ONE] JAPA" (steam64id="76561198161060673" pos=<9561.41, 28.83, 12161.2>) CloseBarrel dp_box_big_Olive
17:27:20: Player "DanielSam" (steam64id="76561198867200764" pos=<7554.41, 31.34, 7895.83>) OpenBarrel dp_box_big_Brown
17:27:25: Player "DanielSam" (steam64id="76561198867200764" pos=<7554.48, 31.34, 7895.34>) CloseBarrel dp_box_big_Brown
17:33:18: Player "DanielSam" (steam64id="76561198867200764" pos=<7554.87, 31.34, 7895.84>) OpenBarrel dp_box_big_Brown
17:36:14: Player "Passo Largo" (steam64id="76561198057660141" pos=<7551.43, 35.24, 7900.71>) OpenBarrel dp_box_big_Brown
17:37:04: Player "Passo Largo" (steam64id="76561198057660141" pos=<7549.45, 35.24, 7901.04>) OpenBarrel dp_box_big_Brown
17:37:05: Player "Passo Largo" (steam64id="76561198057660141" pos=<7549.27, 35.24, 7901>) OpenBarrel dp_box_big_Olive
17:37:06: Player "Passo Largo" (steam64id="76561198057660141" pos=<7550.28, 35.24, 7900.54>) OpenBarrel dp_box_big_Brown
17:38:55: Player "[YKZ] Felps" (steam64id="76561198892779186" pos=<11081.4, 41.80, 8424.05>) OpenBarrel dp_box_big_Brown
17:39:07: Player "[YKZ] Felps" (steam64id="76561198892779186" pos=<11081.3, 41.80, 8424.02>) CloseBarrel dp_box_big_Brown
17:41:54: Player "Passo Largo" (steam64id="76561198057660141" pos=<7550.47, 35.24, 7900.63>) CloseBarrel dp_box_big_Brown
17:41:55: Player "Passo Largo" (steam64id="76561198057660141" pos=<7550.51, 35.24, 7900.55>) CloseBarrel dp_box_big_Brown
17:42:41: Player "Passo Largo" (steam64id="76561198057660141" pos=<7550.83, 35.24, 7900.96>) OpenBarrel dp_box_big_Brown
17:58:15: Player "[YKZ] chron1c" (steam64id="76561198205585613" pos=<11080.8, 41.37, 8422.72>) OpenBarrel dp_box_big_Brown
18:01:33: Player "Thur" (steam64id="76561198329721265" pos=<7496.69, 1.20, 5868.89>) OpenBarrel dp_box_big_Olive
18:01:36: Player "Thur" (steam64id="76561198329721265" pos=<7496.6, 1.19, 5868.45>) CloseBarrel dp_box_big_Olive
18:01:38: Player "Thur" (steam64id="76561198329721265" pos=<7495.31, 1.20, 5869.18>) OpenBarrel dp_box_big_Brown
18:01:41: Player "Thur" (steam64id="76561198329721265" pos=<7495.31, 1.20, 5869.18>) CloseBarrel dp_box_big_Brown
18:01:42: Player "Thur" (steam64id="76561198329721265" pos=<7494.62, 1.20, 5869.09>) OpenBarrel dp_box_big_Brown
18:01:48: Player "Thur" (steam64id="76561198329721265" pos=<7494.35, 1.20, 5869.2>) CloseBarrel dp_box_big_Brown
18:01:51: Player "Thur" (steam64id="76561198329721265" pos=<7494.9, 1.27, 5870.78>) OpenBarrel dp_box_big_Grey
18:01:53: Player "Thur" (steam64id="76561198329721265" pos=<7494.91, 1.27, 5870.8>) CloseBarrel dp_box_big_Grey
18:01:55: Player "Thur" (steam64id="76561198329721265" pos=<7495.55, 1.33, 5872.27>) OpenBarrel dp_box_big_Grey
18:01:59: Player "Thur" (steam64id="76561198329721265" pos=<7495.55, 1.33, 5872.27>) CloseBarrel dp_box_big_Grey
18:02:01: Player "Thur" (steam64id="76561198329721265" pos=<7498.2, 1.32, 5872.25>) OpenBarrel dp_box_big_Brown
18:02:05: Player "Thur" (steam64id="76561198329721265" pos=<7498.17, 1.32, 5872.22>) CloseBarrel dp_box_big_Brown
18:10:36: Player "DanielSam" (steam64id="76561198867200764" pos=<7548.47, 35.24, 7900.77>) OpenBarrel dp_box_big_Brown
18:11:13: Player "Thur" (steam64id="76561198329721265" pos=<8843.27, 7.48, 10255.9>) OpenBarrel Barrel_Green
18:17:57: Player "Passo Largo" (steam64id="76561198057660141" pos=<7549.98, 35.27, 7893.39>) CloseBarrel dp_box_big_Brown
18:21:36: Player "Passo Largo" (steam64id="76561198057660141" pos=<7550.31, 35.24, 7900.68>) CloseBarrel dp_box_big_Brown
19:02:38: Player "[L.B] ploodrinny" (steam64id="76561198312062387" pos=<7361.17, 18.46, 7133.34>) CloseBarrel dp_box_small_Brown
19:03:11: Player "[L.B] ploodrinny" (steam64id="76561198312062387" pos=<7362.71, 18.46, 7132.95>) OpenBarrel dp_box_small_Brown
19:21:09: Player "Passo Largo" (steam64id="76561198057660141" pos=<7551.06, 35.24, 7900.71>) OpenBarrel dp_box_big_Brown
19:25:53: Player "DanielSam" (steam64id="76561198867200764" pos=<7554.13, 31.35, 7894.92>) CloseBarrel dp_box_big_Brown
19:26:18: Player "DanielSam" (steam64id="76561198867200764" pos=<7553.97, 31.35, 7894.56>) OpenBarrel dp_box_big_Brown
19:27:40: Player "DanielSam" (steam64id="76561198867200764" pos=<7554.11, 31.35, 7894.83>) CloseBarrel dp_box_big_Brown
19:27:46: Player "DanielSam" (steam64id="76561198867200764" pos=<7554.64, 35.26, 7893.8>) OpenBarrel dp_box_big_Brown
19:28:37: Player "DanielSam" (steam64id="76561198867200764" pos=<7554.36, 35.26, 7893.87>) CloseBarrel dp_box_big_Brown
19:28:53: Player "DanielSam" (steam64id="76561198867200764" pos=<7550.72, 35.27, 7893.27>) OpenBarrel dp_box_big_Brown
19:29:01: Player "DanielSam" (steam64id="76561198867200764" pos=<7550.64, 35.27, 7893.18>) CloseBarrel dp_box_big_Brown
19:32:02: Player "Passo Largo" (steam64id="76561198057660141" pos=<7553.44, 35.27, 7892.68>) OpenBarrel dp_box_big_Brown
19:32:43: Player "Passo Largo" (steam64id="76561198057660141" pos=<7553.93, 31.35, 7894.94>) OpenBarrel dp_box_big_Brown
19:33:19: Player "[ONE] JAPA" (steam64id="76561198161060673" pos=<9560.41, 28.75, 12162.9>) OpenBarrel dp_box_big_Olive
19:33:21: Player "[ONE] JAPA" (steam64id="76561198161060673" pos=<9560.59, 28.77, 12162.8>) CloseBarrel dp_box_big_Olive
19:33:22: Player "[ONE] JAPA" (steam64id="76561198161060673" pos=<9562.58, 28.94, 12159.2>) OpenBarrel dp_box_big_Olive
19:33:24: Player "[ONE] JAPA" (steam64id="76561198161060673" pos=<9562.58, 28.94, 12159.2>) CloseBarrel dp_box_big_Olive
19:34:02: Player "[L.B] ploodrinny" (steam64id="76561198312062387" pos=<7358.28, 14.33, 7135.31>) OpenBarrel dp_box_small_Olive
19:34:07: Player "[L.B] Santorin" (steam64id="76561199069721527" pos=<7360.08, 14.33, 7134.22>) CloseBarrel dp_box_small_Olive
19:35:01: Player "[L.B] ploodrinny" (steam64id="76561198312062387" pos=<7345.47, 16.25, 7134.72>) OpenBarrel dp_box_small_Olive
19:35:50: Player "Passo Largo" (steam64id="76561198057660141" pos=<7550.78, 35.27, 7893.07>) OpenBarrel dp_box_big_Brown
19:40:58: Player "Passo Largo" (steam64id="76561198057660141" pos=<7550.63, 35.27, 7893.51>) CloseBarrel dp_box_big_Brown
19:41:00: Player "Passo Largo" (steam64id="76561198057660141" pos=<7553.51, 35.26, 7893.46>) CloseBarrel dp_box_big_Brown
19:42:03: Player "Passo Largo" (steam64id="76561198057660141" pos=<7550.3, 35.26, 7893.65>) OpenBarrel dp_box_big_Brown
19:42:16: Player "Passo Largo" (steam64id="76561198057660141" pos=<7550.23, 35.27, 7893.49>) CloseBarrel dp_box_big_Brown
20:14:27: Player "[L.B] ploodrinny" (steam64id="76561198312062387" pos=<7357.91, 18.46, 7133.69>) CloseBarrel dp_box_small_Olive
20:14:28: Player "[L.B] ploodrinny" (steam64id="76561198312062387" pos=<7358.07, 18.46, 7134.08>) CloseBarrel dp_box_small_Brown
20:15:55: Player "[YKZ]-BlackBear" (steam64id="76561198343030820" pos=<10981.9, 40.02, 8664.56>) CloseBarrel dp_box_small_Olive
20:22:18: Player "[YKZ]-BlackBear" (steam64id="76561198343030820" pos=<11092.7, 41.37, 8427.75>) OpenBarrel dp_box_small_Olive
20:23:01: Player "[YKZ] Emissarius" (steam64id="76561198271087379" pos=<11085.3, 41.36, 8427.18>) OpenBarrel dp_box_big_Brown
20:26:13: Player "[YKZ] Emissarius" (steam64id="76561198271087379" pos=<11085.9, 41.86, 8427.22>) OpenBarrel dp_box_big_Olive
20:26:19: Player "[YKZ]-BlackBear" (steam64id="76561198343030820" pos=<11085.7, 41.36, 8427.96>) CloseBarrel dp_box_big_Olive
20:35:18: Player "[YKZ]-BlackBear" (steam64id="76561198343030820" pos=<11085.9, 41.86, 8426.97>) CloseBarrel dp_box_big_Olive
20:35:42: Player "[YKZ]-BlackBear" (steam64id="76561198343030820" pos=<11085.4, 41.36, 8427.92>) OpenBarrel dp_box_big_Olive
20:41:42: Player "[YKZ]-BlackBear" (steam64id="76561198343030820" pos=<11085.2, 41.36, 8428.24>) CloseBarrel dp_box_big_Olive
20:41:44: Player "[YKZ]-BlackBear" (steam64id="76561198343030820" pos=<11085.2, 41.36, 8428.24>) CloseBarrel dp_box_big_Brown
20:47:23: Player "[L.B] Santorin" (steam64id="76561199069721527" pos=<7357.39, 18.46, 7133.85>) OpenBarrel dp_box_small_Olive
20:47:24: Player "[L.B] Santorin" (steam64id="76561199069721527" pos=<7357.65, 18.46, 7133.94>) OpenBarrel dp_box_small_Brown
21:19:25: Player "PintoJunior" (steam64id="76561198057936781" pos=<7680.47, 43.72, 6517.47>) OpenBarrel dp_box_big_Brown
21:20:01: Player "PintoJunior" (steam64id="76561198057936781" pos=<7681.36, 43.72, 6516.92>) CloseBarrel dp_box_big_Brown
21:46:32: Player "Passo Largo" (steam64id="76561198057660141" pos=<7553.8, 35.27, 7893.38>) OpenBarrel dp_box_big_Brown
21:46:35: Player "Passo Largo" (steam64id="76561198057660141" pos=<7553.8, 35.26, 7893.38>) CloseBarrel dp_box_big_Brown
21:48:29: Player "DanielSam" (steam64id="76561198867200764" pos=<7554.23, 35.26, 7893.91>) OpenBarrel dp_box_big_Brown
21:48:31: Player "Passo Largo" (steam64id="76561198057660141" pos=<7548.01, 35.24, 7901.91>) CloseBarrel dp_box_big_Brown
21:48:33: Player "Passo Largo" (steam64id="76561198057660141" pos=<7548.01, 35.24, 7901.91>) CloseBarrel dp_box_big_Olive
21:50:11: Player "DanielSam" (steam64id="76561198867200764" pos=<7553.24, 35.26, 7893.72>) CloseBarrel dp_box_big_Brown
21:50:14: Player "DanielSam" (steam64id="76561198867200764" pos=<7550.98, 35.27, 7893.01>) OpenBarrel dp_box_big_Brown
21:50:17: Player "DanielSam" (steam64id="76561198867200764" pos=<7550.71, 35.27, 7893>) CloseBarrel dp_box_big_Brown
21:52:27: Player "DanielSam" (steam64id="76561198867200764" pos=<7553.6, 35.26, 7893.4>) OpenBarrel dp_box_big_Brown
21:52:30: Player "DanielSam" (steam64id="76561198867200764" pos=<7553.7, 35.27, 7893.29>) CloseBarrel dp_box_big_Brown
21:52:32: Player "DanielSam" (steam64id="76561198867200764" pos=<7550.62, 35.69, 7892.73>) OpenBarrel dp_box_big_Brown
21:52:36: Player "DanielSam" (steam64id="76561198867200764" pos=<7551.02, 35.27, 7892.94>) CloseBarrel dp_box_big_Brown
21:52:49: Player "DanielSam" (steam64id="76561198867200764" pos=<7554.56, 31.79, 7895.1>) CloseBarrel dp_box_big_Brown
21:58:20: Player "PintoJunior" (steam64id="76561198057936781" pos=<7680.32, 43.72, 6516.79>) OpenBarrel dp_box_big_Brown
22:01:50: Player "PintoJunior" (steam64id="76561198057936781" pos=<7680.75, 43.72, 6517.13>) CloseBarrel dp_box_big_Brown
22:07:52: Player "Passo Largo" (steam64id="76561198057660141" pos=<7551.01, 35.27, 7893.26>) OpenBarrel dp_box_big_Brown
22:08:54: Player "DanielSam" (steam64id="76561198867200764" pos=<7554.57, 35.26, 7893.96>) OpenBarrel dp_box_big_Brown
22:10:49: Player "Passo Largo" (steam64id="76561198057660141" pos=<7549.3, 35.24, 7900.78>) OpenBarrel dp_box_big_Brown
22:10:56: Player "Passo Largo" (steam64id="76561198057660141" pos=<7550.21, 35.24, 7900.73>) CloseBarrel dp_box_big_Brown
22:11:01: Player "Passo Largo" (steam64id="76561198057660141" pos=<7550.9, 35.24, 7900.76>) OpenBarrel dp_box_big_Brown
22:11:02: Player "Passo Largo" (steam64id="76561198057660141" pos=<7550.83, 35.24, 7900.55>) CloseBarrel dp_box_big_Brown
22:11:07: Player "Passo Largo" (steam64id="76561198057660141" pos=<7549.88, 35.24, 7900.9>) OpenBarrel dp_box_big_Olive
22:11:08: Player "Passo Largo" (steam64id="76561198057660141" pos=<7549.88, 35.24, 7900.9>) CloseBarrel dp_box_big_Brown
22:11:19: Player "Passo Largo" (steam64id="76561198057660141" pos=<7549.63, 35.24, 7901.01>) CloseBarrel dp_box_big_Brown
22:11:51: Player "TripaSeca" (steam64id="76561198093060507" pos=<7554.28, 31.73, 7894.23>) OpenBarrel dp_box_big_Brown
22:14:27: Player "Passo Largo" (steam64id="76561198057660141" pos=<7550.83, 35.27, 7893.35>) CloseBarrel dp_box_big_Brown
22:14:28: Player "Passo Largo" (steam64id="76561198057660141" pos=<7553.01, 35.27, 7892.81>) CloseBarrel dp_box_big_Brown
22:14:46: Player "Passo Largo" (steam64id="76561198057660141" pos=<7553.8, 35.27, 7892.89>) OpenBarrel dp_box_big_Brown
22:15:33: Player "Passo Largo" (steam64id="76561198057660141" pos=<7550.15, 35.24, 7900.62>) OpenBarrel dp_box_big_Brown
22:15:34: Player "Passo Largo" (steam64id="76561198057660141" pos=<7550.15, 35.24, 7900.62>) OpenBarrel dp_box_big_Brown
22:15:37: Player "Passo Largo" (steam64id="76561198057660141" pos=<7549.76, 35.24, 7900.59>) CloseBarrel dp_box_big_Brown
22:15:38: Player "Passo Largo" (steam64id="76561198057660141" pos=<7549.67, 35.24, 7900.53>) CloseBarrel dp_box_big_Brown
22:15:41: Player "Passo Largo" (steam64id="76561198057660141" pos=<7550.38, 35.24, 7901.08>) OpenBarrel dp_box_big_Brown
22:17:46: Player "Passo Largo" (steam64id="76561198057660141" pos=<7551, 35.24, 7900.7>) OpenBarrel dp_box_big_Brown
22:31:41: Player "[YKZ] Emissarius" (steam64id="76561198271087379" pos=<10387.7, 14.52, 10615.9>) OpenBarrel dp_box_big_Grey
23:10:49: Player "Passo Largo" (steam64id="76561198057660141" pos=<7550.13, 35.24, 7900.51>) OpenBarrel dp_box_big_Brown
23:20:59: Player "[HORDA]ThiagoPenna" (steam64id="76561198218822351" pos=<9557.62, 2.94, 9586.92>) OpenBarrel dp_box_big_Tan
23:22:42: Player "[ONE] JAPA" (steam64id="76561198161060673" pos=<9570.42, 29.34, 12167.3>) OpenBarrel dp_box_big_Grey
23:22:44: Player "[ONE] JAPA" (steam64id="76561198161060673" pos=<9570.3, 29.23, 12164>) OpenBarrel dp_box_big_Grey
23:22:50: Player "[ONE] JAPA" (steam64id="76561198161060673" pos=<9569.67, 29.19, 12161.6>) CloseBarrel dp_box_big_Grey
23:22:56: Player "[ONE] JAPA" (steam64id="76561198161060673" pos=<9569.82, 29.21, 12162.1>) OpenBarrel dp_box_big_Grey
23:23:17: Player "[ONE}Rick" (steam64id="76561198868590548" pos=<9569.97, 29.27, 12165.3>) OpenBarrel dp_box_big_Grey
23:52:21: Player "[HORDA]MacLovin" (steam64id="76561199068236803" pos=<9559.22, 2.94, 9585.43>) CloseBarrel dp_box_big_Tan
