19:24:30: Player "[YKZ]-Lobato" (steam64id="76561198158375860" pos=<11091.7, 35.67, 8428.44>) OpenBarrel dp_box_small_Olive
19:24:33: Player "[YKZ]-Lobato" (steam64id="76561198158375860" pos=<11091.7, 35.66, 8428.44>) CloseBarrel dp_box_small_Olive
19:25:45: Player "[YKZ]-Lobato" (steam64id="76561198158375860" pos=<11089, 35.24, 8433.74>) OpenBarrel dp_box_big_Brown
19:26:02: Player "[YKZ]-Lobato" (steam64id="76561198158375860" pos=<11089, 35.24, 8433.74>) CloseBarrel dp_box_big_Brown
19:26:03: Player "[YKZ]-Lobato" (steam64id="76561198158375860" pos=<11089.3, 35.24, 8432.74>) OpenBarrel dp_box_big_Brown
19:26:21: Player "[YKZ]-Lobato" (steam64id="76561198158375860" pos=<11089.3, 35.24, 8432.71>) CloseBarrel dp_box_big_Brown
19:26:22: Player "[YKZ]-Lobato" (steam64id="76561198158375860" pos=<11089.6, 35.24, 8431.39>) OpenBarrel dp_box_big_Brown
19:27:06: Player "[YKZ]-Lobato" (steam64id="76561198158375860" pos=<11090.3, 35.24, 8430.92>) CloseBarrel dp_box_big_Brown
20:18:12: Player "[YKZ]-BlackBear" (steam64id="76561198343030820" pos=<11091.9, 35.24, 8427.91>) OpenBarrel dp_box_small_Olive
20:18:16: Player "[YKZ]-BlackBear" (steam64id="76561198343030820" pos=<11091.9, 35.24, 8427.91>) CloseBarrel dp_box_small_Olive
20:18:38: Player "[YKZ]-BlackBear" (steam64id="76561198343030820" pos=<11092, 35.24, 8428.68>) OpenBarrel dp_box_small_Olive
20:19:24: Player "[YKZ]-BlackBear" (steam64id="76561198343030820" pos=<11092.1, 35.24, 8427.83>) CloseBarrel dp_box_small_Olive
20:21:38: Player "[YKZ]-BlackBear" (steam64id="76561198343030820" pos=<11086.2, 41.74, 8427.5>) OpenBarrel dp_box_big_Brown
20:23:18: Player "Duero" (steam64id="76561198259492425" pos=<7389.67, 31.55, 8201.19>) CloseBarrel dp_box_big_Tan
20:23:19: Player "Duero" (steam64id="76561198259492425" pos=<7390.65, 31.55, 8202.31>) CloseBarrel dp_box_small_Brown
20:23:21: Player "Duero" (steam64id="76561198259492425" pos=<7390.65, 31.55, 8202.31>) OpenBarrel dp_box_big_Olive
20:29:23: Player "[YKZ]-BlackBear" (steam64id="76561198343030820" pos=<11085.3, 41.36, 8427.49>) OpenBarrel dp_box_big_Brown
20:29:28: Player "[YKZ]-BlackBear" (steam64id="76561198343030820" pos=<11085.3, 41.36, 8427.49>) CloseBarrel dp_box_big_Brown
20:29:30: Player "[YKZ]-BlackBear" (steam64id="76561198343030820" pos=<11085.3, 41.36, 8427.49>) CloseBarrel dp_box_big_Olive
20:31:50: Player "[EB] pedrobala" (steam64id="76561198046653521" pos=<10391, 17.65, 10609.5>) OpenBarrel dp_box_big_Grey
20:31:53: Player "[YKZ]-BlackBear" (steam64id="76561198343030820" pos=<11085.4, 41.36, 8427.48>) OpenBarrel dp_box_big_Brown
20:32:07: Player "[YKZ]-BlackBear" (steam64id="76561198343030820" pos=<11085.4, 41.36, 8427.48>) CloseBarrel dp_box_big_Brown
20:32:20: Player "[YKZ]-BlackBear" (steam64id="76561198343030820" pos=<11085.3, 41.36, 8427.42>) CloseBarrel dp_box_big_Brown
20:32:21: Player "[YKZ]-BlackBear" (steam64id="76561198343030820" pos=<11085.7, 41.36, 8427.93>) OpenBarrel dp_box_big_Olive
20:32:25: Player "[EB] pedrobala" (steam64id="76561198046653521" pos=<10391.1, 17.65, 10609>) CloseBarrel dp_box_big_Grey
20:32:31: Player "[YKZ]-BlackBear" (steam64id="76561198343030820" pos=<11085.3, 41.36, 8427.67>) CloseBarrel dp_box_big_Olive
20:32:33: Player "[YKZ]-BlackBear" (steam64id="76561198343030820" pos=<11085.3, 41.36, 8427.67>) OpenBarrel dp_box_big_Brown
20:32:40: Player "[YKZ]-BlackBear" (steam64id="76561198343030820" pos=<11085.3, 41.36, 8427.67>) CloseBarrel dp_box_big_Brown
20:33:57: Player "[HORDA]MacLovin" (steam64id="76561199068236803" pos=<9954.25, 19.17, 11777>) OpenBarrel dp_box_big_Grey
20:34:14: Player "[EB] pedrobala" (steam64id="76561198046653521" pos=<10391.2, 17.65, 10609.2>) OpenBarrel dp_box_big_Grey
20:34:58: Player "[YKZ]-BlackBear" (steam64id="76561198343030820" pos=<11085.5, 41.36, 8428.01>) OpenBarrel dp_box_big_Olive
20:35:07: Player "[YKZ]-BlackBear" (steam64id="76561198343030820" pos=<11085.5, 41.36, 8428.01>) CloseBarrel dp_box_big_Olive
20:35:50: Player "[EB] pedrobala" (steam64id="76561198046653521" pos=<10391.5, 17.66, 10609.5>) CloseBarrel dp_box_big_Grey
20:37:36: Player "[EB] pedrobala" (steam64id="76561198046653521" pos=<10388.1, 14.53, 10615.7>) OpenBarrel dp_box_big_Grey
20:37:38: Player "[EB] pedrobala" (steam64id="76561198046653521" pos=<10388.9, 14.53, 10614.4>) CloseBarrel dp_box_big_Grey
20:39:32: Player "[EB] pedrobala" (steam64id="76561198046653521" pos=<10390.8, 17.65, 10609.3>) OpenBarrel dp_box_big_Grey
20:40:09: Player "[EB] pedrobala" (steam64id="76561198046653521" pos=<10390.8, 17.65, 10608.9>) CloseBarrel dp_box_big_Grey
20:40:11: Player "[EB] pedrobala" (steam64id="76561198046653521" pos=<10392.3, 17.67, 10609.7>) OpenBarrel dp_box_big_Grey
20:41:24: Player "[EB] pedrobala" (steam64id="76561198046653521" pos=<10390.9, 17.65, 10609>) OpenBarrel dp_box_big_Grey
20:42:26: Player "[EB] pedrobala" (steam64id="76561198046653521" pos=<10391.2, 17.65, 10609.4>) CloseBarrel dp_box_big_Grey
20:42:28: Player "[EB] pedrobala" (steam64id="76561198046653521" pos=<10391.2, 17.66, 10609.4>) CloseBarrel dp_box_big_Grey
20:48:57: Player "Duero" (steam64id="76561198259492425" pos=<7393.76, 31.55, 8201.17>) CloseBarrel dp_box_big_Grey
20:51:29: Player "Duero" (steam64id="76561198259492425" pos=<7393.03, 31.55, 8200.37>) OpenBarrel dp_box_big_Grey
20:52:10: Player "ttuker" (steam64id="76561198971813376" pos=<7392.48, 31.55, 8201.63>) CloseBarrel dp_box_big_Olive
20:52:31: Player "ttuker" (steam64id="76561198971813376" pos=<7393.91, 32.06, 8200.16>) CloseBarrel dp_box_big_Grey
20:53:00: Player "Duero" (steam64id="76561198259492425" pos=<7390.88, 31.55, 8202.1>) OpenBarrel dp_box_small_Brown
20:55:07: Player "ttuker" (steam64id="76561198971813376" pos=<7389.74, 31.55, 8202.11>) OpenBarrel dp_box_big_Tan
20:55:10: Player "ttuker" (steam64id="76561198971813376" pos=<7389.86, 31.55, 8201.59>) CloseBarrel dp_box_big_Tan
20:55:11: Player "ttuker" (steam64id="76561198971813376" pos=<7389.54, 31.55, 8200.39>) OpenBarrel dp_box_big_Tan
20:55:21: Player "ttuker" (steam64id="76561198971813376" pos=<7389.57, 31.55, 8199.74>) OpenBarrel dp_box_big_Brown
21:04:32: Player "Duero" (steam64id="76561198259492425" pos=<7388.39, 32.04, 8198.92>) CloseBarrel dp_box_big_Tan
21:04:34: Player "Duero" (steam64id="76561198259492425" pos=<7388.4, 32.05, 8198.94>) CloseBarrel dp_box_big_Brown
21:06:15: Player "[EB] pedrobala" (steam64id="76561198046653521" pos=<10392.5, 17.68, 10609.9>) OpenBarrel dp_box_big_Grey
21:06:19: Player "[EB] pedrobala" (steam64id="76561198046653521" pos=<10392.5, 17.68, 10609.9>) CloseBarrel dp_box_big_Grey
21:06:20: Player "[EB] pedrobala" (steam64id="76561198046653521" pos=<10391, 17.65, 10609.4>) OpenBarrel dp_box_big_Grey
21:06:28: Player "[EB] pedrobala" (steam64id="76561198046653521" pos=<10391.1, 17.65, 10609.2>) CloseBarrel dp_box_big_Grey
21:06:52: Player "[EB] pedrobala" (steam64id="76561198046653521" pos=<10390.9, 17.65, 10609>) OpenBarrel dp_box_big_Grey
21:06:54: Player "[EB] pedrobala" (steam64id="76561198046653521" pos=<10392.7, 17.68, 10610>) OpenBarrel dp_box_big_Grey
21:07:15: Player "[EB] pedrobala" (steam64id="76561198046653521" pos=<10392.7, 17.68, 10610>) CloseBarrel dp_box_big_Grey
21:09:29: Player "[EB] pedrobala" (steam64id="76561198046653521" pos=<10391.1, 17.65, 10608.9>) CloseBarrel dp_box_big_Grey
21:09:52: Player "[EB] pedrobala" (steam64id="76561198046653521" pos=<10391.1, 17.65, 10609.1>) OpenBarrel dp_box_big_Grey
21:09:53: Player "[EB] pedrobala" (steam64id="76561198046653521" pos=<10391.1, 17.65, 10609.1>) CloseBarrel dp_box_big_Grey
21:27:48: Player "[EB] pedrobala" (steam64id="76561198046653521" pos=<10391.2, 17.65, 10608.9>) OpenBarrel dp_box_big_Grey
21:28:02: Player "[EB] pedrobala" (steam64id="76561198046653521" pos=<10390.8, 17.65, 10608.7>) CloseBarrel dp_box_big_Grey
21:30:44: Player "[EB] pedrobala" (steam64id="76561198046653521" pos=<10390.8, 17.65, 10608.8>) OpenBarrel dp_box_big_Grey
21:30:59: Player "[EB] pedrobala" (steam64id="76561198046653521" pos=<10390.8, 17.65, 10608.8>) CloseBarrel dp_box_big_Grey
21:31:21: Player "[EB] pedrobala" (steam64id="76561198046653521" pos=<10391.8, 17.67, 10610>) OpenBarrel dp_box_big_Grey
21:31:30: Player "[EB] pedrobala" (steam64id="76561198046653521" pos=<10392, 17.67, 10609.7>) CloseBarrel dp_box_big_Grey
21:31:31: Player "[EB] pedrobala" (steam64id="76561198046653521" pos=<10390.7, 17.64, 10608.9>) OpenBarrel dp_box_big_Grey
21:31:57: Player "[EB] pedrobala" (steam64id="76561198046653521" pos=<10390.7, 17.64, 10608.9>) CloseBarrel dp_box_big_Grey
21:32:37: Player "[EB] pedrobala" (steam64id="76561198046653521" pos=<10388.9, 14.53, 10614>) OpenBarrel dp_box_big_Grey
21:32:50: Player "[EB] pedrobala" (steam64id="76561198046653521" pos=<10388.5, 14.52, 10614.5>) CloseBarrel dp_box_big_Grey
21:34:47: Player "[EB] pedrobala" (steam64id="76561198046653521" pos=<10388.8, 14.53, 10614.1>) OpenBarrel dp_box_big_Grey
21:35:06: Player "[EB] pedrobala" (steam64id="76561198046653521" pos=<10388.8, 14.53, 10614.4>) CloseBarrel dp_box_big_Grey
21:41:57: Player "[EB] pedrobala" (steam64id="76561198046653521" pos=<10392, 17.67, 10610>) OpenBarrel dp_box_big_Grey
21:42:00: Player "[EB] pedrobala" (steam64id="76561198046653521" pos=<10392, 17.67, 10610>) CloseBarrel dp_box_big_Grey
21:42:01: Player "[EB] pedrobala" (steam64id="76561198046653521" pos=<10390.4, 17.64, 10609.1>) OpenBarrel dp_box_big_Grey
21:42:37: Player "[YKZ]-BlackBear" (steam64id="76561198343030820" pos=<11085.4, 41.36, 8427.5>) OpenBarrel dp_box_big_Brown
21:42:39: Player "[YKZ]-BlackBear" (steam64id="76561198343030820" pos=<11085.4, 41.36, 8427.5>) CloseBarrel dp_box_big_Brown
21:43:50: Player "[EB] pedrobala" (steam64id="76561198046653521" pos=<10391.3, 17.65, 10608.9>) CloseBarrel dp_box_big_Grey
21:57:33: Player "[EB] pedrobala" (steam64id="76561198046653521" pos=<10392.4, 17.68, 10609.9>) OpenBarrel dp_box_big_Grey
21:57:46: Player "[EB] pedrobala" (steam64id="76561198046653521" pos=<10392.3, 17.67, 10610.1>) CloseBarrel dp_box_big_Grey
22:06:54: Player "ploodrinny" (steam64id="76561198312062387" pos=<7362.04, 22.00, 7137.31>) CloseBarrel dp_box_big_Tan
22:12:58: Player "[EB] pedrobala" (steam64id="76561198046653521" pos=<10391.2, 17.65, 10609.3>) OpenBarrel dp_box_big_Grey
22:13:14: Player "[EB] pedrobala" (steam64id="76561198046653521" pos=<10390.8, 17.65, 10609.4>) CloseBarrel dp_box_big_Grey
22:18:31: Player "CRD" (steam64id="76561199033852709" pos=<7362.44, 22.42, 7137.45>) OpenBarrel dp_box_big_Tan
22:18:41: Player "CRD" (steam64id="76561199033852709" pos=<7362.45, 22.41, 7137.42>) CloseBarrel dp_box_big_Tan
22:29:20: Player "[EB] pedrobala" (steam64id="76561198046653521" pos=<10390.6, 17.65, 10609.4>) OpenBarrel dp_box_big_Grey
22:29:30: Player "[EB] pedrobala" (steam64id="76561198046653521" pos=<10392.1, 17.67, 10609.7>) CloseBarrel dp_box_big_Grey
22:47:04: Player "[ONE}Rick" (steam64id="76561198868590548" pos=<9570.3, 29.32, 12166.7>) OpenBarrel dp_box_big_Grey
22:50:33: Player "[EB] pedrobala" (steam64id="76561198046653521" pos=<10392.5, 17.68, 10610.7>) OpenBarrel dp_box_big_Grey
22:54:54: Player "[EB] pedrobala" (steam64id="76561198046653521" pos=<10390.8, 17.65, 10609.4>) OpenBarrel dp_box_big_Grey
22:56:09: Player "[YKZ]-Lobato" (steam64id="76561198158375860" pos=<11089.4, 35.24, 8432.83>) OpenBarrel dp_box_big_Brown
22:56:16: Player "[EB] GordoEmers" (steam64id="76561198260617608" pos=<10391.5, 17.66, 10609.8>) OpenBarrel dp_box_big_Grey
22:57:41: Player "[EB] GordoEmers" (steam64id="76561198260617608" pos=<10389.3, 15.01, 10615.2>) OpenBarrel dp_box_big_Grey
22:57:44: Player "[EB] pedrobala" (steam64id="76561198046653521" pos=<10390.3, 17.64, 10608.9>) CloseBarrel dp_box_big_Grey
22:57:46: Player "[EB] pedrobala" (steam64id="76561198046653521" pos=<10392.4, 17.68, 10610.1>) CloseBarrel dp_box_big_Grey
22:58:20: Player "[EB] GordoEmers" (steam64id="76561198260617608" pos=<10388.3, 14.53, 10615.4>) CloseBarrel dp_box_big_Grey
22:58:51: Player "[EB] GordoEmers" (steam64id="76561198260617608" pos=<10389.1, 14.95, 10614.2>) OpenBarrel dp_box_big_Grey
22:59:00: Player "[EB] GordoEmers" (steam64id="76561198260617608" pos=<10389.1, 15.01, 10614.9>) CloseBarrel dp_box_big_Grey
22:59:02: Player "[EB] GordoEmers" (steam64id="76561198260617608" pos=<10388, 14.52, 10615.4>) OpenBarrel dp_box_big_Grey
22:59:05: Player "[EB] GordoEmers" (steam64id="76561198260617608" pos=<10388.9, 14.99, 10615.1>) CloseBarrel dp_box_big_Grey
22:59:07: Player "[EB] pedrobala" (steam64id="76561198046653521" pos=<10388.6, 14.53, 10614.3>) OpenBarrel dp_box_big_Grey
23:00:15: Player "[EB] GordoEmers" (steam64id="76561198260617608" pos=<10390.6, 17.64, 10608.9>) OpenBarrel dp_box_big_Grey
23:00:31: Player "[EB] GordoEmers" (steam64id="76561198260617608" pos=<10390.6, 17.64, 10608.9>) CloseBarrel dp_box_big_Grey
23:00:32: Player "[EB] GordoEmers" (steam64id="76561198260617608" pos=<10392.1, 17.67, 10609.6>) OpenBarrel dp_box_big_Grey
23:00:50: Player "[EB] GordoEmers" (steam64id="76561198260617608" pos=<10392, 17.67, 10609.5>) CloseBarrel dp_box_big_Grey
23:00:51: Player "[EB] GordoEmers" (steam64id="76561198260617608" pos=<10390.9, 17.65, 10609>) OpenBarrel dp_box_big_Grey
23:01:07: Player "[EB] GordoEmers" (steam64id="76561198260617608" pos=<10390.9, 17.65, 10609>) CloseBarrel dp_box_big_Grey
23:01:26: Player "[EB] GordoEmers" (steam64id="76561198260617608" pos=<10390.9, 17.65, 10609>) OpenBarrel dp_box_big_Grey
23:01:32: Player "[YKZ]-Lobato" (steam64id="76561198158375860" pos=<11089.8, 35.24, 8432.31>) CloseBarrel dp_box_big_Brown
23:01:32: Player "[EB] GordoEmers" (steam64id="76561198260617608" pos=<10390.9, 17.65, 10609>) CloseBarrel dp_box_big_Grey
23:01:34: Player "[EB] GordoEmers" (steam64id="76561198260617608" pos=<10392.2, 17.67, 10609.9>) OpenBarrel dp_box_big_Grey
23:01:42: Player "[EB] pedrobala" (steam64id="76561198046653521" pos=<10388.8, 14.53, 10614.3>) CloseBarrel dp_box_big_Grey
23:01:54: Player "[EB] GordoEmers" (steam64id="76561198260617608" pos=<10392.5, 17.68, 10610.5>) CloseBarrel dp_box_big_Grey
23:02:35: Player "[EB] pedrobala" (steam64id="76561198046653521" pos=<10392.8, 17.69, 10611.1>) CloseBarrel dp_box_big_Grey
23:02:37: Player "[EB] pedrobala" (steam64id="76561198046653521" pos=<10392.2, 17.67, 10609.9>) OpenBarrel dp_box_big_Grey
23:02:51: Player "[EB] pedrobala" (steam64id="76561198046653521" pos=<10392.2, 17.67, 10609.9>) CloseBarrel dp_box_big_Grey
23:02:51: Player "GLORIA GROOVE" (steam64id="76561198836991038" pos=<11090.9, 35.24, 8430.09>) OpenBarrel dp_box_big_Brown
23:02:53: Player "[EB] pedrobala" (steam64id="76561198046653521" pos=<10390.5, 17.65, 10609.3>) OpenBarrel dp_box_big_Grey
23:03:02: Player "[EB] pedrobala" (steam64id="76561198046653521" pos=<10390.7, 17.65, 10609>) CloseBarrel dp_box_big_Grey
23:03:04: Player "GLORIA GROOVE" (steam64id="76561198836991038" pos=<11090.9, 35.24, 8430.09>) CloseBarrel dp_box_big_Brown
23:03:06: Player "GLORIA GROOVE" (steam64id="76561198836991038" pos=<11090.9, 35.24, 8430.09>) OpenBarrel dp_box_small_Olive
23:03:09: Player "[EB] pedrobala" (steam64id="76561198046653521" pos=<10391.4, 17.66, 10609.4>) OpenBarrel dp_box_big_Grey
23:03:11: Player "[YKZ]-BlackBear" (steam64id="76561198343030820" pos=<11092.3, 35.24, 8428.06>) OpenBarrel dp_box_small_Olive
23:03:15: Player "[YKZ]-BlackBear" (steam64id="76561198343030820" pos=<11092.3, 35.24, 8428.06>) CloseBarrel dp_box_small_Olive
23:03:18: Player "[EB] pedrobala" (steam64id="76561198046653521" pos=<10390.9, 17.65, 10608.8>) CloseBarrel dp_box_big_Grey
23:03:21: Player "GLORIA GROOVE" (steam64id="76561198836991038" pos=<11090.7, 35.24, 8430.55>) CloseBarrel dp_box_small_Olive
23:03:40: Player "[EB] pedrobala" (steam64id="76561198046653521" pos=<10390.8, 17.65, 10609.5>) OpenBarrel dp_box_big_Grey
23:03:52: Player "[EB] pedrobala" (steam64id="76561198046653521" pos=<10390.5, 17.64, 10608.9>) CloseBarrel dp_box_big_Grey
23:04:09: Player "[EB] pedrobala" (steam64id="76561198046653521" pos=<10390.5, 17.64, 10608.9>) OpenBarrel dp_box_big_Grey
23:04:27: Player "[YKZ]-BlackBear" (steam64id="76561198343030820" pos=<11085.1, 41.36, 8427.91>) OpenBarrel dp_box_big_Olive
23:04:58: Player "[EB] pedrobala" (steam64id="76561198046653521" pos=<10390.5, 17.64, 10608.9>) CloseBarrel dp_box_big_Grey
23:04:59: Player "[YKZ]-BlackBear" (steam64id="76561198343030820" pos=<11085.5, 41.36, 8427.85>) OpenBarrel dp_box_big_Brown
23:05:17: Player "[YKZ]-BlackBear" (steam64id="76561198343030820" pos=<11085.6, 41.36, 8427.41>) CloseBarrel dp_box_big_Olive
23:05:20: Player "[YKZ]-BlackBear" (steam64id="76561198343030820" pos=<11085.6, 41.36, 8427.41>) CloseBarrel dp_box_big_Brown
23:05:22: Player "[YKZ]-Lobato" (steam64id="76561198158375860" pos=<11089.4, 35.24, 8432.95>) OpenBarrel dp_box_big_Brown
23:05:35: Player "[YKZ]-Lobato" (steam64id="76561198158375860" pos=<11088.8, 35.24, 8433.89>) CloseBarrel dp_box_big_Brown
23:05:44: Player "[EB] GordoEmers" (steam64id="76561198260617608" pos=<10391.1, 17.65, 10609.1>) OpenBarrel dp_box_big_Grey
23:05:58: Player "[YKZ]-Lobato" (steam64id="76561198158375860" pos=<11090.2, 35.24, 8431.36>) OpenBarrel dp_box_small_Olive
23:06:09: Player "[EB] GordoEmers" (steam64id="76561198260617608" pos=<10391.1, 17.65, 10609.1>) CloseBarrel dp_box_big_Grey
23:07:38: Player "[YKZ]-Lobato" (steam64id="76561198158375860" pos=<11090.6, 35.24, 8430.38>) CloseBarrel dp_box_small_Olive
23:07:39: Player "[YKZ]-Lobato" (steam64id="76561198158375860" pos=<11090.2, 35.24, 8431.04>) OpenBarrel dp_box_big_Brown
23:07:42: Player "[YKZ]-Lobato" (steam64id="76561198158375860" pos=<11090.2, 35.24, 8431.23>) CloseBarrel dp_box_big_Brown
23:07:42: Player "[YKZ]-Lobato" (steam64id="76561198158375860" pos=<11089.7, 35.24, 8432.13>) OpenBarrel dp_box_big_Brown
23:09:40: Player "[YKZ]-Lobato" (steam64id="76561198158375860" pos=<11089.7, 35.24, 8432.14>) CloseBarrel dp_box_big_Brown
23:09:41: Player "[YKZ]-Lobato" (steam64id="76561198158375860" pos=<11089.3, 35.24, 8433.13>) OpenBarrel dp_box_big_Brown
23:09:46: Player "[YKZ]-Lobato" (steam64id="76561198158375860" pos=<11089.3, 35.24, 8433.13>) CloseBarrel dp_box_big_Brown
23:09:52: Player "[YKZ]-Lobato" (steam64id="76561198158375860" pos=<11089.8, 35.24, 8432.37>) OpenBarrel dp_box_big_Brown
23:09:54: Player "[YKZ]-Lobato" (steam64id="76561198158375860" pos=<11089.8, 35.24, 8432.37>) CloseBarrel dp_box_big_Brown
23:09:56: Player "[YKZ]-Lobato" (steam64id="76561198158375860" pos=<11090.6, 35.24, 8430.65>) OpenBarrel dp_box_big_Brown
23:10:00: Player "[YKZ]-Lobato" (steam64id="76561198158375860" pos=<11090.6, 35.24, 8430.65>) CloseBarrel dp_box_big_Brown
23:10:03: Player "[YKZ]-Lobato" (steam64id="76561198158375860" pos=<11091, 35.24, 8430.27>) OpenBarrel dp_box_small_Olive
23:10:06: Player "[YKZ]-Lobato" (steam64id="76561198158375860" pos=<11090.5, 35.24, 8430.77>) CloseBarrel dp_box_small_Olive
23:33:29: Player "Rodrigo Boca Br#4768" (steam64id="76561198856289994" pos=<11178.4, 61.21, 13381.5>) OpenBarrel dp_box_big_Tan
