00:19:52: Player "[YKZ] pedrobala" (steam64id="76561198046653521" pos=<10388.1, 14.53, 10616.5>) CloseBarrel dp_box_big_Grey
00:20:51: Player "[YKZ] pedrobala" (steam64id="76561198046653521" pos=<10390.8, 17.64, 10608.7>) CloseBarrel dp_box_big_Grey
00:21:30: Player "Biel FxR" (steam64id="76561198050836260" pos=<7627.43, 13.22, 9802.93>) OpenBarrel dp_box_small_Olive
00:30:51: Player "[YKZ] pedrobala" (steam64id="76561198046653521" pos=<10391.5, 17.66, 10609.4>) CloseBarrel dp_box_big_Grey
00:31:14: Player "[YKZ] pedrobala" (steam64id="76561198046653521" pos=<10388.1, 14.53, 10616>) OpenBarrel dp_box_big_Grey
00:31:24: Player "[YKZ] pedrobala" (steam64id="76561198046653521" pos=<10387.9, 14.53, 10616.3>) CloseBarrel dp_box_big_Grey
00:32:47: Player "[YKZ] pedrobala" (steam64id="76561198046653521" pos=<10392.6, 17.68, 10609.8>) OpenBarrel dp_box_big_Grey
00:33:21: Player "[HORDA]MacLovin" (steam64id="76561199068236803" pos=<9950.35, 19.17, 11777.3>) OpenBarrel dp_box_big_Grey
00:33:26: Player "[HORDA]MacLovin" (steam64id="76561199068236803" pos=<9950.35, 19.17, 11777.3>) CloseBarrel dp_box_big_Grey
00:47:18: Player "[YKZ]-BlackBear" (steam64id="76561198343030820" pos=<10390, 17.63, 10608.7>) OpenBarrel dp_box_big_Grey
00:47:21: Player "[YKZ]-BlackBear" (steam64id="76561198343030820" pos=<10390.3, 17.64, 10608.4>) CloseBarrel dp_box_big_Grey
00:50:48: Player "[YKZ] pedrobala" (steam64id="76561198046653521" pos=<10387.8, 14.52, 10616.2>) OpenBarrel dp_box_big_Grey
00:52:56: Player "[YKZ] pedrobala" (steam64id="76561198046653521" pos=<10392.3, 17.67, 10609.6>) CloseBarrel dp_box_big_Grey
00:54:45: Player "[YKZ] pedrobala" (steam64id="76561198046653521" pos=<10392.4, 17.67, 10609.8>) OpenBarrel dp_box_big_Grey
00:55:01: Player "[YKZ]-Lobato" (steam64id="76561198158375860" pos=<11089.2, 35.24, 8432.1>) OpenBarrel dp_box_big_Brown
00:55:14: Player "[YKZ] pedrobala" (steam64id="76561198046653521" pos=<10392.4, 17.67, 10609.8>) CloseBarrel dp_box_big_Grey
00:55:54: Player "[YKZ]-Lobato" (steam64id="76561198158375860" pos=<11089.2, 35.24, 8432.69>) CloseBarrel dp_box_big_Brown
01:00:07: Player "[YKZ]-Lobato" (steam64id="76561198158375860" pos=<11089.5, 35.24, 8432.95>) OpenBarrel dp_box_big_Brown
01:00:28: Player "[YKZ]-Lobato" (steam64id="76561198158375860" pos=<11089.5, 35.24, 8432.95>) CloseBarrel dp_box_big_Brown
01:01:29: Player "[YKZ]-Lobato" (steam64id="76561198158375860" pos=<11089.3, 35.24, 8433.46>) OpenBarrel dp_box_big_Brown
01:02:03: Player "[YKZ]-Lobato" (steam64id="76561198158375860" pos=<11089.3, 35.24, 8433.46>) CloseBarrel dp_box_big_Brown
01:04:30: Player "[YKZ]-BlackBear" (steam64id="76561198343030820" pos=<11085.6, 41.36, 8427.92>) OpenBarrel dp_box_big_Olive
01:04:51: Player "Vinicin" (steam64id="76561198056890776" pos=<11086.6, 41.86, 8427.21>) OpenBarrel dp_box_big_Olive
01:04:54: Player "[YKZ]-BlackBear" (steam64id="76561198343030820" pos=<11085.5, 41.36, 8427.67>) OpenBarrel dp_box_big_Brown
01:05:11: Player "Vinicin" (steam64id="76561198056890776" pos=<11086.1, 41.85, 8427.38>) CloseBarrel dp_box_big_Olive
01:05:11: Player "[YKZ]-BlackBear" (steam64id="76561198343030820" pos=<11085, 41.36, 8428.06>) OpenBarrel dp_box_big_Brown
01:05:16: Player "[YKZ]-BlackBear" (steam64id="76561198343030820" pos=<11085, 41.36, 8428.06>) CloseBarrel dp_box_big_Brown
01:05:28: Player "Vinicin" (steam64id="76561198056890776" pos=<11085.8, 41.36, 8427.75>) CloseBarrel dp_box_big_Olive
01:05:44: Player "Vinicin" (steam64id="76561198056890776" pos=<11085.9, 41.36, 8427.69>) OpenBarrel dp_box_big_Brown
01:06:31: Player "[YKZ] pedrobala" (steam64id="76561198046653521" pos=<10388.1, 14.53, 10616.7>) CloseBarrel dp_box_big_Grey
01:09:32: Player "[YKZ]-Lobato" (steam64id="76561198158375860" pos=<11088.9, 35.24, 8433.55>) OpenBarrel dp_box_big_Brown
01:11:03: Player "Vinicin" (steam64id="76561198056890776" pos=<11089.1, 35.24, 8433.39>) CloseBarrel dp_box_big_Brown
01:11:57: Player "[YKZ]-Lobato" (steam64id="76561198158375860" pos=<11089.5, 35.24, 8433.19>) OpenBarrel dp_box_big_Brown
01:12:16: Player "[YKZ] pedrobala" (steam64id="76561198046653521" pos=<10392.3, 17.67, 10609.5>) OpenBarrel dp_box_big_Grey
01:13:08: Player "[YKZ]-tappes" (steam64id="76561198990092287" pos=<11085.8, 41.36, 8427.56>) OpenBarrel dp_box_big_Olive
01:13:13: Player "[YKZ]-tappes" (steam64id="76561198990092287" pos=<11085.8, 41.36, 8427.57>) CloseBarrel dp_box_big_Olive
01:13:22: Player "[YKZ]-BlackBear" (steam64id="76561198343030820" pos=<11085.1, 41.36, 8428.33>) CloseBarrel dp_box_big_Brown
01:15:43: Player "[YKZ]-BlackBear" (steam64id="76561198343030820" pos=<11085.8, 41.36, 8427.9>) CloseBarrel dp_box_big_Brown
01:15:45: Player "[YKZ]-BlackBear" (steam64id="76561198343030820" pos=<11085.3, 41.36, 8427.86>) OpenBarrel dp_box_big_Olive
01:16:23: Player "[YKZ]-BlackBear" (steam64id="76561198343030820" pos=<11085.7, 41.36, 8427.99>) CloseBarrel dp_box_big_Olive
01:17:45: Player "[YKZ] pedrobala" (steam64id="76561198046653521" pos=<10389.3, 17.64, 10611.4>) CloseBarrel dp_box_big_Grey
01:17:52: Player "[YKZ] pedrobala" (steam64id="76561198046653521" pos=<10391.8, 17.67, 10609.8>) CloseBarrel dp_box_big_Grey
01:17:59: Player "[YKZ] pedrobala" (steam64id="76561198046653521" pos=<10392.6, 17.68, 10609.7>) OpenBarrel dp_box_big_Grey
01:18:11: Player "[YKZ] pedrobala" (steam64id="76561198046653521" pos=<10392.6, 17.68, 10609.7>) CloseBarrel dp_box_big_Grey
01:18:43: Player "Vinicin" (steam64id="76561198056890776" pos=<11089.1, 35.24, 8433.44>) CloseBarrel dp_box_big_Brown
01:26:53: Player "[YKZ]-Lobato" (steam64id="76561198158375860" pos=<11089.5, 35.24, 8432.33>) OpenBarrel dp_box_big_Brown
01:27:21: Player "[YKZ]-BlackBear" (steam64id="76561198343030820" pos=<11085.5, 41.36, 8427.72>) OpenBarrel dp_box_big_Brown
01:27:43: Player "[YKZ]-Lobato" (steam64id="76561198158375860" pos=<11089.3, 35.24, 8433.88>) CloseBarrel dp_box_big_Brown
01:28:27: Player "[YKZ]-BlackBear" (steam64id="76561198343030820" pos=<11085.3, 41.36, 8427.49>) CloseBarrel dp_box_big_Brown
01:29:30: Player "[YKZ]-Lobato" (steam64id="76561198158375860" pos=<11088.8, 35.24, 8434.02>) OpenBarrel dp_box_big_Brown
01:34:14: Player "[YKZ]-BlackBear" (steam64id="76561198343030820" pos=<11051.3, 4.41, 8263.13>) OpenBarrel dp_box_small_Olive
01:34:34: Player "[YKZ]-Lobato" (steam64id="76561198158375860" pos=<11088.9, 35.24, 8432.21>) CloseBarrel dp_box_big_Brown
01:36:05: Player "[YKZ] pedrobala" (steam64id="76561198046653521" pos=<10389.3, 17.65, 10612>) OpenBarrel dp_box_big_Grey
01:37:23: Player "[YKZ] pedrobala" (steam64id="76561198046653521" pos=<10392.4, 17.67, 10609.8>) OpenBarrel dp_box_big_Grey
01:42:45: Player "[YKZ] pedrobala" (steam64id="76561198046653521" pos=<10390, 17.65, 10611.8>) CloseBarrel dp_box_big_Grey
01:42:49: Player "[YKZ] pedrobala" (steam64id="76561198046653521" pos=<10391.6, 17.67, 10610>) CloseBarrel dp_box_big_Grey
01:52:39: Player "[YKZ] pedrobala" (steam64id="76561198046653521" pos=<10388.2, 14.53, 10615.9>) OpenBarrel dp_box_big_Grey
01:52:55: Player "[YKZ] pedrobala" (steam64id="76561198046653521" pos=<10387.8, 14.53, 10616.6>) CloseBarrel dp_box_big_Grey
01:53:20: Player "[YKZ] pedrobala" (steam64id="76561198046653521" pos=<10392.9, 17.68, 10609.9>) OpenBarrel dp_box_big_Grey
01:53:44: Player "[YKZ] pedrobala" (steam64id="76561198046653521" pos=<10392, 17.67, 10609.8>) CloseBarrel dp_box_big_Grey
02:06:24: Player "[YKZ]-BlackBear" (steam64id="76561198343030820" pos=<7680.29, 43.72, 6516.92>) OpenBarrel dp_box_big_Brown
02:14:07: Player "[YKZ]-BlackBear" (steam64id="76561198343030820" pos=<7680.7, 43.69, 6519.39>) CloseBarrel dp_box_big_Brown
02:16:22: Player "ttuker" (steam64id="76561198971813376" pos=<7389.57, 32.05, 8199.22>) OpenBarrel dp_box_big_Brown
02:16:47: Player "ttuker" (steam64id="76561198971813376" pos=<7389.11, 32.05, 8199.12>) CloseBarrel dp_box_big_Brown
02:16:48: Player "ttuker" (steam64id="76561198971813376" pos=<7390.84, 31.55, 8202.74>) OpenBarrel dp_box_small_Brown
02:17:14: Player "ttuker" (steam64id="76561198971813376" pos=<7393.1, 31.55, 8201.22>) OpenBarrel dp_box_big_Grey
02:17:27: Player "ttuker" (steam64id="76561198971813376" pos=<7393.5, 31.55, 8201.19>) CloseBarrel dp_box_big_Grey
02:17:33: Player "Duerowww" (steam64id="76561198259492425" pos=<7392.22, 31.55, 8202.11>) OpenBarrel dp_box_big_Olive
02:18:33: Player "Duerowww" (steam64id="76561198259492425" pos=<7393.18, 31.55, 8201.35>) OpenBarrel dp_box_big_Grey
02:20:07: Player "Duerowww" (steam64id="76561198259492425" pos=<7393.71, 31.55, 8200.36>) CloseBarrel dp_box_big_Grey
02:20:33: Player "Duerowww" (steam64id="76561198259492425" pos=<7393.48, 31.55, 8200.46>) OpenBarrel dp_box_big_Grey
02:27:40: Player "[YKZ]-Lobato" (steam64id="76561198158375860" pos=<7680.73, 43.72, 6517.42>) OpenBarrel dp_box_big_Brown
02:31:46: Player "[YKZ]-Lobato" (steam64id="76561198158375860" pos=<7680.4, 43.72, 6516.94>) CloseBarrel dp_box_big_Brown
02:38:45: Player "[YKZ]-BlackBear" (steam64id="76561198343030820" pos=<7680.48, 43.72, 6518.17>) OpenBarrel dp_box_big_Brown
02:50:44: Player "Vinicin" (steam64id="76561198056890776" pos=<7681.08, 43.72, 6517.54>) CloseBarrel dp_box_big_Brown
02:54:54: Player "[YKZ]-BlackBear" (steam64id="76561198343030820" pos=<7680.88, 43.72, 6517.22>) OpenBarrel dp_box_big_Brown
02:55:00: Player "[YKZ]-BlackBear" (steam64id="76561198343030820" pos=<7680.88, 43.72, 6517.22>) CloseBarrel dp_box_big_Brown
03:17:17: Player "[YKZ]-BlackBear" (steam64id="76561198343030820" pos=<11084.6, 35.24, 8418.06>) OpenBarrel dp_box_small_Olive
03:21:26: Player "[YKZ]-BlackBear" (steam64id="76561198343030820" pos=<11085.1, 41.36, 8428.09>) OpenBarrel dp_box_big_Brown
03:21:49: Player "[YKZ]-BlackBear" (steam64id="76561198343030820" pos=<11085.7, 41.36, 8427.9>) CloseBarrel dp_box_big_Brown
03:23:43: Player "Vinicin" (steam64id="76561198056890776" pos=<11088.9, 35.24, 8433.6>) OpenBarrel dp_box_big_Brown
03:32:22: Player "[YKZ]-Lobato" (steam64id="76561198158375860" pos=<11089.3, 35.24, 8432.71>) CloseBarrel dp_box_big_Brown
03:32:55: Player "Vinicin" (steam64id="76561198056890776" pos=<11088.5, 35.24, 8432.38>) OpenBarrel dp_box_big_Brown
03:33:47: Player "[YKZ]-Lobato" (steam64id="76561198158375860" pos=<11089.3, 35.24, 8433.07>) CloseBarrel dp_box_big_Brown
03:35:06: Player "[YKZ]-Lobato" (steam64id="76561198158375860" pos=<11086.8, 36.04, 8432.86>) OpenBarrel dp_box_big_Brown
03:35:08: Player "[YKZ]-Lobato" (steam64id="76561198158375860" pos=<11086.8, 36.04, 8432.86>) CloseBarrel dp_box_big_Brown
03:39:56: Player "[YKZ]-BlackBear" (steam64id="76561198343030820" pos=<11050.6, 4.39, 8264.53>) CloseBarrel dp_box_small_Olive
03:39:58: Player "[YKZ]-BlackBear" (steam64id="76561198343030820" pos=<11050.6, 4.39, 8264.53>) OpenBarrel dp_box_small_Olive
03:39:59: Player "[YKZ]-BlackBear" (steam64id="76561198343030820" pos=<11050.6, 4.39, 8264.53>) CloseBarrel dp_box_small_Olive
03:44:34: Player "[YKZ]-BlackBear" (steam64id="76561198343030820" pos=<11090.2, 35.24, 8432.19>) OpenBarrel dp_box_small_Olive
03:46:04: Player "Vinicin" (steam64id="76561198056890776" pos=<11089.6, 35.24, 8432.4>) CloseBarrel dp_box_small_Olive
03:46:05: Player "Vinicin" (steam64id="76561198056890776" pos=<11089.6, 35.24, 8432.4>) OpenBarrel dp_box_small_Olive
03:49:22: Player "[YKZ]-BlackBear" (steam64id="76561198343030820" pos=<11085.4, 35.24, 8416.03>) CloseBarrel dp_box_small_Olive
03:50:10: Player "[YKZ]-BlackBear" (steam64id="76561198343030820" pos=<11094, 35.24, 8426.47>) OpenBarrel dp_box_small_Olive
03:53:32: Player "[YKZ]-Lobato" (steam64id="76561198158375860" pos=<11089.4, 35.24, 8433.61>) OpenBarrel dp_box_big_Brown
03:54:13: Player "[YKZ]-Lobato" (steam64id="76561198158375860" pos=<11089.5, 35.24, 8432.95>) CloseBarrel dp_box_small_Olive
03:54:14: Player "[YKZ]-Lobato" (steam64id="76561198158375860" pos=<11089.5, 35.24, 8432.95>) CloseBarrel dp_box_big_Brown
03:55:13: Player "Vinicin" (steam64id="76561198056890776" pos=<11090.3, 35.24, 8430.74>) OpenBarrel dp_box_small_Olive
03:55:21: Player "[YKZ]-Lobato" (steam64id="76561198158375860" pos=<11090.5, 35.24, 8431.31>) CloseBarrel dp_box_small_Olive
03:55:29: Player "Vinicin" (steam64id="76561198056890776" pos=<11089.7, 35.66, 8431.47>) OpenBarrel dp_box_small_Olive
04:05:46: Player "[YKZ]-Lobato" (steam64id="76561198158375860" pos=<11089.2, 35.24, 8432.83>) OpenBarrel dp_box_big_Brown
04:05:55: Player "[YKZ]-Lobato" (steam64id="76561198158375860" pos=<11089.2, 35.24, 8432.83>) CloseBarrel dp_box_big_Brown
05:02:24: Player "[YKZ]-Lobato" (steam64id="76561198158375860" pos=<11088.9, 35.24, 8433.63>) OpenBarrel dp_box_big_Brown
05:06:02: Player "[YKZ]-Lobato" (steam64id="76561198158375860" pos=<11089.3, 35.24, 8432.85>) CloseBarrel dp_box_big_Brown
05:10:38: Player "[YKZ]-Lobato" (steam64id="76561198158375860" pos=<11091, 35.24, 8430.79>) CloseBarrel dp_box_small_Olive
05:56:10: Player "[YKZ]-Lobato" (steam64id="76561198158375860" pos=<11090, 35.24, 8431.8>) OpenBarrel dp_box_small_Olive
05:56:37: Player "[YKZ]-Lobato" (steam64id="76561198158375860" pos=<11090, 35.24, 8431.8>) CloseBarrel dp_box_small_Olive
05:57:51: Player "[YKZ]-Lobato" (steam64id="76561198158375860" pos=<11089.2, 35.24, 8433.88>) OpenBarrel dp_box_big_Brown
05:58:06: Player "[YKZ]-Lobato" (steam64id="76561198158375860" pos=<11089.2, 35.24, 8433.88>) CloseBarrel dp_box_big_Brown
06:03:39: Player "[YKZ]-Lobato" (steam64id="76561198158375860" pos=<11090.3, 35.24, 8431.08>) OpenBarrel dp_box_small_Olive
06:06:50: Player "[YKZ]-Lobato" (steam64id="76561198158375860" pos=<11090.5, 35.24, 8431.13>) CloseBarrel dp_box_small_Olive
09:08:09: Player "[HORDA]ThiagoPenna" (steam64id="76561198218822351" pos=<9950.3, 19.17, 11777.2>) OpenBarrel dp_box_big_Grey
09:08:12: Player "[HORDA]ThiagoPenna" (steam64id="76561198218822351" pos=<9950.3, 19.17, 11777.2>) CloseBarrel dp_box_big_Grey
09:09:23: Player "[HORDA]ThiagoPenna" (steam64id="76561198218822351" pos=<9950.59, 19.17, 11777.6>) OpenBarrel dp_box_big_Grey
09:09:28: Player "[HORDA]ThiagoPenna" (steam64id="76561198218822351" pos=<9950.59, 19.17, 11777.6>) CloseBarrel dp_box_big_Grey
09:09:32: Player "[HORDA]ThiagoPenna" (steam64id="76561198218822351" pos=<9956.17, 19.17, 11777.3>) CloseBarrel dp_box_big_Grey
09:09:34: Player "[HORDA]ThiagoPenna" (steam64id="76561198218822351" pos=<9955.65, 19.17, 11779.2>) CloseBarrel dp_box_big_Grey
09:10:19: Player "[HORDA]ThiagoPenna" (steam64id="76561198218822351" pos=<9957.01, 7.74, 11776.5>) CloseBarrel dp_box_big_Grey
09:10:53: Player "[HORDA]ThiagoPenna" (steam64id="76561198218822351" pos=<9950.96, 19.17, 11777.7>) OpenBarrel dp_box_big_Grey
09:10:55: Player "[HORDA]ThiagoPenna" (steam64id="76561198218822351" pos=<9950.55, 19.17, 11777.6>) CloseBarrel dp_box_big_Grey
09:10:57: Player "[HORDA]ThiagoPenna" (steam64id="76561198218822351" pos=<9955.55, 19.17, 11779.3>) OpenBarrel dp_box_big_Grey
09:11:10: Player "[HORDA]ThiagoPenna" (steam64id="76561198218822351" pos=<9955.57, 19.17, 11779.3>) CloseBarrel dp_box_big_Grey
09:11:12: Player "[HORDA]ThiagoPenna" (steam64id="76561198218822351" pos=<9956.45, 19.17, 11777.1>) OpenBarrel dp_box_big_Grey
09:12:11: Player "[HORDA]ThiagoPenna" (steam64id="76561198218822351" pos=<9955.65, 19.17, 11779.1>) OpenBarrel dp_box_big_Grey
09:12:25: Player "[HORDA]ThiagoPenna" (steam64id="76561198218822351" pos=<9956.77, 19.61, 11777.7>) CloseBarrel dp_box_big_Grey
09:13:38: Player "[HORDA]ThiagoPenna" (steam64id="76561198218822351" pos=<9956.01, 19.17, 11778.9>) CloseBarrel dp_box_big_Grey
09:13:39: Player "[HORDA]ThiagoPenna" (steam64id="76561198218822351" pos=<9956.79, 19.48, 11777.2>) OpenBarrel dp_box_big_Grey
09:13:43: Player "[HORDA]ThiagoPenna" (steam64id="76561198218822351" pos=<9956.54, 19.17, 11777.1>) CloseBarrel dp_box_big_Grey
09:13:44: Player "[HORDA]ThiagoPenna" (steam64id="76561198218822351" pos=<9950.72, 19.17, 11777.4>) OpenBarrel dp_box_big_Grey
09:13:47: Player "[HORDA]ThiagoPenna" (steam64id="76561198218822351" pos=<9950.72, 19.17, 11777.4>) CloseBarrel dp_box_big_Grey
09:14:20: Player "[HORDA]ThiagoPenna" (steam64id="76561198218822351" pos=<9956.81, 7.53, 11777.1>) OpenBarrel dp_box_big_Grey
09:43:03: Player "[L.B] Santorin" (steam64id="76561199069721527" pos=<7363.53, 18.58, 7139.16>) OpenBarrel dp_box_big_Tan
09:43:54: Player "[L.B] Santorin" (steam64id="76561199069721527" pos=<7361.67, 19.34, 7140.03>) OpenBarrel dp_box_big_Brown
09:45:29: Player "[L.B] Santorin" (steam64id="76561199069721527" pos=<7357.57, 18.46, 7133.77>) OpenBarrel dp_box_small_Olive
11:43:33: Player "[HORDA]MacLovin" (steam64id="76561199068236803" pos=<9955.46, 19.17, 11779>) OpenBarrel dp_box_big_Grey
11:45:02: Player "[HORDA]MacLovin" (steam64id="76561199068236803" pos=<9955.77, 19.17, 11779>) CloseBarrel dp_box_big_Grey
11:45:03: Player "[HORDA]MacLovin" (steam64id="76561199068236803" pos=<9956.08, 19.17, 11777.6>) OpenBarrel dp_box_big_Grey
11:45:07: Player "[HORDA]MacLovin" (steam64id="76561199068236803" pos=<9956.08, 19.17, 11777.6>) CloseBarrel dp_box_big_Grey
11:45:09: Player "[HORDA]MacLovin" (steam64id="76561199068236803" pos=<9951.12, 19.17, 11777.5>) OpenBarrel dp_box_big_Grey
11:45:13: Player "[HORDA]MacLovin" (steam64id="76561199068236803" pos=<9950.57, 19.17, 11777.3>) CloseBarrel dp_box_big_Grey
11:45:15: Player "[HORDA]MacLovin" (steam64id="76561199068236803" pos=<9955.45, 19.17, 11779.2>) OpenBarrel dp_box_big_Grey
11:45:53: Player "[HORDA]MacLovin" (steam64id="76561199068236803" pos=<9955.4, 19.17, 11778.7>) CloseBarrel dp_box_big_Grey
11:45:55: Player "[HORDA]MacLovin" (steam64id="76561199068236803" pos=<9955.6, 19.17, 11777.6>) OpenBarrel dp_box_big_Grey
11:45:57: Player "[HORDA]MacLovin" (steam64id="76561199068236803" pos=<9956.21, 19.17, 11777.5>) CloseBarrel dp_box_big_Grey
11:45:59: Player "[HORDA]MacLovin" (steam64id="76561199068236803" pos=<9950.77, 19.17, 11777.4>) OpenBarrel dp_box_big_Grey
11:46:02: Player "[HORDA]MacLovin" (steam64id="76561199068236803" pos=<9950.77, 19.17, 11777.4>) CloseBarrel dp_box_big_Grey
11:48:30: Player "[HORDA]MacLovin" (steam64id="76561199068236803" pos=<9956.7, 7.53, 11776.2>) CloseBarrel dp_box_big_Grey
12:48:27: Player "DanielSam" (steam64id="76561198867200764" pos=<7554.23, 31.34, 7895.4>) OpenBarrel dp_box_big_Brown
12:49:03: Player "DanielSam" (steam64id="76561198867200764" pos=<7554.25, 31.34, 7895.42>) CloseBarrel dp_box_big_Brown
12:49:18: Player "DanielSam" (steam64id="76561198867200764" pos=<7553.34, 35.27, 7892.98>) OpenBarrel dp_box_big_Brown
12:51:01: Player "DanielSam" (steam64id="76561198867200764" pos=<7553.34, 35.27, 7892.98>) CloseBarrel dp_box_big_Brown
12:51:02: Player "DanielSam" (steam64id="76561198867200764" pos=<7551.19, 35.27, 7892.58>) OpenBarrel dp_box_big_Brown
12:51:08: Player "DanielSam" (steam64id="76561198867200764" pos=<7550.94, 35.27, 7892.95>) CloseBarrel dp_box_big_Brown
13:00:54: Player "DanielSam" (steam64id="76561198867200764" pos=<7549.9, 35.26, 7893.76>) OpenBarrel dp_box_big_Brown
13:00:57: Player "DanielSam" (steam64id="76561198867200764" pos=<7549.91, 35.26, 7893.75>) CloseBarrel dp_box_big_Brown
13:00:59: Player "DanielSam" (steam64id="76561198867200764" pos=<7552.69, 35.27, 7892.78>) OpenBarrel dp_box_big_Brown
13:01:15: Player "DanielSam" (steam64id="76561198867200764" pos=<7555.04, 31.34, 7895.69>) OpenBarrel dp_box_big_Brown
13:01:56: Player "DanielSam" (steam64id="76561198867200764" pos=<7554.92, 31.34, 7895.55>) CloseBarrel dp_box_big_Brown
13:18:00: Player "[YKZ]-BlackBear" (steam64id="76561198343030820" pos=<11091, 35.24, 8429.61>) CloseBarrel dp_box_small_Olive
13:44:25: Player "[HORDA]MacLovin" (steam64id="76561199068236803" pos=<9956.29, 7.55, 11776.4>) OpenBarrel dp_box_big_Grey
13:44:39: Player "[HORDA]MacLovin" (steam64id="76561199068236803" pos=<9951.24, 19.17, 11776.5>) OpenBarrel dp_box_big_Grey
13:45:32: Player "[HORDA]ThiagoPenna" (steam64id="76561198218822351" pos=<9955.2, 19.17, 11778.9>) OpenBarrel dp_box_big_Grey
13:45:37: Player "[HORDA]ThiagoPenna" (steam64id="76561198218822351" pos=<9955.2, 19.17, 11778.9>) CloseBarrel dp_box_big_Grey
13:45:38: Player "[HORDA]ThiagoPenna" (steam64id="76561198218822351" pos=<9955.88, 19.17, 11777.6>) OpenBarrel dp_box_big_Grey
13:45:43: Player "[HORDA]ThiagoPenna" (steam64id="76561198218822351" pos=<9955.88, 19.17, 11777.6>) CloseBarrel dp_box_big_Grey
13:45:46: Player "[HORDA]ThiagoPenna" (steam64id="76561198218822351" pos=<9951.08, 19.17, 11777.8>) CloseBarrel dp_box_big_Grey
13:48:23: Player "[HORDA]ThiagoPenna" (steam64id="76561198218822351" pos=<9955.91, 19.17, 11777.5>) OpenBarrel dp_box_big_Grey
13:51:10: Player "[HORDA]KAS" (steam64id="76561199202697738" pos=<9950.67, 19.17, 11776.7>) OpenBarrel dp_box_big_Grey
13:51:15: Player "[HORDA]KAS" (steam64id="76561199202697738" pos=<9950.67, 19.17, 11776.7>) CloseBarrel dp_box_big_Grey
13:54:41: Player "[HORDA]ThiagoPenna" (steam64id="76561198218822351" pos=<9955.75, 19.17, 11778.6>) OpenBarrel dp_box_big_Grey
13:55:10: Player "joaoguis" (steam64id="76561198049374630" pos=<6753.58, 2.26, 7685.04>) OpenBarrel Barrel_Red
13:55:34: Player "[HORDA]ThiagoPenna" (steam64id="76561198218822351" pos=<9956.46, 19.17, 11776.6>) OpenBarrel dp_box_big_Grey
14:03:53: Player "[HORDA]MacLovin" (steam64id="76561199068236803" pos=<9956.25, 7.53, 11777.3>) CloseBarrel dp_box_big_Grey
14:04:07: Player "[HORDA]ThiagoPenna" (steam64id="76561198218822351" pos=<9956.79, 7.53, 11776.6>) OpenBarrel dp_box_big_Grey
14:07:03: Player "[HORDA]ThiagoPenna" (steam64id="76561198218822351" pos=<9957.05, 7.53, 11776.7>) CloseBarrel dp_box_big_Grey
14:07:42: Player "[HORDA]ThiagoPenna" (steam64id="76561198218822351" pos=<9956.29, 7.53, 11777.1>) OpenBarrel dp_box_big_Grey
14:24:36: Player "[YKZ]-Lobato" (steam64id="76561198158375860" pos=<11089.7, 35.24, 8431.92>) OpenBarrel dp_box_small_Olive
14:25:19: Player "[YKZ]-Lobato" (steam64id="76561198158375860" pos=<11090.1, 35.24, 8431.79>) CloseBarrel dp_box_small_Olive
14:27:33: Player "[YKZ]-Lobato" (steam64id="76561198158375860" pos=<11089.1, 35.24, 8433.8>) OpenBarrel dp_box_big_Brown
14:28:05: Player "[YKZ]-BlackBear" (steam64id="76561198343030820" pos=<11092.2, 35.24, 8428.85>) OpenBarrel dp_box_small_Olive
14:28:50: Player "[YKZ]-BlackBear" (steam64id="76561198343030820" pos=<11092.2, 35.24, 8428.85>) CloseBarrel dp_box_small_Olive
14:30:05: Player "[YKZ]-Lobato" (steam64id="76561198158375860" pos=<11089.6, 35.24, 8431.53>) OpenBarrel dp_box_small_Olive
14:31:20: Player "[YKZ]-Lobato" (steam64id="76561198158375860" pos=<11089.1, 35.24, 8433.05>) CloseBarrel dp_box_big_Brown
14:31:46: Player "[YKZ]-Lobato" (steam64id="76561198158375860" pos=<11089.2, 35.24, 8433.61>) OpenBarrel dp_box_big_Brown
14:32:08: Player "[YKZ]-Lobato" (steam64id="76561198158375860" pos=<11089.2, 35.24, 8433.61>) CloseBarrel dp_box_big_Brown
14:32:43: Player "[YKZ]-Lobato" (steam64id="76561198158375860" pos=<11090, 35.24, 8431.71>) CloseBarrel dp_box_small_Olive
14:38:14: Player "ttuker" (steam64id="76561198971813376" pos=<7393.54, 31.55, 8199.92>) CloseBarrel dp_box_big_Grey
14:38:21: Player "ttuker" (steam64id="76561198971813376" pos=<7391.67, 31.55, 8202.49>) CloseBarrel dp_box_big_Olive
14:38:22: Player "ttuker" (steam64id="76561198971813376" pos=<7391.67, 31.55, 8202.49>) CloseBarrel dp_box_small_Brown
14:48:41: Player "[YKZ]-Lobato" (steam64id="76561198158375860" pos=<11089.5, 35.24, 8433.07>) OpenBarrel dp_box_big_Brown
14:48:43: Player "[YKZ]-Lobato" (steam64id="76561198158375860" pos=<11089.5, 35.24, 8433.07>) CloseBarrel dp_box_big_Brown
14:48:57: Player "[YKZ]-Lobato" (steam64id="76561198158375860" pos=<11090.4, 35.24, 8431.08>) OpenBarrel dp_box_small_Olive
14:49:10: Player "[YKZ]-BlackBear" (steam64id="76561198343030820" pos=<11092.6, 35.24, 8427.89>) OpenBarrel dp_box_small_Olive
14:49:15: Player "[YKZ]-Lobato" (steam64id="76561198158375860" pos=<11090.4, 35.24, 8431.08>) CloseBarrel dp_box_small_Olive
14:49:21: Player "[YKZ]-Lobato" (steam64id="76561198158375860" pos=<11089.3, 35.24, 8433.08>) OpenBarrel dp_box_big_Brown
14:49:21: Player "[YKZ]-BlackBear" (steam64id="76561198343030820" pos=<11092, 35.24, 8428.1>) CloseBarrel dp_box_small_Olive
14:49:23: Player "[YKZ]-Lobato" (steam64id="76561198158375860" pos=<11089.3, 35.24, 8433.08>) CloseBarrel dp_box_big_Brown
14:49:41: Player "[YKZ]-Lobato" (steam64id="76561198158375860" pos=<11089.3, 35.24, 8433.08>) OpenBarrel dp_box_big_Brown
14:49:48: Player "[YKZ]-Lobato" (steam64id="76561198158375860" pos=<11089.3, 35.24, 8433.08>) CloseBarrel dp_box_big_Brown
14:50:10: Player "[YKZ]-Lobato" (steam64id="76561198158375860" pos=<11090.3, 35.24, 8431.43>) OpenBarrel dp_box_small_Olive
14:50:26: Player "[YKZ]-Lobato" (steam64id="76561198158375860" pos=<11090.3, 35.24, 8431.43>) CloseBarrel dp_box_small_Olive
14:50:38: Player "[YKZ] Notsniw" (steam64id="76561197967151252" pos=<11091.3, 35.24, 8429.18>) OpenBarrel dp_box_small_Olive
14:50:41: Player "[YKZ] Notsniw" (steam64id="76561197967151252" pos=<11091.3, 35.24, 8429.18>) CloseBarrel dp_box_small_Olive
14:53:42: Player "[YKZ]-Lobato" (steam64id="76561198158375860" pos=<11089, 35.24, 8433.62>) OpenBarrel dp_box_big_Brown
14:53:54: Player "[YKZ]-Lobato" (steam64id="76561198158375860" pos=<11089, 35.24, 8433.62>) CloseBarrel dp_box_big_Brown
14:56:07: Player "[YKZ] Notsniw" (steam64id="76561197967151252" pos=<11085.6, 41.36, 8427.06>) OpenBarrel dp_box_big_Olive
14:56:20: Player "[YKZ] Notsniw" (steam64id="76561197967151252" pos=<11085.7, 41.36, 8427.38>) OpenBarrel dp_box_big_Olive
14:56:26: Player "[YKZ] Notsniw" (steam64id="76561197967151252" pos=<11085.7, 41.36, 8427.38>) CloseBarrel dp_box_big_Olive
14:56:27: Player "[YKZ] Notsniw" (steam64id="76561197967151252" pos=<11085.7, 41.36, 8427.38>) CloseBarrel dp_box_big_Olive
14:56:30: Player "[YKZ] Notsniw" (steam64id="76561197967151252" pos=<11084.9, 41.36, 8427.94>) OpenBarrel dp_box_big_Brown
14:56:34: Player "[YKZ] Notsniw" (steam64id="76561197967151252" pos=<11085.2, 41.36, 8427.51>) CloseBarrel dp_box_big_Brown
14:56:43: Player "[YKZ] Notsniw" (steam64id="76561197967151252" pos=<11085.9, 41.36, 8427.65>) OpenBarrel dp_box_big_Olive
14:56:59: Player "[YKZ] Notsniw" (steam64id="76561197967151252" pos=<11085.9, 41.36, 8427.65>) CloseBarrel dp_box_big_Olive
15:08:09: Player "[YKZ]-BlackBear" (steam64id="76561198343030820" pos=<11089.4, 35.24, 8433.7>) OpenBarrel dp_box_big_Brown
15:08:14: Player "[YKZ]-BlackBear" (steam64id="76561198343030820" pos=<11089.4, 35.24, 8433.7>) CloseBarrel dp_box_big_Brown
15:08:17: Player "[YKZ]-BlackBear" (steam64id="76561198343030820" pos=<11090.1, 35.24, 8431.62>) OpenBarrel dp_box_small_Olive
15:08:21: Player "[YKZ]-BlackBear" (steam64id="76561198343030820" pos=<11090.1, 35.24, 8431.62>) CloseBarrel dp_box_small_Olive
15:08:24: Player "[YKZ]-BlackBear" (steam64id="76561198343030820" pos=<11091.4, 35.24, 8429.23>) OpenBarrel dp_box_small_Olive
15:08:32: Player "[YKZ]-BlackBear" (steam64id="76561198343030820" pos=<11091.4, 35.24, 8429.23>) CloseBarrel dp_box_small_Olive
15:13:14: Player "[HORDA]ThiagoPenna" (steam64id="76561198218822351" pos=<9956.64, 7.53, 11777.7>) CloseBarrel dp_box_big_Grey
15:13:21: Player "[HORDA] zBieL" (steam64id="76561198001525812" pos=<9956.75, 7.53, 11776.6>) OpenBarrel dp_box_big_Grey
15:13:25: Player "[HORDA] zBieL" (steam64id="76561198001525812" pos=<9956.65, 7.53, 11776.6>) CloseBarrel dp_box_big_Grey
15:16:14: Player "[HORDA]KAS" (steam64id="76561199202697738" pos=<9956.91, 7.53, 11777.1>) OpenBarrel dp_box_big_Grey
15:16:22: Player "[HORDA]KAS" (steam64id="76561199202697738" pos=<9956.88, 7.53, 11777.1>) CloseBarrel dp_box_big_Grey
15:19:34: Player "[HORDA] JHON WICK" (steam64id="76561198122075703" pos=<9956.79, 7.53, 11776.8>) OpenBarrel dp_box_big_Grey
15:20:33: Player "Duerowww" (steam64id="76561198259492425" pos=<7391.25, 31.55, 8202.23>) OpenBarrel dp_box_big_Olive
15:20:41: Player "Duerowww" (steam64id="76561198259492425" pos=<7391.25, 31.55, 8202.23>) CloseBarrel dp_box_big_Olive
15:20:43: Player "Duerowww" (steam64id="76561198259492425" pos=<7391.25, 31.55, 8202.23>) OpenBarrel dp_box_big_Olive
15:20:48: Player "Duerowww" (steam64id="76561198259492425" pos=<7391.25, 31.55, 8202.23>) CloseBarrel dp_box_big_Olive
15:20:49: Player "Duerowww" (steam64id="76561198259492425" pos=<7390.08, 31.55, 8201.89>) OpenBarrel dp_box_big_Tan
15:20:53: Player "Duerowww" (steam64id="76561198259492425" pos=<7390.08, 31.55, 8201.89>) CloseBarrel dp_box_big_Tan
15:20:54: Player "Duerowww" (steam64id="76561198259492425" pos=<7389.84, 31.55, 8200.17>) OpenBarrel dp_box_big_Brown
15:21:06: Player "ttuker" (steam64id="76561198971813376" pos=<7388.82, 32.05, 8201.59>) OpenBarrel dp_box_big_Tan
15:28:00: Player "Duerowww" (steam64id="76561198259492425" pos=<7389.66, 31.55, 8201.1>) CloseBarrel dp_box_big_Tan
15:28:03: Player "Duerowww" (steam64id="76561198259492425" pos=<7389.53, 31.55, 8200.07>) CloseBarrel dp_box_big_Brown
15:28:04: Player "Duerowww" (steam64id="76561198259492425" pos=<7389.89, 31.55, 8200.95>) OpenBarrel dp_box_big_Tan
15:28:17: Player "Duerowww" (steam64id="76561198259492425" pos=<7389.89, 31.55, 8200.95>) CloseBarrel dp_box_big_Tan
15:28:18: Player "Duerowww" (steam64id="76561198259492425" pos=<7389.66, 31.55, 8200.17>) OpenBarrel dp_box_big_Brown
15:28:22: Player "Duerowww" (steam64id="76561198259492425" pos=<7389.66, 31.55, 8200.17>) CloseBarrel dp_box_big_Brown
15:28:24: Player "Duerowww" (steam64id="76561198259492425" pos=<7389.66, 31.55, 8200.17>) OpenBarrel dp_box_big_Brown
15:33:18: Player "[YKZ]-Lobato" (steam64id="76561198158375860" pos=<11092, 35.24, 8428.32>) OpenBarrel dp_box_small_Olive
15:33:22: Player "[YKZ]-Lobato" (steam64id="76561198158375860" pos=<11092, 35.24, 8428.32>) CloseBarrel dp_box_small_Olive
15:34:20: Player "[YKZ]-Lobato" (steam64id="76561198158375860" pos=<11092.3, 35.24, 8428.04>) OpenBarrel dp_box_small_Olive
15:34:23: Player "[YKZ]-Lobato" (steam64id="76561198158375860" pos=<11092.3, 35.24, 8428.04>) CloseBarrel dp_box_small_Olive
15:37:13: Player "Duerowww" (steam64id="76561198259492425" pos=<7390.13, 31.55, 8201.79>) OpenBarrel dp_box_big_Tan
15:37:31: Player "ttuker" (steam64id="76561198971813376" pos=<7393.59, 31.55, 8200.96>) OpenBarrel dp_box_big_Grey
15:37:32: Player "ttuker" (steam64id="76561198971813376" pos=<7393.59, 31.55, 8200.96>) CloseBarrel dp_box_big_Grey
15:37:39: Player "ttuker" (steam64id="76561198971813376" pos=<7389.99, 31.55, 8200.5>) OpenBarrel dp_box_big_Tan
15:37:58: Player "ttuker" (steam64id="76561198971813376" pos=<7393.79, 31.55, 8199.52>) OpenBarrel dp_box_big_Grey
15:38:02: Player "ttuker" (steam64id="76561198971813376" pos=<7393.52, 31.55, 8199.85>) CloseBarrel dp_box_big_Grey
15:38:20: Player "ttuker" (steam64id="76561198971813376" pos=<7391.84, 31.55, 8202.58>) OpenBarrel dp_box_big_Olive
15:38:27: Player "ttuker" (steam64id="76561198971813376" pos=<7391.84, 31.55, 8202.58>) CloseBarrel dp_box_big_Olive
15:39:03: Player "ttuker" (steam64id="76561198971813376" pos=<7389.5, 31.55, 8199.8>) CloseBarrel dp_box_big_Tan
15:39:04: Player "ttuker" (steam64id="76561198971813376" pos=<7389.51, 31.55, 8199.82>) CloseBarrel dp_box_big_Brown
15:39:11: Player "ttuker" (steam64id="76561198971813376" pos=<7389.53, 31.55, 8200.7>) CloseBarrel dp_box_big_Tan
15:39:47: Player "Duerowww" (steam64id="76561198259492425" pos=<7390.06, 31.55, 8199.81>) OpenBarrel dp_box_big_Brown
15:42:20: Player "[YKZ]-Lobato" (steam64id="76561198158375860" pos=<11089.4, 35.24, 8433.71>) OpenBarrel dp_box_big_Brown
15:42:24: Player "[YKZ]-Lobato" (steam64id="76561198158375860" pos=<11089.4, 35.24, 8433.71>) CloseBarrel dp_box_big_Brown
15:44:45: Player "ttuker" (steam64id="76561198971813376" pos=<7389.79, 31.55, 8201.98>) OpenBarrel dp_box_big_Tan
15:44:50: Player "ttuker" (steam64id="76561198971813376" pos=<7389.79, 31.55, 8201.98>) CloseBarrel dp_box_big_Tan
15:45:02: Player "ttuker" (steam64id="76561198971813376" pos=<7389.63, 31.55, 8201.19>) OpenBarrel dp_box_big_Tan
15:45:05: Player "[YKZ]-Lobato" (steam64id="76561198158375860" pos=<11092.1, 35.24, 8428.03>) OpenBarrel dp_box_small_Olive
15:45:07: Player "ttuker" (steam64id="76561198971813376" pos=<7389.97, 31.55, 8200.98>) CloseBarrel dp_box_big_Tan
15:45:07: Player "[YKZ]-Lobato" (steam64id="76561198158375860" pos=<11092.2, 35.24, 8428.22>) CloseBarrel dp_box_small_Olive
15:45:08: Player "[YKZ]-Lobato" (steam64id="76561198158375860" pos=<11090.5, 35.24, 8430.47>) OpenBarrel dp_box_small_Olive
15:45:15: Player "[YKZ]-Lobato" (steam64id="76561198158375860" pos=<11090.5, 35.24, 8430.47>) CloseBarrel dp_box_small_Olive
15:45:34: Player "[YKZ]-Lobato" (steam64id="76561198158375860" pos=<11088.7, 35.24, 8433.92>) OpenBarrel dp_box_big_Brown
15:45:38: Player "[YKZ]-Lobato" (steam64id="76561198158375860" pos=<11088.7, 35.24, 8433.87>) CloseBarrel dp_box_big_Brown
15:46:33: Player "Duerowww" (steam64id="76561198259492425" pos=<7390.87, 31.55, 8202.63>) OpenBarrel dp_box_small_Brown
15:48:35: Player "Duerowww" (steam64id="76561198259492425" pos=<7390.24, 31.55, 8202.61>) CloseBarrel dp_box_small_Brown
15:48:40: Player "Duerowww" (steam64id="76561198259492425" pos=<7390.36, 31.55, 8201.37>) OpenBarrel dp_box_big_Tan
15:48:45: Player "Duerowww" (steam64id="76561198259492425" pos=<7389.75, 31.55, 8201.61>) CloseBarrel dp_box_big_Tan
15:49:28: Player "ttuker" (steam64id="76561198971813376" pos=<7393.43, 31.55, 8200.9>) OpenBarrel dp_box_big_Grey
15:51:11: Player "ttuker" (steam64id="76561198971813376" pos=<7391.7, 31.55, 8202.37>) OpenBarrel dp_box_big_Olive
16:12:49: Player "ttuker" (steam64id="76561198971813376" pos=<7392.51, 32.05, 8202.88>) CloseBarrel dp_box_big_Olive
16:12:55: Player "ttuker" (steam64id="76561198971813376" pos=<7390.15, 31.55, 8200.31>) CloseBarrel dp_box_big_Brown
16:12:57: Player "ttuker" (steam64id="76561198971813376" pos=<7393.06, 31.55, 8201.25>) CloseBarrel dp_box_big_Grey
16:19:05: Player "ttuker" (steam64id="76561198971813376" pos=<7389.79, 31.55, 8201.92>) OpenBarrel dp_box_big_Tan
16:19:22: Player "Duerowww" (steam64id="76561198259492425" pos=<7392.94, 31.55, 8200.1>) OpenBarrel dp_box_big_Grey
16:19:28: Player "ttuker" (steam64id="76561198971813376" pos=<7389.75, 31.55, 8200.17>) OpenBarrel dp_box_big_Tan
16:19:31: Player "ttuker" (steam64id="76561198971813376" pos=<7389.75, 31.55, 8200.17>) CloseBarrel dp_box_big_Tan
16:19:32: Player "ttuker" (steam64id="76561198971813376" pos=<7389.75, 31.55, 8200.17>) OpenBarrel dp_box_big_Brown
16:19:36: Player "Duerowww" (steam64id="76561198259492425" pos=<7389.81, 31.55, 8201.19>) OpenBarrel dp_box_big_Tan
16:24:59: Player "Heitorzin213" (steam64id="76561198193289078" pos=<10233.8, 14.52, 11346.1>) CloseBarrel dp_box_big_Grey
16:25:00: Player "Heitorzin213" (steam64id="76561198193289078" pos=<10233.8, 14.53, 11346.1>) OpenBarrel dp_box_big_Grey
16:25:03: Player "ttuker" (steam64id="76561198971813376" pos=<7390.83, 32.04, 8200.22>) CloseBarrel dp_box_big_Grey
16:25:28: Player "ttuker" (steam64id="76561198971813376" pos=<7392.75, 32.04, 8200.69>) OpenBarrel dp_box_big_Grey
16:28:15: Player "ttuker" (steam64id="76561198971813376" pos=<7394.45, 31.55, 8198.89>) CloseBarrel dp_box_big_Grey
16:28:51: Player "[YKZ]-Lobato" (steam64id="76561198158375860" pos=<9125.77, 19.29, 6149.42>) OpenBarrel dp_box_big_Tan
16:29:10: Player "[YKZ]-Lobato" (steam64id="76561198158375860" pos=<9123.55, 19.22, 6148.67>) CloseBarrel dp_box_big_Tan
16:30:13: Player "ttuker" (steam64id="76561198971813376" pos=<7389.22, 32.05, 8200.98>) CloseBarrel dp_box_big_Tan
16:30:14: Player "ttuker" (steam64id="76561198971813376" pos=<7389.09, 32.05, 8199.82>) CloseBarrel dp_box_big_Brown
16:34:58: Player "[YKZ] Emissarius" (steam64id="76561198271087379" pos=<11092, 35.24, 8428.44>) OpenBarrel dp_box_small_Olive
16:35:01: Player "[YKZ] Emissarius" (steam64id="76561198271087379" pos=<11090.5, 35.24, 8430.37>) OpenBarrel dp_box_small_Olive
16:35:07: Player "[YKZ] Emissarius" (steam64id="76561198271087379" pos=<11089.2, 35.24, 8432.47>) OpenBarrel dp_box_big_Brown
16:44:23: Player "[HORDA] JHON WICK" (steam64id="76561198122075703" pos=<9956.43, 19.17, 11777.4>) CloseBarrel dp_box_big_Grey
16:46:27: Player "[HORDA] JHON WICK" (steam64id="76561198122075703" pos=<9952.68, 19.17, 11777>) OpenBarrel dp_box_big_Grey
16:47:10: Player "[YKZ]-Lobato" (steam64id="76561198158375860" pos=<11088.9, 35.24, 8432.79>) CloseBarrel dp_box_big_Brown
16:47:14: Player "[YKZ]-Lobato" (steam64id="76561198158375860" pos=<11089.7, 35.24, 8431.48>) CloseBarrel dp_box_small_Olive
16:48:35: Player "[YKZ]-Lobato" (steam64id="76561198158375860" pos=<11089.5, 35.24, 8431.86>) OpenBarrel dp_box_small_Olive
16:49:10: Player "[YKZ]-Lobato" (steam64id="76561198158375860" pos=<11089.7, 35.24, 8431.61>) CloseBarrel dp_box_small_Olive
16:49:11: Player "[YKZ]-Lobato" (steam64id="76561198158375860" pos=<11089.5, 35.24, 8432.68>) OpenBarrel dp_box_big_Brown
16:49:37: Player "[YKZ]-BlackBear" (steam64id="76561198343030820" pos=<11094.7, 35.72, 8424.2>) OpenBarrel dp_box_big_Tan
16:49:39: Player "[YKZ]-Lobato" (steam64id="76561198158375860" pos=<11089, 35.24, 8433.27>) CloseBarrel dp_box_big_Brown
16:50:59: Player "[YKZ]-Lobato" (steam64id="76561198158375860" pos=<11089.3, 35.24, 8432.62>) OpenBarrel dp_box_big_Brown
16:51:52: Player "[YKZ]-Lobato" (steam64id="76561198158375860" pos=<11089.3, 35.24, 8432.62>) CloseBarrel dp_box_big_Brown
16:51:55: Player "[YKZ]-Lobato" (steam64id="76561198158375860" pos=<11090.1, 35.24, 8431.89>) OpenBarrel dp_box_small_Olive
16:52:13: Player "[YKZ]-Lobato" (steam64id="76561198158375860" pos=<11089.1, 35.24, 8432.39>) OpenBarrel dp_box_big_Brown
16:52:14: Player "[YKZ]-Lobato" (steam64id="76561198158375860" pos=<11089.1, 35.24, 8432.39>) CloseBarrel dp_box_big_Brown
16:52:31: Player "[YKZ]-BlackBear" (steam64id="76561198343030820" pos=<11085.4, 41.36, 8427.55>) OpenBarrel dp_box_big_Olive
16:52:34: Player "[YKZ]-Lobato" (steam64id="76561198158375860" pos=<11089.6, 35.24, 8431.73>) CloseBarrel dp_box_small_Olive
16:52:51: Player "[YKZ]-BlackBear" (steam64id="76561198343030820" pos=<11085.4, 41.36, 8427.55>) CloseBarrel dp_box_big_Olive
16:52:53: Player "[YKZ]-BlackBear" (steam64id="76561198343030820" pos=<11085.4, 41.36, 8427.55>) OpenBarrel dp_box_big_Olive
16:53:01: Player "[YKZ]-BlackBear" (steam64id="76561198343030820" pos=<11085.4, 41.36, 8427.55>) CloseBarrel dp_box_big_Olive
16:53:09: Player "[YKZ]-BlackBear" (steam64id="76561198343030820" pos=<11085.4, 41.36, 8427.55>) OpenBarrel dp_box_big_Brown
16:53:12: Player "Duerowww" (steam64id="76561198259492425" pos=<7392.37, 31.55, 8202.04>) OpenBarrel dp_box_big_Olive
16:54:03: Player "[YKZ]-BlackBear" (steam64id="76561198343030820" pos=<11085.4, 41.36, 8427.55>) OpenBarrel dp_box_big_Olive
16:54:06: Player "[YKZ]-BlackBear" (steam64id="76561198343030820" pos=<11085.4, 41.36, 8427.55>) CloseBarrel dp_box_big_Olive
16:55:01: Player "[YKZ]-BlackBear" (steam64id="76561198343030820" pos=<11085.2, 41.36, 8427.93>) CloseBarrel dp_box_big_Brown
16:57:50: Player "[YKZ]-BlackBear" (steam64id="76561198343030820" pos=<11085.7, 41.36, 8427.75>) OpenBarrel dp_box_big_Brown
16:57:55: Player "[YKZ]-BlackBear" (steam64id="76561198343030820" pos=<11085.2, 41.36, 8427.76>) CloseBarrel dp_box_big_Brown
17:28:45: Player "[HORDA]ThiagoPenna" (steam64id="76561198218822351" pos=<9956.54, 19.17, 11777.6>) CloseBarrel dp_box_big_Grey
17:28:47: Player "[HORDA]ThiagoPenna" (steam64id="76561198218822351" pos=<9956, 19.17, 11779.3>) CloseBarrel dp_box_big_Grey
17:28:50: Player "[HORDA]ThiagoPenna" (steam64id="76561198218822351" pos=<9953.59, 19.17, 11777.2>) CloseBarrel dp_box_big_Grey
17:36:52: Player "[HORDA] zBieL" (steam64id="76561198001525812" pos=<9955.92, 19.17, 11778.2>) OpenBarrel dp_box_big_Grey
17:36:59: Player "[HORDA] zBieL" (steam64id="76561198001525812" pos=<9956.52, 19.17, 11777.8>) CloseBarrel dp_box_big_Grey
17:37:29: Player "[HORDA] zBieL" (steam64id="76561198001525812" pos=<9955.73, 19.17, 11779.3>) OpenBarrel dp_box_big_Grey
17:44:51: Player "[YKZ]-Lobato" (steam64id="76561198158375860" pos=<11090, 35.24, 8431.85>) OpenBarrel dp_box_small_Olive
17:45:52: Player "[YKZ]-Lobato" (steam64id="76561198158375860" pos=<11089.1, 35.24, 8433.42>) OpenBarrel dp_box_big_Brown
17:46:03: Player "[YKZ]-Lobato" (steam64id="76561198158375860" pos=<11089.1, 35.24, 8433.39>) CloseBarrel dp_box_big_Brown
17:47:47: Player "[YKZ]-Lobato" (steam64id="76561198158375860" pos=<11089.4, 35.24, 8433.54>) OpenBarrel dp_box_big_Brown
17:48:47: Player "[YKZ]-Lobato" (steam64id="76561198158375860" pos=<11089.4, 35.24, 8433.54>) CloseBarrel dp_box_big_Brown
17:51:36: Player "[HORDA] JHON WICK" (steam64id="76561198122075703" pos=<9955.86, 19.17, 11777.4>) OpenBarrel dp_box_big_Grey
17:52:23: Player "Ranzol" (steam64id="76561198017576237" pos=<7564.2, 26.82, 6153.43>) OpenBarrel dp_box_small_Olive
17:52:34: Player "Ranzol" (steam64id="76561198017576237" pos=<7564.2, 26.82, 6153.43>) CloseBarrel dp_box_small_Olive
17:52:59: Player "[HORDA] JHON WICK" (steam64id="76561198122075703" pos=<9956.06, 19.17, 11777.3>) OpenBarrel dp_box_big_Grey
17:53:56: Player "[YKZ]-Lobato" (steam64id="76561198158375860" pos=<11089.8, 35.24, 8431.53>) CloseBarrel dp_box_small_Olive
17:53:57: Player "[YKZ]-Lobato" (steam64id="76561198158375860" pos=<11088.9, 35.24, 8432.47>) OpenBarrel dp_box_big_Brown
17:54:10: Player "[YKZ]-Lobato" (steam64id="76561198158375860" pos=<11088.9, 35.24, 8432.47>) CloseBarrel dp_box_big_Brown
17:55:01: Player "[YKZ]-Lobato" (steam64id="76561198158375860" pos=<11089.2, 35.24, 8433.23>) OpenBarrel dp_box_big_Brown
17:55:08: Player "[YKZ]-Lobato" (steam64id="76561198158375860" pos=<11089.2, 35.24, 8433.05>) CloseBarrel dp_box_big_Brown
18:01:14: Player "[YKZ]-BlackBear" (steam64id="76561198343030820" pos=<11088.9, 35.24, 8433.75>) OpenBarrel dp_box_big_Brown
18:01:22: Player "[YKZ]-BlackBear" (steam64id="76561198343030820" pos=<11088.9, 35.24, 8433.75>) CloseBarrel dp_box_big_Brown
18:01:25: Player "[YKZ]-BlackBear" (steam64id="76561198343030820" pos=<11091.7, 35.24, 8429.14>) CloseBarrel dp_box_small_Olive
18:04:18: Player "[YKZ]-BlackBear" (steam64id="76561198343030820" pos=<11085.3, 41.36, 8427.79>) OpenBarrel dp_box_big_Olive
18:05:27: Player "[YKZ]-BlackBear" (steam64id="76561198343030820" pos=<11085.3, 41.36, 8427.79>) CloseBarrel dp_box_big_Olive
18:10:21: Player "[YKZ]-BlackBear" (steam64id="76561198343030820" pos=<11092.3, 35.24, 8427.75>) OpenBarrel dp_box_small_Olive
18:11:08: Player "[YKZ]-Lobato" (steam64id="76561198158375860" pos=<11092.2, 35.24, 8429.08>) CloseBarrel dp_box_small_Olive
18:11:22: Player "[YKZ]-BlackBear" (steam64id="76561198343030820" pos=<11092.4, 35.24, 8428.25>) OpenBarrel dp_box_small_Olive
18:11:35: Player "[YKZ]-BlackBear" (steam64id="76561198343030820" pos=<11092.4, 35.24, 8428.25>) CloseBarrel dp_box_small_Olive
18:51:06: Player "[YKZ] pedrobala" (steam64id="76561198046653521" pos=<10390, 17.65, 10611.3>) OpenBarrel dp_box_big_Grey
18:51:10: Player "[YKZ] pedrobala" (steam64id="76561198046653521" pos=<10389.3, 17.64, 10611.7>) CloseBarrel dp_box_big_Grey
19:21:03: Player "[YKZ] pedrobala" (steam64id="76561198046653521" pos=<10389.4, 17.64, 10611.6>) OpenBarrel dp_box_big_Grey
19:21:19: Player "[YKZ] pedrobala" (steam64id="76561198046653521" pos=<10389.1, 17.64, 10611.5>) CloseBarrel dp_box_big_Grey
19:21:22: Player "[YKZ] pedrobala" (steam64id="76561198046653521" pos=<10392.3, 17.67, 10609.9>) OpenBarrel dp_box_big_Grey
19:21:48: Player "[YKZ] pedrobala" (steam64id="76561198046653521" pos=<10392.3, 17.67, 10609.9>) CloseBarrel dp_box_big_Grey
19:31:41: Player "[ONE] JAPA" (steam64id="76561198161060673" pos=<9569.16, 29.16, 12159.8>) OpenBarrel dp_box_big_Grey
19:31:42: Player "[ONE] JAPA" (steam64id="76561198161060673" pos=<9569.12, 29.16, 12159.7>) CloseBarrel dp_box_big_Grey
19:31:43: Player "[ONE] JAPA" (steam64id="76561198161060673" pos=<9568.5, 29.15, 12158>) OpenBarrel dp_box_big_Grey
19:31:46: Player "[ONE] JAPA" (steam64id="76561198161060673" pos=<9568.43, 29.15, 12157.9>) CloseBarrel dp_box_big_Grey
19:31:48: Player "[ONE] JAPA" (steam64id="76561198161060673" pos=<9567.66, 29.14, 12156.9>) OpenBarrel dp_box_big_Olive
19:31:50: Player "[ONE] JAPA" (steam64id="76561198161060673" pos=<9567.62, 29.14, 12156.6>) CloseBarrel dp_box_big_Olive
19:31:51: Player "[ONE] JAPA" (steam64id="76561198161060673" pos=<9566.02, 29.16, 12155.4>) OpenBarrel dp_box_big_Olive
19:31:53: Player "[ONE] JAPA" (steam64id="76561198161060673" pos=<9566.02, 29.16, 12155.4>) CloseBarrel dp_box_big_Olive
19:31:56: Player "[ONE] JAPA" (steam64id="76561198161060673" pos=<9569.7, 29.23, 12163.5>) OpenBarrel dp_box_big_Grey
19:31:57: Player "[ONE] JAPA" (steam64id="76561198161060673" pos=<9569.7, 29.23, 12163.7>) CloseBarrel dp_box_big_Grey
19:31:58: Player "[ONE] JAPA" (steam64id="76561198161060673" pos=<9570.18, 29.28, 12165.6>) OpenBarrel dp_box_big_Grey
19:32:00: Player "[ONE] JAPA" (steam64id="76561198161060673" pos=<9570.18, 29.28, 12165.6>) CloseBarrel dp_box_big_Grey
19:32:01: Player "[ONE] JAPA" (steam64id="76561198161060673" pos=<9570.84, 29.32, 12166.9>) OpenBarrel dp_box_big_Grey
19:32:03: Player "[ONE] JAPA" (steam64id="76561198161060673" pos=<9570.84, 29.32, 12166.9>) CloseBarrel dp_box_big_Grey
19:35:18: Player "[ONE] KING" (steam64id="76561199153781943" pos=<9570.07, 29.20, 12161.2>) CloseBarrel dp_box_big_Grey
19:35:19: Player "[ONE] KING" (steam64id="76561199153781943" pos=<9570.06, 29.20, 12161.2>) CloseBarrel dp_box_big_Grey
19:35:20: Player "[ONE] KING" (steam64id="76561199153781943" pos=<9569.56, 29.17, 12159.7>) OpenBarrel dp_box_big_Grey
19:35:20: Player "[ONE] XxibahH" (steam64id="76561198165228070" pos=<9570.31, 29.33, 12167.1>) OpenBarrel dp_box_big_Grey
19:35:24: Player "[ONE] KING" (steam64id="76561199153781943" pos=<9569.08, 29.16, 12159.2>) CloseBarrel dp_box_big_Grey
19:35:25: Player "[ONE] XxibahH" (steam64id="76561198165228070" pos=<9570.54, 29.30, 12166.4>) CloseBarrel dp_box_big_Grey
19:35:25: Player "[ONE] KING" (steam64id="76561199153781943" pos=<9568.45, 29.15, 12158.1>) OpenBarrel dp_box_big_Grey
19:35:26: Player "[ONE] XxibahH" (steam64id="76561198165228070" pos=<9570.06, 29.25, 12164.9>) OpenBarrel dp_box_big_Grey
19:35:28: Player "[ONE] KING" (steam64id="76561199153781943" pos=<9567.79, 29.13, 12157.8>) CloseBarrel dp_box_big_Grey
19:35:29: Player "[ONE] KING" (steam64id="76561199153781943" pos=<9567.65, 29.14, 12156.6>) OpenBarrel dp_box_big_Olive
19:35:31: Player "[ONE] KING" (steam64id="76561199153781943" pos=<9567.38, 29.14, 12156.4>) CloseBarrel dp_box_big_Olive
19:35:32: Player "[ONE] KING" (steam64id="76561199153781943" pos=<9566.75, 29.15, 12155.8>) OpenBarrel dp_box_big_Olive
19:35:34: Player "[ONE] XxibahH" (steam64id="76561198165228070" pos=<9569.96, 29.24, 12164.2>) CloseBarrel dp_box_big_Grey
19:35:36: Player "[ONE] XxibahH" (steam64id="76561198165228070" pos=<9570.22, 29.22, 12163.3>) OpenBarrel dp_box_big_Grey
19:35:50: Player "[ONE] KING" (steam64id="76561199153781943" pos=<9566.75, 29.15, 12155.8>) CloseBarrel dp_box_big_Olive
19:35:55: Player "[ONE] KING" (steam64id="76561199153781943" pos=<9569.53, 29.20, 12162>) OpenBarrel dp_box_big_Grey
19:35:57: Player "[ONE] XxibahH" (steam64id="76561198165228070" pos=<9570.22, 29.22, 12163.3>) CloseBarrel dp_box_big_Grey
19:35:58: Player "[ONE] KING" (steam64id="76561199153781943" pos=<9569.79, 29.20, 12161.9>) CloseBarrel dp_box_big_Grey
19:36:00: Player "[ONE] KING" (steam64id="76561199153781943" pos=<9570.62, 29.30, 12166.4>) OpenBarrel dp_box_big_Grey
19:36:01: Player "[ONE] XxibahH" (steam64id="76561198165228070" pos=<9569.93, 29.20, 12161.7>) OpenBarrel dp_box_big_Grey
19:36:02: Player "[ONE] KING" (steam64id="76561199153781943" pos=<9570.63, 29.30, 12166.4>) CloseBarrel dp_box_big_Grey
19:36:03: Player "[ONE] KING" (steam64id="76561199153781943" pos=<9570.13, 29.29, 12165.9>) OpenBarrel dp_box_big_Grey
19:36:04: Player "[ONE] XxibahH" (steam64id="76561198165228070" pos=<9569.9, 29.20, 12161.2>) CloseBarrel dp_box_big_Grey
19:36:05: Player "[ONE] XxibahH" (steam64id="76561198165228070" pos=<9569.56, 29.17, 12160.4>) OpenBarrel dp_box_big_Grey
19:36:11: Player "[ONE] XxibahH" (steam64id="76561198165228070" pos=<9569.56, 29.17, 12160.4>) CloseBarrel dp_box_big_Grey
19:36:12: Player "[ONE] XxibahH" (steam64id="76561198165228070" pos=<9568.81, 29.16, 12158.8>) OpenBarrel dp_box_big_Grey
19:36:15: Player "[ONE] XxibahH" (steam64id="76561198165228070" pos=<9568.54, 29.15, 12158.8>) CloseBarrel dp_box_big_Grey
19:36:17: Player "[ONE] XxibahH" (steam64id="76561198165228070" pos=<9568.2, 29.14, 12157.5>) OpenBarrel dp_box_big_Grey
19:36:19: Player "[ONE] KING" (steam64id="76561199153781943" pos=<9570.36, 29.31, 12166.5>) CloseBarrel dp_box_big_Grey
19:36:24: Player "[ONE] XxibahH" (steam64id="76561198165228070" pos=<9567.91, 29.13, 12157.2>) CloseBarrel dp_box_big_Grey
19:36:25: Player "[ONE] XxibahH" (steam64id="76561198165228070" pos=<9566.79, 29.14, 12156.5>) OpenBarrel dp_box_big_Olive
19:36:29: Player "[ONE] XxibahH" (steam64id="76561198165228070" pos=<9566.39, 29.16, 12155.8>) OpenBarrel dp_box_big_Olive
19:36:45: Player "[YKZ] pedrobala" (steam64id="76561198046653521" pos=<10392.6, 17.68, 10610.2>) OpenBarrel dp_box_big_Grey
19:36:47: Player "[ONE] XxibahH" (steam64id="76561198165228070" pos=<9566.23, 29.15, 12155.9>) CloseBarrel dp_box_big_Olive
19:36:57: Player "[YKZ] Notsniw" (steam64id="76561197967151252" pos=<10434.8, 12.53, 11551.5>) OpenBarrel dp_box_big_Brown
19:36:59: Player "[YKZ] Notsniw" (steam64id="76561197967151252" pos=<10434, 12.53, 11549.3>) OpenBarrel dp_box_big_Brown
19:37:05: Player "[ONE] KARABULJHAN" (steam64id="76561198100527842" pos=<9567.26, 29.15, 12156.3>) OpenBarrel dp_box_big_Olive
19:37:06: Player "[YKZ] pedrobala" (steam64id="76561198046653521" pos=<10389.6, 17.65, 10611.4>) OpenBarrel dp_box_big_Grey
19:37:14: Player "[ONE] XxibahH" (steam64id="76561198165228070" pos=<9566.12, 29.15, 12155.9>) CloseBarrel dp_box_big_Olive
19:37:16: Player "[ONE] KARABULJHAN" (steam64id="76561198100527842" pos=<9567.67, 29.13, 12158.1>) OpenBarrel dp_box_big_Grey
19:37:18: Player "[ONE] XxibahH" (steam64id="76561198165228070" pos=<9568.88, 29.16, 12159.6>) OpenBarrel dp_box_big_Grey
19:37:24: Player "[ONE] XxibahH" (steam64id="76561198165228070" pos=<9568.04, 29.14, 12158.7>) CloseBarrel dp_box_big_Grey
19:37:35: Player "[ONE] KARABULJHAN" (steam64id="76561198100527842" pos=<9569.02, 29.16, 12159.4>) OpenBarrel dp_box_big_Grey
19:37:41: Player "[ONE] KARABULJHAN" (steam64id="76561198100527842" pos=<9569.36, 29.17, 12160.8>) OpenBarrel dp_box_big_Grey
19:37:46: Player "[ONE] KARABULJHAN" (steam64id="76561198100527842" pos=<9570.8, 29.66, 12161.5>) OpenBarrel dp_box_big_Grey
19:37:49: Player "[YKZ] pedrobala" (steam64id="76561198046653521" pos=<10389.6, 17.65, 10611.7>) CloseBarrel dp_box_big_Grey
19:37:52: Player "[YKZ] pedrobala" (steam64id="76561198046653521" pos=<10392.1, 17.67, 10609.3>) CloseBarrel dp_box_big_Grey
19:37:54: Player "[ONE] KARABULJHAN" (steam64id="76561198100527842" pos=<9570.05, 29.22, 12162.7>) OpenBarrel dp_box_big_Grey
19:38:08: Player "[ONE] KARABULJHAN" (steam64id="76561198100527842" pos=<9570.39, 29.26, 12165.2>) OpenBarrel dp_box_big_Grey
19:38:17: Player "[ONE] KARABULJHAN" (steam64id="76561198100527842" pos=<9570.63, 29.32, 12166.9>) OpenBarrel dp_box_big_Grey
19:38:42: Player "[YKZ]-BlackBear" (steam64id="76561198343030820" pos=<10434.6, 12.53, 11532.5>) CloseBarrel Barrel_Green
19:39:27: Player "[YKZ]-BlackBear" (steam64id="76561198343030820" pos=<10434.4, 12.53, 11549.6>) CloseBarrel dp_box_big_Brown
19:39:29: Player "[YKZ]-BlackBear" (steam64id="76561198343030820" pos=<10434.4, 12.53, 11549.6>) OpenBarrel dp_box_big_Brown
19:39:30: Player "[YKZ]-BlackBear" (steam64id="76561198343030820" pos=<10434.4, 12.53, 11549.6>) CloseBarrel dp_box_big_Brown
19:39:50: Player "[YKZ] Emissarius" (steam64id="76561198271087379" pos=<10435.1, 13.00, 11550.2>) OpenBarrel dp_box_big_Brown
19:41:09: Player "[YKZ]-Lobato" (steam64id="76561198158375860" pos=<10435.3, 12.53, 11549.7>) CloseBarrel dp_box_big_Brown
19:41:29: Player "[YKZ]-Lobato" (steam64id="76561198158375860" pos=<10434.1, 12.53, 11547.6>) CloseBarrel dp_box_big_Brown
19:41:49: Player "[YKZ]-BlackBear" (steam64id="76561198343030820" pos=<10434.2, 12.53, 11545.4>) CloseBarrel dp_box_big_Brown
19:41:51: Player "[ONE}Rick" (steam64id="76561198868590548" pos=<9566.62, 29.15, 12156.3>) OpenBarrel dp_box_big_Olive
19:41:59: Player "[YKZ] Emissarius" (steam64id="76561198271087379" pos=<10428.3, 12.53, 11547.7>) CloseBarrel dp_box_big_Brown
19:42:19: Player "[YKZ] Emissarius" (steam64id="76561198271087379" pos=<10432.5, 12.53, 11546>) OpenBarrel dp_box_big_Brown
19:42:32: Player "[YKZ] chron1c" (steam64id="76561198205585613" pos=<10425.6, 12.53, 11543.9>) OpenBarrel dp_box_big_Brown
19:42:32: Player "[YKZ] Emissarius" (steam64id="76561198271087379" pos=<10435.1, 12.53, 11545.5>) CloseBarrel dp_box_big_Brown
19:42:42: Player "[YKZ] chron1c" (steam64id="76561198205585613" pos=<10434, 12.53, 11545>) OpenBarrel dp_box_big_Brown
19:43:24: Player "[YKZ]-BlackBear" (steam64id="76561198343030820" pos=<10434, 12.53, 11544.9>) CloseBarrel dp_box_big_Brown
19:43:25: Player "[YKZ] Emissarius" (steam64id="76561198271087379" pos=<10424.1, 12.53, 11545.9>) CloseBarrel dp_box_big_Brown
19:48:27: Player "[YKZ] pedrobala" (steam64id="76561198046653521" pos=<10392.2, 17.67, 10610.2>) OpenBarrel dp_box_big_Grey
19:48:39: Player "[YKZ] pedrobala" (steam64id="76561198046653521" pos=<10390, 17.65, 10611.6>) OpenBarrel dp_box_big_Grey
19:49:10: Player "[YKZ] pedrobala" (steam64id="76561198046653521" pos=<10392.3, 18.03, 10609.5>) CloseBarrel dp_box_big_Grey
19:49:12: Player "[YKZ] pedrobala" (steam64id="76561198046653521" pos=<10390.1, 17.65, 10610.8>) CloseBarrel dp_box_big_Grey
19:57:14: Player "[YKZ]-Lobato" (steam64id="76561198158375860" pos=<11090.2, 35.24, 8431.16>) OpenBarrel dp_box_big_Brown
19:57:39: Player "[ONE] XxibahH" (steam64id="76561198165228070" pos=<9571.27, 29.79, 12166.6>) CloseBarrel dp_box_big_Grey
19:57:39: Player "[YKZ]-Lobato" (steam64id="76561198158375860" pos=<11089.9, 35.24, 8431.82>) OpenBarrel dp_box_small_Olive
19:58:23: Player "[YKZ]-Lobato" (steam64id="76561198158375860" pos=<11089.9, 35.24, 8431.93>) CloseBarrel dp_box_small_Olive
19:58:38: Player "[YKZ]-Lobato" (steam64id="76561198158375860" pos=<11089.9, 35.24, 8431.93>) CloseBarrel dp_box_big_Brown
20:01:47: Player "[YKZ] Notsniw" (steam64id="76561197967151252" pos=<11089, 35.24, 8433.6>) OpenBarrel dp_box_big_Brown
20:02:26: Player "[YKZ] Notsniw" (steam64id="76561197967151252" pos=<11088.8, 35.24, 8433.7>) CloseBarrel dp_box_big_Brown
20:03:07: Player "[YKZ] Notsniw" (steam64id="76561197967151252" pos=<11089.1, 35.24, 8433.45>) OpenBarrel dp_box_big_Brown
20:03:34: Player "[YKZ] Notsniw" (steam64id="76561197967151252" pos=<11089.1, 35.24, 8433.45>) CloseBarrel dp_box_big_Brown
20:05:07: Player "[ONE] KING" (steam64id="76561199153781943" pos=<9569.96, 29.29, 12165.8>) OpenBarrel dp_box_big_Grey
20:05:24: Player "[YKZ]-Lobato" (steam64id="76561198158375860" pos=<11090.3, 35.24, 8431.81>) OpenBarrel dp_box_small_Olive
20:05:32: Player "[YKZ]-Lobato" (steam64id="76561198158375860" pos=<11090.1, 35.24, 8431.58>) CloseBarrel dp_box_small_Olive
20:05:49: Player "[YKZ]-Lobato" (steam64id="76561198158375860" pos=<11090, 35.24, 8431.71>) OpenBarrel dp_box_big_Brown
20:06:00: Player "[YKZ]-Lobato" (steam64id="76561198158375860" pos=<11089.7, 35.24, 8433.46>) OpenBarrel dp_box_big_Brown
20:06:05: Player "[YKZ]-Lobato" (steam64id="76561198158375860" pos=<11089.3, 35.24, 8433.48>) CloseBarrel dp_box_big_Brown
20:07:12: Player "[YKZ]-Lobato" (steam64id="76561198158375860" pos=<11090.3, 35.95, 8431.42>) CloseBarrel dp_box_big_Brown
20:08:54: Player "[YKZ]-Lobato" (steam64id="76561198158375860" pos=<11089.1, 35.24, 8432.79>) OpenBarrel dp_box_big_Brown
20:09:00: Player "[YKZ]-Lobato" (steam64id="76561198158375860" pos=<11089.1, 35.24, 8433.34>) CloseBarrel dp_box_big_Brown
20:11:47: Player "[YKZ]-BlackBear" (steam64id="76561198343030820" pos=<11091, 35.24, 8421.75>) OpenBarrel Barrel_Green
20:12:31: Player "[YKZ]-Lobato" (steam64id="76561198158375860" pos=<11090.9, 35.24, 8430.49>) OpenBarrel dp_box_small_Olive
20:12:37: Player "[YKZ]-Lobato" (steam64id="76561198158375860" pos=<11090.9, 35.24, 8430.49>) CloseBarrel dp_box_small_Olive
20:16:00: Player "[YKZ]-Lobato" (steam64id="76561198158375860" pos=<11090.1, 35.24, 8431.07>) OpenBarrel dp_box_big_Brown
20:16:47: Player "[YKZ] Emissarius" (steam64id="76561198271087379" pos=<11090.9, 31.61, 8430.45>) OpenBarrel dp_box_big_Brown
20:16:52: Player "[YKZ] Emissarius" (steam64id="76561198271087379" pos=<11091.5, 31.61, 8429.8>) CloseBarrel dp_box_big_Brown
20:17:13: Player "[YKZ] Emissarius" (steam64id="76561198271087379" pos=<11091.1, 31.61, 8430.45>) OpenBarrel dp_box_big_Brown
20:18:46: Player "[YKZ]-Lobato" (steam64id="76561198158375860" pos=<11085.2, 41.36, 8427.48>) OpenBarrel dp_box_big_Olive
20:18:49: Player "[YKZ]-Lobato" (steam64id="76561198158375860" pos=<11085.3, 41.36, 8427.58>) CloseBarrel dp_box_big_Olive
20:19:00: Player "[YKZ]-Lobato" (steam64id="76561198158375860" pos=<11085.2, 42.07, 8425.79>) OpenBarrel dp_box_big_Brown
20:19:04: Player "[YKZ]-Lobato" (steam64id="76561198158375860" pos=<11085, 41.86, 8426.99>) CloseBarrel dp_box_big_Brown
20:19:52: Player "[YKZ]-Lobato" (steam64id="76561198158375860" pos=<11090.3, 35.24, 8431>) CloseBarrel dp_box_big_Brown
20:19:55: Player "[YKZ]-Lobato" (steam64id="76561198158375860" pos=<11090.4, 35.24, 8431.15>) OpenBarrel dp_box_small_Olive
20:20:23: Player "[YKZ]-Lobato" (steam64id="76561198158375860" pos=<11089.5, 35.24, 8432.46>) OpenBarrel dp_box_big_Brown
20:21:08: Player "[YKZ]-Lobato" (steam64id="76561198158375860" pos=<11090.6, 35.24, 8430.25>) CloseBarrel dp_box_small_Olive
20:21:09: Player "[YKZ]-Lobato" (steam64id="76561198158375860" pos=<11090.6, 35.24, 8430.25>) OpenBarrel dp_box_big_Brown
20:21:17: Player "[YKZ]-Lobato" (steam64id="76561198158375860" pos=<11090.6, 35.24, 8430.69>) CloseBarrel dp_box_big_Brown
20:21:38: Player "[YKZ] pedrobala" (steam64id="76561198046653521" pos=<10392.1, 17.67, 10609.4>) OpenBarrel dp_box_big_Grey
20:22:17: Player "[YKZ]-Lobato" (steam64id="76561198158375860" pos=<11089.6, 35.68, 8433.47>) CloseBarrel dp_box_big_Brown
20:22:27: Player "[YKZ]-Lobato" (steam64id="76561198158375860" pos=<11089.3, 35.24, 8433.7>) OpenBarrel dp_box_big_Brown
20:22:37: Player "[YKZ] pedrobala" (steam64id="76561198046653521" pos=<10389.3, 17.64, 10611.6>) OpenBarrel dp_box_big_Grey
20:23:28: Player "[YKZ] pedrobala" (steam64id="76561198046653521" pos=<10392.4, 17.67, 10609.7>) CloseBarrel dp_box_big_Grey
20:23:30: Player "[YKZ] pedrobala" (steam64id="76561198046653521" pos=<10389.3, 17.64, 10611.6>) CloseBarrel dp_box_big_Grey
20:31:08: Player "[YKZ]-Lobato" (steam64id="76561198158375860" pos=<11088.9, 35.24, 8434.12>) CloseBarrel dp_box_big_Brown
20:31:10: Player "[YKZ]-Lobato" (steam64id="76561198158375860" pos=<11089.1, 35.24, 8432.86>) OpenBarrel dp_box_big_Brown
20:31:14: Player "[YKZ]-Lobato" (steam64id="76561198158375860" pos=<11089.6, 35.24, 8432.64>) CloseBarrel dp_box_big_Brown
20:31:16: Player "[YKZ]-Lobato" (steam64id="76561198158375860" pos=<11089.9, 35.24, 8430.85>) OpenBarrel dp_box_big_Brown
20:31:17: Player "[YKZ]-Lobato" (steam64id="76561198158375860" pos=<11089.9, 35.24, 8430.85>) CloseBarrel dp_box_big_Brown
20:31:20: Player "[YKZ]-Lobato" (steam64id="76561198158375860" pos=<11089.9, 35.24, 8431.4>) OpenBarrel dp_box_small_Olive
20:31:21: Player "[YKZ]-Lobato" (steam64id="76561198158375860" pos=<11089.9, 35.24, 8431.4>) CloseBarrel dp_box_small_Olive
20:32:27: Player "[YKZ]-Lobato" (steam64id="76561198158375860" pos=<11089, 35.24, 8433.58>) OpenBarrel dp_box_big_Brown
20:32:30: Player "[YKZ]-Lobato" (steam64id="76561198158375860" pos=<11089, 35.24, 8433.58>) CloseBarrel dp_box_big_Brown
20:32:33: Player "[YKZ]-Lobato" (steam64id="76561198158375860" pos=<11089.8, 35.24, 8431.06>) OpenBarrel dp_box_small_Olive
20:35:08: Player "[YKZ]-Lobato" (steam64id="76561198158375860" pos=<11090.9, 35.24, 8429.8>) CloseBarrel dp_box_small_Olive
20:50:21: Player "[YKZ] Emissarius" (steam64id="76561198271087379" pos=<11092.1, 35.24, 8428.44>) OpenBarrel dp_box_small_Olive
21:06:58: Player "[HORDA]ThiagoPenna" (steam64id="76561198218822351" pos=<9952.17, 19.17, 11777.7>) CloseBarrel dp_box_big_Grey
21:23:37: Player "TcheLoco" (steam64id="76561198099449370" pos=<9952.99, 19.17, 11777.5>) OpenBarrel dp_box_big_Grey
21:48:05: Player "{KMG}-Rockeiro" (steam64id="76561198928581570" pos=<10257.6, 22.08, 13038.1>) CloseBarrel dp_box_small_Olive
22:00:52: Player "[EB]GordoEmers" (steam64id="76561198260617608" pos=<10392.7, 17.68, 10609.8>) OpenBarrel dp_box_big_Grey
22:00:59: Player "[EB]GordoEmers" (steam64id="76561198260617608" pos=<10392.7, 17.68, 10609.8>) CloseBarrel dp_box_big_Grey
22:01:00: Player "[EB]GordoEmers" (steam64id="76561198260617608" pos=<10391, 17.65, 10609.3>) OpenBarrel dp_box_big_Grey
22:01:07: Player "[EB]GordoEmers" (steam64id="76561198260617608" pos=<10391, 17.65, 10609.3>) CloseBarrel dp_box_big_Grey
22:01:09: Player "[EB]GordoEmers" (steam64id="76561198260617608" pos=<10389.3, 17.64, 10610.5>) OpenBarrel dp_box_big_Grey
22:07:13: Player "[EB]GordoEmers" (steam64id="76561198260617608" pos=<10389.7, 17.65, 10611.5>) CloseBarrel dp_box_big_Grey
22:07:23: Player "[EB]GordoEmers" (steam64id="76561198260617608" pos=<10392, 17.67, 10609.9>) OpenBarrel dp_box_big_Grey
22:10:32: Player "[EB]GordoEmers" (steam64id="76561198260617608" pos=<10392.3, 17.67, 10609.4>) CloseBarrel dp_box_big_Grey
22:12:11: Player "[EB] alemao" (steam64id="76561198046653521" pos=<10389.1, 17.64, 10612.3>) OpenBarrel dp_box_big_Grey
22:13:36: Player "[EB] alemao" (steam64id="76561198046653521" pos=<10389.3, 17.65, 10612.1>) CloseBarrel dp_box_big_Grey
22:13:44: Player "[EB]GordoEmers" (steam64id="76561198260617608" pos=<10388.9, 17.64, 10612.6>) OpenBarrel dp_box_big_Grey
22:13:45: Player "[EB] alemao" (steam64id="76561198046653521" pos=<10392.5, 17.68, 10610.1>) OpenBarrel dp_box_big_Grey
22:14:59: Player "[EB] alemao" (steam64id="76561198046653521" pos=<10392.2, 17.67, 10609.7>) CloseBarrel dp_box_big_Grey
22:16:07: Player "[EB] alemao" (steam64id="76561198046653521" pos=<10388.2, 14.53, 10616.7>) OpenBarrel dp_box_big_Grey
22:16:09: Player "[EB] alemao" (steam64id="76561198046653521" pos=<10388.8, 14.54, 10616.6>) CloseBarrel dp_box_big_Grey
22:16:28: Player "[EB]GordoEmers" (steam64id="76561198260617608" pos=<10387.9, 14.53, 10616.4>) OpenBarrel dp_box_big_Grey
22:16:32: Player "[EB]GordoEmers" (steam64id="76561198260617608" pos=<10387.9, 14.53, 10616.4>) CloseBarrel dp_box_big_Grey
22:17:30: Player "[EB] alemao" (steam64id="76561198046653521" pos=<10392.4, 17.68, 10609.8>) OpenBarrel dp_box_big_Grey
22:18:15: Player "[HORDA]ThiagoPenna" (steam64id="76561198218822351" pos=<9952.07, 19.17, 11777.8>) CloseBarrel dp_box_big_Grey
22:20:18: Player "[EB] alemao" (steam64id="76561198046653521" pos=<10392.6, 17.68, 10609.8>) CloseBarrel dp_box_big_Grey
22:20:33: Player "[EB] alemao" (steam64id="76561198046653521" pos=<10388.1, 14.53, 10616.3>) OpenBarrel dp_box_big_Grey
22:22:14: Player "[EB] alemao" (steam64id="76561198046653521" pos=<10392.1, 17.67, 10610>) OpenBarrel dp_box_big_Grey
22:23:15: Player "[EB] alemao" (steam64id="76561198046653521" pos=<10392.4, 17.67, 10609.6>) CloseBarrel dp_box_big_Grey
22:37:02: Player "[EB]GordoEmers" (steam64id="76561198260617608" pos=<10392.8, 17.68, 10610.3>) OpenBarrel dp_box_big_Grey
22:38:20: Player "[EB] alemao" (steam64id="76561198046653521" pos=<10389.2, 17.64, 10612.2>) CloseBarrel dp_box_big_Grey
22:39:24: Player "[EB] alemao" (steam64id="76561198046653521" pos=<10392.4, 17.67, 10609.8>) CloseBarrel dp_box_big_Grey
22:39:26: Player "[EB] alemao" (steam64id="76561198046653521" pos=<10392.4, 17.67, 10609.8>) OpenBarrel dp_box_big_Grey
22:39:37: Player "[EB] alemao" (steam64id="76561198046653521" pos=<10392.4, 17.67, 10609.8>) CloseBarrel dp_box_big_Grey
22:41:19: Player "[HORDA]LUCASBR" (steam64id="76561198973828354" pos=<9952.57, 19.17, 11777.4>) OpenBarrel dp_box_big_Grey
22:41:37: Player "[HORDA]LUCASBR" (steam64id="76561198973828354" pos=<9951.42, 19.17, 11776.2>) CloseBarrel dp_box_big_Grey
23:09:53: Player "[YKZ]-Lobato" (steam64id="76561198158375860" pos=<11089.4, 35.24, 8431.87>) OpenBarrel dp_box_big_Brown
23:10:00: Player "[YKZ]-Lobato" (steam64id="76561198158375860" pos=<11089.7, 35.24, 8432.22>) CloseBarrel dp_box_big_Brown
23:10:29: Player "[YKZ]-Lobato" (steam64id="76561198158375860" pos=<11089.1, 35.24, 8433.36>) OpenBarrel dp_box_big_Brown
23:11:13: Player "[YKZ]-Lobato" (steam64id="76561198158375860" pos=<11089.1, 35.24, 8433.42>) CloseBarrel dp_box_big_Brown
23:11:17: Player "[YKZ]-Lobato" (steam64id="76561198158375860" pos=<11089.9, 35.24, 8431.02>) OpenBarrel dp_box_small_Olive
23:11:24: Player "[YKZ]-Lobato" (steam64id="76561198158375860" pos=<11090.2, 35.24, 8431.05>) CloseBarrel dp_box_small_Olive
23:11:26: Player "[YKZ]-Lobato" (steam64id="76561198158375860" pos=<11090.2, 35.24, 8431.05>) OpenBarrel dp_box_big_Brown
23:11:30: Player "[YKZ]-Lobato" (steam64id="76561198158375860" pos=<11090.2, 35.24, 8431.05>) CloseBarrel dp_box_big_Brown
23:12:11: Player "[YKZ]-Lobato" (steam64id="76561198158375860" pos=<11089.7, 35.24, 8432.22>) OpenBarrel dp_box_big_Brown
23:12:17: Player "[YKZ]-Lobato" (steam64id="76561198158375860" pos=<11089.7, 35.24, 8432.22>) CloseBarrel dp_box_big_Brown
23:13:06: Player "[YKZ]-Lobato" (steam64id="76561198158375860" pos=<11089.1, 35.24, 8433.07>) OpenBarrel dp_box_big_Brown
23:14:08: Player "[YKZ]-Lobato" (steam64id="76561198158375860" pos=<11089.1, 35.24, 8433.07>) CloseBarrel dp_box_big_Brown
23:14:10: Player "[YKZ]-Lobato" (steam64id="76561198158375860" pos=<11089.1, 35.24, 8433.07>) OpenBarrel dp_box_big_Brown
23:14:13: Player "[YKZ]-Lobato" (steam64id="76561198158375860" pos=<11089.8, 35.24, 8431.66>) OpenBarrel dp_box_big_Brown
23:14:19: Player "[YKZ]-Lobato" (steam64id="76561198158375860" pos=<11090.1, 35.24, 8431.44>) CloseBarrel dp_box_big_Brown
23:14:27: Player "[YKZ]-Lobato" (steam64id="76561198158375860" pos=<11089.1, 35.24, 8432.72>) CloseBarrel dp_box_big_Brown
23:15:38: Player "[YKZ]-Lobato" (steam64id="76561198158375860" pos=<11089.9, 35.24, 8431.13>) OpenBarrel dp_box_small_Olive
23:16:44: Player "[YKZ]-Lobato" (steam64id="76561198158375860" pos=<11089.4, 35.24, 8432.5>) OpenBarrel dp_box_big_Brown
23:16:47: Player "[YKZ]-Lobato" (steam64id="76561198158375860" pos=<11089.4, 35.24, 8432.5>) CloseBarrel dp_box_big_Brown
23:16:49: Player "[YKZ]-Lobato" (steam64id="76561198158375860" pos=<11089.1, 35.24, 8433.67>) OpenBarrel dp_box_big_Brown
23:17:39: Player "[YKZ]-Lobato" (steam64id="76561198158375860" pos=<11089.1, 35.24, 8433.67>) CloseBarrel dp_box_big_Brown
23:17:51: Player "[YKZ]-Lobato" (steam64id="76561198158375860" pos=<11090.9, 35.24, 8430.08>) CloseBarrel dp_box_small_Olive
23:21:07: Player "[EB] alemao" (steam64id="76561198046653521" pos=<10392.4, 17.68, 10610>) OpenBarrel dp_box_big_Grey
23:22:10: Player "[EB] alemao" (steam64id="76561198046653521" pos=<10392.7, 17.68, 10609.7>) CloseBarrel dp_box_big_Grey
23:22:11: Player "[EB] alemao" (steam64id="76561198046653521" pos=<10392.7, 17.68, 10609.7>) OpenBarrel dp_box_big_Grey
23:23:04: Player "[EB] alemao" (steam64id="76561198046653521" pos=<10392.1, 17.67, 10610.2>) CloseBarrel dp_box_big_Grey
23:23:09: Player "[EB] alemao" (steam64id="76561198046653521" pos=<10392.3, 17.67, 10609.8>) OpenBarrel dp_box_big_Grey
23:24:06: Player "[EB]GordoEmers" (steam64id="76561198260617608" pos=<10391.8, 17.66, 10609.4>) OpenBarrel dp_box_big_Grey
23:24:10: Player "[EB]GordoEmers" (steam64id="76561198260617608" pos=<10390.9, 18.07, 10608.5>) CloseBarrel dp_box_big_Grey
23:24:12: Player "[EB]GordoEmers" (steam64id="76561198260617608" pos=<10392.2, 17.67, 10609.9>) CloseBarrel dp_box_big_Grey
23:24:13: Player "[EB] alemao" (steam64id="76561198046653521" pos=<10389.2, 17.64, 10611.8>) OpenBarrel dp_box_big_Grey
23:24:14: Player "[EB]GordoEmers" (steam64id="76561198260617608" pos=<10388.3, 18.09, 10612>) CloseBarrel dp_box_big_Grey
23:24:16: Player "[EB]GordoEmers" (steam64id="76561198260617608" pos=<10388.3, 18.09, 10612>) OpenBarrel dp_box_big_Grey
23:24:37: Player "[EB]GordoEmers" (steam64id="76561198260617608" pos=<10392.3, 17.68, 10610>) OpenBarrel dp_box_big_Grey
23:24:41: Player "[EB]GordoEmers" (steam64id="76561198260617608" pos=<10392.3, 17.68, 10610>) CloseBarrel dp_box_big_Grey
23:24:52: Player "[EB]GordoEmers" (steam64id="76561198260617608" pos=<10392.3, 17.67, 10609.7>) OpenBarrel dp_box_big_Grey
23:25:52: Player "[EB]GordoEmers" (steam64id="76561198260617608" pos=<10387.4, 14.99, 10616.9>) CloseBarrel dp_box_big_Grey
23:26:17: Player "[EB]GordoEmers" (steam64id="76561198260617608" pos=<10391.2, 17.65, 10609>) OpenBarrel dp_box_big_Grey
23:26:59: Player "[EB] alemao" (steam64id="76561198046653521" pos=<10392.7, 17.68, 10609.9>) CloseBarrel dp_box_big_Grey
23:27:05: Player "[EB] alemao" (steam64id="76561198046653521" pos=<10387.8, 14.52, 10615.9>) OpenBarrel dp_box_big_Grey
23:27:27: Player "[EB] alemao" (steam64id="76561198046653521" pos=<10387.6, 14.52, 10616.3>) CloseBarrel dp_box_big_Grey
23:27:47: Player "[EB]GordoEmers" (steam64id="76561198260617608" pos=<10392.1, 17.67, 10609.5>) OpenBarrel dp_box_big_Grey
23:28:20: Player "[EB] alemao" (steam64id="76561198046653521" pos=<10392.6, 17.68, 10609.7>) CloseBarrel dp_box_big_Grey
23:28:21: Player "[EB] alemao" (steam64id="76561198046653521" pos=<10392, 17.66, 10609.3>) CloseBarrel dp_box_big_Grey
23:30:09: Player "[HORDA]LUCASBR" (steam64id="76561198973828354" pos=<9951.6, 19.17, 11777.4>) OpenBarrel dp_box_big_Grey
23:33:27: Player "[EB] alemao" (steam64id="76561198046653521" pos=<10391.5, 17.66, 10610.1>) OpenBarrel dp_box_big_Grey
23:34:30: Player "[EB] alemao" (steam64id="76561198046653521" pos=<10391.5, 17.66, 10610.1>) CloseBarrel dp_box_big_Grey
23:46:28: Player "[EB] alemao" (steam64id="76561198046653521" pos=<10392.8, 17.68, 10610.2>) OpenBarrel dp_box_big_Grey
23:46:56: Player "[YAKUZA] -Roger" (steam64id="76561198152624992" pos=<9560.32, 6.31, 9582.27>) CloseBarrel dp_box_small_Olive
23:50:12: Player "[EB] alemao" (steam64id="76561198046653521" pos=<10389.3, 17.64, 10611.9>) CloseBarrel dp_box_big_Grey
23:50:33: Player "[EB] alemao" (steam64id="76561198046653521" pos=<10388, 14.53, 10616.1>) OpenBarrel dp_box_big_Grey
23:52:49: Player "[EB]GordoEmers" (steam64id="76561198260617608" pos=<10388.6, 18.07, 10612.2>) OpenBarrel dp_box_big_Grey
23:53:04: Player "[EB]GordoEmers" (steam64id="76561198260617608" pos=<10392.1, 17.67, 10609.6>) CloseBarrel dp_box_big_Grey
23:53:06: Player "[EB]GordoEmers" (steam64id="76561198260617608" pos=<10389.6, 17.64, 10611.1>) CloseBarrel dp_box_big_Grey
23:53:18: Player "[EB] alemao" (steam64id="76561198046653521" pos=<10388.4, 14.53, 10616.2>) CloseBarrel dp_box_big_Grey
23:53:25: Player "[EB] alemao" (steam64id="76561198046653521" pos=<10392.5, 17.68, 10609.7>) OpenBarrel dp_box_big_Grey
23:54:00: Player "[EB]GordoEmers" (steam64id="76561198260617608" pos=<10388.4, 18.09, 10611.8>) OpenBarrel dp_box_big_Grey
23:54:03: Player "[EB]GordoEmers" (steam64id="76561198260617608" pos=<10389.2, 17.64, 10611.7>) CloseBarrel dp_box_big_Grey
23:54:39: Player "ttuker" (steam64id="76561198971813376" pos=<7390.31, 31.55, 8201.26>) CloseBarrel dp_box_big_Tan
23:57:50: Player "[EB]GordoEmers" (steam64id="76561198260617608" pos=<10388.3, 18.09, 10611.9>) OpenBarrel dp_box_big_Grey
