01:20:56: Player "[YKZ]-BlackBear" (steam64id="76561198343030820" pos=<11085.8, 41.36, 8427.32>) CloseBarrel dp_box_big_Olive
01:39:33: Player "[YKZ]-BlackBear" (steam64id="76561198343030820" pos=<11083.1, 4.21, 8430.57>) OpenBarrel dp_box_small_Olive
02:15:39: Player "[YKZ]-BlackBear" (steam64id="76561198343030820" pos=<11085.8, 41.36, 8426.96>) OpenBarrel dp_box_big_Olive
04:34:42: Player "FisFacu" (steam64id="76561198339726200" pos=<11102.5, 4.62, 8195.49>) OpenBarrel dp_box_big_Grey
04:36:35: Player "FisFacu" (steam64id="76561198339726200" pos=<11102.6, 4.62, 8195.77>) CloseBarrel dp_box_big_Grey
04:58:21: Player "FisFacu" (steam64id="76561198339726200" pos=<11102.5, 4.83, 8195.62>) OpenBarrel dp_box_big_Grey
04:59:16: Player "FisFacu" (steam64id="76561198339726200" pos=<11102.4, 4.62, 8196.51>) CloseBarrel dp_box_big_Grey
05:15:23: Player "FisFacu" (steam64id="76561198339726200" pos=<11103.3, 4.62, 8195.68>) OpenBarrel dp_box_big_Grey
05:19:31: Player "FisFacu" (steam64id="76561198339726200" pos=<11103.4, 5.11, 8194.33>) CloseBarrel dp_box_big_Grey
05:25:05: Player "FisFacu" (steam64id="76561198339726200" pos=<11103.1, 4.62, 8195.4>) OpenBarrel dp_box_big_Grey
05:25:10: Player "FisFacu" (steam64id="76561198339726200" pos=<11103.1, 4.62, 8195.54>) CloseBarrel dp_box_big_Grey
07:38:17: Player "[ONE] JAPA" (steam64id="76561198161060673" pos=<7877.9, 31.29, 7417.98>) OpenBarrel dp_box_big_Grey
07:38:23: Player "[ONE] JAPA" (steam64id="76561198161060673" pos=<7877.85, 31.29, 7417.96>) CloseBarrel dp_box_big_Grey
07:38:25: Player "[ONE] JAPA" (steam64id="76561198161060673" pos=<7876.73, 31.33, 7417.17>) OpenBarrel dp_box_big_Grey
07:38:34: Player "[ONE] JAPA" (steam64id="76561198161060673" pos=<7876.71, 31.33, 7417.17>) CloseBarrel dp_box_big_Grey
07:38:35: Player "[ONE] JAPA" (steam64id="76561198161060673" pos=<7875.52, 31.35, 7416.98>) OpenBarrel dp_box_big_Grey
08:07:43: Player "[ONE] JAPA" (steam64id="76561198161060673" pos=<8685.55, 182.28, 6728.62>) OpenBarrel dp_box_small_Brown
08:07:50: Player "[ONE] JAPA" (steam64id="76561198161060673" pos=<8685.55, 182.28, 6728.62>) CloseBarrel dp_box_small_Brown
08:19:55: Player "[ONE] JAPA" (steam64id="76561198161060673" pos=<7875.85, 31.15, 7422.1>) OpenBarrel dp_box_small_Brown
08:30:03: Player "AlicinhaFerraz" (steam64id="76561199207813177" pos=<7562.3, 28.35, 7905.44>) OpenBarrel dp_box_big_Brown
08:30:07: Player "AlicinhaFerraz" (steam64id="76561199207813177" pos=<7562.3, 28.35, 7905.44>) CloseBarrel dp_box_big_Brown
08:30:57: Player "AlicinhaFerraz" (steam64id="76561199207813177" pos=<7551.38, 35.24, 7901.07>) OpenBarrel dp_box_big_Brown
08:31:06: Player "AlicinhaFerraz" (steam64id="76561199207813177" pos=<7551.17, 35.24, 7899.38>) OpenBarrel dp_box_big_Brown
08:41:43: Player "AlicinhaFerraz" (steam64id="76561199207813177" pos=<7561.47, 29.04, 7908.54>) OpenBarrel dp_box_big_Brown
08:43:02: Player "AlicinhaFerraz" (steam64id="76561199207813177" pos=<7561.2, 28.43, 7902.81>) OpenBarrel dp_box_big_Brown
08:50:55: Player "AlicinhaFerraz" (steam64id="76561199207813177" pos=<7562.07, 28.05, 7901.04>) CloseBarrel dp_box_big_Brown
08:51:03: Player "AlicinhaFerraz" (steam64id="76561199207813177" pos=<7561.52, 29.04, 7908.77>) CloseBarrel dp_box_big_Brown
08:55:37: Player "AlicinhaFerraz" (steam64id="76561199207813177" pos=<7562.88, 28.05, 7900.8>) OpenBarrel dp_box_big_Brown
08:55:48: Player "AlicinhaFerraz" (steam64id="76561199207813177" pos=<7563.22, 28.05, 7900.9>) CloseBarrel dp_box_big_Brown
08:55:51: Player "AlicinhaFerraz" (steam64id="76561199207813177" pos=<7563.22, 28.05, 7900.9>) OpenBarrel dp_box_big_Brown
11:48:07: Player "Hacan121" (steam64id="76561198345012092" pos=<7563.79, 26.81, 6154.74>) OpenBarrel dp_box_big_Grey
11:48:11: Player "Hacan121" (steam64id="76561198345012092" pos=<7564.05, 26.80, 6154.66>) CloseBarrel dp_box_big_Grey
12:47:41: Player "[YKZ]-BlackBear" (steam64id="76561198343030820" pos=<11083.2, 4.21, 8430.7>) CloseBarrel dp_box_small_Olive
12:50:14: Player "[YKZ]-BlackBear" (steam64id="76561198343030820" pos=<11088.4, 44.21, 8425.83>) OpenBarrel dp_box_small_Olive
12:50:54: Player "[YKZ]-BlackBear" (steam64id="76561198343030820" pos=<11085.4, 41.36, 8427.65>) OpenBarrel dp_box_big_Brown
13:01:01: Player "ttuker" (steam64id="76561198971813376" pos=<7389.85, 31.55, 8200.16>) OpenBarrel dp_box_big_Brown
13:02:20: Player "ttuker" (steam64id="76561198971813376" pos=<7390.01, 31.55, 8201.01>) OpenBarrel dp_box_big_Tan
13:04:32: Player "[YKZ]-BlackBear" (steam64id="76561198343030820" pos=<11085.7, 41.36, 8427.83>) CloseBarrel dp_box_big_Brown
13:05:02: Player "[YKZ]-BlackBear" (steam64id="76561198343030820" pos=<11085, 41.36, 8427.94>) CloseBarrel dp_box_big_Olive
13:07:25: Player "[YKZ]-BlackBear" (steam64id="76561198343030820" pos=<11085.7, 41.36, 8427.1>) OpenBarrel dp_box_big_Brown
13:08:18: Player "[YKZ]-BlackBear" (steam64id="76561198343030820" pos=<11086, 41.36, 8427.35>) CloseBarrel dp_box_big_Brown
13:09:57: Player "ttuker" (steam64id="76561198971813376" pos=<7390.5, 31.55, 8203.09>) OpenBarrel dp_box_small_Brown
13:10:50: Player "ttuker" (steam64id="76561198971813376" pos=<7390.25, 31.55, 8201.19>) CloseBarrel dp_box_big_Tan
13:10:51: Player "ttuker" (steam64id="76561198971813376" pos=<7390.23, 31.55, 8202.41>) CloseBarrel dp_box_small_Brown
13:10:55: Player "ttuker" (steam64id="76561198971813376" pos=<7390.59, 31.55, 8200.25>) CloseBarrel dp_box_big_Brown
13:12:40: Player "[YKZ]-BlackBear" (steam64id="76561198343030820" pos=<11085.6, 41.36, 8427.04>) OpenBarrel dp_box_big_Brown
13:13:02: Player "[YKZ]-BlackBear" (steam64id="76561198343030820" pos=<11085.9, 41.36, 8427.53>) CloseBarrel dp_box_big_Brown
13:13:16: Player "ttuker" (steam64id="76561198971813376" pos=<7389.88, 32.07, 8203.2>) OpenBarrel dp_box_small_Brown
13:14:49: Player "[YKZ]-BlackBear" (steam64id="76561198343030820" pos=<11081.3, 35.24, 8427.79>) CloseBarrel dp_box_big_Olive
13:16:00: Player "[YKZ]-BlackBear" (steam64id="76561198343030820" pos=<11085.5, 41.36, 8427.63>) OpenBarrel dp_box_big_Olive
13:16:15: Player "[YKZ]-BlackBear" (steam64id="76561198343030820" pos=<11085.7, 41.36, 8427.79>) CloseBarrel dp_box_big_Olive
13:16:56: Player "Claudinha" (steam64id="76561198057660141" pos=<7551.31, 35.24, 7899.76>) CloseBarrel dp_box_big_Brown
13:17:24: Player "[YKZ]-BlackBear" (steam64id="76561198343030820" pos=<11085.1, 41.36, 8427.5>) OpenBarrel dp_box_big_Brown
13:17:26: Player "[YKZ]-BlackBear" (steam64id="76561198343030820" pos=<11085.1, 41.36, 8427.5>) CloseBarrel dp_box_big_Brown
13:17:33: Player "[YKZ]-BlackBear" (steam64id="76561198343030820" pos=<11085, 41.36, 8427.56>) OpenBarrel dp_box_big_Brown
13:17:34: Player "[YKZ]-BlackBear" (steam64id="76561198343030820" pos=<11085, 41.36, 8427.56>) CloseBarrel dp_box_big_Brown
13:17:45: Player "[YKZ]-BlackBear" (steam64id="76561198343030820" pos=<11085.3, 41.36, 8427.44>) OpenBarrel dp_box_big_Brown
13:17:46: Player "[YKZ]-BlackBear" (steam64id="76561198343030820" pos=<11085.3, 41.36, 8427.44>) CloseBarrel dp_box_big_Brown
13:18:15: Player "[YKZ]-BlackBear" (steam64id="76561198343030820" pos=<11085.5, 41.36, 8427.84>) OpenBarrel dp_box_big_Olive
13:18:17: Player "[YKZ]-BlackBear" (steam64id="76561198343030820" pos=<11084.8, 41.36, 8427.53>) OpenBarrel dp_box_big_Brown
13:18:28: Player "[YKZ]-BlackBear" (steam64id="76561198343030820" pos=<11085.7, 41.36, 8427.92>) CloseBarrel dp_box_big_Olive
13:18:31: Player "[YKZ]-BlackBear" (steam64id="76561198343030820" pos=<11085.1, 41.36, 8427.58>) CloseBarrel dp_box_big_Brown
13:42:00: Player "ttuker" (steam64id="76561198971813376" pos=<7389.57, 31.55, 8200.17>) OpenBarrel dp_box_big_Brown
14:15:09: Player "Claudinha" (steam64id="76561198057660141" pos=<7550.84, 35.24, 7899.65>) OpenBarrel dp_box_big_Brown
14:15:10: Player "Claudinha" (steam64id="76561198057660141" pos=<7550.85, 35.24, 7899.6>) CloseBarrel dp_box_big_Brown
14:16:17: Player "G A T O" (steam64id="76561199207813177" pos=<7561.88, 28.45, 7899.95>) OpenBarrel dp_box_big_Brown
14:17:02: Player "G A T O" (steam64id="76561199207813177" pos=<7550.6, 35.24, 7900.77>) CloseBarrel dp_box_big_Brown
14:17:05: Player "G A T O" (steam64id="76561199207813177" pos=<7550.47, 35.24, 7900.8>) OpenBarrel dp_box_big_Brown
14:17:07: Player "G A T O" (steam64id="76561199207813177" pos=<7550.47, 35.24, 7900.8>) OpenBarrel dp_box_big_Brown
14:17:09: Player "G A T O" (steam64id="76561199207813177" pos=<7550.47, 35.24, 7900.8>) CloseBarrel dp_box_big_Brown
14:17:10: Player "G A T O" (steam64id="76561199207813177" pos=<7550.47, 35.24, 7900.8>) OpenBarrel dp_box_big_Brown
14:39:37: Player "Claudinha" (steam64id="76561198057660141" pos=<7550.94, 35.24, 7899.67>) CloseBarrel dp_box_big_Brown
14:39:51: Player "Claudinha" (steam64id="76561198057660141" pos=<7550.68, 35.24, 7899.1>) CloseBarrel dp_box_big_Brown
14:40:01: Player "Claudinha" (steam64id="76561198057660141" pos=<7550.38, 35.24, 7900.35>) CloseBarrel dp_box_big_Brown
14:40:13: Player "Claudinha" (steam64id="76561198057660141" pos=<7551.41, 35.24, 7899.17>) OpenBarrel dp_box_big_Brown
14:46:42: Player "Claudinha" (steam64id="76561198057660141" pos=<7550.82, 35.24, 7899.6>) OpenBarrel dp_box_big_Brown
14:52:26: Player "Claudinha" (steam64id="76561198057660141" pos=<7551.16, 35.24, 7900.51>) OpenBarrel dp_box_big_Brown
14:52:34: Player "Claudinha" (steam64id="76561198057660141" pos=<7551.16, 35.24, 7900.51>) CloseBarrel dp_box_big_Brown
14:52:35: Player "Claudinha" (steam64id="76561198057660141" pos=<7551.21, 35.24, 7899.62>) CloseBarrel dp_box_big_Brown
14:52:36: Player "Claudinha" (steam64id="76561198057660141" pos=<7550.97, 35.24, 7899.78>) CloseBarrel dp_box_big_Brown
14:56:41: Player "Claudinha" (steam64id="76561198057660141" pos=<7563.78, 28.05, 7900.22>) OpenBarrel dp_box_big_Brown
15:05:24: Player "Claudinha" (steam64id="76561199203652654" pos=<7550.87, 35.24, 7898.55>) OpenBarrel dp_box_big_Brown
15:05:28: Player "Claudinha" (steam64id="76561199203652654" pos=<7550.85, 35.24, 7899.36>) OpenBarrel dp_box_big_Brown
15:05:29: Player "Claudinha" (steam64id="76561199203652654" pos=<7550.85, 35.24, 7899.36>) CloseBarrel dp_box_big_Brown
15:06:06: Player "Claudinha" (steam64id="76561199203652654" pos=<7551.06, 35.24, 7898.78>) OpenBarrel dp_box_big_Brown
15:06:07: Player "Claudinha" (steam64id="76561199203652654" pos=<7550.71, 35.24, 7898.68>) CloseBarrel dp_box_big_Brown
15:06:09: Player "Claudinha" (steam64id="76561199203652654" pos=<7550.71, 35.24, 7898.68>) CloseBarrel dp_box_big_Brown
15:06:10: Player "Claudinha" (steam64id="76561199203652654" pos=<7550.96, 35.24, 7898.75>) OpenBarrel dp_box_big_Brown
15:12:53: Player "Claudinha" (steam64id="76561199203652654" pos=<7551.27, 35.24, 7898.83>) OpenBarrel dp_box_big_Brown
15:12:56: Player "Claudinha" (steam64id="76561199203652654" pos=<7550.95, 35.24, 7898.78>) CloseBarrel dp_box_big_Brown
15:14:56: Player "Claudinha" (steam64id="76561199203652654" pos=<7550.86, 35.24, 7900.83>) OpenBarrel dp_box_big_Brown
15:15:02: Player "Claudinha" (steam64id="76561199203652654" pos=<7550.98, 35.24, 7899.17>) OpenBarrel dp_box_big_Brown
15:15:19: Player "Claudinha" (steam64id="76561199203652654" pos=<7550.58, 35.24, 7900.55>) CloseBarrel dp_box_big_Brown
15:15:20: Player "Claudinha" (steam64id="76561199203652654" pos=<7551.02, 35.24, 7900.04>) CloseBarrel dp_box_big_Brown
15:15:26: Player "Igor" (steam64id="76561198329721265" pos=<7873.58, 31.38, 7416.71>) OpenBarrel dp_box_big_Grey
15:15:32: Player "Igor" (steam64id="76561198329721265" pos=<7873.58, 31.38, 7416.71>) CloseBarrel dp_box_big_Grey
15:15:37: Player "Igor" (steam64id="76561198329721265" pos=<7868.59, 31.47, 7415.51>) OpenBarrel dp_box_big_Grey
15:15:39: Player "Igor" (steam64id="76561198329721265" pos=<7868.59, 31.47, 7415.51>) CloseBarrel dp_box_big_Grey
15:15:42: Player "Igor" (steam64id="76561198329721265" pos=<7869.95, 31.45, 7415.76>) OpenBarrel dp_box_big_Grey
15:15:45: Player "Igor" (steam64id="76561198329721265" pos=<7869.95, 31.45, 7415.76>) CloseBarrel dp_box_big_Grey
15:16:40: Player "Claudinha" (steam64id="76561199203652654" pos=<7551.08, 35.24, 7898.87>) OpenBarrel dp_box_big_Brown
15:17:18: Player "Claudinha" (steam64id="76561199203652654" pos=<7551.31, 35.24, 7901.12>) OpenBarrel dp_box_big_Brown
15:19:11: Player "Claudinha" (steam64id="76561199203652654" pos=<7551.24, 35.24, 7901.04>) CloseBarrel dp_box_big_Brown
15:19:12: Player "Claudinha" (steam64id="76561199203652654" pos=<7550.97, 35.24, 7899.13>) CloseBarrel dp_box_big_Brown
15:23:38: Player "Claudinha" (steam64id="76561199203652654" pos=<7551.15, 28.05, 7905.88>) CloseBarrel dp_box_big_Brown
15:24:34: Player "Claudinha" (steam64id="76561199203652654" pos=<7550.99, 35.24, 7899.68>) OpenBarrel dp_box_big_Brown
15:24:35: Player "Claudinha" (steam64id="76561199203652654" pos=<7550.96, 35.24, 7900.23>) OpenBarrel dp_box_big_Brown
15:24:54: Player "Claudinha" (steam64id="76561199203652654" pos=<7550.75, 35.24, 7898.93>) CloseBarrel dp_box_big_Brown
15:24:57: Player "Claudinha" (steam64id="76561199203652654" pos=<7551.01, 35.24, 7900.31>) CloseBarrel dp_box_big_Brown
15:50:33: Player "Claudinha" (steam64id="76561199203652654" pos=<7551.14, 35.24, 7899.63>) OpenBarrel dp_box_big_Brown
15:50:47: Player "Claudinha" (steam64id="76561199203652654" pos=<7551.3, 35.24, 7898.37>) CloseBarrel dp_box_big_Brown
15:51:24: Player "Claudinha" (steam64id="76561199203652654" pos=<7551, 35.24, 7899.19>) OpenBarrel dp_box_big_Brown
15:53:29: Player "Claudinha" (steam64id="76561199203652654" pos=<7550.99, 35.24, 7899.35>) CloseBarrel dp_box_big_Brown
15:56:08: Player "Claudinha" (steam64id="76561199203652654" pos=<7550.88, 35.24, 7898.84>) OpenBarrel dp_box_big_Brown
16:05:33: Player "TripaSeca" (steam64id="76561198093060507" pos=<7625.13, 12.52, 9812.78>) CloseBarrel dp_box_big_Olive
16:07:32: Player "Igor" (steam64id="76561198329721265" pos=<7499.42, 1.58, 5870.19>) OpenBarrel dp_box_big_Grey
16:08:20: Player "TripaSeca" (steam64id="76561198093060507" pos=<7625.75, 12.20, 9812.4>) OpenBarrel dp_box_big_Olive
16:09:23: Player "Claudinha" (steam64id="76561199203652654" pos=<7550.87, 35.24, 7900.24>) OpenBarrel dp_box_big_Brown
16:09:24: Player "Claudinha" (steam64id="76561199203652654" pos=<7551.18, 35.24, 7899.12>) CloseBarrel dp_box_big_Brown
16:09:27: Player "Igor" (steam64id="76561198329721265" pos=<7497.24, 1.68, 5869.49>) OpenBarrel dp_box_big_Brown
16:10:13: Player "Igor" (steam64id="76561198329721265" pos=<7507.35, 1.24, 5866.41>) OpenBarrel dp_box_big_Olive
16:10:32: Player "Claudinha" (steam64id="76561199203652654" pos=<7562.29, 28.05, 7897.47>) OpenBarrel dp_box_big_Grey
16:10:41: Player "Claudinha" (steam64id="76561199203652654" pos=<7560.55, 28.05, 7894.35>) OpenBarrel dp_box_big_Brown
16:10:45: Player "Claudinha" (steam64id="76561199203652654" pos=<7559.44, 28.05, 7895.28>) OpenBarrel dp_box_big_Brown
16:14:04: Player "Igor" (steam64id="76561198329721265" pos=<0.29, 0.46, 1.06>) CloseBarrel dp_box_big_Brown
16:14:09: Player "Igor" (steam64id="76561198329721265" pos=<0.29, 0.46, 1.06>) OpenBarrel dp_box_big_Brown
16:14:11: Player "Igor" (steam64id="76561198329721265" pos=<0.29, 0.46, 1.06>) CloseBarrel dp_box_big_Brown
16:14:49: Player "Claudinha" (steam64id="76561199203652654" pos=<7553.86, 28.05, 7894.88>) CloseBarrel dp_box_big_Grey
16:14:51: Player "Claudinha" (steam64id="76561199203652654" pos=<7550.62, 28.05, 7895.84>) CloseBarrel dp_box_big_Brown
16:15:08: Player "Claudinha" (steam64id="76561199203652654" pos=<7553.54, 28.05, 7894.37>) CloseBarrel dp_box_big_Brown
16:15:12: Player "Claudinha" (steam64id="76561199203652654" pos=<7560.03, 28.05, 7894.7>) CloseBarrel dp_box_big_Brown
16:15:19: Player "Igor" (steam64id="76561198329721265" pos=<7506.74, 1.30, 5871.3>) OpenBarrel dp_box_big_Brown
16:16:05: Player "Igor" (steam64id="76561198329721265" pos=<7502.48, 1.75, 5873.22>) OpenBarrel dp_box_big_Grey
16:16:12: Player "Claudinha" (steam64id="76561199203652654" pos=<7561.08, 28.05, 7900.33>) CloseBarrel dp_box_big_Brown
16:18:14: Player "Claudinha" (steam64id="76561199203652654" pos=<7561.47, 28.05, 7894.75>) OpenBarrel dp_box_big_Brown
16:18:15: Player "Claudinha" (steam64id="76561199203652654" pos=<7561.45, 28.05, 7894.9>) CloseBarrel dp_box_big_Brown
16:18:16: Player "Claudinha" (steam64id="76561199203652654" pos=<7561.42, 28.05, 7898.84>) OpenBarrel dp_box_big_Brown
16:20:17: Player "Igor" (steam64id="76561198329721265" pos=<7510.43, 1.38, 5870.43>) OpenBarrel dp_box_big_Brown
16:20:40: Player "Claudinha" (steam64id="76561199203652654" pos=<7561.43, 28.05, 7899.02>) CloseBarrel dp_box_big_Brown
16:20:47: Player "Claudinha" (steam64id="76561199203652654" pos=<7559.97, 28.05, 7892.7>) OpenBarrel dp_box_big_Brown
16:20:49: Player "Claudinha" (steam64id="76561199203652654" pos=<7559.97, 28.05, 7892.7>) CloseBarrel dp_box_big_Brown
16:22:50: Player "Claudinha" (steam64id="76561199203652654" pos=<7559.25, 28.05, 7899.57>) OpenBarrel dp_box_big_Brown
16:28:57: Player "Claudinha" (steam64id="76561199203652654" pos=<7561.04, 28.05, 7895.07>) OpenBarrel dp_box_big_Brown
16:29:08: Player "Claudinha" (steam64id="76561199203652654" pos=<7560.41, 28.05, 7896.45>) OpenBarrel dp_box_big_Brown
16:32:12: Player "Claudinha" (steam64id="76561199203652654" pos=<7550.71, 35.24, 7899.13>) OpenBarrel dp_box_big_Brown
16:32:18: Player "Claudinha" (steam64id="76561199203652654" pos=<7551.15, 35.24, 7899.23>) CloseBarrel dp_box_big_Brown
16:46:15: Player "[ONE] JAPA" (steam64id="76561198161060673" pos=<7878.12, 31.31, 7417.48>) OpenBarrel dp_box_big_Grey
16:46:48: Player "Igor" (steam64id="76561198329721265" pos=<7496.74, 1.23, 5869.9>) CloseBarrel dp_box_big_Brown
16:47:01: Player "Igor" (steam64id="76561198329721265" pos=<7497.82, 1.25, 5870.37>) CloseBarrel dp_box_big_Grey
16:47:11: Player "Igor" (steam64id="76561198329721265" pos=<7498.71, 1.23, 5869.94>) CloseBarrel dp_box_big_Grey
16:47:23: Player "Igor" (steam64id="76561198329721265" pos=<7500.54, 1.29, 5871.71>) CloseBarrel dp_box_big_Grey
16:49:45: Player "Igor" (steam64id="76561198329721265" pos=<7495.49, 1.21, 5869.28>) CloseBarrel dp_box_big_Brown
16:51:42: Player "Igor" (steam64id="76561198329721265" pos=<7497.66, 1.19, 5868.53>) CloseBarrel dp_box_big_Olive
16:52:13: Player "Igor" (steam64id="76561198329721265" pos=<7496.83, 1.35, 5872.74>) CloseBarrel dp_box_big_Olive
16:54:38: Player "Igor" (steam64id="76561198329721265" pos=<7498.42, 1.31, 5871.99>) CloseBarrel dp_box_big_Brown
17:03:25: Player "Claudinha" (steam64id="76561199203652654" pos=<7562.74, 28.05, 7895.97>) CloseBarrel dp_box_big_Brown
17:03:30: Player "Claudinha" (steam64id="76561199203652654" pos=<7561.83, 28.05, 7899.17>) CloseBarrel dp_box_big_Brown
17:03:31: Player "Claudinha" (steam64id="76561199203652654" pos=<7561.71, 28.05, 7899.04>) CloseBarrel dp_box_big_Brown
17:03:35: Player "Claudinha" (steam64id="76561199203652654" pos=<7559.43, 28.05, 7894.58>) CloseBarrel dp_box_big_Brown
17:03:37: Player "Claudinha" (steam64id="76561199203652654" pos=<7559.83, 28.05, 7894.7>) CloseBarrel dp_box_big_Brown
17:03:49: Player "Claudinha" (steam64id="76561199203652654" pos=<7562.21, 28.05, 7899.96>) OpenBarrel dp_box_big_Brown
17:03:57: Player "Igor" (steam64id="76561198329721265" pos=<7498.02, 1.33, 5872.32>) OpenBarrel dp_box_big_Brown
17:04:01: Player "Igor" (steam64id="76561198329721265" pos=<7498.15, 1.34, 5872.61>) CloseBarrel dp_box_big_Brown
17:04:07: Player "Claudinha" (steam64id="76561199203652654" pos=<7561.54, 28.05, 7898.92>) OpenBarrel dp_box_big_Brown
17:05:12: Player "Igor" (steam64id="76561198329721265" pos=<7497.35, 1.19, 5868.65>) OpenBarrel dp_box_big_Olive
17:05:17: Player "Igor" (steam64id="76561198329721265" pos=<7497.14, 1.19, 5868.37>) CloseBarrel dp_box_big_Olive
17:07:12: Player "Igor" (steam64id="76561198329721265" pos=<7498.33, 1.33, 5872.51>) OpenBarrel dp_box_big_Brown
17:07:13: Player "Igor" (steam64id="76561198329721265" pos=<7498.31, 1.33, 5872.51>) CloseBarrel dp_box_big_Brown
17:07:14: Player "Igor" (steam64id="76561198329721265" pos=<7496.87, 1.36, 5872.88>) OpenBarrel dp_box_big_Olive
17:07:17: Player "Claudinha" (steam64id="76561199203652654" pos=<7561.6, 28.05, 7894.75>) OpenBarrel dp_box_big_Brown
17:07:28: Player "Claudinha" (steam64id="76561199203652654" pos=<7558.33, 28.05, 7892.24>) OpenBarrel dp_box_big_Brown
17:18:18: Player "Igor" (steam64id="76561198329721265" pos=<7498.24, 1.34, 5872.54>) OpenBarrel dp_box_big_Brown
17:18:23: Player "Igor" (steam64id="76561198329721265" pos=<7498.24, 1.34, 5872.54>) CloseBarrel dp_box_big_Brown
17:18:24: Player "Igor" (steam64id="76561198329721265" pos=<7496.41, 1.38, 5873.46>) OpenBarrel dp_box_big_Grey
17:18:45: Player "Igor" (steam64id="76561198329721265" pos=<7495.71, 1.33, 5872.28>) OpenBarrel dp_box_big_Grey
17:18:46: Player "Igor" (steam64id="76561198329721265" pos=<7496.41, 1.38, 5873.45>) CloseBarrel dp_box_big_Grey
17:18:56: Player "Igor" (steam64id="76561198329721265" pos=<7495.54, 1.33, 5872.24>) CloseBarrel dp_box_big_Grey
17:19:07: Player "Igor" (steam64id="76561198329721265" pos=<7495.06, 1.25, 5870.54>) OpenBarrel dp_box_big_Grey
17:19:10: Player "Igor" (steam64id="76561198329721265" pos=<7495.06, 1.25, 5870.54>) CloseBarrel dp_box_big_Grey
17:19:11: Player "Igor" (steam64id="76561198329721265" pos=<7494.54, 1.21, 5869.28>) OpenBarrel dp_box_big_Brown
17:19:17: Player "Igor" (steam64id="76561198329721265" pos=<7494.2, 1.21, 5869.36>) CloseBarrel dp_box_big_Brown
17:19:19: Player "Igor" (steam64id="76561198329721265" pos=<7495.43, 1.21, 5869.33>) OpenBarrel dp_box_big_Brown
17:19:22: Player "Igor" (steam64id="76561198329721265" pos=<7495.25, 1.20, 5869.08>) CloseBarrel dp_box_big_Brown
17:19:28: Player "Igor" (steam64id="76561198329721265" pos=<7496.56, 1.39, 5873.59>) OpenBarrel dp_box_big_Grey
17:21:08: Player "[YKZ]-BlackBear" (steam64id="76561198343030820" pos=<12037.4, 8.23, 7661.83>) OpenBarrel dp_box_big_Brown
17:21:51: Player "[YKZ]-BlackBear" (steam64id="76561198343030820" pos=<12037.4, 8.24, 7661.83>) CloseBarrel dp_box_big_Brown
17:22:53: Player "[YKZ]-BlackBear" (steam64id="76561198343030820" pos=<12091.5, 4.36, 7721.22>) OpenBarrel dp_box_small_Brown
17:23:27: Player "[YKZ]-BlackBear" (steam64id="76561198343030820" pos=<12091.5, 4.36, 7721.22>) CloseBarrel dp_box_small_Brown
17:35:53: Player "[YKZ]-BlackBear" (steam64id="76561198343030820" pos=<11085.9, 41.36, 8427.8>) OpenBarrel dp_box_big_Brown
17:35:56: Player "[YKZ]-BlackBear" (steam64id="76561198343030820" pos=<11085.9, 41.36, 8427.8>) CloseBarrel dp_box_big_Brown
17:36:34: Player "[YKZ]-BlackBear" (steam64id="76561198343030820" pos=<11085.6, 41.36, 8428.29>) OpenBarrel dp_box_big_Brown
17:36:48: Player "[YKZ]-BlackBear" (steam64id="76561198343030820" pos=<11085.2, 41.36, 8427.96>) CloseBarrel dp_box_big_Brown
17:37:09: Player "[YKZ]-BlackBear" (steam64id="76561198343030820" pos=<11085.2, 41.36, 8427.68>) OpenBarrel dp_box_big_Olive
17:37:16: Player "[YKZ]-BlackBear" (steam64id="76561198343030820" pos=<11084.8, 41.36, 8428.47>) CloseBarrel dp_box_big_Olive
17:37:37: Player "[YKZ]-BlackBear" (steam64id="76561198343030820" pos=<11081.4, 41.37, 8422.12>) CloseBarrel dp_box_big_Tan
17:38:48: Player "[YKZ]-BlackBear" (steam64id="76561198343030820" pos=<11081, 41.37, 8422.83>) OpenBarrel dp_box_small_Brown
17:39:32: Player "[YKZ]-BlackBear" (steam64id="76561198343030820" pos=<11081.6, 41.37, 8420.6>) OpenBarrel dp_box_big_Tan
17:42:03: Player "[YKZ]-BlackBear" (steam64id="76561198343030820" pos=<11085.2, 41.36, 8427.7>) OpenBarrel dp_box_big_Brown
17:42:13: Player "[YKZ]-BlackBear" (steam64id="76561198343030820" pos=<11085.2, 41.36, 8427.7>) OpenBarrel dp_box_big_Olive
17:44:39: Player "[YKZ]-BlackBear" (steam64id="76561198343030820" pos=<11085.2, 41.36, 8427.7>) CloseBarrel dp_box_big_Olive
17:44:41: Player "[YKZ]-BlackBear" (steam64id="76561198343030820" pos=<11085.2, 41.36, 8427.7>) CloseBarrel dp_box_big_Brown
17:46:14: Player "[YKZ]-BlackBear" (steam64id="76561198343030820" pos=<11085.4, 41.36, 8428>) OpenBarrel dp_box_big_Olive
17:46:32: Player "[YKZ]-BlackBear" (steam64id="76561198343030820" pos=<11085.4, 41.36, 8428>) CloseBarrel dp_box_big_Olive
17:46:35: Player "[YKZ]-BlackBear" (steam64id="76561198343030820" pos=<11085.4, 41.36, 8428>) OpenBarrel dp_box_big_Brown
17:46:50: Player "[YKZ]-BlackBear" (steam64id="76561198343030820" pos=<11085.4, 41.36, 8428>) CloseBarrel dp_box_big_Brown
17:46:54: Player "[YKZ]-BlackBear" (steam64id="76561198343030820" pos=<11085.4, 41.36, 8428>) OpenBarrel dp_box_big_Olive
17:46:59: Player "[YKZ]-BlackBear" (steam64id="76561198343030820" pos=<11085.4, 41.36, 8428>) CloseBarrel dp_box_big_Olive
17:48:08: Player "[ONE] JAPA" (steam64id="76561198161060673" pos=<7869.6, 31.46, 7415.66>) OpenBarrel dp_box_big_Grey
17:48:10: Player "[ONE] JAPA" (steam64id="76561198161060673" pos=<7869.6, 31.45, 7415.66>) CloseBarrel dp_box_big_Grey
17:48:15: Player "[ONE] JAPA" (steam64id="76561198161060673" pos=<7868.14, 31.48, 7415.44>) OpenBarrel dp_box_big_Grey
17:48:18: Player "[ONE] JAPA" (steam64id="76561198161060673" pos=<7869.28, 31.46, 7415.62>) CloseBarrel dp_box_big_Grey
17:48:19: Player "[ONE] JAPA" (steam64id="76561198161060673" pos=<7870.42, 31.46, 7415.87>) OpenBarrel dp_box_big_Grey
17:48:22: Player "[ONE] JAPA" (steam64id="76561198161060673" pos=<7870.61, 31.46, 7415.88>) CloseBarrel dp_box_big_Grey
17:48:42: Player "[ONE] JAPA" (steam64id="76561198161060673" pos=<7872.18, 31.40, 7416.85>) CloseBarrel dp_box_big_Grey
17:48:43: Player "[ONE] JAPA" (steam64id="76561198161060673" pos=<7871.71, 31.42, 7416.13>) OpenBarrel dp_box_big_Grey
17:48:46: Player "[ONE] JAPA" (steam64id="76561198161060673" pos=<7871.72, 31.42, 7416.16>) CloseBarrel dp_box_big_Grey
17:48:47: Player "[ONE] JAPA" (steam64id="76561198161060673" pos=<7873.14, 31.37, 7417.01>) OpenBarrel dp_box_big_Grey
17:48:51: Player "[ONE] JAPA" (steam64id="76561198161060673" pos=<7873.4, 31.36, 7417.12>) CloseBarrel dp_box_big_Grey
17:48:54: Player "[ONE] JAPA" (steam64id="76561198161060673" pos=<7875.09, 31.35, 7416.95>) CloseBarrel dp_box_big_Grey
17:48:55: Player "[ONE] JAPA" (steam64id="76561198161060673" pos=<7876.58, 31.32, 7417.58>) OpenBarrel dp_box_big_Grey
17:49:02: Player "[ONE] JAPA" (steam64id="76561198161060673" pos=<7876.58, 31.32, 7417.58>) CloseBarrel dp_box_big_Grey
17:56:24: Player "[YKZ]-BlackBear" (steam64id="76561198343030820" pos=<11085.2, 41.36, 8428.11>) OpenBarrel dp_box_big_Brown
17:56:26: Player "[YKZ]-BlackBear" (steam64id="76561198343030820" pos=<11085.2, 41.36, 8428.11>) CloseBarrel dp_box_big_Brown
17:56:27: Player "[YKZ]-BlackBear" (steam64id="76561198343030820" pos=<11085.2, 41.36, 8428.11>) OpenBarrel dp_box_big_Olive
17:57:39: Player "[YKZ]-BlackBear" (steam64id="76561198343030820" pos=<11085.6, 41.36, 8428.13>) CloseBarrel dp_box_big_Olive
18:21:20: Player "[ONE] JAPA" (steam64id="76561198161060673" pos=<7866.86, 31.43, 7416.93>) OpenBarrel dp_box_big_Olive
18:21:39: Player "[L.B]TropaDoEnguisa" (steam64id="76561198211423224" pos=<11844.6, 48.90, 6848.87>) OpenBarrel dp_box_small_Brown
18:21:41: Player "[L.B]TropaDoEnguisa" (steam64id="76561198211423224" pos=<11844.6, 48.90, 6848.87>) CloseBarrel dp_box_small_Brown
18:22:31: Player "DanielSam" (steam64id="76561198867200764" pos=<7550.94, 35.24, 7898.86>) OpenBarrel dp_box_big_Brown
18:26:26: Player "[ONE] JAPA" (steam64id="76561198161060673" pos=<7877.86, 31.29, 7418.04>) CloseBarrel dp_box_big_Grey
18:26:28: Player "[ONE] JAPA" (steam64id="76561198161060673" pos=<7877.05, 31.31, 7417.79>) OpenBarrel dp_box_big_Grey
18:26:29: Player "[ONE] JAPA" (steam64id="76561198161060673" pos=<7877, 31.31, 7417.78>) CloseBarrel dp_box_big_Grey
18:26:31: Player "[ONE] JAPA" (steam64id="76561198161060673" pos=<7875.51, 31.36, 7416.89>) OpenBarrel dp_box_big_Grey
18:36:38: Player "ttuker" (steam64id="76561198971813376" pos=<7390.27, 31.55, 8201.66>) OpenBarrel dp_box_big_Tan
18:37:28: Player "DanielSam" (steam64id="76561198867200764" pos=<7550.7, 35.24, 7900.02>) CloseBarrel dp_box_big_Brown
18:37:29: Player "DanielSam" (steam64id="76561198867200764" pos=<7550.7, 35.24, 7900.02>) OpenBarrel dp_box_big_Brown
18:52:59: Player "DanielSam" (steam64id="76561198867200764" pos=<7551.47, 35.24, 7899.67>) CloseBarrel dp_box_big_Brown
18:53:01: Player "DanielSam" (steam64id="76561198867200764" pos=<7550.58, 35.24, 7900.59>) CloseBarrel dp_box_big_Brown
18:57:16: Player "[L.B] Santorin" (steam64id="76561199069721527" pos=<7357.78, 18.90, 7134.51>) CloseBarrel dp_box_big_Olive
18:58:08: Player "[L.B]TropaDoEnguisa" (steam64id="76561198211423224" pos=<7360.82, 18.46, 7133.91>) CloseBarrel dp_box_big_Olive
18:58:10: Player "[L.B]TropaDoEnguisa" (steam64id="76561198211423224" pos=<7360.82, 18.46, 7133.91>) OpenBarrel dp_box_big_Olive
18:58:13: Player "[L.B]TropaDoEnguisa" (steam64id="76561198211423224" pos=<7360.82, 18.46, 7133.91>) CloseBarrel dp_box_small_Olive
18:58:23: Player "[L.B] Santorin" (steam64id="76561199069721527" pos=<7357.13, 18.46, 7133.97>) OpenBarrel dp_box_big_Olive
18:58:52: Player "[L.B] Santorin" (steam64id="76561199069721527" pos=<7362.68, 18.46, 7133.69>) CloseBarrel dp_box_big_Brown
18:58:55: Player "[L.B] Santorin" (steam64id="76561199069721527" pos=<7362.62, 18.46, 7134.24>) OpenBarrel dp_box_big_Brown
18:58:56: Player "[L.B] Santorin" (steam64id="76561199069721527" pos=<7362.62, 18.46, 7134.24>) CloseBarrel dp_box_big_Brown
18:58:58: Player "[L.B] Santorin" (steam64id="76561199069721527" pos=<7362.52, 18.47, 7134.27>) CloseBarrel dp_box_big_Grey
18:59:01: Player "[L.B] Santorin" (steam64id="76561199069721527" pos=<7362.7, 18.55, 7134.27>) CloseBarrel dp_box_big_Olive
18:59:22: Player "[L.B] Santorin" (steam64id="76561199069721527" pos=<7362.4, 19.39, 7135.2>) OpenBarrel dp_box_big_Olive
18:59:25: Player "[L.B] Santorin" (steam64id="76561199069721527" pos=<7362.02, 18.46, 7133.79>) OpenBarrel dp_box_big_Brown
18:59:27: Player "[L.B] Santorin" (steam64id="76561199069721527" pos=<7361.97, 18.47, 7134.04>) OpenBarrel dp_box_big_Grey
18:59:59: Player "[L.B]TropaDoEnguisa" (steam64id="76561198211423224" pos=<7362.61, 19.12, 7135.35>) OpenBarrel dp_box_small_Brown
19:02:31: Player "Claudinha" (steam64id="76561199203652654" pos=<7549.7, 28.05, 7905.36>) CloseBarrel dp_box_big_Brown
19:02:33: Player "Claudinha" (steam64id="76561199203652654" pos=<7549.7, 28.05, 7905.36>) OpenBarrel dp_box_big_Brown
19:04:34: Player "Rogerio123" (steam64id="76561198114278091" pos=<10760.8, 31.07, 13151.5>) CloseBarrel dp_box_big_Tan
19:06:29: Player "[L.B]TropaDoEnguisa" (steam64id="76561198211423224" pos=<7360.85, 18.46, 7133.65>) OpenBarrel dp_box_small_Olive
19:13:52: Player "[L.B] Santorin" (steam64id="76561199069721527" pos=<7361.32, 18.46, 7133.65>) CloseBarrel dp_box_small_Olive
19:13:56: Player "[L.B] Santorin" (steam64id="76561199069721527" pos=<7361.24, 19.50, 7135.63>) CloseBarrel dp_box_small_Brown
19:15:30: Player "[L.B] Santorin" (steam64id="76561199069721527" pos=<7363.29, 18.46, 7140.63>) OpenBarrel dp_box_small_Brown
19:16:37: Player "[L.B] Santorin" (steam64id="76561199069721527" pos=<7363.34, 18.46, 7140.5>) CloseBarrel dp_box_small_Brown
19:16:38: Player "[L.B] Santorin" (steam64id="76561199069721527" pos=<7363.34, 18.46, 7140.5>) CloseBarrel dp_box_small_Brown
19:16:55: Player "[L.B]TropaDoEnguisa" (steam64id="76561198211423224" pos=<7363.89, 18.46, 7139.68>) OpenBarrel dp_box_small_Brown
19:17:00: Player "[L.B]TropaDoEnguisa" (steam64id="76561198211423224" pos=<7363.94, 18.46, 7139.6>) OpenBarrel dp_box_small_Brown
19:18:11: Player "[L.B]TropaDoEnguisa" (steam64id="76561198211423224" pos=<7361.01, 18.46, 7133.62>) OpenBarrel dp_box_small_Olive
19:33:02: Player "Claudinha" (steam64id="76561199203652654" pos=<7551.2, 35.24, 7899.92>) OpenBarrel dp_box_big_Brown
19:36:17: Player "Claudinha" (steam64id="76561199203652654" pos=<7550.59, 35.24, 7898.82>) CloseBarrel dp_box_big_Brown
19:40:50: Player "[ONE] KARABULJHAN" (steam64id="76561198100527842" pos=<7877.72, 31.30, 7417.92>) OpenBarrel dp_box_big_Grey
19:40:51: Player "[ONE] KARABULJHAN" (steam64id="76561198100527842" pos=<7877.59, 31.31, 7417.47>) OpenBarrel dp_box_big_Grey
19:41:15: Player "[ONE] KARABULJHAN" (steam64id="76561198100527842" pos=<7875.81, 31.78, 7416.7>) CloseBarrel dp_box_big_Grey
19:41:17: Player "[ONE] KARABULJHAN" (steam64id="76561198100527842" pos=<7875.81, 31.78, 7416.7>) OpenBarrel dp_box_big_Grey
19:41:22: Player "[ONE] KARABULJHAN" (steam64id="76561198100527842" pos=<7873.5, 31.36, 7417.15>) OpenBarrel dp_box_big_Grey
19:41:25: Player "[ONE] KARABULJHAN" (steam64id="76561198100527842" pos=<7872.56, 31.41, 7416.87>) OpenBarrel dp_box_big_Grey
19:48:31: Player "N E T O" (steam64id="76561199193971823" pos=<7551.2, 35.24, 7899.37>) OpenBarrel dp_box_big_Brown
19:48:51: Player "[ONE] KARABULJHAN" (steam64id="76561198100527842" pos=<7871.25, 31.88, 7415.43>) OpenBarrel dp_box_big_Grey
19:48:53: Player "[ONE] KARABULJHAN" (steam64id="76561198100527842" pos=<7869.97, 31.88, 7414.94>) OpenBarrel dp_box_big_Grey
19:50:20: Player "DanielSam" (steam64id="76561198867200764" pos=<7551.11, 35.24, 7900.01>) OpenBarrel dp_box_big_Brown
20:15:08: Player "[YKZ] Notsniw" (steam64id="76561197967151252" pos=<11085.2, 41.36, 8427.44>) OpenBarrel dp_box_big_Olive
20:15:12: Player "[YKZ] Notsniw" (steam64id="76561197967151252" pos=<11085.9, 41.36, 8427.77>) CloseBarrel dp_box_big_Olive
20:15:13: Player "[YKZ] Notsniw" (steam64id="76561197967151252" pos=<11085.9, 41.36, 8427.77>) OpenBarrel dp_box_big_Olive
20:15:16: Player "[YKZ] Notsniw" (steam64id="76561197967151252" pos=<11085.9, 41.36, 8427.77>) CloseBarrel dp_box_big_Olive
20:15:17: Player "[YKZ] Notsniw" (steam64id="76561197967151252" pos=<11085.3, 41.36, 8427.39>) OpenBarrel dp_box_big_Brown
20:15:24: Player "[YKZ] Notsniw" (steam64id="76561197967151252" pos=<11085.3, 41.36, 8427.39>) CloseBarrel dp_box_big_Brown
20:15:27: Player "[YKZ] Notsniw" (steam64id="76561197967151252" pos=<11085.4, 41.36, 8427.48>) OpenBarrel dp_box_big_Brown
20:15:32: Player "[YKZ] Notsniw" (steam64id="76561197967151252" pos=<11085.4, 41.36, 8427.48>) CloseBarrel dp_box_big_Brown
20:16:17: Player "Passo Largo" (steam64id="76561199203652654" pos=<7551.27, 35.24, 7898.58>) CloseBarrel dp_box_big_Brown
20:22:48: Player "DjRaelZiin29" (steam64id="76561198963310995" pos=<8852.77, 11.61, 10241.6>) CloseBarrel dp_box_big_Grey
20:22:49: Player "DjRaelZiin29" (steam64id="76561198963310995" pos=<8852.77, 11.61, 10241.6>) OpenBarrel dp_box_big_Grey
20:35:15: Player "[YKZ] Emissarius" (steam64id="76561198271087379" pos=<11085.7, 41.36, 8427.98>) OpenBarrel dp_box_big_Brown
20:35:59: Player "[YKZ] Emissarius" (steam64id="76561198271087379" pos=<11085, 41.83, 8427.3>) OpenBarrel dp_box_big_Olive
20:36:00: Player "[YKZ] Emissarius" (steam64id="76561198271087379" pos=<11085, 41.83, 8427.3>) OpenBarrel dp_box_big_Olive
20:36:02: Player "[YKZ] Emissarius" (steam64id="76561198271087379" pos=<11085, 41.83, 8427.3>) OpenBarrel dp_box_big_Brown
20:39:59: Player "[YKZ]-BlackBear" (steam64id="76561198343030820" pos=<11085.6, 41.36, 8427.91>) CloseBarrel dp_box_big_Olive
20:40:03: Player "[YKZ]-BlackBear" (steam64id="76561198343030820" pos=<11085.2, 41.36, 8427.65>) CloseBarrel dp_box_big_Brown
20:40:05: Player "[YKZ]-BlackBear" (steam64id="76561198343030820" pos=<11085.2, 41.36, 8427.65>) CloseBarrel dp_box_big_Olive
20:40:07: Player "[YKZ]-BlackBear" (steam64id="76561198343030820" pos=<11085.2, 41.36, 8427.65>) CloseBarrel dp_box_big_Brown
20:40:34: Player "Passo Largo" (steam64id="76561199203652654" pos=<7551.15, 35.24, 7898.48>) OpenBarrel dp_box_big_Brown
20:54:26: Player "[YKZ] Emissarius" (steam64id="76561198271087379" pos=<11086.2, 41.77, 8427.5>) OpenBarrel dp_box_big_Brown
21:13:27: Player "[L.B]TropaDoEnguisa" (steam64id="76561198211423224" pos=<6848.46, 19.89, 6564.86>) OpenBarrel dp_box_small_Olive
21:13:29: Player "[L.B]TropaDoEnguisa" (steam64id="76561198211423224" pos=<6848.48, 19.89, 6564.86>) CloseBarrel dp_box_small_Olive
21:17:56: Player "MendeL" (steam64id="76561198329721265" pos=<11200.7, 57.43, 13373>) OpenBarrel dp_box_big_Tan
21:18:03: Player "MendeL" (steam64id="76561198329721265" pos=<11200.4, 57.54, 13373.4>) CloseBarrel dp_box_big_Tan
21:19:08: Player "[horda]marcelinhho" (steam64id="76561198817477406" pos=<9559.68, 6.07, 9582.13>) CloseBarrel dp_box_small_Olive
21:19:12: Player "[horda]marcelinhho" (steam64id="76561198817477406" pos=<9559.48, 6.07, 9582.52>) OpenBarrel dp_box_small_Olive
21:44:44: Player "[YKZ] pedrobala" (steam64id="76561198046653521" pos=<10388, 14.53, 10616>) OpenBarrel dp_box_big_Grey
21:44:45: Player "[YKZ] pedrobala" (steam64id="76561198046653521" pos=<10388, 14.53, 10616>) CloseBarrel dp_box_big_Grey
21:45:55: Player "[YKZ] pedrobala" (steam64id="76561198046653521" pos=<10388, 14.53, 10616.3>) OpenBarrel dp_box_big_Grey
21:47:27: Player "[YKZ] pedrobala" (steam64id="76561198046653521" pos=<10387.6, 14.52, 10616.4>) CloseBarrel dp_box_big_Grey
21:49:02: Player "MendeL" (steam64id="76561198329721265" pos=<11102.8, 4.62, 8195.31>) OpenBarrel dp_box_big_Grey
21:49:11: Player "MendeL" (steam64id="76561198329721265" pos=<11102.8, 4.62, 8195.31>) CloseBarrel dp_box_big_Grey
21:49:18: Player "[YKZ] pedrobala" (steam64id="76561198046653521" pos=<10392.1, 17.67, 10610.4>) OpenBarrel dp_box_big_Grey
21:50:47: Player "[YKZ] pedrobala" (steam64id="76561198046653521" pos=<10392.5, 17.68, 10609.8>) CloseBarrel dp_box_big_Grey
21:58:02: Player "TripaSeca" (steam64id="76561198093060507" pos=<7559.52, 28.45, 7903.03>) OpenBarrel dp_box_big_Brown
22:18:52: Player "[YKZ]-BlackBear" (steam64id="76561198343030820" pos=<6848.13, 19.47, 6556.04>) OpenBarrel dp_box_big_Brown
22:19:22: Player "[YKZ] chron1c" (steam64id="76561198205585613" pos=<6847.84, 19.43, 6555.54>) CloseBarrel dp_box_big_Brown
22:26:10: Player "[YKZ] pedrobala" (steam64id="76561198046653521" pos=<10389.7, 17.64, 10610.7>) OpenBarrel dp_box_big_Grey
22:28:18: Player "[YKZ] pedrobala" (steam64id="76561198046653521" pos=<10389.4, 17.64, 10611.5>) CloseBarrel dp_box_big_Grey
23:03:27: Player "[YKZ] pedrobala" (steam64id="76561198046653521" pos=<10392.5, 17.68, 10610.1>) OpenBarrel dp_box_big_Grey
23:08:08: Player "[YKZ] pedrobala" (steam64id="76561198046653521" pos=<10392.4, 17.67, 10609.7>) CloseBarrel dp_box_big_Grey
23:08:10: Player "[YKZ] pedrobala" (steam64id="76561198046653521" pos=<10389.7, 17.65, 10611.6>) OpenBarrel dp_box_big_Grey
23:08:23: Player "[YKZ] pedrobala" (steam64id="76561198046653521" pos=<10392.4, 17.67, 10609.7>) OpenBarrel dp_box_big_Grey
23:11:26: Player "[YKZ] pedrobala" (steam64id="76561198046653521" pos=<10389.5, 17.64, 10611.9>) CloseBarrel dp_box_big_Grey
23:13:14: Player "[YKZ] pedrobala" (steam64id="76561198046653521" pos=<10392.4, 17.67, 10609.6>) CloseBarrel dp_box_big_Grey
23:14:05: Player "[YKZ] pedrobala" (steam64id="76561198046653521" pos=<10392, 17.67, 10610.4>) OpenBarrel dp_box_big_Grey
23:14:11: Player "[YKZ] pedrobala" (steam64id="76561198046653521" pos=<10392.5, 17.67, 10609.6>) CloseBarrel dp_box_big_Grey
23:14:56: Player "[YKZ] pedrobala" (steam64id="76561198046653521" pos=<10388, 14.53, 10616.5>) OpenBarrel dp_box_big_Grey
23:15:00: Player "[YKZ] pedrobala" (steam64id="76561198046653521" pos=<10388, 14.53, 10616.5>) CloseBarrel dp_box_big_Grey
23:16:34: Player "[YKZ]-BlackBear" (steam64id="76561198343030820" pos=<11085.1, 41.36, 8427.64>) OpenBarrel dp_box_big_Olive
23:18:59: Player "[YKZ]-BlackBear" (steam64id="76561198343030820" pos=<11085.7, 41.36, 8427.98>) CloseBarrel dp_box_big_Olive
23:23:40: Player "[YKZ] pedrobala" (steam64id="76561198046653521" pos=<10392.5, 18.05, 10609.4>) OpenBarrel dp_box_big_Grey
23:25:48: Player "[YKZ]-BlackBear" (steam64id="76561198343030820" pos=<11085.5, 41.36, 8427.68>) CloseBarrel dp_box_big_Brown
23:34:30: Player "[YKZ] pedrobala" (steam64id="76561198046653521" pos=<10392.4, 17.68, 10610>) CloseBarrel dp_box_big_Grey
23:35:09: Player "[YKZ] pedrobala" (steam64id="76561198046653521" pos=<10392.6, 17.68, 10609.8>) OpenBarrel dp_box_big_Grey
23:36:42: Player "[YKZ] pedrobala" (steam64id="76561198046653521" pos=<10392.3, 17.67, 10609.5>) CloseBarrel dp_box_big_Grey
23:37:19: Player "[YKZ]-BlackBear" (steam64id="76561198343030820" pos=<11085.3, 41.36, 8427.99>) OpenBarrel dp_box_big_Olive
23:37:32: Player "[YKZ] pedrobala" (steam64id="76561198046653521" pos=<10389.2, 17.64, 10611.4>) OpenBarrel dp_box_big_Grey
23:37:59: Player "[YKZ]-BlackBear" (steam64id="76561198343030820" pos=<11085.3, 41.36, 8427.99>) CloseBarrel dp_box_big_Olive
23:38:02: Player "[YKZ] pedrobala" (steam64id="76561198046653521" pos=<10389.2, 17.64, 10611.7>) CloseBarrel dp_box_big_Grey
23:38:30: Player "[YKZ] pedrobala" (steam64id="76561198046653521" pos=<10392.1, 17.67, 10610.2>) OpenBarrel dp_box_big_Grey
23:38:36: Player "[YKZ]-BlackBear" (steam64id="76561198343030820" pos=<11085.6, 41.36, 8427.42>) OpenBarrel dp_box_big_Olive
23:40:02: Player "[YKZ] pedrobala" (steam64id="76561198046653521" pos=<10392.3, 17.67, 10609.8>) CloseBarrel dp_box_big_Grey
23:43:01: Player "[YKZ] pedrobala" (steam64id="76561198046653521" pos=<10392.5, 17.68, 10609.8>) OpenBarrel dp_box_big_Grey
23:43:04: Player "[YKZ] pedrobala" (steam64id="76561198046653521" pos=<10392.5, 17.68, 10609.8>) CloseBarrel dp_box_big_Grey
23:43:14: Player "[YKZ] pedrobala" (steam64id="76561198046653521" pos=<10392.4, 17.68, 10610>) OpenBarrel dp_box_big_Grey
23:43:21: Player "[YKZ] pedrobala" (steam64id="76561198046653521" pos=<10392.4, 17.68, 10610>) CloseBarrel dp_box_big_Grey
23:43:23: Player "[YKZ] Emissarius" (steam64id="76561198271087379" pos=<11086, 41.36, 8427.69>) OpenBarrel dp_box_big_Olive
23:43:57: Player "[YKZ] Emissarius" (steam64id="76561198271087379" pos=<11084.9, 41.86, 8426.58>) OpenBarrel dp_box_big_Brown
23:45:31: Player "[YKZ]-BlackBear" (steam64id="76561198343030820" pos=<11085.4, 41.36, 8427.79>) CloseBarrel dp_box_big_Brown
23:45:33: Player "[YKZ]-BlackBear" (steam64id="76561198343030820" pos=<11085.8, 41.36, 8427.45>) CloseBarrel dp_box_big_Olive
23:45:37: Player "[YKZ]-BlackBear" (steam64id="76561198343030820" pos=<11085.9, 41.36, 8427.75>) CloseBarrel dp_box_big_Olive
23:49:11: Player "Passo Largo" (steam64id="76561199203652654" pos=<7559.17, 28.05, 7899.54>) CloseBarrel dp_box_big_Brown
23:49:13: Player "Passo Largo" (steam64id="76561199203652654" pos=<7556.98, 28.05, 7901.77>) CloseBarrel dp_box_big_Brown
23:49:14: Player "Passo Largo" (steam64id="76561199203652654" pos=<7558.61, 28.05, 7901.14>) CloseBarrel dp_box_big_Brown
23:49:17: Player "Passo Largo" (steam64id="76561199203652654" pos=<7558.94, 28.05, 7894.71>) CloseBarrel dp_box_big_Brown
23:49:24: Player "Passo Largo" (steam64id="76561199203652654" pos=<7549.92, 28.05, 7905.97>) CloseBarrel dp_box_big_Brown
23:50:43: Player "Duerowww" (steam64id="76561198259492425" pos=<7390.14, 31.55, 8201.89>) CloseBarrel dp_box_big_Tan
23:50:45: Player "Duerowww" (steam64id="76561198259492425" pos=<7390.14, 31.55, 8201.89>) CloseBarrel dp_box_small_Brown
23:50:50: Player "Duerowww" (steam64id="76561198259492425" pos=<7389.77, 31.55, 8200.3>) CloseBarrel dp_box_big_Brown
23:51:29: Player "MendeL" (steam64id="76561198329721265" pos=<8856.46, 7.48, 10238.8>) OpenBarrel HRM_Painted_Barrel_DPM
23:51:57: Player "Duerowww" (steam64id="76561198259492425" pos=<7390.24, 31.55, 8202.16>) OpenBarrel dp_box_big_Tan
23:52:00: Player "Duerowww" (steam64id="76561198259492425" pos=<7389.84, 32.07, 8202.82>) CloseBarrel dp_box_big_Tan
23:52:02: Player "Duerowww" (steam64id="76561198259492425" pos=<7390.48, 31.55, 8203.06>) OpenBarrel dp_box_small_Brown
23:52:03: Player "Duerowww" (steam64id="76561198259492425" pos=<7390.48, 31.55, 8203.06>) CloseBarrel dp_box_small_Brown
23:52:07: Player "ttuker" (steam64id="76561198971813376" pos=<7389.62, 31.55, 8200.08>) OpenBarrel dp_box_big_Brown
23:52:10: Player "ttuker" (steam64id="76561198971813376" pos=<7389.85, 31.55, 8200.05>) CloseBarrel dp_box_big_Brown
23:52:13: Player "Duerowww" (steam64id="76561198259492425" pos=<7390.03, 31.55, 8199.96>) OpenBarrel dp_box_big_Brown
23:52:15: Player "Duerowww" (steam64id="76561198259492425" pos=<7390.03, 31.55, 8199.96>) CloseBarrel dp_box_big_Brown
23:52:18: Player "MendeL" (steam64id="76561198329721265" pos=<8856.28, 7.48, 10239.7>) OpenBarrel HRM_Painted_Barrel_DPM
23:52:20: Player "MendeL" (steam64id="76561198329721265" pos=<8856.66, 7.48, 10239.9>) OpenBarrel HRM_Painted_Barrel_DPM
23:53:11: Player "MendeL" (steam64id="76561198329721265" pos=<8856.69, 7.48, 10239.4>) CloseBarrel HRM_Painted_Barrel_DPM
23:53:12: Player "MendeL" (steam64id="76561198329721265" pos=<8856.69, 7.48, 10239.4>) CloseBarrel HRM_Painted_Barrel_DPM
23:53:19: Player "MendeL" (steam64id="76561198329721265" pos=<8855.94, 7.48, 10238.8>) CloseBarrel HRM_Painted_Barrel_DPM
23:53:35: Player "MendeL" (steam64id="76561198329721265" pos=<8844.45, 7.48, 10256.8>) OpenBarrel HRM_Painted_Barrel_DPM
23:53:43: Player "MendeL" (steam64id="76561198329721265" pos=<8844.51, 7.48, 10256.2>) OpenBarrel HRM_Painted_Barrel_DPM
23:53:52: Player "MendeL" (steam64id="76561198329721265" pos=<8844.97, 7.48, 10256.3>) OpenBarrel HRM_Painted_Barrel_DPM
