00:02:35: Player "[HORDA]MacLovin" (steam64id="76561199068236803" pos=<9558.13, 2.94, 9585.92>) OpenBarrel dp_box_big_Tan
00:02:36: Player "[HORDA]MacLovin" (steam64id="76561199068236803" pos=<9557.97, 2.94, 9585.91>) CloseBarrel dp_box_big_Tan
00:02:37: Player "[HORDA]MacLovin" (steam64id="76561199068236803" pos=<9557.97, 2.94, 9585.91>) OpenBarrel dp_box_big_Tan
00:03:57: Player "[HORDA]MacLovin" (steam64id="76561199068236803" pos=<9557.76, 2.94, 9586.79>) CloseBarrel dp_box_big_Tan
00:05:45: Player "[YKZ]-tappes" (steam64id="76561198990092287" pos=<11092.9, 27.98, 8427.99>) CloseBarrel Barrel_Green
00:05:46: Player "[YKZ]-tappes" (steam64id="76561198990092287" pos=<11092.9, 27.98, 8427.99>) OpenBarrel Barrel_Green
00:05:53: Player "[YKZ]-tappes" (steam64id="76561198990092287" pos=<11093, 27.98, 8428.23>) CloseBarrel Barrel_Green
00:05:55: Player "[YKZ]-tappes" (steam64id="76561198990092287" pos=<11093.1, 27.98, 8428.24>) OpenBarrel Barrel_Green
00:05:56: Player "[YKZ]-tappes" (steam64id="76561198990092287" pos=<11093.1, 27.98, 8428.24>) CloseBarrel Barrel_Green
00:06:22: Player "Biel FxR" (steam64id="76561198050836260" pos=<7551.17, 35.26, 7893.63>) OpenBarrel dp_box_big_Brown
00:16:49: Player "[YKZ]-Lobato" (steam64id="76561198158375860" pos=<11092.6, 27.98, 8427.95>) OpenBarrel Barrel_Green
00:17:20: Player "[YKZ]-Lobato" (steam64id="76561198158375860" pos=<11092.7, 27.98, 8427.97>) CloseBarrel Barrel_Green
00:20:03: Player "[YKZ]-BlackBear" (steam64id="76561198343030820" pos=<11091.8, 27.98, 8428.99>) OpenBarrel Barrel_Green
00:49:26: Player "Passo Largo" (steam64id="76561198057660141" pos=<7549.4, 35.26, 7893.95>) CloseBarrel dp_box_big_Brown
00:52:04: Player "G A T O" (steam64id="76561199207813177" pos=<7550.56, 35.26, 7893.67>) OpenBarrel dp_box_big_Brown
00:52:08: Player "G A T O" (steam64id="76561199207813177" pos=<7550.56, 35.26, 7893.67>) CloseBarrel dp_box_big_Brown
00:52:40: Player "G A T O" (steam64id="76561199207813177" pos=<7550.53, 35.24, 7900.48>) CloseBarrel dp_box_big_Brown
00:52:43: Player "G A T O" (steam64id="76561199207813177" pos=<7550.65, 35.24, 7900.92>) OpenBarrel dp_box_big_Brown
00:52:49: Player "G A T O" (steam64id="76561199207813177" pos=<7549.04, 35.24, 7900.67>) CloseBarrel dp_box_big_Olive
00:52:54: Player "G A T O" (steam64id="76561199207813177" pos=<7549, 35.24, 7900.34>) OpenBarrel dp_box_big_Olive
00:57:45: Player "Obred" (steam64id="76561198258911731" pos=<8853.05, 11.61, 10241.7>) CloseBarrel dp_box_big_Grey
00:57:50: Player "Obred" (steam64id="76561198258911731" pos=<8853.63, 12.06, 10240.5>) OpenBarrel dp_box_big_Grey
01:03:10: Player "Passo Largo" (steam64id="76561198057660141" pos=<7553.53, 35.27, 7892.81>) CloseBarrel dp_box_big_Brown
01:03:13: Player "Passo Largo" (steam64id="76561198057660141" pos=<7552.87, 35.27, 7892.72>) OpenBarrel dp_box_big_Brown
01:03:16: Player "Passo Largo" (steam64id="76561198057660141" pos=<7553.42, 35.27, 7892.71>) CloseBarrel dp_box_big_Brown
02:52:26: Player "[YKZ]-tappes" (steam64id="76561198990092287" pos=<11092.4, 27.98, 8428.63>) CloseBarrel Barrel_Green
02:56:08: Player "[YKZ]-tappes" (steam64id="76561198990092287" pos=<11092.6, 27.98, 8428.83>) OpenBarrel Barrel_Green
02:56:14: Player "[YKZ]-tappes" (steam64id="76561198990092287" pos=<11092.5, 27.98, 8427.92>) CloseBarrel Barrel_Green
02:56:15: Player "[YKZ]-tappes" (steam64id="76561198990092287" pos=<11092.5, 27.98, 8427.92>) OpenBarrel Barrel_Green
02:56:25: Player "[YKZ]-tappes" (steam64id="76561198990092287" pos=<11092.3, 27.98, 8428.16>) CloseBarrel Barrel_Green
07:15:36: Player "[ONE] KARABULJHAN" (steam64id="76561198100527842" pos=<9569.96, 29.20, 12161.6>) CloseBarrel dp_box_big_Grey
07:15:43: Player "Lrk" (steam64id="76561198021843024" pos=<7362.58, 22.42, 7137.81>) CloseBarrel dp_box_big_Olive
07:15:44: Player "Lrk" (steam64id="76561198021843024" pos=<7362.58, 22.42, 7137.81>) CloseBarrel dp_box_big_Tan
07:17:50: Player "[ONE] KARABULJHAN" (steam64id="76561198100527842" pos=<9570.22, 29.23, 12163.6>) OpenBarrel dp_box_big_Grey
07:17:55: Player "[ONE] KARABULJHAN" (steam64id="76561198100527842" pos=<9570.19, 29.20, 12162.1>) OpenBarrel dp_box_big_Grey
07:25:55: Player "[ONE] KARABULJHAN" (steam64id="76561198100527842" pos=<9570.04, 29.22, 12162.5>) CloseBarrel dp_box_big_Grey
07:25:56: Player "[ONE] KARABULJHAN" (steam64id="76561198100527842" pos=<9570.29, 29.22, 12163.4>) CloseBarrel dp_box_big_Grey
07:25:57: Player "[ONE] KARABULJHAN" (steam64id="76561198100527842" pos=<9570.36, 29.53, 12164.7>) CloseBarrel dp_box_big_Grey
07:25:59: Player "[ONE] KARABULJHAN" (steam64id="76561198100527842" pos=<9570.57, 29.29, 12166.1>) CloseBarrel dp_box_big_Grey
07:26:15: Player "[ONE] KARABULJHAN" (steam64id="76561198100527842" pos=<9569.26, 29.17, 12160.7>) OpenBarrel dp_box_big_Grey
07:26:20: Player "[ONE] KARABULJHAN" (steam64id="76561198100527842" pos=<9569.78, 29.20, 12161.6>) OpenBarrel dp_box_big_Grey
07:29:34: Player "Lrk" (steam64id="76561198021843024" pos=<7362.41, 18.46, 7133.55>) CloseBarrel dp_box_big_Olive
07:47:34: Player "Lrk" (steam64id="76561198021843024" pos=<7561.82, 26.85, 6157.3>) OpenBarrel dp_box_big_Grey
07:47:50: Player "Lrk" (steam64id="76561198021843024" pos=<7561.15, 26.89, 6157.55>) CloseBarrel dp_box_big_Grey
08:08:12: Player "Lrk" (steam64id="76561198021843024" pos=<7356.75, 18.46, 7134.22>) OpenBarrel dp_box_big_Tan
08:08:25: Player "Lrk" (steam64id="76561198021843024" pos=<7356.4, 18.46, 7133.82>) CloseBarrel dp_box_big_Tan
08:17:17: Player "Lrk" (steam64id="76561198021843024" pos=<7356.32, 18.46, 7134.48>) OpenBarrel dp_box_big_Tan
08:17:20: Player "Lrk" (steam64id="76561198021843024" pos=<7356.32, 18.46, 7134.48>) CloseBarrel dp_box_big_Tan
08:17:41: Player "Lrk" (steam64id="76561198021843024" pos=<7362.02, 18.55, 7134.09>) OpenBarrel dp_box_big_Olive
08:18:14: Player "Lrk" (steam64id="76561198021843024" pos=<7361.94, 18.61, 7134.21>) CloseBarrel dp_box_big_Olive
08:18:54: Player "Hacan121" (steam64id="76561198345012092" pos=<8652.46, 6.94, 10094.3>) OpenBarrel dp_box_big_Brown
08:19:02: Player "Hacan121" (steam64id="76561198345012092" pos=<8655.11, 6.88, 10094.9>) CloseBarrel dp_box_big_Brown
08:23:10: Player "Hacan121" (steam64id="76561198345012092" pos=<8389.03, 16.49, 10037.6>) OpenBarrel dp_box_big_Brown
08:23:20: Player "Hacan121" (steam64id="76561198345012092" pos=<8389.03, 16.49, 10037.6>) CloseBarrel dp_box_big_Brown
08:23:23: Player "Hacan121" (steam64id="76561198345012092" pos=<8389.03, 16.49, 10037.6>) OpenBarrel dp_box_big_Brown
08:23:31: Player "Hacan121" (steam64id="76561198345012092" pos=<8389.03, 16.49, 10037.6>) CloseBarrel dp_box_big_Brown
08:27:58: Player "Hacan121" (steam64id="76561198345012092" pos=<7626.23, 12.20, 9816.26>) OpenBarrel dp_box_big_Brown
08:28:00: Player "Hacan121" (steam64id="76561198345012092" pos=<7626.5, 12.20, 9816.24>) CloseBarrel dp_box_big_Brown
08:28:31: Player "Hacan121" (steam64id="76561198345012092" pos=<7626.15, 12.20, 9816.3>) OpenBarrel dp_box_big_Brown
08:31:50: Player "Lrk" (steam64id="76561198021843024" pos=<7361.94, 18.46, 7133.94>) OpenBarrel dp_box_big_Olive
08:35:27: Player "Lrk" (steam64id="76561198021843024" pos=<7362.1, 22.13, 7137.4>) OpenBarrel dp_box_big_Tan
08:35:31: Player "Lrk" (steam64id="76561198021843024" pos=<7362.1, 22.12, 7137.4>) CloseBarrel dp_box_big_Tan
08:35:34: Player "Lrk" (steam64id="76561198021843024" pos=<7362.54, 22.42, 7137.67>) OpenBarrel dp_box_big_Olive
08:35:37: Player "Lrk" (steam64id="76561198021843024" pos=<7362.54, 22.42, 7137.67>) CloseBarrel dp_box_big_Olive
08:35:39: Player "Lrk" (steam64id="76561198021843024" pos=<7362.68, 22.42, 7137.84>) OpenBarrel dp_box_big_Olive
08:35:47: Player "Lrk" (steam64id="76561198021843024" pos=<7362.64, 22.42, 7137.83>) CloseBarrel dp_box_big_Olive
08:41:48: Player "Lrk" (steam64id="76561198021843024" pos=<7362.64, 19.48, 7135.48>) OpenBarrel dp_box_big_Tan
08:42:15: Player "Lrk" (steam64id="76561198021843024" pos=<7362.59, 19.33, 7135.2>) CloseBarrel dp_box_big_Olive
08:42:18: Player "Lrk" (steam64id="76561198021843024" pos=<7362.31, 18.53, 7134.26>) CloseBarrel dp_box_big_Grey
08:42:42: Player "Lrk" (steam64id="76561198021843024" pos=<7363.13, 18.92, 7135.14>) CloseBarrel dp_box_big_Tan
08:42:44: Player "Lrk" (steam64id="76561198021843024" pos=<7362.75, 18.46, 7134.31>) OpenBarrel dp_box_big_Olive
08:44:03: Player "Lrk" (steam64id="76561198021843024" pos=<7362.75, 22.42, 7137.69>) OpenBarrel dp_box_big_Tan
08:44:08: Player "Lrk" (steam64id="76561198021843024" pos=<7362.75, 22.42, 7137.69>) OpenBarrel dp_box_big_Olive
08:44:29: Player "Lrk" (steam64id="76561198021843024" pos=<7363.04, 22.42, 7137.33>) CloseBarrel dp_box_big_Tan
08:44:53: Player "Lrk" (steam64id="76561198021843024" pos=<7363.03, 22.42, 7137.8>) CloseBarrel dp_box_big_Olive
08:44:57: Player "Lrk" (steam64id="76561198021843024" pos=<7362.97, 22.42, 7138.03>) OpenBarrel dp_box_big_Olive
08:45:06: Player "Lrk" (steam64id="76561198021843024" pos=<7362.97, 22.42, 7138.03>) CloseBarrel dp_box_big_Olive
08:51:17: Player "[L.B] ploodrinny" (steam64id="76561198312062387" pos=<7364.02, 18.46, 7136.56>) OpenBarrel dp_box_big_Tan
08:52:23: Player "Lrk" (steam64id="76561198021843024" pos=<7362.19, 18.46, 7132.68>) CloseBarrel dp_box_small_Olive
08:52:25: Player "Lrk" (steam64id="76561198021843024" pos=<7362.19, 18.46, 7132.68>) CloseBarrel dp_box_small_Brown
08:52:28: Player "Lrk" (steam64id="76561198021843024" pos=<7362.67, 18.98, 7134.79>) CloseBarrel dp_box_big_Tan
08:53:54: Player "Lrk" (steam64id="76561198021843024" pos=<7362.76, 18.46, 7133.64>) CloseBarrel dp_box_big_Olive
08:54:51: Player "Lrk" (steam64id="76561198021843024" pos=<7362.9, 19.17, 7135.3>) OpenBarrel dp_box_big_Tan
08:55:02: Player "Lrk" (steam64id="76561198021843024" pos=<7362.9, 19.17, 7135.3>) CloseBarrel dp_box_big_Tan
08:55:05: Player "Lrk" (steam64id="76561198021843024" pos=<7361.96, 18.46, 7133.89>) OpenBarrel dp_box_big_Grey
08:55:34: Player "Lrk" (steam64id="76561198021843024" pos=<7362.64, 18.46, 7133.92>) OpenBarrel dp_box_big_Olive
08:55:53: Player "Lrk" (steam64id="76561198021843024" pos=<7362.74, 18.46, 7133.93>) CloseBarrel dp_box_big_Olive
08:55:55: Player "Lrk" (steam64id="76561198021843024" pos=<7362.75, 19.08, 7134.99>) OpenBarrel dp_box_big_Tan
08:56:30: Player "Lrk" (steam64id="76561198021843024" pos=<7363.16, 18.92, 7135.19>) CloseBarrel dp_box_big_Grey
08:58:30: Player "Lrk" (steam64id="76561198021843024" pos=<7363.16, 18.92, 7135.19>) CloseBarrel dp_box_big_Tan
08:58:32: Player "Lrk" (steam64id="76561198021843024" pos=<7361.83, 18.46, 7133.38>) OpenBarrel dp_box_big_Grey
09:31:08: Player "ttuker" (steam64id="76561198971813376" pos=<7389.93, 31.55, 8200.04>) OpenBarrel dp_box_big_Brown
09:41:28: Player "[L.B] ploodrinny" (steam64id="76561198312062387" pos=<7362.02, 18.46, 7133.9>) CloseBarrel dp_box_big_Grey
09:41:33: Player "[L.B] ploodrinny" (steam64id="76561198312062387" pos=<7361.82, 19.50, 7139.95>) CloseBarrel dp_box_big_Brown
09:41:34: Player "[L.B] ploodrinny" (steam64id="76561198312062387" pos=<7358.89, 19.43, 7139.76>) CloseBarrel dp_box_big_Brown
09:41:56: Player "Duerowww" (steam64id="76561198259492425" pos=<7393.47, 31.55, 8201.1>) OpenBarrel dp_box_big_Grey
09:42:55: Player "Duerowww" (steam64id="76561198259492425" pos=<7390.96, 31.55, 8202.34>) OpenBarrel dp_box_big_Olive
09:43:23: Player "Lrk" (steam64id="76561198021843024" pos=<7361.87, 18.46, 7133.66>) OpenBarrel dp_box_big_Olive
09:43:46: Player "Lrk" (steam64id="76561198021843024" pos=<7362.55, 18.46, 7133.7>) CloseBarrel dp_box_big_Olive
09:43:48: Player "Lrk" (steam64id="76561198021843024" pos=<7362.05, 18.46, 7133.66>) OpenBarrel dp_box_big_Grey
09:44:00: Player "Lrk" (steam64id="76561198021843024" pos=<7362.61, 18.46, 7133.7>) CloseBarrel dp_box_big_Grey
09:44:01: Player "Lrk" (steam64id="76561198021843024" pos=<7362.61, 18.46, 7133.7>) OpenBarrel dp_box_big_Olive
09:44:07: Player "Lrk" (steam64id="76561198021843024" pos=<7362.1, 18.46, 7133.69>) OpenBarrel dp_box_big_Grey
09:44:07: Player "[L.B] ploodrinny" (steam64id="76561198312062387" pos=<7362.2, 22.14, 7137.92>) OpenBarrel dp_box_big_Olive
09:44:11: Player "[L.B] ploodrinny" (steam64id="76561198312062387" pos=<7363.16, 22.42, 7137.98>) OpenBarrel dp_box_big_Tan
09:44:15: Player "[L.B] ploodrinny" (steam64id="76561198312062387" pos=<7362.85, 22.42, 7137.06>) CloseBarrel dp_box_big_Tan
09:44:18: Player "[L.B] ploodrinny" (steam64id="76561198312062387" pos=<7363.14, 22.42, 7138.03>) CloseBarrel dp_box_big_Olive
09:44:44: Player "[L.B] ploodrinny" (steam64id="76561198312062387" pos=<7362.96, 22.42, 7136.95>) OpenBarrel dp_box_big_Tan
09:45:07: Player "Lrk" (steam64id="76561198021843024" pos=<7362.73, 18.46, 7133.7>) CloseBarrel dp_box_big_Olive
09:45:17: Player "[L.B] ploodrinny" (steam64id="76561198312062387" pos=<7363.02, 22.42, 7138.03>) OpenBarrel dp_box_big_Olive
09:47:32: Player "Lrk" (steam64id="76561198021843024" pos=<7343.01, 14.33, 7135.14>) CloseBarrel Barrel_Red
09:47:33: Player "Lrk" (steam64id="76561198021843024" pos=<7343.01, 14.33, 7135.14>) CloseBarrel Barrel_Red
09:48:03: Player "Lrk" (steam64id="76561198021843024" pos=<7343.49, 14.33, 7135.14>) OpenBarrel Barrel_Red
09:48:06: Player "Lrk" (steam64id="76561198021843024" pos=<7343.33, 14.33, 7134.72>) CloseBarrel Barrel_Red
09:48:26: Player "Lrk" (steam64id="76561198021843024" pos=<7343.08, 14.33, 7135.07>) OpenBarrel Barrel_Red
09:48:44: Player "[L.B] ploodrinny" (steam64id="76561198312062387" pos=<7343.23, 14.33, 7134.86>) OpenBarrel Barrel_Red
09:48:57: Player "[L.B] ploodrinny" (steam64id="76561198312062387" pos=<7343.99, 14.33, 7134.74>) CloseBarrel Barrel_Red
09:49:38: Player "Lrk" (steam64id="76561198021843024" pos=<7343.49, 14.33, 7134.51>) CloseBarrel Barrel_Red
09:49:39: Player "Lrk" (steam64id="76561198021843024" pos=<7343.49, 14.33, 7134.51>) OpenBarrel Barrel_Red
09:50:41: Player "Lrk" (steam64id="76561198021843024" pos=<7343.1, 14.33, 7134.71>) CloseBarrel Barrel_Red
09:50:42: Player "Lrk" (steam64id="76561198021843024" pos=<7343.1, 14.33, 7134.71>) OpenBarrel Barrel_Red
09:52:02: Player "[L.B] ploodrinny" (steam64id="76561198312062387" pos=<7343.4, 14.33, 7134.33>) OpenBarrel Barrel_Red
09:52:05: Player "[L.B] ploodrinny" (steam64id="76561198312062387" pos=<7343.4, 14.33, 7134.33>) CloseBarrel Barrel_Red
09:53:57: Player "[L.B] ploodrinny" (steam64id="76561198312062387" pos=<7362.74, 19.38, 7135.29>) OpenBarrel dp_box_big_Olive
09:54:06: Player "[L.B] ploodrinny" (steam64id="76561198312062387" pos=<7362.7, 18.89, 7134.7>) OpenBarrel dp_box_big_Tan
09:54:19: Player "Lrk" (steam64id="76561198021843024" pos=<7362.6, 18.46, 7132.7>) OpenBarrel dp_box_small_Brown
09:54:27: Player "Lrk" (steam64id="76561198021843024" pos=<7362.19, 18.46, 7132.74>) OpenBarrel dp_box_small_Olive
09:55:29: Player "[L.B] ploodrinny" (steam64id="76561198312062387" pos=<7362.93, 22.42, 7137.9>) CloseBarrel dp_box_big_Olive
09:55:29: Player "Lrk" (steam64id="76561198021843024" pos=<7362.16, 19.18, 7134.82>) CloseBarrel dp_box_big_Tan
09:55:30: Player "[L.B] ploodrinny" (steam64id="76561198312062387" pos=<7362.93, 22.42, 7137.9>) OpenBarrel dp_box_big_Olive
09:55:37: Player "[L.B] ploodrinny" (steam64id="76561198312062387" pos=<7362.93, 22.42, 7137.9>) CloseBarrel dp_box_big_Olive
09:56:26: Player "[L.B] ploodrinny" (steam64id="76561198312062387" pos=<7362.38, 19.80, 7135.62>) OpenBarrel dp_box_big_Olive
09:56:32: Player "Lrk" (steam64id="76561198021843024" pos=<7362.44, 19.15, 7134.89>) CloseBarrel dp_box_big_Olive
09:56:35: Player "Lrk" (steam64id="76561198021843024" pos=<7362.44, 19.15, 7134.89>) CloseBarrel dp_box_big_Grey
09:58:07: Player "[L.B] ploodrinny" (steam64id="76561198312062387" pos=<7362.58, 19.10, 7134.86>) CloseBarrel dp_box_big_Olive
09:58:08: Player "[L.B] ploodrinny" (steam64id="76561198312062387" pos=<7362.75, 18.46, 7134.2>) OpenBarrel dp_box_big_Olive
09:58:15: Player "[L.B] ploodrinny" (steam64id="76561198312062387" pos=<7362.7, 18.46, 7133.44>) CloseBarrel dp_box_big_Olive
09:58:17: Player "[L.B] ploodrinny" (steam64id="76561198312062387" pos=<7362.01, 18.46, 7133.42>) OpenBarrel dp_box_big_Grey
09:58:48: Player "Lrk" (steam64id="76561198021843024" pos=<7362.8, 18.46, 7133.9>) OpenBarrel dp_box_big_Olive
10:05:51: Player "[L.B] ploodrinny" (steam64id="76561198312062387" pos=<7362.12, 19.24, 7134.84>) OpenBarrel dp_box_big_Olive
10:05:56: Player "[L.B] ploodrinny" (steam64id="76561198312062387" pos=<7361.97, 18.46, 7132.86>) CloseBarrel dp_box_small_Olive
10:06:01: Player "[L.B] ploodrinny" (steam64id="76561198312062387" pos=<7362.39, 18.46, 7132.71>) CloseBarrel dp_box_small_Brown
10:06:05: Player "[L.B] ploodrinny" (steam64id="76561198312062387" pos=<7362.58, 18.46, 7133.16>) CloseBarrel dp_box_big_Olive
10:06:06: Player "[L.B] ploodrinny" (steam64id="76561198312062387" pos=<7362.58, 18.46, 7133.16>) CloseBarrel dp_box_big_Grey
10:06:07: Player "[L.B] ploodrinny" (steam64id="76561198312062387" pos=<7362.81, 18.74, 7134.53>) CloseBarrel dp_box_big_Olive
10:06:11: Player "[L.B] ploodrinny" (steam64id="76561198312062387" pos=<7358.14, 18.46, 7133.69>) CloseBarrel dp_box_small_Olive
10:06:12: Player "[L.B] ploodrinny" (steam64id="76561198312062387" pos=<7358.14, 18.46, 7133.69>) CloseBarrel dp_box_small_Brown
10:07:30: Player "Lrk" (steam64id="76561198021843024" pos=<7361.8, 18.56, 7134.15>) OpenBarrel dp_box_big_Grey
10:07:49: Player "Lrk" (steam64id="76561198021843024" pos=<7362.61, 18.46, 7134.04>) OpenBarrel dp_box_big_Olive
10:07:51: Player "Lrk" (steam64id="76561198021843024" pos=<7362.61, 18.46, 7134.04>) CloseBarrel dp_box_big_Grey
10:08:32: Player "Lrk" (steam64id="76561198021843024" pos=<7362.61, 18.46, 7134.04>) CloseBarrel dp_box_big_Olive
10:08:34: Player "Lrk" (steam64id="76561198021843024" pos=<7362.87, 18.87, 7134.83>) OpenBarrel dp_box_big_Olive
10:08:38: Player "Lrk" (steam64id="76561198021843024" pos=<7362.48, 18.80, 7134.5>) OpenBarrel dp_box_big_Tan
10:09:18: Player "Lrk" (steam64id="76561198021843024" pos=<7362.89, 18.92, 7134.94>) CloseBarrel dp_box_big_Olive
10:09:21: Player "Lrk" (steam64id="76561198021843024" pos=<7362.84, 18.98, 7134.92>) OpenBarrel dp_box_big_Olive
10:09:23: Player "Lrk" (steam64id="76561198021843024" pos=<7362.53, 18.94, 7134.7>) CloseBarrel dp_box_big_Tan
10:09:24: Player "Lrk" (steam64id="76561198021843024" pos=<7362.53, 18.94, 7134.7>) CloseBarrel dp_box_big_Olive
10:09:44: Player "Lrk" (steam64id="76561198021843024" pos=<7359.9, 18.46, 7139.36>) OpenBarrel dp_box_big_Brown
10:09:47: Player "[L.B] ploodrinny" (steam64id="76561198312062387" pos=<7357.89, 18.46, 7139.78>) OpenBarrel dp_box_big_Brown
10:09:54: Player "Lrk" (steam64id="76561198021843024" pos=<7360.14, 18.46, 7139.52>) CloseBarrel dp_box_big_Brown
10:11:32: Player "[L.B] ploodrinny" (steam64id="76561198312062387" pos=<7343.6, 14.33, 7135.12>) OpenBarrel Barrel_Red
10:11:42: Player "[L.B] ploodrinny" (steam64id="76561198312062387" pos=<7343.58, 14.33, 7134.36>) CloseBarrel Barrel_Red
10:15:14: Player "Duerowww" (steam64id="76561198259492425" pos=<7391.37, 31.55, 8202.48>) CloseBarrel dp_box_big_Olive
10:15:16: Player "Duerowww" (steam64id="76561198259492425" pos=<7390.27, 31.55, 8201.11>) OpenBarrel dp_box_big_Tan
10:16:02: Player "Lrk" (steam64id="76561198021843024" pos=<7362.4, 19.12, 7134.84>) OpenBarrel dp_box_big_Tan
10:16:16: Player "Lrk" (steam64id="76561198021843024" pos=<7362.28, 19.15, 7134.83>) CloseBarrel dp_box_big_Tan
10:16:24: Player "Lrk" (steam64id="76561198021843024" pos=<7357.89, 18.46, 7139.43>) CloseBarrel dp_box_big_Brown
10:17:47: Player "ttuker" (steam64id="76561198971813376" pos=<7390, 31.55, 8201.69>) OpenBarrel dp_box_big_Tan
10:19:11: Player "Duerowww" (steam64id="76561198259492425" pos=<7390.2, 31.55, 8201.33>) CloseBarrel dp_box_big_Tan
10:19:12: Player "Duerowww" (steam64id="76561198259492425" pos=<7389.96, 31.55, 8200.85>) CloseBarrel dp_box_big_Tan
10:19:13: Player "Duerowww" (steam64id="76561198259492425" pos=<7389.73, 31.55, 8200.04>) CloseBarrel dp_box_big_Brown
10:19:35: Player "Duerowww" (steam64id="76561198259492425" pos=<7392.03, 31.55, 8202.41>) OpenBarrel dp_box_big_Olive
10:19:51: Player "Duerowww" (steam64id="76561198259492425" pos=<7391.96, 31.55, 8201.91>) CloseBarrel dp_box_big_Olive
10:22:30: Player "[L.B] ploodrinny" (steam64id="76561198312062387" pos=<7362.23, 18.46, 7133.2>) OpenBarrel dp_box_big_Olive
10:22:39: Player "[L.B] ploodrinny" (steam64id="76561198312062387" pos=<7362.23, 18.46, 7133.2>) CloseBarrel dp_box_big_Olive
10:24:49: Player "Duerowww" (steam64id="76561198259492425" pos=<7393.38, 31.55, 8200.75>) CloseBarrel dp_box_big_Grey
10:26:27: Player "[L.B] ploodrinny" (steam64id="76561198312062387" pos=<7362.72, 18.46, 7133.3>) OpenBarrel dp_box_big_Olive
10:26:33: Player "[L.B] ploodrinny" (steam64id="76561198312062387" pos=<7362.72, 18.46, 7133.3>) CloseBarrel dp_box_big_Olive
10:27:47: Player "[L.B] ploodrinny" (steam64id="76561198312062387" pos=<7362.54, 18.46, 7133.36>) OpenBarrel dp_box_small_Olive
10:27:50: Player "[L.B] ploodrinny" (steam64id="76561198312062387" pos=<7362.54, 18.46, 7133.36>) CloseBarrel dp_box_small_Olive
10:27:54: Player "[L.B] ploodrinny" (steam64id="76561198312062387" pos=<7362.38, 18.46, 7132.61>) OpenBarrel dp_box_small_Brown
10:28:05: Player "[L.B] ploodrinny" (steam64id="76561198312062387" pos=<7362.38, 18.46, 7132.61>) CloseBarrel dp_box_small_Brown
10:29:05: Player "[L.B] ploodrinny" (steam64id="76561198312062387" pos=<7359.61, 18.46, 7139.27>) OpenBarrel dp_box_big_Brown
10:33:00: Player "Duerowww" (steam64id="76561198259492425" pos=<7391.56, 31.55, 8202.32>) OpenBarrel dp_box_big_Olive
10:33:01: Player "Duerowww" (steam64id="76561198259492425" pos=<7391.02, 31.55, 8202.34>) OpenBarrel dp_box_small_Brown
10:33:30: Player "Duerowww" (steam64id="76561198259492425" pos=<7391.02, 31.55, 8202.34>) CloseBarrel dp_box_small_Brown
10:33:31: Player "Duerowww" (steam64id="76561198259492425" pos=<7391.02, 31.55, 8202.34>) CloseBarrel dp_box_big_Olive
10:44:26: Player "ttuker" (steam64id="76561198971813376" pos=<7390.21, 31.55, 8201.55>) OpenBarrel dp_box_big_Tan
10:44:30: Player "ttuker" (steam64id="76561198971813376" pos=<7389.81, 31.55, 8201.61>) CloseBarrel dp_box_big_Tan
10:44:31: Player "ttuker" (steam64id="76561198971813376" pos=<7390.04, 31.55, 8200.52>) OpenBarrel dp_box_big_Tan
10:44:47: Player "ttuker" (steam64id="76561198971813376" pos=<7390.52, 31.55, 8202.35>) OpenBarrel dp_box_small_Brown
10:45:02: Player "ttuker" (steam64id="76561198971813376" pos=<7390.52, 31.55, 8202.35>) OpenBarrel dp_box_big_Olive
10:45:03: Player "ttuker" (steam64id="76561198971813376" pos=<7390.52, 31.55, 8202.35>) CloseBarrel dp_box_small_Brown
10:57:28: Player "Duerowww" (steam64id="76561198259492425" pos=<7389.67, 31.55, 8200.97>) CloseBarrel dp_box_big_Tan
10:57:30: Player "Duerowww" (steam64id="76561198259492425" pos=<7390.73, 31.55, 8202.46>) OpenBarrel dp_box_small_Brown
10:57:31: Player "Duerowww" (steam64id="76561198259492425" pos=<7390.73, 31.55, 8202.46>) CloseBarrel dp_box_big_Olive
10:58:16: Player "Duerowww" (steam64id="76561198259492425" pos=<7391.28, 31.55, 8202.62>) CloseBarrel dp_box_small_Brown
11:35:51: Player "[L.B] Santorin" (steam64id="76561199069721527" pos=<7362.66, 19.05, 7134.86>) OpenBarrel dp_box_big_Olive
11:35:53: Player "[L.B] Santorin" (steam64id="76561199069721527" pos=<7362.66, 19.06, 7134.86>) OpenBarrel dp_box_big_Tan
11:35:58: Player "[L.B] Santorin" (steam64id="76561199069721527" pos=<7362.66, 19.06, 7134.86>) CloseBarrel dp_box_big_Tan
11:36:00: Player "[L.B] Santorin" (steam64id="76561199069721527" pos=<7362.66, 19.06, 7134.86>) OpenBarrel dp_box_big_Tan
11:36:02: Player "[L.B] Santorin" (steam64id="76561199069721527" pos=<7362.66, 19.06, 7134.86>) CloseBarrel dp_box_big_Tan
11:36:04: Player "[L.B] Santorin" (steam64id="76561199069721527" pos=<7362.66, 19.04, 7134.86>) CloseBarrel dp_box_big_Olive
11:36:10: Player "[L.B] Santorin" (steam64id="76561199069721527" pos=<7362.24, 18.46, 7132.66>) OpenBarrel dp_box_small_Brown
11:36:11: Player "[L.B] Santorin" (steam64id="76561199069721527" pos=<7362.24, 18.46, 7132.66>) OpenBarrel dp_box_small_Olive
11:36:14: Player "[L.B] Santorin" (steam64id="76561199069721527" pos=<7362.24, 18.46, 7132.66>) CloseBarrel dp_box_small_Olive
11:36:17: Player "[L.B] Santorin" (steam64id="76561199069721527" pos=<7362.63, 18.46, 7132.61>) CloseBarrel dp_box_small_Brown
11:36:27: Player "[L.B] Santorin" (steam64id="76561199069721527" pos=<7362.91, 22.42, 7136.78>) CloseBarrel dp_box_big_Tan
11:36:29: Player "[L.B] Santorin" (steam64id="76561199069721527" pos=<7362.91, 22.42, 7136.78>) OpenBarrel dp_box_big_Tan
11:39:15: Player "[L.B] Santorin" (steam64id="76561199069721527" pos=<7357.64, 18.46, 7134.41>) OpenBarrel dp_box_small_Brown
11:39:17: Player "[L.B] Santorin" (steam64id="76561199069721527" pos=<7357.56, 18.46, 7133.92>) OpenBarrel dp_box_small_Olive
11:39:40: Player "[L.B] Santorin" (steam64id="76561199069721527" pos=<7362.35, 18.46, 7133.74>) OpenBarrel dp_box_big_Olive
11:39:44: Player "[L.B] Santorin" (steam64id="76561199069721527" pos=<7362.35, 18.46, 7133.74>) CloseBarrel dp_box_big_Olive
11:39:45: Player "[L.B] Santorin" (steam64id="76561199069721527" pos=<7362.35, 18.46, 7133.74>) OpenBarrel dp_box_big_Grey
11:40:14: Player "[L.B] Santorin" (steam64id="76561199069721527" pos=<7357.83, 18.46, 7139.42>) OpenBarrel dp_box_big_Brown
11:40:52: Player "[L.B] Santorin" (steam64id="76561199069721527" pos=<7343.89, 14.33, 7134.71>) OpenBarrel Barrel_Red
11:41:32: Player "[L.B] Santorin" (steam64id="76561199069721527" pos=<7362.74, 22.42, 7137.59>) CloseBarrel dp_box_big_Tan
11:41:40: Player "[L.B] Santorin" (steam64id="76561199069721527" pos=<7362.54, 22.42, 7137.17>) OpenBarrel dp_box_big_Tan
12:31:35: Player "[HORDA]MacLovin" (steam64id="76561199068236803" pos=<9558.03, 2.94, 9586.34>) OpenBarrel dp_box_big_Tan
13:04:31: Player "DanielSam" (steam64id="76561198867200764" pos=<7554.1, 35.26, 7893.56>) OpenBarrel dp_box_big_Brown
13:04:37: Player "DanielSam" (steam64id="76561198867200764" pos=<7551.31, 35.27, 7893.02>) OpenBarrel dp_box_big_Brown
13:07:48: Player "[YKZ] Felps" (steam64id="76561198892779186" pos=<11090.4, 31.82, 8419.9>) CloseBarrel dp_box_big_Olive
13:14:49: Player "DanielSam" (steam64id="76561198867200764" pos=<7554.88, 31.34, 7895.63>) CloseBarrel dp_box_big_Brown
13:14:56: Player "DanielSam" (steam64id="76561198867200764" pos=<7554.65, 35.26, 7893.85>) CloseBarrel dp_box_big_Brown
13:14:57: Player "DanielSam" (steam64id="76561198867200764" pos=<7550.83, 35.65, 7892.55>) CloseBarrel dp_box_big_Brown
13:19:33: Player "[YKZ] Felps" (steam64id="76561198892779186" pos=<11091, 31.61, 8420.28>) OpenBarrel dp_box_big_Olive
13:19:52: Player "[YKZ] Felps" (steam64id="76561198892779186" pos=<11090.9, 31.61, 8420.04>) CloseBarrel dp_box_big_Olive
13:24:48: Player "[YKZ]-tappes" (steam64id="76561198990092287" pos=<11092, 27.98, 8428.41>) OpenBarrel Barrel_Green
13:27:42: Player "[YKZ]-tappes" (steam64id="76561198990092287" pos=<11092.6, 27.98, 8427.81>) CloseBarrel Barrel_Green
13:54:50: Player "[L.B] Santorin" (steam64id="76561199069721527" pos=<7362.2, 19.34, 7134.99>) OpenBarrel dp_box_big_Olive
13:56:46: Player "[L.B] Santorin" (steam64id="76561199069721527" pos=<7362.26, 18.46, 7133.93>) OpenBarrel dp_box_big_Olive
13:57:46: Player "[L.B] Santorin" (steam64id="76561199069721527" pos=<7362.33, 18.60, 7134.24>) OpenBarrel dp_box_big_Tan
13:58:24: Player "[L.B] Santorin" (steam64id="76561199069721527" pos=<7362.58, 18.46, 7132.77>) OpenBarrel dp_box_small_Olive
13:58:32: Player "[L.B] Santorin" (steam64id="76561199069721527" pos=<7362.58, 18.46, 7132.77>) CloseBarrel dp_box_small_Olive
13:58:33: Player "[L.B] Santorin" (steam64id="76561199069721527" pos=<7362.58, 18.46, 7132.77>) OpenBarrel dp_box_small_Brown
13:58:35: Player "[L.B] Santorin" (steam64id="76561199069721527" pos=<7362.17, 18.46, 7132.83>) OpenBarrel dp_box_small_Olive
14:06:09: Player "Hacan121" (steam64id="76561198345012092" pos=<7553.61, 35.26, 7893.58>) OpenBarrel dp_box_big_Brown
14:06:27: Player "Hacan121" (steam64id="76561198345012092" pos=<7553.37, 35.27, 7892.84>) CloseBarrel dp_box_big_Brown
14:06:30: Player "Hacan121" (steam64id="76561198345012092" pos=<7551.21, 35.27, 7892.54>) OpenBarrel dp_box_big_Brown
14:06:33: Player "Hacan121" (steam64id="76561198345012092" pos=<7550.28, 35.27, 7893.25>) CloseBarrel dp_box_big_Brown
14:15:52: Player "[YKZ] Felps" (steam64id="76561198892779186" pos=<11090, 31.61, 8430.29>) OpenBarrel dp_box_big_Olive
14:18:44: Player "[YKZ] Felps" (steam64id="76561198892779186" pos=<11090.1, 31.61, 8429.62>) CloseBarrel dp_box_big_Olive
14:19:07: Player "[YKZ] Felps" (steam64id="76561198892779186" pos=<11091, 31.61, 8419.33>) OpenBarrel dp_box_big_Olive
14:22:28: Player "[YKZ]-BlackBear" (steam64id="76561198343030820" pos=<11079.5, 41.37, 8423.76>) CloseBarrel dp_box_big_Brown
14:22:30: Player "[YKZ]-BlackBear" (steam64id="76561198343030820" pos=<11079.5, 41.37, 8423.76>) OpenBarrel dp_box_big_Brown
14:27:24: Player "Zangief da putaria" (steam64id="76561198352748373" pos=<10391.6, 17.66, 10609.8>) CloseBarrel dp_box_big_Grey
14:27:26: Player "Zangief da putaria" (steam64id="76561198352748373" pos=<10391.6, 17.66, 10609.8>) OpenBarrel dp_box_big_Grey
14:27:44: Player "Zangief da putaria" (steam64id="76561198352748373" pos=<10391.5, 17.66, 10609.3>) CloseBarrel dp_box_big_Grey
14:27:45: Player "Zangief da putaria" (steam64id="76561198352748373" pos=<10391.5, 17.66, 10609.3>) OpenBarrel dp_box_big_Grey
14:27:54: Player "[YKZ]-BlackBear" (steam64id="76561198343030820" pos=<11079.7, 41.37, 8426.07>) CloseBarrel dp_box_big_Brown
14:27:56: Player "[YKZ]-BlackBear" (steam64id="76561198343030820" pos=<11081.9, 41.37, 8420.63>) CloseBarrel dp_box_big_Tan
14:27:57: Player "[YKZ]-BlackBear" (steam64id="76561198343030820" pos=<11081.9, 41.37, 8420.63>) OpenBarrel dp_box_big_Tan
14:28:08: Player "[YKZ]-BlackBear" (steam64id="76561198343030820" pos=<11081.9, 41.37, 8420.63>) CloseBarrel dp_box_big_Tan
14:28:54: Player "Zangief da putaria" (steam64id="76561198352748373" pos=<10389.4, 17.65, 10612.5>) CloseBarrel dp_box_big_Grey
14:28:55: Player "Zangief da putaria" (steam64id="76561198352748373" pos=<10389.4, 17.65, 10612.5>) OpenBarrel dp_box_big_Grey
14:36:47: Player "[YKZ]-BlackBear" (steam64id="76561198343030820" pos=<11079.7, 41.37, 8424.53>) OpenBarrel dp_box_big_Brown
14:38:40: Player "[YKZ]-BlackBear" (steam64id="76561198343030820" pos=<11081.3, 41.37, 8421.85>) OpenBarrel dp_box_big_Tan
14:39:20: Player "[YKZ] Felps" (steam64id="76561198892779186" pos=<11090.3, 31.61, 8419.77>) CloseBarrel dp_box_big_Olive
14:41:30: Player "[HORDA]MacLovin" (steam64id="76561199068236803" pos=<9951.51, 6.94, 11764.5>) OpenBarrel dp_box_big_Grey
14:41:37: Player "[HORDA]MacLovin" (steam64id="76561199068236803" pos=<9951.51, 6.94, 11764.5>) OpenBarrel dp_box_big_Grey
14:41:38: Player "[YKZ]-Lobato" (steam64id="76561198158375860" pos=<11089.2, 35.24, 8433.21>) CloseBarrel dp_box_big_Brown
14:41:40: Player "[HORDA]MacLovin" (steam64id="76561199068236803" pos=<9951.07, 7.40, 11764>) OpenBarrel dp_box_big_Grey
14:41:42: Player "[HORDA]MacLovin" (steam64id="76561199068236803" pos=<9951.07, 7.40, 11764>) CloseBarrel dp_box_big_Grey
14:42:15: Player "[HORDA]MacLovin" (steam64id="76561199068236803" pos=<9951.02, 6.89, 11762>) OpenBarrel dp_box_big_Grey
14:42:17: Player "[HORDA]MacLovin" (steam64id="76561199068236803" pos=<9951.02, 6.89, 11762>) OpenBarrel dp_box_big_Grey
14:42:18: Player "[HORDA]MacLovin" (steam64id="76561199068236803" pos=<9951.02, 6.89, 11762>) CloseBarrel dp_box_big_Grey
14:42:20: Player "[HORDA]MacLovin" (steam64id="76561199068236803" pos=<9951.5, 6.91, 11762.9>) CloseBarrel dp_box_big_Grey
14:42:30: Player "[HORDA]MacLovin" (steam64id="76561199068236803" pos=<9951.89, 6.93, 11763.2>) CloseBarrel dp_box_big_Grey
14:42:40: Player "[HORDA]MacLovin" (steam64id="76561199068236803" pos=<9949.7, 6.83, 11761.6>) OpenBarrel dp_box_big_Grey
14:42:41: Player "[HORDA]MacLovin" (steam64id="76561199068236803" pos=<9949.7, 6.83, 11761.6>) CloseBarrel dp_box_big_Grey
14:42:43: Player "[HORDA]MacLovin" (steam64id="76561199068236803" pos=<9949.7, 6.83, 11761.6>) OpenBarrel dp_box_big_Grey
14:42:44: Player "[HORDA]MacLovin" (steam64id="76561199068236803" pos=<9949.7, 6.83, 11761.6>) OpenBarrel dp_box_big_Grey
14:42:46: Player "[HORDA]MacLovin" (steam64id="76561199068236803" pos=<9949.11, 6.80, 11762.1>) OpenBarrel dp_box_big_Grey
14:42:47: Player "[HORDA]MacLovin" (steam64id="76561199068236803" pos=<9949.11, 6.80, 11762.1>) CloseBarrel dp_box_big_Grey
14:42:49: Player "[HORDA]MacLovin" (steam64id="76561199068236803" pos=<9949.11, 6.81, 11762.1>) CloseBarrel dp_box_big_Grey
14:42:51: Player "[HORDA]MacLovin" (steam64id="76561199068236803" pos=<9949.11, 6.81, 11762.1>) CloseBarrel dp_box_big_Grey
14:42:52: Player "[YKZ]-BlackBear" (steam64id="76561198343030820" pos=<11085.6, 41.36, 8427.73>) OpenBarrel dp_box_big_Olive
14:42:56: Player "G A T O" (steam64id="76561199207813177" pos=<7550.27, 35.27, 7893.56>) OpenBarrel dp_box_big_Brown
14:43:01: Player "[YKZ]-Lobato" (steam64id="76561198158375860" pos=<11089.3, 35.24, 8432.71>) OpenBarrel dp_box_big_Brown
14:43:07: Player "[HORDA]MacLovin" (steam64id="76561199068236803" pos=<9949.94, 6.85, 11761.9>) CloseBarrel dp_box_big_Grey
14:43:27: Player "[YKZ]-BlackBear" (steam64id="76561198343030820" pos=<11088.4, 44.21, 8425.95>) CloseBarrel dp_box_small_Olive
14:43:32: Player "[YKZ]-Lobato" (steam64id="76561198158375860" pos=<11089.1, 35.24, 8432.88>) CloseBarrel dp_box_big_Brown
14:43:58: Player "[YKZ]-BlackBear" (steam64id="76561198343030820" pos=<11093.9, 41.37, 8426.34>) OpenBarrel dp_box_small_Olive
14:51:02: Player "[HORDA]MacLovin" (steam64id="76561199068236803" pos=<9952.51, 6.94, 11762.3>) OpenBarrel dp_box_big_Grey
14:53:48: Player "[HORDA]MacLovin" (steam64id="76561199068236803" pos=<9950.54, 6.88, 11762.7>) CloseBarrel dp_box_big_Grey
14:53:50: Player "[HORDA]MacLovin" (steam64id="76561199068236803" pos=<9949.66, 6.82, 11761.5>) OpenBarrel dp_box_big_Grey
14:53:52: Player "[HORDA]MacLovin" (steam64id="76561199068236803" pos=<9949.66, 6.82, 11761.5>) CloseBarrel dp_box_big_Grey
14:53:56: Player "[HORDA]MacLovin" (steam64id="76561199068236803" pos=<9950.72, 6.89, 11762.6>) OpenBarrel dp_box_big_Grey
14:54:06: Player "[HORDA]MacLovin" (steam64id="76561199068236803" pos=<9950.6, 6.88, 11762.7>) CloseBarrel dp_box_big_Grey
14:59:14: Player "[HORDA]MacLovin" (steam64id="76561199068236803" pos=<9947.31, 7.11, 11765.1>) OpenBarrel dp_box_big_Grey
14:59:16: Player "[HORDA]MacLovin" (steam64id="76561199068236803" pos=<9947.06, 6.71, 11765.6>) CloseBarrel dp_box_big_Grey
15:58:12: Player "Passo Largo" (steam64id="76561198057660141" pos=<7550.49, 35.27, 7893.27>) CloseBarrel dp_box_big_Brown
16:03:41: Player "Passo Largo" (steam64id="76561198057660141" pos=<7553.52, 35.27, 7892.58>) OpenBarrel dp_box_big_Brown
16:04:16: Player "Passo Largo" (steam64id="76561198057660141" pos=<7553.5, 35.27, 7892.58>) CloseBarrel dp_box_big_Brown
16:34:07: Player "Lrk" (steam64id="76561198021843024" pos=<7362.45, 18.48, 7134.22>) CloseBarrel dp_box_big_Olive
16:34:09: Player "Lrk" (steam64id="76561198021843024" pos=<7362.45, 18.46, 7134.22>) CloseBarrel dp_box_big_Grey
16:34:11: Player "Lrk" (steam64id="76561198021843024" pos=<7362.72, 18.46, 7132.81>) CloseBarrel dp_box_small_Brown
16:34:13: Player "Lrk" (steam64id="76561198021843024" pos=<7362.31, 18.46, 7132.93>) CloseBarrel dp_box_small_Olive
16:34:19: Player "Lrk" (steam64id="76561198021843024" pos=<7362.74, 19.18, 7135.1>) CloseBarrel dp_box_big_Olive
16:35:57: Player "GatunO" (steam64id="76561198815953886" pos=<11177.9, 61.17, 13382.1>) OpenBarrel dp_box_big_Tan
16:36:07: Player "GatunO" (steam64id="76561198815953886" pos=<11177.6, 61.16, 13382.1>) CloseBarrel dp_box_big_Tan
16:36:28: Player "Lrk" (steam64id="76561198021843024" pos=<7362.78, 19.14, 7135.12>) OpenBarrel dp_box_big_Olive
16:36:29: Player "Lrk" (steam64id="76561198021843024" pos=<7362.78, 19.14, 7135.12>) CloseBarrel dp_box_big_Olive
16:36:31: Player "Lrk" (steam64id="76561198021843024" pos=<7362.38, 19.22, 7134.98>) CloseBarrel dp_box_big_Tan
16:36:33: Player "Lrk" (steam64id="76561198021843024" pos=<7362.44, 18.46, 7133.96>) OpenBarrel dp_box_big_Olive
16:36:54: Player "Lrk" (steam64id="76561198021843024" pos=<7362.44, 18.46, 7133.96>) OpenBarrel dp_box_big_Grey
16:38:27: Player "[L.B] Santorin" (steam64id="76561199069721527" pos=<7362.13, 18.99, 7134.6>) OpenBarrel dp_box_big_Olive
16:38:32: Player "[L.B] Santorin" (steam64id="76561199069721527" pos=<7362.41, 19.76, 7135.58>) OpenBarrel dp_box_big_Tan
17:28:21: Player "[L.B] Santorin" (steam64id="76561199069721527" pos=<7363.81, 18.46, 7139.3>) OpenBarrel dp_box_big_Tan
17:32:40: Player "[L.B] Santorin" (steam64id="76561199069721527" pos=<7362.58, 18.46, 7132.86>) OpenBarrel dp_box_small_Brown
17:32:43: Player "[L.B] Santorin" (steam64id="76561199069721527" pos=<7362.08, 18.46, 7132.97>) OpenBarrel dp_box_small_Olive
17:32:55: Player "Lrk" (steam64id="76561198021843024" pos=<7362.92, 19.25, 7135.18>) CloseBarrel dp_box_big_Olive
17:32:58: Player "Lrk" (steam64id="76561198021843024" pos=<7362.51, 18.82, 7134.55>) CloseBarrel dp_box_big_Tan
17:33:02: Player "Lrk" (steam64id="76561198021843024" pos=<7362.34, 18.46, 7133.32>) CloseBarrel dp_box_small_Brown
17:33:04: Player "Lrk" (steam64id="76561198021843024" pos=<7362.06, 18.46, 7132.8>) CloseBarrel dp_box_small_Olive
17:35:52: Player "[L.B] Santorin" (steam64id="76561199069721527" pos=<7357.88, 14.33, 7134.17>) OpenBarrel dp_box_big_Brown
17:38:07: Player "[YKZ] Felps" (steam64id="76561198892779186" pos=<11092.2, 27.98, 8427.58>) OpenBarrel Barrel_Green
17:38:23: Player "[YKZ] Felps" (steam64id="76561198892779186" pos=<11092.5, 27.98, 8427.76>) CloseBarrel Barrel_Green
17:40:53: Player "[L.B] Santorin" (steam64id="76561199069721527" pos=<7362.56, 18.46, 7132.99>) OpenBarrel dp_box_small_Olive
17:43:50: Player "Lrk" (steam64id="76561198021843024" pos=<7363.34, 18.62, 7139.79>) CloseBarrel dp_box_big_Tan
17:44:00: Player "[L.B] Santorin" (steam64id="76561199069721527" pos=<7363.97, 18.46, 7139.2>) OpenBarrel dp_box_big_Tan
17:44:42: Player "Lrk" (steam64id="76561198021843024" pos=<7363.13, 18.82, 7139.84>) CloseBarrel dp_box_big_Tan
17:44:43: Player "Lrk" (steam64id="76561198021843024" pos=<7361.64, 18.94, 7140.51>) CloseBarrel dp_box_big_Brown
17:45:05: Player "Lrk" (steam64id="76561198021843024" pos=<7361.98, 18.46, 7133.66>) CloseBarrel dp_box_big_Grey
17:45:22: Player "Lrk" (steam64id="76561198021843024" pos=<7362.66, 18.46, 7133.65>) CloseBarrel dp_box_big_Olive
17:55:15: Player "Lrk" (steam64id="76561198021843024" pos=<7357.2, 18.46, 7134.4>) CloseBarrel dp_box_small_Brown
17:55:18: Player "Lrk" (steam64id="76561198021843024" pos=<7357.52, 18.46, 7133.79>) CloseBarrel dp_box_small_Olive
17:55:24: Player "[YKZ] chron1c" (steam64id="76561198205585613" pos=<11091.1, 31.61, 8419.58>) OpenBarrel dp_box_big_Olive
17:55:24: Player "Lrk" (steam64id="76561198021843024" pos=<7357.88, 18.46, 7139.84>) CloseBarrel dp_box_big_Brown
17:55:28: Player "Lrk" (steam64id="76561198021843024" pos=<7362.28, 22.37, 7137.49>) CloseBarrel dp_box_big_Tan
18:10:20: Player "[L.B] Santorin" (steam64id="76561199069721527" pos=<7362.29, 22.37, 7137.48>) OpenBarrel dp_box_big_Tan
18:12:52: Player "[YKZ] Felps" (steam64id="76561198892779186" pos=<11086.3, 41.86, 8427.2>) OpenBarrel dp_box_big_Olive
18:12:57: Player "[YKZ] Felps" (steam64id="76561198892779186" pos=<11086.3, 41.86, 8427.2>) CloseBarrel dp_box_big_Olive
18:13:19: Player "[YKZ] Felps" (steam64id="76561198892779186" pos=<11085.3, 41.86, 8426.8>) OpenBarrel dp_box_big_Brown
18:13:21: Player "[YKZ] Felps" (steam64id="76561198892779186" pos=<11085.3, 41.86, 8426.8>) CloseBarrel dp_box_big_Brown
18:14:04: Player "[YKZ] chron1c" (steam64id="76561198205585613" pos=<11086, 41.36, 8427.73>) OpenBarrel dp_box_big_Olive
18:14:10: Player "[YKZ] chron1c" (steam64id="76561198205585613" pos=<11085.2, 41.85, 8426.11>) OpenBarrel dp_box_big_Brown
18:14:18: Player "[YKZ] chron1c" (steam64id="76561198205585613" pos=<11084.8, 41.86, 8426.7>) CloseBarrel dp_box_big_Brown
18:14:20: Player "[YKZ] chron1c" (steam64id="76561198205585613" pos=<11085.7, 41.63, 8426.71>) CloseBarrel dp_box_big_Olive
18:14:22: Player "[YKZ] chron1c" (steam64id="76561198205585613" pos=<11086.1, 41.85, 8427.27>) CloseBarrel dp_box_big_Olive
18:45:12: Player "DanielSam" (steam64id="76561198867200764" pos=<7554.93, 31.34, 7895.5>) OpenBarrel dp_box_big_Brown
18:48:15: Player "DanielSam" (steam64id="76561198867200764" pos=<7554.93, 31.34, 7895.5>) CloseBarrel dp_box_big_Brown
18:50:22: Player "DanielSam" (steam64id="76561198867200764" pos=<7554.52, 31.34, 7895.41>) OpenBarrel dp_box_big_Brown
18:51:17: Player "DanielSam" (steam64id="76561198867200764" pos=<7554.52, 31.34, 7895.41>) CloseBarrel dp_box_big_Brown
18:51:31: Player "DanielSam" (steam64id="76561198867200764" pos=<7554.27, 35.26, 7893.75>) OpenBarrel dp_box_big_Brown
18:52:21: Player "DanielSam" (steam64id="76561198867200764" pos=<7554.27, 35.26, 7893.75>) CloseBarrel dp_box_big_Brown
18:52:23: Player "DanielSam" (steam64id="76561198867200764" pos=<7551.45, 35.27, 7892.73>) OpenBarrel dp_box_big_Brown
18:52:27: Player "DanielSam" (steam64id="76561198867200764" pos=<7551.04, 35.27, 7892.62>) CloseBarrel dp_box_big_Brown
19:02:50: Player "DanielSam" (steam64id="76561198867200764" pos=<7550.12, 35.26, 7894.05>) OpenBarrel dp_box_big_Brown
19:02:52: Player "DanielSam" (steam64id="76561198867200764" pos=<7550.09, 35.27, 7893.6>) CloseBarrel dp_box_big_Brown
19:15:05: Player "[YKZ]-BlackBear" (steam64id="76561198343030820" pos=<11085.8, 41.36, 8427.84>) OpenBarrel dp_box_big_Olive
19:15:11: Player "[YKZ]-BlackBear" (steam64id="76561198343030820" pos=<11085.8, 41.36, 8427.84>) CloseBarrel dp_box_big_Olive
19:15:12: Player "[YKZ]-BlackBear" (steam64id="76561198343030820" pos=<11085.8, 41.36, 8427.84>) OpenBarrel dp_box_big_Brown
19:15:18: Player "[YKZ]-BlackBear" (steam64id="76561198343030820" pos=<11085.3, 41.36, 8427.5>) CloseBarrel dp_box_big_Brown
19:18:30: Player "[L.B] LopesTa " (steam64id="76561198375254083" pos=<7362.62, 19.44, 7135.57>) OpenBarrel dp_box_big_Olive
19:18:31: Player "[L.B] LopesTa " (steam64id="76561198375254083" pos=<7362.29, 19.65, 7135.61>) OpenBarrel dp_box_big_Tan
19:18:37: Player "[L.B] LopesTa " (steam64id="76561198375254083" pos=<7362.29, 19.66, 7135.61>) CloseBarrel dp_box_big_Tan
19:18:38: Player "[L.B] LopesTa " (steam64id="76561198375254083" pos=<7362.29, 19.65, 7135.61>) OpenBarrel dp_box_big_Tan
19:18:48: Player "[L.B] LopesTa " (steam64id="76561198375254083" pos=<7362.29, 19.69, 7135.61>) CloseBarrel dp_box_big_Olive
19:18:49: Player "[YKZ]-Lobato" (steam64id="76561198158375860" pos=<11089.1, 35.24, 8433.75>) OpenBarrel dp_box_big_Brown
19:18:55: Player "[L.B] LopesTa " (steam64id="76561198375254083" pos=<7361.95, 19.06, 7134.88>) OpenBarrel dp_box_big_Olive
19:18:58: Player "[L.B] LopesTa " (steam64id="76561198375254083" pos=<7361.95, 19.06, 7134.88>) CloseBarrel dp_box_big_Olive
19:19:01: Player "[L.B] LopesTa " (steam64id="76561198375254083" pos=<7361.96, 18.46, 7134.18>) OpenBarrel dp_box_big_Grey
19:19:02: Player "[L.B] LopesTa " (steam64id="76561198375254083" pos=<7361.96, 18.48, 7134.18>) OpenBarrel dp_box_big_Olive
19:19:19: Player "DanielSam" (steam64id="76561198867200764" pos=<7553.93, 31.34, 7895.44>) OpenBarrel dp_box_big_Brown
19:19:25: Player "DanielSam" (steam64id="76561198867200764" pos=<7554.2, 31.34, 7895.16>) CloseBarrel dp_box_big_Brown
19:19:38: Player "DanielSam" (steam64id="76561198867200764" pos=<7554.05, 35.26, 7893.88>) OpenBarrel dp_box_big_Brown
19:19:44: Player "DanielSam" (steam64id="76561198867200764" pos=<7554.05, 35.26, 7893.88>) CloseBarrel dp_box_big_Brown
19:20:21: Player "[L.B] LopesTa " (steam64id="76561198375254083" pos=<7362.13, 19.19, 7134.81>) OpenBarrel dp_box_big_Olive
19:20:29: Player "[L.B] LopesTa " (steam64id="76561198375254083" pos=<7362.68, 19.09, 7134.94>) CloseBarrel dp_box_big_Olive
19:20:31: Player "[L.B] LopesTa " (steam64id="76561198375254083" pos=<7362.18, 19.19, 7134.85>) CloseBarrel dp_box_big_Tan
19:20:34: Player "[L.B] LopesTa " (steam64id="76561198375254083" pos=<7362.64, 18.67, 7134.54>) CloseBarrel dp_box_big_Olive
19:20:38: Player "[L.B] LopesTa " (steam64id="76561198375254083" pos=<7362.19, 18.46, 7133.1>) CloseBarrel dp_box_big_Grey
19:20:47: Player "[L.B] LopesTa " (steam64id="76561198375254083" pos=<7362.7, 18.46, 7132.85>) OpenBarrel dp_box_small_Brown
19:21:16: Player "[L.B] LopesTa " (steam64id="76561198375254083" pos=<7362.1, 19.01, 7134.65>) OpenBarrel dp_box_big_Olive
19:21:17: Player "[L.B] LopesTa " (steam64id="76561198375254083" pos=<7362.1, 19.01, 7134.65>) OpenBarrel dp_box_big_Olive
19:21:19: Player "[L.B] LopesTa " (steam64id="76561198375254083" pos=<7361.75, 18.46, 7133.58>) OpenBarrel dp_box_big_Grey
19:21:22: Player "[L.B] LopesTa " (steam64id="76561198375254083" pos=<7362.41, 18.65, 7134.24>) OpenBarrel dp_box_big_Tan
19:21:52: Player "[L.B] LopesTa " (steam64id="76561198375254083" pos=<7357.7, 18.46, 7133.76>) OpenBarrel dp_box_small_Olive
19:21:53: Player "[L.B] LopesTa " (steam64id="76561198375254083" pos=<7357.72, 18.46, 7134.18>) OpenBarrel dp_box_small_Brown
19:22:02: Player "[L.B] LopesTa " (steam64id="76561198375254083" pos=<7357.44, 18.51, 7134.31>) CloseBarrel dp_box_small_Brown
19:22:05: Player "[L.B] LopesTa " (steam64id="76561198375254083" pos=<7357.44, 18.46, 7133.75>) CloseBarrel dp_box_small_Olive
19:48:16: Player "Raul" (steam64id="76561198329721265" pos=<9948.79, 6.76, 11760.3>) OpenBarrel dp_box_big_Grey
19:48:18: Player "Raul" (steam64id="76561198329721265" pos=<9948.77, 6.76, 11760.3>) CloseBarrel dp_box_big_Grey
19:48:20: Player "Raul" (steam64id="76561198329721265" pos=<9946.35, 6.64, 11760.2>) OpenBarrel dp_box_big_Grey
19:48:22: Player "Raul" (steam64id="76561198329721265" pos=<9946.25, 6.63, 11760.1>) CloseBarrel dp_box_big_Grey
19:48:24: Player "Raul" (steam64id="76561198329721265" pos=<9947.86, 6.67, 11756.1>) OpenBarrel dp_box_big_Grey
19:48:28: Player "Raul" (steam64id="76561198329721265" pos=<9947.73, 6.67, 11756.4>) CloseBarrel dp_box_big_Grey
19:48:30: Player "Raul" (steam64id="76561198329721265" pos=<9949.14, 6.75, 11756.9>) OpenBarrel dp_box_big_Grey
19:48:32: Player "Raul" (steam64id="76561198329721265" pos=<9949.14, 6.75, 11756.9>) CloseBarrel dp_box_big_Grey
19:54:15: Player "[YKZ]-Lobato" (steam64id="76561198158375860" pos=<11088.9, 35.24, 8432.79>) CloseBarrel dp_box_big_Brown
20:02:45: Player "[YKZ]-Lobato" (steam64id="76561198158375860" pos=<11089, 35.24, 8433.62>) OpenBarrel dp_box_big_Brown
20:02:53: Player "[YKZ]-Lobato" (steam64id="76561198158375860" pos=<11089, 35.24, 8433.62>) CloseBarrel dp_box_big_Brown
20:03:23: Player "[YKZ] chron1c" (steam64id="76561198205585613" pos=<11085.9, 4.21, 8421.53>) OpenBarrel HRM_Painted_Barrel_VSR
20:07:20: Player "[HORDA]MacLovin" (steam64id="76561199068236803" pos=<9950.63, 6.83, 11758.8>) OpenBarrel dp_box_big_Grey
20:09:03: Player "[HORDA]MacLovin" (steam64id="76561199068236803" pos=<9950.47, 6.82, 11758.8>) CloseBarrel dp_box_big_Grey
20:09:03: Player "[YKZ]-Lobato" (steam64id="76561198158375860" pos=<11089.5, 35.24, 8432.51>) OpenBarrel dp_box_big_Brown
20:09:05: Player "[HORDA]MacLovin" (steam64id="76561199068236803" pos=<9950.47, 6.82, 11758.8>) OpenBarrel dp_box_big_Grey
20:09:13: Player "[YKZ]-Lobato" (steam64id="76561198158375860" pos=<11089.2, 35.24, 8432.85>) CloseBarrel dp_box_big_Brown
20:09:13: Player "[YKZ]-BlackBear" (steam64id="76561198343030820" pos=<11085.5, 41.36, 8427.77>) OpenBarrel dp_box_big_Olive
20:09:38: Player "[YKZ]-BlackBear" (steam64id="76561198343030820" pos=<11085.5, 41.36, 8427.77>) CloseBarrel dp_box_big_Olive
20:10:16: Player "[YKZ]-BlackBear" (steam64id="76561198343030820" pos=<11085, 41.36, 8427.86>) OpenBarrel dp_box_big_Brown
20:10:35: Player "[YKZ]-BlackBear" (steam64id="76561198343030820" pos=<11085, 41.36, 8427.86>) CloseBarrel dp_box_big_Brown
20:10:42: Player "[YKZ]-BlackBear" (steam64id="76561198343030820" pos=<11085, 41.36, 8427.86>) OpenBarrel dp_box_big_Brown
20:11:13: Player "[YKZ]-BlackBear" (steam64id="76561198343030820" pos=<11085, 41.36, 8427.86>) CloseBarrel dp_box_big_Brown
20:18:38: Player "[HORDA]MacLovin" (steam64id="76561199068236803" pos=<9949.9, 6.81, 11758.9>) CloseBarrel dp_box_big_Grey
20:18:39: Player "[HORDA]MacLovin" (steam64id="76561199068236803" pos=<9949.9, 6.81, 11758.9>) OpenBarrel dp_box_big_Grey
20:27:14: Player "[HORDA]KAS" (steam64id="76561199202697738" pos=<9948.02, 6.68, 11756.4>) OpenBarrel dp_box_big_Grey
20:27:24: Player "[HORDA]KAS" (steam64id="76561199202697738" pos=<9945.85, 7.08, 11758.5>) OpenBarrel dp_box_big_Grey
20:27:35: Player "[HORDA]KAS" (steam64id="76561199202697738" pos=<9947.57, 6.71, 11760.4>) OpenBarrel dp_box_big_Grey
20:29:20: Player "[L.B] ploodrinny" (steam64id="76561198312062387" pos=<7356.99, 18.46, 7133.76>) OpenBarrel dp_box_small_Olive
20:30:44: Player "[YKZ]-Lobato" (steam64id="76561198158375860" pos=<11089.1, 35.24, 8433.52>) OpenBarrel dp_box_big_Brown
20:31:08: Player "[YKZ]-Lobato" (steam64id="76561198158375860" pos=<11089.1, 35.24, 8433.52>) CloseBarrel dp_box_big_Brown
20:32:04: Player "[L.B] ploodrinny" (steam64id="76561198312062387" pos=<7360.03, 18.46, 7139.56>) OpenBarrel dp_box_big_Brown
20:42:21: Player "[L.B] ploodrinny" (steam64id="76561198312062387" pos=<7359.61, 18.46, 7139.2>) CloseBarrel dp_box_big_Brown
20:42:24: Player "[L.B] ploodrinny" (steam64id="76561198312062387" pos=<7359.62, 18.46, 7139.72>) OpenBarrel dp_box_big_Brown
20:43:51: Player "[L.B] ploodrinny" (steam64id="76561198312062387" pos=<7357.74, 18.46, 7133.65>) OpenBarrel dp_box_small_Brown
20:43:58: Player "[L.B] ploodrinny" (steam64id="76561198312062387" pos=<7357.59, 18.46, 7133.99>) CloseBarrel dp_box_small_Olive
20:43:59: Player "[L.B] ploodrinny" (steam64id="76561198312062387" pos=<7357.59, 18.46, 7133.99>) CloseBarrel dp_box_small_Brown
22:17:27: Player "[HORDA] JHON WICK" (steam64id="76561198122075703" pos=<9961.02, 7.29, 11766.7>) CloseBarrel dp_box_big_Grey
22:19:23: Player "[HORDA] JHON WICK" (steam64id="76561198122075703" pos=<9961.06, 7.29, 11766.4>) OpenBarrel dp_box_big_Grey
22:31:36: Player "[HORDA] JHON WICK" (steam64id="76561198122075703" pos=<9949.64, 6.80, 11759.4>) CloseBarrel dp_box_big_Grey
22:32:12: Player "[HORDA] JHON WICK" (steam64id="76561198122075703" pos=<9957.16, 14.26, 11780.5>) OpenBarrel dp_box_big_Grey
22:32:15: Player "[HORDA] JHON WICK" (steam64id="76561198122075703" pos=<9957.07, 14.24, 11780.9>) CloseBarrel dp_box_big_Grey
22:32:52: Player "[HORDA] JHON WICK" (steam64id="76561198122075703" pos=<9947.79, 6.71, 11760.6>) CloseBarrel dp_box_big_Grey
22:32:56: Player "[HORDA] JHON WICK" (steam64id="76561198122075703" pos=<9947.27, 6.65, 11756.5>) CloseBarrel dp_box_big_Grey
22:37:59: Player "[HORDA] JHON WICK" (steam64id="76561198122075703" pos=<9948.11, 6.72, 11759.5>) OpenBarrel dp_box_big_Grey
22:41:23: Player "[HORDA] JHON WICK" (steam64id="76561198122075703" pos=<9946.58, 6.65, 11759.9>) CloseBarrel dp_box_big_Grey
22:43:05: Player "[HORDA] JHON WICK" (steam64id="76561198122075703" pos=<9955.34, 19.17, 11778.6>) OpenBarrel dp_box_big_Grey
22:43:06: Player "[HORDA] JHON WICK" (steam64id="76561198122075703" pos=<9956.11, 19.17, 11777.4>) OpenBarrel dp_box_big_Grey
22:46:34: Player "[HORDA] JHON WICK" (steam64id="76561198122075703" pos=<9961.6, 7.31, 11767>) CloseBarrel dp_box_big_Grey
22:47:49: Player "[HORDA] JHON WICK" (steam64id="76561198122075703" pos=<9956.56, 7.53, 11776.4>) OpenBarrel dp_box_big_Grey
23:37:09: Player "Biel FxR" (steam64id="76561198050836260" pos=<11469.1, 1.89, 6262.81>) OpenBarrel dp_box_small_Olive
23:38:35: Player "Biel FxR" (steam64id="76561198050836260" pos=<11441.3, 8.72, 6301.63>) CloseBarrel dp_box_small_Olive
23:39:05: Player "Biel FxR" (steam64id="76561198050836260" pos=<11441.3, 8.78, 6301.63>) OpenBarrel dp_box_small_Olive
23:39:09: Player "Biel FxR" (steam64id="76561198050836260" pos=<11441.3, 8.77, 6301.63>) CloseBarrel dp_box_small_Olive
23:44:49: Player "[YKZ]-tappes" (steam64id="76561198990092287" pos=<11092.4, 27.98, 8428.29>) OpenBarrel Barrel_Green
23:50:49: Player "[YKZ]-tappes" (steam64id="76561198990092287" pos=<11092, 27.98, 8428.95>) CloseBarrel Barrel_Green
23:56:50: Player "[YKZ]-tappes" (steam64id="76561198990092287" pos=<11092.4, 27.98, 8428.18>) OpenBarrel Barrel_Green
