00:44:40: Player "[YKZ]-tappes" (steam64id="76561198990092287" pos=<10392, 17.67, 10610>) OpenBarrel dp_box_big_Grey
00:44:48: Player "[YKZ]-tappes" (steam64id="76561198990092287" pos=<10391.7, 17.66, 10609.1>) OpenBarrel dp_box_big_Grey
00:44:51: Player "[YKZ]-tappes" (steam64id="76561198990092287" pos=<10391, 17.65, 10608.7>) CloseBarrel dp_box_big_Grey
00:45:18: Player "[YKZ]-tappes" (steam64id="76561198990092287" pos=<10389.2, 17.64, 10611.4>) CloseBarrel dp_box_big_Grey
00:45:19: Player "[YKZ]-tappes" (steam64id="76561198990092287" pos=<10389.2, 17.64, 10611.4>) OpenBarrel dp_box_big_Grey
00:45:31: Player "[YKZ]-tappes" (steam64id="76561198990092287" pos=<10392.2, 17.67, 10609.5>) CloseBarrel dp_box_big_Grey
00:45:32: Player "[YKZ]-tappes" (steam64id="76561198990092287" pos=<10392.2, 17.67, 10609.5>) OpenBarrel dp_box_big_Grey
01:07:21: Player "[YKZ]-tappes" (steam64id="76561198990092287" pos=<11086.4, 41.86, 8427.01>) CloseBarrel dp_box_big_Olive
01:14:59: Player "[YKZ]-BlackBear" (steam64id="76561198343030820" pos=<10387.8, 14.53, 10616.3>) CloseBarrel dp_box_big_Grey
01:16:43: Player "[YKZ]-BlackBear" (steam64id="76561198343030820" pos=<10389.8, 17.65, 10611.7>) CloseBarrel dp_box_big_Grey
01:16:45: Player "[YKZ]-BlackBear" (steam64id="76561198343030820" pos=<10391.6, 17.66, 10609.9>) CloseBarrel dp_box_big_Grey
01:49:09: Player "[YKZ]-BlackBear" (steam64id="76561198343030820" pos=<11085.7, 41.36, 8428.01>) OpenBarrel dp_box_big_Olive
01:49:11: Player "[YKZ]-BlackBear" (steam64id="76561198343030820" pos=<11085.3, 41.36, 8427.85>) CloseBarrel dp_box_big_Brown
01:49:12: Player "[YKZ]-BlackBear" (steam64id="76561198343030820" pos=<11085.3, 41.36, 8427.85>) CloseBarrel dp_box_big_Olive
01:49:14: Player "[YKZ]-BlackBear" (steam64id="76561198343030820" pos=<11085.3, 41.36, 8427.85>) CloseBarrel dp_box_big_Brown
01:49:51: Player "[YKZ]-BlackBear" (steam64id="76561198343030820" pos=<11085.5, 41.36, 8428.19>) CloseBarrel dp_box_big_Olive
02:12:29: Player "[YKZ]-BlackBear" (steam64id="76561198343030820" pos=<7680.37, 43.72, 6517.06>) OpenBarrel dp_box_big_Brown
02:16:13: Player "[YKZ]-BlackBear" (steam64id="76561198343030820" pos=<7680.82, 43.72, 6517.5>) CloseBarrel dp_box_big_Brown
02:37:20: Player "[YKZ]-BlackBear" (steam64id="76561198343030820" pos=<7680.96, 43.72, 6518.09>) OpenBarrel dp_box_big_Brown
02:45:26: Player "[YKZ]-BlackBear" (steam64id="76561198343030820" pos=<7680.27, 43.72, 6516.99>) CloseBarrel dp_box_big_Brown
03:27:59: Player "[YKZ]-BlackBear" (steam64id="76561198343030820" pos=<11085.4, 41.36, 8427.59>) OpenBarrel dp_box_big_Brown
03:30:49: Player "[YKZ]-BlackBear" (steam64id="76561198343030820" pos=<11085.2, 41.36, 8427.64>) OpenBarrel dp_box_big_Brown
03:31:19: Player "[YKZ]-BlackBear" (steam64id="76561198343030820" pos=<11085.1, 41.36, 8427.64>) CloseBarrel dp_box_big_Brown
03:31:20: Player "[YKZ]-BlackBear" (steam64id="76561198343030820" pos=<11085.6, 41.36, 8428.02>) OpenBarrel dp_box_big_Olive
03:32:07: Player "[YKZ]-BlackBear" (steam64id="76561198343030820" pos=<11085.8, 41.36, 8427.74>) CloseBarrel dp_box_big_Olive
03:32:12: Player "[YKZ]-BlackBear" (steam64id="76561198343030820" pos=<11085.5, 41.36, 8427.52>) CloseBarrel dp_box_big_Brown
04:08:56: Player "ttuker" (steam64id="76561198971813376" pos=<7393.24, 31.55, 8200.61>) CloseBarrel dp_box_big_Grey
04:10:44: Player "ttuker" (steam64id="76561198971813376" pos=<7393.22, 31.55, 8200.4>) OpenBarrel dp_box_big_Grey
04:10:50: Player "ttuker" (steam64id="76561198971813376" pos=<7393.22, 31.55, 8200.64>) CloseBarrel dp_box_big_Grey
04:12:23: Player "ttuker" (steam64id="76561198971813376" pos=<7389.97, 31.55, 8202.29>) CloseBarrel dp_box_small_Brown
04:12:28: Player "ttuker" (steam64id="76561198971813376" pos=<7390.29, 31.55, 8200.17>) CloseBarrel dp_box_big_Brown
04:12:29: Player "ttuker" (steam64id="76561198971813376" pos=<7390.29, 31.55, 8200.17>) CloseBarrel dp_box_big_Tan
09:46:48: Player "ttuker" (steam64id="76561198971813376" pos=<7393.64, 31.55, 8201.09>) OpenBarrel dp_box_big_Grey
10:18:49: Player "Duerowww" (steam64id="76561198259492425" pos=<7390.1, 31.55, 8200.02>) OpenBarrel dp_box_big_Brown
10:18:52: Player "Duerowww" (steam64id="76561198259492425" pos=<7390.1, 31.55, 8200.02>) CloseBarrel dp_box_big_Brown
10:18:54: Player "Duerowww" (steam64id="76561198259492425" pos=<7389.69, 31.55, 8200.18>) OpenBarrel dp_box_big_Tan
10:19:01: Player "Duerowww" (steam64id="76561198259492425" pos=<7389.88, 31.55, 8201.27>) CloseBarrel dp_box_big_Tan
10:19:02: Player "Duerowww" (steam64id="76561198259492425" pos=<7391.6, 32.05, 8202.88>) OpenBarrel dp_box_big_Olive
10:19:43: Player "Duerowww" (steam64id="76561198259492425" pos=<7390.13, 31.55, 8201.42>) OpenBarrel dp_box_big_Tan
10:19:46: Player "Duerowww" (steam64id="76561198259492425" pos=<7389.73, 31.55, 8201.61>) CloseBarrel dp_box_big_Tan
10:19:47: Player "Duerowww" (steam64id="76561198259492425" pos=<7390.84, 31.55, 8202.35>) OpenBarrel dp_box_small_Brown
10:19:59: Player "Duerowww" (steam64id="76561198259492425" pos=<7391.59, 31.99, 8202.74>) CloseBarrel dp_box_small_Brown
10:20:04: Player "Duerowww" (steam64id="76561198259492425" pos=<7391.73, 31.55, 8202.5>) CloseBarrel dp_box_big_Olive
10:20:05: Player "Duerowww" (steam64id="76561198259492425" pos=<7391.08, 31.55, 8202.41>) OpenBarrel dp_box_small_Brown
10:20:49: Player "Duerowww" (steam64id="76561198259492425" pos=<7391.11, 31.55, 8202.14>) CloseBarrel dp_box_small_Brown
10:20:50: Player "Duerowww" (steam64id="76561198259492425" pos=<7393.89, 32.00, 8201.31>) CloseBarrel dp_box_big_Grey
10:29:07: Player "Duerowww" (steam64id="76561198259492425" pos=<7393.26, 31.55, 8200.15>) OpenBarrel dp_box_big_Grey
10:29:34: Player "ttuker" (steam64id="76561198971813376" pos=<7391.42, 31.55, 8201.88>) OpenBarrel dp_box_big_Olive
10:56:39: Player "Duerowww" (steam64id="76561198259492425" pos=<7392.55, 31.55, 8201.84>) CloseBarrel dp_box_big_Olive
11:03:57: Player "Duerowww" (steam64id="76561198259492425" pos=<7393.66, 31.55, 8201.08>) CloseBarrel dp_box_big_Grey
11:05:48: Player "Duerowww" (steam64id="76561198259492425" pos=<7393.74, 31.55, 8199.52>) OpenBarrel dp_box_big_Grey
11:09:32: Player "Duerowww" (steam64id="76561198259492425" pos=<7393.08, 31.55, 8200.65>) CloseBarrel dp_box_big_Grey
11:09:44: Player "Duerowww" (steam64id="76561198259492425" pos=<7393.08, 31.55, 8200.65>) OpenBarrel dp_box_big_Grey
11:10:36: Player "Duerowww" (steam64id="76561198259492425" pos=<7392.71, 31.55, 8202.45>) OpenBarrel dp_box_big_Olive
11:10:45: Player "Duerowww" (steam64id="76561198259492425" pos=<7390.03, 31.55, 8201.99>) OpenBarrel dp_box_big_Tan
11:10:48: Player "Duerowww" (steam64id="76561198259492425" pos=<7390.03, 31.55, 8201.99>) CloseBarrel dp_box_big_Tan
11:10:49: Player "Duerowww" (steam64id="76561198259492425" pos=<7389.6, 31.55, 8200.68>) OpenBarrel dp_box_big_Tan
11:10:54: Player "Duerowww" (steam64id="76561198259492425" pos=<7389.6, 31.55, 8200.68>) CloseBarrel dp_box_big_Tan
11:10:55: Player "Duerowww" (steam64id="76561198259492425" pos=<7389.63, 31.55, 8200>) OpenBarrel dp_box_big_Brown
11:11:12: Player "Duerowww" (steam64id="76561198259492425" pos=<7389.63, 31.55, 8200>) CloseBarrel dp_box_big_Brown
11:11:44: Player "Duerowww" (steam64id="76561198259492425" pos=<7393.02, 31.55, 8200.84>) CloseBarrel dp_box_big_Grey
11:11:48: Player "Duerowww" (steam64id="76561198259492425" pos=<7389.85, 31.55, 8201.91>) OpenBarrel dp_box_big_Tan
11:11:50: Player "Duerowww" (steam64id="76561198259492425" pos=<7390.13, 31.55, 8201.45>) CloseBarrel dp_box_big_Tan
11:11:51: Player "Duerowww" (steam64id="76561198259492425" pos=<7389.74, 31.55, 8200.48>) OpenBarrel dp_box_big_Tan
11:11:57: Player "Duerowww" (steam64id="76561198259492425" pos=<7389.74, 31.55, 8200.48>) CloseBarrel dp_box_big_Tan
11:13:06: Player "Duerowww" (steam64id="76561198259492425" pos=<7391.69, 31.55, 8201.96>) CloseBarrel dp_box_big_Olive
11:13:07: Player "Duerowww" (steam64id="76561198259492425" pos=<7391.19, 31.55, 8202.41>) OpenBarrel dp_box_small_Brown
11:13:17: Player "Duerowww" (steam64id="76561198259492425" pos=<7391.16, 31.55, 8201.74>) CloseBarrel dp_box_small_Brown
11:23:17: Player "G A T O" (steam64id="76561199207813177" pos=<7551.35, 35.24, 7899.28>) OpenBarrel dp_box_big_Brown
11:24:40: Player "G A T O" (steam64id="76561199207813177" pos=<7550.6, 35.24, 7900.79>) OpenBarrel dp_box_big_Brown
11:29:02: Player "DanielSam" (steam64id="76561198867200764" pos=<7558.01, 28.05, 7894.28>) OpenBarrel dp_box_big_Brown
11:29:21: Player "DanielSam" (steam64id="76561198867200764" pos=<7558.53, 28.05, 7894.95>) CloseBarrel dp_box_big_Brown
11:29:28: Player "DanielSam" (steam64id="76561198867200764" pos=<7559.52, 28.05, 7898.62>) OpenBarrel dp_box_big_Olive
11:29:34: Player "DanielSam" (steam64id="76561198867200764" pos=<7557.72, 28.05, 7898.26>) OpenBarrel dp_box_big_Brown
11:29:53: Player "DanielSam" (steam64id="76561198867200764" pos=<7558.26, 28.05, 7898.09>) CloseBarrel dp_box_big_Brown
11:29:54: Player "DanielSam" (steam64id="76561198867200764" pos=<7558.26, 28.05, 7898.09>) CloseBarrel dp_box_big_Olive
11:29:56: Player "DanielSam" (steam64id="76561198867200764" pos=<7559.97, 28.51, 7895.7>) CloseBarrel dp_box_big_Brown
11:44:40: Player "Duerowww" (steam64id="76561198259492425" pos=<7391.01, 31.55, 8202.29>) OpenBarrel dp_box_big_Olive
12:46:25: Player "Passo Largo" (steam64id="76561199203652654" pos=<7557.41, 28.05, 7897.81>) OpenBarrel dp_box_big_Brown
12:46:51: Player "Passo Largo" (steam64id="76561199203652654" pos=<7557.54, 28.05, 7898.98>) CloseBarrel dp_box_big_Brown
13:12:37: Player "Passo Largo" (steam64id="76561199203652654" pos=<7557.85, 28.05, 7898.14>) OpenBarrel dp_box_big_Brown
13:12:40: Player "Passo Largo" (steam64id="76561199203652654" pos=<7557.85, 28.05, 7898.14>) CloseBarrel dp_box_big_Brown
13:12:41: Player "Passo Largo" (steam64id="76561199203652654" pos=<7558.15, 28.05, 7898.13>) OpenBarrel dp_box_big_Olive
13:14:01: Player "Passo Largo" (steam64id="76561199203652654" pos=<7550.77, 35.24, 7900>) CloseBarrel dp_box_big_Olive
13:14:16: Player "Passo Largo" (steam64id="76561199203652654" pos=<7558.05, 28.05, 7896.79>) OpenBarrel dp_box_big_Brown
13:14:28: Player "Passo Largo" (steam64id="76561199203652654" pos=<7558.23, 28.05, 7894.69>) OpenBarrel dp_box_big_Brown
13:16:27: Player "Passo Largo" (steam64id="76561199203652654" pos=<7558.15, 28.05, 7898.82>) OpenBarrel dp_box_big_Brown
13:16:43: Player "Passo Largo" (steam64id="76561199203652654" pos=<7557.93, 28.05, 7898.43>) CloseBarrel dp_box_big_Brown
13:16:45: Player "Passo Largo" (steam64id="76561199203652654" pos=<7560.39, 28.05, 7897.35>) OpenBarrel dp_box_big_Brown
13:16:49: Player "Passo Largo" (steam64id="76561199203652654" pos=<7559.75, 28.05, 7896.47>) OpenBarrel dp_box_big_Brown
13:16:50: Player "Passo Largo" (steam64id="76561199203652654" pos=<7559.75, 28.05, 7896.47>) CloseBarrel dp_box_big_Brown
13:24:03: Player "Passo Largo" (steam64id="76561199203652654" pos=<7550.55, 35.24, 7899.41>) CloseBarrel dp_box_big_Brown
13:24:04: Player "Passo Largo" (steam64id="76561199203652654" pos=<7550.71, 35.24, 7899.71>) CloseBarrel dp_box_big_Brown
13:24:05: Player "Passo Largo" (steam64id="76561199203652654" pos=<7550.71, 35.24, 7899.71>) CloseBarrel dp_box_big_Brown
13:25:08: Player "Passo Largo" (steam64id="76561199203652654" pos=<7558.11, 28.05, 7898.11>) OpenBarrel dp_box_big_Brown
13:25:39: Player "Passo Largo" (steam64id="76561199203652654" pos=<7560.91, 28.05, 7897.94>) OpenBarrel dp_box_big_Brown
13:27:03: Player "Passo Largo" (steam64id="76561199203652654" pos=<7551.2, 35.24, 7900.97>) OpenBarrel dp_box_big_Brown
13:27:03: Player "Passo Largo" (steam64id="76561199203652654" pos=<7550.86, 35.24, 7901.05>) OpenBarrel dp_box_big_Brown
13:29:43: Player "Passo Largo" (steam64id="76561199203652654" pos=<7557.97, 28.05, 7898.46>) CloseBarrel dp_box_big_Brown
13:30:57: Player "DanielSam" (steam64id="76561198867200764" pos=<7551.29, 35.24, 7899.6>) OpenBarrel dp_box_big_Brown
13:31:01: Player "DanielSam" (steam64id="76561198867200764" pos=<7550.84, 35.24, 7899.71>) OpenBarrel dp_box_big_Olive
13:31:03: Player "DanielSam" (steam64id="76561198867200764" pos=<7550.84, 35.24, 7899.71>) CloseBarrel dp_box_big_Olive
13:31:06: Player "DanielSam" (steam64id="76561198867200764" pos=<7550.97, 35.24, 7899.6>) OpenBarrel dp_box_big_Olive
13:33:20: Player "Hacan121" (steam64id="76561198345012092" pos=<7557.87, 28.05, 7898.98>) OpenBarrel dp_box_big_Brown
13:33:24: Player "Hacan121" (steam64id="76561198345012092" pos=<7558, 28.05, 7899.03>) CloseBarrel dp_box_big_Brown
13:38:26: Player "Passo Largo" (steam64id="76561199203652654" pos=<7558.48, 28.05, 7899.1>) OpenBarrel dp_box_big_Brown
13:38:40: Player "Passo Largo" (steam64id="76561199203652654" pos=<7560.38, 28.05, 7896.28>) CloseBarrel dp_box_big_Brown
13:42:03: Player "Passo Largo" (steam64id="76561199203652654" pos=<7560.52, 28.05, 7898.11>) OpenBarrel dp_box_big_Brown
13:42:05: Player "Passo Largo" (steam64id="76561199203652654" pos=<7560.69, 28.05, 7897.88>) CloseBarrel dp_box_big_Brown
13:44:22: Player "Passo Largo" (steam64id="76561199203652654" pos=<7560.51, 28.05, 7897.6>) OpenBarrel dp_box_big_Brown
13:48:00: Player "Passo Largo" (steam64id="76561199203652654" pos=<7561.54, 28.05, 7896.15>) CloseBarrel dp_box_big_Brown
13:48:09: Player "Passo Largo" (steam64id="76561199203652654" pos=<7558.21, 28.05, 7898.43>) OpenBarrel dp_box_big_Brown
13:48:10: Player "Passo Largo" (steam64id="76561199203652654" pos=<7558.22, 28.05, 7898.41>) CloseBarrel dp_box_big_Brown
13:50:30: Player "DanielSam" (steam64id="76561198867200764" pos=<7557.85, 28.05, 7898.77>) OpenBarrel dp_box_big_Brown
13:50:35: Player "DanielSam" (steam64id="76561198867200764" pos=<7557.85, 28.05, 7898.77>) CloseBarrel dp_box_big_Brown
13:52:27: Player "Passo Largo" (steam64id="76561199203652654" pos=<7557.9, 28.05, 7898.59>) OpenBarrel dp_box_big_Brown
13:53:51: Player "[YKZ]-BlackBear" (steam64id="76561198343030820" pos=<11081.9, 41.37, 8421.56>) CloseBarrel dp_box_small_Brown
13:54:01: Player "[YKZ]-BlackBear" (steam64id="76561198343030820" pos=<11085.2, 41.36, 8427.41>) OpenBarrel dp_box_big_Olive
13:57:14: Player "Hacan121" (steam64id="76561198345012092" pos=<7550.26, 35.25, 7895.27>) CloseBarrel dp_box_big_Brown
13:57:16: Player "Hacan121" (steam64id="76561198345012092" pos=<7551.41, 35.70, 7894.33>) CloseBarrel dp_box_big_Brown
13:57:39: Player "[YKZ]-BlackBear" (steam64id="76561198343030820" pos=<11085.5, 41.36, 8427.65>) CloseBarrel dp_box_big_Olive
14:00:31: Player "[YKZ]-BlackBear" (steam64id="76561198343030820" pos=<11085.1, 41.36, 8427.66>) OpenBarrel dp_box_big_Brown
14:01:17: Player "[YKZ]-BlackBear" (steam64id="76561198343030820" pos=<11085.4, 41.36, 8427.87>) CloseBarrel dp_box_big_Brown
14:01:18: Player "[YKZ]-BlackBear" (steam64id="76561198343030820" pos=<11085.4, 41.36, 8427.87>) OpenBarrel dp_box_big_Olive
14:01:59: Player "G A T O" (steam64id="76561199207813177" pos=<7549.6, 35.70, 7894.95>) CloseBarrel dp_box_big_Olive
14:02:05: Player "[YKZ]-BlackBear" (steam64id="76561198343030820" pos=<11085.4, 41.36, 8427.87>) CloseBarrel dp_box_big_Olive
14:03:08: Player "[YKZ]-BlackBear" (steam64id="76561198343030820" pos=<11081.2, 41.37, 8421.68>) OpenBarrel dp_box_small_Brown
14:04:05: Player "DanielSam" (steam64id="76561198867200764" pos=<7549.63, 35.25, 7896.19>) OpenBarrel dp_box_big_Olive
14:04:43: Player "[YKZ]-BlackBear" (steam64id="76561198343030820" pos=<11080.9, 41.37, 8422.4>) OpenBarrel dp_box_small_Brown
14:07:41: Player "Hacan121" (steam64id="76561198345012092" pos=<7552.59, 35.25, 7895.7>) OpenBarrel dp_box_big_Brown
14:07:51: Player "Hacan121" (steam64id="76561198345012092" pos=<7552.59, 35.25, 7895.7>) CloseBarrel dp_box_big_Brown
14:07:52: Player "Hacan121" (steam64id="76561198345012092" pos=<7551.67, 35.26, 7893.92>) OpenBarrel dp_box_big_Brown
14:07:59: Player "Hacan121" (steam64id="76561198345012092" pos=<7551.92, 35.26, 7893.78>) CloseBarrel dp_box_big_Brown
14:09:28: Player "Passo Largo" (steam64id="76561199203652654" pos=<7548.46, 35.24, 7900.33>) CloseBarrel dp_box_big_Brown
14:10:36: Player "Passo Largo" (steam64id="76561199203652654" pos=<7548.83, 35.24, 7900.25>) CloseBarrel dp_box_big_Brown
14:10:39: Player "Passo Largo" (steam64id="76561199203652654" pos=<7548.48, 35.24, 7900.24>) OpenBarrel dp_box_big_Brown
14:10:41: Player "Passo Largo" (steam64id="76561199203652654" pos=<7548.48, 35.24, 7900.24>) CloseBarrel dp_box_big_Brown
14:11:57: Player "[YKZ]-BlackBear" (steam64id="76561198343030820" pos=<11085.3, 41.36, 8428.41>) OpenBarrel dp_box_big_Olive
14:13:42: Player "DanielSam" (steam64id="76561198867200764" pos=<7553.75, 35.27, 7892.26>) OpenBarrel dp_box_big_Brown
14:16:06: Player "[YKZ]-BlackBear" (steam64id="76561198343030820" pos=<11085.6, 41.36, 8427.91>) CloseBarrel dp_box_big_Olive
14:16:21: Player "[YKZ]-BlackBear" (steam64id="76561198343030820" pos=<11085.7, 41.36, 8427.55>) OpenBarrel dp_box_big_Olive
14:16:50: Player "[YKZ]-BlackBear" (steam64id="76561198343030820" pos=<11085.8, 41.36, 8427.84>) CloseBarrel dp_box_big_Olive
14:16:52: Player "[YKZ]-BlackBear" (steam64id="76561198343030820" pos=<11085.5, 41.36, 8427.51>) OpenBarrel dp_box_big_Brown
14:17:13: Player "[YKZ]-BlackBear" (steam64id="76561198343030820" pos=<11085.5, 41.36, 8427.51>) CloseBarrel dp_box_big_Brown
14:17:15: Player "[YKZ]-BlackBear" (steam64id="76561198343030820" pos=<11085.5, 41.36, 8427.51>) OpenBarrel dp_box_big_Olive
14:17:29: Player "[YKZ]-BlackBear" (steam64id="76561198343030820" pos=<11085.5, 41.36, 8427.51>) CloseBarrel dp_box_big_Olive
14:17:33: Player "Hacan121" (steam64id="76561198345012092" pos=<7552.85, 35.25, 7895.89>) OpenBarrel dp_box_big_Brown
14:17:37: Player "Hacan121" (steam64id="76561198345012092" pos=<7552.8, 35.25, 7895.87>) CloseBarrel dp_box_big_Brown
14:17:48: Player "[YKZ]-BlackBear" (steam64id="76561198343030820" pos=<11085.9, 41.36, 8427.28>) OpenBarrel dp_box_big_Brown
14:18:46: Player "G A T O" (steam64id="76561199207813177" pos=<7549.86, 35.24, 7900.67>) OpenBarrel dp_box_big_Brown
14:18:50: Player "G A T O" (steam64id="76561199207813177" pos=<7549.86, 35.24, 7900.67>) CloseBarrel dp_box_big_Brown
14:19:00: Player "[YKZ]-BlackBear" (steam64id="76561198343030820" pos=<11085.4, 41.36, 8427.24>) CloseBarrel dp_box_big_Brown
14:19:22: Player "G A T O" (steam64id="76561199207813177" pos=<7549.69, 35.24, 7900.23>) OpenBarrel dp_box_big_Brown
14:20:21: Player "G A T O" (steam64id="76561199207813177" pos=<7552.47, 35.25, 7895.65>) OpenBarrel dp_box_big_Brown
14:20:59: Player "Hacan121" (steam64id="76561198345012092" pos=<7550.81, 35.24, 7900.73>) CloseBarrel dp_box_big_Brown
14:21:30: Player "G A T O" (steam64id="76561199207813177" pos=<7550.48, 35.24, 7900.2>) OpenBarrel dp_box_big_Brown
14:21:35: Player "G A T O" (steam64id="76561199207813177" pos=<7550.7, 35.24, 7900.59>) OpenBarrel dp_box_big_Brown
14:21:59: Player "Passo Largo" (steam64id="76561199203652654" pos=<7553.31, 31.35, 7894.03>) CloseBarrel dp_box_big_Brown
14:22:11: Player "Passo Largo" (steam64id="76561199203652654" pos=<7553.43, 31.35, 7894.29>) OpenBarrel dp_box_big_Brown
14:22:47: Player "Passo Largo" (steam64id="76561199203652654" pos=<7554.06, 31.35, 7894.5>) CloseBarrel dp_box_big_Brown
14:23:25: Player "G A T O" (steam64id="76561199207813177" pos=<7553.51, 31.35, 7894.62>) OpenBarrel dp_box_big_Brown
14:27:38: Player "[YKZ]-BlackBear" (steam64id="76561198343030820" pos=<10389.7, 17.65, 10612.5>) OpenBarrel dp_box_big_Grey
14:27:42: Player "[YKZ]-BlackBear" (steam64id="76561198343030820" pos=<10389.3, 17.65, 10612.2>) CloseBarrel dp_box_big_Grey
14:27:44: Player "[YKZ]-BlackBear" (steam64id="76561198343030820" pos=<10391.2, 17.65, 10609.3>) OpenBarrel dp_box_big_Grey
14:27:47: Player "[YKZ]-BlackBear" (steam64id="76561198343030820" pos=<10391.3, 17.66, 10609.4>) CloseBarrel dp_box_big_Grey
14:27:48: Player "[YKZ]-BlackBear" (steam64id="76561198343030820" pos=<10392.1, 17.67, 10610.1>) OpenBarrel dp_box_big_Grey
14:27:53: Player "[YKZ]-BlackBear" (steam64id="76561198343030820" pos=<10392.4, 17.68, 10609.8>) CloseBarrel dp_box_big_Grey
14:28:09: Player "[YKZ]-BlackBear" (steam64id="76561198343030820" pos=<10392.2, 17.68, 10610.3>) OpenBarrel dp_box_big_Grey
14:28:15: Player "[YKZ]-BlackBear" (steam64id="76561198343030820" pos=<10392.5, 17.68, 10609.7>) CloseBarrel dp_box_big_Grey
14:28:42: Player "Passo Largo" (steam64id="76561199203652654" pos=<7548.16, 35.24, 7901.83>) CloseBarrel dp_box_big_Brown
14:28:44: Player "Passo Largo" (steam64id="76561199203652654" pos=<7548.86, 35.24, 7900.29>) CloseBarrel dp_box_big_Olive
14:35:29: Player "G A T O" (steam64id="76561199207813177" pos=<7549.8, 35.24, 7900.62>) OpenBarrel dp_box_big_Brown
14:35:32: Player "G A T O" (steam64id="76561199207813177" pos=<7549.58, 35.24, 7900.94>) CloseBarrel dp_box_big_Brown
14:35:34: Player "G A T O" (steam64id="76561199207813177" pos=<7549.62, 35.24, 7900.6>) OpenBarrel dp_box_big_Olive
14:35:37: Player "G A T O" (steam64id="76561199207813177" pos=<7549.56, 35.24, 7901.02>) CloseBarrel dp_box_big_Olive
14:35:39: Player "G A T O" (steam64id="76561199207813177" pos=<7550.48, 35.24, 7900.93>) CloseBarrel dp_box_big_Brown
14:35:42: Player "G A T O" (steam64id="76561199207813177" pos=<7550.42, 35.24, 7900.6>) OpenBarrel dp_box_big_Brown
14:36:38: Player "DanielSam" (steam64id="76561198867200764" pos=<7549.31, 35.24, 7900.84>) OpenBarrel dp_box_big_Brown
14:36:40: Player "DanielSam" (steam64id="76561198867200764" pos=<7549.29, 35.24, 7900.63>) OpenBarrel dp_box_big_Olive
14:37:13: Player "Hacan121" (steam64id="76561198345012092" pos=<7553.74, 31.35, 7893.56>) CloseBarrel dp_box_big_Brown
14:54:48: Player "Passo Largo" (steam64id="76561199203652654" pos=<7554.09, 31.35, 7894.87>) OpenBarrel dp_box_big_Brown
14:55:15: Player "Passo Largo" (steam64id="76561199203652654" pos=<7553.95, 31.35, 7894.49>) CloseBarrel dp_box_big_Brown
14:57:14: Player "Passo Largo" (steam64id="76561199203652654" pos=<7548.98, 35.24, 7900.46>) CloseBarrel dp_box_big_Olive
14:57:16: Player "Passo Largo" (steam64id="76561199203652654" pos=<7548.92, 35.24, 7900.75>) CloseBarrel dp_box_big_Brown
14:58:00: Player "Passo Largo" (steam64id="76561199203652654" pos=<7550.72, 35.24, 7900.59>) CloseBarrel dp_box_big_Brown
14:58:01: Player "Passo Largo" (steam64id="76561199203652654" pos=<7550.72, 35.24, 7900.59>) CloseBarrel dp_box_big_Brown
14:58:15: Player "Passo Largo" (steam64id="76561199203652654" pos=<7553.94, 31.35, 7894.96>) OpenBarrel dp_box_big_Brown
14:58:33: Player "Passo Largo" (steam64id="76561199203652654" pos=<7554.01, 31.35, 7894.88>) CloseBarrel dp_box_big_Brown
14:59:32: Player "Passo Largo" (steam64id="76561199203652654" pos=<7549.48, 35.24, 7900.3>) OpenBarrel dp_box_big_Brown
14:59:33: Player "Passo Largo" (steam64id="76561199203652654" pos=<7549.48, 35.24, 7900.3>) OpenBarrel dp_box_big_Olive
14:59:35: Player "Passo Largo" (steam64id="76561199203652654" pos=<7550.44, 35.24, 7900.55>) OpenBarrel dp_box_big_Brown
14:59:36: Player "Passo Largo" (steam64id="76561199203652654" pos=<7550.44, 35.24, 7900.55>) OpenBarrel dp_box_big_Brown
15:00:18: Player "Passo Largo" (steam64id="76561199203652654" pos=<7554.11, 31.35, 7894.77>) OpenBarrel dp_box_big_Brown
15:01:08: Player "Passo Largo" (steam64id="76561199203652654" pos=<7554.06, 31.34, 7894.93>) CloseBarrel dp_box_big_Brown
15:01:55: Player "G A T O" (steam64id="76561199207813177" pos=<7554.05, 31.35, 7894.43>) OpenBarrel dp_box_big_Brown
15:01:59: Player "G A T O" (steam64id="76561199207813177" pos=<7553.94, 31.35, 7894.46>) CloseBarrel dp_box_big_Brown
15:02:30: Player "Passo Largo" (steam64id="76561199203652654" pos=<7554.12, 31.35, 7894.81>) OpenBarrel dp_box_big_Brown
15:02:43: Player "Passo Largo" (steam64id="76561199203652654" pos=<7548.21, 35.24, 7900.98>) CloseBarrel dp_box_big_Brown
15:02:45: Player "Passo Largo" (steam64id="76561199203652654" pos=<7548.53, 35.24, 7900.73>) CloseBarrel dp_box_big_Olive
15:02:46: Player "Passo Largo" (steam64id="76561199203652654" pos=<7550.32, 35.24, 7900.38>) CloseBarrel dp_box_big_Brown
15:02:47: Player "Passo Largo" (steam64id="76561199203652654" pos=<7550.32, 35.24, 7900.38>) CloseBarrel dp_box_big_Brown
15:03:22: Player "Passo Largo" (steam64id="76561199203652654" pos=<7554.01, 31.35, 7894.97>) CloseBarrel dp_box_big_Brown
15:04:59: Player "Passo Largo" (steam64id="76561199203652654" pos=<7554.13, 31.34, 7895>) OpenBarrel dp_box_big_Brown
15:05:58: Player "Passo Largo" (steam64id="76561199203652654" pos=<7554.09, 31.34, 7895.69>) CloseBarrel dp_box_big_Brown
15:06:26: Player "G A T O" (steam64id="76561199207813177" pos=<7550.23, 35.26, 7895.01>) CloseBarrel dp_box_big_Brown
15:07:10: Player "Passo Largo" (steam64id="76561199203652654" pos=<7553.95, 31.34, 7895.5>) OpenBarrel dp_box_big_Brown
15:08:58: Player "Passo Largo" (steam64id="76561199203652654" pos=<7551.8, 35.27, 7893.32>) OpenBarrel dp_box_big_Brown
15:11:35: Player "Passo Largo" (steam64id="76561199203652654" pos=<7549.56, 35.24, 7900.59>) OpenBarrel dp_box_big_Brown
15:11:36: Player "Passo Largo" (steam64id="76561199203652654" pos=<7549.56, 35.24, 7900.59>) OpenBarrel dp_box_big_Olive
15:11:52: Player "Passo Largo" (steam64id="76561199203652654" pos=<7549.51, 35.24, 7900.97>) CloseBarrel dp_box_big_Brown
15:12:04: Player "Passo Largo" (steam64id="76561199203652654" pos=<7549.58, 35.24, 7900.6>) CloseBarrel dp_box_big_Olive
15:12:05: Player "Passo Largo" (steam64id="76561199203652654" pos=<7550.88, 35.24, 7900.44>) OpenBarrel dp_box_big_Brown
15:12:06: Player "Passo Largo" (steam64id="76561199203652654" pos=<7550.88, 35.24, 7900.44>) OpenBarrel dp_box_big_Brown
15:12:19: Player "Passo Largo" (steam64id="76561199203652654" pos=<7550.88, 35.24, 7900.05>) CloseBarrel dp_box_big_Brown
15:12:20: Player "Passo Largo" (steam64id="76561199203652654" pos=<7550.93, 35.24, 7900.6>) CloseBarrel dp_box_big_Brown
15:12:39: Player "G A T O" (steam64id="76561199207813177" pos=<7550.19, 35.24, 7900.62>) OpenBarrel dp_box_big_Brown
15:34:41: Player "Passo Largo" (steam64id="76561199203652654" pos=<7550.35, 35.24, 7900.75>) CloseBarrel dp_box_big_Brown
15:35:12: Player "Passo Largo" (steam64id="76561199203652654" pos=<7550.03, 35.26, 7893.96>) CloseBarrel dp_box_big_Brown
15:35:13: Player "Passo Largo" (steam64id="76561199203652654" pos=<7552.91, 35.27, 7892.78>) CloseBarrel dp_box_big_Brown
15:36:15: Player "Hacan121" (steam64id="76561198345012092" pos=<7549.42, 35.26, 7893.95>) OpenBarrel dp_box_big_Brown
15:36:21: Player "Hacan121" (steam64id="76561198345012092" pos=<7549.42, 35.26, 7893.95>) CloseBarrel dp_box_big_Brown
15:36:22: Player "Hacan121" (steam64id="76561198345012092" pos=<7553.05, 35.26, 7893.44>) OpenBarrel dp_box_big_Brown
15:36:41: Player "Hacan121" (steam64id="76561198345012092" pos=<7553.37, 35.27, 7893.29>) CloseBarrel dp_box_big_Brown
15:38:10: Player "Hacan121" (steam64id="76561198345012092" pos=<7550.82, 35.27, 7893.58>) OpenBarrel dp_box_big_Brown
15:38:13: Player "Hacan121" (steam64id="76561198345012092" pos=<7550.82, 35.27, 7893.58>) CloseBarrel dp_box_big_Brown
15:38:15: Player "Hacan121" (steam64id="76561198345012092" pos=<7553.35, 35.26, 7893.48>) OpenBarrel dp_box_big_Brown
15:38:19: Player "Hacan121" (steam64id="76561198345012092" pos=<7553.35, 35.26, 7893.48>) CloseBarrel dp_box_big_Brown
15:39:14: Player "Passo Largo" (steam64id="76561199203652654" pos=<7554.64, 31.34, 7895.32>) CloseBarrel dp_box_big_Brown
15:47:32: Player "Passo Largo" (steam64id="76561199203652654" pos=<7550.15, 35.62, 7892.97>) OpenBarrel dp_box_big_Brown
15:47:37: Player "Passo Largo" (steam64id="76561199203652654" pos=<7550.33, 35.27, 7893.5>) CloseBarrel dp_box_big_Brown
16:15:32: Player "Passo Largo" (steam64id="76561199203652654" pos=<7553.77, 31.35, 7893.89>) OpenBarrel dp_box_big_Brown
16:16:00: Player "Passo Largo" (steam64id="76561199203652654" pos=<7553.77, 31.35, 7893.89>) CloseBarrel dp_box_big_Brown
16:16:06: Player "Passo Largo" (steam64id="76561199203652654" pos=<7549.62, 35.24, 7900.89>) OpenBarrel dp_box_big_Brown
16:16:17: Player "Passo Largo" (steam64id="76561199203652654" pos=<7549.62, 35.24, 7900.89>) CloseBarrel dp_box_big_Brown
16:16:24: Player "Passo Largo" (steam64id="76561199203652654" pos=<7553.47, 35.27, 7893.06>) OpenBarrel dp_box_big_Brown
16:16:26: Player "Passo Largo" (steam64id="76561199203652654" pos=<7553.55, 35.26, 7893.25>) CloseBarrel dp_box_big_Brown
16:19:08: Player "Passo Largo" (steam64id="76561199203652654" pos=<7553.46, 35.27, 7892.89>) OpenBarrel dp_box_big_Brown
16:34:57: Player "Passo Largo" (steam64id="76561199203652654" pos=<7550.85, 35.24, 7900.75>) OpenBarrel dp_box_big_Brown
16:35:42: Player "Passo Largo" (steam64id="76561199203652654" pos=<7550.2, 35.24, 7901.05>) CloseBarrel dp_box_big_Brown
16:35:43: Player "Passo Largo" (steam64id="76561199203652654" pos=<7550.53, 35.24, 7900.77>) OpenBarrel dp_box_big_Brown
16:35:53: Player "Passo Largo" (steam64id="76561199203652654" pos=<7550.53, 35.24, 7900.77>) CloseBarrel dp_box_big_Brown
17:23:21: Player "[L.B] Santorin" (steam64id="76561199069721527" pos=<7362.47, 18.46, 7134.18>) CloseBarrel dp_box_big_Olive
17:23:53: Player "[L.B] Santorin" (steam64id="76561199069721527" pos=<7362.16, 19.63, 7135.35>) OpenBarrel dp_box_big_Tan
17:24:45: Player "[L.B] Santorin" (steam64id="76561199069721527" pos=<7362.26, 19.07, 7140.06>) OpenBarrel dp_box_small_Brown
17:27:54: Player "Passo Largo" (steam64id="76561199203652654" pos=<7550.67, 35.24, 7900.44>) OpenBarrel dp_box_big_Brown
17:28:12: Player "Passo Largo" (steam64id="76561199203652654" pos=<7550.92, 35.24, 7900.25>) CloseBarrel dp_box_big_Brown
17:28:13: Player "Passo Largo" (steam64id="76561199203652654" pos=<7550.92, 35.24, 7900.25>) OpenBarrel dp_box_big_Brown
17:28:35: Player "Passo Largo" (steam64id="76561199203652654" pos=<7550.9, 35.24, 7900.37>) OpenBarrel dp_box_big_Brown
17:28:44: Player "Passo Largo" (steam64id="76561199203652654" pos=<7550.79, 35.24, 7900.36>) CloseBarrel dp_box_big_Brown
17:28:45: Player "Passo Largo" (steam64id="76561199203652654" pos=<7550.79, 35.24, 7900.36>) OpenBarrel dp_box_big_Brown
17:28:46: Player "Passo Largo" (steam64id="76561199203652654" pos=<7550.79, 35.24, 7900.36>) CloseBarrel dp_box_big_Brown
17:28:48: Player "Passo Largo" (steam64id="76561199203652654" pos=<7550.65, 35.24, 7900.38>) CloseBarrel dp_box_big_Brown
17:28:49: Player "Passo Largo" (steam64id="76561199203652654" pos=<7549.8, 35.24, 7900.58>) OpenBarrel dp_box_big_Brown
17:29:14: Player "Passo Largo" (steam64id="76561199203652654" pos=<7550.86, 35.24, 7900.14>) OpenBarrel dp_box_big_Brown
17:29:15: Player "Passo Largo" (steam64id="76561199203652654" pos=<7550.86, 35.24, 7900.14>) CloseBarrel dp_box_big_Brown
17:29:22: Player "Passo Largo" (steam64id="76561199203652654" pos=<7549.7, 35.24, 7900.72>) CloseBarrel dp_box_big_Brown
17:32:57: Player "Passo Largo" (steam64id="76561199203652654" pos=<7553.85, 31.35, 7893.87>) OpenBarrel dp_box_big_Brown
17:33:53: Player "Passo Largo" (steam64id="76561199203652654" pos=<7554.45, 31.34, 7895.62>) CloseBarrel dp_box_big_Brown
17:34:58: Player "Passo Largo" (steam64id="76561199203652654" pos=<7554.07, 31.35, 7895.02>) OpenBarrel dp_box_big_Brown
17:35:02: Player "Passo Largo" (steam64id="76561199203652654" pos=<7554.07, 31.35, 7895.02>) CloseBarrel dp_box_big_Brown
17:35:21: Player "Passo Largo" (steam64id="76561199203652654" pos=<7553.6, 35.26, 7893.35>) CloseBarrel dp_box_big_Brown
17:36:30: Player "Passo Largo" (steam64id="76561199203652654" pos=<7554.39, 31.78, 7894.89>) OpenBarrel dp_box_big_Brown
17:36:33: Player "Passo Largo" (steam64id="76561199203652654" pos=<7553.99, 31.35, 7894.62>) CloseBarrel dp_box_big_Brown
17:36:38: Player "Passo Largo" (steam64id="76561199203652654" pos=<7553.86, 35.27, 7893.13>) OpenBarrel dp_box_big_Brown
17:37:00: Player "Passo Largo" (steam64id="76561199203652654" pos=<7553.65, 35.27, 7893.02>) CloseBarrel dp_box_big_Brown
17:37:02: Player "Passo Largo" (steam64id="76561199203652654" pos=<7550.15, 35.27, 7893.48>) OpenBarrel dp_box_big_Brown
17:37:07: Player "Passo Largo" (steam64id="76561199203652654" pos=<7550.15, 35.27, 7893.48>) CloseBarrel dp_box_big_Brown
17:37:13: Player "Passo Largo" (steam64id="76561199203652654" pos=<7549.78, 35.24, 7900.58>) OpenBarrel dp_box_big_Olive
17:37:16: Player "Passo Largo" (steam64id="76561199203652654" pos=<7549.76, 35.24, 7900.85>) CloseBarrel dp_box_big_Olive
17:37:17: Player "Passo Largo" (steam64id="76561199203652654" pos=<7549.76, 35.24, 7900.85>) OpenBarrel dp_box_big_Brown
17:37:19: Player "Passo Largo" (steam64id="76561199203652654" pos=<7550.29, 35.24, 7900.81>) CloseBarrel dp_box_big_Brown
17:37:20: Player "Passo Largo" (steam64id="76561199203652654" pos=<7550.96, 35.24, 7900.67>) OpenBarrel dp_box_big_Brown
17:37:23: Player "Passo Largo" (steam64id="76561199203652654" pos=<7550.96, 35.24, 7900.67>) CloseBarrel dp_box_big_Brown
17:37:24: Player "Passo Largo" (steam64id="76561199203652654" pos=<7550.96, 35.24, 7900.67>) OpenBarrel dp_box_big_Brown
17:37:26: Player "Passo Largo" (steam64id="76561199203652654" pos=<7550.96, 35.24, 7900.67>) CloseBarrel dp_box_big_Brown
17:39:03: Player "Passo Largo" (steam64id="76561199203652654" pos=<7553.71, 35.27, 7893.09>) OpenBarrel dp_box_big_Brown
17:56:31: Player "[L.B]TropaDoEnguisa" (steam64id="76561198211423224" pos=<8095.85, 18.49, 7685.58>) OpenBarrel dp_box_small_Brown
17:56:36: Player "[L.B]TropaDoEnguisa" (steam64id="76561198211423224" pos=<8095.97, 18.67, 7684.34>) CloseBarrel dp_box_small_Brown
17:56:38: Player "[L.B]TropaDoEnguisa" (steam64id="76561198211423224" pos=<8096.43, 18.45, 7686.21>) OpenBarrel dp_box_small_Brown
17:56:41: Player "[L.B]TropaDoEnguisa" (steam64id="76561198211423224" pos=<8097.69, 18.66, 7685.35>) CloseBarrel dp_box_small_Brown
18:04:52: Player "[L.B]TropaDoEnguisa" (steam64id="76561198211423224" pos=<7362.21, 18.46, 7133.79>) OpenBarrel dp_box_big_Olive
18:07:59: Player "[L.B] Santorin" (steam64id="76561199069721527" pos=<7362.66, 19.63, 7138.28>) OpenBarrel dp_box_small_Olive
18:08:00: Player "[L.B] Santorin" (steam64id="76561199069721527" pos=<7362.66, 19.61, 7138.28>) CloseBarrel dp_box_small_Olive
18:08:02: Player "[L.B] Santorin" (steam64id="76561199069721527" pos=<7362.66, 19.61, 7138.28>) OpenBarrel dp_box_small_Olive
18:08:05: Player "[L.B] Santorin" (steam64id="76561199069721527" pos=<7363.92, 18.46, 7136.47>) OpenBarrel dp_box_small_Brown
18:42:04: Player "[HORDA]ThiagoPenna" (steam64id="76561198218822351" pos=<9559.13, 6.07, 9582.72>) CloseBarrel dp_box_small_Olive
18:42:29: Player "ttuker" (steam64id="76561198971813376" pos=<7389.78, 32.05, 8199.36>) OpenBarrel dp_box_big_Brown
18:42:33: Player "Duerowww" (steam64id="76561198259492425" pos=<7392.98, 31.55, 8202.06>) CloseBarrel dp_box_big_Olive
18:42:34: Player "Duerowww" (steam64id="76561198259492425" pos=<7393.22, 31.55, 8201.22>) OpenBarrel dp_box_big_Grey
18:43:13: Player "[HORDA]ThiagoPenna" (steam64id="76561198218822351" pos=<9559.29, 6.07, 9582.88>) CloseBarrel Barrel_Blue
18:43:17: Player "[HORDA]ThiagoPenna" (steam64id="76561198218822351" pos=<9559.73, 6.07, 9582.54>) OpenBarrel dp_box_small_Olive
19:15:52: Player "[HORDA]ThiagoPenna" (steam64id="76561198218822351" pos=<9559.74, 6.07, 9582.02>) CloseBarrel dp_box_small_Olive
19:32:34: Player "Hacan121" (steam64id="76561198345012092" pos=<7550.06, 35.27, 7893.53>) OpenBarrel dp_box_big_Brown
19:32:37: Player "Hacan121" (steam64id="76561198345012092" pos=<7550.07, 35.27, 7893.53>) CloseBarrel dp_box_big_Brown
19:35:01: Player "Hacan121" (steam64id="76561198345012092" pos=<7553.2, 35.27, 7892.52>) CloseBarrel dp_box_big_Brown
19:38:49: Player "G A T O" (steam64id="76561199207813177" pos=<7550.22, 35.24, 7900.95>) OpenBarrel dp_box_big_Brown
19:39:06: Player "G A T O" (steam64id="76561199207813177" pos=<7550.22, 35.24, 7900.95>) CloseBarrel dp_box_big_Brown
19:39:36: Player "G A T O" (steam64id="76561199207813177" pos=<7554.05, 31.35, 7893.92>) OpenBarrel dp_box_big_Brown
19:43:35: Player "Hacan121" (steam64id="76561198345012092" pos=<7551.38, 35.27, 7892.85>) OpenBarrel dp_box_big_Brown
19:43:38: Player "G A T O" (steam64id="76561199207813177" pos=<7553.03, 35.27, 7893.08>) OpenBarrel dp_box_big_Brown
19:43:40: Player "Hacan121" (steam64id="76561198345012092" pos=<7551.38, 35.27, 7892.85>) CloseBarrel dp_box_big_Brown
19:45:07: Player "[HORDA]MacLovin" (steam64id="76561199068236803" pos=<9559.6, 6.07, 9582.11>) OpenBarrel dp_box_small_Olive
19:56:43: Player "[HORDA]KAS" (steam64id="76561199202697738" pos=<9558.94, 6.07, 9584.22>) OpenBarrel Barrel_Blue
19:58:38: Player "[ONE] KARABULJHAN" (steam64id="76561198100527842" pos=<7878.11, 31.31, 7417.35>) CloseBarrel dp_box_big_Grey
19:58:39: Player "[ONE] KARABULJHAN" (steam64id="76561198100527842" pos=<7878.11, 31.31, 7417.35>) OpenBarrel dp_box_big_Grey
20:04:05: Player "[L.B] Santorin" (steam64id="76561199069721527" pos=<7362.27, 18.73, 7134.37>) CloseBarrel dp_box_big_Tan
20:04:07: Player "[L.B] Santorin" (steam64id="76561199069721527" pos=<7362.27, 18.73, 7134.37>) CloseBarrel dp_box_big_Olive
20:04:13: Player "[L.B] Santorin" (steam64id="76561199069721527" pos=<7362.27, 18.73, 7134.37>) CloseBarrel dp_box_big_Brown
20:05:17: Player "[ONE] KARABULJHAN" (steam64id="76561198100527842" pos=<7878.95, 31.29, 7417.85>) CloseBarrel dp_box_big_Grey
20:05:18: Player "[ONE] KARABULJHAN" (steam64id="76561198100527842" pos=<7878.95, 31.29, 7417.85>) OpenBarrel dp_box_big_Grey
20:09:50: Player "DanielSam" (steam64id="76561198867200764" pos=<7550.92, 35.24, 7900.79>) OpenBarrel dp_box_big_Brown
20:09:54: Player "DanielSam" (steam64id="76561198867200764" pos=<7550.79, 35.24, 7900.71>) CloseBarrel dp_box_big_Brown
20:10:06: Player "DanielSam" (steam64id="76561198867200764" pos=<7550.41, 35.26, 7893.62>) OpenBarrel dp_box_big_Brown
20:10:22: Player "DanielSam" (steam64id="76561198867200764" pos=<7549.28, 35.24, 7900.78>) OpenBarrel dp_box_big_Brown
20:10:43: Player "DanielSam" (steam64id="76561198867200764" pos=<7549.29, 35.24, 7901.09>) CloseBarrel dp_box_big_Brown
20:12:06: Player "DanielSam" (steam64id="76561198867200764" pos=<7553.51, 35.27, 7892.49>) CloseBarrel dp_box_big_Brown
20:12:09: Player "DanielSam" (steam64id="76561198867200764" pos=<7549.92, 35.27, 7893.18>) CloseBarrel dp_box_big_Brown
20:12:51: Player "[L.B] SeryD" (steam64id="76561198072791642" pos=<7361.99, 19.31, 7135.03>) OpenBarrel dp_box_big_Tan
20:12:55: Player "[L.B] SeryD" (steam64id="76561198072791642" pos=<7362.44, 18.95, 7134.69>) CloseBarrel dp_box_big_Tan
20:13:03: Player "[L.B] SeryD" (steam64id="76561198072791642" pos=<7362.44, 18.93, 7134.69>) OpenBarrel dp_box_big_Olive
20:13:04: Player "[L.B] SeryD" (steam64id="76561198072791642" pos=<7362.41, 18.90, 7134.65>) OpenBarrel dp_box_big_Tan
20:13:06: Player "[L.B] SeryD" (steam64id="76561198072791642" pos=<7361.84, 18.46, 7133.8>) OpenBarrel dp_box_big_Brown
20:13:10: Player "DanielSam" (steam64id="76561198867200764" pos=<7554.46, 31.81, 7894.93>) CloseBarrel dp_box_big_Brown
20:14:29: Player "DanielSam" (steam64id="76561198867200764" pos=<7558.44, 28.05, 7898.63>) CloseBarrel dp_box_big_Brown
20:17:16: Player "DanielSam" (steam64id="76561198867200764" pos=<7549.96, 35.26, 7893.88>) OpenBarrel dp_box_big_Brown
20:17:19: Player "DanielSam" (steam64id="76561198867200764" pos=<7549.94, 35.27, 7893.48>) CloseBarrel dp_box_big_Brown
20:17:21: Player "DanielSam" (steam64id="76561198867200764" pos=<7553.05, 35.27, 7892.99>) OpenBarrel dp_box_big_Brown
20:17:26: Player "DanielSam" (steam64id="76561198867200764" pos=<7553.63, 35.27, 7892.79>) CloseBarrel dp_box_big_Brown
20:17:33: Player "DanielSam" (steam64id="76561198867200764" pos=<7550.44, 35.24, 7900.58>) OpenBarrel dp_box_big_Brown
20:17:40: Player "DanielSam" (steam64id="76561198867200764" pos=<7550.44, 35.24, 7900.58>) CloseBarrel dp_box_big_Brown
20:17:41: Player "DanielSam" (steam64id="76561198867200764" pos=<7550.44, 35.24, 7900.58>) OpenBarrel dp_box_big_Brown
20:17:47: Player "DanielSam" (steam64id="76561198867200764" pos=<7550.44, 35.24, 7900.58>) CloseBarrel dp_box_big_Brown
20:17:49: Player "DanielSam" (steam64id="76561198867200764" pos=<7549.79, 35.24, 7900.71>) OpenBarrel dp_box_big_Brown
20:18:03: Player "DanielSam" (steam64id="76561198867200764" pos=<7549.46, 35.24, 7900.89>) CloseBarrel dp_box_big_Brown
20:18:05: Player "DanielSam" (steam64id="76561198867200764" pos=<7549.5, 35.24, 7900.57>) OpenBarrel dp_box_big_Olive
20:18:09: Player "DanielSam" (steam64id="76561198867200764" pos=<7549.48, 35.24, 7900.97>) OpenBarrel dp_box_big_Brown
20:18:11: Player "DanielSam" (steam64id="76561198867200764" pos=<7549.49, 35.24, 7900.71>) CloseBarrel dp_box_big_Brown
20:18:12: Player "DanielSam" (steam64id="76561198867200764" pos=<7549.49, 35.24, 7900.71>) CloseBarrel dp_box_big_Olive
20:19:17: Player "DanielSam" (steam64id="76561198867200764" pos=<7554.66, 31.34, 7895.81>) OpenBarrel dp_box_big_Brown
20:19:25: Player "DanielSam" (steam64id="76561198867200764" pos=<7554.66, 31.34, 7895.71>) CloseBarrel dp_box_big_Brown
20:19:40: Player "DanielSam" (steam64id="76561198867200764" pos=<7554.29, 35.26, 7893.63>) OpenBarrel dp_box_big_Brown
20:19:44: Player "DanielSam" (steam64id="76561198867200764" pos=<7554.29, 35.26, 7893.63>) CloseBarrel dp_box_big_Brown
20:19:46: Player "DanielSam" (steam64id="76561198867200764" pos=<7551.08, 35.27, 7892.9>) OpenBarrel dp_box_big_Brown
20:19:51: Player "DanielSam" (steam64id="76561198867200764" pos=<7551.15, 35.27, 7892.76>) CloseBarrel dp_box_big_Brown
20:19:55: Player "DanielSam" (steam64id="76561198867200764" pos=<7550.97, 35.24, 7900.58>) OpenBarrel dp_box_big_Brown
20:20:00: Player "DanielSam" (steam64id="76561198867200764" pos=<7550.97, 35.24, 7900.58>) OpenBarrel dp_box_big_Brown
20:20:04: Player "DanielSam" (steam64id="76561198867200764" pos=<7550.97, 35.24, 7900.58>) CloseBarrel dp_box_big_Brown
20:20:06: Player "DanielSam" (steam64id="76561198867200764" pos=<7550.97, 35.24, 7900.58>) CloseBarrel dp_box_big_Brown
20:21:24: Player "DanielSam" (steam64id="76561198867200764" pos=<7549.76, 35.24, 7900.57>) OpenBarrel dp_box_big_Brown
20:21:28: Player "DanielSam" (steam64id="76561198867200764" pos=<7549.61, 35.24, 7901.04>) CloseBarrel dp_box_big_Brown
20:21:30: Player "DanielSam" (steam64id="76561198867200764" pos=<7549.38, 35.24, 7900.78>) OpenBarrel dp_box_big_Olive
20:21:34: Player "DanielSam" (steam64id="76561198867200764" pos=<7549.38, 35.24, 7900.78>) CloseBarrel dp_box_big_Olive
20:24:34: Player "[YKZ]-tappes" (steam64id="76561198990092287" pos=<11085.3, 41.36, 8427.44>) OpenBarrel dp_box_big_Brown
20:24:39: Player "[YKZ]-tappes" (steam64id="76561198990092287" pos=<11085.3, 41.36, 8427.44>) CloseBarrel dp_box_big_Brown
20:27:41: Player "[YKZ] Felps" (steam64id="76561198892779186" pos=<11086.2, 42.29, 8427.45>) OpenBarrel dp_box_big_Olive
20:27:48: Player "[YKZ] Felps" (steam64id="76561198892779186" pos=<11086.2, 42.29, 8427.45>) CloseBarrel dp_box_big_Olive
20:27:50: Player "[YKZ] Felps" (steam64id="76561198892779186" pos=<11085.8, 41.79, 8426.85>) OpenBarrel dp_box_big_Olive
20:28:23: Player "[YKZ] Felps" (steam64id="76561198892779186" pos=<11080.5, 41.71, 8425.08>) OpenBarrel dp_box_big_Brown
20:28:26: Player "[YKZ] Felps" (steam64id="76561198892779186" pos=<11080.7, 41.86, 8424.78>) CloseBarrel dp_box_big_Brown
20:32:08: Player "[L.B] Santorin" (steam64id="76561199069721527" pos=<7363.08, 22.42, 7137.48>) CloseBarrel dp_box_big_Tan
20:32:23: Player "[L.B] Santorin" (steam64id="76561199069721527" pos=<7362.38, 22.41, 7137.84>) OpenBarrel dp_box_big_Tan
20:32:26: Player "[L.B] Santorin" (steam64id="76561199069721527" pos=<7362.1, 22.10, 7137.99>) CloseBarrel dp_box_big_Tan
20:32:44: Player "[L.B] Santorin" (steam64id="76561199069721527" pos=<7362.61, 22.42, 7136.89>) OpenBarrel dp_box_big_Tan
20:36:16: Player "[ONE] KARABULJHAN" (steam64id="76561198100527842" pos=<7874.29, 31.83, 7416.28>) CloseBarrel dp_box_big_Grey
20:36:17: Player "[ONE] KARABULJHAN" (steam64id="76561198100527842" pos=<7874.29, 31.83, 7416.28>) OpenBarrel dp_box_big_Grey
20:51:16: Player "[YKZ]-tappes" (steam64id="76561198990092287" pos=<11085.2, 41.69, 8427.28>) OpenBarrel dp_box_big_Olive
20:52:41: Player "[YKZ]-tappes" (steam64id="76561198990092287" pos=<11085.6, 41.36, 8427.37>) CloseBarrel dp_box_big_Olive
20:52:42: Player "[YKZ]-tappes" (steam64id="76561198990092287" pos=<11085.6, 41.36, 8427.37>) OpenBarrel dp_box_big_Brown
20:55:40: Player "[YKZ] Felps" (steam64id="76561198892779186" pos=<11086, 41.86, 8427.13>) OpenBarrel dp_box_big_Olive
21:05:00: Player "ttv/p3sad3lo__" (steam64id="76561198277384503" pos=<9566.47, 29.60, 12176>) OpenBarrel dp_box_big_Brown
21:05:07: Player "[ONE] KARABULJHAN" (steam64id="76561198100527842" pos=<7872.74, 31.18, 7422.09>) CloseBarrel dp_box_small_Brown
21:06:00: Player "PintoJunior" (steam64id="76561198057936781" pos=<7680.77, 43.72, 6517.89>) OpenBarrel dp_box_big_Brown
21:09:28: Player "PintoJunior" (steam64id="76561198057936781" pos=<7681.06, 43.72, 6517.18>) CloseBarrel dp_box_big_Brown
21:15:19: Player "G A T O" (steam64id="76561199207813177" pos=<7554.22, 35.26, 7893.72>) OpenBarrel dp_box_big_Brown
21:15:22: Player "G A T O" (steam64id="76561199207813177" pos=<7549.98, 35.26, 7893.96>) OpenBarrel dp_box_big_Brown
21:28:20: Player "KOREA" (steam64id="76561198253386609" pos=<7878.27, 31.31, 7417.45>) CloseBarrel dp_box_big_Grey
21:29:01: Player "KOREA" (steam64id="76561198253386609" pos=<7879.76, 31.13, 7421.83>) CloseBarrel dp_box_big_Olive
21:30:00: Player "[ONE] JAPA" (steam64id="76561198161060673" pos=<9566.92, 29.32, 12170.4>) OpenBarrel dp_box_big_Grey
21:30:03: Player "[ONE] JAPA" (steam64id="76561198161060673" pos=<9566.92, 29.33, 12170.4>) CloseBarrel dp_box_big_Grey
21:30:33: Player "KOREA" (steam64id="76561198253386609" pos=<7874.15, 31.16, 7422.21>) CloseBarrel dp_box_big_Olive
21:33:12: Player "[ONE] KARABULJHAN" (steam64id="76561198100527842" pos=<7866.31, 31.34, 7419.53>) CloseBarrel dp_box_big_Olive
21:33:17: Player "[ONE] KARABULJHAN" (steam64id="76561198100527842" pos=<7869.02, 31.47, 7415.47>) CloseBarrel dp_box_big_Grey
21:33:18: Player "[ONE] KARABULJHAN" (steam64id="76561198100527842" pos=<7870.53, 31.44, 7415.94>) CloseBarrel dp_box_big_Grey
21:33:19: Player "[ONE] KARABULJHAN" (steam64id="76561198100527842" pos=<7871.84, 31.41, 7416.19>) CloseBarrel dp_box_big_Grey
21:33:20: Player "[ONE] KARABULJHAN" (steam64id="76561198100527842" pos=<7873.28, 31.39, 7416.45>) CloseBarrel dp_box_big_Grey
21:33:22: Player "[ONE] KARABULJHAN" (steam64id="76561198100527842" pos=<7874.98, 31.36, 7416.78>) CloseBarrel dp_box_big_Grey
21:33:23: Player "[ONE] KARABULJHAN" (steam64id="76561198100527842" pos=<7876.84, 31.34, 7417.03>) CloseBarrel dp_box_big_Grey
21:33:32: Player "Passo Largo" (steam64id="76561198057660141" pos=<7557.75, 28.05, 7898>) OpenBarrel dp_box_big_Brown
21:33:35: Player "Passo Largo" (steam64id="76561198057660141" pos=<7557.89, 28.05, 7898.19>) CloseBarrel dp_box_big_Brown
21:38:30: Player "[YKZ]-tappes" (steam64id="76561198990092287" pos=<10392.5, 17.68, 10610>) OpenBarrel dp_box_big_Grey
21:39:42: Player "[YKZ]-tappes" (steam64id="76561198990092287" pos=<10391.4, 17.65, 10608.9>) OpenBarrel dp_box_big_Grey
21:39:51: Player "[YKZ]-tappes" (steam64id="76561198990092287" pos=<10389.1, 18.06, 10610.8>) OpenBarrel dp_box_big_Grey
21:41:42: Player "Passo Largo" (steam64id="76561198057660141" pos=<7550.92, 35.24, 7900.61>) OpenBarrel dp_box_big_Brown
21:41:43: Player "Passo Largo" (steam64id="76561198057660141" pos=<7550.92, 35.24, 7900.61>) OpenBarrel dp_box_big_Brown
21:41:53: Player "Passo Largo" (steam64id="76561198057660141" pos=<7549.43, 35.24, 7900.97>) OpenBarrel dp_box_big_Brown
21:41:54: Player "Passo Largo" (steam64id="76561198057660141" pos=<7549.43, 35.24, 7900.97>) OpenBarrel dp_box_big_Olive
21:42:20: Player "Passo Largo" (steam64id="76561198057660141" pos=<7549.86, 35.24, 7900.68>) CloseBarrel dp_box_big_Brown
21:42:21: Player "Passo Largo" (steam64id="76561198057660141" pos=<7549.86, 35.24, 7900.68>) CloseBarrel dp_box_big_Brown
21:42:22: Player "Passo Largo" (steam64id="76561198057660141" pos=<7549.86, 35.24, 7900.68>) CloseBarrel dp_box_big_Olive
21:42:23: Player "Passo Largo" (steam64id="76561198057660141" pos=<7550.44, 35.24, 7900.53>) CloseBarrel dp_box_big_Brown
21:42:28: Player "Passo Largo" (steam64id="76561198057660141" pos=<7550.22, 35.27, 7893.56>) CloseBarrel dp_box_big_Brown
21:42:36: Player "Passo Largo" (steam64id="76561198057660141" pos=<7550.97, 35.24, 7900.7>) OpenBarrel dp_box_big_Brown
21:42:55: Player "Passo Largo" (steam64id="76561198057660141" pos=<7553.9, 31.35, 7894.53>) OpenBarrel dp_box_big_Brown
21:43:30: Player "Passo Largo" (steam64id="76561198057660141" pos=<7550.44, 35.27, 7893.4>) OpenBarrel dp_box_big_Brown
21:43:35: Player "Passo Largo" (steam64id="76561198057660141" pos=<7550.16, 35.27, 7893.52>) CloseBarrel dp_box_big_Brown
21:43:38: Player "Passo Largo" (steam64id="76561198057660141" pos=<7553.03, 35.27, 7892.77>) CloseBarrel dp_box_big_Brown
21:52:14: Player "[YKZ]-BlackBear" (steam64id="76561198343030820" pos=<11085.9, 41.36, 8427.49>) CloseBarrel dp_box_big_Olive
21:52:44: Player "[YKZ]-BlackBear" (steam64id="76561198343030820" pos=<11085.9, 41.36, 8427.49>) CloseBarrel dp_box_big_Olive
21:52:46: Player "[ONE] KARABULJHAN" (steam64id="76561198100527842" pos=<9566.77, 29.28, 12169.4>) OpenBarrel dp_box_big_Grey
21:52:47: Player "[ONE] KARABULJHAN" (steam64id="76561198100527842" pos=<9566.77, 29.28, 12169.4>) CloseBarrel dp_box_big_Grey
21:56:53: Player "[YKZ]-BlackBear" (steam64id="76561198343030820" pos=<11085.6, 41.36, 8427.65>) CloseBarrel dp_box_big_Brown
21:56:55: Player "[YKZ]-BlackBear" (steam64id="76561198343030820" pos=<11085.6, 41.36, 8427.65>) OpenBarrel dp_box_big_Olive
21:58:03: Player "[YKZ]-BlackBear" (steam64id="76561198343030820" pos=<11085.6, 41.36, 8427.65>) CloseBarrel dp_box_big_Olive
21:58:20: Player "[YKZ] Felps" (steam64id="76561198892779186" pos=<10387.6, 14.52, 10616.4>) OpenBarrel dp_box_big_Grey
21:58:27: Player "[YKZ] Felps" (steam64id="76561198892779186" pos=<10387.6, 14.53, 10616.4>) CloseBarrel dp_box_big_Grey
22:00:04: Player "[ONE] JAPA" (steam64id="76561198161060673" pos=<9562.53, 29.22, 12174.9>) OpenBarrel dp_box_big_Olive
22:00:07: Player "[ONE] JAPA" (steam64id="76561198161060673" pos=<9562.22, 29.21, 12175.1>) CloseBarrel dp_box_big_Olive
22:00:09: Player "[ONE] JAPA" (steam64id="76561198161060673" pos=<9563.16, 29.61, 12179.9>) OpenBarrel dp_box_big_Grey
22:00:11: Player "[ONE] JAPA" (steam64id="76561198161060673" pos=<9563.16, 29.61, 12179.9>) CloseBarrel dp_box_big_Grey
22:00:12: Player "[ONE] JAPA" (steam64id="76561198161060673" pos=<9564.17, 29.95, 12182.9>) OpenBarrel dp_box_big_Grey
22:00:15: Player "[ONE] JAPA" (steam64id="76561198161060673" pos=<9564.19, 29.95, 12182.9>) CloseBarrel dp_box_big_Grey
22:00:16: Player "[ONE] JAPA" (steam64id="76561198161060673" pos=<9566.4, 30.01, 12181.4>) OpenBarrel dp_box_big_Grey
22:00:19: Player "[ONE] JAPA" (steam64id="76561198161060673" pos=<9566.66, 30.05, 12181.7>) CloseBarrel dp_box_big_Grey
22:00:20: Player "[ONE] JAPA" (steam64id="76561198161060673" pos=<9568.36, 29.97, 12179.4>) OpenBarrel dp_box_big_Grey
22:00:22: Player "[ONE] JAPA" (steam64id="76561198161060673" pos=<9568.35, 29.97, 12179.4>) CloseBarrel dp_box_big_Grey
22:00:23: Player "[ONE] JAPA" (steam64id="76561198161060673" pos=<9566.03, 29.71, 12177.8>) OpenBarrel dp_box_big_Grey
22:00:26: Player "[ONE] JAPA" (steam64id="76561198161060673" pos=<9566.08, 29.71, 12177.9>) CloseBarrel dp_box_big_Grey
22:00:29: Player "[ONE] JAPA" (steam64id="76561198161060673" pos=<9570.55, 29.33, 12167>) OpenBarrel dp_box_big_Grey
22:00:31: Player "[ONE] JAPA" (steam64id="76561198161060673" pos=<9570.54, 29.33, 12167>) CloseBarrel dp_box_big_Grey
22:00:32: Player "[ONE] JAPA" (steam64id="76561198161060673" pos=<9570.28, 29.26, 12165.3>) OpenBarrel dp_box_big_Grey
22:00:36: Player "[ONE] JAPA" (steam64id="76561198161060673" pos=<9570.28, 29.26, 12165.3>) CloseBarrel dp_box_big_Grey
22:01:22: Player "[L.B] ploodrinny" (steam64id="76561198312062387" pos=<7362.5, 18.46, 7134.11>) CloseBarrel dp_box_big_Brown
22:01:24: Player "[L.B] ploodrinny" (steam64id="76561198312062387" pos=<7362.5, 18.46, 7134.11>) CloseBarrel dp_box_big_Grey
22:01:25: Player "[L.B] ploodrinny" (steam64id="76561198312062387" pos=<7361.71, 18.46, 7134.01>) CloseBarrel dp_box_small_Olive
22:01:27: Player "[L.B] ploodrinny" (steam64id="76561198312062387" pos=<7361.71, 18.46, 7134.01>) CloseBarrel dp_box_small_Brown
22:01:31: Player "[L.B] ploodrinny" (steam64id="76561198312062387" pos=<7362.66, 18.46, 7133.75>) OpenBarrel dp_box_big_Grey
22:01:57: Player "[L.B] ploodrinny" (steam64id="76561198312062387" pos=<7361.89, 18.59, 7134.29>) OpenBarrel dp_box_big_Brown
22:02:25: Player "[ONE] KING" (steam64id="76561199153781943" pos=<9569.06, 30.01, 12179.4>) OpenBarrel dp_box_big_Grey
22:02:27: Player "[ONE] KING" (steam64id="76561199153781943" pos=<9569.15, 30.01, 12179.3>) CloseBarrel dp_box_big_Grey
22:02:28: Player "[ONE] KING" (steam64id="76561199153781943" pos=<9568.07, 29.76, 12177>) OpenBarrel dp_box_big_Grey
22:02:32: Player "[ONE] KING" (steam64id="76561199153781943" pos=<9568.17, 29.76, 12176.8>) CloseBarrel dp_box_big_Grey
22:02:33: Player "[ONE] KING" (steam64id="76561199153781943" pos=<9566.67, 29.56, 12175.2>) OpenBarrel dp_box_big_Olive
22:02:37: Player "[ONE] KING" (steam64id="76561199153781943" pos=<9566.02, 29.51, 12175.1>) CloseBarrel dp_box_big_Olive
22:02:38: Player "[ONE] KING" (steam64id="76561199153781943" pos=<9564.7, 29.45, 12175.4>) OpenBarrel dp_box_big_Olive
22:02:40: Player "[ONE] KING" (steam64id="76561199153781943" pos=<9564.7, 29.46, 12175.4>) CloseBarrel dp_box_big_Olive
22:02:43: Player "[ONE] KING" (steam64id="76561199153781943" pos=<9566.01, 29.83, 12179.4>) OpenBarrel dp_box_big_Grey
22:02:46: Player "[ONE] KING" (steam64id="76561199153781943" pos=<9565.97, 29.86, 12179.9>) CloseBarrel dp_box_big_Grey
22:02:47: Player "[ONE] KING" (steam64id="76561199153781943" pos=<9565.63, 30.00, 12181.9>) OpenBarrel dp_box_big_Grey
22:02:50: Player "[ONE] KING" (steam64id="76561199153781943" pos=<9565.63, 29.99, 12181.9>) CloseBarrel dp_box_big_Grey
22:02:51: Player "[ONE] KING" (steam64id="76561199153781943" pos=<9564.95, 29.93, 12181.8>) OpenBarrel dp_box_big_Grey
22:02:59: Player "[L.B] ploodrinny" (steam64id="76561198312062387" pos=<7362.4, 18.46, 7133.18>) OpenBarrel dp_box_small_Olive
22:03:00: Player "[ONE] KING" (steam64id="76561199153781943" pos=<9562.73, 29.54, 12179.3>) CloseBarrel dp_box_big_Grey
22:03:07: Player "[L.B] ploodrinny" (steam64id="76561198312062387" pos=<7362.4, 18.46, 7133.18>) OpenBarrel dp_box_small_Brown
22:03:42: Player "[ONE] KING" (steam64id="76561199153781943" pos=<9570.19, 29.32, 12166.8>) OpenBarrel dp_box_big_Grey
22:03:46: Player "[ONE] KING" (steam64id="76561199153781943" pos=<9570.54, 29.31, 12166.7>) CloseBarrel dp_box_big_Grey
22:03:48: Player "[ONE] KING" (steam64id="76561199153781943" pos=<9570.46, 29.28, 12165.8>) OpenBarrel dp_box_big_Grey
22:03:53: Player "[ONE] KING" (steam64id="76561199153781943" pos=<9570.57, 29.28, 12165.9>) CloseBarrel dp_box_big_Grey
22:03:54: Player "[ONE] KING" (steam64id="76561199153781943" pos=<9570.44, 29.26, 12165.4>) OpenBarrel dp_box_big_Grey
22:04:00: Player "[ONE] KING" (steam64id="76561199153781943" pos=<9570.44, 29.26, 12165.4>) CloseBarrel dp_box_big_Grey
22:05:08: Player "G A T O" (steam64id="76561199207813177" pos=<7553.56, 35.27, 7893.25>) OpenBarrel dp_box_big_Brown
22:05:13: Player "Biel FxR" (steam64id="76561198050836260" pos=<7551.29, 35.27, 7893.4>) OpenBarrel dp_box_big_Brown
22:05:34: Player "Biel FxR" (steam64id="76561198050836260" pos=<7550.41, 35.24, 7900.83>) OpenBarrel dp_box_big_Brown
22:07:28: Player "Biel FxR" (steam64id="76561198050836260" pos=<7557.84, 28.05, 7899.13>) OpenBarrel dp_box_big_Brown
22:07:31: Player "Biel FxR" (steam64id="76561198050836260" pos=<7557.46, 28.05, 7898.89>) CloseBarrel dp_box_big_Brown
22:33:03: Player "Biel FxR" (steam64id="76561198050836260" pos=<7548.88, 35.24, 7900.38>) OpenBarrel dp_box_big_Olive
22:33:19: Player "Biel FxR" (steam64id="76561198050836260" pos=<7549.9, 35.24, 7900.43>) OpenBarrel dp_box_big_Brown
22:33:37: Player "Duerowww" (steam64id="76561198259492425" pos=<7389.67, 31.55, 8201.3>) OpenBarrel dp_box_big_Tan
22:33:42: Player "Duerowww" (steam64id="76561198259492425" pos=<7389.67, 31.55, 8201.3>) CloseBarrel dp_box_big_Tan
22:33:53: Player "Duerowww" (steam64id="76561198259492425" pos=<7389.81, 31.55, 8201.9>) OpenBarrel dp_box_big_Tan
22:34:03: Player "Duerowww" (steam64id="76561198259492425" pos=<7389.54, 31.55, 8200.39>) OpenBarrel dp_box_big_Tan
22:34:05: Player "Duerowww" (steam64id="76561198259492425" pos=<7389.54, 31.55, 8200.39>) CloseBarrel dp_box_big_Tan
22:34:07: Player "Duerowww" (steam64id="76561198259492425" pos=<7389.53, 31.55, 8200.9>) CloseBarrel dp_box_big_Tan
22:34:08: Player "Duerowww" (steam64id="76561198259492425" pos=<7391.25, 31.55, 8202.33>) OpenBarrel dp_box_big_Olive
22:34:09: Player "Duerowww" (steam64id="76561198259492425" pos=<7391.4, 31.55, 8202.52>) CloseBarrel dp_box_big_Olive
22:34:10: Player "Duerowww" (steam64id="76561198259492425" pos=<7390.87, 31.55, 8202.73>) OpenBarrel dp_box_small_Brown
22:34:24: Player "Biel FxR" (steam64id="76561198050836260" pos=<7550.98, 35.24, 7900.27>) CloseBarrel dp_box_big_Brown
22:36:17: Player "Duerowww" (steam64id="76561198259492425" pos=<7390.16, 31.55, 8200.85>) OpenBarrel dp_box_big_Tan
22:36:20: Player "Duerowww" (steam64id="76561198259492425" pos=<7389.83, 31.55, 8201.5>) CloseBarrel dp_box_big_Tan
22:37:34: Player "ttuker" (steam64id="76561198971813376" pos=<7389.34, 32.02, 8200.36>) OpenBarrel dp_box_big_Tan
22:42:21: Player "G A T O" (steam64id="76561199207813177" pos=<7550.7, 35.27, 7893.25>) CloseBarrel dp_box_big_Brown
22:42:25: Player "G A T O" (steam64id="76561199207813177" pos=<7553.41, 35.27, 7892.93>) CloseBarrel dp_box_big_Brown
22:42:55: Player "ttuker" (steam64id="76561198971813376" pos=<7389.58, 31.55, 8201.19>) OpenBarrel dp_box_big_Tan
22:48:32: Player "[ONE] JAPA" (steam64id="76561198161060673" pos=<9565.66, 29.38, 12172.8>) OpenBarrel dp_box_big_Olive
22:49:06: Player "[ONE] JAPA" (steam64id="76561198161060673" pos=<9563, 29.24, 12174.2>) OpenBarrel dp_box_big_Olive
22:49:21: Player "G A T O" (steam64id="76561199207813177" pos=<7549.62, 35.24, 7900.77>) CloseBarrel dp_box_big_Olive
22:49:31: Player "G A T O" (steam64id="76561199207813177" pos=<7549.89, 35.27, 7893.55>) OpenBarrel dp_box_big_Brown
22:49:37: Player "G A T O" (steam64id="76561199207813177" pos=<7553.42, 35.27, 7892.36>) OpenBarrel dp_box_big_Brown
22:49:42: Player "G A T O" (steam64id="76561199207813177" pos=<7553.72, 35.27, 7892.32>) CloseBarrel dp_box_big_Brown
22:50:00: Player "G A T O" (steam64id="76561199207813177" pos=<7549.85, 35.24, 7900.56>) CloseBarrel dp_box_big_Brown
22:50:05: Player "G A T O" (steam64id="76561199207813177" pos=<7549.82, 35.24, 7900.63>) OpenBarrel dp_box_big_Olive
22:50:11: Player "G A T O" (steam64id="76561199207813177" pos=<7549.5, 35.24, 7901.29>) OpenBarrel dp_box_big_Brown
22:50:18: Player "G A T O" (steam64id="76561199207813177" pos=<7549.51, 35.24, 7901.26>) CloseBarrel dp_box_big_Brown
22:50:21: Player "G A T O" (steam64id="76561199207813177" pos=<7550.52, 35.24, 7900.59>) CloseBarrel dp_box_big_Brown
22:51:29: Player "[ONE] JAPA" (steam64id="76561198161060673" pos=<9560.32, 28.74, 12163.7>) CloseBarrel dp_box_big_Olive
22:51:31: Player "[ONE] JAPA" (steam64id="76561198161060673" pos=<9564.3, 29.05, 12159.2>) CloseBarrel dp_box_big_Olive
22:51:32: Player "G A T O" (steam64id="76561199207813177" pos=<7553.4, 35.26, 7893.44>) OpenBarrel dp_box_big_Brown
22:51:49: Player "G A T O" (steam64id="76561199207813177" pos=<7550.6, 35.69, 7892.76>) CloseBarrel dp_box_big_Brown
22:51:54: Player "G A T O" (steam64id="76561199207813177" pos=<7549.93, 35.24, 7900.98>) OpenBarrel dp_box_big_Brown
22:51:57: Player "G A T O" (steam64id="76561199207813177" pos=<7550.79, 35.24, 7900.9>) OpenBarrel dp_box_big_Brown
22:52:32: Player "[ONE] JAPA" (steam64id="76561198161060673" pos=<9567.81, 30.13, 12181.9>) OpenBarrel dp_box_big_Grey
22:52:35: Player "[ONE] JAPA" (steam64id="76561198161060673" pos=<9567.76, 30.13, 12181.9>) CloseBarrel dp_box_big_Grey
22:52:36: Player "[ONE] JAPA" (steam64id="76561198161060673" pos=<9566.52, 30.09, 12182.3>) OpenBarrel dp_box_big_Grey
22:52:37: Player "[ONE] JAPA" (steam64id="76561198161060673" pos=<9566.48, 30.07, 12182.2>) CloseBarrel dp_box_big_Grey
22:52:38: Player "[ONE] JAPA" (steam64id="76561198161060673" pos=<9565.01, 29.86, 12180.8>) OpenBarrel dp_box_big_Grey
22:52:40: Player "[ONE] JAPA" (steam64id="76561198161060673" pos=<9565.01, 29.86, 12180.8>) CloseBarrel dp_box_big_Grey
22:52:41: Player "[ONE] JAPA" (steam64id="76561198161060673" pos=<9565.36, 29.65, 12177.6>) OpenBarrel dp_box_big_Grey
22:52:43: Player "[ONE] JAPA" (steam64id="76561198161060673" pos=<9565.49, 29.72, 12178.4>) CloseBarrel dp_box_big_Grey
22:52:44: Player "[ONE] JAPA" (steam64id="76561198161060673" pos=<9566.88, 29.83, 12178.8>) OpenBarrel dp_box_big_Grey
22:54:32: Player "[ONE] JAPA" (steam64id="76561198161060673" pos=<9570.28, 29.32, 12166.8>) OpenBarrel dp_box_big_Grey
22:54:33: Player "[ONE] JAPA" (steam64id="76561198161060673" pos=<9570.25, 29.32, 12166.8>) CloseBarrel dp_box_big_Grey
22:54:35: Player "[ONE] JAPA" (steam64id="76561198161060673" pos=<9570.61, 29.28, 12165.8>) OpenBarrel dp_box_big_Grey
22:54:38: Player "[ONE] JAPA" (steam64id="76561198161060673" pos=<9570.48, 29.28, 12165.8>) CloseBarrel dp_box_big_Grey
22:58:55: Player "G A T O" (steam64id="76561199207813177" pos=<7557.54, 28.05, 7898.72>) OpenBarrel dp_box_big_Brown
22:58:58: Player "G A T O" (steam64id="76561199207813177" pos=<7557.6, 28.05, 7898.28>) CloseBarrel dp_box_big_Brown
23:07:12: Player "PintoJunior" (steam64id="76561198057936781" pos=<6781.84, 15.36, 6866.73>) OpenBarrel dp_box_small_Brown
23:07:24: Player "PintoJunior" (steam64id="76561198057936781" pos=<6781.71, 14.88, 6867.58>) CloseBarrel dp_box_small_Brown
23:15:43: Player "[L.B] SeryD" (steam64id="76561198072791642" pos=<7362.64, 22.42, 7137.31>) CloseBarrel dp_box_big_Tan
23:15:53: Player "[L.B] SeryD" (steam64id="76561198072791642" pos=<7362.62, 22.42, 7137.24>) OpenBarrel dp_box_big_Tan
23:20:09: Player "PintoJunior" (steam64id="76561198057936781" pos=<7681.6, 43.72, 6515.52>) OpenBarrel dp_box_small_Brown
23:20:23: Player "PintoJunior" (steam64id="76561198057936781" pos=<7680.95, 43.72, 6517.78>) OpenBarrel dp_box_big_Brown
23:27:43: Player "PintoJunior" (steam64id="76561198057936781" pos=<7681.2, 43.72, 6517.4>) CloseBarrel dp_box_big_Brown
23:28:45: Player "PintoJunior" (steam64id="76561198057936781" pos=<7682.31, 43.72, 6514.8>) CloseBarrel dp_box_small_Brown
23:29:47: Player "PintoJunior" (steam64id="76561198057936781" pos=<7681.13, 43.72, 6516.66>) OpenBarrel dp_box_small_Brown
23:29:48: Player "PintoJunior" (steam64id="76561198057936781" pos=<7681.13, 43.72, 6516.66>) CloseBarrel dp_box_small_Brown
23:38:46: Player "[ONE] JAPA" (steam64id="76561198161060673" pos=<9570.7, 29.30, 12166.3>) OpenBarrel dp_box_big_Grey
23:38:47: Player "[ONE] JAPA" (steam64id="76561198161060673" pos=<9570.7, 29.30, 12166.3>) CloseBarrel dp_box_big_Grey
23:38:48: Player "[ONE] JAPA" (steam64id="76561198161060673" pos=<9570.52, 29.27, 12165.7>) OpenBarrel dp_box_big_Grey
23:39:45: Player "BRUXO" (steam64id="76561198140728342" pos=<0.87, 0.38, -0.10>) OpenBarrel dp_box_big_Olive
23:40:00: Player "BRUXO" (steam64id="76561198140728342" pos=<-1.18, 0.38, 0.22>) CloseBarrel dp_box_big_Olive
23:40:40: Player "BRUXO" (steam64id="76561198140728342" pos=<1.09, 0.37, -1.71>) OpenBarrel dp_box_big_Olive
23:44:13: Player "[L.B] SeryD" (steam64id="76561198072791642" pos=<7361.45, 18.46, 7132.7>) CloseBarrel dp_box_small_Brown
23:55:45: Player "Duerowww" (steam64id="76561198259492425" pos=<7391.19, 31.55, 8201.89>) OpenBarrel dp_box_big_Olive
23:55:47: Player "Duerowww" (steam64id="76561198259492425" pos=<7389.76, 31.55, 8201.13>) CloseBarrel dp_box_big_Tan
23:55:48: Player "Duerowww" (steam64id="76561198259492425" pos=<7389.58, 31.55, 8200.31>) CloseBarrel dp_box_big_Brown
23:55:50: Player "Duerowww" (steam64id="76561198259492425" pos=<7390.09, 31.55, 8201.13>) CloseBarrel dp_box_big_Tan
23:55:51: Player "Duerowww" (steam64id="76561198259492425" pos=<7389.71, 31.55, 8200.51>) OpenBarrel dp_box_big_Tan
23:56:17: Player "[ONE] JAPA" (steam64id="76561198161060673" pos=<9561.43, 28.82, 12163.2>) OpenBarrel dp_box_big_Olive
23:56:24: Player "[ONE] JAPA" (steam64id="76561198161060673" pos=<9570.09, 29.30, 12166.1>) OpenBarrel dp_box_big_Grey
23:56:25: Player "[ONE] JAPA" (steam64id="76561198161060673" pos=<9569.93, 29.31, 12166.3>) CloseBarrel dp_box_big_Grey
23:56:29: Player "[ONE] JAPA" (steam64id="76561198161060673" pos=<9564.88, 29.48, 12175.4>) OpenBarrel dp_box_big_Grey
23:56:30: Player "Duerowww" (steam64id="76561198259492425" pos=<7389.71, 31.55, 8201.59>) CloseBarrel dp_box_big_Tan
23:56:32: Player "Duerowww" (steam64id="76561198259492425" pos=<7389.74, 31.55, 8201.59>) OpenBarrel dp_box_big_Tan
23:56:37: Player "Duerowww" (steam64id="76561198259492425" pos=<7389.74, 31.55, 8201.59>) CloseBarrel dp_box_big_Tan
23:56:39: Player "[ONE] JAPA" (steam64id="76561198161060673" pos=<9564.88, 29.48, 12175.4>) CloseBarrel dp_box_big_Grey
23:56:40: Player "[ONE] JAPA" (steam64id="76561198161060673" pos=<9565.99, 29.81, 12179.2>) OpenBarrel dp_box_big_Grey
23:56:43: Player "[ONE] JAPA" (steam64id="76561198161060673" pos=<9565.98, 29.80, 12179.1>) CloseBarrel dp_box_big_Grey
23:56:43: Player "Duerowww" (steam64id="76561198259492425" pos=<7389.85, 31.55, 8201.57>) OpenBarrel dp_box_big_Tan
23:56:45: Player "[ONE] JAPA" (steam64id="76561198161060673" pos=<9564.29, 29.67, 12179.1>) OpenBarrel dp_box_big_Grey
23:56:48: Player "[ONE] JAPA" (steam64id="76561198161060673" pos=<9564.41, 29.69, 12179.3>) CloseBarrel dp_box_big_Grey
23:56:49: Player "[ONE] JAPA" (steam64id="76561198161060673" pos=<9565.1, 29.96, 12181.8>) OpenBarrel dp_box_big_Grey
23:56:51: Player "[ONE] JAPA" (steam64id="76561198161060673" pos=<9565.1, 29.95, 12181.8>) CloseBarrel dp_box_big_Grey
23:57:14: Player "[ONE] JAPA" (steam64id="76561198161060673" pos=<9564.98, 29.12, 12157.8>) OpenBarrel dp_box_big_Olive
23:58:10: Player "Duerowww" (steam64id="76561198259492425" pos=<7390.04, 31.55, 8200.86>) CloseBarrel dp_box_big_Tan
23:58:18: Player "Duerowww" (steam64id="76561198259492425" pos=<7391.89, 31.55, 8202.17>) CloseBarrel dp_box_big_Olive
23:58:19: Player "Duerowww" (steam64id="76561198259492425" pos=<7391.56, 31.55, 8202.53>) CloseBarrel dp_box_small_Brown
23:58:20: Player "Duerowww" (steam64id="76561198259492425" pos=<7389.95, 31.55, 8202.48>) OpenBarrel dp_box_big_Tan
23:58:22: Player "Duerowww" (steam64id="76561198259492425" pos=<7389.95, 31.55, 8202.48>) CloseBarrel dp_box_big_Tan
