00:12:55: Player "fgn" (steam64id="76561198104909829" pos=<10613.6, 8.48, 13721.5>) OpenBarrel dp_box_big_Brown
00:40:36: Player "[YKZ]-BlackBear" (steam64id="76561198343030820" pos=<11045.7, 4.13, 8078.42>) OpenBarrel dp_box_small_Brown
00:44:03: Player "[YKZ]-BlackBear" (steam64id="76561198343030820" pos=<11082.7, 35.24, 8425.52>) OpenBarrel Barrel_Green
00:55:10: Player "[YKZ]-BlackBear" (steam64id="76561198343030820" pos=<11082.1, 35.24, 8426.41>) CloseBarrel Barrel_Green
00:57:14: Player "[YKZ]-Notsniw" (steam64id="76561197967151252" pos=<11083.1, 35.24, 8425.73>) OpenBarrel Barrel_Green
01:09:09: Player "Malafaier" (steam64id="76561198145331046" pos=<10479.6, 3.23, 9710.74>) OpenBarrel dp_box_big_Tan
01:48:50: Player "G A T O" (steam64id="76561199207813177" pos=<7551.77, 28.05, 7899.13>) CloseBarrel dp_box_big_Grey
01:51:19: Player "Miguelito" (steam64id="76561198067402787" pos=<10614, 8.48, 13718>) CloseBarrel dp_box_big_Brown
02:00:19: Player "G A T O" (steam64id="76561199207813177" pos=<7381.92, 17.16, 7940.31>) OpenBarrel dp_box_big_Grey
02:04:01: Player "G A T O" (steam64id="76561199207813177" pos=<7382.33, 17.20, 7940.3>) CloseBarrel dp_box_big_Grey
02:45:00: Player "[YKZ]-BlackBear" (steam64id="76561198343030820" pos=<11084.7, 35.24, 8425.37>) CloseBarrel Barrel_Green
03:03:10: Player "Redd" (steam64id="76561198442570607" pos=<9982.63, 27.18, 8144.86>) OpenBarrel dp_box_big_Grey
03:04:15: Player "viga" (steam64id="76561199077154656" pos=<9979.86, 27.21, 8132.77>) OpenBarrel dp_box_big_Grey
05:39:43: Player "Einsen" (steam64id="76561198103936746" pos=<9978.8, 27.21, 8132.81>) CloseBarrel dp_box_big_Grey
05:39:47: Player "Einsen" (steam64id="76561198103936746" pos=<9979.76, 27.21, 8132.43>) OpenBarrel dp_box_big_Grey
05:40:53: Player "Einsen" (steam64id="76561198103936746" pos=<9979.92, 27.21, 8133.14>) CloseBarrel dp_box_big_Grey
05:41:29: Player "Einsen" (steam64id="76561198103936746" pos=<9980.59, 27.27, 8145.52>) CloseBarrel dp_box_big_Grey
05:51:41: Player "Einsen" (steam64id="76561198103936746" pos=<9630.34, 27.73, 8071.48>) OpenBarrel dp_box_big_Grey
05:51:55: Player "Einsen" (steam64id="76561198103936746" pos=<9630.89, 27.38, 8071.87>) CloseBarrel dp_box_big_Grey
05:52:15: Player "Einsen" (steam64id="76561198103936746" pos=<9630.99, 27.38, 8072.39>) OpenBarrel dp_box_big_Grey
05:52:22: Player "Einsen" (steam64id="76561198103936746" pos=<9630.85, 27.38, 8072.25>) CloseBarrel dp_box_big_Grey
06:12:55: Player "Einsen" (steam64id="76561198103936746" pos=<11071.3, 11.61, 8507.7>) OpenBarrel dp_box_big_Grey
06:13:14: Player "Einsen" (steam64id="76561198103936746" pos=<11070.4, 11.61, 8506.77>) OpenBarrel dp_box_big_Grey
07:01:04: Player "Einsen" (steam64id="76561198103936746" pos=<9863.53, 31.81, 8105.34>) CloseBarrel dp_box_big_Grey
07:01:05: Player "Einsen" (steam64id="76561198103936746" pos=<9863.53, 31.81, 8105.34>) OpenBarrel dp_box_big_Grey
07:01:06: Player "Einsen" (steam64id="76561198103936746" pos=<9863.53, 31.81, 8105.34>) CloseBarrel dp_box_big_Grey
07:24:26: Player "Einsen" (steam64id="76561198103936746" pos=<11070.8, 11.61, 8507.77>) OpenBarrel dp_box_big_Grey
07:24:43: Player "Einsen" (steam64id="76561198103936746" pos=<11072.5, 11.61, 8508.9>) OpenBarrel dp_box_big_Tan
10:01:20: Player "Zeca" (steam64id="76561198211423224" pos=<9169.91, 28.05, 8140.59>) CloseBarrel dp_box_big_Olive
10:06:12: Player "Zeca" (steam64id="76561198211423224" pos=<9560.94, 35.95, 7905.76>) OpenBarrel dp_box_big_Olive
10:07:56: Player "Zeca" (steam64id="76561198211423224" pos=<9561.11, 35.98, 7906.21>) CloseBarrel dp_box_big_Olive
10:29:34: Player "Zeca" (steam64id="76561198211423224" pos=<9542.62, 27.84, 7993.53>) CloseBarrel dp_box_big_Brown
10:29:35: Player "Zeca" (steam64id="76561198211423224" pos=<9542.62, 27.84, 7993.53>) OpenBarrel dp_box_big_Brown
10:29:37: Player "Zeca" (steam64id="76561198211423224" pos=<9542.62, 27.84, 7993.53>) CloseBarrel dp_box_big_Brown
10:37:10: Player "Zeca" (steam64id="76561198211423224" pos=<9560.92, 36.03, 7907.48>) OpenBarrel dp_box_big_Olive
10:44:47: Player "Zeca" (steam64id="76561198211423224" pos=<9561.25, 36.05, 7907.21>) CloseBarrel dp_box_big_Olive
11:46:11: Player "G A T O" (steam64id="76561199207813177" pos=<7382.19, 17.17, 7940.75>) OpenBarrel dp_box_big_Grey
11:47:10: Player "G A T O" (steam64id="76561199207813177" pos=<7382.31, 17.19, 7940.34>) CloseBarrel dp_box_big_Grey
11:49:42: Player "[HORDA]ThiagoPenna" (steam64id="76561198218822351" pos=<9561.01, 36.05, 7907.58>) OpenBarrel dp_box_big_Olive
11:54:51: Player "[YKZ]-BlackBear" (steam64id="76561198343030820" pos=<11083.7, 35.24, 8425.61>) OpenBarrel Barrel_Green
12:03:26: Player "Zeca" (steam64id="76561198211423224" pos=<9560.8, 36.03, 7907.53>) CloseBarrel dp_box_big_Olive
12:03:32: Player "Zeca" (steam64id="76561198211423224" pos=<9561.06, 36.04, 7907.4>) OpenBarrel dp_box_big_Olive
12:03:36: Player "Zeca" (steam64id="76561198211423224" pos=<9561.06, 36.04, 7907.4>) CloseBarrel dp_box_big_Olive
12:04:17: Player "Zeca" (steam64id="76561198211423224" pos=<9739.14, 22.88, 7843.03>) OpenBarrel dp_box_big_Olive
12:07:56: Player "Zeca" (steam64id="76561198211423224" pos=<9739.69, 22.86, 7843>) CloseBarrel dp_box_big_Olive
12:19:33: Player "DangersPlay" (steam64id="76561198037868353" pos=<10336.4, 4.53, 10289.7>) OpenBarrel dp_box_small_Olive
12:46:15: Player "[L.B] Santorin" (steam64id="76561199069721527" pos=<10228.9, 36.6, 6295.46>) OpenBarrel dp_box_big_Olive
12:46:19: Player "[L.B] Santorin" (steam64id="76561199069721527" pos=<10228.9, 36.6, 6295.46>) CloseBarrel dp_box_big_Olive
12:46:53: Player "[L.B] Santorin" (steam64id="76561199069721527" pos=<10228.9, 36.59, 6295.2>) OpenBarrel dp_box_big_Olive
12:46:58: Player "[L.B] Santorin" (steam64id="76561199069721527" pos=<10228.9, 36.59, 6295.2>) CloseBarrel dp_box_big_Olive
12:53:38: Player "-Saterno" (steam64id="76561199168660906" pos=<10281.3, 18.19, 12638.5>) CloseBarrel dp_box_big_Olive
12:53:43: Player "-Saterno" (steam64id="76561199168660906" pos=<10281.4, 18.19, 12640.1>) OpenBarrel dp_box_big_Olive
12:54:40: Player "Zeca" (steam64id="76561198211423224" pos=<9380.11, 23.19, 7072.64>) OpenBarrel dp_box_big_Olive
12:54:42: Player "Zeca" (steam64id="76561198211423224" pos=<9380.11, 23.19, 7072.64>) CloseBarrel dp_box_big_Olive
12:54:49: Player "[L.B] Santorin" (steam64id="76561199069721527" pos=<9379.38, 22.80, 7070.4>) OpenBarrel dp_box_big_Olive
12:54:49: Player "Zeca" (steam64id="76561198211423224" pos=<9380.19, 23.2, 7072.88>) CloseBarrel dp_box_big_Olive
12:55:04: Player "Zeca" (steam64id="76561198211423224" pos=<9380.19, 23.22, 7072.81>) OpenBarrel dp_box_big_Olive
12:55:05: Player "[L.B] Santorin" (steam64id="76561199069721527" pos=<9379.16, 22.81, 7070.08>) CloseBarrel dp_box_big_Olive
12:55:06: Player "[L.B] Santorin" (steam64id="76561199069721527" pos=<9379.16, 22.81, 7070.08>) OpenBarrel dp_box_big_Olive
12:55:59: Player "G A T O" (steam64id="76561199207813177" pos=<7382.1, 17.17, 7940.59>) OpenBarrel dp_box_big_Grey
12:57:16: Player "G A T O" (steam64id="76561199207813177" pos=<7382.01, 17.17, 7940.34>) CloseBarrel dp_box_big_Grey
12:59:00: Player "[L.B] Santorin" (steam64id="76561199069721527" pos=<9379.16, 22.87, 7070.08>) CloseBarrel dp_box_big_Olive
12:59:20: Player "[HORDA]ThiagoPenna" (steam64id="76561198218822351" pos=<9558.63, 6.07, 9583.73>) CloseBarrel Barrel_Blue
12:59:23: Player "[HORDA]ThiagoPenna" (steam64id="76561198218822351" pos=<9559.65, 6.07, 9582.52>) CloseBarrel dp_box_small_Olive
12:59:38: Player "G A T O" (steam64id="76561199207813177" pos=<7381.9, 17.15, 7940.83>) OpenBarrel dp_box_big_Grey
13:00:28: Player "G A T O" (steam64id="76561199207813177" pos=<7381.73, 17.15, 7940.46>) CloseBarrel dp_box_big_Grey
13:00:31: Player "[HORDA]ThiagoPenna" (steam64id="76561198218822351" pos=<9558.88, 6.07, 9583.21>) OpenBarrel Barrel_Blue
13:01:57: Player "[HORDA]ThiagoPenna" (steam64id="76561198218822351" pos=<9559.09, 6.07, 9583.2>) CloseBarrel Barrel_Blue
13:02:00: Player "[HORDA]ThiagoPenna" (steam64id="76561198218822351" pos=<9559.85, 6.07, 9582.17>) OpenBarrel dp_box_small_Olive
13:02:40: Player "Zeca" (steam64id="76561198211423224" pos=<9738.99, 22.87, 7842.92>) OpenBarrel dp_box_big_Olive
13:03:08: Player "Zeca" (steam64id="76561198211423224" pos=<9738.99, 22.87, 7842.92>) CloseBarrel dp_box_big_Olive
13:13:26: Player "G A T O" (steam64id="76561199207813177" pos=<7381.16, 17.09, 7940.68>) OpenBarrel dp_box_big_Grey
13:13:44: Player "G A T O" (steam64id="76561199207813177" pos=<7381.66, 17.13, 7940.68>) CloseBarrel dp_box_big_Grey
13:41:43: Player "Zeca" (steam64id="76561198211423224" pos=<10137.4, 5.74, 9306.55>) OpenBarrel Barrel_Blue
13:41:44: Player "Zeca" (steam64id="76561198211423224" pos=<10137.4, 5.74, 9306.55>) CloseBarrel Barrel_Blue
13:42:12: Player "Zeca" (steam64id="76561198211423224" pos=<10215.5, 6.03, 9339.7>) OpenBarrel dp_box_small_Olive
13:42:17: Player "Zeca" (steam64id="76561198211423224" pos=<10215.5, 6.03, 9339.7>) CloseBarrel dp_box_small_Olive
14:10:40: Player "[G.M] O verdadeiro" (steam64id="76561198351631304" pos=<10614, 8.48, 13718.7>) OpenBarrel dp_box_big_Brown
14:10:44: Player "[G.M] O verdadeiro" (steam64id="76561198351631304" pos=<10614, 8.48, 13718.7>) CloseBarrel dp_box_big_Brown
14:14:38: Player "[HORDA] JHON WICK" (steam64id="76561198122075703" pos=<9559.11, 6.07, 9583.64>) OpenBarrel Barrel_Blue
14:34:53: Player "[YKZ]-BlackBear" (steam64id="76561198343030820" pos=<8684.72, 182.31, 6714.96>) OpenBarrel dp_box_big_Brown
14:35:00: Player "[YKZ]-BlackBear" (steam64id="76561198343030820" pos=<8684.72, 182.31, 6714.96>) CloseBarrel dp_box_big_Brown
14:36:10: Player "[YKZ]-BlackBear" (steam64id="76561198343030820" pos=<8684.92, 182.33, 6714.88>) OpenBarrel dp_box_big_Brown
14:36:13: Player "[YKZ]-BlackBear" (steam64id="76561198343030820" pos=<8684.92, 182.33, 6714.88>) CloseBarrel dp_box_big_Brown
14:36:28: Player "[YKZ]-BlackBear" (steam64id="76561198343030820" pos=<8685.95, 182.81, 6714.84>) OpenBarrel dp_box_big_Brown
14:36:31: Player "[YKZ]-BlackBear" (steam64id="76561198343030820" pos=<8685.98, 182.79, 6714.85>) CloseBarrel dp_box_big_Brown
14:42:59: Player "G A T O" (steam64id="76561199207813177" pos=<7381.88, 17.15, 7940.61>) OpenBarrel dp_box_big_Grey
14:43:57: Player "G A T O" (steam64id="76561199207813177" pos=<7382.34, 17.18, 7940.71>) CloseBarrel dp_box_big_Grey
14:45:36: Player "G A T O" (steam64id="76561199207813177" pos=<7382.33, 17.19, 7940.64>) OpenBarrel dp_box_big_Grey
14:45:44: Player "G A T O" (steam64id="76561199207813177" pos=<7382.36, 17.19, 7940.53>) CloseBarrel dp_box_big_Grey
14:58:39: Player "[L.B] LopesTa " (steam64id="76561198375254083" pos=<10613.6, 8.48, 13718.3>) OpenBarrel dp_box_big_Brown
15:15:35: Player "{DVS} Chuleta" (steam64id="76561198103223060" pos=<10281.3, 18.19, 12640.4>) CloseBarrel dp_box_big_Olive
15:18:49: Player "Zeca" (steam64id="76561198211423224" pos=<9738.55, 22.87, 7842.96>) OpenBarrel dp_box_big_Olive
15:18:55: Player "G A T O" (steam64id="76561199207813177" pos=<7382.39, 17.20, 7940.48>) OpenBarrel dp_box_big_Grey
15:19:09: Player "Zeca" (steam64id="76561198211423224" pos=<9738.55, 22.89, 7842.96>) CloseBarrel dp_box_big_Olive
15:21:47: Player "Zeca" (steam64id="76561198211423224" pos=<9380.02, 23.12, 7072.54>) OpenBarrel dp_box_big_Olive
15:22:09: Player "G A T O" (steam64id="76561199207813177" pos=<7382, 17.17, 7940.4>) CloseBarrel dp_box_big_Grey
15:22:19: Player "Zeca" (steam64id="76561198211423224" pos=<9380.05, 23.18, 7072.59>) CloseBarrel dp_box_big_Olive
15:22:23: Player "Zeca" (steam64id="76561198211423224" pos=<9380.1, 23.13, 7072.86>) OpenBarrel dp_box_big_Olive
15:23:48: Player "Zeca" (steam64id="76561198211423224" pos=<9380.12, 23.17, 7072.88>) CloseBarrel dp_box_big_Olive
15:26:09: Player "Zeca" (steam64id="76561198211423224" pos=<9380.88, 23.58, 7073.77>) OpenBarrel dp_box_small_Olive
15:26:12: Player "Zeca" (steam64id="76561198211423224" pos=<9380.88, 23.58, 7073.77>) CloseBarrel dp_box_small_Olive
15:27:04: Player "Zeca" (steam64id="76561198211423224" pos=<9380.87, 23.57, 7073.87>) OpenBarrel dp_box_small_Olive
15:27:17: Player "Zeca" (steam64id="76561198211423224" pos=<9380.41, 23.43, 7071.93>) CloseBarrel dp_box_small_Olive
15:27:40: Player "Zeca" (steam64id="76561198211423224" pos=<9380.96, 23.61, 7073.81>) OpenBarrel dp_box_small_Olive
15:28:05: Player "Zeca" (steam64id="76561198211423224" pos=<9380.96, 23.61, 7073.81>) CloseBarrel dp_box_small_Olive
15:30:20: Player "Zeca" (steam64id="76561198211423224" pos=<9380.22, 23.27, 7072.49>) OpenBarrel dp_box_small_Olive
15:30:25: Player "Zeca" (steam64id="76561198211423224" pos=<9380.22, 23.27, 7072.49>) CloseBarrel dp_box_small_Olive
15:31:09: Player "Zeca" (steam64id="76561198211423224" pos=<9380.49, 23.32, 7074.72>) OpenBarrel dp_box_small_Olive
15:31:16: Player "Zeca" (steam64id="76561198211423224" pos=<9380.49, 23.32, 7074.72>) CloseBarrel dp_box_small_Olive
15:41:33: Player "Jhon" (steam64id="76561198078930848" pos=<10614.7, 8.48, 13719.3>) CloseBarrel dp_box_big_Brown
15:57:50: Player "Emissarius" (steam64id="76561198271087379" pos=<10872.3, 6.23, 14244.8>) OpenBarrel Barrel_Green
16:08:06: Player "[T.D.J] Jota_G" (steam64id="76561199184222326" pos=<10281.4, 18.19, 12640.5>) OpenBarrel dp_box_big_Olive
16:11:41: Player "Emissarius" (steam64id="76561198271087379" pos=<10614.4, 8.93, 13718.3>) OpenBarrel dp_box_big_Brown
16:31:28: Player "G A T O" (steam64id="76561199207813177" pos=<7382.21, 17.17, 7940.69>) OpenBarrel dp_box_big_Grey
16:35:41: Player "G A T O" (steam64id="76561199207813177" pos=<7382.2, 17.18, 7940.57>) CloseBarrel dp_box_big_Grey
16:36:09: Player "G A T O" (steam64id="76561199207813177" pos=<7382.03, 17.16, 7940.73>) OpenBarrel dp_box_big_Grey
16:36:15: Player "G A T O" (steam64id="76561199207813177" pos=<7382.03, 17.16, 7940.73>) CloseBarrel dp_box_big_Grey
16:44:25: Player "G A T O" (steam64id="76561199207813177" pos=<7381.87, 17.16, 7940.29>) OpenBarrel dp_box_big_Grey
16:44:40: Player "G A T O" (steam64id="76561199207813177" pos=<7381.82, 17.14, 7940.65>) CloseBarrel dp_box_big_Grey
16:55:23: Player "G A T O" (steam64id="76561199207813177" pos=<7382.34, 17.19, 7940.66>) OpenBarrel dp_box_big_Grey
17:07:24: Player "G A T O" (steam64id="76561199207813177" pos=<7381.94, 17.16, 7940.5>) CloseBarrel dp_box_big_Grey
17:07:27: Player "G A T O" (steam64id="76561199207813177" pos=<7381.69, 17.14, 7940.46>) OpenBarrel dp_box_big_Grey
17:08:03: Player "G A T O" (steam64id="76561199207813177" pos=<7382.16, 17.17, 7940.63>) CloseBarrel dp_box_big_Grey
17:11:46: Player "Passo Largo" (steam64id="76561198057660141" pos=<7381.45, 17.13, 7940.21>) OpenBarrel dp_box_big_Grey
17:14:22: Player "Passo Largo" (steam64id="76561198057660141" pos=<7381.24, 17.13, 7940.09>) CloseBarrel dp_box_big_Grey
17:15:12: Player "[L.B]Zeca" (steam64id="76561198211423224" pos=<9738.82, 22.87, 7843.01>) OpenBarrel dp_box_big_Olive
17:15:19: Player "[L.B]Zeca" (steam64id="76561198211423224" pos=<9738.83, 22.89, 7842.98>) CloseBarrel dp_box_big_Olive
17:15:44: Player "[L.B]Zeca" (steam64id="76561198211423224" pos=<9739.33, 22.62, 7841.36>) OpenBarrel dp_box_big_Olive
17:15:55: Player "[L.B]Zeca" (steam64id="76561198211423224" pos=<9739.33, 22.62, 7841.36>) CloseBarrel dp_box_big_Olive
17:18:02: Player "[L.B] Santorin" (steam64id="76561199069721527" pos=<9379.82, 23.05, 7072.43>) OpenBarrel dp_box_small_Olive
17:19:35: Player "[L.B] Santorin" (steam64id="76561199069721527" pos=<9379.82, 23.06, 7072.43>) CloseBarrel dp_box_small_Olive
17:20:46: Player "[L.B]Zeca" (steam64id="76561198211423224" pos=<9380.76, 23.37, 7075.33>) OpenBarrel dp_box_big_Olive
17:21:27: Player "[L.B]Zeca" (steam64id="76561198211423224" pos=<9380.76, 23.37, 7075.33>) CloseBarrel dp_box_big_Olive
17:24:58: Player "[G.M] O verdadeiro" (steam64id="76561198351631304" pos=<10492.9, 13.60, 11543.6>) OpenBarrel Barrel_Green
17:29:53: Player "[L.B] Santorin" (steam64id="76561199069721527" pos=<8685.88, 182.69, 6715.02>) OpenBarrel dp_box_big_Brown
17:29:58: Player "[L.B] Santorin" (steam64id="76561199069721527" pos=<8683.31, 182.3, 6714.8>) CloseBarrel dp_box_big_Brown
17:30:14: Player "[L.B] Santorin" (steam64id="76561199069721527" pos=<8683.38, 182.40, 6714.78>) OpenBarrel dp_box_big_Brown
17:30:39: Player "G A T O" (steam64id="76561199207813177" pos=<7381.52, 17.13, 7940.26>) OpenBarrel dp_box_big_Grey
17:30:56: Player "[L.B] Santorin" (steam64id="76561199069721527" pos=<8682.79, 182.40, 6714.92>) CloseBarrel dp_box_big_Brown
17:31:07: Player "[L.B] Santorin" (steam64id="76561199069721527" pos=<8682.37, 182.40, 6715.03>) OpenBarrel dp_box_big_Brown
17:31:42: Player "[L.B] Santorin" (steam64id="76561199069721527" pos=<8682.37, 182.40, 6715.03>) CloseBarrel dp_box_big_Brown
17:37:43: Player "G A T O" (steam64id="76561199207813177" pos=<7381.65, 17.13, 7940.58>) CloseBarrel dp_box_big_Grey
17:37:46: Player "G A T O" (steam64id="76561199207813177" pos=<7382.12, 17.17, 7940.72>) OpenBarrel dp_box_big_Grey
17:40:19: Player "[L.B] Santorin" (steam64id="76561199069721527" pos=<9380.05, 23.18, 7072.47>) OpenBarrel dp_box_small_Olive
17:40:41: Player "G A T O" (steam64id="76561199207813177" pos=<7381.76, 17.14, 7940.72>) CloseBarrel dp_box_big_Grey
17:41:28: Player "[L.B] Santorin" (steam64id="76561199069721527" pos=<9380.64, 23.38, 7074.38>) CloseBarrel dp_box_small_Olive
17:41:33: Player "[L.B] Santorin" (steam64id="76561199069721527" pos=<9379.73, 22.92, 7074.77>) OpenBarrel dp_box_big_Olive
17:41:47: Player "[L.B] Santorin" (steam64id="76561199069721527" pos=<9380.96, 23.64, 7074.2>) OpenBarrel dp_box_small_Olive
17:42:02: Player "[L.B] Santorin" (steam64id="76561199069721527" pos=<9380.54, 23.33, 7074.58>) CloseBarrel dp_box_big_Olive
17:42:19: Player "[L.B] Santorin" (steam64id="76561199069721527" pos=<9379.97, 23.19, 7071.79>) OpenBarrel dp_box_big_Olive
17:43:05: Player "[L.B] Santorin" (steam64id="76561199069721527" pos=<9380.3, 23.32, 7071.71>) CloseBarrel dp_box_big_Olive
17:43:08: Player "[L.B] Santorin" (steam64id="76561199069721527" pos=<9380.26, 23.29, 7072.8>) CloseBarrel dp_box_small_Olive
17:44:17: Player "[L.B] Santorin" (steam64id="76561199069721527" pos=<9380.36, 23.48, 7070.25>) OpenBarrel dp_box_big_Brown
17:44:23: Player "[L.B] Santorin" (steam64id="76561199069721527" pos=<9380.36, 23.48, 7070.25>) CloseBarrel dp_box_big_Brown
17:45:24: Player "[L.B] Santorin" (steam64id="76561199069721527" pos=<9380, 23.25, 7072.04>) OpenBarrel dp_box_big_Brown
17:45:31: Player "[L.B] Santorin" (steam64id="76561199069721527" pos=<9380, 23.25, 7072.04>) CloseBarrel dp_box_big_Brown
17:52:41: Player "Smoking" (steam64id="76561198033754180" pos=<10613.5, 8.48, 13715.7>) CloseBarrel dp_box_big_Brown
18:02:00: Player "[L.B]Zeca" (steam64id="76561198211423224" pos=<9380.35, 23.35, 7072.76>) OpenBarrel dp_box_big_Olive
18:02:05: Player "[L.B]Zeca" (steam64id="76561198211423224" pos=<9380.35, 23.35, 7072.76>) CloseBarrel dp_box_big_Olive
18:02:07: Player "[L.B]Zeca" (steam64id="76561198211423224" pos=<9380.06, 23.28, 7071.16>) OpenBarrel dp_box_big_Brown
18:02:11: Player "[L.B]Zeca" (steam64id="76561198211423224" pos=<9380.06, 23.28, 7071.16>) CloseBarrel dp_box_big_Brown
18:02:21: Player "[L.B]Zeca" (steam64id="76561198211423224" pos=<9379.99, 23.61, 7074.13>) OpenBarrel dp_box_small_Olive
18:02:53: Player "[L.B]Zeca" (steam64id="76561198211423224" pos=<9379.99, 23.62, 7074.13>) CloseBarrel dp_box_small_Olive
18:03:30: Player "[L.B]Zeca" (steam64id="76561198211423224" pos=<9380.66, 23.45, 7074.39>) OpenBarrel dp_box_small_Olive
18:03:37: Player "[L.B] Santorin" (steam64id="76561199069721527" pos=<9379.85, 23.20, 7070.3>) OpenBarrel dp_box_big_Brown
18:03:39: Player "[L.B]Zeca" (steam64id="76561198211423224" pos=<9380.66, 23.45, 7074.39>) CloseBarrel dp_box_small_Olive
18:03:46: Player "[L.B]Zeca" (steam64id="76561198211423224" pos=<9380.73, 23.62, 7072.38>) OpenBarrel dp_box_big_Olive
18:04:04: Player "[L.B]Zeca" (steam64id="76561198211423224" pos=<9380.42, 23.42, 7072.34>) CloseBarrel dp_box_big_Olive
18:04:06: Player "[L.B]Zeca" (steam64id="76561198211423224" pos=<9380.73, 23.55, 7073.46>) OpenBarrel dp_box_small_Olive
18:04:17: Player "[L.B] Santorin" (steam64id="76561199069721527" pos=<9379.85, 23.20, 7070.3>) CloseBarrel dp_box_big_Brown
18:04:20: Player "[L.B]Zeca" (steam64id="76561198211423224" pos=<9380.73, 23.55, 7073.46>) CloseBarrel dp_box_small_Olive
18:36:33: Player "[L.B] Santorin" (steam64id="76561199069721527" pos=<9378.82, 23.23, 7070.09>) OpenBarrel dp_box_big_Brown
18:36:37: Player "[L.B] Santorin" (steam64id="76561199069721527" pos=<9378.82, 23.24, 7070.09>) CloseBarrel dp_box_big_Brown
18:36:46: Player "[L.B] Santorin" (steam64id="76561199069721527" pos=<9379.72, 23.27, 7071.74>) OpenBarrel dp_box_big_Olive
18:36:51: Player "[L.B] Santorin" (steam64id="76561199069721527" pos=<9379.72, 23.26, 7071.74>) CloseBarrel dp_box_big_Olive
18:36:53: Player "[L.B] Santorin" (steam64id="76561199069721527" pos=<9380.38, 23.51, 7073.83>) OpenBarrel dp_box_small_Olive
18:37:21: Player "[L.B] Santorin" (steam64id="76561199069721527" pos=<9379.83, 23.24, 7071.71>) OpenBarrel dp_box_big_Brown
18:38:53: Player "[L.B] Santorin" (steam64id="76561199069721527" pos=<9380.31, 23.38, 7071.64>) OpenBarrel dp_box_big_Olive
18:39:03: Player "[L.B] Santorin" (steam64id="76561199069721527" pos=<9380.31, 23.35, 7071.64>) CloseBarrel dp_box_big_Olive
18:39:11: Player "[L.B] Santorin" (steam64id="76561199069721527" pos=<9380.31, 23.34, 7071.64>) OpenBarrel dp_box_big_Olive
18:39:15: Player "[L.B] Santorin" (steam64id="76561199069721527" pos=<9380.31, 23.35, 7071.64>) CloseBarrel dp_box_big_Olive
18:39:17: Player "[L.B] Santorin" (steam64id="76561199069721527" pos=<9380.31, 23.36, 7071.64>) CloseBarrel dp_box_big_Brown
18:39:30: Player "[L.B] Santorin" (steam64id="76561199069721527" pos=<9380.12, 23.19, 7073.05>) CloseBarrel dp_box_small_Olive
19:00:54: Player "[L.B]Zeca" (steam64id="76561198211423224" pos=<7350.87, 14.33, 7135.65>) OpenBarrel dp_box_big_Brown
19:08:56: Player "LATERIMAX" (steam64id="76561198167769655" pos=<10278.8, 18.55, 12640.5>) CloseBarrel dp_box_big_Olive
19:15:52: Player "[L.B] Santorin" (steam64id="76561199069721527" pos=<7351.08, 14.33, 7135.29>) CloseBarrel dp_box_big_Brown
19:18:14: Player "[L.B]Zeca" (steam64id="76561198211423224" pos=<7319.97, 17.91, 7042.59>) OpenBarrel dp_box_big_Brown
19:19:25: Player "[L.B] Santorin" (steam64id="76561199069721527" pos=<7320.33, 17.92, 7042.51>) CloseBarrel dp_box_big_Brown
19:38:39: Player "[L.B]Zeca" (steam64id="76561198211423224" pos=<7319.84, 17.89, 7042.93>) OpenBarrel dp_box_big_Brown
20:19:29: Player "fritass" (steam64id="76561198148172018" pos=<10614.1, 8.48, 13716.8>) OpenBarrel dp_box_big_Brown
20:27:39: Player "fritass" (steam64id="76561198148172018" pos=<10614.2, 8.48, 13717.4>) CloseBarrel dp_box_big_Brown
20:43:00: Player "[L.B]Zeca" (steam64id="76561198211423224" pos=<7379.41, 16.83, 7945.31>) OpenBarrel dp_box_big_Grey
20:43:09: Player "[L.B] Santorin" (steam64id="76561199069721527" pos=<7379.57, 16.89, 7943.32>) CloseBarrel dp_box_big_Grey
20:43:15: Player "DangersPlay" (steam64id="76561198037868353" pos=<10613.4, 8.48, 13724.1>) OpenBarrel dp_box_big_Brown
20:43:24: Player "[L.B]Zeca" (steam64id="76561198211423224" pos=<7379.95, 17.26, 7931.24>) OpenBarrel dp_box_big_Grey
20:43:32: Player "[L.B]Zeca" (steam64id="76561198211423224" pos=<7379.95, 17.26, 7931.24>) CloseBarrel dp_box_big_Grey
20:44:38: Player "DangersPlay" (steam64id="76561198037868353" pos=<10590.5, 8.22, 13725.1>) CloseBarrel dp_box_big_Brown
20:46:16: Player "[L.B] Santorin" (steam64id="76561199069721527" pos=<7320.12, 17.91, 7042.81>) CloseBarrel dp_box_big_Brown
20:47:21: Player "[L.B]Zeca" (steam64id="76561198211423224" pos=<7382.08, 14.31, 7632.02>) OpenBarrel dp_box_big_Grey
20:47:37: Player "[L.B] Santorin" (steam64id="76561199069721527" pos=<7349.66, 14.30, 7128.22>) OpenBarrel dp_box_big_Brown
20:47:39: Player "[L.B]Zeca" (steam64id="76561198211423224" pos=<7382.08, 14.31, 7632.02>) CloseBarrel dp_box_big_Grey
20:47:53: Player "[L.B] Santorin" (steam64id="76561199069721527" pos=<7349.82, 14.30, 7129.09>) CloseBarrel dp_box_big_Brown
20:48:09: Player "[L.B] Santorin" (steam64id="76561199069721527" pos=<7352.92, 14.33, 7135.69>) OpenBarrel dp_box_big_Brown
20:50:47: Player "DangersPlay" (steam64id="76561198037868353" pos=<10573.6, 18.19, 13579.7>) OpenBarrel dp_box_big_Brown
20:51:21: Player "coyot-solitario" (steam64id="76561198191127093" pos=<10138.1, 5.73, 9307.09>) OpenBarrel Barrel_Blue
20:51:39: Player "DangersPlay" (steam64id="76561198037868353" pos=<10573.5, 18.19, 13580.3>) CloseBarrel dp_box_big_Brown
20:51:53: Player "DangersPlay" (steam64id="76561198037868353" pos=<10572.8, 18.19, 13580>) OpenBarrel dp_box_big_Brown
20:54:36: Player "[L.B]Zeca" (steam64id="76561198211423224" pos=<7354.52, 14.33, 7139.89>) OpenBarrel dp_box_big_Grey
20:55:26: Player "DangersPlay" (steam64id="76561198037868353" pos=<10573.7, 18.19, 13580.3>) CloseBarrel dp_box_big_Brown
20:56:52: Player "DangersPlay" (steam64id="76561198037868353" pos=<10573.7, 18.19, 13579.8>) OpenBarrel dp_box_big_Brown
20:56:55: Player "DangersPlay" (steam64id="76561198037868353" pos=<10573.7, 18.19, 13579.8>) CloseBarrel dp_box_big_Brown
20:59:04: Player "[L.B] Santorin" (steam64id="76561199069721527" pos=<7352.17, 14.33, 7134.88>) CloseBarrel dp_box_big_Brown
20:59:40: Player "[L.B]Zeca" (steam64id="76561198211423224" pos=<7362.5, 18.99, 7134.76>) OpenBarrel dp_box_big_Brown
21:00:01: Player "[L.B]Zeca" (steam64id="76561198211423224" pos=<7362.78, 18.46, 7133.84>) CloseBarrel dp_box_big_Brown
21:02:41: Player "[L.B] Santorin" (steam64id="76561199069721527" pos=<7362.62, 18.46, 7133.75>) OpenBarrel dp_box_big_Brown
21:10:31: Player "[YKZ]-BlackBear" (steam64id="76561198343030820" pos=<10775.5, 31.53, 13147.1>) CloseBarrel dp_box_big_Tan
21:12:04: Player "Emissarius" (steam64id="76561198271087379" pos=<7679.63, 43.72, 6514.41>) OpenBarrel dp_box_big_Olive
21:12:07: Player "Emissarius" (steam64id="76561198271087379" pos=<7676.48, 44.13, 6513.24>) CloseBarrel dp_box_big_Olive
21:12:25: Player "Emissarius" (steam64id="76561198271087379" pos=<7677.86, 43.72, 6514.73>) OpenBarrel dp_box_big_Olive
21:12:29: Player "Emissarius" (steam64id="76561198271087379" pos=<7677.22, 43.72, 6514.74>) CloseBarrel dp_box_big_Olive
21:12:40: Player "Emissarius" (steam64id="76561198271087379" pos=<7677.74, 43.72, 6514.52>) OpenBarrel dp_box_big_Olive
21:15:27: Player "Emissarius" (steam64id="76561198271087379" pos=<7678.25, 43.72, 6514.32>) CloseBarrel dp_box_big_Olive
21:15:30: Player "Emissarius" (steam64id="76561198271087379" pos=<7678.25, 43.72, 6514.32>) OpenBarrel dp_box_big_Olive
21:56:36: Player "[L.B]Zeca" (steam64id="76561198211423224" pos=<9380.37, 23.32, 7072.54>) OpenBarrel dp_box_big_Olive
21:57:30: Player "[L.B]Zeca" (steam64id="76561198211423224" pos=<9379.67, 23.27, 7072.03>) CloseBarrel dp_box_big_Olive
21:57:33: Player "[L.B]Zeca" (steam64id="76561198211423224" pos=<9380.52, 23.39, 7073.86>) OpenBarrel dp_box_small_Olive
21:58:56: Player "[L.B]Zeca" (steam64id="76561198211423224" pos=<9380.82, 23.52, 7073>) CloseBarrel dp_box_small_Olive
21:58:58: Player "[L.B]Zeca" (steam64id="76561198211423224" pos=<9380.81, 23.53, 7072.06>) OpenBarrel dp_box_big_Olive
21:59:04: Player "[L.B]Zeca" (steam64id="76561198211423224" pos=<9380.81, 23.53, 7072.06>) CloseBarrel dp_box_big_Olive
21:59:07: Player "[L.B]Zeca" (steam64id="76561198211423224" pos=<9380.88, 23.56, 7073.62>) OpenBarrel dp_box_small_Olive
21:59:45: Player "[L.B]Zeca" (steam64id="76561198211423224" pos=<9380.51, 23.38, 7073.9>) CloseBarrel dp_box_small_Olive
22:13:44: Player "=G3= wellbert" (steam64id="76561198914685824" pos=<10257.7, 22.07, 13038.7>) OpenBarrel dp_box_small_Olive
22:22:36: Player "AlexFraxe" (steam64id="76561198079014774" pos=<11292.3, 5.07, 8110>) OpenBarrel dp_box_big_Brown
