00:09:40: Player "[MOD] OZIEL" (steam64id="76561199063596086" pos=<10429.7, 12.53, 11516.4>) CloseBarrel dp_box_big_Brown
00:11:47: Player "Passo Largo" (steam64id="76561199203652654" pos=<7551.36, 35.24, 7901.67>) CloseBarrel dp_box_big_Brown
00:11:59: Player "Passo Largo" (steam64id="76561199203652654" pos=<7551, 35.24, 7901.73>) OpenBarrel dp_box_big_Brown
00:17:10: Player "Fritas" (steam64id="76561198148172018" pos=<10573.1, 18.19, 13579.7>) CloseBarrel dp_box_big_Brown
00:17:11: Player "Fritas" (steam64id="76561198148172018" pos=<10572.9, 18.19, 13580.3>) OpenBarrel dp_box_big_Brown
00:26:25: Player "G A T O" (steam64id="76561199207813177" pos=<7550.83, 35.24, 7899.77>) CloseBarrel dp_box_big_Brown
00:26:49: Player "G A T O" (steam64id="76561199207813177" pos=<7551.43, 35.62, 7900.5>) CloseBarrel dp_box_big_Brown
00:26:52: Player "G A T O" (steam64id="76561199207813177" pos=<7551.06, 35.24, 7900.25>) OpenBarrel dp_box_big_Brown
00:27:13: Player "DanielSam" (steam64id="76561198867200764" pos=<7550.87, 35.24, 7901.66>) OpenBarrel dp_box_big_Brown
00:28:43: Player "[MOD] OZIEL" (steam64id="76561199063596086" pos=<10426.5, 12.53, 11528.8>) OpenBarrel dp_box_big_Brown
00:33:30: Player "tlmnn" (steam64id="76561199054785069" pos=<6784.82, 14.76, 6873.27>) OpenBarrel dp_box_big_Brown
00:35:18: Player "[YKZ]-BlackBear" (steam64id="76561198343030820" pos=<9886.09, 48.84, 6364.12>) OpenBarrel Barrel_Red
01:27:35: Player "G A T O" (steam64id="76561199207813177" pos=<7550.43, 35.24, 7899.88>) CloseBarrel dp_box_big_Brown
01:28:12: Player "G A T O" (steam64id="76561199207813177" pos=<7550.31, 35.24, 7899.55>) CloseBarrel dp_box_big_Brown
01:31:08: Player "G A T O" (steam64id="76561199207813177" pos=<7551.01, 35.24, 7900.57>) OpenBarrel dp_box_big_Brown
01:31:09: Player "G A T O" (steam64id="76561199207813177" pos=<7551.16, 35.24, 7899.81>) OpenBarrel dp_box_big_Brown
01:31:27: Player "G A T O" (steam64id="76561199207813177" pos=<7550.99, 35.24, 7900.5>) CloseBarrel dp_box_big_Brown
01:31:37: Player "G A T O" (steam64id="76561199207813177" pos=<7551.4, 35.24, 7900.5>) OpenBarrel dp_box_big_Brown
02:44:27: Player "TripaSeca" (steam64id="76561198093060507" pos=<11045.8, 4.13, 8077.99>) CloseBarrel dp_box_small_Brown
03:28:12: Player "TripaSeca" (steam64id="76561198093060507" pos=<7627.25, 13.03, 9814.42>) OpenBarrel dp_box_small_Brown
03:28:29: Player "TripaSeca" (steam64id="76561198093060507" pos=<7626.5, 13.03, 9815.06>) CloseBarrel dp_box_small_Brown
03:28:51: Player "TripaSeca" (steam64id="76561198093060507" pos=<7625.68, 12.20, 9812.38>) OpenBarrel dp_box_small_Brown
03:28:56: Player "TripaSeca" (steam64id="76561198093060507" pos=<7625.68, 12.20, 9812.38>) CloseBarrel dp_box_small_Brown
08:30:38: Player "[L.B] Lrk" (steam64id="76561198021843024" pos=<7362.23, 18.68, 7134.3>) OpenBarrel dp_box_big_Brown
08:30:39: Player "[L.B] Lrk" (steam64id="76561198021843024" pos=<7362.23, 18.68, 7134.3>) OpenBarrel dp_box_big_Grey
08:30:42: Player "[L.B] Lrk" (steam64id="76561198021843024" pos=<7362.19, 18.68, 7134.28>) OpenBarrel dp_box_small_Brown
08:33:34: Player "[L.B] Lrk" (steam64id="76561198021843024" pos=<7362.38, 18.46, 7133.86>) CloseBarrel dp_box_big_Grey
08:33:35: Player "[L.B] Lrk" (steam64id="76561198021843024" pos=<7362.38, 18.46, 7133.86>) CloseBarrel dp_box_big_Brown
08:33:36: Player "[L.B] Lrk" (steam64id="76561198021843024" pos=<7362.38, 18.46, 7133.86>) CloseBarrel dp_box_small_Brown
09:10:22: Player "[L.B] ploodrinny" (steam64id="76561198312062387" pos=<7362.62, 18.46, 7133.8>) OpenBarrel dp_box_big_Grey
09:10:23: Player "[L.B] ploodrinny" (steam64id="76561198312062387" pos=<7362.29, 18.59, 7134.22>) OpenBarrel dp_box_big_Brown
09:10:25: Player "[L.B] ploodrinny" (steam64id="76561198312062387" pos=<7362.53, 18.46, 7133.53>) OpenBarrel dp_box_small_Brown
09:41:03: Player "G A T O" (steam64id="76561199207813177" pos=<7551.27, 35.24, 7900.13>) CloseBarrel dp_box_big_Brown
09:41:05: Player "G A T O" (steam64id="76561199207813177" pos=<7551.27, 35.24, 7900.13>) CloseBarrel dp_box_big_Brown
09:41:16: Player "G A T O" (steam64id="76561199207813177" pos=<7551.04, 35.24, 7900.19>) OpenBarrel dp_box_big_Brown
09:42:06: Player "G A T O" (steam64id="76561199207813177" pos=<7551.21, 35.24, 7899.31>) OpenBarrel dp_box_big_Brown
09:42:33: Player "[L.B] ploodrinny" (steam64id="76561198312062387" pos=<9381.32, 23.83, 7074.7>) OpenBarrel dp_box_small_Olive
09:42:46: Player "[L.B] ploodrinny" (steam64id="76561198312062387" pos=<9381.32, 23.83, 7074.7>) CloseBarrel dp_box_small_Olive
09:42:47: Player "[L.B] ploodrinny" (steam64id="76561198312062387" pos=<9381.32, 23.83, 7074.7>) OpenBarrel dp_box_small_Olive
09:42:58: Player "[L.B] ploodrinny" (steam64id="76561198312062387" pos=<9381.32, 23.83, 7074.7>) CloseBarrel dp_box_small_Olive
09:42:58: Player "[L.B] Santorin" (steam64id="76561199069721527" pos=<9379.53, 22.89, 7070.38>) OpenBarrel dp_box_big_Olive
09:44:22: Player "[L.B] ploodrinny" (steam64id="76561198312062387" pos=<9379.61, 23.26, 7071.3>) CloseBarrel dp_box_big_Olive
11:18:48: Player "[L.B] ploodrinny" (steam64id="76561198312062387" pos=<7361.8, 18.46, 7133.32>) CloseBarrel dp_box_small_Brown
11:18:49: Player "[L.B] ploodrinny" (steam64id="76561198312062387" pos=<7362.26, 18.46, 7133.6>) CloseBarrel dp_box_big_Grey
11:18:51: Player "[L.B] ploodrinny" (steam64id="76561198312062387" pos=<7362.31, 18.69, 7134.37>) CloseBarrel dp_box_big_Brown
11:22:16: Player "[L.B] ploodrinny" (steam64id="76561198312062387" pos=<7362.24, 18.46, 7132.73>) OpenBarrel dp_box_big_Grey
11:24:05: Player "[L.B] ploodrinny" (steam64id="76561198312062387" pos=<7362.3, 18.46, 7132.6>) OpenBarrel dp_box_big_Brown
11:24:46: Player "[L.B] ploodrinny" (steam64id="76561198312062387" pos=<7362.2, 18.48, 7134.11>) OpenBarrel dp_box_small_Brown
11:25:02: Player "[L.B] ploodrinny" (steam64id="76561198312062387" pos=<7362.1, 18.46, 7132.81>) CloseBarrel dp_box_big_Brown
11:25:04: Player "[L.B] ploodrinny" (steam64id="76561198312062387" pos=<7362.1, 18.46, 7132.81>) CloseBarrel dp_box_big_Grey
11:25:07: Player "[L.B] ploodrinny" (steam64id="76561198312062387" pos=<7362.3, 18.64, 7134.35>) CloseBarrel dp_box_small_Brown
11:26:42: Player "[L.B] ploodrinny" (steam64id="76561198312062387" pos=<7362.29, 18.46, 7132.79>) OpenBarrel dp_box_big_Grey
11:26:43: Player "[L.B] ploodrinny" (steam64id="76561198312062387" pos=<7362.29, 18.46, 7132.79>) OpenBarrel dp_box_big_Brown
11:26:45: Player "[L.B] ploodrinny" (steam64id="76561198312062387" pos=<7362.12, 18.46, 7133.87>) OpenBarrel dp_box_small_Brown
11:28:43: Player "[L.B] ploodrinny" (steam64id="76561198312062387" pos=<7363.84, 18.46, 7135.13>) CloseBarrel dp_box_small_Brown
11:28:50: Player "[L.B] ploodrinny" (steam64id="76561198312062387" pos=<7362.55, 18.46, 7133.74>) OpenBarrel dp_box_small_Brown
11:42:28: Player "[L.B] ploodrinny" (steam64id="76561198312062387" pos=<7363.9, 18.46, 7135.59>) CloseBarrel dp_box_small_Brown
11:42:47: Player "[L.B] ploodrinny" (steam64id="76561198312062387" pos=<7360.73, 18.46, 7134.01>) OpenBarrel dp_box_small_Brown
11:43:23: Player "[L.B] ploodrinny" (steam64id="76561198312062387" pos=<7360.77, 18.46, 7134.14>) CloseBarrel dp_box_small_Brown
11:43:35: Player "[L.B] Lrk" (steam64id="76561198021843024" pos=<7362.09, 18.46, 7132.91>) CloseBarrel dp_box_big_Brown
11:43:40: Player "[L.B] ploodrinny" (steam64id="76561198312062387" pos=<7361.8, 18.46, 7133.37>) CloseBarrel dp_box_big_Grey
11:44:11: Player "[L.B] Lrk" (steam64id="76561198021843024" pos=<7362.08, 18.46, 7133.76>) OpenBarrel dp_box_big_Brown
11:44:16: Player "[L.B] Lrk" (steam64id="76561198021843024" pos=<7362.52, 18.46, 7133.42>) CloseBarrel dp_box_big_Brown
11:44:18: Player "[L.B] Lrk" (steam64id="76561198021843024" pos=<7361.45, 18.46, 7133.18>) OpenBarrel dp_box_small_Brown
11:45:13: Player "[L.B] Lrk" (steam64id="76561198021843024" pos=<7361.45, 18.46, 7133.18>) CloseBarrel dp_box_small_Brown
11:45:15: Player "[L.B] Lrk" (steam64id="76561198021843024" pos=<7362.4, 18.46, 7133.11>) OpenBarrel dp_box_big_Brown
11:45:18: Player "[L.B] Lrk" (steam64id="76561198021843024" pos=<7362.4, 18.46, 7133.11>) OpenBarrel dp_box_big_Grey
11:47:45: Player "[L.B] Lrk" (steam64id="76561198021843024" pos=<7361.61, 18.46, 7132.96>) OpenBarrel dp_box_small_Brown
11:47:49: Player "[L.B] Lrk" (steam64id="76561198021843024" pos=<7362.15, 18.46, 7132.84>) CloseBarrel dp_box_big_Brown
11:47:50: Player "[L.B] Lrk" (steam64id="76561198021843024" pos=<7362.15, 18.46, 7132.84>) CloseBarrel dp_box_big_Grey
11:49:20: Player "[L.B] ploodrinny" (steam64id="76561198312062387" pos=<7359.32, 18.46, 7133.47>) CloseBarrel dp_box_small_Brown
11:49:21: Player "[L.B] ploodrinny" (steam64id="76561198312062387" pos=<7359.32, 18.46, 7133.47>) OpenBarrel dp_box_small_Brown
11:50:33: Player "[L.B] Lrk" (steam64id="76561198021843024" pos=<7361.3, 18.46, 7132.7>) CloseBarrel dp_box_small_Brown
11:50:35: Player "[L.B] Lrk" (steam64id="76561198021843024" pos=<7362.44, 18.46, 7133.04>) OpenBarrel dp_box_big_Brown
11:50:50: Player "[L.B] Lrk" (steam64id="76561198021843024" pos=<7362.44, 18.46, 7133.04>) CloseBarrel dp_box_big_Brown
11:52:34: Player "[L.B] ploodrinny" (steam64id="76561198312062387" pos=<7362.16, 18.46, 7133.31>) OpenBarrel dp_box_big_Brown
11:52:35: Player "[L.B] ploodrinny" (steam64id="76561198312062387" pos=<7362.16, 18.46, 7133.31>) OpenBarrel dp_box_big_Grey
11:55:02: Player "[L.B] ploodrinny" (steam64id="76561198312062387" pos=<7362.13, 18.46, 7133.32>) CloseBarrel dp_box_big_Grey
11:55:03: Player "[L.B] ploodrinny" (steam64id="76561198312062387" pos=<7362.13, 18.46, 7133.32>) CloseBarrel dp_box_big_Brown
11:57:58: Player "[L.B] SeryD" (steam64id="76561198072791642" pos=<9380.1, 23.29, 7070.52>) OpenBarrel dp_box_big_Olive
12:07:05: Player "G A T O" (steam64id="76561199207813177" pos=<7551.04, 35.24, 7899.87>) CloseBarrel dp_box_big_Brown
12:07:06: Player "G A T O" (steam64id="76561199207813177" pos=<7551.04, 35.24, 7899.87>) CloseBarrel dp_box_big_Brown
12:07:31: Player "[L.B] SeryD" (steam64id="76561198072791642" pos=<9380.25, 23.33, 7071.56>) CloseBarrel dp_box_big_Olive
12:09:05: Player "[DY] FROZEN " (steam64id="76561198161060673" pos=<7588.66, 25.29, 7202.06>) OpenBarrel dp_box_big_Grey
12:09:12: Player "[DY] FROZEN " (steam64id="76561198161060673" pos=<7588.66, 25.29, 7202.06>) CloseBarrel dp_box_big_Grey
12:09:17: Player "G A T O" (steam64id="76561199207813177" pos=<7550.96, 35.24, 7899.2>) OpenBarrel dp_box_big_Brown
12:09:23: Player "G A T O" (steam64id="76561199207813177" pos=<7551.12, 35.24, 7900.55>) OpenBarrel dp_box_big_Brown
12:14:35: Player "[L.B] Santorin" (steam64id="76561199069721527" pos=<9380.69, 23.38, 7074.84>) OpenBarrel dp_box_small_Olive
12:14:43: Player "[L.B] Santorin" (steam64id="76561199069721527" pos=<9380.69, 23.38, 7074.84>) CloseBarrel dp_box_small_Olive
12:15:07: Player "[L.B] Santorin" (steam64id="76561199069721527" pos=<9392.62, 30.12, 7060.95>) OpenBarrel dp_box_small_Olive
12:15:23: Player "[L.B] Santorin" (steam64id="76561199069721527" pos=<9392.62, 30.12, 7060.95>) CloseBarrel dp_box_small_Olive
12:16:37: Player "[L.B] Santorin" (steam64id="76561199069721527" pos=<9376.26, 30.47, 6972.1>) OpenBarrel dp_box_small_Olive
12:17:45: Player "G A T O" (steam64id="76561199207813177" pos=<7550.3, 35.24, 7899.43>) CloseBarrel dp_box_big_Brown
12:17:46: Player "G A T O" (steam64id="76561199207813177" pos=<7550.72, 35.24, 7900.1>) CloseBarrel dp_box_big_Brown
12:17:56: Player "[L.B] SeryD" (steam64id="76561198072791642" pos=<8755.83, 59.50, 6962.48>) OpenBarrel dp_box_big_Olive
12:18:03: Player "[L.B] SeryD" (steam64id="76561198072791642" pos=<8756.57, 58.80, 6962.62>) CloseBarrel dp_box_big_Olive
12:21:30: Player "[L.B] Santorin" (steam64id="76561199069721527" pos=<9374.89, 29.96, 6972.35>) CloseBarrel dp_box_small_Olive
12:22:40: Player "[G.M] O verdadeiro" (steam64id="76561198351631304" pos=<10115.6, 1.72, 9344.55>) CloseBarrel Barrel_Blue
12:24:52: Player "[L.B] SeryD" (steam64id="76561198072791642" pos=<8671.64, 73.28, 6981.08>) OpenBarrel dp_box_big_Olive
12:34:18: Player "[L.B] Santorin" (steam64id="76561199069721527" pos=<7361.39, 18.46, 7133.87>) OpenBarrel dp_box_small_Olive
12:36:03: Player "[L.B] Santorin" (steam64id="76561199069721527" pos=<7699.03, 37.79, 7058.69>) CloseBarrel dp_box_big_Olive
12:37:11: Player "G A T O" (steam64id="76561199207813177" pos=<7550.96, 35.24, 7900.73>) OpenBarrel dp_box_big_Brown
12:37:20: Player "G A T O" (steam64id="76561199207813177" pos=<7550.96, 35.24, 7900.73>) CloseBarrel dp_box_big_Brown
12:37:21: Player "G A T O" (steam64id="76561199207813177" pos=<7551.36, 35.24, 7899.37>) OpenBarrel dp_box_big_Brown
12:37:35: Player "G A T O" (steam64id="76561199207813177" pos=<7551.18, 35.24, 7899.05>) CloseBarrel dp_box_big_Brown
12:38:06: Player "[L.B] Santorin" (steam64id="76561199069721527" pos=<7361.91, 18.46, 7133.29>) OpenBarrel dp_box_big_Olive
12:38:08: Player "[L.B] Santorin" (steam64id="76561199069721527" pos=<7361.91, 18.46, 7133.29>) OpenBarrel dp_box_big_Brown
12:38:09: Player "[L.B] Santorin" (steam64id="76561199069721527" pos=<7361.91, 18.46, 7133.29>) OpenBarrel dp_box_big_Grey
12:38:19: Player "[L.B] Santorin" (steam64id="76561199069721527" pos=<7362.43, 18.46, 7133.1>) CloseBarrel dp_box_big_Olive
12:38:21: Player "[L.B] Santorin" (steam64id="76561199069721527" pos=<7362.43, 18.46, 7133.1>) CloseBarrel dp_box_big_Brown
12:38:23: Player "[L.B] Santorin" (steam64id="76561199069721527" pos=<7362.03, 18.46, 7133.2>) CloseBarrel dp_box_big_Grey
12:38:55: Player "Emissarius" (steam64id="76561198271087379" pos=<7680.83, 43.72, 6518.15>) CloseBarrel dp_box_big_Olive
12:39:45: Player "[L.B] Santorin" (steam64id="76561199069721527" pos=<7362.56, 18.46, 7133.42>) OpenBarrel dp_box_big_Olive
12:39:47: Player "[L.B] Santorin" (steam64id="76561199069721527" pos=<7362.07, 18.46, 7133.54>) OpenBarrel dp_box_big_Brown
12:39:49: Player "[L.B] Santorin" (steam64id="76561199069721527" pos=<7362.07, 18.46, 7133.54>) OpenBarrel dp_box_big_Grey
12:40:14: Player "[L.B] ploodrinny" (steam64id="76561198312062387" pos=<7361.32, 18.46, 7133.6>) OpenBarrel dp_box_small_Brown
12:40:53: Player "Emissarius" (steam64id="76561198271087379" pos=<7664.29, 40.89, 6508.57>) OpenBarrel dp_box_big_Olive
12:40:54: Player "[L.B] ploodrinny" (steam64id="76561198312062387" pos=<7361.33, 18.46, 7132.81>) CloseBarrel dp_box_small_Olive
12:40:55: Player "[L.B] ploodrinny" (steam64id="76561198312062387" pos=<7361.16, 18.46, 7134.24>) CloseBarrel dp_box_small_Brown
12:41:26: Player "[YKZ]-BlackBear" (steam64id="76561198343030820" pos=<7665.8, 40.91, 6507.49>) CloseBarrel dp_box_big_Olive
12:41:31: Player "[L.B] ploodrinny" (steam64id="76561198312062387" pos=<7360.43, 18.46, 7133.87>) OpenBarrel dp_box_small_Olive
12:41:32: Player "[L.B] ploodrinny" (steam64id="76561198312062387" pos=<7360.43, 18.46, 7133.87>) OpenBarrel dp_box_small_Brown
12:45:52: Player "[L.B] ploodrinny" (steam64id="76561198312062387" pos=<7362.21, 18.46, 7132.65>) CloseBarrel dp_box_big_Olive
12:48:56: Player "G A T O" (steam64id="76561199207813177" pos=<7551.09, 35.24, 7898.7>) OpenBarrel dp_box_big_Brown
12:49:53: Player "G A T O" (steam64id="76561199207813177" pos=<7550.9, 35.24, 7900.81>) OpenBarrel dp_box_big_Brown
12:52:34: Player "[L.B] ploodrinny" (steam64id="76561198312062387" pos=<7362.65, 18.46, 7133>) OpenBarrel dp_box_big_Olive
13:10:33: Player "G A T O" (steam64id="76561199207813177" pos=<7550.69, 35.24, 7899.89>) CloseBarrel dp_box_big_Brown
13:10:35: Player "G A T O" (steam64id="76561199207813177" pos=<7550.77, 35.24, 7900.15>) CloseBarrel dp_box_big_Brown
13:22:59: Player "[L.B] ploodrinny" (steam64id="76561198312062387" pos=<7362.41, 18.46, 7133.74>) CloseBarrel dp_box_big_Olive
13:23:01: Player "[L.B] ploodrinny" (steam64id="76561198312062387" pos=<7362.09, 18.46, 7134.01>) CloseBarrel dp_box_big_Brown
13:23:02: Player "[L.B] ploodrinny" (steam64id="76561198312062387" pos=<7362.09, 18.46, 7134.01>) CloseBarrel dp_box_big_Grey
13:23:04: Player "[L.B] ploodrinny" (steam64id="76561198312062387" pos=<7361.45, 18.46, 7133.48>) CloseBarrel dp_box_small_Olive
13:23:08: Player "[L.B] ploodrinny" (steam64id="76561198312062387" pos=<7360.32, 18.46, 7134.29>) CloseBarrel dp_box_small_Brown
13:23:31: Player "[L.B] ploodrinny" (steam64id="76561198312062387" pos=<7362.16, 18.46, 7133.83>) OpenBarrel dp_box_big_Grey
13:24:41: Player "[L.B] Santorin" (steam64id="76561199069721527" pos=<7360.94, 18.46, 7133.57>) OpenBarrel dp_box_small_Olive
13:24:43: Player "[L.B] ploodrinny" (steam64id="76561198312062387" pos=<7362.19, 18.46, 7133.67>) CloseBarrel dp_box_big_Grey
13:24:43: Player "[L.B] Santorin" (steam64id="76561199069721527" pos=<7360.51, 18.46, 7133.79>) OpenBarrel dp_box_small_Brown
13:25:34: Player "[L.B] Santorin" (steam64id="76561199069721527" pos=<7360.08, 18.46, 7134.18>) CloseBarrel dp_box_small_Brown
13:25:37: Player "[L.B] Santorin" (steam64id="76561199069721527" pos=<7360.34, 18.46, 7133.69>) OpenBarrel dp_box_small_Brown
13:25:38: Player "[L.B] Santorin" (steam64id="76561199069721527" pos=<7360.34, 18.46, 7133.69>) CloseBarrel dp_box_small_Olive
13:25:44: Player "[L.B] Santorin" (steam64id="76561199069721527" pos=<7359.93, 18.46, 7134.29>) CloseBarrel dp_box_small_Brown
13:26:44: Player "[L.B] Santorin" (steam64id="76561199069721527" pos=<7362.09, 18.46, 7133.15>) OpenBarrel dp_box_big_Olive
13:26:46: Player "[L.B] Santorin" (steam64id="76561199069721527" pos=<7362.09, 18.46, 7133.15>) OpenBarrel dp_box_big_Brown
13:26:47: Player "[L.B] Santorin" (steam64id="76561199069721527" pos=<7362.09, 18.46, 7133.15>) OpenBarrel dp_box_big_Grey
13:31:42: Player "[L.B] Santorin" (steam64id="76561199069721527" pos=<7360.45, 18.46, 7133.82>) OpenBarrel dp_box_small_Olive
13:33:21: Player "Emissarius" (steam64id="76561198271087379" pos=<11091.6, 31.61, 8419.8>) OpenBarrel dp_box_big_Olive
13:37:35: Player "[L.B] Lrk" (steam64id="76561198021843024" pos=<7362.37, 18.46, 7133.61>) CloseBarrel dp_box_big_Olive
13:37:41: Player "[L.B] Lrk" (steam64id="76561198021843024" pos=<7360.77, 18.46, 7133.73>) CloseBarrel dp_box_small_Olive
13:39:27: Player "[L.B] SeryD" (steam64id="76561198072791642" pos=<7361.52, 18.46, 7133.46>) OpenBarrel dp_box_small_Brown
13:39:29: Player "[L.B] SeryD" (steam64id="76561198072791642" pos=<7361.52, 18.46, 7133.46>) OpenBarrel dp_box_small_Olive
14:13:46: Player "[L.B]TropaDoEnguisa" (steam64id="76561198211423224" pos=<7081.74, 16.58, 6776.36>) OpenBarrel Barrel_Red
14:15:09: Player "[HORDA]ThiagoPenna" (steam64id="76561198218822351" pos=<9559.65, 6.07, 9582.26>) CloseBarrel dp_box_small_Olive
14:16:12: Player "[L.B]TropaDoEnguisa" (steam64id="76561198211423224" pos=<7082.85, 16.58, 6777.67>) CloseBarrel Barrel_Red
14:23:36: Player "[L.B]TropaDoEnguisa" (steam64id="76561198211423224" pos=<7343.87, 14.33, 7134.56>) OpenBarrel Barrel_Red
14:24:37: Player "[L.B] ploodrinny" (steam64id="76561198312062387" pos=<7343.47, 14.33, 7134.86>) CloseBarrel Barrel_Red
14:26:00: Player "felps" (steam64id="76561198892779186" pos=<11090.7, 31.61, 8420.21>) CloseBarrel dp_box_big_Olive
14:35:58: Player "felps" (steam64id="76561198892779186" pos=<11090.9, 31.61, 8420.27>) OpenBarrel dp_box_big_Olive
14:36:09: Player "felps" (steam64id="76561198892779186" pos=<11090.8, 31.61, 8419.84>) CloseBarrel dp_box_big_Olive
14:36:48: Player "felps" (steam64id="76561198892779186" pos=<11090, 32.05, 8419.69>) OpenBarrel dp_box_big_Olive
14:37:02: Player "[G.M] O verdadeiro" (steam64id="76561198351631304" pos=<10226.6, 16.03, 12525.4>) OpenBarrel dp_box_big_Olive
14:37:02: Player "[L.B]TropaDoEnguisa" (steam64id="76561198211423224" pos=<7362.32, 18.46, 7132.56>) OpenBarrel dp_box_big_Olive
14:37:08: Player "[G.M] O verdadeiro" (steam64id="76561198351631304" pos=<10226.6, 16.03, 12525.4>) CloseBarrel dp_box_big_Olive
14:37:25: Player "felps" (steam64id="76561198892779186" pos=<11090.9, 31.61, 8419.88>) CloseBarrel dp_box_big_Olive
14:38:03: Player "felps" (steam64id="76561198892779186" pos=<11090.9, 31.61, 8419.34>) OpenBarrel dp_box_big_Olive
14:38:08: Player "felps" (steam64id="76561198892779186" pos=<11091.1, 31.61, 8419.54>) CloseBarrel dp_box_big_Olive
14:50:31: Player "web gado" (steam64id="76561199123625009" pos=<10427.1, 12.53, 11526.2>) OpenBarrel dp_box_big_Brown
14:53:15: Player "felps" (steam64id="76561198892779186" pos=<11090.6, 31.61, 8420.03>) OpenBarrel dp_box_big_Olive
14:53:17: Player "felps" (steam64id="76561198892779186" pos=<11090.6, 31.61, 8420.03>) CloseBarrel dp_box_big_Olive
15:22:12: Player "Emissarius" (steam64id="76561198271087379" pos=<11090.8, 31.61, 8419.72>) OpenBarrel dp_box_big_Olive
15:27:41: Player "netttto no drip" (steam64id="76561198859086815" pos=<10426.4, 12.53, 11529.2>) CloseBarrel dp_box_big_Brown
15:27:59: Player "netttto no drip" (steam64id="76561198859086815" pos=<10427.6, 12.99, 11526.1>) CloseBarrel dp_box_big_Brown
15:28:21: Player "netttto no drip" (steam64id="76561198859086815" pos=<10428.1, 12.99, 11529.3>) OpenBarrel dp_box_big_Brown
15:30:19: Player "netttto no drip" (steam64id="76561198859086815" pos=<10428.5, 12.98, 11526.5>) OpenBarrel dp_box_big_Brown
15:30:22: Player "netttto no drip" (steam64id="76561198859086815" pos=<10427.4, 12.53, 11526.9>) CloseBarrel dp_box_big_Brown
15:32:30: Player "netttto no drip" (steam64id="76561198859086815" pos=<10426.9, 12.53, 11525.5>) OpenBarrel dp_box_big_Brown
15:32:36: Player "netttto no drip" (steam64id="76561198859086815" pos=<10426.9, 12.53, 11525.5>) CloseBarrel dp_box_big_Brown
15:38:52: Player "netttto no drip" (steam64id="76561198859086815" pos=<10428, 12.53, 11523.8>) OpenBarrel dp_box_big_Brown
15:39:12: Player "netttto no drip" (steam64id="76561198859086815" pos=<10427.2, 12.80, 11527.8>) CloseBarrel dp_box_big_Brown
15:39:14: Player "netttto no drip" (steam64id="76561198859086815" pos=<10426.7, 12.53, 11525.8>) CloseBarrel dp_box_big_Brown
15:40:09: Player "netttto no drip" (steam64id="76561198859086815" pos=<10426.7, 12.53, 11529.7>) OpenBarrel dp_box_big_Brown
15:40:17: Player "netttto no drip" (steam64id="76561198859086815" pos=<10426.9, 12.53, 11526>) OpenBarrel dp_box_big_Brown
15:40:39: Player "[L.B] SeryD" (steam64id="76561198072791642" pos=<9885.62, 48.84, 6364.12>) CloseBarrel Barrel_Red
15:40:40: Player "[L.B] SeryD" (steam64id="76561198072791642" pos=<9886.13, 48.84, 6364.16>) OpenBarrel Barrel_Red
15:40:42: Player "[L.B] SeryD" (steam64id="76561198072791642" pos=<9886.53, 48.84, 6364.49>) CloseBarrel Barrel_Red
15:50:36: Player "OZIEL" (steam64id="76561199063596086" pos=<10428.4, 12.53, 11549.2>) OpenBarrel dp_box_big_Brown
15:52:51: Player "[G.M] O verdadeiro" (steam64id="76561198351631304" pos=<10114.9, 1.94, 9344.7>) OpenBarrel Barrel_Blue
15:53:48: Player "[G.M] O verdadeiro" (steam64id="76561198351631304" pos=<10114.9, 1.95, 9344.67>) CloseBarrel Barrel_Blue
15:53:49: Player "[G.M] O verdadeiro" (steam64id="76561198351631304" pos=<10114.9, 1.95, 9344.67>) OpenBarrel Barrel_Blue
15:54:02: Player "[G.M] O verdadeiro" (steam64id="76561198351631304" pos=<10114.9, 1.95, 9344.67>) CloseBarrel Barrel_Blue
16:26:28: Player "[YKZ]-Notsniw" (steam64id="76561197967151252" pos=<11083.4, 4.21, 8431>) OpenBarrel dp_box_small_Olive
16:33:01: Player "Passo Largo" (steam64id="76561198057660141" pos=<7550.4, 35.24, 7899.45>) OpenBarrel dp_box_big_Brown
16:33:02: Player "Passo Largo" (steam64id="76561198057660141" pos=<7551.04, 35.24, 7900.15>) OpenBarrel dp_box_big_Brown
16:33:27: Player "Passo Largo" (steam64id="76561198057660141" pos=<7550.85, 35.24, 7898.85>) CloseBarrel dp_box_big_Brown
16:33:28: Player "Passo Largo" (steam64id="76561198057660141" pos=<7550.86, 35.24, 7899.76>) CloseBarrel dp_box_big_Brown
16:33:38: Player "[L.B] Santorin" (steam64id="76561199069721527" pos=<7343.28, 14.33, 7135.09>) OpenBarrel Barrel_Red
16:35:34: Player "Passo Largo" (steam64id="76561198057660141" pos=<7551.28, 35.24, 7899.85>) OpenBarrel dp_box_big_Brown
16:35:35: Player "Passo Largo" (steam64id="76561198057660141" pos=<7551.28, 35.24, 7899.85>) OpenBarrel dp_box_big_Brown
16:36:30: Player "Passo Largo" (steam64id="76561198057660141" pos=<7551.28, 35.24, 7899.85>) CloseBarrel dp_box_big_Brown
16:42:23: Player "OZIEL" (steam64id="76561199063596086" pos=<10427.3, 12.53, 11548.6>) CloseBarrel dp_box_big_Brown
16:44:59: Player "Passo Largo" (steam64id="76561198057660141" pos=<7551.42, 35.24, 7900.17>) CloseBarrel dp_box_big_Brown
16:45:10: Player "Passo Largo" (steam64id="76561198057660141" pos=<7551.34, 35.24, 7900.29>) OpenBarrel dp_box_big_Brown
16:45:18: Player "Passo Largo" (steam64id="76561198057660141" pos=<7551.35, 35.24, 7900.18>) CloseBarrel dp_box_big_Brown
16:51:59: Player "Passo Largo" (steam64id="76561198057660141" pos=<7551.27, 35.24, 7900.54>) OpenBarrel dp_box_big_Brown
16:52:03: Player "Passo Largo" (steam64id="76561198057660141" pos=<7551.17, 35.24, 7900.35>) CloseBarrel dp_box_big_Brown
16:56:36: Player "Passo Largo" (steam64id="76561198057660141" pos=<7551.29, 35.24, 7900.24>) OpenBarrel dp_box_big_Brown
16:56:39: Player "Passo Largo" (steam64id="76561198057660141" pos=<7551.34, 35.24, 7900.24>) CloseBarrel dp_box_big_Brown
16:56:40: Player "Passo Largo" (steam64id="76561198057660141" pos=<7550.85, 35.24, 7898.9>) OpenBarrel dp_box_big_Brown
16:56:47: Player "Passo Largo" (steam64id="76561198057660141" pos=<7551.16, 35.24, 7898.75>) CloseBarrel dp_box_big_Brown
16:58:03: Player "Passo Largo" (steam64id="76561198057660141" pos=<7551.31, 35.24, 7899.51>) OpenBarrel dp_box_big_Brown
16:58:19: Player "Passo Largo" (steam64id="76561198057660141" pos=<7551.15, 35.24, 7898.7>) CloseBarrel dp_box_big_Brown
16:58:27: Player "Passo Largo" (steam64id="76561198057660141" pos=<7551.18, 35.24, 7898.61>) OpenBarrel dp_box_big_Brown
17:04:31: Player "Passo Largo" (steam64id="76561198057660141" pos=<7551.22, 35.24, 7899.33>) CloseBarrel dp_box_big_Brown
17:04:32: Player "Passo Largo" (steam64id="76561198057660141" pos=<7551.28, 35.24, 7900.36>) OpenBarrel dp_box_big_Brown
17:16:44: Player "Passo Largo" (steam64id="76561198057660141" pos=<7551.65, 35.67, 7899.56>) OpenBarrel dp_box_big_Brown
17:16:45: Player "Passo Largo" (steam64id="76561198057660141" pos=<7551.07, 35.24, 7900.13>) CloseBarrel dp_box_big_Brown
17:19:26: Player "Passo Largo" (steam64id="76561198057660141" pos=<7551.3, 35.57, 7898.81>) CloseBarrel dp_box_big_Brown
17:42:36: Player "[L.B] ploodrinny" (steam64id="76561198312062387" pos=<7362.13, 18.46, 7133.15>) CloseBarrel dp_box_big_Brown
17:44:19: Player "OZIEL" (steam64id="76561199063596086" pos=<10427.8, 12.53, 11548.8>) OpenBarrel dp_box_big_Brown
17:52:57: Player "[L.B] ploodrinny" (steam64id="76561198312062387" pos=<7361.84, 18.46, 7133.31>) CloseBarrel dp_box_big_Grey
17:52:58: Player "[L.B] ploodrinny" (steam64id="76561198312062387" pos=<7361.84, 18.46, 7133.31>) CloseBarrel dp_box_big_Olive
17:53:01: Player "[L.B] ploodrinny" (steam64id="76561198312062387" pos=<7361.37, 18.46, 7133.2>) CloseBarrel dp_box_small_Brown
17:53:02: Player "[L.B] ploodrinny" (steam64id="76561198312062387" pos=<7361.37, 18.46, 7133.2>) CloseBarrel dp_box_small_Olive
17:54:54: Player "[L.B] ploodrinny" (steam64id="76561198312062387" pos=<7360.34, 18.46, 7133.55>) OpenBarrel dp_box_small_Brown
17:55:20: Player "[L.B] ploodrinny" (steam64id="76561198312062387" pos=<7361.67, 18.46, 7133.41>) OpenBarrel dp_box_small_Olive
17:55:44: Player "[L.B] ploodrinny" (steam64id="76561198312062387" pos=<7363.19, 20.40, 7133.86>) OpenBarrel dp_box_big_Olive
17:55:45: Player "[L.B] ploodrinny" (steam64id="76561198312062387" pos=<7363.19, 20.40, 7133.87>) CloseBarrel dp_box_big_Olive
17:55:48: Player "[L.B] ploodrinny" (steam64id="76561198312062387" pos=<7363.19, 20.41, 7133.88>) CloseBarrel dp_box_small_Olive
17:55:50: Player "[L.B] ploodrinny" (steam64id="76561198312062387" pos=<7363.21, 20.41, 7133.89>) CloseBarrel dp_box_small_Brown
17:55:51: Player "[L.B] ploodrinny" (steam64id="76561198312062387" pos=<7363.21, 20.41, 7133.9>) OpenBarrel dp_box_big_Olive
17:55:53: Player "[L.B] ploodrinny" (steam64id="76561198312062387" pos=<7363.21, 20.41, 7133.91>) CloseBarrel dp_box_big_Olive
17:55:54: Player "[L.B] ploodrinny" (steam64id="76561198312062387" pos=<7363.21, 20.41, 7133.91>) OpenBarrel dp_box_small_Brown
17:56:30: Player "[L.B] ploodrinny" (steam64id="76561198312062387" pos=<7363.18, 20.45, 7134.02>) OpenBarrel dp_box_small_Olive
17:56:38: Player "[L.B] ploodrinny" (steam64id="76561198312062387" pos=<7361.83, 18.46, 7133.39>) OpenBarrel dp_box_big_Olive
17:56:40: Player "[L.B] ploodrinny" (steam64id="76561198312062387" pos=<7361.83, 18.46, 7133.39>) OpenBarrel dp_box_big_Brown
17:56:41: Player "[L.B] ploodrinny" (steam64id="76561198312062387" pos=<7361.83, 18.46, 7133.39>) OpenBarrel dp_box_big_Grey
17:57:51: Player "OZIEL" (steam64id="76561199063596086" pos=<10427.1, 12.53, 11524.7>) CloseBarrel dp_box_big_Brown
17:57:54: Player "OZIEL" (steam64id="76561199063596086" pos=<10426.9, 12.53, 11527.5>) CloseBarrel dp_box_big_Brown
17:57:58: Player "OZIEL" (steam64id="76561199063596086" pos=<10428.2, 12.53, 11548.8>) CloseBarrel dp_box_big_Brown
18:01:05: Player "[L.B] ploodrinny" (steam64id="76561198312062387" pos=<7362.37, 18.46, 7133.89>) CloseBarrel dp_box_big_Grey
18:01:06: Player "[L.B] ploodrinny" (steam64id="76561198312062387" pos=<7362.37, 18.46, 7133.89>) OpenBarrel dp_box_big_Grey
18:01:08: Player "[L.B] ploodrinny" (steam64id="76561198312062387" pos=<7362.37, 18.46, 7133.89>) CloseBarrel dp_box_big_Grey
18:01:13: Player "[L.B] ploodrinny" (steam64id="76561198312062387" pos=<7363.65, 18.46, 7135.03>) CloseBarrel dp_box_small_Brown
18:01:17: Player "[L.B] ploodrinny" (steam64id="76561198312062387" pos=<7362.73, 18.46, 7133.6>) CloseBarrel dp_box_small_Olive
18:01:18: Player "[L.B] ploodrinny" (steam64id="76561198312062387" pos=<7362.73, 18.46, 7133.62>) CloseBarrel dp_box_big_Olive
18:01:23: Player "[L.B] ploodrinny" (steam64id="76561198312062387" pos=<7362.37, 18.46, 7134.04>) CloseBarrel dp_box_big_Brown
18:02:39: Player "[L.B] ploodrinny" (steam64id="76561198312062387" pos=<7363.45, 18.92, 7133.26>) OpenBarrel dp_box_small_Olive
18:02:42: Player "[L.B] ploodrinny" (steam64id="76561198312062387" pos=<7361.11, 18.46, 7132.64>) OpenBarrel dp_box_big_Olive
18:03:04: Player "[L.B] ploodrinny" (steam64id="76561198312062387" pos=<7362.46, 19.91, 7133.45>) OpenBarrel dp_box_small_Brown
18:03:07: Player "[L.B] ploodrinny" (steam64id="76561198312062387" pos=<7360.67, 18.46, 7133.71>) OpenBarrel dp_box_big_Brown
18:03:08: Player "[L.B] ploodrinny" (steam64id="76561198312062387" pos=<7361.74, 18.46, 7133.76>) OpenBarrel dp_box_big_Grey
18:03:12: Player "[L.B] ploodrinny" (steam64id="76561198312062387" pos=<7362.13, 18.46, 7133.72>) CloseBarrel dp_box_big_Grey
18:03:23: Player "[L.B] ploodrinny" (steam64id="76561198312062387" pos=<7362.58, 18.46, 7133.72>) OpenBarrel dp_box_big_Grey
18:03:56: Player "TcheLoco" (steam64id="76561198099449370" pos=<9559.66, 6.07, 9582.17>) OpenBarrel dp_box_small_Olive
18:05:38: Player "Passo Largo" (steam64id="76561198057660141" pos=<7551.17, 35.24, 7900.17>) OpenBarrel dp_box_big_Brown
18:05:43: Player "Passo Largo" (steam64id="76561198057660141" pos=<7551.18, 35.24, 7900.03>) CloseBarrel dp_box_big_Brown
18:05:45: Player "Passo Largo" (steam64id="76561198057660141" pos=<7551.26, 35.24, 7899.31>) OpenBarrel dp_box_big_Brown
18:30:53: Player "[G.M] O verdadeiro" (steam64id="76561198351631304" pos=<10115.2, 1.88, 9344.22>) OpenBarrel Barrel_Blue
18:30:59: Player "[G.M] O verdadeiro" (steam64id="76561198351631304" pos=<10115.2, 1.88, 9344.22>) CloseBarrel Barrel_Blue
19:23:06: Player "[G.M] O verdadeiro" (steam64id="76561198351631304" pos=<10114.5, 2.10, 9344.42>) OpenBarrel Barrel_Blue
19:23:16: Player "[G.M] O verdadeiro" (steam64id="76561198351631304" pos=<10114.6, 1.99, 9344.66>) CloseBarrel Barrel_Blue
19:23:19: Player "[G.M] O verdadeiro" (steam64id="76561198351631304" pos=<10113.7, 2.06, 9346.2>) OpenBarrel Barrel_Blue
19:23:27: Player "[G.M] O verdadeiro" (steam64id="76561198351631304" pos=<10114.1, 2.15, 9344.54>) CloseBarrel Barrel_Blue
19:41:23: Player "[L.B]TropaDoEnguisa" (steam64id="76561198211423224" pos=<9886.52, 48.84, 6364.62>) OpenBarrel Barrel_Red
19:41:24: Player "[L.B]TropaDoEnguisa" (steam64id="76561198211423224" pos=<9886.52, 48.84, 6364.62>) CloseBarrel Barrel_Red
19:41:26: Player "[L.B]TropaDoEnguisa" (steam64id="76561198211423224" pos=<9886.52, 48.84, 6364.62>) OpenBarrel Barrel_Red
19:41:27: Player "[L.B]TropaDoEnguisa" (steam64id="76561198211423224" pos=<9886.52, 48.84, 6364.62>) CloseBarrel Barrel_Red
19:44:18: Player "[YKZ]-BlackBear" (steam64id="76561198343030820" pos=<11080.4, 41.37, 8423.62>) CloseBarrel dp_box_big_Brown
19:44:20: Player "[YKZ]-BlackBear" (steam64id="76561198343030820" pos=<11081.5, 41.37, 8422.5>) CloseBarrel dp_box_small_Brown
19:44:22: Player "[YKZ]-BlackBear" (steam64id="76561198343030820" pos=<11082.2, 41.37, 8421.39>) CloseBarrel dp_box_big_Tan
19:47:34: Player "[YKZ]-BlackBear" (steam64id="76561198343030820" pos=<11081.6, 41.37, 8422.42>) OpenBarrel dp_box_small_Brown
19:48:10: Player "[G.M] O verdadeiro" (steam64id="76561198351631304" pos=<10163.7, 6.85, 9282.23>) OpenBarrel Barrel_Blue
20:35:02: Player "OZIEL" (steam64id="76561199063596086" pos=<10428.5, 12.53, 11549.4>) OpenBarrel dp_box_big_Brown
20:35:37: Player "OZIEL" (steam64id="76561199063596086" pos=<10428.4, 12.53, 11548.9>) OpenBarrel dp_box_big_Brown
20:39:59: Player "[G.M] O verdadeiro" (steam64id="76561198351631304" pos=<10164.2, 6.85, 9280.35>) CloseBarrel Barrel_Blue
21:07:43: Player "Biel FxR" (steam64id="76561198050836260" pos=<7625.55, 12.20, 9812.28>) OpenBarrel dp_box_small_Brown
21:14:32: Player "OZIEL" (steam64id="76561199063596086" pos=<10426.8, 12.53, 11524.8>) OpenBarrel dp_box_big_Brown
21:14:38: Player "OZIEL" (steam64id="76561199063596086" pos=<10427.2, 12.53, 11525.5>) CloseBarrel dp_box_big_Brown
21:14:40: Player "OZIEL" (steam64id="76561199063596086" pos=<10427, 12.53, 11527.6>) OpenBarrel dp_box_big_Brown
21:14:52: Player "Biel FxR" (steam64id="76561198050836260" pos=<7625.28, 12.20, 9812.68>) CloseBarrel dp_box_small_Brown
21:22:33: Player "Biel FxR" (steam64id="76561198050836260" pos=<7625.65, 12.20, 9812.13>) OpenBarrel dp_box_small_Brown
21:29:48: Player "OZIEL" (steam64id="76561199063596086" pos=<10427, 12.53, 11526.3>) OpenBarrel dp_box_big_Brown
21:31:49: Player "chron1c" (steam64id="76561198205585613" pos=<11081.2, 41.37, 8422.12>) OpenBarrel dp_box_big_Tan
21:31:54: Player "chron1c" (steam64id="76561198205585613" pos=<11081.6, 41.37, 8422.21>) CloseBarrel dp_box_big_Tan
21:31:56: Player "chron1c" (steam64id="76561198205585613" pos=<11081.1, 41.37, 8422.75>) CloseBarrel dp_box_small_Brown
21:31:57: Player "chron1c" (steam64id="76561198205585613" pos=<11080.7, 41.37, 8423.25>) OpenBarrel dp_box_big_Brown
21:32:00: Player "chron1c" (steam64id="76561198205585613" pos=<11080.7, 41.37, 8423.25>) CloseBarrel dp_box_big_Brown
21:46:04: Player "Passo Largo" (steam64id="76561198057660141" pos=<7550.87, 35.24, 7898.72>) CloseBarrel dp_box_big_Brown
21:47:10: Player "Passo Largo" (steam64id="76561198057660141" pos=<7551.25, 35.24, 7898.7>) OpenBarrel dp_box_big_Brown
21:47:16: Player "Passo Largo" (steam64id="76561198057660141" pos=<7551.25, 35.24, 7898.7>) CloseBarrel dp_box_big_Brown
21:49:49: Player "[YKZ]-BlackBear" (steam64id="76561198343030820" pos=<12003.6, 8.49, 7613.85>) OpenBarrel dp_box_big_Brown
21:50:23: Player "Passo Largo" (steam64id="76561198057660141" pos=<7551.28, 35.24, 7899.8>) OpenBarrel dp_box_big_Brown
21:51:46: Player "chron1c" (steam64id="76561198205585613" pos=<12037.1, 8.34, 7661.05>) CloseBarrel dp_box_big_Brown
21:51:55: Player "chron1c" (steam64id="76561198205585613" pos=<12037.1, 8.23, 7661.85>) OpenBarrel dp_box_big_Brown
21:52:02: Player "chron1c" (steam64id="76561198205585613" pos=<12037.1, 8.36, 7660.89>) CloseBarrel dp_box_big_Brown
21:55:04: Player "Passo Largo" (steam64id="76561198057660141" pos=<7550.85, 35.24, 7900.39>) CloseBarrel dp_box_big_Brown
22:11:16: Player "chron1c" (steam64id="76561198205585613" pos=<10714.5, 50.77, 6940.83>) OpenBarrel dp_box_big_Olive
22:11:25: Player "chron1c" (steam64id="76561198205585613" pos=<10714.4, 50.76, 6941.03>) CloseBarrel dp_box_big_Olive
22:25:55: Player "CHASER?" (steam64id="76561198246131158" pos=<10755.4, 30.68, 13149.7>) CloseBarrel dp_box_big_Tan
22:25:56: Player "CHASER?" (steam64id="76561198246131158" pos=<10755.4, 30.68, 13149.7>) OpenBarrel dp_box_big_Tan
22:26:04: Player "CHASER?" (steam64id="76561198246131158" pos=<10755.4, 30.68, 13149.7>) CloseBarrel dp_box_big_Tan
22:26:17: Player "?? Prince#4184" (steam64id="76561198199985663" pos=<10755.5, 30.74, 13150.3>) OpenBarrel dp_box_big_Tan
22:26:36: Player "[YKZ]-BlackBear" (steam64id="76561198343030820" pos=<11085.2, 4.21, 8421.04>) OpenBarrel dp_box_big_Olive
22:44:13: Player "[HORDA]ThiagoPenna" (steam64id="76561198218822351" pos=<9559.75, 6.07, 9582.63>) CloseBarrel dp_box_small_Olive
22:44:14: Player "[HORDA]ThiagoPenna" (steam64id="76561198218822351" pos=<9559.32, 6.07, 9583.21>) CloseBarrel Barrel_Blue
22:44:22: Player "[DY] CINDERELA" (steam64id="76561199153781943" pos=<7594.33, 37.53, 7891.31>) OpenBarrel dp_box_small_Brown
22:44:23: Player "[DY] CINDERELA" (steam64id="76561199153781943" pos=<7594.33, 37.53, 7891.31>) CloseBarrel dp_box_small_Brown
22:44:24: Player "[DY] CINDERELA" (steam64id="76561199153781943" pos=<7594.33, 37.53, 7891.31>) OpenBarrel dp_box_small_Brown
22:49:48: Player "Biel FxR" (steam64id="76561198050836260" pos=<7626.02, 12.20, 9813.25>) CloseBarrel dp_box_small_Brown
22:58:07: Player "[DY] CINDERELA" (steam64id="76561199153781943" pos=<7601.3, 36.58, 7870.7>) CloseBarrel dp_box_small_Brown
22:59:33: Player "[DY] CINDERELA" (steam64id="76561199153781943" pos=<7600.72, 36.58, 7871.08>) OpenBarrel dp_box_small_Brown
22:59:41: Player "[ONE}Rick" (steam64id="76561198868590548" pos=<7603.83, 36.58, 7870.83>) OpenBarrel dp_box_big_Grey
23:00:04: Player "[DY] CINDERELA" (steam64id="76561199153781943" pos=<7601.27, 36.58, 7870.65>) CloseBarrel dp_box_small_Brown
23:00:08: Player "[DY] CINDERELA" (steam64id="76561199153781943" pos=<7600.66, 36.58, 7871.16>) OpenBarrel dp_box_small_Brown
23:00:17: Player "[DY] CINDERELA" (steam64id="76561199153781943" pos=<7600.47, 36.58, 7871.09>) CloseBarrel dp_box_small_Brown
23:01:54: Player "[YKZ] Felps" (steam64id="76561198892779186" pos=<11090.1, 32.04, 8419.74>) CloseBarrel dp_box_big_Olive
23:01:58: Player "[ONE}Rick" (steam64id="76561198868590548" pos=<7602.08, 36.58, 7870.63>) CloseBarrel dp_box_big_Grey
23:02:01: Player "[ONE}Rick" (steam64id="76561198868590548" pos=<7601.22, 37.04, 7871.23>) OpenBarrel dp_box_small_Brown
23:05:47: Player "[ONE] XxibahH" (steam64id="76561198165228070" pos=<7601.49, 36.58, 7870.75>) OpenBarrel dp_box_big_Grey
23:10:42: Player "pedrobala" (steam64id="76561198046653521" pos=<10388.9, 17.64, 10612.4>) OpenBarrel dp_box_big_Grey
23:16:22: Player "G A T O" (steam64id="76561199207813177" pos=<7550.48, 35.26, 7894.73>) OpenBarrel dp_box_big_Brown
23:16:51: Player "pedrobala" (steam64id="76561198046653521" pos=<10392.8, 18.14, 10612.1>) OpenBarrel dp_box_big_Grey
23:17:39: Player "pedrobala" (steam64id="76561198046653521" pos=<10390.3, 17.66, 10611.6>) OpenBarrel dp_box_big_Grey
23:18:19: Player "G A T O" (steam64id="76561199207813177" pos=<7550.51, 35.26, 7894.94>) CloseBarrel dp_box_big_Brown
23:18:31: Player "pedrobala" (steam64id="76561198046653521" pos=<10387.7, 17.66, 10617>) OpenBarrel dp_box_big_Grey
23:18:47: Player "pedrobala" (steam64id="76561198046653521" pos=<10387, 17.64, 10616.9>) CloseBarrel dp_box_big_Grey
23:18:50: Player "pedrobala" (steam64id="76561198046653521" pos=<10388.3, 17.64, 10613.3>) CloseBarrel dp_box_big_Grey
23:18:51: Player "pedrobala" (steam64id="76561198046653521" pos=<10390, 17.66, 10612.2>) CloseBarrel dp_box_big_Grey
23:18:53: Player "pedrobala" (steam64id="76561198046653521" pos=<10392.1, 17.69, 10612.1>) CloseBarrel dp_box_big_Grey
23:20:32: Player "pedrobala" (steam64id="76561198046653521" pos=<10387.1, 17.65, 10617>) OpenBarrel dp_box_big_Grey
23:20:34: Player "pedrobala" (steam64id="76561198046653521" pos=<10387.2, 17.65, 10617>) CloseBarrel dp_box_big_Grey
23:20:52: Player "pedrobala" (steam64id="76561198046653521" pos=<10392, 17.68, 10611.4>) OpenBarrel dp_box_big_Grey
23:21:33: Player "pedrobala" (steam64id="76561198046653521" pos=<10392.4, 17.69, 10612.1>) CloseBarrel dp_box_big_Grey
23:21:34: Player "pedrobala" (steam64id="76561198046653521" pos=<10392.1, 17.69, 10612.1>) OpenBarrel dp_box_big_Grey
23:22:14: Player "pedrobala" (steam64id="76561198046653521" pos=<10391.1, 17.67, 10611.9>) CloseBarrel dp_box_big_Grey
23:22:54: Player "G A T O" (steam64id="76561199207813177" pos=<7551.39, 35.24, 7900.75>) OpenBarrel dp_box_big_Brown
23:23:00: Player "G A T O" (steam64id="76561199207813177" pos=<7551.39, 35.24, 7900.75>) CloseBarrel dp_box_big_Brown
23:23:01: Player "G A T O" (steam64id="76561199207813177" pos=<7551.2, 35.24, 7899.41>) OpenBarrel dp_box_big_Brown
23:23:08: Player "G A T O" (steam64id="76561199207813177" pos=<7551.17, 35.24, 7899.38>) CloseBarrel dp_box_big_Brown
23:23:13: Player "pedrobala" (steam64id="76561198046653521" pos=<10390.1, 17.66, 10612.3>) OpenBarrel dp_box_big_Grey
23:24:43: Player "G A T O" (steam64id="76561199207813177" pos=<7550.89, 35.24, 7900.28>) OpenBarrel dp_box_big_Brown
23:24:55: Player "G A T O" (steam64id="76561199207813177" pos=<7551.01, 35.24, 7899.29>) OpenBarrel dp_box_big_Brown
23:25:07: Player "G A T O" (steam64id="76561199207813177" pos=<7551.35, 35.24, 7899.09>) CloseBarrel dp_box_big_Brown
23:25:08: Player "G A T O" (steam64id="76561199207813177" pos=<7551.17, 35.24, 7899.81>) OpenBarrel dp_box_big_Brown
23:25:18: Player "G A T O" (steam64id="76561199207813177" pos=<7551.08, 35.24, 7899.9>) CloseBarrel dp_box_big_Brown
23:25:19: Player "G A T O" (steam64id="76561199207813177" pos=<7551.08, 35.24, 7899.9>) CloseBarrel dp_box_big_Brown
23:27:38: Player "G A T O" (steam64id="76561199207813177" pos=<7551.15, 35.24, 7899.31>) OpenBarrel dp_box_big_Brown
23:28:11: Player "pedrobala" (steam64id="76561198046653521" pos=<10391.5, 17.68, 10612.6>) CloseBarrel dp_box_big_Grey
23:37:38: Player "pedrobala" (steam64id="76561198046653521" pos=<10391.5, 17.68, 10612.1>) OpenBarrel dp_box_big_Grey
23:37:39: Player "pedrobala" (steam64id="76561198046653521" pos=<10391.5, 17.68, 10612.1>) CloseBarrel dp_box_big_Grey
23:39:08: Player "pedrobala" (steam64id="76561198046653521" pos=<10389.9, 17.65, 10611.9>) OpenBarrel dp_box_big_Grey
23:39:16: Player "pedrobala" (steam64id="76561198046653521" pos=<10389.1, 17.64, 10611.9>) CloseBarrel dp_box_big_Grey
23:40:20: Player "pedrobala" (steam64id="76561198046653521" pos=<10389.4, 17.65, 10612.1>) OpenBarrel dp_box_big_Grey
23:40:27: Player "pedrobala" (steam64id="76561198046653521" pos=<10389, 17.64, 10612>) CloseBarrel dp_box_big_Grey
23:40:33: Player "pedrobala" (steam64id="76561198046653521" pos=<10388.7, 17.64, 10612.7>) OpenBarrel dp_box_big_Grey
23:40:35: Player "pedrobala" (steam64id="76561198046653521" pos=<10391.6, 17.68, 10612.2>) OpenBarrel dp_box_big_Grey
23:40:40: Player "pedrobala" (steam64id="76561198046653521" pos=<10392.3, 17.69, 10612.5>) OpenBarrel dp_box_big_Grey
23:41:20: Player "pedrobala" (steam64id="76561198046653521" pos=<10392.4, 17.68, 10610>) OpenBarrel dp_box_big_Grey
23:41:22: Player "pedrobala" (steam64id="76561198046653521" pos=<10392.4, 17.68, 10610>) CloseBarrel dp_box_big_Grey
23:41:54: Player "pedrobala" (steam64id="76561198046653521" pos=<10390.5, 17.64, 10609.1>) OpenBarrel dp_box_big_Grey
23:42:43: Player "pedrobala" (steam64id="76561198046653521" pos=<10392.7, 17.68, 10609.8>) OpenBarrel dp_box_big_Grey
23:47:56: Player "pedrobala" (steam64id="76561198046653521" pos=<10392.2, 17.67, 10609.3>) CloseBarrel dp_box_big_Grey
23:49:01: Player "pedrobala" (steam64id="76561198046653521" pos=<10389.4, 17.64, 10611.7>) CloseBarrel dp_box_big_Grey
23:49:03: Player "pedrobala" (steam64id="76561198046653521" pos=<10391, 17.65, 10609.1>) CloseBarrel dp_box_big_Grey
23:51:16: Player "pedrobala" (steam64id="76561198046653521" pos=<10389.7, 17.65, 10611.9>) OpenBarrel dp_box_big_Grey
23:51:22: Player "pedrobala" (steam64id="76561198046653521" pos=<10389.3, 17.64, 10611.8>) CloseBarrel dp_box_big_Grey
23:51:24: Player "pedrobala" (steam64id="76561198046653521" pos=<10391.3, 17.66, 10609.5>) OpenBarrel dp_box_big_Grey
23:52:12: Player "pedrobala" (steam64id="76561198046653521" pos=<10390.6, 17.65, 10609.5>) CloseBarrel dp_box_big_Grey
23:52:26: Player "pedrobala" (steam64id="76561198046653521" pos=<10391.2, 17.68, 10612.5>) CloseBarrel dp_box_big_Grey
23:52:27: Player "pedrobala" (steam64id="76561198046653521" pos=<10391.8, 17.69, 10612.6>) CloseBarrel dp_box_big_Grey
23:58:08: Player "pedrobala" (steam64id="76561198046653521" pos=<10390.1, 17.65, 10611.6>) OpenBarrel dp_box_big_Grey
23:58:12: Player "pedrobala" (steam64id="76561198046653521" pos=<10389.1, 17.64, 10612.1>) CloseBarrel dp_box_big_Grey
