00:03:38: Player "[YKZ] pedrobala" (steam64id="76561198046653521" pos=<10382.9, 14.92, 10626.4>) CloseBarrel dp_box_big_Grey
00:04:45: Player "Xupyra" (steam64id="76561198258911731" pos=<8857.09, 11.61, 10238.4>) CloseBarrel dp_box_small_Olive
00:04:50: Player "Xupyra" (steam64id="76561198258911731" pos=<8857.24, 11.61, 10238.5>) OpenBarrel dp_box_small_Olive
00:05:00: Player "Xupyra" (steam64id="76561198258911731" pos=<8857.03, 11.61, 10238.3>) CloseBarrel dp_box_small_Olive
00:05:05: Player "[YKZ] pedrobala" (steam64id="76561198046653521" pos=<10383.4, 14.93, 10626.7>) CloseBarrel dp_box_big_Grey
00:06:53: Player "[YKZ] pedrobala" (steam64id="76561198046653521" pos=<10379.9, 14.85, 10621.8>) OpenBarrel dp_box_big_Grey
00:06:54: Player "[YKZ] pedrobala" (steam64id="76561198046653521" pos=<10379.9, 14.89, 10624.2>) OpenBarrel dp_box_big_Grey
00:07:07: Player "[YKZ] pedrobala" (steam64id="76561198046653521" pos=<10380.1, 14.91, 10625.5>) CloseBarrel dp_box_big_Grey
00:07:09: Player "[YKZ] pedrobala" (steam64id="76561198046653521" pos=<10379.7, 14.87, 10623.2>) CloseBarrel dp_box_big_Grey
00:07:11: Player "[YKZ] pedrobala" (steam64id="76561198046653521" pos=<10380.3, 14.84, 10621.1>) CloseBarrel dp_box_big_Grey
00:07:12: Player "[YKZ] pedrobala" (steam64id="76561198046653521" pos=<10380.2, 14.86, 10622.4>) CloseBarrel dp_box_big_Grey
00:07:15: Player "[YKZ] pedrobala" (steam64id="76561198046653521" pos=<10380.1, 14.88, 10623.7>) CloseBarrel dp_box_big_Grey
00:08:22: Player "[YKZ] pedrobala" (steam64id="76561198046653521" pos=<10380.4, 14.85, 10622>) OpenBarrel dp_box_big_Grey
00:08:27: Player "[YKZ] pedrobala" (steam64id="76561198046653521" pos=<10380.4, 14.85, 10622>) CloseBarrel dp_box_big_Grey
00:08:39: Player "Xupyra" (steam64id="76561198258911731" pos=<8845.02, 7.48, 10257.1>) CloseBarrel dp_box_big_Green
00:08:41: Player "Xupyra" (steam64id="76561198258911731" pos=<8844.01, 7.48, 10255.7>) CloseBarrel dp_box_big_Green
00:09:33: Player "Xupyra" (steam64id="76561198258911731" pos=<8844.56, 7.48, 10256.7>) OpenBarrel dp_box_big_Green
00:09:36: Player "Xupyra" (steam64id="76561198258911731" pos=<8844.17, 7.48, 10255.6>) OpenBarrel dp_box_big_Green
00:16:04: Player "[HORDA]ThiagoPenna" (steam64id="76561198218822351" pos=<9955.53, 19.17, 11779.5>) CloseBarrel dp_box_big_Grey
00:16:06: Player "[HORDA]ThiagoPenna" (steam64id="76561198218822351" pos=<9955.53, 19.17, 11779.5>) OpenBarrel dp_box_big_Grey
00:16:14: Player "[HORDA]ThiagoPenna" (steam64id="76561198218822351" pos=<9955.53, 19.17, 11779.5>) CloseBarrel dp_box_big_Grey
00:16:23: Player "[HORDA]ThiagoPenna" (steam64id="76561198218822351" pos=<9956.41, 19.17, 11778.4>) CloseBarrel dp_box_big_Grey
00:16:25: Player "[HORDA]ThiagoPenna" (steam64id="76561198218822351" pos=<9955.87, 19.17, 11779.8>) OpenBarrel dp_box_big_Grey
00:16:32: Player "[HORDA]ThiagoPenna" (steam64id="76561198218822351" pos=<9955.98, 19.17, 11778.3>) CloseBarrel dp_box_big_Grey
00:26:03: Player "[HORDA]ThiagoPenna" (steam64id="76561198218822351" pos=<9955.42, 19.17, 11779>) OpenBarrel dp_box_big_Grey
00:26:16: Player "[HORDA]ThiagoPenna" (steam64id="76561198218822351" pos=<9955.42, 19.17, 11779>) CloseBarrel dp_box_big_Grey
00:26:18: Player "[HORDA]ThiagoPenna" (steam64id="76561198218822351" pos=<9956.34, 19.17, 11778.2>) OpenBarrel dp_box_big_Grey
00:46:32: Player "[HORDA]ThiagoPenna" (steam64id="76561198218822351" pos=<9955.64, 19.17, 11779.2>) OpenBarrel dp_box_big_Grey
00:46:36: Player "[YKZ] pedrobala" (steam64id="76561198046653521" pos=<10382.5, 14.84, 10621.4>) OpenBarrel dp_box_big_Grey
00:46:36: Player "[HORDA]ThiagoPenna" (steam64id="76561198218822351" pos=<9955.64, 19.17, 11779.2>) CloseBarrel dp_box_big_Grey
00:46:40: Player "[HORDA]ThiagoPenna" (steam64id="76561198218822351" pos=<9956.27, 19.17, 11778.5>) CloseBarrel dp_box_big_Grey
00:46:44: Player "[HORDA]ThiagoPenna" (steam64id="76561198218822351" pos=<9954.41, 19.17, 11777.3>) CloseBarrel dp_box_big_Grey
00:46:46: Player "[YKZ] pedrobala" (steam64id="76561198046653521" pos=<10380.4, 14.85, 10621.8>) CloseBarrel dp_box_big_Grey
00:47:51: Player "[YKZ] pedrobala" (steam64id="76561198046653521" pos=<10382.7, 14.88, 10623.8>) OpenBarrel dp_box_big_Grey
00:48:17: Player "[YKZ] pedrobala" (steam64id="76561198046653521" pos=<10386.5, 14.79, 10619.5>) CloseBarrel dp_box_big_Grey
00:49:46: Player "[YKZ] pedrobala" (steam64id="76561198046653521" pos=<10380.2, 14.82, 10620.2>) OpenBarrel dp_box_big_Grey
00:49:48: Player "[YKZ] pedrobala" (steam64id="76561198046653521" pos=<10380, 14.86, 10622.2>) OpenBarrel dp_box_big_Grey
00:49:49: Player "[YKZ] pedrobala" (steam64id="76561198046653521" pos=<10379.7, 14.89, 10624.3>) OpenBarrel dp_box_big_Grey
00:49:55: Player "[YKZ] pedrobala" (steam64id="76561198046653521" pos=<10380.3, 14.82, 10620.1>) CloseBarrel dp_box_big_Grey
00:49:57: Player "[YKZ] pedrobala" (steam64id="76561198046653521" pos=<10380, 14.86, 10622.5>) CloseBarrel dp_box_big_Grey
00:49:58: Player "[YKZ] pedrobala" (steam64id="76561198046653521" pos=<10380, 14.86, 10622.5>) OpenBarrel dp_box_big_Grey
00:50:52: Player "[HORDA]ThiagoPenna" (steam64id="76561198218822351" pos=<9955.89, 19.17, 11778.3>) OpenBarrel dp_box_big_Grey
00:51:02: Player "[HORDA]ThiagoPenna" (steam64id="76561198218822351" pos=<9955.95, 19.17, 11779.5>) OpenBarrel dp_box_big_Grey
00:51:11: Player "[YKZ] pedrobala" (steam64id="76561198046653521" pos=<10383.5, 14.87, 10623.3>) OpenBarrel dp_box_big_Grey
00:51:45: Player "[YKZ] pedrobala" (steam64id="76561198046653521" pos=<10380.4, 14.89, 10624.4>) CloseBarrel dp_box_big_Grey
00:51:50: Player "[YKZ] pedrobala" (steam64id="76561198046653521" pos=<10381, 14.83, 10620.9>) CloseBarrel dp_box_big_Grey
00:53:18: Player "[YKZ] pedrobala" (steam64id="76561198046653521" pos=<10380.3, 14.82, 10620.3>) OpenBarrel dp_box_big_Grey
00:53:59: Player "[YKZ] pedrobala" (steam64id="76561198046653521" pos=<10380.3, 14.82, 10620.3>) CloseBarrel dp_box_big_Grey
00:57:04: Player "[HORDA]ThiagoPenna" (steam64id="76561198218822351" pos=<9954.94, 19.63, 11776.9>) OpenBarrel dp_box_big_Grey
00:57:05: Player "[YKZ] pedrobala" (steam64id="76561198046653521" pos=<10386.8, 14.74, 10616.5>) OpenBarrel dp_box_big_Grey
00:57:20: Player "[YKZ] pedrobala" (steam64id="76561198046653521" pos=<10386.5, 14.73, 10616>) CloseBarrel dp_box_big_Grey
01:04:47: Player "[YKZ] pedrobala" (steam64id="76561198046653521" pos=<10387, 14.73, 10616>) OpenBarrel dp_box_big_Grey
01:05:02: Player "[YKZ] pedrobala" (steam64id="76561198046653521" pos=<10387.1, 14.74, 10616.6>) CloseBarrel dp_box_big_Grey
01:05:04: Player "[YKZ] pedrobala" (steam64id="76561198046653521" pos=<10386.3, 14.78, 10618.8>) OpenBarrel dp_box_big_Grey
01:05:09: Player "[YKZ] pedrobala" (steam64id="76561198046653521" pos=<10386.3, 14.78, 10618.5>) CloseBarrel dp_box_big_Grey
01:05:43: Player "[YKZ] pedrobala" (steam64id="76561198046653521" pos=<10379.9, 14.90, 10624.6>) OpenBarrel dp_box_big_Grey
01:05:58: Player "[YKZ] pedrobala" (steam64id="76561198046653521" pos=<10379.9, 14.90, 10624.6>) CloseBarrel dp_box_big_Grey
01:09:32: Player "[HORDA]ThiagoPenna" (steam64id="76561198218822351" pos=<9953.43, 19.58, 11776.9>) CloseBarrel dp_box_big_Grey
01:10:03: Player "[YKZ] pedrobala" (steam64id="76561198046653521" pos=<10380.4, 14.82, 10620.2>) OpenBarrel dp_box_big_Grey
01:10:10: Player "[YKZ] pedrobala" (steam64id="76561198046653521" pos=<10380.3, 14.84, 10621.3>) CloseBarrel dp_box_big_Grey
01:10:11: Player "[YKZ] pedrobala" (steam64id="76561198046653521" pos=<10380, 14.90, 10624.8>) OpenBarrel dp_box_big_Grey
01:10:12: Player "[HORDA]ThiagoPenna" (steam64id="76561198218822351" pos=<9952.97, 19.17, 11777.5>) OpenBarrel dp_box_big_Grey
01:10:24: Player "[YKZ] pedrobala" (steam64id="76561198046653521" pos=<10379.7, 14.90, 10624.7>) CloseBarrel dp_box_big_Grey
01:12:48: Player "[YKZ] pedrobala" (steam64id="76561198046653521" pos=<10380.3, 14.84, 10621.1>) OpenBarrel dp_box_big_Grey
01:12:52: Player "[YKZ] pedrobala" (steam64id="76561198046653521" pos=<10380.4, 14.83, 10620.9>) CloseBarrel dp_box_big_Grey
01:26:07: Player "[HORDA]ThiagoPenna" (steam64id="76561198218822351" pos=<9956.94, 7.53, 11777.1>) CloseBarrel dp_box_big_Grey
01:27:24: Player "[HORDA]ThiagoPenna" (steam64id="76561198218822351" pos=<9953.3, 19.17, 11777.4>) CloseBarrel dp_box_big_Grey
01:28:00: Player "[HORDA]ThiagoPenna" (steam64id="76561198218822351" pos=<9955.4, 19.17, 11778.9>) CloseBarrel dp_box_big_Grey
01:28:04: Player "[HORDA]ThiagoPenna" (steam64id="76561198218822351" pos=<9956.18, 19.17, 11778.8>) CloseBarrel dp_box_big_Grey
01:28:05: Player "[HORDA]ThiagoPenna" (steam64id="76561198218822351" pos=<9955.97, 19.17, 11779.4>) OpenBarrel dp_box_big_Grey
01:28:10: Player "[HORDA]ThiagoPenna" (steam64id="76561198218822351" pos=<9955.97, 19.17, 11779.4>) CloseBarrel dp_box_big_Grey
01:29:35: Player "[HORDA]ThiagoPenna" (steam64id="76561198218822351" pos=<9955.43, 19.17, 11779.5>) OpenBarrel dp_box_big_Grey
01:31:57: Player "[HORDA]ThiagoPenna" (steam64id="76561198218822351" pos=<9955.79, 19.17, 11779.3>) CloseBarrel dp_box_big_Grey
01:34:31: Player "[HORDA]ThiagoPenna" (steam64id="76561198218822351" pos=<9955.74, 19.17, 11777.9>) OpenBarrel dp_box_big_Grey
01:34:37: Player "[HORDA]ThiagoPenna" (steam64id="76561198218822351" pos=<9955.74, 19.17, 11777.9>) CloseBarrel dp_box_big_Grey
01:34:41: Player "[HORDA]ThiagoPenna" (steam64id="76561198218822351" pos=<9955.8, 19.17, 11778.6>) OpenBarrel dp_box_big_Grey
01:34:42: Player "[HORDA]ThiagoPenna" (steam64id="76561198218822351" pos=<9955.8, 19.17, 11778.6>) CloseBarrel dp_box_big_Grey
02:09:04: Player "[HORDA]ThiagoPenna" (steam64id="76561198218822351" pos=<9957.43, 7.53, 11777.1>) OpenBarrel dp_box_big_Grey
02:09:08: Player "[HORDA]ThiagoPenna" (steam64id="76561198218822351" pos=<9957.43, 7.53, 11777.1>) CloseBarrel dp_box_big_Grey
02:10:39: Player "[HORDA]ThiagoPenna" (steam64id="76561198218822351" pos=<9952.61, 19.17, 11776.6>) OpenBarrel dp_box_big_Grey
02:10:44: Player "[HORDA]ThiagoPenna" (steam64id="76561198218822351" pos=<9952.61, 19.17, 11776.6>) CloseBarrel dp_box_big_Grey
02:10:46: Player "[HORDA]ThiagoPenna" (steam64id="76561198218822351" pos=<9955.79, 19.17, 11778.8>) OpenBarrel dp_box_big_Grey
02:10:48: Player "[HORDA]ThiagoPenna" (steam64id="76561198218822351" pos=<9955.79, 19.17, 11778.8>) CloseBarrel dp_box_big_Grey
02:10:49: Player "[HORDA]ThiagoPenna" (steam64id="76561198218822351" pos=<9955.79, 19.17, 11778.8>) OpenBarrel dp_box_big_Grey
02:10:56: Player "[HORDA]ThiagoPenna" (steam64id="76561198218822351" pos=<9955.79, 19.17, 11778.8>) CloseBarrel dp_box_big_Grey
02:12:25: Player "[HORDA]ThiagoPenna" (steam64id="76561198218822351" pos=<9956.03, 19.17, 11779.2>) OpenBarrel dp_box_big_Grey
02:12:26: Player "[HORDA]ThiagoPenna" (steam64id="76561198218822351" pos=<9956.03, 19.17, 11779.2>) CloseBarrel dp_box_big_Grey
02:12:28: Player "[HORDA]ThiagoPenna" (steam64id="76561198218822351" pos=<9956.01, 19.17, 11779.2>) OpenBarrel dp_box_big_Grey
02:12:35: Player "[HORDA]ThiagoPenna" (steam64id="76561198218822351" pos=<9956.01, 19.17, 11779.2>) CloseBarrel dp_box_big_Grey
08:06:04: Player "GabrielDWR" (steam64id="76561199012612653" pos=<10186.7, 16.00, 12552.7>) CloseBarrel Barrel_Yellow
08:06:06: Player "GabrielDWR" (steam64id="76561199012612653" pos=<10186.7, 16.00, 12552.7>) OpenBarrel Barrel_Yellow
08:41:18: Player "ALFAA" (steam64id="76561199071067007" pos=<10179.7, 15.64, 12547.7>) CloseBarrel Barrel_Yellow
08:43:52: Player "ALFAA" (steam64id="76561199071067007" pos=<10159.2, 18.67, 12487.4>) OpenBarrel Barrel_Yellow
08:44:40: Player "ALFAA" (steam64id="76561199071067007" pos=<10159.2, 18.68, 12487.4>) CloseBarrel Barrel_Yellow
11:27:02: Player "[YKZ]-Lobato" (steam64id="76561198158375860" pos=<11090.2, 35.24, 8431.94>) OpenBarrel dp_box_big_Olive
11:27:04: Player "[YKZ]-Lobato" (steam64id="76561198158375860" pos=<11090.2, 35.24, 8431.94>) CloseBarrel dp_box_big_Olive
11:27:16: Player "[YKZ]-Lobato" (steam64id="76561198158375860" pos=<11090.1, 35.24, 8431.88>) OpenBarrel dp_box_big_Olive
11:27:17: Player "[YKZ]-Lobato" (steam64id="76561198158375860" pos=<11090.1, 35.24, 8431.88>) CloseBarrel dp_box_big_Olive
11:27:19: Player "[YKZ]-Lobato" (steam64id="76561198158375860" pos=<11090.1, 35.24, 8431.88>) OpenBarrel dp_box_big_Olive
11:27:37: Player "[YKZ]-Lobato" (steam64id="76561198158375860" pos=<11090.1, 35.24, 8431.82>) CloseBarrel dp_box_big_Olive
11:27:43: Player "[YKZ]-Lobato" (steam64id="76561198158375860" pos=<11090.1, 35.24, 8431.82>) OpenBarrel dp_box_big_Olive
11:27:44: Player "[YKZ]-Lobato" (steam64id="76561198158375860" pos=<11090.1, 35.24, 8431.82>) CloseBarrel dp_box_big_Olive
11:27:52: Player "[YKZ]-Lobato" (steam64id="76561198158375860" pos=<11089.3, 35.24, 8433.07>) OpenBarrel dp_box_big_Brown
11:27:58: Player "[YKZ]-Lobato" (steam64id="76561198158375860" pos=<11089.3, 35.24, 8433.07>) CloseBarrel dp_box_big_Brown
11:28:33: Player "[YKZ]-Lobato" (steam64id="76561198158375860" pos=<11090.2, 35.24, 8431.81>) OpenBarrel dp_box_big_Olive
11:28:44: Player "[YKZ]-Lobato" (steam64id="76561198158375860" pos=<11089.1, 35.24, 8433.5>) OpenBarrel dp_box_big_Brown
11:29:29: Player "[YKZ]-Lobato" (steam64id="76561198158375860" pos=<11089.1, 35.24, 8433.5>) CloseBarrel dp_box_big_Brown
11:30:09: Player "[YKZ]-Lobato" (steam64id="76561198158375860" pos=<11090.1, 35.24, 8431.36>) CloseBarrel dp_box_big_Olive
11:30:10: Player "[YKZ]-Lobato" (steam64id="76561198158375860" pos=<11089.5, 35.24, 8432.2>) OpenBarrel dp_box_big_Brown
11:30:17: Player "[YKZ]-Lobato" (steam64id="76561198158375860" pos=<11090.4, 35.24, 8430.93>) OpenBarrel dp_box_big_Brown
11:32:13: Player "[YKZ]-Lobato" (steam64id="76561198158375860" pos=<11089.5, 35.24, 8432.62>) CloseBarrel dp_box_big_Brown
11:32:59: Player "[YKZ]-Lobato" (steam64id="76561198158375860" pos=<11089.5, 35.24, 8432.25>) OpenBarrel dp_box_big_Brown
11:33:00: Player "[YKZ]-Lobato" (steam64id="76561198158375860" pos=<11090.2, 35.24, 8431.96>) CloseBarrel dp_box_big_Brown
11:36:26: Player "[YKZ]-Lobato" (steam64id="76561198158375860" pos=<11089.6, 35.24, 8432.53>) CloseBarrel dp_box_big_Brown
11:36:27: Player "[YKZ]-Lobato" (steam64id="76561198158375860" pos=<11089.6, 35.24, 8432.53>) OpenBarrel dp_box_big_Brown
11:36:30: Player "[YKZ]-Lobato" (steam64id="76561198158375860" pos=<11089.6, 35.24, 8432.53>) CloseBarrel dp_box_big_Brown
11:36:37: Player "ALFAA" (steam64id="76561199071067007" pos=<10159, 18.70, 12487.5>) OpenBarrel Barrel_Yellow
11:36:41: Player "[YKZ]-Lobato" (steam64id="76561198158375860" pos=<11090.2, 35.24, 8430.99>) OpenBarrel dp_box_big_Brown
11:37:46: Player "[YKZ]-Lobato" (steam64id="76561198158375860" pos=<11090, 35.24, 8431.61>) CloseBarrel dp_box_big_Brown
11:37:48: Player "[YKZ]-Lobato" (steam64id="76561198158375860" pos=<11089.4, 35.24, 8432.41>) OpenBarrel dp_box_big_Brown
11:37:54: Player "ALFAA" (steam64id="76561199071067007" pos=<10159.4, 19.24, 12486.2>) CloseBarrel Barrel_Yellow
11:39:35: Player "[YKZ]-Lobato" (steam64id="76561198158375860" pos=<11089.4, 35.24, 8432.41>) CloseBarrel dp_box_big_Brown
11:39:36: Player "[YKZ]-Lobato" (steam64id="76561198158375860" pos=<11090.2, 35.24, 8430.77>) OpenBarrel dp_box_small_Olive
11:40:03: Player "[YKZ]-Lobato" (steam64id="76561198158375860" pos=<11090, 35.24, 8431.7>) OpenBarrel dp_box_big_Olive
11:40:07: Player "[YKZ]-Lobato" (steam64id="76561198158375860" pos=<11090.1, 35.24, 8431.43>) CloseBarrel dp_box_big_Olive
11:40:19: Player "[YKZ]-Lobato" (steam64id="76561198158375860" pos=<11090.2, 35.24, 8430.9>) CloseBarrel dp_box_small_Olive
11:40:21: Player "[YKZ]-Lobato" (steam64id="76561198158375860" pos=<11089.7, 35.24, 8431.49>) OpenBarrel dp_box_big_Olive
11:40:28: Player "[YKZ]-Lobato" (steam64id="76561198158375860" pos=<11089.8, 35.24, 8431.54>) CloseBarrel dp_box_big_Olive
11:40:30: Player "[YKZ]-Lobato" (steam64id="76561198158375860" pos=<11090, 35.24, 8431.16>) OpenBarrel dp_box_big_Brown
11:41:14: Player "[YKZ]-Lobato" (steam64id="76561198158375860" pos=<11090.3, 35.24, 8430.78>) CloseBarrel dp_box_big_Brown
11:41:34: Player "[YKZ]-Lobato" (steam64id="76561198158375860" pos=<11090.4, 35.24, 8430.98>) OpenBarrel dp_box_small_Olive
11:41:35: Player "[YKZ]-Lobato" (steam64id="76561198158375860" pos=<11090.4, 35.24, 8430.98>) CloseBarrel dp_box_small_Olive
11:41:40: Player "[YKZ]-Lobato" (steam64id="76561198158375860" pos=<11090.4, 35.24, 8430.98>) OpenBarrel dp_box_small_Olive
11:41:42: Player "[YKZ]-Lobato" (steam64id="76561198158375860" pos=<11090.4, 35.24, 8430.98>) CloseBarrel dp_box_small_Olive
11:41:50: Player "[YKZ]-Lobato" (steam64id="76561198158375860" pos=<11090.5, 35.24, 8430.63>) OpenBarrel dp_box_big_Brown
11:41:52: Player "[YKZ]-Lobato" (steam64id="76561198158375860" pos=<11090.5, 35.24, 8430.63>) CloseBarrel dp_box_big_Brown
11:41:55: Player "[YKZ]-Lobato" (steam64id="76561198158375860" pos=<11089.2, 35.24, 8433.07>) OpenBarrel dp_box_big_Brown
11:42:19: Player "[YKZ]-Lobato" (steam64id="76561198158375860" pos=<11089.3, 35.24, 8433.26>) CloseBarrel dp_box_big_Brown
11:42:23: Player "[YKZ]-Lobato" (steam64id="76561198158375860" pos=<11089.5, 35.24, 8432.6>) OpenBarrel dp_box_big_Brown
11:42:54: Player "[YKZ]-Lobato" (steam64id="76561198158375860" pos=<11089.5, 35.24, 8432.6>) CloseBarrel dp_box_big_Brown
11:43:14: Player "[YKZ]-Lobato" (steam64id="76561198158375860" pos=<11090.2, 35.24, 8431.41>) OpenBarrel dp_box_big_Brown
11:43:33: Player "[YKZ]-Lobato" (steam64id="76561198158375860" pos=<11090.2, 35.24, 8431.11>) CloseBarrel dp_box_big_Brown
11:43:49: Player "[YKZ]-Lobato" (steam64id="76561198158375860" pos=<11089.8, 35.24, 8432.34>) OpenBarrel dp_box_big_Brown
11:44:01: Player "[YKZ]-Lobato" (steam64id="76561198158375860" pos=<11089.8, 35.24, 8432.34>) CloseBarrel dp_box_big_Brown
11:44:02: Player "[YKZ]-Lobato" (steam64id="76561198158375860" pos=<11089.3, 35.24, 8433.12>) OpenBarrel dp_box_big_Brown
11:44:35: Player "[YKZ]-Lobato" (steam64id="76561198158375860" pos=<11089.5, 35.24, 8432.79>) OpenBarrel dp_box_big_Brown
11:44:49: Player "[YKZ]-Lobato" (steam64id="76561198158375860" pos=<11089.5, 35.24, 8432.79>) CloseBarrel dp_box_big_Brown
11:48:33: Player "[YKZ]-Lobato" (steam64id="76561198158375860" pos=<11089.1, 35.24, 8433.24>) OpenBarrel dp_box_big_Brown
11:48:40: Player "[YKZ]-Lobato" (steam64id="76561198158375860" pos=<11089.1, 35.24, 8433.24>) CloseBarrel dp_box_big_Brown
11:48:42: Player "[YKZ]-Lobato" (steam64id="76561198158375860" pos=<11090.5, 35.24, 8431.11>) OpenBarrel dp_box_small_Olive
11:50:17: Player "[YKZ]-Lobato" (steam64id="76561198158375860" pos=<11090.6, 35.24, 8431.05>) CloseBarrel dp_box_small_Olive
11:50:22: Player "ALFAA" (steam64id="76561199071067007" pos=<10159.2, 18.64, 12487.5>) OpenBarrel Barrel_Yellow
11:50:24: Player "[YKZ]-Lobato" (steam64id="76561198158375860" pos=<11088.9, 35.24, 8432.8>) CloseBarrel dp_box_big_Brown
11:50:53: Player "ALFAA" (steam64id="76561199071067007" pos=<10158.4, 18.76, 12487.4>) CloseBarrel Barrel_Yellow
11:51:57: Player "[YKZ]-Lobato" (steam64id="76561198158375860" pos=<11090.5, 35.24, 8430.77>) OpenBarrel dp_box_big_Brown
11:52:34: Player "[YKZ]-Lobato" (steam64id="76561198158375860" pos=<11090.6, 35.24, 8430.75>) CloseBarrel dp_box_big_Brown
11:52:36: Player "[YKZ]-Lobato" (steam64id="76561198158375860" pos=<11090.2, 35.24, 8431.68>) OpenBarrel dp_box_big_Olive
11:52:37: Player "[YKZ]-Lobato" (steam64id="76561198158375860" pos=<11090.2, 35.24, 8431.68>) CloseBarrel dp_box_big_Olive
11:52:38: Player "[YKZ]-Lobato" (steam64id="76561198158375860" pos=<11090.2, 35.24, 8431.68>) OpenBarrel dp_box_big_Brown
11:52:40: Player "[YKZ]-Lobato" (steam64id="76561198158375860" pos=<11090.2, 35.24, 8431.68>) CloseBarrel dp_box_big_Brown
11:52:42: Player "[YKZ]-Lobato" (steam64id="76561198158375860" pos=<11089.2, 35.24, 8433.09>) OpenBarrel dp_box_big_Brown
11:52:43: Player "[YKZ]-Lobato" (steam64id="76561198158375860" pos=<11089.2, 35.24, 8433.09>) CloseBarrel dp_box_big_Brown
12:21:24: Player "[HORDA]MacLovin" (steam64id="76561199068236803" pos=<9957.58, 7.53, 11776.8>) OpenBarrel dp_box_big_Grey
12:22:12: Player "[HORDA]MacLovin" (steam64id="76561199068236803" pos=<9955.57, 19.17, 11779.2>) OpenBarrel dp_box_big_Grey
12:22:34: Player "[HORDA]MacLovin" (steam64id="76561199068236803" pos=<9955.57, 19.17, 11779.2>) CloseBarrel dp_box_big_Grey
12:22:35: Player "[HORDA]MacLovin" (steam64id="76561199068236803" pos=<9954.49, 19.17, 11777.6>) OpenBarrel dp_box_big_Grey
12:22:41: Player "[HORDA]MacLovin" (steam64id="76561199068236803" pos=<9953.4, 19.17, 11777.6>) CloseBarrel dp_box_big_Grey
12:24:26: Player "[HORDA]MacLovin" (steam64id="76561199068236803" pos=<9956, 19.17, 11778.5>) OpenBarrel dp_box_big_Grey
12:24:35: Player "[HORDA]MacLovin" (steam64id="76561199068236803" pos=<9954.32, 19.17, 11777.8>) OpenBarrel dp_box_big_Grey
12:26:14: Player "[HORDA]MacLovin" (steam64id="76561199068236803" pos=<9955.9, 19.17, 11779.2>) OpenBarrel dp_box_big_Grey
12:47:17: Player "[HORDA]ThiagoPenna" (steam64id="76561198218822351" pos=<9957.53, 7.53, 11776.8>) CloseBarrel dp_box_big_Grey
13:28:19: Player "[YKZ]-BlackBear" (steam64id="76561198343030820" pos=<11085.3, 41.36, 8427.42>) OpenBarrel dp_box_big_Brown
13:30:54: Player "[YKZ]-BlackBear" (steam64id="76561198343030820" pos=<11085.3, 41.36, 8427.42>) CloseBarrel dp_box_big_Brown
13:31:14: Player "[YKZ]-BlackBear" (steam64id="76561198343030820" pos=<11085.4, 41.36, 8427.68>) CloseBarrel dp_box_big_Brown
13:32:22: Player "[YKZ]-BlackBear" (steam64id="76561198343030820" pos=<11085.6, 41.36, 8427.93>) OpenBarrel dp_box_big_Brown
13:32:40: Player "[YKZ]-BlackBear" (steam64id="76561198343030820" pos=<11085.6, 41.36, 8427.93>) CloseBarrel dp_box_big_Brown
14:25:11: Player "[YKZ]-Lobato" (steam64id="76561198158375860" pos=<11090.3, 35.24, 8431.1>) OpenBarrel dp_box_big_Brown
14:25:19: Player "[YKZ]-Lobato" (steam64id="76561198158375860" pos=<11090.3, 35.24, 8431.1>) CloseBarrel dp_box_big_Brown
14:25:21: Player "[YKZ]-Lobato" (steam64id="76561198158375860" pos=<11089.1, 35.24, 8432.96>) OpenBarrel dp_box_big_Brown
14:25:41: Player "[YKZ]-Lobato" (steam64id="76561198158375860" pos=<11089.3, 35.24, 8432.83>) CloseBarrel dp_box_big_Brown
14:25:43: Player "[YKZ]-Lobato" (steam64id="76561198158375860" pos=<11090.2, 35.24, 8431.19>) OpenBarrel dp_box_small_Olive
14:26:00: Player "[YKZ]-Lobato" (steam64id="76561198158375860" pos=<11089.3, 35.24, 8432.14>) OpenBarrel dp_box_big_Brown
14:26:48: Player "[YKZ]-Lobato" (steam64id="76561198158375860" pos=<11089.3, 35.24, 8433.43>) OpenBarrel dp_box_big_Brown
14:26:50: Player "[YKZ]-Lobato" (steam64id="76561198158375860" pos=<11089.9, 35.24, 8431.27>) CloseBarrel dp_box_small_Olive
15:01:38: Player "[YKZ]-Lobato" (steam64id="76561198158375860" pos=<11090.7, 35.24, 8430.37>) OpenBarrel dp_box_big_Brown
15:01:39: Player "[YKZ]-Lobato" (steam64id="76561198158375860" pos=<11090.1, 35.24, 8432.06>) CloseBarrel dp_box_big_Brown
15:02:04: Player "[YKZ]-Lobato" (steam64id="76561198158375860" pos=<11090.5, 35.24, 8430.71>) CloseBarrel dp_box_big_Brown
