00:03:20: Player "[EB] pedrobala" (steam64id="76561198046653521" pos=<10678.5, 5.10, 8432.73>) CloseBarrel dp_box_big_Grey
00:03:22: Player "[EB] pedrobala" (steam64id="76561198046653521" pos=<10677.4, 5.09, 8434>) OpenBarrel dp_box_big_Grey
00:03:28: Player "[EB] pedrobala" (steam64id="76561198046653521" pos=<10677.4, 5.09, 8434>) CloseBarrel dp_box_big_Grey
00:03:30: Player "[EB] pedrobala" (steam64id="76561198046653521" pos=<10678.2, 5.05, 8434.92>) OpenBarrel dp_box_big_Grey
00:03:34: Player "[EB] pedrobala" (steam64id="76561198046653521" pos=<10678.2, 5.05, 8434.92>) CloseBarrel dp_box_big_Grey
00:03:36: Player "[EB] pedrobala" (steam64id="76561198046653521" pos=<10679.8, 4.97, 8436.41>) OpenBarrel dp_box_big_Grey
00:03:39: Player "[EB] pedrobala" (steam64id="76561198046653521" pos=<10679.8, 4.97, 8436.41>) CloseBarrel dp_box_big_Grey
00:04:51: Player "[EB] pedrobala" (steam64id="76561198046653521" pos=<10678.2, 5.07, 8434.21>) OpenBarrel dp_box_big_Grey
00:04:53: Player "[EB] pedrobala" (steam64id="76561198046653521" pos=<10677.9, 5.09, 8433.73>) CloseBarrel dp_box_big_Grey
00:04:55: Player "[EB] pedrobala" (steam64id="76561198046653521" pos=<10678.8, 5.47, 8432.75>) OpenBarrel dp_box_big_Grey
00:04:58: Player "[EB] pedrobala" (steam64id="76561198046653521" pos=<10678.8, 5.47, 8432.75>) CloseBarrel dp_box_big_Grey
00:05:02: Player "[EB] pedrobala" (steam64id="76561198046653521" pos=<10678.3, 5.09, 8433.69>) OpenBarrel dp_box_big_Grey
00:05:06: Player "[EB] pedrobala" (steam64id="76561198046653521" pos=<10678.3, 5.09, 8433.69>) CloseBarrel dp_box_big_Grey
00:05:45: Player "[EB] pedrobala" (steam64id="76561198046653521" pos=<10678, 5.08, 8434>) OpenBarrel dp_box_big_Grey
00:05:48: Player "[EB] pedrobala" (steam64id="76561198046653521" pos=<10677.6, 5.09, 8433.85>) CloseBarrel dp_box_big_Grey
00:05:50: Player "[EB] pedrobala" (steam64id="76561198046653521" pos=<10678.6, 5.09, 8432.94>) OpenBarrel dp_box_big_Grey
00:05:52: Player "[EB] pedrobala" (steam64id="76561198046653521" pos=<10678.6, 5.09, 8432.94>) CloseBarrel dp_box_big_Grey
00:05:56: Player "[EB] pedrobala" (steam64id="76561198046653521" pos=<10679.8, 4.98, 8436.1>) OpenBarrel dp_box_big_Grey
00:06:01: Player "[EB] pedrobala" (steam64id="76561198046653521" pos=<10679.6, 4.97, 8436.58>) CloseBarrel dp_box_big_Grey
00:06:02: Player "[EB] pedrobala" (steam64id="76561198046653521" pos=<10679.2, 5.01, 8435.35>) OpenBarrel dp_box_big_Grey
00:06:10: Player "[EB] pedrobala" (steam64id="76561198046653521" pos=<10678.8, 5.02, 8435.66>) CloseBarrel dp_box_big_Grey
00:06:12: Player "[EB] pedrobala" (steam64id="76561198046653521" pos=<10678.5, 5.09, 8433.07>) OpenBarrel dp_box_big_Grey
00:06:15: Player "[EB] pedrobala" (steam64id="76561198046653521" pos=<10678.5, 5.09, 8433.07>) CloseBarrel dp_box_big_Grey
00:06:16: Player "[EB] pedrobala" (steam64id="76561198046653521" pos=<10677.5, 5.09, 8434.06>) OpenBarrel dp_box_big_Grey
00:06:19: Player "[EB] pedrobala" (steam64id="76561198046653521" pos=<10677.5, 5.09, 8434.06>) CloseBarrel dp_box_big_Grey
00:06:20: Player "[EB] pedrobala" (steam64id="76561198046653521" pos=<10678.7, 5.09, 8433.25>) OpenBarrel dp_box_big_Grey
00:06:23: Player "[EB] pedrobala" (steam64id="76561198046653521" pos=<10678.7, 5.09, 8433.25>) CloseBarrel dp_box_big_Grey
00:07:15: Player "[EB] pedrobala" (steam64id="76561198046653521" pos=<10680.3, 4.97, 8436.08>) OpenBarrel dp_box_big_Grey
00:07:17: Player "[EB] pedrobala" (steam64id="76561198046653521" pos=<10680.3, 4.97, 8436.08>) CloseBarrel dp_box_big_Grey
00:07:19: Player "[EB] pedrobala" (steam64id="76561198046653521" pos=<10680.3, 4.97, 8436.08>) OpenBarrel dp_box_big_Grey
00:07:23: Player "[EB] pedrobala" (steam64id="76561198046653521" pos=<10680, 4.96, 8436.68>) CloseBarrel dp_box_big_Grey
00:07:25: Player "[EB] pedrobala" (steam64id="76561198046653521" pos=<10678.4, 5.05, 8434.6>) OpenBarrel dp_box_big_Grey
00:07:31: Player "[EB] pedrobala" (steam64id="76561198046653521" pos=<10678.2, 5.05, 8434.97>) CloseBarrel dp_box_big_Grey
00:07:49: Player "[EB] pedrobala" (steam64id="76561198046653521" pos=<10678, 5.08, 8433.79>) OpenBarrel dp_box_big_Grey
00:07:52: Player "[EB] pedrobala" (steam64id="76561198046653521" pos=<10677.6, 5.10, 8433.59>) CloseBarrel dp_box_big_Grey
00:07:54: Player "[EB] pedrobala" (steam64id="76561198046653521" pos=<10679.1, 5.09, 8432.43>) OpenBarrel dp_box_big_Grey
00:07:57: Player "[EB] pedrobala" (steam64id="76561198046653521" pos=<10678.7, 5.10, 8432.25>) CloseBarrel dp_box_big_Grey
00:07:59: Player "[EB] pedrobala" (steam64id="76561198046653521" pos=<10679, 5.09, 8432.89>) OpenBarrel dp_box_big_Grey
00:08:02: Player "[EB] pedrobala" (steam64id="76561198046653521" pos=<10679, 5.09, 8432.89>) CloseBarrel dp_box_big_Grey
00:08:06: Player "[EB] pedrobala" (steam64id="76561198046653521" pos=<10686.3, 5.08, 8425.53>) OpenBarrel dp_box_big_Grey
00:08:22: Player "[EB] pedrobala" (steam64id="76561198046653521" pos=<10686.5, 5.09, 8425.12>) CloseBarrel dp_box_big_Grey
00:08:39: Player "[EB] pedrobala" (steam64id="76561198046653521" pos=<10686.3, 5.09, 8425.34>) OpenBarrel dp_box_big_Grey
00:08:49: Player "[EB] pedrobala" (steam64id="76561198046653521" pos=<10686.5, 5.09, 8424.91>) CloseBarrel dp_box_big_Grey
01:18:36: Player "[YKZ]-Lobato" (steam64id="76561198158375860" pos=<11089.5, 35.24, 8432.48>) OpenBarrel dp_box_big_Brown
01:19:30: Player "[YKZ]-Lobato" (steam64id="76561198158375860" pos=<11089.5, 35.24, 8432.48>) CloseBarrel dp_box_big_Brown
01:19:33: Player "[YKZ]-Lobato" (steam64id="76561198158375860" pos=<11089.8, 35.24, 8431.17>) OpenBarrel dp_box_small_Olive
01:19:42: Player "[YKZ]-Lobato" (steam64id="76561198158375860" pos=<11089.8, 35.24, 8431.17>) CloseBarrel dp_box_small_Olive
01:19:50: Player "[YKZ]-Lobato" (steam64id="76561198158375860" pos=<11090.4, 35.24, 8430.9>) CloseBarrel dp_box_big_Brown
01:20:03: Player "[YKZ]-Lobato" (steam64id="76561198158375860" pos=<11090.4, 35.24, 8430.9>) OpenBarrel dp_box_small_Olive
01:21:10: Player "[YKZ]-Lobato" (steam64id="76561198158375860" pos=<11090.4, 35.24, 8430.9>) CloseBarrel dp_box_small_Olive
01:22:11: Player "[YKZ]-Lobato" (steam64id="76561198158375860" pos=<11090, 35.24, 8431.11>) OpenBarrel dp_box_big_Brown
01:22:23: Player "[YKZ]-Lobato" (steam64id="76561198158375860" pos=<11090.4, 35.24, 8431.06>) CloseBarrel dp_box_big_Brown
01:22:25: Player "[YKZ]-Lobato" (steam64id="76561198158375860" pos=<11089.7, 35.24, 8432.57>) OpenBarrel dp_box_big_Brown
01:22:39: Player "[YKZ]-Lobato" (steam64id="76561198158375860" pos=<11089.7, 35.24, 8432.57>) CloseBarrel dp_box_big_Brown
01:29:30: Player "[YKZ]-Lobato" (steam64id="76561198158375860" pos=<11090.2, 35.24, 8431.35>) OpenBarrel dp_box_small_Olive
11:41:13: Player "[YKZ]-Lobato" (steam64id="76561198158375860" pos=<11089.5, 35.24, 8431.65>) OpenBarrel dp_box_big_Brown
11:41:25: Player "[YKZ]-Lobato" (steam64id="76561198158375860" pos=<11089.8, 35.24, 8432.36>) CloseBarrel dp_box_big_Brown
11:41:26: Player "[YKZ]-Lobato" (steam64id="76561198158375860" pos=<11089.9, 35.24, 8430.99>) OpenBarrel dp_box_big_Brown
11:41:48: Player "[YKZ]-Lobato" (steam64id="76561198158375860" pos=<11089.9, 35.24, 8430.99>) CloseBarrel dp_box_big_Brown
11:41:51: Player "[YKZ]-Lobato" (steam64id="76561198158375860" pos=<11089.9, 35.24, 8430.99>) OpenBarrel dp_box_big_Brown
11:42:08: Player "[YKZ]-Lobato" (steam64id="76561198158375860" pos=<11089.9, 35.24, 8430.99>) CloseBarrel dp_box_small_Olive
11:42:12: Player "[YKZ]-Lobato" (steam64id="76561198158375860" pos=<11090, 35.24, 8431.22>) CloseBarrel dp_box_big_Brown
11:42:13: Player "[YKZ]-Lobato" (steam64id="76561198158375860" pos=<11089.7, 35.24, 8432.28>) OpenBarrel dp_box_big_Brown
11:42:56: Player "[YKZ]-Lobato" (steam64id="76561198158375860" pos=<11089.7, 35.24, 8432.28>) CloseBarrel dp_box_big_Brown
11:43:09: Player "[YKZ]-Lobato" (steam64id="76561198158375860" pos=<11089.5, 35.24, 8431.7>) OpenBarrel dp_box_big_Brown
11:43:22: Player "[YKZ]-Lobato" (steam64id="76561198158375860" pos=<11089.5, 35.24, 8431.7>) CloseBarrel dp_box_big_Brown
11:45:41: Player "[YKZ]-Lobato" (steam64id="76561198158375860" pos=<11089.6, 35.24, 8432.06>) OpenBarrel dp_box_big_Brown
11:45:57: Player "[YKZ]-Lobato" (steam64id="76561198158375860" pos=<11089.5, 35.24, 8432.35>) CloseBarrel dp_box_big_Brown
11:45:58: Player "[YKZ]-Lobato" (steam64id="76561198158375860" pos=<11088.9, 35.24, 8434.02>) OpenBarrel dp_box_big_Brown
11:47:35: Player "[YKZ]-Lobato" (steam64id="76561198158375860" pos=<11088.9, 35.24, 8434.02>) CloseBarrel dp_box_big_Brown
11:47:36: Player "[YKZ]-Lobato" (steam64id="76561198158375860" pos=<11088.8, 35.55, 8432.99>) OpenBarrel dp_box_big_Brown
11:47:39: Player "[YKZ]-Lobato" (steam64id="76561198158375860" pos=<11089.2, 35.24, 8432.81>) CloseBarrel dp_box_big_Brown
13:49:18: Player "[ONE] JAPA" (steam64id="76561198161060673" pos=<9570.08, 29.26, 12165.1>) OpenBarrel dp_box_big_Grey
13:49:20: Player "[ONE] JAPA" (steam64id="76561198161060673" pos=<9570.01, 29.26, 12164.9>) CloseBarrel dp_box_big_Grey
13:49:22: Player "[ONE] JAPA" (steam64id="76561198161060673" pos=<9570.29, 29.23, 12163.6>) OpenBarrel dp_box_big_Grey
13:49:23: Player "[ONE] JAPA" (steam64id="76561198161060673" pos=<9570.22, 29.22, 12163.3>) CloseBarrel dp_box_big_Grey
13:49:24: Player "[ONE] JAPA" (steam64id="76561198161060673" pos=<9569.87, 29.20, 12161.9>) OpenBarrel dp_box_big_Grey
13:54:40: Player "[ONE] JAPA" (steam64id="76561198161060673" pos=<9570.29, 29.31, 12166.5>) OpenBarrel dp_box_big_Grey
13:59:34: Player "[HORDA] JHON WICK" (steam64id="76561198122075703" pos=<9956.52, 7.53, 11777.5>) CloseBarrel dp_box_big_Grey
14:10:14: Player "[HORDA] JHON WICK" (steam64id="76561198122075703" pos=<9956.41, 7.53, 11776.3>) OpenBarrel dp_box_big_Grey
14:10:21: Player "[HORDA] JHON WICK" (steam64id="76561198122075703" pos=<9956.41, 7.54, 11776.3>) CloseBarrel dp_box_big_Grey
14:22:10: Player "marcelinho" (steam64id="76561198817477406" pos=<9956.23, 7.53, 11777.1>) OpenBarrel dp_box_big_Grey
14:23:17: Player "marcelinho" (steam64id="76561198817477406" pos=<9956.57, 7.53, 11777.2>) CloseBarrel dp_box_big_Grey
14:30:09: Player "[HORDA] JHON WICK" (steam64id="76561198122075703" pos=<9956.06, 19.86, 11776.7>) CloseBarrel dp_box_big_Grey
14:33:54: Player "marcelinho" (steam64id="76561198817477406" pos=<9957.25, 7.53, 11777.5>) OpenBarrel dp_box_big_Grey
15:47:13: Player "Betinho_maluco" (steam64id="76561198057627157" pos=<8358.72, 71.38, 6502.42>) OpenBarrel dp_box_big_Olive
15:47:22: Player "Betinho_maluco" (steam64id="76561198057627157" pos=<8357.83, 70.41, 6500.38>) CloseBarrel dp_box_big_Olive
16:16:03: Player "Betinho_maluco" (steam64id="76561198057627157" pos=<9733.22, 48.75, 6415.6>) OpenBarrel dp_box_big_Brown
16:45:00: Player "[YKZ] Felps" (steam64id="76561198892779186" pos=<11085.5, 42.06, 8426.22>) OpenBarrel dp_box_big_Olive
16:45:13: Player "[YKZ] Felps" (steam64id="76561198892779186" pos=<11086, 41.86, 8426.81>) CloseBarrel dp_box_big_Olive
16:45:35: Player "[YKZ] Felps" (steam64id="76561198892779186" pos=<11086.5, 41.86, 8426.87>) OpenBarrel dp_box_big_Olive
16:45:39: Player "[YKZ] Felps" (steam64id="76561198892779186" pos=<11086.5, 41.86, 8426.87>) CloseBarrel dp_box_big_Olive
16:45:43: Player "[YKZ] Felps" (steam64id="76561198892779186" pos=<11085.3, 41.36, 8428.09>) OpenBarrel dp_box_big_Brown
16:45:54: Player "[YKZ] Felps" (steam64id="76561198892779186" pos=<11085.2, 41.36, 8427.64>) CloseBarrel dp_box_big_Brown
16:50:16: Player "Ladimilson" (steam64id="76561198329721265" pos=<8843.94, 7.48, 10255.8>) OpenBarrel dp_box_big_Green
16:50:37: Player "Ladimilson" (steam64id="76561198329721265" pos=<8843.18, 7.48, 10254.5>) OpenBarrel dp_box_big_Green
18:18:43: Player "[HORDA]MacLovin" (steam64id="76561199068236803" pos=<9954.27, 19.17, 11777.9>) OpenBarrel dp_box_big_Grey
19:13:50: Player "Duero" (steam64id="76561198259492425" pos=<7393.1, 31.55, 8201.19>) OpenBarrel dp_box_big_Grey
19:14:02: Player "Duero" (steam64id="76561198259492425" pos=<7393.38, 31.55, 8200.98>) CloseBarrel dp_box_big_Grey
19:14:36: Player "Duero" (steam64id="76561198259492425" pos=<7393.49, 31.55, 8200.03>) OpenBarrel dp_box_big_Grey
19:16:48: Player "Santorin" (steam64id="76561199069721527" pos=<7359.28, 14.33, 7134.95>) OpenBarrel dp_box_big_Olive
19:21:44: Player "Duero" (steam64id="76561198259492425" pos=<7389.54, 31.55, 8200.51>) OpenBarrel dp_box_big_Brown
19:21:51: Player "Duero" (steam64id="76561198259492425" pos=<7389.53, 31.55, 8199.76>) CloseBarrel dp_box_big_Brown
19:23:40: Player "Duero" (steam64id="76561198259492425" pos=<7391.19, 31.55, 8202.01>) CloseBarrel dp_box_big_Olive
19:23:42: Player "Duero" (steam64id="76561198259492425" pos=<7391.1, 31.55, 8202.35>) OpenBarrel dp_box_small_Brown
19:24:39: Player "Duero" (steam64id="76561198259492425" pos=<7393.49, 31.55, 8201.04>) CloseBarrel dp_box_big_Grey
19:26:31: Player "Duero" (steam64id="76561198259492425" pos=<7393.05, 31.55, 8201.18>) OpenBarrel dp_box_big_Grey
19:33:22: Player "Duero" (steam64id="76561198259492425" pos=<7390.93, 31.55, 8202.59>) CloseBarrel dp_box_small_Brown
19:33:23: Player "Duero" (steam64id="76561198259492425" pos=<7391.53, 31.55, 8202.36>) OpenBarrel dp_box_big_Olive
19:33:26: Player "Duero" (steam64id="76561198259492425" pos=<7391.7, 31.55, 8202.29>) CloseBarrel dp_box_big_Olive
19:33:36: Player "Duero" (steam64id="76561198259492425" pos=<7390.35, 31.55, 8201.95>) OpenBarrel dp_box_big_Tan
19:33:39: Player "Duero" (steam64id="76561198259492425" pos=<7389.99, 31.55, 8201.7>) CloseBarrel dp_box_big_Tan
19:33:40: Player "Duero" (steam64id="76561198259492425" pos=<7390.17, 31.55, 8200.65>) OpenBarrel dp_box_big_Tan
21:20:29: Player "[HORDA]MacLovin" (steam64id="76561199068236803" pos=<9953.68, 19.17, 11777.1>) CloseBarrel dp_box_big_Grey
21:20:56: Player "[HORDA]MacLovin" (steam64id="76561199068236803" pos=<9954.76, 19.17, 11777.6>) OpenBarrel dp_box_big_Grey
21:32:55: Player "[YKZ] pedrobala" (steam64id="76561198046653521" pos=<10686.3, 5.08, 8425.77>) OpenBarrel dp_box_big_Grey
21:34:05: Player "[YKZ] pedrobala" (steam64id="76561198046653521" pos=<10686.3, 5.08, 8425.64>) CloseBarrel dp_box_big_Grey
21:34:23: Player "[YKZ] pedrobala" (steam64id="76561198046653521" pos=<10686.3, 5.08, 8425.62>) OpenBarrel dp_box_big_Grey
21:34:26: Player "[YKZ] pedrobala" (steam64id="76561198046653521" pos=<10686, 5.10, 8425.1>) CloseBarrel dp_box_big_Grey
21:34:28: Player "[YKZ] pedrobala" (steam64id="76561198046653521" pos=<10686.2, 5.08, 8425.44>) OpenBarrel dp_box_big_Grey
21:34:49: Player "[YKZ] pedrobala" (steam64id="76561198046653521" pos=<10686.3, 5.10, 8424.88>) CloseBarrel dp_box_big_Grey
21:34:56: Player "[YKZ] pedrobala" (steam64id="76561198046653521" pos=<10679.7, 4.98, 8436.01>) OpenBarrel dp_box_big_Grey
21:35:25: Player "[YKZ] pedrobala" (steam64id="76561198046653521" pos=<10679.7, 4.98, 8436.04>) CloseBarrel dp_box_big_Grey
21:35:28: Player "[YKZ] pedrobala" (steam64id="76561198046653521" pos=<10677.8, 5.09, 8433.82>) OpenBarrel dp_box_big_Grey
21:37:48: Player "[YKZ] pedrobala" (steam64id="76561198046653521" pos=<10679.5, 4.99, 8435.88>) OpenBarrel dp_box_big_Grey
21:37:56: Player "[YKZ] pedrobala" (steam64id="76561198046653521" pos=<10679.5, 4.99, 8435.88>) CloseBarrel dp_box_big_Grey
21:38:05: Player "[YKZ] pedrobala" (steam64id="76561198046653521" pos=<10686.4, 5.09, 8425.11>) OpenBarrel dp_box_big_Grey
21:38:17: Player "[YKZ] pedrobala" (steam64id="76561198046653521" pos=<10686.4, 5.09, 8425.11>) CloseBarrel dp_box_big_Grey
21:50:18: Player "[YKZ] Notsniw" (steam64id="76561197967151252" pos=<11080.6, 41.37, 8423.66>) OpenBarrel dp_box_small_Brown
21:50:20: Player "[YKZ] Notsniw" (steam64id="76561197967151252" pos=<11080.6, 41.37, 8423.66>) CloseBarrel dp_box_small_Brown
21:50:23: Player "[YKZ] Notsniw" (steam64id="76561197967151252" pos=<11080.9, 41.37, 8423.67>) OpenBarrel dp_box_small_Brown
21:50:24: Player "[YKZ] Notsniw" (steam64id="76561197967151252" pos=<11080.9, 41.37, 8423.67>) OpenBarrel dp_box_small_Brown
21:50:29: Player "[YKZ] Notsniw" (steam64id="76561197967151252" pos=<11080.9, 41.37, 8423.67>) CloseBarrel dp_box_small_Brown
21:50:31: Player "[YKZ] Notsniw" (steam64id="76561197967151252" pos=<11080.9, 41.37, 8423.67>) CloseBarrel dp_box_small_Brown
21:50:32: Player "[YKZ] Notsniw" (steam64id="76561197967151252" pos=<11080.3, 41.37, 8424.27>) OpenBarrel dp_box_big_Brown
21:50:37: Player "[YKZ] Notsniw" (steam64id="76561197967151252" pos=<11080.3, 41.37, 8424.27>) CloseBarrel dp_box_big_Brown
21:50:38: Player "[YKZ] Notsniw" (steam64id="76561197967151252" pos=<11081.1, 41.37, 8422.54>) OpenBarrel dp_box_big_Tan
21:50:43: Player "[YKZ] Notsniw" (steam64id="76561197967151252" pos=<11081.3, 41.37, 8421.85>) CloseBarrel dp_box_big_Tan
21:53:56: Player "[YKZ] GordoEmers" (steam64id="76561198260617608" pos=<10678.6, 5.10, 8432.62>) OpenBarrel dp_box_big_Grey
21:56:10: Player "[YKZ] GordoEmers" (steam64id="76561198260617608" pos=<10679, 5.08, 8433.37>) OpenBarrel dp_box_big_Grey
21:56:19: Player "[YKZ] GordoEmers" (steam64id="76561198260617608" pos=<10676.9, 5.07, 8434.77>) OpenBarrel dp_box_big_Grey
21:56:23: Player "[YKZ] GordoEmers" (steam64id="76561198260617608" pos=<10679.2, 4.99, 8435.91>) OpenBarrel dp_box_big_Grey
21:56:37: Player "[YKZ] GordoEmers" (steam64id="76561198260617608" pos=<10680.7, 5.42, 8435.57>) OpenBarrel dp_box_big_Grey
22:01:23: Player "[YKZ] GordoEmers" (steam64id="76561198260617608" pos=<10686.8, 5.08, 8425.29>) OpenBarrel dp_box_big_Grey
22:17:04: Player "[YKZ] pedrobala" (steam64id="76561198046653521" pos=<10682.3, 4.95, 8434.98>) CloseBarrel dp_box_big_Grey
22:18:26: Player "[YKZ] pedrobala" (steam64id="76561198046653521" pos=<10686.6, 5.07, 8425.77>) CloseBarrel dp_box_big_Grey
22:18:49: Player "[YKZ] GordoEmers" (steam64id="76561198260617608" pos=<10686.8, 5.06, 8425.85>) OpenBarrel dp_box_big_Grey
22:20:25: Player "[YKZ] GordoEmers" (steam64id="76561198260617608" pos=<10686.4, 5.09, 8424.85>) OpenBarrel dp_box_big_Grey
22:22:37: Player "[YKZ] pedrobala" (steam64id="76561198046653521" pos=<10685.9, 5.09, 8425.36>) CloseBarrel dp_box_big_Grey
22:22:40: Player "[YKZ] pedrobala" (steam64id="76561198046653521" pos=<10687, 5.46, 8425.15>) OpenBarrel dp_box_big_Grey
22:22:59: Player "[YKZ] GordoEmers" (steam64id="76561198260617608" pos=<10682.1, 5.45, 8433>) OpenBarrel dp_box_big_Grey
22:23:03: Player "[YKZ] pedrobala" (steam64id="76561198046653521" pos=<10686.5, 5.08, 8425.23>) CloseBarrel dp_box_big_Grey
22:23:03: Player "[YKZ] GordoEmers" (steam64id="76561198260617608" pos=<10682, 5.45, 8433.02>) CloseBarrel dp_box_big_Grey
22:23:04: Player "[YKZ] pedrobala" (steam64id="76561198046653521" pos=<10686.5, 5.08, 8425.23>) OpenBarrel dp_box_big_Grey
22:23:13: Player "[YKZ] pedrobala" (steam64id="76561198046653521" pos=<10686.2, 5.10, 8424.85>) CloseBarrel dp_box_big_Grey
22:23:21: Player "[YKZ] pedrobala" (steam64id="76561198046653521" pos=<10679.9, 4.96, 8436.88>) CloseBarrel dp_box_big_Grey
22:23:23: Player "[YKZ] pedrobala" (steam64id="76561198046653521" pos=<10678.6, 5.03, 8435.33>) CloseBarrel dp_box_big_Grey
22:24:43: Player "[YKZ] pedrobala" (steam64id="76561198046653521" pos=<10686.3, 5.08, 8425.36>) OpenBarrel dp_box_big_Grey
22:25:10: Player "[YKZ] pedrobala" (steam64id="76561198046653521" pos=<10686.3, 5.08, 8425.36>) CloseBarrel dp_box_big_Grey
22:27:14: Player "[YKZ] pedrobala" (steam64id="76561198046653521" pos=<10686.3, 5.08, 8425.49>) OpenBarrel dp_box_big_Grey
22:29:00: Player "[YKZ] GordoEmers" (steam64id="76561198260617608" pos=<10687.1, 5.06, 8425.61>) CloseBarrel dp_box_big_Grey
22:29:01: Player "[YKZ] GordoEmers" (steam64id="76561198260617608" pos=<10686.1, 5.10, 8424.9>) CloseBarrel dp_box_big_Grey
22:34:14: Player "[YKZ] Felps" (steam64id="76561198892779186" pos=<10686.4, 5.08, 8425.54>) OpenBarrel dp_box_big_Grey
22:34:18: Player "[YKZ] Notsniw" (steam64id="76561197967151252" pos=<10682.4, 4.90, 8436.8>) OpenBarrel dp_box_big_Grey
22:34:22: Player "[YKZ] Felps" (steam64id="76561198892779186" pos=<10686.1, 5.11, 8424.73>) OpenBarrel dp_box_big_Grey
22:35:09: Player "[YKZ] Notsniw" (steam64id="76561197967151252" pos=<10685.7, 4.90, 8433.25>) CloseBarrel dp_box_big_Grey
22:35:26: Player "[YKZ] pedrobala" (steam64id="76561198046653521" pos=<10398.3, 14.82, 10623>) OpenBarrel dp_box_big_Grey
22:35:28: Player "[YKZ] pedrobala" (steam64id="76561198046653521" pos=<10398.3, 14.82, 10623>) CloseBarrel dp_box_big_Grey
22:36:22: Player "[YKZ] Felps" (steam64id="76561198892779186" pos=<10687.6, 5.48, 8425.13>) CloseBarrel dp_box_big_Grey
22:36:24: Player "[YKZ] Felps" (steam64id="76561198892779186" pos=<10686.2, 5.10, 8424.71>) CloseBarrel dp_box_big_Grey
22:37:04: Player "[YKZ] Felps" (steam64id="76561198892779186" pos=<10678.5, 5.01, 8436.08>) OpenBarrel dp_box_big_Grey
22:37:11: Player "[YKZ] Felps" (steam64id="76561198892779186" pos=<10678.8, 5.42, 8436.6>) CloseBarrel dp_box_big_Grey
22:38:12: Player "[YKZ] Felps" (steam64id="76561198892779186" pos=<10685.8, 5.11, 8424.97>) OpenBarrel dp_box_big_Grey
22:38:15: Player "[YKZ] Felps" (steam64id="76561198892779186" pos=<10685.8, 5.11, 8424.97>) CloseBarrel dp_box_big_Grey
22:38:16: Player "[YKZ] Felps" (steam64id="76561198892779186" pos=<10686.4, 5.09, 8424.86>) OpenBarrel dp_box_big_Grey
22:38:20: Player "[YKZ] Felps" (steam64id="76561198892779186" pos=<10686.6, 5.09, 8424.94>) CloseBarrel dp_box_big_Grey
22:38:22: Player "[YKZ] Felps" (steam64id="76561198892779186" pos=<10685.5, 4.90, 8433.36>) OpenBarrel dp_box_big_Grey
22:38:24: Player "[YKZ] Felps" (steam64id="76561198892779186" pos=<10685.4, 4.91, 8433.46>) CloseBarrel dp_box_big_Grey
22:38:26: Player "[YKZ] Notsniw" (steam64id="76561197967151252" pos=<10686.8, 5.07, 8425.21>) OpenBarrel dp_box_big_Grey
22:38:29: Player "[YKZ] Notsniw" (steam64id="76561197967151252" pos=<10686.8, 5.07, 8425.21>) CloseBarrel dp_box_big_Grey
22:38:31: Player "[YKZ] Notsniw" (steam64id="76561197967151252" pos=<10686.2, 5.10, 8424.87>) OpenBarrel dp_box_big_Grey
22:38:34: Player "[YKZ] Notsniw" (steam64id="76561197967151252" pos=<10686.2, 5.10, 8424.87>) CloseBarrel dp_box_big_Grey
22:38:37: Player "[YKZ] Notsniw" (steam64id="76561197967151252" pos=<10686.2, 5.10, 8424.87>) OpenBarrel dp_box_big_Grey
22:39:12: Player "[YKZ] Notsniw" (steam64id="76561197967151252" pos=<10687.2, 4.88, 8432.61>) OpenBarrel dp_box_big_Grey
22:40:11: Player "[YKZ] pedrobala" (steam64id="76561198046653521" pos=<10381.7, 15.15, 10623>) OpenBarrel dp_box_big_Grey
22:40:13: Player "[YKZ] pedrobala" (steam64id="76561198046653521" pos=<10381.3, 14.86, 10622.5>) CloseBarrel dp_box_big_Grey
22:41:01: Player "[YKZ] pedrobala" (steam64id="76561198046653521" pos=<10383.8, 14.85, 10622.2>) CloseBarrel dp_box_big_Grey
22:50:29: Player "[YKZ] pedrobala" (steam64id="76561198046653521" pos=<10384.6, 14.91, 10626>) CloseBarrel dp_box_big_Grey
23:01:54: Player "[YKZ] Felps" (steam64id="76561198892779186" pos=<10382.3, 15.32, 10623.1>) OpenBarrel dp_box_big_Grey
23:01:58: Player "[YKZ] Felps" (steam64id="76561198892779186" pos=<10383.4, 14.87, 10623.7>) OpenBarrel dp_box_big_Grey
23:02:02: Player "[YKZ] Felps" (steam64id="76561198892779186" pos=<10384.8, 15.31, 10623.2>) OpenBarrel dp_box_big_Grey
23:05:51: Player "[YKZ] pedrobala" (steam64id="76561198046653521" pos=<10381.7, 14.93, 10627>) OpenBarrel dp_box_big_Grey
23:06:07: Player "[YKZ] pedrobala" (steam64id="76561198046653521" pos=<10381.5, 14.93, 10627>) CloseBarrel dp_box_big_Grey
23:10:04: Player "[YKZ] Notsniw" (steam64id="76561197967151252" pos=<10381.9, 14.91, 10625.4>) OpenBarrel dp_box_big_Grey
23:32:25: Player "[YKZ] pedrobala" (steam64id="76561198046653521" pos=<10381, 14.88, 10623.4>) CloseBarrel dp_box_big_Grey
23:34:26: Player "[YKZ] pedrobala" (steam64id="76561198046653521" pos=<10384.1, 14.77, 10617.5>) OpenBarrel dp_box_big_Grey
23:34:34: Player "[YKZ] pedrobala" (steam64id="76561198046653521" pos=<10383.7, 14.77, 10617.6>) CloseBarrel dp_box_big_Grey
23:34:39: Player "[YKZ] pedrobala" (steam64id="76561198046653521" pos=<10381.3, 14.87, 10623>) CloseBarrel dp_box_big_Grey
23:34:47: Player "[YKZ] pedrobala" (steam64id="76561198046653521" pos=<10383.3, 14.91, 10626>) CloseBarrel dp_box_big_Grey
23:34:50: Player "[YKZ] pedrobala" (steam64id="76561198046653521" pos=<10381.8, 14.94, 10627.3>) CloseBarrel dp_box_big_Grey
23:35:30: Player "[YKZ] pedrobala" (steam64id="76561198046653521" pos=<10383.3, 14.86, 10623>) CloseBarrel dp_box_big_Grey
23:35:46: Player "[YKZ] pedrobala" (steam64id="76561198046653521" pos=<10381, 14.82, 10620.4>) OpenBarrel dp_box_big_Grey
23:35:48: Player "[YKZ] pedrobala" (steam64id="76561198046653521" pos=<10381, 14.82, 10620.4>) CloseBarrel dp_box_big_Grey
23:36:06: Player "[YKZ] pedrobala" (steam64id="76561198046653521" pos=<10383.7, 14.91, 10626.1>) OpenBarrel dp_box_big_Grey
23:36:12: Player "[YKZ] pedrobala" (steam64id="76561198046653521" pos=<10383.7, 14.91, 10626.1>) CloseBarrel dp_box_big_Grey
23:36:31: Player "[YKZ] pedrobala" (steam64id="76561198046653521" pos=<10380.7, 14.85, 10621.8>) OpenBarrel dp_box_big_Grey
23:36:33: Player "[YKZ] pedrobala" (steam64id="76561198046653521" pos=<10380.7, 14.85, 10621.8>) CloseBarrel dp_box_big_Grey
23:50:34: Player "[YKZ] Notsniw" (steam64id="76561197967151252" pos=<10380.2, 14.84, 10621>) OpenBarrel dp_box_big_Grey
23:50:38: Player "[YKZ] Notsniw" (steam64id="76561197967151252" pos=<10380.2, 14.84, 10621>) CloseBarrel dp_box_big_Grey
23:50:49: Player "[YKZ] pedrobala" (steam64id="76561198046653521" pos=<10380.1, 14.89, 10624.2>) OpenBarrel dp_box_big_Grey
23:51:02: Player "[YKZ] pedrobala" (steam64id="76561198046653521" pos=<10379.7, 14.89, 10624.2>) CloseBarrel dp_box_big_Grey
23:51:03: Player "[YKZ] pedrobala" (steam64id="76561198046653521" pos=<10380.4, 14.86, 10622.6>) OpenBarrel dp_box_big_Grey
23:51:06: Player "[YKZ] pedrobala" (steam64id="76561198046653521" pos=<10380.4, 14.83, 10620.7>) OpenBarrel dp_box_big_Grey
23:51:08: Player "[YKZ] pedrobala" (steam64id="76561198046653521" pos=<10380.5, 14.83, 10620.4>) CloseBarrel dp_box_big_Grey
23:51:09: Player "[YKZ] pedrobala" (steam64id="76561198046653521" pos=<10379.9, 14.86, 10622.1>) CloseBarrel dp_box_big_Grey
23:52:05: Player "[YKZ] pedrobala" (steam64id="76561198046653521" pos=<10380.3, 14.83, 10620.4>) OpenBarrel dp_box_big_Grey
23:52:07: Player "[YKZ] pedrobala" (steam64id="76561198046653521" pos=<10380.3, 14.83, 10620.4>) CloseBarrel dp_box_big_Grey
23:52:08: Player "[YKZ] pedrobala" (steam64id="76561198046653521" pos=<10380.1, 14.86, 10622.1>) OpenBarrel dp_box_big_Grey
23:52:10: Player "[YKZ] pedrobala" (steam64id="76561198046653521" pos=<10380, 14.87, 10622.7>) CloseBarrel dp_box_big_Grey
23:52:11: Player "[YKZ] pedrobala" (steam64id="76561198046653521" pos=<10379.5, 14.90, 10624.5>) OpenBarrel dp_box_big_Grey
23:52:13: Player "[YKZ] pedrobala" (steam64id="76561198046653521" pos=<10379.5, 14.90, 10624.5>) CloseBarrel dp_box_big_Grey
23:52:15: Player "[YKZ] pedrobala" (steam64id="76561198046653521" pos=<10382.9, 14.92, 10626.2>) OpenBarrel dp_box_big_Grey
23:52:23: Player "[YKZ] pedrobala" (steam64id="76561198046653521" pos=<10383.5, 14.92, 10626.5>) CloseBarrel dp_box_big_Grey
23:52:53: Player "[YKZ] pedrobala" (steam64id="76561198046653521" pos=<10383.5, 14.91, 10625.9>) OpenBarrel dp_box_big_Grey
23:53:04: Player "[YKZ] pedrobala" (steam64id="76561198046653521" pos=<10383.4, 14.93, 10626.6>) CloseBarrel dp_box_big_Grey
23:53:14: Player "[YKZ] pedrobala" (steam64id="76561198046653521" pos=<10380.7, 14.83, 10620.6>) OpenBarrel dp_box_big_Grey
23:53:16: Player "[YKZ] pedrobala" (steam64id="76561198046653521" pos=<10380.1, 14.82, 10620.3>) CloseBarrel dp_box_big_Grey
23:53:17: Player "[YKZ] pedrobala" (steam64id="76561198046653521" pos=<10379.8, 14.86, 10622.4>) OpenBarrel dp_box_big_Grey
23:53:19: Player "[YKZ] pedrobala" (steam64id="76561198046653521" pos=<10380.2, 14.88, 10623.3>) CloseBarrel dp_box_big_Grey
23:53:21: Player "[YKZ] pedrobala" (steam64id="76561198046653521" pos=<10379.6, 14.90, 10624.7>) OpenBarrel dp_box_big_Grey
23:53:24: Player "[YKZ] pedrobala" (steam64id="76561198046653521" pos=<10379.4, 14.90, 10624.5>) CloseBarrel dp_box_big_Grey
23:53:28: Player "[YKZ] pedrobala" (steam64id="76561198046653521" pos=<10382.9, 14.91, 10625.8>) OpenBarrel dp_box_big_Grey
23:53:31: Player "[YKZ] pedrobala" (steam64id="76561198046653521" pos=<10383, 14.91, 10625.5>) CloseBarrel dp_box_big_Grey
23:54:15: Player "[YKZ] pedrobala" (steam64id="76561198046653521" pos=<10380.3, 14.82, 10620.3>) OpenBarrel dp_box_big_Grey
23:54:16: Player "[YKZ] pedrobala" (steam64id="76561198046653521" pos=<10380.4, 14.86, 10622.3>) OpenBarrel dp_box_big_Grey
23:54:17: Player "[YKZ] pedrobala" (steam64id="76561198046653521" pos=<10380, 14.89, 10624>) OpenBarrel dp_box_big_Grey
23:54:19: Player "[YKZ] pedrobala" (steam64id="76561198046653521" pos=<10382.8, 14.92, 10626.2>) OpenBarrel dp_box_big_Grey
23:54:22: Player "[YKZ] pedrobala" (steam64id="76561198046653521" pos=<10383.7, 14.91, 10625.7>) OpenBarrel dp_box_big_Grey
