00:03:18: Player "pedrobala" (steam64id="76561198046653521" pos=<10391.4, 17.68, 10612.1>) OpenBarrel dp_box_big_Grey
00:03:25: Player "pedrobala" (steam64id="76561198046653521" pos=<10391.3, 17.68, 10612.5>) CloseBarrel dp_box_big_Grey
00:03:59: Player "pedrobala" (steam64id="76561198046653521" pos=<10387.2, 14.52, 10617.1>) OpenBarrel dp_box_big_Grey
00:04:00: Player "pedrobala" (steam64id="76561198046653521" pos=<10387.3, 14.52, 10617>) CloseBarrel dp_box_big_Grey
00:04:37: Player "pedrobala" (steam64id="76561198046653521" pos=<10388.9, 17.65, 10613.6>) OpenBarrel dp_box_big_Grey
00:05:14: Player "pedrobala" (steam64id="76561198046653521" pos=<10390.1, 17.65, 10611.5>) CloseBarrel dp_box_big_Grey
00:05:16: Player "pedrobala" (steam64id="76561198046653521" pos=<10391.1, 17.65, 10609.7>) OpenBarrel dp_box_big_Grey
00:05:20: Player "pedrobala" (steam64id="76561198046653521" pos=<10391.4, 17.65, 10608.9>) CloseBarrel dp_box_big_Grey
00:05:22: Player "pedrobala" (steam64id="76561198046653521" pos=<10392.2, 17.67, 10610>) OpenBarrel dp_box_big_Grey
00:05:24: Player "pedrobala" (steam64id="76561198046653521" pos=<10392.2, 17.67, 10610>) CloseBarrel dp_box_big_Grey
00:05:26: Player "pedrobala" (steam64id="76561198046653521" pos=<10391.8, 17.68, 10611.6>) OpenBarrel dp_box_big_Grey
00:05:29: Player "pedrobala" (steam64id="76561198046653521" pos=<10392.3, 17.69, 10612.3>) CloseBarrel dp_box_big_Grey
00:06:13: Player "pedrobala" (steam64id="76561198046653521" pos=<10388.6, 14.53, 10615.3>) OpenBarrel dp_box_big_Grey
00:06:15: Player "pedrobala" (steam64id="76561198046653521" pos=<10388.6, 14.53, 10615.3>) CloseBarrel dp_box_big_Grey
00:07:52: Player "pedrobala" (steam64id="76561198046653521" pos=<10388.4, 14.52, 10614.7>) OpenBarrel dp_box_big_Grey
00:07:57: Player "pedrobala" (steam64id="76561198046653521" pos=<10388.2, 14.52, 10614.6>) CloseBarrel dp_box_big_Grey
00:07:59: Player "pedrobala" (steam64id="76561198046653521" pos=<10387.8, 14.52, 10616>) OpenBarrel dp_box_big_Grey
00:08:08: Player "Passo Largo" (steam64id="76561199203652654" pos=<7551.47, 35.24, 7900.15>) OpenBarrel dp_box_big_Brown
00:08:18: Player "pedrobala" (steam64id="76561198046653521" pos=<10387.5, 14.52, 10616.1>) CloseBarrel dp_box_big_Grey
00:08:28: Player "G A T O" (steam64id="76561199207813177" pos=<7551.5, 35.26, 7894.52>) OpenBarrel dp_box_big_Brown
00:09:12: Player "G A T O" (steam64id="76561199207813177" pos=<7551, 35.25, 7895.1>) CloseBarrel dp_box_big_Brown
00:09:18: Player "G A T O" (steam64id="76561199207813177" pos=<7549.91, 35.25, 7895.39>) OpenBarrel dp_box_big_Brown
00:09:19: Player "G A T O" (steam64id="76561199207813177" pos=<7549.91, 35.25, 7895.39>) CloseBarrel dp_box_big_Brown
00:09:28: Player "G A T O" (steam64id="76561199207813177" pos=<7552.03, 35.25, 7895.24>) OpenBarrel dp_box_big_Brown
00:09:56: Player "G A T O" (steam64id="76561199207813177" pos=<7552.06, 35.26, 7894.34>) OpenBarrel dp_box_big_Brown
00:10:30: Player "G A T O" (steam64id="76561199207813177" pos=<7551.41, 35.26, 7894.7>) OpenBarrel dp_box_big_Brown
00:10:52: Player "G A T O" (steam64id="76561199207813177" pos=<7549.92, 35.27, 7892.95>) CloseBarrel dp_box_big_Brown
00:11:09: Player "G A T O" (steam64id="76561199207813177" pos=<7549.08, 35.27, 7893.46>) CloseBarrel dp_box_big_Brown
00:11:28: Player "G A T O" (steam64id="76561199207813177" pos=<7548.8, 35.26, 7894.34>) CloseBarrel dp_box_big_Brown
00:14:13: Player "Passo Largo" (steam64id="76561199203652654" pos=<7549.29, 35.26, 7894.1>) OpenBarrel dp_box_big_Brown
00:14:14: Player "Passo Largo" (steam64id="76561199203652654" pos=<7549.29, 35.26, 7894.1>) OpenBarrel dp_box_big_Brown
00:14:15: Player "Passo Largo" (steam64id="76561199203652654" pos=<7549.29, 35.26, 7894.1>) OpenBarrel dp_box_big_Brown
00:18:30: Player "G A T O" (steam64id="76561199207813177" pos=<7551.75, 35.26, 7894.42>) OpenBarrel dp_box_big_Brown
00:19:59: Player "G A T O" (steam64id="76561199207813177" pos=<7551.51, 35.26, 7893.81>) OpenBarrel dp_box_big_Brown
00:29:44: Player "G A T O" (steam64id="76561199207813177" pos=<7550.29, 35.25, 7895.78>) CloseBarrel dp_box_big_Brown
00:30:04: Player "G A T O" (steam64id="76561199207813177" pos=<7550.47, 35.26, 7894.9>) CloseBarrel dp_box_big_Brown
00:30:11: Player "G A T O" (steam64id="76561199207813177" pos=<7550.36, 35.24, 7899.41>) OpenBarrel dp_box_big_Brown
00:30:13: Player "[YKZ]-BlackBear" (steam64id="76561198343030820" pos=<11080.9, 41.37, 8422.48>) OpenBarrel dp_box_small_Brown
00:30:17: Player "G A T O" (steam64id="76561199207813177" pos=<7549.94, 35.24, 7899.5>) CloseBarrel dp_box_big_Brown
00:30:19: Player "G A T O" (steam64id="76561199207813177" pos=<7549.94, 35.24, 7899.61>) OpenBarrel dp_box_big_Brown
00:32:33: Player "Passo Largo" (steam64id="76561199203652654" pos=<7559.02, 28.05, 7893.1>) CloseBarrel dp_box_big_Brown
00:32:37: Player "G A T O" (steam64id="76561199207813177" pos=<7557.38, 28.05, 7892.67>) OpenBarrel dp_box_big_Brown
00:35:03: Player "[YKZ]-BlackBear" (steam64id="76561198343030820" pos=<11090.7, 31.61, 8420.2>) OpenBarrel dp_box_big_Olive
00:35:13: Player "[YKZ]-BlackBear" (steam64id="76561198343030820" pos=<11090.7, 31.61, 8420.2>) CloseBarrel dp_box_big_Olive
00:35:34: Player "Passo Largo" (steam64id="76561199203652654" pos=<7563.34, 28.05, 7893.51>) CloseBarrel dp_box_big_Brown
00:36:06: Player "G A T O" (steam64id="76561199207813177" pos=<7562.84, 28.05, 7893.52>) OpenBarrel dp_box_big_Brown
00:37:13: Player "G A T O" (steam64id="76561199207813177" pos=<7563.05, 28.05, 7896.88>) OpenBarrel dp_box_big_Brown
00:37:23: Player "G A T O" (steam64id="76561199207813177" pos=<7550.42, 35.25, 7895.48>) OpenBarrel dp_box_big_Brown
00:38:13: Player "G A T O" (steam64id="76561199207813177" pos=<7562.56, 28.05, 7896.12>) CloseBarrel dp_box_big_Brown
00:38:34: Player "G A T O" (steam64id="76561199207813177" pos=<7562.8, 28.05, 7896.15>) OpenBarrel dp_box_big_Brown
00:38:37: Player "G A T O" (steam64id="76561199207813177" pos=<7562.77, 28.05, 7896.49>) CloseBarrel dp_box_big_Brown
00:39:03: Player "G A T O" (steam64id="76561199207813177" pos=<7553.77, 35.66, 7894.78>) OpenBarrel dp_box_big_Brown
00:42:27: Player "[YKZ]-BlackBear" (steam64id="76561198343030820" pos=<11085.3, 4.21, 8422.17>) CloseBarrel dp_box_big_Olive
00:44:14: Player "Biel FxR" (steam64id="76561198050836260" pos=<7625.49, 12.20, 9813>) OpenBarrel dp_box_small_Brown
00:44:14: Player "[YKZ]-BlackBear" (steam64id="76561198343030820" pos=<11080.9, 35.24, 8427.2>) OpenBarrel dp_box_big_Olive
00:44:18: Player "Biel FxR" (steam64id="76561198050836260" pos=<7625.49, 12.20, 9813>) CloseBarrel dp_box_small_Brown
00:46:19: Player "Biel FxR" (steam64id="76561198050836260" pos=<7625.49, 12.20, 9813.29>) OpenBarrel dp_box_small_Brown
00:46:25: Player "Biel FxR" (steam64id="76561198050836260" pos=<7625.32, 12.20, 9812.59>) CloseBarrel dp_box_small_Brown
01:01:39: Player "Passo Largo" (steam64id="76561199203652654" pos=<7561, 28.05, 7892.11>) CloseBarrel dp_box_big_Brown
01:03:06: Player "Passo Largo" (steam64id="76561199203652654" pos=<7560.98, 28.05, 7891.93>) CloseBarrel dp_box_big_Brown
01:04:57: Player "Biel FxR" (steam64id="76561198050836260" pos=<7625.42, 12.20, 9812.82>) OpenBarrel dp_box_small_Brown
01:07:28: Player "G A T O" (steam64id="76561199207813177" pos=<7562.1, 28.05, 7894.93>) OpenBarrel dp_box_big_Brown
01:08:18: Player "Passo Largo" (steam64id="76561199203652654" pos=<7563.16, 28.05, 7891.67>) CloseBarrel dp_box_big_Brown
01:09:34: Player "Passo Largo" (steam64id="76561199203652654" pos=<7559.13, 28.05, 7898.39>) CloseBarrel dp_box_big_Brown
01:09:39: Player "?? Prince#4184" (steam64id="76561198199985663" pos=<10388.7, 14.51, 10612.8>) OpenBarrel dp_box_big_Grey
01:09:41: Player "CHASER?" (steam64id="76561198246131158" pos=<10388.7, 14.52, 10613.2>) CloseBarrel dp_box_big_Grey
01:09:42: Player "?? Prince#4184" (steam64id="76561198199985663" pos=<10387.9, 14.52, 10615.4>) OpenBarrel dp_box_big_Grey
01:09:43: Player "Passo Largo" (steam64id="76561199203652654" pos=<7563.72, 28.05, 7897.26>) CloseBarrel dp_box_big_Brown
01:09:50: Player "?? Prince#4184" (steam64id="76561198199985663" pos=<10388.5, 14.51, 10613.2>) OpenBarrel dp_box_big_Grey
01:10:06: Player "CHASER?" (steam64id="76561198246131158" pos=<10388.7, 17.64, 10613.1>) OpenBarrel dp_box_big_Grey
01:10:11: Player "?? Prince#4184" (steam64id="76561198199985663" pos=<10392.4, 17.68, 10610.3>) OpenBarrel dp_box_big_Grey
01:10:14: Player "?? Prince#4184" (steam64id="76561198199985663" pos=<10391.6, 17.66, 10609.3>) OpenBarrel dp_box_big_Grey
01:10:14: Player "CHASER?" (steam64id="76561198246131158" pos=<10392.7, 17.68, 10609.5>) CloseBarrel dp_box_big_Grey
01:11:03: Player "Passo Largo" (steam64id="76561199203652654" pos=<7561.47, 28.05, 7893.95>) CloseBarrel dp_box_big_Brown
01:11:52: Player "G A T O" (steam64id="76561199207813177" pos=<7559.71, 28.05, 7895.02>) OpenBarrel dp_box_big_Brown
01:11:57: Player "G A T O" (steam64id="76561199207813177" pos=<7558.66, 28.05, 7894.8>) OpenBarrel dp_box_big_Brown
01:12:05: Player "G A T O" (steam64id="76561199207813177" pos=<7558.6, 28.50, 7894.36>) CloseBarrel dp_box_big_Brown
01:12:19: Player "Passo Largo" (steam64id="76561199203652654" pos=<7557.49, 28.05, 7894.27>) OpenBarrel dp_box_big_Brown
01:12:19: Player "Passo Largo" (steam64id="76561199203652654" pos=<7557.49, 28.05, 7894.27>) OpenBarrel dp_box_big_Brown
01:12:24: Player "Passo Largo" (steam64id="76561199203652654" pos=<7557.45, 28.05, 7894.03>) CloseBarrel dp_box_big_Brown
01:12:25: Player "Passo Largo" (steam64id="76561199203652654" pos=<7557.45, 28.05, 7894.03>) OpenBarrel dp_box_big_Brown
01:12:26: Player "Passo Largo" (steam64id="76561199203652654" pos=<7557.43, 28.05, 7894.04>) CloseBarrel dp_box_big_Brown
01:12:29: Player "Passo Largo" (steam64id="76561199203652654" pos=<7557.39, 28.05, 7894.39>) CloseBarrel dp_box_big_Brown
01:12:30: Player "Passo Largo" (steam64id="76561199203652654" pos=<7557.4, 28.05, 7894.56>) CloseBarrel dp_box_big_Brown
01:12:31: Player "Passo Largo" (steam64id="76561199203652654" pos=<7557.4, 28.05, 7894.56>) OpenBarrel dp_box_big_Brown
01:12:37: Player "Passo Largo" (steam64id="76561199203652654" pos=<7557.42, 28.05, 7894.44>) CloseBarrel dp_box_big_Brown
01:12:51: Player "G A T O" (steam64id="76561199207813177" pos=<7550.75, 35.24, 7900.16>) CloseBarrel dp_box_big_Brown
01:12:54: Player "G A T O" (steam64id="76561199207813177" pos=<7550.93, 35.24, 7899.68>) CloseBarrel dp_box_big_Brown
01:12:58: Player "G A T O" (steam64id="76561199207813177" pos=<7553.68, 35.25, 7895.28>) CloseBarrel dp_box_big_Brown
01:13:31: Player "G A T O" (steam64id="76561199207813177" pos=<7559.94, 28.05, 7896.52>) OpenBarrel dp_box_big_Brown
01:13:33: Player "G A T O" (steam64id="76561199207813177" pos=<7559.71, 28.05, 7896.45>) CloseBarrel dp_box_big_Brown
01:13:35: Player "G A T O" (steam64id="76561199207813177" pos=<7558.23, 28.05, 7895.4>) OpenBarrel dp_box_big_Brown
01:16:57: Player "Passo Largo" (steam64id="76561199203652654" pos=<7562.94, 28.05, 7892.32>) OpenBarrel dp_box_big_Brown
01:17:05: Player "G A T O" (steam64id="76561199207813177" pos=<7562.12, 28.41, 7895.29>) OpenBarrel dp_box_big_Brown
01:17:10: Player "G A T O" (steam64id="76561199207813177" pos=<7559.78, 28.05, 7896.28>) OpenBarrel dp_box_big_Brown
01:17:15: Player "G A T O" (steam64id="76561199207813177" pos=<7557.21, 28.05, 7892.6>) OpenBarrel dp_box_big_Brown
01:17:18: Player "?? Prince#4184" (steam64id="76561198199985663" pos=<10389.9, 18.12, 10613.6>) OpenBarrel dp_box_big_Grey
01:17:20: Player "?? Prince#4184" (steam64id="76561198199985663" pos=<10389.9, 18.13, 10613.6>) CloseBarrel dp_box_big_Grey
01:17:22: Player "?? Prince#4184" (steam64id="76561198199985663" pos=<10389.5, 18.02, 10612.4>) CloseBarrel dp_box_big_Grey
01:19:05: Player "Passo Largo" (steam64id="76561199203652654" pos=<7564.1, 28.05, 7895.97>) OpenBarrel dp_box_big_Brown
01:20:46: Player "G A T O" (steam64id="76561199207813177" pos=<7551.31, 35.24, 7900.97>) OpenBarrel dp_box_big_Brown
01:23:35: Player "Passo Largo" (steam64id="76561199203652654" pos=<7562.63, 28.05, 7902.93>) CloseBarrel dp_box_big_Brown
01:29:14: Player "Passo Largo" (steam64id="76561199203652654" pos=<7557.33, 28.05, 7894.18>) CloseBarrel dp_box_big_Brown
01:29:24: Player "Passo Largo" (steam64id="76561199203652654" pos=<7560.49, 28.05, 7895.34>) CloseBarrel dp_box_big_Brown
01:29:27: Player "Passo Largo" (steam64id="76561199203652654" pos=<7563.91, 28.05, 7892.78>) CloseBarrel dp_box_big_Brown
01:29:35: Player "Passo Largo" (steam64id="76561199203652654" pos=<7562.01, 28.05, 7897.48>) CloseBarrel dp_box_big_Brown
01:29:38: Player "Passo Largo" (steam64id="76561199203652654" pos=<7561.52, 28.05, 7899.01>) CloseBarrel dp_box_big_Brown
01:30:19: Player "Passo Largo" (steam64id="76561199203652654" pos=<7551.15, 35.24, 7898.64>) OpenBarrel dp_box_big_Brown
01:30:21: Player "Passo Largo" (steam64id="76561199203652654" pos=<7551.31, 35.24, 7898.75>) CloseBarrel dp_box_big_Brown
01:31:08: Player "G A T O" (steam64id="76561199207813177" pos=<7563.6, 28.05, 7899>) OpenBarrel dp_box_big_Brown
01:31:13: Player "G A T O" (steam64id="76561199207813177" pos=<7563.02, 28.44, 7899.26>) CloseBarrel dp_box_big_Brown
01:31:15: Player "G A T O" (steam64id="76561199207813177" pos=<7564.18, 28.05, 7897.71>) OpenBarrel dp_box_big_Brown
01:31:20: Player "G A T O" (steam64id="76561199207813177" pos=<7564.38, 28.05, 7894.21>) OpenBarrel dp_box_big_Brown
01:31:24: Player "G A T O" (steam64id="76561199207813177" pos=<7559.6, 28.05, 7892.77>) OpenBarrel dp_box_big_Brown
01:31:29: Player "G A T O" (steam64id="76561199207813177" pos=<7558.43, 28.05, 7895.9>) OpenBarrel dp_box_big_Brown
01:31:32: Player "G A T O" (steam64id="76561199207813177" pos=<7558.69, 28.05, 7896.27>) CloseBarrel dp_box_big_Brown
01:31:37: Player "G A T O" (steam64id="76561199207813177" pos=<7558.35, 28.05, 7896.33>) OpenBarrel dp_box_big_Brown
01:33:17: Player "samuel2023" (steam64id="76561198387970895" pos=<10601.4, 8.38, 13732.6>) OpenBarrel Barrel_Yellow
01:41:01: Player "Passo Largo" (steam64id="76561199203652654" pos=<7551.4, 35.24, 7899.84>) OpenBarrel dp_box_big_Brown
01:41:04: Player "Passo Largo" (steam64id="76561199203652654" pos=<7551.46, 35.24, 7899.71>) CloseBarrel dp_box_big_Brown
01:41:05: Player "Passo Largo" (steam64id="76561199203652654" pos=<7551.46, 35.24, 7899.71>) CloseBarrel dp_box_big_Brown
01:42:45: Player "[ONE] KARABULJHAN" (steam64id="76561198100527842" pos=<7601.97, 36.58, 7870.58>) CloseBarrel dp_box_big_Grey
01:42:47: Player "[ONE] KARABULJHAN" (steam64id="76561198100527842" pos=<7601.97, 36.58, 7870.58>) OpenBarrel dp_box_big_Grey
01:42:48: Player "[ONE] KARABULJHAN" (steam64id="76561198100527842" pos=<7602.09, 36.58, 7870.85>) CloseBarrel dp_box_big_Grey
01:42:50: Player "[ONE] KARABULJHAN" (steam64id="76561198100527842" pos=<7602.09, 36.58, 7870.85>) OpenBarrel dp_box_big_Grey
01:43:08: Player "[ONE] KARABULJHAN" (steam64id="76561198100527842" pos=<7600.96, 36.58, 7871.13>) CloseBarrel dp_box_small_Brown
01:43:09: Player "[ONE] KARABULJHAN" (steam64id="76561198100527842" pos=<7600.96, 36.58, 7871.13>) OpenBarrel dp_box_small_Brown
01:43:52: Player "Passo Largo" (steam64id="76561199203652654" pos=<7551.31, 35.24, 7899.35>) OpenBarrel dp_box_big_Brown
01:44:02: Player "Passo Largo" (steam64id="76561199203652654" pos=<7551.31, 35.24, 7899.35>) CloseBarrel dp_box_big_Brown
01:44:03: Player "Passo Largo" (steam64id="76561199203652654" pos=<7551.55, 35.24, 7900.46>) OpenBarrel dp_box_big_Brown
01:44:15: Player "Passo Largo" (steam64id="76561199203652654" pos=<7551.47, 35.24, 7900.47>) CloseBarrel dp_box_big_Brown
01:47:46: Player "[ONE] KARABULJHAN" (steam64id="76561198100527842" pos=<7602.6, 36.58, 7870.47>) CloseBarrel dp_box_big_Grey
01:47:48: Player "[ONE] KARABULJHAN" (steam64id="76561198100527842" pos=<7602.6, 36.58, 7870.47>) OpenBarrel dp_box_big_Grey
01:49:53: Player "Passo Largo" (steam64id="76561199203652654" pos=<7551.37, 35.24, 7899.69>) OpenBarrel dp_box_big_Brown
01:52:18: Player "Passo Largo" (steam64id="76561199203652654" pos=<7564.37, 28.05, 7893.11>) CloseBarrel dp_box_big_Brown
01:52:20: Player "Passo Largo" (steam64id="76561199203652654" pos=<7564.72, 28.05, 7896.32>) CloseBarrel dp_box_big_Brown
01:52:27: Player "Passo Largo" (steam64id="76561199203652654" pos=<7564.48, 28.05, 7894.36>) OpenBarrel dp_box_big_Brown
01:52:40: Player "Passo Largo" (steam64id="76561199203652654" pos=<7559.58, 28.05, 7892.65>) CloseBarrel dp_box_big_Brown
01:52:42: Player "Passo Largo" (steam64id="76561199203652654" pos=<7564.02, 28.05, 7892.62>) CloseBarrel dp_box_big_Brown
01:56:18: Player "Passo Largo" (steam64id="76561199203652654" pos=<7551.26, 35.24, 7899.6>) OpenBarrel dp_box_big_Brown
01:56:20: Player "Passo Largo" (steam64id="76561199203652654" pos=<7551.26, 35.24, 7899.6>) CloseBarrel dp_box_big_Brown
01:56:21: Player "Passo Largo" (steam64id="76561199203652654" pos=<7551.46, 35.24, 7899.98>) CloseBarrel dp_box_big_Brown
02:54:32: Player "[ONE] JAPA" (steam64id="76561198161060673" pos=<7873.89, 31.40, 7424.58>) OpenBarrel dp_box_big_Grey
02:56:19: Player "G A T O" (steam64id="76561199207813177" pos=<7550.47, 35.24, 7899.03>) OpenBarrel dp_box_big_Brown
02:56:56: Player "[ONE] JAPA" (steam64id="76561198161060673" pos=<7873.47, 31.69, 7419.26>) OpenBarrel dp_box_big_Grey
02:57:16: Player "[ONE] JAPA" (steam64id="76561198161060673" pos=<7874.88, 31.04, 7425.45>) OpenBarrel dp_box_big_Grey
02:57:24: Player "[DY] CINDERELA" (steam64id="76561199153781943" pos=<7879.34, 31.24, 7419>) OpenBarrel dp_box_big_Grey
02:57:27: Player "[DY] CINDERELA" (steam64id="76561199153781943" pos=<7879.43, 31.25, 7418.77>) CloseBarrel dp_box_big_Grey
02:57:36: Player "[ONE] JAPA" (steam64id="76561198161060673" pos=<7870.75, 31.61, 7424.23>) OpenBarrel dp_box_big_Grey
02:58:15: Player "[ONE] JAPA" (steam64id="76561198161060673" pos=<7877.84, 31.26, 7418.99>) OpenBarrel dp_box_big_Grey
03:03:09: Player "[ONE] KARABULJHAN" (steam64id="76561198100527842" pos=<7885.2, 30.93, 7425.67>) CloseBarrel dp_box_big_Grey
03:04:10: Player "[DY] CINDERELA" (steam64id="76561199153781943" pos=<7886.78, 30.77, 7429.74>) OpenBarrel dp_box_big_Grey
03:12:39: Player "[DY] CINDERELA" (steam64id="76561199153781943" pos=<7881.11, 30.93, 7426.77>) CloseBarrel dp_box_big_Grey
03:14:37: Player "[DY] CINDERELA" (steam64id="76561199153781943" pos=<7875.98, 30.97, 7427.2>) CloseBarrel dp_box_big_Grey
05:06:35: Player "TcheLoco" (steam64id="76561198099449370" pos=<9558.77, 6.07, 9583.54>) OpenBarrel Barrel_Blue
05:06:41: Player "TcheLoco" (steam64id="76561198099449370" pos=<9560.16, 6.07, 9581.92>) OpenBarrel dp_box_small_Olive
08:13:18: Player "[L.B] ploodrinny" (steam64id="76561198312062387" pos=<7342.62, 14.39, 7134.83>) CloseBarrel Barrel_Red
08:27:27: Player "Claudinha" (steam64id="76561198057660141" pos=<7551.33, 35.24, 7900.14>) OpenBarrel dp_box_big_Brown
08:44:12: Player "Claudinha" (steam64id="76561198057660141" pos=<7561.55, 28.05, 7893.65>) OpenBarrel dp_box_big_Brown
08:44:15: Player "Claudinha" (steam64id="76561198057660141" pos=<7561.72, 28.05, 7894.2>) CloseBarrel dp_box_big_Brown
08:44:15: Player "Claudinha" (steam64id="76561198057660141" pos=<7562.18, 28.05, 7895.4>) OpenBarrel dp_box_big_Brown
08:44:19: Player "Claudinha" (steam64id="76561198057660141" pos=<7562.48, 28.05, 7892.8>) OpenBarrel dp_box_big_Brown
08:44:25: Player "Claudinha" (steam64id="76561198057660141" pos=<7562.48, 28.05, 7892.8>) CloseBarrel dp_box_big_Brown
08:45:26: Player "Claudinha" (steam64id="76561198057660141" pos=<7575.43, 28.94, 7873.6>) OpenBarrel dp_box_big_Brown
08:46:15: Player "Claudinha" (steam64id="76561198057660141" pos=<7576.17, 28.44, 7873.16>) CloseBarrel dp_box_big_Brown
08:47:08: Player "Claudinha" (steam64id="76561198057660141" pos=<7557.39, 28.05, 7893.5>) OpenBarrel dp_box_big_Brown
08:47:49: Player "Claudinha" (steam64id="76561198057660141" pos=<7561.29, 28.05, 7899.44>) OpenBarrel dp_box_big_Brown
08:47:51: Player "Claudinha" (steam64id="76561198057660141" pos=<7561.29, 28.05, 7899.45>) CloseBarrel dp_box_big_Brown
08:49:49: Player "Claudinha" (steam64id="76561198057660141" pos=<7566.45, 37.04, 7905.38>) OpenBarrel dp_box_big_Brown
08:57:44: Player "Claudinha" (steam64id="76561198057660141" pos=<7557.62, 34.07, 7892.97>) CloseBarrel dp_box_big_Brown
09:04:34: Player "Claudinha" (steam64id="76561198057660141" pos=<7552.23, 28.05, 7893.92>) OpenBarrel dp_box_big_Brown
09:08:14: Player "Claudinha" (steam64id="76561198057660141" pos=<7551.57, 28.05, 7895.35>) OpenBarrel dp_box_big_Brown
09:14:58: Player "[L.B] Lrk" (steam64id="76561198021843024" pos=<7363.37, 18.92, 7134.47>) CloseBarrel dp_box_big_Grey
09:16:32: Player "[L.B] Lrk" (steam64id="76561198021843024" pos=<7362.56, 18.46, 7133.64>) OpenBarrel dp_box_big_Grey
09:16:49: Player "[L.B] Lrk" (steam64id="76561198021843024" pos=<7363.29, 18.92, 7134.01>) CloseBarrel dp_box_big_Grey
09:17:02: Player "Claudinha" (steam64id="76561198057660141" pos=<7557.13, 34.07, 7893.35>) CloseBarrel dp_box_big_Brown
09:18:08: Player "Claudinha" (steam64id="76561198057660141" pos=<7552.96, 28.05, 7895.57>) OpenBarrel dp_box_big_Brown
09:20:45: Player "Claudinha" (steam64id="76561198057660141" pos=<7561.87, 28.05, 7893.16>) CloseBarrel dp_box_big_Brown
09:20:46: Player "Claudinha" (steam64id="76561198057660141" pos=<7562.5, 28.05, 7895.03>) CloseBarrel dp_box_big_Brown
09:20:47: Player "Claudinha" (steam64id="76561198057660141" pos=<7560.51, 28.05, 7893.57>) CloseBarrel dp_box_big_Brown
09:23:10: Player "Claudinha" (steam64id="76561198057660141" pos=<7559.93, 28.05, 7892.8>) OpenBarrel dp_box_big_Brown
09:26:52: Player "Claudinha" (steam64id="76561198057660141" pos=<7562.48, 28.05, 7895.18>) OpenBarrel dp_box_big_Brown
09:26:55: Player "Claudinha" (steam64id="76561198057660141" pos=<7563.29, 28.05, 7895.17>) OpenBarrel dp_box_big_Brown
09:27:02: Player "Claudinha" (steam64id="76561198057660141" pos=<7562.38, 28.05, 7894.91>) CloseBarrel dp_box_big_Brown
09:27:03: Player "Claudinha" (steam64id="76561198057660141" pos=<7561.99, 28.05, 7893.45>) CloseBarrel dp_box_big_Brown
09:27:04: Player "Claudinha" (steam64id="76561198057660141" pos=<7560.37, 28.05, 7894.63>) CloseBarrel dp_box_big_Brown
09:33:22: Player "Claudinha" (steam64id="76561198057660141" pos=<7558.39, 28.05, 7895.17>) OpenBarrel dp_box_big_Brown
09:33:55: Player "Claudinha" (steam64id="76561198057660141" pos=<7557.3, 28.05, 7893.63>) CloseBarrel dp_box_big_Brown
09:36:14: Player "[L.B] ploodrinny" (steam64id="76561198312062387" pos=<7362.1, 18.46, 7133.82>) OpenBarrel dp_box_big_Grey
09:37:17: Player "[L.B] Santorin" (steam64id="76561199069721527" pos=<7343.78, 14.33, 7134.83>) OpenBarrel Barrel_Red
09:37:38: Player "Claudinha" (steam64id="76561198057660141" pos=<7559.58, 28.05, 7895.46>) OpenBarrel dp_box_big_Brown
09:38:14: Player "Claudinha" (steam64id="76561198057660141" pos=<7551.28, 35.24, 7900.83>) CloseBarrel dp_box_big_Brown
09:38:44: Player "[L.B] ploodrinny" (steam64id="76561198312062387" pos=<7361.13, 18.46, 7134>) CloseBarrel dp_box_big_Olive
09:38:45: Player "[L.B] ploodrinny" (steam64id="76561198312062387" pos=<7361.13, 18.46, 7134>) OpenBarrel dp_box_small_Brown
09:38:47: Player "[L.B] ploodrinny" (steam64id="76561198312062387" pos=<7361.13, 18.46, 7134>) OpenBarrel dp_box_big_Olive
09:39:20: Player "Claudinha" (steam64id="76561198057660141" pos=<7550.96, 35.24, 7900.12>) OpenBarrel dp_box_big_Brown
09:39:25: Player "Claudinha" (steam64id="76561198057660141" pos=<7551.28, 35.24, 7900.44>) CloseBarrel dp_box_big_Brown
09:39:26: Player "Claudinha" (steam64id="76561198057660141" pos=<7550.82, 35.24, 7898.75>) CloseBarrel dp_box_big_Brown
09:41:19: Player "[L.B] ploodrinny" (steam64id="76561198312062387" pos=<7343.05, 14.33, 7134.49>) OpenBarrel Barrel_Red
09:43:17: Player "Claudinha" (steam64id="76561198057660141" pos=<7551.43, 35.24, 7900.28>) OpenBarrel dp_box_big_Brown
09:43:23: Player "Claudinha" (steam64id="76561198057660141" pos=<7551.07, 35.24, 7899.52>) OpenBarrel dp_box_big_Brown
09:43:29: Player "Claudinha" (steam64id="76561198057660141" pos=<7551.15, 35.24, 7899.07>) CloseBarrel dp_box_big_Brown
09:43:33: Player "Claudinha" (steam64id="76561198057660141" pos=<7551.49, 35.24, 7900.6>) CloseBarrel dp_box_big_Brown
09:48:37: Player "[L.B] ploodrinny" (steam64id="76561198312062387" pos=<7361.07, 18.46, 7134.13>) CloseBarrel dp_box_big_Olive
09:48:40: Player "[L.B] ploodrinny" (steam64id="76561198312062387" pos=<7362.69, 18.46, 7133.57>) OpenBarrel dp_box_big_Olive
09:54:26: Player "Claudinha" (steam64id="76561198057660141" pos=<7551.21, 35.24, 7900.56>) OpenBarrel dp_box_big_Brown
09:59:35: Player "Claudinha" (steam64id="76561198057660141" pos=<7560.71, 28.05, 7893.94>) CloseBarrel dp_box_big_Brown
10:00:05: Player "Claudinha" (steam64id="76561198057660141" pos=<7561.84, 28.05, 7897.81>) OpenBarrel dp_box_big_Brown
10:09:38: Player "Claudinha" (steam64id="76561198057660141" pos=<7551.4, 35.24, 7899.58>) CloseBarrel dp_box_big_Brown
10:11:44: Player "Claudinha" (steam64id="76561198057660141" pos=<7562.33, 28.47, 7893.04>) OpenBarrel dp_box_big_Brown
10:11:58: Player "Claudinha" (steam64id="76561198057660141" pos=<7559.56, 28.05, 7895.36>) OpenBarrel dp_box_big_Brown
10:18:52: Player "Claudinha" (steam64id="76561198057660141" pos=<7551.41, 35.24, 7899.84>) OpenBarrel dp_box_big_Brown
10:18:57: Player "Claudinha" (steam64id="76561198057660141" pos=<7551.48, 35.24, 7900.22>) CloseBarrel dp_box_big_Brown
10:19:25: Player "Claudinha" (steam64id="76561198057660141" pos=<7550.91, 35.24, 7899.5>) OpenBarrel dp_box_big_Brown
10:19:28: Player "Claudinha" (steam64id="76561198057660141" pos=<7551.31, 35.24, 7899.4>) CloseBarrel dp_box_big_Brown
10:19:29: Player "Claudinha" (steam64id="76561198057660141" pos=<7551.33, 35.24, 7900.35>) OpenBarrel dp_box_big_Brown
10:19:32: Player "Claudinha" (steam64id="76561198057660141" pos=<7551.33, 35.24, 7900.35>) CloseBarrel dp_box_big_Brown
10:22:37: Player "Claudinha" (steam64id="76561198057660141" pos=<7561.9, 28.05, 7895.91>) CloseBarrel dp_box_big_Brown
10:22:47: Player "Claudinha" (steam64id="76561198057660141" pos=<7564.27, 28.05, 7895.85>) OpenBarrel dp_box_big_Brown
10:22:49: Player "Claudinha" (steam64id="76561198057660141" pos=<7563.76, 28.05, 7895.86>) CloseBarrel dp_box_big_Brown
10:26:49: Player "Claudinha" (steam64id="76561198057660141" pos=<7551.15, 35.24, 7899.88>) OpenBarrel dp_box_big_Brown
10:27:42: Player "Claudinha" (steam64id="76561198057660141" pos=<7562.3, 28.05, 7895.35>) CloseBarrel dp_box_big_Brown
10:27:44: Player "Claudinha" (steam64id="76561198057660141" pos=<7558.57, 28.05, 7892.31>) CloseBarrel dp_box_big_Brown
10:32:31: Player "[L.B] Lrk" (steam64id="76561198021843024" pos=<7362.76, 18.46, 7134>) CloseBarrel dp_box_big_Grey
10:32:56: Player "[L.B] ploodrinny" (steam64id="76561198312062387" pos=<7362.17, 18.46, 7133.68>) OpenBarrel dp_box_big_Grey
11:01:42: Player "[L.B] ploodrinny" (steam64id="76561198312062387" pos=<7361.86, 18.46, 7133.87>) CloseBarrel dp_box_big_Grey
11:01:44: Player "[L.B] ploodrinny" (steam64id="76561198312062387" pos=<7361.86, 18.46, 7133.87>) CloseBarrel dp_box_big_Brown
11:01:45: Player "[L.B] ploodrinny" (steam64id="76561198312062387" pos=<7361.86, 18.46, 7133.87>) CloseBarrel dp_box_big_Olive
11:01:46: Player "[L.B] ploodrinny" (steam64id="76561198312062387" pos=<7361.86, 18.46, 7133.87>) OpenBarrel dp_box_big_Olive
11:01:48: Player "[L.B] ploodrinny" (steam64id="76561198312062387" pos=<7361.86, 18.46, 7133.87>) CloseBarrel dp_box_big_Olive
11:06:29: Player "SthephanyeFuracao" (steam64id="76561199207813177" pos=<7551.05, 35.24, 7899.54>) OpenBarrel dp_box_big_Brown
11:19:08: Player "[L.B] ploodrinny" (steam64id="76561198312062387" pos=<7362.01, 18.46, 7133.68>) OpenBarrel dp_box_big_Grey
11:27:21: Player "[L.B] ploodrinny" (steam64id="76561198312062387" pos=<7362.2, 18.59, 7134.26>) OpenBarrel dp_box_big_Olive
11:27:22: Player "[L.B] ploodrinny" (steam64id="76561198312062387" pos=<7362.2, 18.58, 7134.26>) OpenBarrel dp_box_big_Brown
11:33:22: Player "[YKZ] Felps" (steam64id="76561198892779186" pos=<11090.3, 31.61, 8420.35>) OpenBarrel dp_box_big_Olive
11:33:33: Player "[YKZ] Felps" (steam64id="76561198892779186" pos=<11091.1, 31.61, 8419.34>) CloseBarrel dp_box_big_Olive
11:39:53: Player "[YKZ] Felps" (steam64id="76561198892779186" pos=<11090.8, 31.61, 8419.84>) OpenBarrel dp_box_big_Olive
11:40:11: Player "[L.B] Santorin" (steam64id="76561199069721527" pos=<10697.9, 3.00, 8539.52>) OpenBarrel dp_box_small_Brown
11:40:13: Player "[L.B] Santorin" (steam64id="76561199069721527" pos=<10697.9, 3.00, 8539.52>) CloseBarrel dp_box_small_Brown
11:40:35: Player "[YKZ] Felps" (steam64id="76561198892779186" pos=<11090.8, 31.61, 8419.81>) CloseBarrel dp_box_big_Olive
11:40:50: Player "[YKZ] Felps" (steam64id="76561198892779186" pos=<11090.4, 31.61, 8420.12>) OpenBarrel dp_box_big_Olive
12:24:44: Player "Seekerzao" (steam64id="76561198067793781" pos=<10387.6, 14.53, 10617.1>) CloseBarrel dp_box_big_Grey
12:25:21: Player "lobinhooou" (steam64id="76561198308387139" pos=<10387.1, 14.51, 10615.7>) CloseBarrel dp_box_big_Grey
12:25:50: Player "Seekerzao" (steam64id="76561198067793781" pos=<10392.7, 14.55, 10609.4>) OpenBarrel dp_box_big_Grey
12:25:51: Player "Seekerzao" (steam64id="76561198067793781" pos=<10392.7, 14.55, 10609.4>) CloseBarrel dp_box_big_Grey
12:33:38: Player "netttto no drip" (steam64id="76561198859086815" pos=<10257.6, 22.08, 13038.4>) CloseBarrel dp_box_small_Olive
12:33:43: Player "netttto no drip" (steam64id="76561198859086815" pos=<10258, 22.07, 13038.7>) OpenBarrel dp_box_small_Olive
12:38:23: Player "Seekerzao" (steam64id="76561198067793781" pos=<10394.9, 6.34, 10730.4>) OpenBarrel dp_box_big_Grey
12:38:24: Player "Seekerzao" (steam64id="76561198067793781" pos=<10394.9, 6.34, 10730.4>) CloseBarrel dp_box_big_Grey
12:51:39: Player "lobinhooou" (steam64id="76561198308387139" pos=<10418.9, 4.34, 10756.6>) OpenBarrel dp_box_big_Grey
12:52:26: Player "lobinhooou" (steam64id="76561198308387139" pos=<10418.8, 4.44, 10757.3>) CloseBarrel dp_box_big_Grey
12:52:30: Player "lobinhooou" (steam64id="76561198308387139" pos=<10419.2, 4.48, 10757.5>) OpenBarrel dp_box_big_Grey
12:53:11: Player "lobinhooou" (steam64id="76561198308387139" pos=<10390.5, 8.69, 10708.6>) OpenBarrel dp_box_big_Grey
12:55:54: Player "lobinhooou" (steam64id="76561198308387139" pos=<10413.4, 8.34, 10755.1>) CloseBarrel dp_box_big_Grey
12:56:01: Player "lobinhooou" (steam64id="76561198308387139" pos=<10411.8, 8.34, 10756.1>) CloseBarrel dp_box_big_Grey
12:56:41: Player "OZIEL" (steam64id="76561199063596086" pos=<10428.1, 12.53, 11549.7>) CloseBarrel dp_box_big_Brown
12:56:44: Player "OZIEL" (steam64id="76561199063596086" pos=<10428.1, 12.53, 11549.7>) CloseBarrel dp_box_big_Brown
12:56:45: Player "OZIEL" (steam64id="76561199063596086" pos=<10428.1, 12.53, 11549.7>) OpenBarrel dp_box_big_Brown
12:59:58: Player "[L.B] ploodrinny" (steam64id="76561198312062387" pos=<7361.05, 18.46, 7133.74>) OpenBarrel dp_box_small_Brown
13:01:36: Player "OZIEL" (steam64id="76561199063596086" pos=<10428.4, 12.53, 11549>) OpenBarrel dp_box_big_Brown
13:04:33: Player "MuFeTe De FrAnGo" (steam64id="76561199018026908" pos=<10426.9, 12.53, 11528>) CloseBarrel dp_box_big_Brown
13:05:00: Player "MuFeTe De FrAnGo" (steam64id="76561199018026908" pos=<10428.7, 12.53, 11550.3>) CloseBarrel dp_box_big_Brown
13:05:45: Player "pedrobala" (steam64id="76561198046653521" pos=<10387.4, 17.65, 10617.6>) OpenBarrel dp_box_big_Grey
13:05:57: Player "MuFeTe De FrAnGo" (steam64id="76561199018026908" pos=<10428.3, 12.53, 11549.6>) CloseBarrel dp_box_big_Brown
13:06:18: Player "MuFeTe De FrAnGo" (steam64id="76561199018026908" pos=<10429.5, 12.53, 11550.3>) OpenBarrel dp_box_big_Brown
13:06:19: Player "MuFeTe De FrAnGo" (steam64id="76561199018026908" pos=<10428.7, 12.53, 11550>) OpenBarrel dp_box_big_Brown
13:06:52: Player "MuFeTe De FrAnGo" (steam64id="76561199018026908" pos=<10429.9, 12.53, 11549.7>) CloseBarrel dp_box_big_Brown
13:06:53: Player "MuFeTe De FrAnGo" (steam64id="76561199018026908" pos=<10429.9, 12.53, 11549.7>) OpenBarrel dp_box_big_Brown
13:06:55: Player "MuFeTe De FrAnGo" (steam64id="76561199018026908" pos=<10429.9, 12.53, 11549.7>) CloseBarrel dp_box_big_Brown
13:08:16: Player "MuFeTe De FrAnGo" (steam64id="76561199018026908" pos=<10434.7, 12.53, 11550.4>) CloseBarrel dp_box_big_Brown
13:09:45: Player "MuFeTe De FrAnGo" (steam64id="76561199018026908" pos=<10428.2, 12.53, 11527.4>) CloseBarrel dp_box_big_Brown
13:11:47: Player "MuFeTe De FrAnGo" (steam64id="76561199018026908" pos=<10434, 12.53, 11547.2>) OpenBarrel dp_box_big_Brown
13:11:48: Player "MuFeTe De FrAnGo" (steam64id="76561199018026908" pos=<10434.1, 12.53, 11547.9>) OpenBarrel dp_box_big_Brown
13:11:49: Player "MuFeTe De FrAnGo" (steam64id="76561199018026908" pos=<10433.9, 12.53, 11549.2>) OpenBarrel dp_box_big_Brown
13:11:51: Player "MuFeTe De FrAnGo" (steam64id="76561199018026908" pos=<10433.9, 12.53, 11549.8>) OpenBarrel dp_box_big_Brown
13:32:54: Player "[YKZ] chron1c" (steam64id="76561198205585613" pos=<10391.8, 17.67, 10610.6>) OpenBarrel dp_box_big_Grey
13:33:15: Player "Seekerzao" (steam64id="76561198067793781" pos=<10235.4, 14.05, 11346.6>) OpenBarrel dp_box_big_Grey
13:43:00: Player "pedrobala" (steam64id="76561198046653521" pos=<10389.6, 17.65, 10612.3>) OpenBarrel dp_box_big_Grey
13:48:46: Player "Seekerzao" (steam64id="76561198067793781" pos=<10234.8, 14.05, 11344.4>) CloseBarrel dp_box_big_Grey
13:54:59: Player "Seekerzao" (steam64id="76561198067793781" pos=<10234.1, 14.50, 11344.6>) OpenBarrel dp_box_big_Grey
13:55:22: Player "Seekerzao" (steam64id="76561198067793781" pos=<10233.6, 14.05, 11345.8>) CloseBarrel dp_box_big_Grey
13:58:46: Player "[ONE] JAPA" (steam64id="76561198161060673" pos=<7878.22, 31.74, 7418.19>) CloseBarrel dp_box_big_Grey
13:59:18: Player "[ONE] JAPA" (steam64id="76561198161060673" pos=<7877.21, 31.24, 7419.46>) OpenBarrel dp_box_big_Grey
14:32:16: Player "Seekerzao" (steam64id="76561198067793781" pos=<10234.1, 14.53, 11344.6>) OpenBarrel dp_box_big_Grey
15:09:43: Player "[YKZ] Felps" (steam64id="76561198892779186" pos=<11081, 41.37, 8423.18>) OpenBarrel dp_box_big_Brown
15:09:46: Player "[YKZ] Felps" (steam64id="76561198892779186" pos=<11081, 41.86, 8424.45>) CloseBarrel dp_box_big_Brown
15:09:48: Player "[YKZ] Felps" (steam64id="76561198892779186" pos=<11080.3, 41.37, 8423.58>) OpenBarrel dp_box_big_Brown
15:09:49: Player "[YKZ] Felps" (steam64id="76561198892779186" pos=<11080.3, 41.37, 8423.62>) CloseBarrel dp_box_big_Brown
15:09:51: Player "[YKZ] Felps" (steam64id="76561198892779186" pos=<11082, 41.37, 8421.64>) OpenBarrel dp_box_big_Tan
15:10:15: Player "[YKZ] Felps" (steam64id="76561198892779186" pos=<11082.1, 41.37, 8421.54>) CloseBarrel dp_box_big_Tan
15:10:18: Player "[YKZ] Felps" (steam64id="76561198892779186" pos=<11081.7, 41.91, 8422.91>) CloseBarrel dp_box_small_Brown
15:21:26: Player "Emissarius" (steam64id="76561198271087379" pos=<11086.4, 4.21, 8420.75>) OpenBarrel Barrel_Red
15:41:41: Player "[YKZ]-BlackBear" (steam64id="76561198343030820" pos=<11081.2, 41.37, 8422.5>) OpenBarrel dp_box_small_Brown
15:42:25: Player "[YKZ]-BlackBear" (steam64id="76561198343030820" pos=<11081.5, 41.37, 8421.47>) OpenBarrel dp_box_big_Tan
15:42:49: Player "[YKZ]-BlackBear" (steam64id="76561198343030820" pos=<11080.4, 41.37, 8422.99>) OpenBarrel dp_box_big_Brown
15:50:24: Player "[CLV]-Pain_Obeso" (steam64id="76561199059415820" pos=<10178.3, 37.15, 7209.3>) OpenBarrel dp_box_big_Olive
15:50:28: Player "[CLV]-Pain_Obeso" (steam64id="76561199059415820" pos=<10178.3, 37.16, 7209.3>) CloseBarrel dp_box_big_Olive
16:04:44: Player "[YKZ]-BlackBear" (steam64id="76561198343030820" pos=<12037.8, 8.22, 7661.91>) OpenBarrel dp_box_big_Brown
16:04:56: Player "[YKZ]-BlackBear" (steam64id="76561198343030820" pos=<12037.8, 8.22, 7661.91>) CloseBarrel dp_box_big_Brown
16:04:58: Player "[YKZ]-BlackBear" (steam64id="76561198343030820" pos=<12037.8, 8.22, 7661.91>) OpenBarrel dp_box_big_Brown
16:05:07: Player "[YKZ]-BlackBear" (steam64id="76561198343030820" pos=<12037.8, 8.22, 7661.91>) CloseBarrel dp_box_big_Brown
16:52:43: Player "Biel FxR" (steam64id="76561198050836260" pos=<7624.71, 12.20, 9812.91>) CloseBarrel dp_box_small_Brown
16:52:52: Player "Biel FxR" (steam64id="76561198050836260" pos=<7624.71, 12.20, 9812.91>) OpenBarrel dp_box_small_Brown
16:52:57: Player "Biel FxR" (steam64id="76561198050836260" pos=<7625.16, 12.20, 9812.85>) CloseBarrel dp_box_small_Brown
16:54:14: Player "Biel FxR" (steam64id="76561198050836260" pos=<7655.53, 11.93, 9796.97>) OpenBarrel dp_box_small_Brown
17:03:02: Player "[YKZ] pedrobala" (steam64id="76561198046653521" pos=<10392.1, 17.67, 10610.3>) OpenBarrel dp_box_big_Grey
17:03:03: Player "[YKZ] pedrobala" (steam64id="76561198046653521" pos=<10392.1, 17.67, 10610.3>) CloseBarrel dp_box_big_Grey
17:03:07: Player "[YKZ] pedrobala" (steam64id="76561198046653521" pos=<10391.5, 17.68, 10612.1>) CloseBarrel dp_box_big_Grey
17:04:22: Player "[YKZ] pedrobala" (steam64id="76561198046653521" pos=<10392.6, 17.68, 10610.6>) OpenBarrel dp_box_big_Grey
17:04:23: Player "[YKZ] pedrobala" (steam64id="76561198046653521" pos=<10392.5, 17.69, 10611.7>) CloseBarrel dp_box_big_Grey
17:04:37: Player "[YKZ] pedrobala" (steam64id="76561198046653521" pos=<10392.8, 17.68, 10610.3>) OpenBarrel dp_box_big_Grey
17:05:06: Player "[YKZ] pedrobala" (steam64id="76561198046653521" pos=<10392.7, 17.68, 10610.3>) CloseBarrel dp_box_big_Grey
17:05:10: Player "[YKZ] pedrobala" (steam64id="76561198046653521" pos=<10391.9, 17.68, 10611.4>) OpenBarrel dp_box_big_Grey
17:06:47: Player "[YKZ] pedrobala" (steam64id="76561198046653521" pos=<10390, 17.66, 10612.5>) OpenBarrel dp_box_big_Grey
17:06:49: Player "[YKZ] pedrobala" (steam64id="76561198046653521" pos=<10390, 17.66, 10612.5>) CloseBarrel dp_box_big_Grey
17:06:52: Player "[YKZ] pedrobala" (steam64id="76561198046653521" pos=<10389.9, 17.65, 10611.7>) CloseBarrel dp_box_big_Grey
17:07:06: Player "[YKZ] pedrobala" (steam64id="76561198046653521" pos=<10392.4, 17.68, 10610.9>) OpenBarrel dp_box_big_Grey
17:07:12: Player "[YKZ] pedrobala" (steam64id="76561198046653521" pos=<10392.6, 17.68, 10610.1>) OpenBarrel dp_box_big_Grey
17:07:33: Player "[YKZ] pedrobala" (steam64id="76561198046653521" pos=<10391.8, 17.66, 10609.4>) CloseBarrel dp_box_big_Grey
17:07:41: Player "[YKZ] pedrobala" (steam64id="76561198046653521" pos=<10390.3, 17.66, 10611.4>) OpenBarrel dp_box_big_Grey
17:08:14: Player "[YKZ] pedrobala" (steam64id="76561198046653521" pos=<10391.3, 17.66, 10609.4>) OpenBarrel dp_box_big_Grey
17:09:32: Player "[YKZ] pedrobala" (steam64id="76561198046653521" pos=<10392.6, 17.68, 10609.4>) OpenBarrel dp_box_big_Grey
17:09:37: Player "[YKZ] pedrobala" (steam64id="76561198046653521" pos=<10391.9, 18.11, 10608.8>) CloseBarrel dp_box_big_Grey
17:09:38: Player "[YKZ] pedrobala" (steam64id="76561198046653521" pos=<10392.8, 18.14, 10609.1>) CloseBarrel dp_box_big_Grey
17:09:45: Player "[YKZ] pedrobala" (steam64id="76561198046653521" pos=<10392.8, 17.69, 10611.1>) CloseBarrel dp_box_big_Grey
17:09:47: Player "[YKZ] pedrobala" (steam64id="76561198046653521" pos=<10391.8, 17.69, 10612.9>) CloseBarrel dp_box_big_Grey
17:11:04: Player "[YKZ] pedrobala" (steam64id="76561198046653521" pos=<10389.3, 17.64, 10611.8>) CloseBarrel dp_box_big_Grey
17:11:58: Player "[YKZ] pedrobala" (steam64id="76561198046653521" pos=<10389, 17.65, 10613.5>) CloseBarrel dp_box_big_Grey
17:12:07: Player "[YKZ] pedrobala" (steam64id="76561198046653521" pos=<10391.1, 17.65, 10608.7>) OpenBarrel dp_box_big_Grey
17:12:25: Player "[YKZ] pedrobala" (steam64id="76561198046653521" pos=<10391.1, 17.65, 10608.7>) CloseBarrel dp_box_big_Grey
17:21:22: Player "[YKZ] pedrobala" (steam64id="76561198046653521" pos=<10389.7, 17.65, 10612.1>) OpenBarrel dp_box_big_Grey
17:21:27: Player "[YKZ] pedrobala" (steam64id="76561198046653521" pos=<10389.2, 17.64, 10612>) CloseBarrel dp_box_big_Grey
17:21:29: Player "[YKZ] pedrobala" (steam64id="76561198046653521" pos=<10391.5, 17.66, 10609.4>) OpenBarrel dp_box_big_Grey
17:21:34: Player "[YKZ] pedrobala" (steam64id="76561198046653521" pos=<10391.4, 17.66, 10609>) CloseBarrel dp_box_big_Grey
17:21:36: Player "[YKZ] pedrobala" (steam64id="76561198046653521" pos=<10393.1, 17.68, 10609.9>) OpenBarrel dp_box_big_Grey
17:21:42: Player "[YKZ] pedrobala" (steam64id="76561198046653521" pos=<10393.2, 17.69, 10609.8>) CloseBarrel dp_box_big_Grey
17:21:45: Player "[YKZ] pedrobala" (steam64id="76561198046653521" pos=<10392.5, 17.69, 10611.4>) OpenBarrel dp_box_big_Grey
17:21:47: Player "[YKZ] pedrobala" (steam64id="76561198046653521" pos=<10392.9, 17.69, 10611.2>) CloseBarrel dp_box_big_Grey
17:21:49: Player "[YKZ] pedrobala" (steam64id="76561198046653521" pos=<10391.5, 17.68, 10612.5>) OpenBarrel dp_box_big_Grey
17:21:54: Player "[YKZ] pedrobala" (steam64id="76561198046653521" pos=<10391.9, 17.69, 10612.8>) CloseBarrel dp_box_big_Grey
17:23:36: Player "[YKZ] pedrobala" (steam64id="76561198046653521" pos=<10389.7, 17.65, 10612.1>) OpenBarrel dp_box_big_Grey
17:24:25: Player "[YKZ] pedrobala" (steam64id="76561198046653521" pos=<10390.7, 17.65, 10609>) OpenBarrel dp_box_big_Grey
17:24:31: Player "[YKZ] pedrobala" (steam64id="76561198046653521" pos=<10390.8, 17.65, 10608.7>) CloseBarrel dp_box_big_Grey
17:28:51: Player "[YKZ] pedrobala" (steam64id="76561198046653521" pos=<10388.4, 17.65, 10614.1>) OpenBarrel dp_box_big_Grey
17:29:59: Player "[YKZ] pedrobala" (steam64id="76561198046653521" pos=<10389.4, 17.65, 10612.1>) CloseBarrel dp_box_big_Grey
17:30:01: Player "[YKZ] pedrobala" (steam64id="76561198046653521" pos=<10389.1, 17.66, 10613.8>) CloseBarrel dp_box_big_Grey
17:30:08: Player "[YKZ] pedrobala" (steam64id="76561198046653521" pos=<10391.5, 17.66, 10609.9>) OpenBarrel dp_box_big_Grey
17:30:15: Player "[YKZ] pedrobala" (steam64id="76561198046653521" pos=<10391.6, 17.66, 10609>) CloseBarrel dp_box_big_Grey
17:30:17: Player "[YKZ] pedrobala" (steam64id="76561198046653521" pos=<10389.2, 17.66, 10613.7>) OpenBarrel dp_box_big_Grey
17:30:31: Player "[YKZ] pedrobala" (steam64id="76561198046653521" pos=<10389.1, 17.66, 10613.7>) CloseBarrel dp_box_big_Grey
17:30:34: Player "[YKZ] pedrobala" (steam64id="76561198046653521" pos=<10389.1, 17.66, 10613.7>) OpenBarrel dp_box_big_Grey
17:32:05: Player "[YKZ] pedrobala" (steam64id="76561198046653521" pos=<10389.1, 17.65, 10613.7>) CloseBarrel dp_box_big_Grey
17:32:07: Player "[YKZ] pedrobala" (steam64id="76561198046653521" pos=<10389, 17.65, 10613.3>) OpenBarrel dp_box_big_Grey
17:46:49: Player "[YKZ] pedrobala" (steam64id="76561198046653521" pos=<10389.2, 17.65, 10612.2>) CloseBarrel dp_box_big_Grey
17:48:29: Player "[YKZ] pedrobala" (steam64id="76561198046653521" pos=<10389.4, 17.66, 10613.3>) OpenBarrel dp_box_big_Grey
17:50:20: Player "[YKZ] pedrobala" (steam64id="76561198046653521" pos=<10388.6, 17.65, 10614.6>) CloseBarrel dp_box_big_Grey
17:50:35: Player "[YKZ] pedrobala" (steam64id="76561198046653521" pos=<10389.1, 17.65, 10612.4>) OpenBarrel dp_box_big_Grey
17:50:46: Player "[YKZ] pedrobala" (steam64id="76561198046653521" pos=<10389.1, 17.65, 10613.3>) OpenBarrel dp_box_big_Grey
17:50:54: Player "[YKZ] pedrobala" (steam64id="76561198046653521" pos=<10389.1, 17.65, 10613.6>) CloseBarrel dp_box_big_Grey
17:50:55: Player "[YKZ] pedrobala" (steam64id="76561198046653521" pos=<10388.8, 17.65, 10613.4>) CloseBarrel dp_box_big_Grey
18:05:47: Player "Hacan121" (steam64id="76561198345012092" pos=<7610.79, 13.74, 9804.81>) CloseBarrel dp_box_small_Brown
18:06:20: Player "Hacan121" (steam64id="76561198345012092" pos=<7609.44, 13.22, 9805.57>) OpenBarrel dp_box_small_Brown
18:31:04: Player "Biel FxR" (steam64id="76561198050836260" pos=<7618.89, 15.96, 9781.87>) CloseBarrel dp_box_small_Brown
18:31:16: Player "Biel FxR" (steam64id="76561198050836260" pos=<7620.9, 13.71, 9783.58>) OpenBarrel dp_box_small_Brown
18:57:44: Player "Biel FxR" (steam64id="76561198050836260" pos=<7618.67, 16.00, 9781.63>) CloseBarrel dp_box_small_Brown
19:05:29: Player "[YKZ] pedrobala" (steam64id="76561198046653521" pos=<10389.5, 17.65, 10612.2>) OpenBarrel dp_box_big_Grey
19:05:36: Player "[YKZ] pedrobala" (steam64id="76561198046653521" pos=<10389.5, 17.65, 10612.2>) CloseBarrel dp_box_big_Grey
19:06:20: Player "[YKZ] pedrobala" (steam64id="76561198046653521" pos=<10389.2, 17.65, 10612.5>) OpenBarrel dp_box_big_Grey
19:09:11: Player "Biel FxR" (steam64id="76561198050836260" pos=<7625.7, 12.20, 9813.15>) OpenBarrel dp_box_big_Olive
19:09:17: Player "Biel FxR" (steam64id="76561198050836260" pos=<7625.98, 12.20, 9812.53>) CloseBarrel dp_box_big_Olive
19:09:35: Player "Biel FxR" (steam64id="76561198050836260" pos=<7625.68, 12.20, 9812.58>) OpenBarrel dp_box_big_Olive
19:09:36: Player "Biel FxR" (steam64id="76561198050836260" pos=<7625.68, 12.20, 9812.58>) CloseBarrel dp_box_big_Olive
19:10:07: Player "Biel FxR" (steam64id="76561198050836260" pos=<7625.79, 12.20, 9812.59>) OpenBarrel dp_box_big_Olive
19:10:09: Player "Biel FxR" (steam64id="76561198050836260" pos=<7625.79, 12.20, 9812.59>) CloseBarrel dp_box_big_Olive
19:10:42: Player "Biel FxR" (steam64id="76561198050836260" pos=<7625.74, 12.20, 9812.78>) OpenBarrel dp_box_big_Olive
19:24:10: Player "[G.M] O verdadeiro" (steam64id="76561198351631304" pos=<10164.5, 6.85, 9280.8>) OpenBarrel Barrel_Blue
19:24:16: Player "[G.M] O verdadeiro" (steam64id="76561198351631304" pos=<10164.6, 6.85, 9281.17>) CloseBarrel Barrel_Blue
19:24:44: Player "[LGBTQIA+] S T R 1 P P 3 R - S" (steam64id="76561198114043394" pos=<10095.8, 3.57, 8799.72>) OpenBarrel dp_box_big_Green
19:24:45: Player "[LGBTQIA+] S T R 1 P P 3 R - S" (steam64id="76561198114043394" pos=<10095.8, 3.57, 8799.72>) OpenBarrel dp_box_big_Green
19:24:47: Player "[LGBTQIA+] S T R 1 P P 3 R - S" (steam64id="76561198114043394" pos=<10095.8, 3.57, 8799.72>) OpenBarrel dp_box_big_Green
19:27:39: Player "[YKZ] pedrobala" (steam64id="76561198046653521" pos=<10388.7, 17.64, 10613.1>) OpenBarrel dp_box_big_Grey
19:27:40: Player "[YKZ] pedrobala" (steam64id="76561198046653521" pos=<10389.7, 17.65, 10612>) CloseBarrel dp_box_big_Grey
19:30:41: Player "[YKZ] pedrobala" (steam64id="76561198046653521" pos=<10389.1, 17.65, 10612.6>) OpenBarrel dp_box_big_Grey
19:32:56: Player "[YKZ] pedrobala" (steam64id="76561198046653521" pos=<10388.3, 17.64, 10612.9>) CloseBarrel dp_box_big_Grey
19:33:13: Player "[YKZ] pedrobala" (steam64id="76561198046653521" pos=<10388.8, 17.65, 10614.5>) CloseBarrel dp_box_big_Grey
19:33:15: Player "[YKZ] pedrobala" (steam64id="76561198046653521" pos=<10389, 17.65, 10612.7>) OpenBarrel dp_box_big_Grey
19:33:23: Player "[YKZ] pedrobala" (steam64id="76561198046653521" pos=<10389, 17.65, 10612.7>) CloseBarrel dp_box_big_Grey
19:36:06: Player "[YKZ] pedrobala" (steam64id="76561198046653521" pos=<10388.7, 17.65, 10613.6>) OpenBarrel dp_box_big_Grey
19:36:15: Player "[YKZ] pedrobala" (steam64id="76561198046653521" pos=<10389, 17.65, 10613.8>) CloseBarrel dp_box_big_Grey
19:36:17: Player "[YKZ] pedrobala" (steam64id="76561198046653521" pos=<10389, 17.65, 10613.8>) OpenBarrel dp_box_big_Grey
19:36:48: Player "[YKZ] pedrobala" (steam64id="76561198046653521" pos=<10388.8, 17.65, 10613>) OpenBarrel dp_box_big_Grey
19:37:18: Player "[YKZ] pedrobala" (steam64id="76561198046653521" pos=<10391.4, 17.66, 10609.4>) OpenBarrel dp_box_big_Grey
19:37:46: Player "[YKZ] pedrobala" (steam64id="76561198046653521" pos=<10391.5, 17.66, 10609.1>) CloseBarrel dp_box_big_Grey
19:40:40: Player "[YKZ] pedrobala" (steam64id="76561198046653521" pos=<10391.1, 17.65, 10609.3>) OpenBarrel dp_box_big_Grey
19:46:01: Player "[YKZ]-BlackBear" (steam64id="76561198343030820" pos=<10392.8, 17.68, 10610.2>) OpenBarrel dp_box_big_Grey
19:49:56: Player "[YKZ] pedrobala" (steam64id="76561198046653521" pos=<10388.7, 17.65, 10614>) CloseBarrel dp_box_big_Grey
19:49:59: Player "[YKZ] pedrobala" (steam64id="76561198046653521" pos=<10389.5, 17.66, 10613.2>) CloseBarrel dp_box_big_Grey
19:50:01: Player "[YKZ] pedrobala" (steam64id="76561198046653521" pos=<10391.7, 17.66, 10609.7>) CloseBarrel dp_box_big_Grey
19:50:03: Player "[YKZ] pedrobala" (steam64id="76561198046653521" pos=<10393.1, 17.69, 10610.2>) CloseBarrel dp_box_big_Grey
19:51:50: Player "[YKZ] pedrobala" (steam64id="76561198046653521" pos=<10388.5, 17.65, 10614.5>) OpenBarrel dp_box_big_Grey
19:52:03: Player "[YKZ] pedrobala" (steam64id="76561198046653521" pos=<10391.6, 17.66, 10609.5>) OpenBarrel dp_box_big_Grey
19:52:17: Player "[YKZ] pedrobala" (steam64id="76561198046653521" pos=<10391, 17.65, 10609>) CloseBarrel dp_box_big_Grey
19:52:19: Player "[YKZ] pedrobala" (steam64id="76561198046653521" pos=<10392.9, 17.68, 10610.2>) OpenBarrel dp_box_big_Grey
19:52:35: Player "[YKZ] pedrobala" (steam64id="76561198046653521" pos=<10393.1, 17.68, 10609.8>) CloseBarrel dp_box_big_Grey
19:52:59: Player "[YKZ] pedrobala" (steam64id="76561198046653521" pos=<10388.8, 17.65, 10614.4>) CloseBarrel dp_box_big_Grey
19:53:00: Player "[YKZ] pedrobala" (steam64id="76561198046653521" pos=<10389.3, 17.65, 10612.4>) OpenBarrel dp_box_big_Grey
19:53:36: Player "[YKZ] pedrobala" (steam64id="76561198046653521" pos=<10389.3, 17.65, 10612.4>) CloseBarrel dp_box_big_Grey
19:56:43: Player "[YKZ]-BlackBear" (steam64id="76561198343030820" pos=<10391.3, 17.68, 10612.3>) OpenBarrel dp_box_big_Grey
19:58:17: Player "[YKZ]-BlackBear" (steam64id="76561198343030820" pos=<10389.3, 17.65, 10612.6>) OpenBarrel dp_box_big_Grey
19:58:22: Player "[YKZ]-BlackBear" (steam64id="76561198343030820" pos=<10389.3, 17.65, 10612.6>) CloseBarrel dp_box_big_Grey
19:58:31: Player "[YKZ]-BlackBear" (steam64id="76561198343030820" pos=<10392.7, 17.69, 10611>) OpenBarrel dp_box_big_Grey
20:05:40: Player "[YKZ]-BlackBear" (steam64id="76561198343030820" pos=<10391.3, 17.68, 10612.3>) CloseBarrel dp_box_big_Grey
20:08:03: Player "[YKZ]-BlackBear" (steam64id="76561198343030820" pos=<10391.4, 17.68, 10612.3>) OpenBarrel dp_box_big_Grey
20:10:46: Player "[YKZ]-BlackBear" (steam64id="76561198343030820" pos=<10389.6, 17.65, 10611.6>) OpenBarrel dp_box_big_Grey
20:10:50: Player "[YKZ]-BlackBear" (steam64id="76561198343030820" pos=<10389.6, 17.65, 10611.6>) CloseBarrel dp_box_big_Grey
20:10:52: Player "[YKZ]-BlackBear" (steam64id="76561198343030820" pos=<10388.8, 17.65, 10613.9>) OpenBarrel dp_box_big_Grey
20:14:03: Player "[YKZ]-BlackBear" (steam64id="76561198343030820" pos=<10390.1, 17.66, 10611.8>) OpenBarrel dp_box_big_Grey
20:14:10: Player "[YKZ]-BlackBear" (steam64id="76561198343030820" pos=<10391, 17.65, 10609.4>) OpenBarrel dp_box_big_Grey
20:14:16: Player "[YKZ]-BlackBear" (steam64id="76561198343030820" pos=<10391.2, 17.65, 10609>) CloseBarrel dp_box_big_Grey
20:14:18: Player "[YKZ]-BlackBear" (steam64id="76561198343030820" pos=<10392.6, 17.68, 10610.3>) OpenBarrel dp_box_big_Grey
20:57:42: Player "[YKZ] Notsniw" (steam64id="76561197967151252" pos=<11091.2, 4.21, 8425.81>) CloseBarrel dp_box_big_Brown
20:58:21: Player "[YKZ] Notsniw" (steam64id="76561197967151252" pos=<11089.8, 4.21, 8425.32>) OpenBarrel dp_box_big_Brown
21:02:07: Player "[YKZ] Notsniw" (steam64id="76561197967151252" pos=<11091.3, 4.21, 8425.71>) CloseBarrel dp_box_big_Brown
21:02:14: Player "[YKZ] Notsniw" (steam64id="76561197967151252" pos=<11090.8, 4.21, 8425.56>) OpenBarrel dp_box_big_Brown
21:02:35: Player "[YKZ] Notsniw" (steam64id="76561197967151252" pos=<11090.6, 4.21, 8425.26>) CloseBarrel dp_box_big_Brown
21:09:02: Player "[YKZ]-BlackBear" (steam64id="76561198343030820" pos=<12037.8, 8.20, 7662.08>) OpenBarrel dp_box_big_Brown
21:09:15: Player "[YKZ]-BlackBear" (steam64id="76561198343030820" pos=<12037.8, 8.20, 7662.08>) CloseBarrel dp_box_big_Brown
21:10:59: Player "[YKZ] Notsniw" (steam64id="76561197967151252" pos=<12037.2, 8.25, 7661.73>) OpenBarrel dp_box_big_Brown
21:11:07: Player "[YKZ]-BlackBear" (steam64id="76561198343030820" pos=<12091.3, 4.39, 7721.15>) OpenBarrel dp_box_small_Brown
21:11:12: Player "[YKZ] Notsniw" (steam64id="76561197967151252" pos=<12037.3, 8.23, 7661.88>) CloseBarrel dp_box_big_Brown
21:11:21: Player "[YKZ]-BlackBear" (steam64id="76561198343030820" pos=<12091.3, 4.39, 7721.15>) CloseBarrel dp_box_small_Brown
21:11:41: Player "[YKZ] Notsniw" (steam64id="76561197967151252" pos=<12089.9, 4.49, 7722.49>) OpenBarrel dp_box_small_Brown
21:12:01: Player "[YKZ] Notsniw" (steam64id="76561197967151252" pos=<12089.8, 4.50, 7722.45>) CloseBarrel dp_box_small_Brown
21:25:45: Player "[YKZ] Felps" (steam64id="76561198892779186" pos=<11091.5, 4.21, 8425.83>) OpenBarrel dp_box_big_Brown
21:27:25: Player "[YKZ] Felps" (steam64id="76561198892779186" pos=<11090.2, 4.71, 8425.72>) CloseBarrel dp_box_big_Brown
21:27:56: Player "[ONE] PORVINHA" (steam64id="76561198426990483" pos=<8646.2, 6.92, 10096.1>) OpenBarrel dp_box_big_Grey
21:28:01: Player "[ONE] PORVINHA" (steam64id="76561198426990483" pos=<8646.62, 6.93, 10096.3>) CloseBarrel dp_box_big_Grey
21:28:52: Player "[ONE] PORVINHA" (steam64id="76561198426990483" pos=<8651.71, 6.94, 10097.2>) OpenBarrel dp_box_big_Tan
21:28:55: Player "[ONE] PORVINHA" (steam64id="76561198426990483" pos=<8651.1, 7.13, 10097.2>) CloseBarrel dp_box_big_Tan
21:29:01: Player "[ONE] PORVINHA" (steam64id="76561198426990483" pos=<8651.4, 7.13, 10096.9>) OpenBarrel dp_box_big_Tan
21:29:16: Player "[ONE] PORVINHA" (steam64id="76561198426990483" pos=<8651.1, 7.30, 10097.4>) CloseBarrel dp_box_big_Tan
21:29:20: Player "[ONE] JAPA" (steam64id="76561198161060673" pos=<7876.95, 31.55, 7424.55>) OpenBarrel dp_box_big_Grey
21:29:39: Player "[ONE] JAPA" (steam64id="76561198161060673" pos=<7875.18, 31.33, 7417.66>) CloseBarrel dp_box_big_Grey
21:32:41: Player "[ONE] JAPA" (steam64id="76561198161060673" pos=<7876.58, 31.25, 7419.28>) OpenBarrel dp_box_big_Grey
21:33:17: Player "[ONE] JAPA" (steam64id="76561198161060673" pos=<7877.32, 31.28, 7418.35>) CloseBarrel dp_box_big_Grey
21:33:22: Player "TripaSeca" (steam64id="76561198093060507" pos=<7626.32, 12.20, 9812.94>) OpenBarrel dp_box_small_Brown
21:34:43: Player "[ONE] JAPA" (steam64id="76561198161060673" pos=<7878.44, 31.27, 7418.3>) OpenBarrel dp_box_big_Grey
21:34:47: Player "[ONE] JAPA" (steam64id="76561198161060673" pos=<7878.44, 31.27, 7418.3>) CloseBarrel dp_box_big_Grey
21:35:07: Player "[ONE] JAPA" (steam64id="76561198161060673" pos=<7876.42, 31.02, 7425.58>) OpenBarrel dp_box_big_Grey
21:35:30: Player "[ONE] JAPA" (steam64id="76561198161060673" pos=<7872.63, 31.04, 7425.95>) CloseBarrel dp_box_big_Grey
21:36:25: Player "[ONE] JAPA" (steam64id="76561198161060673" pos=<7879.86, 31.14, 7421.65>) OpenBarrel dp_box_big_Grey
21:36:45: Player "[ONE] JAPA" (steam64id="76561198161060673" pos=<7888.28, 31.09, 7420.69>) CloseBarrel dp_box_big_Grey
21:36:48: Player "[ONE] KARABULJHAN" (steam64id="76561198100527842" pos=<7875.02, 31.27, 7419.34>) OpenBarrel dp_box_big_Grey
21:37:19: Player "[ONE] JAPA" (steam64id="76561198161060673" pos=<7881.19, 31.22, 7419.04>) CloseBarrel dp_box_big_Grey
21:37:29: Player "[ONE] JAPA" (steam64id="76561198161060673" pos=<7886.39, 31.14, 7419.78>) CloseBarrel dp_box_big_Grey
21:40:46: Player "[ONE] JAPA" (steam64id="76561198161060673" pos=<7885.39, 31.11, 7420.94>) OpenBarrel dp_box_big_Grey
21:40:59: Player "[ONE] JAPA" (steam64id="76561198161060673" pos=<7885.27, 31.08, 7421.67>) CloseBarrel dp_box_big_Grey
21:43:26: Player "[ONE] JAPA" (steam64id="76561198161060673" pos=<7888.84, 31.51, 7420.47>) CloseBarrel dp_box_big_Grey
21:43:29: Player "[ONE] JAPA" (steam64id="76561198161060673" pos=<7888.6, 31.38, 7421.2>) OpenBarrel dp_box_big_Grey
21:43:48: Player "[ONE] PORVINHA" (steam64id="76561198426990483" pos=<7883.83, 31.14, 7420.49>) OpenBarrel dp_box_big_Grey
21:43:53: Player "[ONE] PORVINHA" (steam64id="76561198426990483" pos=<7883.83, 31.14, 7420.49>) CloseBarrel dp_box_big_Grey
21:43:56: Player "[ONE] PORVINHA" (steam64id="76561198426990483" pos=<7885.99, 31.13, 7420.2>) OpenBarrel dp_box_big_Grey
21:44:01: Player "[ONE] PORVINHA" (steam64id="76561198426990483" pos=<7885.99, 31.13, 7420.2>) CloseBarrel dp_box_big_Grey
21:46:04: Player "[ONE] JAPA" (steam64id="76561198161060673" pos=<7885.36, 31.18, 7418.87>) OpenBarrel dp_box_big_Grey
21:46:08: Player "[ONE] JAPA" (steam64id="76561198161060673" pos=<7885.36, 31.19, 7418.87>) CloseBarrel dp_box_big_Grey
21:47:59: Player "[ONE] PORVINHA" (steam64id="76561198426990483" pos=<7870.22, 31.89, 7417.08>) OpenBarrel dp_box_big_Grey
21:49:40: Player "[ONE] KARABULJHAN" (steam64id="76561198100527842" pos=<7875, 31.18, 7421.64>) OpenBarrel dp_box_big_Grey
21:49:51: Player "[ONE] KARABULJHAN" (steam64id="76561198100527842" pos=<7869.4, 31.47, 7415.29>) CloseBarrel dp_box_big_Grey
21:49:52: Player "[ONE] KARABULJHAN" (steam64id="76561198100527842" pos=<7869.4, 31.47, 7415.29>) OpenBarrel dp_box_big_Grey
21:50:01: Player "[ONE] KARABULJHAN" (steam64id="76561198100527842" pos=<7886.65, 31.59, 7421.02>) OpenBarrel dp_box_big_Grey
21:50:12: Player "[ONE] KARABULJHAN" (steam64id="76561198100527842" pos=<7887.12, 31.13, 7419.86>) OpenBarrel dp_box_big_Grey
21:50:26: Player "[ONE] KARABULJHAN" (steam64id="76561198100527842" pos=<7887.8, 31.47, 7423.25>) CloseBarrel dp_box_big_Grey
21:50:27: Player "[ONE] KARABULJHAN" (steam64id="76561198100527842" pos=<7887.8, 31.47, 7423.25>) OpenBarrel dp_box_big_Grey
21:51:17: Player "[ONE] PORVINHA" (steam64id="76561198426990483" pos=<7885.75, 31.07, 7422.01>) CloseBarrel dp_box_big_Grey
21:51:51: Player "[ONE] PORVINHA" (steam64id="76561198426990483" pos=<7883.26, 31.16, 7420.04>) CloseBarrel dp_box_big_Grey
21:52:06: Player "[ONE] PORVINHA" (steam64id="76561198426990483" pos=<7887.15, 31.03, 7422.57>) CloseBarrel dp_box_big_Grey
21:52:19: Player "[ONE] PORVINHA" (steam64id="76561198426990483" pos=<7884.3, 31.48, 7422.58>) OpenBarrel dp_box_big_Grey
21:52:26: Player "[ONE] PORVINHA" (steam64id="76561198426990483" pos=<7882.93, 31.07, 7422.51>) CloseBarrel dp_box_big_Grey
21:52:30: Player "[ONE] PORVINHA" (steam64id="76561198426990483" pos=<7888.62, 31.00, 7423.12>) OpenBarrel dp_box_big_Grey
21:52:32: Player "[ONE] KARABULJHAN" (steam64id="76561198100527842" pos=<7875.46, 31.20, 7421.09>) CloseBarrel dp_box_big_Grey
21:52:33: Player "[ONE] KARABULJHAN" (steam64id="76561198100527842" pos=<7875.46, 31.20, 7421.09>) OpenBarrel dp_box_big_Grey
21:52:40: Player "[ONE] PORVINHA" (steam64id="76561198426990483" pos=<7888.54, 31.01, 7422.85>) CloseBarrel dp_box_big_Grey
21:52:49: Player "[ONE] PORVINHA" (steam64id="76561198426990483" pos=<7885.62, 31.14, 7420.05>) OpenBarrel dp_box_big_Grey
21:52:55: Player "[ONE] PORVINHA" (steam64id="76561198426990483" pos=<7885.62, 31.14, 7420.05>) CloseBarrel dp_box_big_Grey
21:53:40: Player "[ONE] PORVINHA" (steam64id="76561198426990483" pos=<7881.93, 31.67, 7419.9>) OpenBarrel dp_box_big_Grey
21:53:42: Player "[ONE] PORVINHA" (steam64id="76561198426990483" pos=<7881.93, 31.67, 7419.9>) CloseBarrel dp_box_big_Grey
21:53:51: Player "[ONE] KARABULJHAN" (steam64id="76561198100527842" pos=<7882.14, 31.16, 7420.58>) OpenBarrel dp_box_big_Grey
21:54:00: Player "[ONE] PORVINHA" (steam64id="76561198426990483" pos=<7886.18, 31.08, 7421.49>) OpenBarrel dp_box_big_Grey
21:54:02: Player "[ONE] PORVINHA" (steam64id="76561198426990483" pos=<7886.12, 31.11, 7420.69>) CloseBarrel dp_box_big_Grey
21:54:05: Player "[ONE] PORVINHA" (steam64id="76561198426990483" pos=<7883.76, 31.14, 7420.61>) OpenBarrel dp_box_big_Grey
21:54:08: Player "[ONE] PORVINHA" (steam64id="76561198426990483" pos=<7883.76, 31.14, 7420.61>) CloseBarrel dp_box_big_Grey
21:54:20: Player "[ONE] JAPA" (steam64id="76561198161060673" pos=<7888.49, 31.01, 7423>) OpenBarrel dp_box_big_Grey
21:54:28: Player "[ONE] JAPA" (steam64id="76561198161060673" pos=<7888.49, 31.01, 7423>) CloseBarrel dp_box_big_Grey
21:54:41: Player "[ONE] JAPA" (steam64id="76561198161060673" pos=<7886.76, 31.12, 7420.13>) OpenBarrel dp_box_big_Grey
21:54:44: Player "[ONE] JAPA" (steam64id="76561198161060673" pos=<7886.59, 31.11, 7420.67>) CloseBarrel dp_box_big_Grey
21:54:46: Player "[ONE] JAPA" (steam64id="76561198161060673" pos=<7884.19, 31.15, 7420.21>) OpenBarrel dp_box_big_Grey
21:54:50: Player "[ONE] JAPA" (steam64id="76561198161060673" pos=<7884.19, 31.15, 7420.21>) CloseBarrel dp_box_big_Grey
21:54:53: Player "[ONE] JAPA" (steam64id="76561198161060673" pos=<7883.64, 31.15, 7420.06>) OpenBarrel dp_box_big_Grey
21:55:06: Player "[ONE] PORVINHA" (steam64id="76561198426990483" pos=<7879.79, 31.15, 7421.41>) CloseBarrel dp_box_big_Grey
21:55:14: Player "[ONE] PORVINHA" (steam64id="76561198426990483" pos=<7874.52, 31.01, 7426.35>) OpenBarrel dp_box_big_Grey
21:57:29: Player "[ONE] PORVINHA" (steam64id="76561198426990483" pos=<7869.86, 31.45, 7415.7>) CloseBarrel dp_box_big_Grey
21:57:37: Player "[ONE] PORVINHA" (steam64id="76561198426990483" pos=<7871.29, 31.35, 7417.98>) OpenBarrel dp_box_big_Grey
21:57:39: Player "[ONE] PORVINHA" (steam64id="76561198426990483" pos=<7871.29, 31.35, 7417.98>) CloseBarrel dp_box_big_Grey
21:57:51: Player "[ONE] PORVINHA" (steam64id="76561198426990483" pos=<7870.64, 31.38, 7417.51>) OpenBarrel dp_box_big_Grey
21:57:58: Player "[ONE] PORVINHA" (steam64id="76561198426990483" pos=<7870.42, 31.39, 7417.39>) CloseBarrel dp_box_big_Grey
21:59:05: Player "Chaves" (steam64id="76561198329721265" pos=<8853.89, 11.61, 10241.8>) OpenBarrel dp_box_big_Grey
22:00:00: Player "[ONE] XxibahH" (steam64id="76561198165228070" pos=<7880.42, 31.14, 7421.22>) OpenBarrel dp_box_big_Grey
22:00:23: Player "[ONE] XxibahH" (steam64id="76561198165228070" pos=<7870.92, 31.39, 7417.06>) OpenBarrel dp_box_big_Grey
22:03:54: Player "[ONE] JAPA" (steam64id="76561198161060673" pos=<7871.21, 31.39, 7417.09>) CloseBarrel dp_box_big_Grey
22:05:32: Player "Chaves" (steam64id="76561198329721265" pos=<8850.18, 11.61, 10242.9>) OpenBarrel dp_box_big_Tan
22:06:38: Player "[ONE] XxibahH" (steam64id="76561198165228070" pos=<7888.29, 31.56, 7421.25>) OpenBarrel dp_box_big_Grey
22:08:50: Player "[ONE] KARABULJHAN" (steam64id="76561198100527842" pos=<7886.04, 31.09, 7421.33>) OpenBarrel dp_box_big_Grey
22:09:03: Player "[ONE] KARABULJHAN" (steam64id="76561198100527842" pos=<7880.22, 31.60, 7420.5>) CloseBarrel dp_box_big_Grey
22:09:04: Player "[ONE] KARABULJHAN" (steam64id="76561198100527842" pos=<7880.22, 31.60, 7420.5>) OpenBarrel dp_box_big_Grey
22:16:46: Player "[ONE] PORVINHA" (steam64id="76561198426990483" pos=<7870.1, 31.46, 7415.35>) OpenBarrel dp_box_big_Grey
22:17:01: Player "[ONE] PORVINHA" (steam64id="76561198426990483" pos=<7870.49, 31.40, 7416.92>) CloseBarrel dp_box_big_Grey
22:19:06: Player "[ONE] PORVINHA" (steam64id="76561198426990483" pos=<7870.77, 31.38, 7417.34>) OpenBarrel dp_box_big_Grey
22:19:23: Player "[ONE] PORVINHA" (steam64id="76561198426990483" pos=<7870.85, 31.39, 7417.04>) CloseBarrel dp_box_big_Grey
22:20:47: Player "[ONE] PORVINHA" (steam64id="76561198426990483" pos=<7870.85, 31.38, 7417.54>) OpenBarrel dp_box_big_Grey
22:29:45: Player "[ONE] JAPA" (steam64id="76561198161060673" pos=<7873.89, 31.27, 7419.38>) CloseBarrel dp_box_big_Grey
22:29:47: Player "[ONE] JAPA" (steam64id="76561198161060673" pos=<7870.43, 31.38, 7417.43>) CloseBarrel dp_box_big_Grey
22:30:26: Player "[ONE] JAPA" (steam64id="76561198161060673" pos=<7869.99, 31.47, 7415.24>) OpenBarrel dp_box_big_Grey
22:30:32: Player "[ONE] JAPA" (steam64id="76561198161060673" pos=<7874.7, 31.19, 7421.48>) OpenBarrel dp_box_big_Grey
22:30:51: Player "[ONE] JAPA" (steam64id="76561198161060673" pos=<7870.9, 31.35, 7418.24>) CloseBarrel dp_box_big_Grey
22:31:32: Player "[ONE] JAPA" (steam64id="76561198161060673" pos=<7870.13, 31.41, 7416.88>) OpenBarrel dp_box_big_Grey
22:32:42: Player "[ONE] JAPA" (steam64id="76561198161060673" pos=<7870, 31.43, 7416.29>) CloseBarrel dp_box_big_Grey
22:32:45: Player "[ONE] JAPA" (steam64id="76561198161060673" pos=<7869.73, 31.45, 7415.68>) CloseBarrel dp_box_big_Grey
22:33:03: Player "[ONE] JAPA" (steam64id="76561198161060673" pos=<7873.04, 31.82, 7417.88>) CloseBarrel dp_box_big_Grey
22:33:25: Player "[ONE] JAPA" (steam64id="76561198161060673" pos=<7871.86, 31.38, 7417.11>) OpenBarrel dp_box_big_Grey
22:34:21: Player "[ONE] JAPA" (steam64id="76561198161060673" pos=<7872.53, 31.38, 7417.06>) CloseBarrel dp_box_big_Grey
22:36:54: Player "[ONE] JAPA" (steam64id="76561198161060673" pos=<7875.07, 31.71, 7418.32>) CloseBarrel dp_box_big_Grey
22:37:46: Player "[ONE] JAPA" (steam64id="76561198161060673" pos=<7873.32, 31.35, 7417.52>) OpenBarrel dp_box_big_Grey
22:38:49: Player "[ONE] JAPA" (steam64id="76561198161060673" pos=<7873, 31.37, 7417.01>) CloseBarrel dp_box_big_Grey
22:41:21: Player "[ONE] PORVINHA" (steam64id="76561198426990483" pos=<7869.54, 31.86, 7415.26>) OpenBarrel dp_box_big_Grey
22:41:22: Player "[ONE] XxibahH" (steam64id="76561198165228070" pos=<7874.02, 31.83, 7415.94>) OpenBarrel dp_box_big_Grey
22:41:27: Player "[ONE] PORVINHA" (steam64id="76561198426990483" pos=<7868.88, 31.91, 7414.73>) CloseBarrel dp_box_big_Grey
22:41:32: Player "[ONE] XxibahH" (steam64id="76561198165228070" pos=<7871.88, 31.81, 7416.02>) OpenBarrel dp_box_big_Grey
22:41:36: Player "[ONE] XxibahH" (steam64id="76561198165228070" pos=<7870.35, 31.44, 7415.91>) OpenBarrel dp_box_big_Grey
22:41:42: Player "[ONE] XxibahH" (steam64id="76561198165228070" pos=<7868.66, 31.83, 7415.26>) OpenBarrel dp_box_big_Grey
22:41:59: Player "[ONE] XxibahH" (steam64id="76561198165228070" pos=<7867.13, 31.50, 7414.97>) CloseBarrel dp_box_big_Grey
23:31:16: Player "[ONE] KARABULJHAN" (steam64id="76561198100527842" pos=<7869.3, 31.91, 7415.01>) OpenBarrel dp_box_big_Grey
23:33:15: Player "[ONE] KARABULJHAN" (steam64id="76561198100527842" pos=<7870.87, 31.43, 7416>) CloseBarrel dp_box_big_Grey
23:33:16: Player "[ONE] KARABULJHAN" (steam64id="76561198100527842" pos=<7870.87, 31.43, 7416>) OpenBarrel dp_box_big_Grey
23:39:51: Player "[ONE] JAPA" (steam64id="76561198161060673" pos=<7873.81, 31.38, 7416.7>) CloseBarrel dp_box_big_Grey
23:40:46: Player "[ONE] KARABULJHAN" (steam64id="76561198100527842" pos=<7874.83, 31.36, 7416.93>) OpenBarrel dp_box_big_Grey
