17:25:44: Player "[HORDA]ThiagoPenna" (steam64id="76561198218822351" pos=<9561.15, 6.07, 9580.44>) ToggleTentOpen PartyTent_Blue
17:25:53: Player "[HORDA]ThiagoPenna" (steam64id="76561198218822351" pos=<9561.28, 6.07, 9580.41>) ToggleTentOpen PartyTent_Blue
18:54:21: Player "[HORDA]ThiagoPenna" (steam64id="76561198218822351" pos=<9560.79, 6.07, 9580.93>) ToggleTentOpen PartyTent_Blue
18:54:53: Player "[HORDA]ThiagoPenna" (steam64id="76561198218822351" pos=<9561.18, 6.07, 9580.83>) ToggleTentOpen PartyTent_Blue
19:02:50: Player "[HORDA]ThiagoPenna" (steam64id="76561198218822351" pos=<9561.04, 6.07, 9580.27>) ToggleTentOpen PartyTent_Blue
19:08:03: Player "[HORDA]ThiagoPenna" (steam64id="76561198218822351" pos=<9561.98, 6.07, 9581.12>) ToggleTentOpen PartyTent_Blue
19:16:42: Player "[HORDA]ThiagoPenna" (steam64id="76561198218822351" pos=<9560.77, 6.07, 9580.42>) ToggleTentOpen PartyTent_Blue
19:17:17: Player "[HORDA]ThiagoPenna" (steam64id="76561198218822351" pos=<9560.96, 6.07, 9580.44>) ToggleTentOpen PartyTent_Blue
19:18:25: Player "[HORDA]ThiagoPenna" (steam64id="76561198218822351" pos=<9560.51, 6.07, 9581.09>) ToggleTentOpen PartyTent_Blue
19:19:26: Player "[HORDA]ThiagoPenna" (steam64id="76561198218822351" pos=<9560.68, 6.07, 9580.38>) ToggleTentOpen PartyTent_Blue
19:19:29: Player "[HORDA]ThiagoPenna" (steam64id="76561198218822351" pos=<9563.26, 6.07, 9582.54>) ToggleTentOpen PartyTent_Blue
20:12:15: Player "[HORDA]ThiagoPenna" (steam64id="76561198218822351" pos=<9560.75, 6.07, 9581.27>) ToggleTentOpen PartyTent_Blue
20:24:50: Player "[HORDA]ThiagoPenna" (steam64id="76561198218822351" pos=<9562.88, 6.07, 9581.1>) ToggleTentOpen PartyTent_Blue
20:38:20: Player "[ORDA]KAS" (steam64id="76561199202697738" pos=<9562.04, 6.11, 9581.46>) ToggleTentOpen PartyTent_Blue
20:38:28: Player "[ORDA]KAS" (steam64id="76561199202697738" pos=<9560.54, 6.07, 9581.3>) ToggleTentOpen PartyTent_Blue
20:38:30: Player "[ORDA]KAS" (steam64id="76561199202697738" pos=<9562.23, 6.07, 9581.3>) ToggleTentOpen PartyTent_Blue
20:38:41: Player "[ORDA]KAS" (steam64id="76561199202697738" pos=<9562.41, 6.07, 9581.63>) ToggleTentOpen PartyTent_Blue
22:35:43: Player "JHON WICK" (steam64id="76561198122075703" pos=<9561.49, 6.07, 9581.37>) ToggleTentOpen PartyTent_Blue
22:36:02: Player "JHON WICK" (steam64id="76561198122075703" pos=<9562.67, 6.07, 9581.44>) ToggleTentOpen PartyTent_Blue
23:04:51: Player "Emissarius" (steam64id="76561198271087379" pos=<11087.8, 31.61, 8417.73>) ToggleTentOpen PartyTent
23:04:52: Player "Emissarius" (steam64id="76561198271087379" pos=<11087.8, 31.61, 8417.73>) ToggleTentOpen PartyTent
23:04:54: Player "Emissarius" (steam64id="76561198271087379" pos=<11086.8, 31.61, 8416.43>) ToggleTentOpen PartyTent
23:04:55: Player "Emissarius" (steam64id="76561198271087379" pos=<11085.5, 31.61, 8416.19>) ToggleTentOpen PartyTent
23:04:57: Player "Emissarius" (steam64id="76561198271087379" pos=<11085.2, 31.61, 8416.57>) ToggleTentOpen PartyTent
23:05:01: Player "Emissarius" (steam64id="76561198271087379" pos=<11086.4, 31.61, 8417.1>) ToggleTentOpen PartyTent
23:05:02: Player "Emissarius" (steam64id="76561198271087379" pos=<11086.4, 31.61, 8417.1>) ToggleTentOpen PartyTent
23:56:57: Player "[MOD] OZIEL" (steam64id="76561199063596086" pos=<10433.3, 12.53, 11542.9>) ToggleTentOpen CarTent
