19:24:34: Player "[YKZ]-Lobato" (steam64id="76561198158375860" pos=<11091.8, 35.24, 8429.13>) ToggleTentOpen PartyTent_Blue
19:24:36: Player "[YKZ]-Lobato" (steam64id="76561198158375860" pos=<11091.8, 35.24, 8429.13>) ToggleTentOpen PartyTent_Blue
19:27:04: Player "[YKZ]-Lobato" (steam64id="76561198158375860" pos=<11091.1, 35.70, 8431.15>) ToggleTentOpen PartyTent_Blue
19:27:05: Player "[YKZ]-Lobato" (steam64id="76561198158375860" pos=<11090.7, 35.64, 8431.1>) ToggleTentOpen PartyTent_Blue
19:27:09: Player "[YKZ]-Lobato" (steam64id="76561198158375860" pos=<11091.3, 35.24, 8429.97>) ToggleTentOpen PartyTent_Blue
19:27:10: Player "[YKZ]-Lobato" (steam64id="76561198158375860" pos=<11091.6, 35.24, 8429.59>) ToggleTentOpen PartyTent_Blue
19:27:15: Player "[YKZ]-Lobato" (steam64id="76561198158375860" pos=<11091.5, 35.24, 8421.71>) ToggleTentOpen PartyTent_Brown
20:17:40: Player "[YKZ]-BlackBear" (steam64id="76561198343030820" pos=<11090.4, 35.24, 8421.48>) ToggleTentOpen PartyTent_Brown
21:47:48: Player "[YKZ]-BlackBear" (steam64id="76561198343030820" pos=<11090.9, 35.24, 8421.21>) ToggleTentOpen PartyTent_Brown
22:20:21: Player "joaoob23" (steam64id="76561198302337518" pos=<11046.3, 8.40, 8514.95>) ToggleTentOpen PartyTent
22:20:29: Player "joaoob23" (steam64id="76561198302337518" pos=<11044.9, 8.40, 8514.71>) ToggleTentOpen PartyTent
22:55:46: Player "[YKZ]-Lobato" (steam64id="76561198158375860" pos=<11091, 35.24, 8420.63>) ToggleTentOpen PartyTent_Brown
22:55:49: Player "[YKZ]-Lobato" (steam64id="76561198158375860" pos=<11091.9, 35.24, 8428.55>) ToggleTentOpen PartyTent_Blue
22:55:50: Player "[YKZ]-Lobato" (steam64id="76561198158375860" pos=<11091.7, 35.24, 8428.82>) ToggleTentOpen PartyTent_Blue
23:01:08: Player "GLORIA GROOVE" (steam64id="76561198836991038" pos=<11089.2, 35.24, 8428.25>) ToggleTentOpen PartyTent_Blue
23:01:11: Player "GLORIA GROOVE" (steam64id="76561198836991038" pos=<11091, 35.24, 8429.35>) ToggleTentOpen PartyTent_Blue
23:01:34: Player "[YKZ]-Lobato" (steam64id="76561198158375860" pos=<11091.1, 35.24, 8429.91>) ToggleTentOpen PartyTent_Blue
23:01:36: Player "[YKZ]-Lobato" (steam64id="76561198158375860" pos=<11091.4, 35.24, 8429.58>) ToggleTentOpen PartyTent_Blue
23:01:41: Player "[YKZ]-Lobato" (steam64id="76561198158375860" pos=<11094.4, 35.24, 8425.64>) ToggleTentOpen PartyTent_Blue
23:01:43: Player "[YKZ]-Lobato" (steam64id="76561198158375860" pos=<11095, 35.24, 8425.23>) ToggleTentOpen PartyTent_Brown
23:01:48: Player "[YKZ]-Lobato" (steam64id="76561198158375860" pos=<11095.1, 35.24, 8425.57>) ToggleTentOpen PartyTent_Brown
23:01:49: Player "[YKZ]-Lobato" (steam64id="76561198158375860" pos=<11095.1, 35.24, 8425.57>) ToggleTentOpen PartyTent_Blue
23:01:51: Player "[YKZ]-Lobato" (steam64id="76561198158375860" pos=<11091.8, 35.24, 8429.01>) ToggleTentOpen PartyTent_Blue
23:01:52: Player "[YKZ]-Lobato" (steam64id="76561198158375860" pos=<11091.8, 35.24, 8429.01>) ToggleTentOpen PartyTent_Blue
23:02:38: Player "GLORIA GROOVE" (steam64id="76561198836991038" pos=<11090.9, 35.24, 8423.85>) ToggleTentOpen PartyTent_Brown
23:02:41: Player "GLORIA GROOVE" (steam64id="76561198836991038" pos=<11092.6, 35.24, 8423.64>) ToggleTentOpen PartyTent_Brown
23:03:14: Player "GLORIA GROOVE" (steam64id="76561198836991038" pos=<11090.8, 35.24, 8430.15>) ToggleTentOpen PartyTent_Blue
23:05:57: Player "[YKZ]-Lobato" (steam64id="76561198158375860" pos=<11089.1, 35.24, 8431.07>) ToggleTentOpen PartyTent_Blue
23:08:42: Player "[YKZ]-BlackBear" (steam64id="76561198343030820" pos=<11092.6, 35.24, 8422.88>) ToggleTentOpen PartyTent_Brown
23:09:49: Player "[YKZ]-Lobato" (steam64id="76561198158375860" pos=<11089.8, 35.24, 8432.37>) ToggleTentOpen PartyTent_Blue
23:09:51: Player "[YKZ]-Lobato" (steam64id="76561198158375860" pos=<11089.8, 35.24, 8432.37>) ToggleTentOpen PartyTent_Blue
23:10:08: Player "[YKZ]-Lobato" (steam64id="76561198158375860" pos=<11091.1, 35.24, 8429.85>) ToggleTentOpen PartyTent_Blue
23:10:09: Player "[YKZ]-Lobato" (steam64id="76561198158375860" pos=<11091.6, 35.24, 8429.42>) ToggleTentOpen PartyTent_Blue
23:10:21: Player "[YKZ]-Lobato" (steam64id="76561198158375860" pos=<11092.7, 35.24, 8422.64>) ToggleTentOpen PartyTent_Brown
