00:21:06: Player "[YKZ]-BlackBear" (steam64id="76561198343030820" pos=<11082.3, 35.24, 8425.96>) ToggleTentOpen PartyTent_Blue
00:21:12: Player "[YKZ]-BlackBear" (steam64id="76561198343030820" pos=<11080.9, 35.24, 8428.25>) ToggleTentOpen PartyTent_Blue
00:21:14: Player "[YKZ]-BlackBear" (steam64id="76561198343030820" pos=<11080.7, 35.24, 8428.92>) ToggleTentOpen PartyTent_Blue
00:21:16: Player "[YKZ]-BlackBear" (steam64id="76561198343030820" pos=<11080.7, 35.24, 8428.92>) ToggleTentOpen PartyTent_Blue
00:21:18: Player "[YKZ]-BlackBear" (steam64id="76561198343030820" pos=<11082, 35.24, 8426.67>) ToggleTentOpen PartyTent_Blue
00:21:19: Player "[YKZ]-BlackBear" (steam64id="76561198343030820" pos=<11082.4, 35.24, 8425.84>) ToggleTentOpen PartyTent_Blue
00:24:59: Player "[YKZ]-BlackBear" (steam64id="76561198343030820" pos=<11080.5, 35.24, 8428.6>) ToggleTentOpen PartyTent_Blue
00:25:02: Player "[YKZ]-BlackBear" (steam64id="76561198343030820" pos=<11080.5, 35.24, 8428.6>) ToggleTentOpen PartyTent_Blue
00:25:05: Player "[YKZ]-BlackBear" (steam64id="76561198343030820" pos=<11082.1, 35.24, 8426.51>) ToggleTentOpen PartyTent_Blue
12:16:50: Player "Emissarius" (steam64id="76561198271087379" pos=<11086.9, 31.61, 8417.06>) ToggleTentOpen PartyTent
12:53:27: Player "[YKZ]-BlackBear" (steam64id="76561198343030820" pos=<11079.1, 31.61, 8425.42>) ToggleTentOpen PartyTent_Blue
12:53:45: Player "[YKZ]-BlackBear" (steam64id="76561198343030820" pos=<11078.3, 31.61, 8427.17>) ToggleTentOpen PartyTent_Blue
13:21:26: Player "pedrobala" (steam64id="76561198046653521" pos=<10398.5, 13.73, 10609.1>) ToggleTentOpen CarTent
13:21:29: Player "pedrobala" (steam64id="76561198046653521" pos=<10397.5, 13.80, 10609>) ToggleTentOpen CarTent
13:21:32: Player "pedrobala" (steam64id="76561198046653521" pos=<10397.2, 13.80, 10608.9>) ToggleTentOpen CarTent
13:21:39: Player "pedrobala" (steam64id="76561198046653521" pos=<10398.7, 13.88, 10610.8>) ToggleTentOpen CarTent
13:21:40: Player "pedrobala" (steam64id="76561198046653521" pos=<10398.7, 13.86, 10610.6>) ToggleTentOpen CarTent
13:21:44: Player "pedrobala" (steam64id="76561198046653521" pos=<10397.5, 13.93, 10610.4>) ToggleTentOpen CarTent
13:21:49: Player "pedrobala" (steam64id="76561198046653521" pos=<10398.4, 13.90, 10610.9>) ToggleTentOpen CarTent
13:22:10: Player "pedrobala" (steam64id="76561198046653521" pos=<10397.5, 13.84, 10609.3>) ToggleTentOpen CarTent
13:25:12: Player "pedrobala" (steam64id="76561198046653521" pos=<10396.5, 13.77, 10608.3>) ToggleTentOpen CarTent
13:50:03: Player "[ORDA]KAS" (steam64id="76561199202697738" pos=<9561.74, 6.07, 9581.23>) ToggleTentOpen PartyTent_Blue
13:50:16: Player "[ORDA]KAS" (steam64id="76561199202697738" pos=<9561.21, 6.07, 9580.94>) ToggleTentOpen PartyTent_Blue
13:50:17: Player "[ORDA]KAS" (steam64id="76561199202697738" pos=<9562.51, 6.07, 9582.06>) ToggleTentOpen PartyTent_Blue
13:50:25: Player "[ORDA]KAS" (steam64id="76561199202697738" pos=<9563.1, 6.07, 9581.78>) ToggleTentOpen PartyTent_Blue
15:24:16: Player "Emissarius" (steam64id="76561198271087379" pos=<11083.9, 31.61, 8417.04>) ToggleTentOpen PartyTent
15:24:21: Player "Emissarius" (steam64id="76561198271087379" pos=<11085, 31.61, 8417.07>) ToggleTentOpen PartyTent
15:48:32: Player "[YKZ]-BlackBear" (steam64id="76561198343030820" pos=<11085.9, 31.61, 8417.7>) ToggleTentOpen PartyTent
15:49:03: Player "Troollzera" (steam64id="76561198841599033" pos=<11084.1, 31.61, 8418.45>) ToggleTentOpen PartyTent
15:55:52: Player "[HORDA]ThiagoPenna" (steam64id="76561198218822351" pos=<9562.22, 6.10, 9581.65>) ToggleTentOpen PartyTent_Blue
15:56:08: Player "[HORDA]ThiagoPenna" (steam64id="76561198218822351" pos=<9561.15, 6.07, 9580.44>) ToggleTentOpen PartyTent_Blue
16:21:33: Player "Emissarius" (steam64id="76561198271087379" pos=<11083.7, 31.61, 8418.82>) ToggleTentOpen PartyTent
16:21:34: Player "Emissarius" (steam64id="76561198271087379" pos=<11083.7, 31.61, 8418.82>) ToggleTentOpen PartyTent
16:21:36: Player "Emissarius" (steam64id="76561198271087379" pos=<11087.3, 31.61, 8417.08>) ToggleTentOpen PartyTent
17:32:21: Player "Hacan121" (steam64id="76561198345012092" pos=<7628.35, 12.77, 9783.57>) ToggleTentOpen PartyTent_Brown
17:34:29: Player "Hacan121" (steam64id="76561198345012092" pos=<7626.47, 13.22, 9785.28>) ToggleTentOpen PartyTent_Brown
17:34:31: Player "Hacan121" (steam64id="76561198345012092" pos=<7626.47, 13.22, 9785.28>) ToggleTentOpen PartyTent_Brown
17:41:56: Player "[HORDA]ThiagoPenna" (steam64id="76561198218822351" pos=<9560.3, 6.07, 9580.21>) ToggleTentOpen PartyTent_Blue
17:42:08: Player "Hacan121" (steam64id="76561198345012092" pos=<7625.55, 13.22, 9786.11>) ToggleTentOpen PartyTent_Brown
17:42:08: Player "[HORDA]ThiagoPenna" (steam64id="76561198218822351" pos=<9560.71, 6.07, 9580.5>) ToggleTentOpen PartyTent_Blue
17:42:29: Player "Hacan121" (steam64id="76561198345012092" pos=<7626.24, 13.22, 9784.45>) ToggleTentOpen PartyTent_Brown
17:51:41: Player "Biel FxR" (steam64id="76561198050836260" pos=<7627.72, 13.22, 9783.94>) ToggleTentOpen PartyTent_Brown
17:51:47: Player "Biel FxR" (steam64id="76561198050836260" pos=<7628.29, 12.82, 9783.75>) ToggleTentOpen PartyTent_Brown
17:52:07: Player "Biel FxR" (steam64id="76561198050836260" pos=<7628.29, 12.82, 9783.75>) ToggleTentOpen PartyTent_Brown
17:52:13: Player "Biel FxR" (steam64id="76561198050836260" pos=<7627.51, 13.22, 9784.27>) ToggleTentOpen PartyTent_Brown
17:52:15: Player "Biel FxR" (steam64id="76561198050836260" pos=<7627.33, 13.21, 9784.68>) ToggleTentOpen PartyTent_Brown
18:11:59: Player "Hacan121" (steam64id="76561198345012092" pos=<7627.99, 13.05, 9784.73>) ToggleTentOpen PartyTent_Brown
18:13:09: Player "Biel FxR" (steam64id="76561198050836260" pos=<7624.33, 13.22, 9787.13>) ToggleTentOpen PartyTent_Brown
18:13:10: Player "Biel FxR" (steam64id="76561198050836260" pos=<7625.41, 13.22, 9786.62>) ToggleTentOpen PartyTent_Brown
19:15:46: Player "TripaSeca" (steam64id="76561198093060507" pos=<7622.97, 13.22, 9782.48>) ToggleTentOpen PartyTent_Brown
21:17:26: Player "[HORDA]LUCASBR" (steam64id="76561198973828354" pos=<9560.8, 6.07, 9581.12>) ToggleTentOpen PartyTent_Blue
21:17:33: Player "[HORDA]LUCASBR" (steam64id="76561198973828354" pos=<9561.89, 6.07, 9581.42>) ToggleTentOpen PartyTent_Blue
22:06:55: Player "Biel FxR" (steam64id="76561198050836260" pos=<7625.09, 13.22, 9783.94>) ToggleTentOpen PartyTent_Brown
22:06:58: Player "Biel FxR" (steam64id="76561198050836260" pos=<7621.96, 13.22, 9785.13>) ToggleTentOpen PartyTent_Brown
22:24:23: Player "Duerowww" (steam64id="76561198259492425" pos=<7396.55, 31.55, 8202.7>) ToggleTentOpen PartyTent_Brown
22:24:25: Player "Duerowww" (steam64id="76561198259492425" pos=<7396.55, 31.55, 8202.7>) ToggleTentOpen PartyTent_Brown
22:24:26: Player "Duerowww" (steam64id="76561198259492425" pos=<7396.55, 31.55, 8202.7>) ToggleTentOpen PartyTent_Brown
22:24:30: Player "Duerowww" (steam64id="76561198259492425" pos=<7392.68, 31.55, 8200.38>) ToggleTentOpen PartyTent_Brown
22:24:32: Player "Duerowww" (steam64id="76561198259492425" pos=<7392.04, 31.55, 8200.35>) ToggleTentOpen PartyTent_Brown
22:24:38: Player "Duerowww" (steam64id="76561198259492425" pos=<7390.63, 31.55, 8201.97>) ToggleTentOpen PartyTent_Brown
22:24:42: Player "Duerowww" (steam64id="76561198259492425" pos=<7389.71, 31.55, 8200.7>) ToggleTentOpen PartyTent_Brown
22:43:10: Player "[ONE] XxibahH" (steam64id="76561198165228070" pos=<7882.19, 30.88, 7427.84>) ToggleTentOpen LargeTent
22:43:11: Player "[ONE] XxibahH" (steam64id="76561198165228070" pos=<7882.01, 30.89, 7427.69>) ToggleTentOpen LargeTent
22:43:42: Player "[ONE] XxibahH" (steam64id="76561198165228070" pos=<7882.28, 30.86, 7428.37>) ToggleTentOpen LargeTent
22:46:57: Player "KOREA" (steam64id="76561198253386609" pos=<7882.13, 30.87, 7428.33>) ToggleTentOpen LargeTent
23:36:39: Player "Biel FxR" (steam64id="76561198050836260" pos=<7625.78, 13.22, 9782.38>) ToggleTentOpen PartyTent_Brown
