00:11:39: Player "[MOD] OZIEL" (steam64id="76561199063596086" pos=<10430.5, 12.53, 11526.4>) ToggleTentOpen LargeTent
00:11:41: Player "[MOD] OZIEL" (steam64id="76561199063596086" pos=<10430.3, 12.53, 11527.2>) ToggleTentOpen LargeTent
00:12:32: Player "[MOD] OZIEL" (steam64id="76561199063596086" pos=<10432.4, 12.53, 11538.6>) ToggleTentOpen CarTent
00:12:34: Player "[MOD] OZIEL" (steam64id="76561199063596086" pos=<10432.3, 12.53, 11538.5>) ToggleTentOpen CarTent
00:12:52: Player "[MOD] OZIEL" (steam64id="76561199063596086" pos=<10433.1, 12.53, 11538.6>) ToggleTentOpen CarTent
00:12:57: Player "[MOD] OZIEL" (steam64id="76561199063596086" pos=<10431.9, 12.53, 11538.9>) ToggleTentOpen CarTent
00:13:04: Player "[MOD] OZIEL" (steam64id="76561199063596086" pos=<10432.6, 12.53, 11538.2>) ToggleTentOpen CarTent
00:21:04: Player "[MOD] OZIEL" (steam64id="76561199063596086" pos=<10427.5, 12.53, 11538.4>) ToggleTentOpen CarTent
00:26:33: Player "[MOD] OZIEL" (steam64id="76561199063596086" pos=<10431.7, 12.53, 11538.6>) ToggleTentOpen CarTent
00:27:08: Player "[MOD] OZIEL" (steam64id="76561199063596086" pos=<10431.9, 12.53, 11523>) ToggleTentOpen LargeTent
00:27:10: Player "[MOD] OZIEL" (steam64id="76561199063596086" pos=<10431.9, 12.53, 11523>) ToggleTentOpen LargeTent
00:27:12: Player "[MOD] OZIEL" (steam64id="76561199063596086" pos=<10431.9, 12.53, 11523>) ToggleTentOpen LargeTent
00:27:14: Player "[MOD] OZIEL" (steam64id="76561199063596086" pos=<10431.9, 12.53, 11523>) ToggleTentOpen LargeTent
00:27:39: Player "[MOD] OZIEL" (steam64id="76561199063596086" pos=<10425.7, 12.53, 11542.1>) ToggleTentOpen LargeTent
00:27:41: Player "[MOD] OZIEL" (steam64id="76561199063596086" pos=<10425.7, 12.53, 11542.1>) ToggleTentOpen LargeTent
00:27:57: Player "[MOD] OZIEL" (steam64id="76561199063596086" pos=<10432, 12.53, 11545>) ToggleTentOpen LargeTent
00:27:59: Player "[MOD] OZIEL" (steam64id="76561199063596086" pos=<10432, 12.53, 11545>) ToggleTentOpen LargeTent
00:28:13: Player "[MOD] OZIEL" (steam64id="76561199063596086" pos=<10432.3, 12.53, 11538.9>) ToggleTentOpen CarTent
00:28:20: Player "[MOD] OZIEL" (steam64id="76561199063596086" pos=<10432.3, 12.53, 11538.9>) ToggleTentOpen CarTent
03:32:49: Player "TripaSeca" (steam64id="76561198093060507" pos=<7632.22, 12.20, 9781.22>) ToggleTentOpen PartyTent_Brown
03:32:50: Player "TripaSeca" (steam64id="76561198093060507" pos=<7630.34, 12.20, 9781.51>) ToggleTentOpen PartyTent_Brown
03:33:00: Player "TripaSeca" (steam64id="76561198093060507" pos=<7630.48, 12.27, 9782.3>) ToggleTentOpen PartyTent_Brown
03:33:06: Player "TripaSeca" (steam64id="76561198093060507" pos=<7627.97, 13.08, 9784.9>) ToggleTentOpen PartyTent_Brown
03:34:01: Player "TripaSeca" (steam64id="76561198093060507" pos=<7630.16, 12.32, 9782.37>) ToggleTentOpen PartyTent_Brown
03:34:06: Player "TripaSeca" (steam64id="76561198093060507" pos=<7628.64, 12.90, 9784.42>) ToggleTentOpen PartyTent_Brown
15:54:30: Player "Emissarius" (steam64id="76561198271087379" pos=<11079.8, 31.61, 8425.26>) ToggleTentOpen PartyTent_Blue
15:54:32: Player "Emissarius" (steam64id="76561198271087379" pos=<11078.9, 31.61, 8425.46>) ToggleTentOpen PartyTent_Blue
15:54:33: Player "Emissarius" (steam64id="76561198271087379" pos=<11078.4, 31.61, 8426.28>) ToggleTentOpen PartyTent_Blue
15:54:34: Player "Emissarius" (steam64id="76561198271087379" pos=<11078.4, 31.61, 8426.28>) ToggleTentOpen PartyTent_Blue
15:54:36: Player "Emissarius" (steam64id="76561198271087379" pos=<11079.7, 31.61, 8424.67>) ToggleTentOpen PartyTent_Blue
16:54:24: Player "Emissarius" (steam64id="76561198271087379" pos=<11087.2, 31.61, 8416.87>) ToggleTentOpen PartyTent
16:54:28: Player "Emissarius" (steam64id="76561198271087379" pos=<11088.4, 31.61, 8418.26>) ToggleTentOpen PartyTent
17:49:41: Player "TripaSeca" (steam64id="76561198093060507" pos=<7630.99, 13.01, 9786.26>) ToggleTentOpen PartyTent_Brown
17:49:59: Player "TripaSeca" (steam64id="76561198093060507" pos=<7631.23, 12.42, 9783.44>) ToggleTentOpen PartyTent_Brown
17:50:01: Player "TripaSeca" (steam64id="76561198093060507" pos=<7631.6, 12.20, 9780.45>) ToggleTentOpen PartyTent_Brown
18:21:05: Player "TripaSeca" (steam64id="76561198093060507" pos=<7632.23, 12.20, 9781.1>) ToggleTentOpen PartyTent_Brown
18:21:07: Player "TripaSeca" (steam64id="76561198093060507" pos=<7630.06, 12.37, 9782.61>) ToggleTentOpen PartyTent_Brown
18:21:11: Player "TripaSeca" (steam64id="76561198093060507" pos=<7629.18, 12.99, 9785.08>) ToggleTentOpen PartyTent_Brown
20:45:58: Player "TripaSeca" (steam64id="76561198093060507" pos=<7631.56, 12.92, 9786.07>) ToggleTentOpen PartyTent_Brown
20:46:36: Player "TripaSeca" (steam64id="76561198093060507" pos=<7624.03, 13.22, 9783.38>) ToggleTentOpen PartyTent_Brown
20:46:38: Player "TripaSeca" (steam64id="76561198093060507" pos=<7624.2, 13.22, 9784.37>) ToggleTentOpen PartyTent_Brown
20:59:57: Player "TripaSeca" (steam64id="76561198093060507" pos=<7624.63, 13.22, 9779.45>) ToggleTentOpen PartyTent_Brown
20:59:59: Player "TripaSeca" (steam64id="76561198093060507" pos=<7625.86, 13.22, 9781.51>) ToggleTentOpen PartyTent_Brown
21:59:40: Player "Biel FxR" (steam64id="76561198050836260" pos=<7625.47, 13.22, 9783.52>) ToggleTentOpen PartyTent_Brown
22:26:33: Player "TripaSeca" (steam64id="76561198093060507" pos=<7624.04, 13.22, 9783.92>) ToggleTentOpen PartyTent_Brown
22:44:25: Player "[HORDA]ThiagoPenna" (steam64id="76561198218822351" pos=<9561.14, 6.07, 9581.55>) ToggleTentOpen PartyTent_Blue
22:45:08: Player "[HORDA]ThiagoPenna" (steam64id="76561198218822351" pos=<9562.11, 6.07, 9581.08>) ToggleTentOpen PartyTent_Blue
23:26:16: Player "G A T O" (steam64id="76561199207813177" pos=<7563.32, 28.05, 7899.6>) ToggleTentOpen CarTent
23:26:45: Player "G A T O" (steam64id="76561199207813177" pos=<7563.38, 28.05, 7900.25>) ToggleTentOpen CarTent
23:26:47: Player "G A T O" (steam64id="76561199207813177" pos=<7563.38, 28.05, 7900.25>) ToggleTentOpen CarTent
23:27:00: Player "G A T O" (steam64id="76561199207813177" pos=<7563.37, 28.05, 7900.74>) ToggleTentOpen CarTent
