01:21:37: Player "[YKZ]-BlackBear" (steam64id="76561198343030820" pos=<11081.2, 35.24, 8427.41>) ToggleTentOpen PartyTent_Blue
02:34:59: Player "[YKZ]-BlackBear" (steam64id="76561198343030820" pos=<11078.6, 4.25, 8427.04>) ToggleTentOpen PartyTent_Brown
13:23:22: Player "[YKZ]-BlackBear" (steam64id="76561198343030820" pos=<11054.2, 4.44, 8260.25>) ToggleTentOpen PartyTent_Blue
13:23:24: Player "[YKZ]-BlackBear" (steam64id="76561198343030820" pos=<11053.6, 4.50, 8258.1>) ToggleTentOpen PartyTent_Blue
13:23:26: Player "[YKZ]-BlackBear" (steam64id="76561198343030820" pos=<11051.9, 4.50, 8258.37>) ToggleTentOpen PartyTent_Blue
15:14:21: Player "[HORDA]MacLovin" (steam64id="76561199068236803" pos=<9561.7, 6.07, 9581.48>) ToggleTentOpen PartyTent_Blue
15:15:02: Player "[HORDA]MacLovin" (steam64id="76561199068236803" pos=<9561.17, 6.07, 9581.09>) ToggleTentOpen PartyTent_Blue
19:13:12: Player "TcheLoco" (steam64id="76561198099449370" pos=<9561.23, 6.07, 9580.85>) ToggleTentOpen PartyTent_Blue
19:13:13: Player "[HORDA]ThiagoPenna" (steam64id="76561198218822351" pos=<9563.05, 6.07, 9582.22>) ToggleTentOpen PartyTent_Blue
19:13:40: Player "TcheLoco" (steam64id="76561198099449370" pos=<9561.74, 6.07, 9581.18>) ToggleTentOpen PartyTent_Blue
19:13:47: Player "TcheLoco" (steam64id="76561198099449370" pos=<9562.27, 6.07, 9581.92>) ToggleTentOpen PartyTent_Blue
19:17:19: Player "TcheLoco" (steam64id="76561198099449370" pos=<9561.43, 6.07, 9580.86>) ToggleTentOpen PartyTent_Blue
19:17:36: Player "TcheLoco" (steam64id="76561198099449370" pos=<9562.58, 6.07, 9581.03>) ToggleTentOpen PartyTent_Blue
19:17:40: Player "TcheLoco" (steam64id="76561198099449370" pos=<9560.7, 6.07, 9581.46>) ToggleTentOpen PartyTent_Blue
19:17:50: Player "TcheLoco" (steam64id="76561198099449370" pos=<9562.95, 6.07, 9581.76>) ToggleTentOpen PartyTent_Blue
19:21:40: Player "[HORDA]ThiagoPenna" (steam64id="76561198218822351" pos=<9562.38, 6.07, 9580.98>) ToggleTentOpen PartyTent_Blue
19:21:42: Player "[HORDA]ThiagoPenna" (steam64id="76561198218822351" pos=<9562.09, 6.07, 9580.69>) ToggleTentOpen PartyTent_Blue
22:27:44: Player "[HORDA]ThiagoPenna" (steam64id="76561198218822351" pos=<9562.61, 6.07, 9580.91>) ToggleTentOpen PartyTent_Blue
22:27:58: Player "[HORDA]ThiagoPenna" (steam64id="76561198218822351" pos=<9562.15, 6.07, 9580.86>) ToggleTentOpen PartyTent_Blue
23:33:12: Player "[YKZ]-BlackBear" (steam64id="76561198343030820" pos=<11092, 35.24, 8420.43>) ToggleTentOpen PartyTent_Blue
23:33:14: Player "[YKZ]-BlackBear" (steam64id="76561198343030820" pos=<11092.9, 35.24, 8421.19>) ToggleTentOpen PartyTent_Blue
23:33:16: Player "[YKZ]-BlackBear" (steam64id="76561198343030820" pos=<11090.6, 35.24, 8419.74>) ToggleTentOpen PartyTent_Blue
23:33:18: Player "[YKZ]-BlackBear" (steam64id="76561198343030820" pos=<11090.6, 35.24, 8419.74>) ToggleTentOpen PartyTent_Blue
