00:09:43: Player "[horda]marcelinho" (steam64id="76561198817477406" pos=<9562.67, 6.07, 9581.86>) ToggleTentOpen PartyTent_Blue
00:10:34: Player "[YKZ] Felps" (steam64id="76561198892779186" pos=<11091.8, 35.24, 8428.44>) ToggleTentOpen PartyTent_Blue
00:10:36: Player "[YKZ] Felps" (steam64id="76561198892779186" pos=<11091.8, 35.24, 8428.44>) ToggleTentOpen PartyTent_Blue
00:11:44: Player "[YKZ] Felps" (steam64id="76561198892779186" pos=<11091.5, 35.24, 8429.46>) ToggleTentOpen PartyTent_Blue
00:11:47: Player "[YKZ] Felps" (steam64id="76561198892779186" pos=<11091.7, 35.62, 8428.42>) ToggleTentOpen PartyTent_Blue
00:11:50: Player "[YKZ] Felps" (steam64id="76561198892779186" pos=<11091.2, 35.24, 8429.95>) ToggleTentOpen PartyTent_Blue
00:11:52: Player "[YKZ] Felps" (steam64id="76561198892779186" pos=<11091.8, 35.24, 8428.49>) ToggleTentOpen PartyTent_Blue
00:12:00: Player "[YKZ] Felps" (steam64id="76561198892779186" pos=<11090.8, 35.24, 8421.13>) ToggleTentOpen PartyTent_Brown
00:28:54: Player "[YKZ] Felps" (steam64id="76561198892779186" pos=<11090.3, 31.61, 8422.54>) ToggleTentOpen PartyTent
00:29:12: Player "[YKZ] Felps" (steam64id="76561198892779186" pos=<11083.7, 31.61, 8418.16>) ToggleTentOpen PartyTent
01:01:01: Player "[YKZ]-BlackBear" (steam64id="76561198343030820" pos=<11094, 31.61, 8423.57>) ToggleTentOpen PartyTent
01:01:04: Player "[YKZ]-BlackBear" (steam64id="76561198343030820" pos=<11094.2, 31.61, 8422.1>) ToggleTentOpen PartyTent
01:10:38: Player "[YKZ]-BlackBear" (steam64id="76561198343030820" pos=<11089.4, 31.61, 8421.3>) ToggleTentOpen PartyTent
01:16:56: Player "[YKZ]-BlackBear" (steam64id="76561198343030820" pos=<11089.4, 31.61, 8421.37>) ToggleTentOpen PartyTent
05:24:09: Player "[YKZ] Seekerzao" (steam64id="76561198067793781" pos=<11085.8, 31.61, 8419.5>) ToggleTentOpen PartyTent
05:24:19: Player "[YKZ] Seekerzao" (steam64id="76561198067793781" pos=<11086.7, 31.61, 8420.27>) ToggleTentOpen PartyTent
05:31:24: Player "[YKZ] Seekerzao" (steam64id="76561198067793781" pos=<11090.1, 35.24, 8420.85>) ToggleTentOpen PartyTent_Brown
05:32:19: Player "[YKZ] Seekerzao" (steam64id="76561198067793781" pos=<11090.7, 35.24, 8421.03>) ToggleTentOpen PartyTent_Brown
09:55:59: Player "General2323" (steam64id="76561198300843847" pos=<11045.5, 8.40, 8515.14>) ToggleTentOpen PartyTent
09:56:18: Player "General2323" (steam64id="76561198300843847" pos=<11045.5, 8.40, 8513.8>) ToggleTentOpen PartyTent
09:59:16: Player "General2323" (steam64id="76561198300843847" pos=<11044.9, 8.40, 8514.8>) ToggleTentOpen PartyTent
09:59:23: Player "General2323" (steam64id="76561198300843847" pos=<11045.8, 8.40, 8514.4>) ToggleTentOpen PartyTent
09:59:58: Player "[YKZ] chron1c" (steam64id="76561198205585613" pos=<11090.5, 31.61, 8423.15>) ToggleTentOpen PartyTent
10:00:21: Player "General2323" (steam64id="76561198300843847" pos=<11045.9, 8.40, 8514.14>) ToggleTentOpen PartyTent
10:00:26: Player "General2323" (steam64id="76561198300843847" pos=<11045.3, 8.40, 8514.39>) ToggleTentOpen PartyTent
10:12:56: Player "[YKZ] chron1c" (steam64id="76561198205585613" pos=<11091.6, 35.24, 8420.69>) ToggleTentOpen PartyTent_Brown
10:13:34: Player "[YKZ] chron1c" (steam64id="76561198205585613" pos=<11091.9, 35.24, 8429.12>) ToggleTentOpen PartyTent_Blue
10:13:39: Player "[YKZ] chron1c" (steam64id="76561198205585613" pos=<11091.9, 35.24, 8429.8>) ToggleTentOpen PartyTent_Blue
10:15:58: Player "[YKZ] chron1c" (steam64id="76561198205585613" pos=<11091.4, 35.24, 8429.64>) ToggleTentOpen PartyTent_Blue
10:16:03: Player "[YKZ] chron1c" (steam64id="76561198205585613" pos=<11094.6, 35.72, 8423.99>) ToggleTentOpen PartyTent_Blue
10:16:06: Player "[YKZ] chron1c" (steam64id="76561198205585613" pos=<11090.6, 35.24, 8421.59>) ToggleTentOpen PartyTent_Brown
10:24:30: Player "[YKZ] chron1c" (steam64id="76561198205585613" pos=<11095.3, 31.61, 8422.05>) ToggleTentOpen PartyTent
10:24:36: Player "[YKZ] chron1c" (steam64id="76561198205585613" pos=<11092.7, 31.61, 8420.92>) ToggleTentOpen PartyTent
10:24:39: Player "[YKZ] chron1c" (steam64id="76561198205585613" pos=<11090.3, 31.61, 8420.76>) ToggleTentOpen PartyTent
10:24:41: Player "[YKZ] chron1c" (steam64id="76561198205585613" pos=<11089.7, 31.61, 8420.09>) ToggleTentOpen PartyTent
10:24:45: Player "[YKZ] chron1c" (steam64id="76561198205585613" pos=<11089.2, 31.61, 8421.13>) ToggleTentOpen PartyTent
10:26:18: Player "[YKZ] chron1c" (steam64id="76561198205585613" pos=<11085, 32.06, 8418.95>) ToggleTentOpen PartyTent
10:26:21: Player "[YKZ] chron1c" (steam64id="76561198205585613" pos=<11085, 31.61, 8415.97>) ToggleTentOpen PartyTent
10:26:46: Player "[YKZ] chron1c" (steam64id="76561198205585613" pos=<11085, 31.61, 8416.31>) ToggleTentOpen PartyTent
10:26:48: Player "[YKZ] chron1c" (steam64id="76561198205585613" pos=<11086.8, 31.61, 8416.04>) ToggleTentOpen PartyTent
10:26:52: Player "[YKZ] chron1c" (steam64id="76561198205585613" pos=<11085, 31.61, 8415.79>) ToggleTentOpen PartyTent
10:27:01: Player "[YKZ] chron1c" (steam64id="76561198205585613" pos=<11085.3, 31.61, 8416.67>) ToggleTentOpen PartyTent
10:27:10: Player "[YKZ] chron1c" (steam64id="76561198205585613" pos=<11086.1, 31.61, 8415.61>) ToggleTentOpen PartyTent
10:27:11: Player "[YKZ] chron1c" (steam64id="76561198205585613" pos=<11084.8, 31.61, 8416.05>) ToggleTentOpen PartyTent
10:27:13: Player "[YKZ] chron1c" (steam64id="76561198205585613" pos=<11084.4, 31.61, 8418.76>) ToggleTentOpen PartyTent
10:35:02: Player "[YKZ] chron1c" (steam64id="76561198205585613" pos=<11089.2, 31.61, 8421.43>) ToggleTentOpen PartyTent
10:37:14: Player "[YKZ] chron1c" (steam64id="76561198205585613" pos=<11090.5, 35.24, 8421.22>) ToggleTentOpen PartyTent_Brown
10:37:36: Player "[YKZ] chron1c" (steam64id="76561198205585613" pos=<11094.7, 35.24, 8425.01>) ToggleTentOpen PartyTent_Blue
10:37:48: Player "[YKZ] chron1c" (steam64id="76561198205585613" pos=<11092, 35.24, 8428.55>) ToggleTentOpen PartyTent_Blue
10:37:52: Player "[YKZ] chron1c" (steam64id="76561198205585613" pos=<11091.8, 35.24, 8429.24>) ToggleTentOpen PartyTent_Blue
10:38:01: Player "[YKZ] chron1c" (steam64id="76561198205585613" pos=<11091.7, 35.24, 8428.86>) ToggleTentOpen PartyTent_Blue
10:48:51: Player "[YKZ] chron1c" (steam64id="76561198205585613" pos=<11084.5, 31.61, 8418.09>) ToggleTentOpen PartyTent
10:49:06: Player "[YKZ] chron1c" (steam64id="76561198205585613" pos=<11086.2, 31.61, 8416.68>) ToggleTentOpen PartyTent
10:49:08: Player "[YKZ] chron1c" (steam64id="76561198205585613" pos=<11086.2, 31.61, 8417.97>) ToggleTentOpen PartyTent
10:49:10: Player "[YKZ] chron1c" (steam64id="76561198205585613" pos=<11084.2, 31.61, 8417.85>) ToggleTentOpen PartyTent
11:01:44: Player "[YKZ] chron1c" (steam64id="76561198205585613" pos=<11089.1, 35.24, 8433.93>) ToggleTentOpen PartyTent_Blue
11:01:46: Player "[YKZ] chron1c" (steam64id="76561198205585613" pos=<11089.1, 35.24, 8433.31>) ToggleTentOpen PartyTent_Blue
11:04:36: Player "[YKZ] chron1c" (steam64id="76561198205585613" pos=<11091.4, 35.24, 8429.05>) ToggleTentOpen PartyTent_Blue
11:04:37: Player "[YKZ] chron1c" (steam64id="76561198205585613" pos=<11091.4, 35.24, 8429.05>) ToggleTentOpen PartyTent_Blue
11:04:41: Player "[YKZ] chron1c" (steam64id="76561198205585613" pos=<11091.2, 35.24, 8429.51>) ToggleTentOpen PartyTent_Blue
11:04:43: Player "[YKZ] chron1c" (steam64id="76561198205585613" pos=<11091.8, 35.24, 8428.46>) ToggleTentOpen PartyTent_Blue
11:04:48: Player "[YKZ] chron1c" (steam64id="76561198205585613" pos=<11093.9, 35.24, 8425.17>) ToggleTentOpen PartyTent_Blue
11:04:51: Player "[YKZ] chron1c" (steam64id="76561198205585613" pos=<11094.2, 35.24, 8424.46>) ToggleTentOpen PartyTent_Brown
11:04:56: Player "[YKZ] chron1c" (steam64id="76561198205585613" pos=<11090.8, 35.24, 8422.06>) ToggleTentOpen PartyTent_Brown
11:10:44: Player "[YKZ] chron1c" (steam64id="76561198205585613" pos=<11091.3, 35.24, 8420.36>) ToggleTentOpen PartyTent_Brown
11:11:12: Player "[YKZ] chron1c" (steam64id="76561198205585613" pos=<11093.6, 35.24, 8424.19>) ToggleTentOpen PartyTent_Brown
11:11:13: Player "[YKZ] chron1c" (steam64id="76561198205585613" pos=<11093.7, 35.24, 8424.48>) ToggleTentOpen PartyTent_Blue
11:11:31: Player "[YKZ] chron1c" (steam64id="76561198205585613" pos=<11091.7, 35.24, 8428.64>) ToggleTentOpen PartyTent_Blue
11:11:33: Player "[YKZ] chron1c" (steam64id="76561198205585613" pos=<11091.3, 35.24, 8429.32>) ToggleTentOpen PartyTent_Blue
11:12:16: Player "[YKZ] chron1c" (steam64id="76561198205585613" pos=<11091.1, 35.24, 8429.53>) ToggleTentOpen PartyTent_Blue
11:12:17: Player "[YKZ] chron1c" (steam64id="76561198205585613" pos=<11091.1, 35.24, 8429.14>) ToggleTentOpen PartyTent_Blue
11:12:23: Player "[YKZ] chron1c" (steam64id="76561198205585613" pos=<11094.8, 35.24, 8425.05>) ToggleTentOpen PartyTent_Brown
11:12:30: Player "[YKZ] chron1c" (steam64id="76561198205585613" pos=<11094.5, 35.24, 8424.64>) ToggleTentOpen PartyTent_Brown
11:12:32: Player "[YKZ] chron1c" (steam64id="76561198205585613" pos=<11094.5, 35.24, 8424.64>) ToggleTentOpen PartyTent_Blue
11:12:34: Player "[YKZ] chron1c" (steam64id="76561198205585613" pos=<11094.5, 35.24, 8424.64>) ToggleTentOpen PartyTent_Brown
11:12:37: Player "[YKZ] chron1c" (steam64id="76561198205585613" pos=<11090.5, 35.24, 8421.43>) ToggleTentOpen PartyTent_Brown
11:22:46: Player "[YKZ] chron1c" (steam64id="76561198205585613" pos=<11084.4, 31.61, 8418.76>) ToggleTentOpen PartyTent
11:23:10: Player "[YKZ] chron1c" (steam64id="76561198205585613" pos=<11084, 31.61, 8417.41>) ToggleTentOpen PartyTent
11:33:48: Player "[YKZ]-Lobato" (steam64id="76561198158375860" pos=<11090.4, 35.24, 8430.83>) ToggleTentOpen PartyTent_Blue
11:33:49: Player "[YKZ]-Lobato" (steam64id="76561198158375860" pos=<11090.4, 35.24, 8430.83>) ToggleTentOpen PartyTent_Blue
11:33:51: Player "[YKZ]-Lobato" (steam64id="76561198158375860" pos=<11091, 35.24, 8429.79>) ToggleTentOpen PartyTent_Blue
11:33:52: Player "[YKZ]-Lobato" (steam64id="76561198158375860" pos=<11091.3, 35.24, 8429.11>) ToggleTentOpen PartyTent_Blue
11:33:53: Player "[YKZ]-Lobato" (steam64id="76561198158375860" pos=<11093.2, 35.24, 8426.35>) ToggleTentOpen PartyTent_Blue
11:33:54: Player "[YKZ]-Lobato" (steam64id="76561198158375860" pos=<11093.3, 35.24, 8426.12>) ToggleTentOpen PartyTent_Brown
11:33:57: Player "[YKZ]-Lobato" (steam64id="76561198158375860" pos=<11093.9, 35.24, 8425.04>) ToggleTentOpen PartyTent_Blue
11:33:58: Player "[YKZ]-Lobato" (steam64id="76561198158375860" pos=<11092.2, 35.24, 8422.82>) ToggleTentOpen PartyTent_Brown
11:34:00: Player "[YKZ]-Lobato" (steam64id="76561198158375860" pos=<11091.5, 35.24, 8421.74>) ToggleTentOpen PartyTent_Brown
11:58:07: Player "[YKZ]-Lobato" (steam64id="76561198158375860" pos=<11090.5, 35.24, 8420.85>) ToggleTentOpen PartyTent_Brown
11:58:17: Player "[YKZ]-Lobato" (steam64id="76561198158375860" pos=<11092.3, 35.24, 8422.36>) ToggleTentOpen PartyTent_Brown
11:58:24: Player "[YKZ]-Lobato" (steam64id="76561198158375860" pos=<11093.8, 35.24, 8423.92>) ToggleTentOpen PartyTent_Blue
11:58:26: Player "[YKZ]-Lobato" (steam64id="76561198158375860" pos=<11091.7, 35.24, 8429.09>) ToggleTentOpen PartyTent_Blue
12:01:17: Player "[YKZ]-Lobato" (steam64id="76561198158375860" pos=<11091.6, 35.24, 8429.18>) ToggleTentOpen PartyTent_Blue
12:06:11: Player "[YKZ]-Lobato" (steam64id="76561198158375860" pos=<11092.3, 35.24, 8422.71>) ToggleTentOpen PartyTent_Brown
12:25:05: Player "[YKZ]-Lobato" (steam64id="76561198158375860" pos=<11091.1, 35.24, 8429.56>) ToggleTentOpen PartyTent_Blue
12:25:05: Player "[YKZ]-Lobato" (steam64id="76561198158375860" pos=<11091.1, 35.24, 8429.56>) ToggleTentOpen PartyTent_Blue
12:25:09: Player "[YKZ]-Lobato" (steam64id="76561198158375860" pos=<11094.6, 35.24, 8424.74>) ToggleTentOpen PartyTent_Blue
12:25:11: Player "[YKZ]-Lobato" (steam64id="76561198158375860" pos=<11091.2, 35.24, 8421.14>) ToggleTentOpen PartyTent_Brown
12:41:17: Player "[YKZ]-Lobato" (steam64id="76561198158375860" pos=<11090.6, 35.24, 8420.59>) ToggleTentOpen PartyTent_Brown
12:41:19: Player "[YKZ]-Lobato" (steam64id="76561198158375860" pos=<11093.5, 35.24, 8424.27>) ToggleTentOpen PartyTent_Blue
12:41:21: Player "[YKZ]-Lobato" (steam64id="76561198158375860" pos=<11091.8, 35.24, 8428.68>) ToggleTentOpen PartyTent_Blue
12:41:22: Player "[YKZ]-Lobato" (steam64id="76561198158375860" pos=<11091.8, 35.24, 8428.68>) ToggleTentOpen PartyTent_Blue
12:46:17: Player "[YKZ]-Lobato" (steam64id="76561198158375860" pos=<11091.3, 35.24, 8429.89>) ToggleTentOpen PartyTent_Blue
12:46:18: Player "[YKZ]-Lobato" (steam64id="76561198158375860" pos=<11091.6, 35.24, 8429.42>) ToggleTentOpen PartyTent_Blue
12:46:22: Player "[YKZ]-Lobato" (steam64id="76561198158375860" pos=<11094.1, 35.24, 8424.41>) ToggleTentOpen PartyTent_Blue
12:46:23: Player "[YKZ]-Lobato" (steam64id="76561198158375860" pos=<11092.3, 35.24, 8421.66>) ToggleTentOpen PartyTent_Brown
12:46:25: Player "[YKZ]-Lobato" (steam64id="76561198158375860" pos=<11092.6, 35.24, 8421.47>) ToggleTentOpen PartyTent_Brown
12:46:27: Player "[YKZ]-Lobato" (steam64id="76561198158375860" pos=<11091.6, 35.24, 8421.14>) ToggleTentOpen PartyTent_Brown
12:47:00: Player "[YKZ] Emissarius" (steam64id="76561198271087379" pos=<11084.2, 31.61, 8418.78>) ToggleTentOpen PartyTent
12:47:23: Player "[YKZ]-Lobato" (steam64id="76561198158375860" pos=<11084.2, 31.61, 8417.99>) ToggleTentOpen PartyTent
12:49:32: Player "[YKZ]-Lobato" (steam64id="76561198158375860" pos=<11090.3, 35.24, 8420.68>) ToggleTentOpen PartyTent_Brown
12:49:34: Player "[YKZ]-Lobato" (steam64id="76561198158375860" pos=<11093.9, 35.24, 8424.58>) ToggleTentOpen PartyTent_Blue
12:49:36: Player "[YKZ]-Lobato" (steam64id="76561198158375860" pos=<11091.4, 35.24, 8429.52>) ToggleTentOpen PartyTent_Blue
12:49:37: Player "[YKZ]-Lobato" (steam64id="76561198158375860" pos=<11091.4, 35.24, 8429.52>) ToggleTentOpen PartyTent_Blue
12:51:24: Player "[YKZ]-Lobato" (steam64id="76561198158375860" pos=<11091.1, 35.24, 8429.96>) ToggleTentOpen PartyTent_Blue
12:51:26: Player "[YKZ]-Lobato" (steam64id="76561198158375860" pos=<11091.3, 35.24, 8429.28>) ToggleTentOpen PartyTent_Blue
12:51:27: Player "[YKZ]-Lobato" (steam64id="76561198158375860" pos=<11094.1, 35.24, 8424.96>) ToggleTentOpen PartyTent_Brown
12:51:31: Player "[YKZ]-Lobato" (steam64id="76561198158375860" pos=<11090.9, 35.24, 8420.95>) ToggleTentOpen PartyTent_Brown
13:43:33: Player "[YKZ]-BlackBear" (steam64id="76561198343030820" pos=<11090.7, 35.24, 8421.47>) ToggleTentOpen PartyTent_Brown
13:43:35: Player "[YKZ]-BlackBear" (steam64id="76561198343030820" pos=<11094.1, 35.24, 8424.56>) ToggleTentOpen PartyTent_Brown
13:43:39: Player "[YKZ]-BlackBear" (steam64id="76561198343030820" pos=<11091.7, 35.24, 8428.69>) ToggleTentOpen PartyTent_Blue
13:43:40: Player "[YKZ]-BlackBear" (steam64id="76561198343030820" pos=<11091.3, 35.24, 8429.37>) ToggleTentOpen PartyTent_Blue
14:04:40: Player "[YKZ] Emissarius" (steam64id="76561198271087379" pos=<11084.2, 31.61, 8418.38>) ToggleTentOpen PartyTent
14:13:38: Player "[YKZ] chron1c" (steam64id="76561198205585613" pos=<11094.1, 31.61, 8425.95>) ToggleTentOpen PartyTent_Brown
14:13:41: Player "[YKZ] chron1c" (steam64id="76561198205585613" pos=<11095.9, 31.61, 8422.58>) ToggleTentOpen PartyTent_Brown
14:13:42: Player "[YKZ] chron1c" (steam64id="76561198205585613" pos=<11094.8, 31.61, 8422.7>) ToggleTentOpen PartyTent
14:13:45: Player "[YKZ] chron1c" (steam64id="76561198205585613" pos=<11094.3, 32.06, 8424.45>) ToggleTentOpen PartyTent_Brown
14:13:55: Player "[YKZ] Emissarius" (steam64id="76561198271087379" pos=<11091.5, 31.61, 8423.93>) ToggleTentOpen PartyTent_Brown
14:13:58: Player "[YKZ] Emissarius" (steam64id="76561198271087379" pos=<11096.1, 31.61, 8422.7>) ToggleTentOpen PartyTent_Brown
14:14:01: Player "[YKZ] chron1c" (steam64id="76561198205585613" pos=<11092, 31.61, 8423.92>) ToggleTentOpen PartyTent_Brown
14:14:40: Player "[YKZ] chron1c" (steam64id="76561198205585613" pos=<11090.6, 31.61, 8419.22>) ToggleTentOpen PartyTent
14:14:42: Player "[YKZ] chron1c" (steam64id="76561198205585613" pos=<11090.9, 31.61, 8419.41>) ToggleTentOpen PartyTent
14:24:05: Player "[YKZ] Emissarius" (steam64id="76561198271087379" pos=<11094.5, 31.61, 8425.77>) ToggleTentOpen PartyTent_Brown
14:24:39: Player "[YKZ] Felps" (steam64id="76561198892779186" pos=<11095.7, 31.61, 8422.39>) ToggleTentOpen PartyTent_Brown
14:25:11: Player "[YKZ] Felps" (steam64id="76561198892779186" pos=<11095.7, 31.61, 8422.88>) ToggleTentOpen PartyTent_Brown
14:26:32: Player "[YKZ]-Lobato" (steam64id="76561198158375860" pos=<11091, 35.24, 8429.62>) ToggleTentOpen PartyTent_Blue
14:26:33: Player "[YKZ]-Lobato" (steam64id="76561198158375860" pos=<11091.1, 35.24, 8429.2>) ToggleTentOpen PartyTent_Blue
14:26:38: Player "[YKZ]-Lobato" (steam64id="76561198158375860" pos=<11091.4, 35.24, 8422.08>) ToggleTentOpen PartyTent_Brown
14:29:51: Player "[YKZ]-BlackBear" (steam64id="76561198343030820" pos=<11090.7, 35.24, 8420.94>) ToggleTentOpen PartyTent_Brown
14:32:42: Player "[YKZ]-BlackBear" (steam64id="76561198343030820" pos=<11090.8, 35.24, 8421.52>) ToggleTentOpen PartyTent_Brown
14:32:51: Player "[YKZ]-BlackBear" (steam64id="76561198343030820" pos=<11090.9, 35.24, 8421.25>) ToggleTentOpen PartyTent_Brown
15:11:24: Player "Biel FxR" (steam64id="76561198050836260" pos=<7623.89, 13.22, 9781.39>) ToggleTentOpen PartyTent_Brown
15:30:38: Player "[YKZ]-Lobato" (steam64id="76561198158375860" pos=<11091.8, 35.24, 8428.89>) ToggleTentOpen PartyTent_Blue
15:30:39: Player "[YKZ]-Lobato" (steam64id="76561198158375860" pos=<11091.8, 35.24, 8428.89>) ToggleTentOpen PartyTent_Blue
15:33:49: Player "[YKZ]-Lobato" (steam64id="76561198158375860" pos=<11091.3, 35.24, 8429.9>) ToggleTentOpen PartyTent_Blue
15:33:50: Player "[YKZ]-Lobato" (steam64id="76561198158375860" pos=<11091.6, 35.24, 8429.54>) ToggleTentOpen PartyTent_Blue
15:33:52: Player "[YKZ]-Lobato" (steam64id="76561198158375860" pos=<11094.1, 35.24, 8424.76>) ToggleTentOpen PartyTent_Brown
15:36:03: Player "[YKZ]-Lobato" (steam64id="76561198158375860" pos=<11091, 35.24, 8421.66>) ToggleTentOpen PartyTent_Brown
18:04:02: Player "[YKZ] Felps" (steam64id="76561198892779186" pos=<11097, 31.61, 8422.67>) ToggleTentOpen PartyTent_Brown
18:04:47: Player "[YKZ] Felps" (steam64id="76561198892779186" pos=<11096.1, 31.61, 8422.88>) ToggleTentOpen PartyTent_Brown
18:08:29: Player "[YKZ] Felps" (steam64id="76561198892779186" pos=<11096, 31.61, 8423.06>) ToggleTentOpen PartyTent_Brown
18:09:25: Player "[YKZ] Felps" (steam64id="76561198892779186" pos=<11097.2, 31.61, 8422.77>) ToggleTentOpen PartyTent_Brown
18:14:07: Player "[YKZ] Emissarius" (steam64id="76561198271087379" pos=<11090.9, 35.24, 8420.91>) ToggleTentOpen PartyTent_Brown
18:14:19: Player "[YKZ] Emissarius" (steam64id="76561198271087379" pos=<11094.5, 35.24, 8424.85>) ToggleTentOpen PartyTent_Brown
18:14:24: Player "[YKZ] Emissarius" (steam64id="76561198271087379" pos=<11094.1, 35.24, 8424.93>) ToggleTentOpen PartyTent_Blue
18:14:26: Player "[YKZ] Emissarius" (steam64id="76561198271087379" pos=<11094.5, 35.24, 8424.83>) ToggleTentOpen PartyTent_Brown
18:14:31: Player "[YKZ] Emissarius" (steam64id="76561198271087379" pos=<11091.4, 35.24, 8420.79>) ToggleTentOpen PartyTent_Brown
18:54:55: Player "General2323" (steam64id="76561198300843847" pos=<11045.7, 8.40, 8515.16>) ToggleTentOpen PartyTent
18:55:01: Player "General2323" (steam64id="76561198300843847" pos=<11044.9, 8.40, 8514.46>) ToggleTentOpen PartyTent
20:03:31: Player "[YKZ]-Lobato" (steam64id="76561198158375860" pos=<11090.5, 35.24, 8420.66>) ToggleTentOpen PartyTent_Brown
20:03:32: Player "[YKZ]-Lobato" (steam64id="76561198158375860" pos=<11093.8, 35.24, 8424.39>) ToggleTentOpen PartyTent_Brown
20:03:33: Player "[YKZ]-Lobato" (steam64id="76561198158375860" pos=<11093.8, 35.24, 8424.39>) ToggleTentOpen PartyTent_Blue
20:03:35: Player "[YKZ]-Lobato" (steam64id="76561198158375860" pos=<11092.1, 35.24, 8428.87>) ToggleTentOpen PartyTent_Blue
20:03:56: Player "[YKZ]-Lobato" (steam64id="76561198158375860" pos=<11091.2, 35.24, 8429.58>) ToggleTentOpen PartyTent_Blue
20:06:23: Player "[YKZ]-Lobato" (steam64id="76561198158375860" pos=<11090.9, 35.24, 8429.69>) ToggleTentOpen PartyTent_Blue
20:06:24: Player "[YKZ]-Lobato" (steam64id="76561198158375860" pos=<11091.6, 35.24, 8429.25>) ToggleTentOpen PartyTent_Blue
20:06:28: Player "[YKZ]-Lobato" (steam64id="76561198158375860" pos=<11094.7, 35.24, 8425.26>) ToggleTentOpen PartyTent_Brown
20:06:32: Player "[YKZ]-Lobato" (steam64id="76561198158375860" pos=<11091.7, 35.24, 8421.03>) ToggleTentOpen PartyTent_Brown
20:07:27: Player "Dr.Lecter" (steam64id="76561198080721117" pos=<7622.69, 13.22, 9778.19>) ToggleTentOpen PartyTent_Brown
20:07:32: Player "Dr.Lecter" (steam64id="76561198080721117" pos=<7622.8, 13.22, 9779.5>) ToggleTentOpen PartyTent_Brown
20:09:06: Player "[YKZ]-BlackBear" (steam64id="76561198343030820" pos=<11090.7, 35.24, 8421.5>) ToggleTentOpen PartyTent_Brown
20:09:10: Player "[YKZ]-BlackBear" (steam64id="76561198343030820" pos=<11092, 35.24, 8422.65>) ToggleTentOpen PartyTent_Brown
20:09:53: Player "[YKZ]-Lobato" (steam64id="76561198158375860" pos=<11090.8, 35.24, 8421.29>) ToggleTentOpen PartyTent_Brown
20:10:03: Player "[YKZ]-Lobato" (steam64id="76561198158375860" pos=<11094, 35.24, 8424.17>) ToggleTentOpen PartyTent_Brown
20:10:12: Player "[YKZ]-BlackBear" (steam64id="76561198343030820" pos=<11091.9, 35.24, 8428.61>) ToggleTentOpen PartyTent_Blue
20:10:22: Player "[YKZ]-BlackBear" (steam64id="76561198343030820" pos=<11092.8, 35.24, 8422.76>) ToggleTentOpen PartyTent_Brown
20:10:36: Player "[YKZ]-Lobato" (steam64id="76561198158375860" pos=<11090.7, 35.24, 8430.25>) ToggleTentOpen PartyTent_Blue
20:10:38: Player "[YKZ]-Lobato" (steam64id="76561198158375860" pos=<11090.2, 35.24, 8431.07>) ToggleTentOpen PartyTent_Blue
20:11:15: Player "[YKZ]-Lobato" (steam64id="76561198158375860" pos=<11090.6, 35.24, 8430.44>) ToggleTentOpen PartyTent_Blue
20:11:18: Player "[YKZ]-Lobato" (steam64id="76561198158375860" pos=<11091.2, 35.24, 8429.88>) ToggleTentOpen PartyTent_Blue
20:11:19: Player "[YKZ]-Lobato" (steam64id="76561198158375860" pos=<11091.4, 35.24, 8429.41>) ToggleTentOpen PartyTent_Blue
20:11:23: Player "[YKZ]-Lobato" (steam64id="76561198158375860" pos=<11094.4, 35.24, 8425.48>) ToggleTentOpen PartyTent_Blue
20:11:25: Player "[YKZ]-Lobato" (steam64id="76561198158375860" pos=<11091.8, 35.24, 8422.91>) ToggleTentOpen PartyTent_Brown
20:11:27: Player "[YKZ]-Lobato" (steam64id="76561198158375860" pos=<11090.7, 35.24, 8421.97>) ToggleTentOpen PartyTent_Brown
20:11:35: Player "[YKZ]-Lobato" (steam64id="76561198158375860" pos=<11090.2, 35.24, 8420.94>) ToggleTentOpen PartyTent_Brown
20:13:11: Player "[YKZ]-Lobato" (steam64id="76561198158375860" pos=<11093.7, 35.24, 8424.26>) ToggleTentOpen PartyTent_Blue
20:13:13: Player "[YKZ]-Lobato" (steam64id="76561198158375860" pos=<11091.8, 35.24, 8428.75>) ToggleTentOpen PartyTent_Blue
20:13:14: Player "[YKZ]-Lobato" (steam64id="76561198158375860" pos=<11091.7, 35.24, 8428.67>) ToggleTentOpen PartyTent_Blue
20:13:23: Player "[YKZ]-Lobato" (steam64id="76561198158375860" pos=<11091.4, 35.24, 8429.71>) ToggleTentOpen PartyTent_Blue
20:13:24: Player "[YKZ]-Lobato" (steam64id="76561198158375860" pos=<11091.4, 35.24, 8429.69>) ToggleTentOpen PartyTent_Blue
20:13:27: Player "[YKZ]-Lobato" (steam64id="76561198158375860" pos=<11094.3, 35.24, 8425.65>) ToggleTentOpen PartyTent_Blue
20:13:29: Player "[YKZ]-Lobato" (steam64id="76561198158375860" pos=<11094.8, 35.24, 8425.33>) ToggleTentOpen PartyTent_Brown
20:13:31: Player "[YKZ]-Lobato" (steam64id="76561198158375860" pos=<11091.5, 35.24, 8421.29>) ToggleTentOpen PartyTent_Brown
20:19:50: Player "[YKZ] Emissarius" (steam64id="76561198271087379" pos=<11090.8, 35.24, 8420.93>) ToggleTentOpen PartyTent_Brown
20:21:07: Player "[YKZ] Emissarius" (steam64id="76561198271087379" pos=<11091, 35.24, 8420.66>) ToggleTentOpen PartyTent_Brown
20:30:53: Player "[YKZ]-BlackBear" (steam64id="76561198343030820" pos=<11092, 35.24, 8422.43>) ToggleTentOpen PartyTent_Brown
20:31:55: Player "[YKZ]-Lobato" (steam64id="76561198158375860" pos=<11091.4, 35.24, 8421.37>) ToggleTentOpen PartyTent_Brown
20:41:26: Player "[YKZ]-Lobato" (steam64id="76561198158375860" pos=<11091.2, 35.24, 8421.16>) ToggleTentOpen PartyTent_Brown
20:41:28: Player "[YKZ]-Lobato" (steam64id="76561198158375860" pos=<11093.9, 35.24, 8424.22>) ToggleTentOpen PartyTent_Brown
20:41:29: Player "[YKZ]-Lobato" (steam64id="76561198158375860" pos=<11093.9, 35.24, 8424.22>) ToggleTentOpen PartyTent_Blue
20:41:33: Player "[YKZ]-Lobato" (steam64id="76561198158375860" pos=<11091.9, 35.24, 8428.85>) ToggleTentOpen PartyTent_Blue
20:41:34: Player "[YKZ]-Lobato" (steam64id="76561198158375860" pos=<11091.9, 35.24, 8428.85>) ToggleTentOpen PartyTent_Blue
20:42:31: Player "[YKZ]-Lobato" (steam64id="76561198158375860" pos=<11091.3, 35.24, 8429.88>) ToggleTentOpen PartyTent_Blue
20:42:32: Player "[YKZ]-Lobato" (steam64id="76561198158375860" pos=<11091.7, 35.24, 8429.57>) ToggleTentOpen PartyTent_Blue
20:42:35: Player "[YKZ]-Lobato" (steam64id="76561198158375860" pos=<11094.1, 35.24, 8425.55>) ToggleTentOpen PartyTent_Blue
20:42:36: Player "[YKZ]-Lobato" (steam64id="76561198158375860" pos=<11094.5, 35.24, 8425.05>) ToggleTentOpen PartyTent_Brown
20:42:38: Player "[YKZ]-Lobato" (steam64id="76561198158375860" pos=<11091.7, 35.24, 8421.51>) ToggleTentOpen PartyTent_Brown
20:54:10: Player "[YKZ]-Lobato" (steam64id="76561198158375860" pos=<11090.9, 35.24, 8421.05>) ToggleTentOpen PartyTent_Brown
20:54:12: Player "[YKZ]-Lobato" (steam64id="76561198158375860" pos=<11093.9, 35.24, 8424.2>) ToggleTentOpen PartyTent_Brown
20:54:13: Player "[YKZ]-Lobato" (steam64id="76561198158375860" pos=<11094.3, 35.68, 8424.15>) ToggleTentOpen PartyTent_Blue
20:54:15: Player "[YKZ]-Lobato" (steam64id="76561198158375860" pos=<11092, 35.24, 8428.54>) ToggleTentOpen PartyTent_Blue
20:54:16: Player "[YKZ]-Lobato" (steam64id="76561198158375860" pos=<11091.7, 35.24, 8428.92>) ToggleTentOpen PartyTent_Blue
20:54:20: Player "[YKZ]-Lobato" (steam64id="76561198158375860" pos=<11089, 35.24, 8433.95>) ToggleTentOpen PartyTent_Blue
20:54:23: Player "[YKZ]-Lobato" (steam64id="76561198158375860" pos=<11089.3, 35.24, 8433.62>) ToggleTentOpen PartyTent_Blue
20:54:56: Player "[YKZ]-Lobato" (steam64id="76561198158375860" pos=<11091.1, 35.24, 8429.91>) ToggleTentOpen PartyTent_Blue
20:54:57: Player "[YKZ]-Lobato" (steam64id="76561198158375860" pos=<11091.4, 35.24, 8429.46>) ToggleTentOpen PartyTent_Blue
20:55:00: Player "[YKZ]-Lobato" (steam64id="76561198158375860" pos=<11094, 35.24, 8425.38>) ToggleTentOpen PartyTent_Brown
20:55:01: Player "[YKZ]-Lobato" (steam64id="76561198158375860" pos=<11094.4, 35.24, 8424.98>) ToggleTentOpen PartyTent_Brown
20:55:04: Player "[YKZ]-Lobato" (steam64id="76561198158375860" pos=<11093.9, 35.24, 8425.29>) ToggleTentOpen PartyTent_Brown
20:55:05: Player "[YKZ]-Lobato" (steam64id="76561198158375860" pos=<11093.9, 35.24, 8425.8>) ToggleTentOpen PartyTent_Brown
20:55:07: Player "[YKZ]-Lobato" (steam64id="76561198158375860" pos=<11094.3, 35.24, 8425.5>) ToggleTentOpen PartyTent_Blue
20:55:08: Player "[YKZ]-Lobato" (steam64id="76561198158375860" pos=<11094.4, 35.24, 8425.36>) ToggleTentOpen PartyTent_Brown
20:55:15: Player "[YKZ]-Lobato" (steam64id="76561198158375860" pos=<11091.6, 35.24, 8421.76>) ToggleTentOpen PartyTent_Brown
20:58:26: Player "[YKZ]-BlackBear" (steam64id="76561198343030820" pos=<11090, 35.24, 8421.76>) ToggleTentOpen PartyTent_Brown
20:58:33: Player "[YKZ]-BlackBear" (steam64id="76561198343030820" pos=<11093.6, 35.24, 8424.42>) ToggleTentOpen PartyTent_Brown
20:58:34: Player "[YKZ]-BlackBear" (steam64id="76561198343030820" pos=<11093.8, 35.24, 8424.83>) ToggleTentOpen PartyTent_Blue
20:59:34: Player "[YKZ]-BlackBear" (steam64id="76561198343030820" pos=<11091.9, 31.61, 8424.53>) ToggleTentOpen PartyTent_Brown
