01:15:52: Player "[YKZ]-Lobato" (steam64id="76561198158375860" pos=<11091.9, 35.24, 8428.83>) ToggleTentOpen PartyTent_Blue
01:28:18: Player "[YKZ]-Lobato" (steam64id="76561198158375860" pos=<11091, 35.24, 8429.72>) ToggleTentOpen PartyTent_Blue
01:28:19: Player "[YKZ]-Lobato" (steam64id="76561198158375860" pos=<11091.2, 35.24, 8429.56>) ToggleTentOpen PartyTent_Blue
01:28:20: Player "[YKZ]-Lobato" (steam64id="76561198158375860" pos=<11091.2, 35.24, 8429.48>) ToggleTentOpen PartyTent_Blue
01:28:22: Player "[YKZ]-Lobato" (steam64id="76561198158375860" pos=<11091.2, 35.24, 8429.48>) ToggleTentOpen PartyTent_Blue
01:28:29: Player "[YKZ]-Lobato" (steam64id="76561198158375860" pos=<11091.3, 35.24, 8429.77>) ToggleTentOpen PartyTent_Blue
01:28:30: Player "[YKZ]-Lobato" (steam64id="76561198158375860" pos=<11091.4, 35.24, 8429.69>) ToggleTentOpen PartyTent_Blue
01:28:33: Player "[YKZ]-Lobato" (steam64id="76561198158375860" pos=<11094.3, 35.24, 8425.57>) ToggleTentOpen PartyTent_Brown
01:29:23: Player "[YKZ]-Lobato" (steam64id="76561198158375860" pos=<11093.9, 35.24, 8424.71>) ToggleTentOpen PartyTent_Brown
01:29:25: Player "[YKZ]-Lobato" (steam64id="76561198158375860" pos=<11091.8, 35.24, 8428.53>) ToggleTentOpen PartyTent_Blue
01:29:26: Player "[YKZ]-Lobato" (steam64id="76561198158375860" pos=<11091.6, 35.24, 8428.86>) ToggleTentOpen PartyTent_Blue
01:30:01: Player "[YKZ]-Lobato" (steam64id="76561198158375860" pos=<11091.1, 35.24, 8429.87>) ToggleTentOpen PartyTent_Blue
01:30:03: Player "[YKZ]-Lobato" (steam64id="76561198158375860" pos=<11091.3, 35.24, 8429.64>) ToggleTentOpen PartyTent_Blue
01:30:05: Player "[YKZ]-Lobato" (steam64id="76561198158375860" pos=<11094.2, 35.24, 8425.4>) ToggleTentOpen PartyTent_Brown
02:25:34: Player "[YKZ]-Lobato" (steam64id="76561198158375860" pos=<11094.5, 35.24, 8425.08>) ToggleTentOpen PartyTent_Brown
02:25:37: Player "[YKZ]-Lobato" (steam64id="76561198158375860" pos=<11094.1, 35.24, 8426.09>) ToggleTentOpen PartyTent_Brown
02:25:45: Player "[YKZ]-Lobato" (steam64id="76561198158375860" pos=<11091.8, 35.24, 8428.54>) ToggleTentOpen PartyTent_Blue
02:25:46: Player "[YKZ]-Lobato" (steam64id="76561198158375860" pos=<11091.5, 35.24, 8429.03>) ToggleTentOpen PartyTent_Blue
02:25:55: Player "[YKZ]-Lobato" (steam64id="76561198158375860" pos=<11090.6, 35.24, 8430.15>) ToggleTentOpen PartyTent_Blue
02:25:56: Player "[YKZ]-Lobato" (steam64id="76561198158375860" pos=<11090.6, 35.24, 8430.23>) ToggleTentOpen PartyTent_Blue
02:27:55: Player "[YKZ]-Lobato" (steam64id="76561198158375860" pos=<11090.2, 35.24, 8430.79>) ToggleTentOpen PartyTent_Blue
02:27:56: Player "[YKZ]-Lobato" (steam64id="76561198158375860" pos=<11090.2, 35.24, 8430.79>) ToggleTentOpen PartyTent_Blue
02:28:03: Player "[YKZ]-Lobato" (steam64id="76561198158375860" pos=<11091.1, 35.24, 8429.64>) ToggleTentOpen PartyTent_Blue
02:28:04: Player "[YKZ]-Lobato" (steam64id="76561198158375860" pos=<11091.2, 35.24, 8429.52>) ToggleTentOpen PartyTent_Blue
02:28:06: Player "[YKZ]-Lobato" (steam64id="76561198158375860" pos=<11093.7, 35.24, 8426.57>) ToggleTentOpen PartyTent_Brown
02:28:08: Player "[YKZ]-Lobato" (steam64id="76561198158375860" pos=<11094.2, 35.24, 8425.29>) ToggleTentOpen PartyTent_Blue
02:28:09: Player "[YKZ]-Lobato" (steam64id="76561198158375860" pos=<11094.3, 35.24, 8425.18>) ToggleTentOpen PartyTent_Brown
11:09:15: Player "[YKZ]-Lobato" (steam64id="76561198158375860" pos=<11094.4, 35.24, 8424.54>) ToggleTentOpen PartyTent_Brown
11:09:16: Player "[YKZ]-Lobato" (steam64id="76561198158375860" pos=<11094.4, 35.24, 8424.54>) ToggleTentOpen PartyTent_Blue
11:09:19: Player "[YKZ]-Lobato" (steam64id="76561198158375860" pos=<11091.8, 35.24, 8429.08>) ToggleTentOpen PartyTent_Blue
11:09:20: Player "[YKZ]-Lobato" (steam64id="76561198158375860" pos=<11091.6, 35.24, 8428.99>) ToggleTentOpen PartyTent_Blue
11:09:38: Player "[YKZ]-Lobato" (steam64id="76561198158375860" pos=<11091.2, 35.24, 8430.03>) ToggleTentOpen PartyTent_Blue
11:09:39: Player "[YKZ]-Lobato" (steam64id="76561198158375860" pos=<11091.5, 35.24, 8429.52>) ToggleTentOpen PartyTent_Blue
11:41:10: Player "[YKZ]-Lobato" (steam64id="76561198158375860" pos=<11091.8, 35.24, 8429.49>) ToggleTentOpen PartyTent_Blue
11:41:11: Player "[YKZ]-Lobato" (steam64id="76561198158375860" pos=<11091.8, 35.24, 8429.28>) ToggleTentOpen PartyTent_Blue
11:47:46: Player "[YKZ]-Lobato" (steam64id="76561198158375860" pos=<11091.3, 35.24, 8429.91>) ToggleTentOpen PartyTent_Blue
11:47:47: Player "[YKZ]-Lobato" (steam64id="76561198158375860" pos=<11091.4, 35.24, 8429.81>) ToggleTentOpen PartyTent_Blue
11:47:51: Player "[YKZ]-Lobato" (steam64id="76561198158375860" pos=<11094.2, 35.24, 8424.68>) ToggleTentOpen PartyTent_Brown
13:39:43: Player "[HORDA] JHON WICK" (steam64id="76561198122075703" pos=<9954.62, 17.51, 11753.2>) ToggleTentOpen PartyTent_Blue
13:39:44: Player "[HORDA] JHON WICK" (steam64id="76561198122075703" pos=<9954.62, 17.51, 11753.2>) ToggleTentOpen PartyTent_Blue
13:39:47: Player "[HORDA] JHON WICK" (steam64id="76561198122075703" pos=<9954.83, 17.53, 11750.7>) ToggleTentOpen PartyTent_Blue
13:40:40: Player "[HORDA] JHON WICK" (steam64id="76561198122075703" pos=<9955.76, 17.61, 11747.2>) ToggleTentOpen PartyTent_Blue
13:40:56: Player "[HORDA] JHON WICK" (steam64id="76561198122075703" pos=<9958.43, 17.63, 11748.5>) ToggleTentOpen PartyTent_Blue
13:41:22: Player "[HORDA] JHON WICK" (steam64id="76561198122075703" pos=<9955.91, 17.54, 11748.5>) ToggleTentOpen PartyTent_Blue
13:41:24: Player "[HORDA] JHON WICK" (steam64id="76561198122075703" pos=<9955.44, 17.54, 11748.2>) ToggleTentOpen PartyTent_Blue
13:41:51: Player "[HORDA] JHON WICK" (steam64id="76561198122075703" pos=<9956.38, 17.58, 11747.8>) ToggleTentOpen PartyTent_Blue
13:41:53: Player "[HORDA] JHON WICK" (steam64id="76561198122075703" pos=<9955.92, 17.60, 11747.4>) ToggleTentOpen PartyTent_Blue
13:42:26: Player "[HORDA] JHON WICK" (steam64id="76561198122075703" pos=<9955.88, 17.59, 11747.6>) ToggleTentOpen PartyTent_Blue
13:42:27: Player "[HORDA] JHON WICK" (steam64id="76561198122075703" pos=<9955.64, 17.61, 11747.2>) ToggleTentOpen PartyTent_Blue
13:42:49: Player "[HORDA] JHON WICK" (steam64id="76561198122075703" pos=<9956.3, 17.61, 11747.4>) ToggleTentOpen PartyTent_Blue
13:43:33: Player "[HORDA] JHON WICK" (steam64id="76561198122075703" pos=<9955.64, 17.53, 11748.3>) ToggleTentOpen PartyTent_Blue
13:43:34: Player "[HORDA] JHON WICK" (steam64id="76561198122075703" pos=<9955.39, 17.57, 11747.6>) ToggleTentOpen PartyTent_Blue
13:43:36: Player "[HORDA] JHON WICK" (steam64id="76561198122075703" pos=<9956.15, 17.61, 11747.3>) ToggleTentOpen PartyTent_Blue
14:40:35: Player "[HORDA] JHON WICK" (steam64id="76561198122075703" pos=<9955.38, 17.52, 11748.5>) ToggleTentOpen PartyTent_Blue
14:40:37: Player "[HORDA] JHON WICK" (steam64id="76561198122075703" pos=<9955.38, 17.52, 11748.5>) ToggleTentOpen PartyTent_Blue
15:48:02: Player "[YKZ] Felps" (steam64id="76561198892779186" pos=<11094, 31.61, 8425.79>) ToggleTentOpen PartyTent_Brown
15:48:23: Player "[YKZ] Felps" (steam64id="76561198892779186" pos=<11094.5, 31.61, 8425.42>) ToggleTentOpen PartyTent_Brown
15:48:28: Player "[YKZ] Felps" (steam64id="76561198892779186" pos=<11094.4, 31.61, 8425.66>) ToggleTentOpen PartyTent_Brown
15:49:00: Player "[YKZ] Felps" (steam64id="76561198892779186" pos=<11094.3, 31.61, 8425.89>) ToggleTentOpen PartyTent_Brown
15:49:14: Player "[YKZ] Felps" (steam64id="76561198892779186" pos=<11095.1, 31.61, 8425.6>) ToggleTentOpen PartyTent_Brown
15:49:21: Player "[YKZ] Felps" (steam64id="76561198892779186" pos=<11094.2, 31.61, 8426.08>) ToggleTentOpen PartyTent_Brown
15:49:24: Player "[YKZ] Felps" (steam64id="76561198892779186" pos=<11095.3, 31.61, 8425>) ToggleTentOpen PartyTent_Brown
15:49:25: Player "[YKZ] Felps" (steam64id="76561198892779186" pos=<11095.1, 31.61, 8424.62>) ToggleTentOpen PartyTent_Brown
15:49:26: Player "[YKZ] Felps" (steam64id="76561198892779186" pos=<11095.7, 31.61, 8423.28>) ToggleTentOpen PartyTent_Brown
15:49:29: Player "[YKZ] Felps" (steam64id="76561198892779186" pos=<11096.4, 31.61, 8422.82>) ToggleTentOpen PartyTent_Brown
15:49:41: Player "[YKZ] Felps" (steam64id="76561198892779186" pos=<11086.8, 31.61, 8417.27>) ToggleTentOpen PartyTent
15:49:43: Player "[YKZ] Felps" (steam64id="76561198892779186" pos=<11086.3, 31.61, 8416.79>) ToggleTentOpen PartyTent
21:47:10: Player "[YKZ] Notsniw" (steam64id="76561197967151252" pos=<11094.3, 35.24, 8424.53>) ToggleTentOpen PartyTent_Brown
23:04:36: Player "[YKZ] chron1c" (steam64id="76561198205585613" pos=<11096, 31.61, 8422.2>) ToggleTentOpen PartyTent_Brown
23:05:22: Player "[YKZ] chron1c" (steam64id="76561198205585613" pos=<11095.1, 31.61, 8422.64>) ToggleTentOpen PartyTent_Brown
