01:55:09: Player "GabrielLobato" (steam64id="76561198158375860" pos=<11089.1, 35.24, 8420.35>) ToggleTentOpen PartyTent_Blue
02:00:01: Player "GabrielLobato" (steam64id="76561198158375860" pos=<11089.1, 35.24, 8432.8>) ToggleTentOpen PartyTent_Blue
02:00:05: Player "GabrielLobato" (steam64id="76561198158375860" pos=<11089.6, 35.24, 8431.79>) ToggleTentOpen PartyTent_Blue
02:11:23: Player "[YKZ]-BlackBear" (steam64id="76561198343030820" pos=<11050.4, 4.50, 8258.63>) ToggleTentOpen PartyTent_Blue
02:12:29: Player "[YKZ]-BlackBear" (steam64id="76561198343030820" pos=<11051.9, 4.39, 8268.49>) ToggleTentOpen PartyTent_Blue
04:48:07: Player "GabrielLobato" (steam64id="76561198158375860" pos=<11092.2, 35.24, 8429.3>) ToggleTentOpen PartyTent_Blue
04:48:08: Player "GabrielLobato" (steam64id="76561198158375860" pos=<11091.9, 35.24, 8429.18>) ToggleTentOpen PartyTent_Blue
05:42:58: Player "GabrielLobato" (steam64id="76561198158375860" pos=<11086.3, 35.24, 8419.67>) ToggleTentOpen PartyTent_Blue
11:45:57: Player "GabrielLobato" (steam64id="76561198158375860" pos=<11091.5, 35.24, 8428.5>) ToggleTentOpen PartyTent_Blue
11:45:58: Player "GabrielLobato" (steam64id="76561198158375860" pos=<11091.5, 35.24, 8428.5>) ToggleTentOpen PartyTent_Blue
11:46:02: Player "GabrielLobato" (steam64id="76561198158375860" pos=<11088.6, 35.24, 8432.25>) ToggleTentOpen PartyTent_Blue
11:46:05: Player "GabrielLobato" (steam64id="76561198158375860" pos=<11088.9, 35.24, 8432.85>) ToggleTentOpen PartyTent_Blue
11:46:10: Player "GabrielLobato" (steam64id="76561198158375860" pos=<11092, 35.24, 8429.05>) ToggleTentOpen PartyTent_Blue
11:52:02: Player "GabrielLobato" (steam64id="76561198158375860" pos=<11091.2, 35.24, 8428.98>) ToggleTentOpen PartyTent_Blue
11:53:12: Player "GabrielLobato" (steam64id="76561198158375860" pos=<11090.3, 35.24, 8428.64>) ToggleTentOpen PartyTent_Blue
12:25:52: Player "GabrielLobato" (steam64id="76561198158375860" pos=<11090.4, 35.24, 8428.23>) ToggleTentOpen PartyTent_Blue
12:34:29: Player "GabrielLobato" (steam64id="76561198158375860" pos=<11091, 35.24, 8430>) ToggleTentOpen PartyTent_Blue
12:34:32: Player "GabrielLobato" (steam64id="76561198158375860" pos=<11090.1, 35.24, 8429.85>) ToggleTentOpen PartyTent_Blue
12:34:33: Player "GabrielLobato" (steam64id="76561198158375860" pos=<11091, 35.24, 8428.83>) ToggleTentOpen PartyTent_Blue
14:34:26: Player "Seekerzao" (steam64id="76561198067793781" pos=<11082.8, 35.24, 8421.2>) ToggleTentOpen PartyTent_Blue
14:34:28: Player "Seekerzao" (steam64id="76561198067793781" pos=<11082.8, 35.24, 8421.2>) ToggleTentOpen PartyTent_Blue
14:34:37: Player "Seekerzao" (steam64id="76561198067793781" pos=<11084, 35.24, 8419.19>) ToggleTentOpen PartyTent_Blue
14:34:53: Player "Seekerzao" (steam64id="76561198067793781" pos=<11082.9, 35.24, 8420.17>) ToggleTentOpen PartyTent_Blue
14:34:55: Player "Seekerzao" (steam64id="76561198067793781" pos=<11083.5, 35.24, 8420.3>) ToggleTentOpen PartyTent_Blue
14:34:56: Player "Seekerzao" (steam64id="76561198067793781" pos=<11082.2, 35.24, 8420.84>) ToggleTentOpen PartyTent_Blue
14:48:06: Player "Seekerzao" (steam64id="76561198067793781" pos=<11089.9, 35.24, 8428.55>) ToggleTentOpen PartyTent_Blue
14:48:09: Player "Seekerzao" (steam64id="76561198067793781" pos=<11090.9, 35.24, 8428.76>) ToggleTentOpen PartyTent_Blue
14:48:11: Player "Seekerzao" (steam64id="76561198067793781" pos=<11090.9, 35.24, 8428.76>) ToggleTentOpen PartyTent_Blue
14:48:27: Player "Seekerzao" (steam64id="76561198067793781" pos=<11091.3, 35.24, 8429.43>) ToggleTentOpen PartyTent_Blue
15:57:46: Player "[YKZ] Emissarius" (steam64id="76561198271087379" pos=<11082.5, 35.24, 8421.29>) ToggleTentOpen PartyTent_Blue
16:03:55: Player "[YKZ] Emissarius" (steam64id="76561198271087379" pos=<11091.6, 35.24, 8428.69>) ToggleTentOpen PartyTent_Blue
16:04:04: Player "[YKZ] Emissarius" (steam64id="76561198271087379" pos=<11091.3, 35.24, 8429.66>) ToggleTentOpen PartyTent_Blue
16:10:13: Player "[YKZ]-BlackBear" (steam64id="76561198343030820" pos=<11080, 4.25, 8423.89>) ToggleTentOpen PartyTent_Brown
16:10:20: Player "[YKZ]-BlackBear" (steam64id="76561198343030820" pos=<11079.4, 4.25, 8425.56>) ToggleTentOpen PartyTent_Brown
16:15:23: Player "GabrielLobato" (steam64id="76561198158375860" pos=<11091, 35.24, 8428.5>) ToggleTentOpen PartyTent_Blue
16:16:08: Player "GabrielLobato" (steam64id="76561198158375860" pos=<11090.6, 35.24, 8428.58>) ToggleTentOpen PartyTent_Blue
16:24:43: Player "GabrielLobato" (steam64id="76561198158375860" pos=<11090.7, 35.24, 8428.47>) ToggleTentOpen PartyTent_Blue
16:28:37: Player "[YKZ] Emissarius" (steam64id="76561198271087379" pos=<11086.8, 31.61, 8416.82>) ToggleTentOpen PartyTent
16:39:05: Player "GabrielLobato" (steam64id="76561198158375860" pos=<11091.6, 35.24, 8428.88>) ToggleTentOpen PartyTent_Blue
17:44:30: Player "[YKZ] Emissarius" (steam64id="76561198271087379" pos=<11091.6, 35.24, 8428.83>) ToggleTentOpen PartyTent_Blue
18:32:26: Player "[HORDA]MacLovin" (steam64id="76561199068236803" pos=<9562.48, 6.07, 9581.36>) ToggleTentOpen PartyTent_Blue
18:32:33: Player "[HORDA]MacLovin" (steam64id="76561199068236803" pos=<9562.48, 6.07, 9581.36>) ToggleTentOpen PartyTent_Blue
19:31:19: Player "GabrielLobato" (steam64id="76561198158375860" pos=<11090.1, 35.24, 8430.83>) ToggleTentOpen PartyTent_Blue
19:31:40: Player "GabrielLobato" (steam64id="76561198158375860" pos=<11090.9, 35.24, 8430.93>) ToggleTentOpen PartyTent_Blue
19:31:42: Player "GabrielLobato" (steam64id="76561198158375860" pos=<11092, 35.24, 8429.19>) ToggleTentOpen PartyTent_Blue
19:34:23: Player "GabrielLobato" (steam64id="76561198158375860" pos=<11090.1, 35.24, 8428.01>) ToggleTentOpen PartyTent_Blue
19:34:27: Player "GabrielLobato" (steam64id="76561198158375860" pos=<11090.4, 35.24, 8431.18>) ToggleTentOpen PartyTent_Blue
19:34:38: Player "GabrielLobato" (steam64id="76561198158375860" pos=<11090.9, 35.24, 8431.37>) ToggleTentOpen PartyTent_Blue
19:34:40: Player "GabrielLobato" (steam64id="76561198158375860" pos=<11092, 35.24, 8429.24>) ToggleTentOpen PartyTent_Blue
19:35:16: Player "GabrielLobato" (steam64id="76561198158375860" pos=<11092, 35.24, 8428.43>) ToggleTentOpen PartyTent_Blue
19:35:19: Player "GabrielLobato" (steam64id="76561198158375860" pos=<11091.2, 35.24, 8431.52>) ToggleTentOpen PartyTent_Blue
19:36:08: Player "GabrielLobato" (steam64id="76561198158375860" pos=<11089.9, 35.24, 8430.92>) ToggleTentOpen PartyTent_Blue
19:36:10: Player "GabrielLobato" (steam64id="76561198158375860" pos=<11092.5, 35.24, 8429.2>) ToggleTentOpen PartyTent_Blue
20:28:34: Player "[YKZ]-BlackBear" (steam64id="76561198343030820" pos=<11089.8, 35.24, 8428.29>) ToggleTentOpen PartyTent_Blue
20:29:22: Player "[YKZ]-BlackBear" (steam64id="76561198343030820" pos=<11091.1, 35.24, 8429.89>) ToggleTentOpen PartyTent_Blue
20:43:52: Player "[YKZ] Emissarius" (steam64id="76561198271087379" pos=<11090.9, 35.24, 8428.37>) ToggleTentOpen PartyTent_Blue
22:52:18: Player "[YKZ]-Lobato" (steam64id="76561198158375860" pos=<11091.5, 35.24, 8429.19>) ToggleTentOpen PartyTent_Blue
23:06:51: Player "[YKZ]-Lobato" (steam64id="76561198158375860" pos=<11090.3, 35.24, 8427.85>) ToggleTentOpen PartyTent_Blue
23:06:59: Player "[YKZ]-Lobato" (steam64id="76561198158375860" pos=<11090.5, 35.24, 8429.83>) ToggleTentOpen PartyTent_Blue
23:07:00: Player "[YKZ]-Lobato" (steam64id="76561198158375860" pos=<11090.1, 35.24, 8429.82>) ToggleTentOpen PartyTent_Blue
23:07:01: Player "[YKZ]-Lobato" (steam64id="76561198158375860" pos=<11090.8, 35.24, 8428.43>) ToggleTentOpen PartyTent_Blue
23:16:47: Player "[YKZ]-BlackBear" (steam64id="76561198343030820" pos=<11085, 35.24, 8417.28>) ToggleTentOpen PartyTent_Blue
23:51:22: Player "[YKZ]-Lobato" (steam64id="76561198158375860" pos=<11089.8, 35.24, 8428.47>) ToggleTentOpen PartyTent_Blue
23:51:24: Player "[YKZ]-Lobato" (steam64id="76561198158375860" pos=<11090.2, 35.24, 8430.43>) ToggleTentOpen PartyTent_Blue
23:53:01: Player "[YKZ]-Lobato" (steam64id="76561198158375860" pos=<11089.9, 35.24, 8431.29>) ToggleTentOpen PartyTent_Blue
23:53:03: Player "[YKZ]-Lobato" (steam64id="76561198158375860" pos=<11091.4, 35.24, 8428.7>) ToggleTentOpen PartyTent_Blue
23:53:24: Player "[YKZ]-Lobato" (steam64id="76561198158375860" pos=<11091.4, 35.24, 8429.29>) ToggleTentOpen PartyTent_Blue
23:54:03: Player "[YKZ]-Lobato" (steam64id="76561198158375860" pos=<11091.4, 35.24, 8428.93>) ToggleTentOpen PartyTent_Blue
23:55:03: Player "[YKZ]-Lobato" (steam64id="76561198158375860" pos=<11091.1, 35.24, 8429.21>) ToggleTentOpen PartyTent_Blue
23:55:34: Player "[YKZ]-Lobato" (steam64id="76561198158375860" pos=<11091.5, 35.24, 8428.91>) ToggleTentOpen PartyTent_Blue
