00:22:40: Player "Vaine" (steam64id="76561198020067228" pos=<10080.8, 4.54, 14503.2>) ToggleTentOpen PartyTent_Brown
00:22:42: Player "Vaine" (steam64id="76561198020067228" pos=<10080.8, 4.54, 14503.2>) ToggleTentOpen PartyTent_Brown
00:23:03: Player "Vaine" (steam64id="76561198020067228" pos=<10077, 4.54, 14505.4>) ToggleTentOpen PartyTent_Brown
00:23:05: Player "Vaine" (steam64id="76561198020067228" pos=<10076.7, 4.54, 14505.9>) ToggleTentOpen PartyTent_Brown
01:06:18: Player "[YKZ]-Lobato" (steam64id="76561198158375860" pos=<11091.5, 35.24, 8429.05>) ToggleTentOpen PartyTent_Blue
01:06:19: Player "[YKZ]-Lobato" (steam64id="76561198158375860" pos=<11091.7, 35.24, 8428.9>) ToggleTentOpen PartyTent_Blue
01:06:40: Player "[YKZ]-Lobato" (steam64id="76561198158375860" pos=<11089.9, 35.24, 8431.27>) ToggleTentOpen PartyTent_Blue
01:07:32: Player "[YKZ]-Lobato" (steam64id="76561198158375860" pos=<11089.7, 35.24, 8432.46>) ToggleTentOpen PartyTent_Blue
01:07:35: Player "[YKZ]-Lobato" (steam64id="76561198158375860" pos=<11089.7, 35.24, 8432.46>) ToggleTentOpen PartyTent_Blue
01:07:41: Player "[YKZ]-Lobato" (steam64id="76561198158375860" pos=<11090.3, 35.24, 8431.22>) ToggleTentOpen PartyTent_Blue
01:07:43: Player "[YKZ]-Lobato" (steam64id="76561198158375860" pos=<11090.9, 35.24, 8429.78>) ToggleTentOpen PartyTent_Blue
01:07:44: Player "[YKZ]-Lobato" (steam64id="76561198158375860" pos=<11091.3, 35.24, 8429.45>) ToggleTentOpen PartyTent_Blue
01:07:47: Player "[YKZ]-Lobato" (steam64id="76561198158375860" pos=<11093.8, 35.24, 8425.11>) ToggleTentOpen PartyTent_Brown
01:07:49: Player "[YKZ]-Lobato" (steam64id="76561198158375860" pos=<11090.9, 35.24, 8421.48>) ToggleTentOpen PartyTent_Brown
01:14:42: Player "[YKZ]-BlackBear" (steam64id="76561198343030820" pos=<11091.5, 35.24, 8426.07>) ToggleTentOpen PartyTent_Blue
01:14:45: Player "[YKZ]-BlackBear" (steam64id="76561198343030820" pos=<11093.6, 35.24, 8426.1>) ToggleTentOpen PartyTent_Blue
01:14:59: Player "[YKZ]-BlackBear" (steam64id="76561198343030820" pos=<11092, 35.24, 8428.89>) ToggleTentOpen PartyTent_Blue
01:15:00: Player "[YKZ]-BlackBear" (steam64id="76561198343030820" pos=<11091.6, 35.24, 8429.42>) ToggleTentOpen PartyTent_Blue
01:15:52: Player "[YKZ]-BlackBear" (steam64id="76561198343030820" pos=<11093.5, 35.24, 8427.04>) ToggleTentOpen PartyTent_Blue
01:16:01: Player "[YKZ]-BlackBear" (steam64id="76561198343030820" pos=<11091.1, 35.24, 8425.19>) ToggleTentOpen PartyTent_Blue
01:16:06: Player "[YKZ] Seekerzao" (steam64id="76561198067793781" pos=<11093.6, 35.24, 8426.1>) ToggleTentOpen PartyTent_Blue
01:16:08: Player "[YKZ] Seekerzao" (steam64id="76561198067793781" pos=<11092.1, 35.24, 8424.79>) ToggleTentOpen PartyTent_Blue
01:16:21: Player "[YKZ]-BlackBear" (steam64id="76561198343030820" pos=<11090.5, 35.24, 8421.24>) ToggleTentOpen PartyTent_Brown
01:16:23: Player "[YKZ]-BlackBear" (steam64id="76561198343030820" pos=<11092.6, 35.24, 8423.29>) ToggleTentOpen PartyTent_Brown
01:16:53: Player "[YKZ]-BlackBear" (steam64id="76561198343030820" pos=<11092.9, 35.24, 8422.87>) ToggleTentOpen PartyTent_Brown
01:16:55: Player "[YKZ]-BlackBear" (steam64id="76561198343030820" pos=<11091.4, 35.24, 8420.73>) ToggleTentOpen PartyTent_Brown
01:19:36: Player "[YKZ]-BlackBear" (steam64id="76561198343030820" pos=<11085.3, 41.37, 8432.16>) ToggleTentOpen PartyTent
01:19:39: Player "[YKZ]-BlackBear" (steam64id="76561198343030820" pos=<11083.3, 41.37, 8430.13>) ToggleTentOpen PartyTent
01:19:40: Player "[YKZ]-BlackBear" (steam64id="76561198343030820" pos=<11082.4, 41.37, 8429.84>) ToggleTentOpen PartyTent
01:19:43: Player "[YKZ]-BlackBear" (steam64id="76561198343030820" pos=<11083.1, 41.37, 8429.51>) ToggleTentOpen PartyTent
01:19:46: Player "[YKZ]-BlackBear" (steam64id="76561198343030820" pos=<11085.9, 41.37, 8431.44>) ToggleTentOpen PartyTent
01:19:47: Player "[YKZ]-BlackBear" (steam64id="76561198343030820" pos=<11085.9, 41.37, 8431.44>) ToggleTentOpen PartyTent
01:23:15: Player "[YKZ]-BlackBear" (steam64id="76561198343030820" pos=<11084.2, 41.37, 8430.52>) ToggleTentOpen PartyTent
01:23:18: Player "[YKZ]-BlackBear" (steam64id="76561198343030820" pos=<11083.9, 41.37, 8430.62>) ToggleTentOpen PartyTent
01:23:23: Player "[YKZ]-BlackBear" (steam64id="76561198343030820" pos=<11085.5, 41.37, 8432.22>) ToggleTentOpen PartyTent
01:25:27: Player "[YKZ]-BlackBear" (steam64id="76561198343030820" pos=<11082.4, 41.37, 8430.18>) ToggleTentOpen PartyTent
01:26:09: Player "[YKZ]-BlackBear" (steam64id="76561198343030820" pos=<11084.6, 41.37, 8431.32>) ToggleTentOpen PartyTent
01:26:13: Player "[YKZ]-BlackBear" (steam64id="76561198343030820" pos=<11082.5, 41.37, 8430.07>) ToggleTentOpen PartyTent
01:36:47: Player "[YKZ]-Lobato" (steam64id="76561198158375860" pos=<11090.3, 35.24, 8422.1>) ToggleTentOpen PartyTent_Brown
01:36:49: Player "[YKZ]-Lobato" (steam64id="76561198158375860" pos=<11093.5, 35.24, 8423.11>) ToggleTentOpen PartyTent_Brown
01:36:52: Player "[YKZ]-Lobato" (steam64id="76561198158375860" pos=<11094.9, 35.24, 8425.04>) ToggleTentOpen PartyTent_Brown
01:37:10: Player "[YKZ] Seekerzao" (steam64id="76561198067793781" pos=<11083.4, 41.37, 8430>) ToggleTentOpen PartyTent
01:44:20: Player "[YKZ]-Lobato" (steam64id="76561198158375860" pos=<11091.3, 35.24, 8429.71>) ToggleTentOpen PartyTent_Blue
01:44:21: Player "[YKZ]-Lobato" (steam64id="76561198158375860" pos=<11091.4, 35.24, 8429.54>) ToggleTentOpen PartyTent_Blue
01:44:25: Player "[YKZ]-Lobato" (steam64id="76561198158375860" pos=<11094, 35.24, 8424.83>) ToggleTentOpen PartyTent_Brown
01:44:27: Player "[YKZ]-Lobato" (steam64id="76561198158375860" pos=<11092.3, 35.24, 8423.3>) ToggleTentOpen PartyTent_Brown
01:46:04: Player "[YKZ]-Lobato" (steam64id="76561198158375860" pos=<11082.8, 41.37, 8430.5>) ToggleTentOpen PartyTent
01:47:03: Player "[YKZ]-Lobato" (steam64id="76561198158375860" pos=<11082.9, 41.37, 8429.73>) ToggleTentOpen PartyTent
01:54:37: Player "[YKZ]-Lobato" (steam64id="76561198158375860" pos=<11094, 35.24, 8424.75>) ToggleTentOpen PartyTent_Brown
01:54:39: Player "[YKZ]-Lobato" (steam64id="76561198158375860" pos=<11091.8, 35.24, 8428.66>) ToggleTentOpen PartyTent_Blue
01:54:40: Player "[YKZ]-Lobato" (steam64id="76561198158375860" pos=<11091.8, 35.24, 8428.66>) ToggleTentOpen PartyTent_Blue
01:55:02: Player "[YKZ]-Lobato" (steam64id="76561198158375860" pos=<11091.1, 35.24, 8429.9>) ToggleTentOpen PartyTent_Blue
01:55:03: Player "[YKZ]-Lobato" (steam64id="76561198158375860" pos=<11091.4, 35.24, 8429.42>) ToggleTentOpen PartyTent_Blue
01:55:07: Player "[YKZ]-Lobato" (steam64id="76561198158375860" pos=<11091.1, 35.24, 8421.92>) ToggleTentOpen PartyTent_Brown
01:55:43: Player "[YKZ]-Lobato" (steam64id="76561198158375860" pos=<11090.9, 35.24, 8421.87>) ToggleTentOpen PartyTent_Brown
01:55:45: Player "[YKZ]-Lobato" (steam64id="76561198158375860" pos=<11091.8, 35.24, 8428.69>) ToggleTentOpen PartyTent_Blue
01:55:47: Player "[YKZ]-Lobato" (steam64id="76561198158375860" pos=<11091.5, 35.24, 8429.11>) ToggleTentOpen PartyTent_Blue
01:58:02: Player "[YKZ]-Lobato" (steam64id="76561198158375860" pos=<11091.3, 35.24, 8429.91>) ToggleTentOpen PartyTent_Blue
01:58:03: Player "[YKZ]-Lobato" (steam64id="76561198158375860" pos=<11091.4, 35.24, 8429.77>) ToggleTentOpen PartyTent_Blue
02:32:19: Player "[YKZ]-Lobato" (steam64id="76561198158375860" pos=<11092, 35.24, 8428.73>) ToggleTentOpen PartyTent_Blue
02:32:21: Player "[YKZ]-Lobato" (steam64id="76561198158375860" pos=<11091.6, 35.24, 8429.35>) ToggleTentOpen PartyTent_Blue
02:38:31: Player "[YKZ]-Lobato" (steam64id="76561198158375860" pos=<11082.2, 41.37, 8430.16>) ToggleTentOpen PartyTent
02:49:11: Player "[YKZ]-Lobato" (steam64id="76561198158375860" pos=<11091, 35.24, 8429.77>) ToggleTentOpen PartyTent_Blue
02:49:14: Player "[YKZ]-Lobato" (steam64id="76561198158375860" pos=<11090.9, 35.24, 8430.26>) ToggleTentOpen PartyTent_Blue
02:49:39: Player "[YKZ]-Lobato" (steam64id="76561198158375860" pos=<11091, 35.24, 8429.76>) ToggleTentOpen PartyTent_Blue
02:49:40: Player "[YKZ]-Lobato" (steam64id="76561198158375860" pos=<11091.1, 35.24, 8429.57>) ToggleTentOpen PartyTent_Blue
03:06:33: Player "[YKZ]-Lobato" (steam64id="76561198158375860" pos=<11092, 35.24, 8428.53>) ToggleTentOpen PartyTent_Blue
03:06:34: Player "[YKZ]-Lobato" (steam64id="76561198158375860" pos=<11091.7, 35.24, 8429.14>) ToggleTentOpen PartyTent_Blue
03:07:45: Player "[YKZ]-Lobato" (steam64id="76561198158375860" pos=<11091, 35.24, 8429.76>) ToggleTentOpen PartyTent_Blue
03:07:46: Player "[YKZ]-Lobato" (steam64id="76561198158375860" pos=<11091.1, 35.24, 8429.46>) ToggleTentOpen PartyTent_Blue
03:07:49: Player "[YKZ]-Lobato" (steam64id="76561198158375860" pos=<11095, 35.24, 8425.41>) ToggleTentOpen PartyTent_Blue
03:07:51: Player "[YKZ]-Lobato" (steam64id="76561198158375860" pos=<11091.5, 35.24, 8421.12>) ToggleTentOpen PartyTent_Brown
03:09:04: Player "[YKZ]-Lobato" (steam64id="76561198158375860" pos=<11090.6, 35.24, 8421.29>) ToggleTentOpen PartyTent_Brown
03:09:10: Player "[YKZ]-Lobato" (steam64id="76561198158375860" pos=<11094.1, 35.24, 8424.19>) ToggleTentOpen PartyTent_Blue
03:09:35: Player "[YKZ]-Lobato" (steam64id="76561198158375860" pos=<11092, 35.24, 8428.73>) ToggleTentOpen PartyTent_Blue
03:09:36: Player "[YKZ]-Lobato" (steam64id="76561198158375860" pos=<11091.7, 35.24, 8429.21>) ToggleTentOpen PartyTent_Blue
03:09:45: Player "[YKZ]-Lobato" (steam64id="76561198158375860" pos=<11091, 35.24, 8429.5>) ToggleTentOpen PartyTent_Blue
03:09:46: Player "[YKZ]-Lobato" (steam64id="76561198158375860" pos=<11091, 35.24, 8429.5>) ToggleTentOpen PartyTent_Blue
03:09:48: Player "[YKZ]-Lobato" (steam64id="76561198158375860" pos=<11093.8, 35.24, 8424.61>) ToggleTentOpen PartyTent_Blue
03:20:12: Player "[YKZ]-Lobato" (steam64id="76561198158375860" pos=<11093.8, 35.24, 8424.83>) ToggleTentOpen PartyTent_Blue
03:20:15: Player "[YKZ]-Lobato" (steam64id="76561198158375860" pos=<11091.5, 35.24, 8429.05>) ToggleTentOpen PartyTent_Blue
03:20:16: Player "[YKZ]-Lobato" (steam64id="76561198158375860" pos=<11091.5, 35.24, 8429.05>) ToggleTentOpen PartyTent_Blue
03:20:18: Player "[YKZ]-Lobato" (steam64id="76561198158375860" pos=<11089.1, 35.24, 8433.96>) ToggleTentOpen PartyTent_Blue
03:20:20: Player "[YKZ]-Lobato" (steam64id="76561198158375860" pos=<11089.1, 35.24, 8433.96>) ToggleTentOpen PartyTent_Blue
03:20:41: Player "[YKZ]-Lobato" (steam64id="76561198158375860" pos=<11091, 35.24, 8429.92>) ToggleTentOpen PartyTent_Blue
03:20:42: Player "[YKZ]-Lobato" (steam64id="76561198158375860" pos=<11091.2, 35.24, 8429.56>) ToggleTentOpen PartyTent_Blue
03:20:45: Player "[YKZ]-Lobato" (steam64id="76561198158375860" pos=<11091.6, 35.24, 8421.9>) ToggleTentOpen PartyTent_Brown
14:08:36: Player "[YKZ]-BlackBear" (steam64id="76561198343030820" pos=<11090.1, 35.24, 8421.02>) ToggleTentOpen PartyTent_Brown
14:45:22: Player "[YKZ]-BlackBear" (steam64id="76561198343030820" pos=<11091.1, 35.24, 8425.16>) ToggleTentOpen PartyTent_Brown
14:45:24: Player "[YKZ]-BlackBear" (steam64id="76561198343030820" pos=<11091.5, 35.24, 8428.96>) ToggleTentOpen PartyTent_Blue
14:45:25: Player "[YKZ]-BlackBear" (steam64id="76561198343030820" pos=<11091.5, 35.24, 8428.96>) ToggleTentOpen PartyTent_Blue
14:45:45: Player "[YKZ]-BlackBear" (steam64id="76561198343030820" pos=<11092.1, 35.24, 8422.05>) ToggleTentOpen PartyTent_Brown
14:45:47: Player "[YKZ]-Lobato" (steam64id="76561198158375860" pos=<11088.8, 35.55, 8432.93>) ToggleTentOpen PartyTent_Blue
14:45:48: Player "[YKZ]-BlackBear" (steam64id="76561198343030820" pos=<11092.2, 35.24, 8423.11>) ToggleTentOpen PartyTent_Brown
14:45:53: Player "[YKZ]-Lobato" (steam64id="76561198158375860" pos=<11088.5, 35.70, 8433.5>) ToggleTentOpen PartyTent_Blue
14:45:59: Player "[YKZ]-BlackBear" (steam64id="76561198343030820" pos=<11093.9, 35.24, 8425.05>) ToggleTentOpen PartyTent_Brown
14:46:03: Player "[YKZ]-BlackBear" (steam64id="76561198343030820" pos=<11093.5, 35.24, 8423.93>) ToggleTentOpen PartyTent_Brown
14:46:05: Player "[YKZ]-BlackBear" (steam64id="76561198343030820" pos=<11091.9, 35.24, 8428.79>) ToggleTentOpen PartyTent_Blue
14:46:07: Player "[YKZ]-BlackBear" (steam64id="76561198343030820" pos=<11094.3, 35.24, 8424.85>) ToggleTentOpen PartyTent_Blue
14:46:09: Player "[YKZ]-BlackBear" (steam64id="76561198343030820" pos=<11092.7, 35.24, 8422.96>) ToggleTentOpen PartyTent_Brown
14:46:12: Player "[YKZ]-BlackBear" (steam64id="76561198343030820" pos=<11091.4, 35.24, 8420.96>) ToggleTentOpen PartyTent_Brown
14:46:42: Player "[YKZ]-BlackBear" (steam64id="76561198343030820" pos=<11087.9, 35.24, 8429.23>) ToggleTentOpen PartyTent_Blue
14:47:48: Player "[YKZ]-Lobato" (steam64id="76561198158375860" pos=<11088.2, 35.24, 8430.38>) ToggleTentOpen PartyTent_Blue
15:08:41: Player "[YKZ] Felps" (steam64id="76561198892779186" pos=<11091.7, 35.24, 8419.68>) ToggleTentOpen PartyTent_Brown
15:09:03: Player "[YKZ] Felps" (steam64id="76561198892779186" pos=<11090.7, 35.24, 8421.84>) ToggleTentOpen PartyTent_Brown
15:43:48: Player "[YKZ] Emissarius" (steam64id="76561198271087379" pos=<11091, 31.61, 8422.53>) ToggleTentOpen PartyTent
15:55:35: Player "[YKZ] Felps" (steam64id="76561198892779186" pos=<11090.4, 31.61, 8422.39>) ToggleTentOpen PartyTent
15:56:39: Player "[YKZ] Emissarius" (steam64id="76561198271087379" pos=<11091, 35.24, 8420.22>) ToggleTentOpen PartyTent_Brown
15:57:39: Player "[YKZ]-Lobato" (steam64id="76561198158375860" pos=<11093.7, 35.24, 8424.19>) ToggleTentOpen PartyTent_Blue
15:57:41: Player "[YKZ]-Lobato" (steam64id="76561198158375860" pos=<11092, 35.24, 8428.52>) ToggleTentOpen PartyTent_Blue
15:57:48: Player "[YKZ]-BlackBear" (steam64id="76561198343030820" pos=<11085.5, 41.37, 8432.02>) ToggleTentOpen PartyTent
15:57:51: Player "[YKZ]-BlackBear" (steam64id="76561198343030820" pos=<11082.3, 41.37, 8430>) ToggleTentOpen PartyTent
15:58:07: Player "[YKZ]-BlackBear" (steam64id="76561198343030820" pos=<11083, 41.37, 8430.11>) ToggleTentOpen PartyTent
15:58:16: Player "[YKZ]-BlackBear" (steam64id="76561198343030820" pos=<11082.2, 41.37, 8430.06>) ToggleTentOpen PartyTent
16:16:04: Player "[YKZ]-BlackBear" (steam64id="76561198343030820" pos=<11083.7, 41.37, 8430.54>) ToggleTentOpen PartyTent
16:16:06: Player "[YKZ]-BlackBear" (steam64id="76561198343030820" pos=<11083.7, 41.37, 8430.54>) ToggleTentOpen PartyTent
16:16:08: Player "[YKZ]-BlackBear" (steam64id="76561198343030820" pos=<11084.8, 41.37, 8431.27>) ToggleTentOpen PartyTent
16:16:20: Player "[YKZ]-BlackBear" (steam64id="76561198343030820" pos=<11081.1, 41.37, 8428.8>) ToggleTentOpen PartyTent
16:20:55: Player "[YKZ]-Lobato" (steam64id="76561198158375860" pos=<11088.9, 35.63, 8433.21>) ToggleTentOpen PartyTent_Blue
16:20:59: Player "[YKZ]-Lobato" (steam64id="76561198158375860" pos=<11089.3, 35.24, 8433.54>) ToggleTentOpen PartyTent_Blue
16:23:12: Player "[YKZ]-Lobato" (steam64id="76561198158375860" pos=<11089.8, 35.24, 8431.17>) ToggleTentOpen PartyTent_Blue
16:23:13: Player "[YKZ]-Lobato" (steam64id="76561198158375860" pos=<11089.8, 35.24, 8431.17>) ToggleTentOpen PartyTent_Blue
16:24:13: Player "[YKZ]-Lobato" (steam64id="76561198158375860" pos=<11090.2, 35.24, 8431.09>) ToggleTentOpen PartyTent_Blue
16:24:14: Player "[YKZ]-BlackBear" (steam64id="76561198343030820" pos=<11092, 35.24, 8428.31>) ToggleTentOpen PartyTent_Blue
16:24:18: Player "[YKZ]-BlackBear" (steam64id="76561198343030820" pos=<11092, 35.24, 8428.91>) ToggleTentOpen PartyTent_Blue
16:24:19: Player "[YKZ]-BlackBear" (steam64id="76561198343030820" pos=<11091.3, 35.24, 8429.2>) ToggleTentOpen PartyTent_Blue
16:25:07: Player "[YKZ]-Lobato" (steam64id="76561198158375860" pos=<11090.3, 35.24, 8431.06>) ToggleTentOpen PartyTent_Blue
16:27:22: Player "[YKZ]-Lobato" (steam64id="76561198158375860" pos=<11090.2, 35.24, 8431.42>) ToggleTentOpen PartyTent_Blue
16:27:26: Player "[YKZ]-Lobato" (steam64id="76561198158375860" pos=<11090.9, 35.24, 8429.59>) ToggleTentOpen PartyTent_Blue
16:27:27: Player "[YKZ]-Lobato" (steam64id="76561198158375860" pos=<11091, 35.24, 8429.42>) ToggleTentOpen PartyTent_Blue
16:27:31: Player "[YKZ]-Lobato" (steam64id="76561198158375860" pos=<11093.7, 35.24, 8425.02>) ToggleTentOpen PartyTent_Brown
16:27:40: Player "[YKZ]-Lobato" (steam64id="76561198158375860" pos=<11094.1, 35.24, 8424.09>) ToggleTentOpen PartyTent_Brown
16:27:41: Player "[YKZ]-Lobato" (steam64id="76561198158375860" pos=<11091.6, 35.24, 8428.88>) ToggleTentOpen PartyTent_Blue
16:27:43: Player "[YKZ]-Lobato" (steam64id="76561198158375860" pos=<11091.6, 35.24, 8428.88>) ToggleTentOpen PartyTent_Blue
16:28:10: Player "[YKZ]-Lobato" (steam64id="76561198158375860" pos=<11091.2, 35.24, 8429.85>) ToggleTentOpen PartyTent_Blue
16:28:12: Player "[YKZ]-Lobato" (steam64id="76561198158375860" pos=<11091.3, 35.24, 8429.7>) ToggleTentOpen PartyTent_Blue
16:28:14: Player "[YKZ]-Lobato" (steam64id="76561198158375860" pos=<11093.9, 35.24, 8425.13>) ToggleTentOpen PartyTent_Blue
16:28:18: Player "[YKZ]-Lobato" (steam64id="76561198158375860" pos=<11091.9, 35.24, 8421.53>) ToggleTentOpen PartyTent_Brown
16:56:07: Player "[YKZ]-Lobato" (steam64id="76561198158375860" pos=<11090.7, 35.24, 8421.08>) ToggleTentOpen PartyTent_Brown
16:56:08: Player "[YKZ]-Lobato" (steam64id="76561198158375860" pos=<11093.4, 35.24, 8424.27>) ToggleTentOpen PartyTent_Blue
16:56:10: Player "[YKZ]-Lobato" (steam64id="76561198158375860" pos=<11092, 35.24, 8428.97>) ToggleTentOpen PartyTent_Blue
16:56:11: Player "[YKZ]-Lobato" (steam64id="76561198158375860" pos=<11091.9, 35.24, 8429.27>) ToggleTentOpen PartyTent_Blue
16:57:54: Player "[YKZ]-Lobato" (steam64id="76561198158375860" pos=<11091.3, 35.24, 8429.9>) ToggleTentOpen PartyTent_Blue
16:57:55: Player "[YKZ]-Lobato" (steam64id="76561198158375860" pos=<11091.6, 35.24, 8429.47>) ToggleTentOpen PartyTent_Blue
16:58:10: Player "[YKZ]-Lobato" (steam64id="76561198158375860" pos=<11092.2, 35.24, 8428.91>) ToggleTentOpen PartyTent_Blue
16:58:12: Player "[YKZ]-Lobato" (steam64id="76561198158375860" pos=<11091.6, 35.24, 8429.35>) ToggleTentOpen PartyTent_Blue
16:58:37: Player "joaoob23" (steam64id="76561198302337518" pos=<11045.7, 8.40, 8515.14>) ToggleTentOpen PartyTent
16:58:43: Player "joaoob23" (steam64id="76561198302337518" pos=<11044.9, 8.40, 8514.03>) ToggleTentOpen PartyTent
16:59:07: Player "[YKZ]-Lobato" (steam64id="76561198158375860" pos=<11091.1, 35.24, 8429.84>) ToggleTentOpen PartyTent_Blue
16:59:08: Player "[YKZ]-Lobato" (steam64id="76561198158375860" pos=<11091.2, 35.24, 8429.67>) ToggleTentOpen PartyTent_Blue
16:59:52: Player "[YKZ]-Lobato" (steam64id="76561198158375860" pos=<11091.7, 35.24, 8429.14>) ToggleTentOpen PartyTent_Blue
17:00:00: Player "[YKZ]-Lobato" (steam64id="76561198158375860" pos=<11091.7, 35.24, 8429.14>) ToggleTentOpen PartyTent_Blue
17:01:01: Player "joaoob23" (steam64id="76561198302337518" pos=<11045.2, 8.40, 8515.37>) ToggleTentOpen PartyTent
17:01:10: Player "joaoob23" (steam64id="76561198302337518" pos=<11045, 8.40, 8514.8>) ToggleTentOpen PartyTent
17:19:38: Player "[YKZ] Felps" (steam64id="76561198892779186" pos=<11092.1, 35.24, 8428.92>) ToggleTentOpen PartyTent_Blue
17:19:52: Player "[YKZ] Felps" (steam64id="76561198892779186" pos=<11092, 35.24, 8429.14>) ToggleTentOpen PartyTent_Blue
17:21:37: Player "[YKZ] Felps" (steam64id="76561198892779186" pos=<11090.8, 35.24, 8429.64>) ToggleTentOpen PartyTent_Blue
17:21:39: Player "[YKZ] Felps" (steam64id="76561198892779186" pos=<11092.3, 35.24, 8428.67>) ToggleTentOpen PartyTent_Blue
17:21:46: Player "[YKZ] Felps" (steam64id="76561198892779186" pos=<11090.8, 35.24, 8421.34>) ToggleTentOpen PartyTent_Brown
17:25:23: Player "[YKZ]-Lobato" (steam64id="76561198158375860" pos=<11090.8, 35.24, 8420.88>) ToggleTentOpen PartyTent_Brown
17:25:26: Player "[YKZ]-Lobato" (steam64id="76561198158375860" pos=<11091.7, 35.24, 8429.24>) ToggleTentOpen PartyTent_Blue
17:25:27: Player "[YKZ]-Lobato" (steam64id="76561198158375860" pos=<11091.7, 35.24, 8429.24>) ToggleTentOpen PartyTent_Blue
17:27:36: Player "[YKZ]-Lobato" (steam64id="76561198158375860" pos=<11091.4, 35.24, 8429.95>) ToggleTentOpen PartyTent_Blue
17:27:37: Player "[YKZ]-Lobato" (steam64id="76561198158375860" pos=<11091.5, 35.24, 8429.82>) ToggleTentOpen PartyTent_Blue
17:33:28: Player "[YKZ]-Lobato" (steam64id="76561198158375860" pos=<11091.8, 35.24, 8428.44>) ToggleTentOpen PartyTent_Blue
17:33:29: Player "[YKZ]-Lobato" (steam64id="76561198158375860" pos=<11091.5, 35.24, 8428.91>) ToggleTentOpen PartyTent_Blue
17:37:36: Player "[YKZ]-Lobato" (steam64id="76561198158375860" pos=<11091.4, 35.24, 8429.97>) ToggleTentOpen PartyTent_Blue
17:37:37: Player "[YKZ]-Lobato" (steam64id="76561198158375860" pos=<11091.7, 35.24, 8429.64>) ToggleTentOpen PartyTent_Blue
17:53:46: Player "[YKZ] Emissarius" (steam64id="76561198271087379" pos=<11094.7, 32.06, 8424.02>) ToggleTentOpen PartyTent_Brown
17:53:49: Player "[YKZ] Emissarius" (steam64id="76561198271087379" pos=<11092.5, 31.61, 8421.13>) ToggleTentOpen PartyTent
18:24:25: Player "[YKZ] Emissarius" (steam64id="76561198271087379" pos=<11092.5, 31.61, 8421.23>) ToggleTentOpen PartyTent
18:24:27: Player "[YKZ] Emissarius" (steam64id="76561198271087379" pos=<11091.4, 31.61, 8423.08>) ToggleTentOpen PartyTent
18:30:55: Player "[YKZ]-Lobato" (steam64id="76561198158375860" pos=<11092, 35.24, 8428.62>) ToggleTentOpen PartyTent_Blue
18:30:56: Player "[YKZ]-Lobato" (steam64id="76561198158375860" pos=<11091.8, 35.24, 8428.88>) ToggleTentOpen PartyTent_Blue
18:33:36: Player "[YKZ]-Lobato" (steam64id="76561198158375860" pos=<11091.3, 35.24, 8429.96>) ToggleTentOpen PartyTent_Blue
18:33:38: Player "[YKZ]-Lobato" (steam64id="76561198158375860" pos=<11091.4, 35.24, 8429.79>) ToggleTentOpen PartyTent_Blue
18:33:40: Player "[YKZ]-Lobato" (steam64id="76561198158375860" pos=<11091.1, 35.24, 8421.99>) ToggleTentOpen PartyTent_Brown
18:41:50: Player "[YKZ] Emissarius" (steam64id="76561198271087379" pos=<11091.2, 31.61, 8423.18>) ToggleTentOpen PartyTent
18:43:22: Player "[YKZ] Emissarius" (steam64id="76561198271087379" pos=<11090.5, 35.24, 8421.05>) ToggleTentOpen PartyTent_Brown
18:43:57: Player "[YKZ] Emissarius" (steam64id="76561198271087379" pos=<11091.9, 35.24, 8428.63>) ToggleTentOpen PartyTent_Blue
18:43:58: Player "[YKZ] Emissarius" (steam64id="76561198271087379" pos=<11091.8, 35.24, 8428.83>) ToggleTentOpen PartyTent_Blue
18:44:24: Player "[YKZ] Emissarius" (steam64id="76561198271087379" pos=<11091.2, 35.24, 8429.97>) ToggleTentOpen PartyTent_Blue
18:44:29: Player "[YKZ] Emissarius" (steam64id="76561198271087379" pos=<11091.9, 35.24, 8428.73>) ToggleTentOpen PartyTent_Blue
18:44:32: Player "[YKZ] Emissarius" (steam64id="76561198271087379" pos=<11091.9, 35.24, 8428.73>) ToggleTentOpen PartyTent_Blue
18:44:33: Player "[YKZ] Emissarius" (steam64id="76561198271087379" pos=<11091.9, 35.24, 8428.73>) ToggleTentOpen PartyTent_Blue
18:44:36: Player "[YKZ] Emissarius" (steam64id="76561198271087379" pos=<11091.9, 35.24, 8428.73>) ToggleTentOpen PartyTent_Blue
18:44:47: Player "[YKZ] Emissarius" (steam64id="76561198271087379" pos=<11090.5, 35.24, 8421.17>) ToggleTentOpen PartyTent_Brown
18:54:32: Player "[YKZ]-Lobato" (steam64id="76561198158375860" pos=<11080, 4.25, 8424.84>) ToggleTentOpen PartyTent
19:22:56: Player "[YKZ] Emissarius" (steam64id="76561198271087379" pos=<11088.1, 35.24, 8429.44>) ToggleTentOpen PartyTent_Blue
19:23:18: Player "[YKZ] Emissarius" (steam64id="76561198271087379" pos=<11088.8, 35.24, 8429.79>) ToggleTentOpen PartyTent_Blue
19:26:37: Player "[YKZ] Emissarius" (steam64id="76561198271087379" pos=<11088.8, 35.24, 8429.49>) ToggleTentOpen PartyTent_Blue
19:26:39: Player "[YKZ] Emissarius" (steam64id="76561198271087379" pos=<11089.8, 35.24, 8431.56>) ToggleTentOpen PartyTent_Blue
19:26:42: Player "[YKZ] Emissarius" (steam64id="76561198271087379" pos=<11088.2, 35.70, 8433.1>) ToggleTentOpen PartyTent_Blue
19:26:54: Player "[YKZ] Emissarius" (steam64id="76561198271087379" pos=<11088.3, 35.70, 8433.21>) ToggleTentOpen PartyTent_Blue
19:27:27: Player "[YKZ] Emissarius" (steam64id="76561198271087379" pos=<11088.7, 35.69, 8433.11>) ToggleTentOpen PartyTent_Blue
19:27:33: Player "[YKZ] Emissarius" (steam64id="76561198271087379" pos=<11088.8, 35.69, 8433.12>) ToggleTentOpen PartyTent_Blue
19:27:34: Player "[YKZ] Emissarius" (steam64id="76561198271087379" pos=<11089.4, 35.24, 8431.47>) ToggleTentOpen PartyTent_Blue
19:27:35: Player "[YKZ] Emissarius" (steam64id="76561198271087379" pos=<11088, 35.24, 8430.01>) ToggleTentOpen PartyTent_Blue
19:45:37: Player "[YKZ] Emissarius" (steam64id="76561198271087379" pos=<11090.2, 31.61, 8421.86>) ToggleTentOpen PartyTent
19:50:33: Player "[YKZ] Emissarius" (steam64id="76561198271087379" pos=<11089.6, 31.61, 8419.44>) ToggleTentOpen PartyTent
19:50:36: Player "[YKZ] Emissarius" (steam64id="76561198271087379" pos=<11090.9, 31.61, 8420.63>) ToggleTentOpen PartyTent
19:51:07: Player "[YKZ] Emissarius" (steam64id="76561198271087379" pos=<11092, 31.61, 8420.92>) ToggleTentOpen PartyTent
19:51:08: Player "[YKZ] Emissarius" (steam64id="76561198271087379" pos=<11090.6, 31.61, 8422.17>) ToggleTentOpen PartyTent
19:51:35: Player "[YKZ] Emissarius" (steam64id="76561198271087379" pos=<11090.6, 31.61, 8422.47>) ToggleTentOpen PartyTent
19:51:52: Player "[YKZ] Emissarius" (steam64id="76561198271087379" pos=<11091, 31.61, 8420.37>) ToggleTentOpen PartyTent
19:53:45: Player "[YKZ] Emissarius" (steam64id="76561198271087379" pos=<11092.5, 31.61, 8420.68>) ToggleTentOpen PartyTent
19:53:47: Player "[YKZ] Emissarius" (steam64id="76561198271087379" pos=<11091.8, 31.61, 8422.54>) ToggleTentOpen PartyTent
20:04:15: Player "[YKZ] Felps" (steam64id="76561198892779186" pos=<11090.2, 31.61, 8422.13>) ToggleTentOpen PartyTent
20:04:29: Player "[YKZ] Felps" (steam64id="76561198892779186" pos=<11090.4, 31.61, 8422.96>) ToggleTentOpen PartyTent
20:04:33: Player "[YKZ] Felps" (steam64id="76561198892779186" pos=<11090.9, 31.61, 8422.58>) ToggleTentOpen PartyTent
20:04:43: Player "[YKZ] Felps" (steam64id="76561198892779186" pos=<11094.3, 31.61, 8421.96>) ToggleTentOpen PartyTent
20:04:45: Player "[YKZ] Felps" (steam64id="76561198892779186" pos=<11093, 31.61, 8421.56>) ToggleTentOpen PartyTent_Brown
20:04:48: Player "[YKZ] Felps" (steam64id="76561198892779186" pos=<11093.2, 31.61, 8421.13>) ToggleTentOpen PartyTent
20:04:49: Player "[YKZ] Felps" (steam64id="76561198892779186" pos=<11093.7, 31.61, 8421.39>) ToggleTentOpen PartyTent_Brown
20:51:51: Player "[YKZ]-BlackBear" (steam64id="76561198343030820" pos=<11090.6, 35.24, 8420.94>) ToggleTentOpen PartyTent_Brown
21:18:27: Player "[YKZ]-BlackBear" (steam64id="76561198343030820" pos=<11088.7, 35.24, 8428.54>) ToggleTentOpen PartyTent_Blue
21:19:39: Player "[YKZ]-BlackBear" (steam64id="76561198343030820" pos=<11088.5, 35.24, 8429.52>) ToggleTentOpen PartyTent_Blue
22:16:42: Player "[EB] GordoEmers" (steam64id="76561198260617608" pos=<10679.7, 4.77, 8444.5>) ToggleTentOpen CarTent
22:18:29: Player "KOREA" (steam64id="76561198253386609" pos=<10680.9, 4.71, 8445.88>) ToggleTentOpen CarTent
22:18:35: Player "KOREA" (steam64id="76561198253386609" pos=<10679.8, 4.78, 8444.04>) ToggleTentOpen CarTent
22:22:10: Player "[EB] GordoEmers" (steam64id="76561198260617608" pos=<10679.2, 4.79, 8444.29>) ToggleTentOpen CarTent
22:43:45: Player "[EB] GordoEmers" (steam64id="76561198260617608" pos=<10679.8, 4.80, 8443.17>) ToggleTentOpen CarTent
22:47:41: Player "[EB] pedrobala" (steam64id="76561198046653521" pos=<10679.8, 4.78, 8444.17>) ToggleTentOpen CarTent
22:47:44: Player "[EB] pedrobala" (steam64id="76561198046653521" pos=<10679.8, 4.78, 8444.17>) ToggleTentOpen CarTent
22:49:21: Player "[EB] GordoEmers" (steam64id="76561198260617608" pos=<10679.8, 4.78, 8444.19>) ToggleTentOpen CarTent
22:49:28: Player "[EB] GordoEmers" (steam64id="76561198260617608" pos=<10680.7, 4.79, 8443.01>) ToggleTentOpen CarTent
22:49:29: Player "[EB] GordoEmers" (steam64id="76561198260617608" pos=<10679.2, 4.78, 8444.73>) ToggleTentOpen CarTent
23:31:44: Player "PintoJunior" (steam64id="76561198057936781" pos=<11079.7, 31.61, 8423.36>) ToggleTentOpen PartyTent_Blue
23:31:46: Player "PintoJunior" (steam64id="76561198057936781" pos=<11079.7, 31.61, 8423.36>) ToggleTentOpen PartyTent_Blue
