00:45:38: Player "[YKZ] Emissarius" (steam64id="76561198271087379" pos=<10916.2, 23.92, 8784.71>) ToggleTentOpen PartyTent_Blue
00:45:39: Player "[YKZ] Emissarius" (steam64id="76561198271087379" pos=<10916.5, 23.92, 8784.36>) ToggleTentOpen PartyTent_Blue
00:45:40: Player "[YKZ] Emissarius" (steam64id="76561198271087379" pos=<10914.2, 23.92, 8782.6>) ToggleTentOpen PartyTent_Blue
00:45:41: Player "[YKZ] Emissarius" (steam64id="76561198271087379" pos=<10914.9, 23.92, 8783.35>) ToggleTentOpen PartyTent_Blue
00:45:43: Player "[YKZ] Emissarius" (steam64id="76561198271087379" pos=<10915.4, 23.92, 8782.11>) ToggleTentOpen PartyTent_Blue
01:40:50: Player "[YKZ]-BlackBear" (steam64id="76561198343030820" pos=<11085.1, 35.24, 8420.64>) ToggleTentOpen PartyTent_Blue
01:40:53: Player "[YKZ]-BlackBear" (steam64id="76561198343030820" pos=<11084.8, 35.24, 8417>) ToggleTentOpen PartyTent_Blue
02:37:45: Player "[YKZ] Emissarius" (steam64id="76561198271087379" pos=<11088.4, 4.25, 8433.25>) ToggleTentOpen PartyTent
02:37:47: Player "[YKZ]-BlackBear" (steam64id="76561198343030820" pos=<11090.3, 4.25, 8431.61>) ToggleTentOpen PartyTent
02:37:47: Player "[YKZ] Emissarius" (steam64id="76561198271087379" pos=<11089.2, 4.25, 8433.83>) ToggleTentOpen PartyTent
02:37:48: Player "[YKZ] Emissarius" (steam64id="76561198271087379" pos=<11089.2, 4.25, 8433.83>) ToggleTentOpen PartyTent
02:37:50: Player "[YKZ] Emissarius" (steam64id="76561198271087379" pos=<11089.2, 4.25, 8432.61>) ToggleTentOpen PartyTent
02:37:57: Player "[YKZ] Emissarius" (steam64id="76561198271087379" pos=<11090.4, 4.25, 8429.17>) ToggleTentOpen PartyTent
11:53:55: Player "Hacan121" (steam64id="76561198345012092" pos=<7624.47, 13.22, 9783.02>) ToggleTentOpen PartyTent_Brown
11:53:56: Player "Hacan121" (steam64id="76561198345012092" pos=<7625, 13.22, 9782.42>) ToggleTentOpen PartyTent_Brown
11:53:58: Player "Hacan121" (steam64id="76561198345012092" pos=<7621, 13.22, 9784.79>) ToggleTentOpen PartyTent_Brown
11:53:59: Player "Hacan121" (steam64id="76561198345012092" pos=<7621, 13.22, 9784.79>) ToggleTentOpen PartyTent_Brown
12:08:24: Player "Passo Largo" (steam64id="76561198057660141" pos=<7363.12, 14.30, 7147.15>) ToggleTentOpen PartyTent_Brown
12:08:57: Player "Passo Largo" (steam64id="76561198057660141" pos=<7362.47, 14.30, 7146.26>) ToggleTentOpen PartyTent_Brown
12:09:48: Player "Passo Largo" (steam64id="76561198057660141" pos=<7363.59, 14.30, 7147.65>) ToggleTentOpen PartyTent_Brown
12:12:40: Player "Passo Largo" (steam64id="76561198057660141" pos=<7362.32, 14.30, 7146.66>) ToggleTentOpen PartyTent_Brown
12:13:47: Player "Hacan121" (steam64id="76561198345012092" pos=<7342.34, 14.30, 7151.59>) ToggleTentOpen PartyTent_Brown
12:29:25: Player "Passo Largo" (steam64id="76561198057660141" pos=<7353.24, 17.93, 7143.63>) ToggleTentOpen PartyTent_Brown
12:29:26: Player "Passo Largo" (steam64id="76561198057660141" pos=<7353.24, 17.93, 7143.63>) ToggleTentOpen PartyTent_Brown
12:43:36: Player "[YKZ] Notsniw" (steam64id="76561197967151252" pos=<11091.9, 4.25, 8429.82>) ToggleTentOpen PartyTent
13:35:44: Player "Hacan121" (steam64id="76561198345012092" pos=<7621.42, 13.22, 9784.01>) ToggleTentOpen PartyTent_Brown
13:35:45: Player "Hacan121" (steam64id="76561198345012092" pos=<7622.81, 13.22, 9782>) ToggleTentOpen PartyTent_Brown
13:35:50: Player "Hacan121" (steam64id="76561198345012092" pos=<7625.23, 13.22, 9783.43>) ToggleTentOpen PartyTent_Brown
13:35:52: Player "Hacan121" (steam64id="76561198345012092" pos=<7626.03, 13.22, 9782.69>) ToggleTentOpen PartyTent_Brown
13:35:54: Player "Hacan121" (steam64id="76561198345012092" pos=<7621.38, 13.22, 9785.18>) ToggleTentOpen PartyTent_Brown
13:35:57: Player "Hacan121" (steam64id="76561198345012092" pos=<7619.47, 13.22, 9783.32>) ToggleTentOpen PartyTent_Brown
13:36:42: Player "Hacan121" (steam64id="76561198345012092" pos=<7624.52, 13.22, 9784.54>) ToggleTentOpen PartyTent_Brown
14:23:31: Player "[HORDA] JHON WICK" (steam64id="76561198122075703" pos=<9561.68, 6.07, 9581.68>) ToggleTentOpen PartyTent_Blue
14:23:33: Player "[HORDA] JHON WICK" (steam64id="76561198122075703" pos=<9561.69, 6.07, 9581.5>) ToggleTentOpen PartyTent_Blue
14:24:07: Player "[HORDA] JHON WICK" (steam64id="76561198122075703" pos=<9561.78, 6.07, 9580.93>) ToggleTentOpen PartyTent_Blue
14:30:54: Player "[HORDA] JHON WICK" (steam64id="76561198122075703" pos=<9564.27, 6.07, 9582.22>) ToggleTentOpen PartyTent_Blue
14:31:16: Player "[HORDA] JHON WICK" (steam64id="76561198122075703" pos=<9563.1, 6.07, 9582.43>) ToggleTentOpen PartyTent_Blue
14:31:17: Player "[HORDA] JHON WICK" (steam64id="76561198122075703" pos=<9563.1, 6.07, 9582.43>) ToggleTentOpen PartyTent_Blue
14:52:54: Player "[HORDA] JHON WICK" (steam64id="76561198122075703" pos=<9563.26, 6.07, 9582.38>) ToggleTentOpen PartyTent_Blue
14:53:01: Player "[HORDA] JHON WICK" (steam64id="76561198122075703" pos=<9562.59, 6.07, 9581.49>) ToggleTentOpen PartyTent_Blue
17:24:34: Player "[HORDA] JHON WICK" (steam64id="76561198122075703" pos=<9561.85, 6.07, 9581.19>) ToggleTentOpen PartyTent_Blue
17:24:36: Player "[HORDA] JHON WICK" (steam64id="76561198122075703" pos=<9561.75, 6.07, 9580.97>) ToggleTentOpen PartyTent_Blue
18:22:37: Player "[HORDA]ThiagoPenna" (steam64id="76561198218822351" pos=<9560.52, 6.07, 9581.4>) ToggleTentOpen PartyTent_Blue
18:23:10: Player "[HORDA]ThiagoPenna" (steam64id="76561198218822351" pos=<9561.7, 6.07, 9581.42>) ToggleTentOpen PartyTent_Blue
19:09:15: Player "TcheLoco" (steam64id="76561198099449370" pos=<9562.88, 6.07, 9581.89>) ToggleTentOpen PartyTent_Blue
19:09:29: Player "TcheLoco" (steam64id="76561198099449370" pos=<9563.05, 6.07, 9581.44>) ToggleTentOpen PartyTent_Blue
19:29:30: Player "[HORDA] JHON WICK" (steam64id="76561198122075703" pos=<9563.17, 6.07, 9582.53>) ToggleTentOpen PartyTent_Blue
19:30:00: Player "[HORDA] JHON WICK" (steam64id="76561198122075703" pos=<9564.74, 6.60, 9582.21>) ToggleTentOpen PartyTent_Blue
20:06:24: Player "[YKZ] Emissarius" (steam64id="76561198271087379" pos=<11085.9, 31.61, 8416.72>) ToggleTentOpen PartyTent
20:06:26: Player "[YKZ]-BlackBear" (steam64id="76561198343030820" pos=<11084.3, 31.61, 8418.22>) ToggleTentOpen PartyTent
20:06:28: Player "[YKZ]-BlackBear" (steam64id="76561198343030820" pos=<11084.8, 31.61, 8417.32>) ToggleTentOpen PartyTent
20:06:37: Player "[YKZ] Emissarius" (steam64id="76561198271087379" pos=<11085.5, 31.61, 8417.16>) ToggleTentOpen PartyTent
20:08:23: Player "[HORDA]KAS" (steam64id="76561199202697738" pos=<9561.54, 6.07, 9581.63>) ToggleTentOpen PartyTent_Blue
20:08:28: Player "[HORDA]KAS" (steam64id="76561199202697738" pos=<9561.1, 6.07, 9580.59>) ToggleTentOpen PartyTent_Blue
20:08:29: Player "[HORDA]KAS" (steam64id="76561199202697738" pos=<9562.48, 6.07, 9581.62>) ToggleTentOpen PartyTent_Blue
20:08:31: Player "[HORDA]KAS" (steam64id="76561199202697738" pos=<9562.71, 6.07, 9581.89>) ToggleTentOpen PartyTent_Blue
20:17:56: Player "[YKZ] Emissarius" (steam64id="76561198271087379" pos=<11084.1, 35.24, 8418.35>) ToggleTentOpen PartyTent_Blue
