13:06:11: Player "[YKZ]-BlackBear" (steam64id="76561198343030820" pos=<11090.9, 35.24, 8428.23>) ToggleTentOpen PartyTent_Blue
13:19:51: Player "[YKZ]-Lobato" (steam64id="76561198158375860" pos=<11091.2, 35.24, 8428.6>) ToggleTentOpen PartyTent_Blue
13:20:05: Player "[YKZ]-Lobato" (steam64id="76561198158375860" pos=<11090.4, 35.24, 8428.3>) ToggleTentOpen PartyTent_Blue
13:20:48: Player "[YKZ]-Lobato" (steam64id="76561198158375860" pos=<11091.2, 35.24, 8428.71>) ToggleTentOpen PartyTent_Blue
13:52:56: Player "[YKZ]-Lobato" (steam64id="76561198158375860" pos=<11091.4, 35.24, 8428.76>) ToggleTentOpen PartyTent_Blue
13:57:50: Player "[YKZ]-Lobato" (steam64id="76561198158375860" pos=<11090.2, 35.24, 8430.94>) ToggleTentOpen PartyTent_Blue
13:58:10: Player "[YKZ]-BlackBear" (steam64id="76561198343030820" pos=<11091, 35.24, 8428.58>) ToggleTentOpen PartyTent_Blue
14:05:44: Player "[YKZ]-Lobato" (steam64id="76561198158375860" pos=<11091.6, 35.24, 8429.28>) ToggleTentOpen PartyTent_Blue
14:07:10: Player "[YKZ]-Lobato" (steam64id="76561198158375860" pos=<11091.3, 35.24, 8428.46>) ToggleTentOpen PartyTent_Blue
14:15:56: Player "[YKZ]-Lobato" (steam64id="76561198158375860" pos=<11090.3, 35.24, 8430.91>) ToggleTentOpen PartyTent_Blue
14:17:13: Player "[YKZ] Felps" (steam64id="76561198892779186" pos=<11091.2, 31.61, 8420.61>) ToggleTentOpen PartyTent
14:17:20: Player "[YKZ] Felps" (steam64id="76561198892779186" pos=<11092.9, 31.61, 8421.06>) ToggleTentOpen PartyTent
14:17:22: Player "[YKZ] Felps" (steam64id="76561198892779186" pos=<11092.7, 31.61, 8421.84>) ToggleTentOpen PartyTent
14:17:23: Player "[YKZ] Felps" (steam64id="76561198892779186" pos=<11091.1, 31.61, 8421.87>) ToggleTentOpen PartyTent
14:18:01: Player "[YKZ] Felps" (steam64id="76561198892779186" pos=<11092.9, 31.61, 8420.84>) ToggleTentOpen PartyTent
14:18:03: Player "[YKZ] Felps" (steam64id="76561198892779186" pos=<11091.6, 31.61, 8419.74>) ToggleTentOpen PartyTent
14:18:11: Player "[YKZ] Felps" (steam64id="76561198892779186" pos=<11092.4, 31.61, 8422.48>) ToggleTentOpen PartyTent
14:19:29: Player "[YKZ] Felps" (steam64id="76561198892779186" pos=<11086.1, 31.61, 8417.11>) ToggleTentOpen PartyTent
14:19:43: Player "[YKZ] Felps" (steam64id="76561198892779186" pos=<11086.9, 31.61, 8416.94>) ToggleTentOpen PartyTent
14:28:30: Player "[YKZ]-BlackBear" (steam64id="76561198343030820" pos=<11090.7, 35.24, 8428.45>) ToggleTentOpen PartyTent_Blue
14:32:15: Player "[YKZ]-Lobato" (steam64id="76561198158375860" pos=<11090.2, 35.24, 8431.21>) ToggleTentOpen PartyTent_Blue
14:33:18: Player "[YKZ] Felps" (steam64id="76561198892779186" pos=<11091.1, 35.24, 8428.34>) ToggleTentOpen PartyTent_Blue
14:33:20: Player "[YKZ] Felps" (steam64id="76561198892779186" pos=<11091.1, 35.24, 8428.34>) ToggleTentOpen PartyTent_Blue
14:33:30: Player "[YKZ]-BlackBear" (steam64id="76561198343030820" pos=<11090.6, 35.24, 8428.04>) ToggleTentOpen PartyTent_Blue
14:33:32: Player "[YKZ]-BlackBear" (steam64id="76561198343030820" pos=<11090.6, 35.24, 8428.04>) ToggleTentOpen PartyTent_Blue
14:33:33: Player "[YKZ] Felps" (steam64id="76561198892779186" pos=<11091.6, 35.24, 8430.77>) ToggleTentOpen PartyTent_Blue
14:33:36: Player "[YKZ] Felps" (steam64id="76561198892779186" pos=<11091.4, 35.24, 8428.21>) ToggleTentOpen PartyTent_Blue
14:34:48: Player "[YKZ]-Lobato" (steam64id="76561198158375860" pos=<11090.2, 35.24, 8431.08>) ToggleTentOpen PartyTent_Blue
14:39:26: Player "[YKZ]-BlackBear" (steam64id="76561198343030820" pos=<11085.1, 35.24, 8416.47>) ToggleTentOpen PartyTent_Blue
14:41:41: Player "[YKZ]-Lobato" (steam64id="76561198158375860" pos=<11091.2, 35.24, 8429>) ToggleTentOpen PartyTent_Blue
14:42:00: Player "[YKZ]-Lobato" (steam64id="76561198158375860" pos=<11091.4, 35.24, 8428.49>) ToggleTentOpen PartyTent_Blue
14:43:35: Player "[YKZ]-Lobato" (steam64id="76561198158375860" pos=<11092.6, 35.24, 8429.63>) ToggleTentOpen PartyTent_Blue
15:38:33: Player "Hacan121" (steam64id="76561198345012092" pos=<7623.3, 13.22, 9781.81>) ToggleTentOpen PartyTent_Brown
15:38:34: Player "Hacan121" (steam64id="76561198345012092" pos=<7623.3, 13.22, 9781.81>) ToggleTentOpen PartyTent_Brown
15:38:52: Player "Hacan121" (steam64id="76561198345012092" pos=<7622.46, 13.22, 9782.22>) ToggleTentOpen PartyTent_Brown
18:35:28: Player "[YKZ] Felps" (steam64id="76561198892779186" pos=<11084.5, 31.61, 8417.34>) ToggleTentOpen PartyTent
18:35:42: Player "[YKZ] Felps" (steam64id="76561198892779186" pos=<11084.4, 31.61, 8416.88>) ToggleTentOpen PartyTent
19:07:23: Player "Hacan121" (steam64id="76561198345012092" pos=<7624.13, 13.22, 9783.36>) ToggleTentOpen PartyTent_Brown
19:07:25: Player "Hacan121" (steam64id="76561198345012092" pos=<7624.4, 13.22, 9783>) ToggleTentOpen PartyTent_Brown
19:07:27: Player "Hacan121" (steam64id="76561198345012092" pos=<7622.92, 13.22, 9782.62>) ToggleTentOpen PartyTent_Brown
19:17:52: Player "[YKZ]-Lobato" (steam64id="76561198158375860" pos=<11090.6, 35.24, 8428.35>) ToggleTentOpen PartyTent_Blue
19:18:12: Player "[YKZ]-Lobato" (steam64id="76561198158375860" pos=<11090.3, 35.24, 8430.99>) ToggleTentOpen PartyTent_Blue
19:19:42: Player "[YKZ]-BlackBear" (steam64id="76561198343030820" pos=<11082.5, 35.24, 8421.66>) ToggleTentOpen PartyTent_Blue
19:21:08: Player "[YKZ]-Lobato" (steam64id="76561198158375860" pos=<11091.2, 35.24, 8431.5>) ToggleTentOpen PartyTent_Blue
19:21:15: Player "[YKZ]-Lobato" (steam64id="76561198158375860" pos=<11090.6, 35.24, 8430.9>) ToggleTentOpen PartyTent_Blue
19:22:04: Player "[YKZ]-BlackBear" (steam64id="76561198343030820" pos=<11092.3, 35.24, 8429.71>) ToggleTentOpen PartyTent_Blue
19:22:11: Player "[YKZ]-BlackBear" (steam64id="76561198343030820" pos=<11090.9, 35.24, 8428.86>) ToggleTentOpen PartyTent_Blue
19:22:42: Player "[YKZ] Felps" (steam64id="76561198892779186" pos=<11090.7, 35.24, 8428.11>) ToggleTentOpen PartyTent_Blue
19:25:46: Player "TripaSeca" (steam64id="76561198093060507" pos=<7624.62, 13.22, 9782.8>) ToggleTentOpen PartyTent_Brown
19:25:51: Player "TripaSeca" (steam64id="76561198093060507" pos=<7625.51, 13.22, 9782.09>) ToggleTentOpen PartyTent_Brown
19:53:12: Player "[YKZ] chron1c" (steam64id="76561198205585613" pos=<11083, 35.24, 8421.86>) ToggleTentOpen PartyTent_Blue
19:55:10: Player "[YKZ]-Lobato" (steam64id="76561198158375860" pos=<11090.2, 35.24, 8430.79>) ToggleTentOpen PartyTent_Blue
20:03:04: Player "[YKZ]-Lobato" (steam64id="76561198158375860" pos=<11090.9, 35.24, 8431.03>) ToggleTentOpen PartyTent_Blue
20:03:05: Player "[YKZ]-Lobato" (steam64id="76561198158375860" pos=<11092.6, 35.24, 8429.19>) ToggleTentOpen PartyTent_Blue
20:08:41: Player "TripaSeca" (steam64id="76561198093060507" pos=<7620.95, 13.22, 9784.86>) ToggleTentOpen PartyTent_Brown
20:08:46: Player "TripaSeca" (steam64id="76561198093060507" pos=<7620.81, 13.22, 9784.02>) ToggleTentOpen PartyTent_Brown
20:09:00: Player "[YKZ]-Lobato" (steam64id="76561198158375860" pos=<11091.1, 35.24, 8427.97>) ToggleTentOpen PartyTent_Blue
20:10:22: Player "[YKZ]-Lobato" (steam64id="76561198158375860" pos=<11091, 35.24, 8428.8>) ToggleTentOpen PartyTent_Blue
20:10:23: Player "[YKZ]-Lobato" (steam64id="76561198158375860" pos=<11091, 35.24, 8428.8>) ToggleTentOpen PartyTent_Blue
20:10:27: Player "[YKZ]-Lobato" (steam64id="76561198158375860" pos=<11091.6, 35.24, 8428.47>) ToggleTentOpen PartyTent_Blue
20:30:02: Player "[YKZ]-Lobato" (steam64id="76561198158375860" pos=<11090.9, 35.24, 8428.8>) ToggleTentOpen PartyTent_Blue
20:31:29: Player "[YKZ]-Lobato" (steam64id="76561198158375860" pos=<11092.6, 35.24, 8428.92>) ToggleTentOpen PartyTent_Blue
