00:29:37: Player "Raemi" (steam64id="76561198048467587" pos=<10078.3, 4.54, 14504.9>) ToggleTentOpen PartyTent_Brown
00:29:39: Player "Raemi" (steam64id="76561198048467587" pos=<10078.3, 4.54, 14504.9>) ToggleTentOpen PartyTent_Brown
10:39:51: Player "GabrielDWR" (steam64id="76561199012612653" pos=<11846.7, 19.75, 7273.53>) ToggleTentOpen PartyTent_Brown
10:39:52: Player "GabrielDWR" (steam64id="76561199012612653" pos=<11846.7, 19.75, 7273.53>) ToggleTentOpen PartyTent_Brown
10:40:02: Player "GabrielDWR" (steam64id="76561199012612653" pos=<11843.2, 19.80, 7268.27>) ToggleTentOpen PartyTent_Brown
10:40:03: Player "GabrielDWR" (steam64id="76561199012612653" pos=<11843.2, 19.80, 7268.27>) ToggleTentOpen PartyTent_Brown
10:42:06: Player "GabrielDWR" (steam64id="76561199012612653" pos=<11840, 19.80, 7270.55>) ToggleTentOpen PartyTent_Brown
10:42:08: Player "GabrielDWR" (steam64id="76561199012612653" pos=<11840.7, 19.80, 7270.75>) ToggleTentOpen PartyTent_Brown
10:42:09: Player "GabrielDWR" (steam64id="76561199012612653" pos=<11841.7, 19.80, 7271.25>) ToggleTentOpen PartyTent_Brown
11:26:37: Player "[YKZ]-Lobato" (steam64id="76561198158375860" pos=<11091.8, 35.24, 8429.39>) ToggleTentOpen PartyTent_Blue
11:26:39: Player "[YKZ]-Lobato" (steam64id="76561198158375860" pos=<11092, 35.24, 8429.04>) ToggleTentOpen PartyTent_Blue
11:27:39: Player "[YKZ]-Lobato" (steam64id="76561198158375860" pos=<11090.1, 35.24, 8431.82>) ToggleTentOpen PartyTent_Blue
11:27:41: Player "[YKZ]-Lobato" (steam64id="76561198158375860" pos=<11090.1, 35.24, 8431.82>) ToggleTentOpen PartyTent_Blue
11:45:16: Player "GabrielDWR" (steam64id="76561199012612653" pos=<11842.6, 19.80, 7268.6>) ToggleTentOpen PartyTent_Brown
11:45:17: Player "GabrielDWR" (steam64id="76561199012612653" pos=<11842, 19.80, 7268.1>) ToggleTentOpen PartyTent_Brown
11:45:19: Player "GabrielDWR" (steam64id="76561199012612653" pos=<11840.2, 19.80, 7267.91>) ToggleTentOpen PartyTent_Brown
11:52:49: Player "[YKZ]-Lobato" (steam64id="76561198158375860" pos=<11091.1, 35.24, 8429.94>) ToggleTentOpen PartyTent_Blue
11:52:51: Player "[YKZ]-Lobato" (steam64id="76561198158375860" pos=<11091.3, 35.24, 8429.67>) ToggleTentOpen PartyTent_Blue
11:52:54: Player "[YKZ]-Lobato" (steam64id="76561198158375860" pos=<11090.8, 35.24, 8422.05>) ToggleTentOpen PartyTent_Brown
11:56:23: Player "[YKZ]-Lobato" (steam64id="76561198158375860" pos=<11078.7, 4.25, 8426.84>) ToggleTentOpen PartyTent
11:56:26: Player "[YKZ]-Lobato" (steam64id="76561198158375860" pos=<11078.7, 4.25, 8426.84>) ToggleTentOpen PartyTent
12:13:43: Player "GabrielDWR" (steam64id="76561199012612653" pos=<11841.6, 19.80, 7269.44>) ToggleTentOpen PartyTent_Brown
12:13:45: Player "GabrielDWR" (steam64id="76561199012612653" pos=<11841.6, 19.80, 7269.44>) ToggleTentOpen PartyTent_Brown
12:15:49: Player "GabrielDWR" (steam64id="76561199012612653" pos=<11841.9, 19.80, 7269.8>) ToggleTentOpen PartyTent_Brown
12:15:50: Player "GabrielDWR" (steam64id="76561199012612653" pos=<11842.1, 19.80, 7268.89>) ToggleTentOpen PartyTent_Brown
12:16:33: Player "GabrielDWR" (steam64id="76561199012612653" pos=<11841.9, 19.80, 7269.33>) ToggleTentOpen PartyTent_Brown
12:16:35: Player "GabrielDWR" (steam64id="76561199012612653" pos=<11841.9, 19.80, 7269.33>) ToggleTentOpen PartyTent_Brown
12:17:18: Player "GabrielDWR" (steam64id="76561199012612653" pos=<11842.4, 19.80, 7268.52>) ToggleTentOpen PartyTent_Brown
12:17:19: Player "GabrielDWR" (steam64id="76561199012612653" pos=<11842.4, 19.80, 7268.52>) ToggleTentOpen PartyTent_Brown
12:17:21: Player "GabrielDWR" (steam64id="76561199012612653" pos=<11842.4, 19.80, 7268.52>) ToggleTentOpen PartyTent_Brown
12:17:22: Player "GabrielDWR" (steam64id="76561199012612653" pos=<11839.2, 19.80, 7267.55>) ToggleTentOpen PartyTent_Brown
12:17:25: Player "GabrielDWR" (steam64id="76561199012612653" pos=<11836, 19.80, 7270.22>) ToggleTentOpen PartyTent_Brown
12:17:27: Player "GabrielDWR" (steam64id="76561199012612653" pos=<11836.3, 19.80, 7269>) ToggleTentOpen PartyTent_Brown
12:17:31: Player "GabrielDWR" (steam64id="76561199012612653" pos=<11836.4, 19.80, 7268.9>) ToggleTentOpen PartyTent_Brown
12:17:33: Player "GabrielDWR" (steam64id="76561199012612653" pos=<11838.1, 19.80, 7268.17>) ToggleTentOpen PartyTent_Brown
12:17:34: Player "GabrielDWR" (steam64id="76561199012612653" pos=<11839.4, 19.80, 7268.16>) ToggleTentOpen PartyTent_Brown
12:17:37: Player "GabrielDWR" (steam64id="76561199012612653" pos=<11839.7, 19.80, 7268.56>) ToggleTentOpen PartyTent_Brown
12:17:41: Player "GabrielDWR" (steam64id="76561199012612653" pos=<11839.8, 19.80, 7270.76>) ToggleTentOpen PartyTent_Brown
12:17:46: Player "GabrielDWR" (steam64id="76561199012612653" pos=<11839.5, 19.80, 7270.83>) ToggleTentOpen PartyTent_Brown
12:17:57: Player "GabrielDWR" (steam64id="76561199012612653" pos=<11840.7, 19.80, 7268.29>) ToggleTentOpen PartyTent_Brown
12:18:03: Player "GabrielDWR" (steam64id="76561199012612653" pos=<11839.4, 19.80, 7267.95>) ToggleTentOpen PartyTent_Brown
12:18:12: Player "GabrielDWR" (steam64id="76561199012612653" pos=<11838.7, 19.80, 7270.12>) ToggleTentOpen PartyTent_Brown
12:18:15: Player "GabrielDWR" (steam64id="76561199012612653" pos=<11841.8, 19.80, 7267.62>) ToggleTentOpen PartyTent_Brown
13:20:48: Player "[YKZ]-BlackBear" (steam64id="76561198343030820" pos=<11091.2, 35.24, 8421.23>) ToggleTentOpen PartyTent_Brown
13:20:50: Player "[YKZ]-BlackBear" (steam64id="76561198343030820" pos=<11092.3, 35.24, 8422.5>) ToggleTentOpen PartyTent_Brown
13:22:29: Player "[YKZ]-BlackBear" (steam64id="76561198343030820" pos=<11091.5, 35.64, 8428.66>) ToggleTentOpen PartyTent_Blue
13:22:30: Player "[YKZ]-BlackBear" (steam64id="76561198343030820" pos=<11091.5, 35.64, 8428.66>) ToggleTentOpen PartyTent_Blue
13:22:52: Player "[YKZ]-BlackBear" (steam64id="76561198343030820" pos=<11089.2, 35.24, 8433.43>) ToggleTentOpen PartyTent_Blue
13:23:20: Player "[YKZ]-BlackBear" (steam64id="76561198343030820" pos=<11092.7, 35.24, 8423.24>) ToggleTentOpen PartyTent_Brown
13:26:42: Player "[YKZ]-BlackBear" (steam64id="76561198343030820" pos=<11088.6, 35.24, 8428.63>) ToggleTentOpen PartyTent_Blue
13:26:58: Player "[YKZ]-BlackBear" (steam64id="76561198343030820" pos=<11088.8, 35.24, 8429.66>) ToggleTentOpen PartyTent_Blue
13:27:10: Player "[YKZ]-BlackBear" (steam64id="76561198343030820" pos=<11092.5, 35.24, 8422.85>) ToggleTentOpen PartyTent_Brown
13:27:23: Player "[YKZ]-BlackBear" (steam64id="76561198343030820" pos=<11092.9, 35.24, 8422.79>) ToggleTentOpen PartyTent_Brown
13:27:26: Player "[YKZ]-BlackBear" (steam64id="76561198343030820" pos=<11090.9, 35.24, 8421.73>) ToggleTentOpen PartyTent_Brown
13:45:30: Player "[YKZ]-BlackBear" (steam64id="76561198343030820" pos=<11090.5, 35.24, 8420.9>) ToggleTentOpen PartyTent_Brown
13:45:58: Player "[YKZ]-BlackBear" (steam64id="76561198343030820" pos=<11093.2, 35.24, 8426.41>) ToggleTentOpen PartyTent_Blue
13:45:59: Player "[YKZ]-BlackBear" (steam64id="76561198343030820" pos=<11093.2, 35.24, 8426.41>) ToggleTentOpen PartyTent_Blue
13:49:12: Player "[YKZ]-BlackBear" (steam64id="76561198343030820" pos=<11089, 35.24, 8433.61>) ToggleTentOpen PartyTent_Blue
13:49:16: Player "[YKZ]-BlackBear" (steam64id="76561198343030820" pos=<11091.6, 35.24, 8428.93>) ToggleTentOpen PartyTent_Blue
13:49:32: Player "[YKZ]-BlackBear" (steam64id="76561198343030820" pos=<11092.7, 35.24, 8423.38>) ToggleTentOpen PartyTent_Brown
13:50:05: Player "[YKZ]-BlackBear" (steam64id="76561198343030820" pos=<11092.3, 35.24, 8422.93>) ToggleTentOpen PartyTent_Brown
13:52:06: Player "[YKZ]-BlackBear" (steam64id="76561198343030820" pos=<11094.3, 31.61, 8425.08>) ToggleTentOpen PartyTent_Brown
13:52:09: Player "[YKZ]-BlackBear" (steam64id="76561198343030820" pos=<11094.3, 31.61, 8425.08>) ToggleTentOpen PartyTent_Brown
14:25:06: Player "[YKZ]-Lobato" (steam64id="76561198158375860" pos=<11091.8, 35.24, 8428.86>) ToggleTentOpen PartyTent_Blue
14:27:18: Player "[YKZ]-Lobato" (steam64id="76561198158375860" pos=<11090.9, 35.24, 8429.74>) ToggleTentOpen PartyTent_Blue
14:27:20: Player "[YKZ]-Lobato" (steam64id="76561198158375860" pos=<11091, 35.24, 8429.52>) ToggleTentOpen PartyTent_Blue
15:01:36: Player "[YKZ]-Lobato" (steam64id="76561198158375860" pos=<11092, 35.24, 8428.72>) ToggleTentOpen PartyTent_Blue
15:01:36: Player "[YKZ]-Lobato" (steam64id="76561198158375860" pos=<11091.8, 35.24, 8429.05>) ToggleTentOpen PartyTent_Blue
