00:31:29: Player "TripaSeca" (steam64id="76561198093060507" pos=<7619.9, 13.22, 9784.66>) ToggleTentOpen PartyTent_Brown
00:31:33: Player "TripaSeca" (steam64id="76561198093060507" pos=<7620.54, 13.22, 9783.22>) ToggleTentOpen PartyTent_Brown
00:40:40: Player "Biel FxR" (steam64id="76561198050836260" pos=<7624.07, 13.22, 9782.89>) ToggleTentOpen PartyTent_Brown
00:54:57: Player "[YKZ]-Lobato" (steam64id="76561198158375860" pos=<11090.4, 35.24, 8428.26>) ToggleTentOpen PartyTent_Blue
00:58:17: Player "[YKZ]-Lobato" (steam64id="76561198158375860" pos=<11092.1, 35.24, 8428.75>) ToggleTentOpen PartyTent_Blue
01:00:05: Player "[YKZ]-Lobato" (steam64id="76561198158375860" pos=<11090.4, 35.24, 8428.54>) ToggleTentOpen PartyTent_Blue
01:03:14: Player "[YKZ]-Lobato" (steam64id="76561198158375860" pos=<11091.7, 35.24, 8429.25>) ToggleTentOpen PartyTent_Blue
01:05:46: Player "[YKZ]-Lobato" (steam64id="76561198158375860" pos=<11090.7, 35.24, 8428.77>) ToggleTentOpen PartyTent_Blue
01:06:34: Player "[YKZ]-Lobato" (steam64id="76561198158375860" pos=<11091.1, 35.24, 8428.43>) ToggleTentOpen PartyTent_Blue
01:08:33: Player "[YKZ]-Lobato" (steam64id="76561198158375860" pos=<11090.8, 35.24, 8428.22>) ToggleTentOpen PartyTent_Blue
01:11:46: Player "[YKZ]-Lobato" (steam64id="76561198158375860" pos=<11089.8, 35.24, 8432.67>) ToggleTentOpen PartyTent_Blue
01:11:48: Player "[YKZ]-Lobato" (steam64id="76561198158375860" pos=<11090, 35.24, 8432.01>) ToggleTentOpen PartyTent_Blue
01:19:28: Player "[YKZ]-Lobato" (steam64id="76561198158375860" pos=<11092.1, 35.24, 8429.28>) ToggleTentOpen PartyTent_Blue
01:24:32: Player "[YKZ]-BlackBear" (steam64id="76561198343030820" pos=<11091.3, 35.24, 8428.81>) ToggleTentOpen PartyTent_Blue
01:24:43: Player "[YKZ]-BlackBear" (steam64id="76561198343030820" pos=<11091.8, 35.24, 8428.67>) ToggleTentOpen PartyTent_Blue
01:25:35: Player "[YKZ]-Lobato" (steam64id="76561198158375860" pos=<11092.1, 35.24, 8429.21>) ToggleTentOpen PartyTent_Blue
01:25:43: Player "[YKZ]-Lobato" (steam64id="76561198158375860" pos=<11091.2, 35.24, 8427.85>) ToggleTentOpen PartyTent_Blue
01:26:51: Player "[YKZ]-Lobato" (steam64id="76561198158375860" pos=<11091.4, 35.24, 8428.83>) ToggleTentOpen PartyTent_Blue
01:29:01: Player "Vinicin" (steam64id="76561198056890776" pos=<11091.1, 35.24, 8431.04>) ToggleTentOpen PartyTent_Blue
01:29:06: Player "Vinicin" (steam64id="76561198056890776" pos=<11090.2, 35.24, 8430.42>) ToggleTentOpen PartyTent_Blue
01:29:09: Player "Vinicin" (steam64id="76561198056890776" pos=<11088.1, 35.70, 8433.72>) ToggleTentOpen PartyTent_Blue
01:29:10: Player "Vinicin" (steam64id="76561198056890776" pos=<11088.2, 35.70, 8433.51>) ToggleTentOpen PartyTent_Blue
01:29:14: Player "Vinicin" (steam64id="76561198056890776" pos=<11088.2, 35.70, 8432.85>) ToggleTentOpen PartyTent_Blue
01:29:41: Player "[YKZ]-Lobato" (steam64id="76561198158375860" pos=<11088.4, 35.70, 8433.64>) ToggleTentOpen PartyTent_Blue
01:34:36: Player "[YKZ]-Lobato" (steam64id="76561198158375860" pos=<11091.2, 35.24, 8428.51>) ToggleTentOpen PartyTent_Blue
03:21:30: Player "Vinicin" (steam64id="76561198056890776" pos=<11091.5, 35.24, 8428.72>) ToggleTentOpen PartyTent_Blue
03:22:19: Player "Vinicin" (steam64id="76561198056890776" pos=<11089.4, 35.24, 8432.87>) ToggleTentOpen PartyTent_Blue
03:22:22: Player "Vinicin" (steam64id="76561198056890776" pos=<11090.1, 35.24, 8433.19>) ToggleTentOpen PartyTent_Blue
03:32:19: Player "[YKZ]-Lobato" (steam64id="76561198158375860" pos=<11089.3, 35.24, 8432.71>) ToggleTentOpen PartyTent_Blue
03:32:23: Player "[YKZ]-Lobato" (steam64id="76561198158375860" pos=<11089.3, 35.24, 8432.71>) ToggleTentOpen PartyTent_Blue
03:35:02: Player "[YKZ]-Lobato" (steam64id="76561198158375860" pos=<11086.8, 36.04, 8432.85>) ToggleTentOpen PartyTent_Blue
03:35:10: Player "[YKZ]-Lobato" (steam64id="76561198158375860" pos=<11086.3, 36.04, 8432.73>) ToggleTentOpen PartyTent_Blue
03:37:56: Player "Vinicin" (steam64id="76561198056890776" pos=<11090.1, 35.24, 8430.53>) ToggleTentOpen PartyTent_Blue
03:38:48: Player "Vinicin" (steam64id="76561198056890776" pos=<11090.7, 35.24, 8430.98>) ToggleTentOpen PartyTent_Blue
03:48:58: Player "[YKZ]-BlackBear" (steam64id="76561198343030820" pos=<11093.5, 35.24, 8426.58>) ToggleTentOpen PartyTent_Blue
03:49:10: Player "[YKZ]-BlackBear" (steam64id="76561198343030820" pos=<11093.5, 35.24, 8426.2>) ToggleTentOpen PartyTent_Blue
03:49:27: Player "Vinicin" (steam64id="76561198056890776" pos=<11091.8, 35.24, 8428.86>) ToggleTentOpen PartyTent_Blue
03:49:31: Player "[YKZ]-BlackBear" (steam64id="76561198343030820" pos=<11089.3, 35.24, 8427.32>) ToggleTentOpen PartyTent_Blue
03:49:34: Player "[YKZ]-BlackBear" (steam64id="76561198343030820" pos=<11093.2, 35.24, 8426.75>) ToggleTentOpen PartyTent_Blue
03:49:37: Player "Vinicin" (steam64id="76561198056890776" pos=<11090.8, 35.24, 8431.34>) ToggleTentOpen PartyTent_Blue
03:49:41: Player "Vinicin" (steam64id="76561198056890776" pos=<11090.9, 35.24, 8431.4>) ToggleTentOpen PartyTent_Blue
03:49:43: Player "Vinicin" (steam64id="76561198056890776" pos=<11091, 35.24, 8430.96>) ToggleTentOpen PartyTent_Blue
03:49:44: Player "Vinicin" (steam64id="76561198056890776" pos=<11091, 35.24, 8430.96>) ToggleTentOpen PartyTent_Blue
03:49:47: Player "Vinicin" (steam64id="76561198056890776" pos=<11091, 35.24, 8430.96>) ToggleTentOpen PartyTent_Blue
03:49:49: Player "Vinicin" (steam64id="76561198056890776" pos=<11091, 35.24, 8430.96>) ToggleTentOpen PartyTent_Blue
03:49:51: Player "Vinicin" (steam64id="76561198056890776" pos=<11091.1, 35.24, 8429.17>) ToggleTentOpen PartyTent_Blue
03:51:33: Player "[YKZ]-Lobato" (steam64id="76561198158375860" pos=<11094.4, 35.24, 8425.04>) ToggleTentOpen PartyTent_Blue
03:51:42: Player "Vinicin" (steam64id="76561198056890776" pos=<11093.2, 35.72, 8426.45>) ToggleTentOpen PartyTent_Blue
03:51:46: Player "[YKZ]-BlackBear" (steam64id="76561198343030820" pos=<11093.7, 35.24, 8426.95>) ToggleTentOpen PartyTent_Blue
03:51:46: Player "[YKZ]-Lobato" (steam64id="76561198158375860" pos=<11093.7, 35.24, 8423.98>) ToggleTentOpen PartyTent_Blue
03:51:46: Player "Vinicin" (steam64id="76561198056890776" pos=<11089.1, 35.71, 8432.6>) ToggleTentOpen PartyTent_Blue
03:51:47: Player "[YKZ]-BlackBear" (steam64id="76561198343030820" pos=<11094, 35.24, 8426.1>) ToggleTentOpen PartyTent_Blue
03:51:52: Player "[YKZ]-Lobato" (steam64id="76561198158375860" pos=<11089.4, 35.24, 8432.49>) ToggleTentOpen PartyTent_Blue
03:54:33: Player "Vinicin" (steam64id="76561198056890776" pos=<11090.9, 35.24, 8430.55>) ToggleTentOpen PartyTent_Blue
03:54:35: Player "Vinicin" (steam64id="76561198056890776" pos=<11090.8, 35.24, 8430.92>) ToggleTentOpen PartyTent_Blue
03:54:44: Player "[YKZ]-BlackBear" (steam64id="76561198343030820" pos=<11094, 35.24, 8426.07>) ToggleTentOpen PartyTent_Blue
03:54:46: Player "[YKZ]-BlackBear" (steam64id="76561198343030820" pos=<11093.2, 35.24, 8425.43>) ToggleTentOpen PartyTent_Blue
03:54:49: Player "[YKZ]-BlackBear" (steam64id="76561198343030820" pos=<11094.2, 35.24, 8424.9>) ToggleTentOpen PartyTent_Blue
03:55:04: Player "Vinicin" (steam64id="76561198056890776" pos=<11090.6, 35.24, 8430.72>) ToggleTentOpen PartyTent_Blue
03:55:06: Player "Vinicin" (steam64id="76561198056890776" pos=<11089, 35.24, 8429.03>) ToggleTentOpen PartyTent_Blue
03:55:08: Player "Vinicin" (steam64id="76561198056890776" pos=<11088.4, 35.24, 8428.75>) ToggleTentOpen PartyTent_Blue
03:55:09: Player "Vinicin" (steam64id="76561198056890776" pos=<11090.7, 35.24, 8430.75>) ToggleTentOpen PartyTent_Blue
03:55:38: Player "Vinicin" (steam64id="76561198056890776" pos=<11090.8, 35.24, 8430.84>) ToggleTentOpen PartyTent_Blue
03:55:40: Player "Vinicin" (steam64id="76561198056890776" pos=<11090.7, 35.24, 8431.11>) ToggleTentOpen PartyTent_Blue
03:55:50: Player "[YKZ]-Lobato" (steam64id="76561198158375860" pos=<11093.6, 35.24, 8425.84>) ToggleTentOpen PartyTent_Blue
03:57:43: Player "[YKZ]-BlackBear" (steam64id="76561198343030820" pos=<11093.4, 35.24, 8426.62>) ToggleTentOpen PartyTent_Blue
03:57:45: Player "[YKZ]-Lobato" (steam64id="76561198158375860" pos=<11091, 35.24, 8424.68>) ToggleTentOpen PartyTent_Blue
03:58:26: Player "[YKZ]-Lobato" (steam64id="76561198158375860" pos=<11093.4, 35.24, 8427.31>) ToggleTentOpen PartyTent_Blue
03:58:33: Player "Vinicin" (steam64id="76561198056890776" pos=<11094.4, 35.24, 8424.66>) ToggleTentOpen PartyTent_Blue
04:05:21: Player "[YKZ]-Lobato" (steam64id="76561198158375860" pos=<11094, 35.24, 8424.09>) ToggleTentOpen PartyTent_Blue
04:05:35: Player "[YKZ]-Lobato" (steam64id="76561198158375860" pos=<11093.5, 35.24, 8424.03>) ToggleTentOpen PartyTent_Blue
04:06:48: Player "[YKZ]-Lobato" (steam64id="76561198158375860" pos=<11094.4, 35.24, 8425.54>) ToggleTentOpen PartyTent_Blue
04:47:21: Player "General2323" (steam64id="76561198300843847" pos=<11045.2, 8.40, 8514.82>) ToggleTentOpen PartyTent
04:59:49: Player "[YKZ]-Lobato" (steam64id="76561198158375860" pos=<11094.4, 35.24, 8425.28>) ToggleTentOpen PartyTent_Blue
05:03:12: Player "[YKZ]-Lobato" (steam64id="76561198158375860" pos=<11088.9, 35.24, 8433.64>) ToggleTentOpen PartyTent_Blue
05:03:16: Player "[YKZ]-Lobato" (steam64id="76561198158375860" pos=<11088.9, 35.24, 8433.5>) ToggleTentOpen PartyTent_Blue
05:09:41: Player "[YKZ]-Lobato" (steam64id="76561198158375860" pos=<11094, 35.24, 8423.78>) ToggleTentOpen PartyTent_Blue
05:10:10: Player "[YKZ]-Lobato" (steam64id="76561198158375860" pos=<11093.5, 35.24, 8424.46>) ToggleTentOpen PartyTent_Blue
06:02:44: Player "[YKZ]-Lobato" (steam64id="76561198158375860" pos=<11093.5, 35.24, 8426.65>) ToggleTentOpen PartyTent_Blue
06:02:45: Player "[YKZ]-Lobato" (steam64id="76561198158375860" pos=<11093.5, 35.24, 8425.75>) ToggleTentOpen PartyTent_Blue
06:02:52: Player "[YKZ]-Lobato" (steam64id="76561198158375860" pos=<11093.9, 35.24, 8426.91>) ToggleTentOpen PartyTent_Blue
06:02:57: Player "[YKZ]-Lobato" (steam64id="76561198158375860" pos=<11089.8, 35.24, 8431.57>) ToggleTentOpen PartyTent_Blue
06:02:58: Player "[YKZ]-Lobato" (steam64id="76561198158375860" pos=<11089.8, 35.24, 8431.57>) ToggleTentOpen PartyTent_Blue
06:02:59: Player "[YKZ]-Lobato" (steam64id="76561198158375860" pos=<11090.2, 35.24, 8430.99>) ToggleTentOpen PartyTent_Blue
06:03:00: Player "[YKZ]-Lobato" (steam64id="76561198158375860" pos=<11090.2, 35.24, 8430.99>) ToggleTentOpen PartyTent_Blue
06:03:02: Player "[YKZ]-Lobato" (steam64id="76561198158375860" pos=<11091.3, 35.24, 8431.44>) ToggleTentOpen PartyTent_Blue
06:03:03: Player "[YKZ]-Lobato" (steam64id="76561198158375860" pos=<11091.3, 35.24, 8431.44>) ToggleTentOpen PartyTent_Blue
06:03:05: Player "[YKZ]-Lobato" (steam64id="76561198158375860" pos=<11091.2, 35.24, 8430.83>) ToggleTentOpen PartyTent_Blue
06:03:09: Player "[YKZ]-Lobato" (steam64id="76561198158375860" pos=<11091, 35.24, 8431.4>) ToggleTentOpen PartyTent_Blue
06:03:36: Player "[YKZ]-Lobato" (steam64id="76561198158375860" pos=<11089.5, 35.24, 8432.42>) ToggleTentOpen PartyTent_Blue
06:03:38: Player "[YKZ]-Lobato" (steam64id="76561198158375860" pos=<11089.5, 35.24, 8431.97>) ToggleTentOpen PartyTent_Blue
12:50:34: Player "[YKZ]-Lobato" (steam64id="76561198158375860" pos=<11091, 35.24, 8431.35>) ToggleTentOpen PartyTent_Blue
12:50:35: Player "[YKZ]-Lobato" (steam64id="76561198158375860" pos=<11091, 35.24, 8431.35>) ToggleTentOpen PartyTent_Blue
12:50:37: Player "[YKZ]-Lobato" (steam64id="76561198158375860" pos=<11091.8, 35.24, 8430.13>) ToggleTentOpen PartyTent_Blue
12:50:39: Player "[YKZ]-Lobato" (steam64id="76561198158375860" pos=<11091.9, 35.24, 8429.65>) ToggleTentOpen PartyTent_Blue
12:50:41: Player "[YKZ]-Lobato" (steam64id="76561198158375860" pos=<11092.9, 35.24, 8426.32>) ToggleTentOpen PartyTent_Blue
12:50:42: Player "[YKZ]-Lobato" (steam64id="76561198158375860" pos=<11094.2, 35.24, 8425.81>) ToggleTentOpen PartyTent_Blue
12:50:45: Player "[YKZ]-Lobato" (steam64id="76561198158375860" pos=<11093, 35.24, 8425.65>) ToggleTentOpen PartyTent_Blue
12:50:49: Player "[YKZ]-Lobato" (steam64id="76561198158375860" pos=<11094.3, 35.24, 8424.41>) ToggleTentOpen PartyTent_Blue
13:16:15: Player "[YKZ]-BlackBear" (steam64id="76561198343030820" pos=<11094.1, 35.24, 8424.3>) ToggleTentOpen PartyTent_Blue
13:17:22: Player "[YKZ]-BlackBear" (steam64id="76561198343030820" pos=<11092.1, 35.24, 8429.14>) ToggleTentOpen PartyTent_Blue
13:17:24: Player "[YKZ]-BlackBear" (steam64id="76561198343030820" pos=<11092.1, 35.24, 8429.14>) ToggleTentOpen PartyTent_Blue
13:29:09: Player "[YKZ]-BlackBear" (steam64id="76561198343030820" pos=<11094.4, 35.24, 8424.54>) ToggleTentOpen PartyTent_Brown
13:29:12: Player "[YKZ]-BlackBear" (steam64id="76561198343030820" pos=<11094.7, 35.69, 8423.7>) ToggleTentOpen PartyTent_Brown
13:29:14: Player "[YKZ]-BlackBear" (steam64id="76561198343030820" pos=<11092.9, 35.24, 8422.97>) ToggleTentOpen PartyTent_Brown
13:31:46: Player "[YKZ]-BlackBear" (steam64id="76561198343030820" pos=<11092.5, 35.24, 8422.79>) ToggleTentOpen PartyTent_Brown
13:33:55: Player "[YKZ]-BlackBear" (steam64id="76561198343030820" pos=<11092.9, 35.24, 8423.16>) ToggleTentOpen PartyTent_Brown
13:34:33: Player "[YKZ]-BlackBear" (steam64id="76561198343030820" pos=<11092.5, 35.24, 8423.13>) ToggleTentOpen PartyTent_Brown
13:34:35: Player "[YKZ]-BlackBear" (steam64id="76561198343030820" pos=<11091.1, 35.24, 8421.07>) ToggleTentOpen PartyTent_Brown
14:24:27: Player "[YKZ]-Lobato" (steam64id="76561198158375860" pos=<11090.6, 35.24, 8423.6>) ToggleTentOpen PartyTent_Brown
14:24:31: Player "[YKZ]-BlackBear" (steam64id="76561198343030820" pos=<11091.2, 35.24, 8424.15>) ToggleTentOpen PartyTent_Brown
14:24:33: Player "[YKZ]-BlackBear" (steam64id="76561198343030820" pos=<11092.7, 35.24, 8422.9>) ToggleTentOpen PartyTent_Brown
14:25:35: Player "[YKZ]-BlackBear" (steam64id="76561198343030820" pos=<11090.5, 35.24, 8421.26>) ToggleTentOpen PartyTent_Brown
14:27:48: Player "[YKZ]-BlackBear" (steam64id="76561198343030820" pos=<11090.4, 35.24, 8421.2>) ToggleTentOpen PartyTent_Brown
14:28:57: Player "[YKZ]-BlackBear" (steam64id="76561198343030820" pos=<11090.6, 35.24, 8420.74>) ToggleTentOpen PartyTent_Brown
14:33:00: Player "[YKZ]-Lobato" (steam64id="76561198158375860" pos=<11092.9, 35.24, 8423.34>) ToggleTentOpen PartyTent_Brown
14:33:02: Player "[YKZ]-Lobato" (steam64id="76561198158375860" pos=<11091.4, 35.24, 8420.25>) ToggleTentOpen PartyTent_Brown
14:45:25: Player "[YKZ]-Lobato" (steam64id="76561198158375860" pos=<11090.1, 35.24, 8421.1>) ToggleTentOpen PartyTent_Brown
14:49:32: Player "[YKZ]-BlackBear" (steam64id="76561198343030820" pos=<11091, 35.24, 8421.41>) ToggleTentOpen PartyTent_Brown
14:50:23: Player "[YKZ] Notsniw" (steam64id="76561197967151252" pos=<11090.9, 35.24, 8420.95>) ToggleTentOpen PartyTent_Brown
14:50:29: Player "[YKZ]-Lobato" (steam64id="76561198158375860" pos=<11090.9, 35.24, 8431.43>) ToggleTentOpen PartyTent_Blue
14:50:31: Player "[YKZ]-BlackBear" (steam64id="76561198343030820" pos=<11091.5, 35.24, 8429.82>) ToggleTentOpen PartyTent_Blue
14:50:38: Player "[YKZ]-Lobato" (steam64id="76561198158375860" pos=<11091, 35.24, 8431.36>) ToggleTentOpen PartyTent_Blue
14:50:46: Player "[YKZ]-BlackBear" (steam64id="76561198343030820" pos=<11091.3, 35.24, 8422.09>) ToggleTentOpen PartyTent_Brown
14:50:49: Player "[YKZ]-BlackBear" (steam64id="76561198343030820" pos=<11090.7, 35.24, 8421.03>) ToggleTentOpen PartyTent_Brown
14:51:06: Player "[YKZ] Notsniw" (steam64id="76561197967151252" pos=<11090.4, 35.24, 8421.07>) ToggleTentOpen PartyTent_Brown
14:53:04: Player "[YKZ]-Lobato" (steam64id="76561198158375860" pos=<11090.4, 35.24, 8431.45>) ToggleTentOpen PartyTent_Blue
14:53:55: Player "[YKZ]-Lobato" (steam64id="76561198158375860" pos=<11089, 35.24, 8433.62>) ToggleTentOpen PartyTent_Blue
14:53:57: Player "[YKZ]-Lobato" (steam64id="76561198158375860" pos=<11089, 35.24, 8433.62>) ToggleTentOpen PartyTent_Blue
14:54:05: Player "[YKZ]-Lobato" (steam64id="76561198158375860" pos=<11091.6, 35.24, 8430.22>) ToggleTentOpen PartyTent_Blue
14:54:06: Player "[YKZ]-Lobato" (steam64id="76561198158375860" pos=<11092.1, 35.24, 8429.34>) ToggleTentOpen PartyTent_Blue
14:54:09: Player "[YKZ]-Lobato" (steam64id="76561198158375860" pos=<11093, 35.24, 8422.75>) ToggleTentOpen PartyTent_Brown
14:54:11: Player "[YKZ]-Lobato" (steam64id="76561198158375860" pos=<11091.9, 35.24, 8420.46>) ToggleTentOpen PartyTent_Brown
15:04:22: Player "[YKZ]-BlackBear" (steam64id="76561198343030820" pos=<11090.3, 35.24, 8421.47>) ToggleTentOpen PartyTent_Brown
15:07:32: Player "[YKZ]-BlackBear" (steam64id="76561198343030820" pos=<11091.8, 35.24, 8429.25>) ToggleTentOpen PartyTent_Blue
15:07:33: Player "[YKZ]-BlackBear" (steam64id="76561198343030820" pos=<11091.6, 35.24, 8429.63>) ToggleTentOpen PartyTent_Blue
15:12:00: Player "[YKZ]-BlackBear" (steam64id="76561198343030820" pos=<11091.3, 35.24, 8429.75>) ToggleTentOpen PartyTent_Blue
15:12:08: Player "[YKZ]-BlackBear" (steam64id="76561198343030820" pos=<11093.8, 35.24, 8424.41>) ToggleTentOpen PartyTent_Brown
15:12:12: Player "[YKZ]-BlackBear" (steam64id="76561198343030820" pos=<11093.8, 35.24, 8424.41>) ToggleTentOpen PartyTent_Brown
15:12:33: Player "[YKZ]-BlackBear" (steam64id="76561198343030820" pos=<11092.7, 35.24, 8423.07>) ToggleTentOpen PartyTent_Brown
15:12:37: Player "[YKZ]-BlackBear" (steam64id="76561198343030820" pos=<11093.1, 35.24, 8426.42>) ToggleTentOpen PartyTent_Brown
15:31:41: Player "[YKZ]-Lobato" (steam64id="76561198158375860" pos=<11090.4, 35.24, 8421.05>) ToggleTentOpen PartyTent_Brown
15:31:43: Player "[YKZ]-Lobato" (steam64id="76561198158375860" pos=<11093.8, 35.24, 8424.25>) ToggleTentOpen PartyTent_Brown
15:31:45: Player "[YKZ]-Lobato" (steam64id="76561198158375860" pos=<11092.6, 35.24, 8423.01>) ToggleTentOpen PartyTent_Brown
15:32:37: Player "[YKZ]-Lobato" (steam64id="76561198158375860" pos=<11092.9, 35.24, 8423>) ToggleTentOpen PartyTent_Brown
15:32:39: Player "[YKZ]-Lobato" (steam64id="76561198158375860" pos=<11090.6, 35.24, 8422.01>) ToggleTentOpen PartyTent_Brown
15:32:55: Player "[YKZ]-Lobato" (steam64id="76561198158375860" pos=<11090, 35.24, 8421.88>) ToggleTentOpen PartyTent_Brown
15:32:58: Player "[YKZ]-Lobato" (steam64id="76561198158375860" pos=<11093, 35.24, 8422.6>) ToggleTentOpen PartyTent_Brown
15:33:25: Player "[YKZ]-Lobato" (steam64id="76561198158375860" pos=<11092, 35.24, 8428.32>) ToggleTentOpen PartyTent_Blue
15:33:31: Player "[YKZ]-Lobato" (steam64id="76561198158375860" pos=<11090.2, 35.24, 8430.39>) ToggleTentOpen PartyTent_Blue
15:33:43: Player "[YKZ]-Lobato" (steam64id="76561198158375860" pos=<11089.6, 35.24, 8433.17>) ToggleTentOpen PartyTent_Blue
15:33:51: Player "[YKZ]-Lobato" (steam64id="76561198158375860" pos=<11088.3, 35.70, 8433.35>) ToggleTentOpen PartyTent_Blue
15:34:01: Player "[YKZ]-Lobato" (steam64id="76561198158375860" pos=<11091.1, 35.24, 8430.53>) ToggleTentOpen PartyTent_Blue
15:34:03: Player "[YKZ]-Lobato" (steam64id="76561198158375860" pos=<11092, 35.24, 8429.38>) ToggleTentOpen PartyTent_Blue
15:34:05: Player "[YKZ]-Lobato" (steam64id="76561198158375860" pos=<11092, 35.24, 8429.38>) ToggleTentOpen PartyTent_Blue
15:34:07: Player "[YKZ]-Lobato" (steam64id="76561198158375860" pos=<11092, 35.24, 8429.38>) ToggleTentOpen PartyTent_Blue
15:34:10: Player "[YKZ]-Lobato" (steam64id="76561198158375860" pos=<11092, 35.24, 8429.38>) ToggleTentOpen PartyTent_Blue
15:34:28: Player "[YKZ]-Lobato" (steam64id="76561198158375860" pos=<11093.9, 35.24, 8425.11>) ToggleTentOpen PartyTent_Brown
15:34:30: Player "[YKZ]-Lobato" (steam64id="76561198158375860" pos=<11092.8, 35.24, 8423.06>) ToggleTentOpen PartyTent_Brown
15:34:33: Player "[YKZ]-Lobato" (steam64id="76561198158375860" pos=<11091, 35.24, 8421.63>) ToggleTentOpen PartyTent_Brown
15:38:07: Player "[YKZ]-Lobato" (steam64id="76561198158375860" pos=<11088.2, 36.04, 8431.07>) ToggleTentOpen PartyTent_Blue
15:38:13: Player "[YKZ]-Lobato" (steam64id="76561198158375860" pos=<11089.5, 35.24, 8432.16>) ToggleTentOpen PartyTent_Blue
15:38:35: Player "[YKZ]-Lobato" (steam64id="76561198158375860" pos=<11089.8, 35.24, 8432.4>) ToggleTentOpen PartyTent_Blue
15:39:04: Player "[YKZ]-Lobato" (steam64id="76561198158375860" pos=<11087.6, 36.04, 8431.49>) ToggleTentOpen PartyTent_Blue
15:41:47: Player "[YKZ]-Lobato" (steam64id="76561198158375860" pos=<11090.4, 35.24, 8421.68>) ToggleTentOpen PartyTent_Brown
15:41:48: Player "[YKZ]-Lobato" (steam64id="76561198158375860" pos=<11093.6, 35.24, 8424.01>) ToggleTentOpen PartyTent_Brown
15:41:51: Player "[YKZ]-Lobato" (steam64id="76561198158375860" pos=<11092.1, 35.24, 8428.76>) ToggleTentOpen PartyTent_Blue
15:41:52: Player "[YKZ]-Lobato" (steam64id="76561198158375860" pos=<11091.9, 35.24, 8429.05>) ToggleTentOpen PartyTent_Blue
15:45:27: Player "[YKZ]-Lobato" (steam64id="76561198158375860" pos=<11089.4, 35.24, 8432.9>) ToggleTentOpen PartyTent_Blue
15:45:49: Player "[YKZ]-Lobato" (steam64id="76561198158375860" pos=<11086.6, 35.24, 8431.26>) ToggleTentOpen PartyTent_Blue
15:48:54: Player "[YKZ]-Lobato" (steam64id="76561198158375860" pos=<11090.6, 35.24, 8426.2>) ToggleTentOpen PartyTent_Blue
15:48:56: Player "[YKZ]-Lobato" (steam64id="76561198158375860" pos=<11091.1, 35.24, 8426.22>) ToggleTentOpen PartyTent_Blue
15:48:57: Player "[YKZ]-BlackBear" (steam64id="76561198343030820" pos=<11093.6, 35.24, 8426.07>) ToggleTentOpen PartyTent_Blue
15:49:01: Player "[YKZ]-BlackBear" (steam64id="76561198343030820" pos=<11093.5, 35.24, 8426.18>) ToggleTentOpen PartyTent_Blue
16:48:30: Player "[YKZ]-Lobato" (steam64id="76561198158375860" pos=<11089.5, 35.24, 8431.86>) ToggleTentOpen PartyTent_Blue
16:48:33: Player "[YKZ]-Lobato" (steam64id="76561198158375860" pos=<11089.5, 35.24, 8431.86>) ToggleTentOpen PartyTent_Blue
16:48:36: Player "[YKZ]-Lobato" (steam64id="76561198158375860" pos=<11090, 35.24, 8431.07>) ToggleTentOpen PartyTent_Blue
16:49:03: Player "[YKZ]-BlackBear" (steam64id="76561198343030820" pos=<11091.9, 35.24, 8422.03>) ToggleTentOpen PartyTent_Brown
16:49:07: Player "[YKZ] Emissarius" (steam64id="76561198271087379" pos=<11093.6, 35.24, 8426.91>) ToggleTentOpen PartyTent_Brown
16:49:17: Player "[YKZ] Emissarius" (steam64id="76561198271087379" pos=<11093.9, 35.67, 8427.51>) ToggleTentOpen PartyTent_Brown
16:49:19: Player "[YKZ] Emissarius" (steam64id="76561198271087379" pos=<11092.8, 35.24, 8422.81>) ToggleTentOpen PartyTent_Brown
16:49:27: Player "[YKZ]-BlackBear" (steam64id="76561198343030820" pos=<11091.6, 35.24, 8429.1>) ToggleTentOpen PartyTent_Blue
16:49:28: Player "[YKZ]-Lobato" (steam64id="76561198158375860" pos=<11090.1, 35.24, 8431.48>) ToggleTentOpen PartyTent_Blue
16:49:33: Player "[YKZ]-BlackBear" (steam64id="76561198343030820" pos=<11092.2, 35.24, 8428.73>) ToggleTentOpen PartyTent_Blue
16:52:35: Player "[YKZ]-Lobato" (steam64id="76561198158375860" pos=<11090.5, 35.24, 8431.03>) ToggleTentOpen PartyTent_Blue
16:52:36: Player "[YKZ]-Lobato" (steam64id="76561198158375860" pos=<11090.5, 35.24, 8431.03>) ToggleTentOpen PartyTent_Blue
16:52:39: Player "[YKZ]-Lobato" (steam64id="76561198158375860" pos=<11091, 35.24, 8429.73>) ToggleTentOpen PartyTent_Blue
16:52:40: Player "[YKZ]-Lobato" (steam64id="76561198158375860" pos=<11091.2, 35.24, 8429.4>) ToggleTentOpen PartyTent_Blue
16:53:40: Player "[YKZ] Emissarius" (steam64id="76561198271087379" pos=<11092.9, 31.61, 8421.36>) ToggleTentOpen PartyTent
16:53:42: Player "[YKZ] Emissarius" (steam64id="76561198271087379" pos=<11091.6, 31.61, 8421.42>) ToggleTentOpen PartyTent
16:53:43: Player "[YKZ] Emissarius" (steam64id="76561198271087379" pos=<11090.5, 31.61, 8420.37>) ToggleTentOpen PartyTent
16:54:17: Player "[YKZ] Emissarius" (steam64id="76561198271087379" pos=<11090.4, 31.61, 8420.23>) ToggleTentOpen PartyTent
17:44:45: Player "[YKZ]-Lobato" (steam64id="76561198158375860" pos=<11091.8, 35.24, 8429.01>) ToggleTentOpen PartyTent_Blue
17:44:46: Player "[YKZ]-Lobato" (steam64id="76561198158375860" pos=<11091.8, 35.24, 8429.01>) ToggleTentOpen PartyTent_Blue
17:55:10: Player "[YKZ]-Lobato" (steam64id="76561198158375860" pos=<11091.6, 35.24, 8429.93>) ToggleTentOpen PartyTent_Blue
17:55:11: Player "[YKZ]-Lobato" (steam64id="76561198158375860" pos=<11092.5, 35.24, 8429.35>) ToggleTentOpen PartyTent_Blue
17:55:13: Player "[YKZ]-Lobato" (steam64id="76561198158375860" pos=<11094.4, 35.24, 8424.84>) ToggleTentOpen PartyTent_Blue
17:55:14: Player "[YKZ]-Lobato" (steam64id="76561198158375860" pos=<11092.1, 35.24, 8421.12>) ToggleTentOpen PartyTent_Brown
17:55:24: Player "[YKZ] Felps" (steam64id="76561198892779186" pos=<11090.8, 35.24, 8420.6>) ToggleTentOpen PartyTent_Brown
17:56:12: Player "[YKZ]-BlackBear" (steam64id="76561198343030820" pos=<11092.4, 35.24, 8422.88>) ToggleTentOpen PartyTent_Brown
17:56:22: Player "[YKZ]-BlackBear" (steam64id="76561198343030820" pos=<11094.7, 35.72, 8424.08>) ToggleTentOpen PartyTent_Blue
17:56:26: Player "[YKZ]-BlackBear" (steam64id="76561198343030820" pos=<11091.9, 35.24, 8423.27>) ToggleTentOpen PartyTent_Brown
17:56:31: Player "[YKZ]-BlackBear" (steam64id="76561198343030820" pos=<11092.3, 35.24, 8422.54>) ToggleTentOpen PartyTent_Brown
18:00:48: Player "[YKZ]-BlackBear" (steam64id="76561198343030820" pos=<11091.7, 35.24, 8428.67>) ToggleTentOpen PartyTent_Blue
18:00:50: Player "[YKZ]-BlackBear" (steam64id="76561198343030820" pos=<11091.7, 35.24, 8428.67>) ToggleTentOpen PartyTent_Blue
18:01:53: Player "[YKZ]-BlackBear" (steam64id="76561198343030820" pos=<11091.9, 35.24, 8422.62>) ToggleTentOpen PartyTent_Brown
18:02:57: Player "[YKZ]-BlackBear" (steam64id="76561198343030820" pos=<11091.3, 35.24, 8420.93>) ToggleTentOpen PartyTent_Brown
18:07:25: Player "[YKZ]-BlackBear" (steam64id="76561198343030820" pos=<11090.4, 35.24, 8421.08>) ToggleTentOpen PartyTent_Brown
18:10:01: Player "[YKZ]-Lobato" (steam64id="76561198158375860" pos=<11091.1, 35.24, 8429.51>) ToggleTentOpen PartyTent_Blue
18:10:03: Player "[YKZ]-Lobato" (steam64id="76561198158375860" pos=<11091.6, 35.24, 8429.37>) ToggleTentOpen PartyTent_Blue
18:10:07: Player "[YKZ]-Lobato" (steam64id="76561198158375860" pos=<11091.7, 35.24, 8429.99>) ToggleTentOpen PartyTent_Blue
18:10:08: Player "[YKZ]-Lobato" (steam64id="76561198158375860" pos=<11091.7, 35.24, 8429.99>) ToggleTentOpen PartyTent_Blue
18:11:28: Player "[YKZ]-Lobato" (steam64id="76561198158375860" pos=<11093.1, 35.24, 8423.28>) ToggleTentOpen PartyTent_Blue
18:12:12: Player "[YKZ]-Lobato" (steam64id="76561198158375860" pos=<11094.2, 35.24, 8423.82>) ToggleTentOpen PartyTent_Blue
18:12:14: Player "[YKZ]-BlackBear" (steam64id="76561198343030820" pos=<11094.5, 35.24, 8424.94>) ToggleTentOpen PartyTent_Brown
19:55:47: Player "[YKZ]-Lobato" (steam64id="76561198158375860" pos=<11093.1, 35.24, 8423.86>) ToggleTentOpen PartyTent_Brown
19:55:50: Player "[YKZ]-Lobato" (steam64id="76561198158375860" pos=<11093.9, 35.24, 8425.69>) ToggleTentOpen PartyTent_Brown
19:55:51: Player "[YKZ]-Lobato" (steam64id="76561198158375860" pos=<11093, 35.24, 8426.46>) ToggleTentOpen PartyTent_Blue
19:55:53: Player "[YKZ]-Lobato" (steam64id="76561198158375860" pos=<11092.2, 35.24, 8428.65>) ToggleTentOpen PartyTent_Blue
19:55:55: Player "[YKZ]-Lobato" (steam64id="76561198158375860" pos=<11091.6, 35.24, 8429.53>) ToggleTentOpen PartyTent_Blue
19:55:58: Player "[YKZ]-Lobato" (steam64id="76561198158375860" pos=<11091.2, 35.24, 8430.65>) ToggleTentOpen PartyTent_Blue
19:55:59: Player "[YKZ]-Lobato" (steam64id="76561198158375860" pos=<11091, 35.24, 8431.15>) ToggleTentOpen PartyTent_Blue
19:57:35: Player "[YKZ]-Lobato" (steam64id="76561198158375860" pos=<11090.2, 35.24, 8432.17>) ToggleTentOpen PartyTent_Blue
19:57:37: Player "[YKZ]-Lobato" (steam64id="76561198158375860" pos=<11089.9, 35.24, 8431.82>) ToggleTentOpen PartyTent_Blue
19:57:42: Player "[YKZ]-BlackBear" (steam64id="76561198343030820" pos=<11088.6, 35.24, 8429.32>) ToggleTentOpen PartyTent_Blue
19:57:59: Player "[YKZ]-BlackBear" (steam64id="76561198343030820" pos=<11089, 35.24, 8428.94>) ToggleTentOpen PartyTent_Blue
19:57:59: Player "[YKZ]-Lobato" (steam64id="76561198158375860" pos=<11090.7, 35.24, 8430.56>) ToggleTentOpen PartyTent_Blue
19:58:02: Player "[YKZ]-Lobato" (steam64id="76561198158375860" pos=<11090, 35.24, 8431.41>) ToggleTentOpen PartyTent_Blue
19:58:03: Player "[YKZ]-Lobato" (steam64id="76561198158375860" pos=<11090, 35.24, 8431.41>) ToggleTentOpen PartyTent_Blue
19:58:05: Player "[YKZ]-Lobato" (steam64id="76561198158375860" pos=<11090, 35.24, 8431.41>) ToggleTentOpen PartyTent_Blue
19:58:08: Player "[YKZ]-Lobato" (steam64id="76561198158375860" pos=<11089.6, 35.24, 8432.05>) ToggleTentOpen PartyTent_Blue
19:58:30: Player "[YKZ]-BlackBear" (steam64id="76561198343030820" pos=<11091.6, 35.24, 8421.56>) ToggleTentOpen PartyTent_Brown
20:02:24: Player "[YKZ] Notsniw" (steam64id="76561197967151252" pos=<11089, 35.24, 8433.6>) ToggleTentOpen PartyTent_Blue
20:02:28: Player "[YKZ] Notsniw" (steam64id="76561197967151252" pos=<11088.8, 35.24, 8433.7>) ToggleTentOpen PartyTent_Blue
20:05:22: Player "[YKZ]-Lobato" (steam64id="76561198158375860" pos=<11089.5, 35.24, 8431.61>) ToggleTentOpen PartyTent_Blue
20:06:21: Player "[YKZ]-BlackBear" (steam64id="76561198343030820" pos=<11090.6, 35.24, 8421.09>) ToggleTentOpen PartyTent_Brown
20:06:23: Player "[YKZ]-BlackBear" (steam64id="76561198343030820" pos=<11094, 35.24, 8424.53>) ToggleTentOpen PartyTent_Brown
20:06:24: Player "[YKZ]-BlackBear" (steam64id="76561198343030820" pos=<11094.2, 35.24, 8424.93>) ToggleTentOpen PartyTent_Blue
20:06:26: Player "[YKZ]-BlackBear" (steam64id="76561198343030820" pos=<11091.9, 35.24, 8428.98>) ToggleTentOpen PartyTent_Blue
20:06:28: Player "[YKZ]-BlackBear" (steam64id="76561198343030820" pos=<11091.7, 35.24, 8429.36>) ToggleTentOpen PartyTent_Blue
20:06:44: Player "[YKZ]-Lobato" (steam64id="76561198158375860" pos=<11090.6, 35.24, 8430.81>) ToggleTentOpen PartyTent_Blue
20:07:42: Player "[YKZ]-BlackBear" (steam64id="76561198343030820" pos=<11091.3, 35.24, 8429.36>) ToggleTentOpen PartyTent_Blue
20:08:12: Player "[YKZ]-Lobato" (steam64id="76561198158375860" pos=<11090.5, 35.24, 8431.05>) ToggleTentOpen PartyTent_Blue
20:08:14: Player "[YKZ]-Lobato" (steam64id="76561198158375860" pos=<11089, 35.24, 8433.82>) ToggleTentOpen PartyTent_Blue
20:08:15: Player "[YKZ]-Lobato" (steam64id="76561198158375860" pos=<11089, 35.24, 8433.82>) ToggleTentOpen PartyTent_Blue
20:10:13: Player "[YKZ]-BlackBear" (steam64id="76561198343030820" pos=<11091.3, 35.24, 8423.99>) ToggleTentOpen PartyTent_Brown
20:11:13: Player "[YKZ]-BlackBear" (steam64id="76561198343030820" pos=<11092.1, 35.24, 8422.9>) ToggleTentOpen PartyTent_Brown
20:17:13: Player "[YKZ]-Lobato" (steam64id="76561198158375860" pos=<11090.7, 35.24, 8430.82>) ToggleTentOpen PartyTent_Blue
20:35:11: Player "[YKZ]-Lobato" (steam64id="76561198158375860" pos=<11091.1, 35.24, 8429.57>) ToggleTentOpen PartyTent_Blue
20:35:12: Player "[YKZ]-Lobato" (steam64id="76561198158375860" pos=<11091.3, 35.24, 8429.32>) ToggleTentOpen PartyTent_Blue
20:35:16: Player "[YKZ]-Lobato" (steam64id="76561198158375860" pos=<11091, 35.24, 8420.94>) ToggleTentOpen PartyTent_Brown
20:50:02: Player "[YKZ] Emissarius" (steam64id="76561198271087379" pos=<11094.8, 35.24, 8421.65>) ToggleTentOpen PartyTent_Brown
20:50:06: Player "[YKZ] Emissarius" (steam64id="76561198271087379" pos=<11092.6, 35.68, 8419.93>) ToggleTentOpen PartyTent_Brown
20:50:07: Player "[YKZ] Emissarius" (steam64id="76561198271087379" pos=<11091, 35.24, 8420.37>) ToggleTentOpen PartyTent_Brown
21:13:49: Player "[YKZ]-BlackBear" (steam64id="76561198343030820" pos=<9564.44, 7.22, 9579.83>) ToggleTentOpen PartyTent_Blue
23:06:43: Player "[YKZ]-Lobato" (steam64id="76561198158375860" pos=<11091.9, 35.24, 8428.81>) ToggleTentOpen PartyTent_Blue
23:06:44: Player "[YKZ]-Lobato" (steam64id="76561198158375860" pos=<11091.7, 35.24, 8429.15>) ToggleTentOpen PartyTent_Blue
23:08:54: Player "[YKZ]-BlackBear" (steam64id="76561198343030820" pos=<11092.9, 35.24, 8423.19>) ToggleTentOpen PartyTent_Brown
23:17:54: Player "[YKZ]-Lobato" (steam64id="76561198158375860" pos=<11091.2, 35.24, 8429.74>) ToggleTentOpen PartyTent_Blue
23:17:58: Player "[YKZ]-Lobato" (steam64id="76561198158375860" pos=<11091.8, 35.24, 8429.04>) ToggleTentOpen PartyTent_Blue
23:18:02: Player "[YKZ]-Lobato" (steam64id="76561198158375860" pos=<11092.3, 35.24, 8422.16>) ToggleTentOpen PartyTent_Brown
23:21:00: Player "[YKZ]-Lobato" (steam64id="76561198158375860" pos=<11090.6, 35.24, 8421.47>) ToggleTentOpen PartyTent_Brown
23:22:50: Player "[YKZ]-BlackBear" (steam64id="76561198343030820" pos=<11091.9, 35.24, 8428.72>) ToggleTentOpen PartyTent_Blue
23:23:31: Player "[YKZ]-BlackBear" (steam64id="76561198343030820" pos=<11092.3, 35.24, 8422.63>) ToggleTentOpen PartyTent_Brown
23:23:34: Player "[YKZ]-BlackBear" (steam64id="76561198343030820" pos=<11090.8, 35.24, 8420.96>) ToggleTentOpen PartyTent_Brown
23:28:37: Player "[YKZ] Felps" (steam64id="76561198892779186" pos=<11084.3, 31.61, 8417.13>) ToggleTentOpen PartyTent
23:47:59: Player "[YKZ]-Lobato" (steam64id="76561198158375860" pos=<11090.8, 35.24, 8421.45>) ToggleTentOpen PartyTent_Brown
23:48:03: Player "[YKZ]-Lobato" (steam64id="76561198158375860" pos=<11092.5, 35.24, 8423.08>) ToggleTentOpen PartyTent_Brown
23:49:14: Player "[YKZ]-BlackBear" (steam64id="76561198343030820" pos=<11090.4, 35.24, 8421.75>) ToggleTentOpen PartyTent_Brown
23:49:34: Player "[YKZ]-Lobato" (steam64id="76561198158375860" pos=<11091.9, 35.24, 8428.67>) ToggleTentOpen PartyTent_Blue
23:54:20: Player "[YKZ]-Lobato" (steam64id="76561198158375860" pos=<11092.6, 35.24, 8422.78>) ToggleTentOpen PartyTent_Brown
23:54:24: Player "[YKZ]-Lobato" (steam64id="76561198158375860" pos=<11093.8, 35.24, 8426.38>) ToggleTentOpen PartyTent_Brown
23:54:25: Player "[YKZ]-Lobato" (steam64id="76561198158375860" pos=<11093.5, 35.24, 8426.88>) ToggleTentOpen PartyTent_Blue
23:54:32: Player "[YKZ]-BlackBear" (steam64id="76561198343030820" pos=<11093.9, 35.24, 8426.07>) ToggleTentOpen PartyTent_Blue
23:54:33: Player "[YKZ]-BlackBear" (steam64id="76561198343030820" pos=<11094.1, 35.24, 8426.09>) ToggleTentOpen PartyTent_Brown
23:54:48: Player "[YKZ]-BlackBear" (steam64id="76561198343030820" pos=<11092.8, 35.24, 8422.43>) ToggleTentOpen PartyTent_Brown
23:58:28: Player "[YKZ]-Lobato" (steam64id="76561198158375860" pos=<11091.7, 35.24, 8429.28>) ToggleTentOpen PartyTent_Blue
23:58:29: Player "[YKZ]-Lobato" (steam64id="76561198158375860" pos=<11091.7, 35.24, 8429.28>) ToggleTentOpen PartyTent_Blue
23:58:34: Player "[YKZ]-Lobato" (steam64id="76561198158375860" pos=<11090.9, 35.24, 8430.59>) ToggleTentOpen PartyTent_Blue
23:58:35: Player "[YKZ]-Lobato" (steam64id="76561198158375860" pos=<11090.6, 35.24, 8430.78>) ToggleTentOpen PartyTent_Blue
