00:02:46: Player "[YKZ]-Lobato" (steam64id="76561198158375860" pos=<10692.8, 4.41, 8446.11>) CloseFence
00:04:47: Player "[EB] pedrobala" (steam64id="76561198046653521" pos=<10676.2, 5.12, 8434>) CloseFence
00:06:14: Player "ttuker" (steam64id="76561198971813376" pos=<7395.72, 31.55, 8202.14>) CloseFence
00:06:43: Player "Duero" (steam64id="76561198259492425" pos=<7395.69, 31.55, 8202.29>) CloseFence
00:06:51: Player "Duero" (steam64id="76561198259492425" pos=<7399.73, 31.43, 8201.67>) CloseFence
00:08:53: Player "[EB] pedrobala" (steam64id="76561198046653521" pos=<10676.3, 5.10, 8434.8>) CloseFence
00:08:55: Player "[EB] pedrobala" (steam64id="76561198046653521" pos=<10686.1, 4.75, 8439.29>) CloseFence
00:08:57: Player "[EB] pedrobala" (steam64id="76561198046653521" pos=<10688.8, 4.60, 8442.31>) CloseFence
00:08:59: Player "[EB] pedrobala" (steam64id="76561198046653521" pos=<10692.4, 4.44, 8445.47>) CloseFence
00:09:19: Player "[EB] pedrobala" (steam64id="76561198046653521" pos=<10687.3, 4.41, 8451.46>) CloseFence
00:09:23: Player "[EB] pedrobala" (steam64id="76561198046653521" pos=<10685.2, 4.45, 8452.29>) CloseFence
00:09:25: Player "[EB] pedrobala" (steam64id="76561198046653521" pos=<10681.5, 4.13, 8455.72>) CloseFence
00:09:51: Player "Biel FxR" (steam64id="76561198050836260" pos=<7550.79, 28.05, 7900.3>) CloseFence
00:09:58: Player "Biel FxR" (steam64id="76561198050836260" pos=<7546.13, 28.04, 7899.08>) CloseFence
00:11:04: Player "Hacan121" (steam64id="76561198345012092" pos=<7550.99, 28.05, 7900.92>) CloseFence
01:12:15: Player "PintoJunior" (steam64id="76561198057936781" pos=<11092.6, 4.14, 8416.99>) CloseFence
01:12:19: Player "PintoJunior" (steam64id="76561198057936781" pos=<11092.2, 4.26, 8417.72>) CloseFence
01:13:53: Player "PintoJunior" (steam64id="76561198057936781" pos=<11082.9, 4.21, 8427.68>) CloseFence
01:14:02: Player "PintoJunior" (steam64id="76561198057936781" pos=<11083.9, 6.99, 8431.6>) CloseFence
01:14:07: Player "PintoJunior" (steam64id="76561198057936781" pos=<11083.9, 9.29, 8428.36>) CloseFence
01:14:12: Player "PintoJunior" (steam64id="76561198057936781" pos=<11084, 11.11, 8432.13>) CloseFence
01:14:28: Player "PintoJunior" (steam64id="76561198057936781" pos=<11084, 27.98, 8428.42>) CloseFence
01:14:40: Player "PintoJunior" (steam64id="76561198057936781" pos=<11085.7, 31.61, 8426.58>) CloseFence
01:14:47: Player "[YKZ]-Lobato" (steam64id="76561198158375860" pos=<11092.4, 4.25, 8417.37>) CloseFence
01:14:53: Player "[YKZ]-Lobato" (steam64id="76561198158375860" pos=<11082.2, 4.21, 8427.39>) CloseFence
01:14:57: Player "[YKZ]-Lobato" (steam64id="76561198158375860" pos=<11084.8, 5.98, 8430.77>) CloseFence
01:15:37: Player "[YKZ]-Lobato" (steam64id="76561198158375860" pos=<11083.9, 27.41, 8429.2>) CloseFence
01:21:12: Player "[YKZ] Felps" (steam64id="76561198892779186" pos=<11092.6, 4.01, 8416.6>) CloseFence
01:21:22: Player "[YKZ] Felps" (steam64id="76561198892779186" pos=<11082.9, 4.21, 8427.74>) CloseFence
01:21:38: Player "[YKZ] Felps" (steam64id="76561198892779186" pos=<11084, 27.98, 8428.02>) CloseFence
01:21:49: Player "[YKZ] Felps" (steam64id="76561198892779186" pos=<11085.8, 31.61, 8425.73>) CloseFence
01:23:01: Player "[YKZ] Felps" (steam64id="76561198892779186" pos=<11085.6, 31.61, 8426.89>) CloseFence
01:23:14: Player "[YKZ] Felps" (steam64id="76561198892779186" pos=<11085, 35.24, 8428.35>) CloseFence
01:23:19: Player "[YKZ] Felps" (steam64id="76561198892779186" pos=<11085.5, 31.61, 8426.14>) CloseFence
01:30:29: Player "[YKZ]-Lobato" (steam64id="76561198158375860" pos=<11085, 35.24, 8428.15>) CloseFence
01:30:37: Player "[YKZ]-Lobato" (steam64id="76561198158375860" pos=<11084, 27.96, 8428.49>) CloseFence
01:31:10: Player "[YKZ]-Lobato" (steam64id="76561198158375860" pos=<11084.5, 10.65, 8430.95>) CloseFence
01:31:16: Player "[YKZ]-Lobato" (steam64id="76561198158375860" pos=<11081.3, 4.21, 8427.26>) CloseFence
01:31:21: Player "[YKZ]-Lobato" (steam64id="76561198158375860" pos=<11092.5, 4.05, 8416.88>) CloseFence
01:31:55: Player "[YKZ] Felps" (steam64id="76561198892779186" pos=<11085.5, 31.61, 8427>) CloseFence
01:32:00: Player "[YKZ] Felps" (steam64id="76561198892779186" pos=<11083.2, 26.41, 8429.86>) CloseFence
01:32:10: Player "[YKZ] Felps" (steam64id="76561198892779186" pos=<11083.4, 27.39, 8428.88>) CloseFence
01:32:15: Player "[YKZ] Felps" (steam64id="76561198892779186" pos=<11085.6, 31.61, 8426.43>) CloseFence
01:34:03: Player "[YKZ] Felps" (steam64id="76561198892779186" pos=<11085.4, 31.61, 8426.52>) CloseFence
01:34:08: Player "[YKZ] Felps" (steam64id="76561198892779186" pos=<11082.8, 26.30, 8429.73>) CloseFence
01:34:19: Player "[YKZ] Felps" (steam64id="76561198892779186" pos=<11084.4, 10.45, 8430.42>) CloseFence
01:34:21: Player "[YKZ] Felps" (steam64id="76561198892779186" pos=<11083.2, 8.21, 8429.65>) CloseFence
01:34:37: Player "[YKZ] Felps" (steam64id="76561198892779186" pos=<11081.5, 4.21, 8426.97>) CloseFence
01:35:45: Player "[YKZ] Felps" (steam64id="76561198892779186" pos=<11092.3, 4.01, 8415.78>) CloseFence
02:22:29: Player "[YKZ]-Lobato" (steam64id="76561198158375860" pos=<11092.3, 4.01, 8416.38>) CloseFence
02:22:38: Player "[YKZ] Felps" (steam64id="76561198892779186" pos=<11092.6, 4.01, 8416.72>) CloseFence
02:23:43: Player "[YKZ] Felps" (steam64id="76561198892779186" pos=<11082.5, 4.21, 8427.49>) CloseFence
02:23:48: Player "[YKZ] Felps" (steam64id="76561198892779186" pos=<11083.4, 8.73, 8429.09>) CloseFence
02:23:53: Player "[YKZ] Felps" (steam64id="76561198892779186" pos=<11084.1, 10.81, 8430.9>) CloseFence
02:24:06: Player "[YKZ] Felps" (steam64id="76561198892779186" pos=<11083.7, 27.59, 8428.87>) CloseFence
02:24:15: Player "[YKZ] Felps" (steam64id="76561198892779186" pos=<11085.4, 31.61, 8426.26>) CloseFence
02:24:43: Player "[YKZ]-Lobato" (steam64id="76561198158375860" pos=<11082.4, 4.21, 8427.65>) CloseFence
02:24:46: Player "[YKZ]-Lobato" (steam64id="76561198158375860" pos=<11083.6, 6.99, 8431.86>) CloseFence
02:24:50: Player "[YKZ]-Lobato" (steam64id="76561198158375860" pos=<11084.3, 9.29, 8428.7>) CloseFence
02:25:04: Player "[YKZ]-Lobato" (steam64id="76561198158375860" pos=<11084.2, 10.77, 8430.85>) CloseFence
02:25:18: Player "[YKZ]-Lobato" (steam64id="76561198158375860" pos=<11084.1, 27.62, 8429.1>) CloseFence
02:25:28: Player "[YKZ]-Lobato" (steam64id="76561198158375860" pos=<11085.2, 35.23, 8427.51>) CloseFence
02:31:35: Player "[YKZ]-Lobato" (steam64id="76561198158375860" pos=<11087.3, 35.24, 8423.88>) CloseFence
02:31:48: Player "[YKZ] Felps" (steam64id="76561198892779186" pos=<11085.8, 31.61, 8426.47>) CloseFence
02:32:56: Player "[YKZ] Felps" (steam64id="76561198892779186" pos=<11085.3, 31.61, 8426.58>) CloseFence
03:17:37: Player "[YKZ] Seekerzao" (steam64id="76561198067793781" pos=<11082.6, 4.21, 8427.43>) CloseFence
03:17:46: Player "[YKZ] Seekerzao" (steam64id="76561198067793781" pos=<11092.6, 4.22, 8417.11>) CloseFence
03:17:53: Player "[YKZ] Seekerzao" (steam64id="76561198067793781" pos=<11092.3, 4.01, 8416.19>) CloseFence
03:18:55: Player "[YKZ] Seekerzao" (steam64id="76561198067793781" pos=<11092.6, 4.01, 8416.83>) CloseFence
03:43:04: Player "[YKZ] Seekerzao" (steam64id="76561198067793781" pos=<10239.7, 14.05, 11338.2>) CloseFence
03:51:39: Player "[YKZ] Seekerzao" (steam64id="76561198067793781" pos=<10244.2, 14.03, 11339.3>) CloseFence
03:57:29: Player "[YKZ] Seekerzao" (steam64id="76561198067793781" pos=<10243.2, 14.02, 11337.7>) CloseFence
04:06:56: Player "[YKZ] Seekerzao" (steam64id="76561198067793781" pos=<10244.7, 14.03, 11339.5>) CloseFence
04:07:48: Player "[YKZ] Seekerzao" (steam64id="76561198067793781" pos=<10241.9, 14.02, 11339>) CloseFence
04:08:28: Player "[YKZ] Seekerzao" (steam64id="76561198067793781" pos=<10243.5, 14.02, 11339.3>) CloseFence
04:11:30: Player "[YKZ] Seekerzao" (steam64id="76561198067793781" pos=<10243.2, 14.02, 11337.7>) CloseFence
05:29:29: Player "[YKZ] Seekerzao" (steam64id="76561198067793781" pos=<10243.3, 14.02, 11339>) CloseFence
05:30:15: Player "[YKZ] Seekerzao" (steam64id="76561198067793781" pos=<10243.8, 14.03, 11338.5>) CloseFence
05:30:23: Player "[YKZ] Seekerzao" (steam64id="76561198067793781" pos=<10239.1, 14.05, 11338.7>) CloseFence
08:19:02: Player "GabrielDWR" (steam64id="76561199012612653" pos=<11832.5, 19.73, 7267.56>) CloseFence
08:44:14: Player "GabrielDWR" (steam64id="76561199012612653" pos=<11836.1, 19.80, 7267.73>) CloseFence
08:51:22: Player "GabrielDWR" (steam64id="76561199012612653" pos=<11833.4, 19.73, 7269.01>) CloseFence
09:43:33: Player "GabrielDWR" (steam64id="76561199012612653" pos=<11835.4, 19.80, 7267.9>) CloseFence
09:46:38: Player "GabrielDWR" (steam64id="76561199012612653" pos=<11835.8, 19.80, 7268.46>) CloseFence
09:50:01: Player "GabrielDWR" (steam64id="76561199012612653" pos=<11835.8, 19.80, 7268.91>) CloseFence
09:50:24: Player "GabrielDWR" (steam64id="76561199012612653" pos=<11835.7, 19.80, 7268.6>) CloseFence
10:05:24: Player "GabrielDWR" (steam64id="76561199012612653" pos=<11836.2, 19.80, 7267.54>) CloseFence
10:10:33: Player "GabrielDWR" (steam64id="76561199012612653" pos=<11833.4, 19.73, 7269.06>) CloseFence
10:10:41: Player "GabrielDWR" (steam64id="76561199012612653" pos=<11836, 19.80, 7267.92>) CloseFence
10:19:10: Player "GabrielDWR" (steam64id="76561199012612653" pos=<11832.7, 19.73, 7268.31>) CloseFence
10:38:23: Player "GabrielDWR" (steam64id="76561199012612653" pos=<11835.4, 19.80, 7267.97>) CloseFence
10:46:37: Player "GabrielDWR" (steam64id="76561199012612653" pos=<11833.4, 19.73, 7269.36>) CloseFence
11:09:46: Player "[YKZ]-Lobato" (steam64id="76561198158375860" pos=<11085, 35.24, 8427.28>) CloseFence
11:09:56: Player "[YKZ]-Lobato" (steam64id="76561198158375860" pos=<11083.8, 27.86, 8428.53>) CloseFence
11:10:10: Player "[YKZ]-Lobato" (steam64id="76561198158375860" pos=<11084.2, 11.04, 8431.56>) CloseFence
11:10:14: Player "[YKZ]-Lobato" (steam64id="76561198158375860" pos=<11084.1, 9.29, 8428.47>) CloseFence
11:10:20: Player "[YKZ]-Lobato" (steam64id="76561198158375860" pos=<11084.1, 6.99, 8431.66>) CloseFence
11:10:25: Player "[YKZ]-Lobato" (steam64id="76561198158375860" pos=<11081.3, 4.21, 8427.27>) CloseFence
11:10:30: Player "[YKZ]-Lobato" (steam64id="76561198158375860" pos=<11092.2, 4.25, 8417.56>) CloseFence
11:11:09: Player "[ONE] JAPA" (steam64id="76561198161060673" pos=<9568.6, 29.54, 12172.9>) CloseFence
11:11:12: Player "[ONE] JAPA" (steam64id="76561198161060673" pos=<9568.88, 29.53, 12172.5>) CloseFence
11:11:15: Player "[ONE] JAPA" (steam64id="76561198161060673" pos=<9570.7, 29.57, 12172.1>) CloseFence
11:11:20: Player "[ONE] JAPA" (steam64id="76561198161060673" pos=<9573.37, 30.19, 12171.5>) CloseFence
11:11:23: Player "[ONE] JAPA" (steam64id="76561198161060673" pos=<9574.9, 30.38, 12171.2>) CloseFence
11:11:30: Player "[ONE] JAPA" (steam64id="76561198161060673" pos=<9580.9, 30.44, 12172.5>) CloseFence
11:11:37: Player "[ONE] JAPA" (steam64id="76561198161060673" pos=<9582.03, 30.42, 12172.3>) CloseFence
11:11:42: Player "[ONE] JAPA" (steam64id="76561198161060673" pos=<9586.1, 29.61, 12174.1>) CloseFence
11:31:28: Player "[ONE] JAPA" (steam64id="76561198161060673" pos=<9585.74, 29.84, 12173.8>) CloseFence
11:34:39: Player "[ONE] JAPA" (steam64id="76561198161060673" pos=<9566.85, 29.52, 12174.3>) CloseFence
11:34:41: Player "[ONE] JAPA" (steam64id="76561198161060673" pos=<9574.71, 30.34, 12172.3>) CloseFence
11:34:44: Player "[ONE] JAPA" (steam64id="76561198161060673" pos=<9579.26, 30.44, 12170.5>) CloseFence
11:34:47: Player "[ONE] JAPA" (steam64id="76561198161060673" pos=<9582.44, 30.41, 12171.7>) CloseFence
11:34:56: Player "[ONE] JAPA" (steam64id="76561198161060673" pos=<9587.22, 28.35, 12166.2>) CloseFence
11:39:50: Player "[YKZ]-Lobato" (steam64id="76561198158375860" pos=<11092.7, 4.01, 8416.33>) CloseFence
11:40:20: Player "[YKZ]-Lobato" (steam64id="76561198158375860" pos=<11082.2, 4.21, 8427.51>) CloseFence
11:40:28: Player "[YKZ]-Lobato" (steam64id="76561198158375860" pos=<11083.9, 6.89, 8431.24>) CloseFence
11:40:34: Player "[YKZ]-Lobato" (steam64id="76561198158375860" pos=<11083.8, 9.17, 8428.6>) CloseFence
11:40:42: Player "[YKZ]-Lobato" (steam64id="76561198158375860" pos=<11084, 10.92, 8431.13>) CloseFence
11:40:56: Player "[YKZ]-Lobato" (steam64id="76561198158375860" pos=<11084.1, 27.64, 8429.01>) CloseFence
11:41:05: Player "[YKZ]-Lobato" (steam64id="76561198158375860" pos=<11085.3, 35.24, 8427.67>) CloseFence
11:49:16: Player "[YKZ]-Lobato" (steam64id="76561198158375860" pos=<11087, 35.24, 8423.59>) CloseFence
11:49:59: Player "[ONE] JAPA" (steam64id="76561198161060673" pos=<9586.07, 29.61, 12173.9>) CloseFence
11:51:54: Player "[ONE] JAPA" (steam64id="76561198161060673" pos=<9568.93, 29.59, 12173.4>) CloseFence
11:51:56: Player "[ONE] JAPA" (steam64id="76561198161060673" pos=<9576.79, 30.47, 12171>) CloseFence
11:51:59: Player "[ONE] JAPA" (steam64id="76561198161060673" pos=<9582.17, 30.41, 12171.8>) CloseFence
11:52:05: Player "[ONE] JAPA" (steam64id="76561198161060673" pos=<9587.85, 28.31, 12166.8>) CloseFence
12:38:58: Player "[YKZ]-Lobato" (steam64id="76561198158375860" pos=<11088.1, 35.24, 8424.15>) CloseFence
12:39:02: Player "[YKZ]-Lobato" (steam64id="76561198158375860" pos=<11084.9, 35.24, 8427.84>) CloseFence
12:39:15: Player "[YKZ]-Lobato" (steam64id="76561198158375860" pos=<11083.7, 27.72, 8428.64>) CloseFence
12:39:33: Player "[YKZ]-Lobato" (steam64id="76561198158375860" pos=<11084.3, 10.88, 8431.21>) CloseFence
12:39:37: Player "[YKZ]-Lobato" (steam64id="76561198158375860" pos=<11083.7, 9.05, 8428.75>) CloseFence
12:39:42: Player "[YKZ]-Lobato" (steam64id="76561198158375860" pos=<11084.1, 6.99, 8431.79>) CloseFence
12:39:49: Player "[YKZ]-Lobato" (steam64id="76561198158375860" pos=<11081.6, 4.21, 8427.11>) CloseFence
12:39:55: Player "[YKZ]-Lobato" (steam64id="76561198158375860" pos=<11092.3, 4.25, 8417.52>) CloseFence
12:52:15: Player "[YKZ]-Lobato" (steam64id="76561198158375860" pos=<11092.2, 4.22, 8416.6>) CloseFence
12:52:25: Player "[YKZ]-Lobato" (steam64id="76561198158375860" pos=<11082.3, 4.21, 8427.48>) CloseFence
13:00:00: Player "[HORDA]ThiagoPenna" (steam64id="76561198218822351" pos=<9962.23, 7.58, 11750.1>) CloseFence
13:00:06: Player "[HORDA]ThiagoPenna" (steam64id="76561198218822351" pos=<9960.38, 7.64, 11751.8>) CloseFence
13:00:11: Player "[HORDA]ThiagoPenna" (steam64id="76561198218822351" pos=<9959.3, 7.71, 11753.7>) CloseFence
13:00:16: Player "[HORDA]ThiagoPenna" (steam64id="76561198218822351" pos=<9958.87, 7.73, 11756.3>) CloseFence
13:00:18: Player "[HORDA]ThiagoPenna" (steam64id="76561198218822351" pos=<9958.04, 7.57, 11758>) OpenFence
13:02:40: Player "[HORDA]ThiagoPenna" (steam64id="76561198218822351" pos=<9956.89, 7.27, 11771.6>) CloseFence
13:02:42: Player "[HORDA]ThiagoPenna" (steam64id="76561198218822351" pos=<9957.93, 7.47, 11759.1>) CloseFence
13:02:44: Player "[HORDA]ThiagoPenna" (steam64id="76561198218822351" pos=<9958.74, 7.73, 11756.1>) CloseFence
13:02:46: Player "[HORDA]ThiagoPenna" (steam64id="76561198218822351" pos=<9959.3, 7.71, 11753.9>) CloseFence
13:02:50: Player "[HORDA]ThiagoPenna" (steam64id="76561198218822351" pos=<9959.87, 7.68, 11753>) CloseFence
13:02:51: Player "[HORDA]ThiagoPenna" (steam64id="76561198218822351" pos=<9960.67, 7.60, 11750.5>) CloseFence
13:02:53: Player "[HORDA]ThiagoPenna" (steam64id="76561198218822351" pos=<9961.21, 7.51, 11749>) CloseFence
13:02:59: Player "[YKZ] Felps" (steam64id="76561198892779186" pos=<11085.5, 31.61, 8426.27>) CloseFence
13:03:04: Player "[YKZ] Felps" (steam64id="76561198892779186" pos=<11085.4, 31.61, 8426.06>) CloseFence
13:03:31: Player "[YKZ] Felps" (steam64id="76561198892779186" pos=<11085.5, 31.61, 8426.96>) CloseFence
13:08:26: Player "[YKZ] Felps" (steam64id="76561198892779186" pos=<11085.9, 31.61, 8426.21>) CloseFence
13:14:52: Player "[HORDA] JHON WICK" (steam64id="76561198122075703" pos=<9560.94, 2.94, 9582.16>) OpenFence
13:14:55: Player "[HORDA] JHON WICK" (steam64id="76561198122075703" pos=<9560.53, 2.94, 9581.64>) CloseFence
13:15:55: Player "[HORDA] JHON WICK" (steam64id="76561198122075703" pos=<9560.48, 2.94, 9581.73>) OpenFence
13:15:56: Player "[HORDA] JHON WICK" (steam64id="76561198122075703" pos=<9559.81, 2.94, 9581.69>) CloseFence
13:16:43: Player "[HORDA] JHON WICK" (steam64id="76561198122075703" pos=<9559.09, 2.94, 9584.12>) OpenFence
13:16:44: Player "[HORDA] JHON WICK" (steam64id="76561198122075703" pos=<9559.85, 2.94, 9582.71>) CloseFence
13:16:45: Player "[HORDA] JHON WICK" (steam64id="76561198122075703" pos=<9560.64, 2.94, 9580.34>) OpenFence
13:16:46: Player "[HORDA] JHON WICK" (steam64id="76561198122075703" pos=<9561.74, 2.94, 9580.76>) CloseFence
13:16:49: Player "[HORDA] JHON WICK" (steam64id="76561198122075703" pos=<9565.11, 3.35, 9580.51>) CloseFence
13:17:13: Player "[HORDA] JHON WICK" (steam64id="76561198122075703" pos=<9567.99, 2.57, 9579.24>) CloseFence
13:18:21: Player "[YKZ] Felps" (steam64id="76561198892779186" pos=<11085, 31.61, 8426.44>) CloseFence
13:18:59: Player "[YKZ] Felps" (steam64id="76561198892779186" pos=<11083.5, 27.06, 8429.23>) CloseFence
13:19:18: Player "[YKZ] Felps" (steam64id="76561198892779186" pos=<11084.4, 10.46, 8430.45>) CloseFence
13:19:22: Player "[YKZ] Felps" (steam64id="76561198892779186" pos=<11083.3, 8.29, 8429.57>) CloseFence
13:19:30: Player "[YKZ] Felps" (steam64id="76561198892779186" pos=<11084.9, 5.57, 8430.33>) CloseFence
13:19:57: Player "[YKZ] Felps" (steam64id="76561198892779186" pos=<11082, 4.21, 8427.58>) CloseFence
13:22:00: Player "[YKZ] Felps" (steam64id="76561198892779186" pos=<11081.4, 4.21, 8427.36>) CloseFence
13:22:02: Player "[YKZ] Felps" (steam64id="76561198892779186" pos=<11083.1, 4.21, 8427.85>) CloseFence
13:22:06: Player "[YKZ] Felps" (steam64id="76561198892779186" pos=<11084.4, 6.38, 8431.03>) CloseFence
13:22:10: Player "[YKZ] Felps" (steam64id="76561198892779186" pos=<11084.3, 9.29, 8428.21>) CloseFence
13:22:21: Player "[YKZ] Felps" (steam64id="76561198892779186" pos=<11083.9, 6.97, 8431.34>) CloseFence
13:22:24: Player "[YKZ] Felps" (steam64id="76561198892779186" pos=<11084.2, 9.29, 8428.63>) CloseFence
13:22:27: Player "[YKZ] Felps" (steam64id="76561198892779186" pos=<11083.9, 10.97, 8431.11>) CloseFence
13:22:43: Player "[YKZ] Felps" (steam64id="76561198892779186" pos=<11084.2, 27.98, 8428.25>) CloseFence
13:22:48: Player "[YKZ] Felps" (steam64id="76561198892779186" pos=<11085.4, 31.61, 8425.34>) CloseFence
13:24:20: Player "[YKZ] Felps" (steam64id="76561198892779186" pos=<11085.3, 31.61, 8426.78>) CloseFence
13:26:37: Player "[YKZ] Felps" (steam64id="76561198892779186" pos=<11085.7, 31.61, 8426.58>) CloseFence
13:33:14: Player "[HORDA] JHON WICK" (steam64id="76561198122075703" pos=<9960.21, 7.61, 11750.8>) CloseFence
13:33:19: Player "[HORDA] JHON WICK" (steam64id="76561198122075703" pos=<9959.78, 7.69, 11753.4>) CloseFence
13:33:24: Player "[HORDA] JHON WICK" (steam64id="76561198122075703" pos=<9958.81, 7.74, 11755.4>) CloseFence
13:33:25: Player "[HORDA] JHON WICK" (steam64id="76561198122075703" pos=<9958.46, 7.63, 11757.6>) OpenFence
13:33:26: Player "[HORDA] JHON WICK" (steam64id="76561198122075703" pos=<9957.86, 7.56, 11758.1>) CloseFence
13:33:29: Player "[HORDA] JHON WICK" (steam64id="76561198122075703" pos=<9966.04, 7.68, 11752.9>) CloseFence
13:34:05: Player "[HORDA] JHON WICK" (steam64id="76561198122075703" pos=<9955.92, 7.23, 11771>) CloseFence
13:34:14: Player "[HORDA] JHON WICK" (steam64id="76561198122075703" pos=<9956.71, 7.50, 11772.3>) CloseFence
13:37:59: Player "[HORDA] JHON WICK" (steam64id="76561198122075703" pos=<9954.7, 18.86, 11775>) CloseFence
13:38:23: Player "[HORDA] JHON WICK" (steam64id="76561198122075703" pos=<9954.13, 19.07, 11774.7>) CloseFence
13:38:30: Player "[HORDA] JHON WICK" (steam64id="76561198122075703" pos=<9956.71, 7.57, 11772.8>) CloseFence
13:44:12: Player "[HORDA] JHON WICK" (steam64id="76561198122075703" pos=<9956.44, 7.47, 11772>) CloseFence
13:44:21: Player "[HORDA] JHON WICK" (steam64id="76561198122075703" pos=<9955.07, 18.61, 11775>) CloseFence
13:48:44: Player "[ONE] JAPA" (steam64id="76561198161060673" pos=<9586.02, 29.65, 12174.1>) CloseFence
13:52:36: Player "[ONE] JAPA" (steam64id="76561198161060673" pos=<9567.03, 29.54, 12174.5>) CloseFence
13:52:41: Player "[ONE] JAPA" (steam64id="76561198161060673" pos=<9579.94, 30.44, 12171.6>) CloseFence
13:52:45: Player "[ONE] JAPA" (steam64id="76561198161060673" pos=<9582.52, 30.41, 12171.7>) CloseFence
13:52:50: Player "[ONE] JAPA" (steam64id="76561198161060673" pos=<9586.19, 28.45, 12165.8>) CloseFence
13:53:35: Player "marcelinho" (steam64id="76561198817477406" pos=<9560.14, 2.94, 9582.17>) OpenFence
13:54:25: Player "marcelinho" (steam64id="76561198817477406" pos=<9560.79, 2.94, 9580.6>) OpenFence
13:54:27: Player "marcelinho" (steam64id="76561198817477406" pos=<9561.54, 2.94, 9580.92>) CloseFence
13:54:30: Player "marcelinho" (steam64id="76561198817477406" pos=<9561.14, 2.94, 9580.41>) OpenFence
13:54:33: Player "marcelinho" (steam64id="76561198817477406" pos=<9563.33, 2.94, 9581.54>) CloseFence
13:54:34: Player "marcelinho" (steam64id="76561198817477406" pos=<9563.69, 2.94, 9581.41>) OpenFence
13:54:40: Player "marcelinho" (steam64id="76561198817477406" pos=<9565.17, 3.62, 9579.93>) CloseFence
13:54:47: Player "marcelinho" (steam64id="76561198817477406" pos=<9567.34, 2.54, 9580.79>) CloseFence
13:54:49: Player "[ONE] JAPA" (steam64id="76561198161060673" pos=<9567.48, 29.46, 12172.6>) CloseFence
13:54:51: Player "[ONE] JAPA" (steam64id="76561198161060673" pos=<9579.39, 30.45, 12171.7>) CloseFence
13:54:55: Player "[ONE] JAPA" (steam64id="76561198161060673" pos=<9582.67, 30.40, 12171.2>) CloseFence
13:55:01: Player "[ONE] JAPA" (steam64id="76561198161060673" pos=<9587.64, 28.28, 12166>) CloseFence
13:56:06: Player "[HORDA] JHON WICK" (steam64id="76561198122075703" pos=<9954.42, 18.88, 11774.8>) CloseFence
13:59:23: Player "[HORDA] JHON WICK" (steam64id="76561198122075703" pos=<9954.5, 18.90, 11774.9>) CloseFence
14:01:52: Player "[HORDA] JHON WICK" (steam64id="76561198122075703" pos=<9956.63, 7.58, 11772.9>) CloseFence
14:02:02: Player "[HORDA] JHON WICK" (steam64id="76561198122075703" pos=<9957.33, 7.04, 11759.6>) CloseFence
14:02:09: Player "[HORDA] JHON WICK" (steam64id="76561198122075703" pos=<9956.16, 7.46, 11771.8>) CloseFence
14:02:17: Player "[HORDA] JHON WICK" (steam64id="76561198122075703" pos=<9955.55, 18.25, 11775.1>) CloseFence
14:07:41: Player "[HORDA] JHON WICK" (steam64id="76561198122075703" pos=<9953.83, 19.07, 11774.6>) CloseFence
14:09:21: Player "[HORDA] JHON WICK" (steam64id="76561198122075703" pos=<9956.38, 7.58, 11773.1>) CloseFence
14:09:29: Player "[HORDA] JHON WICK" (steam64id="76561198122075703" pos=<9957.9, 7.47, 11759.1>) CloseFence
14:09:33: Player "[HORDA] JHON WICK" (steam64id="76561198122075703" pos=<9958.69, 7.74, 11755>) CloseFence
14:09:35: Player "[HORDA] JHON WICK" (steam64id="76561198122075703" pos=<9959.69, 7.71, 11754.1>) CloseFence
14:09:37: Player "[HORDA] JHON WICK" (steam64id="76561198122075703" pos=<9960.07, 7.65, 11751.9>) CloseFence
14:09:41: Player "[HORDA] JHON WICK" (steam64id="76561198122075703" pos=<9958.45, 7.71, 11756.6>) CloseFence
14:10:38: Player "[HORDA] JHON WICK" (steam64id="76561198122075703" pos=<9956.8, 7.48, 11772.3>) CloseFence
14:11:32: Player "[ONE] JAPA" (steam64id="76561198161060673" pos=<9585.44, 30.10, 12174.2>) CloseFence
14:11:47: Player "[ONE] JAPA" (steam64id="76561198161060673" pos=<9569.69, 29.88, 12177>) CloseFence
14:11:48: Player "[ONE] JAPA" (steam64id="76561198161060673" pos=<9570.95, 29.88, 12176.6>) CloseFence
14:11:52: Player "[ONE] JAPA" (steam64id="76561198161060673" pos=<9572.44, 29.86, 12176.1>) CloseFence
14:11:53: Player "[ONE] JAPA" (steam64id="76561198161060673" pos=<9573.96, 30.21, 12175.8>) CloseFence
14:11:54: Player "[ONE] JAPA" (steam64id="76561198161060673" pos=<9575.71, 30.38, 12175.5>) CloseFence
14:11:55: Player "[ONE] JAPA" (steam64id="76561198161060673" pos=<9577.29, 30.44, 12175.3>) CloseFence
14:11:56: Player "[ONE] JAPA" (steam64id="76561198161060673" pos=<9578.7, 30.47, 12175.1>) CloseFence
14:11:58: Player "[ONE] JAPA" (steam64id="76561198161060673" pos=<9580.88, 30.45, 12174.8>) CloseFence
14:11:59: Player "[ONE] JAPA" (steam64id="76561198161060673" pos=<9581.96, 30.48, 12176.3>) CloseFence
14:12:00: Player "[HORDA] JHON WICK" (steam64id="76561198122075703" pos=<9956.47, 7.50, 11772.2>) CloseFence
14:12:06: Player "[HORDA] JHON WICK" (steam64id="76561198122075703" pos=<9955.04, 18.64, 11774.9>) CloseFence
14:14:11: Player "[HORDA] JHON WICK" (steam64id="76561198122075703" pos=<9953.71, 19.07, 11774.6>) CloseFence
14:14:14: Player "[HORDA] JHON WICK" (steam64id="76561198122075703" pos=<9954.09, 19.19, 11774.5>) CloseFence
14:14:23: Player "[HORDA] JHON WICK" (steam64id="76561198122075703" pos=<9956.18, 19.26, 11774.9>) CloseFence
14:15:02: Player "[HORDA] JHON WICK" (steam64id="76561198122075703" pos=<9956.53, 7.58, 11773>) CloseFence
14:15:21: Player "marcelinho" (steam64id="76561198817477406" pos=<9960.45, 6.77, 11745.8>) CloseFence
14:15:32: Player "marcelinho" (steam64id="76561198817477406" pos=<9959.88, 7.63, 11751.5>) CloseFence
14:15:40: Player "marcelinho" (steam64id="76561198817477406" pos=<9959.01, 7.74, 11755>) CloseFence
14:15:48: Player "marcelinho" (steam64id="76561198817477406" pos=<9959.15, 7.74, 11755.7>) CloseFence
14:17:51: Player "[HORDA] JHON WICK" (steam64id="76561198122075703" pos=<9956.51, 7.54, 11772.5>) CloseFence
14:18:24: Player "[HORDA] JHON WICK" (steam64id="76561198122075703" pos=<9956.57, 7.55, 11772.7>) CloseFence
14:18:49: Player "[HORDA] JHON WICK" (steam64id="76561198122075703" pos=<9957.92, 7.48, 11759>) CloseFence
14:18:51: Player "[HORDA] JHON WICK" (steam64id="76561198122075703" pos=<9958.86, 7.72, 11756.4>) CloseFence
14:18:53: Player "[HORDA] JHON WICK" (steam64id="76561198122075703" pos=<9959.54, 7.71, 11754.1>) CloseFence
14:18:55: Player "[HORDA] JHON WICK" (steam64id="76561198122075703" pos=<9960.18, 7.64, 11751.9>) CloseFence
14:19:02: Player "[HORDA] JHON WICK" (steam64id="76561198122075703" pos=<9967.72, 6.82, 11747.5>) CloseFence
14:23:11: Player "[HORDA] JHON WICK" (steam64id="76561198122075703" pos=<9960.35, 6.78, 11746.1>) CloseFence
14:23:13: Player "[HORDA] JHON WICK" (steam64id="76561198122075703" pos=<9962.93, 7.56, 11749.7>) CloseFence
14:23:16: Player "[HORDA] JHON WICK" (steam64id="76561198122075703" pos=<9960.18, 7.63, 11751.2>) CloseFence
14:24:18: Player "marcelinho" (steam64id="76561198817477406" pos=<9956.16, 17.77, 11775.3>) CloseFence
14:24:31: Player "marcelinho" (steam64id="76561198817477406" pos=<9955.72, 18.10, 11775.1>) CloseFence
14:24:35: Player "[HORDA] JHON WICK" (steam64id="76561198122075703" pos=<9956.72, 7.58, 11773.2>) CloseFence
14:24:39: Player "[HORDA] JHON WICK" (steam64id="76561198122075703" pos=<9960.17, 7.66, 11752.5>) CloseFence
14:24:51: Player "marcelinho" (steam64id="76561198817477406" pos=<9954.43, 19.26, 11774.3>) CloseFence
14:25:09: Player "marcelinho" (steam64id="76561198817477406" pos=<9956.08, 19.26, 11774.8>) CloseFence
14:25:40: Player "marcelinho" (steam64id="76561198817477406" pos=<9955.63, 18.16, 11775.1>) CloseFence
14:26:01: Player "marcelinho" (steam64id="76561198817477406" pos=<9954.87, 19.26, 11774.4>) CloseFence
14:26:17: Player "marcelinho" (steam64id="76561198817477406" pos=<9955.92, 17.90, 11775.5>) CloseFence
14:26:19: Player "[HORDA] JHON WICK" (steam64id="76561198122075703" pos=<9960.15, 6.77, 11745.8>) CloseFence
14:26:22: Player "[HORDA] JHON WICK" (steam64id="76561198122075703" pos=<9959.96, 7.63, 11751.2>) CloseFence
14:26:23: Player "[HORDA] JHON WICK" (steam64id="76561198122075703" pos=<9959.16, 7.70, 11753.5>) CloseFence
14:26:46: Player "[HORDA] JHON WICK" (steam64id="76561198122075703" pos=<9956.89, 7.40, 11772>) CloseFence
14:26:56: Player "[HORDA] JHON WICK" (steam64id="76561198122075703" pos=<9959.52, 7.72, 11754.2>) CloseFence
14:26:58: Player "[HORDA] JHON WICK" (steam64id="76561198122075703" pos=<9960.27, 7.64, 11751.7>) CloseFence
14:27:24: Player "[HORDA] JHON WICK" (steam64id="76561198122075703" pos=<9960.12, 6.78, 11745.9>) CloseFence
14:27:26: Player "[HORDA] JHON WICK" (steam64id="76561198122075703" pos=<9960.02, 7.63, 11751.2>) CloseFence
14:27:28: Player "[HORDA] JHON WICK" (steam64id="76561198122075703" pos=<9959.53, 7.69, 11753.4>) CloseFence
14:28:19: Player "[HORDA] JHON WICK" (steam64id="76561198122075703" pos=<9955.66, 18.14, 11775.1>) CloseFence
14:28:23: Player "[HORDA] JHON WICK" (steam64id="76561198122075703" pos=<9956.48, 17.52, 11775.4>) CloseFence
14:28:28: Player "[HORDA] JHON WICK" (steam64id="76561198122075703" pos=<9955.35, 18.32, 11775.3>) CloseFence
14:28:53: Player "[HORDA] JHON WICK" (steam64id="76561198122075703" pos=<9955.72, 19.26, 11774.7>) CloseFence
14:28:58: Player "[HORDA] JHON WICK" (steam64id="76561198122075703" pos=<9954.1, 19.07, 11774.9>) CloseFence
14:29:05: Player "[HORDA] JHON WICK" (steam64id="76561198122075703" pos=<9955.26, 19.08, 11775.3>) CloseFence
14:29:08: Player "[HORDA] JHON WICK" (steam64id="76561198122075703" pos=<9954.12, 19.07, 11774.8>) CloseFence
14:29:18: Player "[HORDA] JHON WICK" (steam64id="76561198122075703" pos=<9954.18, 19.07, 11774.8>) CloseFence
14:29:37: Player "[HORDA] JHON WICK" (steam64id="76561198122075703" pos=<9953.68, 19.07, 11774.7>) CloseFence
14:29:39: Player "[HORDA] JHON WICK" (steam64id="76561198122075703" pos=<9953.74, 19.07, 11774.7>) CloseFence
14:29:42: Player "[HORDA] JHON WICK" (steam64id="76561198122075703" pos=<9953.64, 19.07, 11774.5>) CloseFence
14:30:21: Player "[HORDA] JHON WICK" (steam64id="76561198122075703" pos=<9954.87, 18.69, 11775.1>) CloseFence
14:34:15: Player "[HORDA] JHON WICK" (steam64id="76561198122075703" pos=<9956.67, 7.56, 11772.8>) CloseFence
14:40:08: Player "marcelinho" (steam64id="76561198817477406" pos=<9956.87, 7.51, 11772.5>) CloseFence
14:42:42: Player "[HORDA] JHON WICK" (steam64id="76561198122075703" pos=<9956.34, 7.52, 11772.2>) CloseFence
14:44:08: Player "[HORDA] JHON WICK" (steam64id="76561198122075703" pos=<9956.63, 7.58, 11772.9>) CloseFence
14:44:45: Player "marcelinho" (steam64id="76561198817477406" pos=<9956.58, 7.26, 11771.3>) CloseFence
14:45:30: Player "[HORDA] JHON WICK" (steam64id="76561198122075703" pos=<9956.8, 7.50, 11772.5>) CloseFence
14:45:32: Player "[HORDA] JHON WICK" (steam64id="76561198122075703" pos=<9957.58, 7.15, 11759.5>) CloseFence
14:45:34: Player "[HORDA] JHON WICK" (steam64id="76561198122075703" pos=<9958.78, 7.73, 11756.2>) CloseFence
14:45:39: Player "[HORDA] JHON WICK" (steam64id="76561198122075703" pos=<9959.81, 7.68, 11752.9>) CloseFence
14:45:40: Player "[HORDA] JHON WICK" (steam64id="76561198122075703" pos=<9960, 7.62, 11751.1>) CloseFence
14:46:09: Player "marcelinho" (steam64id="76561198817477406" pos=<9956.65, 7.50, 11772.3>) CloseFence
14:46:29: Player "marcelinho" (steam64id="76561198817477406" pos=<9957.75, 7.58, 11757.9>) CloseFence
14:46:33: Player "marcelinho" (steam64id="76561198817477406" pos=<9958.85, 7.74, 11755.8>) CloseFence
14:46:40: Player "marcelinho" (steam64id="76561198817477406" pos=<9959.78, 7.71, 11754>) CloseFence
14:46:44: Player "marcelinho" (steam64id="76561198817477406" pos=<9960.41, 7.64, 11751.7>) CloseFence
14:46:48: Player "marcelinho" (steam64id="76561198817477406" pos=<9966.46, 6.84, 11748.4>) CloseFence
15:52:50: Player "[YKZ] Felps" (steam64id="76561198892779186" pos=<11085.4, 31.61, 8426.47>) CloseFence
15:53:19: Player "[YKZ] Felps" (steam64id="76561198892779186" pos=<11084, 27.65, 8428.91>) CloseFence
15:53:35: Player "[YKZ] Felps" (steam64id="76561198892779186" pos=<11084.2, 10.75, 8430.88>) CloseFence
15:53:39: Player "[YKZ] Felps" (steam64id="76561198892779186" pos=<11084.6, 9.29, 8428.33>) CloseFence
15:53:43: Player "[YKZ] Felps" (steam64id="76561198892779186" pos=<11083.2, 8.15, 8429.72>) CloseFence
15:53:48: Player "[YKZ] Felps" (steam64id="76561198892779186" pos=<11084.6, 5.39, 8429.98>) CloseFence
15:54:22: Player "[YKZ] Felps" (steam64id="76561198892779186" pos=<11081.4, 4.21, 8427.09>) CloseFence
15:54:56: Player "[YKZ] Felps" (steam64id="76561198892779186" pos=<11092.7, 4.01, 8415.36>) CloseFence
15:57:50: Player "[YKZ] Felps" (steam64id="76561198892779186" pos=<11092.5, 4.01, 8416.47>) CloseFence
16:04:58: Player "[YKZ] Felps" (steam64id="76561198892779186" pos=<11092.8, 4.01, 8416.06>) CloseFence
16:20:33: Player "[YKZ] Felps" (steam64id="76561198892779186" pos=<11092.6, 4.03, 8416.83>) CloseFence
16:21:28: Player "[YKZ] Felps" (steam64id="76561198892779186" pos=<11082.9, 4.21, 8428.1>) CloseFence
16:21:32: Player "[YKZ] Felps" (steam64id="76561198892779186" pos=<11084.1, 6.94, 8431.47>) CloseFence
16:21:38: Player "[YKZ] Felps" (steam64id="76561198892779186" pos=<11083.9, 8.93, 8429.07>) CloseFence
16:21:42: Player "[YKZ] Felps" (steam64id="76561198892779186" pos=<11084.5, 10.57, 8430.67>) CloseFence
16:21:45: Player "[YKZ] Felps" (steam64id="76561198892779186" pos=<11084.1, 10.80, 8430.88>) CloseFence
16:21:59: Player "[YKZ] Felps" (steam64id="76561198892779186" pos=<11083.6, 27.06, 8429.43>) CloseFence
16:22:02: Player "[YKZ] Felps" (steam64id="76561198892779186" pos=<11083.8, 27.90, 8428.62>) CloseFence
16:22:05: Player "[YKZ] Felps" (steam64id="76561198892779186" pos=<11084.5, 27.98, 8428.31>) CloseFence
16:22:09: Player "[YKZ] Felps" (steam64id="76561198892779186" pos=<11085.2, 31.61, 8425.84>) CloseFence
16:43:43: Player "[YKZ] Felps" (steam64id="76561198892779186" pos=<11085.5, 31.61, 8426.21>) CloseFence
16:43:48: Player "[YKZ] Felps" (steam64id="76561198892779186" pos=<11085.1, 35.23, 8427.92>) CloseFence
16:43:56: Player "[YKZ] Felps" (steam64id="76561198892779186" pos=<11085.6, 35.24, 8426.97>) CloseFence
16:43:59: Player "[YKZ] Felps" (steam64id="76561198892779186" pos=<11087.3, 35.24, 8424.37>) CloseFence
16:48:19: Player "[YKZ] Felps" (steam64id="76561198892779186" pos=<11086.9, 35.24, 8424.62>) CloseFence
16:48:21: Player "[YKZ] Felps" (steam64id="76561198892779186" pos=<11085.6, 35.24, 8428.73>) CloseFence
16:48:25: Player "[YKZ] Felps" (steam64id="76561198892779186" pos=<11085.6, 31.61, 8426.2>) CloseFence
18:03:15: Player "[YKZ] chron1c" (steam64id="76561198205585613" pos=<11083.9, 27.98, 8428.11>) CloseFence
18:03:39: Player "[YKZ] chron1c" (steam64id="76561198205585613" pos=<11086.1, 35.24, 8426.36>) CloseFence
18:04:47: Player "[YKZ] chron1c" (steam64id="76561198205585613" pos=<11084.7, 35.24, 8427.85>) CloseFence
18:06:12: Player "[YKZ] chron1c" (steam64id="76561198205585613" pos=<11086, 31.61, 8425.37>) CloseFence
18:15:06: Player "[HORDA]MacLovin" (steam64id="76561199068236803" pos=<9962.63, 7.37, 11748.6>) CloseFence
18:15:15: Player "[HORDA]MacLovin" (steam64id="76561199068236803" pos=<9966.73, 6.83, 11748.3>) CloseFence
18:15:18: Player "[HORDA]MacLovin" (steam64id="76561199068236803" pos=<9959.93, 7.65, 11751.9>) CloseFence
18:23:23: Player "[HORDA]MacLovin" (steam64id="76561199068236803" pos=<9956.57, 7.42, 11771.8>) CloseFence
18:24:08: Player "[HORDA]MacLovin" (steam64id="76561199068236803" pos=<9958.2, 7.68, 11756.9>) CloseFence
18:24:11: Player "[HORDA]MacLovin" (steam64id="76561199068236803" pos=<9958.59, 7.73, 11756.1>) CloseFence
18:24:14: Player "[HORDA]MacLovin" (steam64id="76561199068236803" pos=<9960.04, 7.68, 11752.9>) CloseFence
18:24:17: Player "[HORDA]MacLovin" (steam64id="76561199068236803" pos=<9960.3, 7.59, 11750.2>) CloseFence
18:24:22: Player "[HORDA]MacLovin" (steam64id="76561199068236803" pos=<9968.47, 6.84, 11748.8>) CloseFence
18:48:03: Player "Santorin" (steam64id="76561199069721527" pos=<7354, 14.30, 7167.42>) CloseFence
18:48:08: Player "Santorin" (steam64id="76561199069721527" pos=<7353.61, 14.30, 7163.62>) CloseFence
18:48:20: Player "Santorin" (steam64id="76561199069721527" pos=<7353.1, 14.30, 7151.76>) CloseFence
18:48:27: Player "Santorin" (steam64id="76561199069721527" pos=<7354.64, 14.30, 7147.93>) CloseFence
18:48:29: Player "Santorin" (steam64id="76561199069721527" pos=<7353.77, 14.30, 7147.63>) CloseFence
18:48:43: Player "Santorin" (steam64id="76561199069721527" pos=<7352.93, 14.32, 7142.16>) CloseFence
18:48:59: Player "Santorin" (steam64id="76561199069721527" pos=<7352.43, 14.33, 7135.39>) OpenFence
18:53:33: Player "Santorin" (steam64id="76561199069721527" pos=<7351.99, 14.33, 7134>) CloseFence
18:53:35: Player "Santorin" (steam64id="76561199069721527" pos=<7352.37, 14.33, 7136.61>) CloseFence
18:53:40: Player "Santorin" (steam64id="76561199069721527" pos=<7352.61, 14.33, 7138.34>) CloseFence
18:53:41: Player "Santorin" (steam64id="76561199069721527" pos=<7352.83, 14.33, 7139.42>) CloseFence
18:53:44: Player "Santorin" (steam64id="76561199069721527" pos=<7353.15, 14.33, 7141.42>) CloseFence
18:53:46: Player "Santorin" (steam64id="76561199069721527" pos=<7353.73, 14.30, 7145.36>) CloseFence
18:53:47: Player "Santorin" (steam64id="76561199069721527" pos=<7353.87, 14.30, 7149.13>) CloseFence
18:53:51: Player "Santorin" (steam64id="76561199069721527" pos=<7353.92, 14.30, 7161.23>) CloseFence
18:53:53: Player "Santorin" (steam64id="76561199069721527" pos=<7353.94, 14.30, 7165.39>) CloseFence
18:55:49: Player "[ONE] JAPA" (steam64id="76561198161060673" pos=<9568.87, 29.61, 12173.9>) CloseFence
18:55:54: Player "[ONE] JAPA" (steam64id="76561198161060673" pos=<9570.88, 29.63, 12173.2>) CloseFence
18:56:20: Player "[ONE] JAPA" (steam64id="76561198161060673" pos=<9580.89, 30.43, 12171.7>) CloseFence
18:56:25: Player "[ONE] JAPA" (steam64id="76561198161060673" pos=<9583.72, 30.36, 12173.5>) CloseFence
18:56:30: Player "[ONE] JAPA" (steam64id="76561198161060673" pos=<9586.52, 29.33, 12174.5>) CloseFence
19:07:11: Player "Duero" (steam64id="76561198259492425" pos=<7396.2, 31.55, 8202.05>) CloseFence
19:07:20: Player "Duero" (steam64id="76561198259492425" pos=<7396.21, 31.55, 8202.77>) CloseFence
19:09:45: Player "Santorin" (steam64id="76561199069721527" pos=<7353.45, 14.30, 7167.63>) CloseFence
19:09:55: Player "Santorin" (steam64id="76561199069721527" pos=<7353.1, 14.30, 7163.23>) CloseFence
19:09:59: Player "Santorin" (steam64id="76561199069721527" pos=<7353.37, 14.30, 7152>) CloseFence
19:10:05: Player "Santorin" (steam64id="76561199069721527" pos=<7354.87, 14.30, 7147>) CloseFence
19:10:11: Player "Santorin" (steam64id="76561199069721527" pos=<7353.72, 14.32, 7142.36>) CloseFence
19:12:05: Player "[ONE] JAPA" (steam64id="76561198161060673" pos=<9582.09, 30.42, 12172.2>) CloseFence
19:12:08: Player "[ONE] JAPA" (steam64id="76561198161060673" pos=<9580.06, 30.44, 12172.1>) CloseFence
19:16:08: Player "Santorin" (steam64id="76561199069721527" pos=<7352.66, 14.33, 7138>) CloseFence
19:16:09: Player "Santorin" (steam64id="76561199069721527" pos=<7352.53, 14.33, 7136.12>) CloseFence
19:16:11: Player "Santorin" (steam64id="76561199069721527" pos=<7352.28, 14.33, 7135.23>) OpenFence
19:16:12: Player "Santorin" (steam64id="76561199069721527" pos=<7352.29, 14.33, 7135.08>) CloseFence
19:24:40: Player "Duero" (steam64id="76561198259492425" pos=<7394.46, 31.55, 8202.52>) CloseFence
19:26:29: Player "Duero" (steam64id="76561198259492425" pos=<7393.05, 31.55, 8201.18>) CloseFence
19:27:01: Player "Duero" (steam64id="76561198259492425" pos=<7396.3, 31.55, 8201.73>) CloseFence
19:27:05: Player "Duero" (steam64id="76561198259492425" pos=<7396.14, 31.55, 8202.75>) CloseFence
19:27:16: Player "Duero" (steam64id="76561198259492425" pos=<7394.69, 31.55, 8202.21>) CloseFence
19:30:09: Player "Duero" (steam64id="76561198259492425" pos=<7395.4, 31.55, 8202.39>) CloseFence
19:30:15: Player "Duero" (steam64id="76561198259492425" pos=<7397, 31.43, 8199.01>) CloseFence
19:30:53: Player "[YKZ] Felps" (steam64id="76561198892779186" pos=<11085.6, 31.61, 8426.25>) CloseFence
19:31:00: Player "[YKZ] chron1c" (steam64id="76561198205585613" pos=<11085.9, 31.61, 8426.34>) CloseFence
19:31:04: Player "Duero" (steam64id="76561198259492425" pos=<7396.54, 31.55, 8199.12>) CloseFence
19:31:07: Player "Duero" (steam64id="76561198259492425" pos=<7396.2, 31.55, 8201.91>) CloseFence
19:31:08: Player "Duero" (steam64id="76561198259492425" pos=<7396.24, 31.55, 8202.59>) CloseFence
19:31:09: Player "[YKZ] chron1c" (steam64id="76561198205585613" pos=<11083.4, 27.20, 8429.06>) CloseFence
19:32:01: Player "[YKZ] Felps" (steam64id="76561198892779186" pos=<11085.7, 31.61, 8426.07>) CloseFence
19:33:12: Player "[YKZ] chron1c" (steam64id="76561198205585613" pos=<11085.7, 31.61, 8426.41>) CloseFence
19:33:14: Player "[YKZ] Felps" (steam64id="76561198892779186" pos=<11085.3, 31.61, 8426.82>) CloseFence
19:33:21: Player "[YKZ] Felps" (steam64id="76561198892779186" pos=<11082.9, 26.35, 8429.74>) CloseFence
19:33:36: Player "[YKZ] chron1c" (steam64id="76561198205585613" pos=<11084.3, 10.90, 8431.27>) CloseFence
19:33:41: Player "[YKZ] Felps" (steam64id="76561198892779186" pos=<11083.3, 6.99, 8432.25>) CloseFence
19:33:42: Player "[YKZ] chron1c" (steam64id="76561198205585613" pos=<11083.7, 8.56, 8429.47>) CloseFence
19:33:46: Player "[YKZ] chron1c" (steam64id="76561198205585613" pos=<11084.8, 5.59, 8430.36>) CloseFence
19:33:49: Player "[YKZ] Felps" (steam64id="76561198892779186" pos=<11081.6, 4.21, 8426.88>) CloseFence
19:34:07: Player "[YKZ] chron1c" (steam64id="76561198205585613" pos=<11092.4, 4.08, 8417.05>) CloseFence
19:41:01: Player "SobrinhoSam" (steam64id="76561199014145539" pos=<8847.52, 7.45, 10243>) CloseFence
19:41:40: Player "SobrinhoSam" (steam64id="76561199014145539" pos=<8843.73, 7.45, 10240.1>) CloseFence
19:41:44: Player "SobrinhoSam" (steam64id="76561199014145539" pos=<8842.76, 7.45, 10241.1>) CloseFence
19:41:49: Player "SobrinhoSam" (steam64id="76561199014145539" pos=<8840.69, 7.45, 10243>) CloseFence
19:41:57: Player "SobrinhoSam" (steam64id="76561199014145539" pos=<8838.86, 7.45, 10243.8>) CloseFence
19:42:02: Player "SobrinhoSam" (steam64id="76561199014145539" pos=<8838.78, 7.45, 10244.6>) CloseFence
19:42:03: Player "SobrinhoSam" (steam64id="76561199014145539" pos=<8837.19, 7.45, 10245>) CloseFence
19:42:07: Player "SobrinhoSam" (steam64id="76561199014145539" pos=<8834.44, 7.45, 10247.2>) CloseFence
19:42:12: Player "[YKZ] chron1c" (steam64id="76561198205585613" pos=<11092.7, 4.01, 8416.69>) CloseFence
19:42:19: Player "[YKZ] chron1c" (steam64id="76561198205585613" pos=<11081.9, 4.21, 8426.35>) CloseFence
19:42:23: Player "[YKZ] chron1c" (steam64id="76561198205585613" pos=<11082.7, 4.21, 8427.84>) CloseFence
19:46:21: Player "[YKZ] chron1c" (steam64id="76561198205585613" pos=<11084.1, 6.48, 8431.09>) CloseFence
19:47:42: Player "[YKZ] chron1c" (steam64id="76561198205585613" pos=<11085.3, 31.61, 8426.98>) CloseFence
19:53:03: Player "[YKZ] chron1c" (steam64id="76561198205585613" pos=<11081.5, 4.21, 8426.86>) CloseFence
19:53:13: Player "[YKZ] Felps" (steam64id="76561198892779186" pos=<11092.7, 4.01, 8416.63>) CloseFence
19:53:19: Player "[YKZ] chron1c" (steam64id="76561198205585613" pos=<11082.1, 4.21, 8426.34>) CloseFence
19:53:20: Player "[YKZ] chron1c" (steam64id="76561198205585613" pos=<11082.3, 4.21, 8427.03>) CloseFence
19:53:23: Player "[YKZ] chron1c" (steam64id="76561198205585613" pos=<11082.5, 4.21, 8427.65>) CloseFence
19:53:42: Player "[YKZ] chron1c" (steam64id="76561198205585613" pos=<11083.1, 4.21, 8427.69>) CloseFence
19:53:52: Player "[YKZ] Felps" (steam64id="76561198892779186" pos=<11085.9, 31.61, 8426.19>) CloseFence
20:04:59: Player "[YKZ] Felps" (steam64id="76561198892779186" pos=<11086.8, 31.61, 8425.92>) CloseFence
20:07:58: Player "[YKZ] Felps" (steam64id="76561198892779186" pos=<11085.1, 31.61, 8427.17>) CloseFence
20:11:52: Player "[YKZ] Felps" (steam64id="76561198892779186" pos=<11085.6, 31.61, 8426.03>) CloseFence
20:13:13: Player "[YKZ] chron1c" (steam64id="76561198205585613" pos=<11085.6, 31.61, 8425.77>) CloseFence
20:13:17: Player "[YKZ] chron1c" (steam64id="76561198205585613" pos=<11085.7, 31.61, 8425.39>) CloseFence
20:14:29: Player "[YKZ] Felps" (steam64id="76561198892779186" pos=<11085.8, 31.61, 8426.34>) CloseFence
20:15:07: Player "[YKZ] Felps" (steam64id="76561198892779186" pos=<11085.3, 31.61, 8426.14>) CloseFence
20:16:38: Player "[YKZ] Felps" (steam64id="76561198892779186" pos=<11086.3, 31.61, 8425.8>) CloseFence
20:16:47: Player "[YKZ] chron1c" (steam64id="76561198205585613" pos=<11085.8, 31.61, 8426.29>) CloseFence
20:17:11: Player "[YKZ] Felps" (steam64id="76561198892779186" pos=<11085.3, 31.61, 8426.41>) CloseFence
20:17:15: Player "[YKZ] Felps" (steam64id="76561198892779186" pos=<11083.2, 26.47, 8429.78>) CloseFence
20:17:24: Player "[YKZ] Felps" (steam64id="76561198892779186" pos=<11084.5, 10.45, 8430.48>) CloseFence
20:17:26: Player "[YKZ] chron1c" (steam64id="76561198205585613" pos=<11085.4, 31.61, 8427.07>) CloseFence
20:17:28: Player "[YKZ] Felps" (steam64id="76561198892779186" pos=<11083.1, 8.14, 8429.75>) CloseFence
20:17:33: Player "[YKZ] Felps" (steam64id="76561198892779186" pos=<11081.7, 4.21, 8426.87>) CloseFence
20:17:38: Player "[YKZ] Felps" (steam64id="76561198892779186" pos=<11092.4, 4.01, 8416>) CloseFence
20:19:21: Player "[YKZ] Felps" (steam64id="76561198892779186" pos=<11092, 4.25, 8417.09>) CloseFence
20:19:25: Player "[YKZ] Felps" (steam64id="76561198892779186" pos=<11082.6, 4.21, 8427.64>) CloseFence
20:19:27: Player "[YKZ] Felps" (steam64id="76561198892779186" pos=<11083.5, 6.99, 8431.83>) CloseFence
20:19:32: Player "[YKZ] Felps" (steam64id="76561198892779186" pos=<11084.1, 9.29, 8428.3>) CloseFence
20:19:36: Player "[YKZ] Felps" (steam64id="76561198892779186" pos=<11083.9, 10.93, 8431.07>) CloseFence
20:19:39: Player "[YKZ] Felps" (steam64id="76561198892779186" pos=<11084.2, 10.70, 8430.78>) CloseFence
20:19:51: Player "[YKZ] Felps" (steam64id="76561198892779186" pos=<11083.8, 27.86, 8428.66>) CloseFence
20:19:56: Player "[YKZ] chron1c" (steam64id="76561198205585613" pos=<11085.6, 31.61, 8426.82>) CloseFence
20:20:25: Player "[YKZ] Felps" (steam64id="76561198892779186" pos=<11085.7, 31.61, 8426.58>) CloseFence
20:20:29: Player "[YKZ] Felps" (steam64id="76561198892779186" pos=<11083.6, 26.60, 8429.88>) CloseFence
20:20:37: Player "[YKZ] chron1c" (steam64id="76561198205585613" pos=<11085.5, 31.61, 8426.98>) CloseFence
20:20:46: Player "[YKZ] Felps" (steam64id="76561198892779186" pos=<11081.4, 4.21, 8427.16>) CloseFence
20:20:49: Player "[YKZ] Felps" (steam64id="76561198892779186" pos=<11092.5, 4.01, 8415.93>) CloseFence
20:22:13: Player "[YKZ] Felps" (steam64id="76561198892779186" pos=<11092.3, 4.01, 8416.57>) CloseFence
20:22:17: Player "[YKZ] Felps" (steam64id="76561198892779186" pos=<11082.4, 4.21, 8427.67>) CloseFence
20:22:20: Player "[YKZ] Felps" (steam64id="76561198892779186" pos=<11083.8, 6.93, 8431.26>) CloseFence
20:22:22: Player "[YKZ] Felps" (steam64id="76561198892779186" pos=<11084.8, 9.29, 8428.33>) CloseFence
20:22:24: Player "[YKZ] Felps" (steam64id="76561198892779186" pos=<11083.8, 11.01, 8431.16>) CloseFence
20:22:37: Player "[YKZ] Felps" (steam64id="76561198892779186" pos=<11084, 27.66, 8428.92>) CloseFence
20:22:42: Player "[YKZ] Felps" (steam64id="76561198892779186" pos=<11085.4, 31.61, 8426.46>) CloseFence
20:22:52: Player "[YKZ] chron1c" (steam64id="76561198205585613" pos=<11085.7, 31.61, 8426.71>) CloseFence
20:47:09: Player "[YKZ] Felps" (steam64id="76561198892779186" pos=<11085.3, 31.61, 8426.5>) CloseFence
20:47:48: Player "[YKZ] Felps" (steam64id="76561198892779186" pos=<11085.5, 31.61, 8426.15>) CloseFence
20:49:26: Player "[HORDA]MacLovin" (steam64id="76561199068236803" pos=<9966.58, 6.83, 11748.4>) CloseFence
20:49:29: Player "[HORDA]MacLovin" (steam64id="76561199068236803" pos=<9959.93, 7.65, 11751.9>) CloseFence
20:49:34: Player "[HORDA]MacLovin" (steam64id="76561199068236803" pos=<9959.36, 7.69, 11753.2>) CloseFence
20:49:35: Player "[HORDA]MacLovin" (steam64id="76561199068236803" pos=<9959.42, 7.68, 11752.9>) CloseFence
20:49:43: Player "[HORDA]MacLovin" (steam64id="76561199068236803" pos=<9958.02, 7.66, 11757.1>) CloseFence
20:54:38: Player "[HORDA]MacLovin" (steam64id="76561199068236803" pos=<9958.4, 7.62, 11757.7>) CloseFence
20:54:41: Player "[HORDA]MacLovin" (steam64id="76561199068236803" pos=<9958.63, 7.74, 11755.3>) CloseFence
20:54:42: Player "[HORDA]MacLovin" (steam64id="76561199068236803" pos=<9959.12, 7.72, 11754.2>) CloseFence
20:54:45: Player "[HORDA]MacLovin" (steam64id="76561199068236803" pos=<9960.43, 7.60, 11750.3>) CloseFence
20:58:03: Player "[YKZ] Felps" (steam64id="76561198892779186" pos=<11085.4, 31.61, 8426.57>) CloseFence
21:05:03: Player "[YKZ] Felps" (steam64id="76561198892779186" pos=<11085.6, 31.61, 8425.98>) CloseFence
21:05:12: Player "[YKZ] Felps" (steam64id="76561198892779186" pos=<11084.5, 31.61, 8426.13>) CloseFence
21:17:28: Player "[YKZ] Felps" (steam64id="76561198892779186" pos=<11085.5, 31.61, 8426.28>) CloseFence
21:17:35: Player "[HORDA]MacLovin" (steam64id="76561199068236803" pos=<9966.78, 6.83, 11748.2>) CloseFence
21:17:49: Player "[HORDA]MacLovin" (steam64id="76561199068236803" pos=<9968.83, 6.83, 11747.8>) CloseFence
21:18:03: Player "[HORDA]MacLovin" (steam64id="76561199068236803" pos=<9959.84, 7.65, 11752.1>) CloseFence
21:18:06: Player "[HORDA]MacLovin" (steam64id="76561199068236803" pos=<9959.49, 7.70, 11752.8>) CloseFence
21:18:09: Player "[HORDA]MacLovin" (steam64id="76561199068236803" pos=<9959.24, 7.71, 11754>) CloseFence
21:18:11: Player "[HORDA]MacLovin" (steam64id="76561199068236803" pos=<9958.53, 7.74, 11755.6>) CloseFence
21:18:17: Player "[HORDA]MacLovin" (steam64id="76561199068236803" pos=<9957.85, 7.57, 11758>) CloseFence
21:18:19: Player "[HORDA]MacLovin" (steam64id="76561199068236803" pos=<9957.68, 7.51, 11758.5>) CloseFence
21:18:26: Player "[HORDA]MacLovin" (steam64id="76561199068236803" pos=<9966.82, 7.67, 11752.4>) CloseFence
21:18:37: Player "[YKZ] Felps" (steam64id="76561198892779186" pos=<11085.5, 31.61, 8426.79>) CloseFence
21:20:46: Player "[YKZ] Felps" (steam64id="76561198892779186" pos=<11083.3, 26.41, 8429.93>) CloseFence
21:21:02: Player "[YKZ] Felps" (steam64id="76561198892779186" pos=<11084.3, 10.64, 8430.77>) CloseFence
21:21:05: Player "[YKZ] Felps" (steam64id="76561198892779186" pos=<11083.7, 8.51, 8429.52>) CloseFence
21:21:17: Player "[YKZ] Felps" (steam64id="76561198892779186" pos=<11081.8, 4.21, 8427.29>) CloseFence
21:22:36: Player "[HORDA]MacLovin" (steam64id="76561199068236803" pos=<9956.53, 7.26, 11771.6>) CloseFence
21:25:00: Player "Alcanfor" (steam64id="76561198018104612" pos=<10428.8, 12.35, 11510.9>) OpenFence
21:25:02: Player "Alcanfor" (steam64id="76561198018104612" pos=<10429.3, 12.53, 11513>) OpenFence
21:27:26: Player "[HORDA]MacLovin" (steam64id="76561199068236803" pos=<9956.87, 7.46, 11772.1>) CloseFence
21:32:26: Player "[YKZ] pedrobala" (steam64id="76561198046653521" pos=<10684.9, 4.41, 8454.19>) CloseFence
21:32:30: Player "[YKZ] pedrobala" (steam64id="76561198046653521" pos=<10687.3, 4.35, 8454.05>) CloseFence
21:32:35: Player "[YKZ] pedrobala" (steam64id="76561198046653521" pos=<10689.7, 4.36, 8451.47>) CloseFence
21:32:40: Player "[YKZ] pedrobala" (steam64id="76561198046653521" pos=<10691.2, 4.48, 8444.9>) CloseFence
21:32:45: Player "[YKZ] pedrobala" (steam64id="76561198046653521" pos=<10687.8, 4.66, 8441.25>) CloseFence
21:32:50: Player "[YKZ] pedrobala" (steam64id="76561198046653521" pos=<10684.2, 4.82, 8438.04>) CloseFence
21:36:16: Player "[horda]marcelinho" (steam64id="76561198817477406" pos=<9959.56, 7.68, 11753.1>) CloseFence
21:36:20: Player "[horda]marcelinho" (steam64id="76561198817477406" pos=<9959.84, 7.71, 11753.9>) CloseFence
21:36:25: Player "[horda]marcelinho" (steam64id="76561198817477406" pos=<9958.05, 7.55, 11758.2>) CloseFence
21:36:26: Player "[HORDA] JHON WICK" (steam64id="76561198122075703" pos=<9959.93, 6.76, 11745.2>) CloseFence
21:36:35: Player "[HORDA] JHON WICK" (steam64id="76561198122075703" pos=<9960.49, 7.63, 11751.3>) CloseFence
21:36:38: Player "[HORDA] JHON WICK" (steam64id="76561198122075703" pos=<9959.58, 7.67, 11752.7>) CloseFence
21:36:41: Player "[HORDA] JHON WICK" (steam64id="76561198122075703" pos=<9959.54, 7.70, 11753.5>) CloseFence
21:36:44: Player "[HORDA] JHON WICK" (steam64id="76561198122075703" pos=<9958.32, 7.66, 11757.2>) CloseFence
21:36:46: Player "[HORDA] JHON WICK" (steam64id="76561198122075703" pos=<9958.05, 7.57, 11758>) CloseFence
21:36:55: Player "[HORDA] JHON WICK" (steam64id="76561198122075703" pos=<9956.38, 7.25, 11771.4>) CloseFence
21:36:57: Player "[HORDA] JHON WICK" (steam64id="76561198122075703" pos=<9956.79, 7.53, 11772.5>) CloseFence
21:37:43: Player "[YKZ] pedrobala" (steam64id="76561198046653521" pos=<10675.7, 5.12, 8434.71>) CloseFence
21:38:00: Player "[YKZ] pedrobala" (steam64id="76561198046653521" pos=<10685.8, 4.76, 8438.94>) CloseFence
21:38:21: Player "[YKZ] pedrobala" (steam64id="76561198046653521" pos=<10686, 4.75, 8439.1>) CloseFence
21:38:24: Player "[YKZ] pedrobala" (steam64id="76561198046653521" pos=<10689.6, 4.57, 8442.71>) CloseFence
21:38:33: Player "[YKZ] pedrobala" (steam64id="76561198046653521" pos=<10685.1, 4.11, 8456.65>) CloseFence
21:38:57: Player "[horda]marcelinho" (steam64id="76561198817477406" pos=<9956.69, 7.55, 11772.7>) CloseFence
21:40:22: Player "[YKZ] Notsniw" (steam64id="76561197967151252" pos=<11081.3, 4.21, 8427.22>) CloseFence
21:41:09: Player "[YKZ] Notsniw" (steam64id="76561197967151252" pos=<11082.7, 4.21, 8427.98>) CloseFence
21:42:14: Player "[YKZ] Notsniw" (steam64id="76561197967151252" pos=<11083.4, 4.21, 8427.88>) CloseFence
21:42:23: Player "[YKZ] Notsniw" (steam64id="76561197967151252" pos=<11083.8, 9.20, 8428.56>) CloseFence
21:42:28: Player "[YKZ] Notsniw" (steam64id="76561197967151252" pos=<11084.3, 10.61, 8430.68>) CloseFence
21:42:50: Player "[YKZ] Notsniw" (steam64id="76561197967151252" pos=<11084, 27.97, 8428.53>) CloseFence
21:46:00: Player "[YKZ] Notsniw" (steam64id="76561197967151252" pos=<11085.3, 35.24, 8426.98>) CloseFence
21:47:38: Player "[YKZ] Notsniw" (steam64id="76561197967151252" pos=<11087.4, 35.24, 8424.04>) CloseFence
21:49:29: Player "Xupyra" (steam64id="76561198258911731" pos=<8846.31, 7.45, 10240.5>) CloseFence
21:50:35: Player "[YKZ] Felps" (steam64id="76561198892779186" pos=<11092.4, 4.01, 8415.63>) CloseFence
21:50:58: Player "Xupyra" (steam64id="76561198258911731" pos=<8847.24, 7.45, 10241.1>) CloseFence
21:51:03: Player "Xupyra" (steam64id="76561198258911731" pos=<8843.06, 7.45, 10240.8>) CloseFence
21:51:08: Player "Xupyra" (steam64id="76561198258911731" pos=<8840.23, 7.45, 10243>) CloseFence
21:51:12: Player "Xupyra" (steam64id="76561198258911731" pos=<8840.05, 7.45, 10243.6>) CloseFence
21:51:14: Player "Kenne {COT}" (steam64id="76561199162256124" pos=<8839.29, 7.45, 10243.4>) CloseFence
21:51:15: Player "Kenne {COT}" (steam64id="76561199162256124" pos=<8839.29, 7.45, 10243.4>) CloseFence
21:51:21: Player "Xupyra" (steam64id="76561198258911731" pos=<8838.93, 7.45, 10244>) CloseFence
21:51:21: Player "[YKZ] Notsniw" (steam64id="76561197967151252" pos=<11087.4, 35.24, 8424.65>) CloseFence
21:51:29: Player "Xupyra" (steam64id="76561198258911731" pos=<8838.46, 7.45, 10244.3>) CloseFence
21:51:30: Player "[YKZ] Notsniw" (steam64id="76561197967151252" pos=<11085.3, 35.24, 8428.3>) CloseFence
21:51:31: Player "Xupyra" (steam64id="76561198258911731" pos=<8837.25, 7.45, 10245>) CloseFence
21:51:34: Player "Xupyra" (steam64id="76561198258911731" pos=<8833.77, 7.44, 10248.1>) CloseFence
21:51:45: Player "[YKZ] Notsniw" (steam64id="76561197967151252" pos=<11083.6, 26.73, 8429.79>) CloseFence
21:51:57: Player "[YKZ] Notsniw" (steam64id="76561197967151252" pos=<11084, 10.87, 8430.99>) CloseFence
21:52:14: Player "[YKZ] Notsniw" (steam64id="76561197967151252" pos=<11083.9, 8.79, 8429.26>) CloseFence
21:52:34: Player "[YKZ] Notsniw" (steam64id="76561197967151252" pos=<11084.3, 5.90, 8430.4>) CloseFence
21:53:05: Player "[YKZ] Notsniw" (steam64id="76561197967151252" pos=<11081.4, 4.21, 8427.11>) CloseFence
21:53:20: Player "[YKZ] GordoEmers" (steam64id="76561198260617608" pos=<10681, 10.98, 8435.14>) OpenFence
21:53:22: Player "[YKZ] Notsniw" (steam64id="76561197967151252" pos=<11082.8, 4.21, 8426.48>) CloseFence
21:53:26: Player "[YKZ] Notsniw" (steam64id="76561197967151252" pos=<11083.6, 4.21, 8428.26>) CloseFence
21:53:26: Player "[YKZ] GordoEmers" (steam64id="76561198260617608" pos=<10680.3, 10.95, 8437.17>) CloseFence
21:54:27: Player "[YKZ] Notsniw" (steam64id="76561197967151252" pos=<11083.7, 4.21, 8428.33>) CloseFence
21:54:39: Player "[YKZ] Notsniw" (steam64id="76561197967151252" pos=<11083.2, 4.21, 8428.19>) CloseFence
21:57:55: Player "DanielSam" (steam64id="76561198867200764" pos=<7554.75, 35.23, 7897.83>) CloseFence
21:58:52: Player "DanielSam" (steam64id="76561198867200764" pos=<7555.07, 31.35, 7897.03>) CloseFence
21:59:02: Player "[YKZ] Notsniw" (steam64id="76561197967151252" pos=<11081.2, 4.21, 8427.37>) CloseFence
21:59:11: Player "[YKZ] Notsniw" (steam64id="76561197967151252" pos=<11091.9, 4.21, 8418.59>) CloseFence
21:59:14: Player "[YKZ] GordoEmers" (steam64id="76561198260617608" pos=<10675.7, 5.12, 8434.54>) CloseFence
22:00:18: Player "[YKZ] Notsniw" (steam64id="76561197967151252" pos=<11091.5, 4.21, 8417.67>) CloseFence
22:00:23: Player "[YKZ] Notsniw" (steam64id="76561197967151252" pos=<11083.1, 4.21, 8427.76>) CloseFence
22:00:27: Player "DanielSam" (steam64id="76561198867200764" pos=<7548.6, 28.05, 7899.64>) CloseFence
22:00:35: Player "[YKZ] Felps" (steam64id="76561198892779186" pos=<11092.7, 4.01, 8416.65>) CloseFence
22:00:35: Player "[YKZ] GordoEmers" (steam64id="76561198260617608" pos=<10685.6, 4.77, 8438.77>) CloseFence
22:00:40: Player "DanielSam" (steam64id="76561198867200764" pos=<7545.59, 28.01, 7898.87>) CloseFence
22:00:40: Player "[YKZ] GordoEmers" (steam64id="76561198260617608" pos=<10689.7, 4.57, 8442.83>) CloseFence
22:00:44: Player "[YKZ] GordoEmers" (steam64id="76561198260617608" pos=<10691.6, 4.45, 8445.71>) CloseFence
22:01:13: Player "[YKZ] GordoEmers" (steam64id="76561198260617608" pos=<10692, 4.46, 8445.15>) CloseFence
22:01:18: Player "[YKZ] GordoEmers" (steam64id="76561198260617608" pos=<10688.2, 4.63, 8442.06>) CloseFence
22:01:20: Player "[YKZ] GordoEmers" (steam64id="76561198260617608" pos=<10684.6, 4.81, 8438.24>) CloseFence
22:01:21: Player "[YKZ] Felps" (steam64id="76561198892779186" pos=<11082, 4.21, 8426.22>) CloseFence
22:01:24: Player "[YKZ] Felps" (steam64id="76561198892779186" pos=<11082.3, 4.21, 8427.34>) CloseFence
22:01:38: Player "[YKZ] Notsniw" (steam64id="76561197967151252" pos=<11085.1, 5.42, 8430.3>) CloseFence
22:01:57: Player "[YKZ] Felps" (steam64id="76561198892779186" pos=<11084, 6.99, 8431.67>) CloseFence
22:02:03: Player "[YKZ] Felps" (steam64id="76561198892779186" pos=<11084.1, 9.29, 8428.49>) CloseFence
22:02:07: Player "[YKZ] Felps" (steam64id="76561198892779186" pos=<11084.1, 10.96, 8431.18>) CloseFence
22:02:17: Player "[YKZ] Felps" (steam64id="76561198892779186" pos=<11084.1, 27.61, 8429.06>) CloseFence
22:02:22: Player "[YKZ] Felps" (steam64id="76561198892779186" pos=<11085.7, 31.61, 8426.1>) CloseFence
22:03:00: Player "[YKZ] GordoEmers" (steam64id="76561198260617608" pos=<10684.7, 4.79, 8438.98>) CloseFence
22:03:05: Player "[YKZ] GordoEmers" (steam64id="76561198260617608" pos=<10689.4, 4.58, 8442.57>) CloseFence
22:03:07: Player "[YKZ] GordoEmers" (steam64id="76561198260617608" pos=<10692.8, 4.42, 8445.51>) CloseFence
22:03:32: Player "[horda]marcelinho" (steam64id="76561198817477406" pos=<9956.42, 7.56, 11772.6>) CloseFence
22:03:34: Player "[YKZ] GordoEmers" (steam64id="76561198260617608" pos=<10681.3, 4.14, 8455.5>) CloseFence
22:03:52: Player "[horda]marcelinho" (steam64id="76561198817477406" pos=<9957.53, 7.45, 11759>) CloseFence
22:03:57: Player "[horda]marcelinho" (steam64id="76561198817477406" pos=<9958.77, 7.74, 11755.9>) CloseFence
22:04:02: Player "[horda]marcelinho" (steam64id="76561198817477406" pos=<9959.71, 7.70, 11753.5>) CloseFence
22:04:06: Player "[horda]marcelinho" (steam64id="76561198817477406" pos=<9960.11, 7.62, 11751.2>) CloseFence
22:04:21: Player "[horda]marcelinho" (steam64id="76561198817477406" pos=<9960.39, 7.62, 11751>) CloseFence
22:04:27: Player "[horda]marcelinho" (steam64id="76561198817477406" pos=<9960.49, 6.79, 11746.5>) CloseFence
22:06:52: Player "[YKZ] GordoEmers" (steam64id="76561198260617608" pos=<11092.3, 4.01, 8415.85>) CloseFence
22:06:55: Player "[YKZ] GordoEmers" (steam64id="76561198260617608" pos=<11092.1, 4.25, 8417.23>) CloseFence
22:07:46: Player "[YKZ] GordoEmers" (steam64id="76561198260617608" pos=<11082, 4.21, 8426.19>) CloseFence
22:08:01: Player "[YKZ] GordoEmers" (steam64id="76561198260617608" pos=<11092.9, 4.01, 8416.7>) CloseFence
22:08:03: Player "[YKZ] Notsniw" (steam64id="76561197967151252" pos=<11084, 6.99, 8431.52>) CloseFence
22:08:06: Player "[YKZ] Notsniw" (steam64id="76561197967151252" pos=<11084, 9.09, 8428.86>) CloseFence
22:08:09: Player "[YKZ] Notsniw" (steam64id="76561197967151252" pos=<11084.1, 10.85, 8431.05>) CloseFence
22:08:21: Player "[YKZ] Notsniw" (steam64id="76561197967151252" pos=<11084, 27.93, 8428.63>) CloseFence
22:08:27: Player "[YKZ] Notsniw" (steam64id="76561197967151252" pos=<11084.9, 35.24, 8427.77>) CloseFence
22:11:54: Player "[YKZ] Notsniw" (steam64id="76561197967151252" pos=<11085.3, 35.24, 8427.78>) CloseFence
22:12:02: Player "[YKZ] Notsniw" (steam64id="76561197967151252" pos=<11083.7, 26.84, 8429.7>) CloseFence
22:12:49: Player "[YKZ] Notsniw" (steam64id="76561197967151252" pos=<11084.4, 10.46, 8430.46>) CloseFence
22:12:52: Player "[YKZ] Notsniw" (steam64id="76561197967151252" pos=<11083.6, 8.30, 8429.78>) CloseFence
22:12:59: Player "[YKZ] Notsniw" (steam64id="76561197967151252" pos=<11085.1, 5.36, 8430.29>) CloseFence
22:13:11: Player "[YKZ] Notsniw" (steam64id="76561197967151252" pos=<11081.3, 4.21, 8427.25>) CloseFence
22:14:04: Player "[YKZ] Felps" (steam64id="76561198892779186" pos=<11085.2, 31.61, 8426.69>) CloseFence
22:14:09: Player "[YKZ] Felps" (steam64id="76561198892779186" pos=<11083.3, 26.67, 8429.62>) CloseFence
22:14:20: Player "[YKZ] Felps" (steam64id="76561198892779186" pos=<11084.3, 10.61, 8430.68>) CloseFence
22:14:23: Player "[YKZ] Felps" (steam64id="76561198892779186" pos=<11083.4, 8.10, 8429.98>) CloseFence
22:14:31: Player "[YKZ] Felps" (steam64id="76561198892779186" pos=<11084.7, 5.63, 8430.35>) CloseFence
22:14:34: Player "[YKZ] Felps" (steam64id="76561198892779186" pos=<11082.3, 4.21, 8427.37>) CloseFence
22:14:50: Player "[YKZ] Felps" (steam64id="76561198892779186" pos=<11092.4, 4.01, 8416.63>) CloseFence
22:14:52: Player "[YKZ] Notsniw" (steam64id="76561197967151252" pos=<11092, 4.25, 8417.32>) CloseFence
22:16:02: Player "[YKZ] pedrobala" (steam64id="76561198046653521" pos=<10684.6, 4.16, 8455>) CloseFence
22:16:05: Player "[YKZ] pedrobala" (steam64id="76561198046653521" pos=<10687.8, 4.35, 8453.55>) CloseFence
22:16:07: Player "[YKZ] pedrobala" (steam64id="76561198046653521" pos=<10690.2, 4.34, 8451.45>) CloseFence
22:16:10: Player "[YKZ] pedrobala" (steam64id="76561198046653521" pos=<10691.2, 4.47, 8445.11>) CloseFence
22:16:12: Player "[YKZ] pedrobala" (steam64id="76561198046653521" pos=<10688, 4.64, 8441.72>) CloseFence
22:16:15: Player "[YKZ] pedrobala" (steam64id="76561198046653521" pos=<10684.6, 4.81, 8438.27>) CloseFence
22:16:23: Player "[YKZ] pedrobala" (steam64id="76561198046653521" pos=<10681, 10.99, 8434.47>) OpenFence
22:16:24: Player "[YKZ] pedrobala" (steam64id="76561198046653521" pos=<10680.1, 10.88, 8438.22>) CloseFence
22:16:29: Player "[YKZ] pedrobala" (steam64id="76561198046653521" pos=<10680.1, 10.95, 8436.99>) CloseFence
22:16:43: Player "[YKZ] GordoEmers" (steam64id="76561198260617608" pos=<10692.5, 4.43, 8445.75>) CloseFence
22:16:46: Player "[YKZ] GordoEmers" (steam64id="76561198260617608" pos=<10688.4, 4.62, 8442.06>) CloseFence
22:16:48: Player "[YKZ] GordoEmers" (steam64id="76561198260617608" pos=<10685.2, 4.79, 8438.4>) CloseFence
22:17:00: Player "[YKZ] GordoEmers" (steam64id="76561198260617608" pos=<10680.4, 11.01, 8434.38>) OpenFence
22:17:02: Player "[YKZ] GordoEmers" (steam64id="76561198260617608" pos=<10679.8, 10.97, 8436.71>) CloseFence
22:17:16: Player "[YKZ] pedrobala" (steam64id="76561198046653521" pos=<10681, 10.98, 8435.27>) OpenFence
22:17:17: Player "[YKZ] pedrobala" (steam64id="76561198046653521" pos=<10680, 10.88, 8438.4>) CloseFence
22:17:27: Player "[YKZ] pedrobala" (steam64id="76561198046653521" pos=<10679.4, 10.96, 8437.43>) OpenFence
22:17:28: Player "[YKZ] pedrobala" (steam64id="76561198046653521" pos=<10680.6, 10.96, 8436.47>) CloseFence
22:17:33: Player "[YKZ] GordoEmers" (steam64id="76561198260617608" pos=<10679.3, 10.96, 8437.58>) OpenFence
22:17:34: Player "[YKZ] GordoEmers" (steam64id="76561198260617608" pos=<10680.4, 10.95, 8437.04>) CloseFence
22:17:36: Player "[YKZ] pedrobala" (steam64id="76561198046653521" pos=<10681.2, 10.98, 8434.81>) OpenFence
22:17:49: Player "[YKZ] Notsniw" (steam64id="76561197967151252" pos=<10684.3, 4.44, 8453.44>) CloseFence
22:17:54: Player "[YKZ] Notsniw" (steam64id="76561197967151252" pos=<10686.7, 4.43, 8451.47>) CloseFence
22:18:00: Player "[YKZ] pedrobala" (steam64id="76561198046653521" pos=<10680.3, 10.97, 8436.11>) CloseFence
22:18:02: Player "[YKZ] Notsniw" (steam64id="76561197967151252" pos=<10689.2, 4.44, 8448.47>) CloseFence
22:18:53: Player "[YKZ] pedrobala" (steam64id="76561198046653521" pos=<10680.3, 11.01, 8434.49>) OpenFence
22:20:56: Player "[YKZ] pedrobala" (steam64id="76561198046653521" pos=<10680.1, 10.96, 8436.8>) CloseFence
22:22:02: Player "[horda]marcelinho" (steam64id="76561198817477406" pos=<9959.83, 6.78, 11746.2>) CloseFence
22:22:06: Player "[HORDA]ThiagoPenna" (steam64id="76561198218822351" pos=<9960.03, 7.67, 11752.6>) CloseFence
22:22:10: Player "[HORDA]ThiagoPenna" (steam64id="76561198218822351" pos=<9959.4, 7.72, 11754.3>) CloseFence
22:22:14: Player "[HORDA]ThiagoPenna" (steam64id="76561198218822351" pos=<9958.71, 7.74, 11755.9>) CloseFence
22:22:16: Player "[horda]marcelinho" (steam64id="76561198817477406" pos=<9960.45, 6.79, 11746.5>) CloseFence
22:22:20: Player "[horda]marcelinho" (steam64id="76561198817477406" pos=<9959.87, 6.77, 11745.8>) CloseFence
22:22:28: Player "[HORDA]ThiagoPenna" (steam64id="76561198218822351" pos=<9967.16, 7.66, 11752.5>) CloseFence
22:22:34: Player "[horda]marcelinho" (steam64id="76561198817477406" pos=<9959.85, 7.66, 11752.2>) CloseFence
22:22:37: Player "[horda]marcelinho" (steam64id="76561198817477406" pos=<9959.29, 7.71, 11753.9>) CloseFence
22:22:43: Player "[horda]marcelinho" (steam64id="76561198817477406" pos=<9958.81, 7.72, 11756.6>) CloseFence
22:22:45: Player "[horda]marcelinho" (steam64id="76561198817477406" pos=<9957.85, 7.50, 11758.7>) CloseFence
22:22:51: Player "[horda]marcelinho" (steam64id="76561198817477406" pos=<9955.55, 7.56, 11776>) CloseFence
22:24:25: Player "[YKZ] pedrobala" (steam64id="76561198046653521" pos=<10675.6, 5.10, 8435.57>) CloseFence
22:24:28: Player "[YKZ] pedrobala" (steam64id="76561198046653521" pos=<10675.7, 5.12, 8434.45>) CloseFence
22:24:30: Player "[YKZ] GordoEmers" (steam64id="76561198260617608" pos=<10680.1, 10.97, 8436.35>) CloseFence
22:24:56: Player "[YKZ] GordoEmers" (steam64id="76561198260617608" pos=<10680, 10.97, 8436.54>) OpenFence
22:24:57: Player "[YKZ] GordoEmers" (steam64id="76561198260617608" pos=<10679.9, 10.96, 8437.04>) CloseFence
22:25:24: Player "[YKZ] pedrobala" (steam64id="76561198046653521" pos=<10681, 10.99, 8434.68>) OpenFence
22:25:46: Player "[YKZ] pedrobala" (steam64id="76561198046653521" pos=<10680.7, 10.96, 8436.4>) CloseFence
22:28:51: Player "[YKZ] pedrobala" (steam64id="76561198046653521" pos=<10690.4, 4.50, 8444.89>) CloseFence
22:28:53: Player "[YKZ] pedrobala" (steam64id="76561198046653521" pos=<10687.6, 4.65, 8441.64>) CloseFence
22:28:54: Player "[YKZ] pedrobala" (steam64id="76561198046653521" pos=<10684.2, 4.82, 8438.08>) CloseFence
22:30:47: Player "[YKZ] GordoEmers" (steam64id="76561198260617608" pos=<10674.7, 5.11, 8435.89>) CloseFence
22:30:55: Player "[YKZ] GordoEmers" (steam64id="76561198260617608" pos=<10675.2, 5.12, 8435.2>) CloseFence
22:31:26: Player "[YKZ] GordoEmers" (steam64id="76561198260617608" pos=<10680.6, 11.00, 8434.64>) OpenFence
22:31:30: Player "[YKZ] GordoEmers" (steam64id="76561198260617608" pos=<10678.6, 11.01, 8436.25>) CloseFence
22:31:41: Player "[YKZ] GordoEmers" (steam64id="76561198260617608" pos=<10679.2, 10.99, 8436.32>) OpenFence
22:31:50: Player "[YKZ] GordoEmers" (steam64id="76561198260617608" pos=<10680.1, 10.96, 8436.88>) CloseFence
22:32:06: Player "[YKZ] GordoEmers" (steam64id="76561198260617608" pos=<10674.8, 5.11, 8436.04>) CloseFence
22:32:08: Player "[YKZ] GordoEmers" (steam64id="76561198260617608" pos=<10685.1, 4.77, 8438.85>) CloseFence
22:32:12: Player "[YKZ] GordoEmers" (steam64id="76561198260617608" pos=<10688.6, 4.60, 8442.41>) CloseFence
22:32:13: Player "[YKZ] GordoEmers" (steam64id="76561198260617608" pos=<10692.3, 4.43, 8445.74>) CloseFence
22:32:20: Player "[YKZ] GordoEmers" (steam64id="76561198260617608" pos=<10685.8, 4.41, 8453.02>) CloseFence
22:32:22: Player "[YKZ] GordoEmers" (steam64id="76561198260617608" pos=<10683.6, 4.17, 8454.66>) CloseFence
22:33:00: Player "[YKZ] GordoEmers" (steam64id="76561198260617608" pos=<10684.5, 4.43, 8453.86>) CloseFence
22:33:10: Player "[YKZ] GordoEmers" (steam64id="76561198260617608" pos=<10691.6, 4.45, 8445.52>) CloseFence
22:33:12: Player "[YKZ] GordoEmers" (steam64id="76561198260617608" pos=<10688.1, 4.64, 8441.68>) CloseFence
22:33:14: Player "[YKZ] GordoEmers" (steam64id="76561198260617608" pos=<10685, 4.80, 8438.3>) CloseFence
22:34:10: Player "[YKZ] Felps" (steam64id="76561198892779186" pos=<10680, 10.96, 8436.88>) CloseFence
22:45:39: Player "[HORDA]ThiagoPenna" (steam64id="76561198218822351" pos=<9954.39, 18.95, 11774.9>) CloseFence
22:45:48: Player "[HORDA]ThiagoPenna" (steam64id="76561198218822351" pos=<9956.8, 7.50, 11772.3>) CloseFence
22:45:56: Player "[HORDA]ThiagoPenna" (steam64id="76561198218822351" pos=<9957.65, 7.47, 11758.9>) CloseFence
22:46:01: Player "[HORDA]ThiagoPenna" (steam64id="76561198218822351" pos=<9956.74, 7.52, 11772.4>) CloseFence
22:46:49: Player "[YKZ] pedrobala" (steam64id="76561198046653521" pos=<10399.4, 14.99, 10632.7>) OpenFence
22:46:51: Player "[YKZ] pedrobala" (steam64id="76561198046653521" pos=<10400, 14.98, 10632.3>) CloseFence
22:47:18: Player "KOREA" (steam64id="76561198253386609" pos=<10398.2, 14.93, 10629.5>) CloseFence
22:47:31: Player "KOREA" (steam64id="76561198253386609" pos=<10399.3, 14.93, 10629.4>) OpenFence
22:48:45: Player "[YKZ] pedrobala" (steam64id="76561198046653521" pos=<10395.5, 14.89, 10626.6>) OpenFence
22:48:59: Player "[YKZ] pedrobala" (steam64id="76561198046653521" pos=<10396.3, 14.89, 10626.8>) CloseFence
22:51:08: Player "[YKZ] Felps" (steam64id="76561198892779186" pos=<10396, 14.88, 10625.9>) OpenFence
22:51:11: Player "[YKZ] Felps" (steam64id="76561198892779186" pos=<10401, 14.89, 10627.3>) CloseFence
22:51:17: Player "[YKZ] Felps" (steam64id="76561198892779186" pos=<10398.8, 14.87, 10626.2>) OpenFence
22:51:18: Player "[YKZ] Felps" (steam64id="76561198892779186" pos=<10397.2, 14.88, 10626.4>) CloseFence
22:55:08: Player "[YKZ] pedrobala" (steam64id="76561198046653521" pos=<10395.2, 15.02, 10634.1>) CloseFence
22:55:14: Player "[YKZ] pedrobala" (steam64id="76561198046653521" pos=<10395.6, 14.90, 10626.9>) OpenFence
22:55:17: Player "[YKZ] pedrobala" (steam64id="76561198046653521" pos=<10396.9, 14.89, 10626.9>) CloseFence
22:55:27: Player "[YKZ] pedrobala" (steam64id="76561198046653521" pos=<10395.6, 14.89, 10626.7>) OpenFence
22:55:30: Player "[YKZ] pedrobala" (steam64id="76561198046653521" pos=<10397.4, 14.89, 10626.6>) CloseFence
22:56:15: Player "[YKZ] Felps" (steam64id="76561198892779186" pos=<10379.4, 14.94, 10626.7>) OpenFence
22:56:19: Player "[YKZ] Felps" (steam64id="76561198892779186" pos=<10378.8, 14.94, 10627>) CloseFence
22:56:34: Player "[YKZ] pedrobala" (steam64id="76561198046653521" pos=<10378.7, 14.94, 10626.8>) OpenFence
22:57:05: Player "KOREA" (steam64id="76561198253386609" pos=<10380.7, 14.94, 10627>) CloseFence
22:57:41: Player "[YKZ] pedrobala" (steam64id="76561198046653521" pos=<10378.8, 14.94, 10626.9>) OpenFence
22:57:42: Player "[YKZ] pedrobala" (steam64id="76561198046653521" pos=<10379.9, 14.99, 10629.7>) CloseFence
22:58:04: Player "Duero" (steam64id="76561198259492425" pos=<7395.4, 31.55, 8202.66>) CloseFence
22:58:08: Player "Duero" (steam64id="76561198259492425" pos=<7399.34, 31.43, 8201.69>) CloseFence
22:58:38: Player "[YKZ] pedrobala" (steam64id="76561198046653521" pos=<10379.1, 14.97, 10628.4>) OpenFence
22:58:42: Player "[YKZ] pedrobala" (steam64id="76561198046653521" pos=<10385.8, 14.89, 10625>) OpenFence
22:58:46: Player "[YKZ] pedrobala" (steam64id="76561198046653521" pos=<10389.3, 14.88, 10625.2>) CloseFence
22:58:48: Player "[YKZ] pedrobala" (steam64id="76561198046653521" pos=<10390.8, 14.90, 10626.5>) OpenFence
22:59:39: Player "[YKZ] pedrobala" (steam64id="76561198046653521" pos=<10389.5, 14.89, 10625.7>) OpenFence
22:59:42: Player "[YKZ] pedrobala" (steam64id="76561198046653521" pos=<10388.5, 14.88, 10624.8>) CloseFence
22:59:45: Player "Duero" (steam64id="76561198259492425" pos=<7396.52, 31.55, 8199.42>) CloseFence
22:59:48: Player "Duero" (steam64id="76561198259492425" pos=<7396.04, 31.55, 8202.81>) CloseFence
22:59:48: Player "[YKZ] pedrobala" (steam64id="76561198046653521" pos=<10389.3, 14.89, 10625.6>) OpenFence
23:00:20: Player "KOREA" (steam64id="76561198253386609" pos=<10389.8, 14.91, 10627>) CloseFence
23:00:56: Player "KOREA" (steam64id="76561198253386609" pos=<10378.3, 14.95, 10627.3>) CloseFence
23:00:57: Player "[YKZ] pedrobala" (steam64id="76561198046653521" pos=<10378.9, 14.95, 10627.3>) OpenFence
23:00:59: Player "[YKZ] pedrobala" (steam64id="76561198046653521" pos=<10378.6, 14.94, 10627>) CloseFence
23:02:11: Player "[YKZ] pedrobala" (steam64id="76561198046653521" pos=<10400.1, 14.93, 10629.5>) OpenFence
23:02:11: Player "[YKZ] chron1c" (steam64id="76561198205585613" pos=<11085.3, 31.61, 8426.74>) CloseFence
23:02:33: Player "[YKZ] pedrobala" (steam64id="76561198046653521" pos=<10399.7, 15.00, 10633.6>) OpenFence
23:02:47: Player "[YKZ] pedrobala" (steam64id="76561198046653521" pos=<10400.2, 14.99, 10632.9>) OpenFence
23:02:49: Player "[YKZ] pedrobala" (steam64id="76561198046653521" pos=<10399.8, 14.98, 10632.5>) CloseFence
23:02:58: Player "[YKZ] pedrobala" (steam64id="76561198046653521" pos=<10397.7, 14.88, 10626.4>) CloseFence
23:03:06: Player "[YKZ] pedrobala" (steam64id="76561198046653521" pos=<10392.6, 14.88, 10625.7>) CloseFence
23:03:14: Player "[YKZ] pedrobala" (steam64id="76561198046653521" pos=<10386.4, 14.90, 10625.5>) CloseFence
23:04:21: Player "[YKZ] chron1c" (steam64id="76561198205585613" pos=<11085.1, 31.61, 8427.7>) CloseFence
23:04:22: Player "[YKZ] Felps" (steam64id="76561198892779186" pos=<10392.1, 14.89, 10626.2>) CloseFence
23:04:30: Player "[YKZ] chron1c" (steam64id="76561198205585613" pos=<11084.8, 31.61, 8425.4>) CloseFence
23:06:16: Player "[YKZ] pedrobala" (steam64id="76561198046653521" pos=<10397.7, 15.01, 10633.7>) CloseFence
23:06:17: Player "[YKZ] pedrobala" (steam64id="76561198046653521" pos=<10398.2, 14.95, 10630.5>) CloseFence
23:06:19: Player "[YKZ] pedrobala" (steam64id="76561198046653521" pos=<10397.5, 14.88, 10626.4>) CloseFence
23:06:21: Player "[YKZ] pedrobala" (steam64id="76561198046653521" pos=<10393, 14.88, 10625.8>) CloseFence
23:06:22: Player "[YKZ] pedrobala" (steam64id="76561198046653521" pos=<10388.1, 14.88, 10624.9>) CloseFence
23:07:03: Player "[YKZ] pedrobala" (steam64id="76561198046653521" pos=<10379, 14.94, 10626.7>) CloseFence
23:07:46: Player "[YKZ] pedrobala" (steam64id="76561198046653521" pos=<10379.7, 14.98, 10629>) CloseFence
23:08:08: Player "[YKZ] Notsniw" (steam64id="76561197967151252" pos=<10383.5, 20.92, 10626.5>) CloseFence
23:08:51: Player "[YKZ] pedrobala" (steam64id="76561198046653521" pos=<10378.7, 14.94, 10626.8>) CloseFence
23:08:58: Player "[YKZ] pedrobala" (steam64id="76561198046653521" pos=<10379.2, 14.98, 10629>) CloseFence
23:09:54: Player "[YKZ] Notsniw" (steam64id="76561197967151252" pos=<10383.2, 20.91, 10625.8>) CloseFence
23:13:58: Player "[YKZ] Felps" (steam64id="76561198892779186" pos=<10383, 20.93, 10626.7>) CloseFence
23:19:57: Player "[YKZ] pedrobala" (steam64id="76561198046653521" pos=<10379.3, 14.97, 10628.9>) CloseFence
23:21:06: Player "[YKZ] pedrobala" (steam64id="76561198046653521" pos=<10378.4, 14.95, 10627.3>) CloseFence
23:28:31: Player "[ONE] JAPA" (steam64id="76561198161060673" pos=<9572.25, 29.88, 12176.3>) CloseFence
23:28:32: Player "[ONE] JAPA" (steam64id="76561198161060673" pos=<9574.46, 30.26, 12175.8>) CloseFence
23:28:33: Player "[ONE] JAPA" (steam64id="76561198161060673" pos=<9575.93, 30.40, 12175.6>) CloseFence
23:28:35: Player "[ONE] JAPA" (steam64id="76561198161060673" pos=<9577.21, 30.43, 12175.4>) CloseFence
23:28:36: Player "[ONE] JAPA" (steam64id="76561198161060673" pos=<9578.45, 30.47, 12175.2>) CloseFence
23:28:37: Player "[ONE] JAPA" (steam64id="76561198161060673" pos=<9579.71, 30.47, 12175>) CloseFence
23:29:12: Player "[ONE] JAPA" (steam64id="76561198161060673" pos=<9569.86, 29.63, 12173.1>) CloseFence
23:29:38: Player "[ONE] JAPA" (steam64id="76561198161060673" pos=<9579.05, 30.46, 12172.8>) CloseFence
23:29:41: Player "[ONE] JAPA" (steam64id="76561198161060673" pos=<9580.98, 30.44, 12172.3>) CloseFence
23:29:46: Player "[ONE] JAPA" (steam64id="76561198161060673" pos=<9583.51, 30.40, 12173.2>) CloseFence
23:29:49: Player "[ONE] JAPA" (steam64id="76561198161060673" pos=<9586.27, 29.38, 12173.5>) CloseFence
23:32:59: Player "[YKZ] pedrobala" (steam64id="76561198046653521" pos=<10379.7, 14.98, 10629.3>) CloseFence
23:34:19: Player "[YKZ] pedrobala" (steam64id="76561198046653521" pos=<10387.1, 14.88, 10624.7>) CloseFence
23:35:22: Player "Vini_300" (steam64id="76561198145785923" pos=<10697.6, 35.71, 7319.11>) OpenFence
23:35:28: Player "Vini_300" (steam64id="76561198145785923" pos=<10692.5, 35.69, 7317.39>) CloseFence
23:35:31: Player "Vini_300" (steam64id="76561198145785923" pos=<10696.8, 35.71, 7319.23>) OpenFence
23:35:40: Player "Vini_300" (steam64id="76561198145785923" pos=<10693.6, 35.69, 7317.21>) CloseFence
23:35:59: Player "Vini_300" (steam64id="76561198145785923" pos=<10697.5, 35.71, 7318.21>) OpenFence
23:36:03: Player "Vini_300" (steam64id="76561198145785923" pos=<10696.2, 35.71, 7316.92>) CloseFence
23:37:01: Player "[YKZ] pedrobala" (steam64id="76561198046653521" pos=<10378.9, 14.95, 10627.4>) CloseFence
23:37:13: Player "Vini_300" (steam64id="76561198145785923" pos=<10697, 35.71, 7318.71>) OpenFence
23:37:16: Player "Vini_300" (steam64id="76561198145785923" pos=<10691.6, 35.70, 7317.14>) CloseFence
23:39:12: Player "[YKZ] Felps" (steam64id="76561198892779186" pos=<10383.3, 20.93, 10626.9>) CloseFence
23:39:19: Player "[YKZ] Felps" (steam64id="76561198892779186" pos=<10394.6, 14.89, 10626.1>) CloseFence
23:39:21: Player "[YKZ] Felps" (steam64id="76561198892779186" pos=<10398, 14.88, 10626.6>) CloseFence
23:39:33: Player "Vini_300" (steam64id="76561198145785923" pos=<10694.6, 35.68, 7318.03>) OpenFence
23:39:34: Player "[YKZ] Notsniw" (steam64id="76561197967151252" pos=<10398.1, 15.02, 10634.5>) CloseFence
23:39:41: Player "[YKZ] Notsniw" (steam64id="76561197967151252" pos=<10397.2, 15.03, 10634.9>) CloseFence
23:39:52: Player "[YKZ] Notsniw" (steam64id="76561197967151252" pos=<10396.5, 14.84, 10638.9>) CloseFence
23:41:05: Player "[YKZ] pedrobala" (steam64id="76561198046653521" pos=<10388.2, 14.89, 10625.3>) CloseFence
23:41:54: Player "[YKZ] pedrobala" (steam64id="76561198046653521" pos=<10384, 20.90, 10627.5>) CloseFence
23:42:06: Player "Vini_300" (steam64id="76561198145785923" pos=<10697.4, 35.71, 7318.03>) OpenFence
23:44:12: Player "[YKZ] Felps" (steam64id="76561198892779186" pos=<10397.9, 14.83, 10638.7>) CloseFence
23:44:17: Player "[YKZ] Felps" (steam64id="76561198892779186" pos=<10398, 15.04, 10635.8>) CloseFence
23:44:24: Player "[YKZ] Felps" (steam64id="76561198892779186" pos=<10399.3, 14.98, 10632.4>) CloseFence
23:44:41: Player "[YKZ] pedrobala" (steam64id="76561198046653521" pos=<10383.1, 20.91, 10625.6>) CloseFence
23:44:43: Player "[YKZ] Notsniw" (steam64id="76561197967151252" pos=<10398, 14.85, 10639.3>) CloseFence
23:44:57: Player "[YKZ] Notsniw" (steam64id="76561197967151252" pos=<10397.9, 14.97, 10631.5>) CloseFence
23:45:18: Player "[YKZ] pedrobala" (steam64id="76561198046653521" pos=<10383.8, 20.93, 10627.7>) CloseFence
23:45:22: Player "[YKZ] Notsniw" (steam64id="76561197967151252" pos=<10397.9, 14.89, 10626.7>) CloseFence
23:45:24: Player "[YKZ] Notsniw" (steam64id="76561197967151252" pos=<10393, 14.89, 10626.1>) CloseFence
23:45:29: Player "[YKZ] Notsniw" (steam64id="76561197967151252" pos=<10388.6, 14.89, 10625.5>) CloseFence
23:45:35: Player "[YKZ] Notsniw" (steam64id="76561197967151252" pos=<10383.5, 20.92, 10626.5>) CloseFence
23:49:40: Player "SobrinhoSam" (steam64id="76561199014145539" pos=<8834.25, 7.44, 10248.1>) CloseFence
23:50:04: Player "Xupyra" (steam64id="76561198258911731" pos=<8834.21, 7.44, 10247.3>) CloseFence
23:50:06: Player "Kenne {COT}" (steam64id="76561199162256124" pos=<8834.12, 7.44, 10247.4>) CloseFence
23:50:07: Player "Xupyra" (steam64id="76561198258911731" pos=<8843.47, 7.45, 10240.1>) CloseFence
23:50:08: Player "Kenne {COT}" (steam64id="76561199162256124" pos=<8836.72, 7.45, 10245.6>) CloseFence
23:50:10: Player "XOTA" (steam64id="76561199083408122" pos=<8834.1, 7.44, 10247.5>) CloseFence
23:50:11: Player "XOTA" (steam64id="76561199083408122" pos=<8836.94, 7.45, 10245>) CloseFence
23:50:17: Player "XOTA" (steam64id="76561199083408122" pos=<8837.55, 7.45, 10244.6>) CloseFence
23:50:20: Player "XOTA" (steam64id="76561199083408122" pos=<8838.82, 7.45, 10244>) CloseFence
23:50:28: Player "XOTA" (steam64id="76561199083408122" pos=<8838.35, 7.45, 10244.9>) CloseFence
23:50:30: Player "XOTA" (steam64id="76561199083408122" pos=<8840.77, 7.45, 10242.2>) CloseFence
23:50:33: Player "XOTA" (steam64id="76561199083408122" pos=<8843.58, 7.45, 10240.1>) CloseFence
23:50:43: Player "XOTA" (steam64id="76561199083408122" pos=<8846.68, 7.45, 10241>) CloseFence
23:50:46: Player "SobrinhoSam" (steam64id="76561199014145539" pos=<8849.32, 7.48, 10243.7>) CloseFence
23:51:09: Player "XOTA" (steam64id="76561199083408122" pos=<8847.82, 7.47, 10243.5>) CloseFence
23:51:57: Player "[YKZ] pedrobala" (steam64id="76561198046653521" pos=<10383.4, 20.90, 10625.3>) CloseFence
23:54:06: Player "[YKZ] pedrobala" (steam64id="76561198046653521" pos=<10383.3, 20.91, 10625.7>) CloseFence
23:56:23: Player "[YKZ] Notsniw" (steam64id="76561197967151252" pos=<10378.1, 14.95, 10627.1>) CloseFence
23:56:31: Player "Xupyra" (steam64id="76561198258911731" pos=<8847.6, 7.47, 10243.6>) CloseFence
23:56:35: Player "Xupyra" (steam64id="76561198258911731" pos=<8843.78, 7.45, 10239.9>) CloseFence
23:56:43: Player "Xupyra" (steam64id="76561198258911731" pos=<8840.47, 7.45, 10242.4>) CloseFence
23:56:47: Player "Xupyra" (steam64id="76561198258911731" pos=<8838.36, 7.45, 10244.2>) CloseFence
23:56:52: Player "Xupyra" (steam64id="76561198258911731" pos=<8837.21, 7.45, 10245.1>) CloseFence
23:56:55: Player "Xupyra" (steam64id="76561198258911731" pos=<8833.9, 7.44, 10248.2>) CloseFence
23:57:43: Player "Xupyra" (steam64id="76561198258911731" pos=<8834.33, 7.44, 10247.3>) CloseFence
23:57:46: Player "Xupyra" (steam64id="76561198258911731" pos=<8836.97, 7.45, 10245.3>) CloseFence
23:57:49: Player "Xupyra" (steam64id="76561198258911731" pos=<8839.22, 7.45, 10244.1>) CloseFence
23:57:55: Player "Xupyra" (steam64id="76561198258911731" pos=<8839.21, 7.45, 10243.3>) CloseFence
23:57:58: Player "Xupyra" (steam64id="76561198258911731" pos=<8840.69, 7.45, 10242.7>) CloseFence
23:58:01: Player "Xupyra" (steam64id="76561198258911731" pos=<8844.11, 7.45, 10239.9>) CloseFence
23:58:08: Player "Xupyra" (steam64id="76561198258911731" pos=<8847.19, 7.45, 10242.2>) CloseFence
