18:49:20: Player "[YKZ] Seekerzao" (steam64id="76561198067793781" pos=<10242.2, 14.02, 11338.4>) CloseFence
18:51:21: Player "[YKZ] Seekerzao" (steam64id="76561198067793781" pos=<10243.4, 14.02, 11338>) CloseFence
18:56:33: Player "[YKZ] Seekerzao" (steam64id="76561198067793781" pos=<10242.8, 14.02, 11337.3>) CloseFence
18:57:06: Player "[YKZ] Seekerzao" (steam64id="76561198067793781" pos=<10243.3, 14.02, 11338.7>) CloseFence
19:07:47: Player "[HORDA]ThiagoPenna" (steam64id="76561198218822351" pos=<9954.42, 18.91, 11775>) CloseFence
19:09:00: Player "[HORDA]ThiagoPenna" (steam64id="76561198218822351" pos=<9957.14, 7.27, 11771.2>) CloseFence
19:09:10: Player "[HORDA]ThiagoPenna" (steam64id="76561198218822351" pos=<9957.53, 7.30, 11771.7>) OpenFence
19:10:31: Player "[HORDA]ThiagoPenna" (steam64id="76561198218822351" pos=<9958.56, 7.65, 11757.4>) CloseFence
19:10:33: Player "[HORDA]ThiagoPenna" (steam64id="76561198218822351" pos=<9958.08, 7.68, 11757>) OpenFence
19:10:34: Player "[HORDA]ThiagoPenna" (steam64id="76561198218822351" pos=<9959.11, 7.74, 11755.8>) CloseFence
19:10:36: Player "[HORDA]ThiagoPenna" (steam64id="76561198218822351" pos=<9959.24, 7.73, 11754.6>) OpenFence
19:10:37: Player "[HORDA]ThiagoPenna" (steam64id="76561198218822351" pos=<9959.92, 7.69, 11753.4>) CloseFence
19:10:39: Player "[HORDA]ThiagoPenna" (steam64id="76561198218822351" pos=<9960.55, 7.63, 11751.3>) CloseFence
19:11:01: Player "[HORDA]ThiagoPenna" (steam64id="76561198218822351" pos=<9968.46, 6.84, 11748.9>) CloseFence
19:12:37: Player "[HORDA]ThiagoPenna" (steam64id="76561198218822351" pos=<9961.82, 7.56, 11749.5>) CloseFence
19:12:40: Player "[HORDA]ThiagoPenna" (steam64id="76561198218822351" pos=<9959.76, 7.66, 11752.5>) OpenFence
19:12:42: Player "[HORDA]ThiagoPenna" (steam64id="76561198218822351" pos=<9958.89, 7.74, 11755.1>) OpenFence
19:12:43: Player "[HORDA]ThiagoPenna" (steam64id="76561198218822351" pos=<9958.34, 7.70, 11756.8>) CloseFence
19:19:06: Player "[HORDA]ThiagoPenna" (steam64id="76561198218822351" pos=<9958.13, 7.53, 11758.5>) CloseFence
19:19:08: Player "[HORDA]ThiagoPenna" (steam64id="76561198218822351" pos=<9958.1, 7.69, 11756.9>) OpenFence
19:19:09: Player "[HORDA]ThiagoPenna" (steam64id="76561198218822351" pos=<9959.17, 7.74, 11755.8>) CloseFence
19:19:10: Player "[HORDA]ThiagoPenna" (steam64id="76561198218822351" pos=<9959.67, 7.71, 11753.8>) CloseFence
19:19:12: Player "[HORDA]ThiagoPenna" (steam64id="76561198218822351" pos=<9959.85, 7.64, 11751.6>) CloseFence
19:19:14: Player "[HORDA]ThiagoPenna" (steam64id="76561198218822351" pos=<9961.94, 7.56, 11749.5>) CloseFence
19:23:17: Player "[YKZ]-Lobato" (steam64id="76561198158375860" pos=<11092.3, 4.01, 8416.19>) CloseFence
19:23:36: Player "[YKZ]-Lobato" (steam64id="76561198158375860" pos=<11082.2, 4.21, 8427.56>) CloseFence
19:23:43: Player "[YKZ]-Lobato" (steam64id="76561198158375860" pos=<11083.9, 6.99, 8432.13>) CloseFence
19:23:48: Player "[YKZ]-Lobato" (steam64id="76561198158375860" pos=<11084.1, 9.03, 8429.02>) CloseFence
19:23:52: Player "[YKZ]-Lobato" (steam64id="76561198158375860" pos=<11084.8, 10.57, 8430.9>) CloseFence
19:23:54: Player "[YKZ]-Lobato" (steam64id="76561198158375860" pos=<11084.1, 10.78, 8430.93>) CloseFence
19:24:11: Player "[YKZ]-Lobato" (steam64id="76561198158375860" pos=<11083.9, 27.98, 8428.24>) CloseFence
19:24:18: Player "[YKZ]-Lobato" (steam64id="76561198158375860" pos=<11085.3, 35.24, 8427.8>) CloseFence
19:26:03: Player "ploodrinny" (steam64id="76561198312062387" pos=<7354.38, 14.30, 7164.7>) CloseFence
19:26:07: Player "ploodrinny" (steam64id="76561198312062387" pos=<7354.26, 14.30, 7163.79>) CloseFence
19:26:22: Player "ploodrinny" (steam64id="76561198312062387" pos=<7353.7, 14.30, 7150.68>) CloseFence
19:26:24: Player "ploodrinny" (steam64id="76561198312062387" pos=<7354.66, 14.30, 7146.12>) CloseFence
19:27:03: Player "ploodrinny" (steam64id="76561198312062387" pos=<7353.08, 14.33, 7139.98>) CloseFence
19:27:04: Player "ploodrinny" (steam64id="76561198312062387" pos=<7352.61, 14.33, 7137.57>) OpenFence
19:27:06: Player "ploodrinny" (steam64id="76561198312062387" pos=<7352.31, 14.33, 7136.75>) CloseFence
19:27:08: Player "ploodrinny" (steam64id="76561198312062387" pos=<7352.48, 14.33, 7135.67>) OpenFence
19:27:09: Player "ploodrinny" (steam64id="76561198312062387" pos=<7352.14, 14.33, 7134.87>) CloseFence
19:38:43: Player "[HORDA] JHON WICK" (steam64id="76561198122075703" pos=<9955.9, 7.57, 11773.9>) CloseFence
19:39:41: Player "[HORDA] JHON WICK" (steam64id="76561198122075703" pos=<9956.2, 7.56, 11774.3>) OpenFence
19:39:42: Player "[HORDA] JHON WICK" (steam64id="76561198122075703" pos=<9956.74, 7.49, 11772.3>) CloseFence
19:40:25: Player "[HORDA] JHON WICK" (steam64id="76561198122075703" pos=<9957.95, 7.56, 11758.2>) OpenFence
19:40:26: Player "[HORDA] JHON WICK" (steam64id="76561198122075703" pos=<9958.82, 7.74, 11755.7>) OpenFence
19:40:31: Player "[HORDA] JHON WICK" (steam64id="76561198122075703" pos=<9958.78, 7.74, 11755.7>) CloseFence
19:40:33: Player "[HORDA] JHON WICK" (steam64id="76561198122075703" pos=<9959.24, 7.74, 11755.3>) CloseFence
19:40:40: Player "[HORDA] JHON WICK" (steam64id="76561198122075703" pos=<9958.86, 7.74, 11755.2>) OpenFence
19:40:41: Player "[HORDA] JHON WICK" (steam64id="76561198122075703" pos=<9958.86, 7.74, 11755.2>) OpenFence
19:40:42: Player "[HORDA] JHON WICK" (steam64id="76561198122075703" pos=<9958.58, 7.72, 11756.3>) CloseFence
19:40:53: Player "[HORDA] JHON WICK" (steam64id="76561198122075703" pos=<9958.03, 7.62, 11757.6>) OpenFence
19:41:00: Player "[HORDA] JHON WICK" (steam64id="76561198122075703" pos=<9960.65, 7.59, 11750>) CloseFence
19:41:14: Player "[HORDA]MacLovin" (steam64id="76561199068236803" pos=<9966.75, 6.83, 11748.3>) CloseFence
19:41:16: Player "[HORDA] JHON WICK" (steam64id="76561198122075703" pos=<9965.9, 7.68, 11752.7>) CloseFence
19:41:46: Player "[HORDA] JHON WICK" (steam64id="76561198122075703" pos=<9959.74, 7.67, 11752.7>) CloseFence
19:41:57: Player "[HORDA] JHON WICK" (steam64id="76561198122075703" pos=<9959.69, 7.70, 11753.6>) CloseFence
19:42:00: Player "[HORDA] JHON WICK" (steam64id="76561198122075703" pos=<9959.06, 7.73, 11755.9>) CloseFence
19:42:05: Player "[HORDA] JHON WICK" (steam64id="76561198122075703" pos=<9957.41, 7.04, 11759.6>) CloseFence
19:42:14: Player "[HORDA] JHON WICK" (steam64id="76561198122075703" pos=<9956.64, 7.50, 11772.2>) CloseFence
19:43:45: Player "[HORDA] JHON WICK" (steam64id="76561198122075703" pos=<9956.52, 7.58, 11773>) CloseFence
19:43:57: Player "[HORDA] JHON WICK" (steam64id="76561198122075703" pos=<9958.03, 7.58, 11758>) OpenFence
19:43:59: Player "[HORDA] JHON WICK" (steam64id="76561198122075703" pos=<9958.85, 7.74, 11755.9>) OpenFence
19:44:05: Player "[HORDA] JHON WICK" (steam64id="76561198122075703" pos=<9960.16, 7.61, 11750.6>) CloseFence
19:44:09: Player "[HORDA] JHON WICK" (steam64id="76561198122075703" pos=<9959.4, 7.70, 11753.7>) CloseFence
19:44:22: Player "[HORDA] JHON WICK" (steam64id="76561198122075703" pos=<9958.6, 7.71, 11756.7>) CloseFence
19:44:27: Player "[HORDA] JHON WICK" (steam64id="76561198122075703" pos=<9956.75, 7.04, 11760.1>) CloseFence
19:44:31: Player "[HORDA] JHON WICK" (steam64id="76561198122075703" pos=<9957.22, 7.04, 11759.9>) CloseFence
19:44:44: Player "[HORDA] JHON WICK" (steam64id="76561198122075703" pos=<9957.22, 7.04, 11759.9>) OpenFence
19:44:59: Player "[HORDA] JHON WICK" (steam64id="76561198122075703" pos=<9957.21, 7.04, 11759.7>) CloseFence
19:45:03: Player "[HORDA] JHON WICK" (steam64id="76561198122075703" pos=<9956.48, 7.46, 11771.9>) CloseFence
19:45:08: Player "[HORDA] JHON WICK" (steam64id="76561198122075703" pos=<9954.62, 18.90, 11774.8>) CloseFence
19:45:24: Player "[HORDA]MacLovin" (steam64id="76561199068236803" pos=<9954.92, 18.64, 11775.1>) CloseFence
19:47:03: Player "[HORDA] JHON WICK" (steam64id="76561198122075703" pos=<9956.74, 7.59, 11772.9>) CloseFence
19:47:22: Player "Biel FxR" (steam64id="76561198050836260" pos=<7621.93, 13.22, 9814.26>) CloseFence
19:47:26: Player "Biel FxR" (steam64id="76561198050836260" pos=<7629.53, 12.20, 9815.92>) CloseFence
19:47:40: Player "[HORDA] JHON WICK" (steam64id="76561198122075703" pos=<9956.35, 7.48, 11772>) CloseFence
19:47:42: Player "[HORDA]MacLovin" (steam64id="76561199068236803" pos=<9956.96, 7.05, 11760.6>) OpenFence
19:47:44: Player "[HORDA]MacLovin" (steam64id="76561199068236803" pos=<9957.81, 7.59, 11757.8>) CloseFence
19:47:50: Player "[HORDA] JHON WICK" (steam64id="76561198122075703" pos=<9952.96, 19.26, 11773.9>) CloseFence
19:47:54: Player "Biel FxR" (steam64id="76561198050836260" pos=<7630.08, 12.20, 9814.04>) CloseFence
19:47:55: Player "[HORDA]MacLovin" (steam64id="76561199068236803" pos=<9958.96, 7.74, 11755.1>) CloseFence
19:47:58: Player "Biel FxR" (steam64id="76561198050836260" pos=<7622.3, 13.22, 9814.43>) CloseFence
19:48:00: Player "[HORDA]MacLovin" (steam64id="76561199068236803" pos=<9959.57, 7.67, 11752.7>) CloseFence
19:48:00: Player "Biel FxR" (steam64id="76561198050836260" pos=<7622.14, 13.22, 9814>) CloseFence
19:48:02: Player "[HORDA]MacLovin" (steam64id="76561199068236803" pos=<9960.11, 7.61, 11750.8>) CloseFence
19:48:05: Player "[HORDA]MacLovin" (steam64id="76561199068236803" pos=<9960.22, 6.77, 11745.4>) CloseFence
19:48:49: Player "Biel FxR" (steam64id="76561198050836260" pos=<7635.53, 12.20, 9778.19>) CloseFence
19:48:50: Player "Biel FxR" (steam64id="76561198050836260" pos=<7635.29, 12.20, 9777.45>) CloseFence
19:48:58: Player "Biel FxR" (steam64id="76561198050836260" pos=<7638.21, 12.07, 9774.46>) CloseFence
19:49:30: Player "Biel FxR" (steam64id="76561198050836260" pos=<7635.41, 12.07, 9773.84>) CloseFence
19:49:32: Player "Biel FxR" (steam64id="76561198050836260" pos=<7634.36, 12.20, 9777.24>) CloseFence
19:53:14: Player "[HORDA] JHON WICK" (steam64id="76561198122075703" pos=<9954.78, 18.69, 11775.1>) CloseFence
19:54:47: Player "[HORDA] JHON WICK" (steam64id="76561198122075703" pos=<9956.39, 7.57, 11773.2>) CloseFence
19:54:50: Player "[HORDA] JHON WICK" (steam64id="76561198122075703" pos=<9957.08, 7.05, 11760.4>) OpenFence
19:54:51: Player "[HORDA] JHON WICK" (steam64id="76561198122075703" pos=<9957.76, 7.48, 11759>) CloseFence
19:54:53: Player "[HORDA] JHON WICK" (steam64id="76561198122075703" pos=<9958.61, 7.71, 11756.7>) CloseFence
19:54:56: Player "[HORDA] JHON WICK" (steam64id="76561198122075703" pos=<9959.29, 7.72, 11754.4>) CloseFence
19:54:59: Player "[HORDA] JHON WICK" (steam64id="76561198122075703" pos=<9960.32, 7.65, 11752.1>) CloseFence
19:55:37: Player "[HORDA] JHON WICK" (steam64id="76561198122075703" pos=<9960.36, 7.61, 11750.8>) CloseFence
19:55:40: Player "[HORDA] JHON WICK" (steam64id="76561198122075703" pos=<9959.59, 7.69, 11753.1>) CloseFence
19:55:42: Player "[HORDA] JHON WICK" (steam64id="76561198122075703" pos=<9958.46, 7.69, 11756.9>) CloseFence
19:55:43: Player "[HORDA] JHON WICK" (steam64id="76561198122075703" pos=<9957.98, 7.64, 11757.3>) OpenFence
19:55:53: Player "[HORDA] JHON WICK" (steam64id="76561198122075703" pos=<9955.06, 18.62, 11774.9>) CloseFence
19:56:14: Player "[HORDA] JHON WICK" (steam64id="76561198122075703" pos=<9953.77, 19.07, 11774.7>) CloseFence
19:56:20: Player "[HORDA] JHON WICK" (steam64id="76561198122075703" pos=<9956.39, 7.57, 11773.5>) CloseFence
19:56:23: Player "[HORDA] JHON WICK" (steam64id="76561198122075703" pos=<9958.53, 7.70, 11756.9>) CloseFence
19:56:25: Player "[HORDA] JHON WICK" (steam64id="76561198122075703" pos=<9959.36, 7.72, 11754.3>) CloseFence
19:56:27: Player "[HORDA] JHON WICK" (steam64id="76561198122075703" pos=<9960.23, 7.65, 11752.1>) CloseFence
19:56:51: Player "[HORDA] JHON WICK" (steam64id="76561198122075703" pos=<9960.14, 7.61, 11750.7>) CloseFence
19:56:53: Player "[HORDA] JHON WICK" (steam64id="76561198122075703" pos=<9959.54, 7.68, 11753>) CloseFence
19:56:55: Player "[HORDA] JHON WICK" (steam64id="76561198122075703" pos=<9958.73, 7.74, 11755.5>) CloseFence
19:57:01: Player "[HORDA] JHON WICK" (steam64id="76561198122075703" pos=<9956.01, 7.46, 11771.7>) CloseFence
19:57:08: Player "[HORDA] JHON WICK" (steam64id="76561198122075703" pos=<9955.21, 18.51, 11775>) CloseFence
19:57:28: Player "[HORDA] JHON WICK" (steam64id="76561198122075703" pos=<9953.92, 19.07, 11774.7>) CloseFence
19:57:39: Player "[HORDA] JHON WICK" (steam64id="76561198122075703" pos=<9956.51, 7.58, 11773.1>) CloseFence
19:57:44: Player "[HORDA] JHON WICK" (steam64id="76561198122075703" pos=<9958.62, 7.71, 11756.7>) CloseFence
19:57:46: Player "[HORDA] JHON WICK" (steam64id="76561198122075703" pos=<9959.42, 7.71, 11754.1>) CloseFence
19:57:48: Player "[HORDA] JHON WICK" (steam64id="76561198122075703" pos=<9960.21, 7.65, 11752.1>) CloseFence
19:57:50: Player "[HORDA] JHON WICK" (steam64id="76561198122075703" pos=<9960.25, 6.74, 11744.2>) CloseFence
20:01:27: Player "[HORDA] JHON WICK" (steam64id="76561198122075703" pos=<9960.33, 7.62, 11750.9>) CloseFence
20:01:45: Player "[HORDA] JHON WICK" (steam64id="76561198122075703" pos=<9959.35, 7.71, 11754.1>) CloseFence
20:01:48: Player "[HORDA] JHON WICK" (steam64id="76561198122075703" pos=<9960.29, 7.64, 11751.8>) CloseFence
20:02:17: Player "[HORDA] JHON WICK" (steam64id="76561198122075703" pos=<9960.4, 7.61, 11750.7>) CloseFence
20:02:25: Player "[HORDA] JHON WICK" (steam64id="76561198122075703" pos=<9960.22, 7.66, 11752.4>) CloseFence
20:02:43: Player "[HORDA] JHON WICK" (steam64id="76561198122075703" pos=<9960.27, 7.61, 11750.7>) CloseFence
20:02:52: Player "[HORDA] JHON WICK" (steam64id="76561198122075703" pos=<9960.02, 7.67, 11752.7>) CloseFence
20:03:24: Player "[HORDA] JHON WICK" (steam64id="76561198122075703" pos=<9960.21, 7.61, 11750.8>) CloseFence
20:03:31: Player "[HORDA] JHON WICK" (steam64id="76561198122075703" pos=<9959.26, 7.71, 11754.1>) CloseFence
20:03:33: Player "[HORDA] JHON WICK" (steam64id="76561198122075703" pos=<9959.46, 7.71, 11753.9>) CloseFence
20:03:34: Player "[HORDA] JHON WICK" (steam64id="76561198122075703" pos=<9960.22, 7.65, 11752>) CloseFence
20:03:58: Player "[HORDA] JHON WICK" (steam64id="76561198122075703" pos=<9960.23, 7.61, 11750.8>) CloseFence
20:03:59: Player "[HORDA] JHON WICK" (steam64id="76561198122075703" pos=<9959.55, 7.70, 11753.5>) CloseFence
20:04:06: Player "[HORDA] JHON WICK" (steam64id="76561198122075703" pos=<9959.16, 7.73, 11754.7>) CloseFence
20:04:09: Player "[HORDA] JHON WICK" (steam64id="76561198122075703" pos=<9960.31, 7.63, 11751.5>) CloseFence
20:04:36: Player "[HORDA] JHON WICK" (steam64id="76561198122075703" pos=<9960.45, 6.76, 11745.1>) CloseFence
20:04:38: Player "[HORDA] JHON WICK" (steam64id="76561198122075703" pos=<9959.92, 7.63, 11751.3>) CloseFence
20:04:40: Player "[HORDA] JHON WICK" (steam64id="76561198122075703" pos=<9959.61, 7.69, 11753.3>) CloseFence
20:04:41: Player "[HORDA] JHON WICK" (steam64id="76561198122075703" pos=<9958.98, 7.73, 11756.1>) CloseFence
20:04:42: Player "[HORDA] JHON WICK" (steam64id="76561198122075703" pos=<9958.09, 7.52, 11758.5>) CloseFence
20:04:50: Player "[HORDA] JHON WICK" (steam64id="76561198122075703" pos=<9956.57, 7.26, 11771.5>) CloseFence
20:07:17: Player "[HORDA] JHON WICK" (steam64id="76561198122075703" pos=<9956.61, 7.56, 11772.8>) CloseFence
20:10:36: Player "[HORDA] JHON WICK" (steam64id="76561198122075703" pos=<9955.29, 18.44, 11775>) CloseFence
20:11:34: Player "[YKZ]-BlackBear" (steam64id="76561198343030820" pos=<11092.9, 4.01, 8416.12>) CloseFence
20:11:58: Player "[YKZ]-BlackBear" (steam64id="76561198343030820" pos=<11082.7, 4.21, 8427.8>) CloseFence
20:14:01: Player "[HORDA] JHON WICK" (steam64id="76561198122075703" pos=<9956.39, 7.58, 11772.9>) CloseFence
20:14:03: Player "[HORDA] JHON WICK" (steam64id="76561198122075703" pos=<9957.11, 7.05, 11760.5>) OpenFence
20:14:04: Player "[HORDA] JHON WICK" (steam64id="76561198122075703" pos=<9957.78, 7.48, 11758.9>) CloseFence
20:14:06: Player "[HORDA] JHON WICK" (steam64id="76561198122075703" pos=<9957.21, 7.04, 11759.7>) OpenFence
20:14:08: Player "[HORDA] JHON WICK" (steam64id="76561198122075703" pos=<9958.8, 7.72, 11756.6>) CloseFence
20:14:10: Player "[HORDA] JHON WICK" (steam64id="76561198122075703" pos=<9959.55, 7.71, 11753.8>) CloseFence
20:14:13: Player "[HORDA] JHON WICK" (steam64id="76561198122075703" pos=<9960.15, 7.62, 11751>) CloseFence
20:14:45: Player "[HORDA] JHON WICK" (steam64id="76561198122075703" pos=<9959.82, 6.75, 11744.6>) CloseFence
20:14:48: Player "[HORDA] JHON WICK" (steam64id="76561198122075703" pos=<9960.93, 6.79, 11746.4>) CloseFence
20:14:50: Player "[HORDA] JHON WICK" (steam64id="76561198122075703" pos=<9960.1, 7.62, 11751.1>) CloseFence
20:14:52: Player "[HORDA] JHON WICK" (steam64id="76561198122075703" pos=<9959.54, 7.68, 11753>) CloseFence
20:15:00: Player "[HORDA] JHON WICK" (steam64id="76561198122075703" pos=<9956.72, 7.33, 11771.7>) CloseFence
20:15:05: Player "[HORDA] JHON WICK" (steam64id="76561198122075703" pos=<9954.37, 19.05, 11774.7>) CloseFence
20:15:54: Player "[HORDA] JHON WICK" (steam64id="76561198122075703" pos=<9956.62, 7.57, 11772.9>) CloseFence
20:16:15: Player "[HORDA] JHON WICK" (steam64id="76561198122075703" pos=<9956.48, 7.26, 11771.4>) CloseFence
20:16:19: Player "[YKZ]-BlackBear" (steam64id="76561198343030820" pos=<11084.8, 5.62, 8430.36>) CloseFence
20:16:26: Player "[HORDA] JHON WICK" (steam64id="76561198122075703" pos=<9954.12, 19.07, 11774.7>) CloseFence
20:16:37: Player "[YKZ]-BlackBear" (steam64id="76561198343030820" pos=<11084.1, 6.54, 8431.02>) CloseFence
20:16:50: Player "[YKZ]-BlackBear" (steam64id="76561198343030820" pos=<11084, 6.99, 8431.98>) CloseFence
20:16:52: Player "[YKZ]-BlackBear" (steam64id="76561198343030820" pos=<11083.7, 8.62, 8429.38>) CloseFence
20:16:58: Player "[YKZ]-BlackBear" (steam64id="76561198343030820" pos=<11084.3, 10.78, 8431.01>) CloseFence
20:17:10: Player "[YKZ]-BlackBear" (steam64id="76561198343030820" pos=<11084, 27.64, 8428.94>) CloseFence
20:17:19: Player "[YKZ]-BlackBear" (steam64id="76561198343030820" pos=<11084.9, 35.24, 8427.94>) CloseFence
20:17:51: Player "Duero" (steam64id="76561198259492425" pos=<7396.32, 31.55, 8202.31>) CloseFence
20:18:02: Player "Duero" (steam64id="76561198259492425" pos=<7394.75, 31.55, 8202.66>) CloseFence
20:20:27: Player "[HORDA] JHON WICK" (steam64id="76561198122075703" pos=<9953.73, 19.07, 11774.4>) CloseFence
20:23:24: Player "[HORDA]MacLovin" (steam64id="76561199068236803" pos=<9959.58, 7.68, 11753>) CloseFence
20:23:28: Player "[HORDA]MacLovin" (steam64id="76561199068236803" pos=<9959.27, 7.72, 11754.1>) CloseFence
20:25:27: Player "[EB] GordoEmers" (steam64id="76561198260617608" pos=<10389, 17.65, 10613.9>) CloseFence
20:25:33: Player "[EB] GordoEmers" (steam64id="76561198260617608" pos=<10387.4, 17.65, 10616.9>) CloseFence
20:25:38: Player "[EB] GordoEmers" (steam64id="76561198260617608" pos=<10390.9, 17.07, 10616.7>) CloseFence
20:25:42: Player "[EB] GordoEmers" (steam64id="76561198260617608" pos=<10393.3, 14.57, 10610.8>) CloseFence
20:25:47: Player "[YKZ]-BlackBear" (steam64id="76561198343030820" pos=<11084.3, 41.37, 8429.58>) CloseFence
20:26:12: Player "[EB] GordoEmers" (steam64id="76561198260617608" pos=<10394.7, 14.58, 10609.9>) CloseFence
20:28:11: Player "[EB] pedrobala" (steam64id="76561198046653521" pos=<10394.9, 14.59, 10608.5>) CloseFence
20:29:00: Player "[EB] pedrobala" (steam64id="76561198046653521" pos=<10393.1, 14.57, 10611.8>) CloseFence
20:29:06: Player "[EB] pedrobala" (steam64id="76561198046653521" pos=<10393.6, 14.57, 10610.3>) CloseFence
20:29:25: Player "Duero" (steam64id="76561198259492425" pos=<7394.96, 31.55, 8202.2>) CloseFence
20:29:27: Player "Duero" (steam64id="76561198259492425" pos=<7396.74, 31.55, 8199.48>) CloseFence
20:30:51: Player "Duero" (steam64id="76561198259492425" pos=<7396.42, 31.55, 8201.92>) CloseFence
20:31:16: Player "[EB] pedrobala" (steam64id="76561198046653521" pos=<10390.2, 14.51, 10609.2>) CloseFence
20:31:29: Player "[EB] pedrobala" (steam64id="76561198046653521" pos=<10393, 14.57, 10612.2>) CloseFence
20:31:32: Player "[EB] pedrobala" (steam64id="76561198046653521" pos=<10390.6, 17.70, 10617.9>) CloseFence
20:32:19: Player "ttuker" (steam64id="76561198971813376" pos=<7397.38, 31.43, 8198.84>) CloseFence
20:32:40: Player "Duero" (steam64id="76561198259492425" pos=<7397.03, 31.44, 8199.69>) CloseFence
20:32:52: Player "[YKZ]-BlackBear" (steam64id="76561198343030820" pos=<11084.4, 41.37, 8429.2>) CloseFence
20:34:43: Player "[HORDA]MacLovin" (steam64id="76561199068236803" pos=<9958.53, 7.34, 11771.8>) CloseFence
20:34:51: Player "[HORDA]MacLovin" (steam64id="76561199068236803" pos=<9960.24, 7.60, 11750.3>) CloseFence
20:34:56: Player "[HORDA]MacLovin" (steam64id="76561199068236803" pos=<9958.84, 6.76, 11745.6>) CloseFence
20:34:59: Player "[EB] pedrobala" (steam64id="76561198046653521" pos=<10389.3, 17.65, 10613>) CloseFence
20:35:08: Player "[YKZ]-BlackBear" (steam64id="76561198343030820" pos=<11084.1, 41.37, 8429.81>) CloseFence
20:36:00: Player "[EB] pedrobala" (steam64id="76561198046653521" pos=<10388.8, 17.66, 10615.3>) CloseFence
20:36:02: Player "[EB] pedrobala" (steam64id="76561198046653521" pos=<10387.7, 17.66, 10617.6>) CloseFence
20:36:05: Player "[EB] pedrobala" (steam64id="76561198046653521" pos=<10390.5, 16.42, 10615.7>) CloseFence
20:36:09: Player "[EB] pedrobala" (steam64id="76561198046653521" pos=<10393.1, 14.56, 10609.8>) CloseFence
20:36:14: Player "[EB] pedrobala" (steam64id="76561198046653521" pos=<10389.8, 14.52, 10610.8>) CloseFence
20:38:16: Player "[EB] pedrobala" (steam64id="76561198046653521" pos=<10390.2, 14.51, 10608.9>) CloseFence
20:38:29: Player "[EB] pedrobala" (steam64id="76561198046653521" pos=<10393.4, 14.57, 10610.6>) CloseFence
20:38:36: Player "[EB] pedrobala" (steam64id="76561198046653521" pos=<10392.8, 14.57, 10612.2>) CloseFence
20:38:40: Player "[EB] pedrobala" (steam64id="76561198046653521" pos=<10390.1, 17.70, 10618.3>) CloseFence
20:38:42: Player "[EB] pedrobala" (steam64id="76561198046653521" pos=<10387.5, 17.65, 10616.1>) CloseFence
20:42:31: Player "[EB] pedrobala" (steam64id="76561198046653521" pos=<10389.4, 17.66, 10614.6>) CloseFence
20:42:34: Player "[EB] pedrobala" (steam64id="76561198046653521" pos=<10388.1, 17.66, 10617.3>) CloseFence
20:42:37: Player "[EB] pedrobala" (steam64id="76561198046653521" pos=<10390.4, 16.73, 10616>) CloseFence
20:42:41: Player "[EB] pedrobala" (steam64id="76561198046653521" pos=<10393, 14.56, 10610.5>) CloseFence
20:42:43: Player "[EB] pedrobala" (steam64id="76561198046653521" pos=<10394.3, 14.02, 10607.2>) CloseFence
20:42:53: Player "[HORDA] JHON WICK" (steam64id="76561198122075703" pos=<9954.26, 19.07, 11774.6>) CloseFence
20:45:19: Player "[EB] GordoEmers" (steam64id="76561198260617608" pos=<10393.3, 14.58, 10612>) CloseFence
20:45:23: Player "[EB] GordoEmers" (steam64id="76561198260617608" pos=<10390.6, 17.51, 10617.1>) CloseFence
20:45:26: Player "[EB] GordoEmers" (steam64id="76561198260617608" pos=<10387.3, 17.65, 10616.4>) CloseFence
20:45:30: Player "[EB] GordoEmers" (steam64id="76561198260617608" pos=<10389.5, 17.65, 10613>) CloseFence
20:48:01: Player "ttuker" (steam64id="76561198971813376" pos=<7396.31, 31.55, 8202.74>) CloseFence
20:48:04: Player "Duero" (steam64id="76561198259492425" pos=<7396.67, 31.55, 8201.79>) CloseFence
20:48:07: Player "Duero" (steam64id="76561198259492425" pos=<7395.9, 31.55, 8202.79>) CloseFence
20:49:31: Player "ttuker" (steam64id="76561198971813376" pos=<7395.86, 31.55, 8201.99>) CloseFence
20:49:36: Player "ttuker" (steam64id="76561198971813376" pos=<7396.13, 31.55, 8202.55>) CloseFence
20:50:03: Player "ttuker" (steam64id="76561198971813376" pos=<7395.26, 31.55, 8202.57>) CloseFence
20:50:08: Player "ttuker" (steam64id="76561198971813376" pos=<7396.12, 31.55, 8202.69>) CloseFence
20:50:27: Player "ttuker" (steam64id="76561198971813376" pos=<7395.39, 31.55, 8202.79>) CloseFence
20:50:45: Player "ttuker" (steam64id="76561198971813376" pos=<7394.04, 31.55, 8202.3>) CloseFence
20:50:57: Player "ttuker" (steam64id="76561198971813376" pos=<7395.81, 31.55, 8202.05>) CloseFence
20:51:01: Player "ttuker" (steam64id="76561198971813376" pos=<7396.27, 31.55, 8202.32>) CloseFence
20:51:23: Player "ttuker" (steam64id="76561198971813376" pos=<7395.6, 31.55, 8202.76>) CloseFence
20:51:28: Player "Duero" (steam64id="76561198259492425" pos=<7394.53, 31.55, 8202.55>) CloseFence
20:51:30: Player "ttuker" (steam64id="76561198971813376" pos=<7398.9, 31.43, 8201.61>) CloseFence
20:51:37: Player "ttuker" (steam64id="76561198971813376" pos=<7396.37, 31.55, 8202.38>) CloseFence
20:51:38: Player "ttuker" (steam64id="76561198971813376" pos=<7396.13, 31.55, 8202.74>) CloseFence
20:52:25: Player "ttuker" (steam64id="76561198971813376" pos=<7393.07, 31.55, 8201.12>) CloseFence
20:55:27: Player "[HORDA] JHON WICK" (steam64id="76561198122075703" pos=<9954.93, 18.59, 11775.1>) CloseFence
20:58:09: Player "[HORDA] JHON WICK" (steam64id="76561198122075703" pos=<9956.57, 7.58, 11773.2>) CloseFence
20:58:47: Player "[HORDA] JHON WICK" (steam64id="76561198122075703" pos=<9961.41, 7.73, 11755.1>) CloseFence
20:58:50: Player "[HORDA] JHON WICK" (steam64id="76561198122075703" pos=<9960.68, 7.72, 11756.6>) CloseFence
20:58:52: Player "[HORDA] JHON WICK" (steam64id="76561198122075703" pos=<9959.56, 7.51, 11759.3>) CloseFence
20:58:53: Player "[HORDA] JHON WICK" (steam64id="76561198122075703" pos=<9956.7, 7.04, 11760.3>) OpenFence
20:58:55: Player "[HORDA] JHON WICK" (steam64id="76561198122075703" pos=<9957.49, 7.30, 11759.2>) CloseFence
20:59:42: Player "ttuker" (steam64id="76561198971813376" pos=<7395.06, 31.55, 8202.67>) CloseFence
21:01:17: Player "[HORDA] zBieL" (steam64id="76561198001525812" pos=<9954.16, 19.07, 11774.7>) CloseFence
21:01:22: Player "[HORDA] zBieL" (steam64id="76561198001525812" pos=<9955.36, 18.32, 11775.1>) CloseFence
21:01:35: Player "[HORDA] zBieL" (steam64id="76561198001525812" pos=<9956.75, 7.50, 11772.4>) CloseFence
21:02:18: Player "Duero" (steam64id="76561198259492425" pos=<7395.87, 31.55, 8202.2>) CloseFence
21:02:37: Player "Duero" (steam64id="76561198259492425" pos=<7396.79, 31.55, 8201.48>) CloseFence
21:02:40: Player "Duero" (steam64id="76561198259492425" pos=<7395.29, 31.55, 8202.22>) CloseFence
21:03:38: Player "[HORDA] JHON WICK" (steam64id="76561198122075703" pos=<9956.92, 7.27, 11771.7>) CloseFence
21:03:59: Player "[HORDA] JHON WICK" (steam64id="76561198122075703" pos=<9957.15, 7.06, 11760.8>) OpenFence
21:04:01: Player "[HORDA] JHON WICK" (steam64id="76561198122075703" pos=<9957.89, 7.40, 11759.2>) CloseFence
21:04:02: Player "[HORDA] JHON WICK" (steam64id="76561198122075703" pos=<9957.85, 7.53, 11758.4>) OpenFence
21:04:04: Player "[HORDA] JHON WICK" (steam64id="76561198122075703" pos=<9958.34, 7.64, 11757.4>) CloseFence
21:04:06: Player "[HORDA] JHON WICK" (steam64id="76561198122075703" pos=<9958.81, 7.72, 11756.4>) CloseFence
21:04:09: Player "[HORDA] JHON WICK" (steam64id="76561198122075703" pos=<9959.38, 7.72, 11754.1>) CloseFence
21:04:11: Player "[HORDA] JHON WICK" (steam64id="76561198122075703" pos=<9960.08, 7.65, 11752.2>) CloseFence
21:04:24: Player "[HORDA] JHON WICK" (steam64id="76561198122075703" pos=<9959.86, 6.75, 11744.7>) CloseFence
21:05:45: Player "[EB] pedrobala" (steam64id="76561198046653521" pos=<10394.6, 14.57, 10609>) CloseFence
21:05:48: Player "[EB] pedrobala" (steam64id="76561198046653521" pos=<10393.1, 14.57, 10611.8>) CloseFence
21:05:55: Player "[EB] pedrobala" (steam64id="76561198046653521" pos=<10390.4, 17.61, 10617.1>) CloseFence
21:06:53: Player "[HORDA] zBieL" (steam64id="76561198001525812" pos=<9956.38, 7.58, 11772.8>) CloseFence
21:06:55: Player "[HORDA] zBieL" (steam64id="76561198001525812" pos=<9957.06, 7.05, 11760.1>) OpenFence
21:06:56: Player "[HORDA] zBieL" (steam64id="76561198001525812" pos=<9957.98, 7.49, 11758.9>) CloseFence
21:07:03: Player "[HORDA] zBieL" (steam64id="76561198001525812" pos=<9958.87, 7.74, 11754.9>) CloseFence
21:07:08: Player "[HORDA] zBieL" (steam64id="76561198001525812" pos=<9959.33, 7.68, 11753.1>) CloseFence
21:07:12: Player "[HORDA] zBieL" (steam64id="76561198001525812" pos=<9960.04, 7.62, 11751.2>) CloseFence
21:07:20: Player "[HORDA] zBieL" (steam64id="76561198001525812" pos=<9967.11, 6.84, 11748.5>) CloseFence
21:09:56: Player "[EB] pedrobala" (steam64id="76561198046653521" pos=<10388.3, 17.65, 10615.1>) CloseFence
21:09:57: Player "[EB] pedrobala" (steam64id="76561198046653521" pos=<10387.1, 17.65, 10617.3>) CloseFence
21:10:21: Player "[EB] pedrobala" (steam64id="76561198046653521" pos=<10390.3, 17.70, 10617.5>) CloseFence
21:10:22: Player "[EB] pedrobala" (steam64id="76561198046653521" pos=<10390.2, 17.70, 10617.8>) CloseFence
21:10:25: Player "[EB] pedrobala" (steam64id="76561198046653521" pos=<10390.4, 17.70, 10618.1>) CloseFence
21:10:28: Player "[EB] pedrobala" (steam64id="76561198046653521" pos=<10390.3, 17.70, 10617.6>) CloseFence
21:10:29: Player "[EB] pedrobala" (steam64id="76561198046653521" pos=<10389.8, 17.69, 10618.1>) CloseFence
21:10:40: Player "[EB] pedrobala" (steam64id="76561198046653521" pos=<10389.9, 17.70, 10618.8>) CloseFence
21:10:50: Player "[EB] pedrobala" (steam64id="76561198046653521" pos=<10390.1, 17.70, 10618.3>) CloseFence
21:10:52: Player "[EB] pedrobala" (steam64id="76561198046653521" pos=<10390.6, 17.70, 10617.7>) CloseFence
21:10:53: Player "[EB] pedrobala" (steam64id="76561198046653521" pos=<10390.4, 17.70, 10617.6>) CloseFence
21:10:54: Player "[EB] pedrobala" (steam64id="76561198046653521" pos=<10390.3, 17.70, 10617.6>) CloseFence
21:10:55: Player "[EB] pedrobala" (steam64id="76561198046653521" pos=<10390.3, 17.70, 10617.7>) CloseFence
21:10:59: Player "[EB] pedrobala" (steam64id="76561198046653521" pos=<10391.7, 15.67, 10615.1>) CloseFence
21:11:02: Player "[EB] pedrobala" (steam64id="76561198046653521" pos=<10393, 14.56, 10609.9>) CloseFence
21:11:09: Player "[EB] pedrobala" (steam64id="76561198046653521" pos=<10394.4, 14.15, 10607.4>) CloseFence
21:27:14: Player "[EB] pedrobala" (steam64id="76561198046653521" pos=<10394.7, 14.58, 10609>) CloseFence
21:27:19: Player "[EB] pedrobala" (steam64id="76561198046653521" pos=<10393, 14.57, 10611.9>) CloseFence
21:31:03: Player "[EB] pedrobala" (steam64id="76561198046653521" pos=<10389.3, 17.66, 10614.5>) CloseFence
21:31:05: Player "[EB] pedrobala" (steam64id="76561198046653521" pos=<10387.4, 17.66, 10617.5>) CloseFence
21:31:14: Player "[EB] pedrobala" (steam64id="76561198046653521" pos=<10390.7, 16.57, 10615.9>) CloseFence
21:32:17: Player "[EB] pedrobala" (steam64id="76561198046653521" pos=<10388.9, 17.66, 10615.5>) CloseFence
21:32:19: Player "[EB] pedrobala" (steam64id="76561198046653521" pos=<10387.9, 17.66, 10616.9>) CloseFence
21:32:21: Player "[EB] pedrobala" (steam64id="76561198046653521" pos=<10390.8, 16.40, 10615.7>) CloseFence
21:32:24: Player "[EB] pedrobala" (steam64id="76561198046653521" pos=<10392.9, 14.55, 10609.7>) CloseFence
21:33:39: Player "[EB] pedrobala" (steam64id="76561198046653521" pos=<10390, 14.51, 10609.1>) CloseFence
21:33:41: Player "[EB] pedrobala" (steam64id="76561198046653521" pos=<10394.7, 13.75, 10607>) CloseFence
21:34:33: Player "[EB] pedrobala" (steam64id="76561198046653521" pos=<10394.7, 14.58, 10608.9>) CloseFence
21:35:49: Player "[HORDA]MacLovin" (steam64id="76561199068236803" pos=<9567.52, 2.55, 9580.42>) CloseFence
21:35:53: Player "[HORDA]MacLovin" (steam64id="76561199068236803" pos=<9565.7, 3.04, 9580>) OpenFence
21:35:56: Player "[HORDA]MacLovin" (steam64id="76561199068236803" pos=<9562.45, 2.94, 9581.4>) OpenFence
21:36:15: Player "[EB] pedrobala" (steam64id="76561198046653521" pos=<10390.3, 14.51, 10608.2>) CloseFence
21:36:23: Player "[EB] pedrobala" (steam64id="76561198046653521" pos=<10394.4, 14.20, 10607.4>) CloseFence
21:38:17: Player "[HORDA]MacLovin" (steam64id="76561199068236803" pos=<9561.18, 2.94, 9581.81>) OpenFence
21:38:46: Player "[HORDA]ThiagoPenna" (steam64id="76561198218822351" pos=<9561.44, 2.94, 9581.98>) CloseFence
21:38:47: Player "[HORDA]ThiagoPenna" (steam64id="76561198218822351" pos=<9560.1, 2.94, 9581.49>) OpenFence
21:39:06: Player "[HORDA]MacLovin" (steam64id="76561199068236803" pos=<9560.45, 2.94, 9580.38>) CloseFence
21:39:07: Player "[HORDA]MacLovin" (steam64id="76561199068236803" pos=<9562.43, 2.94, 9580.84>) CloseFence
21:39:10: Player "[HORDA]MacLovin" (steam64id="76561199068236803" pos=<9565.01, 3.70, 9579.95>) CloseFence
21:39:14: Player "[HORDA]MacLovin" (steam64id="76561199068236803" pos=<9569.75, 2.38, 9583.4>) CloseFence
21:39:36: Player "[EB] pedrobala" (steam64id="76561198046653521" pos=<10394.1, 14.57, 10609.1>) CloseFence
21:40:20: Player "[EB] pedrobala" (steam64id="76561198046653521" pos=<10393, 14.57, 10612.2>) CloseFence
21:40:24: Player "[EB] pedrobala" (steam64id="76561198046653521" pos=<10390.7, 17.71, 10618>) CloseFence
21:42:57: Player "[YKZ]-BlackBear" (steam64id="76561198343030820" pos=<11084.9, 41.38, 8428.83>) CloseFence
21:43:53: Player "[EB] pedrobala" (steam64id="76561198046653521" pos=<10388.9, 17.66, 10614.9>) CloseFence
21:43:55: Player "[EB] pedrobala" (steam64id="76561198046653521" pos=<10387.3, 17.65, 10617.5>) CloseFence
21:44:14: Player "[YKZ]-BlackBear" (steam64id="76561198343030820" pos=<11094.2, 41.37, 8421.01>) OpenFence
21:44:17: Player "[YKZ]-BlackBear" (steam64id="76561198343030820" pos=<11093.9, 41.37, 8420.73>) CloseFence
21:44:39: Player "[EB] pedrobala" (steam64id="76561198046653521" pos=<10389.3, 17.67, 10615>) CloseFence
21:44:41: Player "[EB] pedrobala" (steam64id="76561198046653521" pos=<10387.8, 17.66, 10618>) CloseFence
21:44:43: Player "[EB] pedrobala" (steam64id="76561198046653521" pos=<10390.7, 16.76, 10616.2>) CloseFence
21:44:46: Player "[EB] pedrobala" (steam64id="76561198046653521" pos=<10392.9, 14.56, 10610.6>) CloseFence
21:45:28: Player "[YKZ]-BlackBear" (steam64id="76561198343030820" pos=<11084.4, 41.37, 8429.31>) CloseFence
21:45:52: Player "[YKZ]-BlackBear" (steam64id="76561198343030820" pos=<11092.6, 41.37, 8419.58>) OpenFence
21:45:55: Player "[YKZ]-BlackBear" (steam64id="76561198343030820" pos=<11094.3, 41.37, 8420.12>) CloseFence
21:45:56: Player "[EB] pedrobala" (steam64id="76561198046653521" pos=<10393.4, 14.56, 10608.8>) CloseFence
21:45:58: Player "[YKZ]-BlackBear" (steam64id="76561198343030820" pos=<11092.4, 41.37, 8430.37>) OpenFence
21:45:59: Player "[YKZ]-BlackBear" (steam64id="76561198343030820" pos=<11087.8, 41.37, 8433.62>) OpenFence
21:45:59: Player "[YKZ]-Lobato" (steam64id="76561198158375860" pos=<11091.5, 41.37, 8419.16>) OpenFence
21:46:02: Player "[YKZ]-BlackBear" (steam64id="76561198343030820" pos=<11081.7, 41.37, 8420.38>) OpenFence
21:46:03: Player "[YKZ]-Lobato" (steam64id="76561198158375860" pos=<11092.1, 41.37, 8432.19>) CloseFence
21:46:10: Player "[YKZ]-BlackBear" (steam64id="76561198343030820" pos=<11087.4, 41.37, 8433.97>) CloseFence
21:46:23: Player "[YKZ]-BlackBear" (steam64id="76561198343030820" pos=<11084.9, 41.36, 8428.52>) CloseFence
21:46:33: Player "[YKZ]-BlackBear" (steam64id="76561198343030820" pos=<11084.7, 41.41, 8428.92>) CloseFence
21:46:37: Player "[EB] pedrobala" (steam64id="76561198046653521" pos=<10393.3, 14.57, 10611.8>) CloseFence
21:46:56: Player "[EB] pedrobala" (steam64id="76561198046653521" pos=<10392.7, 14.56, 10610.3>) CloseFence
21:47:08: Player "[EB] pedrobala" (steam64id="76561198046653521" pos=<10390.3, 14.51, 10608.3>) CloseFence
21:47:13: Player "[EB] pedrobala" (steam64id="76561198046653521" pos=<10393, 14.57, 10611.5>) CloseFence
21:47:16: Player "[EB] pedrobala" (steam64id="76561198046653521" pos=<10390.7, 17.70, 10617.8>) CloseFence
21:47:18: Player "[EB] pedrobala" (steam64id="76561198046653521" pos=<10387.6, 17.65, 10615.7>) CloseFence
21:47:21: Player "[EB] pedrobala" (steam64id="76561198046653521" pos=<10389, 17.65, 10613.2>) CloseFence
21:48:24: Player "[YKZ]-Lobato" (steam64id="76561198158375860" pos=<11082.2, 41.37, 8417.94>) CloseFence
21:48:26: Player "[YKZ]-Lobato" (steam64id="76561198158375860" pos=<11093, 41.37, 8419.98>) OpenFence
21:48:37: Player "[YKZ]-Lobato" (steam64id="76561198158375860" pos=<11094.3, 41.37, 8420.18>) CloseFence
21:48:39: Player "[YKZ]-Lobato" (steam64id="76561198158375860" pos=<11092.4, 41.37, 8430.46>) OpenFence
21:49:10: Player "[EB] pedrobala" (steam64id="76561198046653521" pos=<10389.2, 17.67, 10615.3>) CloseFence
21:49:12: Player "[EB] pedrobala" (steam64id="76561198046653521" pos=<10388.1, 17.67, 10617.9>) CloseFence
21:49:15: Player "[EB] pedrobala" (steam64id="76561198046653521" pos=<10390.6, 16.40, 10615.6>) CloseFence
21:49:18: Player "[EB] pedrobala" (steam64id="76561198046653521" pos=<10393, 14.56, 10610.5>) CloseFence
21:49:45: Player "[YKZ]-BlackBear" (steam64id="76561198343030820" pos=<11083.8, 27.92, 8428.56>) CloseFence
21:49:52: Player "[YKZ]-Lobato" (steam64id="76561198158375860" pos=<11085, 35.24, 8428>) CloseFence
21:49:56: Player "[YKZ]-BlackBear" (steam64id="76561198343030820" pos=<11084.3, 10.89, 8431.28>) CloseFence
21:50:03: Player "[YKZ]-Lobato" (steam64id="76561198158375860" pos=<11083, 26.37, 8429.78>) CloseFence
21:50:14: Player "[YKZ]-Lobato" (steam64id="76561198158375860" pos=<11084.1, 10.53, 8430.71>) CloseFence
21:50:16: Player "[YKZ]-Lobato" (steam64id="76561198158375860" pos=<11083.9, 8.99, 8428.65>) CloseFence
21:50:17: Player "[YKZ]-Lobato" (steam64id="76561198158375860" pos=<11084.1, 6.80, 8431.49>) CloseFence
21:50:21: Player "[YKZ]-Lobato" (steam64id="76561198158375860" pos=<11081.4, 4.21, 8427.45>) CloseFence
21:50:27: Player "[YKZ]-Lobato" (steam64id="76561198158375860" pos=<11092.2, 4.25, 8417.47>) CloseFence
21:50:30: Player "[YKZ]-BlackBear" (steam64id="76561198343030820" pos=<11082.9, 4.21, 8427.75>) CloseFence
21:50:33: Player "[YKZ]-BlackBear" (steam64id="76561198343030820" pos=<11081.8, 4.21, 8426.45>) CloseFence
21:50:38: Player "[YKZ]-BlackBear" (steam64id="76561198343030820" pos=<11092.6, 4.01, 8416.5>) CloseFence
21:51:52: Player "[EB] pedrobala" (steam64id="76561198046653521" pos=<10392.9, 14.57, 10611.9>) CloseFence
21:51:55: Player "[EB] pedrobala" (steam64id="76561198046653521" pos=<10390.7, 17.70, 10617.8>) CloseFence
21:51:57: Player "[EB] pedrobala" (steam64id="76561198046653521" pos=<10387.8, 17.65, 10615.5>) CloseFence
21:52:00: Player "[EB] pedrobala" (steam64id="76561198046653521" pos=<10388.9, 17.65, 10613.5>) CloseFence
21:52:29: Player "[EB] pedrobala" (steam64id="76561198046653521" pos=<10390.5, 14.51, 10608.1>) CloseFence
21:53:26: Player "[EB] pedrobala" (steam64id="76561198046653521" pos=<10393.2, 14.57, 10611.9>) CloseFence
21:53:28: Player "[EB] pedrobala" (steam64id="76561198046653521" pos=<10390.4, 17.70, 10618.4>) CloseFence
21:53:30: Player "[EB] pedrobala" (steam64id="76561198046653521" pos=<10387.5, 17.65, 10615.8>) CloseFence
21:53:31: Player "[EB] pedrobala" (steam64id="76561198046653521" pos=<10389.1, 17.65, 10612.9>) CloseFence
21:54:17: Player "[horda]marcelinho" (steam64id="76561198817477406" pos=<9560.01, 2.94, 9581.41>) OpenFence
21:55:23: Player "[horda]marcelinho" (steam64id="76561198817477406" pos=<9561.04, 2.94, 9580.47>) OpenFence
21:55:25: Player "[EB] pedrobala" (steam64id="76561198046653521" pos=<10389.2, 17.66, 10614.8>) CloseFence
21:55:27: Player "[horda]marcelinho" (steam64id="76561198817477406" pos=<9563.68, 2.94, 9581.99>) OpenFence
21:55:32: Player "[EB] pedrobala" (steam64id="76561198046653521" pos=<10388.3, 17.66, 10617.1>) CloseFence
21:55:36: Player "[EB] pedrobala" (steam64id="76561198046653521" pos=<10390.1, 16.96, 10616.3>) CloseFence
21:55:40: Player "[EB] pedrobala" (steam64id="76561198046653521" pos=<10392.7, 14.56, 10610.3>) CloseFence
21:55:47: Player "[horda]marcelinho" (steam64id="76561198817477406" pos=<9562.4, 2.94, 9580.76>) CloseFence
21:56:15: Player "[EB] pedrobala" (steam64id="76561198046653521" pos=<10390.2, 14.51, 10608.5>) CloseFence
21:56:37: Player "[EB] pedrobala" (steam64id="76561198046653521" pos=<10390.1, 14.51, 10609>) CloseFence
21:56:40: Player "[EB] pedrobala" (steam64id="76561198046653521" pos=<10393.1, 14.57, 10611.6>) CloseFence
21:56:44: Player "[EB] pedrobala" (steam64id="76561198046653521" pos=<10390.6, 17.70, 10618.1>) CloseFence
21:56:46: Player "[EB] pedrobala" (steam64id="76561198046653521" pos=<10387.6, 17.65, 10615.6>) CloseFence
21:56:49: Player "[EB] pedrobala" (steam64id="76561198046653521" pos=<10389.2, 17.65, 10613.2>) CloseFence
21:57:40: Player "[horda]marcelinho" (steam64id="76561198817477406" pos=<9562.35, 2.94, 9581.18>) OpenFence
21:58:12: Player "[EB] pedrobala" (steam64id="76561198046653521" pos=<10389.2, 17.66, 10615>) CloseFence
21:58:12: Player "[horda]marcelinho" (steam64id="76561198817477406" pos=<9559.89, 2.94, 9581.94>) CloseFence
21:58:14: Player "[EB] pedrobala" (steam64id="76561198046653521" pos=<10388.2, 17.66, 10617.2>) CloseFence
21:58:20: Player "[horda]marcelinho" (steam64id="76561198817477406" pos=<9562.55, 2.94, 9580.85>) CloseFence
21:58:23: Player "[horda]marcelinho" (steam64id="76561198817477406" pos=<9564.78, 2.95, 9581.23>) CloseFence
21:58:43: Player "[horda]marcelinho" (steam64id="76561198817477406" pos=<9567.54, 2.49, 9582.09>) CloseFence
21:58:43: Player "[EB] pedrobala" (steam64id="76561198046653521" pos=<10387.6, 17.65, 10615.8>) CloseFence
21:58:45: Player "[EB] pedrobala" (steam64id="76561198046653521" pos=<10389.1, 17.65, 10613.6>) CloseFence
22:07:06: Player "Passo Largo" (steam64id="76561198057660141" pos=<7565.51, 29.04, 7910.38>) CloseFence
22:08:23: Player "Passo Largo" (steam64id="76561198057660141" pos=<7561.44, 28.05, 7896.83>) CloseFence
22:08:25: Player "Passo Largo" (steam64id="76561198057660141" pos=<7561.01, 28.05, 7900.88>) CloseFence
22:08:26: Player "Passo Largo" (steam64id="76561198057660141" pos=<7560.77, 28.08, 7904.76>) CloseFence
22:08:27: Player "Passo Largo" (steam64id="76561198057660141" pos=<7560.62, 29.00, 7907.56>) CloseFence
22:08:28: Player "Passo Largo" (steam64id="76561198057660141" pos=<7560.74, 29.04, 7908.94>) CloseFence
22:08:29: Player "Passo Largo" (steam64id="76561198057660141" pos=<7561.12, 29.04, 7910.38>) CloseFence
22:11:42: Player "[EB] pedrobala" (steam64id="76561198046653521" pos=<10393.5, 14.56, 10609.1>) CloseFence
22:13:16: Player "[EB] pedrobala" (steam64id="76561198046653521" pos=<10389.2, 17.67, 10615.3>) CloseFence
22:13:17: Player "[EB] pedrobala" (steam64id="76561198046653521" pos=<10387.6, 17.66, 10617.2>) CloseFence
22:13:19: Player "[EB] pedrobala" (steam64id="76561198046653521" pos=<10390.5, 16.52, 10615.8>) CloseFence
22:13:21: Player "[EB] pedrobala" (steam64id="76561198046653521" pos=<10393, 14.56, 10610.2>) CloseFence
22:13:39: Player "[EB] pedrobala" (steam64id="76561198046653521" pos=<10394.5, 13.83, 10607>) CloseFence
22:14:17: Player "joaoob23" (steam64id="76561198302337518" pos=<11043.4, 8.40, 8517.52>) CloseFence
22:17:19: Player "CRD" (steam64id="76561199033852709" pos=<7351, 14.33, 7133.51>) OpenFence
22:17:21: Player "CRD" (steam64id="76561199033852709" pos=<7352.31, 14.33, 7135.18>) OpenFence
22:17:25: Player "CRD" (steam64id="76561199033852709" pos=<7352.55, 14.33, 7136.24>) CloseFence
22:17:26: Player "CRD" (steam64id="76561199033852709" pos=<7352.02, 14.33, 7134.61>) CloseFence
22:21:39: Player "Biel FxR" (steam64id="76561198050836260" pos=<7622.08, 13.22, 9814.14>) CloseFence
22:22:41: Player "Biel FxR" (steam64id="76561198050836260" pos=<7623.13, 13.22, 9814.79>) CloseFence
22:25:25: Player "[EB] GordoEmers" (steam64id="76561198260617608" pos=<10388.7, 17.65, 10614.4>) CloseFence
22:25:38: Player "[EB] GordoEmers" (steam64id="76561198260617608" pos=<10387.9, 17.67, 10618>) CloseFence
22:25:41: Player "[EB] pedrobala" (steam64id="76561198046653521" pos=<10394.8, 14.59, 10608.9>) CloseFence
22:25:43: Player "[EB] GordoEmers" (steam64id="76561198260617608" pos=<10391, 16.73, 10616.3>) CloseFence
22:25:45: Player "[EB] pedrobala" (steam64id="76561198046653521" pos=<10393.2, 14.56, 10610>) CloseFence
22:26:07: Player "[EB] GordoEmers" (steam64id="76561198260617608" pos=<10393.1, 14.57, 10612.3>) CloseFence
22:26:23: Player "[EB] pedrobala" (steam64id="76561198046653521" pos=<10392.6, 14.55, 10609.7>) CloseFence
22:26:25: Player "[EB] pedrobala" (steam64id="76561198046653521" pos=<10393.1, 14.56, 10609.6>) CloseFence
22:26:27: Player "[EB] pedrobala" (steam64id="76561198046653521" pos=<10393.1, 14.56, 10609.6>) CloseFence
22:26:38: Player "[EB] pedrobala" (steam64id="76561198046653521" pos=<10392.8, 14.56, 10610.3>) CloseFence
22:26:41: Player "[EB] pedrobala" (steam64id="76561198046653521" pos=<10393.3, 14.56, 10610>) CloseFence
22:26:42: Player "[EB] pedrobala" (steam64id="76561198046653521" pos=<10393.3, 14.56, 10609.9>) CloseFence
22:26:43: Player "[EB] pedrobala" (steam64id="76561198046653521" pos=<10393.3, 14.56, 10609.9>) CloseFence
22:26:44: Player "[EB] pedrobala" (steam64id="76561198046653521" pos=<10392.3, 14.55, 10609.7>) CloseFence
22:27:07: Player "Biel FxR" (steam64id="76561198050836260" pos=<7621.17, 13.22, 9813.62>) CloseFence
22:27:10: Player "[EB] pedrobala" (steam64id="76561198046653521" pos=<10392.9, 14.55, 10609.8>) CloseFence
22:27:11: Player "[EB] pedrobala" (steam64id="76561198046653521" pos=<10392.5, 14.55, 10609.5>) CloseFence
22:27:21: Player "Biel FxR" (steam64id="76561198050836260" pos=<7621.61, 13.22, 9814.03>) CloseFence
22:27:25: Player "[EB] GordoEmers" (steam64id="76561198260617608" pos=<10386.1, 17.63, 10617.2>) CloseFence
22:27:27: Player "[EB] GordoEmers" (steam64id="76561198260617608" pos=<10387.3, 17.65, 10616.5>) CloseFence
22:27:46: Player "Biel FxR" (steam64id="76561198050836260" pos=<7626.33, 12.20, 9816.1>) CloseFence
22:27:50: Player "Biel FxR" (steam64id="76561198050836260" pos=<7622.14, 13.22, 9814.36>) CloseFence
22:28:07: Player "Biel FxR" (steam64id="76561198050836260" pos=<7635.23, 12.20, 9777.21>) CloseFence
22:28:14: Player "Biel FxR" (steam64id="76561198050836260" pos=<7638.46, 12.07, 9774.38>) CloseFence
22:28:20: Player "Biel FxR" (steam64id="76561198050836260" pos=<7650.35, 11.41, 9765.42>) CloseFence
22:29:17: Player "[horda]marcelinho" (steam64id="76561198817477406" pos=<9960.15, 6.78, 11746.1>) CloseFence
22:29:24: Player "[horda]marcelinho" (steam64id="76561198817477406" pos=<9960.17, 6.79, 11746.4>) CloseFence
22:29:50: Player "[horda]marcelinho" (steam64id="76561198817477406" pos=<9959.95, 7.63, 11751.2>) CloseFence
22:30:01: Player "[EB] GordoEmers" (steam64id="76561198260617608" pos=<10388.7, 17.65, 10614.6>) CloseFence
22:30:04: Player "[EB] pedrobala" (steam64id="76561198046653521" pos=<10388.1, 17.65, 10615.3>) CloseFence
22:30:06: Player "[EB] GordoEmers" (steam64id="76561198260617608" pos=<10387.3, 17.65, 10616.2>) CloseFence
22:30:09: Player "[EB] pedrobala" (steam64id="76561198046653521" pos=<10390.8, 16.56, 10615.9>) CloseFence
22:30:09: Player "[horda]marcelinho" (steam64id="76561198817477406" pos=<9960.22, 6.78, 11746.2>) CloseFence
22:30:14: Player "[horda]marcelinho" (steam64id="76561198817477406" pos=<9960.4, 7.64, 11751.9>) CloseFence
22:30:15: Player "[EB] pedrobala" (steam64id="76561198046653521" pos=<10393.8, 14.57, 10610.1>) CloseFence
22:30:24: Player "[horda]marcelinho" (steam64id="76561198817477406" pos=<9959.23, 7.72, 11754.2>) CloseFence
22:30:30: Player "[EB] pedrobala" (steam64id="76561198046653521" pos=<10394.5, 13.72, 10606.7>) CloseFence
22:30:57: Player "[horda]marcelinho" (steam64id="76561198817477406" pos=<9958.41, 7.74, 11755.9>) CloseFence
22:30:59: Player "[horda]marcelinho" (steam64id="76561198817477406" pos=<9957.92, 7.56, 11758.1>) OpenFence
22:31:00: Player "[horda]marcelinho" (steam64id="76561198817477406" pos=<9958.23, 7.58, 11758>) CloseFence
22:36:12: Player "[EB] pedrobala" (steam64id="76561198046653521" pos=<10394.8, 14.59, 10608.8>) CloseFence
22:36:45: Player "[EB] pedrobala" (steam64id="76561198046653521" pos=<10392.7, 14.56, 10610.9>) CloseFence
22:36:48: Player "[EB] pedrobala" (steam64id="76561198046653521" pos=<10392.3, 14.55, 10610.2>) CloseFence
22:37:00: Player "[EB] pedrobala" (steam64id="76561198046653521" pos=<10394.2, 13.66, 10606.2>) CloseFence
22:39:17: Player "[EB] pedrobala" (steam64id="76561198046653521" pos=<10394.5, 14.58, 10608.8>) CloseFence
22:39:24: Player "[EB] pedrobala" (steam64id="76561198046653521" pos=<10394.4, 13.75, 10607>) CloseFence
22:39:27: Player "[EB] pedrobala" (steam64id="76561198046653521" pos=<10394.5, 13.70, 10606.6>) CloseFence
22:39:59: Player "GLORIA GROOVE" (steam64id="76561198836991038" pos=<11084.9, 31.61, 8427.54>) CloseFence
22:40:16: Player "[horda]marcelinho" (steam64id="76561198817477406" pos=<9954.68, 18.84, 11774.9>) CloseFence
22:40:19: Player "GabrielDWR" (steam64id="76561199012612653" pos=<11833.7, 19.73, 7268.59>) CloseFence
22:40:24: Player "[horda]marcelinho" (steam64id="76561198817477406" pos=<9955.85, 17.97, 11775.2>) CloseFence
22:40:37: Player "GLORIA GROOVE" (steam64id="76561198836991038" pos=<11083.7, 27.80, 8428.61>) CloseFence
22:41:04: Player "[EB] pedrobala" (steam64id="76561198046653521" pos=<10394.1, 14.57, 10608.9>) CloseFence
22:41:05: Player "GLORIA GROOVE" (steam64id="76561198836991038" pos=<11083.8, 11.11, 8432.02>) CloseFence
22:41:08: Player "GabrielDWR" (steam64id="76561199012612653" pos=<11836, 19.80, 7270.78>) OpenFence
22:41:09: Player "GLORIA GROOVE" (steam64id="76561198836991038" pos=<11084.1, 11.09, 8431.54>) CloseFence
22:41:12: Player "GabrielDWR" (steam64id="76561199012612653" pos=<11830.9, 19.73, 7267.97>) CloseFence
22:41:20: Player "GLORIA GROOVE" (steam64id="76561198836991038" pos=<11083.7, 9.13, 8428.63>) CloseFence
22:41:26: Player "GLORIA GROOVE" (steam64id="76561198836991038" pos=<11084.3, 6.91, 8431.5>) CloseFence
22:41:27: Player "[horda]marcelinho" (steam64id="76561198817477406" pos=<9956.73, 7.58, 11773.1>) CloseFence
22:41:32: Player "[horda]marcelinho" (steam64id="76561198817477406" pos=<9956.71, 7.03, 11759.7>) OpenFence
22:41:35: Player "[horda]marcelinho" (steam64id="76561198817477406" pos=<9958.29, 7.58, 11758.1>) CloseFence
22:41:35: Player "GLORIA GROOVE" (steam64id="76561198836991038" pos=<11082.7, 4.21, 8427.74>) CloseFence
22:41:38: Player "GLORIA GROOVE" (steam64id="76561198836991038" pos=<11082.6, 4.21, 8427.54>) CloseFence
22:41:39: Player "[horda]marcelinho" (steam64id="76561198817477406" pos=<9958.55, 7.73, 11756.2>) CloseFence
22:41:41: Player "GabrielDWR" (steam64id="76561199012612653" pos=<11833.6, 19.73, 7269.85>) OpenFence
22:41:43: Player "[EB] pedrobala" (steam64id="76561198046653521" pos=<10387.7, 17.66, 10617.6>) CloseFence
22:41:44: Player "GabrielDWR" (steam64id="76561199012612653" pos=<11835.6, 19.80, 7268.43>) CloseFence
22:41:45: Player "[EB] pedrobala" (steam64id="76561198046653521" pos=<10391, 16.07, 10615.4>) CloseFence
22:41:47: Player "[EB] pedrobala" (steam64id="76561198046653521" pos=<10393.6, 14.57, 10611>) CloseFence
22:41:51: Player "[EB] pedrobala" (steam64id="76561198046653521" pos=<10394.4, 13.73, 10606.8>) CloseFence
22:41:56: Player "GLORIA GROOVE" (steam64id="76561198836991038" pos=<11092.6, 4.01, 8416.64>) CloseFence
22:42:09: Player "[HORDA] JHON WICK" (steam64id="76561198122075703" pos=<9958.44, 7.62, 11757.7>) OpenFence
22:42:10: Player "[HORDA] JHON WICK" (steam64id="76561198122075703" pos=<9958.01, 7.50, 11758.6>) CloseFence
22:42:16: Player "[HORDA] zBieL" (steam64id="76561198001525812" pos=<9960.35, 7.59, 11750.2>) CloseFence
22:42:19: Player "[HORDA] zBieL" (steam64id="76561198001525812" pos=<9958.07, 7.59, 11757.8>) OpenFence
22:42:22: Player "[HORDA] JHON WICK" (steam64id="76561198122075703" pos=<9956.78, 7.51, 11772.6>) CloseFence
22:42:27: Player "GabrielDWR" (steam64id="76561199012612653" pos=<11834, 19.73, 7269.05>) CloseFence
22:42:35: Player "[horda]marcelinho" (steam64id="76561198817477406" pos=<9960.35, 7.60, 11750.4>) CloseFence
22:42:39: Player "[horda]marcelinho" (steam64id="76561198817477406" pos=<9961.02, 6.78, 11746>) CloseFence
22:42:43: Player "GabrielDWR" (steam64id="76561199012612653" pos=<11832.9, 19.73, 7268.39>) CloseFence
22:42:43: Player "[HORDA]MacLovin" (steam64id="76561199068236803" pos=<9966.39, 7.67, 11752.5>) CloseFence
22:42:44: Player "[HORDA] zBieL" (steam64id="76561198001525812" pos=<9959.23, 7.72, 11754.2>) CloseFence
22:42:46: Player "[HORDA] zBieL" (steam64id="76561198001525812" pos=<9958.44, 7.73, 11756.1>) CloseFence
22:42:48: Player "GabrielDWR" (steam64id="76561199012612653" pos=<11831.1, 19.73, 7269.72>) CloseFence
22:42:49: Player "[HORDA] zBieL" (steam64id="76561198001525812" pos=<9957.74, 7.48, 11758.9>) CloseFence
22:42:53: Player "[HORDA] zBieL" (steam64id="76561198001525812" pos=<9956.16, 7.53, 11772.1>) CloseFence
22:43:00: Player "GabrielDWR" (steam64id="76561199012612653" pos=<11835.9, 19.80, 7268.6>) CloseFence
22:43:12: Player "[horda]marcelinho" (steam64id="76561198817477406" pos=<9959.81, 6.75, 11744.7>) CloseFence
22:43:33: Player "[ONE] KARABULJHAN" (steam64id="76561198100527842" pos=<9570.8, 29.90, 12176.9>) CloseFence
22:43:34: Player "[ONE] KARABULJHAN" (steam64id="76561198100527842" pos=<9571.93, 29.85, 12176>) CloseFence
22:43:35: Player "[ONE] KARABULJHAN" (steam64id="76561198100527842" pos=<9572.68, 29.84, 12175.8>) CloseFence
22:43:46: Player "[horda]marcelinho" (steam64id="76561198817477406" pos=<9966.35, 6.83, 11748.2>) CloseFence
22:44:07: Player "[horda]marcelinho" (steam64id="76561198817477406" pos=<9967.09, 6.83, 11748>) CloseFence
22:44:10: Player "GabrielDWR" (steam64id="76561199012612653" pos=<11836.8, 19.80, 7270.62>) CloseFence
22:44:26: Player "[horda]marcelinho" (steam64id="76561198817477406" pos=<9960.52, 6.78, 11746.2>) CloseFence
22:44:34: Player "[horda]marcelinho" (steam64id="76561198817477406" pos=<9960.21, 7.63, 11751.4>) CloseFence
22:44:39: Player "[horda]marcelinho" (steam64id="76561198817477406" pos=<9959.08, 7.73, 11754.6>) CloseFence
22:44:42: Player "[horda]marcelinho" (steam64id="76561198817477406" pos=<9958.28, 7.68, 11757>) CloseFence
22:44:43: Player "[horda]marcelinho" (steam64id="76561198817477406" pos=<9957.87, 7.61, 11757.5>) OpenFence
22:44:45: Player "[horda]marcelinho" (steam64id="76561198817477406" pos=<9957.56, 7.47, 11758.9>) CloseFence
22:45:20: Player "GabrielDWR" (steam64id="76561199012612653" pos=<11836.1, 19.80, 7267.35>) CloseFence
22:46:04: Player "XUXUZINHO" (steam64id="76561199083408122" pos=<8834.41, 7.45, 10247.5>) CloseFence
22:46:10: Player "XUXUZINHO" (steam64id="76561199083408122" pos=<8836.91, 7.45, 10245.5>) CloseFence
22:46:16: Player "XUXUZINHO" (steam64id="76561199083408122" pos=<8838.47, 7.45, 10244.1>) CloseFence
22:46:23: Player "TripaSeca" (steam64id="76561198093060507" pos=<7630.1, 12.20, 9813.49>) CloseFence
22:46:23: Player "XUXUZINHO" (steam64id="76561199083408122" pos=<8839.51, 7.45, 10243.3>) CloseFence
22:46:24: Player "[ONE}Rick" (steam64id="76561198868590548" pos=<9581.67, 30.43, 12172.7>) CloseFence
22:46:29: Player "TripaSeca" (steam64id="76561198093060507" pos=<7622.22, 13.22, 9814.39>) CloseFence
22:46:29: Player "XUXUZINHO" (steam64id="76561199083408122" pos=<8840.46, 7.45, 10242.6>) CloseFence
22:46:34: Player "XUXUZINHO" (steam64id="76561199083408122" pos=<8843.52, 7.45, 10240.1>) CloseFence
22:46:40: Player "[EB] pedrobala" (steam64id="76561198046653521" pos=<10394.5, 14.57, 10608.9>) CloseFence
22:46:52: Player "[EB] pedrobala" (steam64id="76561198046653521" pos=<10394.6, 13.70, 10606.6>) CloseFence
22:47:22: Player "TripaSeca" (steam64id="76561198093060507" pos=<7635.72, 12.20, 9778.24>) CloseFence
22:47:29: Player "TripaSeca" (steam64id="76561198093060507" pos=<7637.15, 12.07, 9774.38>) CloseFence
22:47:51: Player "TripaSeca" (steam64id="76561198093060507" pos=<7621.99, 13.22, 9813.98>) CloseFence
22:47:58: Player "TripaSeca" (steam64id="76561198093060507" pos=<7629.02, 12.20, 9814.37>) CloseFence
22:48:08: Player "[EB] pedrobala" (steam64id="76561198046653521" pos=<10393.6, 14.56, 10608.8>) CloseFence
22:48:23: Player "[ONE}Rick" (steam64id="76561198868590548" pos=<9567.99, 29.59, 12174.2>) CloseFence
22:48:23: Player "[ONE}Rick" (steam64id="76561198868590548" pos=<9569.07, 29.63, 12173.9>) CloseFence
22:48:23: Player "[ONE}Rick" (steam64id="76561198868590548" pos=<9570.15, 29.66, 12173.7>) CloseFence
22:48:23: Player "[ONE}Rick" (steam64id="76561198868590548" pos=<9571.88, 29.64, 12173.2>) CloseFence
22:48:24: Player "[ONE}Rick" (steam64id="76561198868590548" pos=<9573.99, 30.29, 12172.4>) CloseFence
22:48:24: Player "[ONE}Rick" (steam64id="76561198868590548" pos=<9574.64, 30.37, 12172.3>) CloseFence
22:48:24: Player "[ONE}Rick" (steam64id="76561198868590548" pos=<9576.84, 30.47, 12171.9>) CloseFence
22:48:28: Player "[ONE}Rick" (steam64id="76561198868590548" pos=<9580.15, 30.44, 12171.1>) CloseFence
22:48:37: Player "[ONE}Rick" (steam64id="76561198868590548" pos=<9583.95, 30.31, 12172.5>) CloseFence
22:48:49: Player "[ONE}Rick" (steam64id="76561198868590548" pos=<9588.07, 29.18, 12175.2>) CloseFence
22:48:58: Player "[EB] pedrobala" (steam64id="76561198046653521" pos=<10393.3, 14.56, 10609>) CloseFence
22:48:59: Player "[EB] pedrobala" (steam64id="76561198046653521" pos=<10393.4, 14.56, 10609.9>) CloseFence
22:50:20: Player "TripaSeca" (steam64id="76561198093060507" pos=<7629.71, 12.20, 9813.78>) CloseFence
22:50:22: Player "GabrielDWR" (steam64id="76561199012612653" pos=<11833.4, 19.73, 7268.11>) CloseFence
22:50:55: Player "GabrielDWR" (steam64id="76561199012612653" pos=<11835.7, 19.80, 7268.06>) CloseFence
22:51:01: Player "TripaSeca" (steam64id="76561198093060507" pos=<7626.47, 12.20, 9812.61>) CloseFence
22:51:06: Player "[HORDA] zBieL" (steam64id="76561198001525812" pos=<9956.36, 7.57, 11773.6>) CloseFence
22:51:44: Player "[EB] pedrobala" (steam64id="76561198046653521" pos=<10394, 14.57, 10609.3>) CloseFence
22:52:30: Player "TripaSeca" (steam64id="76561198093060507" pos=<7634.38, 12.20, 9778.13>) CloseFence
22:52:33: Player "TripaSeca" (steam64id="76561198093060507" pos=<7636.47, 12.07, 9774.31>) CloseFence
22:52:44: Player "[EB] pedrobala" (steam64id="76561198046653521" pos=<10392.7, 14.55, 10609.6>) CloseFence
22:52:57: Player "TripaSeca" (steam64id="76561198093060507" pos=<7648.02, 11.47, 9765.6>) CloseFence
22:53:00: Player "[HORDA]ThiagoPenna" (steam64id="76561198218822351" pos=<9968.34, 6.84, 11748.5>) CloseFence
22:53:02: Player "TripaSeca" (steam64id="76561198093060507" pos=<7637.58, 12.06, 9773.67>) CloseFence
22:53:04: Player "[HORDA]ThiagoPenna" (steam64id="76561198218822351" pos=<9961.36, 7.21, 11747.4>) CloseFence
22:53:11: Player "[HORDA]ThiagoPenna" (steam64id="76561198218822351" pos=<9960.14, 7.68, 11753.1>) CloseFence
22:53:19: Player "[HORDA]ThiagoPenna" (steam64id="76561198218822351" pos=<9968.36, 6.84, 11748.4>) CloseFence
22:53:24: Player "[HORDA]ThiagoPenna" (steam64id="76561198218822351" pos=<9960.37, 7.64, 11751.7>) CloseFence
22:53:29: Player "[HORDA] zBieL" (steam64id="76561198001525812" pos=<9957.23, 7.04, 11759.7>) OpenFence
22:53:37: Player "[HORDA] zBieL" (steam64id="76561198001525812" pos=<9958.27, 7.69, 11756.9>) CloseFence
22:53:42: Player "[EB] pedrobala" (steam64id="76561198046653521" pos=<10389, 17.66, 10615.3>) CloseFence
22:53:44: Player "[EB] pedrobala" (steam64id="76561198046653521" pos=<10387.8, 17.66, 10617.5>) CloseFence
22:53:49: Player "[HORDA]ThiagoPenna" (steam64id="76561198218822351" pos=<9966.68, 7.66, 11751.8>) CloseFence
22:53:51: Player "TripaSeca" (steam64id="76561198093060507" pos=<7635.79, 12.20, 9778.69>) CloseFence
22:53:53: Player "TripaSeca" (steam64id="76561198093060507" pos=<7636.78, 12.07, 9774.96>) CloseFence
22:53:58: Player "TripaSeca" (steam64id="76561198093060507" pos=<7650.18, 11.41, 9765.93>) CloseFence
22:54:01: Player "[YKZ]-Lobato" (steam64id="76561198158375860" pos=<11092.6, 4.01, 8416.37>) CloseFence
22:54:10: Player "[YKZ]-BlackBear" (steam64id="76561198343030820" pos=<11092.6, 4.25, 8417.24>) CloseFence
22:54:14: Player "[EB] pedrobala" (steam64id="76561198046653521" pos=<10392.9, 14.55, 10609.6>) CloseFence
22:54:17: Player "[EB] pedrobala" (steam64id="76561198046653521" pos=<10392.6, 14.55, 10609.5>) CloseFence
22:54:19: Player "[YKZ]-BlackBear" (steam64id="76561198343030820" pos=<11092.2, 4.26, 8417.7>) CloseFence
22:54:25: Player "GLORIA GROOVE" (steam64id="76561198836991038" pos=<11083.4, 4.21, 8427.9>) CloseFence
22:54:33: Player "[YKZ]-Lobato" (steam64id="76561198158375860" pos=<11082.7, 4.21, 8427.57>) CloseFence
22:54:41: Player "[YKZ]-BlackBear" (steam64id="76561198343030820" pos=<11083.5, 8.52, 8429.38>) CloseFence
22:54:41: Player "GLORIA GROOVE" (steam64id="76561198836991038" pos=<11083.9, 6.99, 8432.08>) CloseFence
22:54:49: Player "[YKZ]-BlackBear" (steam64id="76561198343030820" pos=<11085.2, 10.11, 8430.26>) CloseFence
22:54:53: Player "[YKZ]-Lobato" (steam64id="76561198158375860" pos=<11084.5, 9.29, 8427.88>) CloseFence
22:54:54: Player "[YKZ]-Lobato" (steam64id="76561198158375860" pos=<11083.7, 11.11, 8431.3>) CloseFence
22:55:10: Player "GLORIA GROOVE" (steam64id="76561198836991038" pos=<11083.7, 27.68, 8428.71>) CloseFence
22:55:10: Player "[EB] GordoEmers" (steam64id="76561198260617608" pos=<10394.5, 14.58, 10608.4>) CloseFence
22:55:14: Player "[EB] GordoEmers" (steam64id="76561198260617608" pos=<10393, 14.57, 10612.4>) CloseFence
22:55:16: Player "[YKZ]-Lobato" (steam64id="76561198158375860" pos=<11083.4, 27.10, 8429.21>) CloseFence
22:55:17: Player "[EB] GordoEmers" (steam64id="76561198260617608" pos=<10390.8, 17.71, 10617.8>) CloseFence
22:55:20: Player "[YKZ]-Lobato" (steam64id="76561198158375860" pos=<11084.1, 27.51, 8429.14>) CloseFence
22:55:20: Player "GLORIA GROOVE" (steam64id="76561198836991038" pos=<11085.1, 35.24, 8426.39>) CloseFence
22:55:30: Player "[YKZ]-Lobato" (steam64id="76561198158375860" pos=<11085.3, 35.24, 8427.93>) CloseFence
22:55:55: Player "Vini_300" (steam64id="76561198145785923" pos=<10574, 17.97, 13554>) CloseFence
22:56:02: Player "XUXUZINHO" (steam64id="76561199083408122" pos=<8847.52, 7.45, 10240>) CloseFence
22:56:05: Player "XUXUZINHO" (steam64id="76561199083408122" pos=<8843.36, 7.45, 10240.3>) CloseFence
22:56:06: Player "Vini_300" (steam64id="76561198145785923" pos=<10571.6, 17.95, 13555.8>) OpenFence
22:56:09: Player "XUXUZINHO" (steam64id="76561199083408122" pos=<8840.06, 7.45, 10243>) CloseFence
22:56:11: Player "[EB] GordoEmers" (steam64id="76561198260617608" pos=<10387.2, 17.64, 10615.9>) CloseFence
22:56:11: Player "XUXUZINHO" (steam64id="76561199083408122" pos=<8838.65, 7.45, 10244.1>) CloseFence
22:56:14: Player "[EB] GordoEmers" (steam64id="76561198260617608" pos=<10389, 17.65, 10613.6>) CloseFence
22:56:14: Player "XUXUZINHO" (steam64id="76561199083408122" pos=<8837.01, 7.45, 10245.3>) CloseFence
22:56:16: Player "XUXUZINHO" (steam64id="76561199083408122" pos=<8834.1, 7.44, 10247.8>) CloseFence
22:56:25: Player "Vini_300" (steam64id="76561198145785923" pos=<10563.7, 18.21, 13564.8>) CloseFence
22:56:41: Player "GLORIA GROOVE" (steam64id="76561198836991038" pos=<11092.1, 41.37, 8432.28>) CloseFence
22:57:01: Player "[EB] GordoEmers" (steam64id="76561198260617608" pos=<10388.9, 17.65, 10613.9>) CloseFence
22:57:05: Player "[EB] GordoEmers" (steam64id="76561198260617608" pos=<10387.6, 17.66, 10617.9>) CloseFence
22:57:08: Player "[EB] GordoEmers" (steam64id="76561198260617608" pos=<10390.8, 16.93, 10616.4>) CloseFence
22:57:11: Player "[EB] GordoEmers" (steam64id="76561198260617608" pos=<10393.5, 14.57, 10610.9>) CloseFence
22:57:20: Player "[EB] GordoEmers" (steam64id="76561198260617608" pos=<10389.6, 14.52, 10611.1>) CloseFence
22:57:25: Player "ObreD" (steam64id="76561198258911731" pos=<8834.04, 7.44, 10247.5>) CloseFence
22:57:31: Player "ObreD" (steam64id="76561198258911731" pos=<8837.43, 7.45, 10245>) CloseFence
22:57:37: Player "ObreD" (steam64id="76561198258911731" pos=<8840.08, 7.45, 10243.4>) CloseFence
22:57:41: Player "ObreD" (steam64id="76561198258911731" pos=<8840.33, 7.45, 10243.1>) CloseFence
22:57:45: Player "ObreD" (steam64id="76561198258911731" pos=<8842.75, 7.45, 10240.8>) CloseFence
22:57:51: Player "ObreD" (steam64id="76561198258911731" pos=<8846.9, 7.45, 10242.1>) CloseFence
22:58:13: Player "[EB] pedrobala" (steam64id="76561198046653521" pos=<10389.4, 17.66, 10615>) CloseFence
22:59:48: Player "[HORDA] zBieL" (steam64id="76561198001525812" pos=<9955.77, 18.02, 11775.3>) CloseFence
23:00:06: Player "[EB] GordoEmers" (steam64id="76561198260617608" pos=<10390.9, 17.70, 10617.5>) CloseFence
23:00:11: Player "[EB] GordoEmers" (steam64id="76561198260617608" pos=<10389, 17.65, 10613.8>) CloseFence
23:00:45: Player "ObreD" (steam64id="76561198258911731" pos=<8847.26, 7.45, 10242.3>) CloseFence
23:00:48: Player "ObreD" (steam64id="76561198258911731" pos=<8843.69, 7.45, 10239.9>) CloseFence
23:00:50: Player "ObreD" (steam64id="76561198258911731" pos=<8840.55, 7.45, 10242.9>) CloseFence
23:00:52: Player "ObreD" (steam64id="76561198258911731" pos=<8838.7, 7.45, 10244.7>) CloseFence
23:00:54: Player "ObreD" (steam64id="76561198258911731" pos=<8837.34, 7.45, 10245.4>) CloseFence
23:00:56: Player "ObreD" (steam64id="76561198258911731" pos=<8834.35, 7.44, 10247.8>) CloseFence
23:01:16: Player "[HORDA] zBieL" (steam64id="76561198001525812" pos=<9956.71, 7.57, 11774>) CloseFence
23:01:23: Player "[HORDA] zBieL" (steam64id="76561198001525812" pos=<9956.58, 7.41, 11771.8>) CloseFence
23:01:30: Player "[HORDA] zBieL" (steam64id="76561198001525812" pos=<9954.07, 19.07, 11774.8>) CloseFence
23:01:54: Player "GLORIA GROOVE" (steam64id="76561198836991038" pos=<11085.3, 35.24, 8426.86>) CloseFence
23:01:56: Player "[HORDA]ThiagoPenna" (steam64id="76561198218822351" pos=<9954.3, 18.99, 11774.8>) CloseFence
23:02:03: Player "[HORDA]ThiagoPenna" (steam64id="76561198218822351" pos=<9954.53, 18.91, 11774.9>) CloseFence
23:02:16: Player "GLORIA GROOVE" (steam64id="76561198836991038" pos=<11084.6, 35.24, 8428.48>) CloseFence
23:02:23: Player "GLORIA GROOVE" (steam64id="76561198836991038" pos=<11084.8, 35.24, 8427.6>) CloseFence
23:04:21: Player "GLORIA GROOVE" (steam64id="76561198836991038" pos=<11084.3, 41.37, 8429.14>) CloseFence
23:04:36: Player "[EB] GordoEmers" (steam64id="76561198260617608" pos=<10389.1, 17.65, 10613.7>) CloseFence
23:04:42: Player "[HORDA]ThiagoPenna" (steam64id="76561198218822351" pos=<9954.46, 18.91, 11774.9>) CloseFence
23:05:15: Player "[HORDA]ThiagoPenna" (steam64id="76561198218822351" pos=<9956.76, 7.55, 11772.6>) CloseFence
23:05:17: Player "[HORDA]ThiagoPenna" (steam64id="76561198218822351" pos=<9956.65, 7.05, 11760.6>) OpenFence
23:05:19: Player "[HORDA]ThiagoPenna" (steam64id="76561198218822351" pos=<9957.8, 7.55, 11758.1>) OpenFence
23:05:21: Player "[HORDA]ThiagoPenna" (steam64id="76561198218822351" pos=<9957.86, 7.61, 11757.5>) CloseFence
23:05:21: Player "[horda]marcelinho" (steam64id="76561198817477406" pos=<9956.27, 7.58, 11773.1>) CloseFence
23:05:25: Player "[horda]marcelinho" (steam64id="76561198817477406" pos=<9956.77, 7.50, 11772.3>) CloseFence
23:05:25: Player "GLORIA GROOVE" (steam64id="76561198836991038" pos=<11084.8, 41.41, 8428.69>) CloseFence
23:05:28: Player "[horda]marcelinho" (steam64id="76561198817477406" pos=<9957.46, 7.05, 11759.6>) OpenFence
23:05:30: Player "[horda]marcelinho" (steam64id="76561198817477406" pos=<9957.65, 7.46, 11759>) CloseFence
23:05:32: Player "[HORDA]ThiagoPenna" (steam64id="76561198218822351" pos=<9959.1, 7.73, 11755.9>) CloseFence
23:05:33: Player "[YKZ]-BlackBear" (steam64id="76561198343030820" pos=<11083, 41.37, 8430.64>) CloseFence
23:05:33: Player "[HORDA]ThiagoPenna" (steam64id="76561198218822351" pos=<9959.34, 7.70, 11753.6>) CloseFence
23:05:36: Player "[horda]marcelinho" (steam64id="76561198817477406" pos=<9959.3, 7.74, 11755.4>) CloseFence
23:05:39: Player "[horda]marcelinho" (steam64id="76561198817477406" pos=<9960, 7.69, 11753.4>) CloseFence
23:05:42: Player "[horda]marcelinho" (steam64id="76561198817477406" pos=<9960.3, 7.66, 11752.5>) CloseFence
23:05:49: Player "[HORDA]ThiagoPenna" (steam64id="76561198218822351" pos=<9968.53, 6.83, 11747.9>) CloseFence
23:06:12: Player "[EB] GordoEmers" (steam64id="76561198260617608" pos=<10389, 17.65, 10614.3>) CloseFence
23:06:23: Player "[EB] pedrobala" (steam64id="76561198046653521" pos=<10387.8, 17.65, 10615.7>) CloseFence
23:06:25: Player "[EB] GordoEmers" (steam64id="76561198260617608" pos=<10387.3, 17.65, 10616.8>) CloseFence
23:06:34: Player "[EB] pedrobala" (steam64id="76561198046653521" pos=<10387, 17.65, 10617.6>) CloseFence
23:07:08: Player "GLORIA GROOVE" (steam64id="76561198836991038" pos=<11085.2, 35.24, 8427.04>) CloseFence
23:07:10: Player "[EB] pedrobala" (steam64id="76561198046653521" pos=<10389.2, 17.66, 10614.6>) CloseFence
23:07:13: Player "[EB] pedrobala" (steam64id="76561198046653521" pos=<10387.4, 17.66, 10617.8>) CloseFence
23:07:16: Player "[EB] pedrobala" (steam64id="76561198046653521" pos=<10391.1, 16.00, 10615.3>) CloseFence
23:07:30: Player "[EB] GordoEmers" (steam64id="76561198260617608" pos=<10391, 14.52, 10608.5>) CloseFence
23:07:33: Player "GLORIA GROOVE" (steam64id="76561198836991038" pos=<11083.9, 27.98, 8428.14>) CloseFence
23:07:34: Player "[EB] GordoEmers" (steam64id="76561198260617608" pos=<10392.6, 14.55, 10610>) CloseFence
23:08:08: Player "GLORIA GROOVE" (steam64id="76561198836991038" pos=<11084.1, 11.10, 8431.59>) CloseFence
23:08:12: Player "GLORIA GROOVE" (steam64id="76561198836991038" pos=<11084.3, 9.29, 8427.67>) CloseFence
23:08:15: Player "GLORIA GROOVE" (steam64id="76561198836991038" pos=<11083.7, 8.89, 8429>) CloseFence
23:08:48: Player "GLORIA GROOVE" (steam64id="76561198836991038" pos=<11084.3, 6.82, 8431.36>) CloseFence
23:09:49: Player "[EB] pedrobala" (steam64id="76561198046653521" pos=<10390.4, 14.51, 10607.9>) CloseFence
23:10:19: Player "[EB] GordoEmers" (steam64id="76561198260617608" pos=<10386.1, 17.63, 10617.2>) CloseFence
23:10:21: Player "[EB] GordoEmers" (steam64id="76561198260617608" pos=<10386.1, 17.63, 10616.2>) CloseFence
23:10:25: Player "[YKZ]-Lobato" (steam64id="76561198158375860" pos=<11085, 35.24, 8428.24>) CloseFence
23:10:32: Player "[YKZ]-Lobato" (steam64id="76561198158375860" pos=<11084, 27.98, 8428.32>) CloseFence
23:10:32: Player "[EB] GordoEmers" (steam64id="76561198260617608" pos=<10387.6, 17.66, 10617.3>) CloseFence
23:10:33: Player "[EB] pedrobala" (steam64id="76561198046653521" pos=<10390.6, 14.51, 10607.9>) CloseFence
23:10:35: Player "[EB] GordoEmers" (steam64id="76561198260617608" pos=<10391.4, 16.02, 10615.5>) CloseFence
23:10:38: Player "[EB] GordoEmers" (steam64id="76561198260617608" pos=<10393.5, 14.57, 10610.5>) CloseFence
23:10:42: Player "[YKZ]-Lobato" (steam64id="76561198158375860" pos=<11083.8, 11.11, 8431.77>) CloseFence
23:10:44: Player "[EB] GordoEmers" (steam64id="76561198260617608" pos=<10395.1, 14.57, 10608.3>) CloseFence
23:10:47: Player "GLORIA GROOVE" (steam64id="76561198836991038" pos=<11083.3, 4.21, 8427.82>) CloseFence
23:10:48: Player "[YKZ]-Lobato" (steam64id="76561198158375860" pos=<11083.8, 8.88, 8428.86>) CloseFence
23:10:50: Player "[YKZ]-Lobato" (steam64id="76561198158375860" pos=<11084.1, 6.99, 8431.75>) CloseFence
23:10:51: Player "GLORIA GROOVE" (steam64id="76561198836991038" pos=<11082.8, 4.21, 8427.63>) CloseFence
23:11:06: Player "[YKZ]-Lobato" (steam64id="76561198158375860" pos=<11081.9, 4.21, 8427.52>) CloseFence
23:11:35: Player "GLORIA GROOVE" (steam64id="76561198836991038" pos=<11082.1, 4.21, 8427.52>) CloseFence
23:13:33: Player "[YKZ]-BlackBear" (steam64id="76561198343030820" pos=<11085, 35.24, 8428>) CloseFence
23:13:41: Player "[YKZ]-BlackBear" (steam64id="76561198343030820" pos=<11082.5, 25.87, 8430.07>) CloseFence
23:13:51: Player "[YKZ]-BlackBear" (steam64id="76561198343030820" pos=<11084.2, 11.00, 8431.43>) CloseFence
23:13:55: Player "[YKZ]-BlackBear" (steam64id="76561198343030820" pos=<11083.6, 8.72, 8429.18>) CloseFence
23:13:58: Player "[YKZ]-BlackBear" (steam64id="76561198343030820" pos=<11084.5, 6.13, 8430.78>) CloseFence
23:14:14: Player "[YKZ]-Lobato" (steam64id="76561198158375860" pos=<11092.5, 4.01, 8416.67>) CloseFence
23:14:17: Player "GLORIA GROOVE" (steam64id="76561198836991038" pos=<11092.7, 4.00, 8416.44>) CloseFence
23:14:20: Player "[YKZ]-BlackBear" (steam64id="76561198343030820" pos=<11082.4, 4.21, 8427.78>) CloseFence
23:14:48: Player "[YKZ]-BlackBear" (steam64id="76561198343030820" pos=<11092.3, 4.01, 8416.7>) CloseFence
23:31:17: Player "[HORDA]LUCASBR" (steam64id="76561198973828354" pos=<9560.67, 2.94, 9581.07>) OpenFence
23:31:18: Player "[HORDA]LUCASBR" (steam64id="76561198973828354" pos=<9562.01, 2.94, 9581.05>) CloseFence
23:31:26: Player "[HORDA]LUCASBR" (steam64id="76561198973828354" pos=<9564.25, 2.94, 9582.48>) OpenFence
23:31:54: Player "[HORDA]LUCASBR" (steam64id="76561198973828354" pos=<9565.96, 2.63, 9578.78>) CloseFence
23:32:24: Player "[HORDA]LUCASBR" (steam64id="76561198973828354" pos=<9568.46, 2.47, 9581.93>) CloseFence
23:43:22: Player "[HORDA]LUCASBR" (steam64id="76561198973828354" pos=<9962.86, 7.09, 11747.7>) CloseFence
23:43:35: Player "[HORDA]LUCASBR" (steam64id="76561198973828354" pos=<9960.42, 7.64, 11751.6>) CloseFence
23:44:05: Player "[HORDA]LUCASBR" (steam64id="76561198973828354" pos=<9959.4, 6.72, 11743.5>) CloseFence
23:44:12: Player "[HORDA]LUCASBR" (steam64id="76561198973828354" pos=<9968.46, 6.81, 11746.5>) CloseFence
23:44:14: Player "[HORDA]LUCASBR" (steam64id="76561198973828354" pos=<9962.92, 7.37, 11748.7>) CloseFence
23:44:16: Player "[HORDA]LUCASBR" (steam64id="76561198973828354" pos=<9960.77, 7.65, 11748.8>) CloseFence
23:44:18: Player "[HORDA]LUCASBR" (steam64id="76561198973828354" pos=<9960.05, 7.64, 11751.5>) CloseFence
23:44:30: Player "[HORDA]LUCASBR" (steam64id="76561198973828354" pos=<9959.03, 7.72, 11754.3>) CloseFence
23:44:38: Player "[HORDA]LUCASBR" (steam64id="76561198973828354" pos=<9958.73, 7.74, 11755.1>) CloseFence
23:44:40: Player "[HORDA]LUCASBR" (steam64id="76561198973828354" pos=<9958.21, 7.61, 11757.7>) OpenFence
23:44:41: Player "[HORDA]LUCASBR" (steam64id="76561198973828354" pos=<9957.84, 7.59, 11757.8>) CloseFence
23:44:46: Player "[HORDA]LUCASBR" (steam64id="76561198973828354" pos=<9966.78, 7.67, 11752.9>) CloseFence
23:45:00: Player "[HORDA]LUCASBR" (steam64id="76561198973828354" pos=<9956.76, 7.48, 11772.2>) CloseFence
23:45:35: Player "[HORDA]LUCASBR" (steam64id="76561198973828354" pos=<9955.56, 18.23, 11775.1>) CloseFence
23:45:38: Player "[HORDA]LUCASBR" (steam64id="76561198973828354" pos=<9952.69, 19.17, 11774.2>) CloseFence
23:46:00: Player "[HORDA]LUCASBR" (steam64id="76561198973828354" pos=<9954.46, 19.16, 11774.6>) CloseFence
23:46:14: Player "[HORDA]LUCASBR" (steam64id="76561198973828354" pos=<9956.71, 7.53, 11772.5>) CloseFence
23:46:24: Player "[YKZ]-Lobato" (steam64id="76561198158375860" pos=<11092.6, 4.18, 8416.84>) CloseFence
23:46:29: Player "[HORDA]LUCASBR" (steam64id="76561198973828354" pos=<9966.76, 7.67, 11752.6>) CloseFence
23:46:37: Player "[horda]marcelinho" (steam64id="76561198817477406" pos=<9960.94, 6.78, 11746.1>) CloseFence
23:46:41: Player "[horda]marcelinho" (steam64id="76561198817477406" pos=<9960.14, 7.67, 11752.7>) CloseFence
23:46:42: Player "[HORDA]ThiagoPenna" (steam64id="76561198218822351" pos=<9958.25, 7.67, 11757.1>) OpenFence
23:46:43: Player "[horda]marcelinho" (steam64id="76561198817477406" pos=<9959.52, 7.68, 11753.1>) CloseFence
23:46:45: Player "[YKZ]-Lobato" (steam64id="76561198158375860" pos=<11092.3, 4.01, 8416.73>) CloseFence
23:46:47: Player "[horda]marcelinho" (steam64id="76561198817477406" pos=<9958.16, 7.62, 11757.6>) CloseFence
23:46:49: Player "[horda]marcelinho" (steam64id="76561198817477406" pos=<9957.68, 7.54, 11758.2>) CloseFence
23:47:30: Player "[HORDA]LUCASBR" (steam64id="76561198973828354" pos=<9955.58, 18.21, 11775.1>) CloseFence
23:47:33: Player "[HORDA]LUCASBR" (steam64id="76561198973828354" pos=<9954.91, 19.09, 11774.8>) CloseFence
23:48:13: Player "[HORDA]ThiagoPenna" (steam64id="76561198218822351" pos=<9955.5, 18.26, 11775.1>) CloseFence
23:48:28: Player "[HORDA]LUCASBR" (steam64id="76561198973828354" pos=<9952.74, 19.17, 11774.4>) CloseFence
23:48:42: Player "[HORDA]LUCASBR" (steam64id="76561198973828354" pos=<9955.57, 18.20, 11775.1>) CloseFence
23:48:52: Player "[HORDA]LUCASBR" (steam64id="76561198973828354" pos=<9956.88, 19.26, 11775.1>) CloseFence
23:48:59: Player "[HORDA]LUCASBR" (steam64id="76561198973828354" pos=<9954.42, 19.26, 11774.4>) CloseFence
23:49:02: Player "[HORDA]LUCASBR" (steam64id="76561198973828354" pos=<9953.48, 19.07, 11774.7>) CloseFence
23:49:04: Player "[HORDA]LUCASBR" (steam64id="76561198973828354" pos=<9953.5, 19.07, 11774.8>) CloseFence
23:49:15: Player "[HORDA]LUCASBR" (steam64id="76561198973828354" pos=<9953.64, 19.26, 11774>) CloseFence
23:49:16: Player "[HORDA]LUCASBR" (steam64id="76561198973828354" pos=<9953.6, 19.26, 11774>) CloseFence
23:49:17: Player "[HORDA]LUCASBR" (steam64id="76561198973828354" pos=<9953.63, 19.26, 11774>) CloseFence
23:49:30: Player "[HORDA]LUCASBR" (steam64id="76561198973828354" pos=<9953.07, 19.26, 11773.9>) CloseFence
23:49:38: Player "[HORDA]LUCASBR" (steam64id="76561198973828354" pos=<9951.82, 19.26, 11773.6>) CloseFence
23:50:33: Player "[HORDA]LUCASBR" (steam64id="76561198973828354" pos=<9953.27, 19.07, 11774.6>) CloseFence
23:50:50: Player "[HORDA]LUCASBR" (steam64id="76561198973828354" pos=<9953.8, 19.07, 11774.9>) CloseFence
23:50:51: Player "[HORDA]LUCASBR" (steam64id="76561198973828354" pos=<9953.59, 19.07, 11774.6>) CloseFence
23:50:52: Player "[HORDA]LUCASBR" (steam64id="76561198973828354" pos=<9953.65, 19.07, 11774.7>) CloseFence
23:55:41: Player "[YKZ]-Lobato" (steam64id="76561198158375860" pos=<11092.4, 4.13, 8416.61>) CloseFence
