00:50:34: Player "TripaSeca" (steam64id="76561198093060507" pos=<7639, 12.06, 9773.67>) CloseFence
00:51:16: Player "Biel FxR" (steam64id="76561198050836260" pos=<7636.66, 12.06, 9773.3>) CloseFence
00:52:07: Player "TripaSeca" (steam64id="76561198093060507" pos=<7628.82, 12.20, 9814.29>) CloseFence
00:57:21: Player "Biel FxR" (steam64id="76561198050836260" pos=<7626.97, 12.20, 9816.52>) CloseFence
00:57:33: Player "Biel FxR" (steam64id="76561198050836260" pos=<7635.94, 12.20, 9776.96>) CloseFence
00:57:35: Player "Biel FxR" (steam64id="76561198050836260" pos=<7636.86, 12.06, 9773.64>) CloseFence
00:57:37: Player "TripaSeca" (steam64id="76561198093060507" pos=<7638.44, 12.06, 9773.87>) CloseFence
00:58:51: Player "[DEV] KOREA" (steam64id="76561198253386609" pos=<10502.2, 15.88, 11791.7>) CloseFence
01:16:27: Player "DangersPlay" (steam64id="76561198037868353" pos=<10572.9, 18.10, 13571>) OpenFence
01:16:31: Player "DangersPlay" (steam64id="76561198037868353" pos=<10575, 18.07, 13572.4>) CloseFence
01:17:04: Player "Fritas" (steam64id="76561198148172018" pos=<10573.4, 18.10, 13571.1>) OpenFence
01:17:12: Player "DangersPlay" (steam64id="76561198037868353" pos=<10575.5, 18.05, 13572.2>) CloseFence
01:19:56: Player "[DEV] KOREA" (steam64id="76561198253386609" pos=<10563.6, 18.29, 13568.5>) OpenFence
01:20:01: Player "DangersPlay" (steam64id="76561198037868353" pos=<10563.5, 18.21, 13564.5>) CloseFence
01:20:02: Player "DangersPlay" (steam64id="76561198037868353" pos=<10563.5, 18.22, 13565.6>) OpenFence
01:23:33: Player "[DEV] KOREA" (steam64id="76561198253386609" pos=<10567.6, 18.08, 13557.8>) OpenFence
01:23:56: Player "[DEV] KOREA" (steam64id="76561198253386609" pos=<10566.6, 18.11, 13557.5>) CloseFence
01:25:52: Player "DangersPlay" (steam64id="76561198037868353" pos=<10575.2, 18.06, 13572.6>) CloseFence
01:26:25: Player "Fritas" (steam64id="76561198148172018" pos=<10564.4, 18.21, 13564.5>) CloseFence
01:26:36: Player "DangersPlay" (steam64id="76561198037868353" pos=<10575.2, 18.19, 13572.9>) CloseFence
01:29:18: Player "DangersPlay" (steam64id="76561198037868353" pos=<10575.4, 18.05, 13571.5>) CloseFence
01:31:10: Player "DangersPlay" (steam64id="76561198037868353" pos=<10573.4, 18.10, 13571.4>) CloseFence
01:32:45: Player "Biel FxR" (steam64id="76561198050836260" pos=<7636.83, 12.07, 9774.39>) CloseFence
01:33:38: Player "DangersPlay" (steam64id="76561198037868353" pos=<10574.2, 18.09, 13572.7>) CloseFence
01:33:40: Player "DangersPlay" (steam64id="76561198037868353" pos=<10564.1, 18.21, 13565.9>) OpenFence
01:35:20: Player "DangersPlay" (steam64id="76561198037868353" pos=<10575.5, 18.05, 13572.6>) CloseFence
01:35:34: Player "DangersPlay" (steam64id="76561198037868353" pos=<10575.7, 18.04, 13572.6>) CloseFence
01:35:38: Player "Fritas" (steam64id="76561198148172018" pos=<10563.9, 18.29, 13567.5>) CloseFence
01:38:09: Player "TripaSeca" (steam64id="76561198093060507" pos=<7626.59, 12.20, 9816.26>) CloseFence
01:38:26: Player "Biel FxR" (steam64id="76561198050836260" pos=<7638.06, 12.07, 9774.36>) CloseFence
01:46:44: Player "Fritas" (steam64id="76561198148172018" pos=<10563.9, 18.29, 13567.5>) CloseFence
01:46:52: Player "DangersPlay" (steam64id="76561198037868353" pos=<10574.8, 18.07, 13572.4>) CloseFence
01:58:17: Player "AiPolly" (steam64id="76561198072574279" pos=<10563.6, 18.29, 13568>) OpenFence
01:58:23: Player "AiPolly" (steam64id="76561198072574279" pos=<10563.9, 18.29, 13567.5>) CloseFence
01:58:26: Player "AiPolly" (steam64id="76561198072574279" pos=<10563.9, 18.29, 13568.1>) OpenFence
02:05:06: Player "AiPolly" (steam64id="76561198072574279" pos=<10570.2, 18.04, 13558.6>) OpenFence
02:05:09: Player "AiPolly" (steam64id="76561198072574279" pos=<10570.6, 18.00, 13557.5>) CloseFence
02:05:10: Player "AiPolly" (steam64id="76561198072574279" pos=<10569.7, 18.04, 13558.3>) OpenFence
02:05:13: Player "AiPolly" (steam64id="76561198072574279" pos=<10564.9, 18.16, 13556.8>) CloseFence
02:11:55: Player "Biel FxR" (steam64id="76561198050836260" pos=<7636.41, 12.07, 9773.6>) CloseFence
02:11:59: Player "TripaSeca" (steam64id="76561198093060507" pos=<7638.18, 12.07, 9774.3>) CloseFence
02:16:37: Player "[RNG]Panico" (steam64id="76561199230965576" pos=<10563.4, 18.22, 13566.5>) CloseFence
02:16:39: Player "[RNG]Panico" (steam64id="76561199230965576" pos=<10563.3, 18.22, 13566.5>) OpenFence
02:26:23: Player "TripaSeca" (steam64id="76561198093060507" pos=<7636.47, 12.07, 9774.39>) CloseFence
02:28:37: Player "TripaSeca" (steam64id="76561198093060507" pos=<7637.86, 12.07, 9774.3>) CloseFence
02:30:51: Player "TripaSeca" (steam64id="76561198093060507" pos=<7625.85, 12.20, 9816.18>) CloseFence
02:40:17: Player "OZIEL" (steam64id="76561199063596086" pos=<10429.3, 12.53, 11513.3>) OpenFence
02:40:20: Player "OZIEL" (steam64id="76561199063596086" pos=<10430.6, 12.39, 11510.5>) CloseFence
04:10:21: Player "Biel FxR" (steam64id="76561198050836260" pos=<7637.15, 12.07, 9774.75>) CloseFence
04:11:11: Player "TripaSeca" (steam64id="76561198093060507" pos=<7631.27, 12.20, 9812.72>) CloseFence
04:12:32: Player "Biel FxR" (steam64id="76561198050836260" pos=<7630, 12.20, 9813.78>) CloseFence
04:12:39: Player "Biel FxR" (steam64id="76561198050836260" pos=<7630.11, 12.20, 9815.39>) CloseFence
04:21:00: Player "Biel FxR" (steam64id="76561198050836260" pos=<7630.11, 12.20, 9813.65>) CloseFence
04:21:27: Player "TripaSeca" (steam64id="76561198093060507" pos=<7629.04, 12.20, 9814.83>) CloseFence
04:22:04: Player "Biel FxR" (steam64id="76561198050836260" pos=<7628.86, 12.20, 9815.15>) CloseFence
04:22:41: Player "TripaSeca" (steam64id="76561198093060507" pos=<7638.78, 12.06, 9773.95>) CloseFence
04:22:54: Player "Biel FxR" (steam64id="76561198050836260" pos=<7636.16, 12.14, 9774.47>) CloseFence
04:25:48: Player "Biel FxR" (steam64id="76561198050836260" pos=<7637.37, 12.08, 9775.06>) CloseFence
04:26:03: Player "Biel FxR" (steam64id="76561198050836260" pos=<7629, 12.20, 9814.85>) CloseFence
04:26:15: Player "TripaSeca" (steam64id="76561198093060507" pos=<7628.72, 12.20, 9816.26>) CloseFence
09:04:56: Player "DangersPlay" (steam64id="76561198037868353" pos=<10572.9, 18.10, 13571.8>) CloseFence
09:05:06: Player "DangersPlay" (steam64id="76561198037868353" pos=<10573.7, 18.09, 13572.6>) CloseFence
09:05:28: Player "DangersPlay" (steam64id="76561198037868353" pos=<10573.1, 18.10, 13572.1>) CloseFence
09:06:27: Player "DangersPlay" (steam64id="76561198037868353" pos=<10573.4, 18.10, 13572>) CloseFence
09:07:38: Player "DangersPlay" (steam64id="76561198037868353" pos=<10573.2, 18.10, 13571.9>) CloseFence
09:08:39: Player "DangersPlay" (steam64id="76561198037868353" pos=<10573, 18.10, 13571.6>) CloseFence
09:08:49: Player "DangersPlay" (steam64id="76561198037868353" pos=<10573.7, 18.10, 13572.8>) CloseFence
09:08:53: Player "DangersPlay" (steam64id="76561198037868353" pos=<10563.7, 18.22, 13565>) CloseFence
09:15:04: Player "DangersPlay" (steam64id="76561198037868353" pos=<10572.6, 18.11, 13572.2>) CloseFence
09:15:25: Player "DangersPlay" (steam64id="76561198037868353" pos=<10573.3, 18.10, 13572.3>) CloseFence
09:15:50: Player "DangersPlay" (steam64id="76561198037868353" pos=<10573.2, 18.10, 13572.2>) CloseFence
09:16:09: Player "DangersPlay" (steam64id="76561198037868353" pos=<10575.1, 18.07, 13571.9>) CloseFence
09:16:44: Player "[L.B] Santorin" (steam64id="76561199069721527" pos=<7351.07, 14.30, 7147.32>) CloseFence
09:17:35: Player "[L.B] Santorin" (steam64id="76561199069721527" pos=<7352.65, 14.33, 7141.71>) CloseFence
09:20:34: Player "DangersPlay" (steam64id="76561198037868353" pos=<10573.3, 18.10, 13571.9>) CloseFence
09:21:53: Player "DangersPlay" (steam64id="76561198037868353" pos=<10573.5, 18.10, 13572.1>) CloseFence
09:35:19: Player "DangersPlay" (steam64id="76561198037868353" pos=<10573.6, 18.09, 13571.5>) CloseFence
09:37:01: Player "DangersPlay" (steam64id="76561198037868353" pos=<10573.8, 18.09, 13572>) CloseFence
09:37:03: Player "DangersPlay" (steam64id="76561198037868353" pos=<10568.4, 18.07, 13558.5>) OpenFence
09:37:06: Player "DangersPlay" (steam64id="76561198037868353" pos=<10565.5, 18.18, 13550.3>) CloseFence
09:50:10: Player "DangersPlay" (steam64id="76561198037868353" pos=<10574.3, 18.08, 13571.1>) CloseFence
09:56:47: Player "DangersPlay" (steam64id="76561198037868353" pos=<10573.6, 18.10, 13572.4>) CloseFence
09:58:31: Player "[L.B] Lrk" (steam64id="76561198021843024" pos=<7351.09, 14.30, 7146.76>) CloseFence
10:02:03: Player "DangersPlay" (steam64id="76561198037868353" pos=<10573, 18.10, 13571.8>) CloseFence
10:05:07: Player "DangersPlay" (steam64id="76561198037868353" pos=<10574.7, 18.08, 13571.7>) CloseFence
10:07:39: Player "DangersPlay" (steam64id="76561198037868353" pos=<10569.5, 17.99, 13554.8>) OpenFence
10:09:22: Player "DangersPlay" (steam64id="76561198037868353" pos=<10573.6, 18.09, 13572.7>) CloseFence
10:09:30: Player "DangersPlay" (steam64id="76561198037868353" pos=<10563.9, 18.19, 13552>) CloseFence
10:11:02: Player "[L.B] Lrk" (steam64id="76561198021843024" pos=<7351.62, 14.33, 7140.83>) CloseFence
10:15:21: Player "[L.B] Lrk" (steam64id="76561198021843024" pos=<7350.83, 14.30, 7146.7>) CloseFence
10:17:56: Player "[L.B] Santorin" (steam64id="76561199069721527" pos=<7351.51, 14.33, 7141.17>) CloseFence
10:20:12: Player "[L.B] Santorin" (steam64id="76561199069721527" pos=<7352.31, 14.30, 7143.72>) CloseFence
10:20:15: Player "[L.B] Lrk" (steam64id="76561198021843024" pos=<7353.58, 14.32, 7142.67>) CloseFence
10:23:03: Player "[L.B] ploodrinny" (steam64id="76561198312062387" pos=<7350.74, 14.33, 7141.45>) CloseFence
10:25:11: Player "[L.B] Santorin" (steam64id="76561199069721527" pos=<7353.19, 14.30, 7143.62>) CloseFence
10:26:18: Player "[L.B] Santorin" (steam64id="76561199069721527" pos=<7353.26, 14.32, 7142>) CloseFence
10:26:22: Player "[L.B] ploodrinny" (steam64id="76561198312062387" pos=<7352.94, 14.33, 7141.9>) CloseFence
10:26:24: Player "[L.B] ploodrinny" (steam64id="76561198312062387" pos=<7353.81, 14.30, 7142.98>) CloseFence
10:30:55: Player "DangersPlay" (steam64id="76561198037868353" pos=<10573.5, 18.10, 13572.6>) CloseFence
10:36:01: Player "Emissarius" (steam64id="76561198271087379" pos=<7680.68, 43.72, 6518.63>) CloseFence
10:36:05: Player "Emissarius" (steam64id="76561198271087379" pos=<7680.65, 43.72, 6517.96>) CloseFence
10:37:43: Player "Emissarius" (steam64id="76561198271087379" pos=<7680.37, 43.72, 6517.61>) CloseFence
10:39:00: Player "Emissarius" (steam64id="76561198271087379" pos=<7680.81, 43.72, 6518.96>) CloseFence
10:39:49: Player "[L.B]Zeca" (steam64id="76561198211423224" pos=<7353.89, 14.30, 7144.21>) CloseFence
10:47:34: Player "Emissarius" (steam64id="76561198271087379" pos=<7680.74, 43.72, 6516.73>) CloseFence
10:54:49: Player "[L.B]Zeca" (steam64id="76561198211423224" pos=<7352.71, 14.31, 7142.76>) CloseFence
10:55:27: Player "[L.B]Zeca" (steam64id="76561198211423224" pos=<7353.83, 14.30, 7144.78>) CloseFence
10:55:57: Player "Emissarius" (steam64id="76561198271087379" pos=<7680.21, 43.72, 6518.78>) CloseFence
10:57:31: Player "Emissarius" (steam64id="76561198271087379" pos=<7681.29, 43.53, 6519.89>) CloseFence
10:58:16: Player "Emissarius" (steam64id="76561198271087379" pos=<7681, 43.67, 6519.45>) CloseFence
11:00:40: Player "Emissarius" (steam64id="76561198271087379" pos=<7681.44, 43.72, 6516.54>) CloseFence
11:02:00: Player "Emissarius" (steam64id="76561198271087379" pos=<7680.54, 43.72, 6518.04>) CloseFence
11:02:03: Player "Emissarius" (steam64id="76561198271087379" pos=<7680.84, 43.72, 6518.94>) CloseFence
11:05:15: Player "Emissarius" (steam64id="76561198271087379" pos=<7678.44, 42.88, 6520.6>) OpenFence
11:05:34: Player "DangersPlay" (steam64id="76561198037868353" pos=<10573.8, 18.09, 13572.6>) CloseFence
11:05:53: Player "Emissarius" (steam64id="76561198271087379" pos=<7681.28, 43.54, 6519.84>) CloseFence
11:06:19: Player "Emissarius" (steam64id="76561198271087379" pos=<7681.34, 43.50, 6520.8>) OpenFence
11:06:22: Player "Emissarius" (steam64id="76561198271087379" pos=<7681.22, 43.58, 6519.72>) CloseFence
11:06:36: Player "DangersPlay" (steam64id="76561198037868353" pos=<10573.2, 18.10, 13571.9>) CloseFence
11:08:12: Player "DangersPlay" (steam64id="76561198037868353" pos=<10575.1, 18.06, 13572.3>) CloseFence
11:08:21: Player "Emissarius" (steam64id="76561198271087379" pos=<7680.06, 43.72, 6518.21>) CloseFence
11:08:31: Player "Emissarius" (steam64id="76561198271087379" pos=<7680.02, 43.48, 6520.5>) CloseFence
11:09:28: Player "Emissarius" (steam64id="76561198271087379" pos=<7681.32, 43.51, 6519.89>) CloseFence
11:09:32: Player "Emissarius" (steam64id="76561198271087379" pos=<7680.34, 43.49, 6520.27>) CloseFence
11:09:58: Player "DangersPlay" (steam64id="76561198037868353" pos=<10573.6, 18.09, 13572.1>) CloseFence
11:24:15: Player "[L.B] Lrk" (steam64id="76561198021843024" pos=<7350.95, 14.33, 7141.51>) CloseFence
11:27:26: Player "[L.B] ploodrinny" (steam64id="76561198312062387" pos=<7350.8, 14.33, 7140.99>) CloseFence
11:27:46: Player "[L.B] Santorin" (steam64id="76561199069721527" pos=<7353.86, 14.30, 7144.06>) CloseFence
11:31:20: Player "[L.B] Santorin" (steam64id="76561199069721527" pos=<7352.97, 14.33, 7141.85>) CloseFence
11:31:42: Player "[L.B] Lrk" (steam64id="76561198021843024" pos=<7348.96, 14.30, 7146.64>) CloseFence
11:32:32: Player "DangersPlay" (steam64id="76561198037868353" pos=<10573.7, 18.09, 13572.5>) CloseFence
11:33:07: Player "[L.B] Santorin" (steam64id="76561199069721527" pos=<7353.49, 14.30, 7143.73>) CloseFence
11:33:25: Player "[L.B] Lrk" (steam64id="76561198021843024" pos=<7351.82, 14.33, 7141>) CloseFence
11:34:43: Player "[HORDA]ThiagoPenna" (steam64id="76561198218822351" pos=<9561.77, 2.94, 9581.03>) CloseFence
11:34:46: Player "[HORDA]ThiagoPenna" (steam64id="76561198218822351" pos=<9565.05, 2.93, 9580.81>) CloseFence
11:35:44: Player "[HORDA]ThiagoPenna" (steam64id="76561198218822351" pos=<9564.49, 2.94, 9581.6>) CloseFence
11:35:46: Player "[HORDA]ThiagoPenna" (steam64id="76561198218822351" pos=<9562.08, 3.29, 9580.98>) CloseFence
11:35:50: Player "[HORDA]ThiagoPenna" (steam64id="76561198218822351" pos=<9560.6, 2.94, 9580.99>) CloseFence
11:36:17: Player "[HORDA]ThiagoPenna" (steam64id="76561198218822351" pos=<9560.69, 2.94, 9581.05>) CloseFence
11:36:18: Player "[HORDA]ThiagoPenna" (steam64id="76561198218822351" pos=<9562.3, 2.94, 9581.22>) CloseFence
11:36:21: Player "[HORDA]ThiagoPenna" (steam64id="76561198218822351" pos=<9565.08, 2.92, 9580.83>) CloseFence
11:39:45: Player "[RNG]Panico" (steam64id="76561199230965576" pos=<10564.4, 18.21, 13565.9>) OpenFence
11:39:49: Player "[RNG]Panico" (steam64id="76561199230965576" pos=<10563.9, 18.28, 13567>) CloseFence
11:40:22: Player "[L.B]Zeca" (steam64id="76561198211423224" pos=<7352.57, 14.30, 7147.36>) OpenFence
11:41:03: Player "[L.B] Santorin" (steam64id="76561199069721527" pos=<7352.82, 14.30, 7144.89>) OpenFence
11:41:12: Player "[L.B] Santorin" (steam64id="76561199069721527" pos=<7351.93, 14.30, 7146.78>) CloseFence
11:41:59: Player "[L.B] Santorin" (steam64id="76561199069721527" pos=<7351.23, 14.33, 7141.71>) CloseFence
11:42:29: Player "[L.B] Santorin" (steam64id="76561199069721527" pos=<7352.83, 14.33, 7141.68>) CloseFence
11:43:10: Player "[L.B] Santorin" (steam64id="76561199069721527" pos=<7354.11, 14.30, 7147.56>) CloseFence
11:43:13: Player "[L.B] Santorin" (steam64id="76561199069721527" pos=<7353.89, 14.30, 7144.26>) CloseFence
11:43:30: Player "[L.B]Zeca" (steam64id="76561198211423224" pos=<7353.32, 14.30, 7145.54>) CloseFence
11:43:56: Player "[L.B] Santorin" (steam64id="76561199069721527" pos=<7351.49, 14.33, 7141.43>) CloseFence
11:43:58: Player "[L.B] Santorin" (steam64id="76561199069721527" pos=<7353.41, 14.30, 7146.9>) CloseFence
11:45:06: Player "[L.B] ploodrinny" (steam64id="76561198312062387" pos=<7351.29, 14.33, 7141.54>) CloseFence
11:45:12: Player "[L.B] ploodrinny" (steam64id="76561198312062387" pos=<7351.88, 14.30, 7147.55>) CloseFence
11:46:54: Player "[L.B] Santorin" (steam64id="76561199069721527" pos=<7352.37, 14.30, 7145.64>) CloseFence
11:46:55: Player "Emissarius" (steam64id="76561198271087379" pos=<7681.33, 43.50, 6520.5>) CloseFence
11:47:05: Player "Emissarius" (steam64id="76561198271087379" pos=<7680.33, 43.72, 6517.95>) CloseFence
11:47:06: Player "[L.B] ploodrinny" (steam64id="76561198312062387" pos=<7353.52, 14.30, 7146.61>) CloseFence
11:50:40: Player "[HORDA]ThiagoPenna" (steam64id="76561198218822351" pos=<9564.97, 2.95, 9581.11>) CloseFence
11:50:42: Player "[HORDA]ThiagoPenna" (steam64id="76561198218822351" pos=<9561.08, 2.94, 9580.64>) CloseFence
11:50:54: Player "[HORDA]ThiagoPenna" (steam64id="76561198218822351" pos=<9559.72, 2.94, 9581.38>) CloseFence
11:51:29: Player "[HORDA]ThiagoPenna" (steam64id="76561198218822351" pos=<9560.31, 2.94, 9580.63>) CloseFence
11:55:41: Player "[L.B] ploodrinny" (steam64id="76561198312062387" pos=<7353.47, 14.30, 7146.27>) CloseFence
11:56:21: Player "[L.B] Santorin" (steam64id="76561199069721527" pos=<7351.29, 14.33, 7140.76>) CloseFence
11:57:19: Player "[L.B] ploodrinny" (steam64id="76561198312062387" pos=<7351.81, 14.30, 7148.75>) CloseFence
11:57:21: Player "[L.B] ploodrinny" (steam64id="76561198312062387" pos=<7354.09, 14.30, 7144.53>) CloseFence
11:57:53: Player "[L.B] Santorin" (steam64id="76561199069721527" pos=<7352.95, 14.30, 7142.7>) CloseFence
11:57:55: Player "[L.B] Santorin" (steam64id="76561199069721527" pos=<7353.77, 14.30, 7146.45>) CloseFence
12:01:53: Player "Emissarius" (steam64id="76561198271087379" pos=<7680.43, 43.72, 6517.58>) CloseFence
12:02:19: Player "Emissarius" (steam64id="76561198271087379" pos=<7680.93, 43.72, 6518.21>) CloseFence
12:02:22: Player "Emissarius" (steam64id="76561198271087379" pos=<7681.03, 43.50, 6520.37>) CloseFence
12:02:39: Player "[L.B]Zeca" (steam64id="76561198211423224" pos=<7352.35, 14.32, 7142.72>) CloseFence
12:02:45: Player "[L.B]Zeca" (steam64id="76561198211423224" pos=<7353.27, 14.30, 7146.8>) CloseFence
12:02:53: Player "[L.B] Santorin" (steam64id="76561199069721527" pos=<7354.07, 14.30, 7147.07>) CloseFence
12:02:58: Player "[L.B] Santorin" (steam64id="76561199069721527" pos=<7352.89, 14.30, 7144.08>) CloseFence
12:18:01: Player "[L.B] Santorin" (steam64id="76561199069721527" pos=<7352.74, 14.32, 7142.1>) CloseFence
12:18:03: Player "[L.B] Santorin" (steam64id="76561199069721527" pos=<7353.44, 14.30, 7145.41>) CloseFence
12:19:56: Player "[HORDA]ThiagoPenna" (steam64id="76561198218822351" pos=<9561.46, 2.94, 9581.98>) CloseFence
12:20:00: Player "[HORDA]ThiagoPenna" (steam64id="76561198218822351" pos=<9560.09, 2.94, 9582.1>) CloseFence
12:20:47: Player "[HORDA]ThiagoPenna" (steam64id="76561198218822351" pos=<9560.08, 2.94, 9582.18>) CloseFence
12:20:50: Player "Emissarius" (steam64id="76561198271087379" pos=<7681.16, 43.50, 6520.06>) CloseFence
12:20:50: Player "[HORDA]ThiagoPenna" (steam64id="76561198218822351" pos=<9562.73, 2.94, 9581.35>) CloseFence
12:20:54: Player "[HORDA]ThiagoPenna" (steam64id="76561198218822351" pos=<9564.57, 2.95, 9581.42>) CloseFence
12:20:59: Player "Emissarius" (steam64id="76561198271087379" pos=<7681.24, 43.50, 6520.48>) CloseFence
12:21:21: Player "Emissarius" (steam64id="76561198271087379" pos=<7680.66, 43.72, 6517>) CloseFence
12:23:14: Player "Emissarius" (steam64id="76561198271087379" pos=<7681.08, 43.64, 6519.54>) CloseFence
12:24:09: Player "Emissarius" (steam64id="76561198271087379" pos=<7679.96, 43.48, 6520.68>) CloseFence
12:24:22: Player "Emissarius" (steam64id="76561198271087379" pos=<7681.06, 43.50, 6520.13>) CloseFence
12:24:28: Player "Emissarius" (steam64id="76561198271087379" pos=<7680.5, 43.49, 6520.4>) CloseFence
12:24:47: Player "Emissarius" (steam64id="76561198271087379" pos=<7681.12, 43.52, 6519.9>) CloseFence
12:24:50: Player "[L.B]Zeca" (steam64id="76561198211423224" pos=<7352.72, 14.32, 7142.29>) CloseFence
12:24:54: Player "[L.B]Zeca" (steam64id="76561198211423224" pos=<7353.14, 14.30, 7146.78>) CloseFence
12:25:36: Player "Emissarius" (steam64id="76561198271087379" pos=<7680.94, 43.50, 6520.21>) CloseFence
12:25:51: Player "Emissarius" (steam64id="76561198271087379" pos=<7680.73, 43.50, 6520.41>) CloseFence
12:25:54: Player "Emissarius" (steam64id="76561198271087379" pos=<7680.44, 43.72, 6517.62>) CloseFence
12:28:08: Player "[YKZ]-BlackBear" (steam64id="76561198343030820" pos=<11082.7, 4.21, 8427.63>) CloseFence
12:28:43: Player "[YKZ]-BlackBear" (steam64id="76561198343030820" pos=<11085, 35.24, 8427.62>) CloseFence
12:38:51: Player "[L.B]Zeca" (steam64id="76561198211423224" pos=<7353.37, 14.30, 7146.7>) CloseFence
12:38:53: Player "[L.B]Zeca" (steam64id="76561198211423224" pos=<7354.06, 14.30, 7144.25>) CloseFence
12:43:17: Player "[YKZ]-BlackBear" (steam64id="76561198343030820" pos=<11085.8, 35.24, 8426.6>) CloseFence
12:43:54: Player "[L.B]Zeca" (steam64id="76561198211423224" pos=<7352.73, 14.32, 7142.42>) CloseFence
12:43:56: Player "[L.B]Zeca" (steam64id="76561198211423224" pos=<7353.29, 14.30, 7146.48>) CloseFence
12:44:06: Player "[YKZ]-BlackBear" (steam64id="76561198343030820" pos=<11084.8, 35.24, 8427.7>) CloseFence
12:45:11: Player "chron1c" (steam64id="76561198205585613" pos=<11081.8, 4.21, 8427.41>) CloseFence
12:53:21: Player "Emissarius" (steam64id="76561198271087379" pos=<7680.69, 43.72, 6519.28>) CloseFence
12:53:25: Player "Emissarius" (steam64id="76561198271087379" pos=<7681.08, 43.50, 6520.5>) CloseFence
12:54:18: Player "Emissarius" (steam64id="76561198271087379" pos=<7681.33, 43.52, 6519.92>) CloseFence
12:54:21: Player "Emissarius" (steam64id="76561198271087379" pos=<7681, 43.72, 6519.03>) CloseFence
13:16:30: Player "chron1c" (steam64id="76561198205585613" pos=<7681.26, 43.50, 6520.4>) CloseFence
13:16:31: Player "chron1c" (steam64id="76561198205585613" pos=<7680.66, 43.49, 6520.16>) CloseFence
13:16:35: Player "chron1c" (steam64id="76561198205585613" pos=<7680.33, 43.72, 6518.13>) CloseFence
13:19:06: Player "[HORDA]ThiagoPenna" (steam64id="76561198218822351" pos=<9564.37, 2.94, 9581.33>) CloseFence
13:19:16: Player "[HORDA]ThiagoPenna" (steam64id="76561198218822351" pos=<9561.82, 2.94, 9581>) CloseFence
13:19:48: Player "[L.B]Zeca" (steam64id="76561198211423224" pos=<7351.59, 14.33, 7141.03>) CloseFence
13:35:48: Player "[L.B]Zeca" (steam64id="76561198211423224" pos=<7353.37, 14.30, 7142.9>) CloseFence
13:35:53: Player "[L.B]Zeca" (steam64id="76561198211423224" pos=<7353.05, 14.30, 7146.61>) CloseFence
14:06:03: Player "Biel FxR" (steam64id="76561198050836260" pos=<7629.04, 12.20, 9814.57>) CloseFence
14:06:21: Player "Biel FxR" (steam64id="76561198050836260" pos=<7630.41, 12.20, 9813.29>) CloseFence
14:10:24: Player "Biel FxR" (steam64id="76561198050836260" pos=<7628.86, 12.20, 9815.15>) CloseFence
14:18:14: Player "Emissarius" (steam64id="76561198271087379" pos=<7680.77, 43.72, 6518.34>) CloseFence
14:18:18: Player "Emissarius" (steam64id="76561198271087379" pos=<7680.86, 43.58, 6519.72>) CloseFence
14:18:20: Player "Emissarius" (steam64id="76561198271087379" pos=<7680.55, 43.49, 6520.35>) CloseFence
14:22:02: Player "TripaSeca" (steam64id="76561198093060507" pos=<7627.61, 13.03, 9815.5>) CloseFence
14:23:30: Player "[HORDA] zBieL" (steam64id="76561198001525812" pos=<9560.22, 2.94, 9581.26>) CloseFence
14:35:22: Player "Hacan121" (steam64id="76561198345012092" pos=<7627.47, 12.20, 9812.94>) CloseFence
14:36:04: Player "Biel FxR" (steam64id="76561198050836260" pos=<7629.02, 12.20, 9814.49>) CloseFence
14:36:26: Player "Biel FxR" (steam64id="76561198050836260" pos=<7628.97, 12.20, 9814.45>) CloseFence
14:36:51: Player "Biel FxR" (steam64id="76561198050836260" pos=<7636.47, 12.07, 9773.87>) CloseFence
14:37:21: Player "[HORDA]ThiagoPenna" (steam64id="76561198218822351" pos=<9560.69, 2.94, 9580.98>) CloseFence
14:41:38: Player "[HORDA] zBieL" (steam64id="76561198001525812" pos=<9562.12, 2.94, 9580.6>) CloseFence
14:41:41: Player "[HORDA] zBieL" (steam64id="76561198001525812" pos=<9562.95, 2.94, 9581.53>) CloseFence
14:41:49: Player "[HORDA] zBieL" (steam64id="76561198001525812" pos=<9565.84, 2.61, 9579.6>) CloseFence
14:42:12: Player "[HORDA]ThiagoPenna" (steam64id="76561198218822351" pos=<9562.2, 2.94, 9581.14>) CloseFence
14:42:25: Player "[HORDA]ThiagoPenna" (steam64id="76561198218822351" pos=<9562.02, 2.94, 9580.66>) CloseFence
14:42:36: Player "[HORDA]ThiagoPenna" (steam64id="76561198218822351" pos=<9564.79, 2.94, 9581.64>) CloseFence
14:52:49: Player "[L.B]Zeca" (steam64id="76561198211423224" pos=<7353.8, 14.30, 7147.39>) CloseFence
14:52:57: Player "[L.B]Zeca" (steam64id="76561198211423224" pos=<7351.8, 14.33, 7141.3>) CloseFence
14:56:05: Player "[L.B]Zeca" (steam64id="76561198211423224" pos=<7351.09, 14.33, 7141.35>) CloseFence
14:56:08: Player "[L.B]Zeca" (steam64id="76561198211423224" pos=<7352.95, 14.30, 7147.19>) CloseFence
14:56:33: Player "[L.B]Zeca" (steam64id="76561198211423224" pos=<7354.39, 14.30, 7147.28>) CloseFence
14:57:43: Player "[YKZ]-BlackBear" (steam64id="76561198343030820" pos=<7681.17, 43.50, 6520.54>) CloseFence
14:57:58: Player "[YKZ]-BlackBear" (steam64id="76561198343030820" pos=<7680.87, 43.72, 6517.37>) CloseFence
15:07:23: Player "Emissarius" (steam64id="76561198271087379" pos=<7680.87, 43.72, 6518.72>) CloseFence
15:07:27: Player "Emissarius" (steam64id="76561198271087379" pos=<7681.26, 43.50, 6520.01>) CloseFence
15:12:25: Player "TripaSeca" (steam64id="76561198093060507" pos=<7637.89, 12.06, 9773.73>) CloseFence
15:13:57: Player "Biel FxR" (steam64id="76561198050836260" pos=<7637.16, 12.07, 9773.73>) CloseFence
15:16:26: Player "Emissarius" (steam64id="76561198271087379" pos=<7680.04, 43.48, 6520.72>) CloseFence
15:16:29: Player "Emissarius" (steam64id="76561198271087379" pos=<7680.87, 43.72, 6518.54>) CloseFence
15:18:54: Player "Biel FxR" (steam64id="76561198050836260" pos=<7629.11, 12.20, 9814.51>) CloseFence
15:19:20: Player "Biel FxR" (steam64id="76561198050836260" pos=<7628.94, 12.20, 9814.94>) CloseFence
15:19:46: Player "Biel FxR" (steam64id="76561198050836260" pos=<7629.92, 12.20, 9813.72>) CloseFence
15:22:12: Player "Biel FxR" (steam64id="76561198050836260" pos=<7629.53, 12.20, 9816.09>) CloseFence
15:22:29: Player "TripaSeca" (steam64id="76561198093060507" pos=<7638.9, 12.06, 9773.97>) CloseFence
15:23:39: Player "[HORDA]ThiagoPenna" (steam64id="76561198218822351" pos=<9564.8, 2.95, 9581.24>) CloseFence
15:23:44: Player "[HORDA]ThiagoPenna" (steam64id="76561198218822351" pos=<9562.11, 2.94, 9580.6>) CloseFence
15:26:08: Player "[HORDA]ThiagoPenna" (steam64id="76561198218822351" pos=<9559.99, 2.94, 9581.4>) CloseFence
15:28:07: Player "Hacan121" (steam64id="76561198345012092" pos=<7626.46, 12.20, 9812.25>) CloseFence
15:28:53: Player "Biel FxR" (steam64id="76561198050836260" pos=<7638.62, 12.06, 9773.11>) CloseFence
15:28:55: Player "Biel FxR" (steam64id="76561198050836260" pos=<7638.1, 12.07, 9774.65>) CloseFence
15:28:56: Player "TripaSeca" (steam64id="76561198093060507" pos=<7635.39, 12.21, 9774.57>) CloseFence
15:30:30: Player "BRUXO" (steam64id="76561198140728342" pos=<9884.1, 3.57, 11775.4>) OpenFence
15:30:31: Player "BRUXO" (steam64id="76561198140728342" pos=<9883.45, 3.59, 11775.7>) CloseFence
15:38:03: Player "BRUXO" (steam64id="76561198140728342" pos=<9887.65, 3.16, 11781.8>) CloseFence
15:41:29: Player "DanielSam" (steam64id="76561198867200764" pos=<10563.8, 18.22, 13566.4>) OpenFence
15:45:37: Player "netttto no drip" (steam64id="76561198859086815" pos=<10430.2, 12.42, 11508.7>) CloseFence
15:46:15: Player "[DY] FIONA" (steam64id="76561198165228070" pos=<10565.1, 18.16, 13556.5>) CloseFence
15:48:39: Player "web gado" (steam64id="76561199123625009" pos=<10430.8, 12.41, 11509.8>) CloseFence
15:48:57: Player "[DEV] KOREA" (steam64id="76561198253386609" pos=<9878.25, 3.54, 11774.1>) OpenFence
15:48:59: Player "[DEV] KOREA" (steam64id="76561198253386609" pos=<9881.27, 3.59, 11774.3>) CloseFence
15:49:00: Player "[DEV] KOREA" (steam64id="76561198253386609" pos=<9881.24, 3.59, 11774.3>) OpenFence
15:49:01: Player "[DEV] KOREA" (steam64id="76561198253386609" pos=<9883.17, 3.60, 11775>) CloseFence
15:49:05: Player "[DEV] KOREA" (steam64id="76561198253386609" pos=<9882.13, 3.61, 11775.2>) OpenFence
15:49:07: Player "[DEV] KOREA" (steam64id="76561198253386609" pos=<9882.82, 3.61, 11776>) CloseFence
15:49:08: Player "[DEV] KOREA" (steam64id="76561198253386609" pos=<9882.33, 3.61, 11774.8>) OpenFence
15:49:10: Player "[DEV] KOREA" (steam64id="76561198253386609" pos=<9882.32, 3.61, 11775.3>) CloseFence
15:49:12: Player "[DEV] KOREA" (steam64id="76561198253386609" pos=<9882.37, 3.61, 11775.4>) OpenFence
15:49:15: Player "[DEV] KOREA" (steam64id="76561198253386609" pos=<9880.62, 3.76, 11773.7>) OpenFence
15:49:16: Player "[DEV] KOREA" (steam64id="76561198253386609" pos=<9879.04, 3.55, 11774.1>) CloseFence
15:50:46: Player "netttto no drip" (steam64id="76561198859086815" pos=<10431.6, 12.45, 11508>) CloseFence
15:51:27: Player "netttto no drip" (steam64id="76561198859086815" pos=<10429.4, 12.38, 11509.8>) CloseFence
15:51:37: Player "netttto no drip" (steam64id="76561198859086815" pos=<10428.7, 12.36, 11510.4>) CloseFence
15:51:45: Player "web gado" (steam64id="76561199123625009" pos=<10429.5, 12.39, 11511.4>) CloseFence
15:53:27: Player "BRUXO" (steam64id="76561198140728342" pos=<9878.46, 3.54, 11774>) OpenFence
15:53:28: Player "BRUXO" (steam64id="76561198140728342" pos=<9881.28, 3.60, 11774.7>) OpenFence
15:53:29: Player "BRUXO" (steam64id="76561198140728342" pos=<9882.94, 3.60, 11775.3>) OpenFence
15:53:38: Player "BRUXO" (steam64id="76561198140728342" pos=<9883.06, 3.60, 11775.3>) CloseFence
15:53:40: Player "BRUXO" (steam64id="76561198140728342" pos=<9883.13, 3.60, 11775>) CloseFence
15:53:49: Player "BRUXO" (steam64id="76561198140728342" pos=<9882.35, 3.61, 11775.4>) OpenFence
15:53:50: Player "BRUXO" (steam64id="76561198140728342" pos=<9881.66, 3.60, 11775.2>) CloseFence
15:54:00: Player "BRUXO" (steam64id="76561198140728342" pos=<9880.13, 3.67, 11773.6>) CloseFence
15:58:12: Player "MuFeTe De FrAnGo" (steam64id="76561199018026908" pos=<10430.4, 12.41, 11509.3>) CloseFence
15:58:20: Player "netttto no drip" (steam64id="76561198859086815" pos=<10429.4, 12.38, 11509.9>) CloseFence
15:58:30: Player "web gado" (steam64id="76561199123625009" pos=<10430.5, 12.40, 11509.9>) CloseFence
16:26:15: Player "Emissarius" (steam64id="76561198271087379" pos=<7680.96, 43.72, 6518.37>) CloseFence
16:26:17: Player "chron1c" (steam64id="76561198205585613" pos=<7681.14, 43.50, 6520.82>) CloseFence
16:26:24: Player "Emissarius" (steam64id="76561198271087379" pos=<7681.11, 43.50, 6520.05>) CloseFence
16:27:04: Player "web gado" (steam64id="76561199123625009" pos=<10431.4, 12.41, 11510.3>) CloseFence
16:46:13: Player "web gado" (steam64id="76561199123625009" pos=<10430.8, 12.39, 11511.3>) CloseFence
16:46:23: Player "Operguer" (steam64id="76561198031245537" pos=<10430.4, 12.39, 11510.4>) CloseFence
16:51:28: Player "web gado" (steam64id="76561199123625009" pos=<10430.1, 12.37, 11511.2>) CloseFence
16:55:40: Player "netttto no drip" (steam64id="76561198859086815" pos=<10429.4, 12.37, 11511.1>) CloseFence
16:58:53: Player "netttto no drip" (steam64id="76561198859086815" pos=<10428.8, 12.53, 11512.3>) CloseFence
17:01:37: Player "web gado" (steam64id="76561199123625009" pos=<10430.2, 12.40, 11509.8>) CloseFence
17:01:52: Player "Operguer" (steam64id="76561198031245537" pos=<10430.8, 12.41, 11509.8>) CloseFence
17:03:46: Player "[HORDA]ThiagoPenna" (steam64id="76561198218822351" pos=<9560.35, 2.94, 9581.34>) CloseFence
17:04:06: Player "[HORDA]ThiagoPenna" (steam64id="76561198218822351" pos=<9560.27, 2.94, 9582.44>) CloseFence
17:04:10: Player "[HORDA]ThiagoPenna" (steam64id="76561198218822351" pos=<9560.85, 2.94, 9583.62>) CloseFence
17:04:17: Player "[HORDA]ThiagoPenna" (steam64id="76561198218822351" pos=<9559.62, 2.94, 9581.28>) CloseFence
17:05:07: Player "[HORDA]ThiagoPenna" (steam64id="76561198218822351" pos=<9560.7, 2.94, 9580.98>) CloseFence
17:07:19: Player "[HORDA]ThiagoPenna" (steam64id="76561198218822351" pos=<9560.25, 2.94, 9581.05>) CloseFence
17:07:39: Player "[HORDA]ThiagoPenna" (steam64id="76561198218822351" pos=<9560.72, 2.94, 9580.58>) CloseFence
17:07:56: Player "[HORDA]ThiagoPenna" (steam64id="76561198218822351" pos=<9560.61, 2.94, 9581.01>) CloseFence
17:08:08: Player "OZIEL" (steam64id="76561199063596086" pos=<10429.6, 12.37, 11511.2>) CloseFence
17:09:41: Player "[HORDA]ThiagoPenna" (steam64id="76561198218822351" pos=<9560.27, 2.94, 9581.75>) CloseFence
17:10:59: Player "[HORDA]ThiagoPenna" (steam64id="76561198218822351" pos=<9560.58, 2.94, 9581.44>) CloseFence
17:11:20: Player "netttto no drip" (steam64id="76561198859086815" pos=<10431.6, 12.43, 11509.3>) CloseFence
17:11:57: Player "netttto no drip" (steam64id="76561198859086815" pos=<10429.9, 12.38, 11510.7>) CloseFence
17:12:19: Player "OZIEL" (steam64id="76561199063596086" pos=<10430.7, 12.40, 11509.8>) CloseFence
17:12:40: Player "[HORDA]ThiagoPenna" (steam64id="76561198218822351" pos=<9560.57, 2.94, 9581.32>) CloseFence
17:13:44: Player "[HORDA]ThiagoPenna" (steam64id="76561198218822351" pos=<9560.38, 2.94, 9582.03>) CloseFence
17:14:23: Player "[HORDA]ThiagoPenna" (steam64id="76561198218822351" pos=<9560.61, 2.94, 9581.11>) CloseFence
17:16:43: Player "[HORDA]ThiagoPenna" (steam64id="76561198218822351" pos=<9560.11, 2.94, 9581.98>) CloseFence
17:19:52: Player "OZIEL" (steam64id="76561199063596086" pos=<10429.3, 12.36, 11511.2>) CloseFence
17:20:24: Player "OZIEL" (steam64id="76561199063596086" pos=<10430.7, 12.39, 11510.7>) CloseFence
17:20:34: Player "web gado" (steam64id="76561199123625009" pos=<10429, 12.37, 11510.7>) CloseFence
17:20:37: Player "Operguer" (steam64id="76561198031245537" pos=<10429, 12.38, 11509.7>) CloseFence
17:21:13: Player "[L.B]TropaDoEngui*a" (steam64id="76561198211423224" pos=<7351.88, 14.33, 7141.61>) CloseFence
17:21:16: Player "[L.B]TropaDoEngui*a" (steam64id="76561198211423224" pos=<7353.47, 14.30, 7146.64>) CloseFence
17:22:11: Player "netttto no drip" (steam64id="76561198859086815" pos=<10430.7, 12.43, 11508.4>) CloseFence
17:22:19: Player "netttto no drip" (steam64id="76561198859086815" pos=<10431.1, 12.42, 11511.4>) CloseFence
17:29:24: Player "[HORDA]ThiagoPenna" (steam64id="76561198218822351" pos=<9560.23, 2.94, 9582.46>) CloseFence
17:42:12: Player "[HORDA]ThiagoPenna" (steam64id="76561198218822351" pos=<9562.32, 2.94, 9581.23>) CloseFence
17:42:18: Player "[HORDA]ThiagoPenna" (steam64id="76561198218822351" pos=<9562.14, 2.94, 9581.16>) CloseFence
17:42:22: Player "[HORDA]ThiagoPenna" (steam64id="76561198218822351" pos=<9564.64, 2.94, 9581.56>) CloseFence
17:48:57: Player "Biel FxR" (steam64id="76561198050836260" pos=<7637.89, 12.07, 9774.62>) CloseFence
17:50:00: Player "Biel FxR" (steam64id="76561198050836260" pos=<7629.22, 12.20, 9814.74>) CloseFence
17:52:14: Player "Biel FxR" (steam64id="76561198050836260" pos=<7628.96, 12.20, 9814.98>) CloseFence
17:53:38: Player "TripaSeca" (steam64id="76561198093060507" pos=<7638.59, 12.07, 9774.4>) CloseFence
17:53:41: Player "web gado" (steam64id="76561199123625009" pos=<10570.6, 18.01, 13557.9>) OpenFence
17:54:27: Player "Hacan121" (steam64id="76561198345012092" pos=<7640.12, 12.05, 9772.68>) CloseFence
17:54:54: Player "Biel FxR" (steam64id="76561198050836260" pos=<7628.01, 13.03, 9815.49>) CloseFence
17:56:20: Player "Biel FxR" (steam64id="76561198050836260" pos=<7628.97, 12.20, 9814.96>) CloseFence
17:59:15: Player "[YKZ]-Notsniw" (steam64id="76561197967151252" pos=<11082.8, 4.21, 8427.62>) CloseFence
17:59:35: Player "[YKZ]-Notsniw" (steam64id="76561197967151252" pos=<11085.2, 35.24, 8426.83>) CloseFence
18:00:02: Player "chron1c" (steam64id="76561198205585613" pos=<11083.9, 4.21, 8427.91>) CloseFence
18:00:21: Player "Hacan121" (steam64id="76561198345012092" pos=<7639.46, 12.06, 9773.55>) CloseFence
18:00:29: Player "Hacan121" (steam64id="76561198345012092" pos=<7638.08, 12.06, 9773.45>) CloseFence
18:00:39: Player "TripaSeca" (steam64id="76561198093060507" pos=<7636.89, 12.07, 9774.49>) CloseFence
18:00:49: Player "Emissarius" (steam64id="76561198271087379" pos=<11085.3, 35.24, 8427.3>) CloseFence
18:01:02: Player "Hacan121" (steam64id="76561198345012092" pos=<7636.06, 12.07, 9773.74>) CloseFence
18:01:11: Player "Hacan121" (steam64id="76561198345012092" pos=<7635.5, 12.07, 9773.72>) CloseFence
18:01:14: Player "TripaSeca" (steam64id="76561198093060507" pos=<7637.46, 12.06, 9772.98>) CloseFence
18:01:22: Player "TripaSeca" (steam64id="76561198093060507" pos=<7636.33, 12.07, 9773.62>) CloseFence
18:01:25: Player "TripaSeca" (steam64id="76561198093060507" pos=<7637.25, 12.06, 9773.53>) CloseFence
18:01:28: Player "TripaSeca" (steam64id="76561198093060507" pos=<7636.55, 12.17, 9775.04>) CloseFence
18:01:35: Player "Hacan121" (steam64id="76561198345012092" pos=<7635.99, 12.07, 9773.69>) CloseFence
18:01:44: Player "Hacan121" (steam64id="76561198345012092" pos=<7635.67, 12.07, 9773.64>) CloseFence
18:01:56: Player "TripaSeca" (steam64id="76561198093060507" pos=<7637.52, 12.06, 9773.38>) CloseFence
18:02:06: Player "Hacan121" (steam64id="76561198345012092" pos=<7636.47, 12.07, 9773.78>) CloseFence
18:02:09: Player "TripaSeca" (steam64id="76561198093060507" pos=<7635.9, 12.07, 9774.17>) CloseFence
18:02:14: Player "Hacan121" (steam64id="76561198345012092" pos=<7635.76, 12.07, 9773.45>) CloseFence
18:02:38: Player "Hacan121" (steam64id="76561198345012092" pos=<7636.87, 12.07, 9774.42>) CloseFence
18:02:43: Player "[HORDA]ThiagoPenna" (steam64id="76561198218822351" pos=<9564.5, 2.95, 9580.92>) CloseFence
18:02:45: Player "Hacan121" (steam64id="76561198345012092" pos=<7635.06, 12.21, 9774.68>) CloseFence
18:02:47: Player "[HORDA]ThiagoPenna" (steam64id="76561198218822351" pos=<9561.72, 2.94, 9580.88>) CloseFence
18:02:48: Player "TripaSeca" (steam64id="76561198093060507" pos=<7636.81, 12.06, 9773.21>) CloseFence
18:02:57: Player "TripaSeca" (steam64id="76561198093060507" pos=<7635.95, 12.07, 9774.49>) CloseFence
18:03:19: Player "Hacan121" (steam64id="76561198345012092" pos=<7637.68, 12.07, 9774.66>) CloseFence
18:03:26: Player "TripaSeca" (steam64id="76561198093060507" pos=<7637.9, 12.06, 9773.05>) CloseFence
18:03:29: Player "Hacan121" (steam64id="76561198345012092" pos=<7635.97, 12.07, 9774.05>) CloseFence
18:03:34: Player "TripaSeca" (steam64id="76561198093060507" pos=<7636.52, 12.16, 9775>) CloseFence
18:03:52: Player "Hacan121" (steam64id="76561198345012092" pos=<7637.23, 12.06, 9773.45>) CloseFence
18:04:00: Player "Hacan121" (steam64id="76561198345012092" pos=<7635.42, 12.07, 9773.76>) CloseFence
18:04:07: Player "TripaSeca" (steam64id="76561198093060507" pos=<7636.93, 12.06, 9773.16>) CloseFence
18:04:16: Player "TripaSeca" (steam64id="76561198093060507" pos=<7636.14, 12.07, 9774.45>) CloseFence
18:04:28: Player "Hacan121" (steam64id="76561198345012092" pos=<7636.44, 12.07, 9773.55>) CloseFence
18:04:36: Player "Hacan121" (steam64id="76561198345012092" pos=<7635.54, 12.07, 9773.89>) CloseFence
18:05:08: Player "[HORDA]ThiagoPenna" (steam64id="76561198218822351" pos=<9560.21, 2.94, 9582.57>) CloseFence
18:05:11: Player "Hacan121" (steam64id="76561198345012092" pos=<7638.18, 12.07, 9774.65>) CloseFence
18:06:33: Player "MacLovin" (steam64id="76561199068236803" pos=<10563.5, 18.22, 13566.4>) CloseFence
18:11:16: Player "Emissarius" (steam64id="76561198271087379" pos=<11085.5, 35.24, 8428.7>) CloseFence
18:11:27: Player "[YKZ]-Notsniw" (steam64id="76561197967151252" pos=<11085.3, 35.24, 8428.25>) CloseFence
18:12:12: Player "chron1c" (steam64id="76561198205585613" pos=<11081.4, 4.21, 8427.21>) CloseFence
18:12:16: Player "[YKZ]-Notsniw" (steam64id="76561197967151252" pos=<11082.4, 4.21, 8427.78>) CloseFence
18:12:21: Player "[YKZ]-BlackBear" (steam64id="76561198343030820" pos=<11083, 4.21, 8426.23>) CloseFence
18:12:23: Player "[YKZ]-Notsniw" (steam64id="76561197967151252" pos=<11082.3, 4.21, 8426.21>) CloseFence
18:12:25: Player "[YKZ]-BlackBear" (steam64id="76561198343030820" pos=<11082.8, 4.21, 8426.56>) CloseFence
18:12:32: Player "Troollzera" (steam64id="76561198841599033" pos=<11082.1, 4.21, 8427.59>) CloseFence
18:15:30: Player "Hacan121" (steam64id="76561198345012092" pos=<7638.62, 12.07, 9774.59>) CloseFence
18:17:54: Player "[HORDA]ThiagoPenna" (steam64id="76561198218822351" pos=<9560.39, 2.94, 9582.07>) CloseFence
18:18:52: Player "Hacan121" (steam64id="76561198345012092" pos=<7637.38, 12.06, 9773.45>) CloseFence
18:19:08: Player "[HORDA]ThiagoPenna" (steam64id="76561198218822351" pos=<9559.9, 2.94, 9582.46>) CloseFence
18:19:51: Player "Hacan121" (steam64id="76561198345012092" pos=<7636.05, 12.06, 9773.17>) CloseFence
18:20:53: Player "Hacan121" (steam64id="76561198345012092" pos=<7637.14, 12.07, 9773.66>) CloseFence
18:22:25: Player "Biel FxR" (steam64id="76561198050836260" pos=<7630.31, 12.20, 9812.59>) CloseFence
18:24:47: Player "[HORDA]ThiagoPenna" (steam64id="76561198218822351" pos=<9560.35, 2.94, 9582.18>) CloseFence
18:25:13: Player "Biel FxR" (steam64id="76561198050836260" pos=<7635.85, 12.21, 9774.53>) CloseFence
18:25:18: Player "Hacan121" (steam64id="76561198345012092" pos=<7636.18, 12.07, 9774.54>) CloseFence
18:25:25: Player "TripaSeca" (steam64id="76561198093060507" pos=<7635.52, 12.21, 9774.43>) CloseFence
18:25:40: Player "TripaSeca" (steam64id="76561198093060507" pos=<7637.07, 12.07, 9773.71>) CloseFence
18:25:42: Player "TripaSeca" (steam64id="76561198093060507" pos=<7636.64, 12.06, 9772.42>) CloseFence
18:26:19: Player "[HORDA]ThiagoPenna" (steam64id="76561198218822351" pos=<9562.22, 2.94, 9581.22>) CloseFence
18:26:30: Player "[HORDA]ThiagoPenna" (steam64id="76561198218822351" pos=<9564.92, 2.95, 9581.14>) CloseFence
18:27:16: Player "Biel FxR" (steam64id="76561198050836260" pos=<7636.98, 12.07, 9774.47>) CloseFence
18:27:24: Player "Hacan121" (steam64id="76561198345012092" pos=<7637.89, 12.07, 9775.2>) CloseFence
18:31:29: Player "web gado" (steam64id="76561199123625009" pos=<10429.9, 12.38, 11510.6>) CloseFence
18:32:04: Player "Biel FxR" (steam64id="76561198050836260" pos=<7625.57, 12.20, 9815.65>) CloseFence
18:32:07: Player "Operguer" (steam64id="76561198031245537" pos=<10430.3, 12.39, 11510.3>) CloseFence
18:35:41: Player "[HORDA]ThiagoPenna" (steam64id="76561198218822351" pos=<9564.87, 2.95, 9580.91>) CloseFence
18:35:44: Player "[HORDA]ThiagoPenna" (steam64id="76561198218822351" pos=<9561.91, 2.94, 9580.66>) CloseFence
18:41:38: Player "[HORDA]ThiagoPenna" (steam64id="76561198218822351" pos=<9560.26, 2.94, 9582.21>) CloseFence
18:42:53: Player "[HORDA]ThiagoPenna" (steam64id="76561198218822351" pos=<9561.31, 2.94, 9582.52>) CloseFence
18:42:55: Player "[HORDA]ThiagoPenna" (steam64id="76561198218822351" pos=<9560.23, 2.94, 9582.1>) CloseFence
18:43:37: Player "[HORDA]ThiagoPenna" (steam64id="76561198218822351" pos=<9560.37, 2.94, 9582.16>) CloseFence
18:57:46: Player "TripaSeca" (steam64id="76561198093060507" pos=<7627.58, 12.20, 9812.8>) CloseFence
19:00:25: Player "[YKZ]-Notsniw" (steam64id="76561197967151252" pos=<7681.45, 43.72, 6517.27>) CloseFence
19:01:04: Player "[HORDA]ThiagoPenna" (steam64id="76561198218822351" pos=<9560.01, 2.94, 9582.47>) CloseFence
19:03:36: Player "[HORDA]ThiagoPenna" (steam64id="76561198218822351" pos=<9563.4, 2.94, 9581.9>) CloseFence
19:04:12: Player "Biel FxR" (steam64id="76561198050836260" pos=<7625.43, 12.20, 9815.95>) CloseFence
19:04:25: Player "Emissarius" (steam64id="76561198271087379" pos=<7681.1, 43.50, 6520>) CloseFence
19:04:44: Player "Hacan121" (steam64id="76561198345012092" pos=<7628.45, 12.56, 9816.16>) CloseFence
19:04:48: Player "[HORDA]ThiagoPenna" (steam64id="76561198218822351" pos=<9563.17, 2.94, 9581.33>) CloseFence
19:04:56: Player "[LB]KAS" (steam64id="76561199202697738" pos=<9560.92, 2.94, 9580.11>) CloseFence
19:05:16: Player "Emissarius" (steam64id="76561198271087379" pos=<7680.47, 43.49, 6520.6>) CloseFence
19:06:15: Player "Emissarius" (steam64id="76561198271087379" pos=<7682.07, 43.72, 6517.29>) CloseFence
19:07:45: Player "Emissarius" (steam64id="76561198271087379" pos=<7681.11, 43.50, 6520.09>) CloseFence
19:07:49: Player "Emissarius" (steam64id="76561198271087379" pos=<7681.51, 43.72, 6516.95>) CloseFence
19:09:12: Player "SadBoy" (steam64id="76561198327746574" pos=<10564.8, 18.21, 13565.6>) OpenFence
19:09:43: Player "[HORDA]ThiagoPenna" (steam64id="76561198218822351" pos=<9560.28, 2.94, 9582.48>) CloseFence
19:10:16: Player "jotinha" (steam64id="76561199074349181" pos=<10572.9, 17.94, 13556.6>) CloseFence
19:12:22: Player "[HORDA]ThiagoPenna" (steam64id="76561198218822351" pos=<9560.47, 2.94, 9581.17>) CloseFence
19:13:13: Player "[HORDA]ThiagoPenna" (steam64id="76561198218822351" pos=<9560.42, 2.94, 9582.1>) CloseFence
19:13:25: Player "[LB]KAS" (steam64id="76561199202697738" pos=<9560.43, 2.94, 9582.1>) CloseFence
19:13:33: Player "[LB]KAS" (steam64id="76561199202697738" pos=<9562.67, 2.94, 9580.91>) CloseFence
19:13:42: Player "[LB]KAS" (steam64id="76561199202697738" pos=<9564.66, 2.94, 9581.75>) CloseFence
19:13:46: Player "[LB]KAS" (steam64id="76561199202697738" pos=<9562.94, 2.94, 9581.68>) CloseFence
19:13:49: Player "[LB]KAS" (steam64id="76561199202697738" pos=<9561.77, 2.94, 9581>) CloseFence
19:13:56: Player "Emissarius" (steam64id="76561198271087379" pos=<7681.11, 43.50, 6520.35>) CloseFence
19:14:29: Player "[LB]KAS" (steam64id="76561199202697738" pos=<9561.49, 2.94, 9582>) CloseFence
19:14:32: Player "[LB]KAS" (steam64id="76561199202697738" pos=<9560.35, 2.94, 9581.96>) CloseFence
19:14:37: Player "Emissarius" (steam64id="76561198271087379" pos=<7680.69, 43.50, 6519.95>) CloseFence
19:14:39: Player "Emissarius" (steam64id="76561198271087379" pos=<7680.41, 43.72, 6518.05>) CloseFence
19:15:22: Player "[LB]KAS" (steam64id="76561199202697738" pos=<9560.29, 2.94, 9582.57>) CloseFence
19:15:50: Player "Troollzera" (steam64id="76561198841599033" pos=<7680.42, 43.49, 6520.41>) CloseFence
19:15:59: Player "[YKZ]-BlackBear" (steam64id="76561198343030820" pos=<7680.22, 43.49, 6520.7>) CloseFence
19:16:12: Player "Emissarius" (steam64id="76561198271087379" pos=<7680.97, 43.72, 6519.17>) CloseFence
19:16:15: Player "Emissarius" (steam64id="76561198271087379" pos=<7681.28, 43.50, 6520.45>) CloseFence
19:16:18: Player "Biel FxR" (steam64id="76561198050836260" pos=<7629.02, 12.20, 9814.79>) CloseFence
19:16:46: Player "TripaSeca" (steam64id="76561198093060507" pos=<7638.92, 12.06, 9773.93>) CloseFence
19:18:29: Player "[LB]KAS" (steam64id="76561199202697738" pos=<9560.24, 2.94, 9581.98>) CloseFence
19:19:47: Player "[HORDA]ThiagoPenna" (steam64id="76561198218822351" pos=<9560.08, 2.94, 9582.9>) CloseFence
19:20:11: Player "[HORDA]ThiagoPenna" (steam64id="76561198218822351" pos=<9559.55, 2.94, 9583.03>) CloseFence
19:20:22: Player "[HORDA]ThiagoPenna" (steam64id="76561198218822351" pos=<9560.37, 2.94, 9581.12>) CloseFence
19:20:25: Player "[LB]KAS" (steam64id="76561199202697738" pos=<9559.82, 2.94, 9581.63>) CloseFence
19:21:15: Player "[LB]KAS" (steam64id="76561199202697738" pos=<9562.89, 2.94, 9581.52>) CloseFence
19:21:19: Player "[LB]KAS" (steam64id="76561199202697738" pos=<9565.28, 2.60, 9580.35>) CloseFence
19:48:48: Player "chron1c" (steam64id="76561198205585613" pos=<11083.1, 4.21, 8427.84>) CloseFence
19:50:31: Player "[YKZ]-BlackBear" (steam64id="76561198343030820" pos=<11083, 4.21, 8427.88>) CloseFence
19:51:06: Player "G A T O" (steam64id="76561199207813177" pos=<7550.93, 35.24, 7897.29>) CloseFence
19:51:12: Player "[YKZ]-BlackBear" (steam64id="76561198343030820" pos=<11085.3, 35.24, 8425.86>) CloseFence
19:53:09: Player "[YKZ]-Notsniw" (steam64id="76561197967151252" pos=<11085.4, 35.24, 8426.75>) CloseFence
19:53:13: Player "[YKZ]-Notsniw" (steam64id="76561197967151252" pos=<11085.4, 35.24, 8427.04>) CloseFence
19:56:20: Player "Emissarius" (steam64id="76561198271087379" pos=<11085.9, 35.24, 8428.92>) CloseFence
19:58:08: Player "[YKZ]-BlackBear" (steam64id="76561198343030820" pos=<11085.7, 35.24, 8426.58>) CloseFence
19:58:26: Player "[YKZ]-BlackBear" (steam64id="76561198343030820" pos=<11085, 35.24, 8427.34>) CloseFence
20:09:36: Player "[LB]KAS" (steam64id="76561199202697738" pos=<9565.09, 2.93, 9580.83>) CloseFence
20:09:39: Player "[LB]KAS" (steam64id="76561199202697738" pos=<9561.99, 2.94, 9581.11>) CloseFence
20:09:39: Player "[HORDA]ThiagoPenna" (steam64id="76561198218822351" pos=<9564.67, 2.94, 9582.06>) CloseFence
20:09:47: Player "[HORDA]ThiagoPenna" (steam64id="76561198218822351" pos=<9561.87, 2.94, 9581.07>) CloseFence
20:10:00: Player "[LB]KAS" (steam64id="76561199202697738" pos=<9560.33, 2.94, 9582.25>) CloseFence
20:12:06: Player "G A T O" (steam64id="76561199207813177" pos=<7550.94, 35.24, 7897.12>) CloseFence
20:12:15: Player "[LB]KAS" (steam64id="76561199202697738" pos=<9560.55, 2.94, 9581.59>) CloseFence
20:25:18: Player "G A T O" (steam64id="76561199207813177" pos=<7550.92, 35.24, 7897.06>) CloseFence
20:34:03: Player "[ORDA]KAS" (steam64id="76561199202697738" pos=<9559.95, 2.94, 9581.76>) CloseFence
20:36:22: Player "[ORDA]KAS" (steam64id="76561199202697738" pos=<9560, 2.94, 9581.68>) CloseFence
20:37:16: Player "[ORDA]KAS" (steam64id="76561199202697738" pos=<9560.33, 2.94, 9582.29>) CloseFence
20:38:02: Player "[ORDA]KAS" (steam64id="76561199202697738" pos=<9560.7, 2.94, 9580.95>) CloseFence
20:39:53: Player "[HORDA]ThiagoPenna" (steam64id="76561198218822351" pos=<9561.49, 2.94, 9581.92>) CloseFence
20:40:35: Player "[ORDA]KAS" (steam64id="76561199202697738" pos=<9562.07, 2.94, 9582.26>) CloseFence
20:40:37: Player "[ORDA]KAS" (steam64id="76561199202697738" pos=<9560.2, 2.94, 9581.8>) CloseFence
20:41:23: Player "[ORDA]KAS" (steam64id="76561199202697738" pos=<9560.22, 2.94, 9582.17>) CloseFence
20:41:28: Player "[HORDA]ThiagoPenna" (steam64id="76561198218822351" pos=<9560.11, 2.94, 9581.23>) CloseFence
20:41:32: Player "[HORDA]ThiagoPenna" (steam64id="76561198218822351" pos=<9562.95, 2.94, 9581.42>) CloseFence
20:41:35: Player "[ORDA]KAS" (steam64id="76561199202697738" pos=<9565.12, 2.90, 9580.76>) CloseFence
20:41:38: Player "[HORDA]ThiagoPenna" (steam64id="76561198218822351" pos=<9565.02, 2.87, 9580.65>) CloseFence
20:52:56: Player "JHON WICK" (steam64id="76561198122075703" pos=<9559.97, 2.94, 9582.37>) CloseFence
20:53:10: Player "JHON WICK" (steam64id="76561198122075703" pos=<9561.42, 2.94, 9580.68>) CloseFence
20:53:15: Player "JHON WICK" (steam64id="76561198122075703" pos=<9564.68, 2.95, 9581.18>) CloseFence
21:33:06: Player "[HORDA]ThiagoPenna" (steam64id="76561198218822351" pos=<9564.66, 2.63, 9579.88>) CloseFence
21:33:08: Player "[HORDA]ThiagoPenna" (steam64id="76561198218822351" pos=<9564.91, 2.95, 9581.02>) CloseFence
21:34:11: Player "[HORDA]ThiagoPenna" (steam64id="76561198218822351" pos=<9562.46, 2.94, 9581.25>) CloseFence
21:34:13: Player "[HORDA]ThiagoPenna" (steam64id="76561198218822351" pos=<9564.99, 2.84, 9580.58>) CloseFence
21:41:27: Player "[L.B]TropaDoEnguisa" (steam64id="76561198211423224" pos=<7352.43, 14.30, 7146.46>) CloseFence
21:41:41: Player "[L.B]TropaDoEnguisa" (steam64id="76561198211423224" pos=<7351.14, 14.33, 7141.41>) CloseFence
21:43:03: Player "[YKZ]-Notsniw" (steam64id="76561197967151252" pos=<11085, 35.24, 8427.43>) CloseFence
21:45:04: Player "felps" (steam64id="76561198892779186" pos=<11082.9, 4.21, 8428.08>) CloseFence
21:46:03: Player "chron1c" (steam64id="76561198205585613" pos=<11083.1, 4.21, 8427.74>) CloseFence
21:48:10: Player "chron1c" (steam64id="76561198205585613" pos=<11085, 35.24, 8427.37>) CloseFence
21:48:15: Player "chron1c" (steam64id="76561198205585613" pos=<11085, 35.24, 8427.43>) CloseFence
21:48:42: Player "Emissarius" (steam64id="76561198271087379" pos=<11085, 35.24, 8427.42>) CloseFence
21:48:59: Player "felps" (steam64id="76561198892779186" pos=<11083.5, 34.95, 8428.65>) CloseFence
21:49:21: Player "Emissarius" (steam64id="76561198271087379" pos=<11083.4, 4.21, 8428.39>) CloseFence
21:49:29: Player "Emissarius" (steam64id="76561198271087379" pos=<11083.6, 4.21, 8428.75>) CloseFence
21:49:43: Player "felps" (steam64id="76561198892779186" pos=<11084.5, 35.24, 8428.54>) CloseFence
21:49:46: Player "felps" (steam64id="76561198892779186" pos=<11084.5, 35.24, 8428.56>) CloseFence
21:49:49: Player "felps" (steam64id="76561198892779186" pos=<11085.2, 35.24, 8427.08>) CloseFence
21:50:48: Player "[HORDA]ThiagoPenna" (steam64id="76561198218822351" pos=<9564.88, 2.95, 9581.17>) CloseFence
21:51:02: Player "Emissarius" (steam64id="76561198271087379" pos=<11083.3, 4.21, 8428.35>) CloseFence
21:51:08: Player "Emissarius" (steam64id="76561198271087379" pos=<11081.5, 4.21, 8427.43>) CloseFence
21:51:33: Player "felps" (steam64id="76561198892779186" pos=<11085.9, 35.24, 8428.91>) CloseFence
21:51:54: Player "JHON WICK" (steam64id="76561198122075703" pos=<9564.97, 2.74, 9580.39>) CloseFence
21:51:55: Player "felps" (steam64id="76561198892779186" pos=<11081.3, 4.21, 8427.3>) CloseFence
21:51:56: Player "JHON WICK" (steam64id="76561198122075703" pos=<9561.26, 2.94, 9580.17>) CloseFence
21:53:09: Player "[HORDA]ThiagoPenna" (steam64id="76561198218822351" pos=<9563.25, 2.94, 9581.87>) CloseFence
21:53:12: Player "[HORDA]ThiagoPenna" (steam64id="76561198218822351" pos=<9565.07, 2.82, 9580.65>) CloseFence
21:53:30: Player "JHON WICK" (steam64id="76561198122075703" pos=<9560.48, 2.94, 9579.69>) CloseFence
21:53:48: Player "JHON WICK" (steam64id="76561198122075703" pos=<9561.53, 2.94, 9580.64>) CloseFence
21:53:50: Player "JHON WICK" (steam64id="76561198122075703" pos=<9562.25, 2.94, 9580.68>) CloseFence
21:53:52: Player "JHON WICK" (steam64id="76561198122075703" pos=<9564.79, 2.95, 9581.07>) CloseFence
22:10:10: Player "felps" (steam64id="76561198892779186" pos=<11082, 4.21, 8426.14>) CloseFence
22:10:12: Player "felps" (steam64id="76561198892779186" pos=<11081.7, 4.21, 8428.41>) CloseFence
22:10:16: Player "felps" (steam64id="76561198892779186" pos=<11082.8, 4.21, 8428.07>) CloseFence
22:10:20: Player "Emissarius" (steam64id="76561198271087379" pos=<11082.6, 4.21, 8427.42>) CloseFence
22:10:31: Player "G A T O" (steam64id="76561199207813177" pos=<7551.04, 35.24, 7897.45>) CloseFence
22:10:31: Player "[YKZ]-Notsniw" (steam64id="76561197967151252" pos=<11083.2, 4.21, 8427.74>) CloseFence
22:10:51: Player "felps" (steam64id="76561198892779186" pos=<11083.6, 35.22, 8428.33>) CloseFence
22:10:51: Player "Passo Largo" (steam64id="76561199203652654" pos=<7550.67, 35.24, 7897.06>) CloseFence
22:10:57: Player "Passo Largo" (steam64id="76561199203652654" pos=<7550.81, 35.24, 7897.9>) CloseFence
22:10:59: Player "[YKZ]-Notsniw" (steam64id="76561197967151252" pos=<11084.3, 35.24, 8428.81>) CloseFence
22:11:02: Player "[YKZ]-Notsniw" (steam64id="76561197967151252" pos=<11085.5, 35.24, 8427.09>) CloseFence
22:11:25: Player "[L.B]TropaDoEnguisa" (steam64id="76561198211423224" pos=<7351.14, 14.33, 7141.21>) CloseFence
22:11:28: Player "[L.B]TropaDoEnguisa" (steam64id="76561198211423224" pos=<7353.66, 14.30, 7146.16>) CloseFence
22:13:43: Player "[YKZ]-Notsniw" (steam64id="76561197967151252" pos=<11085.3, 35.24, 8428.43>) CloseFence
22:14:07: Player "[YKZ]-Notsniw" (steam64id="76561197967151252" pos=<11081.2, 4.21, 8427.4>) CloseFence
22:14:55: Player "[YKZ]-Notsniw" (steam64id="76561197967151252" pos=<11083.4, 4.21, 8427.83>) CloseFence
22:15:40: Player "Emissarius" (steam64id="76561198271087379" pos=<11084.5, 35.24, 8428.47>) CloseFence
22:15:57: Player "[YKZ]-Notsniw" (steam64id="76561197967151252" pos=<11084.1, 34.88, 8429.1>) CloseFence
22:16:26: Player "[YKZ]-Notsniw" (steam64id="76561197967151252" pos=<11081.3, 4.21, 8427.31>) CloseFence
22:16:50: Player "Emissarius" (steam64id="76561198271087379" pos=<11082.4, 4.21, 8427.18>) CloseFence
22:17:19: Player "felps" (steam64id="76561198892779186" pos=<11085.7, 35.24, 8428.78>) CloseFence
22:17:41: Player "felps" (steam64id="76561198892779186" pos=<11081.9, 4.21, 8427.01>) CloseFence
22:18:26: Player "[YKZ]-Notsniw" (steam64id="76561197967151252" pos=<11082.9, 4.21, 8425.94>) CloseFence
22:18:31: Player "[YKZ]-Notsniw" (steam64id="76561197967151252" pos=<11083.2, 4.21, 8428.35>) CloseFence
22:18:46: Player "felps" (steam64id="76561198892779186" pos=<11082.8, 4.21, 8427.95>) CloseFence
22:18:49: Player "[YKZ]-Notsniw" (steam64id="76561197967151252" pos=<11081.4, 4.21, 8427.36>) CloseFence
22:19:25: Player "JHON WICK" (steam64id="76561198122075703" pos=<9565, 2.81, 9580.5>) CloseFence
22:19:32: Player "JHON WICK" (steam64id="76561198122075703" pos=<9561.96, 2.94, 9580.85>) CloseFence
22:20:13: Player "[YKZ]-Notsniw" (steam64id="76561197967151252" pos=<11082.8, 4.21, 8427.9>) CloseFence
22:20:25: Player "[HORDA]ThiagoPenna" (steam64id="76561198218822351" pos=<9564.87, 2.95, 9581.25>) CloseFence
22:20:29: Player "[HORDA]ThiagoPenna" (steam64id="76561198218822351" pos=<9562.58, 2.94, 9581.5>) CloseFence
22:20:34: Player "[YKZ]-Notsniw" (steam64id="76561197967151252" pos=<11081.4, 4.21, 8427.33>) CloseFence
22:20:35: Player "[HORDA]ThiagoPenna" (steam64id="76561198218822351" pos=<9560.41, 2.94, 9580.48>) CloseFence
22:20:36: Player "felps" (steam64id="76561198892779186" pos=<11083.9, 34.71, 8429.24>) CloseFence
22:21:00: Player "felps" (steam64id="76561198892779186" pos=<11081.6, 4.21, 8426.82>) CloseFence
22:22:17: Player "felps" (steam64id="76561198892779186" pos=<11082.7, 4.21, 8427.92>) CloseFence
22:22:52: Player "felps" (steam64id="76561198892779186" pos=<11081.5, 4.21, 8427.24>) CloseFence
22:25:11: Player "Emissarius" (steam64id="76561198271087379" pos=<11083.6, 4.21, 8428.21>) CloseFence
22:25:20: Player "felps" (steam64id="76561198892779186" pos=<11082.6, 4.21, 8427.81>) CloseFence
22:25:50: Player "[HORDA]ThiagoPenna" (steam64id="76561198218822351" pos=<9561.52, 2.94, 9580.87>) CloseFence
22:25:52: Player "[HORDA]ThiagoPenna" (steam64id="76561198218822351" pos=<9565.17, 2.60, 9580.41>) CloseFence
22:26:12: Player "felps" (steam64id="76561198892779186" pos=<11085.5, 31.61, 8428.59>) OpenFence
22:26:15: Player "Emissarius" (steam64id="76561198271087379" pos=<11086.9, 31.61, 8425.97>) CloseFence
22:26:16: Player "Emissarius" (steam64id="76561198271087379" pos=<11085.5, 31.61, 8425.57>) OpenFence
22:26:21: Player "Emissarius" (steam64id="76561198271087379" pos=<11085.3, 31.61, 8427.34>) CloseFence
22:26:33: Player "felps" (steam64id="76561198892779186" pos=<11085.5, 31.61, 8425.16>) CloseFence
22:27:12: Player "felps" (steam64id="76561198892779186" pos=<11085.2, 35.24, 8427.08>) CloseFence
22:29:16: Player "felps" (steam64id="76561198892779186" pos=<11084.7, 31.61, 8427.86>) CloseFence
22:29:39: Player "felps" (steam64id="76561198892779186" pos=<11085, 31.61, 8426.2>) CloseFence
22:29:45: Player "felps" (steam64id="76561198892779186" pos=<11085.4, 31.61, 8427.55>) CloseFence
22:29:51: Player "felps" (steam64id="76561198892779186" pos=<11085.7, 35.24, 8427.06>) CloseFence
22:30:58: Player "felps" (steam64id="76561198892779186" pos=<11085.3, 35.24, 8428.15>) CloseFence
22:31:30: Player "Emissarius" (steam64id="76561198271087379" pos=<11085.2, 35.24, 8428.31>) CloseFence
22:31:42: Player "Emissarius" (steam64id="76561198271087379" pos=<11085.3, 31.61, 8427.56>) CloseFence
22:31:45: Player "Passo Largo" (steam64id="76561199203652654" pos=<7550.69, 35.24, 7897.56>) CloseFence
22:32:04: Player "Emissarius" (steam64id="76561198271087379" pos=<11083.5, 4.21, 8428.65>) CloseFence
22:32:07: Player "Emissarius" (steam64id="76561198271087379" pos=<11081.5, 4.21, 8427.57>) CloseFence
22:35:00: Player "G A T O" (steam64id="76561199207813177" pos=<7550.79, 35.24, 7896.95>) CloseFence
22:35:01: Player "=G3= Chupo no sigilo " (steam64id="76561199037080751" pos=<10563.1, 18.22, 13565.4>) CloseFence
22:35:36: Player "DanielSam" (steam64id="76561198867200764" pos=<7550.79, 35.24, 7896.29>) CloseFence
22:35:56: Player "DanielSam" (steam64id="76561198867200764" pos=<7550.76, 35.24, 7896.87>) CloseFence
22:37:16: Player "felps" (steam64id="76561198892779186" pos=<11082.3, 4.21, 8425.76>) CloseFence
22:37:29: Player "JHON WICK" (steam64id="76561198122075703" pos=<9559.85, 2.94, 9581.29>) CloseFence
22:37:57: Player "DanielSam" (steam64id="76561198867200764" pos=<7550.85, 35.24, 7896.82>) CloseFence
22:38:45: Player "Emissarius" (steam64id="76561198271087379" pos=<11085.2, 35.24, 8428.47>) CloseFence
22:39:08: Player "Emissarius" (steam64id="76561198271087379" pos=<11082.5, 4.21, 8427.36>) CloseFence
22:39:20: Player "G A T O" (steam64id="76561199207813177" pos=<7550.78, 35.24, 7897.17>) CloseFence
22:39:21: Player "[YKZ]-BlackBear" (steam64id="76561198343030820" pos=<11084.9, 35.24, 8427.69>) CloseFence
22:39:35: Player "[YKZ]-Notsniw" (steam64id="76561197967151252" pos=<11081.6, 4.21, 8426.74>) CloseFence
22:40:03: Player "[YKZ]-Notsniw" (steam64id="76561197967151252" pos=<11081.5, 4.21, 8427.42>) CloseFence
22:40:23: Player "DanielSam" (steam64id="76561198867200764" pos=<7550.97, 35.24, 7897.27>) CloseFence
22:40:37: Player "G A T O" (steam64id="76561199207813177" pos=<7550.95, 35.24, 7896.94>) CloseFence
22:40:45: Player "G A T O" (steam64id="76561199207813177" pos=<7550.63, 35.24, 7897.03>) CloseFence
22:41:09: Player "[YKZ]-Notsniw" (steam64id="76561197967151252" pos=<11081.1, 4.21, 8427.53>) CloseFence
22:41:12: Player "G A T O" (steam64id="76561199207813177" pos=<7550.67, 35.24, 7896.81>) CloseFence
22:43:06: Player "[YKZ]-BlackBear" (steam64id="76561198343030820" pos=<11084.7, 35.24, 8427.99>) CloseFence
22:44:03: Player "Passo Largo" (steam64id="76561199203652654" pos=<7550.48, 35.24, 7897.2>) CloseFence
22:44:12: Player "[YKZ]-Notsniw" (steam64id="76561197967151252" pos=<11082.8, 4.21, 8427.65>) CloseFence
22:44:43: Player "[YKZ]-Notsniw" (steam64id="76561197967151252" pos=<11081.2, 4.21, 8427.51>) CloseFence
22:44:52: Player "[YKZ]-Notsniw" (steam64id="76561197967151252" pos=<11082.8, 4.21, 8427.59>) CloseFence
22:44:55: Player "[YKZ]-BlackBear" (steam64id="76561198343030820" pos=<11082.5, 4.21, 8427.2>) CloseFence
22:46:01: Player "[YKZ]-Notsniw" (steam64id="76561197967151252" pos=<11085.4, 35.24, 8428.47>) CloseFence
22:46:25: Player "Passo Largo" (steam64id="76561199203652654" pos=<7550.89, 35.24, 7897.46>) CloseFence
22:47:01: Player "[YKZ]-Notsniw" (steam64id="76561197967151252" pos=<11084.7, 35.24, 8428.13>) CloseFence
22:47:28: Player "[YKZ]-Notsniw" (steam64id="76561197967151252" pos=<11083.3, 4.21, 8428.28>) CloseFence
22:48:05: Player "[YKZ]-Notsniw" (steam64id="76561197967151252" pos=<11081.7, 4.21, 8427.48>) CloseFence
22:48:12: Player "=G3= wellbert" (steam64id="76561198914685824" pos=<10564.4, 18.21, 13565.5>) OpenFence
22:48:14: Player "=G3= wellbert" (steam64id="76561198914685824" pos=<10564, 18.28, 13566.8>) CloseFence
22:48:19: Player "[HORDA]ThiagoPenna" (steam64id="76561198218822351" pos=<9564.59, 2.95, 9580.84>) CloseFence
22:48:24: Player "[HORDA]ThiagoPenna" (steam64id="76561198218822351" pos=<9562.04, 2.94, 9580.87>) CloseFence
22:48:36: Player "=G3= wellbert" (steam64id="76561198914685824" pos=<10563.6, 18.29, 13568.4>) OpenFence
22:48:40: Player "=G3= wellbert" (steam64id="76561198914685824" pos=<10563.7, 18.21, 13564.9>) CloseFence
22:50:03: Player "[HORDA]ThiagoPenna" (steam64id="76561198218822351" pos=<9561.48, 2.94, 9581.91>) CloseFence
22:50:27: Player "[HORDA]ThiagoPenna" (steam64id="76561198218822351" pos=<9560.26, 2.94, 9582.24>) CloseFence
22:50:56: Player "felps" (steam64id="76561198892779186" pos=<11082.3, 4.21, 8425.65>) CloseFence
22:50:59: Player "felps" (steam64id="76561198892779186" pos=<11083.1, 4.21, 8427.91>) CloseFence
22:51:01: Player "Emissarius" (steam64id="76561198271087379" pos=<11082.3, 4.21, 8427.62>) CloseFence
22:51:08: Player "Duerowww" (steam64id="76561198259492425" pos=<7398.61, 31.43, 8200.61>) CloseFence
22:51:19: Player "felps" (steam64id="76561198892779186" pos=<11085.3, 31.61, 8426.59>) CloseFence
22:51:26: Player "Duerowww" (steam64id="76561198259492425" pos=<7396.19, 31.55, 8201.89>) CloseFence
22:51:32: Player "Duerowww" (steam64id="76561198259492425" pos=<7400.6, 31.48, 8200.85>) CloseFence
22:51:36: Player "Duerowww" (steam64id="76561198259492425" pos=<7396.39, 31.55, 8201.96>) CloseFence
22:52:23: Player "Emissarius" (steam64id="76561198271087379" pos=<11085.3, 31.61, 8427.04>) CloseFence
22:52:46: Player "ttuker" (steam64id="76561198971813376" pos=<7399.89, 31.43, 8201.75>) CloseFence
22:53:10: Player "ttuker" (steam64id="76561198971813376" pos=<7399.24, 31.43, 8199.68>) CloseFence
22:53:18: Player "ttuker" (steam64id="76561198971813376" pos=<7398.15, 31.43, 8199.89>) CloseFence
22:53:25: Player "felps" (steam64id="76561198892779186" pos=<11085.5, 31.61, 8427.07>) CloseFence
22:53:28: Player "felps" (steam64id="76561198892779186" pos=<11084.4, 35.24, 8428.65>) CloseFence
22:53:32: Player "felps" (steam64id="76561198892779186" pos=<11085.3, 35.24, 8426.84>) CloseFence
22:53:34: Player "ttuker" (steam64id="76561198971813376" pos=<7398.41, 31.43, 8200.04>) CloseFence
22:53:37: Player "ttuker" (steam64id="76561198971813376" pos=<7398.6, 31.43, 8199.82>) CloseFence
22:53:49: Player "Emissarius" (steam64id="76561198271087379" pos=<11085.6, 35.24, 8427.1>) CloseFence
22:54:35: Player "ttuker" (steam64id="76561198971813376" pos=<7397.55, 31.43, 8200.69>) CloseFence
22:54:40: Player "ttuker" (steam64id="76561198971813376" pos=<7398.77, 31.43, 8200.45>) CloseFence
22:55:05: Player "[YKZ]-Notsniw" (steam64id="76561197967151252" pos=<11082.3, 4.21, 8425.65>) CloseFence
22:55:08: Player "[YKZ]-Notsniw" (steam64id="76561197967151252" pos=<11083, 4.21, 8427.43>) CloseFence
22:55:35: Player "[YKZ]-BlackBear" (steam64id="76561198343030820" pos=<11082.8, 4.21, 8427.63>) CloseFence
22:55:47: Player "felps" (steam64id="76561198892779186" pos=<11084.9, 35.24, 8428.08>) CloseFence
22:55:50: Player "Emissarius" (steam64id="76561198271087379" pos=<11085.7, 35.24, 8428.81>) CloseFence
22:55:51: Player "felps" (steam64id="76561198892779186" pos=<11085.3, 31.61, 8426.44>) CloseFence
22:55:56: Player "Duerowww" (steam64id="76561198259492425" pos=<7396.68, 31.55, 8199.7>) CloseFence
22:56:16: Player "[YKZ]-Notsniw" (steam64id="76561197967151252" pos=<11085.3, 35.24, 8428.02>) CloseFence
22:56:41: Player "Emissarius" (steam64id="76561198271087379" pos=<11083.5, 4.21, 8428.27>) CloseFence
22:56:45: Player "[YKZ]-BlackBear" (steam64id="76561198343030820" pos=<11086.4, 35.24, 8428.68>) CloseFence
22:56:45: Player "Duerowww" (steam64id="76561198259492425" pos=<7396.5, 31.55, 8202.4>) CloseFence
22:56:46: Player "Emissarius" (steam64id="76561198271087379" pos=<11081.3, 4.21, 8427.26>) CloseFence
22:56:47: Player "[YKZ]-BlackBear" (steam64id="76561198343030820" pos=<11085.3, 35.24, 8427.67>) CloseFence
22:56:50: Player "[YKZ]-Notsniw" (steam64id="76561197967151252" pos=<11081.2, 4.21, 8427.48>) CloseFence
22:57:01: Player "Emissarius" (steam64id="76561198271087379" pos=<11081.6, 4.21, 8426.88>) CloseFence
22:58:54: Player "ttuker" (steam64id="76561198971813376" pos=<7396.41, 31.55, 8200.36>) CloseFence
22:59:10: Player "felps" (steam64id="76561198892779186" pos=<11085.1, 31.61, 8428.27>) CloseFence
22:59:58: Player "=G3= Chupo no sigilo " (steam64id="76561199037080751" pos=<10563.6, 18.29, 13568.1>) OpenFence
23:00:02: Player "=G3= Chupo no sigilo " (steam64id="76561199037080751" pos=<10564.2, 18.21, 13565.2>) CloseFence
23:00:30: Player "felps" (steam64id="76561198892779186" pos=<11085.1, 35.24, 8428.4>) CloseFence
23:00:37: Player "felps" (steam64id="76561198892779186" pos=<11085.1, 31.61, 8426>) CloseFence
23:01:02: Player "Duerowww" (steam64id="76561198259492425" pos=<7398.72, 31.43, 8200.17>) CloseFence
23:01:36: Player "felps" (steam64id="76561198892779186" pos=<11085.3, 31.61, 8427.33>) CloseFence
23:01:40: Player "felps" (steam64id="76561198892779186" pos=<11085.5, 35.24, 8427.46>) CloseFence
23:01:43: Player "felps" (steam64id="76561198892779186" pos=<11085.4, 35.24, 8427.06>) CloseFence
23:03:45: Player "[YKZ]-Notsniw" (steam64id="76561197967151252" pos=<11082.7, 4.21, 8426.36>) CloseFence
23:03:53: Player "[YKZ]-Notsniw" (steam64id="76561197967151252" pos=<11083.1, 4.21, 8427.6>) CloseFence
23:04:01: Player "Emissarius" (steam64id="76561198271087379" pos=<11087.3, 31.61, 8426.24>) CloseFence
23:04:24: Player "Emissarius" (steam64id="76561198271087379" pos=<11085.6, 31.61, 8427.13>) CloseFence
23:04:58: Player "TripaSeca" (steam64id="76561198093060507" pos=<7628.58, 12.20, 9814.22>) CloseFence
23:07:06: Player "[YKZ]-Notsniw" (steam64id="76561197967151252" pos=<11083, 4.21, 8428.03>) CloseFence
23:07:24: Player "Emissarius" (steam64id="76561198271087379" pos=<11084.6, 31.61, 8427.75>) CloseFence
23:07:48: Player "[YKZ]-Notsniw" (steam64id="76561197967151252" pos=<11081.4, 4.21, 8427.51>) CloseFence
23:07:52: Player "[YKZ]-Notsniw" (steam64id="76561197967151252" pos=<11083.2, 4.21, 8427.82>) CloseFence
23:09:32: Player "Emissarius" (steam64id="76561198271087379" pos=<11081.6, 4.21, 8426.81>) CloseFence
23:11:16: Player "[YKZ]-BlackBear" (steam64id="76561198343030820" pos=<11082, 4.58, 8426.31>) CloseFence
23:11:56: Player "TripaSeca" (steam64id="76561198093060507" pos=<7630.19, 12.20, 9813.19>) CloseFence
23:12:28: Player "TripaSeca" (steam64id="76561198093060507" pos=<7628.82, 12.20, 9815.16>) CloseFence
23:13:07: Player "TripaSeca" (steam64id="76561198093060507" pos=<7639.76, 12.07, 9775.24>) CloseFence
23:13:12: Player "Emissarius" (steam64id="76561198271087379" pos=<11082.9, 4.21, 8425.71>) CloseFence
23:13:17: Player "[YKZ]-Notsniw" (steam64id="76561197967151252" pos=<11082.6, 4.21, 8426.29>) CloseFence
23:13:26: Player "[YKZ]-Notsniw" (steam64id="76561197967151252" pos=<11083, 4.21, 8428.26>) CloseFence
23:13:38: Player "TripaSeca" (steam64id="76561198093060507" pos=<7636.98, 12.07, 9773.88>) CloseFence
23:13:46: Player "[YKZ]-BlackBear" (steam64id="76561198343030820" pos=<11085.3, 35.24, 8427.61>) CloseFence
23:13:50: Player "TripaSeca" (steam64id="76561198093060507" pos=<7629.61, 12.20, 9816.16>) CloseFence
23:14:28: Player "Emissarius" (steam64id="76561198271087379" pos=<11084.5, 31.61, 8427.48>) CloseFence
23:14:57: Player "Emissarius" (steam64id="76561198271087379" pos=<11081.4, 4.21, 8427.53>) CloseFence
23:19:13: Player "G A T O" (steam64id="76561199207813177" pos=<7551.07, 35.24, 7897.61>) CloseFence
23:19:49: Player "G A T O" (steam64id="76561199207813177" pos=<7551.05, 35.24, 7897.55>) CloseFence
23:20:58: Player "felps" (steam64id="76561198892779186" pos=<11085.3, 35.24, 8427.58>) CloseFence
23:21:03: Player "felps" (steam64id="76561198892779186" pos=<11085.1, 31.61, 8426.36>) CloseFence
23:21:08: Player "Emissarius" (steam64id="76561198271087379" pos=<11082.4, 4.21, 8427.81>) CloseFence
23:21:22: Player "G A T O" (steam64id="76561199207813177" pos=<7550.87, 35.24, 7897.02>) CloseFence
23:22:52: Player "[YKZ]-BlackBear" (steam64id="76561198343030820" pos=<11084.9, 35.24, 8427.55>) CloseFence
23:23:02: Player "[YKZ]-Notsniw" (steam64id="76561197967151252" pos=<11085.3, 35.24, 8427.97>) CloseFence
23:23:21: Player "[YKZ]-BlackBear" (steam64id="76561198343030820" pos=<11085.4, 31.61, 8425.9>) CloseFence
23:23:34: Player "Emissarius" (steam64id="76561198271087379" pos=<11085.3, 35.24, 8428.55>) CloseFence
23:23:46: Player "[YKZ]-Notsniw" (steam64id="76561197967151252" pos=<11085.8, 31.61, 8426.6>) CloseFence
23:24:11: Player "[YKZ]-Notsniw" (steam64id="76561197967151252" pos=<11082.3, 4.21, 8427.1>) CloseFence
23:24:27: Player "G A T O" (steam64id="76561199207813177" pos=<7550.27, 35.24, 7896.43>) CloseFence
23:24:39: Player "G A T O" (steam64id="76561199207813177" pos=<7550.98, 35.24, 7897.04>) CloseFence
23:24:57: Player "[YKZ]-BlackBear" (steam64id="76561198343030820" pos=<11083.1, 4.21, 8427.69>) CloseFence
23:25:33: Player "[YKZ]-BlackBear" (steam64id="76561198343030820" pos=<11081.6, 4.21, 8426.83>) CloseFence
23:25:41: Player "G A T O" (steam64id="76561199207813177" pos=<7550.7, 35.24, 7896.26>) CloseFence
23:25:48: Player "G A T O" (steam64id="76561199207813177" pos=<7551, 35.24, 7897.18>) CloseFence
23:26:33: Player "Duerowww" (steam64id="76561198259492425" pos=<7396.77, 31.55, 8199.51>) CloseFence
23:26:37: Player "ttuker" (steam64id="76561198971813376" pos=<7397.9, 31.43, 8200.11>) CloseFence
23:30:19: Player "TripaSeca" (steam64id="76561198093060507" pos=<7639.91, 12.05, 9772.92>) CloseFence
23:31:00: Player "Biel FxR" (steam64id="76561198050836260" pos=<7637.22, 12.06, 9773.58>) CloseFence
23:31:10: Player "Biel FxR" (steam64id="76561198050836260" pos=<7636.49, 12.07, 9774.3>) CloseFence
23:31:24: Player "[YKZ]-BlackBear" (steam64id="76561198343030820" pos=<11082.2, 4.21, 8427.57>) CloseFence
23:32:01: Player "[YKZ]-BlackBear" (steam64id="76561198343030820" pos=<11081.4, 4.21, 8427.36>) CloseFence
23:32:21: Player "Biel FxR" (steam64id="76561198050836260" pos=<7637.08, 12.21, 9775.47>) CloseFence
23:32:26: Player "Hacan121" (steam64id="76561198345012092" pos=<7635.99, 12.07, 9773.58>) CloseFence
23:32:33: Player "G A T O" (steam64id="76561199207813177" pos=<7550.76, 35.24, 7896.26>) CloseFence
23:32:50: Player "[YKZ]-Notsniw" (steam64id="76561197967151252" pos=<11083.2, 4.21, 8428.34>) CloseFence
23:33:09: Player "G A T O" (steam64id="76561199207813177" pos=<7550.88, 35.24, 7896.76>) CloseFence
23:33:14: Player "[YKZ]-BlackBear" (steam64id="76561198343030820" pos=<11081.9, 4.62, 8426.35>) CloseFence
23:33:51: Player "[YKZ]-BlackBear" (steam64id="76561198343030820" pos=<11082, 4.21, 8426.95>) CloseFence
23:34:02: Player "[YKZ]-Notsniw" (steam64id="76561197967151252" pos=<11083.5, 4.21, 8427.94>) CloseFence
23:34:34: Player "Emissarius" (steam64id="76561198271087379" pos=<11085.8, 31.61, 8426.54>) CloseFence
23:35:43: Player "Emissarius" (steam64id="76561198271087379" pos=<11085.3, 31.61, 8427.43>) CloseFence
23:35:43: Player "Biel FxR" (steam64id="76561198050836260" pos=<7623.78, 13.22, 9814.76>) OpenFence
23:35:50: Player "Emissarius" (steam64id="76561198271087379" pos=<11083.8, 35.24, 8428.03>) CloseFence
23:35:56: Player "Biel FxR" (steam64id="76561198050836260" pos=<7625.72, 12.20, 9813.97>) CloseFence
23:36:22: Player "[YKZ]-Notsniw" (steam64id="76561197967151252" pos=<11084.2, 35.13, 8428.88>) CloseFence
23:36:26: Player "TripaSeca" (steam64id="76561198093060507" pos=<7626.75, 12.20, 9816.31>) CloseFence
23:36:37: Player "TripaSeca" (steam64id="76561198093060507" pos=<7622.98, 13.22, 9814.89>) CloseFence
23:36:41: Player "TripaSeca" (steam64id="76561198093060507" pos=<7623.48, 13.22, 9815.25>) CloseFence
23:36:47: Player "[YKZ]-BlackBear" (steam64id="76561198343030820" pos=<11082.5, 4.21, 8426.24>) CloseFence
23:36:48: Player "TripaSeca" (steam64id="76561198093060507" pos=<7623.14, 13.22, 9814.9>) CloseFence
23:36:51: Player "TripaSeca" (steam64id="76561198093060507" pos=<7623.48, 13.22, 9815.32>) CloseFence
23:36:53: Player "TripaSeca" (steam64id="76561198093060507" pos=<7621.81, 13.22, 9813.93>) CloseFence
23:36:57: Player "[YKZ]-BlackBear" (steam64id="76561198343030820" pos=<11082.6, 4.21, 8427.43>) CloseFence
23:37:21: Player "Hacan121" (steam64id="76561198345012092" pos=<7620.83, 13.22, 9813.79>) CloseFence
23:37:35: Player "Biel FxR" (steam64id="76561198050836260" pos=<7621.43, 13.22, 9812.42>) CloseFence
23:37:56: Player "Biel FxR" (steam64id="76561198050836260" pos=<7629.21, 12.20, 9815.53>) CloseFence
23:38:05: Player "Biel FxR" (steam64id="76561198050836260" pos=<7630.01, 12.20, 9813.92>) CloseFence
23:38:19: Player "Emissarius" (steam64id="76561198271087379" pos=<11082.2, 4.21, 8427.17>) CloseFence
23:38:41: Player "Biel FxR" (steam64id="76561198050836260" pos=<7625.74, 12.20, 9813.83>) CloseFence
23:39:14: Player "TripaSeca" (steam64id="76561198093060507" pos=<7626.56, 12.20, 9816.23>) CloseFence
23:40:17: Player "Biel FxR" (steam64id="76561198050836260" pos=<7622.11, 13.22, 9814.06>) CloseFence
23:42:13: Player "TripaSeca" (steam64id="76561198093060507" pos=<7622.03, 13.22, 9812.85>) CloseFence
23:42:35: Player "Biel FxR" (steam64id="76561198050836260" pos=<7638.02, 12.06, 9772.73>) CloseFence
23:43:01: Player "Emissarius" (steam64id="76561198271087379" pos=<11083, 4.21, 8427.46>) CloseFence
23:44:44: Player "[YKZ]-Notsniw" (steam64id="76561197967151252" pos=<11081.2, 4.21, 8427.45>) CloseFence
23:44:53: Player "[YKZ]-BlackBear" (steam64id="76561198343030820" pos=<11084.1, 4.21, 8428.76>) CloseFence
23:45:07: Player "G A T O" (steam64id="76561199207813177" pos=<7550.35, 35.25, 7895.91>) CloseFence
23:45:16: Player "Emissarius" (steam64id="76561198271087379" pos=<11081.4, 4.21, 8427.21>) CloseFence
23:46:29: Player "[YKZ]-BlackBear" (steam64id="76561198343030820" pos=<11081, 4.21, 8427.71>) CloseFence
23:48:49: Player "[YKZ]-BlackBear" (steam64id="76561198343030820" pos=<11082.3, 4.21, 8425.61>) CloseFence
23:48:52: Player "[YKZ]-BlackBear" (steam64id="76561198343030820" pos=<11082.6, 4.21, 8425.79>) CloseFence
23:48:57: Player "Emissarius" (steam64id="76561198271087379" pos=<11082.3, 4.21, 8425.65>) CloseFence
23:49:05: Player "Emissarius" (steam64id="76561198271087379" pos=<11083.4, 4.21, 8428.06>) CloseFence
23:50:50: Player "[YKZ]-BlackBear" (steam64id="76561198343030820" pos=<11085.1, 35.24, 8427.62>) CloseFence
23:51:21: Player "Emissarius" (steam64id="76561198271087379" pos=<11082.6, 4.21, 8427.46>) CloseFence
23:52:34: Player "Biel FxR" (steam64id="76561198050836260" pos=<7636.41, 12.07, 9773.81>) CloseFence
23:52:47: Player "Emissarius" (steam64id="76561198271087379" pos=<11083.6, 4.21, 8428.09>) CloseFence
23:52:52: Player "Biel FxR" (steam64id="76561198050836260" pos=<7621.58, 13.22, 9813.94>) CloseFence
23:52:53: Player "Hacan121" (steam64id="76561198345012092" pos=<7638.92, 12.06, 9773.88>) CloseFence
23:52:58: Player "Biel FxR" (steam64id="76561198050836260" pos=<7629.98, 12.20, 9815.29>) CloseFence
23:53:17: Player "Biel FxR" (steam64id="76561198050836260" pos=<7630.16, 12.20, 9813.71>) CloseFence
23:55:13: Player "[YKZ]-BlackBear" (steam64id="76561198343030820" pos=<11085, 35.24, 8427.38>) CloseFence
23:55:26: Player "[YKZ]-Notsniw" (steam64id="76561197967151252" pos=<11085.4, 35.24, 8428.33>) CloseFence
23:56:17: Player "Passo Largo" (steam64id="76561199203652654" pos=<7553.97, 28.05, 7896.03>) OpenFence
23:56:21: Player "[YKZ]-Notsniw" (steam64id="76561197967151252" pos=<11081.8, 4.21, 8427.7>) CloseFence
23:56:25: Player "[YKZ]-BlackBear" (steam64id="76561198343030820" pos=<11081.8, 4.21, 8426.94>) CloseFence
23:56:31: Player "[YKZ]-BlackBear" (steam64id="76561198343030820" pos=<11081.2, 4.21, 8427.39>) CloseFence
23:56:34: Player "G A T O" (steam64id="76561199207813177" pos=<7560.61, 28.05, 7896.42>) CloseFence
23:56:47: Player "G A T O" (steam64id="76561199207813177" pos=<7557.11, 28.05, 7894.95>) OpenFence
23:57:39: Player "TripaSeca" (steam64id="76561198093060507" pos=<7622.51, 13.22, 9814.2>) CloseFence
23:57:48: Player "G A T O" (steam64id="76561199207813177" pos=<7554.27, 28.05, 7896.5>) CloseFence
23:58:03: Player "G A T O" (steam64id="76561199207813177" pos=<7557.45, 28.05, 7895.63>) CloseFence
23:58:11: Player "G A T O" (steam64id="76561199207813177" pos=<7557.6, 28.05, 7894.26>) CloseFence
23:58:23: Player "Emissarius" (steam64id="76561198271087379" pos=<11084.6, 35.24, 8428.4>) CloseFence
23:58:34: Player "Emissarius" (steam64id="76561198271087379" pos=<11085.1, 31.61, 8427.65>) CloseFence
23:58:52: Player "Biel FxR" (steam64id="76561198050836260" pos=<7626.35, 12.20, 9816.1>) CloseFence
23:59:01: Player "Emissarius" (steam64id="76561198271087379" pos=<11081.7, 4.21, 8427.66>) CloseFence
