06:20:35: Player "[TMT].Skinner" (steam64id="76561198860620637" pos=<9000.16, 36.19, 7188.47>) OpenFence
06:20:48: Player "[TMT].Skinner" (steam64id="76561198860620637" pos=<8999.74, 36.16, 7193.28>) CloseFence
06:21:16: Player "[TMT].Skinner" (steam64id="76561198860620637" pos=<9001.11, 36.16, 7192.41>) CloseFence
06:21:50: Player "[TMT].Skinner" (steam64id="76561198860620637" pos=<9000.3, 36.18, 7190.32>) CloseFence
06:24:30: Player "[TMT].Skinner" (steam64id="76561198860620637" pos=<9001.41, 36.16, 7190.57>) CloseFence
06:26:10: Player "[TMT].Skinner" (steam64id="76561198860620637" pos=<9001.59, 36.16, 7191.69>) CloseFence
06:26:23: Player "[TMT].Skinner" (steam64id="76561198860620637" pos=<9001.42, 36.16, 7191.56>) CloseFence
06:30:02: Player "[TMT].Skinner" (steam64id="76561198860620637" pos=<9001.67, 36.16, 7192.16>) CloseFence
06:32:56: Player "[TMT].Skinner" (steam64id="76561198860620637" pos=<8999.66, 36.19, 7189.2>) CloseFence
06:33:12: Player "[TMT].Skinner" (steam64id="76561198860620637" pos=<9000.16, 36.16, 7190.68>) CloseFence
06:33:26: Player "[TMT].Skinner" (steam64id="76561198860620637" pos=<9002.57, 36.19, 7188.82>) CloseFence
17:52:15: Player "[YAKUZA]-BlackBear" (steam64id="76561198343030820" pos=<11085.1, 35.24, 8427.93>) CloseFence
17:58:10: Player "[YAKUZA]-BlackBear" (steam64id="76561198343030820" pos=<11085, 35.23, 8427.28>) CloseFence
18:00:17: Player "[YAKUZA]-BlackBear" (steam64id="76561198343030820" pos=<11085.1, 35.24, 8427.6>) CloseFence
18:06:22: Player "[YAKUZA]-BlackBear" (steam64id="76561198343030820" pos=<11085.3, 35.24, 8427.6>) CloseFence
18:16:41: Player "[YAKUZA]-BlackBear" (steam64id="76561198343030820" pos=<11085.2, 35.24, 8427.33>) CloseFence
18:18:55: Player "[YAKUZA]-BlackBear" (steam64id="76561198343030820" pos=<11085.1, 35.23, 8427.36>) CloseFence
18:19:21: Player "[YAKUZA]-BlackBear" (steam64id="76561198343030820" pos=<11085.1, 35.24, 8426.92>) CloseFence
18:33:15: Player "[YAKUZA]-BlackBear" (steam64id="76561198343030820" pos=<11085.3, 35.24, 8427.95>) CloseFence
19:00:09: Player "[YAKUZA]-BlackBear" (steam64id="76561198343030820" pos=<11085.5, 35.24, 8427.62>) CloseFence
22:56:00: Player "[HORDA]ThiagoPenna" (steam64id="76561198218822351" pos=<9564.28, 2.94, 9581.98>) CloseFence
22:56:10: Player "[HORDA] JHON WICK" (steam64id="76561198122075703" pos=<9564.33, 2.94, 9581.42>) CloseFence
22:56:44: Player "TcheLoco" (steam64id="76561198099449370" pos=<9565.32, 2.61, 9580>) CloseFence
22:56:47: Player "TcheLoco" (steam64id="76561198099449370" pos=<9564.56, 2.94, 9582.49>) CloseFence
22:56:51: Player "[HORDA] JHON WICK" (steam64id="76561198122075703" pos=<9564.91, 2.95, 9580.94>) CloseFence
22:57:17: Player "[HORDA]ThiagoPenna" (steam64id="76561198218822351" pos=<9564.73, 2.94, 9581.63>) CloseFence
22:57:22: Player "[HORDA] JHON WICK" (steam64id="76561198122075703" pos=<9563.62, 2.94, 9581.77>) CloseFence
22:57:42: Player "[HORDA] JHON WICK" (steam64id="76561198122075703" pos=<9564.44, 2.94, 9581.44>) CloseFence
22:58:40: Player "[HORDA]intersandro" (steam64id="76561199214798198" pos=<9565.36, 2.63, 9579.38>) CloseFence
22:58:46: Player "TcheLoco" (steam64id="76561198099449370" pos=<9564.59, 2.63, 9580.01>) CloseFence
22:58:59: Player "[HORDA]LUCASBR" (steam64id="76561198973828354" pos=<9565.03, 2.95, 9580.9>) CloseFence
22:59:20: Player "[HORDA] JHON WICK" (steam64id="76561198122075703" pos=<9564.51, 2.95, 9581.4>) CloseFence
22:59:48: Player "[HORDA] JHON WICK" (steam64id="76561198122075703" pos=<9565.05, 2.76, 9580.5>) CloseFence
22:59:52: Player "[HORDA]LUCASBR" (steam64id="76561198973828354" pos=<9565.09, 2.93, 9580.82>) CloseFence
23:00:23: Player "[HORDA]LUCASBR" (steam64id="76561198973828354" pos=<9564.81, 2.93, 9580.73>) CloseFence
23:00:57: Player "[HORDA] JHON WICK" (steam64id="76561198122075703" pos=<9564.58, 2.95, 9581.4>) CloseFence
23:01:24: Player "[HORDA] JHON WICK" (steam64id="76561198122075703" pos=<9564.78, 2.95, 9581.11>) CloseFence
23:01:46: Player "[HORDA]LUCASBR" (steam64id="76561198973828354" pos=<9565.15, 2.77, 9580.55>) CloseFence
23:02:00: Player "[HORDA]LUCASBR" (steam64id="76561198973828354" pos=<9564.64, 2.95, 9581.31>) CloseFence
23:02:46: Player "[HORDA] JHON WICK" (steam64id="76561198122075703" pos=<9564.36, 2.94, 9581.4>) CloseFence
23:03:50: Player "[HORDA] JHON WICK" (steam64id="76561198122075703" pos=<9565.05, 2.95, 9580.88>) CloseFence
23:04:11: Player "[HORDA]LUCASBR" (steam64id="76561198973828354" pos=<9565.04, 2.77, 9580.48>) CloseFence
23:05:59: Player "[HORDA]LUCASBR" (steam64id="76561198973828354" pos=<9564.6, 2.95, 9581.16>) CloseFence
23:06:49: Player "[HORDA] JHON WICK" (steam64id="76561198122075703" pos=<9564.47, 2.95, 9581.21>) CloseFence
23:06:58: Player "[HORDA] JHON WICK" (steam64id="76561198122075703" pos=<9564.64, 2.75, 9580.23>) CloseFence
23:07:03: Player "[HORDA] JHON WICK" (steam64id="76561198122075703" pos=<9565.04, 2.61, 9580.18>) CloseFence
23:07:29: Player "[HORDA] JHON WICK" (steam64id="76561198122075703" pos=<9564.42, 2.94, 9581.65>) CloseFence
23:07:46: Player "[HORDA] JHON WICK" (steam64id="76561198122075703" pos=<9564.96, 2.62, 9579.93>) CloseFence
23:08:07: Player "[HORDA]ThiagoPenna" (steam64id="76561198218822351" pos=<9565.15, 2.82, 9580.72>) CloseFence
23:08:18: Player "[HORDA] JHON WICK" (steam64id="76561198122075703" pos=<9564.62, 2.95, 9581.28>) CloseFence
23:08:20: Player "[HORDA]ThiagoPenna" (steam64id="76561198218822351" pos=<9564.79, 2.94, 9581.63>) CloseFence
23:08:39: Player "[HORDA] JHON WICK" (steam64id="76561198122075703" pos=<9565.18, 2.61, 9580.12>) CloseFence
23:09:11: Player "[HORDA]intersandro" (steam64id="76561199214798198" pos=<9564.99, 2.92, 9580.75>) CloseFence
23:10:20: Player "[HORDA]LUCASBR" (steam64id="76561198973828354" pos=<9564.86, 2.95, 9581.46>) CloseFence
23:11:36: Player "[HORDA]LUCASBR" (steam64id="76561198973828354" pos=<9565.08, 2.95, 9581.03>) CloseFence
23:12:11: Player "[HORDA]intersandro" (steam64id="76561199214798198" pos=<9565.29, 2.60, 9580.44>) CloseFence
23:12:32: Player "[HORDA]intersandro" (steam64id="76561199214798198" pos=<9565, 2.76, 9580.48>) CloseFence
23:12:45: Player "[HORDA] JHON WICK" (steam64id="76561198122075703" pos=<9563.92, 2.94, 9581.75>) CloseFence
23:12:48: Player "[HORDA]ThiagoPenna" (steam64id="76561198218822351" pos=<9564.95, 2.95, 9581.29>) CloseFence
23:15:30: Player "[HORDA]ThiagoPenna" (steam64id="76561198218822351" pos=<9565.14, 2.93, 9580.94>) CloseFence
23:15:50: Player "[HORDA]intersandro" (steam64id="76561199214798198" pos=<9565.2, 2.83, 9580.75>) CloseFence
23:17:07: Player "[horda]marcelinho" (steam64id="76561198817477406" pos=<9564.98, 2.95, 9581.08>) CloseFence
23:17:34: Player "[HORDA] JHON WICK" (steam64id="76561198122075703" pos=<9564.62, 2.94, 9581.66>) CloseFence
23:28:39: Player "Ruan Plays" (steam64id="76561198806707998" pos=<10978.1, 36.62, 8662.7>) OpenFence
23:28:55: Player "Ruan Plays" (steam64id="76561198806707998" pos=<10980.4, 36.62, 8664.22>) CloseFence
23:29:00: Player "Ruan Plays" (steam64id="76561198806707998" pos=<10978.2, 36.62, 8662.8>) OpenFence
23:29:09: Player "Ruan Plays" (steam64id="76561198806707998" pos=<10980.4, 36.62, 8664.24>) CloseFence
23:29:13: Player "KILLER" (steam64id="76561198797258484" pos=<10978, 36.62, 8663.11>) OpenFence
23:44:27: Player "[HORDA] JHON WICK" (steam64id="76561198122075703" pos=<9565.05, 2.89, 9580.7>) CloseFence
23:45:14: Player "[HORDA]ThiagoPenna" (steam64id="76561198218822351" pos=<9564.67, 2.95, 9580.91>) CloseFence
23:45:21: Player "Ruan Plays" (steam64id="76561198806707998" pos=<10977.5, 36.62, 8663.95>) CloseFence
23:46:52: Player "[horda]marcelinho" (steam64id="76561198817477406" pos=<9564.92, 2.95, 9581.48>) CloseFence
23:50:41: Player "Ruan Plays" (steam64id="76561198806707998" pos=<10978.1, 36.62, 8663.02>) CloseFence
23:56:08: Player "[HORDA] JHON WICK" (steam64id="76561198122075703" pos=<9564.25, 2.94, 9581.58>) CloseFence
23:56:12: Player "[HORDA]LUCASBR" (steam64id="76561198973828354" pos=<9564.95, 2.95, 9581.28>) CloseFence
23:57:08: Player "[HORDA]ThiagoPenna" (steam64id="76561198218822351" pos=<9565.14, 2.95, 9580.96>) CloseFence
