00:03:32: Player "[YKZ] Notsniw" (steam64id="76561197967151252" pos=<10378.3, 14.95, 10627.5>) CloseFence
00:04:13: Player "[YKZ] pedrobala" (steam64id="76561198046653521" pos=<10398.3, 15.02, 10634.3>) CloseFence
00:04:14: Player "[YKZ] pedrobala" (steam64id="76561198046653521" pos=<10398.7, 14.96, 10630.9>) CloseFence
00:06:08: Player "[YKZ] Notsniw" (steam64id="76561197967151252" pos=<10383.2, 20.90, 10625.2>) CloseFence
00:06:55: Player "[YKZ] Notsniw" (steam64id="76561197967151252" pos=<10398.4, 15.02, 10634.6>) CloseFence
00:07:42: Player "[YKZ] Notsniw" (steam64id="76561197967151252" pos=<10399, 15.07, 10637.7>) CloseFence
00:08:55: Player "[YKZ] pedrobala" (steam64id="76561198046653521" pos=<10389.5, 14.88, 10624.9>) CloseFence
00:08:57: Player "[YKZ] pedrobala" (steam64id="76561198046653521" pos=<10394, 14.88, 10625.5>) CloseFence
00:08:58: Player "[YKZ] pedrobala" (steam64id="76561198046653521" pos=<10398.8, 14.88, 10626.3>) CloseFence
00:09:03: Player "[YKZ] pedrobala" (steam64id="76561198046653521" pos=<10400.2, 15.05, 10636.5>) CloseFence
00:10:23: Player "[YKZ] pedrobala" (steam64id="76561198046653521" pos=<10398.6, 14.84, 10638.8>) CloseFence
00:10:25: Player "[YKZ] pedrobala" (steam64id="76561198046653521" pos=<10399.8, 15.04, 10636>) CloseFence
00:10:27: Player "[YKZ] pedrobala" (steam64id="76561198046653521" pos=<10400.4, 14.97, 10632>) CloseFence
00:10:30: Player "[YKZ] pedrobala" (steam64id="76561198046653521" pos=<10397.5, 14.88, 10626.4>) CloseFence
00:10:35: Player "[YKZ] pedrobala" (steam64id="76561198046653521" pos=<10392.8, 14.88, 10625.7>) CloseFence
00:10:40: Player "[YKZ] pedrobala" (steam64id="76561198046653521" pos=<10387.9, 14.89, 10625.1>) CloseFence
00:10:59: Player "[YKZ] pedrobala" (steam64id="76561198046653521" pos=<10389.2, 14.88, 10624.9>) CloseFence
00:11:02: Player "[YKZ] pedrobala" (steam64id="76561198046653521" pos=<10393.8, 14.88, 10625.5>) CloseFence
00:11:04: Player "[YKZ] pedrobala" (steam64id="76561198046653521" pos=<10398.4, 14.86, 10625.4>) CloseFence
00:11:06: Player "[YKZ] pedrobala" (steam64id="76561198046653521" pos=<10400.6, 14.99, 10633.2>) CloseFence
00:12:07: Player "[YKZ] pedrobala" (steam64id="76561198046653521" pos=<10397, 15.06, 10636.6>) CloseFence
00:12:10: Player "[YKZ] pedrobala" (steam64id="76561198046653521" pos=<10399.7, 15.05, 10636.3>) CloseFence
00:12:13: Player "[YKZ] pedrobala" (steam64id="76561198046653521" pos=<10399, 14.96, 10631.1>) CloseFence
00:12:19: Player "[YKZ] pedrobala" (steam64id="76561198046653521" pos=<10396.6, 14.88, 10626.4>) CloseFence
00:12:21: Player "[YKZ] pedrobala" (steam64id="76561198046653521" pos=<10393.1, 14.88, 10625.6>) CloseFence
00:12:27: Player "[YKZ] pedrobala" (steam64id="76561198046653521" pos=<10387.8, 14.89, 10625.2>) CloseFence
00:26:16: Player "[YKZ] pedrobala" (steam64id="76561198046653521" pos=<10383.7, 20.90, 10625.2>) CloseFence
00:26:22: Player "[YKZ] pedrobala" (steam64id="76561198046653521" pos=<10389.9, 14.88, 10625.1>) CloseFence
00:26:23: Player "[YKZ] pedrobala" (steam64id="76561198046653521" pos=<10394, 14.88, 10625.5>) CloseFence
00:26:25: Player "[YKZ] pedrobala" (steam64id="76561198046653521" pos=<10398.6, 14.88, 10626.5>) CloseFence
00:26:29: Player "[YKZ] pedrobala" (steam64id="76561198046653521" pos=<10398, 14.98, 10632.3>) CloseFence
00:26:33: Player "[YKZ] Notsniw" (steam64id="76561197967151252" pos=<10397.7, 15.07, 10637.3>) CloseFence
00:28:17: Player "[YKZ] pedrobala" (steam64id="76561198046653521" pos=<10398.2, 15.02, 10634.4>) CloseFence
00:28:19: Player "[YKZ] pedrobala" (steam64id="76561198046653521" pos=<10398.7, 14.96, 10630.9>) CloseFence
00:28:21: Player "[YKZ] pedrobala" (steam64id="76561198046653521" pos=<10397.2, 14.88, 10626.3>) CloseFence
00:28:22: Player "[YKZ] pedrobala" (steam64id="76561198046653521" pos=<10393, 14.89, 10625.9>) CloseFence
00:34:47: Player "[YKZ] Notsniw" (steam64id="76561197967151252" pos=<10388.8, 14.88, 10624.8>) CloseFence
00:34:49: Player "[YKZ] Notsniw" (steam64id="76561197967151252" pos=<10393.3, 14.88, 10625.6>) CloseFence
00:34:52: Player "[YKZ] Notsniw" (steam64id="76561197967151252" pos=<10399, 14.87, 10626.1>) CloseFence
00:34:55: Player "[YKZ] Notsniw" (steam64id="76561197967151252" pos=<10399.8, 14.99, 10632.9>) CloseFence
00:35:01: Player "[YKZ] Notsniw" (steam64id="76561197967151252" pos=<10398.3, 14.85, 10639.3>) CloseFence
00:46:06: Player "[YKZ] pedrobala" (steam64id="76561198046653521" pos=<10383.7, 20.90, 10625>) CloseFence
00:47:27: Player "[YKZ] pedrobala" (steam64id="76561198046653521" pos=<10378.7, 14.96, 10628.3>) CloseFence
00:49:16: Player "[YKZ] pedrobala" (steam64id="76561198046653521" pos=<10379, 14.96, 10628.3>) CloseFence
00:58:29: Player "[YKZ] pedrobala" (steam64id="76561198046653521" pos=<10383.8, 20.93, 10627.2>) CloseFence
00:59:12: Player "[YKZ] pedrobala" (steam64id="76561198046653521" pos=<10383.3, 20.92, 10626.2>) CloseFence
01:02:34: Player "[YKZ] pedrobala" (steam64id="76561198046653521" pos=<10384.2, 20.90, 10627.7>) CloseFence
01:04:20: Player "[YKZ] pedrobala" (steam64id="76561198046653521" pos=<10383.4, 20.92, 10626.1>) CloseFence
01:05:30: Player "[YKZ] pedrobala" (steam64id="76561198046653521" pos=<10397.2, 14.89, 10626.5>) CloseFence
01:05:32: Player "[YKZ] pedrobala" (steam64id="76561198046653521" pos=<10393, 14.88, 10625.5>) CloseFence
01:05:34: Player "[YKZ] pedrobala" (steam64id="76561198046653521" pos=<10388, 14.89, 10625.2>) CloseFence
01:06:17: Player "[YKZ] pedrobala" (steam64id="76561198046653521" pos=<10383.2, 20.92, 10626.4>) CloseFence
01:09:56: Player "[YKZ] pedrobala" (steam64id="76561198046653521" pos=<10378.6, 14.96, 10627.8>) CloseFence
01:13:14: Player "Raemi" (steam64id="76561198048467587" pos=<10572, 17.95, 13556.2>) OpenFence
01:13:30: Player "[YKZ] pedrobala" (steam64id="76561198046653521" pos=<10397.1, 14.89, 10626.7>) CloseFence
01:13:32: Player "[YKZ] pedrobala" (steam64id="76561198046653521" pos=<10392.3, 14.89, 10625.7>) CloseFence
01:13:34: Player "[YKZ] pedrobala" (steam64id="76561198046653521" pos=<10387.9, 14.88, 10625>) CloseFence
01:42:14: Player "[HORDA]ThiagoPenna" (steam64id="76561198218822351" pos=<9953.58, 19.07, 11774.6>) CloseFence
01:42:51: Player "[HORDA]ThiagoPenna" (steam64id="76561198218822351" pos=<9956.92, 7.39, 11771.9>) CloseFence
01:43:34: Player "[HORDA]ThiagoPenna" (steam64id="76561198218822351" pos=<9958.1, 7.55, 11758.4>) CloseFence
01:43:38: Player "[HORDA]ThiagoPenna" (steam64id="76561198218822351" pos=<9958.89, 7.74, 11755.5>) CloseFence
01:43:43: Player "[HORDA]ThiagoPenna" (steam64id="76561198218822351" pos=<9959.59, 7.70, 11753.8>) CloseFence
01:43:48: Player "[HORDA]ThiagoPenna" (steam64id="76561198218822351" pos=<9959.69, 7.67, 11752.5>) CloseFence
02:07:38: Player "[HORDA]ThiagoPenna" (steam64id="76561198218822351" pos=<9959.87, 7.64, 11751.5>) CloseFence
02:08:05: Player "[HORDA]ThiagoPenna" (steam64id="76561198218822351" pos=<9959.2, 7.70, 11753.5>) CloseFence
02:08:09: Player "[HORDA]ThiagoPenna" (steam64id="76561198218822351" pos=<9959, 7.72, 11754.3>) CloseFence
02:08:14: Player "[HORDA]ThiagoPenna" (steam64id="76561198218822351" pos=<9958.44, 7.73, 11756>) CloseFence
02:08:20: Player "[HORDA]ThiagoPenna" (steam64id="76561198218822351" pos=<9957.62, 7.53, 11758.3>) CloseFence
02:08:23: Player "[HORDA]ThiagoPenna" (steam64id="76561198218822351" pos=<9965.7, 7.68, 11752.8>) CloseFence
02:09:22: Player "[HORDA]ThiagoPenna" (steam64id="76561198218822351" pos=<9956.3, 7.57, 11773.6>) CloseFence
02:09:30: Player "[HORDA]ThiagoPenna" (steam64id="76561198218822351" pos=<9956.22, 7.58, 11773.1>) CloseFence
02:09:38: Player "[HORDA]ThiagoPenna" (steam64id="76561198218822351" pos=<9954.5, 18.91, 11775>) CloseFence
02:09:45: Player "[HORDA]ThiagoPenna" (steam64id="76561198218822351" pos=<9954.09, 19.07, 11774.6>) CloseFence
02:54:49: Player "[YKZ] Seekerzao" (steam64id="76561198067793781" pos=<10242.4, 14.02, 11339>) CloseFence
03:03:49: Player "[YKZ] Seekerzao" (steam64id="76561198067793781" pos=<10242.2, 14.02, 11338.6>) CloseFence
09:44:03: Player "GabrielDWR" (steam64id="76561199012612653" pos=<11835.8, 19.80, 7267.77>) CloseFence
09:53:00: Player "GabrielDWR" (steam64id="76561199012612653" pos=<11835.7, 19.80, 7268.6>) CloseFence
10:13:31: Player "GabrielDWR" (steam64id="76561199012612653" pos=<11833, 19.73, 7267.97>) CloseFence
10:16:59: Player "[YKZ]-Lobato" (steam64id="76561198158375860" pos=<11081.6, 4.21, 8427.17>) CloseFence
10:17:14: Player "[YKZ]-Lobato" (steam64id="76561198158375860" pos=<11092.1, 4.21, 8417.88>) CloseFence
10:17:50: Player "[YKZ]-Lobato" (steam64id="76561198158375860" pos=<11091.5, 4.21, 8417.92>) CloseFence
10:20:32: Player "[YKZ]-Lobato" (steam64id="76561198158375860" pos=<11092.2, 4.25, 8417.51>) CloseFence
10:35:00: Player "GabrielDWR" (steam64id="76561199012612653" pos=<11835.3, 19.80, 7268.24>) CloseFence
10:39:40: Player "GabrielDWR" (steam64id="76561199012612653" pos=<11832.8, 19.73, 7269.01>) CloseFence
10:40:07: Player "GabrielDWR" (steam64id="76561199012612653" pos=<11832.2, 19.73, 7268.34>) CloseFence
10:40:25: Player "GabrielDWR" (steam64id="76561199012612653" pos=<11836.2, 19.80, 7268.55>) CloseFence
10:41:31: Player "GabrielDWR" (steam64id="76561199012612653" pos=<11833.1, 19.73, 7269.78>) CloseFence
10:41:39: Player "GabrielDWR" (steam64id="76561199012612653" pos=<11836, 19.80, 7268.04>) CloseFence
10:51:51: Player "GabrielDWR" (steam64id="76561199012612653" pos=<11834.3, 19.73, 7269.57>) CloseFence
11:25:29: Player "[YKZ]-Lobato" (steam64id="76561198158375860" pos=<11092.4, 4.25, 8417.01>) CloseFence
11:25:54: Player "[YKZ]-Lobato" (steam64id="76561198158375860" pos=<11082.6, 4.21, 8427.57>) CloseFence
11:26:00: Player "[YKZ]-Lobato" (steam64id="76561198158375860" pos=<11084.1, 6.60, 8431>) CloseFence
11:26:05: Player "[YKZ]-Lobato" (steam64id="76561198158375860" pos=<11084.1, 8.95, 8429.18>) CloseFence
11:26:11: Player "[YKZ]-Lobato" (steam64id="76561198158375860" pos=<11084, 10.89, 8431.03>) CloseFence
11:26:23: Player "[YKZ]-Lobato" (steam64id="76561198158375860" pos=<11084.1, 27.50, 8429.21>) CloseFence
11:26:33: Player "[YKZ]-Lobato" (steam64id="76561198158375860" pos=<11085.4, 35.24, 8428.07>) CloseFence
11:39:17: Player "DanielSam" (steam64id="76561198867200764" pos=<7548.44, 28.05, 7898.61>) CloseFence
11:39:22: Player "DanielSam" (steam64id="76561198867200764" pos=<7549.47, 28.05, 7898.61>) CloseFence
11:42:02: Player "DanielSam" (steam64id="76561198867200764" pos=<7551, 35.24, 7899.54>) CloseFence
11:42:47: Player "DanielSam" (steam64id="76561198867200764" pos=<7553.34, 33.99, 7899.97>) CloseFence
11:43:05: Player "DanielSam" (steam64id="76561198867200764" pos=<7553.35, 30.15, 7900.13>) CloseFence
11:44:33: Player "DanielSam" (steam64id="76561198867200764" pos=<7551.77, 28.05, 7903.72>) OpenFence
11:44:41: Player "DanielSam" (steam64id="76561198867200764" pos=<7554.83, 28.05, 7904.87>) CloseFence
11:44:44: Player "GabrielDWR" (steam64id="76561199012612653" pos=<11835.3, 19.80, 7268.17>) CloseFence
11:44:51: Player "DanielSam" (steam64id="76561198867200764" pos=<7553.41, 28.05, 7903.11>) OpenFence
11:44:53: Player "DanielSam" (steam64id="76561198867200764" pos=<7553.62, 28.05, 7903.01>) CloseFence
11:44:58: Player "DanielSam" (steam64id="76561198867200764" pos=<7559.05, 28.05, 7896.77>) CloseFence
11:48:10: Player "GabrielDWR" (steam64id="76561199012612653" pos=<11832.4, 19.73, 7267.84>) CloseFence
11:51:23: Player "DanielSam" (steam64id="76561198867200764" pos=<7555.35, 35.23, 7898.06>) CloseFence
11:53:09: Player "[YKZ]-Lobato" (steam64id="76561198158375860" pos=<11085, 35.24, 8427.31>) CloseFence
11:53:16: Player "[YKZ]-Lobato" (steam64id="76561198158375860" pos=<11083.7, 27.61, 8428.8>) CloseFence
11:53:29: Player "[YKZ]-Lobato" (steam64id="76561198158375860" pos=<11084.2, 10.72, 8431.14>) CloseFence
11:53:32: Player "[YKZ]-Lobato" (steam64id="76561198158375860" pos=<11083.6, 8.99, 8428.76>) CloseFence
11:53:36: Player "[YKZ]-Lobato" (steam64id="76561198158375860" pos=<11084.1, 6.99, 8431.7>) CloseFence
11:55:12: Player "[YKZ]-Lobato" (steam64id="76561198158375860" pos=<11082.3, 4.21, 8427.44>) CloseFence
11:55:57: Player "DanielSam" (steam64id="76561198867200764" pos=<7554.38, 35.23, 7897.63>) CloseFence
11:56:05: Player "DanielSam" (steam64id="76561198867200764" pos=<7553.4, 30.76, 7899.55>) CloseFence
11:58:25: Player "[YKZ]-Lobato" (steam64id="76561198158375860" pos=<11083.9, 4.21, 8428.25>) CloseFence
12:13:15: Player "GabrielDWR" (steam64id="76561199012612653" pos=<11835.3, 19.80, 7268.2>) CloseFence
12:14:39: Player "GabrielDWR" (steam64id="76561199012612653" pos=<11835.9, 19.80, 7267.87>) CloseFence
12:15:38: Player "GabrielDWR" (steam64id="76561199012612653" pos=<11836.1, 19.80, 7267.98>) CloseFence
12:17:08: Player "GabrielDWR" (steam64id="76561199012612653" pos=<11835.6, 19.80, 7268.1>) CloseFence
12:17:23: Player "[HORDA]ThiagoPenna" (steam64id="76561198218822351" pos=<9954.43, 18.90, 11775>) CloseFence
12:18:12: Player "[HORDA]ThiagoPenna" (steam64id="76561198218822351" pos=<9956.89, 7.49, 11772.3>) CloseFence
12:18:18: Player "[HORDA]ThiagoPenna" (steam64id="76561198218822351" pos=<9958.29, 7.59, 11757.9>) CloseFence
12:18:22: Player "[HORDA]ThiagoPenna" (steam64id="76561198218822351" pos=<9959.03, 7.74, 11755.6>) CloseFence
12:19:03: Player "GabrielDWR" (steam64id="76561199012612653" pos=<11835.9, 19.80, 7267.72>) CloseFence
12:19:10: Player "[HORDA]ThiagoPenna" (steam64id="76561198218822351" pos=<9958.13, 7.53, 11758.5>) CloseFence
12:19:13: Player "[HORDA]ThiagoPenna" (steam64id="76561198218822351" pos=<9958.67, 7.74, 11755.4>) CloseFence
12:19:15: Player "[HORDA]ThiagoPenna" (steam64id="76561198218822351" pos=<9959.73, 7.71, 11754>) CloseFence
12:19:17: Player "[HORDA]ThiagoPenna" (steam64id="76561198218822351" pos=<9960.36, 7.64, 11751.7>) CloseFence
12:19:26: Player "[HORDA]ThiagoPenna" (steam64id="76561198218822351" pos=<9958.96, 6.73, 11744.4>) CloseFence
12:20:24: Player "GabrielDWR" (steam64id="76561199012612653" pos=<11831.5, 19.73, 7268.26>) CloseFence
12:21:36: Player "GabrielDWR" (steam64id="76561199012612653" pos=<11835.8, 19.80, 7270.46>) CloseFence
12:25:31: Player "GabrielDWR" (steam64id="76561199012612653" pos=<11836.2, 19.80, 7267.71>) CloseFence
12:34:47: Player "[HORDA]MacLovin" (steam64id="76561199068236803" pos=<9958.09, 7.65, 11757.2>) CloseFence
12:34:54: Player "[HORDA]MacLovin" (steam64id="76561199068236803" pos=<9958.74, 7.74, 11754.9>) CloseFence
12:34:58: Player "[HORDA]MacLovin" (steam64id="76561199068236803" pos=<9959.78, 7.68, 11753.1>) CloseFence
12:35:03: Player "[HORDA]MacLovin" (steam64id="76561199068236803" pos=<9960.49, 7.61, 11750.6>) CloseFence
12:35:09: Player "[HORDA]MacLovin" (steam64id="76561199068236803" pos=<9968.23, 6.82, 11747.6>) CloseFence
12:43:26: Player "[HORDA]ThiagoPenna" (steam64id="76561198218822351" pos=<9959.93, 7.66, 11752.3>) CloseFence
12:43:31: Player "[HORDA]ThiagoPenna" (steam64id="76561198218822351" pos=<9959.56, 7.71, 11753.8>) CloseFence
12:43:36: Player "[HORDA]ThiagoPenna" (steam64id="76561198218822351" pos=<9958.9, 7.72, 11756.4>) CloseFence
12:43:46: Player "[HORDA]ThiagoPenna" (steam64id="76561198218822351" pos=<9957.55, 7.09, 11761.9>) CloseFence
12:43:48: Player "[HORDA]ThiagoPenna" (steam64id="76561198218822351" pos=<9966.14, 7.67, 11752.4>) CloseFence
12:47:02: Player "[HORDA]KAS" (steam64id="76561199202697738" pos=<9960.52, 7.63, 11751.4>) CloseFence
12:47:06: Player "[HORDA]KAS" (steam64id="76561199202697738" pos=<9959.53, 7.69, 11753.4>) CloseFence
12:47:10: Player "[HORDA]KAS" (steam64id="76561199202697738" pos=<9959.13, 7.73, 11755.9>) CloseFence
12:47:12: Player "[HORDA]KAS" (steam64id="76561199202697738" pos=<9958.69, 7.73, 11756.2>) CloseFence
12:47:39: Player "[HORDA]KAS" (steam64id="76561199202697738" pos=<9965.82, 7.68, 11752.9>) CloseFence
12:50:08: Player "[HORDA]ThiagoPenna" (steam64id="76561198218822351" pos=<9958.16, 7.53, 11758.5>) CloseFence
12:50:11: Player "[HORDA]ThiagoPenna" (steam64id="76561198218822351" pos=<9958.5, 7.66, 11757.3>) CloseFence
12:50:13: Player "[HORDA]ThiagoPenna" (steam64id="76561198218822351" pos=<9958.98, 7.73, 11756.3>) CloseFence
12:50:15: Player "[HORDA]ThiagoPenna" (steam64id="76561198218822351" pos=<9959.73, 7.71, 11754>) CloseFence
12:50:18: Player "[HORDA]ThiagoPenna" (steam64id="76561198218822351" pos=<9960.46, 7.64, 11751.9>) CloseFence
12:50:24: Player "[HORDA]ThiagoPenna" (steam64id="76561198218822351" pos=<9968.2, 6.84, 11748.7>) CloseFence
12:51:28: Player "[HORDA]KAS" (steam64id="76561199202697738" pos=<9956.8, 7.54, 11772.6>) CloseFence
12:51:41: Player "[HORDA]KAS" (steam64id="76561199202697738" pos=<9958.29, 7.57, 11758.1>) CloseFence
12:51:43: Player "[HORDA]KAS" (steam64id="76561199202697738" pos=<9958.81, 7.73, 11756.1>) CloseFence
12:51:45: Player "[HORDA]KAS" (steam64id="76561199202697738" pos=<9959.77, 7.68, 11753.1>) CloseFence
12:51:47: Player "[HORDA]KAS" (steam64id="76561199202697738" pos=<9960.17, 7.63, 11751.5>) CloseFence
12:51:51: Player "[HORDA]KAS" (steam64id="76561199202697738" pos=<9958.22, 6.74, 11745.2>) CloseFence
13:18:21: Player "[YKZ]-BlackBear" (steam64id="76561198343030820" pos=<11092.8, 4.01, 8416.34>) CloseFence
13:19:05: Player "[YKZ]-BlackBear" (steam64id="76561198343030820" pos=<11082.7, 4.21, 8427.73>) CloseFence
13:19:11: Player "[YKZ]-BlackBear" (steam64id="76561198343030820" pos=<11083.9, 6.83, 8431.15>) CloseFence
13:19:30: Player "[YKZ]-BlackBear" (steam64id="76561198343030820" pos=<11084, 9.13, 8428.84>) CloseFence
13:19:37: Player "[YKZ]-BlackBear" (steam64id="76561198343030820" pos=<11084.3, 10.89, 8431.23>) CloseFence
13:19:53: Player "[YKZ]-BlackBear" (steam64id="76561198343030820" pos=<11084, 27.85, 8428.81>) CloseFence
13:19:57: Player "[YKZ]-BlackBear" (steam64id="76561198343030820" pos=<11085.5, 31.61, 8426.92>) CloseFence
13:20:35: Player "[YKZ]-BlackBear" (steam64id="76561198343030820" pos=<11085.4, 31.61, 8426.65>) CloseFence
13:20:40: Player "[YKZ]-BlackBear" (steam64id="76561198343030820" pos=<11085.2, 35.24, 8427.48>) CloseFence
13:27:35: Player "[YKZ]-BlackBear" (steam64id="76561198343030820" pos=<11087.6, 35.24, 8424.51>) CloseFence
13:28:13: Player "[YKZ]-BlackBear" (steam64id="76561198343030820" pos=<11084.6, 41.41, 8428.6>) CloseFence
13:32:50: Player "[YKZ]-BlackBear" (steam64id="76561198343030820" pos=<11084.3, 41.37, 8429.06>) CloseFence
13:33:32: Player "[YKZ]-BlackBear" (steam64id="76561198343030820" pos=<11087.3, 35.24, 8424.86>) CloseFence
13:33:38: Player "[horda]marcelinho" (steam64id="76561198817477406" pos=<9956.75, 7.59, 11773>) CloseFence
13:33:53: Player "[horda]marcelinho" (steam64id="76561198817477406" pos=<9957.74, 7.49, 11758.7>) CloseFence
13:33:59: Player "[horda]marcelinho" (steam64id="76561198817477406" pos=<9958.21, 7.55, 11758.3>) CloseFence
13:34:06: Player "[horda]marcelinho" (steam64id="76561198817477406" pos=<9958.18, 7.66, 11757.1>) CloseFence
13:34:10: Player "[horda]marcelinho" (steam64id="76561198817477406" pos=<9958.97, 7.74, 11755.2>) CloseFence
13:34:14: Player "[horda]marcelinho" (steam64id="76561198817477406" pos=<9959.12, 7.72, 11754.2>) CloseFence
13:34:24: Player "[horda]marcelinho" (steam64id="76561198817477406" pos=<9959.92, 7.64, 11751.8>) CloseFence
13:34:47: Player "[horda]marcelinho" (steam64id="76561198817477406" pos=<9960.56, 6.79, 11746.5>) CloseFence
13:36:35: Player "Vini_300" (steam64id="76561198145785923" pos=<10694.1, 35.68, 7318.34>) OpenFence
13:36:54: Player "Vini_300" (steam64id="76561198145785923" pos=<10693.4, 35.69, 7317.17>) CloseFence
13:45:29: Player "[HORDA]MacLovin" (steam64id="76561199068236803" pos=<9567.78, 2.55, 9580.05>) CloseFence
13:45:32: Player "[HORDA]MacLovin" (steam64id="76561199068236803" pos=<9565.03, 3.57, 9580.25>) OpenFence
13:45:36: Player "[HORDA]MacLovin" (steam64id="76561199068236803" pos=<9562.87, 2.94, 9581.12>) OpenFence
13:45:45: Player "Vini_300" (steam64id="76561198145785923" pos=<10696.5, 35.71, 7317.67>) OpenFence
13:45:48: Player "[HORDA]MacLovin" (steam64id="76561199068236803" pos=<9560.43, 2.94, 9580.49>) CloseFence
13:45:48: Player "Vini_300" (steam64id="76561198145785923" pos=<10691.5, 35.69, 7316.68>) CloseFence
13:45:50: Player "[HORDA]MacLovin" (steam64id="76561199068236803" pos=<9560.43, 2.94, 9580.49>) CloseFence
13:46:19: Player "[YKZ]-BlackBear" (steam64id="76561198343030820" pos=<11087, 35.24, 8425.71>) CloseFence
13:46:32: Player "[YKZ]-BlackBear" (steam64id="76561198343030820" pos=<11087.5, 35.24, 8424.01>) CloseFence
13:47:12: Player "Vini_300" (steam64id="76561198145785923" pos=<10694.3, 35.68, 7318.15>) OpenFence
13:47:33: Player "Vini_300" (steam64id="76561198145785923" pos=<10694, 35.68, 7316.82>) CloseFence
13:47:45: Player "[YKZ]-BlackBear" (steam64id="76561198343030820" pos=<11087.3, 35.24, 8424.56>) CloseFence
13:48:23: Player "Vini_300" (steam64id="76561198145785923" pos=<10694.5, 35.68, 7318.6>) OpenFence
13:48:26: Player "Vini_300" (steam64id="76561198145785923" pos=<10692.8, 35.69, 7317.45>) CloseFence
13:50:10: Player "[YKZ]-BlackBear" (steam64id="76561198343030820" pos=<11085.1, 35.24, 8427.45>) CloseFence
13:50:17: Player "[YKZ]-BlackBear" (steam64id="76561198343030820" pos=<11083.8, 27.55, 8428.82>) CloseFence
13:50:29: Player "[YKZ]-BlackBear" (steam64id="76561198343030820" pos=<11085.4, 31.60, 8427.51>) CloseFence
13:50:53: Player "(CNXC)Roger    " (steam64id="76561198119108882" pos=<10563.8, 18.21, 13566.5>) CloseFence
13:51:01: Player "(CNXC)Roger    " (steam64id="76561198119108882" pos=<10571, 18.01, 13558>) OpenFence
13:51:41: Player "[YKZ]-BlackBear" (steam64id="76561198343030820" pos=<11085, 35.23, 8427.23>) CloseFence
13:52:13: Player "Vini_300" (steam64id="76561198145785923" pos=<10697.5, 35.71, 7319.57>) OpenFence
13:52:15: Player "Vini_300" (steam64id="76561198145785923" pos=<10693.4, 35.69, 7317.38>) CloseFence
13:53:07: Player "[YKZ]-BlackBear" (steam64id="76561198343030820" pos=<11085.6, 31.61, 8426.46>) CloseFence
13:53:11: Player "[YKZ]-BlackBear" (steam64id="76561198343030820" pos=<11083.4, 27.10, 8429.13>) CloseFence
13:53:24: Player "[YKZ]-BlackBear" (steam64id="76561198343030820" pos=<11084, 10.99, 8431.36>) CloseFence
13:53:27: Player "[YKZ]-BlackBear" (steam64id="76561198343030820" pos=<11083.7, 8.87, 8428.92>) CloseFence
13:53:29: Player "[YKZ]-BlackBear" (steam64id="76561198343030820" pos=<11084.3, 6.48, 8431.17>) CloseFence
13:53:40: Player "[YKZ]-BlackBear" (steam64id="76561198343030820" pos=<11082.7, 4.21, 8427.69>) CloseFence
13:54:28: Player "[YKZ]-BlackBear" (steam64id="76561198343030820" pos=<11092.3, 4.14, 8417.08>) CloseFence
13:54:39: Player "[HORDA]MacLovin" (steam64id="76561199068236803" pos=<9560.23, 2.94, 9582.21>) OpenFence
13:54:41: Player "[HORDA]MacLovin" (steam64id="76561199068236803" pos=<9561.41, 2.94, 9581.9>) CloseFence
13:54:43: Player "[HORDA]MacLovin" (steam64id="76561199068236803" pos=<9560.35, 2.94, 9581.29>) OpenFence
13:55:36: Player "[HORDA]MacLovin" (steam64id="76561199068236803" pos=<9560.41, 2.94, 9581.12>) OpenFence
13:55:38: Player "[HORDA]MacLovin" (steam64id="76561199068236803" pos=<9562.67, 2.94, 9580.91>) CloseFence
13:55:42: Player "[HORDA]MacLovin" (steam64id="76561199068236803" pos=<9565.72, 2.63, 9579.08>) CloseFence
14:01:33: Player "[YKZ]-BlackBear" (steam64id="76561198343030820" pos=<11092.5, 4.25, 8417.25>) CloseFence
14:01:59: Player "[YKZ]-BlackBear" (steam64id="76561198343030820" pos=<11082.6, 4.21, 8427.64>) CloseFence
14:02:06: Player "[YKZ]-BlackBear" (steam64id="76561198343030820" pos=<11084.1, 9.29, 8428.45>) CloseFence
14:02:22: Player "[YKZ]-Lobato" (steam64id="76561198158375860" pos=<11082.5, 4.21, 8427.84>) CloseFence
14:02:35: Player "[YKZ]-Lobato" (steam64id="76561198158375860" pos=<11092.5, 4.25, 8417.38>) CloseFence
14:02:39: Player "[YKZ]-Lobato" (steam64id="76561198158375860" pos=<11092.9, 4.01, 8416.51>) CloseFence
14:03:12: Player "[YKZ]-BlackBear" (steam64id="76561198343030820" pos=<11084.8, 35.24, 8428.07>) CloseFence
14:03:17: Player "[YKZ]-BlackBear" (steam64id="76561198343030820" pos=<11083.4, 26.95, 8429.3>) CloseFence
14:03:27: Player "[YKZ]-BlackBear" (steam64id="76561198343030820" pos=<11084.1, 11.11, 8431.83>) CloseFence
14:03:29: Player "[YKZ]-BlackBear" (steam64id="76561198343030820" pos=<11083.5, 8.71, 8429.03>) CloseFence
14:03:31: Player "[YKZ]-BlackBear" (steam64id="76561198343030820" pos=<11084.6, 6.15, 8430.94>) CloseFence
14:03:33: Player "[YKZ]-BlackBear" (steam64id="76561198343030820" pos=<11082.4, 4.21, 8427.58>) CloseFence
14:03:39: Player "[YKZ]-BlackBear" (steam64id="76561198343030820" pos=<11092.8, 4.01, 8416.69>) CloseFence
14:19:26: Player "[YKZ]-BlackBear" (steam64id="76561198343030820" pos=<11092.5, 4.24, 8417.08>) CloseFence
14:19:37: Player "[YKZ]-BlackBear" (steam64id="76561198343030820" pos=<11083.1, 4.21, 8427.85>) CloseFence
14:20:54: Player "[YKZ]-BlackBear" (steam64id="76561198343030820" pos=<11086.7, 31.61, 8425.78>) CloseFence
14:22:47: Player "[YKZ]-BlackBear" (steam64id="76561198343030820" pos=<11085.5, 31.61, 8426.13>) CloseFence
14:22:49: Player "[YKZ]-BlackBear" (steam64id="76561198343030820" pos=<11085.4, 31.61, 8426.57>) CloseFence
14:23:03: Player "(CNXC)Roger    " (steam64id="76561198119108882" pos=<10431.5, 12.42, 11509.8>) CloseFence
14:23:12: Player "[YKZ]-BlackBear" (steam64id="76561198343030820" pos=<11083.9, 35.23, 8427.78>) CloseFence
14:23:43: Player "[YKZ]-BlackBear" (steam64id="76561198343030820" pos=<11087.3, 35.24, 8424.85>) CloseFence
14:24:35: Player "[YKZ]-Lobato" (steam64id="76561198158375860" pos=<11092.7, 4.01, 8416.13>) CloseFence
14:25:26: Player "[YKZ]-BlackBear" (steam64id="76561198343030820" pos=<11084.4, 41.37, 8429.1>) CloseFence
14:26:09: Player "[YKZ]-BlackBear" (steam64id="76561198343030820" pos=<11084.3, 41.37, 8429.2>) CloseFence
14:26:55: Player "[YKZ]-BlackBear" (steam64id="76561198343030820" pos=<11087, 35.32, 8425.14>) CloseFence
14:26:56: Player "[YKZ]-BlackBear" (steam64id="76561198343030820" pos=<11085, 35.24, 8427.29>) CloseFence
14:27:24: Player "[YKZ]-BlackBear" (steam64id="76561198343030820" pos=<11083.7, 27.38, 8428.99>) CloseFence
14:27:41: Player "[YKZ]-BlackBear" (steam64id="76561198343030820" pos=<11084.4, 9.29, 8428.31>) CloseFence
14:27:44: Player "[YKZ]-BlackBear" (steam64id="76561198343030820" pos=<11084.2, 6.94, 8431.58>) CloseFence
14:27:47: Player "[YKZ]-BlackBear" (steam64id="76561198343030820" pos=<11081.3, 4.21, 8427.32>) CloseFence
14:27:52: Player "[YKZ]-BlackBear" (steam64id="76561198343030820" pos=<11092.1, 4.25, 8417.24>) CloseFence
14:27:52: Player "[YKZ]-Lobato" (steam64id="76561198158375860" pos=<11085.4, 35.24, 8427.1>) CloseFence
14:27:55: Player "[YKZ]-Lobato" (steam64id="76561198158375860" pos=<11085.7, 35.24, 8428.8>) CloseFence
14:28:02: Player "[YKZ]-Lobato" (steam64id="76561198158375860" pos=<11083.5, 27.32, 8428.91>) CloseFence
14:28:14: Player "[YKZ]-Lobato" (steam64id="76561198158375860" pos=<11083.9, 8.68, 8429.32>) CloseFence
14:28:22: Player "[YKZ]-Lobato" (steam64id="76561198158375860" pos=<11081.5, 4.21, 8427.12>) CloseFence
14:28:26: Player "[YKZ]-Lobato" (steam64id="76561198158375860" pos=<11092, 4.21, 8417.91>) CloseFence
14:58:40: Player "[YKZ]-BlackBear" (steam64id="76561198343030820" pos=<11092.4, 4.20, 8416.95>) CloseFence
14:59:54: Player "[YKZ]-BlackBear" (steam64id="76561198343030820" pos=<11085.2, 35.24, 8427.6>) CloseFence
15:00:04: Player "[YKZ]-BlackBear" (steam64id="76561198343030820" pos=<11085.1, 35.24, 8427.11>) CloseFence
15:00:30: Player "[YKZ]-BlackBear" (steam64id="76561198343030820" pos=<11085.6, 31.61, 8426.78>) CloseFence
15:00:33: Player "[YKZ]-BlackBear" (steam64id="76561198343030820" pos=<11083.9, 27.94, 8428.47>) CloseFence
15:00:47: Player "[YKZ]-BlackBear" (steam64id="76561198343030820" pos=<11084.2, 11.06, 8431.61>) CloseFence
15:00:49: Player "[YKZ]-BlackBear" (steam64id="76561198343030820" pos=<11083.5, 8.79, 8428.92>) CloseFence
15:00:50: Player "[YKZ]-BlackBear" (steam64id="76561198343030820" pos=<11084.4, 6.60, 8431.32>) CloseFence
15:00:52: Player "[YKZ]-Lobato" (steam64id="76561198158375860" pos=<11092.5, 4.01, 8416.16>) CloseFence
15:00:53: Player "[YKZ]-BlackBear" (steam64id="76561198343030820" pos=<11082.6, 4.21, 8427.62>) CloseFence
15:01:03: Player "[YKZ]-Lobato" (steam64id="76561198158375860" pos=<11082.4, 4.21, 8427.83>) CloseFence
15:01:17: Player "[YKZ]-BlackBear" (steam64id="76561198343030820" pos=<11092.3, 4.10, 8417.02>) CloseFence
