00:03:42: Player "[HORDA]LUCASBR" (steam64id="76561198973828354" pos=<9564.46, 2.94, 9581.41>) CloseFence
00:03:45: Player "[HORDA]ThiagoPenna" (steam64id="76561198218822351" pos=<9564.65, 2.95, 9581.13>) CloseFence
00:43:59: Player "[YKZ]-BlackBear" (steam64id="76561198343030820" pos=<11085.1, 35.24, 8427.15>) CloseFence
00:52:31: Player "TcheLoco" (steam64id="76561198099449370" pos=<9565.06, 2.88, 9580.64>) CloseFence
00:52:50: Player "TcheLoco" (steam64id="76561198099449370" pos=<9564.71, 2.94, 9581.99>) CloseFence
00:53:23: Player "TcheLoco" (steam64id="76561198099449370" pos=<9565.27, 2.60, 9580.25>) CloseFence
00:53:39: Player "[HORDA]LUCASBR" (steam64id="76561198973828354" pos=<9564.98, 2.62, 9580.04>) CloseFence
00:53:46: Player "[HORDA]intersandro" (steam64id="76561199214798198" pos=<9565.01, 2.95, 9581.08>) CloseFence
00:53:58: Player "TcheLoco" (steam64id="76561198099449370" pos=<9564.68, 2.94, 9582.16>) CloseFence
00:55:12: Player "[YKZ]-BlackBear" (steam64id="76561198343030820" pos=<11085.1, 35.24, 8427.9>) CloseFence
00:57:08: Player "[YKZ]-Notsniw" (steam64id="76561197967151252" pos=<11085.3, 35.24, 8427.22>) CloseFence
00:57:10: Player "[YKZ]-BlackBear" (steam64id="76561198343030820" pos=<11085.3, 35.24, 8427.61>) CloseFence
01:02:55: Player "[YKZ]-Notsniw" (steam64id="76561197967151252" pos=<11084.1, 35.22, 8428.63>) CloseFence
01:02:58: Player "TcheLoco" (steam64id="76561198099449370" pos=<9565.14, 2.75, 9580.59>) CloseFence
01:04:04: Player "[HORDA]LUCASBR" (steam64id="76561198973828354" pos=<9564.81, 2.95, 9581.07>) CloseFence
01:37:20: Player "[YKZ]-Notsniw" (steam64id="76561197967151252" pos=<11085.2, 35.24, 8426.77>) CloseFence
01:37:39: Player "[YKZ]-Notsniw" (steam64id="76561197967151252" pos=<11085.2, 35.23, 8427.4>) CloseFence
01:51:08: Player "[YKZ]-Notsniw" (steam64id="76561197967151252" pos=<11084, 34.78, 8429.2>) CloseFence
01:52:52: Player "[YKZ]-Notsniw" (steam64id="76561197967151252" pos=<11085, 35.24, 8427.16>) CloseFence
01:53:46: Player "[YKZ]-Notsniw" (steam64id="76561197967151252" pos=<11085.3, 35.24, 8427.94>) CloseFence
02:02:59: Player "Biel FxR" (steam64id="76561198050836260" pos=<7631.2, 12.20, 9812.02>) OpenFence
02:05:26: Player "TripaSeca" (steam64id="76561198093060507" pos=<7625.16, 12.20, 9814.67>) CloseFence
02:07:32: Player "Biel FxR" (steam64id="76561198050836260" pos=<7629.41, 12.20, 9814.91>) CloseFence
02:07:46: Player "Biel FxR" (steam64id="76561198050836260" pos=<7629.92, 12.20, 9813.54>) CloseFence
02:08:02: Player "TripaSeca" (steam64id="76561198093060507" pos=<7630.2, 12.20, 9813.63>) CloseFence
02:10:11: Player "Biel FxR" (steam64id="76561198050836260" pos=<7635.79, 12.20, 9776.64>) OpenFence
02:10:14: Player "Biel FxR" (steam64id="76561198050836260" pos=<7637.36, 12.20, 9776>) CloseFence
02:10:18: Player "TripaSeca" (steam64id="76561198093060507" pos=<7635.83, 12.07, 9773.69>) OpenFence
02:10:20: Player "TripaSeca" (steam64id="76561198093060507" pos=<7637.89, 12.05, 9772.56>) CloseFence
02:10:24: Player "TripaSeca" (steam64id="76561198093060507" pos=<7636.22, 12.20, 9775.8>) OpenFence
02:10:25: Player "TripaSeca" (steam64id="76561198093060507" pos=<7636.8, 12.07, 9773.72>) CloseFence
02:10:56: Player "Biel FxR" (steam64id="76561198050836260" pos=<7635.33, 12.20, 9776.71>) OpenFence
02:10:58: Player "Biel FxR" (steam64id="76561198050836260" pos=<7638, 12.07, 9774.79>) CloseFence
02:11:04: Player "Biel FxR" (steam64id="76561198050836260" pos=<7638.81, 12.06, 9773.34>) CloseFence
02:11:10: Player "Biel FxR" (steam64id="76561198050836260" pos=<7637.69, 12.07, 9774.97>) CloseFence
02:12:31: Player "TripaSeca" (steam64id="76561198093060507" pos=<7639.04, 12.06, 9773.89>) CloseFence
02:13:32: Player "Biel FxR" (steam64id="76561198050836260" pos=<7637.91, 12.06, 9773.62>) CloseFence
02:13:45: Player "TripaSeca" (steam64id="76561198093060507" pos=<7636.53, 12.07, 9773.74>) CloseFence
02:14:12: Player "Biel FxR" (steam64id="76561198050836260" pos=<7636.89, 12.07, 9774.74>) CloseFence
02:14:16: Player "Biel FxR" (steam64id="76561198050836260" pos=<7637.44, 12.21, 9775.85>) CloseFence
02:14:24: Player "Biel FxR" (steam64id="76561198050836260" pos=<7636.26, 12.07, 9774.46>) CloseFence
02:14:39: Player "Biel FxR" (steam64id="76561198050836260" pos=<7635.84, 12.07, 9773.53>) CloseFence
02:15:00: Player "Biel FxR" (steam64id="76561198050836260" pos=<7637.12, 12.06, 9773.56>) CloseFence
02:15:05: Player "Biel FxR" (steam64id="76561198050836260" pos=<7639.2, 12.05, 9772.83>) CloseFence
02:15:10: Player "Biel FxR" (steam64id="76561198050836260" pos=<7636.71, 12.07, 9774.45>) CloseFence
02:16:01: Player "Biel FxR" (steam64id="76561198050836260" pos=<7637.59, 12.07, 9773.82>) CloseFence
02:17:36: Player "[YKZ]-BlackBear" (steam64id="76561198343030820" pos=<11085.3, 35.24, 8427.63>) CloseFence
02:19:46: Player "[YKZ]-BlackBear" (steam64id="76561198343030820" pos=<11084.9, 35.24, 8425.68>) CloseFence
02:20:15: Player "[YKZ]-BlackBear" (steam64id="76561198343030820" pos=<11085, 35.24, 8427.38>) CloseFence
02:20:20: Player "[YKZ]-BlackBear" (steam64id="76561198343030820" pos=<11086.2, 35.24, 8426.69>) CloseFence
02:21:16: Player "[YKZ]-Notsniw" (steam64id="76561197967151252" pos=<11085.4, 35.23, 8427.48>) CloseFence
02:21:39: Player "[YKZ]-Notsniw" (steam64id="76561197967151252" pos=<11085.3, 35.24, 8428.14>) CloseFence
02:21:42: Player "[YKZ]-BlackBear" (steam64id="76561198343030820" pos=<11085.3, 35.24, 8426.38>) CloseFence
02:21:51: Player "[YKZ]-BlackBear" (steam64id="76561198343030820" pos=<11085.2, 35.24, 8428.18>) CloseFence
02:25:07: Player "[YKZ]-BlackBear" (steam64id="76561198343030820" pos=<11085.1, 35.24, 8427.53>) CloseFence
02:25:26: Player "[YKZ]-BlackBear" (steam64id="76561198343030820" pos=<11085.2, 35.24, 8427.59>) CloseFence
02:25:32: Player "Biel FxR" (steam64id="76561198050836260" pos=<7625.25, 12.20, 9814.82>) CloseFence
02:35:56: Player "[YKZ]-Notsniw" (steam64id="76561197967151252" pos=<11083.9, 35.01, 8428.77>) CloseFence
02:37:27: Player "[YKZ]-BlackBear" (steam64id="76561198343030820" pos=<11082.7, 4.21, 8427.91>) CloseFence
02:37:35: Player "[YKZ]-Notsniw" (steam64id="76561197967151252" pos=<11084, 4.21, 8428.61>) CloseFence
02:37:38: Player "[YKZ]-Notsniw" (steam64id="76561197967151252" pos=<11084, 4.21, 8428.61>) CloseFence
02:37:40: Player "[YKZ]-BlackBear" (steam64id="76561198343030820" pos=<11082.6, 4.21, 8427>) CloseFence
02:37:43: Player "[YKZ]-BlackBear" (steam64id="76561198343030820" pos=<11081.7, 4.21, 8426.51>) CloseFence
02:37:45: Player "[YKZ]-BlackBear" (steam64id="76561198343030820" pos=<11083, 4.21, 8428.11>) CloseFence
02:38:37: Player "[YKZ]-BlackBear" (steam64id="76561198343030820" pos=<11085.4, 35.24, 8427.91>) CloseFence
02:38:38: Player "[YKZ]-Notsniw" (steam64id="76561197967151252" pos=<11084.7, 35.24, 8427.72>) CloseFence
02:38:40: Player "[YKZ]-BlackBear" (steam64id="76561198343030820" pos=<11084.9, 35.24, 8425.78>) CloseFence
05:16:32: Player "Einsen" (steam64id="76561198103936746" pos=<11085.3, 11.61, 8503.26>) OpenFence
05:16:35: Player "Einsen" (steam64id="76561198103936746" pos=<11086.1, 11.63, 8503.92>) CloseFence
05:16:38: Player "Einsen" (steam64id="76561198103936746" pos=<11087.4, 11.63, 8504.55>) OpenFence
05:16:42: Player "Einsen" (steam64id="76561198103936746" pos=<11087.1, 11.63, 8506.14>) CloseFence
05:16:45: Player "Einsen" (steam64id="76561198103936746" pos=<11087.7, 11.63, 8504.2>) OpenFence
05:16:46: Player "Einsen" (steam64id="76561198103936746" pos=<11086.4, 11.65, 8504.41>) CloseFence
05:18:35: Player "Einsen" (steam64id="76561198103936746" pos=<11087.7, 11.63, 8505.51>) CloseFence
06:12:08: Player "Einsen" (steam64id="76561198103936746" pos=<11086.4, 11.66, 8504.3>) CloseFence
06:19:09: Player "Einsen" (steam64id="76561198103936746" pos=<11087.3, 11.63, 8504.38>) CloseFence
06:53:29: Player "Einsen" (steam64id="76561198103936746" pos=<11086.4, 11.66, 8504.44>) CloseFence
06:54:28: Player "Einsen" (steam64id="76561198103936746" pos=<11087.2, 11.63, 8504.35>) CloseFence
07:23:05: Player "Einsen" (steam64id="76561198103936746" pos=<11086.4, 11.65, 8504.5>) CloseFence
08:21:17: Player "[HORDA]intersandro" (steam64id="76561199214798198" pos=<9564.67, 2.94, 9581.55>) CloseFence
09:39:48: Player "[HORDA]intersandro" (steam64id="76561199214798198" pos=<9565.21, 2.63, 9580.42>) CloseFence
09:40:27: Player "[HORDA]intersandro" (steam64id="76561199214798198" pos=<9564.47, 2.95, 9581.32>) CloseFence
09:41:33: Player "[HORDA]intersandro" (steam64id="76561199214798198" pos=<9565.1, 2.90, 9580.76>) CloseFence
09:41:54: Player "[HORDA]intersandro" (steam64id="76561199214798198" pos=<9565.07, 2.91, 9580.8>) CloseFence
09:42:21: Player "[HORDA]intersandro" (steam64id="76561199214798198" pos=<9565.17, 2.62, 9580.38>) CloseFence
09:52:13: Player "[HORDA]intersandro" (steam64id="76561199214798198" pos=<9565.15, 2.61, 9580.23>) CloseFence
09:52:24: Player "[HORDA]intersandro" (steam64id="76561199214798198" pos=<9565.88, 2.60, 9579.83>) CloseFence
09:52:27: Player "[HORDA]intersandro" (steam64id="76561199214798198" pos=<9565.1, 2.88, 9580.67>) CloseFence
10:16:30: Player "[HORDA] JHON WICK" (steam64id="76561198122075703" pos=<9564.69, 2.95, 9581>) CloseFence
10:19:34: Player "[HORDA] JHON WICK" (steam64id="76561198122075703" pos=<9565.18, 2.60, 9580.25>) CloseFence
10:26:16: Player "[HORDA] JHON WICK" (steam64id="76561198122075703" pos=<9564.5, 2.94, 9581.61>) CloseFence
10:26:21: Player "[HORDA] JHON WICK" (steam64id="76561198122075703" pos=<9564.86, 2.95, 9580.92>) CloseFence
10:29:58: Player "[HORDA] JHON WICK" (steam64id="76561198122075703" pos=<9564.95, 2.64, 9580.28>) CloseFence
10:30:34: Player "[HORDA] JHON WICK" (steam64id="76561198122075703" pos=<9564.49, 2.94, 9581.69>) CloseFence
10:40:59: Player "[HORDA] JHON WICK" (steam64id="76561198122075703" pos=<9564.72, 2.95, 9581.37>) CloseFence
10:48:12: Player "[HORDA] JHON WICK" (steam64id="76561198122075703" pos=<9564.78, 2.95, 9581.07>) CloseFence
10:48:28: Player "[HORDA] JHON WICK" (steam64id="76561198122075703" pos=<9564.95, 2.89, 9580.61>) CloseFence
10:48:42: Player "[HORDA] JHON WICK" (steam64id="76561198122075703" pos=<9564.67, 2.95, 9581.23>) CloseFence
10:49:09: Player "[HORDA] JHON WICK" (steam64id="76561198122075703" pos=<9564.84, 2.95, 9580.84>) CloseFence
10:49:14: Player "[HORDA] JHON WICK" (steam64id="76561198122075703" pos=<9564.95, 2.95, 9581.03>) CloseFence
10:49:30: Player "[HORDA] JHON WICK" (steam64id="76561198122075703" pos=<9564.89, 2.95, 9581>) CloseFence
10:50:30: Player "[HORDA] JHON WICK" (steam64id="76561198122075703" pos=<9564.78, 2.95, 9581.34>) CloseFence
10:51:32: Player "[HORDA] JHON WICK" (steam64id="76561198122075703" pos=<9564.92, 2.68, 9580.27>) CloseFence
10:51:37: Player "[HORDA] JHON WICK" (steam64id="76561198122075703" pos=<9565.03, 2.91, 9580.8>) CloseFence
10:51:48: Player "[HORDA] JHON WICK" (steam64id="76561198122075703" pos=<9564.87, 2.62, 9580.05>) CloseFence
10:57:27: Player "[HORDA] JHON WICK" (steam64id="76561198122075703" pos=<9564.7, 2.95, 9581.31>) CloseFence
10:58:29: Player "[HORDA] JHON WICK" (steam64id="76561198122075703" pos=<9564.96, 2.61, 9580.09>) CloseFence
10:59:03: Player "[HORDA] JHON WICK" (steam64id="76561198122075703" pos=<9564.49, 2.95, 9581.27>) CloseFence
10:59:34: Player "[HORDA] JHON WICK" (steam64id="76561198122075703" pos=<9564.85, 2.95, 9580.98>) CloseFence
10:59:44: Player "[HORDA] JHON WICK" (steam64id="76561198122075703" pos=<9564.81, 2.95, 9581.28>) CloseFence
10:59:58: Player "[HORDA] JHON WICK" (steam64id="76561198122075703" pos=<9564.83, 2.95, 9580.9>) CloseFence
11:05:54: Player "[HORDA] JHON WICK" (steam64id="76561198122075703" pos=<9564.58, 2.95, 9581.32>) CloseFence
11:06:41: Player "[HORDA] JHON WICK" (steam64id="76561198122075703" pos=<9565.04, 2.74, 9580.42>) CloseFence
11:07:38: Player "[HORDA] JHON WICK" (steam64id="76561198122075703" pos=<9565.01, 2.90, 9580.78>) CloseFence
11:08:33: Player "[HORDA] JHON WICK" (steam64id="76561198122075703" pos=<9564.85, 2.62, 9580.12>) CloseFence
11:10:58: Player "[HORDA] JHON WICK" (steam64id="76561198122075703" pos=<9561.04, 2.94, 9580.57>) CloseFence
11:11:23: Player "[HORDA]ThiagoPenna" (steam64id="76561198218822351" pos=<9560.59, 2.94, 9580.41>) CloseFence
11:11:26: Player "[HORDA]ThiagoPenna" (steam64id="76561198218822351" pos=<9562.08, 2.94, 9581.1>) CloseFence
11:11:30: Player "[HORDA]ThiagoPenna" (steam64id="76561198218822351" pos=<9564.47, 2.94, 9581.52>) CloseFence
11:11:42: Player "[HORDA] JHON WICK" (steam64id="76561198122075703" pos=<9561.93, 2.94, 9581.09>) CloseFence
11:12:07: Player "[HORDA] JHON WICK" (steam64id="76561198122075703" pos=<9562.62, 2.94, 9581.18>) CloseFence
11:12:19: Player "[HORDA]ThiagoPenna" (steam64id="76561198218822351" pos=<9562.11, 2.94, 9581.12>) CloseFence
11:12:22: Player "[HORDA]ThiagoPenna" (steam64id="76561198218822351" pos=<9565.03, 2.94, 9580.88>) CloseFence
11:13:31: Player "[HORDA] JHON WICK" (steam64id="76561198122075703" pos=<9561.47, 2.94, 9580.86>) CloseFence
11:13:33: Player "[HORDA] JHON WICK" (steam64id="76561198122075703" pos=<9562.14, 2.94, 9580.96>) CloseFence
11:13:36: Player "[HORDA] JHON WICK" (steam64id="76561198122075703" pos=<9564.86, 2.95, 9581.56>) CloseFence
11:13:40: Player "[HORDA] JHON WICK" (steam64id="76561198122075703" pos=<9565.11, 2.90, 9580.77>) CloseFence
11:58:08: Player "[HORDA]ThiagoPenna" (steam64id="76561198218822351" pos=<9564.69, 2.95, 9581.14>) CloseFence
11:58:15: Player "[HORDA]ThiagoPenna" (steam64id="76561198218822351" pos=<9561.12, 2.94, 9580.73>) CloseFence
11:58:26: Player "[HORDA] JHON WICK" (steam64id="76561198122075703" pos=<9564.87, 2.77, 9580.41>) CloseFence
11:58:31: Player "[HORDA] JHON WICK" (steam64id="76561198122075703" pos=<9562.28, 2.94, 9580.98>) CloseFence
11:58:35: Player "[HORDA] JHON WICK" (steam64id="76561198122075703" pos=<9561.64, 2.94, 9580.88>) CloseFence
11:58:37: Player "[HORDA] JHON WICK" (steam64id="76561198122075703" pos=<9562.17, 2.94, 9580.88>) CloseFence
11:58:40: Player "[HORDA] JHON WICK" (steam64id="76561198122075703" pos=<9563.12, 2.94, 9581.8>) CloseFence
11:58:48: Player "[HORDA] JHON WICK" (steam64id="76561198122075703" pos=<9562.47, 2.94, 9581.29>) CloseFence
12:04:30: Player "[YKZ]-BlackBear" (steam64id="76561198343030820" pos=<11085.1, 35.24, 8427.52>) CloseFence
12:04:58: Player "[YKZ]-BlackBear" (steam64id="76561198343030820" pos=<11082.7, 4.21, 8427.99>) CloseFence
12:05:00: Player "[YKZ]-BlackBear" (steam64id="76561198343030820" pos=<11082.9, 4.21, 8428.2>) CloseFence
12:10:32: Player "[YKZ]-BlackBear" (steam64id="76561198343030820" pos=<11082.4, 4.21, 8427.36>) CloseFence
12:14:32: Player "[YKZ]-BlackBear" (steam64id="76561198343030820" pos=<11085.1, 35.24, 8427.95>) CloseFence
12:14:56: Player "[YKZ]-BlackBear" (steam64id="76561198343030820" pos=<11082.9, 4.21, 8427.66>) CloseFence
12:26:07: Player "[YKZ]-BlackBear" (steam64id="76561198343030820" pos=<11082.4, 4.21, 8427.35>) CloseFence
12:26:44: Player "[YKZ]-BlackBear" (steam64id="76561198343030820" pos=<11085.3, 35.24, 8427.78>) CloseFence
13:01:00: Player "[HORDA]ThiagoPenna" (steam64id="76561198218822351" pos=<9562, 2.94, 9580.59>) CloseFence
13:27:28: Player "[YKZ]-BlackBear" (steam64id="76561198343030820" pos=<11082.8, 4.21, 8427.86>) CloseFence
13:32:26: Player "[YKZ]-BlackBear" (steam64id="76561198343030820" pos=<11085.3, 35.24, 8427.53>) CloseFence
13:48:46: Player "Emissarius" (steam64id="76561198271087379" pos=<7680.94, 43.50, 6520.67>) OpenFence
13:48:48: Player "Emissarius" (steam64id="76561198271087379" pos=<7680.94, 43.50, 6520>) CloseFence
13:49:10: Player "Emissarius" (steam64id="76561198271087379" pos=<7680.94, 43.50, 6520.25>) OpenFence
13:50:12: Player "Emissarius" (steam64id="76561198271087379" pos=<7680.95, 43.56, 6519.8>) CloseFence
13:50:47: Player "Emissarius" (steam64id="76561198271087379" pos=<7680.9, 43.63, 6519.62>) CloseFence
13:50:58: Player "Emissarius" (steam64id="76561198271087379" pos=<7680.92, 43.63, 6519.62>) CloseFence
13:51:19: Player "Emissarius" (steam64id="76561198271087379" pos=<7680.43, 43.72, 6518.59>) CloseFence
13:51:31: Player "[YKZ]-BlackBear" (steam64id="76561198343030820" pos=<11085.1, 35.24, 8427.6>) CloseFence
13:51:31: Player "Emissarius" (steam64id="76561198271087379" pos=<7680.56, 43.72, 6518.16>) CloseFence
13:52:16: Player "[YKZ]-BlackBear" (steam64id="76561198343030820" pos=<11083, 4.21, 8427.74>) CloseFence
13:57:25: Player "Emissarius" (steam64id="76561198271087379" pos=<7681.1, 43.70, 6519.29>) CloseFence
13:58:53: Player "Emissarius" (steam64id="76561198271087379" pos=<7680.27, 43.72, 6517.75>) CloseFence
13:59:38: Player "Emissarius" (steam64id="76561198271087379" pos=<7681, 43.72, 6518.85>) CloseFence
14:07:17: Player "Emissarius" (steam64id="76561198271087379" pos=<7680.63, 43.72, 6517.79>) CloseFence
14:08:36: Player "Emissarius" (steam64id="76561198271087379" pos=<7680.73, 43.72, 6519.06>) CloseFence
14:14:32: Player "Emissarius" (steam64id="76561198271087379" pos=<7680.67, 43.72, 6518.79>) CloseFence
14:23:27: Player "Emissarius" (steam64id="76561198271087379" pos=<7680.31, 43.72, 6518.79>) CloseFence
14:39:50: Player "[HORDA] JHON WICK" (steam64id="76561198122075703" pos=<9560.96, 2.94, 9580.66>) CloseFence
14:39:58: Player "[HORDA] JHON WICK" (steam64id="76561198122075703" pos=<9564.47, 2.94, 9581.91>) CloseFence
14:40:04: Player "[HORDA] JHON WICK" (steam64id="76561198122075703" pos=<9564.73, 2.95, 9581.21>) CloseFence
14:40:33: Player "[HORDA] JHON WICK" (steam64id="76561198122075703" pos=<9564.76, 2.95, 9580.99>) CloseFence
14:40:43: Player "[HORDA] JHON WICK" (steam64id="76561198122075703" pos=<9561.48, 2.94, 9580.69>) CloseFence
14:40:45: Player "[HORDA] JHON WICK" (steam64id="76561198122075703" pos=<9564.76, 2.95, 9581.1>) CloseFence
14:40:58: Player "[HORDA] JHON WICK" (steam64id="76561198122075703" pos=<9564.85, 2.95, 9581.5>) CloseFence
14:41:02: Player "[HORDA] JHON WICK" (steam64id="76561198122075703" pos=<9561.31, 2.94, 9580.81>) CloseFence
14:42:30: Player "[HORDA] JHON WICK" (steam64id="76561198122075703" pos=<9561.84, 2.94, 9580.95>) CloseFence
14:42:32: Player "[HORDA] JHON WICK" (steam64id="76561198122075703" pos=<9564.83, 2.95, 9581.38>) CloseFence
14:45:32: Player "[HORDA] JHON WICK" (steam64id="76561198122075703" pos=<9564.94, 2.62, 9580.01>) CloseFence
14:45:35: Player "[HORDA] JHON WICK" (steam64id="76561198122075703" pos=<9562.27, 2.94, 9581.06>) CloseFence
14:47:01: Player "[YKZ]-Notsniw" (steam64id="76561197967151252" pos=<11085.2, 35.24, 8428>) CloseFence
14:48:31: Player "[YKZ]-Notsniw" (steam64id="76561197967151252" pos=<11082.3, 4.21, 8427.8>) CloseFence
14:49:22: Player "[YKZ]-Notsniw" (steam64id="76561197967151252" pos=<11082.5, 4.21, 8426.14>) CloseFence
14:49:25: Player "[YKZ]-Notsniw" (steam64id="76561197967151252" pos=<11082.9, 4.21, 8428.03>) CloseFence
14:49:52: Player "[HORDA] JHON WICK" (steam64id="76561198122075703" pos=<9560.6, 2.94, 9582.25>) OpenFence
14:49:55: Player "[HORDA] JHON WICK" (steam64id="76561198122075703" pos=<9559.28, 2.94, 9581.14>) CloseFence
14:50:02: Player "[HORDA] JHON WICK" (steam64id="76561198122075703" pos=<9560.31, 2.94, 9580.81>) OpenFence
14:50:05: Player "[HORDA] JHON WICK" (steam64id="76561198122075703" pos=<9560.55, 2.94, 9579.63>) CloseFence
14:50:08: Player "[HORDA] JHON WICK" (steam64id="76561198122075703" pos=<9559.09, 2.94, 9581.25>) OpenFence
14:50:10: Player "[HORDA] JHON WICK" (steam64id="76561198122075703" pos=<9560.57, 2.94, 9581.76>) CloseFence
14:50:14: Player "[HORDA] JHON WICK" (steam64id="76561198122075703" pos=<9561.11, 2.94, 9582.12>) OpenFence
14:50:19: Player "[HORDA] JHON WICK" (steam64id="76561198122075703" pos=<9559.12, 2.94, 9581.09>) CloseFence
14:50:35: Player "[HORDA] JHON WICK" (steam64id="76561198122075703" pos=<9561.49, 2.94, 9580.46>) CloseFence
14:50:38: Player "[HORDA] JHON WICK" (steam64id="76561198122075703" pos=<9560.11, 2.94, 9580.98>) OpenFence
14:50:39: Player "[YKZ]-BlackBear" (steam64id="76561198343030820" pos=<11085.2, 35.24, 8427.32>) CloseFence
14:50:40: Player "[HORDA] JHON WICK" (steam64id="76561198122075703" pos=<9560.53, 2.94, 9579.61>) CloseFence
14:50:46: Player "[HORDA] JHON WICK" (steam64id="76561198122075703" pos=<9559.01, 2.94, 9581.17>) OpenFence
14:50:52: Player "[HORDA] JHON WICK" (steam64id="76561198122075703" pos=<9560.8, 2.94, 9582.27>) CloseFence
14:51:01: Player "[YKZ]-Notsniw" (steam64id="76561197967151252" pos=<11081.9, 4.21, 8427.52>) CloseFence
14:54:24: Player "[HORDA] JHON WICK" (steam64id="76561198122075703" pos=<9561.14, 2.94, 9582.27>) OpenFence
14:54:27: Player "[HORDA] JHON WICK" (steam64id="76561198122075703" pos=<9559.12, 2.94, 9581.2>) CloseFence
14:54:41: Player "[HORDA] JHON WICK" (steam64id="76561198122075703" pos=<9559.61, 2.94, 9581.23>) OpenFence
14:54:43: Player "[HORDA] JHON WICK" (steam64id="76561198122075703" pos=<9560.45, 2.94, 9581.46>) CloseFence
14:54:54: Player "[YKZ]-Notsniw" (steam64id="76561197967151252" pos=<11082.1, 4.21, 8426.06>) CloseFence
14:55:01: Player "[YKZ]-Notsniw" (steam64id="76561197967151252" pos=<11083.4, 4.21, 8428.11>) CloseFence
14:55:24: Player "[YKZ]-Notsniw" (steam64id="76561197967151252" pos=<11081.4, 4.21, 8427.16>) CloseFence
14:58:20: Player "[YKZ]-BlackBear" (steam64id="76561198343030820" pos=<11085.1, 35.23, 8427.28>) CloseFence
14:58:32: Player "[YKZ]-BlackBear" (steam64id="76561198343030820" pos=<11084.8, 35.24, 8428.22>) CloseFence
14:58:38: Player "[YKZ]-BlackBear" (steam64id="76561198343030820" pos=<11085, 35.24, 8427.38>) CloseFence
15:02:48: Player "[YKZ]-BlackBear" (steam64id="76561198343030820" pos=<11082.5, 4.21, 8427.73>) CloseFence
15:04:37: Player "[HORDA] JHON WICK" (steam64id="76561198122075703" pos=<9559.98, 2.94, 9582.26>) OpenFence
15:04:39: Player "[HORDA] JHON WICK" (steam64id="76561198122075703" pos=<9559.3, 2.94, 9581.17>) CloseFence
15:04:44: Player "[HORDA] JHON WICK" (steam64id="76561198122075703" pos=<9561.65, 2.94, 9580.88>) CloseFence
15:04:46: Player "[HORDA] JHON WICK" (steam64id="76561198122075703" pos=<9564.67, 2.95, 9581.31>) CloseFence
15:05:27: Player "[YKZ]-Notsniw" (steam64id="76561197967151252" pos=<11083, 4.21, 8428.1>) CloseFence
15:06:43: Player "[YKZ]-Notsniw" (steam64id="76561197967151252" pos=<11081.3, 4.21, 8427.33>) CloseFence
15:08:57: Player "[HORDA] JHON WICK" (steam64id="76561198122075703" pos=<9565.17, 2.63, 9579.51>) CloseFence
15:09:00: Player "[HORDA] JHON WICK" (steam64id="76561198122075703" pos=<9564.94, 2.76, 9580.43>) CloseFence
15:09:03: Player "[HORDA] JHON WICK" (steam64id="76561198122075703" pos=<9562.34, 2.94, 9581.2>) CloseFence
15:09:04: Player "[HORDA] JHON WICK" (steam64id="76561198122075703" pos=<9560.25, 2.94, 9580.81>) OpenFence
15:09:07: Player "[HORDA] JHON WICK" (steam64id="76561198122075703" pos=<9560.81, 2.94, 9579.8>) CloseFence
15:09:10: Player "[HORDA] JHON WICK" (steam64id="76561198122075703" pos=<9559.66, 2.94, 9581.23>) OpenFence
15:09:11: Player "[HORDA] JHON WICK" (steam64id="76561198122075703" pos=<9560.45, 2.94, 9581.5>) CloseFence
15:10:11: Player "[YKZ]-Notsniw" (steam64id="76561197967151252" pos=<11082.8, 4.21, 8427.47>) CloseFence
15:10:46: Player "[YKZ]-Notsniw" (steam64id="76561197967151252" pos=<11081.3, 4.21, 8427.21>) CloseFence
15:16:46: Player "[HORDA] JHON WICK" (steam64id="76561198122075703" pos=<9559.87, 2.94, 9582.26>) OpenFence
15:16:47: Player "[HORDA] JHON WICK" (steam64id="76561198122075703" pos=<9560.26, 2.94, 9581.08>) CloseFence
15:17:01: Player "[HORDA] JHON WICK" (steam64id="76561198122075703" pos=<9561.52, 2.94, 9580.8>) CloseFence
15:17:07: Player "[HORDA] JHON WICK" (steam64id="76561198122075703" pos=<9560.25, 2.94, 9580.92>) OpenFence
15:17:09: Player "[HORDA] JHON WICK" (steam64id="76561198122075703" pos=<9560.58, 2.94, 9579.65>) CloseFence
15:17:17: Player "[HORDA] JHON WICK" (steam64id="76561198122075703" pos=<9559.21, 2.94, 9581.08>) OpenFence
15:18:36: Player "[HORDA] JHON WICK" (steam64id="76561198122075703" pos=<9559.61, 2.94, 9581.28>) CloseFence
15:18:42: Player "[HORDA] JHON WICK" (steam64id="76561198122075703" pos=<9561.77, 2.94, 9580.79>) CloseFence
15:18:52: Player "[HORDA] JHON WICK" (steam64id="76561198122075703" pos=<9565.03, 2.95, 9580.93>) CloseFence
15:22:41: Player "[YKZ]-BlackBear" (steam64id="76561198343030820" pos=<11082.2, 4.21, 8425.95>) CloseFence
15:22:45: Player "[YKZ]-BlackBear" (steam64id="76561198343030820" pos=<11083, 4.21, 8428.02>) CloseFence
15:24:43: Player "[YKZ]-BlackBear" (steam64id="76561198343030820" pos=<11085, 35.24, 8427.95>) CloseFence
15:27:07: Player "[YKZ]-Notsniw" (steam64id="76561197967151252" pos=<11082.7, 4.21, 8427.79>) CloseFence
15:27:59: Player "[YKZ]-Notsniw" (steam64id="76561197967151252" pos=<11085.3, 35.24, 8427.35>) CloseFence
15:31:13: Player "[YKZ]-Notsniw" (steam64id="76561197967151252" pos=<11085.5, 35.24, 8428.5>) CloseFence
15:31:37: Player "[HORDA] JHON WICK" (steam64id="76561198122075703" pos=<9565.02, 2.61, 9580.26>) CloseFence
15:31:40: Player "[HORDA] JHON WICK" (steam64id="76561198122075703" pos=<9562.56, 2.94, 9581.08>) CloseFence
15:31:43: Player "[HORDA] JHON WICK" (steam64id="76561198122075703" pos=<9559.04, 2.94, 9581.23>) OpenFence
15:31:44: Player "[HORDA] JHON WICK" (steam64id="76561198122075703" pos=<9560.27, 2.94, 9581.47>) CloseFence
15:31:57: Player "[YKZ]-Notsniw" (steam64id="76561197967151252" pos=<11081.6, 4.21, 8427.47>) CloseFence
15:37:14: Player "[HORDA] JHON WICK" (steam64id="76561198122075703" pos=<9560.15, 3.23, 9583.07>) OpenFence
15:37:17: Player "[HORDA] JHON WICK" (steam64id="76561198122075703" pos=<9559.32, 2.94, 9581.14>) CloseFence
15:37:36: Player "[HORDA] JHON WICK" (steam64id="76561198122075703" pos=<9561.6, 2.94, 9580.78>) CloseFence
15:37:42: Player "[HORDA] JHON WICK" (steam64id="76561198122075703" pos=<9563.38, 2.94, 9581.66>) CloseFence
15:37:57: Player "[HORDA] JHON WICK" (steam64id="76561198122075703" pos=<9564.67, 2.95, 9581.17>) CloseFence
15:38:36: Player "[HORDA] JHON WICK" (steam64id="76561198122075703" pos=<9564.63, 2.62, 9580.03>) CloseFence
15:38:39: Player "[HORDA] JHON WICK" (steam64id="76561198122075703" pos=<9562.42, 2.94, 9580.91>) CloseFence
15:38:46: Player "[HORDA] JHON WICK" (steam64id="76561198122075703" pos=<9559.4, 2.94, 9581.1>) OpenFence
15:38:48: Player "[HORDA] JHON WICK" (steam64id="76561198122075703" pos=<9559.94, 2.94, 9581.27>) CloseFence
15:44:06: Player "[HORDA] JHON WICK" (steam64id="76561198122075703" pos=<9560.76, 2.94, 9582.3>) OpenFence
15:44:10: Player "[HORDA] JHON WICK" (steam64id="76561198122075703" pos=<9560.55, 2.94, 9581.94>) CloseFence
15:44:25: Player "[HORDA] JHON WICK" (steam64id="76561198122075703" pos=<9561, 2.94, 9582.09>) OpenFence
15:44:27: Player "[HORDA] JHON WICK" (steam64id="76561198122075703" pos=<9561, 2.94, 9582.09>) CloseFence
15:44:32: Player "[HORDA] JHON WICK" (steam64id="76561198122075703" pos=<9560.56, 2.94, 9582.08>) CloseFence
15:46:34: Player "[HORDA] JHON WICK" (steam64id="76561198122075703" pos=<9560.13, 2.94, 9582.5>) OpenFence
15:47:29: Player "[HORDA] JHON WICK" (steam64id="76561198122075703" pos=<9560.63, 2.94, 9582.04>) CloseFence
15:49:10: Player "[HORDA] JHON WICK" (steam64id="76561198122075703" pos=<9559.85, 2.94, 9581.42>) CloseFence
15:49:14: Player "[HORDA] JHON WICK" (steam64id="76561198122075703" pos=<9559.68, 2.94, 9581.24>) OpenFence
15:49:27: Player "[HORDA] JHON WICK" (steam64id="76561198122075703" pos=<9560.61, 2.94, 9581.79>) CloseFence
15:49:50: Player "[YKZ]-BlackBear" (steam64id="76561198343030820" pos=<11085.1, 35.24, 8427.11>) CloseFence
15:50:18: Player "[YKZ]-BlackBear" (steam64id="76561198343030820" pos=<11083, 4.21, 8427.78>) CloseFence
15:56:05: Player "[HORDA] JHON WICK" (steam64id="76561198122075703" pos=<9559.25, 2.94, 9583.62>) OpenFence
15:56:14: Player "[HORDA] JHON WICK" (steam64id="76561198122075703" pos=<9559.43, 2.94, 9583.1>) CloseFence
15:56:17: Player "[HORDA] JHON WICK" (steam64id="76561198122075703" pos=<9558.8, 2.94, 9583.71>) OpenFence
15:56:19: Player "[HORDA] JHON WICK" (steam64id="76561198122075703" pos=<9560.33, 2.94, 9582.17>) CloseFence
15:56:21: Player "[HORDA] JHON WICK" (steam64id="76561198122075703" pos=<9559.78, 2.94, 9582.06>) OpenFence
15:56:28: Player "[HORDA] JHON WICK" (steam64id="76561198122075703" pos=<9560.27, 2.94, 9582.25>) CloseFence
15:58:52: Player "[HORDA] JHON WICK" (steam64id="76561198122075703" pos=<9559.55, 2.94, 9584.51>) CloseFence
15:58:56: Player "[HORDA] JHON WICK" (steam64id="76561198122075703" pos=<9560.23, 2.94, 9582.34>) CloseFence
17:12:04: Player "Emissarius" (steam64id="76561198271087379" pos=<7679.97, 43.72, 6517.5>) CloseFence
17:18:14: Player "Emissarius" (steam64id="76561198271087379" pos=<7679.46, 43.72, 6518.34>) CloseFence
17:20:59: Player "G A T O" (steam64id="76561199207813177" pos=<7550.91, 35.24, 7897.1>) CloseFence
17:23:21: Player "G A T O" (steam64id="76561199207813177" pos=<7550.52, 35.24, 7896.81>) CloseFence
17:23:44: Player "G A T O" (steam64id="76561199207813177" pos=<7550.98, 35.24, 7897.38>) CloseFence
17:25:05: Player "G A T O" (steam64id="76561199207813177" pos=<7550.88, 35.24, 7897.03>) CloseFence
17:28:07: Player "G A T O" (steam64id="76561199207813177" pos=<7550.94, 35.24, 7897.19>) CloseFence
17:28:30: Player "G A T O" (steam64id="76561199207813177" pos=<7550.73, 35.24, 7897.44>) CloseFence
17:28:40: Player "G A T O" (steam64id="76561199207813177" pos=<7550.84, 35.24, 7896.85>) CloseFence
17:29:05: Player "G A T O" (steam64id="76561199207813177" pos=<7550.35, 35.24, 7896.9>) CloseFence
17:29:57: Player "G A T O" (steam64id="76561199207813177" pos=<7550.95, 35.24, 7897.24>) CloseFence
17:33:53: Player "G A T O" (steam64id="76561199207813177" pos=<7550.83, 35.24, 7896.84>) CloseFence
17:36:57: Player "G A T O" (steam64id="76561199207813177" pos=<7550.59, 35.24, 7896.61>) CloseFence
18:58:47: Player "[HORDA] JHON WICK" (steam64id="76561198122075703" pos=<9559.58, 2.94, 9581.47>) CloseFence
18:59:08: Player "[HORDA]ThiagoPenna" (steam64id="76561198218822351" pos=<9561.91, 2.94, 9580.61>) CloseFence
18:59:11: Player "[HORDA]ThiagoPenna" (steam64id="76561198218822351" pos=<9560.12, 2.94, 9582.97>) CloseFence
18:59:47: Player "[HORDA]ThiagoPenna" (steam64id="76561198218822351" pos=<9560.6, 2.94, 9581.09>) CloseFence
18:59:49: Player "[HORDA] JHON WICK" (steam64id="76561198122075703" pos=<9560.11, 2.94, 9582.41>) CloseFence
19:03:53: Player "[HORDA] JHON WICK" (steam64id="76561198122075703" pos=<9560.2, 2.94, 9581.01>) CloseFence
19:04:05: Player "[HORDA] JHON WICK" (steam64id="76561198122075703" pos=<9561.52, 2.94, 9580.84>) CloseFence
19:04:22: Player "[HORDA] JHON WICK" (steam64id="76561198122075703" pos=<9564.89, 2.94, 9580.73>) CloseFence
19:04:31: Player "[HORDA]ThiagoPenna" (steam64id="76561198218822351" pos=<9560.52, 2.94, 9581.59>) CloseFence
19:04:33: Player "[HORDA]ThiagoPenna" (steam64id="76561198218822351" pos=<9562.34, 2.94, 9581.25>) CloseFence
19:04:36: Player "[HORDA]ThiagoPenna" (steam64id="76561198218822351" pos=<9564.63, 2.95, 9581.29>) CloseFence
19:16:10: Player "[YKZ]-Notsniw" (steam64id="76561197967151252" pos=<11083.5, 4.21, 8428.24>) CloseFence
19:17:13: Player "[YKZ]-Notsniw" (steam64id="76561197967151252" pos=<11081.7, 4.21, 8427.54>) CloseFence
19:31:31: Player "[HORDA] JHON WICK" (steam64id="76561198122075703" pos=<9565.1, 2.87, 9580.66>) CloseFence
19:31:35: Player "[HORDA]ThiagoPenna" (steam64id="76561198218822351" pos=<9562.5, 2.94, 9581.45>) CloseFence
19:31:41: Player "[HORDA] JHON WICK" (steam64id="76561198122075703" pos=<9561.63, 2.94, 9580.88>) CloseFence
19:32:14: Player "[HORDA] JHON WICK" (steam64id="76561198122075703" pos=<9560.88, 2.94, 9580.51>) CloseFence
19:34:31: Player "[HORDA]ThiagoPenna" (steam64id="76561198218822351" pos=<9561.39, 2.94, 9582.25>) CloseFence
19:35:03: Player "[HORDA]ThiagoPenna" (steam64id="76561198218822351" pos=<9560.52, 2.94, 9581.36>) CloseFence
19:35:51: Player "[HORDA] JHON WICK" (steam64id="76561198122075703" pos=<9560.14, 2.94, 9582.6>) CloseFence
19:35:59: Player "[HORDA] JHON WICK" (steam64id="76561198122075703" pos=<9560.38, 2.94, 9581.48>) CloseFence
19:37:27: Player "[HORDA]ThiagoPenna" (steam64id="76561198218822351" pos=<9562, 2.94, 9581.02>) CloseFence
19:37:30: Player "[HORDA]ThiagoPenna" (steam64id="76561198218822351" pos=<9564.93, 2.95, 9581.22>) CloseFence
20:09:15: Player "chron1c" (steam64id="76561198205585613" pos=<7680.47, 43.72, 6517.94>) CloseFence
20:09:47: Player "chron1c" (steam64id="76561198205585613" pos=<7680.98, 43.72, 6518.59>) CloseFence
20:17:30: Player "Emissarius" (steam64id="76561198271087379" pos=<7681.33, 43.50, 6520.04>) CloseFence
20:17:46: Player "Emissarius" (steam64id="76561198271087379" pos=<7681.31, 43.54, 6519.92>) CloseFence
20:53:31: Player "[L.B] Santorin" (steam64id="76561199069721527" pos=<7352.74, 14.33, 7141.03>) OpenFence
20:54:34: Player "[L.B] Santorin" (steam64id="76561199069721527" pos=<7352.09, 14.33, 7141.22>) CloseFence
20:54:53: Player "[L.B] Santorin" (steam64id="76561199069721527" pos=<7352.01, 14.33, 7141.48>) CloseFence
20:55:10: Player "[L.B]Zeca" (steam64id="76561198211423224" pos=<7352.25, 14.33, 7141.83>) CloseFence
20:59:44: Player "[L.B] Santorin" (steam64id="76561199069721527" pos=<7352.78, 14.32, 7142.15>) CloseFence
21:01:00: Player "[L.B]Zeca" (steam64id="76561198211423224" pos=<7353.28, 14.30, 7143.08>) CloseFence
21:02:34: Player "[L.B] Santorin" (steam64id="76561199069721527" pos=<7352.56, 14.30, 7144.59>) CloseFence
21:03:10: Player "[L.B]Zeca" (steam64id="76561198211423224" pos=<7353.27, 14.30, 7143.69>) CloseFence
21:03:22: Player "[L.B] Santorin" (steam64id="76561199069721527" pos=<7351.96, 14.31, 7142.18>) CloseFence
21:03:38: Player "[L.B]Zeca" (steam64id="76561198211423224" pos=<7353.2, 14.32, 7142.66>) CloseFence
21:04:50: Player "Emissarius" (steam64id="76561198271087379" pos=<7681.3, 43.55, 6519.87>) CloseFence
21:04:54: Player "Emissarius" (steam64id="76561198271087379" pos=<7680.98, 43.72, 6517.01>) CloseFence
21:06:05: Player "Emissarius" (steam64id="76561198271087379" pos=<7680.67, 43.72, 6518.87>) CloseFence
21:06:39: Player "Emissarius" (steam64id="76561198271087379" pos=<7680.24, 43.72, 6517.8>) CloseFence
21:06:54: Player "Emissarius" (steam64id="76561198271087379" pos=<7680.46, 43.72, 6518.48>) CloseFence
21:07:40: Player "[L.B] Santorin" (steam64id="76561199069721527" pos=<7352.72, 14.30, 7143.37>) CloseFence
21:07:48: Player "[L.B]Zeca" (steam64id="76561198211423224" pos=<7353.96, 14.30, 7144.46>) CloseFence
21:07:54: Player "[L.B] Santorin" (steam64id="76561199069721527" pos=<7351.95, 14.30, 7142.88>) CloseFence
21:08:04: Player "Emissarius" (steam64id="76561198271087379" pos=<7680.6, 43.72, 6518.13>) CloseFence
21:08:08: Player "[L.B]Zeca" (steam64id="76561198211423224" pos=<7353.38, 14.32, 7142.71>) CloseFence
21:08:19: Player "[L.B] Santorin" (steam64id="76561199069721527" pos=<7353.27, 14.30, 7143.19>) CloseFence
21:08:22: Player "Emissarius" (steam64id="76561198271087379" pos=<7680.41, 43.72, 6517.99>) CloseFence
21:08:53: Player "[L.B] Santorin" (steam64id="76561199069721527" pos=<7352.41, 14.32, 7142>) CloseFence
21:10:09: Player "[L.B] Santorin" (steam64id="76561199069721527" pos=<7353.61, 14.30, 7143.53>) CloseFence
21:10:14: Player "Emissarius" (steam64id="76561198271087379" pos=<7680.21, 43.72, 6518.14>) CloseFence
21:10:52: Player "[L.B] Santorin" (steam64id="76561199069721527" pos=<7353.59, 14.30, 7143.9>) CloseFence
21:10:57: Player "Emissarius" (steam64id="76561198271087379" pos=<7680.82, 43.72, 6518.26>) CloseFence
21:11:46: Player "Emissarius" (steam64id="76561198271087379" pos=<7680.61, 43.72, 6518.58>) CloseFence
21:13:02: Player "Emissarius" (steam64id="76561198271087379" pos=<7680.64, 43.72, 6519.11>) CloseFence
21:13:15: Player "[L.B]Zeca" (steam64id="76561198211423224" pos=<7354.26, 14.30, 7143.9>) CloseFence
21:13:40: Player "[L.B] Santorin" (steam64id="76561199069721527" pos=<7352.64, 14.32, 7142.39>) CloseFence
21:13:59: Player "[L.B]Zeca" (steam64id="76561198211423224" pos=<7353.32, 14.30, 7143.27>) CloseFence
21:14:13: Player "Emissarius" (steam64id="76561198271087379" pos=<7680.92, 43.57, 6519.77>) CloseFence
21:14:24: Player "Emissarius" (steam64id="76561198271087379" pos=<7680.8, 43.49, 6520.33>) CloseFence
21:14:35: Player "Emissarius" (steam64id="76561198271087379" pos=<7680.44, 43.72, 6517.84>) CloseFence
21:14:45: Player "Emissarius" (steam64id="76561198271087379" pos=<7680.75, 43.72, 6518.82>) CloseFence
21:15:37: Player "Emissarius" (steam64id="76561198271087379" pos=<7681.34, 43.50, 6520.13>) CloseFence
21:16:07: Player "Emissarius" (steam64id="76561198271087379" pos=<7680.95, 43.72, 6518.09>) CloseFence
21:17:02: Player "Emissarius" (steam64id="76561198271087379" pos=<7680.21, 43.72, 6518.24>) CloseFence
21:17:03: Player "[L.B] Santorin" (steam64id="76561199069721527" pos=<7353.69, 14.30, 7143.75>) CloseFence
21:17:15: Player "[L.B] Santorin" (steam64id="76561199069721527" pos=<7352.98, 14.30, 7142.66>) CloseFence
21:17:51: Player "Emissarius" (steam64id="76561198271087379" pos=<7680.79, 43.72, 6517.45>) CloseFence
21:19:15: Player "[L.B] Santorin" (steam64id="76561199069721527" pos=<7350.21, 14.33, 7141.79>) CloseFence
21:21:17: Player "[L.B]Zeca" (steam64id="76561198211423224" pos=<7352.85, 14.30, 7142.96>) CloseFence
21:23:49: Player "[YKZ]-Notsniw" (steam64id="76561197967151252" pos=<11082.8, 4.21, 8427.97>) CloseFence
21:25:19: Player "[L.B]Zeca" (steam64id="76561198211423224" pos=<7353.98, 14.30, 7144.57>) CloseFence
21:25:58: Player "[YKZ]-Notsniw" (steam64id="76561197967151252" pos=<11085.1, 35.24, 8427.5>) CloseFence
21:26:18: Player "[L.B] Santorin" (steam64id="76561199069721527" pos=<7352.64, 14.32, 7142.12>) CloseFence
21:26:34: Player "Emissarius" (steam64id="76561198271087379" pos=<7680.16, 43.72, 6518.17>) CloseFence
21:26:36: Player "[L.B]Zeca" (steam64id="76561198211423224" pos=<7352.73, 14.30, 7143.52>) CloseFence
21:27:46: Player "[L.B] Santorin" (steam64id="76561199069721527" pos=<7354.05, 14.30, 7144.01>) CloseFence
21:27:58: Player "[L.B]Zeca" (steam64id="76561198211423224" pos=<7351.51, 14.33, 7141.82>) CloseFence
21:31:18: Player "Biel FxR" (steam64id="76561198050836260" pos=<7630.14, 12.20, 9813.33>) CloseFence
21:32:26: Player "Biel FxR" (steam64id="76561198050836260" pos=<7629.78, 12.20, 9816.1>) CloseFence
21:33:01: Player "Emissarius" (steam64id="76561198271087379" pos=<7680.42, 43.72, 6517.75>) CloseFence
21:33:03: Player "[L.B] Santorin" (steam64id="76561199069721527" pos=<7350.27, 14.30, 7146.8>) CloseFence
21:33:25: Player "[L.B] Santorin" (steam64id="76561199069721527" pos=<7351.35, 14.33, 7141.46>) CloseFence
21:34:59: Player "[L.B] Santorin" (steam64id="76561199069721527" pos=<7350.81, 14.30, 7147.16>) CloseFence
21:35:01: Player "[HORDA] JHON WICK" (steam64id="76561198122075703" pos=<9565.11, 2.82, 9580.54>) CloseFence
21:35:05: Player "[L.B]Zeca" (steam64id="76561198211423224" pos=<7353.67, 14.30, 7143.28>) CloseFence
21:35:06: Player "[HORDA] JHON WICK" (steam64id="76561198122075703" pos=<9562.31, 2.94, 9581.17>) CloseFence
21:35:43: Player "[HORDA]ThiagoPenna" (steam64id="76561198218822351" pos=<9564.68, 2.94, 9581.48>) CloseFence
21:35:54: Player "[L.B] Santorin" (steam64id="76561199069721527" pos=<7354, 14.30, 7143.88>) CloseFence
21:36:17: Player "[HORDA]ThiagoPenna" (steam64id="76561198218822351" pos=<9564.51, 2.94, 9582.61>) CloseFence
21:36:34: Player "[HORDA]ThiagoPenna" (steam64id="76561198218822351" pos=<9560.55, 2.94, 9580.18>) CloseFence
21:37:28: Player "[HORDA]ThiagoPenna" (steam64id="76561198218822351" pos=<9564.75, 2.94, 9581.84>) CloseFence
21:37:36: Player "[HORDA]ThiagoPenna" (steam64id="76561198218822351" pos=<9561.42, 2.94, 9580.25>) CloseFence
21:37:52: Player "[HORDA]ThiagoPenna" (steam64id="76561198218822351" pos=<9561.44, 2.94, 9581.92>) CloseFence
21:37:55: Player "Victor Brann" (steam64id="76561198082969189" pos=<9561.74, 2.94, 9582.52>) CloseFence
21:38:31: Player "[HORDA]ThiagoPenna" (steam64id="76561198218822351" pos=<9560.53, 2.94, 9581.11>) CloseFence
21:38:59: Player "[L.B] Santorin" (steam64id="76561199069721527" pos=<7353.6, 14.32, 7142.17>) CloseFence
21:39:28: Player "[L.B] Santorin" (steam64id="76561199069721527" pos=<7353.75, 14.30, 7144.72>) CloseFence
21:39:45: Player "[L.B] Santorin" (steam64id="76561199069721527" pos=<7349.5, 14.30, 7146.3>) CloseFence
21:40:45: Player "[L.B] Santorin" (steam64id="76561199069721527" pos=<7352.92, 14.30, 7144.32>) CloseFence
21:40:50: Player "Victor Brann" (steam64id="76561198082969189" pos=<9562.09, 2.94, 9581.01>) CloseFence
21:40:54: Player "[HORDA]ThiagoPenna" (steam64id="76561198218822351" pos=<9562.06, 2.94, 9581.13>) CloseFence
21:40:58: Player "[HORDA]ThiagoPenna" (steam64id="76561198218822351" pos=<9565.97, 2.59, 9579.83>) CloseFence
21:41:10: Player "[HORDA] JHON WICK" (steam64id="76561198122075703" pos=<9562.09, 2.94, 9580.57>) CloseFence
21:41:59: Player "[HORDA] JHON WICK" (steam64id="76561198122075703" pos=<9560.53, 2.94, 9581.61>) CloseFence
21:42:19: Player "[HORDA]ThiagoPenna" (steam64id="76561198218822351" pos=<9564.93, 2.95, 9581.21>) CloseFence
21:42:36: Player "[HORDA]ThiagoPenna" (steam64id="76561198218822351" pos=<9562.45, 2.94, 9580.8>) CloseFence
21:42:38: Player "[HORDA]ThiagoPenna" (steam64id="76561198218822351" pos=<9565.13, 2.92, 9580.83>) CloseFence
21:43:30: Player "[HORDA] JHON WICK" (steam64id="76561198122075703" pos=<9560.18, 2.94, 9581.32>) CloseFence
21:44:25: Player "[HORDA]ThiagoPenna" (steam64id="76561198218822351" pos=<9564.48, 2.94, 9582.05>) CloseFence
21:45:27: Player "[HORDA]ThiagoPenna" (steam64id="76561198218822351" pos=<9559.82, 2.94, 9581.56>) CloseFence
21:45:59: Player "[L.B] Santorin" (steam64id="76561199069721527" pos=<7353.29, 14.30, 7142.82>) CloseFence
21:46:07: Player "[L.B] Santorin" (steam64id="76561199069721527" pos=<7353.6, 14.30, 7144.34>) CloseFence
21:46:19: Player "[L.B] Santorin" (steam64id="76561199069721527" pos=<7352.54, 14.32, 7142.21>) CloseFence
21:46:27: Player "[HORDA]ThiagoPenna" (steam64id="76561198218822351" pos=<9562.02, 2.94, 9582.24>) CloseFence
21:47:20: Player "[L.B] Santorin" (steam64id="76561199069721527" pos=<7354.08, 14.30, 7144.15>) CloseFence
21:47:24: Player "[L.B] Santorin" (steam64id="76561199069721527" pos=<7352.73, 14.32, 7142.35>) CloseFence
21:47:59: Player "[HORDA] JHON WICK" (steam64id="76561198122075703" pos=<9561.43, 2.94, 9582.21>) CloseFence
21:48:09: Player "[L.B] Santorin" (steam64id="76561199069721527" pos=<7354.18, 14.30, 7144.19>) CloseFence
21:51:35: Player "Biel FxR" (steam64id="76561198050836260" pos=<7630.14, 12.20, 9813.5>) CloseFence
21:51:44: Player "[HORDA] JHON WICK" (steam64id="76561198122075703" pos=<9560.02, 2.94, 9581.78>) CloseFence
21:52:03: Player "Biel FxR" (steam64id="76561198050836260" pos=<7629.51, 12.20, 9815.83>) CloseFence
21:52:25: Player "[HORDA] JHON WICK" (steam64id="76561198122075703" pos=<9560.35, 2.94, 9582.11>) CloseFence
21:52:40: Player "[HORDA]ThiagoPenna" (steam64id="76561198218822351" pos=<9560.35, 2.94, 9582.1>) CloseFence
21:52:49: Player "[HORDA] JHON WICK" (steam64id="76561198122075703" pos=<9560.16, 2.94, 9582.43>) CloseFence
21:52:52: Player "[HORDA] JHON WICK" (steam64id="76561198122075703" pos=<9560.78, 2.94, 9580.78>) CloseFence
21:53:45: Player "[HORDA]ThiagoPenna" (steam64id="76561198218822351" pos=<9560.55, 2.94, 9581.31>) CloseFence
21:53:50: Player "[HORDA]ThiagoPenna" (steam64id="76561198218822351" pos=<9560.11, 2.94, 9581.31>) CloseFence
21:54:04: Player "TripaSeca" (steam64id="76561198093060507" pos=<7629.6, 12.20, 9814>) CloseFence
21:54:06: Player "Biel FxR" (steam64id="76561198050836260" pos=<7629.84, 12.20, 9814.14>) CloseFence
21:54:29: Player "[HORDA] zBieL" (steam64id="76561198001525812" pos=<9560.08, 2.94, 9581.41>) CloseFence
21:56:46: Player "Biel FxR" (steam64id="76561198050836260" pos=<7629.02, 12.20, 9814.61>) CloseFence
21:57:25: Player "Biel FxR" (steam64id="76561198050836260" pos=<7637.45, 12.21, 9775.91>) CloseFence
21:57:28: Player "TripaSeca" (steam64id="76561198093060507" pos=<7637.21, 12.06, 9773.33>) CloseFence
21:57:37: Player "Biel FxR" (steam64id="76561198050836260" pos=<7629.28, 12.20, 9815.37>) CloseFence
21:57:42: Player "Biel FxR" (steam64id="76561198050836260" pos=<7630.17, 12.20, 9813.7>) CloseFence
21:57:46: Player "[HORDA] zBieL" (steam64id="76561198001525812" pos=<9564.5, 2.94, 9581.87>) CloseFence
21:57:59: Player "Biel FxR" (steam64id="76561198050836260" pos=<7636.61, 12.07, 9773.96>) CloseFence
21:58:03: Player "[HORDA] zBieL" (steam64id="76561198001525812" pos=<9560.88, 2.94, 9580.21>) CloseFence
21:58:06: Player "TripaSeca" (steam64id="76561198093060507" pos=<7639.19, 12.06, 9773.75>) CloseFence
21:58:12: Player "[HORDA] zBieL" (steam64id="76561198001525812" pos=<9560.88, 2.94, 9580.21>) CloseFence
21:58:16: Player "[HORDA] zBieL" (steam64id="76561198001525812" pos=<9560.13, 2.94, 9581.09>) CloseFence
21:59:54: Player "Biel FxR" (steam64id="76561198050836260" pos=<7637.56, 12.18, 9775.39>) CloseFence
22:00:17: Player "TripaSeca" (steam64id="76561198093060507" pos=<7626.88, 12.20, 9812.93>) CloseFence
22:00:40: Player "Biel FxR" (steam64id="76561198050836260" pos=<7636.57, 12.07, 9774.5>) CloseFence
22:01:21: Player "Biel FxR" (steam64id="76561198050836260" pos=<7636.34, 12.07, 9773.49>) CloseFence
22:03:28: Player "Biel FxR" (steam64id="76561198050836260" pos=<7628.79, 12.20, 9814.34>) CloseFence
22:04:04: Player "Biel FxR" (steam64id="76561198050836260" pos=<7638.49, 12.06, 9773.4>) CloseFence
22:07:04: Player "Biel FxR" (steam64id="76561198050836260" pos=<7637.81, 12.07, 9775.2>) CloseFence
22:07:24: Player "Biel FxR" (steam64id="76561198050836260" pos=<7635.77, 12.07, 9773.34>) CloseFence
22:08:42: Player "Biel FxR" (steam64id="76561198050836260" pos=<7637.9, 12.07, 9775.19>) CloseFence
22:09:09: Player "Biel FxR" (steam64id="76561198050836260" pos=<7635.68, 12.07, 9773.46>) CloseFence
22:09:53: Player "Biel FxR" (steam64id="76561198050836260" pos=<7629.79, 12.20, 9815.24>) CloseFence
22:10:11: Player "Biel FxR" (steam64id="76561198050836260" pos=<7629.85, 12.20, 9813.69>) CloseFence
22:10:24: Player "Biel FxR" (steam64id="76561198050836260" pos=<7638.16, 12.06, 9774.04>) CloseFence
22:10:36: Player "Biel FxR" (steam64id="76561198050836260" pos=<7635.45, 12.07, 9773.26>) CloseFence
22:14:53: Player "TripaSeca" (steam64id="76561198093060507" pos=<7638.61, 12.07, 9774.65>) CloseFence
22:18:53: Player "[HORDA] zBieL" (steam64id="76561198001525812" pos=<9560.08, 2.94, 9582.69>) CloseFence
22:22:51: Player "TripaSeca" (steam64id="76561198093060507" pos=<7637.38, 12.07, 9774.26>) CloseFence
22:33:08: Player "Biel FxR" (steam64id="76561198050836260" pos=<7629.18, 12.20, 9814.36>) CloseFence
22:39:26: Player "TripaSeca" (steam64id="76561198093060507" pos=<7627.07, 12.20, 9816.49>) CloseFence
22:40:37: Player "Biel FxR" (steam64id="76561198050836260" pos=<7639.12, 12.06, 9773.31>) CloseFence
