19:42:03: Player "RFraga" (steam64id="76561198328585178" pos=<9800.83, 6.24, 14737.9>) [HP: 93.25] hit by Infectado into Torso(1) for 6.75 damage (MeleeZombieMale)
19:44:59: Player "RFraga" (steam64id="76561198328585178" pos=<10090.8, 3.95, 14526>) [HP: 97.8116] hit by Infectado into RightArm(17) for 7.5 damage (MeleeZombieFemale)
19:46:58: Player "RFraga" (steam64id="76561198328585178" pos=<10086.9, 3.80, 14491.4>) [HP: 98.4063] hit by Infectado into LeftLeg(8) for 6.375 damage (MeleeZombieFemale)
19:47:04: Player "RFraga" (steam64id="76561198328585178" pos=<10086.7, 3.79, 14486.8>) [HP: 98.6763] hit by Infectado into Block(-1) for 0 damage 
19:47:05: Player "RFraga" (steam64id="76561198328585178" pos=<10088.9, 3.77, 14484.9>) [HP: 98.6763] hit by Infectado into Block(-1) for 0 damage 
19:47:11: Player "RFraga" (steam64id="76561198328585178" pos=<10087.7, 3.79, 14486.6>) [HP: 92.1064] hit by Infectado into Torso(1) for 6.75 damage (MeleeZombieMale)
19:50:31: Player "RFraga" (steam64id="76561198328585178" pos=<10538, 2.86, 14352>) [HP: 97.2982] hit by Infectado into RightArm(17) for 7.5 damage (MeleeZombieFemale)
19:50:52: Player "RFraga" (steam64id="76561198328585178" pos=<10518.9, 0.99, 14334.5>) [HP: 91.1783] hit by Infectado into Torso(1) for 6.75 damage (MeleeZombieMale)
20:11:29: Player "RFraga" (steam64id="76561198328585178" pos=<10738.9, 9.47, 13933.1>) [HP: 99.25] hit by Infectado into RightArm(17) for 7.5 damage (MeleeZombieMale)
20:11:46: Player "RFraga" (steam64id="76561198328585178" pos=<10714.1, 7.68, 13938.1>) [HP: 92.9501] hit by Infectado into Torso(1) for 6.75 damage (MeleeZombieMale)
20:11:50: Player "RFraga" (steam64id="76561198328585178" pos=<10714.7, 7.70, 13937.3>) [HP: 91.4464] hit by Infectado into LeftLeg(8) for 6.375 damage (MeleeZombieMale)
20:12:56: Player "RFraga" (steam64id="76561198328585178" pos=<10809.5, 12.94, 13903.5>) [HP: 93.427] hit by Infectado into Block(-1) for 0 damage 
20:13:02: Player "RFraga" (steam64id="76561198328585178" pos=<10810.2, 12.97, 13903.7>) [HP: 92.8571] hit by Infectado into RightArm(17) for 7.5 damage (MeleeZombieMale)
20:18:20: Player "RFraga" (steam64id="76561198328585178" pos=<10861.4, 15.07, 13655>) [HP: 100] hit by Infectado into Block(-1) for 0 damage 
20:18:25: Player "RFraga" (steam64id="76561198328585178" pos=<10858.9, 15.10, 13653.9>) [HP: 98.9375] hit by Infectado into RightLeg(3) for 4.25 damage (MeleeZombie)
20:24:48: Player "RFraga" (steam64id="76561198328585178" pos=<10917.6, 14.58, 13564.3>) [HP: 96.625] hit by Infectado into Torso(1) for 3.375 damage (MeleeZombie)
20:24:51: Player "RFraga" (steam64id="76561198328585178" pos=<10917.2, 14.58, 13564.2>) [HP: 96.715] hit by Infectado into Block(-1) for 0 damage 
20:28:45: Player "RFraga" (steam64id="76561198328585178" pos=<10767.1, 10.11, 13619>) [HP: 98.9375] hit by Infectado into RightLeg(3) for 4.25 damage (MeleeZombie)
20:34:35: Player "RFraga" (steam64id="76561198328585178" pos=<10521.6, 18.96, 13553.1>) [HP: 99.25] hit by Infectado into RightArm(17) for 7.5 damage (MeleeZombieFemale)
20:43:58: Player "RFraga" (steam64id="76561198328585178" pos=<11066.5, 15.47, 12606.1>) [HP: 98.4063] hit by Infectado into RightLeg(3) for 6.375 damage (MeleeZombieMale)
20:44:05: Player "RFraga" (steam64id="76561198328585178" pos=<11065.9, 15.73, 12597.3>) [HP: 98.5853] hit by Infectado into Block(-1) for 0 damage 
20:44:12: Player "RFraga" (steam64id="76561198328585178" pos=<11065.8, 15.72, 12597.8>) [HP: 98.01] hit by Infectado into LeftArm(18) for 7.5 damage (MeleeZombieMale)
20:48:45: Player "llenos" (steam64id="76561198089014673" pos=<9849.48, 16.59, 14499.2>) [HP: 87.565] hit by FallDamage
20:50:02: Player "llenos" (steam64id="76561198089014673" pos=<10061.1, 4.22, 14537.6>) [HP: 89.8156] hit by Infectado into Block(-1) for 0 damage 
20:50:22: Player "llenos" (steam64id="76561198089014673" pos=<10067.3, 4.01, 14537.3>) [HP: 89.6958] hit by Infectado into LeftArm(18) for 7.5 damage (MeleeZombieMale)
20:52:28: Player "RFraga" (steam64id="76561198328585178" pos=<11067.7, 15.90, 12591.7>) [HP: 99.25] hit by Infectado into LeftArm(18) for 7.5 damage (MeleeZombieFemale)
21:04:47: Player "llenos" (steam64id="76561198089014673" pos=<10652.3, 11.44, 13802.3>) [HP: 98.4063] hit by Infectado into RightLeg(3) for 6.375 damage (MeleeZombieFemale)
21:04:57: Player "llenos" (steam64id="76561198089014673" pos=<10646.3, 11.61, 13809.2>) [HP: 97.9263] hit by Infectado into RightArm(17) for 7.5 damage (MeleeZombieMale)
21:05:01: Player "llenos" (steam64id="76561198089014673" pos=<10646.6, 11.65, 13809.9>) [HP: 97.3564] hit by Infectado into LeftArm(18) for 7.5 damage (MeleeZombieMale)
21:10:02: Player "VTrl" (steam64id="76561198057766864" pos=<10085.5, 4.00, 14522.6>) [HP: 92.5] hit by Infectado into Torso(1) for 7.5 damage (MeleeZombieMale)
21:10:04: Player "VTrl" (steam64id="76561198057766864" pos=<10085.6, 4.00, 14523.1>) [HP: 90.9963] hit by Infectado into RightLeg(3) for 6.375 damage (MeleeZombieMale)
21:13:36: Player "llenos" (steam64id="76561198089014673" pos=<10706.8, 13.80, 13496.4>) [HP: 100] hit by Infectado into Block(-1) for 0 damage 
21:21:03: Player "RFraga" (steam64id="76561198328585178" pos=<10315.4, 10.97, 11035>) [HP: 98.4976] hit by FallDamage
21:31:50: Player "llenos" (steam64id="76561198089014673" pos=<10893.9, 14.21, 13633.1>) [HP: 99.5] hit by Infectado into LeftArm(18) for 5 damage (MeleeZombie)
21:33:07: Player "llenos" (steam64id="76561198089014673" pos=<10919.2, 14.71, 13595.3>) [HP: 99.5] hit by Infectado into RightArm(17) for 5 damage (MeleeZombie)
21:33:09: Player "llenos" (steam64id="76561198089014673" pos=<10919.5, 14.71, 13593.1>) [HP: 98.4375] hit by Infectado into RightLeg(3) for 4.25 damage (MeleeZombie)
21:42:44: Player "llenos" (steam64id="76561198089014673" pos=<10500.5, 24.87, 12986.8>) [HP: 99] hit by Infectado into RightArm(17) for 10 damage (MeleeZombieSoldier)
21:48:31: Player "NIGHT_HUNTER_CHANEL_GAMER" (steam64id="76561198315834625" pos=<10908.4, 14.69, 13619.3>) [HP: 99.5] hit by Infectado into RightArm(17) for 5 damage (MeleeZombie)
22:00:58: Player "llenos" (steam64id="76561198089014673" pos=<10164.9, 15.25, 12542>) [HP: 99.25] hit by Infectado into RightArm(17) for 7.5 damage (MeleeZombieFemale)
22:04:21: Player "llenos" (steam64id="76561198089014673" pos=<10311, 17.45, 12554.7>) [HP: 100] hit by Infectado into Block(-1) for 0 damage 
22:04:27: Player "llenos" (steam64id="76561198089014673" pos=<10313.1, 17.47, 12553.6>) [HP: 100] hit by Infectado into Block(-1) for 0 damage 
22:04:28: Player "llenos" (steam64id="76561198089014673" pos=<10312.8, 17.42, 12551>) [HP: 100] hit by Infectado into Block(-1) for 0 damage 
22:06:39: Player "llenos" (steam64id="76561198089014673" pos=<10622.7, 19.64, 12281>) [HP: 93.4602] hit by FallDamage
22:41:45: Player "Hruotegar" (steam64id="76561198046558677" pos=<10549.4, 18.58, 13560.2>) [HP: 92.5] hit by Infectado into Torso(1) for 7.5 damage (MeleeZombieMale)
22:41:49: Player "Hruotegar" (steam64id="76561198046558677" pos=<10548.9, 18.48, 13559.5>) [HP: 91.9301] hit by Infectado into LeftArm(18) for 7.5 damage (MeleeZombieMale)
22:42:08: Player "Hruotegar" (steam64id="76561198046558677" pos=<10554.6, 18.34, 13555.5>) [HP: 84.9702] hit by Infectado into Torso(1) for 7.5 damage (MeleeZombieMale)
22:42:09: Player "Hruotegar" (steam64id="76561198046558677" pos=<10554.5, 19.28, 13553.1>) [HP: 77.4702] hit by Infectado into Torso(1) for 7.5 damage (MeleeZombieMale)
22:42:23: Player "Hruotegar" (steam64id="76561198046558677" pos=<10617.3, 17.98, 13553.5>) [HP: 77.9203] hit by Infectado into Block(-1) for 0 damage 
22:42:29: Player "Hruotegar" (steam64id="76561198046558677" pos=<10619.4, 17.90, 13554.3>) [HP: 78.1004] hit by Infectado into Block(-1) for 0 damage 
22:46:22: Player "Hruotegar" (steam64id="76561198046558677" pos=<10770.8, 12.88, 13525.3>) [HP: 85.0325] hit by Infectado into Block(-1) for 0 damage 
22:46:28: Player "Hruotegar" (steam64id="76561198046558677" pos=<10773.1, 12.80, 13524.2>) [HP: 85.3026] hit by Infectado into Block(-1) for 0 damage 
22:47:19: Player "Hruotegar" (steam64id="76561198046558677" pos=<10764.1, 12.94, 13532>) [HP: 86.243] hit by Infectado into RightArm(17) for 5 damage (MeleeZombie)
22:47:23: Player "Hruotegar" (steam64id="76561198046558677" pos=<10765.7, 12.98, 13527.7>) [HP: 86.423] hit by Infectado into Block(-1) for 0 damage 
22:47:24: Player "Hruotegar" (steam64id="76561198046558677" pos=<10767.7, 12.90, 13529>) [HP: 86.423] hit by Infectado into Block(-1) for 0 damage 
22:47:26: Player "Hruotegar" (steam64id="76561198046558677" pos=<10767.5, 12.91, 13529.3>) [HP: 86.0131] hit by Infectado into LeftArm(18) for 5 damage (MeleeZombie)
22:50:00: Player "Hruotegar" (steam64id="76561198046558677" pos=<10574.1, 32.19, 13103.2>) [HP: 90.6044] hit by Infectado into Block(-1) for 0 damage 
22:51:05: Player "Hruotegar" (steam64id="76561198046558677" pos=<10470.5, 26.43, 12988.4>) [HP: 86.96] hit by Infectado into Torso(1) for 5.625 damage (MeleeZombieMale)
22:51:08: Player "Hruotegar" (steam64id="76561198046558677" pos=<10471.2, 27.88, 12989.1>) [HP: 84.925] hit by Infectado into LeftLeg(8) for 8.5 damage (MeleeZombieSoldier)
22:51:09: Player "Hruotegar" (steam64id="76561198046558677" pos=<10471.5, 27.87, 12989.1>) [HP: 83.925] hit by Infectado into LeftArm(18) for 10 damage (MeleeZombieSoldier)
22:52:43: Player "Hruotegar" (steam64id="76561198046558677" pos=<10474.6, 26.43, 12982.7>) [HP: 86.4693] hit by Infectado into Block(-1) for 0 damage 
22:52:46: Player "Hruotegar" (steam64id="76561198046558677" pos=<10476.2, 26.43, 12985.6>) [HP: 86.5501] hit by Infectado into Block(-1) for 0 damage 
22:52:48: Player "Hruotegar" (steam64id="76561198046558677" pos=<10473.9, 26.43, 12984.6>) [HP: 85.6308] hit by Infectado into LeftArm(18) for 10 damage (MeleeZombieSoldier)
22:54:24: Player "Hruotegar" (steam64id="76561198046558677" pos=<10500.3, 25.53, 12979.1>) [HP: 79.7215] hit by Infectado into Torso(1) for 8.5 damage (MeleeZombieSoldier)
22:54:25: Player "Hruotegar" (steam64id="76561198046558677" pos=<10499.7, 25.41, 12978.6>) [HP: 78.7215] hit by Infectado into RightArm(17) for 10 damage (MeleeZombieSoldier)
