00:14:13: Player "[HORDA]LUCASBR" (steam64id="76561198973828354" pos=<9561.03, 6.07, 9582.72>) DeployObject dp_box_small_Olive
00:14:21: Player "[HORDA]LUCASBR" (steam64id="76561198973828354" pos=<9561.78, 6.07, 9581.84>) DeployObject dp_box_small_Olive
00:52:24: Player "[YKZ]-BlackBear" (steam64id="76561198343030820" pos=<11084.5, 11.06, 8431>) FoldBaseBuildingObject dp_door
00:52:39: Player "[ONE] JAPA" (steam64id="76561198161060673" pos=<9552.03, 51.10, 12172.7>) DeployObject FenceKit
00:52:53: Player "[YKZ]-BlackBear" (steam64id="76561198343030820" pos=<11084.7, 9.29, 8427.54>) DeployObject dp_door_Kit
00:53:38: Player "[ONE] JAPA" (steam64id="76561198161060673" pos=<9551.53, 51.10, 12172.9>) DeployObject FenceKit
00:54:59: Player "[ONE] JAPA" (steam64id="76561198161060673" pos=<9555.41, 51.10, 12179.7>) DeployObject FenceKit
00:56:18: Player "[ONE] JAPA" (steam64id="76561198161060673" pos=<9552.39, 48.44, 12177.8>) DeployObject CrateVIP
01:02:33: Player "[YKZ]-BlackBear" (steam64id="76561198343030820" pos=<11085.9, 27.98, 8426.37>) DismantlePart dp_door_gate
01:03:03: Player "[YKZ]-BlackBear" (steam64id="76561198343030820" pos=<11085.8, 27.98, 8426.44>) DismantlePart dp_karkas
01:04:22: Player "[YKZ]-BlackBear" (steam64id="76561198343030820" pos=<11086.5, 27.98, 8426.71>) DismantlePart dp_base
01:05:59: Player "[YKZ]-BlackBear" (steam64id="76561198343030820" pos=<11084.7, 27.98, 8427.44>) DeployObject dp_door_Kit
01:09:12: Player "[YKZ]-BlackBear" (steam64id="76561198343030820" pos=<11083.5, 11.11, 8432.52>) DeployObject dp_door_Kit
01:13:13: Player "[YKZ]-BlackBear" (steam64id="76561198343030820" pos=<11083.3, 11.11, 8432.67>) DeployObject dp_door_Kit
01:19:26: Player "[YKZ]-BlackBear" (steam64id="76561198343030820" pos=<11085.3, 10.17, 8430.24>) DeployObject dp_door_Kit
01:19:41: Player "[YKZ]-BlackBear" (steam64id="76561198343030820" pos=<11085.3, 10.29, 8430.17>) FoldBaseBuildingObject dp_door
01:20:36: Player "[YKZ]-BlackBear" (steam64id="76561198343030820" pos=<11085.2, 10.21, 8430.39>) DeployObject dp_door_Kit
01:23:01: Player "Kenne" (steam64id="76561199162256124" pos=<8848.5, 7.59, 10251.5>) DeployObject dp_trashcan_blue
09:57:48: Player "[L.B]Hunter" (steam64id="76561199247778251" pos=<7355.52, 18.46, 7134.61>) DeployObject dp_trashcan_blue
09:58:40: Player "[L.B]Hunter" (steam64id="76561199247778251" pos=<7355.58, 18.46, 7134.5>) DeployObject dp_trashcan_blue
10:02:46: Player "[L.B] Santorin" (steam64id="76561199069721527" pos=<7352.9, 14.33, 7140.64>) DeployObject dp_roof_Kit
10:03:43: Player "[L.B] Santorin" (steam64id="76561199069721527" pos=<7352.86, 16.16, 7143.56>) FoldBaseBuildingObject dp_roof
10:04:53: Player "[L.B] Santorin" (steam64id="76561199069721527" pos=<7352.72, 14.33, 7140.19>) DeployObject dp_roof_Kit
10:12:53: Player "[YKZ] chron1c" (steam64id="76561198205585613" pos=<11090.5, 35.24, 8421.41>) DeployObject HRM_Painted_Barrel_VSR
10:46:14: Player "[YKZ] chron1c" (steam64id="76561198205585613" pos=<11082.8, 11.95, 8429.83>) DeployObject dp_door_Kit
10:48:37: Player "[YKZ] chron1c" (steam64id="76561198205585613" pos=<11085.2, 29.13, 8430.42>) DeployObject dp_door_Kit
11:02:53: Player "[YKZ] chron1c" (steam64id="76561198205585613" pos=<11094.8, 35.24, 8424.95>) DeployObject dp_box_big_Tan
11:03:40: Player "[YKZ] chron1c" (steam64id="76561198205585613" pos=<11094.4, 35.69, 8424.35>) DeployObject dp_box_big_Tan
12:53:48: Player "[YKZ]-Lobato" (steam64id="76561198158375860" pos=<11150, 6.66, 8382.78>) DeployObject LandMineTrap
13:30:44: Player "Space_Floyd" (steam64id="76561199081897475" pos=<10327.9, 14.96, 11868.3>) DeployObject dp_wall_big_Kit
13:37:55: Player "Biel FxR" (steam64id="76561198050836260" pos=<7617.6, 13.22, 9817.56>) DeployObject Spotlight
14:02:08: Player "[EB] alemao" (steam64id="76561198046653521" pos=<10389.4, 14.52, 10612.8>) DeployObject dp_refrigerator
14:02:31: Player "[EB] alemao" (steam64id="76561198046653521" pos=<10389.5, 14.52, 10612.5>) DeployObject dp_refrigerator
14:13:05: Player "[HORDA] zBieL" (steam64id="76561198001525812" pos=<10807.9, 12.52, 13580.3>) DeployObject BearTrap
14:13:34: Player "[YKZ] chron1c" (steam64id="76561198205585613" pos=<11091.2, 31.86, 8424.75>) DeployObject PartyTent_Brown
14:13:35: Player "[L.B] Santorin" (steam64id="76561199069721527" pos=<7352.51, 14.33, 7137.35>) DeployObject dp_door_Kit
14:14:03: Player "[L.B] Santorin" (steam64id="76561199069721527" pos=<7351.56, 14.33, 7138.55>) DeployObject FenceKit
14:14:59: Player "[L.B] Santorin" (steam64id="76561199069721527" pos=<7352.72, 14.33, 7140.56>) FoldBaseBuildingObject Fence
14:15:01: Player "[YKZ] Emissarius" (steam64id="76561198271087379" pos=<11079.4, 31.61, 8426.43>) DeployObject dp_locker_greenKit
14:15:32: Player "[L.B] Santorin" (steam64id="76561199069721527" pos=<7351.33, 14.33, 7140.92>) DeployObject FenceKit
14:15:44: Player "[L.B] Santorin" (steam64id="76561199069721527" pos=<7352.56, 14.33, 7137.9>) FoldBaseBuildingObject dp_door
14:16:10: Player "[L.B] Santorin" (steam64id="76561199069721527" pos=<7352.21, 14.33, 7136.29>) DeployObject dp_door_Kit
14:16:45: Player "[YKZ] chron1c" (steam64id="76561198205585613" pos=<11091.3, 31.86, 8424.28>) DeployObject PartyTent
14:17:20: Player "{KMG}-Rockeiro" (steam64id="76561198928581570" pos=<10766.6, 13.42, 13536.3>) DeployObject BearTrap
14:18:42: Player "[L.B] Santorin" (steam64id="76561199069721527" pos=<7348.46, 14.33, 7139.71>) DeployObject FenceKit
14:21:12: Player "[YKZ] chron1c" (steam64id="76561198205585613" pos=<11092.4, 31.61, 8419.92>) DeployObject dp_locker_greenKit
14:22:06: Player "[YKZ] chron1c" (steam64id="76561198205585613" pos=<11092.6, 31.61, 8419.83>) DeployObject dp_locker_greenKit
14:25:03: Player "{KMG}-Rockeiro" (steam64id="76561198928581570" pos=<10741.9, 13.72, 13472.5>) DeployObject BearTrap
14:25:05: Player "C O R U J A" (steam64id="76561198819003355" pos=<7358.49, 14.63, 7137.94>) DeployObject PartyTent_Blue
14:25:20: Player "[L.B] Santorin" (steam64id="76561199069721527" pos=<7355.85, 14.33, 7141.28>) MountBarbedWire Fence
14:25:35: Player "[YKZ] chron1c" (steam64id="76561198205585613" pos=<11092.2, 31.61, 8420.34>) DeployObject dp_locker_blueKit
14:26:00: Player "[L.B] Santorin" (steam64id="76561199069721527" pos=<7349.87, 14.33, 7138.45>) MountBarbedWire Fence
14:26:55: Player "[L.B] Santorin" (steam64id="76561199069721527" pos=<7350.36, 14.33, 7138.48>) UnmountBarbedWire Fence
14:28:52: Player "[L.B]TropaDoEnguisa" (steam64id="76561198211423224" pos=<7356.27, 14.33, 7140.77>) UnmountBarbedWire Fence
14:28:55: Player "[YKZ]-BlackBear" (steam64id="76561198343030820" pos=<11083.2, 27.12, 8429.05>) DeployObject dp_door_Kit
14:29:37: Player "[L.B] Santorin" (steam64id="76561199069721527" pos=<7355.31, 14.33, 7135.7>) DeployObject FenceKit
14:32:51: Player "[L.B] Santorin" (steam64id="76561199069721527" pos=<7351.35, 14.33, 7133.21>) DeployObject FenceKit
14:34:49: Player "[L.B] Santorin" (steam64id="76561199069721527" pos=<7351.93, 14.33, 7133.2>) DeployObject dp_door_Kit
14:36:18: Player "{KMG}-Rockeiro" (steam64id="76561198928581570" pos=<10741.7, 13.72, 13469.8>) DeployObject BearTrap
14:36:31: Player "{KMG}-Rockeiro" (steam64id="76561198928581570" pos=<10741.7, 13.72, 13469.8>) DeployObject BearTrap
14:37:04: Player "{KMG}-Rockeiro" (steam64id="76561198928581570" pos=<10741.8, 13.72, 13470>) DeployObject BearTrap
14:38:13: Player "{KMG}-Rockeiro" (steam64id="76561198928581570" pos=<10741.9, 13.72, 13470.5>) DeployObject BearTrap
14:38:34: Player "{KMG}-Rockeiro" (steam64id="76561198928581570" pos=<10742.1, 13.72, 13472.8>) DeployObject BearTrap
14:41:08: Player "[L.B] Santorin" (steam64id="76561199069721527" pos=<7351.8, 17.03, 7137.18>) DeployObject FenceKit
14:50:06: Player "[L.B] Santorin" (steam64id="76561199069721527" pos=<7350.22, 14.33, 7138.85>) DeployObject Barrel_Red
14:50:32: Player "[L.B] Santorin" (steam64id="76561199069721527" pos=<7344.26, 14.33, 7135.09>) DeployObject Barrel_Red
14:51:45: Player "[L.B] Santorin" (steam64id="76561199069721527" pos=<7349.05, 15.63, 7136.41>) DeployObject FenceKit
14:57:15: Player "C O R U J A" (steam64id="76561198819003355" pos=<6569.82, 7.41, 7162.31>) DeployObject BearTrap
15:01:04: Player "[L.B] Santorin" (steam64id="76561199069721527" pos=<7356.4, 15.16, 7138.94>) DeployObject FenceKit
15:03:34: Player "[L.B]TropaDoEnguisa" (steam64id="76561198211423224" pos=<7359.12, 18.87, 7137.18>) DeployObject dp_box_small_Olive
15:03:45: Player "[L.B]TropaDoEnguisa" (steam64id="76561198211423224" pos=<7358.37, 18.46, 7137.69>) DeployObject dp_box_small_Olive
15:04:10: Player "[L.B]TropaDoEnguisa" (steam64id="76561198211423224" pos=<7358.36, 18.46, 7137.95>) DeployObject dp_box_small_Olive
15:04:33: Player "[L.B] Santorin" (steam64id="76561199069721527" pos=<7355.29, 14.33, 7135.71>) DeployObject FenceKit
15:05:48: Player "[L.B]TropaDoEnguisa" (steam64id="76561198211423224" pos=<7361.94, 18.46, 7133.08>) DeployObject dp_box_small_Brown
15:06:05: Player "[L.B]TropaDoEnguisa" (steam64id="76561198211423224" pos=<7362.3, 18.46, 7132.9>) DeployObject dp_box_small_Brown
15:09:12: Player "[L.B] Santorin" (steam64id="76561199069721527" pos=<7351.93, 14.33, 7133.31>) DeployObject dp_door_Kit
15:14:21: Player "Biel FxR" (steam64id="76561198050836260" pos=<7636.44, 14.84, 9776.61>) DismantlePart wall_wood_down
15:14:41: Player "Biel FxR" (steam64id="76561198050836260" pos=<7636.44, 14.84, 9776.61>) DismantlePart wall_base_down
15:15:36: Player "Biel FxR" (steam64id="76561198050836260" pos=<7634.33, 14.84, 9775.24>) DismantlePart base
15:16:17: Player "Biel FxR" (steam64id="76561198050836260" pos=<7633.88, 14.84, 9776.36>) DeployObject FenceKit
15:17:26: Player "Biel FxR" (steam64id="76561198050836260" pos=<7636, 14.88, 9776.51>) FoldBaseBuildingObject Fence
15:18:18: Player "Biel FxR" (steam64id="76561198050836260" pos=<7638.06, 12.05, 9772.35>) DeployObject FenceKit
15:19:10: Player "[L.B] Santorin" (steam64id="76561199069721527" pos=<7351.68, 17.21, 7133.57>) DismantlePart dp_base
15:19:15: Player "Biel FxR" (steam64id="76561198050836260" pos=<7635.83, 14.84, 9776.33>) FoldBaseBuildingObject Fence
15:19:47: Player "Biel FxR" (steam64id="76561198050836260" pos=<7637.91, 12.06, 9772.55>) DeployObject FenceKit
15:23:58: Player "Biel FxR" (steam64id="76561198050836260" pos=<7634.82, 14.84, 9775.99>) DismantlePart wall_wood_down
15:24:28: Player "Biel FxR" (steam64id="76561198050836260" pos=<7634.94, 14.84, 9775.93>) DismantlePart wall_base_down
15:24:57: Player "Biel FxR" (steam64id="76561198050836260" pos=<7635.41, 12.07, 9773.89>) DismantlePart base
15:27:30: Player "Biel FxR" (steam64id="76561198050836260" pos=<7637.94, 12.05, 9772.37>) DeployObject FenceKit
15:30:19: Player "Biel FxR" (steam64id="76561198050836260" pos=<7633.77, 14.78, 9774.8>) DismantlePart base
15:32:08: Player "Biel FxR" (steam64id="76561198050836260" pos=<7637.97, 12.05, 9772.41>) DeployObject FenceKit
15:32:49: Player "Biel FxR" (steam64id="76561198050836260" pos=<7634.66, 14.84, 9775.85>) FoldBaseBuildingObject Fence
15:33:24: Player "Biel FxR" (steam64id="76561198050836260" pos=<7637.48, 12.06, 9773.33>) DeployObject FenceKit
15:33:49: Player "Biel FxR" (steam64id="76561198050836260" pos=<7634.57, 14.84, 9775.76>) FoldBaseBuildingObject Fence
15:34:17: Player "Biel FxR" (steam64id="76561198050836260" pos=<7637.38, 12.06, 9773.42>) DeployObject FenceKit
15:34:30: Player "Biel FxR" (steam64id="76561198050836260" pos=<7634.55, 14.84, 9775.86>) FoldBaseBuildingObject Fence
15:35:09: Player "Biel FxR" (steam64id="76561198050836260" pos=<7637.24, 12.07, 9773.53>) DeployObject FenceKit
15:40:39: Player "[L.B] Santorin" (steam64id="76561199069721527" pos=<7354.63, 14.33, 7134.23>) DismantlePart wall_platform_stairs_right
16:02:55: Player "[L.B]Hunter" (steam64id="76561199247778251" pos=<7352.4, 16.96, 7134.63>) DismantlePart wall_platform
16:03:54: Player "[L.B]Hunter" (steam64id="76561199247778251" pos=<7354.78, 14.33, 7136.61>) DismantlePart wall_platform
16:18:45: Player "zikazeka" (steam64id="76561199004660971" pos=<10066.1, 19.77, 12581.3>) DeployObject BearTrap
16:19:04: Player "[L.B] Santorin" (steam64id="76561199069721527" pos=<7352.09, 14.33, 7134.97>) DeployObject dp_door_Kit
16:26:15: Player "[L.B] Santorin" (steam64id="76561199069721527" pos=<7349.48, 14.33, 7133.7>) DeployObject dp_metal_door_Kit
16:26:25: Player "[L.B] Santorin" (steam64id="76561199069721527" pos=<7350.67, 14.33, 7133.6>) FoldBaseBuildingObject dp_metal_door
16:26:38: Player "[L.B] Santorin" (steam64id="76561199069721527" pos=<7349.78, 14.33, 7133.86>) DeployObject dp_metal_door_Kit
16:27:39: Player "[L.B] Santorin" (steam64id="76561199069721527" pos=<7350.15, 14.33, 7133.96>) DismantlePart dp_base_md
16:27:57: Player "[L.B] Santorin" (steam64id="76561199069721527" pos=<7349.67, 14.33, 7133.97>) DeployObject dp_metal_door_Kit
16:33:44: Player "[L.B] Santorin" (steam64id="76561199069721527" pos=<7352.11, 14.33, 7133.06>) DeployObject dp_roof_Kit
16:34:42: Player "[L.B] Santorin" (steam64id="76561199069721527" pos=<7352.43, 14.37, 7135.9>) FoldBaseBuildingObject dp_roof
16:35:19: Player "[L.B] Santorin" (steam64id="76561199069721527" pos=<7355.63, 14.47, 7140.26>) DeployObject dp_roof_Kit
16:35:58: Player "[L.B] Santorin" (steam64id="76561199069721527" pos=<7355.96, 16.59, 7136.43>) FoldBaseBuildingObject dp_roof
16:38:08: Player "[L.B] Santorin" (steam64id="76561199069721527" pos=<7357.94, 18.46, 7137.13>) DeployObject dp_roof_Kit
16:38:54: Player "[L.B] Santorin" (steam64id="76561199069721527" pos=<7355.99, 15.34, 7138.78>) FoldBaseBuildingObject dp_roof
16:41:15: Player "Dixon" (steam64id="76561198159099606" pos=<7360.23, 14.33, 7137.05>) DeployObject dp_roof_Kit
16:41:40: Player "Dixon" (steam64id="76561198159099606" pos=<7357.04, 14.74, 7139.87>) FoldBaseBuildingObject dp_roof
16:44:49: Player "Dixon" (steam64id="76561198159099606" pos=<7358.81, 14.33, 7138.08>) DeployObject dp_roof_Kit
16:45:02: Player "Dixon" (steam64id="76561198159099606" pos=<7354.88, 14.33, 7141.36>) FoldBaseBuildingObject dp_roof
16:57:59: Player "zikazeka" (steam64id="76561199004660971" pos=<9843.25, 2.39, 9409.6>) DeployObject Fireplace
17:23:47: Player "[HORDA]ThiagoPenna" (steam64id="76561198218822351" pos=<9955.44, 19.17, 11778>) DeployObject dp_gunrackKit
17:24:38: Player "[HORDA]ThiagoPenna" (steam64id="76561198218822351" pos=<9955.42, 19.17, 11778>) DeployObject dp_gunrackKit
17:30:06: Player "Beto" (steam64id="76561198329721265" pos=<8856.58, 11.61, 10238.7>) DeployObject dp_gunrackKit
17:30:42: Player "Beto" (steam64id="76561198329721265" pos=<8856.04, 11.61, 10239.8>) DeployObject dp_box_small_Olive
17:31:28: Player "Beto" (steam64id="76561198329721265" pos=<8856.68, 11.61, 10239.4>) DeployObject dp_locker_grayKit
17:33:20: Player "[HORDA]ThiagoPenna" (steam64id="76561198218822351" pos=<9956.4, 7.53, 11777.2>) DeployObject dp_box_big_Grey
17:36:35: Player "[HORDA]ThiagoPenna" (steam64id="76561198218822351" pos=<9958.94, 23.84, 11777.7>) DeployObject dp_locker_greenKit
17:38:43: Player "RUSSO" (steam64id="76561199151608044" pos=<10324.7, 14.83, 11869.3>) DeployObject FenceKit
17:39:42: Player "RUSSO" (steam64id="76561199151608044" pos=<10324.2, 14.83, 11868.3>) DeployObject FenceKit
17:43:46: Player "RUSSO" (steam64id="76561199151608044" pos=<10326, 14.83, 11866.3>) DeployObject ShelterKit
17:44:12: Player "[HORDA]ThiagoPenna" (steam64id="76561198218822351" pos=<10430.3, 42.93, 11227.6>) DeployObject dp_trashcan_green
17:48:34: Player "MarcoLa" (steam64id="76561198352149308" pos=<10116.7, 17.24, 12708.2>) DeployObject dp_roof_Kit
17:48:57: Player "KuramaDLC" (steam64id="76561198180192045" pos=<10114.4, 17.24, 12709.2>) FoldBaseBuildingObject dp_roof
17:50:23: Player "MarcoLa" (steam64id="76561198352149308" pos=<10117.3, 17.25, 12708.4>) DeployObject dp_roof_Kit
17:50:27: Player "RUSSO" (steam64id="76561199151608044" pos=<10321.8, 14.83, 11866.3>) DismantlePart wall_gate
17:51:19: Player "KuramaDLC" (steam64id="76561198180192045" pos=<10115.4, 17.24, 12709.5>) FoldBaseBuildingObject dp_roof
17:54:55: Player "[YKZ] Emissarius" (steam64id="76561198271087379" pos=<11085.5, 31.61, 8425.88>) DeployObject dp_trashcan_green
17:58:05: Player "RUSSO" (steam64id="76561199151608044" pos=<10326.3, 14.83, 11870.7>) DeployObject FenceKit
17:59:17: Player "RUSSO" (steam64id="76561199151608044" pos=<10325.9, 14.83, 11868.4>) FoldBaseBuildingObject Fence
17:59:46: Player "RUSSO" (steam64id="76561199151608044" pos=<10327.5, 14.83, 11872.1>) DeployObject FenceKit
18:15:13: Player "[EB] alemao" (steam64id="76561198046653521" pos=<10391.5, 17.66, 10610.5>) DeployObject dp_weapons_stand_Kit
18:25:56: Player "[EB] alemao" (steam64id="76561198046653521" pos=<10387.4, 17.66, 10617.5>) DeployObject FenceKit
18:34:23: Player "[EB] alemao" (steam64id="76561198046653521" pos=<10390.3, 17.65, 10610.9>) DeployObject FenceKit
18:36:41: Player "[EB] alemao" (steam64id="76561198046653521" pos=<10390.2, 17.66, 10612.9>) FoldBaseBuildingObject Fence
18:36:46: Player "[HORDA] JHON WICK" (steam64id="76561198122075703" pos=<9556.19, 2.94, 9587.93>) UnmountBarbedWire Fence
18:38:07: Player "Biel FxR" (steam64id="76561198050836260" pos=<7548.73, 28.05, 7898.8>) DismantlePart wall_gate
18:38:32: Player "[YKZ] Felps" (steam64id="76561198892779186" pos=<10946.8, 4.00, 7675.09>) DeployObject Spotlight
18:38:48: Player "[YKZ] Felps" (steam64id="76561198892779186" pos=<10941, 4.00, 7675.79>) DeployObject Spotlight
18:42:40: Player "Biel FxR" (steam64id="76561198050836260" pos=<7548.84, 28.05, 7898.95>) DismantlePart wall_gate
18:43:17: Player "[HORDA] JHON WICK" (steam64id="76561198122075703" pos=<9564.48, 2.75, 9577.25>) UnmountBarbedWire Watchtower
18:43:30: Player "[HORDA] JHON WICK" (steam64id="76561198122075703" pos=<9565.24, 2.72, 9577.31>) UnmountBarbedWire Watchtower
18:58:45: Player "[HORDA]ThiagoPenna" (steam64id="76561198218822351" pos=<9952.94, 7.53, 11777.9>) DeployObject dp_locker_grayKit
18:59:25: Player "[HORDA]ThiagoPenna" (steam64id="76561198218822351" pos=<9960.25, 7.70, 11757.3>) DeployObject dp_weapons_stand_Kit
19:02:53: Player "[HORDA] JHON WICK" (steam64id="76561198122075703" pos=<9957.57, 27.26, 11779.3>) DeployObject dp_locker_grayKit
19:04:56: Player "BRUXO" (steam64id="76561198140728342" pos=<10390.4, 17.71, 10618.7>) DeployObject dp_door_Kit
19:05:08: Player "BRUXO" (steam64id="76561198140728342" pos=<10390.4, 17.71, 10618.7>) FoldBaseBuildingObject dp_door
19:06:21: Player "BRUXO" (steam64id="76561198140728342" pos=<10390.4, 17.71, 10618.7>) DeployObject dp_door_Kit
19:07:02: Player "BRUXO" (steam64id="76561198140728342" pos=<10388.9, 17.68, 10618.2>) DeployObject dp_door_Kit
19:09:54: Player "[EB] alemao" (steam64id="76561198046653521" pos=<10393, 14.58, 10612.9>) DismantlePart wall_metal_down
19:10:13: Player "[EB] alemao" (steam64id="76561198046653521" pos=<10393, 14.58, 10612.9>) DismantlePart wall_metal_up
19:10:55: Player "[EB] alemao" (steam64id="76561198046653521" pos=<10392.8, 14.57, 10612.7>) DismantlePart wall_gate
19:11:24: Player "[EB] alemao" (steam64id="76561198046653521" pos=<10392.7, 14.57, 10613.1>) DismantlePart wall_base_up
19:11:43: Player "[EB] alemao" (steam64id="76561198046653521" pos=<10392.8, 14.57, 10612.7>) DismantlePart wall_base_down
19:13:32: Player "[EB] alemao" (steam64id="76561198046653521" pos=<10392.7, 14.57, 10613.1>) DeployObject dp_door_Kit
19:16:03: Player "DanielSam" (steam64id="76561198867200764" pos=<7549.04, 28.05, 7898.54>) DismantlePart wall_gate
19:20:51: Player "[EB] alemao" (steam64id="76561198046653521" pos=<10393.4, 14.58, 10612.6>) DeployObject dp_door_Kit
19:24:02: Player "[HORDA]MacLovin" (steam64id="76561199068236803" pos=<9953.8, 19.17, 11778>) DeployObject dp_box_big_Grey
19:24:39: Player "[EB] alemao" (steam64id="76561198046653521" pos=<10389.6, 17.65, 10612>) DeployObject dp_door_Kit
19:26:21: Player "[EB] alemao" (steam64id="76561198046653521" pos=<10387.6, 14.52, 10616.3>) DeployObject dp_box_big_Grey
19:26:50: Player "Biel FxR" (steam64id="76561198050836260" pos=<7635.78, 12.20, 9778.95>) DismantlePart wall_gate
19:34:18: Player "[HORDA] JHON WICK" (steam64id="76561198122075703" pos=<9962.9, 7.68, 11753.7>) DismantlePart dp_wood_wall
19:35:36: Player "[HORDA] JHON WICK" (steam64id="76561198122075703" pos=<9963.61, 7.65, 11752.7>) DismantlePart dp_base_w
19:36:49: Player "[HORDA] JHON WICK" (steam64id="76561198122075703" pos=<9963.47, 7.71, 11754.7>) DeployObject FenceKit
19:41:53: Player "[HORDA] JHON WICK" (steam64id="76561198122075703" pos=<9962.81, 7.67, 11753.1>) MountBarbedWire Fence
19:53:07: Player "[HORDA] JHON WICK" (steam64id="76561198122075703" pos=<9956.09, 7.56, 11774.2>) DismantlePart dp_wood_door
19:55:18: Player "[EB] alemao" (steam64id="76561198046653521" pos=<10391.1, 17.67, 10612>) DeployObject dp_door_Kit
19:57:15: Player "[EB] alemao" (steam64id="76561198046653521" pos=<10389.7, 17.65, 10611.9>) DeployObject dp_door_Kit
20:12:24: Player "[EB] alemao" (steam64id="76561198046653521" pos=<10392.8, 17.68, 10610.2>) DeployObject dp_box_big_Grey
20:12:45: Player "[EB] alemao" (steam64id="76561198046653521" pos=<10389.4, 17.65, 10612.5>) DeployObject CrateVIP
20:15:33: Player "[EB] alemao" (steam64id="76561198046653521" pos=<10393, 17.68, 10609.9>) DeployObject dp_box_big_Grey
20:21:26: Player "[YKZ] Emissarius" (steam64id="76561198271087379" pos=<11085.1, 31.61, 8425.73>) DeployObject dp_trashcan_green
20:21:51: Player "[YKZ] Emissarius" (steam64id="76561198271087379" pos=<11084.6, 31.61, 8425.53>) DeployObject dp_trashcan_green
20:23:28: Player "[YKZ] Emissarius" (steam64id="76561198271087379" pos=<11085.2, 4.25, 8416.87>) DeployObject PowerGenerator
20:23:50: Player "[YKZ] Emissarius" (steam64id="76561198271087379" pos=<11085.1, 4.25, 8417>) DeployObject Spotlight
20:23:57: Player "[YKZ] Emissarius" (steam64id="76561198271087379" pos=<11085.1, 4.25, 8417.15>) DeployObject CableReel
20:24:36: Player "[YKZ] Emissarius" (steam64id="76561198271087379" pos=<11085.9, 4.25, 8417.3>) DeployObject CableReel
20:39:38: Player "TitioSam" (steam64id="76561199014145539" pos=<8851.36, 11.57, 10243.8>) DeployObject dp_box_big_Brown
20:39:51: Player "TitioSam" (steam64id="76561199014145539" pos=<8851.35, 11.60, 10243.8>) DeployObject dp_box_big_Brown
20:41:15: Player "ObreD" (steam64id="76561198258911731" pos=<8855.38, 11.61, 10239.9>) DeployObject dp_box_small_Olive
20:41:23: Player "ObreD" (steam64id="76561198258911731" pos=<8855.91, 11.61, 10239.5>) DeployObject dp_box_small_Olive
20:41:32: Player "ObreD" (steam64id="76561198258911731" pos=<8855.91, 11.61, 10239.5>) DeployObject dp_box_small_Olive
20:41:42: Player "TitioSam" (steam64id="76561199014145539" pos=<8856.92, 11.61, 10239.3>) DeployObject dp_box_small_Olive
20:56:57: Player "MadPana" (steam64id="76561198042363311" pos=<9344.29, 17.06, 9074.74>) DeployObject PartyTent
20:59:52: Player "[YKZ] chron1c" (steam64id="76561198205585613" pos=<11081.1, 4.25, 8422.01>) DeployObject dp_trashcan_grey
21:04:38: Player "GabrielDWR" (steam64id="76561199012612653" pos=<11842.5, 19.80, 7268.84>) DeployObject dp_locker_blueKit
