00:12:57: Player "G A T O" (steam64id="76561199207813177" pos=<10744.8, 10.24, 12077.3>) DeployObject BearTrap
00:26:35: Player "Hacan121" (steam64id="76561198345012092" pos=<8216.87, 23.50, 9735.24>) DeployObject Fireplace
00:57:54: Player "[TTV]ScorpionBiceps" (steam64id="76561198133006312" pos=<10350.5, 3.64, 9942.21>) DeployObject dp_gunrackKit
01:08:07: Player "Redd" (steam64id="76561198442570607" pos=<10427.9, 18.33, 13562.4>) DeployObject dp_weapons_stand_Kit
01:38:23: Player "[YKZ]-BlackBear" (steam64id="76561198343030820" pos=<11084.4, 4.21, 8428.7>) DeployObject dp_door_Kit
01:43:49: Player "[YKZ]-BlackBear" (steam64id="76561198343030820" pos=<11083.7, 4.21, 8429.46>) DismantlePart dp_base
01:45:36: Player "[YKZ]-BlackBear" (steam64id="76561198343030820" pos=<11084.3, 4.51, 8428.68>) DeployObject dp_door_Kit
01:45:49: Player "[YKZ]-BlackBear" (steam64id="76561198343030820" pos=<11084.4, 4.21, 8428.08>) FoldBaseBuildingObject dp_door
01:47:45: Player "[YKZ]-BlackBear" (steam64id="76561198343030820" pos=<11084.2, 4.21, 8428.61>) DeployObject dp_door_Kit
01:48:04: Player "Redd" (steam64id="76561198442570607" pos=<10744.8, 10.24, 12076.4>) DeployObject BearTrap
01:48:12: Player "[YKZ]-BlackBear" (steam64id="76561198343030820" pos=<11084.1, 4.21, 8428.73>) FoldBaseBuildingObject dp_door
01:49:09: Player "[YKZ]-BlackBear" (steam64id="76561198343030820" pos=<11084.3, 4.21, 8428.71>) DeployObject dp_door_Kit
01:50:53: Player "Biel FxR" (steam64id="76561198050836260" pos=<7623.83, 13.22, 9807.25>) DeployObject FenceKit
01:51:06: Player "Biel FxR" (steam64id="76561198050836260" pos=<7624.63, 13.22, 9808.47>) FoldBaseBuildingObject Fence
01:53:59: Player "Biel FxR" (steam64id="76561198050836260" pos=<7630.9, 12.20, 9811>) DeployObject FenceKit
01:55:07: Player "G A T O" (steam64id="76561199207813177" pos=<7495.16, 29.62, 7902.03>) DeployObject dp_box_big_Grey
01:55:25: Player "G A T O" (steam64id="76561199207813177" pos=<7495.16, 29.65, 7902.76>) DeployObject dp_box_big_Grey
01:59:13: Player "Biel FxR" (steam64id="76561198050836260" pos=<7632.13, 12.20, 9810.18>) DeployObject FenceKit
01:59:29: Player "G A T O" (steam64id="76561199207813177" pos=<7382.28, 17.16, 7941.51>) DeployObject dp_box_big_Grey
02:00:04: Player "G A T O" (steam64id="76561199207813177" pos=<7382.28, 17.17, 7941.06>) DeployObject dp_box_big_Grey
02:04:31: Player "Mishi" (steam64id="76561198086104881" pos=<9783.61, 9.95, 12631.1>) DeployObject dp_waterbarrel_kit
02:05:52: Player "Biel FxR" (steam64id="76561198050836260" pos=<7634.41, 12.20, 9778.73>) DeployObject FenceKit
02:18:01: Player "TripaSeca" (steam64id="76561198093060507" pos=<7625.06, 12.20, 9814.38>) DeployObject dp_refrigerator
02:18:04: Player "Biel FxR" (steam64id="76561198050836260" pos=<7631.12, 12.20, 9810.63>) DeployObject FenceKit
02:18:25: Player "TripaSeca" (steam64id="76561198093060507" pos=<7630.94, 12.20, 9812.01>) DeployObject dp_refrigerator
02:20:59: Player "[YKZ]-BlackBear" (steam64id="76561198343030820" pos=<11081.1, 35.24, 8426.82>) DeployObject dp_locker_greenKit
02:21:36: Player "TripaSeca" (steam64id="76561198093060507" pos=<7632.17, 12.20, 9810.31>) DeployObject dp_refrigerator
02:23:25: Player "Biel FxR" (steam64id="76561198050836260" pos=<7632.97, 12.20, 9810.39>) DeployObject WoodenCrate
02:23:45: Player "Biel FxR" (steam64id="76561198050836260" pos=<7632.82, 12.20, 9811.04>) DeployObject WoodenCrate
02:24:57: Player "Revenant" (steam64id="76561198302124805" pos=<10748.9, 9.88, 13936.9>) DeployObject dp_weapons_stand_Kit
02:39:40: Player "[YKZ]-BlackBear" (steam64id="76561198343030820" pos=<11081.6, 35.24, 8426.31>) DeployObject dp_locker_greenKit
04:19:14: Player "Einsen" (steam64id="76561198103936746" pos=<10462.5, 3.00, 9695.82>) DeployObject dp_box_big_Tan
05:07:00: Player "Einsen" (steam64id="76561198103936746" pos=<11083.3, 11.61, 8506.69>) DeployObject dp_box_big_Tan
05:14:41: Player "Einsen" (steam64id="76561198103936746" pos=<11084.9, 11.61, 8502.69>) DeployObject dp_door_Kit
05:17:45: Player "Einsen" (steam64id="76561198103936746" pos=<11079.3, 11.61, 8512.88>) DeployObject dp_door_Kit
05:18:01: Player "Einsen" (steam64id="76561198103936746" pos=<11075.7, 11.61, 8510.84>) DeployObject dp_box_big_Tan
06:12:52: Player "Einsen" (steam64id="76561198103936746" pos=<11070.9, 11.61, 8507.73>) DeployObject dp_box_big_Grey
06:13:11: Player "Einsen" (steam64id="76561198103936746" pos=<11070.7, 11.61, 8507.04>) DeployObject dp_box_big_Grey
06:16:37: Player "Einsen" (steam64id="76561198103936746" pos=<11070.4, 11.61, 8507.99>) DeployObject dp_locker_grayKit
06:17:20: Player "Einsen" (steam64id="76561198103936746" pos=<11072, 11.61, 8509.53>) DeployObject dp_locker_grayKit
07:23:31: Player "Einsen" (steam64id="76561198103936746" pos=<11070.7, 11.61, 8508.02>) DeployObject dp_box_big_Tan
07:24:24: Player "Einsen" (steam64id="76561198103936746" pos=<11070.8, 11.61, 8507.77>) DeployObject dp_box_big_Grey
07:24:41: Player "Einsen" (steam64id="76561198103936746" pos=<11072.1, 11.61, 8508.64>) DeployObject dp_box_big_Tan
09:43:05: Player "[HORDA]intersandro" (steam64id="76561199214798198" pos=<9561.03, 6.07, 9584.09>) DeployObject dp_locker_greenKit
10:33:32: Player "Zeca" (steam64id="76561198211423224" pos=<9822.09, 34.07, 7893.06>) DeployObject dp_box_big_Brown
10:34:04: Player "Zeca" (steam64id="76561198211423224" pos=<9821.56, 34.18, 7890.67>) DeployObject dp_box_big_Brown
10:44:10: Player "[HORDA] JHON WICK" (steam64id="76561198122075703" pos=<9560.33, 2.94, 9580.91>) DeployObject FenceKit
10:44:34: Player "[HORDA] JHON WICK" (steam64id="76561198122075703" pos=<9562.2, 2.99, 9582.76>) FoldBaseBuildingObject Fence
10:46:39: Player "[HORDA] JHON WICK" (steam64id="76561198122075703" pos=<9560.77, 2.94, 9581.06>) DeployObject FenceKit
10:53:37: Player "[HORDA] JHON WICK" (steam64id="76561198122075703" pos=<9560.57, 2.94, 9580.13>) DeployObject dp_door_Kit
11:03:18: Player "[HORDA] JHON WICK" (steam64id="76561198122075703" pos=<9559.64, 2.94, 9583.2>) DeployObject dp_door_Kit
11:48:30: Player "DangersPlay" (steam64id="76561198037868353" pos=<10744.8, 10.24, 12076.8>) DeployObject BearTrap
11:57:57: Player "G A T O" (steam64id="76561199207813177" pos=<10724, 12.74, 13535.3>) DeployObject BearTrap
12:54:58: Player "Zeca" (steam64id="76561198211423224" pos=<9380.19, 23.24, 7072.81>) DeployObject dp_box_big_Olive
12:56:34: Player "ttuker" (steam64id="76561198971813376" pos=<10736.7, 10.16, 12085.9>) DeployObject BearTrap
13:28:35: Player "[YKZ]-BlackBear" (steam64id="76561198343030820" pos=<11083.3, 4.21, 8429.29>) DeployObject dp_weapons_stand_Kit
13:37:18: Player "chron1c" (steam64id="76561198205585613" pos=<7679.42, 43.72, 6517.23>) DeployObject dp_locker_blueKit
13:38:40: Player "chron1c" (steam64id="76561198205585613" pos=<7678.46, 43.05, 6520.68>) DeployObject dp_door_Kit
13:47:36: Player "Emissarius" (steam64id="76561198271087379" pos=<7680.65, 43.54, 6519.94>) DismantlePart dp_wood_door
13:48:10: Player "Emissarius" (steam64id="76561198271087379" pos=<7681.13, 43.50, 6520.48>) DismantlePart dp_karkas
13:53:30: Player "Emissarius" (steam64id="76561198271087379" pos=<7681.29, 43.72, 6518.04>) DeployObject dp_locker_blueKit
13:54:14: Player "Emissarius" (steam64id="76561198271087379" pos=<7678.49, 43.72, 6514.48>) DeployObject dp_weapons_stand_Kit
13:59:25: Player "Emissarius" (steam64id="76561198271087379" pos=<7681.63, 43.72, 6516.67>) DeployObject dp_window_sheild_kit
14:01:08: Player "[L.B] LopesTa " (steam64id="76561198375254083" pos=<9872.09, 5.06, 14653.7>) DeployObject dp_weapons_stand_Kit
14:05:08: Player "Emissarius" (steam64id="76561198271087379" pos=<7681.8, 43.72, 6514.27>) DeployObject dp_window_sheild_kit
14:05:55: Player "Emissarius" (steam64id="76561198271087379" pos=<7682.41, 43.72, 6517.71>) DeployObject dp_window_sheild_kit
14:22:17: Player "DangersPlay" (steam64id="76561198037868353" pos=<10761.9, 16.30, 8766.71>) DeployObject dp_weapons_stand_Kit
14:31:46: Player "Emissarius" (steam64id="76561198271087379" pos=<6739.57, 12.71, 6918.62>) DeployObject CableReel
14:32:03: Player "Emissarius" (steam64id="76561198271087379" pos=<6740.63, 12.72, 6918.23>) DeployObject Spotlight
14:40:21: Player "[RNG]Panico" (steam64id="76561199230965576" pos=<8787.46, 60.71, 11422.1>) DeployObject BearTrap
14:47:45: Player "rogersdutra01" (steam64id="76561197975156269" pos=<10233.3, 14.05, 11327.4>) DeployObject dp_locker_greenKit
14:48:06: Player "[HORDA] JHON WICK" (steam64id="76561198122075703" pos=<9560.57, 2.94, 9580.31>) UnmountBarbedWire Fence
14:52:13: Player "[HORDA] JHON WICK" (steam64id="76561198122075703" pos=<9560.15, 2.94, 9583.49>) DeployObject WoodenCrate
14:58:06: Player "G A T O" (steam64id="76561199207813177" pos=<7558.59, 40.16, 7899.09>) DeployObject FenceKit
15:12:00: Player "[HORDA] JHON WICK" (steam64id="76561198122075703" pos=<9556.27, 2.94, 9588.64>) DeployObject WoodenCrate
15:12:18: Player "[HORDA] JHON WICK" (steam64id="76561198122075703" pos=<9556.57, 2.94, 9587.63>) DeployObject WoodenCrate
15:12:35: Player "[HORDA] JHON WICK" (steam64id="76561198122075703" pos=<9557.1, 2.94, 9586.8>) DeployObject WoodenCrate
15:12:53: Player "[HORDA] JHON WICK" (steam64id="76561198122075703" pos=<9557.22, 2.94, 9586.86>) DeployObject WoodenCrate
15:13:07: Player "[HORDA] JHON WICK" (steam64id="76561198122075703" pos=<9556.61, 2.94, 9587.64>) DeployObject WoodenCrate
15:13:34: Player "[HORDA] JHON WICK" (steam64id="76561198122075703" pos=<9557.15, 2.94, 9587.43>) DeployObject WoodenCrate
15:13:47: Player "[HORDA] JHON WICK" (steam64id="76561198122075703" pos=<9556.39, 2.94, 9588.09>) DeployObject WoodenCrate
15:14:02: Player "[HORDA] JHON WICK" (steam64id="76561198122075703" pos=<9556.85, 2.94, 9587.79>) DeployObject WoodenCrate
15:14:57: Player "[HORDA] JHON WICK" (steam64id="76561198122075703" pos=<9559.48, 2.94, 9584.45>) DeployObject WoodenCrate
15:17:36: Player "[HORDA] JHON WICK" (steam64id="76561198122075703" pos=<9558.93, 2.94, 9584.38>) DeployObject dp_door_Kit
15:23:54: Player "Zeca" (steam64id="76561198211423224" pos=<9380.38, 23.24, 7073.7>) DeployObject dp_box_small_Olive
15:24:04: Player "Zeca" (steam64id="76561198211423224" pos=<9380.19, 23.18, 7073.77>) DeployObject dp_box_big_Olive
15:24:12: Player "Zeca" (steam64id="76561198211423224" pos=<9380.87, 23.58, 7074.23>) DeployObject dp_box_big_Olive
15:25:02: Player "Zeca" (steam64id="76561198211423224" pos=<9380.14, 23.50, 7072.45>) DeployObject dp_box_small_Olive
15:25:12: Player "Zeca" (steam64id="76561198211423224" pos=<9380.83, 23.70, 7073.63>) DeployObject dp_box_small_Olive
15:25:36: Player "[YKZ]-BlackBear" (steam64id="76561198343030820" pos=<11087.5, 35.24, 8419.01>) DeployObject dp_workbench_Kit
15:25:52: Player "zozs" (steam64id="76561198126713029" pos=<10744.4, 10.24, 12077.1>) DeployObject BearTrap
15:31:56: Player "zozs" (steam64id="76561198126713029" pos=<10744.7, 10.24, 12076.9>) DeployObject BearTrap
15:39:53: Player "[HORDA] JHON WICK" (steam64id="76561198122075703" pos=<9558.83, 2.94, 9590.19>) DeployObject Fireplace
15:43:44: Player "[HORDA] JHON WICK" (steam64id="76561198122075703" pos=<9559.98, 2.94, 9582.89>) DismantlePart dp_wood_door
15:45:50: Player "Emissarius" (steam64id="76561198271087379" pos=<10226, 2.53, 13830.8>) DeployObject Fireplace
15:51:30: Player "[HORDA] JHON WICK" (steam64id="76561198122075703" pos=<9560.79, 2.94, 9582.22>) DismantlePart dp_door_gate
15:51:57: Player "[HORDA] JHON WICK" (steam64id="76561198122075703" pos=<9561.12, 2.94, 9582.11>) DismantlePart dp_karkas
15:53:18: Player "pato" (steam64id="76561199194021637" pos=<10743.6, 10.24, 12076.6>) DeployObject BearTrap
15:53:42: Player "[HORDA] JHON WICK" (steam64id="76561198122075703" pos=<9559.57, 2.94, 9583.58>) FoldBaseBuildingObject dp_door
15:54:10: Player "[HORDA] JHON WICK" (steam64id="76561198122075703" pos=<9560, 2.94, 9583.28>) DismantlePart dp_base
15:54:39: Player "[HORDA] JHON WICK" (steam64id="76561198122075703" pos=<9558.97, 2.94, 9584.38>) DeployObject dp_door_Kit
16:06:11: Player "DinhoSuper" (steam64id="76561199089256117" pos=<10744.8, 10.24, 12076.9>) DeployObject BearTrap
16:21:17: Player "Emissarius" (steam64id="76561198271087379" pos=<10553.4, 22.79, 13404.5>) DeployObject dp_refrigerator
16:35:56: Player "Tambara GOLPE" (steam64id="76561198072490377" pos=<10745, 10.24, 12077.3>) DeployObject BearTrap
16:48:40: Player "G A T O" (steam64id="76561199207813177" pos=<7555.77, 40.04, 7901.42>) DeployObject FenceKit
16:48:59: Player "G A T O" (steam64id="76561199207813177" pos=<7558.09, 40.01, 7899.68>) FoldBaseBuildingObject Fence
16:51:28: Player "benja" (steam64id="76561198882824508" pos=<10745.3, 10.24, 12076.7>) DeployObject BearTrap
16:53:05: Player "G A T O" (steam64id="76561199207813177" pos=<7555.71, 39.98, 7901.41>) DeployObject FenceKit
17:05:45: Player "G A T O" (steam64id="76561199207813177" pos=<7556.16, 40.02, 7900.82>) DismantlePart wall_wood_down
17:06:04: Player "G A T O" (steam64id="76561199207813177" pos=<7556.16, 40.01, 7900.82>) DismantlePart wall_base_down
17:09:22: Player "G A T O" (steam64id="76561199207813177" pos=<7556.65, 39.89, 7901.31>) DismantlePart base
17:16:31: Player "G A T O" (steam64id="76561199207813177" pos=<7551.08, 35.24, 7899.66>) DeployObject dp_door_Kit
17:23:02: Player "G A T O" (steam64id="76561199207813177" pos=<7554.07, 36.74, 7900.6>) DeployObject dp_door_Kit
17:29:59: Player "Tambara GOLPE" (steam64id="76561198072490377" pos=<10745.8, 12.15, 12085.2>) DeployObject BearTrap
18:24:58: Player "[L.B] Santorin" (steam64id="76561199069721527" pos=<7342.49, 14.33, 7139.66>) DeployObject dp_weapons_stand_Kit
18:49:41: Player "[L.B] Santorin" (steam64id="76561199069721527" pos=<7352.29, 14.33, 7137.82>) DeployObject FenceKit
18:55:25: Player "[L.B] Santorin" (steam64id="76561199069721527" pos=<7356.37, 15.75, 7137.94>) DeployObject FenceKit
19:00:59: Player "[L.B] Santorin" (steam64id="76561199069721527" pos=<7352.37, 14.33, 7135.57>) DeployObject FenceKit
19:02:21: Player "[L.B] Santorin" (steam64id="76561199069721527" pos=<7353.22, 14.33, 7136.21>) DeployObject FenceKit
19:07:20: Player "[L.B]Zeca" (steam64id="76561198211423224" pos=<7346.67, 14.33, 7139.03>) DeployObject Fireplace
19:07:54: Player "[HORDA] JHON WICK" (steam64id="76561198122075703" pos=<9044.49, 16.48, 9438.34>) DeployObject BearTrap
19:07:55: Player "[HORDA]ThiagoPenna" (steam64id="76561198218822351" pos=<9046.62, 18.36, 9405.65>) DeployObject BearTrap
19:42:13: Player "[L.B]Zeca" (steam64id="76561198211423224" pos=<7359.92, 14.33, 7136.19>) DeployObject Fireplace
19:56:12: Player "DangersPlay" (steam64id="76561198037868353" pos=<10461.2, 18.32, 13558.2>) DeployObject FenceKit
20:26:10: Player "DangersPlay" (steam64id="76561198037868353" pos=<10463.2, 18.32, 13556.7>) FoldBaseBuildingObject Fence
20:27:10: Player "DangersPlay" (steam64id="76561198037868353" pos=<10574.3, 18.07, 13569.4>) DeployObject FenceKit
20:30:03: Player "(CNXC)Roger    " (steam64id="76561198119108882" pos=<7673.02, 41.24, 6521.39>) DeployObject LandMineTrap
20:31:46: Player "[L.B]Zeca" (steam64id="76561198211423224" pos=<7365.1, 12.69, 7367.56>) DeployObject PowerGenerator
20:51:14: Player "[L.B] Santorin" (steam64id="76561199069721527" pos=<7352.49, 13.93, 7133.46>) DismantlePart wall_platform
20:51:34: Player "DangersPlay" (steam64id="76561198037868353" pos=<10572.9, 18.19, 13579.4>) DeployObject dp_box_big_Brown
20:55:22: Player "[L.B] Santorin" (steam64id="76561199069721527" pos=<7343.13, 14.33, 7134.07>) DeployObject dp_trashcan_blue
20:57:29: Player "[L.B] Santorin" (steam64id="76561199069721527" pos=<7354.75, 14.33, 7141.39>) MountBarbedWire Fence
20:59:26: Player "[L.B]Zeca" (steam64id="76561198211423224" pos=<7362.01, 18.46, 7133>) DeployObject dp_box_big_Grey
20:59:38: Player "[L.B]Zeca" (steam64id="76561198211423224" pos=<7362.5, 19.02, 7134.76>) DeployObject dp_box_big_Brown
21:00:46: Player "[L.B] Santorin" (steam64id="76561199069721527" pos=<7355.21, 14.30, 7148>) DeployObject FenceKit
21:00:58: Player "[L.B] Santorin" (steam64id="76561199069721527" pos=<7353.01, 14.30, 7144.27>) FoldBaseBuildingObject Fence
21:01:17: Player "[L.B] Santorin" (steam64id="76561199069721527" pos=<7355.31, 14.30, 7147.37>) DeployObject FenceKit
21:01:33: Player "[L.B] Santorin" (steam64id="76561199069721527" pos=<7354.95, 14.30, 7145.49>) FoldBaseBuildingObject Fence
21:01:49: Player "[L.B] Santorin" (steam64id="76561199069721527" pos=<7355.53, 14.30, 7147.7>) DeployObject FenceKit
21:05:11: Player "Emissarius" (steam64id="76561198271087379" pos=<7681.42, 43.72, 6517.9>) DeployObject dp_locker_greenKit
21:05:12: Player "[L.B] Santorin" (steam64id="76561199069721527" pos=<7350.16, 14.30, 7146.11>) DeployObject FenceKit
21:05:26: Player "[L.B] Santorin" (steam64id="76561199069721527" pos=<7352, 14.30, 7146.13>) FoldBaseBuildingObject Fence
21:06:48: Player "[L.B] Santorin" (steam64id="76561199069721527" pos=<7351.52, 14.30, 7148.83>) DeployObject FenceKit
21:07:16: Player "[L.B] Santorin" (steam64id="76561199069721527" pos=<7352.42, 14.30, 7145.06>) FoldBaseBuildingObject Fence
21:09:17: Player "[L.B] Santorin" (steam64id="76561199069721527" pos=<7351.59, 14.30, 7148.43>) DeployObject FenceKit
21:09:42: Player "[L.B] Santorin" (steam64id="76561199069721527" pos=<7353.14, 14.30, 7143.62>) DeployObject FenceKit
21:12:23: Player "Emissarius" (steam64id="76561198271087379" pos=<7676.99, 43.72, 6514.67>) DeployObject dp_box_big_Olive
21:12:56: Player "[YKZ]-BlackBear" (steam64id="76561198343030820" pos=<10632.1, 22.92, 12861.6>) DeployObject dp_weapons_stand_Kit
21:17:26: Player "[L.B] Santorin" (steam64id="76561199069721527" pos=<7352.59, 14.30, 7145.19>) FoldBaseBuildingObject Fence
21:17:52: Player "[L.B] Santorin" (steam64id="76561199069721527" pos=<7353.28, 14.33, 7135.99>) DeployObject FenceKit
21:22:45: Player "[L.B] Santorin" (steam64id="76561199069721527" pos=<7352.08, 14.33, 7134.97>) DeployObject dp_trashcan_blue
21:23:37: Player "[L.B] Santorin" (steam64id="76561199069721527" pos=<7353.28, 14.33, 7134.88>) DeployObject dp_trashcan_blue
21:25:00: Player "[L.B] Santorin" (steam64id="76561199069721527" pos=<7349.79, 14.33, 7133.55>) DeployObject dp_trashcan_blue
21:25:08: Player "[L.B] Santorin" (steam64id="76561199069721527" pos=<7348.65, 14.33, 7133.48>) DeployObject dp_trashcan_blue
21:25:42: Player "[L.B] Santorin" (steam64id="76561199069721527" pos=<7352.33, 14.33, 7135.91>) DeployObject FenceKit
21:28:50: Player "[L.B] Santorin" (steam64id="76561199069721527" pos=<7351.93, 14.33, 7135.77>) DeployObject dp_trashcan_blue
21:32:26: Player "[L.B] Santorin" (steam64id="76561199069721527" pos=<7353.32, 14.33, 7134.72>) DeployObject dp_trashcan_blue
21:34:09: Player "[L.B] Santorin" (steam64id="76561199069721527" pos=<7352.42, 14.33, 7135.23>) DeployObject FenceKit
21:36:41: Player "[HORDA] JHON WICK" (steam64id="76561198122075703" pos=<9559.27, 6.07, 9585>) DeployObject dp_locker_grayKit
21:38:13: Player "[HORDA]ThiagoPenna" (steam64id="76561198218822351" pos=<9557.34, 2.94, 9587.16>) DeployObject dp_weapons_stand_Kit
21:38:29: Player "[HORDA] JHON WICK" (steam64id="76561198122075703" pos=<9558.54, 6.07, 9586.8>) DeployObject dp_weapons_stand_Kit
21:38:50: Player "[HORDA]ThiagoPenna" (steam64id="76561198218822351" pos=<9558.99, 6.07, 9586.15>) DeployObject dp_locker_grayKit
21:39:01: Player "[HORDA] JHON WICK" (steam64id="76561198122075703" pos=<9559.81, 6.07, 9584.49>) DeployObject dp_weapons_stand_Kit
21:39:48: Player "[HORDA] JHON WICK" (steam64id="76561198122075703" pos=<9556.96, 6.07, 9588.45>) DeployObject dp_locker_grayKit
21:40:41: Player "[HORDA] JHON WICK" (steam64id="76561198122075703" pos=<9556.46, 6.07, 9589.43>) DeployObject dp_locker_grayKit
21:41:11: Player "[L.B] Santorin" (steam64id="76561199069721527" pos=<7350.2, 14.33, 7133.57>) DeployObject dp_trashcan_blue
21:41:18: Player "[L.B] Santorin" (steam64id="76561199069721527" pos=<7349.43, 14.33, 7133.52>) DeployObject dp_trashcan_blue
21:41:42: Player "[L.B] Santorin" (steam64id="76561199069721527" pos=<7347.84, 14.33, 7134.65>) DeployObject dp_trashcan_blue
21:41:49: Player "[L.B] Santorin" (steam64id="76561199069721527" pos=<7347.84, 14.33, 7134.65>) DeployObject dp_trashcan_blue
21:43:56: Player "[HORDA] JHON WICK" (steam64id="76561198122075703" pos=<9557.49, 6.07, 9586.19>) DeployObject dp_weapons_stand_Kit
21:49:41: Player "[L.B] Santorin" (steam64id="76561199069721527" pos=<7352.38, 14.33, 7138.38>) DeployObject FenceKit
21:53:45: Player "[L.B] Santorin" (steam64id="76561199069721527" pos=<7356.32, 15.72, 7137.98>) DeployObject FenceKit
22:04:15: Player "CHERNUSHNIK" (steam64id="76561197991029744" pos=<10581.1, 13.31, 11485.3>) DeployObject BearTrap
22:52:52: Player "Biel FxR" (steam64id="76561198050836260" pos=<9041.74, 17.72, 9406.6>) DeployObject BearTrap
22:53:08: Player "Biel FxR" (steam64id="76561198050836260" pos=<9042.82, 15.84, 9438.24>) DeployObject BearTrap
23:57:32: Player "Papaizin_GADO" (steam64id="76561198355215642" pos=<10632.4, 22.97, 12875.7>) DeployObject dp_weapons_stand_Kit
