01:19:16: Player "Betinho_maluco" (steam64id="76561198057627157" pos=<11083.6, 4.25, 8418.1>) DeployObject dp_trashcan_grey
03:09:11: Player "Seekerzao" (steam64id="76561198067793781" pos=<10236.7, 14.05, 11335.3>) DeployObject dp_waterbarrel_kit
03:11:22: Player "Diorno" (steam64id="76561198142139495" pos=<11530.2, 4.63, 7956.71>) DeployObject BearTrap
10:17:11: Player "Duerowww" (steam64id="76561198259492425" pos=<7391.92, 31.55, 8202.05>) DeployObject dp_box_big_Olive
10:41:27: Player "{KMG}fuzil" (steam64id="76561198965933878" pos=<6932.36, 3.27, 8396.49>) DeployObject SeaChest
11:32:33: Player "G A T O" (steam64id="76561199207813177" pos=<7558.23, 40.12, 7898.96>) DeployObject dp_weapons_stand_Kit
13:14:00: Player "Passo Largo" (steam64id="76561199203652654" pos=<7551, 35.24, 7899.23>) DeployObject dp_box_big_Olive
13:16:16: Player "Passo Largo" (steam64id="76561199203652654" pos=<7551.04, 35.24, 7900.45>) DeployObject dp_box_big_Brown
13:17:26: Player "Passo Largo" (steam64id="76561199203652654" pos=<7550.97, 35.24, 7899.16>) DeployObject dp_box_big_Brown
13:25:27: Player "Passo Largo" (steam64id="76561199203652654" pos=<7552.35, 31.35, 7893.81>) DeployObject FenceKit
13:28:50: Player "Passo Largo" (steam64id="76561199203652654" pos=<7552.55, 31.35, 7894.36>) DeployObject FenceKit
13:32:27: Player "Passo Largo" (steam64id="76561199203652654" pos=<7550.82, 35.24, 7898.47>) DismantlePart dp_door_gate
13:32:49: Player "Passo Largo" (steam64id="76561199203652654" pos=<7550.72, 35.24, 7898.83>) DismantlePart dp_wood_door
13:33:07: Player "Passo Largo" (steam64id="76561199203652654" pos=<7550.7, 35.24, 7898.76>) DismantlePart dp_karkas
13:35:47: Player "Hacan121" (steam64id="76561198345012092" pos=<7550.52, 35.24, 7899.37>) DismantlePart dp_base
13:42:55: Player "Passo Largo" (steam64id="76561199203652654" pos=<7553.37, 35.25, 7895.23>) DeployObject dp_box_big_Brown
13:45:53: Player "Passo Largo" (steam64id="76561199203652654" pos=<7548.31, 35.24, 7900.05>) DismantlePart wall_base_down
13:46:10: Player "Passo Largo" (steam64id="76561199203652654" pos=<7548.24, 35.24, 7900.09>) DismantlePart wall_base_up
13:48:08: Player "Passo Largo" (steam64id="76561199203652654" pos=<7558.21, 28.05, 7898.43>) DeployObject dp_box_big_Brown
13:49:25: Player "Passo Largo" (steam64id="76561199203652654" pos=<7547.88, 35.24, 7899.33>) DismantlePart base
13:50:15: Player "Passo Largo" (steam64id="76561199203652654" pos=<7550.54, 35.24, 7899.89>) DeployObject FenceKit
13:51:03: Player "Passo Largo" (steam64id="76561199203652654" pos=<7548.24, 35.24, 7901.96>) DismantlePart base
13:51:53: Player "Passo Largo" (steam64id="76561199203652654" pos=<7550.63, 35.24, 7900.09>) DeployObject FenceKit
13:57:29: Player "Passo Largo" (steam64id="76561199203652654" pos=<7549.42, 35.24, 7901.85>) DeployObject dp_guncabinetKit
13:58:49: Player "Passo Largo" (steam64id="76561199203652654" pos=<7548.83, 35.24, 7901.77>) DeployObject dp_guncabinetKit
13:59:34: Player "G A T O" (steam64id="76561199207813177" pos=<7553.13, 35.25, 7895.89>) DeployObject dp_refrigerator
13:59:54: Player "G A T O" (steam64id="76561199207813177" pos=<7553.11, 35.25, 7895.39>) DeployObject dp_refrigerator
14:00:25: Player "G A T O" (steam64id="76561199207813177" pos=<7553.43, 35.25, 7895.07>) DeployObject dp_refrigerator
14:00:36: Player "Passo Largo" (steam64id="76561199203652654" pos=<7549.07, 35.24, 7898.42>) DeployObject dp_guncabinetKit
14:01:11: Player "Passo Largo" (steam64id="76561199203652654" pos=<7548.66, 35.24, 7898.4>) DeployObject dp_guncabinetKit
14:01:19: Player "G A T O" (steam64id="76561199207813177" pos=<7552.96, 35.25, 7895.63>) DeployObject dp_refrigerator
14:02:37: Player "Passo Largo" (steam64id="76561199203652654" pos=<7549.11, 31.36, 7898.39>) DeployObject dp_guncabinetKit
14:05:53: Player "Passo Largo" (steam64id="76561199203652654" pos=<7548.52, 31.36, 7898.39>) DeployObject dp_guncabinetKit
14:08:05: Player "Passo Largo" (steam64id="76561199203652654" pos=<7553.26, 31.35, 7892.6>) DeployObject dp_gunrackKit
14:08:24: Player "Passo Largo" (steam64id="76561199203652654" pos=<7553.52, 31.35, 7892.53>) DeployObject dp_gunrackKit
14:08:39: Player "Passo Largo" (steam64id="76561199203652654" pos=<7552.9, 31.35, 7893.4>) DeployObject dp_gunrackKit
14:08:50: Player "Passo Largo" (steam64id="76561199203652654" pos=<7553.59, 31.35, 7893.04>) DeployObject dp_gunrackKit
14:09:26: Player "Passo Largo" (steam64id="76561199203652654" pos=<7549.02, 35.24, 7900.13>) DeployObject dp_box_big_Brown
14:09:44: Player "Passo Largo" (steam64id="76561199203652654" pos=<7548.67, 35.24, 7900.14>) DeployObject dp_box_big_Olive
14:10:02: Player "Passo Largo" (steam64id="76561199203652654" pos=<7548.44, 35.24, 7900.39>) DeployObject dp_box_big_Brown
14:10:21: Player "Passo Largo" (steam64id="76561199203652654" pos=<7548.47, 35.24, 7899.99>) DeployObject dp_box_big_Brown
14:10:33: Player "Passo Largo" (steam64id="76561199203652654" pos=<7548.34, 35.24, 7899.89>) DeployObject dp_box_big_Brown
14:11:05: Player "Passo Largo" (steam64id="76561199203652654" pos=<7550.96, 35.24, 7900.7>) DeployObject dp_box_big_Brown
14:11:15: Player "Passo Largo" (steam64id="76561199203652654" pos=<7550.98, 35.24, 7900.54>) DeployObject dp_box_big_Olive
14:11:23: Player "Passo Largo" (steam64id="76561199203652654" pos=<7549.75, 35.24, 7899.94>) DeployObject dp_box_big_Brown
14:12:38: Player "Passo Largo" (steam64id="76561199203652654" pos=<7548.95, 35.24, 7899.8>) DeployObject dp_gunrackKit
14:12:57: Player "Passo Largo" (steam64id="76561199203652654" pos=<7548.79, 35.24, 7899.97>) DeployObject dp_gunrackKit
14:13:55: Player "Passo Largo" (steam64id="76561199203652654" pos=<7551.72, 31.34, 7896.73>) DeployObject dp_weapons_stand_Kit
14:14:04: Player "Passo Largo" (steam64id="76561199203652654" pos=<7551.05, 31.35, 7892.53>) DeployObject dp_weapons_stand_Kit
14:15:01: Player "Hacan121" (steam64id="76561198345012092" pos=<7550.57, 28.05, 7895.54>) DeployObject dp_refrigerator
14:15:23: Player "Hacan121" (steam64id="76561198345012092" pos=<7550.02, 28.05, 7895.57>) DeployObject dp_refrigerator
14:15:58: Player "[YKZ]-BlackBear" (steam64id="76561198343030820" pos=<11080.5, 41.37, 8422.98>) DeployObject dp_box_small_Brown
14:16:24: Player "Hacan121" (steam64id="76561198345012092" pos=<7549.63, 28.05, 7895.81>) DeployObject dp_refrigerator
14:17:09: Player "Hacan121" (steam64id="76561198345012092" pos=<7549.1, 28.05, 7895.72>) DeployObject dp_refrigerator
14:18:58: Player "Passo Largo" (steam64id="76561199203652654" pos=<7549.37, 35.68, 7899.75>) DeployObject dp_gunrackKit
14:19:27: Player "Passo Largo" (steam64id="76561199203652654" pos=<7549.18, 35.24, 7900.58>) DeployObject dp_gunrackKit
14:19:48: Player "Passo Largo" (steam64id="76561199203652654" pos=<7549.09, 35.24, 7900.64>) DeployObject dp_box_big_Olive
14:20:00: Player "Passo Largo" (steam64id="76561199203652654" pos=<7549.11, 35.24, 7900.76>) DeployObject dp_box_big_Olive
14:20:09: Player "Passo Largo" (steam64id="76561199203652654" pos=<7549.27, 35.24, 7900.99>) DeployObject dp_box_big_Olive
14:20:24: Player "Passo Largo" (steam64id="76561199203652654" pos=<7549.33, 35.24, 7900.74>) DeployObject dp_box_big_Brown
14:20:34: Player "Passo Largo" (steam64id="76561199203652654" pos=<7550.96, 35.24, 7900.72>) DeployObject dp_box_big_Brown
14:21:56: Player "Passo Largo" (steam64id="76561199203652654" pos=<7553.25, 31.35, 7894.03>) DeployObject dp_box_big_Brown
14:22:10: Player "Passo Largo" (steam64id="76561199203652654" pos=<7553.43, 31.35, 7894.29>) DeployObject dp_box_big_Brown
14:23:20: Player "Passo Largo" (steam64id="76561199203652654" pos=<7552.95, 35.27, 7892.19>) DeployObject dp_box_big_Brown
14:36:02: Player "Passo Largo" (steam64id="76561199203652654" pos=<7552.32, 31.34, 7896.87>) DeployObject dp_weapons_stand_Kit
14:36:14: Player "Passo Largo" (steam64id="76561199203652654" pos=<7549.72, 31.34, 7896.61>) DeployObject dp_weapons_stand_Kit
14:36:42: Player "Passo Largo" (steam64id="76561199203652654" pos=<7549.53, 31.35, 7892.8>) DeployObject dp_weapons_stand_Kit
14:36:49: Player "Passo Largo" (steam64id="76561199203652654" pos=<7552.09, 31.35, 7892.45>) DeployObject dp_weapons_stand_Kit
14:37:32: Player "Passo Largo" (steam64id="76561199203652654" pos=<7549.2, 35.24, 7900.36>) DeployObject dp_box_big_Olive
15:06:12: Player "Passo Largo" (steam64id="76561199203652654" pos=<7548.13, 28.05, 7895.46>) DeployObject dp_waterbarrel_kit
15:06:45: Player "Passo Largo" (steam64id="76561199203652654" pos=<7548.61, 28.05, 7895.89>) DeployObject dp_waterbarrel_kit
15:13:48: Player "Passo Largo" (steam64id="76561199203652654" pos=<7554.57, 36.74, 7900.87>) DismantlePart dp_door_gate
15:34:46: Player "Hacan121" (steam64id="76561198345012092" pos=<7558.2, 28.05, 7904.72>) DeployObject Spotlight
15:35:10: Player "Passo Largo" (steam64id="76561199203652654" pos=<7550.03, 35.26, 7893.96>) DeployObject dp_box_big_Brown
15:41:02: Player "Passo Largo" (steam64id="76561199203652654" pos=<7556.81, 28.05, 7903.52>) DeployObject Spotlight
15:46:44: Player "Hacan121" (steam64id="76561198345012092" pos=<7558.52, 40.09, 7898>) DeployObject dp_weapons_stand_Kit
15:48:28: Player "Passo Largo" (steam64id="76561199203652654" pos=<7550.66, 31.35, 7894.23>) DeployObject dp_weapons_stand_Kit
15:48:58: Player "Passo Largo" (steam64id="76561199203652654" pos=<7548.87, 31.35, 7894.36>) DeployObject dp_weapons_stand_Kit
17:23:51: Player "[L.B] Santorin" (steam64id="76561199069721527" pos=<7362.16, 19.64, 7135.35>) DeployObject dp_box_big_Tan
17:24:23: Player "[L.B] Santorin" (steam64id="76561199069721527" pos=<7361.68, 18.99, 7140.75>) DeployObject dp_box_small_Brown
17:24:41: Player "[L.B] Santorin" (steam64id="76561199069721527" pos=<7361.96, 19.02, 7140.48>) DeployObject dp_box_small_Brown
17:29:12: Player "Passo Largo" (steam64id="76561199203652654" pos=<7550.86, 35.24, 7900.14>) DeployObject dp_box_big_Brown
18:01:13: Player "[L.B]TropaDoEnguisa" (steam64id="76561198211423224" pos=<7360.29, 18.46, 7139.83>) DeployObject dp_box_small_Brown
18:07:49: Player "[L.B] Santorin" (steam64id="76561199069721527" pos=<7362.48, 19.70, 7138.27>) DeployObject dp_box_small_Brown
18:07:57: Player "[L.B] Santorin" (steam64id="76561199069721527" pos=<7362.66, 19.55, 7138.28>) DeployObject dp_box_small_Olive
18:39:06: Player "[HORDA]ThiagoPenna" (steam64id="76561198218822351" pos=<9557.84, 6.36, 9586.74>) DeployObject PartyTent_Blue
19:36:30: Player "[L.B]TropaDoEnguisa" (steam64id="76561198211423224" pos=<7352.93, 14.30, 7130.17>) DeployObject LandMineTrap
20:27:26: Player "DanielSam" (steam64id="76561198867200764" pos=<7851.03, 31.17, 7421.15>) DeployObject LandMineTrap
20:27:49: Player "[HORDA]ThiagoPenna" (steam64id="76561198218822351" pos=<9559.27, 2.94, 9584.71>) DeployObject dp_locker_grayKit
20:28:20: Player "DanielSam" (steam64id="76561198867200764" pos=<7850.14, 31.32, 7417.62>) DeployObject BearTrap
20:28:24: Player "[HORDA]ThiagoPenna" (steam64id="76561198218822351" pos=<9557.13, 2.94, 9587.82>) DeployObject dp_locker_grayKit
20:30:35: Player "[HORDA] JHON WICK" (steam64id="76561198122075703" pos=<9559.86, 6.07, 9581.05>) DeployObject dp_locker_grayKit
20:31:45: Player "[HORDA] JHON WICK" (steam64id="76561198122075703" pos=<9560.54, 6.07, 9581.58>) DeployObject dp_locker_grayKit
20:31:47: Player "[L.B] Santorin" (steam64id="76561199069721527" pos=<7363.33, 22.42, 7137.9>) DeployObject dp_box_big_Tan
20:31:56: Player "[L.B] Santorin" (steam64id="76561199069721527" pos=<7362.77, 22.42, 7137.64>) DeployObject dp_box_big_Tan
20:32:21: Player "[L.B] Santorin" (steam64id="76561199069721527" pos=<7362.14, 22.14, 7137.86>) DeployObject dp_box_big_Tan
20:32:33: Player "[L.B] Santorin" (steam64id="76561199069721527" pos=<7363.16, 22.42, 7136>) DeployObject dp_trashcan_blue
20:32:42: Player "[L.B] Santorin" (steam64id="76561199069721527" pos=<7362.61, 22.42, 7136.89>) DeployObject dp_box_big_Tan
20:47:42: Player "[HORDA] JHON WICK" (steam64id="76561198122075703" pos=<9564.52, 2.72, 9577.79>) MountBarbedWire Watchtower
21:01:54: Player "[L.B]TropaDoEnguisa" (steam64id="76561198211423224" pos=<7353.85, 14.30, 7131.04>) DeployObject LandMineTrap
21:02:52: Player "KOREA" (steam64id="76561198253386609" pos=<9566.56, 31.21, 12172.2>) DeployObject dp_box_big_Brown
21:08:59: Player "KOREA" (steam64id="76561198253386609" pos=<9568.06, 29.53, 12173.6>) DeployObject WatchtowerKit
21:12:39: Player "KOREA" (steam64id="76561198253386609" pos=<9582.6, 30.27, 12172.5>) DeployObject dp_wall_big_Kit
21:14:20: Player "KOREA" (steam64id="76561198253386609" pos=<9582.81, 30.26, 12172.6>) DeployObject dp_wall_big_Kit
21:15:48: Player "KOREA" (steam64id="76561198253386609" pos=<9583, 30.26, 12172.3>) DeployObject dp_wall_big_Kit
21:19:20: Player "KOREA" (steam64id="76561198253386609" pos=<9571.42, 29.97, 12177.4>) DeployObject WatchtowerKit
21:22:01: Player "KOREA" (steam64id="76561198253386609" pos=<9573.27, 30.68, 12185.3>) DeployObject WatchtowerKit
21:28:44: Player "KOREA" (steam64id="76561198253386609" pos=<9568.49, 29.39, 12170.2>) DeployObject dp_box_big_Grey
21:29:16: Player "KOREA" (steam64id="76561198253386609" pos=<9566.01, 29.76, 12178.6>) DeployObject dp_box_big_Olive
21:30:49: Player "KOREA" (steam64id="76561198253386609" pos=<9564.31, 29.39, 12175>) DeployObject dp_box_big_Olive
21:33:52: Player "KOREA" (steam64id="76561198253386609" pos=<9562.88, 29.20, 12173.7>) DeployObject dp_box_big_Grey
21:34:12: Player "KOREA" (steam64id="76561198253386609" pos=<9566.07, 29.70, 12177.7>) DeployObject dp_box_big_Grey
21:34:42: Player "KOREA" (steam64id="76561198253386609" pos=<9564.24, 29.53, 12177.3>) DeployObject dp_box_big_Olive
21:35:07: Player "KOREA" (steam64id="76561198253386609" pos=<9566.96, 29.85, 12179>) DeployObject dp_box_big_Grey
21:35:36: Player "KOREA" (steam64id="76561198253386609" pos=<9565.53, 29.86, 12180.3>) DeployObject dp_box_big_Grey
21:36:02: Player "KOREA" (steam64id="76561198253386609" pos=<9564.86, 29.92, 12181.7>) DeployObject dp_box_big_Grey
21:36:45: Player "KOREA" (steam64id="76561198253386609" pos=<9564.15, 29.65, 12179>) DeployObject dp_box_big_Grey
21:53:16: Player "[ONE] KARABULJHAN" (steam64id="76561198100527842" pos=<9569.9, 29.33, 12167>) DeployObject dp_box_big_Grey
21:53:47: Player "[ONE] KARABULJHAN" (steam64id="76561198100527842" pos=<9569.42, 29.25, 12165.5>) DeployObject dp_box_big_Grey
21:58:17: Player "[ONE] JAPA" (steam64id="76561198161060673" pos=<9581.62, 30.42, 12172.3>) DeployObject dp_wall_big_Kit
21:59:09: Player "[L.B] ploodrinny" (steam64id="76561198312062387" pos=<7357.8, 18.46, 7133.94>) DeployObject dp_box_big_Olive
21:59:18: Player "[ONE] JAPA" (steam64id="76561198161060673" pos=<9582.44, 30.41, 12172.9>) FoldBaseBuildingObject dp_wall_big
21:59:41: Player "[L.B] ploodrinny" (steam64id="76561198312062387" pos=<7362.77, 22.42, 7137.74>) DeployObject dp_box_big_Olive
22:00:22: Player "[L.B] ploodrinny" (steam64id="76561198312062387" pos=<7357.44, 18.46, 7134.06>) DeployObject dp_box_small_Brown
22:00:46: Player "[L.B] ploodrinny" (steam64id="76561198312062387" pos=<7357.74, 18.46, 7134.1>) DeployObject dp_box_small_Brown
22:00:56: Player "[L.B] ploodrinny" (steam64id="76561198312062387" pos=<7359.23, 18.46, 7134.87>) DeployObject dp_box_big_Brown
22:01:13: Player "[L.B] ploodrinny" (steam64id="76561198312062387" pos=<7357.9, 18.46, 7139.97>) DeployObject dp_box_big_Brown
22:01:51: Player "[L.B] ploodrinny" (steam64id="76561198312062387" pos=<7362.47, 18.65, 7134.39>) DeployObject dp_box_big_Olive
22:02:23: Player "[L.B] ploodrinny" (steam64id="76561198312062387" pos=<7360.21, 18.46, 7139.35>) DeployObject dp_box_big_Brown
22:02:44: Player "[L.B] ploodrinny" (steam64id="76561198312062387" pos=<7361.98, 18.46, 7132.97>) DeployObject dp_box_small_Olive
22:02:57: Player "[L.B] ploodrinny" (steam64id="76561198312062387" pos=<7362.33, 18.46, 7133.04>) DeployObject dp_box_small_Brown
22:04:25: Player "[ONE] JAPA" (steam64id="76561198161060673" pos=<9580.89, 30.43, 12172.4>) DeployObject dp_wall_big_Kit
22:05:13: Player "[L.B] SeryD" (steam64id="76561198072791642" pos=<7361.93, 18.46, 7132.75>) DeployObject dp_box_small_Brown
22:05:21: Player "[L.B] ploodrinny" (steam64id="76561198312062387" pos=<7360.57, 14.33, 7137.16>) DeployObject dp_box_small_Olive
22:06:20: Player "[L.B] ploodrinny" (steam64id="76561198312062387" pos=<7357.75, 18.46, 7133.96>) DeployObject dp_box_small_Olive
22:07:17: Player "[L.B] ploodrinny" (steam64id="76561198312062387" pos=<7361.48, 14.33, 7136.91>) DeployObject dp_box_small_Brown
22:07:34: Player "[L.B] ploodrinny" (steam64id="76561198312062387" pos=<7361.76, 18.46, 7133.4>) DeployObject dp_box_small_Olive
22:08:06: Player "[L.B] SeryD" (steam64id="76561198072791642" pos=<7356.65, 18.15, 7134.8>) DeployObject dp_trashcan_blue
22:08:15: Player "[L.B] ploodrinny" (steam64id="76561198312062387" pos=<7363.37, 14.33, 7137.64>) DeployObject dp_box_small_Brown
22:36:35: Player "ttuker" (steam64id="76561198971813376" pos=<7395.31, 31.55, 8202.87>) DeployObject dp_trashcan_grey
22:37:11: Player "ttuker" (steam64id="76561198971813376" pos=<7395.54, 31.55, 8202.82>) DeployObject dp_trashcan_grey
22:58:03: Player "G A T O" (steam64id="76561199207813177" pos=<7559.48, 28.05, 7900.87>) DeployObject Spotlight
23:01:31: Player "GabrielLobato" (steam64id="76561198158375860" pos=<11090.9, 35.49, 8431.33>) DeployObject PartyTent
23:18:30: Player "PintoJunior" (steam64id="76561198057936781" pos=<7681.09, 43.72, 6516.92>) DeployObject dp_box_small_Brown
23:18:47: Player "PintoJunior" (steam64id="76561198057936781" pos=<7681.25, 43.72, 6516.95>) DeployObject dp_box_small_Brown
23:19:42: Player "PintoJunior" (steam64id="76561198057936781" pos=<7681.93, 43.72, 6515.68>) DeployObject dp_box_small_Brown
23:20:02: Player "PintoJunior" (steam64id="76561198057936781" pos=<7681.68, 43.72, 6515.96>) DeployObject dp_box_small_Brown
23:29:37: Player "PintoJunior" (steam64id="76561198057936781" pos=<7681.76, 43.72, 6516.12>) DeployObject dp_box_small_Brown
23:30:40: Player "PintoJunior" (steam64id="76561198057936781" pos=<7681.85, 43.72, 6516.65>) DeployObject dp_box_small_Brown
23:38:22: Player "[ONE] JAPA" (steam64id="76561198161060673" pos=<9581.51, 30.42, 12173>) FoldBaseBuildingObject dp_wall_big
23:40:38: Player "BRUXO" (steam64id="76561198140728342" pos=<1.09, 0.37, -1.71>) DeployObject dp_box_big_Olive
23:40:42: Player "[ONE] JAPA" (steam64id="76561198161060673" pos=<9580.51, 30.44, 12172.4>) DeployObject dp_wall_big_Kit
23:44:05: Player "[L.B] SeryD" (steam64id="76561198072791642" pos=<7360.39, 18.46, 7133.38>) DeployObject dp_box_small_Brown
23:48:18: Player "[ONE] JAPA" (steam64id="76561198161060673" pos=<9578.83, 30.47, 12173.6>) DeployObject FenceKit
23:49:04: Player "[ONE] JAPA" (steam64id="76561198161060673" pos=<9580.88, 30.43, 12174>) FoldBaseBuildingObject Fence
23:49:07: Player "[ONE] KARABULJHAN" (steam64id="76561198100527842" pos=<9554.84, 28.70, 12175.1>) DeployObject dp_refrigerator
23:49:21: Player "[ONE] JAPA" (steam64id="76561198161060673" pos=<9579.16, 30.47, 12174.8>) DeployObject FenceKit
23:49:29: Player "[ONE] KARABULJHAN" (steam64id="76561198100527842" pos=<9554.71, 28.70, 12174>) DeployObject dp_refrigerator
23:49:47: Player "[ONE] KARABULJHAN" (steam64id="76561198100527842" pos=<9552.41, 28.70, 12175.3>) DeployObject dp_refrigerator
23:50:00: Player "[ONE] KARABULJHAN" (steam64id="76561198100527842" pos=<9553.04, 28.70, 12174.7>) DeployObject dp_refrigerator
23:50:54: Player "[ONE] KARABULJHAN" (steam64id="76561198100527842" pos=<9552.28, 28.70, 12174.8>) DeployObject dp_refrigerator
23:51:08: Player "[ONE] KARABULJHAN" (steam64id="76561198100527842" pos=<9554.35, 28.70, 12174.1>) DeployObject dp_refrigerator
23:51:30: Player "[ONE] KARABULJHAN" (steam64id="76561198100527842" pos=<9553.72, 28.70, 12174.7>) DeployObject dp_refrigerator
23:51:36: Player "[ONE] JAPA" (steam64id="76561198161060673" pos=<9576.81, 30.46, 12173.1>) DeployObject FenceKit
23:52:06: Player "[ONE] JAPA" (steam64id="76561198161060673" pos=<9581.66, 30.42, 12173.9>) FoldBaseBuildingObject Fence
23:52:12: Player "[ONE] KARABULJHAN" (steam64id="76561198100527842" pos=<9553.64, 28.70, 12174.9>) DeployObject dp_refrigerator
23:52:24: Player "[ONE] JAPA" (steam64id="76561198161060673" pos=<9580.15, 30.46, 12174.8>) DeployObject FenceKit
23:53:45: Player "[ONE] JAPA" (steam64id="76561198161060673" pos=<9579.15, 30.45, 12172.9>) FoldBaseBuildingObject Fence
23:54:37: Player "[ONE] JAPA" (steam64id="76561198161060673" pos=<9576.64, 30.44, 12174.6>) DeployObject FenceKit
23:54:48: Player "[ONE] JAPA" (steam64id="76561198161060673" pos=<9581.31, 30.43, 12174.5>) FoldBaseBuildingObject Fence
23:55:24: Player "[ONE] JAPA" (steam64id="76561198161060673" pos=<9580.64, 30.48, 12176.9>) DeployObject FenceKit
23:57:42: Player "[ONE] KARABULJHAN" (steam64id="76561198100527842" pos=<9552.79, 40.35, 12177.8>) DeployObject CrateVIP
