00:06:29: Player "[YKZ] pedrobala" (steam64id="76561198046653521" pos=<10383.2, 14.89, 10624.8>) DeployObject dp_box_big_Grey
00:06:49: Player "[YKZ] pedrobala" (steam64id="76561198046653521" pos=<10383.4, 14.86, 10622.6>) DeployObject dp_box_big_Grey
00:12:59: Player "[YKZ] pedrobala" (steam64id="76561198046653521" pos=<10383.7, 20.77, 10617.6>) DeployObject CrateVIP
00:17:30: Player "[HORDA]ThiagoPenna" (steam64id="76561198218822351" pos=<9952.3, 7.02, 11768.9>) DeployObject dp_trashcan_grey
00:18:14: Player "[YKZ] pedrobala" (steam64id="76561198046653521" pos=<10379.4, 20.97, 10628.7>) DismantlePart dp_roof
00:18:39: Player "[YKZ] pedrobala" (steam64id="76561198046653521" pos=<10379.5, 21.00, 10630.5>) DismantlePart dp_base_r
00:21:38: Player "[YKZ] pedrobala" (steam64id="76561198046653521" pos=<10379.3, 21.02, 10631.5>) DeployObject WatchtowerKit
00:25:35: Player "[YKZ] pedrobala" (steam64id="76561198046653521" pos=<10379.3, 21.01, 10631.1>) DeployObject WatchtowerKit
00:31:47: Player "[YKZ] pedrobala" (steam64id="76561198046653521" pos=<10380.1, 25.69, 10624>) DeployObject WatchtowerKit
00:35:56: Player "Raemi" (steam64id="76561198048467587" pos=<9845.28, 15.11, 14497.5>) DeployObject Fireplace
00:36:30: Player "Raemi" (steam64id="76561198048467587" pos=<9848.33, 15.45, 14484.7>) DeployObject Fireplace
00:37:21: Player "[YKZ] pedrobala" (steam64id="76561198046653521" pos=<10379.1, 23.69, 10627.4>) DismantlePart level_1_wall_3_base_up
00:39:31: Player "[YKZ] pedrobala" (steam64id="76561198046653521" pos=<10379.9, 21.04, 10633.1>) DeployObject FenceKit
00:39:54: Player "[YKZ] pedrobala" (steam64id="76561198046653521" pos=<10378, 23.69, 10628.4>) FoldBaseBuildingObject Fence
00:41:25: Player "[YKZ] pedrobala" (steam64id="76561198046653521" pos=<10379.1, 26.30, 10628.7>) FoldBaseBuildingObject Watchtower
00:45:06: Player "[YKZ] pedrobala" (steam64id="76561198046653521" pos=<10384.2, 20.78, 10617.9>) DeployObject CrateVIP
00:47:46: Player "[YKZ] pedrobala" (steam64id="76561198046653521" pos=<10385.2, 14.77, 10617.8>) DeployObject dp_box_big_Grey
00:48:15: Player "[YKZ] pedrobala" (steam64id="76561198046653521" pos=<10386.5, 14.79, 10619.5>) DeployObject dp_box_big_Grey
00:49:07: Player "[YKZ] pedrobala" (steam64id="76561198046653521" pos=<10384.5, 14.91, 10625.8>) DeployObject PowerGenerator
00:50:31: Player "[YKZ] pedrobala" (steam64id="76561198046653521" pos=<10381.2, 14.82, 10620.5>) DeployObject dp_box_big_Grey
00:51:05: Player "[YKZ] pedrobala" (steam64id="76561198046653521" pos=<10381, 14.86, 10622.4>) DeployObject dp_box_big_Grey
00:51:42: Player "[YKZ] pedrobala" (steam64id="76561198046653521" pos=<10380.4, 14.89, 10624.4>) DeployObject dp_box_big_Grey
00:54:44: Player "[YKZ] pedrobala" (steam64id="76561198046653521" pos=<10382.1, 20.85, 10622.2>) DeployObject CrateVIP
00:56:26: Player "[YKZ] pedrobala" (steam64id="76561198046653521" pos=<10386.6, 14.81, 10620.2>) DeployObject CrateVIP
00:57:00: Player "[YKZ] pedrobala" (steam64id="76561198046653521" pos=<10386.5, 14.85, 10622.6>) DeployObject CrateVIP
00:57:55: Player "[YKZ] pedrobala" (steam64id="76561198046653521" pos=<10383.4, 20.69, 10612.9>) DeployObject CrateVIP
00:58:09: Player "[YKZ] pedrobala" (steam64id="76561198046653521" pos=<10383.4, 20.74, 10615.8>) DeployObject CrateVIP
00:58:20: Player "[YKZ] pedrobala" (steam64id="76561198046653521" pos=<10383.1, 20.80, 10619.3>) DeployObject CrateVIP
01:00:35: Player "Sonetco" (steam64id="76561198991945000" pos=<9628.07, 3.43, 12569.7>) DeployObject BearTrap
01:00:53: Player "Sonetco" (steam64id="76561198991945000" pos=<9630.16, 3.45, 12570.1>) DeployObject BearTrap
01:01:52: Player "[YKZ] pedrobala" (steam64id="76561198046653521" pos=<10381.1, 14.84, 10621.3>) DeployObject dp_box_big_Grey
01:05:40: Player "[HORDA]ThiagoPenna" (steam64id="76561198218822351" pos=<9952.35, 7.04, 11771>) DeployObject dp_trashcan_grey
01:07:30: Player "[YKZ] pedrobala" (steam64id="76561198046653521" pos=<10383.6, 20.69, 10613.2>) DeployObject CrateVIP
01:08:52: Player "[YKZ] pedrobala" (steam64id="76561198046653521" pos=<10383, 20.77, 10617.7>) DeployObject CrateVIP
01:11:18: Player "[YKZ] pedrobala" (steam64id="76561198046653521" pos=<10380.3, 14.87, 10623.1>) DeployObject dp_refrigerator
01:11:36: Player "[YKZ] pedrobala" (steam64id="76561198046653521" pos=<10380.5, 14.90, 10625>) DeployObject dp_box_big_Grey
03:54:55: Player "Alcanfor" (steam64id="76561198018104612" pos=<6508.78, 5.24, 7223.12>) DeployObject dp_locker_blueKit
08:43:07: Player "ALFAA" (steam64id="76561199071067007" pos=<10160.9, 18.38, 12487.6>) DeployObject Barrel_Yellow
08:43:46: Player "ALFAA" (steam64id="76561199071067007" pos=<10158.3, 18.88, 12487.1>) DeployObject Barrel_Yellow
09:18:38: Player "GabrielDWR" (steam64id="76561199012612653" pos=<11339.5, 19.89, 8353.44>) DeployObject PartyTent_Brown
09:44:29: Player "GabrielDWR" (steam64id="76561199012612653" pos=<11839.2, 20.09, 7270.34>) DeployObject PartyTent_Brown
10:42:00: Player "GabrielDWR" (steam64id="76561199012612653" pos=<11837, 20.11, 7270.57>) DeployObject PartyTent_Brown
11:27:01: Player "[YKZ]-Lobato" (steam64id="76561198158375860" pos=<11090.2, 35.24, 8431.94>) DeployObject dp_box_big_Olive
11:27:12: Player "[YKZ]-Lobato" (steam64id="76561198158375860" pos=<11090.1, 35.24, 8431.88>) DeployObject dp_box_big_Olive
11:27:35: Player "[YKZ]-Lobato" (steam64id="76561198158375860" pos=<11090.1, 35.24, 8431.82>) DeployObject dp_box_big_Olive
11:28:17: Player "[YKZ]-Lobato" (steam64id="76561198158375860" pos=<11090.2, 35.24, 8431.87>) DeployObject dp_box_big_Olive
11:28:29: Player "[YKZ]-Lobato" (steam64id="76561198158375860" pos=<11090.2, 35.24, 8431.81>) DeployObject dp_box_big_Olive
11:45:10: Player "GabrielDWR" (steam64id="76561199012612653" pos=<11836, 20.13, 7268.07>) DeployObject PartyTent_Brown
12:23:36: Player "GabrielDWR" (steam64id="76561199012612653" pos=<11841.5, 19.80, 7268.7>) DeployObject WoodenCrate
13:40:26: Player "Vini_300" (steam64id="76561198145785923" pos=<10701.9, 35.71, 7318.24>) DeployObject FenceKit
13:51:08: Player "Vini_300" (steam64id="76561198145785923" pos=<10701.4, 39.84, 7313.68>) DeployObject FenceKit
13:55:12: Player "[YKZ]-BlackBear" (steam64id="76561198343030820" pos=<11029.4, 4.01, 8497.62>) DeployObject FenceKit
13:55:24: Player "[YKZ]-BlackBear" (steam64id="76561198343030820" pos=<11027.8, 4.13, 8499.86>) FoldBaseBuildingObject Fence
13:55:45: Player "[YKZ]-BlackBear" (steam64id="76561198343030820" pos=<11029.2, 4.01, 8498.81>) DeployObject FenceKit
14:05:12: Player "[YKZ]-BlackBear" (steam64id="76561198343030820" pos=<11032.2, 4.01, 8500.85>) DeployObject FenceKit
14:05:25: Player "[YKZ]-BlackBear" (steam64id="76561198343030820" pos=<11031, 4.01, 8502.46>) FoldBaseBuildingObject Fence
14:05:26: Player "[YKZ]-Lobato" (steam64id="76561198158375860" pos=<11150.3, 6.66, 8385.68>) DeployObject BearTrap
14:05:49: Player "[YKZ]-BlackBear" (steam64id="76561198343030820" pos=<11032.2, 4.01, 8501.42>) DeployObject FenceKit
14:09:54: Player "[YKZ]-BlackBear" (steam64id="76561198343030820" pos=<11035.5, 4.01, 8503.99>) DeployObject FenceKit
14:12:25: Player "[YKZ]-BlackBear" (steam64id="76561198343030820" pos=<11036.7, 4.13, 8505.25>) DeployObject FenceKit
14:14:36: Player "[YKZ]-BlackBear" (steam64id="76561198343030820" pos=<11057.6, 4.02, 8518.71>) DeployObject FenceKit
14:15:24: Player "[YKZ]-BlackBear" (steam64id="76561198343030820" pos=<11060.5, 4.01, 8522.28>) DeployObject FenceKit
14:16:07: Player "[YKZ]-BlackBear" (steam64id="76561198343030820" pos=<11058.8, 4.01, 8522.83>) FoldBaseBuildingObject Fence
14:16:28: Player "[YKZ]-BlackBear" (steam64id="76561198343030820" pos=<11058, 4.01, 8526.77>) DeployObject FenceKit
14:17:27: Player "[YKZ]-BlackBear" (steam64id="76561198343030820" pos=<11061.1, 4.01, 8528.1>) DeployObject FenceKit
14:32:24: Player "[YKZ]-BlackBear" (steam64id="76561198343030820" pos=<11072.7, 4.01, 8524.82>) DeployObject FenceKit
14:33:52: Player "[YKZ]-BlackBear" (steam64id="76561198343030820" pos=<11074.5, 4.11, 8528.25>) DeployObject FenceKit
14:35:11: Player "[YKZ]-BlackBear" (steam64id="76561198343030820" pos=<11076.4, 4.01, 8524.69>) DeployObject FenceKit
14:35:55: Player "[YKZ]-BlackBear" (steam64id="76561198343030820" pos=<11079.3, 4.01, 8521.55>) DeployObject FenceKit
14:36:34: Player "[YKZ]-BlackBear" (steam64id="76561198343030820" pos=<11079.7, 4.12, 8520.04>) DeployObject FenceKit
14:38:40: Player "[YKZ]-BlackBear" (steam64id="76561198343030820" pos=<11012.2, 4.13, 8471.56>) DeployObject FenceKit
14:40:21: Player "[YKZ]-BlackBear" (steam64id="76561198343030820" pos=<11008.7, 4.01, 8474.5>) DeployObject FenceKit
14:41:05: Player "[YKZ]-BlackBear" (steam64id="76561198343030820" pos=<11006.2, 4.01, 8477.72>) DeployObject FenceKit
14:41:59: Player "[YKZ]-BlackBear" (steam64id="76561198343030820" pos=<11004, 4.01, 8481.04>) DeployObject FenceKit
14:42:36: Player "[YKZ]-BlackBear" (steam64id="76561198343030820" pos=<11002.4, 4.13, 8485.09>) DeployObject FenceKit
14:43:26: Player "[YKZ]-BlackBear" (steam64id="76561198343030820" pos=<11002.2, 4.14, 8482.96>) DeployObject FenceKit
14:44:05: Player "[YKZ]-BlackBear" (steam64id="76561198343030820" pos=<11005.5, 4.01, 8485.31>) DeployObject FenceKit
14:44:43: Player "[YKZ]-BlackBear" (steam64id="76561198343030820" pos=<11009, 4.01, 8487.42>) DeployObject FenceKit
14:45:38: Player "[YKZ]-BlackBear" (steam64id="76561198343030820" pos=<11010.7, 4.14, 8488.48>) DeployObject FenceKit
14:56:45: Player "[YKZ]-BlackBear" (steam64id="76561198343030820" pos=<11117.5, 4.01, 8473.35>) DeployObject FenceKit
