03:12:00: Player "[TMT].Skinner" (steam64id="76561198860620637" pos=<10254.7, 16.59, 12545.9>) DeployObject dp_refrigerator
06:14:06: Player "[TMT].Skinner" (steam64id="76561198860620637" pos=<9000.24, 36.19, 7186.16>) DeployObject FenceKit
06:22:18: Player "[TMT].Skinner" (steam64id="76561198860620637" pos=<9000.23, 36.19, 7183.98>) DeployObject FenceKit
06:34:44: Player "[TMT].Skinner" (steam64id="76561198860620637" pos=<8992.5, 36.19, 7185.43>) DeployObject dp_box_big_Grey
14:29:28: Player "[P.S]Alexander_again" (steam64id="76561198391204691" pos=<10335.4, 4.58, 10290.6>) DeployObject dp_box_small_Olive
14:29:37: Player "Gui" (steam64id="76561198306757012" pos=<10764.8, 13.42, 13533.9>) DeployObject BearTrap
14:30:17: Player "[P.S]Alexander_again" (steam64id="76561198391204691" pos=<10336.8, 3.78, 10207.7>) DeployObject dp_locker_grayKit
14:42:13: Player "[ P.S ]  FIM" (steam64id="76561198166701118" pos=<10744.5, 13.68, 13539.8>) DeployObject BearTrap
14:57:39: Player "OZIEL" (steam64id="76561199063596086" pos=<10410.5, 26.26, 12857>) DeployObject dp_locker_grayKit
14:59:44: Player "Gui" (steam64id="76561198306757012" pos=<10702.7, 10.25, 12109>) DeployObject BearTrap
15:19:05: Player "[P.S]Alexander_again" (steam64id="76561198391204691" pos=<9979.97, 27.18, 8145.42>) DeployObject LandMineTrap
15:54:05: Player "[YAKUZA]-BlackBear" (steam64id="76561198343030820" pos=<11244.3, 4.23, 8276.45>) DeployObject SeaChest
16:05:09: Player "[YAKUZA]-BlackBear" (steam64id="76561198343030820" pos=<11086.3, 35.24, 8425.51>) DeployObject dp_door_Kit
16:12:07: Player "[YAKUZA]-BlackBear" (steam64id="76561198343030820" pos=<11251.3, 4.10, 8259.93>) DeployObject SeaChest
16:28:17: Player "[YAKUZA]-BlackBear" (steam64id="76561198343030820" pos=<11084.3, 4.21, 8428.73>) DeployObject dp_door_Kit
16:34:14: Player "[YAKUZA]-BlackBear" (steam64id="76561198343030820" pos=<11083.3, 4.21, 8431.11>) DeployObject dp_door_Kit
16:34:34: Player "[YAKUZA]-BlackBear" (steam64id="76561198343030820" pos=<11083, 4.21, 8431.26>) FoldBaseBuildingObject dp_door
16:35:09: Player "[YAKUZA]-BlackBear" (steam64id="76561198343030820" pos=<11083.3, 4.21, 8431.09>) DeployObject dp_door_Kit
16:45:10: Player "[YAKUZA]-BlackBear" (steam64id="76561198343030820" pos=<11083.2, 4.21, 8429.71>) DismantlePart dp_base
16:48:28: Player "[YAKUZA]-BlackBear" (steam64id="76561198343030820" pos=<11085.6, 35.24, 8426.61>) FoldBaseBuildingObject dp_door
16:49:02: Player "[YAKUZA]-BlackBear" (steam64id="76561198343030820" pos=<11086, 35.24, 8425.85>) DeployObject dp_door_Kit
16:54:54: Player "[YAKUZA]-BlackBear" (steam64id="76561198343030820" pos=<11084.5, 35.24, 8425.47>) DeployObject WoodenCrate
16:59:42: Player "[DY] FROZEN " (steam64id="76561198161060673" pos=<10744.7, 13.68, 13539.4>) DeployObject BearTrap
17:11:35: Player "[YAKUZA]-BlackBear" (steam64id="76561198343030820" pos=<11083.7, 35.24, 8425.9>) DeployObject WoodenCrate
17:12:28: Player "[YAKUZA]-BlackBear" (steam64id="76561198343030820" pos=<11084, 35.24, 8425.84>) DeployObject WoodenCrate
17:38:43: Player "Gui" (steam64id="76561198306757012" pos=<11084.3, 4.21, 8431.48>) DeployObject WoodenCrate
17:58:16: Player "[YAKUZA]-BlackBear" (steam64id="76561198343030820" pos=<11084.7, 35.24, 8424.77>) DeployObject Barrel_Green
18:04:52: Player "TripaSeca" (steam64id="76561198093060507" pos=<8953.59, 15.85, 9460.69>) DeployObject BearTrap
18:06:41: Player "DangersPlay" (steam64id="76561198037868353" pos=<10958.8, 16.67, 13972.3>) DeployObject dp_weapons_stand_Kit
18:17:43: Player "zozs" (steam64id="76561198126713029" pos=<10092.1, 15.46, 12595.6>) DeployObject dp_weapons_stand_Kit
18:26:34: Player "Hacan121" (steam64id="76561198345012092" pos=<8003.2, 19.47, 9567.61>) DeployObject dp_weapons_stand_Kit
18:32:55: Player "KILLER" (steam64id="76561198797258484" pos=<10092.8, 3.92, 14496.7>) DeployObject dp_locker_grayKit
18:33:12: Player "zozs" (steam64id="76561198126713029" pos=<10684.6, 9.81, 12038.5>) DeployObject dp_trashcan_blue
18:33:39: Player "zozs" (steam64id="76561198126713029" pos=<10682, 9.34, 12036.3>) DeployObject dp_trashcan_blue
18:33:52: Player "[YAKUZA]-BlackBear" (steam64id="76561198343030820" pos=<11081.8, 35.24, 8428.27>) DeployObject dp_locker_grayKit
18:34:17: Player "zozs" (steam64id="76561198126713029" pos=<10679.1, 9.66, 11995.1>) DeployObject dp_weapons_stand_Kit
18:41:52: Player "[YAKUZA]-BlackBear" (steam64id="76561198343030820" pos=<11083.1, 35.24, 8424.63>) DeployObject Barrel_Green
18:54:39: Player "[HORDA]ThiagoPenna" (steam64id="76561198218822351" pos=<10128.9, 17.54, 12709.1>) DeployObject Fireplace
19:39:10: Player "[HORDA] JHON WICK" (steam64id="76561198122075703" pos=<10933.5, 17.86, 13584>) DeployObject dp_locker_grayKit
19:39:26: Player "[HORDA] JHON WICK" (steam64id="76561198122075703" pos=<10931.6, 17.86, 13583.4>) DeployObject dp_weapons_stand_Kit
19:40:41: Player "zezozoi" (steam64id="76561198886694633" pos=<10744.6, 13.68, 13539.8>) DeployObject BearTrap
19:45:51: Player "Skaposk" (steam64id="76561198027295853" pos=<10241.9, 5.23, 14433.7>) DeployObject dp_weapons_stand_Kit
19:46:19: Player "[HORDA] JHON WICK" (steam64id="76561198122075703" pos=<10744.5, 13.68, 13539.7>) DeployObject BearTrap
20:09:57: Player "RasC" (steam64id="76561198452371443" pos=<10744.5, 13.68, 13540.6>) DeployObject BearTrap
20:12:34: Player "(CNXC)Roger    " (steam64id="76561198119108882" pos=<9814.18, 4.36, 14676.8>) DeployObject dp_locker_blueKit
20:29:56: Player "[TTV]ScorpionBiceps" (steam64id="76561198133006312" pos=<10056.5, 9.15, 13144.4>) DeployObject dp_weapons_stand_Kit
20:57:43: Player "[TGK]Sif" (steam64id="76561198262490369" pos=<10423.8, 18.50, 13524.1>) DeployObject dp_gunrackKit
21:10:53: Player "SnackS" (steam64id="76561197980358676" pos=<10545.5, 18.62, 13564.6>) DeployObject dp_box_big_Olive
21:11:17: Player "SnackS" (steam64id="76561197980358676" pos=<10546.5, 18.62, 13565>) DeployObject dp_box_big_Olive
21:11:32: Player "SnackS" (steam64id="76561197980358676" pos=<10552, 18.62, 13564.5>) DeployObject dp_box_big_Olive
21:25:58: Player "chron1c" (steam64id="76561198205585613" pos=<7680.9, 43.72, 6517.55>) DeployObject dp_door_Kit
21:27:10: Player "Ruan Plays" (steam64id="76561198806707998" pos=<10851.6, 4.08, 8675.59>) DeployObject dp_waterbarrel_kit
21:28:12: Player "[HORDA]ThiagoPenna" (steam64id="76561198218822351" pos=<10569.7, 6.63, 10876.7>) DeployObject Fireplace
21:52:26: Player "Ruan Plays" (steam64id="76561198806707998" pos=<10839.9, 4.04, 7670.15>) DeployObject dp_waterbarrel_kit
21:57:34: Player "5aB Dr Drauzio VrauNelas" (steam64id="76561198256021244" pos=<10209.2, 16.13, 12548.3>) DeployObject dp_weapons_stand_Kit
22:26:24: Player "Hacan121" (steam64id="76561198345012092" pos=<7615.77, 12.20, 9810.2>) DeployObject dp_refrigerator
22:33:37: Player "[HORDA]ThiagoPenna" (steam64id="76561198218822351" pos=<9555.39, 6.07, 9588.98>) DeployObject dp_gunrackKit
22:34:45: Player "[HORDA] JHON WICK" (steam64id="76561198122075703" pos=<9560.1, 6.35, 9585.02>) DeployObject PartyTent_Blue
22:35:16: Player "[HORDA]ThiagoPenna" (steam64id="76561198218822351" pos=<9559.76, 6.07, 9583.2>) DeployObject Barrel_Blue
22:36:09: Player "[HORDA] JHON WICK" (steam64id="76561198122075703" pos=<9563.75, 2.94, 9582.97>) DeployObject dp_door_Kit
22:47:53: Player "cayoba" (steam64id="76561198065597663" pos=<10769.6, 4.90, 14254.4>) DeployObject dp_weapons_stand_Kit
22:47:59: Player "[HORDA]ThiagoPenna" (steam64id="76561198218822351" pos=<9560.85, 6.07, 9584.76>) DeployObject dp_gunrackKit
22:49:49: Player "[HORDA]intersandro" (steam64id="76561199214798198" pos=<9560.96, 6.07, 9582.67>) DeployObject dp_box_small_Olive
22:50:11: Player "[HORDA]intersandro" (steam64id="76561199214798198" pos=<9560.12, 6.07, 9582.82>) DeployObject dp_box_small_Olive
22:51:53: Player "[HORDA]ThiagoPenna" (steam64id="76561198218822351" pos=<9559.82, 6.07, 9582.53>) DeployObject dp_box_small_Olive
22:53:51: Player "Ruan Plays" (steam64id="76561198806707998" pos=<11069.1, 4.49, 7972.15>) DeployObject PartyTent_Brown
22:54:08: Player "Ruan Plays" (steam64id="76561198806707998" pos=<11064.9, 4.29, 7968.94>) DeployObject PartyTent_Blue
22:55:47: Player "[HORDA] JHON WICK" (steam64id="76561198122075703" pos=<9560.5, 2.94, 9582.31>) DeployObject FenceKit
22:59:15: Player "[HORDA] JHON WICK" (steam64id="76561198122075703" pos=<9556.88, 6.07, 9587.61>) DeployObject FenceKit
23:00:53: Player "[HORDA] JHON WICK" (steam64id="76561198122075703" pos=<9557.36, 2.94, 9587.2>) DeployObject FenceKit
23:04:25: Player "[TMT].Skinner" (steam64id="76561198860620637" pos=<10223.1, 17.03, 13389.8>) DeployObject dp_locker_blueKit
23:08:13: Player "KILLER" (steam64id="76561198797258484" pos=<10978.5, 47.01, 8664.21>) DeployObject dp_gunrackKit
23:11:43: Player "[HORDA] JHON WICK" (steam64id="76561198122075703" pos=<9560.82, 6.07, 9582.19>) DeployObject FenceKit
23:12:48: Player "TripaSeca" (steam64id="76561198093060507" pos=<8955.14, 15.66, 9458>) DeployObject BearTrap
23:16:36: Player "MarcoLa" (steam64id="76561198352149308" pos=<11071.4, 4.01, 8598.81>) DeployObject WatchtowerKit
23:18:03: Player "MarcoLa" (steam64id="76561198352149308" pos=<11075.2, 4.01, 8601.17>) FoldBaseBuildingObject Watchtower
23:22:31: Player "[HORDA]ThiagoPenna" (steam64id="76561198218822351" pos=<8952.91, 16.31, 9461.53>) DeployObject BearTrap
23:23:02: Player "Ruan Plays" (steam64id="76561198806707998" pos=<10978.6, 36.62, 8661.26>) DeployObject FenceKit
23:29:45: Player "Milano" (steam64id="76561198027078553" pos=<10739.7, 9.49, 13617.7>) DeployObject dp_weapons_stand_Kit
23:30:43: Player "Ruan Plays" (steam64id="76561198806707998" pos=<10976.9, 40.02, 8660.23>) DeployObject dp_weapons_stand_Kit
23:36:08: Player "marcola (2)" (steam64id="76561198081973210" pos=<10177.7, 15.52, 12545.1>) DeployObject dp_waterbarrel_kit
23:42:14: Player "Malafaier" (steam64id="76561198145331046" pos=<9767.57, 3.95, 13229.8>) DeployObject dp_gunrackKit
23:43:26: Player "MarcoLa" (steam64id="76561198352149308" pos=<10980.8, 6.66, 8666.97>) DeployObject Barrel_Blue
23:43:42: Player "MarcoLa" (steam64id="76561198352149308" pos=<10979.4, 7.80, 8666.58>) DeployObject Barrel_Blue
23:44:14: Player "Naell" (steam64id="76561198122722358" pos=<10745.9, 12.15, 12085.2>) DeployObject BearTrap
23:46:12: Player "MarcoLa" (steam64id="76561198352149308" pos=<10977.5, 40.02, 8660.25>) DeployObject Barrel_Blue
23:49:15: Player "[HORDA] JHON WICK" (steam64id="76561198122075703" pos=<9560.55, 3.05, 9580.74>) MountBarbedWire Fence
