00:03:57: Player "pedrobala" (steam64id="76561198046653521" pos=<10387.2, 14.52, 10617.1>) DeployObject dp_box_big_Grey
00:04:16: Player "pedrobala" (steam64id="76561198046653521" pos=<10389.7, 17.65, 10612.5>) DeployObject dp_box_big_Grey
00:04:32: Player "pedrobala" (steam64id="76561198046653521" pos=<10388.9, 17.65, 10613.6>) DeployObject dp_box_big_Grey
00:05:00: Player "pedrobala" (steam64id="76561198046653521" pos=<10388.6, 17.65, 10613.6>) DeployObject dp_box_big_Grey
00:06:11: Player "pedrobala" (steam64id="76561198046653521" pos=<10388.6, 14.53, 10615.3>) DeployObject dp_box_big_Grey
00:10:51: Player "G A T O" (steam64id="76561199207813177" pos=<7549.92, 35.27, 7892.95>) DeployObject dp_box_big_Brown
00:11:05: Player "G A T O" (steam64id="76561199207813177" pos=<7549.52, 35.26, 7893.76>) DeployObject dp_box_big_Brown
00:11:25: Player "G A T O" (steam64id="76561199207813177" pos=<7548.72, 35.26, 7894.2>) DeployObject dp_box_big_Brown
00:13:44: Player "KOREA" (steam64id="76561198253386609" pos=<10394.1, 14.57, 10609.9>) DeployObject dp_metal_door_Kit
00:14:39: Player "KOREA" (steam64id="76561198253386609" pos=<10390.8, 14.52, 10608.7>) DeployObject dp_metal_door_Kit
00:18:16: Player "Passo Largo" (steam64id="76561199203652654" pos=<7561.74, 28.22, 7905.01>) DeployObject FenceKit
00:18:17: Player "G A T O" (steam64id="76561199207813177" pos=<7550.55, 35.24, 7899.29>) DeployObject dp_box_big_Brown
00:21:01: Player "[YKZ]-BlackBear" (steam64id="76561198343030820" pos=<11083, 35.49, 8423.75>) DeployObject PartyTent_Blue
00:21:25: Player "Alexidot" (steam64id="76561198161940404" pos=<10828.5, 4.01, 7745.71>) DeployObject Spotlight
00:21:58: Player "Alexidot" (steam64id="76561198161940404" pos=<10828.5, 4.01, 7745.83>) DeployObject Spotlight
00:22:47: Player "Passo Largo" (steam64id="76561199203652654" pos=<7562.81, 28.05, 7893.27>) DeployObject FenceKit
00:23:27: Player "Passo Largo" (steam64id="76561199203652654" pos=<7558.58, 28.05, 7894.1>) DeployObject FenceKit
00:25:14: Player "G A T O" (steam64id="76561199207813177" pos=<7562.61, 28.05, 7893.93>) DeployObject FenceKit
00:25:39: Player "[YKZ]-BlackBear" (steam64id="76561198343030820" pos=<11084.1, 35.24, 8423.24>) DeployObject dp_trashcan_blue
00:26:19: Player "Passo Largo" (steam64id="76561199203652654" pos=<7565.84, 28.05, 7901.96>) DeployObject FenceKit
00:27:24: Player "G A T O" (steam64id="76561199207813177" pos=<7563.15, 28.05, 7897.85>) DeployObject FenceKit
00:29:05: Player "G A T O" (steam64id="76561199207813177" pos=<7551.13, 28.05, 7905.52>) DeployObject FenceKit
00:29:42: Player "G A T O" (steam64id="76561199207813177" pos=<7550.74, 35.25, 7895.76>) DeployObject dp_box_big_Brown
00:30:02: Player "G A T O" (steam64id="76561199207813177" pos=<7550.47, 35.26, 7894.9>) DeployObject dp_box_big_Brown
00:30:22: Player "Passo Largo" (steam64id="76561199203652654" pos=<7564.69, 28.05, 7895.22>) DismantlePart base
00:30:54: Player "Passo Largo" (steam64id="76561199203652654" pos=<7564.37, 28.05, 7892.22>) DismantlePart base
00:32:31: Player "Passo Largo" (steam64id="76561199203652654" pos=<7559.15, 28.05, 7893.63>) DeployObject dp_box_big_Brown
00:33:36: Player "Passo Largo" (steam64id="76561199203652654" pos=<7566.06, 28.05, 7903.27>) DismantlePart base
00:35:33: Player "Passo Largo" (steam64id="76561199203652654" pos=<7563.33, 28.05, 7893.6>) DeployObject FenceKit
00:36:13: Player "Passo Largo" (steam64id="76561199203652654" pos=<7564.41, 28.05, 7897.67>) DeployObject FenceKit
00:37:45: Player "Passo Largo" (steam64id="76561199203652654" pos=<7565.84, 28.05, 7901.88>) DeployObject FenceKit
00:44:10: Player "[YKZ]-BlackBear" (steam64id="76561198343030820" pos=<11080.9, 35.24, 8427.35>) DeployObject dp_box_big_Olive
00:45:45: Player "G A T O" (steam64id="76561199207813177" pos=<7548.78, 34.04, 7906.97>) DeployObject FenceKit
00:47:52: Player "Seekerzao" (steam64id="76561198067793781" pos=<10237.8, 14.76, 11333.2>) DeployObject FenceKit
00:52:54: Player "Passo Largo" (steam64id="76561199203652654" pos=<7564.38, 28.05, 7900.88>) DeployObject FenceKit
00:54:44: Player "Passo Largo" (steam64id="76561199203652654" pos=<7562.88, 28.05, 7893.04>) DeployObject FenceKit
01:00:32: Player "Passo Largo" (steam64id="76561199203652654" pos=<7562.11, 28.89, 7906.83>) DeployObject FenceKit
01:00:43: Player "Seekerzao" (steam64id="76561198067793781" pos=<10237.7, 14.05, 11341.1>) DeployObject FenceKit
01:01:44: Player "Passo Largo" (steam64id="76561199203652654" pos=<7561.75, 28.05, 7891.54>) DeployObject CrateVIP
01:01:49: Player "Seekerzao" (steam64id="76561198067793781" pos=<10234.1, 14.67, 11341.3>) DeployObject FenceKit
01:03:04: Player "Passo Largo" (steam64id="76561199203652654" pos=<7561.02, 28.05, 7891.83>) DeployObject dp_box_big_Brown
01:03:47: Player "Passo Largo" (steam64id="76561199203652654" pos=<7561.77, 28.05, 7893.15>) DeployObject CrateVIP
01:07:24: Player "Passo Largo" (steam64id="76561199203652654" pos=<7558.48, 28.05, 7894.58>) DeployObject FenceKit
01:07:39: Player "ttuker" (steam64id="76561198971813376" pos=<7389.3, 31.55, 8200.91>) DeployObject dp_roof_Kit
01:08:14: Player "Passo Largo" (steam64id="76561199203652654" pos=<7561.27, 28.05, 7893.48>) DeployObject dp_box_big_Brown
01:09:41: Player "Passo Largo" (steam64id="76561199203652654" pos=<7561.92, 28.05, 7895.51>) DeployObject dp_box_big_Brown
01:09:56: Player "Passo Largo" (steam64id="76561199203652654" pos=<7562.68, 28.51, 7893.79>) DeployObject dp_box_big_Brown
01:10:39: Player "Passo Largo" (steam64id="76561199203652654" pos=<7560.05, 28.05, 7892.46>) DeployObject dp_box_big_Brown
01:10:49: Player "Passo Largo" (steam64id="76561199203652654" pos=<7560.32, 28.05, 7892.78>) DeployObject dp_box_big_Brown
01:11:01: Player "Passo Largo" (steam64id="76561199203652654" pos=<7560.88, 28.05, 7894.1>) DeployObject dp_box_big_Brown
01:11:11: Player "Passo Largo" (steam64id="76561199203652654" pos=<7560.34, 28.05, 7893.64>) DeployObject dp_box_big_Brown
01:11:29: Player "Passo Largo" (steam64id="76561199203652654" pos=<7559.43, 28.50, 7893.83>) DeployObject dp_box_big_Brown
01:12:57: Player "CHASER?" (steam64id="76561198246131158" pos=<10390.9, 17.67, 10612.6>) DeployObject dp_gunrackKit
01:15:09: Player "CHASER?" (steam64id="76561198246131158" pos=<10390.3, 17.65, 10611>) DeployObject dp_box_big_Grey
01:15:24: Player "Passo Largo" (steam64id="76561199203652654" pos=<7561.52, 28.05, 7896.31>) DeployObject dp_box_big_Brown
01:16:47: Player "Passo Largo" (steam64id="76561199203652654" pos=<7561.35, 28.05, 7893.02>) DeployObject dp_box_big_Brown
01:16:53: Player "Passo Largo" (steam64id="76561199203652654" pos=<7560.56, 28.05, 7893.14>) DeployObject dp_box_big_Brown
01:17:37: Player "Passo Largo" (steam64id="76561199203652654" pos=<7560.93, 29.04, 7908.47>) DeployObject FenceKit
01:19:26: Player "CHASER?" (steam64id="76561198246131158" pos=<10385.5, 17.62, 10616.1>) DeployObject dp_weapons_stand_Kit
01:20:10: Player "?? Prince#4184" (steam64id="76561198199985663" pos=<10391.1, 17.07, 10616.6>) DeployObject dp_weapons_stand_Kit
01:20:27: Player "CHASER?" (steam64id="76561198246131158" pos=<10391.7, 16.28, 10615.9>) DeployObject dp_weapons_stand_Kit
01:21:02: Player "?? Prince#4184" (steam64id="76561198199985663" pos=<10395, 14.58, 10608.4>) DeployObject dp_weapons_stand_Kit
01:23:41: Player "Passo Largo" (steam64id="76561199203652654" pos=<7561.28, 28.05, 7900.67>) DeployObject dp_box_big_Brown
01:25:24: Player "Passo Largo" (steam64id="76561199203652654" pos=<7552.92, 28.05, 7899.84>) DeployObject FenceKit
01:25:55: Player "Passo Largo" (steam64id="76561199203652654" pos=<7551.47, 28.05, 7899.5>) FoldBaseBuildingObject Fence
01:26:09: Player "Passo Largo" (steam64id="76561199203652654" pos=<7553.43, 28.05, 7899.69>) DeployObject FenceKit
01:30:24: Player "G A T O" (steam64id="76561199207813177" pos=<7551.43, 35.24, 7900.16>) DeployObject dp_guncabinetKit
01:31:50: Player "G A T O" (steam64id="76561199207813177" pos=<7556.96, 28.05, 7894.24>) DeployObject dp_box_big_Brown
01:35:17: Player "Passo Largo" (steam64id="76561199203652654" pos=<7549.29, 35.26, 7894.2>) DeployObject dp_guncabinetKit
01:37:28: Player "[ONE] XxibahH" (steam64id="76561198165228070" pos=<7587.53, 36.58, 7871.19>) DeployObject dp_trashcan_black
01:42:15: Player "Passo Largo" (steam64id="76561199203652654" pos=<7548.69, 35.26, 7894.22>) DeployObject dp_guncabinetKit
01:42:27: Player "Passo Largo" (steam64id="76561199203652654" pos=<7552.72, 35.26, 7894.13>) DeployObject dp_weapons_stand_Kit
01:43:12: Player "Passo Largo" (steam64id="76561199203652654" pos=<7549.02, 35.26, 7894.26>) DeployObject dp_guncabinetKit
01:43:22: Player "Licao" (steam64id="76561198177924711" pos=<10722, 13.43, 13483.7>) DeployObject BearTrap
01:44:36: Player "Passo Largo" (steam64id="76561199203652654" pos=<7551.74, 35.26, 7894.08>) DeployObject dp_gunrackKit
01:44:50: Player "Passo Largo" (steam64id="76561199203652654" pos=<7552.36, 35.26, 7893.69>) DeployObject dp_guncabinetKit
01:45:16: Player "Passo Largo" (steam64id="76561199203652654" pos=<7549.49, 35.25, 7895.76>) DeployObject dp_refrigerator
01:45:28: Player "Passo Largo" (steam64id="76561199203652654" pos=<7549.39, 35.26, 7894.55>) DeployObject dp_refrigerator
01:45:37: Player "Passo Largo" (steam64id="76561199203652654" pos=<7549.08, 35.26, 7893.99>) DeployObject dp_refrigerator
01:45:48: Player "Passo Largo" (steam64id="76561199203652654" pos=<7547.96, 35.27, 7893.61>) DeployObject dp_refrigerator
01:45:58: Player "Passo Largo" (steam64id="76561199203652654" pos=<7548.84, 35.27, 7893.63>) DeployObject dp_refrigerator
01:46:17: Player "Passo Largo" (steam64id="76561199203652654" pos=<7550.5, 35.26, 7894.13>) DeployObject dp_gunrackKit
01:46:26: Player "Passo Largo" (steam64id="76561199203652654" pos=<7550.23, 35.27, 7893.93>) DeployObject dp_gunrackKit
01:46:52: Player "Passo Largo" (steam64id="76561199203652654" pos=<7550.18, 31.34, 7896.18>) DeployObject dp_weapons_stand_Kit
01:46:59: Player "Passo Largo" (steam64id="76561199203652654" pos=<7549.78, 31.35, 7894.2>) DeployObject dp_weapons_stand_Kit
01:51:19: Player "Passo Largo" (steam64id="76561199203652654" pos=<7553.96, 36.74, 7900.99>) DismantlePart dp_door_gate
02:15:13: Player "o velho peludo" (steam64id="76561198843547059" pos=<9733.71, 8.67, 12575.4>) DeployObject dp_locker_grayKit
02:35:51: Player "KOREA" (steam64id="76561198253386609" pos=<7862.21, 31.44, 7417.94>) DeployObject dp_wall_big_Kit
02:40:03: Player "KOREA" (steam64id="76561198253386609" pos=<7861.37, 31.43, 7418.4>) DeployObject dp_door_Kit
02:46:01: Player "KOREA" (steam64id="76561198253386609" pos=<7862.28, 31.41, 7418.65>) DeployObject dp_wall_big_Kit
02:47:00: Player "KOREA" (steam64id="76561198253386609" pos=<7862.49, 31.41, 7418.73>) DeployObject dp_wall_kit
02:48:02: Player "KOREA" (steam64id="76561198253386609" pos=<7862.26, 31.42, 7418.48>) DeployObject dp_metal_door_Kit
02:48:42: Player "KOREA" (steam64id="76561198253386609" pos=<7862.4, 31.42, 7418.49>) DeployObject dp_metal_door_Kit
02:52:15: Player "KOREA" (steam64id="76561198253386609" pos=<7895.02, 30.81, 7419.38>) DeployObject dp_wall_kit
02:53:06: Player "KOREA" (steam64id="76561198253386609" pos=<7894.28, 30.96, 7423.02>) DeployObject dp_door_Kit
02:56:45: Player "[ONE] KARABULJHAN" (steam64id="76561198100527842" pos=<7869.24, 31.42, 7416.87>) DeployObject dp_refrigerator
02:57:04: Player "[ONE] KARABULJHAN" (steam64id="76561198100527842" pos=<7869.22, 31.44, 7416.44>) DeployObject dp_refrigerator
02:58:46: Player "[ONE] KARABULJHAN" (steam64id="76561198100527842" pos=<7870.3, 31.41, 7416.94>) DeployObject dp_refrigerator
02:59:23: Player "[DY] CINDERELA" (steam64id="76561199153781943" pos=<7869.09, 31.43, 7416.62>) DeployObject dp_refrigerator
02:59:37: Player "KOREA" (steam64id="76561198253386609" pos=<7893.95, 30.96, 7423.1>) DeployObject FenceKit
03:00:31: Player "KOREA" (steam64id="76561198253386609" pos=<7893.98, 30.95, 7423.23>) DeployObject FenceKit
03:02:47: Player "[ONE}Rick" (steam64id="76561198868590548" pos=<7886.52, 31.28, 7425.13>) DeployObject LargeTent
03:03:37: Player "[ONE}Rick" (steam64id="76561198868590548" pos=<7885.91, 31.28, 7425.34>) DeployObject LargeTent
03:04:01: Player "[DY] CINDERELA" (steam64id="76561199153781943" pos=<7886.86, 30.80, 7429.08>) DeployObject dp_gunrackKit
03:04:25: Player "KOREA" (steam64id="76561198253386609" pos=<7894.43, 30.97, 7422.44>) DismantlePart wall_gate
03:04:42: Player "[DY] CINDERELA" (steam64id="76561199153781943" pos=<7886.06, 30.82, 7428.86>) DeployObject dp_gunrackKit
03:04:51: Player "[ONE}Rick" (steam64id="76561198868590548" pos=<7885.95, 31.19, 7424.79>) DeployObject LargeTent
03:05:50: Player "[DY] CINDERELA" (steam64id="76561199153781943" pos=<7885.24, 30.83, 7428.71>) DeployObject dp_gunrackKit
03:06:00: Player "[DY] CINDERELA" (steam64id="76561199153781943" pos=<7884.53, 30.85, 7428.48>) DeployObject dp_gunrackKit
03:06:57: Player "[DY] CINDERELA" (steam64id="76561199153781943" pos=<7887.53, 30.78, 7428.93>) DeployObject dp_guncabinetKit
03:07:17: Player "[DY] CINDERELA" (steam64id="76561199153781943" pos=<7886.03, 30.81, 7428.55>) DeployObject dp_guncabinetKit
03:07:34: Player "[DY] CINDERELA" (steam64id="76561199153781943" pos=<7884.56, 30.84, 7428.09>) DeployObject dp_guncabinetKit
03:08:25: Player "[ONE] JAPA" (steam64id="76561198161060673" pos=<7863.95, 31.38, 7419.11>) DeployObject dp_door_Kit
03:08:49: Player "[DY] CINDERELA" (steam64id="76561199153781943" pos=<7884.55, 30.84, 7428.01>) DeployObject dp_guncabinetKit
03:09:52: Player "[ONE] JAPA" (steam64id="76561198161060673" pos=<7863.61, 31.51, 7415.28>) DeployObject FenceKit
03:10:23: Player "[DY] CINDERELA" (steam64id="76561199153781943" pos=<7879.78, 30.89, 7428.11>) DeployObject dp_weapons_stand_Kit
03:10:39: Player "[DY] CINDERELA" (steam64id="76561199153781943" pos=<7878.39, 30.94, 7426.9>) DeployObject dp_weapons_stand_Kit
03:11:16: Player "[DY] CINDERELA" (steam64id="76561199153781943" pos=<7874.54, 30.99, 7426.63>) DeployObject dp_weapons_stand_Kit
03:11:38: Player "[DY] CINDERELA" (steam64id="76561199153781943" pos=<7874.7, 30.99, 7426.53>) DeployObject dp_weapons_stand_Kit
03:12:39: Player "[ONE] JAPA" (steam64id="76561198161060673" pos=<7866.68, 31.33, 7419.8>) DeployObject dp_door_Kit
03:13:02: Player "[ONE] JAPA" (steam64id="76561198161060673" pos=<7862.14, 31.28, 7422.43>) DeployObject FenceKit
03:13:15: Player "[DY] CINDERELA" (steam64id="76561199153781943" pos=<7883.18, 30.86, 7428.12>) DeployObject dp_box_big_Grey
03:13:20: Player "[ONE] JAPA" (steam64id="76561198161060673" pos=<7863.43, 31.45, 7416.81>) FoldBaseBuildingObject Fence
03:13:29: Player "[ONE] KARABULJHAN" (steam64id="76561198100527842" pos=<7881.26, 31.32, 7424.79>) DeployObject LargeTent
03:13:35: Player "[ONE] JAPA" (steam64id="76561198161060673" pos=<7863.75, 31.53, 7414.93>) DeployObject FenceKit
03:13:53: Player "[ONE] KARABULJHAN" (steam64id="76561198100527842" pos=<7881.09, 31.36, 7424.31>) DeployObject LargeTent
03:14:30: Player "[ONE] KARABULJHAN" (steam64id="76561198100527842" pos=<7880.68, 31.36, 7424.06>) DeployObject LargeTent
03:14:58: Player "[DY] CINDERELA" (steam64id="76561199153781943" pos=<7882.37, 30.83, 7429.17>) DeployObject dp_box_big_Grey
03:15:06: Player "[ONE}Rick" (steam64id="76561198868590548" pos=<7881.81, 31.18, 7420.15>) DeployObject dp_box_big_Grey
03:15:39: Player "[ONE}Rick" (steam64id="76561198868590548" pos=<7882.14, 31.23, 7418.43>) DeployObject dp_box_big_Grey
03:16:24: Player "[DY] CINDERELA" (steam64id="76561199153781943" pos=<7882.04, 30.85, 7428.86>) DeployObject dp_box_big_Grey
03:17:53: Player "[ONE}Rick" (steam64id="76561198868590548" pos=<7892.92, 30.89, 7424.68>) DeployObject dp_refrigerator
03:17:58: Player "[ONE] JAPA" (steam64id="76561198161060673" pos=<7862.96, 31.36, 7420.53>) FoldBaseBuildingObject Fence
03:18:22: Player "[ONE] JAPA" (steam64id="76561198161060673" pos=<7862.9, 31.33, 7420.8>) DismantlePart dp_base
03:18:28: Player "[ONE}Rick" (steam64id="76561198868590548" pos=<7891.94, 30.89, 7425.03>) DeployObject dp_refrigerator
03:18:32: Player "ttuker" (steam64id="76561198971813376" pos=<7391.64, 31.55, 8200.08>) DismantlePart dp_roof
03:18:37: Player "[ONE}Rick" (steam64id="76561198868590548" pos=<7892.77, 30.90, 7424.43>) DeployObject dp_refrigerator
03:18:58: Player "[ONE] KARABULJHAN" (steam64id="76561198100527842" pos=<7875.9, 31.44, 7423.71>) DeployObject LargeTent
03:19:38: Player "[DY] CINDERELA" (steam64id="76561199153781943" pos=<7871.36, 31.78, 7416.95>) DeployObject CarTent
03:19:39: Player "[ONE] JAPA" (steam64id="76561198161060673" pos=<7862.03, 31.26, 7423.02>) DeployObject FenceKit
03:20:42: Player "[DY] CINDERELA" (steam64id="76561199153781943" pos=<7863.97, 31.46, 7416.34>) FoldBaseBuildingObject Fence
03:20:52: Player "ttuker" (steam64id="76561198971813376" pos=<7390.49, 31.55, 8200.48>) DismantlePart dp_roof_stairs
03:21:10: Player "[ONE] KARABULJHAN" (steam64id="76561198100527842" pos=<7871.4, 31.50, 7422.5>) DeployObject LargeTent
03:21:17: Player "ttuker" (steam64id="76561198971813376" pos=<7392.3, 31.55, 8200.25>) DismantlePart dp_base_r
03:21:43: Player "[ONE] KARABULJHAN" (steam64id="76561198100527842" pos=<7870.68, 31.45, 7421.88>) DeployObject LargeTent
03:21:48: Player "[ONE] JAPA" (steam64id="76561198161060673" pos=<7863.79, 31.52, 7414.96>) DeployObject FenceKit
03:25:05: Player "[ONE] JAPA" (steam64id="76561198161060673" pos=<7863.55, 31.46, 7417.08>) DismantlePart wall_wood_down
03:26:24: Player "[ONE] JAPA" (steam64id="76561198161060673" pos=<7863.81, 31.52, 7415.13>) DeployObject FenceKit
03:27:43: Player "Duerowww" (steam64id="76561198259492425" pos=<7389.31, 31.55, 8199.85>) DeployObject dp_roof_Kit
03:29:45: Player "Duerowww" (steam64id="76561198259492425" pos=<7389.76, 31.55, 8201.8>) DismantlePart dp_base_r
03:31:27: Player "[DY] CINDERELA" (steam64id="76561199153781943" pos=<7868.01, 31.30, 7420.51>) DeployObject CarTent
03:32:00: Player "Duerowww" (steam64id="76561198259492425" pos=<7391.66, 31.55, 8198.5>) DeployObject dp_roof_Kit
03:32:19: Player "[ONE] JAPA" (steam64id="76561198161060673" pos=<7869.7, 31.63, 7419.93>) DeployObject CarTent
03:32:39: Player "[ONE] JAPA" (steam64id="76561198161060673" pos=<7862.2, 31.29, 7422.08>) DeployObject FenceKit
03:33:29: Player "[ONE] KARABULJHAN" (steam64id="76561198100527842" pos=<7887.85, 30.92, 7425.74>) DeployObject dp_refrigerator
03:35:40: Player "[ONE] JAPA" (steam64id="76561198161060673" pos=<7854.5, 31.26, 7417.27>) DeployObject WatchtowerKit
03:35:47: Player "[DY] CINDERELA" (steam64id="76561199153781943" pos=<7862.68, 31.54, 7415.43>) DeployObject dp_guncabinetKit
03:49:02: Player "[ONE] JAPA" (steam64id="76561198161060673" pos=<7862.72, 31.40, 7418.85>) DeployObject dp_door_Kit
03:55:21: Player "[ONE] JAPA" (steam64id="76561198161060673" pos=<7858.81, 31.47, 7418.12>) DeployObject WatchtowerKit
03:57:28: Player "[ONE] JAPA" (steam64id="76561198161060673" pos=<7855.84, 31.24, 7417.51>) DeployObject FenceKit
04:05:34: Player "[ONE] JAPA" (steam64id="76561198161060673" pos=<7850.74, 31.36, 7416.51>) DeployObject dp_roof_Kit
04:09:44: Player "[ONE] KARABULJHAN" (steam64id="76561198100527842" pos=<7864.25, 31.51, 7415.79>) DeployObject dp_guncabinetKit
04:10:14: Player "[ONE] KARABULJHAN" (steam64id="76561198100527842" pos=<7865.39, 31.47, 7416.45>) DeployObject dp_guncabinetKit
08:29:16: Player "Claudinha" (steam64id="76561198057660141" pos=<7594.62, 28.44, 7866.73>) DismantlePart wall_wood_up
08:29:33: Player "Claudinha" (steam64id="76561198057660141" pos=<7594.55, 28.44, 7866.7>) DismantlePart wall_wood_down
08:29:50: Player "Claudinha" (steam64id="76561198057660141" pos=<7594.47, 28.44, 7866.67>) DismantlePart wall_base_down
08:30:07: Player "Claudinha" (steam64id="76561198057660141" pos=<7594.4, 28.44, 7866.64>) DismantlePart wall_base_up
08:30:38: Player "Claudinha" (steam64id="76561198057660141" pos=<7594.84, 28.44, 7866.93>) DismantlePart base
08:32:23: Player "Claudinha" (steam64id="76561198057660141" pos=<7574.79, 28.44, 7873.47>) DismantlePart wall_base_down
08:32:51: Player "Claudinha" (steam64id="76561198057660141" pos=<7574.68, 28.44, 7872.61>) DismantlePart base
08:33:14: Player "Claudinha" (steam64id="76561198057660141" pos=<7595.69, 28.44, 7866.64>) DismantlePart dp_wood_wall_door
08:33:45: Player "Claudinha" (steam64id="76561198057660141" pos=<7600.93, 28.44, 7866.39>) DismantlePart wall_wood_down
08:34:02: Player "Claudinha" (steam64id="76561198057660141" pos=<7600.88, 28.44, 7866.34>) DismantlePart wall_base_down
08:34:20: Player "Claudinha" (steam64id="76561198057660141" pos=<7600.82, 28.44, 7866.28>) DismantlePart wall_base_up
08:35:12: Player "Claudinha" (steam64id="76561198057660141" pos=<7596.19, 28.44, 7866.59>) DismantlePart dp_base_w
08:35:42: Player "Claudinha" (steam64id="76561198057660141" pos=<7599.09, 28.44, 7866.64>) DismantlePart base
08:40:01: Player "Claudinha" (steam64id="76561198057660141" pos=<7574.79, 31.18, 7873.14>) DismantlePart base
08:40:49: Player "Claudinha" (steam64id="76561198057660141" pos=<7574.96, 33.88, 7874.32>) DismantlePart base
08:41:52: Player "Claudinha" (steam64id="76561198057660141" pos=<7575.39, 36.58, 7874.21>) DismantlePart wall_wood_up
08:42:08: Player "Claudinha" (steam64id="76561198057660141" pos=<7575.33, 36.58, 7874.25>) DismantlePart wall_wood_down
08:42:24: Player "Claudinha" (steam64id="76561198057660141" pos=<7575.26, 36.58, 7874.3>) DismantlePart wall_base_down
08:42:39: Player "Claudinha" (steam64id="76561198057660141" pos=<7575.2, 36.58, 7874.34>) DismantlePart wall_base_up
08:43:09: Player "Claudinha" (steam64id="76561198057660141" pos=<7574.77, 36.58, 7872.48>) DismantlePart base
08:49:46: Player "Claudinha" (steam64id="76561198057660141" pos=<7565.66, 37.04, 7906.66>) DeployObject dp_box_big_Brown
08:50:11: Player "Claudinha" (steam64id="76561198057660141" pos=<7565.28, 37.04, 7896.26>) DeployObject FenceKit
08:53:33: Player "Claudinha" (steam64id="76561198057660141" pos=<7565.69, 37.04, 7900.58>) DeployObject FenceKit
08:53:49: Player "Claudinha" (steam64id="76561198057660141" pos=<7566.08, 37.04, 7904.63>) DeployObject FenceKit
08:55:07: Player "Claudinha" (steam64id="76561198057660141" pos=<7565.14, 37.04, 7891.07>) DeployObject FenceKit
08:55:38: Player "Claudinha" (steam64id="76561198057660141" pos=<7556.1, 37.04, 7893.16>) DeployObject dp_box_big_Brown
08:56:17: Player "Claudinha" (steam64id="76561198057660141" pos=<7561.19, 37.04, 7891.47>) DeployObject FenceKit
08:57:31: Player "Claudinha" (steam64id="76561198057660141" pos=<7566.12, 34.04, 7904.32>) DeployObject FenceKit
09:03:34: Player "Claudinha" (steam64id="76561198057660141" pos=<7555.66, 37.04, 7902.41>) DeployObject dp_box_big_Brown
09:04:39: Player "Claudinha" (steam64id="76561198057660141" pos=<7553.45, 28.05, 7893.5>) DeployObject dp_box_big_Brown
09:04:59: Player "Claudinha" (steam64id="76561198057660141" pos=<7552.04, 28.05, 7895.88>) DeployObject dp_box_big_Brown
09:09:38: Player "Leandro Silva" (steam64id="76561199173930571" pos=<9716.84, 21.64, 15023.1>) DeployObject Fireplace
09:09:39: Player "Claudinha" (steam64id="76561198057660141" pos=<7556.87, 34.07, 7893.32>) DeployObject dp_box_big_Brown
09:09:46: Player "Leandro Silva" (steam64id="76561199173930571" pos=<9715.86, 21.54, 15023>) DeployObject Fireplace
09:12:11: Player "Claudinha" (steam64id="76561198057660141" pos=<7565.75, 34.04, 7900.23>) DeployObject FenceKit
09:13:55: Player "Claudinha" (steam64id="76561198057660141" pos=<7565.34, 34.04, 7896>) DeployObject FenceKit
09:14:58: Player "Claudinha" (steam64id="76561198057660141" pos=<7565.12, 34.04, 7891.13>) DeployObject FenceKit
09:16:38: Player "Claudinha" (steam64id="76561198057660141" pos=<7560.82, 34.04, 7891.44>) DeployObject FenceKit
09:37:15: Player "[L.B] Santorin" (steam64id="76561199069721527" pos=<7343.95, 14.33, 7135.67>) DeployObject Barrel_Red
09:38:13: Player "[L.B] Santorin" (steam64id="76561199069721527" pos=<7346.22, 14.33, 7139.5>) DeployObject dp_waterbarrel_kit
09:38:42: Player "[L.B] ploodrinny" (steam64id="76561198312062387" pos=<7361.16, 18.46, 7134.26>) DeployObject dp_box_small_Brown
09:40:35: Player "[L.B] Santorin" (steam64id="76561199069721527" pos=<7343.34, 14.33, 7139.77>) DeployObject dp_waterbarrel_kit
09:41:11: Player "[L.B] Santorin" (steam64id="76561199069721527" pos=<7347.65, 18.46, 7135.59>) DeployObject dp_locker_grayKit
09:42:02: Player "[L.B] Santorin" (steam64id="76561199069721527" pos=<7359.1, 18.46, 7134.31>) DeployObject dp_locker_grayKit
09:54:45: Player "Claudinha" (steam64id="76561198057660141" pos=<7554.32, 36.74, 7900.79>) DismantlePart dp_door_gate
10:00:01: Player "Claudinha" (steam64id="76561198057660141" pos=<7551.77, 28.05, 7904.67>) DeployObject WatchtowerKit
10:04:35: Player "Claudinha" (steam64id="76561198057660141" pos=<7558.66, 28.05, 7903.19>) DismantlePart level_1_base
10:05:16: Player "Claudinha" (steam64id="76561198057660141" pos=<7550.51, 28.05, 7904.56>) DeployObject WatchtowerKit
10:11:54: Player "Claudinha" (steam64id="76561198057660141" pos=<7562.16, 28.05, 7892.56>) DeployObject dp_box_big_Brown
10:20:36: Player "Claudinha" (steam64id="76561198057660141" pos=<7562.89, 28.05, 7901.75>) DeployObject FenceKit
10:22:31: Player "Claudinha" (steam64id="76561198057660141" pos=<7562.87, 28.05, 7900.1>) DeployObject FenceKit
10:49:51: Player "Leandro Silva" (steam64id="76561199173930571" pos=<9881.56, 8.97, 13098.2>) DeployObject BearTrap
11:16:48: Player "Dixxt" (steam64id="76561199159398540" pos=<10721.8, 14.41, 13479.5>) DeployObject BearTrap
12:55:29: Player "OZIEL" (steam64id="76561199063596086" pos=<10428.7, 12.53, 11518.5>) DeployObject FenceKit
12:58:28: Player "[L.B] ploodrinny" (steam64id="76561198312062387" pos=<7363.69, 18.46, 7139.28>) DeployObject SeaChest
12:58:44: Player "[L.B] ploodrinny" (steam64id="76561198312062387" pos=<7363.96, 18.46, 7139.67>) DeployObject SeaChest
12:59:48: Player "[L.B] ploodrinny" (steam64id="76561198312062387" pos=<7361.23, 18.46, 7133.78>) DeployObject dp_box_small_Brown
13:00:24: Player "MuFeTe De FrAnGo" (steam64id="76561199018026908" pos=<10434, 12.53, 11531.9>) DeployObject Barrel_Green
13:01:12: Player "kla" (steam64id="76561199169771596" pos=<9884.88, 8.95, 13094.6>) DeployObject BearTrap
13:03:06: Player "MuFeTe De FrAnGo" (steam64id="76561199018026908" pos=<10434.2, 12.53, 11535>) DeployObject dp_refrigerator
13:03:21: Player "MuFeTe De FrAnGo" (steam64id="76561199018026908" pos=<10434.3, 12.53, 11535.2>) DeployObject dp_refrigerator
13:03:47: Player "MuFeTe De FrAnGo" (steam64id="76561199018026908" pos=<10434.2, 12.53, 11534.6>) DeployObject dp_refrigerator
13:04:22: Player "MuFeTe De FrAnGo" (steam64id="76561199018026908" pos=<10434.2, 12.53, 11534>) DeployObject dp_refrigerator
13:04:57: Player "MuFeTe De FrAnGo" (steam64id="76561199018026908" pos=<10431.1, 12.53, 11551.5>) DeployObject dp_box_big_Brown
13:05:13: Player "MuFeTe De FrAnGo" (steam64id="76561199018026908" pos=<10434.4, 12.53, 11551.3>) DeployObject dp_box_big_Brown
13:05:22: Player "MuFeTe De FrAnGo" (steam64id="76561199018026908" pos=<10432.7, 12.53, 11551.5>) DeployObject dp_box_big_Brown
13:05:34: Player "MuFeTe De FrAnGo" (steam64id="76561199018026908" pos=<10427.9, 12.53, 11551.2>) DeployObject dp_box_big_Brown
13:05:54: Player "MuFeTe De FrAnGo" (steam64id="76561199018026908" pos=<10430.5, 12.53, 11551>) DeployObject dp_box_big_Brown
13:06:11: Player "MuFeTe De FrAnGo" (steam64id="76561199018026908" pos=<10429.7, 12.53, 11550.1>) DeployObject dp_box_big_Brown
13:06:29: Player "KOREA" (steam64id="76561198253386609" pos=<10394.5, 14.58, 10609.9>) DeployObject dp_door_Kit
13:06:48: Player "MuFeTe De FrAnGo" (steam64id="76561199018026908" pos=<10434.2, 12.53, 11533.4>) DeployObject dp_refrigerator
13:07:07: Player "MuFeTe De FrAnGo" (steam64id="76561199018026908" pos=<10424.4, 12.53, 11549.6>) DeployObject dp_box_big_Brown
13:07:19: Player "MuFeTe De FrAnGo" (steam64id="76561199018026908" pos=<10424, 12.53, 11549.1>) DeployObject dp_box_big_Brown
13:07:36: Player "MuFeTe De FrAnGo" (steam64id="76561199018026908" pos=<10436.2, 12.53, 11548.4>) DeployObject dp_box_big_Brown
13:07:37: Player "KOREA" (steam64id="76561198253386609" pos=<10389.7, 14.52, 10611.7>) DeployObject dp_door_Kit
13:07:50: Player "MuFeTe De FrAnGo" (steam64id="76561199018026908" pos=<10435.8, 12.53, 11548.4>) DeployObject dp_box_big_Brown
13:08:12: Player "MuFeTe De FrAnGo" (steam64id="76561199018026908" pos=<10436.2, 12.53, 11548.2>) DeployObject dp_box_big_Brown
13:08:37: Player "MuFeTe De FrAnGo" (steam64id="76561199018026908" pos=<10435.7, 12.53, 11546.8>) DeployObject dp_box_big_Brown
13:09:01: Player "MuFeTe De FrAnGo" (steam64id="76561199018026908" pos=<10435.3, 12.53, 11551.5>) DeployObject dp_box_big_Brown
13:09:10: Player "KOREA" (steam64id="76561198253386609" pos=<10387, 17.65, 10617.2>) DeployObject dp_door_Kit
13:09:22: Player "MuFeTe De FrAnGo" (steam64id="76561199018026908" pos=<10434.2, 12.53, 11548.4>) DeployObject dp_box_big_Brown
13:10:09: Player "MuFeTe De FrAnGo" (steam64id="76561199018026908" pos=<10434.2, 12.53, 11546.5>) DeployObject dp_box_big_Brown
13:10:19: Player "pedrobala" (steam64id="76561198046653521" pos=<10397.4, 12.86, 10599.6>) DeployObject CarTent
13:11:19: Player "pedrobala" (steam64id="76561198046653521" pos=<10398.1, 13.27, 10602.2>) DeployObject CarTent
13:13:03: Player "TripaSeca" (steam64id="76561198093060507" pos=<7624.56, 14.68, 9806.94>) DeployObject dp_trashcan_black
13:13:33: Player "TripaSeca" (steam64id="76561198093060507" pos=<7624.52, 14.70, 9807.01>) DeployObject dp_trashcan_black
13:16:00: Player "pedrobala" (steam64id="76561198046653521" pos=<10399.3, 13.96, 10607.7>) DeployObject CarTent
13:16:05: Player "TripaSeca" (steam64id="76561198093060507" pos=<7623.54, 14.72, 9806.26>) DeployObject dp_trashcan_black
13:17:25: Player "pedrobala" (steam64id="76561198046653521" pos=<10406.8, 13.09, 10606.8>) DeployObject CarTent
13:24:54: Player "TripaSeca" (steam64id="76561198093060507" pos=<7623.04, 14.65, 9807.54>) DeployObject dp_trashcan_black
13:27:00: Player "TripaSeca" (steam64id="76561198093060507" pos=<7623.66, 14.74, 9806.46>) DeployObject dp_trashcan_black
13:27:27: Player "TripaSeca" (steam64id="76561198093060507" pos=<7624.69, 15.58, 9806.61>) DeployObject FenceKit
13:32:26: Player "Seekerzao" (steam64id="76561198067793781" pos=<10233.6, 14.05, 11347.3>) DeployObject dp_box_big_Grey
13:33:13: Player "Seekerzao" (steam64id="76561198067793781" pos=<10234.2, 14.05, 11347.1>) DeployObject dp_box_big_Grey
13:35:07: Player "TripaSeca" (steam64id="76561198093060507" pos=<7612.87, 13.22, 9798.42>) DeployObject FenceKit
13:37:25: Player "TripaSeca" (steam64id="76561198093060507" pos=<7610.04, 13.22, 9800.68>) DeployObject FenceKit
13:39:17: Player "TripaSeca" (steam64id="76561198093060507" pos=<7607.86, 13.22, 9806.07>) DeployObject FenceKit
13:42:58: Player "pedrobala" (steam64id="76561198046653521" pos=<10389.6, 17.65, 10611.9>) DeployObject dp_box_big_Grey
14:14:56: Player "TripaSeca" (steam64id="76561198093060507" pos=<7606.44, 13.22, 9806.16>) DeployObject ShelterKit
14:54:03: Player "anjo_pgimeu_caolho" (steam64id="76561198124651134" pos=<9885.54, 9.08, 13093>) DeployObject BearTrap
15:11:23: Player "Zoryugetsu" (steam64id="76561198396604126" pos=<9965.05, 11.87, 12492.1>) DeployObject PowerGenerator
15:14:23: Player "Rengaw91" (steam64id="76561198206465027" pos=<9885.63, 9.07, 13093.2>) DeployObject BearTrap
15:17:32: Player "Emissarius" (steam64id="76561198271087379" pos=<11091.7, 4.21, 8425.47>) DeployObject SeaChest
15:21:23: Player "Emissarius" (steam64id="76561198271087379" pos=<11086.3, 4.21, 8420.08>) DeployObject Barrel_Red
15:23:05: Player "[L.B] ploodrinny" (steam64id="76561198312062387" pos=<8502.33, 6.79, 11021.9>) DeployObject dp_weapons_stand_Kit
15:34:43: Player "[HORDA]KAS" (steam64id="76561199202697738" pos=<9543.75, 7.21, 9660.33>) DeployObject BearTrap
15:36:28: Player "[HORDA]KAS" (steam64id="76561199202697738" pos=<9543.32, 3.04, 9582.39>) DeployObject BearTrap
15:54:33: Player "[YKZ]-BlackBear" (steam64id="76561198343030820" pos=<11244.3, 4.23, 8276.32>) DeployObject SeaChest
15:55:12: Player "[YKZ]-BlackBear" (steam64id="76561198343030820" pos=<11229.8, 4.24, 8274.44>) DeployObject SeaChest
16:14:22: Player "Biel FxR" (steam64id="76561198050836260" pos=<7633.3, 12.20, 9810.48>) DeployObject dp_locker_grayKit
16:45:31: Player "Biel FxR" (steam64id="76561198050836260" pos=<7627.87, 12.20, 9813.75>) DeployObject WoodenCrate
16:48:09: Player "[YKZ]-BlackBear" (steam64id="76561198343030820" pos=<11748.6, 33.28, 6587.43>) DeployObject BearTrap
16:50:37: Player "TripaSeca" (steam64id="76561198093060507" pos=<7608.43, 13.22, 9809.12>) DeployObject ShelterKit
16:52:50: Player "Biel FxR" (steam64id="76561198050836260" pos=<7624.71, 12.20, 9812.91>) DeployObject dp_box_small_Brown
16:59:03: Player "Biel FxR" (steam64id="76561198050836260" pos=<7610.32, 13.22, 9815.19>) DeployObject dp_wall_big_Kit
17:01:11: Player "[LGBTQIA+] S T R 1 P P 3 R - S" (steam64id="76561198114043394" pos=<10763.5, 43.94, 8222.45>) DeployObject BearTrap
17:02:38: Player "[YKZ] pedrobala" (steam64id="76561198046653521" pos=<10391.3, 17.67, 10611.8>) DeployObject dp_box_big_Grey
17:03:00: Player "[YKZ] pedrobala" (steam64id="76561198046653521" pos=<10392.1, 17.67, 10610.3>) DeployObject dp_box_big_Grey
17:03:54: Player "[YKZ] pedrobala" (steam64id="76561198046653521" pos=<10391.7, 17.66, 10609.9>) DeployObject dp_box_big_Grey
17:04:20: Player "[YKZ] pedrobala" (steam64id="76561198046653521" pos=<10392.7, 17.69, 10610.6>) DeployObject dp_box_big_Grey
17:06:46: Player "[YKZ] pedrobala" (steam64id="76561198046653521" pos=<10390, 17.66, 10612.5>) DeployObject dp_box_big_Grey
17:08:11: Player "[YKZ] pedrobala" (steam64id="76561198046653521" pos=<10391.2, 17.66, 10609.9>) DeployObject dp_box_big_Grey
17:11:27: Player "[YKZ] pedrobala" (steam64id="76561198046653521" pos=<10388.1, 17.64, 10613.5>) DeployObject dp_box_big_Grey
17:17:27: Player "[YKZ] pedrobala" (steam64id="76561198046653521" pos=<10388.4, 17.65, 10614.9>) DeployObject dp_refrigerator
17:18:24: Player "[YKZ] pedrobala" (steam64id="76561198046653521" pos=<10393.4, 14.56, 10608.8>) DeployObject FenceKit
17:19:02: Player "[YKZ] pedrobala" (steam64id="76561198046653521" pos=<10393, 14.56, 10610.3>) FoldBaseBuildingObject Fence
17:19:48: Player "[YKZ] pedrobala" (steam64id="76561198046653521" pos=<10392.8, 14.55, 10608.5>) DeployObject FenceKit
17:53:59: Player "Biel FxR" (steam64id="76561198050836260" pos=<7605.57, 13.22, 9808.81>) DeployObject FenceKit
17:55:18: Player "Biel FxR" (steam64id="76561198050836260" pos=<7603.25, 13.33, 9808.61>) DismantlePart base
17:55:50: Player "Biel FxR" (steam64id="76561198050836260" pos=<7604.99, 13.27, 9809.07>) DeployObject FenceKit
17:56:50: Player "Biel FxR" (steam64id="76561198050836260" pos=<7631.86, 13.22, 9792.25>) DeployObject FenceKit
17:57:50: Player "Biel FxR" (steam64id="76561198050836260" pos=<7633.64, 14.16, 9792.82>) FoldBaseBuildingObject Fence
17:58:34: Player "Biel FxR" (steam64id="76561198050836260" pos=<7632.24, 13.22, 9791.27>) DeployObject FenceKit
17:59:09: Player "Biel FxR" (steam64id="76561198050836260" pos=<7634.28, 13.22, 9787.78>) DeployObject FenceKit
18:00:29: Player "Biel FxR" (steam64id="76561198050836260" pos=<7618.47, 13.22, 9784.93>) DeployObject FenceKit
18:01:37: Player "TripaSeca" (steam64id="76561198093060507" pos=<7610.9, 13.22, 9801.9>) DeployObject dp_trashcan_black
18:06:03: Player "TripaSeca" (steam64id="76561198093060507" pos=<7608.44, 15.10, 9800.98>) DeployObject dp_trashcan_black
18:06:15: Player "TripaSeca" (steam64id="76561198093060507" pos=<7608.44, 15.10, 9800.98>) DeployObject dp_trashcan_black
18:09:00: Player "TripaSeca" (steam64id="76561198093060507" pos=<7608.65, 15.10, 9800.9>) DeployObject FenceKit
18:15:36: Player "TripaSeca" (steam64id="76561198093060507" pos=<7620.04, 15.91, 9780.96>) DeployObject FenceKit
18:16:43: Player "Biel FxR" (steam64id="76561198050836260" pos=<7620.01, 13.22, 9783.6>) DeployObject dp_box_small_Brown
18:18:23: Player "Biel FxR" (steam64id="76561198050836260" pos=<7619.37, 13.22, 9783.65>) DeployObject dp_box_small_Brown
18:19:00: Player "nivvokiee" (steam64id="76561198287595289" pos=<9899.42, 9.63, 13109.8>) DeployObject BearTrap
18:19:54: Player "Hacan121" (steam64id="76561198345012092" pos=<7632.09, 13.22, 9791.02>) DeployObject dp_trashcan_black
18:20:12: Player "Biel FxR" (steam64id="76561198050836260" pos=<7633.51, 14.75, 9790.81>) DeployObject FenceKit
18:21:38: Player "Biel FxR" (steam64id="76561198050836260" pos=<7633.58, 13.22, 9789.32>) DeployObject dp_trashcan_black
18:22:26: Player "TripaSeca" (steam64id="76561198093060507" pos=<7622.83, 13.22, 9779.77>) DeployObject FenceKit
18:27:56: Player "Biel FxR" (steam64id="76561198050836260" pos=<7620.16, 13.22, 9783.49>) DeployObject dp_box_small_Brown
18:28:10: Player "TripaSeca" (steam64id="76561198093060507" pos=<7620.97, 15.91, 9779.31>) DeployObject FenceKit
18:31:47: Player "Biel FxR" (steam64id="76561198050836260" pos=<7620.46, 13.22, 9783.18>) DeployObject dp_box_small_Brown
18:32:53: Player "Biel FxR" (steam64id="76561198050836260" pos=<7622.05, 13.22, 9781.28>) DeployObject FenceKit
18:33:04: Player "TripaSeca" (steam64id="76561198093060507" pos=<7620.24, 15.95, 9779.19>) DeployObject FenceKit
18:35:05: Player "Biel FxR" (steam64id="76561198050836260" pos=<7622.14, 13.22, 9780.52>) DeployObject FenceKit
18:35:51: Player "TripaSeca" (steam64id="76561198093060507" pos=<7620.21, 13.22, 9783.31>) DeployObject dp_box_small_Brown
18:36:12: Player "TripaSeca" (steam64id="76561198093060507" pos=<7619.49, 15.99, 9780.6>) DeployObject dp_trashcan_black
18:36:47: Player "Biel FxR" (steam64id="76561198050836260" pos=<7622.18, 13.22, 9780.8>) DeployObject FenceKit
18:38:57: Player "Biel FxR" (steam64id="76561198050836260" pos=<7621.89, 13.22, 9780.88>) DeployObject FenceKit
18:40:03: Player "TripaSeca" (steam64id="76561198093060507" pos=<7619.71, 15.91, 9780.93>) DeployObject dp_trashcan_black
18:41:57: Player "TripaSeca" (steam64id="76561198093060507" pos=<7617.31, 15.09, 9785.16>) DeployObject dp_trashcan_black
18:42:45: Player "TripaSeca" (steam64id="76561198093060507" pos=<7616.64, 15.10, 9785.88>) DeployObject dp_trashcan_black
18:43:18: Player "TripaSeca" (steam64id="76561198093060507" pos=<7617.53, 14.56, 9784.24>) DeployObject FenceKit
18:46:43: Player "Biel FxR" (steam64id="76561198050836260" pos=<7620.33, 13.52, 9785.41>) DeployObject PartyTent_Brown
18:46:56: Player "TripaSeca" (steam64id="76561198093060507" pos=<7622.22, 16.79, 9782.06>) DeployObject dp_trashcan_black
18:48:48: Player "Biel FxR" (steam64id="76561198050836260" pos=<7620.25, 13.22, 9783.29>) DeployObject dp_box_small_Brown
18:49:08: Player "TripaSeca" (steam64id="76561198093060507" pos=<7622.24, 16.27, 9780.84>) DeployObject FenceKit
18:57:50: Player "Duerowww" (steam64id="76561198259492425" pos=<7395.39, 31.94, 8201.08>) DeployObject Fireplace
18:58:36: Player "TripaSeca" (steam64id="76561198093060507" pos=<7605.41, 13.22, 9807.58>) DeployObject dp_trashcan_black
19:09:08: Player "Biel FxR" (steam64id="76561198050836260" pos=<7625.4, 12.20, 9813.54>) DeployObject dp_box_big_Olive
19:09:33: Player "Biel FxR" (steam64id="76561198050836260" pos=<7625.41, 12.20, 9813.5>) DeployObject dp_box_big_Olive
19:10:03: Player "Biel FxR" (steam64id="76561198050836260" pos=<7625.47, 12.20, 9813.19>) DeployObject dp_box_big_Olive
19:10:39: Player "Biel FxR" (steam64id="76561198050836260" pos=<7625.58, 12.20, 9813.32>) DeployObject dp_box_big_Olive
19:16:03: Player "[LGBTQIA+] S T R 1 P P 3 R - S" (steam64id="76561198114043394" pos=<10108.1, 3.65, 8804.5>) DeployObject FenceKit
19:17:02: Player "[LGBTQIA+] S T R 1 P P 3 R - S" (steam64id="76561198114043394" pos=<10108.3, 3.63, 8803.68>) DeployObject FenceKit
19:18:35: Player "[LGBTQIA+] S T R 1 P P 3 R - S" (steam64id="76561198114043394" pos=<10108.6, 7.98, 8803.97>) DeployObject FenceKit
19:22:25: Player "[LGBTQIA+] S T R 1 P P 3 R - S" (steam64id="76561198114043394" pos=<10095.4, 3.57, 8799.9>) DeployObject dp_box_big_Green
19:22:45: Player "[LGBTQIA+] S T R 1 P P 3 R - S" (steam64id="76561198114043394" pos=<10095.2, 3.57, 8799.79>) DeployObject dp_box_big_Green
19:23:09: Player "[LGBTQIA+] S T R 1 P P 3 R - S" (steam64id="76561198114043394" pos=<10094.8, 3.57, 8799.61>) DeployObject dp_box_big_Green
19:23:18: Player "[LGBTQIA+] S T R 1 P P 3 R - S" (steam64id="76561198114043394" pos=<10098.8, 3.57, 8800.39>) DeployObject dp_gunrackKit
19:24:03: Player "[LGBTQIA+] S T R 1 P P 3 R - S" (steam64id="76561198114043394" pos=<10099.6, 3.57, 8800.31>) DeployObject dp_gunrackKit
19:24:34: Player "[LGBTQIA+] S T R 1 P P 3 R - S" (steam64id="76561198114043394" pos=<10095.6, 3.61, 8802.55>) DeployObject dp_guncabinetKit
19:25:50: Player "[LGBTQIA+] S T R 1 P P 3 R - S" (steam64id="76561198114043394" pos=<10095.9, 3.67, 8805.24>) DeployObject dp_refrigerator
19:26:16: Player "[LGBTQIA+] S T R 1 P P 3 R - S" (steam64id="76561198114043394" pos=<10096.1, 3.66, 8804.98>) DeployObject dp_refrigerator
19:26:31: Player "[LGBTQIA+] S T R 1 P P 3 R - S" (steam64id="76561198114043394" pos=<10096.5, 3.65, 8804.68>) DeployObject dp_refrigerator
19:31:10: Player "[LGBTQIA+] S T R 1 P P 3 R - S" (steam64id="76561198114043394" pos=<10097, 3.48, 8794.76>) DeployObject CarTent
19:31:45: Player "[LGBTQIA+] S T R 1 P P 3 R - S" (steam64id="76561198114043394" pos=<10103.9, 3.74, 8795.23>) DeployObject CarTent
19:33:44: Player "[LGBTQIA+] S T R 1 P P 3 R - S" (steam64id="76561198114043394" pos=<10116.1, 3.37, 8789.34>) DeployObject CarTent
19:34:41: Player "[LGBTQIA+] S T R 1 P P 3 R - S" (steam64id="76561198114043394" pos=<10113.6, 3.80, 8794.8>) DeployObject LargeTent
19:38:28: Player "[LGBTQIA+] S T R 1 P P 3 R - S" (steam64id="76561198114043394" pos=<10108.3, 3.63, 8803.44>) DeployObject FenceKit
19:41:00: Player "Mat*Reis" (steam64id="76561198442072760" pos=<10096.2, 3.61, 8801.84>) DeployObject dp_gunrackKit
19:41:11: Player "[LGBTQIA+] S T R 1 P P 3 R - S" (steam64id="76561198114043394" pos=<10108.5, 3.61, 8802.04>) DeployObject FenceKit
19:44:50: Player "[LGBTQIA+] S T R 1 P P 3 R - S" (steam64id="76561198114043394" pos=<10108.5, 3.60, 8801.53>) DeployObject FenceKit
19:47:15: Player "[YKZ]-BlackBear" (steam64id="76561198343030820" pos=<10387.7, 17.65, 10616.8>) DeployObject dp_gunrackKit
19:47:39: Player "[YKZ]-BlackBear" (steam64id="76561198343030820" pos=<10387.3, 17.65, 10617.6>) DeployObject dp_gunrackKit
19:48:16: Player "[YKZ]-BlackBear" (steam64id="76561198343030820" pos=<10388.1, 14.52, 10615.5>) DeployObject dp_weapons_stand_Kit
19:48:59: Player "[YKZ]-BlackBear" (steam64id="76561198343030820" pos=<10390.8, 17.61, 10617>) DeployObject dp_weapons_stand_Kit
19:49:18: Player "[LGBTQIA+] S T R 1 P P 3 R - S" (steam64id="76561198114043394" pos=<10113.7, 3.91, 8801.57>) DeployObject LargeTent
19:49:44: Player "[YKZ]-BlackBear" (steam64id="76561198343030820" pos=<10387.7, 17.64, 10615.3>) DeployObject dp_weapons_stand_Kit
19:50:12: Player "[YKZ]-BlackBear" (steam64id="76561198343030820" pos=<10388.6, 17.68, 10617.9>) DeployObject dp_gunrackKit
19:50:17: Player "[LGBTQIA+] S T R 1 P P 3 R - S" (steam64id="76561198114043394" pos=<10108.6, 3.55, 8799.04>) DeployObject FenceKit
19:54:15: Player "[LGBTQIA+] S T R 1 P P 3 R - S" (steam64id="76561198114043394" pos=<10102.7, 3.57, 8800.28>) DeployObject FenceKit
19:56:55: Player "[LGBTQIA+] S T R 1 P P 3 R - S" (steam64id="76561198114043394" pos=<10105.2, 3.57, 8800.28>) DismantlePart wall_wood_down
19:59:04: Player "[YKZ]-BlackBear" (steam64id="76561198343030820" pos=<10392.6, 17.68, 10609.9>) DeployObject dp_gunrackKit
20:04:09: Player "[YKZ]-BlackBear" (steam64id="76561198343030820" pos=<10389.3, 17.65, 10613>) DeployObject dp_refrigerator
20:04:14: Player "[LGBTQIA+] S T R 1 P P 3 R - S" (steam64id="76561198114043394" pos=<10108.2, 8.09, 8810.72>) DeployObject dp_wall_kit
20:04:22: Player "[YKZ]-BlackBear" (steam64id="76561198343030820" pos=<10389.2, 17.65, 10613.1>) DeployObject dp_refrigerator
20:04:42: Player "[YKZ]-BlackBear" (steam64id="76561198343030820" pos=<10391.1, 17.65, 10608.7>) DeployObject dp_refrigerator
20:05:11: Player "[YKZ]-BlackBear" (steam64id="76561198343030820" pos=<10391.4, 17.67, 10610.3>) DeployObject dp_weapons_stand_Kit
20:06:22: Player "[YKZ]-BlackBear" (steam64id="76561198343030820" pos=<10391.5, 17.68, 10611.8>) DeployObject dp_weapons_stand_Kit
20:07:16: Player "[LGBTQIA+] S T R 1 P P 3 R - S" (steam64id="76561198114043394" pos=<10104, 8.09, 8810.46>) DeployObject dp_wall_kit
20:09:02: Player "[YKZ]-BlackBear" (steam64id="76561198343030820" pos=<10390.6, 14.52, 10609.4>) DeployObject dp_gunrackKit
20:09:22: Player "[YKZ] Emissarius" (steam64id="76561198271087379" pos=<11085, 31.61, 8425.64>) DeployObject dp_trashcan_green
20:09:54: Player "[LGBTQIA+] S T R 1 P P 3 R - S" (steam64id="76561198114043394" pos=<10099.6, 8.10, 8810.57>) DeployObject dp_wall_kit
20:10:33: Player "[YKZ]-BlackBear" (steam64id="76561198343030820" pos=<10390.9, 17.67, 10611.7>) DeployObject dp_gunrackKit
20:11:44: Player "[LGBTQIA+] S T R 1 P P 3 R - S" (steam64id="76561198114043394" pos=<10099.6, 8.09, 8810.41>) DeployObject dp_wall_kit
20:13:42: Player "[LGBTQIA+] S T R 1 P P 3 R - S" (steam64id="76561198114043394" pos=<10099.6, 8.08, 8809.76>) DeployObject FenceKit
20:16:59: Player "[LGBTQIA+] S T R 1 P P 3 R - S" (steam64id="76561198114043394" pos=<10107.3, 8.08, 8810.34>) DeployObject FenceKit
20:17:37: Player "[LGBTQIA+] S T R 1 P P 3 R - S" (steam64id="76561198114043394" pos=<10108.2, 8.08, 8809.89>) DeployObject FenceKit
20:23:21: Player "[LGBTQIA+] S T R 1 P P 3 R - S" (steam64id="76561198114043394" pos=<10104.5, 8.09, 8810.48>) DeployObject WatchtowerKit
20:38:18: Player "[LGBTQIA+] S T R 1 P P 3 R - S" (steam64id="76561198114043394" pos=<10104.8, 8.09, 8810.54>) DeployObject WatchtowerKit
20:53:16: Player "[LGBTQIA+] S T R 1 P P 3 R - S" (steam64id="76561198114043394" pos=<10114, 12.65, 8806.06>) DeployObject FenceKit
20:57:39: Player "[YKZ] Notsniw" (steam64id="76561197967151252" pos=<11091.4, 4.21, 8425.62>) DeployObject dp_box_big_Brown
20:57:52: Player "[YKZ] Notsniw" (steam64id="76561197967151252" pos=<11091.2, 4.21, 8425.3>) DeployObject dp_box_big_Brown
20:58:17: Player "[YKZ] Notsniw" (steam64id="76561197967151252" pos=<11092, 4.23, 8425.69>) DeployObject dp_box_big_Brown
21:00:12: Player "[LGBTQIA+] S T R 1 P P 3 R - S" (steam64id="76561198114043394" pos=<10113.7, 12.65, 8806.33>) DeployObject FenceKit
21:01:47: Player "[LGBTQIA+] S T R 1 P P 3 R - S" (steam64id="76561198114043394" pos=<10111.6, 12.65, 8806.18>) DeployObject FenceKit
21:02:04: Player "[YKZ]-BlackBear" (steam64id="76561198343030820" pos=<11083.6, 4.25, 8419.04>) DeployObject dp_locker_grayKit
21:08:31: Player "[ONE] JAPA" (steam64id="76561198161060673" pos=<7854.58, 31.28, 7417.2>) DeployObject dp_roof_Kit
21:10:51: Player "[YKZ]-BlackBear" (steam64id="76561198343030820" pos=<12091.9, 4.31, 7722.28>) DeployObject dp_box_small_Brown
21:28:00: Player "TripaSeca" (steam64id="76561198093060507" pos=<7613.18, 13.22, 9801.7>) DeployObject ShelterKit
21:33:19: Player "TripaSeca" (steam64id="76561198093060507" pos=<7625.64, 12.20, 9813.79>) DeployObject dp_box_small_Brown
21:40:21: Player "[LGBTQIA+] S T R 1 P P 3 R - S" (steam64id="76561198114043394" pos=<10112.9, 12.33, 8788.27>) DeployObject FenceKit
21:41:12: Player "[ONE] KARABULJHAN" (steam64id="76561198100527842" pos=<7869.66, 31.09, 7425.12>) DeployObject dp_refrigerator
21:41:15: Player "[LGBTQIA+] S T R 1 P P 3 R - S" (steam64id="76561198114043394" pos=<10110, 12.33, 8788.44>) DeployObject FenceKit
21:41:30: Player "[ONE] KARABULJHAN" (steam64id="76561198100527842" pos=<7870.41, 31.07, 7425.48>) DeployObject dp_refrigerator
21:41:46: Player "[ONE] KARABULJHAN" (steam64id="76561198100527842" pos=<7870.67, 31.08, 7425.22>) DeployObject dp_refrigerator
21:41:52: Player "[KGB}Nobre Lobo" (steam64id="76561198127199963" pos=<9566.31, 2.61, 9579.05>) DeployObject LandMineTrap
21:42:16: Player "Chaves" (steam64id="76561198329721265" pos=<8859.66, 11.61, 10242>) DeployObject dp_weapons_stand_Kit
21:42:25: Player "[LGBTQIA+] S T R 1 P P 3 R - S" (steam64id="76561198114043394" pos=<10105.7, 12.33, 8788.36>) DeployObject FenceKit
21:42:40: Player "[ONE] KARABULJHAN" (steam64id="76561198100527842" pos=<7871.14, 31.07, 7425.4>) DeployObject dp_refrigerator
21:43:24: Player "[ONE] KARABULJHAN" (steam64id="76561198100527842" pos=<7871.94, 31.04, 7425.87>) DeployObject dp_refrigerator
21:43:30: Player "[LGBTQIA+] S T R 1 P P 3 R - S" (steam64id="76561198114043394" pos=<10101.4, 12.33, 8787.84>) DeployObject FenceKit
21:43:43: Player "[ONE] KARABULJHAN" (steam64id="76561198100527842" pos=<7872.16, 31.04, 7425.96>) DeployObject dp_refrigerator
21:43:53: Player "Chaves" (steam64id="76561198329721265" pos=<8849.79, 7.48, 10250>) DeployObject FenceKit
21:44:46: Player "Chaves" (steam64id="76561198329721265" pos=<8852.92, 7.48, 10248.1>) DeployObject FenceKit
21:45:36: Player "[LGBTQIA+] S T R 1 P P 3 R - S" (steam64id="76561198114043394" pos=<10100, 12.32, 8787.13>) DeployObject FenceKit
21:45:59: Player "Chaves" (steam64id="76561198329721265" pos=<8850.8, 7.48, 10247.3>) DeployObject FenceKit
21:47:10: Player "[LGBTQIA+] S T R 1 P P 3 R - S" (steam64id="76561198114043394" pos=<10096.9, 12.31, 8786.47>) DeployObject FenceKit
21:48:05: Player "Chaves" (steam64id="76561198329721265" pos=<8846.54, 8.13, 10248.5>) DeployObject FenceKit
21:48:17: Player "[ONE] JAPA" (steam64id="76561198161060673" pos=<7864.1, 31.55, 7414.65>) DeployObject dp_guncabinetKit
21:48:57: Player "[ONE] JAPA" (steam64id="76561198161060673" pos=<7863.13, 31.55, 7415.03>) DeployObject dp_guncabinetKit
21:49:40: Player "[ONE] JAPA" (steam64id="76561198161060673" pos=<7862.77, 31.55, 7415.08>) DeployObject dp_guncabinetKit
21:49:48: Player "[LGBTQIA+] S T R 1 P P 3 R - S" (steam64id="76561198114043394" pos=<10097.1, 12.46, 8795.14>) DeployObject FenceKit
21:49:56: Player "[ONE] JAPA" (steam64id="76561198161060673" pos=<7864.11, 31.53, 7415.28>) DeployObject dp_guncabinetKit
21:50:26: Player "[LGBTQIA+] S T R 1 P P 3 R - S" (steam64id="76561198114043394" pos=<10097.1, 12.40, 8791.7>) DeployObject FenceKit
21:50:58: Player "Chaves" (steam64id="76561198329721265" pos=<8850.15, 7.48, 10245.1>) MountBarbedWire Fence
21:51:06: Player "Chaves" (steam64id="76561198329721265" pos=<8847.46, 7.48, 10247>) MountBarbedWire Fence
21:51:18: Player "[ONE] KARABULJHAN" (steam64id="76561198100527842" pos=<7863.61, 31.24, 7422.67>) DeployObject CrateVIP
21:51:45: Player "[ONE] KARABULJHAN" (steam64id="76561198100527842" pos=<7864.35, 31.21, 7423.4>) DeployObject CrateVIP
21:52:28: Player "Chaves" (steam64id="76561198329721265" pos=<8854.48, 7.51, 10248.2>) DeployObject FenceKit
21:53:49: Player "[ONE] JAPA" (steam64id="76561198161060673" pos=<7866.03, 31.50, 7415.53>) DeployObject dp_guncabinetKit
21:54:06: Player "Chaves" (steam64id="76561198329721265" pos=<8852.57, 7.48, 10249.9>) MountBarbedWire Fence
21:54:44: Player "Chaves" (steam64id="76561198329721265" pos=<8851.54, 7.48, 10250.3>) MountBarbedWire Fence
21:55:09: Player "Alcanfor" (steam64id="76561198018104612" pos=<10664.3, 64.94, 8258.49>) DeployObject ShelterKit
21:55:17: Player "Chaves" (steam64id="76561198329721265" pos=<8854.42, 7.69, 10248>) MountBarbedWire Fence
21:55:55: Player "Chaves" (steam64id="76561198329721265" pos=<8849.73, 7.48, 10246.9>) DeployObject FenceKit
21:55:59: Player "[ONE] PORVINHA" (steam64id="76561198426990483" pos=<7862.57, 31.52, 7415.23>) DeployObject dp_guncabinetKit
21:56:24: Player "[ONE] JAPA" (steam64id="76561198161060673" pos=<7866.8, 31.50, 7415.47>) DeployObject dp_guncabinetKit
21:56:31: Player "[ONE] PORVINHA" (steam64id="76561198426990483" pos=<7864.4, 31.49, 7415.82>) DeployObject dp_guncabinetKit
21:56:39: Player "[ONE] JAPA" (steam64id="76561198161060673" pos=<7864.34, 31.52, 7414.87>) DeployObject dp_gunrackKit
21:56:43: Player "Chaves" (steam64id="76561198329721265" pos=<8847.95, 7.48, 10246.4>) MountBarbedWire Fence
21:57:09: Player "[ONE] PORVINHA" (steam64id="76561198426990483" pos=<7865.72, 31.46, 7416.24>) DeployObject dp_guncabinetKit
21:57:37: Player "[ONE] XxibahH" (steam64id="76561198165228070" pos=<7863.54, 31.50, 7416.37>) DeployObject dp_gunrackKit
21:57:43: Player "[ONE] JAPA" (steam64id="76561198161060673" pos=<7866.46, 31.44, 7416.37>) DeployObject dp_guncabinetKit
21:57:45: Player "Duerowww" (steam64id="76561198259492425" pos=<7389.14, 31.80, 8202.23>) DeployObject PartyTent_Brown
21:58:48: Player "[ONE] XxibahH" (steam64id="76561198165228070" pos=<7864.24, 31.50, 7416.05>) DeployObject dp_gunrackKit
21:59:02: Player "Chaves" (steam64id="76561198329721265" pos=<8854.08, 11.61, 10242>) DeployObject dp_box_big_Grey
21:59:07: Player "[ONE] JAPA" (steam64id="76561198161060673" pos=<7866.16, 31.48, 7415.84>) DeployObject dp_gunrackKit
21:59:25: Player "[ONE] XxibahH" (steam64id="76561198165228070" pos=<7866.7, 31.45, 7416.87>) DeployObject dp_gunrackKit
21:59:32: Player "[ONE] JAPA" (steam64id="76561198161060673" pos=<7867.79, 31.46, 7416.1>) DeployObject dp_gunrackKit
22:00:59: Player "[LGBTQIA+] S T R 1 P P 3 R - S" (steam64id="76561198114043394" pos=<10110.7, 12.41, 8786.34>) DismantlePart wall_metal_up
22:01:33: Player "[LGBTQIA+] S T R 1 P P 3 R - S" (steam64id="76561198114043394" pos=<10115.3, 12.42, 8786.48>) DeployObject FenceKit
22:05:18: Player "Chaves" (steam64id="76561198329721265" pos=<8852.56, 11.61, 10243>) DeployObject dp_box_big_Tan
22:05:29: Player "Chaves" (steam64id="76561198329721265" pos=<8852.34, 11.61, 10243.1>) DeployObject dp_box_big_Tan
22:05:34: Player "[ONE] JAPA" (steam64id="76561198161060673" pos=<7868.44, 31.45, 7415.85>) DeployObject dp_gunrackKit
22:05:42: Player "Chaves" (steam64id="76561198329721265" pos=<8852.78, 11.61, 10242.9>) DeployObject dp_box_big_Tan
22:09:02: Player "[LGBTQIA+] S T R 1 P P 3 R - S" (steam64id="76561198114043394" pos=<10114.2, 12.41, 8792.79>) DeployObject FenceKit
22:09:57: Player "[LGBTQIA+] S T R 1 P P 3 R - S" (steam64id="76561198114043394" pos=<10113.8, 12.49, 8797.18>) DeployObject FenceKit
22:10:26: Player "[LGBTQIA+] S T R 1 P P 3 R - S" (steam64id="76561198114043394" pos=<10113.7, 12.56, 8801.58>) DeployObject FenceKit
22:17:23: Player "[ONE] JAPA" (steam64id="76561198161060673" pos=<7867.7, 31.28, 7421>) DeployObject FenceKit
22:18:12: Player "[ONE] JAPA" (steam64id="76561198161060673" pos=<7865.53, 31.30, 7421.04>) FoldBaseBuildingObject Fence
22:20:28: Player "Duerowww" (steam64id="76561198259492425" pos=<7388.7, 31.84, 8201.65>) DeployObject PartyTent_Brown
22:24:16: Player "[LGBTQIA+] S T R 1 P P 3 R - S" (steam64id="76561198114043394" pos=<10109.7, 12.63, 8804.81>) DeployObject FenceKit
22:24:17: Player "[ONE] JAPA" (steam64id="76561198161060673" pos=<7866.64, 31.32, 7420.07>) DismantlePart dp_door_gate
22:24:40: Player "[LGBTQIA+] S T R 1 P P 3 R - S" (steam64id="76561198114043394" pos=<10108.9, 12.68, 8807.23>) FoldBaseBuildingObject Fence
22:24:55: Player "[LGBTQIA+] S T R 1 P P 3 R - S" (steam64id="76561198114043394" pos=<10109.5, 12.64, 8805.68>) DeployObject FenceKit
22:30:24: Player "[ONE] JAPA" (steam64id="76561198161060673" pos=<7868.84, 31.43, 7416.43>) DeployObject dp_box_big_Grey
22:31:29: Player "[ONE] JAPA" (steam64id="76561198161060673" pos=<7870.13, 31.40, 7416.88>) DeployObject dp_box_big_Grey
22:33:22: Player "[ONE] JAPA" (steam64id="76561198161060673" pos=<7871.8, 31.38, 7417.16>) DeployObject dp_box_big_Grey
22:34:58: Player "[ONE] JAPA" (steam64id="76561198161060673" pos=<7869.88, 31.42, 7416.45>) DeployObject dp_gunrackKit
22:35:35: Player "[ONE] JAPA" (steam64id="76561198161060673" pos=<7870.94, 31.40, 7416.65>) DeployObject dp_gunrackKit
22:35:45: Player "[ONE] JAPA" (steam64id="76561198161060673" pos=<7871.84, 31.38, 7416.82>) DeployObject dp_gunrackKit
22:37:44: Player "[ONE] JAPA" (steam64id="76561198161060673" pos=<7873.32, 31.35, 7417.52>) DeployObject dp_box_big_Grey
22:43:07: Player "[ONE] XxibahH" (steam64id="76561198165228070" pos=<7881.22, 31.23, 7427.35>) DeployObject LargeTent
23:00:41: Player "KOREA" (steam64id="76561198253386609" pos=<7866.77, 31.34, 7419.42>) DeployObject dp_door_Kit
23:05:54: Player "[ONE] JAPA" (steam64id="76561198161060673" pos=<7863.27, 31.31, 7421.45>) DismantlePart wall_metal_up
23:06:12: Player "[ONE] JAPA" (steam64id="76561198161060673" pos=<7862.98, 31.34, 7420.77>) DismantlePart wall_metal_down
23:11:53: Player "[ONE] JAPA" (steam64id="76561198161060673" pos=<7863.97, 31.33, 7420.51>) DismantlePart wall_wood_down
23:20:32: Player "[ONE] JAPA" (steam64id="76561198161060673" pos=<7866.88, 31.16, 7424.31>) DeployObject FenceKit
23:21:59: Player "[ONE] JAPA" (steam64id="76561198161060673" pos=<7864.52, 31.19, 7424.84>) FoldBaseBuildingObject Fence
23:22:56: Player "[ONE] JAPA" (steam64id="76561198161060673" pos=<7866.44, 31.17, 7424.26>) DeployObject FenceKit
23:23:19: Player "[ONE] JAPA" (steam64id="76561198161060673" pos=<7861.75, 31.24, 7423.65>) DeployObject FenceKit
23:23:30: Player "[ONE] JAPA" (steam64id="76561198161060673" pos=<7864.79, 31.19, 7423.93>) FoldBaseBuildingObject Fence
23:24:38: Player "[ONE] JAPA" (steam64id="76561198161060673" pos=<7867.8, 31.29, 7420.69>) DeployObject FenceKit
23:25:32: Player "[ONE] JAPA" (steam64id="76561198161060673" pos=<7866.42, 31.33, 7419.75>) DismantlePart dp_door_gate
23:27:46: Player "[ONE] JAPA" (steam64id="76561198161060673" pos=<7865.89, 31.35, 7419.68>) DismantlePart dp_metal_door
23:28:06: Player "[ONE] JAPA" (steam64id="76561198161060673" pos=<7866.03, 31.34, 7419.82>) DismantlePart dp_karkas
23:29:33: Player "[ONE] JAPA" (steam64id="76561198161060673" pos=<7865.98, 31.35, 7419.37>) FoldBaseBuildingObject Fence
23:29:55: Player "[ONE] KARABULJHAN" (steam64id="76561198100527842" pos=<7865.77, 31.36, 7419.06>) DismantlePart dp_base
23:32:31: Player "[ONE] JAPA" (steam64id="76561198161060673" pos=<7868.11, 31.29, 7420.62>) DeployObject FenceKit
23:32:42: Player "[ONE] JAPA" (steam64id="76561198161060673" pos=<7862.25, 31.28, 7422.69>) FoldBaseBuildingObject Fence
23:33:24: Player "[ONE] JAPA" (steam64id="76561198161060673" pos=<7866.34, 31.24, 7422.26>) DeployObject FenceKit
23:33:50: Player "[ONE] JAPA" (steam64id="76561198161060673" pos=<7866.38, 31.16, 7424.42>) DeployObject FenceKit
23:36:41: Player "[ONE] JAPA" (steam64id="76561198161060673" pos=<7870.07, 31.17, 7423.15>) DeployObject FenceKit
23:37:05: Player "[ONE] JAPA" (steam64id="76561198161060673" pos=<7873.86, 31.11, 7423.98>) DeployObject FenceKit
23:37:43: Player "[ONE] JAPA" (steam64id="76561198161060673" pos=<7868.49, 31.13, 7424.75>) DeployObject FenceKit
23:38:06: Player "[ONE] JAPA" (steam64id="76561198161060673" pos=<7870.24, 31.09, 7425.37>) DeployObject FenceKit
23:52:08: Player "[ONE] JAPA" (steam64id="76561198161060673" pos=<7872.6, 31.05, 7425.9>) DeployObject FenceKit
23:52:30: Player "[ONE] JAPA" (steam64id="76561198161060673" pos=<7874.46, 31.02, 7426.32>) DeployObject FenceKit
