01:08:53: Player "[YKZ]-BlackBear" (steam64id="76561198343030820" pos=<11079.4, 41.67, 8427.69>) DeployObject PartyTent
01:09:55: Player "[YKZ]-BlackBear" (steam64id="76561198343030820" pos=<11084.5, 41.37, 8431.96>) DeployObject dp_locker_greenKit
01:19:11: Player "MercenarioK2" (steam64id="76561198928398072" pos=<10783.6, 10.34, 12119.3>) DeployObject dp_trashcan_green
01:43:43: Player "MercenarioK2" (steam64id="76561198928398072" pos=<10435.5, 12.53, 11530.7>) DismantlePart dp_fnc_metal_right
10:06:22: Player "MutuaL" (steam64id="76561199038848214" pos=<10745.5, 13.10, 13535.7>) DeployObject BearTrap
11:04:24: Player "MazK4rd" (steam64id="76561198166905192" pos=<10744.6, 13.68, 13539.4>) DeployObject BearTrap
11:09:49: Player "MazK4rd" (steam64id="76561198166905192" pos=<10224.4, 16.98, 13389.9>) DeployObject dp_weapons_stand_Kit
12:56:47: Player "MercenarioK2" (steam64id="76561198928398072" pos=<7478.29, 27.36, 6275.05>) DeployObject Spotlight
12:57:11: Player "MercenarioK2" (steam64id="76561198928398072" pos=<7481.73, 27.36, 6280.31>) DeployObject PowerGenerator
12:57:18: Player "MercenarioK2" (steam64id="76561198928398072" pos=<7481.88, 27.36, 6280.34>) DeployObject PowerGenerator
12:57:26: Player "MercenarioK2" (steam64id="76561198928398072" pos=<7480.12, 27.36, 6279.91>) DeployObject CableReel
12:57:41: Player "MercenarioK2" (steam64id="76561198928398072" pos=<7481.04, 27.36, 6279.73>) DeployObject Spotlight
13:01:42: Player "MutuaL" (steam64id="76561199038848214" pos=<9393.3, 35.31, 7865.43>) DeployObject LandMineTrap
13:53:44: Player "BRUXO" (steam64id="76561198140728342" pos=<11087.7, 35.24, 8423.63>) DeployObject dp_metal_door_Kit
14:47:20: Player "[YKZ]-BlackBear" (steam64id="76561198343030820" pos=<11090.6, 35.24, 8421.5>) DeployObject HRM_Painted_Barrel_MulticamAlpine
17:02:59: Player "Survivrau" (steam64id="76561198057660141" pos=<7557.93, 28.05, 7900.68>) DeployObject dp_box_big_Brown
17:04:45: Player "Survivrau" (steam64id="76561198057660141" pos=<7549.8, 28.05, 7894.7>) DeployObject dp_workbench_Kit
17:18:31: Player "Hacan121" (steam64id="76561198345012092" pos=<10744.5, 13.68, 13539.4>) DeployObject BearTrap
18:29:52: Player "[YKZ]-Lobato" (steam64id="76561198158375860" pos=<11081.9, 4.25, 8421.74>) DeployObject PartyTent
18:35:36: Player "[YKZ]-Lobato" (steam64id="76561198158375860" pos=<11150.5, 6.66, 8385.73>) DeployObject BearTrap
19:55:50: Player "[HORDA] JHON WICK" (steam64id="76561198122075703" pos=<9563.74, 2.94, 9583.48>) DeployObject dp_metal_door_Kit
20:36:49: Player "TcheLoco" (steam64id="76561198099449370" pos=<10745.1, 13.09, 13536.4>) DeployObject BearTrap
20:58:28: Player "[YKZ]-BlackBear" (steam64id="76561198343030820" pos=<11081.1, 41.37, 8429.73>) DeployObject SeaChest
20:58:45: Player "[YKZ]-BlackBear" (steam64id="76561198343030820" pos=<11080.5, 41.37, 8429.46>) DeployObject SeaChest
21:00:06: Player "[YKZ]-BlackBear" (steam64id="76561198343030820" pos=<11084.8, 41.81, 8426.46>) DeployObject dp_gunrackKit
21:15:37: Player "[horda]marcelinho" (steam64id="76561198817477406" pos=<9955.23, 7.00, 11759.6>) DeployObject dp_trashcan_grey
21:49:34: Player "KOREA" (steam64id="76561198253386609" pos=<10389.3, 14.52, 10612>) DeployObject dp_refrigerator
22:00:27: Player "KOREA" (steam64id="76561198253386609" pos=<10694.5, 4.53, 8443.84>) DeployObject dp_box_big_Grey
22:02:49: Player "[YKZ]-BlackBear" (steam64id="76561198343030820" pos=<10686.8, 4.46, 8453.19>) DeployObject dp_wall_big_Kit
22:03:01: Player "[YKZ]-BlackBear" (steam64id="76561198343030820" pos=<10686.5, 4.46, 8453.61>) FoldBaseBuildingObject dp_wall_big
22:03:08: Player "KOREA" (steam64id="76561198253386609" pos=<10692.6, 4.68, 8439.7>) DeployObject dp_gunrackKit
22:03:22: Player "[YKZ]-BlackBear" (steam64id="76561198343030820" pos=<10685.7, 4.51, 8452.28>) DeployObject dp_wall_big_Kit
22:05:55: Player "[EB] pedrobala" (steam64id="76561198046653521" pos=<10687.3, 4.46, 8452.71>) DeployObject FenceKit
22:11:37: Player "Luk" (steam64id="76561198102909224" pos=<10724, 12.74, 13535.6>) DeployObject BearTrap
22:13:26: Player "[YKZ]-BlackBear" (steam64id="76561198343030820" pos=<10690.1, 4.40, 8449.39>) DeployObject FenceKit
22:13:31: Player "KOREA" (steam64id="76561198253386609" pos=<10696.1, 4.41, 8442.81>) DeployObject dp_box_big_Grey
22:13:40: Player "KOREA" (steam64id="76561198253386609" pos=<10694.8, 4.38, 8444.89>) DeployObject CrateVIP
22:13:46: Player "KOREA" (steam64id="76561198253386609" pos=<10694.8, 4.38, 8444.89>) DeployObject CrateVIP
22:13:50: Player "KOREA" (steam64id="76561198253386609" pos=<10694.8, 4.38, 8444.89>) DeployObject CrateVIP
22:13:55: Player "KOREA" (steam64id="76561198253386609" pos=<10694.8, 4.38, 8444.89>) DeployObject CrateVIP
22:14:25: Player "[YKZ]-BlackBear" (steam64id="76561198343030820" pos=<10692.6, 4.40, 8446.75>) DeployObject FenceKit
22:16:11: Player "[EB] GordoEmers" (steam64id="76561198260617608" pos=<10678.7, 5.21, 8442.91>) DeployObject CarTent
22:16:18: Player "KOREA" (steam64id="76561198253386609" pos=<10694.5, 4.38, 8445.61>) DeployObject dp_box_big_Grey
22:18:44: Player "CRD" (steam64id="76561199033852709" pos=<7355.97, 18.46, 7134.44>) DeployObject dp_trashcan_blue
22:20:21: Player "[YKZ]-BlackBear" (steam64id="76561198343030820" pos=<10689.3, 4.40, 8450.15>) DeployObject FenceKit
22:21:28: Player "KOREA" (steam64id="76561198253386609" pos=<10692.7, 4.72, 8434.26>) DeployObject dp_weapons_stand_Kit
22:21:32: Player "[YKZ]-BlackBear" (steam64id="76561198343030820" pos=<10688.5, 5.40, 8451.22>) FoldBaseBuildingObject Fence
22:21:35: Player "KOREA" (steam64id="76561198253386609" pos=<10692.3, 4.77, 8431.81>) DeployObject dp_gunrackKit
22:21:59: Player "[YKZ]-BlackBear" (steam64id="76561198343030820" pos=<10690.1, 4.39, 8449.66>) DeployObject FenceKit
22:25:29: Player "KOREA" (steam64id="76561198253386609" pos=<10690.4, 4.74, 8435.52>) DeployObject dp_gunrackKit
22:25:37: Player "KOREA" (steam64id="76561198253386609" pos=<10689.3, 4.77, 8435.75>) DeployObject dp_gunrackKit
22:25:56: Player "[YKZ]-BlackBear" (steam64id="76561198343030820" pos=<10691.9, 4.39, 8447.81>) DeployObject FenceKit
22:30:00: Player "[YKZ]-BlackBear" (steam64id="76561198343030820" pos=<10694.4, 4.38, 8445.95>) DeployObject CrateVIP
22:31:50: Player "[EB] GordoEmers" (steam64id="76561198260617608" pos=<10693.4, 4.73, 8432.6>) DeployObject dp_refrigerator
22:32:06: Player "[EB] GordoEmers" (steam64id="76561198260617608" pos=<10695, 4.72, 8431.59>) DeployObject dp_refrigerator
22:32:32: Player "[EB] GordoEmers" (steam64id="76561198260617608" pos=<10695.4, 4.69, 8432.07>) DeployObject dp_refrigerator
22:34:23: Player "[YKZ]-BlackBear" (steam64id="76561198343030820" pos=<10679.2, 4.83, 8443.19>) DeployObject CrateVIP
22:34:34: Player "[YKZ]-BlackBear" (steam64id="76561198343030820" pos=<10679.2, 4.83, 8443.19>) DeployObject CrateVIP
22:34:49: Player "[YKZ]-BlackBear" (steam64id="76561198343030820" pos=<10679.1, 4.83, 8443.19>) DeployObject CrateVIP
22:35:20: Player "[YKZ]-BlackBear" (steam64id="76561198343030820" pos=<10678.7, 4.81, 8443.62>) DeployObject CrateVIP
22:35:22: Player "[EB] pedrobala" (steam64id="76561198046653521" pos=<10688.6, 4.55, 8444.38>) DeployObject FenceKit
22:35:29: Player "[YKZ]-BlackBear" (steam64id="76561198343030820" pos=<10678.7, 4.81, 8443.62>) DeployObject CrateVIP
22:35:40: Player "[YKZ]-BlackBear" (steam64id="76561198343030820" pos=<10678.7, 4.81, 8443.62>) DeployObject CrateVIP
22:37:47: Player "[YKZ]-BlackBear" (steam64id="76561198343030820" pos=<10679.1, 4.80, 8443.95>) DeployObject CrateVIP
22:38:59: Player "[YKZ]-BlackBear" (steam64id="76561198343030820" pos=<10678.9, 4.80, 8444.01>) DeployObject CrateVIP
22:39:09: Player "[EB] pedrobala" (steam64id="76561198046653521" pos=<10689.1, 4.50, 8445.29>) FoldBaseBuildingObject Fence
22:39:22: Player "[YKZ]-BlackBear" (steam64id="76561198343030820" pos=<10678.7, 4.80, 8444.25>) DeployObject CrateVIP
22:39:51: Player "[EB] pedrobala" (steam64id="76561198046653521" pos=<10689.8, 4.53, 8443.87>) DeployObject dp_door_Kit
22:40:00: Player "[EB] GordoEmers" (steam64id="76561198260617608" pos=<10695.9, 4.67, 8432.52>) DeployObject dp_refrigerator
22:40:43: Player "[EB] pedrobala" (steam64id="76561198046653521" pos=<10686.4, 4.70, 8440.38>) DeployObject dp_door_Kit
22:41:03: Player "[YKZ]-BlackBear" (steam64id="76561198343030820" pos=<10687.1, 4.56, 8445.32>) DeployObject FenceKit
22:44:15: Player "[EB] GordoEmers" (steam64id="76561198260617608" pos=<10686.9, 4.75, 8437.77>) DeployObject dp_guncabinetKit
22:45:40: Player "[EB] pedrobala" (steam64id="76561198046653521" pos=<10684.1, 4.72, 8442.04>) DeployObject FenceKit
22:48:29: Player "[EB] GordoEmers" (steam64id="76561198260617608" pos=<10673.7, 5.00, 8440.87>) DeployObject dp_guncabinetKit
22:51:09: Player "[YKZ]-BlackBear" (steam64id="76561198343030820" pos=<10676.6, 5.13, 8433.41>) DeployObject dp_door_Kit
22:51:28: Player "[YKZ]-BlackBear" (steam64id="76561198343030820" pos=<10675.6, 5.13, 8433.96>) FoldBaseBuildingObject dp_door
22:51:42: Player "[YKZ]-BlackBear" (steam64id="76561198343030820" pos=<10676.4, 5.12, 8433.67>) DeployObject dp_door_Kit
22:51:57: Player "[YKZ]-BlackBear" (steam64id="76561198343030820" pos=<10676.1, 5.10, 8434.21>) FoldBaseBuildingObject dp_door
22:52:12: Player "[YKZ]-BlackBear" (steam64id="76561198343030820" pos=<10676.4, 5.12, 8433.79>) DeployObject dp_door_Kit
22:54:15: Player "[EB] GordoEmers" (steam64id="76561198260617608" pos=<10685.4, 4.84, 8436.15>) DeployObject dp_box_big_Grey
22:54:28: Player "[EB] GordoEmers" (steam64id="76561198260617608" pos=<10685.5, 4.85, 8435.77>) DeployObject dp_box_big_Grey
22:55:20: Player "[EB] GordoEmers" (steam64id="76561198260617608" pos=<10684.2, 4.85, 8436.94>) DeployObject dp_box_big_Grey
22:55:27: Player "[EB] GordoEmers" (steam64id="76561198260617608" pos=<10684.3, 4.85, 8436.92>) DeployObject dp_box_big_Grey
22:55:33: Player "[EB] GordoEmers" (steam64id="76561198260617608" pos=<10684.3, 4.85, 8436.88>) DeployObject dp_box_big_Grey
22:55:52: Player "[YKZ]-BlackBear" (steam64id="76561198343030820" pos=<10679.4, 5.03, 8434.63>) DeployObject FenceKit
22:56:21: Player "Vini_300" (steam64id="76561198145785923" pos=<10698.2, 39.84, 7312.52>) DeployObject dp_locker_greenKit
22:56:44: Player "[EB] GordoEmers" (steam64id="76561198260617608" pos=<10680.8, 5.14, 8428.56>) DeployObject dp_guncabinetKit
22:57:37: Player "[EB] GordoEmers" (steam64id="76561198260617608" pos=<10683.1, 5.06, 8429.93>) DeployObject dp_guncabinetKit
22:58:18: Player "[EB] GordoEmers" (steam64id="76561198260617608" pos=<10682, 5.10, 8429>) DeployObject dp_guncabinetKit
22:58:55: Player "[EB] GordoEmers" (steam64id="76561198260617608" pos=<10681.7, 5.10, 8429.06>) DeployObject dp_guncabinetKit
22:59:19: Player "[EB] pedrobala" (steam64id="76561198046653521" pos=<10683, 4.86, 8437.18>) DeployObject dp_door_Kit
23:00:14: Player "[EB] GordoEmers" (steam64id="76561198260617608" pos=<10682.3, 5.09, 8429.56>) DeployObject dp_guncabinetKit
23:00:43: Player "[EB] GordoEmers" (steam64id="76561198260617608" pos=<10681.9, 5.08, 8430.34>) DeployObject dp_gunrackKit
23:01:07: Player "[EB] GordoEmers" (steam64id="76561198260617608" pos=<10681.3, 5.08, 8430.86>) DeployObject dp_guncabinetKit
23:01:22: Player "Vini_300" (steam64id="76561198145785923" pos=<10701.3, 35.71, 7318.11>) DeployObject FenceKit
23:01:49: Player "[EB] GordoEmers" (steam64id="76561198260617608" pos=<10680, 5.07, 8432.7>) DeployObject dp_weapons_stand_Kit
23:02:29: Player "[EB] GordoEmers" (steam64id="76561198260617608" pos=<10682.7, 5.06, 8430.59>) DeployObject dp_gunrackKit
23:02:55: Player "[EB] GordoEmers" (steam64id="76561198260617608" pos=<10683.1, 5.02, 8431.76>) DeployObject dp_gunrackKit
23:03:30: Player "[EB] GordoEmers" (steam64id="76561198260617608" pos=<10686.4, 4.90, 8432.13>) DeployObject dp_guncabinetKit
23:04:17: Player "[EB] GordoEmers" (steam64id="76561198260617608" pos=<10686.4, 4.89, 8432.46>) DeployObject dp_guncabinetKit
23:04:37: Player "[EB] GordoEmers" (steam64id="76561198260617608" pos=<10684.1, 4.90, 8434.96>) DeployObject dp_box_big_Grey
23:04:51: Player "[EB] GordoEmers" (steam64id="76561198260617608" pos=<10684, 4.91, 8434.59>) DeployObject dp_box_big_Grey
23:05:13: Player "[EB] pedrobala" (steam64id="76561198046653521" pos=<10680.4, 4.90, 8438.39>) DeployObject FenceKit
23:05:21: Player "[EB] GordoEmers" (steam64id="76561198260617608" pos=<10688, 4.91, 8430.15>) DeployObject dp_weapons_stand_Kit
23:05:41: Player "[EB] GordoEmers" (steam64id="76561198260617608" pos=<10689, 4.89, 8429.82>) DeployObject dp_gunrackKit
23:06:05: Player "[EB] GordoEmers" (steam64id="76561198260617608" pos=<10689.6, 4.89, 8429.46>) DeployObject dp_gunrackKit
23:06:17: Player "[YKZ]-BlackBear" (steam64id="76561198343030820" pos=<10677.8, 5.04, 8435.77>) DismantlePart wall_base_down
23:06:21: Player "[EB] GordoEmers" (steam64id="76561198260617608" pos=<10689.4, 4.91, 8429>) DeployObject dp_weapons_stand_Kit
23:06:44: Player "[EB] GordoEmers" (steam64id="76561198260617608" pos=<10688.3, 4.98, 8427.36>) DeployObject dp_guncabinetKit
23:06:59: Player "[EB] GordoEmers" (steam64id="76561198260617608" pos=<10686.5, 5.04, 8426.72>) DeployObject dp_weapons_stand_Kit
23:07:01: Player "[YKZ]-BlackBear" (steam64id="76561198343030820" pos=<10675.9, 5.06, 8436.96>) DismantlePart base
23:07:43: Player "[YKZ]-BlackBear" (steam64id="76561198343030820" pos=<10675.6, 5.02, 8438.72>) DeployObject FenceKit
23:07:49: Player "[EB] GordoEmers" (steam64id="76561198260617608" pos=<10687, 4.99, 8428.97>) DeployObject dp_locker_blueKit
23:08:33: Player "[EB] GordoEmers" (steam64id="76561198260617608" pos=<10683.4, 4.90, 8435.17>) DeployObject dp_locker_blueKit
23:09:54: Player "[EB] GordoEmers" (steam64id="76561198260617608" pos=<10682.3, 4.89, 8437.48>) DeployObject dp_weapons_stand_Kit
23:12:09: Player "[EB] GordoEmers" (steam64id="76561198260617608" pos=<10687.2, 4.98, 8429.07>) DeployObject dp_guncabinetKit
23:15:53: Player "[YKZ]-BlackBear" (steam64id="76561198343030820" pos=<10681.3, 10.97, 8435.35>) DeployObject dp_door_Kit
23:16:47: Player "[YKZ]-BlackBear" (steam64id="76561198343030820" pos=<10680.5, 11.05, 8432.21>) DeployObject FenceKit
23:17:01: Player "[YKZ]-BlackBear" (steam64id="76561198343030820" pos=<10680.5, 10.96, 8436.29>) FoldBaseBuildingObject dp_door
23:17:29: Player "[YKZ]-BlackBear" (steam64id="76561198343030820" pos=<10681.7, 10.96, 8435>) DeployObject dp_door_Kit
23:22:02: Player "[EB] pedrobala" (steam64id="76561198046653521" pos=<10689.7, 4.91, 8428.41>) DeployObject dp_weapons_stand_Kit
23:23:00: Player "Vini_300" (steam64id="76561198145785923" pos=<10699, 35.71, 7318.12>) DeployObject FenceKit
23:24:01: Player "[EB] pedrobala" (steam64id="76561198046653521" pos=<10685.6, 4.91, 8432.64>) DeployObject dp_weapons_stand_Kit
23:25:15: Player "[EB] pedrobala" (steam64id="76561198046653521" pos=<10683.4, 4.90, 8435.04>) DeployObject dp_weapons_stand_Kit
23:29:51: Player "[EB] GordoEmers" (steam64id="76561198260617608" pos=<10690.2, 4.88, 8429.79>) DeployObject dp_guncabinetKit
23:30:56: Player "[EB] pedrobala" (steam64id="76561198046653521" pos=<10689.8, 4.89, 8429.46>) DeployObject dp_weapons_stand_Kit
23:33:09: Player "[EB] pedrobala" (steam64id="76561198046653521" pos=<10687.5, 5.00, 8427.68>) DeployObject dp_weapons_stand_Kit
23:38:08: Player "[YKZ]-BlackBear" (steam64id="76561198343030820" pos=<10680.7, 4.96, 8435.95>) DeployObject dp_box_big_Grey
23:39:25: Player "[YKZ]-BlackBear" (steam64id="76561198343030820" pos=<10679.7, 5.10, 8431.36>) DeployObject dp_box_big_Grey
23:39:43: Player "[YKZ]-BlackBear" (steam64id="76561198343030820" pos=<10679.3, 5.09, 8432.32>) DeployObject dp_box_big_Grey
23:40:11: Player "[YKZ]-BlackBear" (steam64id="76561198343030820" pos=<10679, 5.09, 8432.33>) DeployObject dp_box_big_Grey
23:40:51: Player "[YKZ]-BlackBear" (steam64id="76561198343030820" pos=<10687.4, 5.03, 8426.37>) DeployObject dp_box_big_Grey
23:41:16: Player "[YKZ]-BlackBear" (steam64id="76561198343030820" pos=<10687.3, 5.03, 8426.36>) DeployObject dp_box_big_Grey
23:41:40: Player "[YKZ]-BlackBear" (steam64id="76561198343030820" pos=<10678.6, 5.08, 8433.09>) DeployObject dp_box_big_Grey
23:41:58: Player "[YKZ]-BlackBear" (steam64id="76561198343030820" pos=<10678.7, 5.08, 8433.02>) DeployObject dp_box_big_Grey
23:42:53: Player "[YKZ]-BlackBear" (steam64id="76561198343030820" pos=<10678.1, 5.10, 8432.96>) DeployObject dp_box_big_Grey
23:44:50: Player "[EB] pedrobala" (steam64id="76561198046653521" pos=<10683, 5.07, 8429.66>) DeployObject dp_gunrackKit
23:45:01: Player "[EB] pedrobala" (steam64id="76561198046653521" pos=<10681.7, 5.09, 8430.41>) DeployObject dp_gunrackKit
23:45:16: Player "[EB] pedrobala" (steam64id="76561198046653521" pos=<10680.8, 5.07, 8431.73>) DeployObject dp_gunrackKit
23:45:39: Player "[EB] pedrobala" (steam64id="76561198046653521" pos=<10682.4, 4.86, 8437.95>) DeployObject dp_gunrackKit
23:45:41: Player "[YKZ]-BlackBear" (steam64id="76561198343030820" pos=<10679.1, 11.08, 8433.39>) DeployObject dp_guncabinetKit
23:46:04: Player "[EB] pedrobala" (steam64id="76561198046653521" pos=<10681.6, 4.90, 8437.3>) DeployObject dp_gunrackKit
23:46:27: Player "[EB] pedrobala" (steam64id="76561198046653521" pos=<10686.4, 5.08, 8425.53>) DeployObject dp_box_big_Grey
23:46:30: Player "[YKZ]-BlackBear" (steam64id="76561198343030820" pos=<10679.3, 11.08, 8433.4>) DeployObject dp_guncabinetKit
23:46:44: Player "[EB] pedrobala" (steam64id="76561198046653521" pos=<10686.7, 5.06, 8426.08>) DeployObject dp_box_big_Grey
23:47:51: Player "[EB] pedrobala" (steam64id="76561198046653521" pos=<10679.9, 4.98, 8435.77>) DeployObject dp_box_big_Grey
23:49:03: Player "[EB] pedrobala" (steam64id="76561198046653521" pos=<10678.9, 5.04, 8434.62>) DeployObject dp_box_big_Grey
23:50:32: Player "[YKZ]-BlackBear" (steam64id="76561198343030820" pos=<10688.7, 10.96, 8428.21>) DeployObject dp_guncabinetKit
23:51:06: Player "[EB] pedrobala" (steam64id="76561198046653521" pos=<10687.5, 11.02, 8426.94>) DeployObject dp_guncabinetKit
23:52:07: Player "[EB] pedrobala" (steam64id="76561198046653521" pos=<10680.4, 4.79, 8443.58>) DeployObject CrateVIP
23:52:38: Player "[EB] pedrobala" (steam64id="76561198046653521" pos=<10681.1, 4.75, 8444.23>) DeployObject CrateVIP
23:52:49: Player "[EB] pedrobala" (steam64id="76561198046653521" pos=<10681.8, 4.72, 8444.89>) DeployObject CrateVIP
23:53:25: Player "[EB] pedrobala" (steam64id="76561198046653521" pos=<10682.3, 4.70, 8445.16>) DeployObject CrateVIP
23:54:00: Player "[EB] pedrobala" (steam64id="76561198046653521" pos=<10684, 4.61, 8447.11>) DeployObject CrateVIP
23:54:18: Player "[EB] pedrobala" (steam64id="76561198046653521" pos=<10684.5, 4.59, 8447.54>) DeployObject CrateVIP
23:54:32: Player "[EB] pedrobala" (steam64id="76561198046653521" pos=<10684.9, 4.57, 8447.82>) DeployObject CrateVIP
23:54:46: Player "[EB] pedrobala" (steam64id="76561198046653521" pos=<10685.5, 4.54, 8448.43>) DeployObject CrateVIP
23:55:04: Player "[EB] pedrobala" (steam64id="76561198046653521" pos=<10685.2, 4.57, 8447.38>) DeployObject CrateVIP
