00:01:40: Player "Passo Largo" (steam64id="76561199203652654" pos=<7565.55, 29.04, 7909.48>) DeployObject dp_door_Kit
00:02:04: Player "DanielSam" (steam64id="76561198867200764" pos=<7547.85, 35.24, 7900.29>) DeployObject dp_guncabinetKit
00:04:03: Player "DanielSam" (steam64id="76561198867200764" pos=<7548.95, 35.24, 7900.49>) DeployObject dp_box_big_Brown
00:05:09: Player "Passo Largo" (steam64id="76561199203652654" pos=<7564.33, 29.04, 7907.73>) DeployObject FenceKit
00:05:13: Player "DanielSam" (steam64id="76561198867200764" pos=<7550.99, 35.24, 7901.73>) DeployObject dp_box_big_Brown
00:05:52: Player "TripaSeca" (steam64id="76561198093060507" pos=<9945.83, 10.26, 12465.1>) DeployObject dp_waterbarrel_kit
00:10:22: Player "Passo Largo" (steam64id="76561199203652654" pos=<7549.59, 35.25, 7895.22>) DeployObject dp_refrigerator
00:10:29: Player "Passo Largo" (steam64id="76561199203652654" pos=<7549.4, 35.26, 7894.33>) DeployObject dp_refrigerator
00:10:34: Player "Passo Largo" (steam64id="76561199203652654" pos=<7549.37, 35.27, 7893.48>) DeployObject dp_refrigerator
00:10:45: Player "Passo Largo" (steam64id="76561199203652654" pos=<7548.95, 35.27, 7893.41>) DeployObject dp_refrigerator
00:10:55: Player "Passo Largo" (steam64id="76561199203652654" pos=<7549.14, 35.26, 7894.34>) DeployObject dp_refrigerator
00:11:01: Player "Passo Largo" (steam64id="76561199203652654" pos=<7549.13, 35.25, 7895.17>) DeployObject dp_refrigerator
00:11:34: Player "[MOD] OZIEL" (steam64id="76561199063596086" pos=<10430.1, 12.53, 11527.8>) DeployObject LargeTent
00:12:30: Player "[MOD] OZIEL" (steam64id="76561199063596086" pos=<10432.4, 12.92, 11538.6>) DeployObject CarTent
00:12:46: Player "G A T O" (steam64id="76561199207813177" pos=<7549.7, 35.25, 7896.16>) DeployObject CrateVIP
00:14:27: Player "[MOD] OZIEL" (steam64id="76561199063596086" pos=<10426.4, 12.53, 11539.8>) DeployObject dp_box_big_Brown
00:14:56: Player "[MOD] OZIEL" (steam64id="76561199063596086" pos=<10432.2, 12.82, 11520.5>) DeployObject LargeTent
00:15:42: Player "[MOD] OZIEL" (steam64id="76561199063596086" pos=<10426.2, 12.82, 11520.6>) DeployObject LargeTent
00:16:21: Player "[MOD] OZIEL" (steam64id="76561199063596086" pos=<10426, 12.53, 11535.3>) DeployObject dp_box_big_Brown
00:17:01: Player "[MOD] OZIEL" (steam64id="76561199063596086" pos=<10425.8, 12.82, 11540.5>) DeployObject LargeTent
00:17:37: Player "=G3=L.REIS" (steam64id="76561197965313777" pos=<10222.2, 17.46, 12571.8>) DeployObject dp_trashcan_black
00:17:42: Player "[MOD] OZIEL" (steam64id="76561199063596086" pos=<10433.3, 12.81, 11544.8>) DeployObject LargeTent
00:18:00: Player "[MOD] OZIEL" (steam64id="76561199063596086" pos=<10428.1, 12.53, 11527.4>) DeployObject dp_box_big_Brown
00:18:47: Player "[MOD] OZIEL" (steam64id="76561199063596086" pos=<10432.6, 12.81, 11521.9>) DeployObject LargeTent
00:18:49: Player "Passo Largo" (steam64id="76561199203652654" pos=<7564.22, 29.04, 7907.41>) DeployObject FenceKit
00:19:11: Player "[MOD] OZIEL" (steam64id="76561199063596086" pos=<10428.1, 12.92, 11539.4>) DeployObject CarTent
00:19:24: Player "[MOD] OZIEL" (steam64id="76561199063596086" pos=<10428, 12.53, 11532.1>) DeployObject Barrel_Green
00:22:12: Player "Passo Largo" (steam64id="76561199203652654" pos=<7562.77, 29.04, 7909.79>) DeployObject FenceKit
00:25:06: Player "DangersPlay" (steam64id="76561198037868353" pos=<10575.6, 18.19, 13576.2>) DeployObject Fireplace
00:25:40: Player "G A T O" (steam64id="76561199207813177" pos=<7549.6, 35.24, 7896.6>) DeployObject CrateVIP
00:26:21: Player "G A T O" (steam64id="76561199207813177" pos=<7550.27, 35.24, 7899.76>) DeployObject dp_box_big_Brown
00:26:32: Player "G A T O" (steam64id="76561199207813177" pos=<7550.46, 35.24, 7899.97>) DeployObject dp_box_big_Brown
00:26:46: Player "G A T O" (steam64id="76561199207813177" pos=<7550.44, 35.24, 7899.98>) DeployObject dp_box_big_Brown
00:28:12: Player "G A T O" (steam64id="76561199207813177" pos=<7548.78, 35.24, 7899.52>) DeployObject dp_weapons_stand_Kit
00:29:41: Player "G A T O" (steam64id="76561199207813177" pos=<7549.26, 35.24, 7896.67>) DeployObject CrateVIP
00:30:04: Player "G A T O" (steam64id="76561199207813177" pos=<7549.95, 35.24, 7896.49>) DeployObject CrateVIP
00:32:43: Player "G A T O" (steam64id="76561199207813177" pos=<7549.15, 35.24, 7898.26>) DeployObject dp_guncabinetKit
00:33:28: Player "G A T O" (steam64id="76561199207813177" pos=<7549.59, 35.24, 7899.02>) DeployObject dp_weapons_stand_Kit
00:34:00: Player "G A T O" (steam64id="76561199207813177" pos=<7550.04, 35.24, 7899.53>) DeployObject dp_weapons_stand_Kit
00:34:33: Player "G A T O" (steam64id="76561199207813177" pos=<7548.22, 35.24, 7900.42>) DeployObject dp_gunrackKit
00:39:41: Player "G A T O" (steam64id="76561199207813177" pos=<7549.13, 35.24, 7900.11>) DeployObject dp_gunrackKit
00:40:05: Player "G A T O" (steam64id="76561199207813177" pos=<7549.89, 35.24, 7900.36>) DeployObject dp_gunrackKit
00:40:21: Player "G A T O" (steam64id="76561199207813177" pos=<7550.17, 35.24, 7899.95>) DeployObject dp_guncabinetKit
00:40:55: Player "G A T O" (steam64id="76561199207813177" pos=<7550.73, 35.24, 7899.99>) DeployObject dp_guncabinetKit
00:41:18: Player "G A T O" (steam64id="76561199207813177" pos=<7549.83, 35.24, 7899.16>) DeployObject dp_box_big_Brown
00:43:53: Player "G A T O" (steam64id="76561199207813177" pos=<7551.26, 35.24, 7899.85>) DeployObject dp_guncabinetKit
00:44:39: Player "G A T O" (steam64id="76561199207813177" pos=<7551.29, 35.24, 7900.13>) DeployObject dp_guncabinetKit
00:45:52: Player "G A T O" (steam64id="76561199207813177" pos=<7552.92, 35.25, 7895.36>) DeployObject CrateVIP
00:50:43: Player "G A T O" (steam64id="76561199207813177" pos=<7551.29, 35.24, 7900.41>) DeployObject dp_guncabinetKit
00:52:00: Player "G A T O" (steam64id="76561199207813177" pos=<7550.13, 35.24, 7900.17>) DeployObject FenceKit
00:55:36: Player "G A T O" (steam64id="76561199207813177" pos=<7550.57, 31.36, 7899.97>) DeployObject FenceKit
01:15:41: Player "G A T O" (steam64id="76561199207813177" pos=<7550.2, 28.05, 7895.35>) DeployObject FenceKit
01:20:34: Player "G A T O" (steam64id="76561199207813177" pos=<7550.44, 31.35, 7894.64>) DeployObject FenceKit
01:22:03: Player "G A T O" (steam64id="76561199207813177" pos=<7550.58, 31.35, 7893.06>) FoldBaseBuildingObject Fence
01:23:07: Player "DanielSam" (steam64id="76561198867200764" pos=<7550.44, 31.35, 7895.43>) DeployObject FenceKit
01:27:52: Player "G A T O" (steam64id="76561199207813177" pos=<7549.64, 35.24, 7900.9>) DeployObject dp_box_big_Brown
01:28:02: Player "G A T O" (steam64id="76561199207813177" pos=<7550.27, 35.24, 7900.8>) DeployObject dp_box_big_Brown
01:28:22: Player "G A T O" (steam64id="76561199207813177" pos=<7550.69, 35.24, 7898.69>) DeployObject dp_box_big_Brown
01:28:56: Player "G A T O" (steam64id="76561199207813177" pos=<7549.28, 35.26, 7894.18>) DeployObject dp_guncabinetKit
01:29:10: Player "G A T O" (steam64id="76561199207813177" pos=<7551.49, 35.26, 7894.89>) DeployObject dp_weapons_stand_Kit
02:35:11: Player "AiPolly" (steam64id="76561198072574279" pos=<9940.87, 27.01, 8118.4>) DeployObject LandMineTrap
03:22:59: Player "Hacan121" (steam64id="76561198345012092" pos=<7635.35, 13.22, 9786.74>) DeployObject dp_waterbarrel_kit
03:28:38: Player "TripaSeca" (steam64id="76561198093060507" pos=<7626.87, 13.00, 9813.6>) DeployObject dp_box_small_Brown
03:28:49: Player "TripaSeca" (steam64id="76561198093060507" pos=<7626.5, 12.20, 9812.91>) DeployObject dp_box_small_Brown
03:32:45: Player "TripaSeca" (steam64id="76561198093060507" pos=<7635.61, 12.20, 9779.88>) DeployObject PartyTent_Brown
05:48:45: Player "nivvokiee" (steam64id="76561198287595289" pos=<10631.1, 22.89, 12862.5>) DeployObject dp_weapons_stand_Kit
08:38:40: Player "Duerowww" (steam64id="76561198259492425" pos=<7390.3, 31.26, 8184.55>) DeployObject LandMineTrap
09:54:33: Player "[L.B] Santorin" (steam64id="76561199069721527" pos=<7343.93, 14.33, 7137.35>) DeployObject dp_weapons_stand_Kit
09:55:01: Player "[L.B] Santorin" (steam64id="76561199069721527" pos=<7341.91, 14.33, 7137.79>) DeployObject dp_weapons_stand_Kit
09:58:47: Player "[L.B] Santorin" (steam64id="76561199069721527" pos=<7362.39, 18.53, 7134.19>) DeployObject dp_box_big_Brown
11:10:32: Player "[L.B] ploodrinny" (steam64id="76561198312062387" pos=<7358.87, 14.33, 7139.17>) DeployObject dp_trashcan_blue
11:22:11: Player "[L.B] ploodrinny" (steam64id="76561198312062387" pos=<7361.78, 18.46, 7133.1>) DeployObject dp_box_small_Brown
11:22:38: Player "[L.B] ploodrinny" (steam64id="76561198312062387" pos=<7361.37, 19.26, 7135.07>) DeployObject dp_box_big_Grey
11:22:50: Player "[L.B] ploodrinny" (steam64id="76561198312062387" pos=<7359.24, 18.46, 7135.32>) DeployObject dp_box_small_Brown
11:23:13: Player "[L.B] ploodrinny" (steam64id="76561198312062387" pos=<7362.07, 18.46, 7133.95>) DeployObject dp_box_big_Grey
11:23:38: Player "[L.B] ploodrinny" (steam64id="76561198312062387" pos=<7361.89, 18.46, 7133.46>) DeployObject dp_box_big_Brown
11:23:48: Player "[L.B] ploodrinny" (steam64id="76561198312062387" pos=<7361.99, 18.46, 7133.48>) DeployObject dp_box_big_Brown
11:24:02: Player "[L.B] ploodrinny" (steam64id="76561198312062387" pos=<7361.92, 18.46, 7133.44>) DeployObject dp_box_big_Brown
11:24:37: Player "[L.B] ploodrinny" (steam64id="76561198312062387" pos=<7362.43, 18.46, 7134.36>) DeployObject dp_box_small_Brown
11:24:58: Player "[L.B] ploodrinny" (steam64id="76561198312062387" pos=<7362.17, 18.46, 7134.15>) DeployObject dp_box_small_Brown
11:25:22: Player "[L.B] ploodrinny" (steam64id="76561198312062387" pos=<7361.7, 18.46, 7132.89>) DeployObject dp_box_big_Brown
11:25:58: Player "[L.B] ploodrinny" (steam64id="76561198312062387" pos=<7361.81, 18.46, 7133.02>) DeployObject dp_box_big_Brown
11:26:37: Player "[L.B] ploodrinny" (steam64id="76561198312062387" pos=<7362.01, 18.46, 7133.97>) DeployObject dp_box_big_Grey
11:28:38: Player "[L.B] ploodrinny" (steam64id="76561198312062387" pos=<7362.79, 18.46, 7134.54>) DeployObject dp_box_small_Brown
11:36:13: Player "Duerowww" (steam64id="76561198259492425" pos=<7389.95, 31.55, 8198.98>) DeployObject WoodenCrate
11:36:25: Player "Duerowww" (steam64id="76561198259492425" pos=<7389.91, 31.55, 8199.97>) DeployObject WoodenCrate
11:42:45: Player "[L.B] ploodrinny" (steam64id="76561198312062387" pos=<7360.82, 18.46, 7134.41>) DeployObject dp_box_small_Brown
11:43:21: Player "[L.B] ploodrinny" (steam64id="76561198312062387" pos=<7360.77, 18.46, 7134.14>) DeployObject dp_box_small_Brown
11:54:09: Player "[L.B] ploodrinny" (steam64id="76561198312062387" pos=<7343.54, 14.33, 7135.12>) DeployObject dp_gunrackKit
11:54:36: Player "[L.B] ploodrinny" (steam64id="76561198312062387" pos=<7343.7, 14.33, 7134>) DeployObject dp_gunrackKit
12:06:54: Player "G A T O" (steam64id="76561199207813177" pos=<7550.45, 35.24, 7900.2>) DeployObject dp_guncabinetKit
12:11:09: Player "G A T O" (steam64id="76561199207813177" pos=<7552.34, 35.65, 7894.01>) DeployObject FenceKit
12:33:48: Player "[L.B] Santorin" (steam64id="76561199069721527" pos=<7360.44, 18.46, 7134.23>) DeployObject dp_box_small_Olive
12:34:15: Player "[L.B] Santorin" (steam64id="76561199069721527" pos=<7361.41, 18.46, 7134.12>) DeployObject dp_box_small_Olive
12:37:59: Player "[L.B] Santorin" (steam64id="76561199069721527" pos=<7361.91, 18.46, 7132.95>) DeployObject dp_box_big_Olive
12:40:49: Player "[L.B] ploodrinny" (steam64id="76561198312062387" pos=<7359.8, 18.46, 7134.38>) DeployObject dp_box_small_Olive
12:41:08: Player "[L.B] ploodrinny" (steam64id="76561198312062387" pos=<7360.77, 18.46, 7133.78>) DeployObject dp_box_small_Olive
12:43:07: Player "[L.B] ploodrinny" (steam64id="76561198312062387" pos=<7360.78, 18.46, 7133.97>) DeployObject dp_box_small_Olive
12:43:34: Player "[L.B] ploodrinny" (steam64id="76561198312062387" pos=<7362.37, 18.46, 7132.9>) DeployObject dp_box_big_Olive
12:43:48: Player "[L.B] ploodrinny" (steam64id="76561198312062387" pos=<7361.99, 18.46, 7133.23>) DeployObject dp_box_big_Olive
12:44:10: Player "[L.B] ploodrinny" (steam64id="76561198312062387" pos=<7362.06, 18.46, 7133.01>) DeployObject dp_box_big_Olive
12:51:13: Player "G A T O" (steam64id="76561199207813177" pos=<7552.43, 35.25, 7896.02>) DismantlePart base
12:51:48: Player "G A T O" (steam64id="76561199207813177" pos=<7552.82, 35.65, 7893.91>) DeployObject FenceKit
12:55:01: Player "G A T O" (steam64id="76561199207813177" pos=<7552.67, 35.65, 7894.07>) DeployObject FenceKit
13:14:43: Player "[L.B]TropaDoEnguisa" (steam64id="76561198211423224" pos=<7358.55, 14.33, 7140.16>) DeployObject dp_trashcan_blue
13:26:26: Player "[L.B] ploodrinny" (steam64id="76561198312062387" pos=<7358.56, 14.33, 7140.33>) DeployObject dp_trashcan_blue
13:26:35: Player "[L.B] ploodrinny" (steam64id="76561198312062387" pos=<7358.56, 14.33, 7140.33>) DeployObject dp_trashcan_blue
13:30:15: Player "[L.B] Santorin" (steam64id="76561199069721527" pos=<7354.48, 14.30, 7148.16>) DeployObject WatchtowerKit
13:31:21: Player "[L.B] Santorin" (steam64id="76561199069721527" pos=<7352.03, 14.30, 7148.18>) DeployObject WatchtowerKit
13:33:19: Player "Emissarius" (steam64id="76561198271087379" pos=<11090.9, 31.61, 8420.52>) DeployObject dp_box_big_Olive
13:33:39: Player "felps" (steam64id="76561198892779186" pos=<11087.2, 31.61, 8430.97>) DeployObject dp_weapons_stand_Kit
13:33:48: Player "Emissarius" (steam64id="76561198271087379" pos=<11095, 31.61, 8422.51>) DeployObject dp_workbench_Kit
13:33:59: Player "felps" (steam64id="76561198892779186" pos=<11088.3, 31.61, 8433.28>) DeployObject dp_weapons_stand_Kit
13:35:12: Player "Emissarius" (steam64id="76561198271087379" pos=<11090.8, 31.61, 8421.2>) DeployObject dp_locker_blueKit
13:39:58: Player "[L.B] SeryD" (steam64id="76561198072791642" pos=<7357.59, 14.33, 7140.48>) DeployObject dp_trashcan_blue
13:40:14: Player "[L.B] SeryD" (steam64id="76561198072791642" pos=<7356.16, 15.13, 7138.82>) DeployObject dp_trashcan_blue
13:40:50: Player "[L.B] SeryD" (steam64id="76561198072791642" pos=<7353.1, 14.33, 7139.75>) DeployObject dp_trashcan_blue
13:41:10: Player "[L.B] SeryD" (steam64id="76561198072791642" pos=<7354.42, 14.33, 7141.06>) DeployObject dp_trashcan_blue
13:41:25: Player "[L.B] SeryD" (steam64id="76561198072791642" pos=<7353.9, 14.33, 7141.51>) DeployObject dp_trashcan_blue
13:41:51: Player "[L.B] SeryD" (steam64id="76561198072791642" pos=<7355.05, 14.33, 7133.13>) DeployObject dp_trashcan_blue
13:42:23: Player "[L.B] SeryD" (steam64id="76561198072791642" pos=<7352.75, 15.95, 7135.34>) DeployObject dp_trashcan_blue
13:42:45: Player "[YKZ]-Notsniw" (steam64id="76561197967151252" pos=<11088.4, 35.24, 8427.17>) DeployObject dp_locker_grayKit
13:47:41: Player "[L.B] Santorin" (steam64id="76561199069721527" pos=<7353.06, 14.30, 7148.88>) DeployObject dp_wall_big_Kit
13:49:51: Player "felps" (steam64id="76561198892779186" pos=<11092.3, 31.61, 8424.57>) DeployObject dp_locker_greenKit
13:50:48: Player "felps" (steam64id="76561198892779186" pos=<11092.5, 31.61, 8424.17>) DeployObject dp_locker_greenKit
13:58:09: Player "[YKZ]-BlackBear" (steam64id="76561198343030820" pos=<11091.3, 4.21, 8418.63>) DeployObject dp_metal_door_Kit
14:01:46: Player "[L.B] Santorin" (steam64id="76561199069721527" pos=<7352.56, 14.30, 7145.04>) UnmountBarbedWire Fence
14:08:20: Player "[YKZ]-Notsniw" (steam64id="76561197967151252" pos=<11089, 35.24, 8427.28>) DeployObject dp_weapons_stand_Kit
14:10:49: Player "[L.B] Santorin" (steam64id="76561199069721527" pos=<7349.21, 14.30, 7149.33>) DismantlePart dp_wb_gate
14:12:39: Player "[YKZ]-BlackBear" (steam64id="76561198343030820" pos=<11087.8, 35.24, 8423.98>) DeployObject dp_door_Kit
14:15:39: Player "[HORDA]ThiagoPenna" (steam64id="76561198218822351" pos=<9558.74, 6.07, 9586.16>) DeployObject dp_locker_grayKit
14:21:20: Player "[L.B] Santorin" (steam64id="76561199069721527" pos=<7354.49, 14.30, 7144.05>) DeployObject FenceKit
14:22:34: Player "[YKZ]-BlackBear" (steam64id="76561198343030820" pos=<11085.8, 4.25, 8416.46>) DeployObject dp_door_Kit
14:22:51: Player "felps" (steam64id="76561198892779186" pos=<11085.2, 31.61, 8425.58>) DeployObject dp_trashcan_green
14:23:14: Player "[YKZ]-BlackBear" (steam64id="76561198343030820" pos=<11086.1, 4.25, 8416.09>) FoldBaseBuildingObject dp_door
14:23:33: Player "[L.B]TropaDoEnguisa" (steam64id="76561198211423224" pos=<7343.95, 14.33, 7135.35>) DeployObject Barrel_Red
14:23:43: Player "[YKZ]-BlackBear" (steam64id="76561198343030820" pos=<11085.8, 4.25, 8416.4>) DeployObject dp_door_Kit
14:24:30: Player "[L.B] ploodrinny" (steam64id="76561198312062387" pos=<7343.52, 14.33, 7134.08>) DeployObject dp_gunrackKit
14:24:46: Player "[L.B] Santorin" (steam64id="76561199069721527" pos=<7352.33, 14.30, 7144.36>) DeployObject FenceKit
14:27:18: Player "[YKZ]-BlackBear" (steam64id="76561198343030820" pos=<11085, 4.25, 8416.63>) DeployObject dp_door_Kit
14:28:05: Player "[L.B] Santorin" (steam64id="76561199069721527" pos=<7353.12, 14.30, 7143.76>) DeployObject FenceKit
14:32:45: Player "Seekerzao" (steam64id="76561198067793781" pos=<10238.5, 14.05, 11337.4>) DeployObject dp_wall_big_Kit
14:37:00: Player "[G.M] O verdadeiro" (steam64id="76561198351631304" pos=<10226.6, 16.03, 12525.4>) DeployObject dp_box_big_Olive
14:39:08: Player "[L.B] Santorin" (steam64id="76561199069721527" pos=<7345.57, 14.33, 7136.27>) DeployObject dp_roof_Kit
14:39:28: Player "[L.B] Santorin" (steam64id="76561199069721527" pos=<7346.6, 14.33, 7139.71>) FoldBaseBuildingObject dp_roof
15:11:43: Player "[YKZ]-BlackBear" (steam64id="76561198343030820" pos=<11095.7, 4.25, 8422.53>) DeployObject dp_door_Kit
15:12:07: Player "[YKZ]-BlackBear" (steam64id="76561198343030820" pos=<11095.9, 4.25, 8423.67>) DeployObject dp_door_Kit
15:12:54: Player "[YKZ]-BlackBear" (steam64id="76561198343030820" pos=<11095.7, 4.25, 8423.71>) FoldBaseBuildingObject dp_door
15:14:28: Player "[YKZ]-BlackBear" (steam64id="76561198343030820" pos=<11095.9, 4.25, 8423.63>) DeployObject dp_door_Kit
15:14:44: Player "[YKZ]-BlackBear" (steam64id="76561198343030820" pos=<11095.8, 4.25, 8422.29>) FoldBaseBuildingObject dp_door
15:15:28: Player "[YKZ]-BlackBear" (steam64id="76561198343030820" pos=<11095.8, 4.25, 8422.38>) DeployObject dp_door_Kit
15:21:32: Player "Emissarius" (steam64id="76561198271087379" pos=<11084.2, 31.61, 8425.75>) DeployObject dp_trashcan_green
15:21:37: Player "[YKZ]-BlackBear" (steam64id="76561198343030820" pos=<11088.5, 4.25, 8433.72>) DeployObject dp_door_Kit
15:49:22: Player "OZIEL" (steam64id="76561199063596086" pos=<10426.7, 12.53, 11548.5>) DeployObject dp_box_big_Brown
15:49:35: Player "OZIEL" (steam64id="76561199063596086" pos=<10427, 12.53, 11547.9>) DeployObject dp_box_big_Brown
15:49:47: Player "OZIEL" (steam64id="76561199063596086" pos=<10427.8, 12.53, 11547.9>) DeployObject dp_box_big_Brown
15:52:07: Player "Duerowww" (steam64id="76561198259492425" pos=<7389.68, 31.55, 8202.2>) DeployObject dp_locker_greenKit
15:52:10: Player "[YKZ]-BlackBear" (steam64id="76561198343030820" pos=<11089.7, 4.25, 8433.6>) DeployObject dp_door_Kit
15:52:55: Player "Duerowww" (steam64id="76561198259492425" pos=<7389.28, 31.55, 8202.41>) DeployObject dp_locker_greenKit
15:53:39: Player "FisFacu" (steam64id="76561198339726200" pos=<10697.6, 11.59, 11956.6>) DeployObject dp_trashcan_black
15:54:27: Player "Emissarius" (steam64id="76561198271087379" pos=<11082.1, 31.86, 8427.49>) DeployObject PartyTent_Blue
15:55:09: Player "[YKZ]-BlackBear" (steam64id="76561198343030820" pos=<11083.4, 6.99, 8432.52>) DeployObject dp_door_Kit
16:10:26: Player "[YKZ]-BlackBear" (steam64id="76561198343030820" pos=<11082.7, 7.91, 8429.79>) DeployObject dp_door_Kit
16:15:45: Player "[YKZ]-BlackBear" (steam64id="76561198343030820" pos=<11078.6, 4.25, 8427.49>) DeployObject dp_door_Kit
16:16:43: Player "[YKZ]-BlackBear" (steam64id="76561198343030820" pos=<11078.5, 4.25, 8426.43>) DeployObject dp_door_Kit
16:24:15: Player "felps" (steam64id="76561198892779186" pos=<11091, 4.21, 8419.1>) DeployObject dp_door_Kit
16:25:24: Player "netttto no drip" (steam64id="76561198859086815" pos=<10433.4, 12.53, 11541.9>) DeployObject dp_waterbarrel_kit
16:26:20: Player "[YKZ]-BlackBear" (steam64id="76561198343030820" pos=<11083.7, 4.21, 8422.12>) DeployObject dp_waterbarrel_kit
16:27:23: Player "Seekerzao" (steam64id="76561198067793781" pos=<10233.4, 14.05, 11336.9>) DeployObject dp_wall_big_Kit
16:28:12: Player "OZIEL" (steam64id="76561199063596086" pos=<10435.3, 12.53, 11531.5>) DeployObject dp_wall_big_Kit
16:29:31: Player "OZIEL" (steam64id="76561199063596086" pos=<10435.5, 12.53, 11546>) DismantlePart wall_wood_down
16:30:27: Player "OZIEL" (steam64id="76561199063596086" pos=<10435.2, 12.53, 11546.2>) DismantlePart wall_wood_up
16:31:01: Player "OZIEL" (steam64id="76561199063596086" pos=<10435.8, 12.53, 11545.1>) DismantlePart wall_base_up
16:31:21: Player "OZIEL" (steam64id="76561199063596086" pos=<10435.8, 12.53, 11545.1>) DismantlePart wall_base_down
16:32:05: Player "[L.B] Santorin" (steam64id="76561199069721527" pos=<7346.65, 14.33, 7139.56>) DeployObject dp_weapons_stand_Kit
16:32:22: Player "[L.B] Santorin" (steam64id="76561199069721527" pos=<7349.26, 14.33, 7139.6>) DeployObject dp_weapons_stand_Kit
16:32:28: Player "OZIEL" (steam64id="76561199063596086" pos=<10437.5, 12.40, 11545.1>) DismantlePart base
16:35:18: Player "OZIEL" (steam64id="76561199063596086" pos=<10435, 12.53, 11547.5>) DeployObject dp_wall_big_Kit
16:38:32: Player "Passo Largo" (steam64id="76561198057660141" pos=<7562.65, 28.29, 7905.16>) DeployObject FenceKit
16:40:40: Player "[YKZ]-BlackBear" (steam64id="76561198343030820" pos=<11091.6, 5.17, 8417.93>) DeployObject dp_window_sheild_kit
16:40:59: Player "[YKZ]-BlackBear" (steam64id="76561198343030820" pos=<11091.5, 5.10, 8418.17>) FoldBaseBuildingObject dp_window_sheild
16:41:19: Player "[YKZ]-BlackBear" (steam64id="76561198343030820" pos=<11091.6, 5.18, 8418.25>) DeployObject dp_window_sheild_kit
16:41:32: Player "tectec" (steam64id="76561199070659345" pos=<11202.1, 18.07, 12616>) DeployObject Fireplace
16:44:00: Player "Emissarius" (steam64id="76561198271087379" pos=<11085.1, 31.61, 8425.82>) DeployObject dp_trashcan_green
16:49:21: Player "[L.B] ploodrinny" (steam64id="76561198312062387" pos=<7348.05, 14.33, 7138.66>) DeployObject BearTrap
16:52:11: Player "[L.B] Santorin" (steam64id="76561199069721527" pos=<7360.5, 18.46, 7133.93>) DeployObject dp_box_small_Brown
16:54:54: Player "[L.B] ploodrinny" (steam64id="76561198312062387" pos=<7360.85, 18.46, 7134.36>) DeployObject dp_box_small_Olive
16:55:21: Player "[L.B] ploodrinny" (steam64id="76561198312062387" pos=<7360.62, 18.46, 7134.42>) DeployObject dp_box_small_Olive
16:55:43: Player "[L.B] ploodrinny" (steam64id="76561198312062387" pos=<7362.34, 18.46, 7133.45>) DeployObject dp_box_small_Olive
16:56:01: Player "ttuker" (steam64id="76561198971813376" pos=<7392.68, 31.55, 8203.15>) DeployObject dp_metal_door_Kit
16:57:57: Player "[L.B] ploodrinny" (steam64id="76561198312062387" pos=<7360.87, 18.46, 7134.02>) DeployObject dp_box_small_Brown
17:09:02: Player "Passo Largo" (steam64id="76561198057660141" pos=<7562.77, 28.05, 7902.77>) DeployObject FenceKit
17:09:38: Player "Passo Largo" (steam64id="76561198057660141" pos=<7564.17, 29.04, 7907.32>) DeployObject FenceKit
17:13:17: Player "ttuker" (steam64id="76561198971813376" pos=<7390.22, 31.55, 8200.53>) DeployObject FenceKit
17:13:35: Player "ttuker" (steam64id="76561198971813376" pos=<7394.8, 31.55, 8201.12>) FoldBaseBuildingObject Fence
17:14:09: Player "ttuker" (steam64id="76561198971813376" pos=<7390.78, 31.55, 8200.56>) DeployObject FenceKit
17:14:12: Player "[L.B] Santorin" (steam64id="76561199069721527" pos=<7347.21, 14.33, 7138.48>) DeployObject dp_weapons_stand_Kit
17:15:50: Player "[L.B] Santorin" (steam64id="76561199069721527" pos=<7342.56, 14.33, 7136.59>) DeployObject dp_weapons_stand_Kit
17:16:00: Player "[L.B] Santorin" (steam64id="76561199069721527" pos=<7343.99, 14.33, 7139.89>) DeployObject dp_weapons_stand_Kit
17:16:29: Player "felps" (steam64id="76561198892779186" pos=<11091, 4.21, 8418.44>) DismantlePart dp_door_gate
17:17:16: Player "[L.B] Santorin" (steam64id="76561199069721527" pos=<7343.44, 18.46, 7133.68>) DeployObject dp_weapons_stand_Kit
17:18:32: Player "[YKZ]-BlackBear" (steam64id="76561198343030820" pos=<11091.3, 4.21, 8418.47>) DismantlePart dp_metal_door
17:18:46: Player "[L.B] Santorin" (steam64id="76561199069721527" pos=<7343.3, 18.72, 7136.95>) DeployObject dp_weapons_stand_Kit
17:19:02: Player "[L.B] Santorin" (steam64id="76561199069721527" pos=<7342.5, 18.46, 7142>) DeployObject dp_weapons_stand_Kit
17:19:03: Player "[YKZ]-BlackBear" (steam64id="76561198343030820" pos=<11091.3, 4.21, 8418.47>) DismantlePart dp_karkas
17:19:37: Player "[YKZ]-BlackBear" (steam64id="76561198343030820" pos=<11090.6, 4.21, 8418.17>) DismantlePart dp_base
17:19:41: Player "[L.B] Santorin" (steam64id="76561199069721527" pos=<7343.65, 18.97, 7136.77>) DeployObject dp_weapons_stand_Kit
17:19:54: Player "[L.B] Santorin" (steam64id="76561199069721527" pos=<7342.77, 18.93, 7139.83>) DeployObject dp_weapons_stand_Kit
17:21:11: Player "[L.B] Santorin" (steam64id="76561199069721527" pos=<7344.85, 18.46, 7134.41>) DeployObject dp_weapons_stand_Kit
17:21:25: Player "[L.B] Santorin" (steam64id="76561199069721527" pos=<7347.32, 18.46, 7134.66>) DeployObject dp_weapons_stand_Kit
17:22:18: Player "[L.B] Santorin" (steam64id="76561199069721527" pos=<7347.25, 18.46, 7139.73>) DeployObject dp_weapons_stand_Kit
17:23:12: Player "[L.B] Santorin" (steam64id="76561199069721527" pos=<7349.87, 18.39, 7139.7>) DeployObject dp_weapons_stand_Kit
17:23:55: Player "ttuker" (steam64id="76561198971813376" pos=<7390.24, 31.55, 8199.77>) DeployObject WoodenCrate
17:24:06: Player "ttuker" (steam64id="76561198971813376" pos=<7390.17, 31.55, 8199.74>) DeployObject WoodenCrate
17:24:16: Player "ttuker" (steam64id="76561198971813376" pos=<7390.25, 31.55, 8200.19>) DeployObject WoodenCrate
17:24:33: Player "ttuker" (steam64id="76561198971813376" pos=<7389.96, 31.55, 8199.81>) DeployObject WoodenCrate
17:25:08: Player "[L.B] Santorin" (steam64id="76561199069721527" pos=<7349.61, 18.46, 7141.45>) DeployObject dp_door_Kit
17:25:50: Player "[L.B] Santorin" (steam64id="76561199069721527" pos=<7347.79, 18.46, 7140.08>) DeployObject dp_weapons_stand_Kit
17:26:31: Player "[L.B] Santorin" (steam64id="76561199069721527" pos=<7347.92, 18.46, 7141.31>) DeployObject dp_weapons_stand_Kit
17:27:07: Player "[L.B] Santorin" (steam64id="76561199069721527" pos=<7349.21, 18.25, 7139.62>) DeployObject dp_weapons_stand_Kit
17:27:38: Player "[L.B] Santorin" (steam64id="76561199069721527" pos=<7348.87, 18.46, 7140.48>) FoldBaseBuildingObject dp_door
17:31:06: Player "[YKZ]-BlackBear" (steam64id="76561198343030820" pos=<11091.4, 4.21, 8418.57>) DeployObject dp_metal_door_Kit
17:37:01: Player "[YKZ]-BlackBear" (steam64id="76561198343030820" pos=<11091.3, 4.21, 8418.05>) FoldBaseBuildingObject dp_metal_door
17:46:49: Player "[YKZ]-BlackBear" (steam64id="76561198343030820" pos=<11091.3, 4.21, 8418.61>) DeployObject dp_door_Kit
17:47:13: Player "OZIEL" (steam64id="76561199063596086" pos=<10426.9, 12.53, 11515>) DeployObject FenceKit
17:48:35: Player "OZIEL" (steam64id="76561199063596086" pos=<10432.3, 12.53, 11515.6>) DeployObject FenceKit
17:54:52: Player "[L.B] ploodrinny" (steam64id="76561198312062387" pos=<7361.26, 18.46, 7133.1>) DeployObject dp_box_small_Brown
17:55:05: Player "[L.B] ploodrinny" (steam64id="76561198312062387" pos=<7362.27, 18.46, 7132.97>) DeployObject dp_box_small_Brown
17:55:18: Player "[L.B] ploodrinny" (steam64id="76561198312062387" pos=<7362.65, 18.46, 7133.49>) DeployObject dp_box_small_Olive
17:55:32: Player "[L.B] ploodrinny" (steam64id="76561198312062387" pos=<7361.96, 18.46, 7133.42>) DeployObject dp_box_small_Olive
17:59:34: Player "[L.B] ploodrinny" (steam64id="76561198312062387" pos=<7362.58, 18.71, 7134.5>) DeployObject dp_box_big_Grey
17:59:48: Player "[L.B] ploodrinny" (steam64id="76561198312062387" pos=<7362.85, 18.46, 7134.18>) DeployObject dp_box_small_Brown
17:59:55: Player "[L.B] ploodrinny" (steam64id="76561198312062387" pos=<7361.3, 18.64, 7134.46>) DeployObject dp_box_big_Brown
18:00:12: Player "[L.B] ploodrinny" (steam64id="76561198312062387" pos=<7362.43, 18.46, 7133.44>) DeployObject dp_box_small_Olive
18:00:41: Player "[L.B] ploodrinny" (steam64id="76561198312062387" pos=<7362.4, 18.46, 7133.98>) DeployObject dp_box_big_Brown
18:00:59: Player "[L.B] ploodrinny" (steam64id="76561198312062387" pos=<7362.49, 18.46, 7133.86>) DeployObject dp_box_big_Olive
18:01:50: Player "[L.B] ploodrinny" (steam64id="76561198312062387" pos=<7362.1, 18.46, 7133.88>) DeployObject dp_box_small_Brown
18:02:06: Player "[L.B] ploodrinny" (steam64id="76561198312062387" pos=<7362.88, 18.48, 7134.13>) DeployObject dp_box_small_Olive
18:02:24: Player "[L.B] ploodrinny" (steam64id="76561198312062387" pos=<7362.2, 18.46, 7134.05>) DeployObject dp_box_big_Grey
18:18:53: Player "Seekerzao" (steam64id="76561198067793781" pos=<10233.1, 14.05, 11338.4>) DismantlePart dp_karkas_right
18:19:15: Player "Seekerzao" (steam64id="76561198067793781" pos=<10233.1, 14.05, 11336.7>) DismantlePart dp_karkas_left
18:19:26: Player "[YKZ]-Notsniw" (steam64id="76561197967151252" pos=<11084.9, 4.21, 8421.88>) DeployObject dp_refrigerator
18:19:31: Player "Emissarius" (steam64id="76561198271087379" pos=<11085.9, 4.25, 8417.74>) DeployObject PowerGenerator
18:19:43: Player "[YKZ]-Notsniw" (steam64id="76561197967151252" pos=<11084.6, 4.21, 8421.79>) DeployObject dp_refrigerator
18:20:25: Player "[YKZ]-Notsniw" (steam64id="76561197967151252" pos=<11086.1, 4.21, 8422.88>) DeployObject dp_refrigerator
18:20:50: Player "Emissarius" (steam64id="76561198271087379" pos=<11085.5, 4.21, 8421.09>) DeployObject dp_refrigerator
18:21:10: Player "Seekerzao" (steam64id="76561198067793781" pos=<10233.8, 14.05, 11337.2>) DeployObject FenceKit
18:21:31: Player "[YKZ]-Notsniw" (steam64id="76561197967151252" pos=<11085.8, 4.21, 8420.25>) DeployObject PowerGenerator
18:31:33: Player "Seekerzao" (steam64id="76561198067793781" pos=<10239.7, 14.05, 11333.3>) DismantlePart dp_wb_gate
18:32:10: Player "Seekerzao" (steam64id="76561198067793781" pos=<10239.1, 14.05, 11335.5>) DismantlePart dp_karkas_right
18:32:29: Player "Seekerzao" (steam64id="76561198067793781" pos=<10239.7, 14.05, 11337.6>) DismantlePart dp_karkas_left
18:34:19: Player "Seekerzao" (steam64id="76561198067793781" pos=<10239.5, 14.05, 11340.9>) DismantlePart dp_base_wb
18:35:12: Player "[YKZ]-Notsniw" (steam64id="76561197967151252" pos=<11085, 35.24, 8420.4>) DeployObject dp_waterbarrel_kit
18:35:16: Player "[YKZ]-BlackBear" (steam64id="76561198343030820" pos=<11082.1, 4.25, 8419.05>) DeployObject dp_trashcan_grey
18:35:20: Player "Seekerzao" (steam64id="76561198067793781" pos=<10238.3, 14.05, 11337.3>) DeployObject FenceKit
18:36:57: Player "[YKZ]-BlackBear" (steam64id="76561198343030820" pos=<11086.4, 41.36, 8428.33>) DeployObject dp_locker_grayKit
18:42:15: Player "Seekerzao" (steam64id="76561198067793781" pos=<10232.9, 14.05, 11341.3>) DismantlePart dp_base_wb
19:13:32: Player "chron1c" (steam64id="76561198205585613" pos=<11082.3, 4.25, 8421.26>) DeployObject Spotlight
19:46:27: Player "[G.M] O verdadeiro" (steam64id="76561198351631304" pos=<10164.5, 6.85, 9283.5>) DeployObject Barrel_Blue
19:48:07: Player "[G.M] O verdadeiro" (steam64id="76561198351631304" pos=<10161.6, 6.85, 9282.87>) DeployObject FenceKit
20:30:41: Player "[G.M] O verdadeiro" (steam64id="76561198351631304" pos=<10160.7, 6.85, 9281.73>) DeployObject FenceKit
20:46:33: Player "TripaSeca" (steam64id="76561198093060507" pos=<7628.53, 13.20, 9784.45>) DeployObject PartyTent_Brown
21:10:10: Player "TripaSeca" (steam64id="76561198093060507" pos=<7619.64, 13.22, 9783.67>) DeployObject dp_waterbarrel_kit
21:10:29: Player "Biel FxR" (steam64id="76561198050836260" pos=<7625.69, 12.20, 9813.58>) DeployObject dp_weapons_stand_Kit
21:10:43: Player "TripaSeca" (steam64id="76561198093060507" pos=<7616.59, 13.22, 9783.47>) DeployObject dp_waterbarrel_kit
21:11:19: Player "TripaSeca" (steam64id="76561198093060507" pos=<7616.35, 13.22, 9783.97>) DeployObject dp_waterbarrel_kit
21:12:50: Player "Biel FxR" (steam64id="76561198050836260" pos=<7633.03, 12.20, 9811.29>) DeployObject dp_locker_greenKit
21:15:15: Player "Biel FxR" (steam64id="76561198050836260" pos=<7627.15, 12.20, 9813.11>) DeployObject dp_weapons_stand_Kit
21:17:02: Player "Biel FxR" (steam64id="76561198050836260" pos=<7626.27, 12.20, 9812.28>) DeployObject dp_weapons_stand_Kit
21:17:56: Player "Biel FxR" (steam64id="76561198050836260" pos=<7629.62, 12.20, 9814.62>) DeployObject dp_weapons_stand_Kit
21:23:02: Player "[YKZ]-BlackBear" (steam64id="76561198343030820" pos=<11080, 4.25, 8424.69>) DeployObject PowerGenerator
21:24:00: Player "[YKZ]-BlackBear" (steam64id="76561198343030820" pos=<11079.8, 4.25, 8424.72>) DeployObject Spotlight
21:36:09: Player "Seekerzao" (steam64id="76561198067793781" pos=<10233.4, 14.05, 11337.7>) DismantlePart wall_wood_down
21:36:28: Player "Seekerzao" (steam64id="76561198067793781" pos=<10232.8, 14.05, 11337.9>) DismantlePart wall_wood_up
21:39:17: Player "Seekerzao" (steam64id="76561198067793781" pos=<10239.6, 14.36, 11338>) DismantlePart wall_gate
21:39:40: Player "Seekerzao" (steam64id="76561198067793781" pos=<10239.7, 14.35, 11338>) DismantlePart wall_wood_up
21:40:00: Player "Seekerzao" (steam64id="76561198067793781" pos=<10239.7, 14.35, 11338>) DismantlePart wall_wood_down
21:50:00: Player "Passo Largo" (steam64id="76561198057660141" pos=<7551.93, 35.25, 7895.05>) DeployObject dp_refrigerator
21:50:44: Player "Passo Largo" (steam64id="76561198057660141" pos=<7552.08, 35.25, 7894.96>) DeployObject dp_refrigerator
21:51:00: Player "[YKZ]-BlackBear" (steam64id="76561198343030820" pos=<12037.5, 8.18, 7662.23>) DeployObject dp_box_big_Brown
21:51:04: Player "Passo Largo" (steam64id="76561198057660141" pos=<7549.55, 35.26, 7894.39>) DeployObject dp_refrigerator
21:51:18: Player "Passo Largo" (steam64id="76561198057660141" pos=<7549.45, 35.27, 7893.63>) DeployObject dp_refrigerator
22:04:26: Player "Biel FxR" (steam64id="76561198050836260" pos=<7632.79, 12.20, 9810.9>) DeployObject dp_locker_greenKit
22:23:12: Player "[HORDA]ThiagoPenna" (steam64id="76561198218822351" pos=<9558.65, 2.94, 9584.24>) DeployObject Fireplace
22:26:16: Player "[YKZ]-BlackBear" (steam64id="76561198343030820" pos=<11084.2, 4.25, 8420.23>) DeployObject dp_box_big_Olive
22:26:33: Player "[YKZ]-BlackBear" (steam64id="76561198343030820" pos=<11084.9, 4.21, 8420.94>) DeployObject dp_box_big_Olive
22:41:28: Player "Luska" (steam64id="76561198099970604" pos=<9143.93, 24.42, 6975.29>) DeployObject Fireplace
22:44:16: Player "[ONE] XxibahH" (steam64id="76561198165228070" pos=<7575.86, 39.28, 7873.71>) DeployObject dp_weapons_stand_Kit
22:44:53: Player "[ONE] XxibahH" (steam64id="76561198165228070" pos=<7615.41, 36.58, 7869.3>) DeployObject dp_weapons_stand_Kit
22:46:38: Player "[ONE] JAPA" (steam64id="76561198161060673" pos=<7597.71, 28.44, 7867.31>) DeployObject dp_door_Kit
22:49:00: Player "[ONE] JAPA" (steam64id="76561198161060673" pos=<7598.68, 28.44, 7866.29>) FoldBaseBuildingObject dp_door
22:49:47: Player "DinizBr" (steam64id="76561198128517157" pos=<10721.7, 14.41, 13480.5>) DeployObject BearTrap
22:52:18: Player "[ONE] JAPA" (steam64id="76561198161060673" pos=<7597.63, 28.44, 7867.09>) DeployObject dp_wall_kit
22:54:27: Player "Biel FxR" (steam64id="76561198050836260" pos=<7634.8, 12.20, 9777.62>) DeployObject FenceKit
22:55:57: Player "[ONE] JAPA" (steam64id="76561198161060673" pos=<7580.84, 36.58, 7872.58>) DeployObject dp_door_Kit
22:56:45: Player "[DY] CINDERELA" (steam64id="76561199153781943" pos=<7600.69, 36.58, 7869.8>) DeployObject dp_box_small_Brown
22:58:40: Player "Biel FxR" (steam64id="76561198050836260" pos=<7636.04, 13.58, 9776.13>) DismantlePart wall_base_down
22:59:25: Player "[ONE] XxibahH" (steam64id="76561198165228070" pos=<7586.01, 36.58, 7871.79>) DeployObject dp_weapons_stand_Kit
22:59:39: Player "[ONE] JAPA" (steam64id="76561198161060673" pos=<7602.18, 36.58, 7869.8>) DeployObject dp_box_big_Grey
22:59:43: Player "Biel FxR" (steam64id="76561198050836260" pos=<7635.93, 12.20, 9777.29>) DeployObject dp_trashcan_black
23:00:06: Player "Biel FxR" (steam64id="76561198050836260" pos=<7637.19, 12.94, 9776.61>) DismantlePart base
23:02:08: Player "Biel FxR" (steam64id="76561198050836260" pos=<7634.74, 12.20, 9778.13>) DeployObject FenceKit
23:03:13: Player "Biel FxR" (steam64id="76561198050836260" pos=<7635.84, 13.09, 9776.17>) FoldBaseBuildingObject Fence
23:03:34: Player "Biel FxR" (steam64id="76561198050836260" pos=<7634.79, 12.20, 9778.17>) DeployObject FenceKit
23:05:19: Player "KOREA" (steam64id="76561198253386609" pos=<10394, 14.57, 10610.1>) DeployObject dp_metal_door_Kit
23:06:27: Player "KOREA" (steam64id="76561198253386609" pos=<10389.4, 14.52, 10612>) DeployObject dp_metal_door_Kit
23:06:49: Player "[ONE] JAPA" (steam64id="76561198161060673" pos=<7601.86, 28.44, 7867.33>) DeployObject FenceKit
23:07:22: Player "[ONE] JAPA" (steam64id="76561198161060673" pos=<7601.37, 28.44, 7866.67>) FoldBaseBuildingObject Fence
23:07:56: Player "KOREA" (steam64id="76561198253386609" pos=<10390.5, 14.58, 10618.7>) DeployObject dp_metal_door_Kit
23:07:57: Player "[ONE] JAPA" (steam64id="76561198161060673" pos=<7601.85, 28.44, 7867.86>) DeployObject FenceKit
23:09:09: Player "[ONE] JAPA" (steam64id="76561198161060673" pos=<7594.04, 28.44, 7868.76>) DeployObject FenceKit
23:10:14: Player "KOREA" (steam64id="76561198253386609" pos=<10386.7, 17.65, 10617.4>) DeployObject FenceKit
23:10:19: Player "pedrobala" (steam64id="76561198046653521" pos=<10389.6, 17.65, 10612.2>) DeployObject dp_box_big_Grey
23:10:31: Player "pedrobala" (steam64id="76561198046653521" pos=<10390, 17.65, 10611.7>) DeployObject dp_box_big_Grey
23:10:51: Player "pedrobala" (steam64id="76561198046653521" pos=<10389.4, 17.65, 10612.1>) DeployObject dp_box_big_Grey
23:11:31: Player "KOREA" (steam64id="76561198253386609" pos=<10388.2, 17.64, 10614>) DeployObject dp_metal_door_Kit
23:12:22: Player "[ONE] JAPA" (steam64id="76561198161060673" pos=<7597.6, 28.44, 7866.78>) DeployObject dp_door_Kit
23:13:38: Player "pedrobala" (steam64id="76561198046653521" pos=<10392.8, 17.68, 10610.5>) DeployObject CrateVIP
23:13:43: Player "[ONE] JAPA" (steam64id="76561198161060673" pos=<7576.24, 31.18, 7873.16>) DeployObject FenceKit
23:13:54: Player "pedrobala" (steam64id="76561198046653521" pos=<10393.1, 17.69, 10609.4>) DeployObject CrateVIP
23:14:16: Player "pedrobala" (steam64id="76561198046653521" pos=<10392, 17.66, 10608.6>) DeployObject CrateVIP
23:14:37: Player "pedrobala" (steam64id="76561198046653521" pos=<10391, 17.65, 10609.1>) DeployObject CrateVIP
23:14:59: Player "pedrobala" (steam64id="76561198046653521" pos=<10392.1, 17.67, 10609.9>) DeployObject CrateVIP
23:15:15: Player "pedrobala" (steam64id="76561198046653521" pos=<10389.5, 17.63, 10609.1>) DeployObject CrateVIP
23:16:49: Player "pedrobala" (steam64id="76561198046653521" pos=<10392.7, 17.69, 10611.1>) DeployObject dp_box_big_Grey
23:17:04: Player "pedrobala" (steam64id="76561198046653521" pos=<10392.5, 17.69, 10611.4>) DeployObject dp_box_big_Grey
23:17:37: Player "pedrobala" (steam64id="76561198046653521" pos=<10390.3, 17.66, 10611.6>) DeployObject dp_box_big_Grey
23:18:29: Player "pedrobala" (steam64id="76561198046653521" pos=<10387.7, 17.66, 10617>) DeployObject dp_box_big_Grey
23:18:41: Player "pedrobala" (steam64id="76561198046653521" pos=<10387.6, 17.66, 10617.2>) DeployObject dp_box_big_Grey
23:19:09: Player "pedrobala" (steam64id="76561198046653521" pos=<10388.8, 17.64, 10613>) DeployObject dp_refrigerator
23:19:21: Player "[ONE] JAPA" (steam64id="76561198161060673" pos=<7576.53, 28.44, 7873.28>) DeployObject FenceKit
23:19:29: Player "pedrobala" (steam64id="76561198046653521" pos=<10388.6, 17.65, 10614.1>) DeployObject dp_refrigerator
23:19:47: Player "pedrobala" (steam64id="76561198046653521" pos=<10390.3, 17.65, 10611.2>) DeployObject dp_refrigerator
23:19:50: Player "G A T O" (steam64id="76561199207813177" pos=<7562.44, 28.42, 7901.03>) DeployObject CarTent
23:20:30: Player "pedrobala" (steam64id="76561198046653521" pos=<10387.1, 17.65, 10617>) DeployObject dp_box_big_Grey
23:21:57: Player "[ONE] JAPA" (steam64id="76561198161060673" pos=<7576.52, 33.88, 7873.1>) DeployObject FenceKit
23:23:27: Player "[ONE] XxibahH" (steam64id="76561198165228070" pos=<7583.76, 36.58, 7872.44>) DeployObject dp_locker_grayKit
23:23:53: Player "[ONE] XxibahH" (steam64id="76561198165228070" pos=<7605.63, 36.58, 7870.5>) DeployObject dp_weapons_stand_Kit
23:25:53: Player "[ONE] XxibahH" (steam64id="76561198165228070" pos=<7581.96, 36.58, 7872.68>) DeployObject dp_locker_grayKit
23:27:06: Player "pedrobala" (steam64id="76561198046653521" pos=<10390.3, 17.65, 10611.2>) DeployObject dp_refrigerator
23:27:16: Player "Passo Largo" (steam64id="76561198057660141" pos=<7548.6, 35.26, 7894.7>) DeployObject dp_weapons_stand_Kit
23:27:20: Player "pedrobala" (steam64id="76561198046653521" pos=<10391.3, 17.65, 10609.6>) DeployObject dp_guncabinetKit
23:27:34: Player "[ONE] JAPA" (steam64id="76561198161060673" pos=<7576.44, 36.58, 7873.2>) DeployObject FenceKit
23:28:01: Player "pedrobala" (steam64id="76561198046653521" pos=<10388.6, 17.65, 10613.4>) DeployObject dp_guncabinetKit
23:28:36: Player "pedrobala" (steam64id="76561198046653521" pos=<10389.1, 18.01, 10612.1>) DeployObject dp_guncabinetKit
23:30:05: Player "pedrobala" (steam64id="76561198046653521" pos=<10390.7, 17.65, 10609.7>) DeployObject dp_guncabinetKit
23:31:08: Player "pedrobala" (steam64id="76561198046653521" pos=<10389.3, 14.56, 10618>) DeployObject CrateVIP
23:31:52: Player "pedrobala" (steam64id="76561198046653521" pos=<10387, 14.52, 10616.2>) DeployObject CrateVIP
23:32:07: Player "pedrobala" (steam64id="76561198046653521" pos=<10387.9, 14.53, 10616.2>) DeployObject CrateVIP
23:32:47: Player "pedrobala" (steam64id="76561198046653521" pos=<10387.7, 14.52, 10614.8>) DeployObject CrateVIP
23:33:25: Player "pedrobala" (steam64id="76561198046653521" pos=<10388.8, 14.53, 10614>) DeployObject CrateVIP
23:33:52: Player "pedrobala" (steam64id="76561198046653521" pos=<10389.1, 14.53, 10613.4>) DeployObject CrateVIP
23:36:49: Player "pedrobala" (steam64id="76561198046653521" pos=<10390, 14.51, 10609.3>) DeployObject dp_refrigerator
23:41:17: Player "pedrobala" (steam64id="76561198046653521" pos=<10392.2, 17.68, 10610.4>) DeployObject dp_box_big_Grey
23:41:51: Player "pedrobala" (steam64id="76561198046653521" pos=<10390.5, 17.64, 10609.1>) DeployObject dp_box_big_Grey
23:49:32: Player "pedrobala" (steam64id="76561198046653521" pos=<10391.9, 17.66, 10610>) DeployObject dp_weapons_stand_Kit
23:51:09: Player "pedrobala" (steam64id="76561198046653521" pos=<10390.2, 17.65, 10611.4>) DeployObject dp_weapons_stand_Kit
23:54:50: Player "pedrobala" (steam64id="76561198046653521" pos=<10387.5, 17.65, 10616.3>) DeployObject dp_weapons_stand_Kit
23:55:59: Player "Biel FxR" (steam64id="76561198050836260" pos=<7576.09, 37.90, 7878.38>) DeployObject dp_trashcan_black
