19:04:05: Player "[HORDA]ThiagoPenna" (steam64id="76561198218822351" pos=<9956.12, 21.03, 11781.4>) DeployObject dp_locker_greenKit
19:09:55: Player "[HORDA]ThiagoPenna" (steam64id="76561198218822351" pos=<9955.55, 7.03, 11761.2>) DeployObject dp_trashcan_grey
19:40:02: Player "ACC" (steam64id="76561198106291582" pos=<10918.4, 10.59, 8725.29>) DeployObject PartyTent
20:24:38: Player "[HORDA] JHON WICK" (steam64id="76561198122075703" pos=<9951.25, 27.26, 11773.5>) DeployObject FenceKit
20:26:57: Player "[HORDA] JHON WICK" (steam64id="76561198122075703" pos=<9956.97, 27.26, 11781.7>) DeployObject FenceKit
20:29:04: Player "[HORDA]MacLovin" (steam64id="76561199068236803" pos=<9955.47, 7.02, 11760.8>) DeployObject dp_trashcan_grey
20:29:20: Player "[HORDA]MacLovin" (steam64id="76561199068236803" pos=<9955.79, 7.03, 11760.7>) DeployObject dp_trashcan_grey
20:34:50: Player "[EB] pedrobala" (steam64id="76561198046653521" pos=<10387.8, 17.65, 10615.4>) DeployObject CrateVIP
20:35:42: Player "[EB] pedrobala" (steam64id="76561198046653521" pos=<10389.1, 17.64, 10612.6>) DeployObject dp_gunrackKit
20:36:35: Player "[EB] pedrobala" (steam64id="76561198046653521" pos=<10389.1, 14.51, 10612.1>) DeployObject CrateVIP
20:36:55: Player "[EB] pedrobala" (steam64id="76561198046653521" pos=<10389.2, 14.52, 10612.6>) DeployObject CrateVIP
20:37:15: Player "[EB] pedrobala" (steam64id="76561198046653521" pos=<10389.2, 14.52, 10612.4>) DeployObject CrateVIP
20:37:34: Player "[EB] pedrobala" (steam64id="76561198046653521" pos=<10388.7, 14.92, 10615.2>) DeployObject dp_box_big_Grey
20:38:48: Player "[HORDA] JHON WICK" (steam64id="76561198122075703" pos=<9950.89, 27.26, 11775.6>) DeployObject FenceKit
20:40:06: Player "[HORDA] JHON WICK" (steam64id="76561198122075703" pos=<9954.34, 27.26, 11776.2>) DeployObject FenceKit
20:57:27: Player "ttuker" (steam64id="76561198971813376" pos=<7395.67, 31.55, 8202.37>) DeployObject dp_trashcan_grey
21:36:32: Player "[HORDA]ThiagoPenna" (steam64id="76561198218822351" pos=<9557.95, 6.31, 9586.03>) DeployObject PartyTent_Blue
22:28:15: Player "Raemi" (steam64id="76561198048467587" pos=<9556.3, 21.97, 12323.1>) DeployObject Fireplace
22:34:28: Player "GabrielDWR" (steam64id="76561199012612653" pos=<11837.6, 19.80, 7269.26>) DeployObject FenceKit
22:38:14: Player "XUXUZINHO" (steam64id="76561199083408122" pos=<8546.76, 5.02, 11001>) DeployObject BearTrap
22:50:28: Player "[EB] pedrobala" (steam64id="76561198046653521" pos=<10392.3, 17.68, 10610.8>) DeployObject dp_box_big_Grey
