01:14:42: Player "[YKZ]-BlackBear" (steam64id="76561198343030820" pos=<11085.5, 41.79, 8426.87>) DeployObject SeaChest
04:34:36: Player "FisFacu" (steam64id="76561198339726200" pos=<11102.6, 4.62, 8196.02>) DeployObject dp_box_big_Grey
04:51:07: Player "FisFacu" (steam64id="76561198339726200" pos=<11052.2, 4.39, 8279.8>) DismantlePart wall_wood_down
04:51:26: Player "FisFacu" (steam64id="76561198339726200" pos=<11052.2, 4.39, 8279.8>) DismantlePart wall_wood_up
04:51:45: Player "FisFacu" (steam64id="76561198339726200" pos=<11052.2, 4.39, 8279.8>) DismantlePart wall_base_up
04:52:05: Player "FisFacu" (steam64id="76561198339726200" pos=<11052.2, 4.39, 8279.8>) DismantlePart wall_base_down
05:15:57: Player "FisFacu" (steam64id="76561198339726200" pos=<11103.3, 4.62, 8195.65>) DeployObject dp_locker_grayKit
05:27:59: Player "FisFacu" (steam64id="76561198339726200" pos=<11099.5, 4.62, 8196.09>) DeployObject FenceKit
08:33:53: Player "AlicinhaFerraz" (steam64id="76561199207813177" pos=<7560.69, 28.50, 7905.83>) DeployObject dp_refrigerator
08:34:04: Player "AlicinhaFerraz" (steam64id="76561199207813177" pos=<7562.15, 28.44, 7905.71>) DeployObject dp_box_big_Brown
08:34:13: Player "AlicinhaFerraz" (steam64id="76561199207813177" pos=<7562.44, 28.45, 7905.74>) DeployObject dp_box_big_Brown
08:34:33: Player "AlicinhaFerraz" (steam64id="76561199207813177" pos=<7562.57, 28.53, 7905.94>) DeployObject dp_box_big_Brown
08:34:52: Player "AlicinhaFerraz" (steam64id="76561199207813177" pos=<7562.45, 28.58, 7906.11>) DeployObject dp_box_big_Brown
08:35:25: Player "AlicinhaFerraz" (steam64id="76561199207813177" pos=<7563.16, 29.16, 7905.93>) DeployObject dp_refrigerator
08:36:37: Player "AlicinhaFerraz" (steam64id="76561199207813177" pos=<7561.48, 29.04, 7908.79>) DeployObject dp_refrigerator
08:36:59: Player "AlicinhaFerraz" (steam64id="76561199207813177" pos=<7561.77, 29.04, 7908.77>) DeployObject dp_box_big_Brown
08:37:15: Player "AlicinhaFerraz" (steam64id="76561199207813177" pos=<7562.9, 29.50, 7909.3>) DeployObject dp_refrigerator
08:37:39: Player "AlicinhaFerraz" (steam64id="76561199207813177" pos=<7562.81, 29.04, 7908.97>) DeployObject dp_box_big_Brown
08:37:51: Player "AlicinhaFerraz" (steam64id="76561199207813177" pos=<7562.77, 29.04, 7908.99>) DeployObject dp_box_big_Brown
08:38:09: Player "AlicinhaFerraz" (steam64id="76561199207813177" pos=<7562.5, 29.04, 7909.3>) DeployObject dp_box_big_Brown
08:38:21: Player "AlicinhaFerraz" (steam64id="76561199207813177" pos=<7562.23, 29.04, 7909.58>) DeployObject dp_refrigerator
08:39:25: Player "AlicinhaFerraz" (steam64id="76561199207813177" pos=<7563.85, 29.49, 7909.33>) DeployObject dp_refrigerator
08:40:18: Player "AlicinhaFerraz" (steam64id="76561199207813177" pos=<7562.04, 29.04, 7909.48>) DeployObject dp_box_big_Brown
08:40:33: Player "Seekerzao" (steam64id="76561198067793781" pos=<10242.8, 14.32, 11332.7>) DeployObject PartyTent_Blue
08:41:34: Player "AlicinhaFerraz" (steam64id="76561199207813177" pos=<7561.71, 28.05, 7902.64>) DeployObject FenceKit
08:43:36: Player "Seekerzao" (steam64id="76561198067793781" pos=<10252.8, 14.39, 11337.9>) DeployObject PartyTent_Blue
08:47:43: Player "AlicinhaFerraz" (steam64id="76561199207813177" pos=<7564.41, 28.05, 7898.86>) DeployObject FenceKit
08:50:51: Player "AlicinhaFerraz" (steam64id="76561199207813177" pos=<7563.34, 28.05, 7900.03>) DeployObject dp_box_big_Brown
08:51:20: Player "AlicinhaFerraz" (steam64id="76561199207813177" pos=<7564.24, 28.05, 7899.72>) DeployObject dp_box_big_Brown
08:52:33: Player "AlicinhaFerraz" (steam64id="76561199207813177" pos=<7563.71, 28.50, 7902.06>) DeployObject dp_box_big_Brown
09:25:45: Player "[ONE] JAPA" (steam64id="76561198161060673" pos=<7857.71, 31.47, 7418.34>) MountBarbedWire Watchtower
09:26:18: Player "[ONE] JAPA" (steam64id="76561198161060673" pos=<7857.47, 31.27, 7417.93>) UnmountBarbedWire Watchtower
09:27:04: Player "[ONE] JAPA" (steam64id="76561198161060673" pos=<7861.32, 31.33, 7420.99>) MountBarbedWire Fence
09:27:20: Player "[ONE] JAPA" (steam64id="76561198161060673" pos=<7861.79, 31.36, 7420.29>) UnmountBarbedWire Fence
09:28:27: Player "[ONE] JAPA" (steam64id="76561198161060673" pos=<7865.68, 31.30, 7420.79>) MountBarbedWire Fence
12:43:34: Player "WinchesterPT" (steam64id="76561198889552675" pos=<7907.47, 21.11, 9493>) DeployObject FenceKit
12:50:09: Player "[YKZ]-BlackBear" (steam64id="76561198343030820" pos=<11087.1, 43.31, 8426.14>) DeployObject dp_box_small_Olive
13:00:37: Player "ttuker" (steam64id="76561198971813376" pos=<7389.63, 31.55, 8199.33>) DeployObject dp_box_big_Brown
13:00:47: Player "ttuker" (steam64id="76561198971813376" pos=<7389.89, 31.55, 8199.32>) DeployObject dp_box_big_Brown
13:00:58: Player "ttuker" (steam64id="76561198971813376" pos=<7389.85, 31.55, 8200.16>) DeployObject dp_box_big_Brown
13:01:08: Player "ttuker" (steam64id="76561198971813376" pos=<7389.78, 31.55, 8200.13>) DeployObject dp_box_big_Brown
13:01:22: Player "ttuker" (steam64id="76561198971813376" pos=<7392.39, 31.55, 8200.37>) DeployObject dp_workbench_Kit
13:08:01: Player "ttuker" (steam64id="76561198971813376" pos=<7391.81, 31.55, 8199.68>) DeployObject WoodenCrate
13:08:25: Player "ttuker" (steam64id="76561198971813376" pos=<7392.86, 31.55, 8199.45>) DeployObject WoodenCrate
13:09:21: Player "ttuker" (steam64id="76561198971813376" pos=<7389.94, 31.55, 8200.77>) DeployObject dp_box_big_Brown
13:11:10: Player "ttuker" (steam64id="76561198971813376" pos=<7391.62, 31.55, 8200.33>) DeployObject WoodenCrate
13:11:40: Player "ttuker" (steam64id="76561198971813376" pos=<7391.24, 31.55, 8199.73>) DeployObject WoodenCrate
13:15:54: Player "[YKZ]-BlackBear" (steam64id="76561198343030820" pos=<11085.2, 41.36, 8427.58>) DeployObject dp_box_big_Olive
13:18:07: Player "[YKZ]-BlackBear" (steam64id="76561198343030820" pos=<11085.2, 41.36, 8427.61>) DeployObject dp_box_big_Olive
13:23:20: Player "[YKZ]-BlackBear" (steam64id="76561198343030820" pos=<11054.4, 4.43, 8260.65>) DeployObject PartyTent_Blue
13:32:15: Player "[YKZ]-BlackBear" (steam64id="76561198343030820" pos=<11054, 4.49, 8258.65>) DeployObject SeaChest
14:17:00: Player "G A T O" (steam64id="76561199207813177" pos=<7550.53, 35.24, 7900.8>) DeployObject dp_box_big_Brown
14:34:04: Player "G A T O" (steam64id="76561199207813177" pos=<7553, 35.26, 7894.55>) DeployObject dp_waterbarrel_kit
14:39:34: Player "Claudinha" (steam64id="76561198057660141" pos=<7550.75, 35.24, 7899.21>) DeployObject dp_box_big_Brown
14:39:50: Player "Claudinha" (steam64id="76561198057660141" pos=<7550.68, 35.24, 7899.1>) DeployObject dp_box_big_Brown
14:39:59: Player "Claudinha" (steam64id="76561198057660141" pos=<7550.38, 35.24, 7900.35>) DeployObject dp_box_big_Brown
14:41:22: Player "Claudinha" (steam64id="76561198057660141" pos=<7549, 35.26, 7893.88>) DeployObject dp_refrigerator
14:42:18: Player "TripaSeca" (steam64id="76561198093060507" pos=<7552.67, 35.26, 7894.47>) DeployObject dp_waterbarrel_kit
14:45:16: Player "Claudinha" (steam64id="76561198057660141" pos=<7553.33, 28.05, 7896.93>) DeployObject dp_refrigerator
14:51:22: Player "Hacan121" (steam64id="76561198345012092" pos=<7620.48, 13.54, 9784.3>) DeployObject PartyTent_Brown
14:56:47: Player "Claudinha" (steam64id="76561198057660141" pos=<7561.82, 28.05, 7898.46>) DeployObject dp_box_big_Brown
14:56:54: Player "Claudinha" (steam64id="76561198057660141" pos=<7561.13, 28.05, 7899.11>) DeployObject dp_box_big_Brown
15:12:16: Player "Claudinha" (steam64id="76561199203652654" pos=<7554.25, 28.05, 7896.28>) DeployObject dp_refrigerator
15:15:55: Player "Rogerio123" (steam64id="76561198114278091" pos=<11200.2, 57.52, 13372.5>) DeployObject dp_locker_grayKit
15:18:40: Player "Hacan121" (steam64id="76561198345012092" pos=<7620.57, 13.22, 9811.01>) DeployObject dp_refrigerator
15:18:40: Player "TripaSeca" (steam64id="76561198093060507" pos=<7618.62, 13.22, 9811.54>) DeployObject dp_refrigerator
15:29:51: Player "[HORDA]MacLovin" (steam64id="76561199068236803" pos=<9557.79, 2.94, 9587.39>) DeployObject WoodenCrate
15:38:25: Player "TripaSeca" (steam64id="76561198093060507" pos=<7620.39, 13.58, 9806.51>) DeployObject Fireplace
15:43:35: Player "TripaSeca" (steam64id="76561198093060507" pos=<7621.75, 13.22, 9806.27>) DeployObject Fireplace
15:49:27: Player "Claudinha" (steam64id="76561199203652654" pos=<7559.92, 28.05, 7901.14>) DeployObject dp_box_big_Brown
15:58:34: Player "Igor" (steam64id="76561198329721265" pos=<8857.7, 11.61, 10239.7>) DeployObject dp_gunrackKit
16:05:21: Player "TripaSeca" (steam64id="76561198093060507" pos=<7614.67, 12.20, 9807.8>) DeployObject TerritoryFlagKit
16:08:38: Player "Claudinha" (steam64id="76561199203652654" pos=<7558.67, 28.05, 7895.04>) DeployObject dp_box_big_Brown
16:08:46: Player "Claudinha" (steam64id="76561199203652654" pos=<7559.48, 28.05, 7898>) DeployObject dp_box_big_Brown
16:10:03: Player "TripaSeca" (steam64id="76561198093060507" pos=<7612.9, 13.22, 9799.69>) DeployObject ShelterKit
16:10:23: Player "Claudinha" (steam64id="76561199203652654" pos=<7562.29, 28.05, 7897.47>) DeployObject dp_box_big_Grey
16:10:30: Player "Claudinha" (steam64id="76561199203652654" pos=<7562.29, 28.05, 7897.47>) DeployObject dp_box_big_Grey
16:10:39: Player "Claudinha" (steam64id="76561199203652654" pos=<7560.55, 28.05, 7894.35>) DeployObject dp_box_big_Brown
16:11:52: Player "TripaSeca" (steam64id="76561198093060507" pos=<7615.52, 12.20, 9808.37>) DeployObject ShelterKit
16:12:44: Player "Claudinha" (steam64id="76561199203652654" pos=<7551.05, 28.05, 7895.77>) DeployObject dp_box_big_Brown
16:12:54: Player "Claudinha" (steam64id="76561199203652654" pos=<7554.54, 28.05, 7894.5>) DeployObject dp_box_big_Brown
16:13:50: Player "Igor" (steam64id="76561198329721265" pos=<7506.05, 1.25, 5869.47>) DeployObject dp_box_big_Grey
16:14:20: Player "Claudinha" (steam64id="76561199203652654" pos=<7559.64, 28.05, 7894.3>) DeployObject dp_box_big_Brown
16:14:26: Player "Claudinha" (steam64id="76561199203652654" pos=<7559.38, 28.05, 7895.33>) DeployObject dp_box_big_Brown
16:14:48: Player "Claudinha" (steam64id="76561199203652654" pos=<7553.99, 28.05, 7895.58>) DeployObject dp_box_big_Grey
16:19:21: Player "Igor" (steam64id="76561198329721265" pos=<7495.66, 1.20, 5868.88>) DeployObject dp_box_big_Brown
16:29:06: Player "Claudinha" (steam64id="76561199203652654" pos=<7560.41, 28.05, 7896.45>) DeployObject dp_box_big_Brown
16:29:18: Player "TripaSeca" (steam64id="76561198093060507" pos=<7905.19, 21.11, 9495.42>) DismantlePart base
16:31:30: Player "Igor" (steam64id="76561198329721265" pos=<7491.47, 1.36, 5872.67>) DeployObject dp_wall_big_Kit
16:31:40: Player "Igor" (steam64id="76561198329721265" pos=<7491.47, 1.35, 5872.67>) FoldBaseBuildingObject dp_wall_big
16:31:54: Player "Igor" (steam64id="76561198329721265" pos=<7491.47, 1.36, 5872.67>) DeployObject dp_wall_big_Kit
16:36:22: Player "Sagara" (steam64id="76561198057660620" pos=<9228.39, 27.28, 7161.33>) DeployObject dp_weapons_stand_Kit
16:46:58: Player "Igor" (steam64id="76561198329721265" pos=<7494.85, 1.20, 5869.14>) DeployObject dp_box_big_Brown
16:47:08: Player "Igor" (steam64id="76561198329721265" pos=<7495.46, 1.27, 5871.06>) DeployObject dp_box_big_Grey
16:47:20: Player "Igor" (steam64id="76561198329721265" pos=<7496.2, 1.37, 5873.33>) DeployObject dp_box_big_Grey
16:47:39: Player "Igor" (steam64id="76561198329721265" pos=<7496.34, 1.45, 5875.19>) DeployObject dp_box_big_Grey
16:48:17: Player "Igor" (steam64id="76561198329721265" pos=<7498.33, 1.34, 5872.69>) DeployObject dp_wall_big_Kit
16:48:53: Player "Igor" (steam64id="76561198329721265" pos=<7496.86, 1.18, 5868.4>) DeployObject dp_wall_big_Kit
16:49:43: Player "Igor" (steam64id="76561198329721265" pos=<7496.11, 1.21, 5869.15>) DeployObject dp_box_big_Brown
16:51:39: Player "Igor" (steam64id="76561198329721265" pos=<7497.81, 1.20, 5868.86>) DeployObject dp_box_big_Olive
16:51:48: Player "Igor" (steam64id="76561198329721265" pos=<7497.21, 1.19, 5868.67>) DeployObject dp_box_big_Olive
16:52:11: Player "Igor" (steam64id="76561198329721265" pos=<7496.78, 1.33, 5872.32>) DeployObject dp_box_big_Olive
16:52:25: Player "Igor" (steam64id="76561198329721265" pos=<7498.63, 1.30, 5871.66>) DeployObject dp_box_big_Brown
16:54:06: Player "Igor" (steam64id="76561198329721265" pos=<7499.17, 1.23, 5869.99>) DeployObject dp_wall_big_Kit
17:05:10: Player "Igor" (steam64id="76561198329721265" pos=<7497.35, 1.19, 5868.65>) DeployObject dp_box_big_Olive
17:07:12: Player "Claudinha" (steam64id="76561199203652654" pos=<7561.06, 28.05, 7896.32>) DeployObject dp_box_big_Brown
17:17:22: Player "[L.B] Santorin" (steam64id="76561199069721527" pos=<7358.78, 18.46, 7134.6>) DeployObject dp_locker_blueKit
17:19:04: Player "Igor" (steam64id="76561198329721265" pos=<7495.31, 1.25, 5870.44>) DeployObject dp_box_big_Grey
17:23:42: Player "[L.B] Santorin" (steam64id="76561199069721527" pos=<7361.67, 14.33, 7136.38>) DeployObject dp_weapons_stand_Kit
17:24:20: Player "Igor" (steam64id="76561198329721265" pos=<8849.44, 7.48, 10249.8>) DeployObject dp_waterbarrel_kit
17:24:27: Player "[L.B] Santorin" (steam64id="76561199069721527" pos=<7358.1, 18.46, 7134.89>) DeployObject dp_box_big_Olive
17:25:01: Player "Igor" (steam64id="76561198329721265" pos=<8848.98, 7.48, 10250.8>) DeployObject dp_trashcan_blue
17:35:50: Player "[YKZ]-BlackBear" (steam64id="76561198343030820" pos=<11085.9, 41.36, 8427.8>) DeployObject dp_box_big_Brown
17:36:26: Player "[YKZ]-BlackBear" (steam64id="76561198343030820" pos=<11085.7, 41.36, 8427.58>) DeployObject dp_box_small_Brown
17:37:05: Player "[YKZ]-BlackBear" (steam64id="76561198343030820" pos=<11085.2, 41.36, 8427.68>) DeployObject dp_box_small_Brown
17:37:54: Player "[YKZ]-BlackBear" (steam64id="76561198343030820" pos=<11081.5, 41.37, 8421.17>) DeployObject dp_box_big_Tan
17:38:16: Player "[YKZ]-BlackBear" (steam64id="76561198343030820" pos=<11080.8, 41.37, 8422.53>) DeployObject dp_box_small_Brown
17:38:44: Player "[YKZ]-BlackBear" (steam64id="76561198343030820" pos=<11079.9, 41.37, 8423.65>) DeployObject dp_box_small_Brown
17:39:00: Player "[YKZ]-BlackBear" (steam64id="76561198343030820" pos=<11080.2, 41.37, 8423.04>) DeployObject dp_box_small_Brown
17:39:26: Player "[YKZ]-BlackBear" (steam64id="76561198343030820" pos=<11080.5, 41.37, 8422.27>) DeployObject dp_box_small_Brown
17:39:47: Player "[YKZ]-BlackBear" (steam64id="76561198343030820" pos=<11081, 41.37, 8422.36>) DeployObject dp_box_small_Brown
18:18:30: Player "[L.B] Santorin" (steam64id="76561199069721527" pos=<11770.9, 25.35, 6538.6>) DeployObject LandMineTrap
18:21:04: Player "[ONE] JAPA" (steam64id="76561198161060673" pos=<7866.75, 31.41, 7417.58>) DeployObject dp_box_big_Olive
18:21:17: Player "[ONE] JAPA" (steam64id="76561198161060673" pos=<7866.86, 31.43, 7416.93>) DeployObject dp_box_big_Olive
18:22:12: Player "[ONE] JAPA" (steam64id="76561198161060673" pos=<7886.22, 30.82, 7428.27>) DeployObject Spotlight
18:26:54: Player "d3scot" (steam64id="76561199106333992" pos=<10722.8, 12.74, 13537.7>) DeployObject dp_trashcan_green
18:27:04: Player "d3scot" (steam64id="76561199106333992" pos=<10721.8, 12.74, 13538.6>) DeployObject dp_trashcan_green
18:30:59: Player "Claudinha" (steam64id="76561199203652654" pos=<7550.92, 28.05, 7903.25>) DeployObject dp_door_Kit
18:36:57: Player "Claudinha" (steam64id="76561199203652654" pos=<7548.98, 28.05, 7905.48>) DeployObject dp_box_big_Brown
18:37:42: Player "Claudinha" (steam64id="76561199203652654" pos=<7550.01, 28.05, 7905.65>) DeployObject FenceKit
18:40:13: Player "ttuker" (steam64id="76561198971813376" pos=<7391.36, 31.55, 8201.76>) DeployObject Fireplace
18:42:01: Player "Claudinha" (steam64id="76561199203652654" pos=<7555.01, 30.77, 7904.2>) DeployObject FenceKit
18:49:34: Player "Claudinha" (steam64id="76561199203652654" pos=<7555, 28.05, 7903.8>) DismantlePart level_1_wall_2_metal_up
18:51:19: Player "Claudinha" (steam64id="76561199203652654" pos=<7553.77, 28.05, 7904.27>) DeployObject FenceKit
18:55:18: Player "Claudinha" (steam64id="76561199203652654" pos=<7554.4, 30.77, 7904.52>) DismantlePart level_2_wall_1_metal_down
18:56:50: Player "Claudinha" (steam64id="76561199203652654" pos=<7561.59, 29.04, 7908.91>) DeployObject dp_box_big_Brown
18:57:10: Player "Claudinha" (steam64id="76561199203652654" pos=<7561.94, 29.04, 7908.53>) DeployObject dp_box_big_Brown
18:57:33: Player "Claudinha" (steam64id="76561199203652654" pos=<7561.98, 29.04, 7908.58>) DeployObject dp_box_big_Brown
18:57:54: Player "[L.B] Santorin" (steam64id="76561199069721527" pos=<7356.53, 18.46, 7132.99>) DeployObject dp_locker_blueKit
18:58:10: Player "[L.B] Santorin" (steam64id="76561199069721527" pos=<7357.47, 18.46, 7134.71>) DeployObject dp_box_big_Olive
18:58:14: Player "Claudinha" (steam64id="76561199203652654" pos=<7560.09, 28.05, 7903.62>) DeployObject dp_box_big_Brown
18:58:21: Player "[L.B] Santorin" (steam64id="76561199069721527" pos=<7357.1, 18.46, 7134.53>) DeployObject dp_box_big_Olive
18:58:22: Player "Claudinha" (steam64id="76561199203652654" pos=<7559.05, 28.05, 7904.03>) DeployObject dp_box_big_Brown
18:58:31: Player "Claudinha" (steam64id="76561199203652654" pos=<7560.94, 28.05, 7901.72>) DeployObject dp_box_big_Brown
18:59:15: Player "[L.B]TropaDoEnguisa" (steam64id="76561198211423224" pos=<7361.08, 18.46, 7134.45>) DeployObject dp_box_small_Brown
18:59:20: Player "[L.B] Santorin" (steam64id="76561199069721527" pos=<7362.4, 19.45, 7135.2>) DeployObject dp_box_big_Olive
18:59:55: Player "[L.B]TropaDoEnguisa" (steam64id="76561198211423224" pos=<7362.15, 19.59, 7135.4>) DeployObject dp_box_small_Brown
19:00:59: Player "Claudinha" (steam64id="76561199203652654" pos=<7554.26, 28.05, 7903.2>) DeployObject dp_box_big_Brown
19:01:52: Player "Claudinha" (steam64id="76561199203652654" pos=<7550.79, 28.05, 7904.03>) DeployObject dp_box_big_Brown
19:05:32: Player "Claudinha" (steam64id="76561199203652654" pos=<7555.37, 28.05, 7904.08>) DismantlePart level_1_wall_2_wood_up
19:06:03: Player "Claudinha" (steam64id="76561199203652654" pos=<7555.39, 28.05, 7904.41>) DismantlePart wall_wood_up
19:06:54: Player "Claudinha" (steam64id="76561199203652654" pos=<7555.76, 28.05, 7904.21>) DismantlePart level_1_wall_2_base_up
19:07:11: Player "Claudinha" (steam64id="76561199203652654" pos=<7555.57, 28.05, 7904.53>) DismantlePart wall_base_up
19:07:50: Player "Claudinha" (steam64id="76561199203652654" pos=<7555.15, 28.05, 7904.91>) DismantlePart base
19:07:55: Player "MendeL" (steam64id="76561198329721265" pos=<8857.65, 11.61, 10245.4>) DeployObject dp_locker_greenKit
19:10:23: Player "Rogerio123" (steam64id="76561198114278091" pos=<11199, 57.60, 13371.9>) DeployObject dp_box_big_Tan
19:11:08: Player "Claudinha" (steam64id="76561199203652654" pos=<7554.47, 28.05, 7904.31>) DeployObject FenceKit
19:12:38: Player "Claudinha" (steam64id="76561199203652654" pos=<7554.9, 30.77, 7903.58>) DismantlePart wall_base_down
19:13:02: Player "Claudinha" (steam64id="76561199203652654" pos=<7555.28, 30.77, 7903.14>) DismantlePart base
19:13:50: Player "Claudinha" (steam64id="76561199203652654" pos=<7554.48, 28.05, 7904.39>) DeployObject FenceKit
19:15:15: Player "[L.B] Santorin" (steam64id="76561199069721527" pos=<7363.85, 18.46, 7138.63>) DeployObject dp_box_small_Brown
19:15:26: Player "[L.B] Santorin" (steam64id="76561199069721527" pos=<7362.24, 18.79, 7140.66>) DeployObject dp_box_small_Brown
19:15:38: Player "[L.B] Santorin" (steam64id="76561199069721527" pos=<7362.65, 18.93, 7140.07>) DeployObject SeaChest
19:22:50: Player "Claudinha" (steam64id="76561199203652654" pos=<7553.38, 30.77, 7903.02>) DismantlePart wall_metal_up
19:25:01: Player "[L.B] Santorin" (steam64id="76561199069721527" pos=<7358.47, 18.46, 7134.54>) DeployObject dp_locker_blueKit
19:25:42: Player "[L.B] Santorin" (steam64id="76561199069721527" pos=<7358.58, 18.46, 7134.69>) DeployObject dp_locker_blueKit
19:43:41: Player "[ONE] KARABULJHAN" (steam64id="76561198100527842" pos=<7873.14, 31.37, 7417.16>) DeployObject dp_gunrackKit
19:46:25: Player "[ONE] KARABULJHAN" (steam64id="76561198100527842" pos=<7871.75, 31.41, 7416.67>) DeployObject dp_gunrackKit
19:47:09: Player "[ONE] KARABULJHAN" (steam64id="76561198100527842" pos=<7872.55, 31.39, 7416.75>) DeployObject dp_gunrackKit
19:47:33: Player "[ONE] KARABULJHAN" (steam64id="76561198100527842" pos=<7873.32, 31.38, 7416.89>) DeployObject dp_gunrackKit
20:18:20: Player "[L.B] Santorin" (steam64id="76561199069721527" pos=<7343.59, 14.33, 7140.69>) DeployObject dp_gunrackKit
20:18:35: Player "[L.B] Santorin" (steam64id="76561199069721527" pos=<7343.64, 14.33, 7139.73>) DeployObject dp_gunrackKit
20:23:04: Player "MendeL" (steam64id="76561198329721265" pos=<8847.08, 7.48, 10254>) DeployObject dp_refrigerator
20:29:58: Player "[YKZ] Emissarius" (steam64id="76561198271087379" pos=<11085.4, 31.61, 8425.81>) DeployObject dp_trashcan_green
20:40:14: Player "[L.B] Santorin" (steam64id="76561199069721527" pos=<7362.72, 18.97, 7139.83>) DeployObject SeaChest
21:19:45: Player "[L.B]TropaDoEnguisa" (steam64id="76561198211423224" pos=<7363.13, 19.06, 7138.69>) DeployObject dp_box_small_Olive
21:19:52: Player "[L.B]TropaDoEnguisa" (steam64id="76561198211423224" pos=<7363.13, 19.06, 7138.69>) DeployObject dp_box_small_Olive
21:45:19: Player "[YKZ]-BlackBear" (steam64id="76561198343030820" pos=<7604.09, 19.73, 7687.72>) DeployObject Spotlight
21:46:13: Player "Lobo Sentado" (steam64id="76561198138311400" pos=<8354.25, 1.61, 10413.6>) DeployObject dp_wall_big_Kit
21:49:33: Player "Lobo Sentado" (steam64id="76561198138311400" pos=<8360.7, 1.61, 10415.2>) DeployObject dp_wall_big_Kit
21:54:46: Player "Lobo Sentado" (steam64id="76561198138311400" pos=<8354.19, 1.61, 10423.6>) DeployObject dp_door_Kit
22:02:27: Player "MendeL" (steam64id="76561198329721265" pos=<8843.15, 11.61, 10256.6>) DeployObject dp_locker_grayKit
22:04:35: Player "MendeL" (steam64id="76561198329721265" pos=<8856.79, 11.64, 10239.4>) DeployObject dp_gunrackKit
22:18:37: Player "[ONE] KARABULJHAN" (steam64id="76561198100527842" pos=<7883.51, 30.88, 7427.42>) DeployObject dp_trashcan_black
22:19:03: Player "[ONE] KARABULJHAN" (steam64id="76561198100527842" pos=<7875.55, 31.11, 7423.39>) DeployObject dp_box_big_Olive
22:19:20: Player "[ONE] KARABULJHAN" (steam64id="76561198100527842" pos=<7873.4, 31.19, 7421.46>) DeployObject dp_box_small_Brown
22:19:45: Player "[ONE] KARABULJHAN" (steam64id="76561198100527842" pos=<7883.11, 30.87, 7427.81>) DeployObject dp_trashcan_black
22:19:58: Player "[ONE] KARABULJHAN" (steam64id="76561198100527842" pos=<7882.85, 30.88, 7427.58>) DeployObject dp_trashcan_black
22:23:36: Player "[YKZ] chron1c" (steam64id="76561198205585613" pos=<7680.08, 43.72, 6516.97>) DeployObject dp_box_big_Brown
22:32:51: Player "[ONE] KARABULJHAN" (steam64id="76561198100527842" pos=<7883.9, 30.86, 7427.83>) DeployObject dp_trashcan_black
22:33:31: Player "[ONE] KARABULJHAN" (steam64id="76561198100527842" pos=<7874, 31.18, 7421.94>) DeployObject dp_box_big_Olive
22:42:12: Player "MendeL" (steam64id="76561198329721265" pos=<8841.08, 7.45, 10246.2>) DeployObject WatchtowerKit
22:43:30: Player "SniperX" (steam64id="76561199206798095" pos=<8823.18, 28.67, 11330.8>) DeployObject BearTrap
22:44:27: Player "MendeL" (steam64id="76561198329721265" pos=<8840.87, 7.45, 10246>) DeployObject WatchtowerKit
22:48:46: Player "MendeL" (steam64id="76561198329721265" pos=<8855.78, 7.50, 10233.2>) DeployObject WatchtowerKit
22:51:51: Player "MendeL" (steam64id="76561198329721265" pos=<8853.29, 12.95, 10235.6>) DismantlePart level_3_wall_3_base_up
22:52:54: Player "MendeL" (steam64id="76561198329721265" pos=<8849.73, 7.51, 10233.6>) DeployObject FenceKit
22:53:59: Player "MendeL" (steam64id="76561198329721265" pos=<8853.81, 8.57, 10226>) DeployObject FenceKit
22:55:35: Player "MendeL" (steam64id="76561198329721265" pos=<8835.65, 7.45, 10244.7>) DeployObject FenceKit
22:56:25: Player "MendeL" (steam64id="76561198329721265" pos=<8833.43, 7.44, 10241.7>) DeployObject FenceKit
22:57:00: Player "MendeL" (steam64id="76561198329721265" pos=<8833.58, 7.44, 10242.5>) DeployObject FenceKit
22:58:21: Player "MendeL" (steam64id="76561198329721265" pos=<8836.83, 7.45, 10239.9>) DeployObject FenceKit
22:59:15: Player "MendeL" (steam64id="76561198329721265" pos=<8840.16, 7.46, 10237.5>) DeployObject FenceKit
22:59:59: Player "MendeL" (steam64id="76561198329721265" pos=<8843.5, 7.47, 10235>) DeployObject FenceKit
23:00:34: Player "MendeL" (steam64id="76561198329721265" pos=<8846.61, 7.64, 10232.3>) DeployObject FenceKit
23:01:05: Player "MendeL" (steam64id="76561198329721265" pos=<8846.23, 7.85, 10230.3>) DeployObject FenceKit
23:02:18: Player "MendeL" (steam64id="76561198329721265" pos=<8835.92, 7.45, 10244.7>) DeployObject FenceKit
23:03:43: Player "MendeL" (steam64id="76561198329721265" pos=<8833.04, 7.44, 10242>) DeployObject FenceKit
23:05:27: Player "MendeL" (steam64id="76561198329721265" pos=<8833.16, 7.44, 10241.9>) DeployObject FenceKit
23:06:14: Player "MendeL" (steam64id="76561198329721265" pos=<8836.4, 7.45, 10239.3>) DeployObject FenceKit
23:07:45: Player "MendeL" (steam64id="76561198329721265" pos=<8839.92, 7.46, 10237>) DeployObject FenceKit
23:08:25: Player "MendeL" (steam64id="76561198329721265" pos=<8842.95, 7.55, 10234.2>) DeployObject FenceKit
23:09:36: Player "MendeL" (steam64id="76561198329721265" pos=<8846.32, 7.71, 10231.8>) DeployObject FenceKit
23:10:48: Player "MendeL" (steam64id="76561198329721265" pos=<8849.12, 7.99, 10228.9>) DeployObject FenceKit
23:11:50: Player "MendeL" (steam64id="76561198329721265" pos=<8851.37, 7.55, 10232.2>) DeployObject FenceKit
23:13:27: Player "MendeL" (steam64id="76561198329721265" pos=<8848.82, 7.75, 10229.9>) DeployObject FenceKit
23:13:46: Player "[YKZ]-BlackBear" (steam64id="76561198343030820" pos=<11082.2, 4.25, 8420.67>) DeployObject dp_trashcan_grey
23:18:08: Player "MendeL" (steam64id="76561198329721265" pos=<8835.49, 7.45, 10244.8>) DeployObject FenceKit
23:18:27: Player "MendeL" (steam64id="76561198329721265" pos=<8835.88, 7.45, 10246.2>) DeployObject dp_door_Kit
23:19:02: Player "MendeL" (steam64id="76561198329721265" pos=<8834.42, 7.44, 10245>) FoldBaseBuildingObject Fence
23:20:01: Player "MendeL" (steam64id="76561198329721265" pos=<8834.67, 7.45, 10243.2>) DeployObject FenceKit
23:21:46: Player "MendeL" (steam64id="76561198329721265" pos=<8833.6, 7.44, 10243.1>) DeployObject FenceKit
23:22:19: Player "MendeL" (steam64id="76561198329721265" pos=<8838.91, 7.45, 10243.7>) DeployObject dp_door_Kit
23:22:29: Player "MendeL" (steam64id="76561198329721265" pos=<8835.02, 7.45, 10244.1>) FoldBaseBuildingObject Fence
23:23:24: Player "MendeL" (steam64id="76561198329721265" pos=<8834.57, 7.45, 10243.2>) DeployObject FenceKit
23:25:20: Player "MendeL" (steam64id="76561198329721265" pos=<8837.55, 7.45, 10247.6>) DismantlePart level_1_wall_2_metal_down
23:25:40: Player "[YKZ]-BlackBear" (steam64id="76561198343030820" pos=<11086, 41.36, 8427.58>) DeployObject dp_locker_grayKit
23:27:07: Player "MendeL" (steam64id="76561198329721265" pos=<8834.24, 7.45, 10243.7>) DeployObject FenceKit
23:33:09: Player "[YKZ]-BlackBear" (steam64id="76561198343030820" pos=<11086.4, 35.49, 8417.08>) DeployObject PartyTent_Blue
23:39:36: Player "MendeL" (steam64id="76561198329721265" pos=<8842.51, 7.45, 10240.6>) DeployObject dp_roof_Kit
23:40:22: Player "MendeL" (steam64id="76561198329721265" pos=<8839.32, 10.13, 10243.8>) DeployObject dp_door_Kit
23:42:22: Player "MendeL" (steam64id="76561198329721265" pos=<8844.58, 7.45, 10243.1>) DeployObject dp_roof_Kit
23:43:49: Player "MendeL" (steam64id="76561198329721265" pos=<8833.53, 7.44, 10241.2>) DeployObject dp_door_Kit
23:44:19: Player "MendeL" (steam64id="76561198329721265" pos=<8832.29, 7.44, 10241.3>) FoldBaseBuildingObject dp_door
23:45:00: Player "MendeL" (steam64id="76561198329721265" pos=<8833.42, 7.44, 10241.8>) DeployObject dp_door_Kit
23:46:45: Player "MendeL" (steam64id="76561198329721265" pos=<8831.81, 7.44, 10241.9>) DismantlePart wall_gate
23:51:27: Player "MendeL" (steam64id="76561198329721265" pos=<8856.58, 7.48, 10239.8>) DeployObject HRM_Painted_Barrel_DPM
23:53:33: Player "MendeL" (steam64id="76561198329721265" pos=<8844.23, 7.48, 10256.3>) DeployObject HRM_Painted_Barrel_DPM
23:53:40: Player "MendeL" (steam64id="76561198329721265" pos=<8844.51, 7.48, 10256.2>) DeployObject HRM_Painted_Barrel_DPM
23:53:50: Player "MendeL" (steam64id="76561198329721265" pos=<8844.51, 7.48, 10256.2>) DeployObject HRM_Painted_Barrel_DPM
