00:21:21: Player "TripaSeca" (steam64id="76561198093060507" pos=<7631.68, 13.22, 9793.65>) DeployObject dp_locker_blueKit
00:21:26: Player "Biel FxR" (steam64id="76561198050836260" pos=<7627.2, 13.22, 9802.66>) DeployObject dp_box_small_Olive
00:21:57: Player "Biel FxR" (steam64id="76561198050836260" pos=<7618.57, 13.22, 9817.55>) DeployObject dp_workbench_Kit
00:22:59: Player "Biel FxR" (steam64id="76561198050836260" pos=<7632.41, 13.22, 9792.92>) DeployObject dp_locker_greenKit
00:34:27: Player "TripaSeca" (steam64id="76561198093060507" pos=<7642.1, 12.08, 9784.34>) DeployObject FenceKit
00:35:36: Player "TripaSeca" (steam64id="76561198093060507" pos=<7645.32, 12.08, 9787>) DeployObject FenceKit
00:36:54: Player "TripaSeca" (steam64id="76561198093060507" pos=<7648.68, 12.05, 9789.86>) DeployObject FenceKit
00:37:45: Player "TripaSeca" (steam64id="76561198093060507" pos=<7651.83, 12.02, 9791.82>) DeployObject FenceKit
00:39:34: Player "TripaSeca" (steam64id="76561198093060507" pos=<7667.1, 11.00, 9768.02>) DeployObject FenceKit
00:41:11: Player "TripaSeca" (steam64id="76561198093060507" pos=<7649.57, 11.41, 9761.71>) DeployObject FenceKit
00:41:31: Player "TripaSeca" (steam64id="76561198093060507" pos=<7651.2, 11.41, 9762.67>) FoldBaseBuildingObject Fence
00:42:00: Player "TripaSeca" (steam64id="76561198093060507" pos=<7653.82, 11.41, 9764.74>) DeployObject FenceKit
00:43:28: Player "TripaSeca" (steam64id="76561198093060507" pos=<7657.97, 11.39, 9766.26>) DeployObject FenceKit
00:44:13: Player "TripaSeca" (steam64id="76561198093060507" pos=<7659.97, 11.35, 9763.96>) DeployObject FenceKit
00:47:18: Player "TripaSeca" (steam64id="76561198093060507" pos=<7652.89, 11.41, 9764.36>) DeployObject FenceKit
00:48:04: Player "TripaSeca" (steam64id="76561198093060507" pos=<7652.56, 11.41, 9764.85>) DeployObject FenceKit
00:49:27: Player "TripaSeca" (steam64id="76561198093060507" pos=<7646.46, 11.41, 9764.67>) DeployObject FenceKit
00:50:07: Player "TripaSeca" (steam64id="76561198093060507" pos=<7649.81, 11.41, 9767.26>) FoldBaseBuildingObject Fence
00:50:48: Player "TripaSeca" (steam64id="76561198093060507" pos=<7651, 11.41, 9764.89>) DeployObject FenceKit
00:50:59: Player "TripaSeca" (steam64id="76561198093060507" pos=<7647.97, 11.51, 9766.08>) FoldBaseBuildingObject Fence
00:51:24: Player "TripaSeca" (steam64id="76561198093060507" pos=<7646.98, 11.42, 9765.06>) DeployObject FenceKit
00:54:38: Player "TripaSeca" (steam64id="76561198093060507" pos=<7623.35, 12.08, 9775.49>) DeployObject FenceKit
00:54:53: Player "Biel FxR" (steam64id="76561198050836260" pos=<7625.28, 12.08, 9772>) DeployObject FenceKit
00:55:04: Player "Biel FxR" (steam64id="76561198050836260" pos=<7623.47, 12.08, 9771.39>) FoldBaseBuildingObject Fence
00:55:27: Player "Biel FxR" (steam64id="76561198050836260" pos=<7621.26, 12.08, 9774.28>) DeployObject FenceKit
00:56:14: Player "Biel FxR" (steam64id="76561198050836260" pos=<7624.79, 12.02, 9763.94>) DeployObject FenceKit
00:56:28: Player "TripaSeca" (steam64id="76561198093060507" pos=<7627.57, 11.65, 9762.36>) DeployObject FenceKit
00:57:15: Player "Biel FxR" (steam64id="76561198050836260" pos=<7630.23, 11.58, 9762.46>) DeployObject FenceKit
00:57:43: Player "Biel FxR" (steam64id="76561198050836260" pos=<7629.45, 11.73, 9763.48>) DeployObject FenceKit
01:00:09: Player "Biel FxR" (steam64id="76561198050836260" pos=<7628.48, 18.08, 9809.54>) DeployObject FenceKit
01:04:07: Player "Biel FxR" (steam64id="76561198050836260" pos=<7629.11, 18.08, 9807.92>) DismantlePart wall_base_down
01:04:26: Player "Biel FxR" (steam64id="76561198050836260" pos=<7629.11, 18.08, 9807.92>) DismantlePart wall_base_up
01:04:51: Player "Biel FxR" (steam64id="76561198050836260" pos=<7630.32, 18.08, 9807.88>) DismantlePart base
01:05:52: Player "Biel FxR" (steam64id="76561198050836260" pos=<7628.57, 18.08, 9809.61>) DeployObject FenceKit
01:08:00: Player "Biel FxR" (steam64id="76561198050836260" pos=<7632.22, 18.08, 9811.07>) DeployObject FenceKit
01:09:33: Player "[YKZ] pedrobala" (steam64id="76561198046653521" pos=<10388.9, 17.68, 10618.5>) DeployObject dp_wall_big_Kit
01:09:49: Player "[YKZ] pedrobala" (steam64id="76561198046653521" pos=<10389.3, 17.68, 10618.6>) FoldBaseBuildingObject dp_wall_big
01:11:09: Player "[YKZ]-BlackBear" (steam64id="76561198343030820" pos=<11087.2, 51.66, 8423.8>) DeployObject dp_gunrackKit
01:31:55: Player "Biel FxR" (steam64id="76561198050836260" pos=<7651.31, 12.02, 9792.35>) DeployObject FenceKit
01:34:11: Player "[YKZ]-BlackBear" (steam64id="76561198343030820" pos=<11051.9, 4.41, 8262.93>) DeployObject dp_box_small_Olive
01:34:15: Player "Biel FxR" (steam64id="76561198050836260" pos=<7653.2, 11.98, 9788.62>) DeployObject FenceKit
01:34:30: Player "TripaSeca" (steam64id="76561198093060507" pos=<7631.63, 11.33, 9761.28>) DismantlePart base
01:35:23: Player "Biel FxR" (steam64id="76561198050836260" pos=<7655.37, 11.85, 9785.06>) DeployObject FenceKit
01:35:33: Player "TripaSeca" (steam64id="76561198093060507" pos=<7649.54, 11.41, 9762.46>) DeployObject FenceKit
01:36:29: Player "Biel FxR" (steam64id="76561198050836260" pos=<7657.22, 11.60, 9781.45>) DeployObject FenceKit
01:36:51: Player "TripaSeca" (steam64id="76561198093060507" pos=<7646.3, 11.41, 9764.05>) DeployObject FenceKit
01:37:29: Player "Biel FxR" (steam64id="76561198050836260" pos=<7659.36, 11.42, 9777.97>) DeployObject FenceKit
01:37:40: Player "TripaSeca" (steam64id="76561198093060507" pos=<7642.27, 11.56, 9763.9>) DeployObject FenceKit
01:40:10: Player "TripaSeca" (steam64id="76561198093060507" pos=<7638.24, 11.54, 9762.82>) DeployObject FenceKit
01:40:55: Player "TripaSeca" (steam64id="76561198093060507" pos=<7634.18, 11.54, 9763.06>) DeployObject FenceKit
01:41:58: Player "TripaSeca" (steam64id="76561198093060507" pos=<7630.09, 11.76, 9763.7>) DeployObject FenceKit
01:45:49: Player "TripaSeca" (steam64id="76561198093060507" pos=<7628.85, 11.61, 9762.66>) DeployObject FenceKit
01:48:11: Player "TripaSeca" (steam64id="76561198093060507" pos=<7661.29, 11.40, 9774.44>) DeployObject FenceKit
01:48:25: Player "TripaSeca" (steam64id="76561198093060507" pos=<7663.41, 11.32, 9770.94>) DeployObject FenceKit
01:49:59: Player "TripaSeca" (steam64id="76561198093060507" pos=<7666.16, 10.99, 9765.83>) DeployObject FenceKit
01:50:23: Player "TripaSeca" (steam64id="76561198093060507" pos=<7664.28, 11.21, 9767.73>) DeployObject FenceKit
01:51:44: Player "Biel FxR" (steam64id="76561198050836260" pos=<7663.39, 11.17, 9766.44>) DeployObject FenceKit
01:52:12: Player "TripaSeca" (steam64id="76561198093060507" pos=<7658.98, 11.38, 9765.75>) DeployObject FenceKit
01:54:14: Player "TripaSeca" (steam64id="76561198093060507" pos=<7660.61, 11.34, 9766.28>) DeployObject FenceKit
02:19:24: Player "TripaSeca" (steam64id="76561198093060507" pos=<7652.31, 12.01, 9791.2>) DeployObject FenceKit
02:20:00: Player "Biel FxR" (steam64id="76561198050836260" pos=<7626.28, 12.05, 9767.57>) DeployObject FenceKit
02:21:33: Player "ttuker" (steam64id="76561198971813376" pos=<7394.92, 31.55, 8202.9>) DeployObject dp_trashcan_grey
02:22:01: Player "Biel FxR" (steam64id="76561198050836260" pos=<7623.13, 12.08, 9773.42>) DeployObject FenceKit
02:38:24: Player "[YKZ]-Lobato" (steam64id="76561198158375860" pos=<7679.1, 41.61, 6538.35>) DeployObject LandMineTrap
02:39:59: Player "[YKZ]-BlackBear" (steam64id="76561198343030820" pos=<7680.74, 43.72, 6516.92>) DeployObject dp_box_big_Brown
02:43:33: Player "TripaSeca" (steam64id="76561198093060507" pos=<7628.78, 18.08, 9808.64>) DeployObject LandMineTrap
03:17:12: Player "[YKZ]-BlackBear" (steam64id="76561198343030820" pos=<11084.2, 35.24, 8418.78>) DeployObject dp_box_small_Olive
03:38:03: Player "General2323" (steam64id="76561198300843847" pos=<11044.2, 8.40, 8516.68>) DeployObject dp_door_Kit
03:44:31: Player "[YKZ]-BlackBear" (steam64id="76561198343030820" pos=<11089.2, 35.24, 8431.3>) DeployObject dp_box_small_Olive
03:48:50: Player "[YKZ]-BlackBear" (steam64id="76561198343030820" pos=<11094.7, 35.49, 8425.08>) DeployObject PartyTent_Blue
03:50:06: Player "[YKZ]-BlackBear" (steam64id="76561198343030820" pos=<11093.9, 35.24, 8426.11>) DeployObject dp_box_small_Olive
03:52:54: Player "[YKZ]-BlackBear" (steam64id="76561198343030820" pos=<11092.1, 35.24, 8427.17>) DeployObject dp_box_small_Olive
03:54:45: Player "Vinicin" (steam64id="76561198056890776" pos=<11090.7, 35.24, 8432.21>) DeployObject dp_box_small_Olive
03:55:01: Player "Vinicin" (steam64id="76561198056890776" pos=<11090.5, 35.24, 8431.43>) DeployObject dp_box_small_Olive
03:56:43: Player "[YKZ]-BlackBear" (steam64id="76561198343030820" pos=<11092.9, 35.24, 8428.73>) DeployObject dp_locker_greenKit
03:57:26: Player "[YKZ]-BlackBear" (steam64id="76561198343030820" pos=<11092, 35.24, 8427.01>) DeployObject dp_locker_greenKit
04:22:50: Player "General2323" (steam64id="76561198300843847" pos=<11045.6, 8.40, 8514.01>) DeployObject WoodenCrate
04:25:35: Player "General2323" (steam64id="76561198300843847" pos=<11045.3, 8.40, 8514.99>) DeployObject WoodenCrate
04:27:30: Player "General2323" (steam64id="76561198300843847" pos=<11045.3, 8.40, 8515.41>) DeployObject WoodenCrate
04:28:06: Player "General2323" (steam64id="76561198300843847" pos=<11044.8, 8.40, 8515.83>) DeployObject FenceKit
04:42:09: Player "General2323" (steam64id="76561198300843847" pos=<11044.7, 8.40, 8515.99>) DeployObject WoodenCrate
04:47:14: Player "General2323" (steam64id="76561198300843847" pos=<11042, 8.65, 8520.01>) DeployObject PartyTent
06:02:11: Player "[YKZ]-Lobato" (steam64id="76561198158375860" pos=<11084.9, 31.61, 8425.34>) DeployObject dp_trashcan_green
06:02:21: Player "[YKZ]-Lobato" (steam64id="76561198158375860" pos=<11084.9, 31.61, 8425.31>) DeployObject dp_trashcan_green
09:06:52: Player "[HORDA]ThiagoPenna" (steam64id="76561198218822351" pos=<9956.17, 7.53, 11777.3>) DeployObject dp_refrigerator
09:07:40: Player "[HORDA]ThiagoPenna" (steam64id="76561198218822351" pos=<9956.46, 7.53, 11777.1>) DeployObject dp_refrigerator
09:07:52: Player "[HORDA]ThiagoPenna" (steam64id="76561198218822351" pos=<9956.31, 7.53, 11778.5>) DeployObject dp_refrigerator
09:12:01: Player "[HORDA]ThiagoPenna" (steam64id="76561198218822351" pos=<9952.01, 19.17, 11774.3>) DeployObject dp_guncabinetKit
09:39:53: Player "[L.B] Santorin" (steam64id="76561199069721527" pos=<7360.95, 18.58, 7134.76>) DeployObject dp_locker_greenKit
09:41:06: Player "[L.B] Santorin" (steam64id="76561199069721527" pos=<7360.96, 18.46, 7133.8>) DeployObject dp_locker_greenKit
10:27:49: Player "[L.B] Santorin" (steam64id="76561199069721527" pos=<7353.69, 14.30, 7160.61>) DeployObject dp_wall_big_Kit
10:43:29: Player "[L.B] Santorin" (steam64id="76561199069721527" pos=<7348.31, 14.30, 7163.06>) DismantlePart level_1_wall_1_base_down
10:43:48: Player "[L.B] Santorin" (steam64id="76561199069721527" pos=<7348.31, 14.30, 7163.06>) DismantlePart level_1_wall_1_base_up
10:45:38: Player "[L.B] Santorin" (steam64id="76561199069721527" pos=<7353.74, 14.30, 7163.88>) DeployObject FenceKit
10:45:50: Player "[L.B] Santorin" (steam64id="76561199069721527" pos=<7351.74, 14.30, 7163.32>) FoldBaseBuildingObject Fence
10:46:10: Player "[L.B] Santorin" (steam64id="76561199069721527" pos=<7353.38, 14.30, 7163.69>) DeployObject FenceKit
10:47:30: Player "[L.B] Santorin" (steam64id="76561199069721527" pos=<7350.57, 14.30, 7165.11>) DismantlePart level_1_stairs
12:20:03: Player "KuramaDLC" (steam64id="76561198180192045" pos=<10061.9, 19.76, 12579.9>) DeployObject dp_locker_greenKit
13:29:06: Player "[YKZ]-BlackBear" (steam64id="76561198343030820" pos=<11089.7, 35.49, 8420.45>) DeployObject PartyTent_Brown
13:46:50: Player "[HORDA]ThiagoPenna" (steam64id="76561198218822351" pos=<9955.17, 7.53, 11779.2>) DeployObject CrateVIP
13:48:56: Player "[HORDA]ThiagoPenna" (steam64id="76561198218822351" pos=<9951.33, 19.17, 11775.3>) DeployObject dp_guncabinetKit
13:50:35: Player "[HORDA]ThiagoPenna" (steam64id="76561198218822351" pos=<9952.15, 19.17, 11774.2>) DeployObject dp_guncabinetKit
13:51:17: Player "[HORDA]ThiagoPenna" (steam64id="76561198218822351" pos=<9951.94, 19.17, 11773.9>) DeployObject dp_guncabinetKit
13:51:34: Player "[HORDA]ThiagoPenna" (steam64id="76561198218822351" pos=<9951.74, 19.17, 11775.4>) DeployObject dp_guncabinetKit
13:52:34: Player "[HORDA]ThiagoPenna" (steam64id="76561198218822351" pos=<9952.57, 19.17, 11778.4>) DeployObject dp_box_big_Grey
13:53:05: Player "[HORDA]ThiagoPenna" (steam64id="76561198218822351" pos=<9951.01, 19.17, 11777.5>) DeployObject dp_guncabinetKit
13:53:41: Player "[HORDA]ThiagoPenna" (steam64id="76561198218822351" pos=<9950.56, 19.17, 11778.3>) DeployObject dp_guncabinetKit
13:54:06: Player "[HORDA]ThiagoPenna" (steam64id="76561198218822351" pos=<9952.86, 19.17, 11778.1>) DeployObject dp_weapons_stand_Kit
13:54:39: Player "[HORDA]ThiagoPenna" (steam64id="76561198218822351" pos=<9956, 19.17, 11778.9>) DeployObject dp_box_big_Grey
13:54:55: Player "[HORDA]ThiagoPenna" (steam64id="76561198218822351" pos=<9955.73, 19.17, 11779.3>) DeployObject dp_box_big_Grey
13:55:13: Player "[HORDA]ThiagoPenna" (steam64id="76561198218822351" pos=<9955.89, 19.17, 11777.5>) DeployObject dp_box_big_Grey
13:55:32: Player "[HORDA]ThiagoPenna" (steam64id="76561198218822351" pos=<9956.46, 19.17, 11776.6>) DeployObject dp_box_big_Grey
13:56:48: Player "[L.B] Santorin" (steam64id="76561199069721527" pos=<7354.19, 14.30, 7163.91>) DeployObject FenceKit
13:57:02: Player "[HORDA]ThiagoPenna" (steam64id="76561198218822351" pos=<9955.19, 19.17, 11778.1>) DeployObject dp_gunrackKit
13:58:57: Player "[L.B] Santorin" (steam64id="76561199069721527" pos=<7359.25, 14.30, 7163.49>) DismantlePart level_1_wall_3_base_down
13:59:03: Player "[HORDA]ThiagoPenna" (steam64id="76561198218822351" pos=<9954.34, 19.17, 11777.8>) DeployObject dp_gunrackKit
13:59:19: Player "[L.B] Santorin" (steam64id="76561199069721527" pos=<7359.25, 14.30, 7163.49>) DismantlePart level_1_wall_3_base_up
13:59:26: Player "[HORDA]ThiagoPenna" (steam64id="76561198218822351" pos=<9953.23, 19.17, 11777.8>) DeployObject dp_gunrackKit
13:59:42: Player "[HORDA]ThiagoPenna" (steam64id="76561198218822351" pos=<9955.62, 19.17, 11778.5>) DeployObject dp_gunrackKit
14:00:01: Player "[L.B] Santorin" (steam64id="76561199069721527" pos=<7359.47, 17.06, 7164.09>) DeployObject FenceKit
14:04:22: Player "[L.B] Santorin" (steam64id="76561199069721527" pos=<7348.25, 17.06, 7164.38>) DeployObject FenceKit
14:04:44: Player "[L.B] Santorin" (steam64id="76561199069721527" pos=<7350.04, 16.72, 7164.97>) FoldBaseBuildingObject Fence
14:05:13: Player "[L.B] Santorin" (steam64id="76561199069721527" pos=<7348.2, 17.06, 7164.31>) DeployObject FenceKit
14:33:09: Player "[YKZ]-BlackBear" (steam64id="76561198343030820" pos=<11202.5, 6.66, 8248.96>) DeployObject LandMineTrap
14:33:46: Player "[YKZ]-BlackBear" (steam64id="76561198343030820" pos=<11187.9, 6.90, 8286.78>) DeployObject LandMineTrap
14:34:50: Player "[YKZ]-BlackBear" (steam64id="76561198343030820" pos=<11294.9, 4.06, 8259.16>) DeployObject LandMineTrap
14:48:31: Player "[ONE] KARABULJHAN" (steam64id="76561198100527842" pos=<9551.65, 48.44, 12179.7>) DeployObject dp_weapons_stand_Kit
14:48:57: Player "[ONE] KARABULJHAN" (steam64id="76561198100527842" pos=<9554.28, 48.44, 12179>) DeployObject dp_weapons_stand_Kit
14:49:08: Player "[YKZ]-BlackBear" (steam64id="76561198343030820" pos=<11092.6, 35.24, 8427.89>) DeployObject dp_box_small_Olive
14:52:51: Player "[ONE] KARABULJHAN" (steam64id="76561198100527842" pos=<9553.25, 51.10, 12180.3>) DeployObject dp_weapons_stand_Kit
14:53:04: Player "[ONE] KARABULJHAN" (steam64id="76561198100527842" pos=<9552.31, 51.10, 12179.5>) DeployObject dp_weapons_stand_Kit
14:53:26: Player "[ONE] KARABULJHAN" (steam64id="76561198100527842" pos=<9555.12, 51.10, 12179.1>) DeployObject dp_weapons_stand_Kit
14:53:48: Player "[ONE] KARABULJHAN" (steam64id="76561198100527842" pos=<9555.66, 51.10, 12179.7>) DeployObject dp_weapons_stand_Kit
14:54:06: Player "[ONE] KARABULJHAN" (steam64id="76561198100527842" pos=<9555.21, 51.13, 12177.5>) DeployObject dp_weapons_stand_Kit
14:54:26: Player "[ONE] KARABULJHAN" (steam64id="76561198100527842" pos=<9554.78, 51.10, 12174.7>) DeployObject dp_weapons_stand_Kit
14:54:47: Player "[ONE] KARABULJHAN" (steam64id="76561198100527842" pos=<9552.66, 51.10, 12177.1>) DeployObject dp_weapons_stand_Kit
14:55:22: Player "[ONE] KARABULJHAN" (steam64id="76561198100527842" pos=<9552.54, 51.10, 12175.5>) DeployObject dp_weapons_stand_Kit
14:55:41: Player "[ONE] KARABULJHAN" (steam64id="76561198100527842" pos=<9554.75, 51.11, 12172.9>) DeployObject dp_weapons_stand_Kit
14:58:28: Player "[HORDA] JHON WICK" (steam64id="76561198122075703" pos=<9957.53, 7.05, 11759.8>) DismantlePart dp_metal_door
14:58:59: Player "[HORDA] JHON WICK" (steam64id="76561198122075703" pos=<9957.35, 7.06, 11759.6>) DismantlePart dp_door_gate
14:59:26: Player "[ONE] KARABULJHAN" (steam64id="76561198100527842" pos=<9553.27, 51.13, 12178.4>) DeployObject dp_gunrackKit
14:59:26: Player "[HORDA] JHON WICK" (steam64id="76561198122075703" pos=<9957.13, 7.04, 11760>) DismantlePart dp_karkas
14:59:52: Player "[ONE] KARABULJHAN" (steam64id="76561198100527842" pos=<9552.98, 51.10, 12177.5>) DeployObject dp_gunrackKit
15:00:11: Player "[ONE] KARABULJHAN" (steam64id="76561198100527842" pos=<9553.86, 51.13, 12178>) DeployObject dp_gunrackKit
15:00:20: Player "[HORDA] JHON WICK" (steam64id="76561198122075703" pos=<9958.67, 7.07, 11760>) DismantlePart dp_base
15:00:31: Player "[ONE] KARABULJHAN" (steam64id="76561198100527842" pos=<9553.74, 51.12, 12177.4>) DeployObject dp_gunrackKit
15:00:51: Player "[ONE] KARABULJHAN" (steam64id="76561198100527842" pos=<9552.93, 51.10, 12176.6>) DeployObject dp_gunrackKit
15:01:11: Player "[ONE] KARABULJHAN" (steam64id="76561198100527842" pos=<9553.68, 51.13, 12176.4>) DeployObject dp_gunrackKit
15:01:26: Player "[HORDA] JHON WICK" (steam64id="76561198122075703" pos=<9959.66, 7.69, 11753.4>) DeployObject dp_door_Kit
15:01:37: Player "[HORDA]ThiagoPenna" (steam64id="76561198218822351" pos=<9953.7, 19.17, 11778>) DeployObject dp_guncabinetKit
15:01:54: Player "[ONE] KARABULJHAN" (steam64id="76561198100527842" pos=<9552.75, 51.10, 12175.8>) DeployObject dp_gunrackKit
15:02:06: Player "[HORDA] JHON WICK" (steam64id="76561198122075703" pos=<9962.72, 7.68, 11753.7>) DeployObject dp_wall_kit
15:02:20: Player "[HORDA] JHON WICK" (steam64id="76561198122075703" pos=<9962.63, 7.66, 11753.3>) FoldBaseBuildingObject dp_wall
15:02:40: Player "[HORDA] JHON WICK" (steam64id="76561198122075703" pos=<9963.09, 7.69, 11753.9>) DeployObject dp_wall_kit
15:02:55: Player "[HORDA] JHON WICK" (steam64id="76561198122075703" pos=<9960.23, 7.64, 11752.3>) FoldBaseBuildingObject dp_door
15:03:01: Player "[ONE] KARABULJHAN" (steam64id="76561198100527842" pos=<9553.45, 51.12, 12175.2>) DeployObject dp_gunrackKit
15:03:15: Player "[ONE] KARABULJHAN" (steam64id="76561198100527842" pos=<9552.65, 51.11, 12174.6>) DeployObject dp_gunrackKit
15:03:22: Player "[HORDA] JHON WICK" (steam64id="76561198122075703" pos=<9959.29, 7.71, 11754>) DeployObject dp_door_Kit
15:05:21: Player "[ONE] KARABULJHAN" (steam64id="76561198100527842" pos=<9553.29, 51.12, 12174.4>) DeployObject dp_gunrackKit
15:06:51: Player "[ONE] KARABULJHAN" (steam64id="76561198100527842" pos=<9555.81, 48.44, 12180.4>) DeployObject dp_workbench_Kit
15:06:53: Player "[HORDA] JHON WICK" (steam64id="76561198122075703" pos=<9959.56, 7.11, 11761.1>) DismantlePart dp_wood_wall
15:09:47: Player "[YKZ]-BlackBear" (steam64id="76561198343030820" pos=<11093.9, 35.24, 8425.1>) DeployObject dp_locker_grayKit
15:10:28: Player "[YKZ]-BlackBear" (steam64id="76561198343030820" pos=<11093.7, 35.24, 8427.46>) DeployObject dp_locker_grayKit
15:18:22: Player "[ONE] KARABULJHAN" (steam64id="76561198100527842" pos=<9551.49, 48.44, 12173.2>) DeployObject dp_weapons_stand_Kit
15:19:21: Player "[ONE] KARABULJHAN" (steam64id="76561198100527842" pos=<9551.37, 48.44, 12172.4>) DeployObject CrateVIP
15:19:34: Player "[ONE] KARABULJHAN" (steam64id="76561198100527842" pos=<9551.37, 48.44, 12172.4>) DeployObject CrateVIP
15:19:36: Player "Duerowww" (steam64id="76561198259492425" pos=<7390.75, 31.55, 8201.13>) DeployObject dp_weapons_stand_Kit
15:19:49: Player "[ONE] KARABULJHAN" (steam64id="76561198100527842" pos=<9551.4, 48.44, 12173.1>) DeployObject CrateVIP
15:20:13: Player "[ONE] KARABULJHAN" (steam64id="76561198100527842" pos=<9551.66, 48.44, 12173.6>) DeployObject CrateVIP
15:20:26: Player "[ONE] KARABULJHAN" (steam64id="76561198100527842" pos=<9551.59, 48.44, 12173.8>) DeployObject CrateVIP
15:20:36: Player "[ONE] KARABULJHAN" (steam64id="76561198100527842" pos=<9551.76, 48.44, 12174.3>) DeployObject CrateVIP
15:20:51: Player "[ONE] KARABULJHAN" (steam64id="76561198100527842" pos=<9551.8, 48.44, 12175.1>) DeployObject CrateVIP
15:21:05: Player "[HORDA] JHON WICK" (steam64id="76561198122075703" pos=<9964.59, 15.41, 11762.7>) DismantlePart level_3_base
15:21:17: Player "[ONE] KARABULJHAN" (steam64id="76561198100527842" pos=<9551.99, 48.44, 12175.5>) DeployObject CrateVIP
15:21:31: Player "[ONE] KARABULJHAN" (steam64id="76561198100527842" pos=<9551.99, 48.44, 12175.5>) DeployObject CrateVIP
15:22:16: Player "[ONE] KARABULJHAN" (steam64id="76561198100527842" pos=<9551.66, 48.46, 12176.4>) DeployObject CrateVIP
15:22:28: Player "[ONE] KARABULJHAN" (steam64id="76561198100527842" pos=<9551.99, 48.44, 12177.4>) DeployObject CrateVIP
15:22:41: Player "[ONE] KARABULJHAN" (steam64id="76561198100527842" pos=<9552.2, 48.44, 12178>) DeployObject CrateVIP
15:22:52: Player "[ONE] KARABULJHAN" (steam64id="76561198100527842" pos=<9552.34, 48.44, 12178.7>) DeployObject CrateVIP
15:24:00: Player "[HORDA] zBieL" (steam64id="76561198001525812" pos=<9974.8, 7.86, 11771.4>) DeployObject Fireplace
15:24:16: Player "[HORDA]ThiagoPenna" (steam64id="76561198218822351" pos=<9975.75, 7.96, 11771.7>) DeployObject Fireplace
15:25:00: Player "[HORDA] JHON WICK" (steam64id="76561198122075703" pos=<9964.49, 14.44, 11761.3>) DeployObject dp_roof_Kit
15:25:26: Player "[HORDA] JHON WICK" (steam64id="76561198122075703" pos=<9961.85, 15.41, 11764.1>) FoldBaseBuildingObject dp_roof
15:28:09: Player "[HORDA] JHON WICK" (steam64id="76561198122075703" pos=<9963.12, 15.41, 11762.8>) DeployObject dp_roof_Kit
15:31:24: Player "[HORDA] JHON WICK" (steam64id="76561198122075703" pos=<9963.03, 15.41, 11760.8>) DismantlePart dp_roof
15:37:35: Player "[HORDA] JHON WICK" (steam64id="76561198122075703" pos=<9960.63, 7.22, 11760.4>) DismantlePart dp_base_w
15:38:18: Player "[HORDA] JHON WICK" (steam64id="76561198122075703" pos=<9958.5, 7.74, 11755.9>) DeployObject dp_door_Kit
15:39:26: Player "[HORDA] JHON WICK" (steam64id="76561198122075703" pos=<9957.68, 7.55, 11758.3>) DeployObject dp_door_Kit
15:40:31: Player "[HORDA] JHON WICK" (steam64id="76561198122075703" pos=<9957.13, 7.05, 11760.7>) DeployObject dp_door_Kit
15:43:25: Player "[HORDA] JHON WICK" (steam64id="76561198122075703" pos=<9959.89, 7.62, 11758.4>) DeployObject dp_wall_big_Kit
16:02:09: Player "CannabisLaPizza" (steam64id="76561198096548895" pos=<10410.6, 27.54, 12995.4>) DeployObject Spotlight
16:15:02: Player "[HORDA] JHON WICK" (steam64id="76561198122075703" pos=<9962.12, 7.70, 11757.7>) DeployObject CrateVIP
16:22:47: Player "Duerowww" (steam64id="76561198259492425" pos=<7392.98, 31.55, 8201.62>) DeployObject FenceKit
16:25:42: Player "ttuker" (steam64id="76561198971813376" pos=<7393.04, 31.55, 8199.97>) DeployObject dp_box_big_Grey
16:26:37: Player "ttuker" (steam64id="76561198971813376" pos=<7396.16, 31.55, 8201.47>) UnmountBarbedWire Fence
16:27:21: Player "ttuker" (steam64id="76561198971813376" pos=<7395, 31.55, 8202.71>) MountBarbedWire Fence
16:27:42: Player "ttuker" (steam64id="76561198971813376" pos=<7395.91, 31.55, 8201.85>) UnmountBarbedWire Fence
16:29:29: Player "[HORDA] JHON WICK" (steam64id="76561198122075703" pos=<9963.15, 7.71, 11754.8>) DeployObject FenceKit
16:29:36: Player "ttuker" (steam64id="76561198971813376" pos=<7396.64, 31.55, 8202.08>) MountBarbedWire Fence
16:34:47: Player "[HORDA] JHON WICK" (steam64id="76561198122075703" pos=<9959.03, 7.18, 11763.9>) DeployObject FenceKit
16:35:02: Player "[HORDA] JHON WICK" (steam64id="76561198122075703" pos=<9962.52, 7.29, 11766.2>) FoldBaseBuildingObject Fence
16:35:53: Player "[HORDA] JHON WICK" (steam64id="76561198122075703" pos=<9959.52, 7.20, 11764>) DeployObject FenceKit
16:36:04: Player "[HORDA] JHON WICK" (steam64id="76561198122075703" pos=<9962.78, 7.30, 11766.3>) FoldBaseBuildingObject Fence
16:36:29: Player "[HORDA] JHON WICK" (steam64id="76561198122075703" pos=<9962.28, 7.38, 11769>) DeployObject FenceKit
16:38:14: Player "Passo Largo" (steam64id="76561199203652654" pos=<7548.88, 28.05, 7899.38>) DismantlePart wall_gate
16:44:00: Player "CannabisLaPizza" (steam64id="76561198096548895" pos=<10613.7, 8.94, 13746>) DeployObject CableReel
16:46:43: Player "[YKZ] Emissarius" (steam64id="76561198271087379" pos=<11088.6, 41.37, 8433.88>) DeployObject dp_trashcan_blue
16:47:43: Player "[HORDA] JHON WICK" (steam64id="76561198122075703" pos=<9953.81, 19.17, 11777>) DeployObject dp_gunrackKit
16:48:56: Player "[YKZ]-BlackBear" (steam64id="76561198343030820" pos=<11094.3, 35.24, 8424.63>) DeployObject dp_box_big_Tan
16:49:31: Player "[HORDA] JHON WICK" (steam64id="76561198122075703" pos=<9956.1, 19.17, 11778>) DeployObject dp_wall_kit
16:51:47: Player "[HORDA] JHON WICK" (steam64id="76561198122075703" pos=<9952.31, 19.24, 11773.8>) DeployObject dp_door_Kit
16:59:28: Player "Palhares" (steam64id="76561199186816657" pos=<11132.4, 15.65, 13667.5>) DeployObject dp_locker_greenKit
17:02:35: Player "[HORDA] JHON WICK" (steam64id="76561198122075703" pos=<9950.68, 27.26, 11775.1>) DeployObject WatchtowerKit
17:04:49: Player "[HORDA] JHON WICK" (steam64id="76561198122075703" pos=<9957.64, 27.26, 11779.6>) DeployObject WatchtowerKit
17:17:26: Player "[HORDA] JHON WICK" (steam64id="76561198122075703" pos=<9953.55, 27.26, 11779.8>) DeployObject dp_wall_kit
17:25:23: Player "[HORDA] JHON WICK" (steam64id="76561198122075703" pos=<9957.33, 27.26, 11780.9>) DeployObject dp_wall_kit
17:26:57: Player "[HORDA] JHON WICK" (steam64id="76561198122075703" pos=<9957.21, 27.26, 11780.9>) DeployObject dp_wall_kit
17:32:34: Player "[HORDA] JHON WICK" (steam64id="76561198122075703" pos=<9949.81, 27.26, 11779>) DeployObject dp_gunrackKit
17:38:44: Player "Biel FxR" (steam64id="76561198050836260" pos=<7636.24, 12.20, 9783.08>) DismantlePart dp_wood_door
17:39:48: Player "[HORDA] JHON WICK" (steam64id="76561198122075703" pos=<9950.82, 27.26, 11774.2>) DeployObject dp_wall_kit
17:47:36: Player "Biel FxR" (steam64id="76561198050836260" pos=<7635.42, 15.65, 9777.51>) DismantlePart wall_base_up
17:49:27: Player "Biel FxR" (steam64id="76561198050836260" pos=<7636.37, 12.20, 9780.37>) DismantlePart wall_wood_up
17:49:45: Player "Biel FxR" (steam64id="76561198050836260" pos=<7636.36, 12.20, 9780.36>) DismantlePart wall_wood_up
17:51:00: Player "Biel FxR" (steam64id="76561198050836260" pos=<7637.17, 12.20, 9781.52>) DismantlePart wall_base_up
17:52:13: Player "[HORDA] JHON WICK" (steam64id="76561198122075703" pos=<9958.42, 27.26, 11776>) DeployObject dp_gunrackKit
17:52:51: Player "Biel FxR" (steam64id="76561198050836260" pos=<7636.75, 12.20, 9777.04>) DismantlePart base
17:52:57: Player "[HORDA] JHON WICK" (steam64id="76561198122075703" pos=<9956.17, 19.17, 11778.5>) DeployObject dp_box_big_Grey
17:54:30: Player "Biel FxR" (steam64id="76561198050836260" pos=<7635.39, 12.20, 9782.02>) DeployObject FenceKit
17:59:40: Player "[HORDA] JHON WICK" (steam64id="76561198122075703" pos=<9957.86, 27.26, 11776.5>) DeployObject dp_gunrackKit
18:00:02: Player "Biel FxR" (steam64id="76561198050836260" pos=<7635.2, 12.20, 9782.33>) DeployObject dp_door_Kit
18:00:31: Player "[HORDA] JHON WICK" (steam64id="76561198122075703" pos=<9956.45, 27.26, 11781.3>) DeployObject dp_weapons_stand_Kit
18:01:02: Player "[HORDA] JHON WICK" (steam64id="76561198122075703" pos=<9957.17, 27.26, 11780.2>) DeployObject dp_weapons_stand_Kit
18:06:19: Player "Ranzol" (steam64id="76561198017576237" pos=<8442.18, 111.14, 6569.52>) DeployObject dp_box_small_Olive
18:06:57: Player "Ranzol" (steam64id="76561198017576237" pos=<8443.82, 111.59, 6572.88>) DeployObject dp_box_small_Olive
18:23:38: Player "Biel FxR" (steam64id="76561198050836260" pos=<7635.55, 12.20, 9778.67>) DismantlePart wall_gate
18:24:55: Player "Leandro Silva" (steam64id="76561199173930571" pos=<10992.4, 4.93, 7792.14>) DeployObject Fireplace
18:33:49: Player "Obred" (steam64id="76561198258911731" pos=<8849.04, 7.48, 10251.4>) DeployObject dp_trashcan_blue
18:57:52: Player "[HORDA] zBieL" (steam64id="76561198001525812" pos=<9955.91, 7.53, 11778.6>) DeployObject dp_weapons_stand_Kit
19:05:13: Player "TcheLoco" (steam64id="76561198099449370" pos=<9953.49, 19.17, 11777.3>) DeployObject dp_box_big_Grey
19:31:00: Player "[ONE] JAPA" (steam64id="76561198161060673" pos=<9551.94, 48.44, 12177.4>) DeployObject CrateVIP
19:35:09: Player "[ONE] KARABULJHAN" (steam64id="76561198100527842" pos=<9551.71, 51.10, 12172.9>) DeployObject Spotlight
19:35:29: Player "[ONE] KARABULJHAN" (steam64id="76561198100527842" pos=<9552.41, 51.10, 12172.6>) DeployObject Spotlight
19:36:43: Player "[ONE] XxibahH" (steam64id="76561198165228070" pos=<9561.6, 29.00, 12154.6>) DeployObject Spotlight
19:39:36: Player "[ONE] KARABULJHAN" (steam64id="76561198100527842" pos=<9552.42, 51.10, 12173.5>) DeployObject dp_gunrackKit
19:40:19: Player "[HORDA]KAS" (steam64id="76561199202697738" pos=<9960.67, 7.12, 11760.3>) DeployObject dp_trashcan_grey
19:40:28: Player "[HORDA]KAS" (steam64id="76561199202697738" pos=<9960.63, 7.15, 11761.8>) DeployObject dp_trashcan_grey
19:44:26: Player "[ONE] XxibahH" (steam64id="76561198165228070" pos=<9555.07, 51.10, 12177>) DeployObject PowerGenerator
19:51:19: Player "[ONE] KING" (steam64id="76561199153781943" pos=<9556.75, 48.41, 12173.5>) DismantlePart wall_wood_down
19:55:03: Player "[ONE] XxibahH" (steam64id="76561198165228070" pos=<9554.03, 51.11, 12172.7>) DeployObject Spotlight
19:55:33: Player "[YKZ] Felps" (steam64id="76561198892779186" pos=<11090.2, 31.61, 8430.35>) DeployObject dp_guncabinetKit
19:56:33: Player "[YKZ]-Lobato" (steam64id="76561198158375860" pos=<11090, 35.24, 8431.3>) DeployObject dp_box_big_Brown
19:56:34: Player "[YKZ] Felps" (steam64id="76561198892779186" pos=<11091.4, 31.61, 8429.54>) DeployObject dp_guncabinetKit
19:57:11: Player "[YKZ]-Lobato" (steam64id="76561198158375860" pos=<11090, 35.24, 8431.17>) DeployObject dp_box_big_Brown
20:02:52: Player "JAN_NATIO" (steam64id="76561198358178109" pos=<10223.6, 16.86, 13393>) DeployObject Fireplace
20:06:17: Player "[YKZ] chron1c" (steam64id="76561198205585613" pos=<11092.8, 31.61, 8428.01>) DeployObject dp_guncabinetKit
20:06:37: Player "[YKZ] Emissarius" (steam64id="76561198271087379" pos=<11084.7, 31.61, 8418.37>) DeployObject dp_refrigerator
20:07:05: Player "[YKZ]-BlackBear" (steam64id="76561198343030820" pos=<11094, 35.24, 8424.88>) DeployObject dp_gunrackKit
20:07:08: Player "[YKZ] Emissarius" (steam64id="76561198271087379" pos=<11084.4, 31.61, 8418.69>) DeployObject dp_refrigerator
20:07:21: Player "[YKZ]-Lobato" (steam64id="76561198158375860" pos=<11088.9, 35.24, 8432.89>) DeployObject dp_box_big_Brown
20:07:22: Player "[YKZ] chron1c" (steam64id="76561198205585613" pos=<11086, 27.98, 8426.03>) DeployObject dp_door_Kit
20:07:23: Player "[YKZ] Emissarius" (steam64id="76561198271087379" pos=<11084.4, 31.61, 8417.88>) DeployObject dp_refrigerator
20:07:33: Player "[YKZ]-Lobato" (steam64id="76561198158375860" pos=<11088.9, 35.24, 8433.86>) DeployObject dp_refrigerator
20:08:08: Player "[YKZ]-Lobato" (steam64id="76561198158375860" pos=<11088.7, 35.24, 8433.96>) DeployObject dp_refrigerator
20:08:42: Player "[YKZ]-BlackBear" (steam64id="76561198343030820" pos=<11093.8, 35.24, 8423.95>) DeployObject dp_guncabinetKit
20:09:02: Player "[YKZ] Emissarius" (steam64id="76561198271087379" pos=<11087.7, 31.61, 8432.58>) DeployObject dp_weapons_stand_Kit
20:09:51: Player "[YKZ] chron1c" (steam64id="76561198205585613" pos=<11091.9, 31.61, 8429.42>) DeployObject dp_guncabinetKit
20:10:36: Player "[YKZ] chron1c" (steam64id="76561198205585613" pos=<11091.8, 31.61, 8427.3>) DeployObject dp_guncabinetKit
20:10:54: Player "[YKZ]-BlackBear" (steam64id="76561198343030820" pos=<11093.1, 35.24, 8423.94>) DeployObject dp_guncabinetKit
20:11:24: Player "[YKZ] chron1c" (steam64id="76561198205585613" pos=<11087.4, 31.61, 8430.62>) DeployObject dp_gunrackKit
20:11:32: Player "[YKZ] Emissarius" (steam64id="76561198271087379" pos=<11090.7, 31.61, 8428.72>) DeployObject dp_guncabinetKit
20:11:45: Player "[YKZ]-BlackBear" (steam64id="76561198343030820" pos=<11091.2, 35.24, 8421.1>) DeployObject Barrel_Green
20:12:14: Player "[YKZ] Emissarius" (steam64id="76561198271087379" pos=<11090.7, 31.61, 8428.98>) DeployObject dp_guncabinetKit
20:12:30: Player "[YKZ]-Lobato" (steam64id="76561198158375860" pos=<11090.8, 35.24, 8430.46>) DeployObject dp_box_small_Olive
20:12:58: Player "[YKZ] chron1c" (steam64id="76561198205585613" pos=<11087.4, 31.61, 8432.75>) DeployObject dp_gunrackKit
20:13:23: Player "[YKZ] Emissarius" (steam64id="76561198271087379" pos=<11091.9, 31.61, 8429.43>) DeployObject dp_guncabinetKit
20:13:39: Player "[YKZ]-BlackBear" (steam64id="76561198343030820" pos=<11089.8, 35.24, 8420.45>) DeployObject dp_refrigerator
20:14:02: Player "[YKZ] Emissarius" (steam64id="76561198271087379" pos=<11091.8, 31.61, 8429.4>) DeployObject dp_guncabinetKit
20:14:16: Player "[YKZ]-BlackBear" (steam64id="76561198343030820" pos=<11089.8, 35.24, 8420.63>) DeployObject dp_refrigerator
20:14:37: Player "[YKZ]-Lobato" (steam64id="76561198158375860" pos=<11087.9, 35.70, 8433.48>) DeployObject dp_gunrackKit
20:14:39: Player "[YKZ] Emissarius" (steam64id="76561198271087379" pos=<11091.8, 31.61, 8429.51>) DeployObject dp_guncabinetKit
20:15:52: Player "[YKZ] Emissarius" (steam64id="76561198271087379" pos=<11091.4, 31.61, 8429.78>) DeployObject dp_box_big_Brown
20:15:56: Player "[YKZ]-Lobato" (steam64id="76561198158375860" pos=<11090.1, 35.24, 8431.07>) DeployObject dp_box_big_Brown
20:16:44: Player "[YKZ] Emissarius" (steam64id="76561198271087379" pos=<11091.2, 31.61, 8430.15>) DeployObject dp_box_big_Brown
20:17:10: Player "[YKZ] Emissarius" (steam64id="76561198271087379" pos=<11091.3, 31.61, 8430.2>) DeployObject dp_box_big_Brown
20:17:37: Player "[YKZ] Emissarius" (steam64id="76561198271087379" pos=<11091.4, 31.61, 8430.32>) DeployObject dp_box_big_Brown
20:21:58: Player "[YKZ]-BlackBear" (steam64id="76561198343030820" pos=<11082, 41.37, 8430.19>) DeployObject dp_guncabinetKit
20:22:15: Player "[YKZ]-BlackBear" (steam64id="76561198343030820" pos=<11080.9, 41.37, 8429.32>) DeployObject dp_gunrackKit
20:24:35: Player "[YKZ] Emissarius" (steam64id="76561198271087379" pos=<11083.2, 31.61, 8421.76>) DeployObject dp_weapons_stand_Kit
20:27:10: Player "[YKZ] Emissarius" (steam64id="76561198271087379" pos=<11084.9, 31.61, 8425.63>) DeployObject dp_trashcan_green
20:30:03: Player "[YKZ] Emissarius" (steam64id="76561198271087379" pos=<11092, 31.61, 8428.97>) DeployObject dp_box_big_Olive
20:31:17: Player "[HORDA]ThiagoPenna" (steam64id="76561198218822351" pos=<9962.2, 7.18, 11762.6>) DeployObject dp_trashcan_grey
20:31:34: Player "[HORDA]ThiagoPenna" (steam64id="76561198218822351" pos=<9962.53, 7.17, 11762.3>) DeployObject dp_trashcan_grey
20:32:03: Player "[YKZ] Emissarius" (steam64id="76561198271087379" pos=<11090.8, 31.61, 8430.36>) DeployObject dp_locker_blueKit
20:32:11: Player "[HORDA]ThiagoPenna" (steam64id="76561198218822351" pos=<9960.89, 7.24, 11760.7>) DeployObject CrateVIP
20:34:01: Player "[YKZ] Emissarius" (steam64id="76561198271087379" pos=<11087.6, 31.61, 8427.28>) DeployObject dp_gunrackKit
20:50:15: Player "[ONE] KARABULJHAN" (steam64id="76561198100527842" pos=<9552.93, 51.10, 12173>) DeployObject PowerGenerator
20:50:41: Player "[ONE] KARABULJHAN" (steam64id="76561198100527842" pos=<9551.51, 51.10, 12173>) DeployObject Spotlight
20:51:13: Player "[ONE] KARABULJHAN" (steam64id="76561198100527842" pos=<9551.54, 51.10, 12173.1>) DeployObject Spotlight
20:51:36: Player "[ONE] KARABULJHAN" (steam64id="76561198100527842" pos=<9551.69, 51.10, 12172.9>) DeployObject Spotlight
21:16:52: Player "[ONE] XxibahH" (steam64id="76561198165228070" pos=<9550.98, 48.44, 12175.5>) DeployObject CrateVIP
21:17:21: Player "CRD" (steam64id="76561199033852709" pos=<10747, 9.95, 13933.3>) DeployObject dp_locker_greenKit
21:17:57: Player "[YKZ]-BlackBear" (steam64id="76561198343030820" pos=<9538.59, 3.19, 9581.9>) DeployObject LandMineTrap
21:40:52: Player "[YAKUZA] -Roger" (steam64id="76561198152624992" pos=<9541.81, 7.21, 9660.11>) DeployObject LandMineTrap
22:08:54: Player "[HORDA]ThiagoPenna" (steam64id="76561198218822351" pos=<9954.61, 7.53, 11778.5>) DeployObject CrateVIP
22:21:32: Player "Obred" (steam64id="76561198258911731" pos=<8361.2, 1.61, 10417.4>) FoldBaseBuildingObject dp_wall_big
22:30:41: Player "[EB] alemao" (steam64id="76561198046653521" pos=<10479.7, 3.23, 9719.52>) DeployObject LandMineTrap
22:36:15: Player "Leo" (steam64id="76561199087497682" pos=<10409.9, 27.54, 12996.8>) DeployObject dp_locker_greenKit
23:26:05: Player "[HORDA]LUCASBR" (steam64id="76561198973828354" pos=<9955.31, 7.53, 11779.8>) DeployObject CrateVIP
23:29:39: Player "[YAKUZA] -Roger" (steam64id="76561198152624992" pos=<9565.1, 3.44, 9579.88>) DeployObject BearTrap
23:31:11: Player "[YAKUZA] -Roger" (steam64id="76561198152624992" pos=<9564.85, 3.54, 9580.47>) DeployObject BearTrap
23:31:38: Player "[YAKUZA] -Roger" (steam64id="76561198152624992" pos=<9562.82, 2.94, 9581.32>) DeployObject BearTrap
23:42:05: Player "[YAKUZA] -Roger" (steam64id="76561198152624992" pos=<9556.56, 6.07, 9588.27>) DismantlePart wall_wood_up
23:44:42: Player "[YKZ]-BlackBear" (steam64id="76561198343030820" pos=<11087, 35.24, 8426.37>) FoldBaseBuildingObject dp_door
23:47:26: Player "[YKZ]-BlackBear" (steam64id="76561198343030820" pos=<11087.8, 35.24, 8423.98>) DeployObject dp_metal_door_Kit
23:57:01: Player "[YKZ]-BlackBear" (steam64id="76561198343030820" pos=<11083.3, 11.11, 8432.61>) DeployObject dp_door_Kit
23:57:42: Player "[YKZ]-BlackBear" (steam64id="76561198343030820" pos=<11083.5, 11.11, 8432.35>) FoldBaseBuildingObject dp_door
23:58:02: Player "[YKZ]-BlackBear" (steam64id="76561198343030820" pos=<11083.4, 11.11, 8432.52>) DeployObject dp_door_Kit
