00:52:38: Player "Biel FxR" (steam64id="76561198050836260" pos=<7627.57, 12.20, 9817.31>) DeployObject dp_gunrackKit
00:57:46: Player "[DEV] KOREA" (steam64id="76561198253386609" pos=<10505.2, 16.04, 11785.9>) DeployObject dp_wall_big_Kit
00:59:15: Player "[DEV] KOREA" (steam64id="76561198253386609" pos=<10505.4, 16.07, 11785.6>) DeployObject dp_wall_big_Kit
01:19:31: Player "DangersPlay" (steam64id="76561198037868353" pos=<10563.8, 18.22, 13565.6>) DeployObject dp_door_Kit
01:20:59: Player "DangersPlay" (steam64id="76561198037868353" pos=<10566, 18.29, 13569.1>) DeployObject dp_window_sheild_kit
01:22:56: Player "DangersPlay" (steam64id="76561198037868353" pos=<10567.9, 18.06, 13557.6>) DeployObject dp_wall_big_Kit
01:25:19: Player "DangersPlay" (steam64id="76561198037868353" pos=<10559.5, 18.29, 13572.2>) DeployObject dp_wall_kit
01:34:51: Player "TcheLoco" (steam64id="76561198099449370" pos=<8536.44, 7.95, 11120.3>) DeployObject BearTrap
01:35:59: Player "OZIEL" (steam64id="76561199063596086" pos=<10431.2, 12.53, 11538.2>) DeployObject dp_box_big_Brown
01:36:30: Player "OZIEL" (steam64id="76561199063596086" pos=<10429.8, 12.53, 11540.6>) DeployObject dp_box_big_Brown
01:36:44: Player "OZIEL" (steam64id="76561199063596086" pos=<10429.3, 12.53, 11542.7>) DeployObject dp_box_big_Brown
01:40:54: Player "OZIEL" (steam64id="76561199063596086" pos=<10430, 12.53, 11548.7>) DeployObject FenceKit
01:45:44: Player "OZIEL" (steam64id="76561199063596086" pos=<10433.1, 12.53, 11546>) DeployObject FenceKit
01:48:29: Player "OZIEL" (steam64id="76561199063596086" pos=<10429.6, 12.53, 11515.4>) DeployObject FenceKit
01:50:20: Player "Seekerzao" (steam64id="76561198067793781" pos=<7899.19, 32.54, 9399.55>) DeployObject PowerGenerator
01:52:34: Player "OZIEL" (steam64id="76561199063596086" pos=<10425.8, 12.53, 11518.3>) DeployObject FenceKit
01:57:52: Player "OZIEL" (steam64id="76561199063596086" pos=<10429.7, 12.53, 11515.2>) DeployObject FenceKit
02:03:05: Player "OZIEL" (steam64id="76561199063596086" pos=<10429.6, 12.53, 11515>) DeployObject dp_refrigerator
02:03:35: Player "OZIEL" (steam64id="76561199063596086" pos=<10431.5, 12.53, 11515.8>) DeployObject dp_refrigerator
02:03:58: Player "OZIEL" (steam64id="76561199063596086" pos=<10429.7, 12.53, 11538.7>) DeployObject dp_refrigerator
02:04:12: Player "Seekerzao" (steam64id="76561198067793781" pos=<11322.5, 25.80, 12786.9>) DeployObject Fireplace
02:04:53: Player "OZIEL" (steam64id="76561199063596086" pos=<10428.4, 12.53, 11515.2>) DeployObject dp_box_big_Brown
02:05:04: Player "OZIEL" (steam64id="76561199063596086" pos=<10430, 12.53, 11514.3>) DeployObject dp_refrigerator
02:05:33: Player "OZIEL" (steam64id="76561199063596086" pos=<10431.6, 12.53, 11516.3>) DeployObject dp_refrigerator
02:06:21: Player "OZIEL" (steam64id="76561199063596086" pos=<10429.9, 12.53, 11549.2>) DeployObject FenceKit
02:13:58: Player "TripaSeca" (steam64id="76561198093060507" pos=<7632.34, 12.20, 9811.54>) DeployObject dp_locker_greenKit
02:14:54: Player "Biel FxR" (steam64id="76561198050836260" pos=<7632.29, 12.20, 9811.82>) DeployObject dp_locker_greenKit
02:15:35: Player "Biel FxR" (steam64id="76561198050836260" pos=<7632.38, 12.20, 9810.93>) DeployObject dp_gunrackKit
02:24:38: Player "OZIEL" (steam64id="76561199063596086" pos=<10434.2, 12.53, 11549.4>) DeployObject FenceKit
02:25:15: Player "OZIEL" (steam64id="76561199063596086" pos=<10434, 12.53, 11549>) DeployObject dp_box_big_Brown
02:25:39: Player "OZIEL" (steam64id="76561199063596086" pos=<10434.1, 12.53, 11549.2>) DeployObject dp_box_big_Brown
02:26:10: Player "OZIEL" (steam64id="76561199063596086" pos=<10436.3, 12.53, 11549.7>) DeployObject dp_refrigerator
02:26:51: Player "OZIEL" (steam64id="76561199063596086" pos=<10435.8, 12.53, 11550.5>) DeployObject dp_refrigerator
02:27:09: Player "OZIEL" (steam64id="76561199063596086" pos=<10434.9, 14.24, 11550.8>) FoldBaseBuildingObject Fence
02:27:31: Player "OZIEL" (steam64id="76561199063596086" pos=<10434.1, 12.53, 11549>) DeployObject FenceKit
02:28:28: Player "Cristof" (steam64id="76561198305968623" pos=<10911.1, 18.50, 13476.5>) DeployObject dp_gunrackKit
02:29:56: Player "Biel FxR" (steam64id="76561198050836260" pos=<7631.79, 12.20, 9810.8>) DeployObject WoodenCrate
02:30:17: Player "Biel FxR" (steam64id="76561198050836260" pos=<7631.53, 12.20, 9811.18>) DeployObject WoodenCrate
02:39:03: Player "OZIEL" (steam64id="76561199063596086" pos=<10431, 12.53, 11544>) DeployObject dp_refrigerator
02:39:13: Player "OZIEL" (steam64id="76561199063596086" pos=<10430.3, 12.53, 11545.4>) DeployObject dp_box_big_Brown
02:39:26: Player "OZIEL" (steam64id="76561199063596086" pos=<10432.6, 12.53, 11544.8>) DeployObject dp_box_big_Brown
03:36:36: Player "KILLERKAMPER82" (steam64id="76561198253810992" pos=<10022.3, 30.82, 12846.3>) DeployObject Fireplace
03:39:04: Player "KILLERKAMPER82" (steam64id="76561198253810992" pos=<10259.6, 22.46, 12833.2>) DeployObject dp_weapons_stand_Kit
04:11:10: Player "Biel FxR" (steam64id="76561198050836260" pos=<7632.82, 12.20, 9811.51>) DeployObject dp_weapons_stand_Kit
04:11:46: Player "Biel FxR" (steam64id="76561198050836260" pos=<7632.31, 12.20, 9810.94>) DeployObject dp_locker_grayKit
04:13:05: Player "Biel FxR" (steam64id="76561198050836260" pos=<7632.27, 12.20, 9812.97>) DeployObject dp_weapons_stand_Kit
04:13:37: Player "Biel FxR" (steam64id="76561198050836260" pos=<7631.3, 12.20, 9811.32>) DeployObject dp_locker_greenKit
04:21:05: Player "Biel FxR" (steam64id="76561198050836260" pos=<7630.08, 12.20, 9815.91>) DeployObject dp_trashcan_grey
06:43:55: Player "[DY] MOANA" (steam64id="76561198868590548" pos=<6585.11, 8.33, 7159.73>) DeployObject BearTrap
07:05:54: Player "[DY] MOANA" (steam64id="76561198868590548" pos=<10222.5, 36.59, 6293.61>) DeployObject LandMineTrap
09:13:17: Player "DangersPlay" (steam64id="76561198037868353" pos=<10542.9, 9.79, 13715.7>) DeployObject PowerGenerator
09:14:52: Player "DangersPlay" (steam64id="76561198037868353" pos=<10570.1, 18.11, 13583.8>) DeployObject PowerGenerator
09:15:20: Player "DangersPlay" (steam64id="76561198037868353" pos=<10575.7, 18.19, 13579.1>) DeployObject PowerGenerator
09:16:03: Player "DangersPlay" (steam64id="76561198037868353" pos=<10575, 18.19, 13577.6>) DeployObject Spotlight
10:08:31: Player "DangersPlay" (steam64id="76561198037868353" pos=<10575.6, 18.19, 13580>) DeployObject dp_refrigerator
10:08:42: Player "DangersPlay" (steam64id="76561198037868353" pos=<10575.8, 18.19, 13579.6>) DeployObject PowerGenerator
10:09:00: Player "DangersPlay" (steam64id="76561198037868353" pos=<10576.3, 18.19, 13575.3>) DeployObject Spotlight
10:11:13: Player "Miler" (steam64id="76561198798657985" pos=<9879.44, 8.97, 13099.4>) DeployObject dp_weapons_stand_Kit
10:23:45: Player "[L.B] ploodrinny" (steam64id="76561198312062387" pos=<7358.87, 18.46, 7135.23>) DeployObject dp_weapons_stand_Kit
10:40:38: Player "[L.B]Zeca" (steam64id="76561198211423224" pos=<7357.39, 18.46, 7134.86>) DeployObject dp_gunrackKit
11:28:03: Player "[L.B] Santorin" (steam64id="76561199069721527" pos=<7343.77, 14.33, 7139.84>) DeployObject dp_weapons_stand_Kit
11:28:20: Player "[L.B] Santorin" (steam64id="76561199069721527" pos=<7343.16, 14.33, 7138.54>) DeployObject dp_weapons_stand_Kit
11:29:11: Player "[L.B] ploodrinny" (steam64id="76561198312062387" pos=<7355.82, 18.46, 7134.57>) DeployObject dp_gunrackKit
11:34:39: Player "[L.B] Santorin" (steam64id="76561199069721527" pos=<7352.93, 14.33, 7141.69>) DeployObject FenceKit
11:37:20: Player "[L.B] Santorin" (steam64id="76561199069721527" pos=<7352.79, 14.30, 7143.46>) DeployObject dp_trashcan_blue
11:38:45: Player "[L.B] Santorin" (steam64id="76561199069721527" pos=<7353.84, 14.30, 7146.54>) DeployObject dp_trashcan_blue
11:40:32: Player "[L.B]Zeca" (steam64id="76561198211423224" pos=<7342.26, 14.33, 7136.42>) DeployObject Fireplace
11:41:50: Player "[L.B] Santorin" (steam64id="76561199069721527" pos=<7353.85, 14.42, 7145.03>) MountBarbedWire Fence
11:51:35: Player "[L.B] Santorin" (steam64id="76561199069721527" pos=<7353.04, 14.32, 7142.07>) MountBarbedWire Fence
12:17:06: Player "[L.B]Hunter" (steam64id="76561199247778251" pos=<10399, 22.46, 12731>) DeployObject dp_weapons_stand_Kit
14:07:51: Player "Biel FxR" (steam64id="76561198050836260" pos=<7632.59, 13.97, 9812.23>) DeployObject dp_trashcan_grey
14:08:36: Player "Biel FxR" (steam64id="76561198050836260" pos=<7632.78, 13.96, 9811.69>) DeployObject dp_trashcan_grey
14:09:16: Player "Biel FxR" (steam64id="76561198050836260" pos=<7628.22, 12.20, 9816.2>) DeployObject dp_trashcan_grey
14:21:41: Player "[G.M] O verdadeiro" (steam64id="76561198351631304" pos=<10115.9, 2.14, 9340.47>) DeployObject Barrel_Blue
14:32:01: Player "[HORDA]ThiagoPenna" (steam64id="76561198218822351" pos=<9558.11, 6.07, 9589.37>) DeployObject dp_weapons_stand_Kit
14:50:11: Player "[YKZ]-BlackBear" (steam64id="76561198343030820" pos=<6782.11, 32.02, 7530.68>) DeployObject BearTrap
14:54:06: Player "[L.B]Zeca" (steam64id="76561198211423224" pos=<7361.28, 18.46, 7133.31>) DeployObject dp_box_small_Brown
14:54:20: Player "[L.B]Zeca" (steam64id="76561198211423224" pos=<7362.08, 18.46, 7133.74>) DeployObject dp_box_small_Brown
14:59:38: Player "[YKZ]-BlackBear" (steam64id="76561198343030820" pos=<7680.65, 43.72, 6515.4>) DeployObject dp_workbench_Kit
15:18:18: Player "BRUXO" (steam64id="76561198140728342" pos=<9885.24, 3.48, 11777.9>) DeployObject dp_wall_big_Kit
15:18:43: Player "BRUXO" (steam64id="76561198140728342" pos=<9885.79, 3.40, 11777.5>) FoldBaseBuildingObject dp_wall_big
15:19:18: Player "BRUXO" (steam64id="76561198140728342" pos=<9885.33, 3.47, 11777.9>) DeployObject dp_wall_big_Kit
15:22:52: Player "BRUXO" (steam64id="76561198140728342" pos=<9882.03, 3.62, 11771.5>) DeployObject FenceKit
15:23:48: Player "Biel FxR" (steam64id="76561198050836260" pos=<7631.47, 12.20, 9810.67>) DeployObject dp_weapons_stand_Kit
15:24:22: Player "Biel FxR" (steam64id="76561198050836260" pos=<7603.88, 13.22, 9809.53>) DeployObject dp_workbench_Kit
15:24:24: Player "[DEV] KOREA" (steam64id="76561198253386609" pos=<9879.89, 3.57, 11774.4>) DestroyPart wall_wood_down
15:24:38: Player "[DEV] KOREA" (steam64id="76561198253386609" pos=<9879.89, 3.57, 11774.4>) DestroyPart wall_wood_down
15:26:07: Player "BRUXO" (steam64id="76561198140728342" pos=<9877.75, 3.55, 11776>) DeployObject dp_roof_Kit
15:26:49: Player "BRUXO" (steam64id="76561198140728342" pos=<9882.3, 3.61, 11776.1>) DismantlePart dp_roof
15:27:39: Player "BRUXO" (steam64id="76561198140728342" pos=<9879.31, 6.16, 11776.7>) DeployObject dp_roof_Kit
15:29:42: Player "[L.B]Zeca" (steam64id="76561198211423224" pos=<7362.25, 18.46, 7133.85>) DeployObject dp_box_big_Brown
15:30:00: Player "BRUXO" (steam64id="76561198140728342" pos=<9883.84, 3.57, 11775.6>) DeployObject dp_metal_door_Kit
15:31:41: Player "BRUXO" (steam64id="76561198140728342" pos=<9883.59, 3.57, 11779.2>) DeployObject FenceKit
15:31:45: Player "[L.B]Zeca" (steam64id="76561198211423224" pos=<7357.99, 14.33, 7139.8>) DeployObject dp_trashcan_blue
15:32:26: Player "BRUXO" (steam64id="76561198140728342" pos=<9883.38, 3.58, 11779.2>) DeployObject FenceKit
15:33:35: Player "BRUXO" (steam64id="76561198140728342" pos=<9883.5, 3.58, 11776.2>) DeployObject FenceKit
15:34:24: Player "BRUXO" (steam64id="76561198140728342" pos=<9884.16, 3.53, 11780.2>) DeployObject FenceKit
15:36:50: Player "BRUXO" (steam64id="76561198140728342" pos=<9877.28, 3.53, 11775.3>) DeployObject FenceKit
15:39:37: Player "BRUXO" (steam64id="76561198140728342" pos=<9881.48, 3.60, 11776>) DeployObject FenceKit
15:40:25: Player "BRUXO" (steam64id="76561198140728342" pos=<9883.39, 3.59, 11775.7>) DeployObject dp_door_Kit
15:40:55: Player "BRUXO" (steam64id="76561198140728342" pos=<9884.55, 3.55, 11778.1>) FoldBaseBuildingObject Fence
15:41:12: Player "BRUXO" (steam64id="76561198140728342" pos=<9882.09, 3.61, 11776.3>) DeployObject FenceKit
15:41:53: Player "BRUXO" (steam64id="76561198140728342" pos=<9878.22, 3.55, 11775.1>) DeployObject FenceKit
15:43:07: Player "BRUXO" (steam64id="76561198140728342" pos=<9881.66, 3.61, 11775>) DeployObject dp_door_Kit
15:44:01: Player "BRUXO" (steam64id="76561198140728342" pos=<9879.62, 3.57, 11774.5>) DeployObject dp_door_Kit
15:44:43: Player "BRUXO" (steam64id="76561198140728342" pos=<9878.1, 3.54, 11773.9>) DeployObject dp_door_Kit
15:45:31: Player "BRUXO" (steam64id="76561198140728342" pos=<9877.59, 3.55, 11777>) DeployObject FenceKit
15:46:36: Player "BRUXO" (steam64id="76561198140728342" pos=<9876.51, 3.40, 11774.4>) DeployObject FenceKit
15:47:21: Player "BRUXO" (steam64id="76561198140728342" pos=<9877.63, 3.53, 11773.7>) DeployObject dp_door_Kit
15:49:01: Player "BRUXO" (steam64id="76561198140728342" pos=<9884.62, 3.50, 11779.6>) DeployObject FenceKit
15:49:38: Player "BRUXO" (steam64id="76561198140728342" pos=<9883.82, 3.56, 11779.1>) DeployObject FenceKit
15:50:19: Player "BRUXO" (steam64id="76561198140728342" pos=<9884.56, 3.50, 11779.3>) DeployObject FenceKit
15:51:18: Player "BRUXO" (steam64id="76561198140728342" pos=<9882.17, 6.13, 11778.3>) DeployObject FenceKit
15:52:07: Player "Hacan121" (steam64id="76561198345012092" pos=<6811.74, 34.18, 7489.71>) DeployObject BearTrap
15:52:59: Player "BRUXO" (steam64id="76561198140728342" pos=<9879.27, 3.57, 11778.3>) DeployObject FenceKit
15:55:49: Player "BRUXO" (steam64id="76561198140728342" pos=<9876.03, 3.36, 11765.3>) DeployObject CarTent
15:56:02: Player "BRUXO" (steam64id="76561198140728342" pos=<9871.4, 3.43, 11762.4>) DeployObject CarTent
15:57:31: Player "BRUXO" (steam64id="76561198140728342" pos=<9857.57, 14.80, 11769.2>) DeployObject dp_gunrackKit
15:57:34: Player "OZIEL" (steam64id="76561199063596086" pos=<10430.1, 12.53, 11548.9>) DeployObject dp_box_big_Brown
15:57:45: Player "BRUXO" (steam64id="76561198140728342" pos=<9858.59, 14.80, 11769.5>) DeployObject dp_gunrackKit
15:57:50: Player "OZIEL" (steam64id="76561199063596086" pos=<10430.4, 12.53, 11549.5>) DeployObject dp_refrigerator
15:57:56: Player "BRUXO" (steam64id="76561198140728342" pos=<9857.66, 14.80, 11769.2>) DeployObject dp_gunrackKit
15:58:10: Player "BRUXO" (steam64id="76561198140728342" pos=<9860.87, 14.80, 11766.7>) DeployObject dp_weapons_stand_Kit
15:58:25: Player "BRUXO" (steam64id="76561198140728342" pos=<9858.17, 14.80, 11765.7>) DeployObject dp_weapons_stand_Kit
15:58:37: Player "BRUXO" (steam64id="76561198140728342" pos=<9858.71, 14.80, 11765.5>) DeployObject dp_weapons_stand_Kit
16:19:51: Player "web gado" (steam64id="76561199123625009" pos=<10425.7, 12.53, 11531.6>) DeployObject dp_guncabinetKit
16:23:31: Player "netttto no drip" (steam64id="76561198859086815" pos=<10427.3, 12.53, 11549.3>) DeployObject dp_refrigerator
16:25:19: Player "netttto no drip" (steam64id="76561198859086815" pos=<10425.8, 12.53, 11522.3>) DeployObject FenceKit
16:26:56: Player "netttto no drip" (steam64id="76561198859086815" pos=<10425.7, 12.53, 11526.6>) DeployObject FenceKit
16:28:38: Player "netttto no drip" (steam64id="76561198859086815" pos=<10425.9, 12.53, 11514.2>) DeployObject FenceKit
16:30:27: Player "netttto no drip" (steam64id="76561198859086815" pos=<10432.4, 12.53, 11514.5>) DeployObject FenceKit
16:32:17: Player "netttto no drip" (steam64id="76561198859086815" pos=<10433.3, 12.53, 11518.4>) DeployObject FenceKit
16:33:42: Player "netttto no drip" (steam64id="76561198859086815" pos=<10432.8, 12.53, 11522.6>) DeployObject FenceKit
16:35:00: Player "netttto no drip" (steam64id="76561198859086815" pos=<10432.9, 12.53, 11527.5>) DeployObject FenceKit
16:35:12: Player "netttto no drip" (steam64id="76561198859086815" pos=<10435.1, 12.53, 11526.5>) FoldBaseBuildingObject Fence
16:36:53: Player "OZIEL" (steam64id="76561199063596086" pos=<10435.3, 12.53, 11540.1>) DeployObject dp_wall_big_Kit
16:41:30: Player "OZIEL" (steam64id="76561199063596086" pos=<10423.7, 12.53, 11523.9>) DismantlePart base
16:42:22: Player "OZIEL" (steam64id="76561199063596086" pos=<10423.5, 12.53, 11528.6>) DismantlePart base
16:45:19: Player "netttto no drip" (steam64id="76561198859086815" pos=<10424, 12.53, 11520.1>) DismantlePart wall_wood_down
16:45:39: Player "netttto no drip" (steam64id="76561198859086815" pos=<10424, 12.53, 11520>) DismantlePart wall_base_up
16:46:02: Player "netttto no drip" (steam64id="76561198859086815" pos=<10424, 12.53, 11520>) DismantlePart wall_base_down
16:46:36: Player "OZIEL" (steam64id="76561199063596086" pos=<10423.4, 12.53, 11516.8>) DismantlePart base
16:47:00: Player "OZIEL" (steam64id="76561199063596086" pos=<10423.6, 12.53, 11516.5>) DismantlePart base
16:47:34: Player "OZIEL" (steam64id="76561199063596086" pos=<10424.4, 12.53, 11516.7>) DeployObject dp_wall_big_Kit
16:50:41: Player "OZIEL" (steam64id="76561199063596086" pos=<10424.8, 12.53, 11525.9>) DeployObject dp_wall_big_Kit
16:53:04: Player "Kablowsky" (steam64id="76561198034100337" pos=<10067.8, 4.10, 14523.7>) DeployObject dp_weapons_stand_Kit
17:04:26: Player "[YKZ]-BlackBear" (steam64id="76561198343030820" pos=<9947.6, 5.62, 11611.8>) DeployObject Fireplace
17:04:40: Player "[HORDA]ThiagoPenna" (steam64id="76561198218822351" pos=<9558.04, 2.94, 9586.79>) DeployObject WoodenCrate
17:32:16: Player "[G.M] O verdadeiro" (steam64id="76561198351631304" pos=<10115, 2.00, 9343.65>) DeployObject Barrel_Blue
17:37:11: Player "Leg1tzera" (steam64id="76561198285241998" pos=<10764.5, 11.48, 13580.6>) DeployObject dp_gunrackKit
17:47:05: Player "RonaldoHell" (steam64id="76561198067535800" pos=<11775.2, 25.67, 6565.95>) DeployObject dp_weapons_stand_Kit
17:52:30: Player "Biel FxR" (steam64id="76561198050836260" pos=<7628.22, 12.20, 9816.24>) DeployObject dp_weapons_stand_Kit
17:53:17: Player "Biel FxR" (steam64id="76561198050836260" pos=<7629.97, 12.20, 9816.04>) DeployObject dp_trashcan_grey
17:54:33: Player "Biel FxR" (steam64id="76561198050836260" pos=<7630.06, 12.20, 9816.76>) DeployObject dp_weapons_stand_Kit
17:55:49: Player "Biel FxR" (steam64id="76561198050836260" pos=<7628.07, 12.20, 9816.55>) DeployObject dp_weapons_stand_Kit
17:59:21: Player "Biel FxR" (steam64id="76561198050836260" pos=<7627.31, 12.20, 9816.72>) DeployObject dp_weapons_stand_Kit
18:00:07: Player "[YKZ]-Notsniw" (steam64id="76561197967151252" pos=<11085.6, 35.24, 8432.16>) DeployObject dp_weapons_stand_Kit
18:00:10: Player "Biel FxR" (steam64id="76561198050836260" pos=<7627.04, 12.20, 9816.6>) DeployObject dp_weapons_stand_Kit
18:00:51: Player "[YKZ]-BlackBear" (steam64id="76561198343030820" pos=<11083.6, 35.24, 8422.75>) DeployObject dp_box_small_Brown
18:00:58: Player "Biel FxR" (steam64id="76561198050836260" pos=<7625.21, 12.20, 9814.56>) DeployObject dp_weapons_stand_Kit
18:01:13: Player "[YKZ]-BlackBear" (steam64id="76561198343030820" pos=<11083.9, 35.24, 8424.19>) DeployObject dp_box_small_Brown
18:01:24: Player "[YKZ]-BlackBear" (steam64id="76561198343030820" pos=<11085.1, 35.24, 8422.85>) DeployObject dp_box_small_Brown
18:01:51: Player "Biel FxR" (steam64id="76561198050836260" pos=<7625.21, 12.20, 9814.58>) DeployObject dp_weapons_stand_Kit
18:05:46: Player "[HORDA]ThiagoPenna" (steam64id="76561198218822351" pos=<9558.25, 2.94, 9586.2>) DeployObject Fireplace
18:06:02: Player "Biel FxR" (steam64id="76561198050836260" pos=<7625.8, 12.20, 9813.08>) DeployObject dp_gunrackKit
18:09:29: Player "Biel FxR" (steam64id="76561198050836260" pos=<7632.16, 12.20, 9811.18>) DeployObject dp_locker_grayKit
18:11:47: Player "Biel FxR" (steam64id="76561198050836260" pos=<7632.28, 12.20, 9810.71>) DeployObject dp_locker_grayKit
18:12:18: Player "Biel FxR" (steam64id="76561198050836260" pos=<7632.03, 12.20, 9810.84>) DeployObject dp_locker_grayKit
18:13:55: Player "Biel FxR" (steam64id="76561198050836260" pos=<7633.05, 12.20, 9811.32>) DeployObject dp_locker_blueKit
18:15:34: Player "Biel FxR" (steam64id="76561198050836260" pos=<7632.93, 12.20, 9811.15>) DeployObject dp_locker_greenKit
18:19:39: Player "[YKZ]-BlackBear" (steam64id="76561198343030820" pos=<11904.2, 15.01, 7540.47>) DeployObject dp_trashcan_blue
18:19:59: Player "TripaSeca" (steam64id="76561198093060507" pos=<7628.45, 13.10, 9815.38>) DeployObject FenceKit
18:23:22: Player "TripaSeca" (steam64id="76561198093060507" pos=<7629.19, 12.20, 9817.58>) DeployObject dp_trashcan_grey
18:24:32: Player "TripaSeca" (steam64id="76561198093060507" pos=<7628.03, 12.20, 9816.92>) DeployObject dp_trashcan_grey
18:32:20: Player "Biel FxR" (steam64id="76561198050836260" pos=<7626.92, 12.20, 9813.32>) DeployObject WoodenCrate
18:34:30: Player "TripaSeca" (steam64id="76561198093060507" pos=<7621.77, 13.22, 9812.73>) DeployObject dp_trashcan_grey
18:35:22: Player "Biel FxR" (steam64id="76561198050836260" pos=<7620.74, 13.22, 9812>) DeployObject dp_trashcan_grey
18:37:11: Player "Seekerzao" (steam64id="76561198067793781" pos=<9784.43, 11.00, 12639.6>) DeployObject dp_gunrackKit
18:37:30: Player "TripaSeca" (steam64id="76561198093060507" pos=<7621.51, 15.49, 9811.72>) DeployObject FenceKit
18:38:48: Player "TripaSeca" (steam64id="76561198093060507" pos=<7622.92, 13.22, 9810.21>) DeployObject dp_workbench_Kit
18:40:32: Player "TripaSeca" (steam64id="76561198093060507" pos=<7620.63, 13.22, 9811.95>) DeployObject dp_workbench_Kit
18:40:56: Player "TripaSeca" (steam64id="76561198093060507" pos=<7620.79, 13.22, 9812.17>) DeployObject dp_trashcan_grey
18:41:58: Player "Biel FxR" (steam64id="76561198050836260" pos=<7622.65, 13.22, 9809.85>) DeployObject dp_locker_greenKit
18:42:18: Player "TripaSeca" (steam64id="76561198093060507" pos=<7622.73, 13.22, 9811>) DeployObject dp_trashcan_grey
18:42:48: Player "Biel FxR" (steam64id="76561198050836260" pos=<7622.11, 13.22, 9812.39>) DeployObject dp_trashcan_grey
18:43:35: Player "Biel FxR" (steam64id="76561198050836260" pos=<7622.14, 13.22, 9811.85>) DeployObject dp_trashcan_grey
18:44:24: Player "Biel FxR" (steam64id="76561198050836260" pos=<7622.24, 13.22, 9811.85>) DeployObject dp_trashcan_grey
18:47:20: Player "TripaSeca" (steam64id="76561198093060507" pos=<7622.29, 13.22, 9808.53>) DeployObject dp_trashcan_grey
18:48:09: Player "TripaSeca" (steam64id="76561198093060507" pos=<7623.07, 13.22, 9806.68>) DeployObject dp_locker_greenKit
18:49:26: Player "TripaSeca" (steam64id="76561198093060507" pos=<7624.41, 14.05, 9808.6>) DeployObject FenceKit
18:51:13: Player "TripaSeca" (steam64id="76561198093060507" pos=<7624, 13.22, 9806.7>) DeployObject dp_trashcan_grey
18:51:33: Player "TripaSeca" (steam64id="76561198093060507" pos=<7625.28, 13.22, 9807.32>) DeployObject dp_trashcan_grey
18:53:23: Player "TripaSeca" (steam64id="76561198093060507" pos=<7617.83, 13.22, 9817.98>) DeployObject dp_workbench_Kit
18:55:19: Player "Hacan121" (steam64id="76561198345012092" pos=<7629.5, 12.20, 9814.36>) DeployObject WoodenCrate
18:55:35: Player "Hacan121" (steam64id="76561198345012092" pos=<7630.05, 12.20, 9814.04>) DeployObject WoodenCrate
18:55:59: Player "Hacan121" (steam64id="76561198345012092" pos=<7629.78, 12.20, 9813.73>) DeployObject WoodenCrate
18:56:39: Player "Hacan121" (steam64id="76561198345012092" pos=<7625.33, 12.20, 9814.11>) DeployObject dp_refrigerator
19:52:07: Player "[YKZ]-BlackBear" (steam64id="76561198343030820" pos=<11081.9, 41.70, 8422.15>) DeployObject dp_box_big_Tan
19:53:08: Player "[YKZ]-BlackBear" (steam64id="76561198343030820" pos=<11080.5, 41.37, 8426.11>) DeployObject dp_box_big_Brown
19:53:31: Player "[YKZ]-BlackBear" (steam64id="76561198343030820" pos=<11080, 41.37, 8425.61>) DeployObject dp_box_big_Brown
19:53:35: Player "Emissarius" (steam64id="76561198271087379" pos=<11083.8, 35.24, 8422.62>) DeployObject dp_trashcan_blue
19:55:51: Player "[YKZ]-BlackBear" (steam64id="76561198343030820" pos=<11080.6, 41.37, 8423.94>) DeployObject dp_box_small_Brown
20:35:51: Player "[ORDA]KAS" (steam64id="76561199202697738" pos=<9557.47, 2.94, 9588.08>) DeployObject WoodenCrate
20:44:43: Player "Tifa Lockheart" (steam64id="76561198171865554" pos=<10730.3, 9.73, 12138.1>) DeployObject dp_gunrackKit
20:55:26: Player "[L.B] Lrk" (steam64id="76561198021843024" pos=<7360.96, 18.46, 7134.38>) DeployObject dp_box_small_Brown
20:55:51: Player "sarna do capeta" (steam64id="76561198287067059" pos=<10660.8, 9.34, 12065.2>) DeployObject dp_weapons_stand_Kit
20:57:11: Player "[L.B] Lrk" (steam64id="76561198021843024" pos=<7362.05, 18.46, 7133.8>) DeployObject dp_box_big_Brown
20:57:39: Player "sarna do capeta" (steam64id="76561198287067059" pos=<10730.7, 10.06, 12090.5>) DeployObject dp_waterbarrel_kit
21:04:41: Player "[L.B] Lrk" (steam64id="76561198021843024" pos=<7358.14, 14.33, 7139.67>) DeployObject dp_trashcan_blue
21:29:25: Player "KillYou3000" (steam64id="76561199079606464" pos=<8508.64, 12.50, 11063.9>) DeployObject dp_locker_greenKit
21:36:49: Player "felps" (steam64id="76561198892779186" pos=<10345.4, 4.65, 8827.62>) DeployObject dp_locker_greenKit
21:43:27: Player "[L.B]TropaDoEnguisa" (steam64id="76561198211423224" pos=<7361.42, 18.46, 7133.53>) DeployObject dp_box_small_Brown
22:06:08: Player "SHIKIABUMBA" (steam64id="76561198157696156" pos=<10789, 13.92, 11951.9>) DeployObject dp_gunrackKit
22:14:13: Player "chunney" (steam64id="76561198371451103" pos=<7169.79, 11.26, 8749.5>) DeployObject dp_weapons_stand_Kit
22:16:29: Player "Emissarius" (steam64id="76561198271087379" pos=<11086.2, 31.61, 8425.78>) DeployObject dp_door_Kit
22:47:02: Player "Duerowww" (steam64id="76561198259492425" pos=<7394.69, 31.55, 8200.42>) DeployObject FenceKit
22:51:52: Player "Emissarius" (steam64id="76561198271087379" pos=<11090.2, 31.61, 8422>) DeployObject dp_locker_greenKit
22:53:31: Player "ttuker" (steam64id="76561198971813376" pos=<7394.79, 31.55, 8198.67>) MountBarbedWire Fence
22:54:33: Player "ttuker" (steam64id="76561198971813376" pos=<7395.58, 31.62, 8201.67>) MountBarbedWire Fence
22:56:32: Player "Duerowww" (steam64id="76561198259492425" pos=<7390.26, 31.26, 8184.66>) DeployObject LandMineTrap
23:04:09: Player "Emissarius" (steam64id="76561198271087379" pos=<11085.3, 31.61, 8425.81>) DeployObject dp_trashcan_green
23:04:48: Player "Emissarius" (steam64id="76561198271087379" pos=<11083.8, 31.89, 8421.28>) DeployObject PartyTent
23:05:38: Player "Emissarius" (steam64id="76561198271087379" pos=<11084.4, 31.61, 8421.38>) DeployObject Fireplace
23:09:42: Player "Spawn" (steam64id="76561198079935580" pos=<11638.2, 25.66, 7810.26>) DeployObject dp_waterbarrel_kit
23:28:40: Player "Biel FxR" (steam64id="76561198050836260" pos=<7624.16, 13.16, 9814.02>) DeployObject dp_door_Kit
23:30:08: Player "G A T O" (steam64id="76561199207813177" pos=<7550.95, 35.24, 7896.9>) DeployObject CarTent
23:34:35: Player "G A T O" (steam64id="76561199207813177" pos=<7548.51, 35.24, 7900.6>) DeployObject dp_gunrackKit
23:41:55: Player "G A T O" (steam64id="76561199207813177" pos=<7550.86, 28.05, 7900.16>) DeployObject FenceKit
23:42:55: Player "G A T O" (steam64id="76561199207813177" pos=<7549.62, 35.24, 7900.52>) DeployObject dp_box_big_Brown
23:50:21: Player "G A T O" (steam64id="76561199207813177" pos=<7552.9, 28.05, 7895.25>) DeployObject FenceKit
23:51:14: Player "[YKZ]-BlackBear" (steam64id="76561198343030820" pos=<11088.6, 35.24, 8419.47>) DeployObject dp_locker_greenKit
23:52:20: Player "[MOD] OZIEL" (steam64id="76561199063596086" pos=<10429.1, 12.82, 11533.6>) DeployObject LargeTent
23:54:18: Player "[MOD] OZIEL" (steam64id="76561199063596086" pos=<10433.6, 12.92, 11542.1>) DeployObject CarTent
23:57:05: Player "Passo Largo" (steam64id="76561199203652654" pos=<7562.97, 29.04, 7909.26>) DeployObject FenceKit
