00:10:40: Player "[ONE] JAPA" (steam64id="76561198161060673" pos=<7875.94, 30.99, 7426.62>) DeployObject FenceKit
00:11:59: Player "[ONE] JAPA" (steam64id="76561198161060673" pos=<7872.59, 31.22, 7420.86>) DeployObject FenceKit
00:13:07: Player "[ONE] JAPA" (steam64id="76561198161060673" pos=<7861.65, 31.23, 7423.77>) DeployObject FenceKit
00:13:33: Player "[ONE] JAPA" (steam64id="76561198161060673" pos=<7866.06, 31.16, 7424.45>) DeployObject FenceKit
00:17:33: Player "Biel FxR" (steam64id="76561198050836260" pos=<7624.73, 12.61, 9812.41>) DeployObject dp_weapons_stand_Kit
00:19:42: Player "AiPolly" (steam64id="76561198072574279" pos=<10469, 3.54, 9688.25>) DeployObject BearTrap
00:20:12: Player "AiPolly" (steam64id="76561198072574279" pos=<10478.3, 3.17, 9714.55>) DeployObject BearTrap
00:20:49: Player "o velho peludo" (steam64id="76561198843547059" pos=<10447.4, 2.87, 9683.96>) DeployObject BearTrap
00:23:57: Player "[ONE] XxibahH" (steam64id="76561198165228070" pos=<7886.07, 30.86, 7427.27>) DeployObject BatteryCharger
00:26:28: Player "[ONE] JAPA" (steam64id="76561198161060673" pos=<7867.69, 31.14, 7424.72>) DeployObject FenceKit
00:27:01: Player "[ONE] JAPA" (steam64id="76561198161060673" pos=<7871.97, 31.06, 7425.83>) DeployObject FenceKit
00:27:10: Player "[ONE] KARABULJHAN" (steam64id="76561198100527842" pos=<7867.01, 31.33, 7419.77>) DeployObject FenceKit
00:27:59: Player "[ONE] JAPA" (steam64id="76561198161060673" pos=<7865.79, 32.71, 7420.77>) FoldBaseBuildingObject Fence
00:28:18: Player "[ONE] JAPA" (steam64id="76561198161060673" pos=<7867.62, 31.29, 7420.59>) DeployObject FenceKit
00:29:16: Player "[ONE] JAPA" (steam64id="76561198161060673" pos=<7867.03, 31.34, 7419.17>) DeployObject FenceKit
00:29:54: Player "[ONE] JAPA" (steam64id="76561198161060673" pos=<7870.87, 31.24, 7420.81>) DeployObject FenceKit
00:35:31: Player "[ONE] JAPA" (steam64id="76561198161060673" pos=<7870.33, 31.08, 7425.54>) DeployObject FenceKit
00:35:57: Player "[ONE] JAPA" (steam64id="76561198161060673" pos=<7873.95, 31.02, 7426.25>) DeployObject FenceKit
00:36:13: Player "[ONE] JAPA" (steam64id="76561198161060673" pos=<7876.3, 30.98, 7426.94>) DeployObject FenceKit
00:37:40: Player "[ONE] JAPA" (steam64id="76561198161060673" pos=<7872.02, 31.06, 7425.77>) DeployObject FenceKit
00:38:35: Player "[ONE] JAPA" (steam64id="76561198161060673" pos=<7872.83, 31.23, 7420.54>) DeployObject FenceKit
00:46:22: Player "MR.nacho" (steam64id="76561198273652820" pos=<10757.5, 30.88, 13150.4>) DeployObject dp_box_big_Tan
01:01:32: Player "[ONE] JAPA" (steam64id="76561198161060673" pos=<7875.48, 31.32, 7417.87>) DeployObject dp_box_big_Grey
01:02:10: Player "[ONE] JAPA" (steam64id="76561198161060673" pos=<7877.1, 31.29, 7418.08>) DeployObject dp_box_big_Grey
01:02:31: Player "[ONE] JAPA" (steam64id="76561198161060673" pos=<7877.15, 31.30, 7418>) DeployObject dp_box_big_Grey
01:08:05: Player "[ONE] JAPA" (steam64id="76561198161060673" pos=<7878.75, 31.27, 7418.32>) DeployObject dp_box_big_Grey
01:09:10: Player "[ONE] JAPA" (steam64id="76561198161060673" pos=<7880.27, 31.24, 7418.75>) DeployObject CrateVIP
01:09:42: Player "[ONE] JAPA" (steam64id="76561198161060673" pos=<7880.7, 31.24, 7418.64>) DeployObject CrateVIP
01:10:05: Player "[ONE] JAPA" (steam64id="76561198161060673" pos=<7880.68, 31.23, 7418.94>) DeployObject CrateVIP
01:10:23: Player "[ONE] JAPA" (steam64id="76561198161060673" pos=<7866.79, 31.32, 7419.63>) DeployObject dp_refrigerator
01:10:52: Player "[ONE] JAPA" (steam64id="76561198161060673" pos=<7867.06, 31.34, 7419.07>) DeployObject dp_refrigerator
01:11:09: Player "[ONE] JAPA" (steam64id="76561198161060673" pos=<7867.01, 31.34, 7419.22>) DeployObject dp_refrigerator
01:11:31: Player "[ONE] JAPA" (steam64id="76561198161060673" pos=<7866.99, 31.32, 7419.69>) DeployObject dp_refrigerator
01:11:47: Player "[ONE] JAPA" (steam64id="76561198161060673" pos=<7866.75, 31.30, 7420.28>) DeployObject dp_refrigerator
01:12:06: Player "[ONE] JAPA" (steam64id="76561198161060673" pos=<7867.09, 31.30, 7420.3>) DeployObject dp_refrigerator
01:12:29: Player "[ONE] JAPA" (steam64id="76561198161060673" pos=<7866.61, 31.28, 7420.82>) DeployObject dp_refrigerator
01:12:49: Player "[ONE] JAPA" (steam64id="76561198161060673" pos=<7866.55, 31.26, 7421.6>) DeployObject dp_refrigerator
01:13:41: Player "[ONE] JAPA" (steam64id="76561198161060673" pos=<7882.62, 31.21, 7419>) DeployObject dp_weapons_stand_Kit
01:14:14: Player "[ONE] JAPA" (steam64id="76561198161060673" pos=<7884.55, 31.16, 7419.91>) DeployObject dp_weapons_stand_Kit
01:14:42: Player "[ONE] JAPA" (steam64id="76561198161060673" pos=<7887.08, 31.10, 7420.86>) DeployObject dp_weapons_stand_Kit
01:15:09: Player "[ONE] JAPA" (steam64id="76561198161060673" pos=<7887.74, 31.14, 7419.86>) DeployObject dp_weapons_stand_Kit
01:16:22: Player "ttuker" (steam64id="76561198971813376" pos=<7392.82, 31.85, 8203.22>) DeployObject PartyTent_Brown
01:22:14: Player "MR.nacho" (steam64id="76561198273652820" pos=<10485.5, 17.60, 11830>) DeployObject ShelterKit
01:36:22: Player "MR.nacho" (steam64id="76561198273652820" pos=<10483.5, 17.60, 11824.2>) DeployObject FenceKit
01:46:19: Player "ttuker" (steam64id="76561198971813376" pos=<7394.66, 31.86, 8202.51>) DeployObject PartyTent_Brown
01:48:14: Player "Duerowww" (steam64id="76561198259492425" pos=<7391.17, 31.55, 8200.11>) DismantlePart dp_roof_stairs
01:48:28: Player "[ONE] KARABULJHAN" (steam64id="76561198100527842" pos=<7891.37, 30.88, 7425.98>) DeployObject dp_refrigerator
01:49:08: Player "Duerowww" (steam64id="76561198259492425" pos=<7393.92, 31.55, 8202.99>) DismantlePart dp_base_r
01:49:08: Player "[ONE] KARABULJHAN" (steam64id="76561198100527842" pos=<7890.91, 30.88, 7425.96>) DeployObject dp_refrigerator
01:49:44: Player "[ONE] KARABULJHAN" (steam64id="76561198100527842" pos=<7890.14, 30.89, 7425.76>) DeployObject dp_refrigerator
01:50:16: Player "[ONE] JAPA" (steam64id="76561198161060673" pos=<7866.94, 31.33, 7419.57>) DeployObject dp_box_big_Olive
01:50:18: Player "[ONE] KARABULJHAN" (steam64id="76561198100527842" pos=<7889.73, 30.91, 7424.92>) DeployObject dp_refrigerator
01:50:57: Player "[ONE] KARABULJHAN" (steam64id="76561198100527842" pos=<7890.68, 30.88, 7425.49>) DeployObject dp_refrigerator
01:51:32: Player "[ONE] KARABULJHAN" (steam64id="76561198100527842" pos=<7891.66, 30.87, 7425.59>) DeployObject dp_refrigerator
01:51:48: Player "ttuker" (steam64id="76561198971813376" pos=<7393.52, 31.55, 8200.95>) DismantlePart wall_wood_up
01:52:07: Player "ttuker" (steam64id="76561198971813376" pos=<7393.52, 31.55, 8200.95>) DismantlePart wall_base_up
01:52:25: Player "ttuker" (steam64id="76561198971813376" pos=<7393.52, 31.55, 8200.94>) DismantlePart wall_wood_down
01:52:43: Player "ttuker" (steam64id="76561198971813376" pos=<7393.52, 31.55, 8200.94>) DismantlePart wall_base_down
01:53:16: Player "ttuker" (steam64id="76561198971813376" pos=<7393.48, 31.55, 8201.71>) DismantlePart base
01:55:57: Player "MR.nacho" (steam64id="76561198273652820" pos=<10484.8, 17.60, 11824.6>) DeployObject FenceKit
01:57:15: Player "MenoDuLins" (steam64id="76561198057614573" pos=<9657.88, 7.81, 12262.5>) DeployObject PowerGenerator
01:57:23: Player "MenoDuLins" (steam64id="76561198057614573" pos=<9657.74, 7.81, 12260.9>) DeployObject PowerGenerator
01:57:57: Player "ttuker" (steam64id="76561198971813376" pos=<7392.07, 31.55, 8198.73>) DeployObject dp_window_sheild_kit
01:58:43: Player "BobLeeSuado" (steam64id="76561198841801794" pos=<9336.95, 27.61, 8168.63>) DeployObject Fireplace
02:01:52: Player "ttuker" (steam64id="76561198971813376" pos=<7392.44, 31.55, 8198.48>) DismantlePart dp_window
02:02:10: Player "ttuker" (steam64id="76561198971813376" pos=<7392.44, 31.55, 8198.48>) DismantlePart dp_base_ws
02:38:23: Player "ttuker" (steam64id="76561198971813376" pos=<7391.21, 31.55, 8201.9>) DeployObject dp_box_big_Tan
02:38:51: Player "ttuker" (steam64id="76561198971813376" pos=<7391.6, 31.55, 8201.4>) DeployObject dp_box_big_Tan
02:42:11: Player "ttuker" (steam64id="76561198971813376" pos=<7392.02, 31.55, 8201.73>) DeployObject dp_box_big_Tan
02:44:08: Player "ttuker" (steam64id="76561198971813376" pos=<7389.62, 31.55, 8200.86>) DeployObject WoodenCrate
02:51:05: Player "ttuker" (steam64id="76561198971813376" pos=<7389.67, 31.55, 8202.13>) DeployObject dp_box_big_Tan
03:06:18: Player "Vinycin" (steam64id="76561198989132464" pos=<10832.6, 9.88, 12011.7>) DeployObject dp_locker_greenKit
03:20:25: Player "Death Dealler" (steam64id="76561198257760225" pos=<10405.7, 6.15, 10809.1>) DeployObject dp_locker_grayKit
03:38:46: Player "Death Dealler" (steam64id="76561198257760225" pos=<10448.1, 2.86, 9681.12>) DeployObject BearTrap
03:53:37: Player "Duerowww" (steam64id="76561198259492425" pos=<7390.9, 31.55, 8201.55>) DeployObject dp_weapons_stand_Kit
03:57:15: Player "ttuker" (steam64id="76561198971813376" pos=<7395.72, 31.71, 8202.33>) DeployObject Fireplace
03:58:42: Player "ttuker" (steam64id="76561198971813376" pos=<7391.83, 31.93, 8200.51>) DeployObject Fireplace
04:08:46: Player "Death Dealler" (steam64id="76561198257760225" pos=<9578.41, 27.26, 8154.47>) DeployObject LandMineTrap
04:14:11: Player "Death Dealler" (steam64id="76561198257760225" pos=<9975.03, 27.21, 8132.54>) DeployObject LandMineTrap
04:29:02: Player "[YKZ]-BlackBear" (steam64id="76561198343030820" pos=<11081.9, 4.51, 8421.37>) DeployObject PartyTent_Brown
05:26:31: Player "[YKZ]-BlackBear" (steam64id="76561198343030820" pos=<8646.75, 182.07, 6740.37>) DeployObject BearTrap
06:09:38: Player "[YKZ]-BlackBear" (steam64id="76561198343030820" pos=<11082.3, 4.25, 8420.68>) DeployObject SeaChest
06:16:02: Player "[YKZ]-BlackBear" (steam64id="76561198343030820" pos=<11082.4, 4.25, 8420.83>) DeployObject SeaChest
07:44:19: Player "Duerowww" (steam64id="76561198259492425" pos=<7390.28, 31.55, 8198.77>) DeployObject dp_box_small_Brown
07:44:25: Player "Duerowww" (steam64id="76561198259492425" pos=<7389.47, 31.55, 8198.95>) DeployObject dp_box_small_Brown
07:44:35: Player "Duerowww" (steam64id="76561198259492425" pos=<7389.59, 31.55, 8198.92>) DeployObject dp_box_small_Brown
07:54:39: Player "Duerowww" (steam64id="76561198259492425" pos=<7389.65, 31.55, 8198.89>) DeployObject dp_box_small_Brown
07:54:51: Player "Duerowww" (steam64id="76561198259492425" pos=<7389.69, 31.55, 8198.88>) DeployObject dp_box_small_Brown
07:55:08: Player "Duerowww" (steam64id="76561198259492425" pos=<7389.38, 31.55, 8199.14>) DeployObject dp_box_small_Brown
07:55:25: Player "Duerowww" (steam64id="76561198259492425" pos=<7389.6, 31.55, 8199>) DeployObject dp_box_small_Brown
07:55:41: Player "Duerowww" (steam64id="76561198259492425" pos=<7389.94, 31.55, 8198.96>) DeployObject dp_box_small_Brown
09:50:08: Player "Seekerzao" (steam64id="76561198067793781" pos=<10237.5, 14.05, 11342.4>) DeployObject dp_box_big_Grey
10:14:35: Player "[L.B]TropaDoEnguisa" (steam64id="76561198211423224" pos=<7361.95, 18.73, 7134.31>) DeployObject dp_box_big_Brown
10:15:01: Player "[L.B]TropaDoEnguisa" (steam64id="76561198211423224" pos=<7362.29, 18.46, 7133.93>) DeployObject dp_box_big_Brown
10:15:30: Player "[L.B] Santorin" (steam64id="76561199069721527" pos=<7341.8, 14.33, 7139.89>) DeployObject dp_gunrackKit
10:16:19: Player "[L.B]TropaDoEnguisa" (steam64id="76561198211423224" pos=<7361.4, 14.33, 7133.52>) DeployObject dp_weapons_stand_Kit
10:18:11: Player "[L.B] Santorin" (steam64id="76561199069721527" pos=<7353.13, 14.30, 7159.32>) DeployObject dp_wall_big_Kit
10:18:27: Player "[ONE] JAPA" (steam64id="76561198161060673" pos=<7880.27, 31.23, 7418.97>) DeployObject CrateVIP
10:24:46: Player "[L.B] Santorin" (steam64id="76561199069721527" pos=<7357.83, 14.30, 7154.33>) DeployObject FenceKit
10:25:06: Player "[L.B] Santorin" (steam64id="76561199069721527" pos=<7359.61, 14.30, 7151.71>) FoldBaseBuildingObject Fence
10:25:30: Player "[L.B] Santorin" (steam64id="76561199069721527" pos=<7360.71, 14.30, 7148.71>) DeployObject FenceKit
10:25:48: Player "[L.B] Santorin" (steam64id="76561199069721527" pos=<7360.98, 14.30, 7152.68>) FoldBaseBuildingObject Fence
10:26:05: Player "[L.B] Santorin" (steam64id="76561199069721527" pos=<7361.29, 14.30, 7154.87>) DeployObject FenceKit
10:28:39: Player "[L.B] Santorin" (steam64id="76561199069721527" pos=<7359.51, 14.30, 7153.95>) DeployObject FenceKit
10:31:10: Player "[L.B] Santorin" (steam64id="76561199069721527" pos=<7357.83, 14.30, 7156.06>) DeployObject FenceKit
10:31:20: Player "[L.B] Santorin" (steam64id="76561199069721527" pos=<7359.8, 14.30, 7155.91>) FoldBaseBuildingObject Fence
10:31:35: Player "[L.B] Santorin" (steam64id="76561199069721527" pos=<7358.94, 14.30, 7156.43>) DeployObject FenceKit
10:33:10: Player "[L.B] Santorin" (steam64id="76561199069721527" pos=<7360.27, 14.30, 7158.82>) DismantlePart base
10:33:32: Player "[L.B] Santorin" (steam64id="76561199069721527" pos=<7357.3, 14.30, 7155.88>) DeployObject FenceKit
10:35:47: Player "[L.B] Santorin" (steam64id="76561199069721527" pos=<7357.77, 14.30, 7159.91>) DeployObject FenceKit
10:36:02: Player "[L.B] Santorin" (steam64id="76561199069721527" pos=<7359.64, 14.30, 7160.63>) FoldBaseBuildingObject Fence
10:36:33: Player "[L.B] Santorin" (steam64id="76561199069721527" pos=<7357.73, 14.30, 7160.19>) DeployObject FenceKit
10:39:33: Player "[L.B] Santorin" (steam64id="76561199069721527" pos=<7347.17, 14.30, 7154.49>) DeployObject FenceKit
10:41:12: Player "[L.B] Santorin" (steam64id="76561199069721527" pos=<7348.33, 14.30, 7152.42>) DeployObject FenceKit
10:42:38: Player "[L.B] Santorin" (steam64id="76561199069721527" pos=<7348.5, 14.30, 7156.38>) DeployObject FenceKit
10:43:19: Player "[L.B] Santorin" (steam64id="76561199069721527" pos=<7349.29, 14.30, 7160.79>) DeployObject FenceKit
10:45:30: Player "[L.B] Santorin" (steam64id="76561199069721527" pos=<7347.06, 14.30, 7162.53>) DismantlePart base
10:45:52: Player "[L.B] Santorin" (steam64id="76561199069721527" pos=<7348.74, 14.30, 7160.22>) DeployObject FenceKit
10:47:30: Player "[L.B] Santorin" (steam64id="76561199069721527" pos=<7351.81, 14.30, 7163.74>) DeployObject WatchtowerKit
10:51:12: Player "[L.B] Santorin" (steam64id="76561199069721527" pos=<7354.56, 14.30, 7163.99>) DeployObject WatchtowerKit
10:58:29: Player "[L.B] Santorin" (steam64id="76561199069721527" pos=<7353.65, 14.30, 7164.3>) DeployObject dp_wall_big_Kit
11:12:24: Player "Mat*Reis" (steam64id="76561198442072760" pos=<10096.4, 3.63, 8803.13>) DeployObject dp_workbench_Kit
11:20:40: Player "Mat*Reis" (steam64id="76561198442072760" pos=<10101.4, 12.31, 8786.76>) DismantlePart wall_metal_up
11:37:31: Player "ttuker" (steam64id="76561198971813376" pos=<7393.38, 31.55, 8200.03>) DeployObject dp_wall_kit
11:41:23: Player "ttuker" (steam64id="76561198971813376" pos=<7394.13, 31.55, 8199.83>) DismantlePart dp_wood_wall_door
11:46:59: Player "ttuker" (steam64id="76561198971813376" pos=<7390.19, 31.55, 8202.83>) DeployObject dp_locker_greenKit
11:51:23: Player "ttuker" (steam64id="76561198971813376" pos=<7390.68, 31.55, 8203.06>) DeployObject dp_locker_greenKit
11:53:09: Player "ttuker" (steam64id="76561198971813376" pos=<7392.45, 31.55, 8201.08>) DeployObject dp_weapons_stand_Kit
11:54:05: Player "ttuker" (steam64id="76561198971813376" pos=<7390.4, 31.55, 8199.65>) DeployObject dp_weapons_stand_Kit
11:55:32: Player "ttuker" (steam64id="76561198971813376" pos=<7390.35, 31.55, 8202.34>) DeployObject dp_box_big_Tan
11:55:47: Player "ttuker" (steam64id="76561198971813376" pos=<7389.78, 31.55, 8202.74>) DeployObject dp_box_big_Tan
11:56:05: Player "ttuker" (steam64id="76561198971813376" pos=<7390.01, 31.55, 8202.59>) DeployObject dp_box_small_Brown
11:56:27: Player "ttuker" (steam64id="76561198971813376" pos=<7393.97, 31.55, 8199.28>) DeployObject WoodenCrate
12:02:18: Player "ttuker" (steam64id="76561198971813376" pos=<7393.86, 31.55, 8199.56>) DeployObject WoodenCrate
12:02:34: Player "ttuker" (steam64id="76561198971813376" pos=<7393.45, 31.55, 8198.76>) DeployObject WoodenCrate
12:02:44: Player "ttuker" (steam64id="76561198971813376" pos=<7393.46, 31.55, 8198.36>) DeployObject WoodenCrate
12:02:53: Player "ttuker" (steam64id="76561198971813376" pos=<7393.69, 31.55, 8198.3>) DeployObject WoodenCrate
12:03:30: Player "ttuker" (steam64id="76561198971813376" pos=<7390.13, 31.55, 8202.25>) DeployObject dp_box_big_Tan
12:03:50: Player "ttuker" (steam64id="76561198971813376" pos=<7390.79, 31.55, 8203.4>) DeployObject dp_box_small_Brown
12:04:23: Player "ttuker" (steam64id="76561198971813376" pos=<7390.63, 31.55, 8203.39>) DeployObject dp_box_small_Brown
12:04:36: Player "ttuker" (steam64id="76561198971813376" pos=<7390.33, 31.55, 8201.94>) DeployObject dp_box_big_Tan
12:04:46: Player "ttuker" (steam64id="76561198971813376" pos=<7390.34, 31.55, 8201.72>) DeployObject dp_box_big_Tan
12:04:56: Player "ttuker" (steam64id="76561198971813376" pos=<7390.27, 31.55, 8201.77>) DeployObject dp_box_big_Tan
12:05:08: Player "ttuker" (steam64id="76561198971813376" pos=<7390.42, 31.55, 8203.44>) DeployObject dp_box_small_Brown
12:24:57: Player "Seekerzao" (steam64id="76561198067793781" pos=<10234.6, 14.05, 11348.6>) DeployObject dp_box_big_Grey
13:09:46: Player "[L.B] ploodrinny" (steam64id="76561198312062387" pos=<7354, 14.33, 7140.17>) UnmountBarbedWire Fence
13:14:48: Player "[ONE] PORVINHA" (steam64id="76561198426990483" pos=<7885.84, 30.85, 7427.29>) DeployObject Fireplace
13:20:45: Player "[L.B] ploodrinny" (steam64id="76561198312062387" pos=<7358.29, 18.46, 7133.84>) DeployObject dp_box_small_Brown
13:21:20: Player "[L.B] ploodrinny" (steam64id="76561198312062387" pos=<7363.69, 18.46, 7138.64>) DeployObject dp_box_small_Brown
13:39:36: Player "AlicinhaFerraz" (steam64id="76561199207813177" pos=<7556.53, 37.04, 7907.51>) DeployObject dp_box_big_Brown
13:41:15: Player "AlicinhaFerraz" (steam64id="76561199207813177" pos=<7548.87, 37.01, 7907.79>) DeployObject FenceKit
13:42:16: Player "AlicinhaFerraz" (steam64id="76561199207813177" pos=<7550.37, 37.05, 7908.01>) FoldBaseBuildingObject Fence
13:55:02: Player "AlicinhaFerraz" (steam64id="76561199207813177" pos=<7566.26, 37.04, 7903.98>) DeployObject FenceKit
13:58:02: Player "[L.B] ploodrinny" (steam64id="76561198312062387" pos=<7361.14, 18.46, 7133.87>) DeployObject dp_box_small_Olive
14:08:23: Player "[YKZ] Felps" (steam64id="76561198892779186" pos=<11087.3, 31.61, 8427.03>) DeployObject dp_locker_blueKit
14:16:35: Player "[YKZ]-BlackBear" (steam64id="76561198343030820" pos=<11093.3, 35.24, 8423.03>) DeployObject dp_box_big_Olive
14:22:19: Player "{KMG}fuzil" (steam64id="76561198965933878" pos=<10642.6, 6.15, 8813.29>) DeployObject SeaChest
15:15:51: Player "{KMG}-Rockeiro" (steam64id="76561198928581570" pos=<10982.3, 4.26, 8355.54>) DeployObject BearTrap
15:24:40: Player "[L.B] Santorin" (steam64id="76561199069721527" pos=<7359.13, 14.30, 7153.3>) DeployObject FenceKit
15:25:27: Player "[L.B] Santorin" (steam64id="76561199069721527" pos=<7358.15, 14.30, 7152.38>) DeployObject FenceKit
15:26:48: Player "[L.B] Santorin" (steam64id="76561199069721527" pos=<7357.97, 14.30, 7155.88>) DeployObject FenceKit
15:27:48: Player "[L.B] Santorin" (steam64id="76561199069721527" pos=<7357.73, 14.30, 7160.27>) DeployObject FenceKit
15:28:47: Player "[L.B] Santorin" (steam64id="76561199069721527" pos=<7347.32, 14.30, 7154.02>) DeployObject FenceKit
15:30:24: Player "Claudinha" (steam64id="76561198057660141" pos=<7555.56, 37.04, 7907.6>) DeployObject dp_box_big_Brown
15:30:47: Player "Claudinha" (steam64id="76561198057660141" pos=<7554.17, 37.04, 7907.4>) DeployObject FenceKit
15:30:55: Player "[L.B] Santorin" (steam64id="76561199069721527" pos=<7347.66, 14.30, 7152.57>) DeployObject FenceKit
15:31:50: Player "[L.B] Santorin" (steam64id="76561199069721527" pos=<7348.62, 14.30, 7156.14>) DeployObject FenceKit
15:32:30: Player "[YKZ]-BlackBear" (steam64id="76561198343030820" pos=<11086.1, 41.36, 8427.86>) DeployObject dp_box_big_Olive
15:33:02: Player "[L.B] Santorin" (steam64id="76561199069721527" pos=<7349.21, 14.30, 7160.28>) DeployObject FenceKit
15:33:28: Player "Claudinha" (steam64id="76561198057660141" pos=<7559.92, 28.05, 7897.58>) DeployObject dp_box_big_Brown
15:36:58: Player "[YKZ] pedrobala" (steam64id="76561198046653521" pos=<10392, 17.68, 10611.3>) DeployObject dp_box_big_Grey
15:37:27: Player "[YKZ] pedrobala" (steam64id="76561198046653521" pos=<10390.7, 17.66, 10611.4>) DeployObject dp_gunrackKit
15:41:27: Player "SimbioZ" (steam64id="76561198127487169" pos=<10069, 16.19, 12583.3>) DeployObject TripwireTrap
15:46:12: Player "[YKZ] pedrobala" (steam64id="76561198046653521" pos=<10392.8, 17.70, 10611.7>) DeployObject dp_gunrackKit
15:50:31: Player "[YKZ] pedrobala" (steam64id="76561198046653521" pos=<10392.2, 17.68, 10610.7>) DeployObject dp_box_big_Grey
15:51:04: Player "[YKZ] pedrobala" (steam64id="76561198046653521" pos=<10392.4, 17.68, 10609.9>) DeployObject dp_box_big_Grey
15:52:50: Player "[YKZ] pedrobala" (steam64id="76561198046653521" pos=<10391.5, 17.68, 10611.8>) DeployObject dp_gunrackKit
15:54:41: Player "[YKZ] pedrobala" (steam64id="76561198046653521" pos=<10389.9, 17.65, 10611.1>) DeployObject dp_box_big_Grey
15:55:09: Player "[YKZ] pedrobala" (steam64id="76561198046653521" pos=<10389.7, 17.65, 10612.6>) DeployObject dp_box_big_Grey
15:57:35: Player "SimbioZ" (steam64id="76561198127487169" pos=<10069.5, 16.19, 12583.3>) DeployObject TripwireTrap
15:58:13: Player "SimbioZ" (steam64id="76561198127487169" pos=<10069.2, 16.19, 12583.3>) DeployObject TripwireTrap
15:58:26: Player "[YKZ] pedrobala" (steam64id="76561198046653521" pos=<10391.9, 17.67, 10610.4>) DeployObject dp_box_big_Grey
15:58:45: Player "SimbioZ" (steam64id="76561198127487169" pos=<10068.8, 19.76, 12583>) DeployObject PowerGenerator
16:02:18: Player "[YKZ] pedrobala" (steam64id="76561198046653521" pos=<10390.2, 17.65, 10610.9>) DeployObject dp_box_big_Grey
16:04:48: Player "SimbioZ" (steam64id="76561198127487169" pos=<10064.6, 19.76, 12577.5>) DeployObject PowerGenerator
16:08:13: Player "SimbioZ" (steam64id="76561198127487169" pos=<10069.5, 16.19, 12583.3>) DeployObject TripwireTrap
16:08:42: Player "Claudinha" (steam64id="76561198057660141" pos=<7550.82, 31.34, 7895.45>) DeployObject dp_weapons_stand_Kit
16:08:44: Player "SimbioZ" (steam64id="76561198127487169" pos=<10069.6, 16.19, 12583.3>) DeployObject TripwireTrap
16:09:10: Player "Claudinha" (steam64id="76561198057660141" pos=<7550.3, 31.34, 7896.6>) DeployObject dp_weapons_stand_Kit
16:12:21: Player "[YKZ] pedrobala" (steam64id="76561198046653521" pos=<10390.3, 17.65, 10610.2>) DeployObject dp_box_big_Grey
16:18:03: Player "[YKZ] pedrobala" (steam64id="76561198046653521" pos=<10390.3, 17.65, 10611.2>) DeployObject dp_box_big_Grey
16:18:16: Player "[YKZ] pedrobala" (steam64id="76561198046653521" pos=<10392.4, 17.67, 10609.5>) DeployObject dp_gunrackKit
16:19:04: Player "[YKZ] pedrobala" (steam64id="76561198046653521" pos=<10391.1, 17.66, 10609.7>) DeployObject dp_box_big_Grey
16:19:58: Player "[YKZ] pedrobala" (steam64id="76561198046653521" pos=<10391.1, 17.65, 10609.8>) DeployObject dp_refrigerator
16:20:13: Player "[YKZ] pedrobala" (steam64id="76561198046653521" pos=<10390.8, 17.65, 10610.1>) DeployObject dp_refrigerator
16:20:34: Player "[YKZ] pedrobala" (steam64id="76561198046653521" pos=<10390.9, 17.65, 10609.5>) DeployObject dp_refrigerator
16:35:46: Player "Claudinha" (steam64id="76561198057660141" pos=<7549.92, 28.05, 7895.86>) DeployObject dp_box_big_Brown
16:35:58: Player "[YKZ] pedrobala" (steam64id="76561198046653521" pos=<10391.9, 17.67, 10610.2>) DeployObject dp_box_big_Grey
16:54:57: Player "Biel FxR" (steam64id="76561198050836260" pos=<7553.8, 35.24, 7897.28>) DeployObject dp_guncabinetKit
17:00:15: Player "Claudinha" (steam64id="76561198057660141" pos=<7616.87, 33.88, 7868.98>) DeployObject dp_guncabinetKit
17:02:06: Player "Claudinha" (steam64id="76561198057660141" pos=<7553.04, 35.26, 7893.76>) DeployObject dp_guncabinetKit
17:18:50: Player "BKG Oregon" (steam64id="76561198382616657" pos=<10080.6, 2.28, 13751.5>) DeployObject Fireplace
17:25:44: Player "Biel FxR" (steam64id="76561198050836260" pos=<7614.25, 34.07, 7869.36>) DeployObject PartyTent_Brown
17:42:49: Player "[YKZ] Notsniw" (steam64id="76561197967151252" pos=<11089, 4.25, 8432.98>) DeployObject dp_locker_grayKit
17:45:35: Player "[YKZ] Notsniw" (steam64id="76561197967151252" pos=<11081.5, 4.25, 8421.65>) DeployObject dp_locker_grayKit
17:46:15: Player "[YKZ] Notsniw" (steam64id="76561197967151252" pos=<11079.6, 4.25, 8421.27>) DeployObject dp_locker_grayKit
17:58:34: Player "[ONE] PORVINHA" (steam64id="76561198426990483" pos=<8491.68, 13.44, 11078.4>) DeployObject dp_trashcan_black
17:58:58: Player "[ONE] PORVINHA" (steam64id="76561198426990483" pos=<8489.98, 13.53, 11078.6>) DeployObject dp_trashcan_black
17:59:15: Player "[ONE] PORVINHA" (steam64id="76561198426990483" pos=<8494.53, 13.55, 11079.6>) DeployObject dp_trashcan_black
18:03:45: Player "Demonk" (steam64id="76561198146539519" pos=<10996.6, 25.95, 13194.5>) DeployObject dp_locker_grayKit
18:04:47: Player "Claudinha" (steam64id="76561199203652654" pos=<7561.75, 28.05, 7895.52>) DeployObject PartyTent_Brown
18:05:46: Player "Claudinha" (steam64id="76561199203652654" pos=<7624.18, 28.29, 7866.19>) DeployObject PartyTent_Brown
18:22:45: Player "BKG Oregon" (steam64id="76561198382616657" pos=<10713, 10.20, 12003.9>) DeployObject dp_weapons_stand_Kit
18:27:06: Player "[YKZ] Emissarius" (steam64id="76561198271087379" pos=<11092.3, 4.25, 8428.03>) DeployObject dp_workbench_Kit
18:27:27: Player "[ONE] XxibahH" (steam64id="76561198165228070" pos=<7887.65, 31.04, 7422.12>) DeployObject Spotlight
18:28:08: Player "Biel FxR" (steam64id="76561198050836260" pos=<7627.6, 13.52, 9782.05>) DeployObject PartyTent_Brown
18:33:02: Player "Diorno" (steam64id="76561198142139495" pos=<10713.3, 22.98, 13414.8>) DeployObject Spotlight
18:35:34: Player "[ONE] XxibahH" (steam64id="76561198165228070" pos=<7887.1, 30.91, 7425.59>) DeployObject dp_trashcan_black
18:37:24: Player "[YKZ]-BlackBear" (steam64id="76561198343030820" pos=<11050.4, 4.52, 8258.31>) DeployObject FenceKit
18:39:02: Player "Kirgs" (steam64id="76561199232694765" pos=<10409.8, 26.17, 12855.9>) DeployObject Fireplace
18:39:22: Player "[YKZ]-BlackBear" (steam64id="76561198343030820" pos=<11057.1, 4.29, 8282.46>) DeployObject dp_wall_big_Kit
18:39:46: Player "[YKZ]-BlackBear" (steam64id="76561198343030820" pos=<11056.5, 4.31, 8282.04>) FoldBaseBuildingObject dp_wall_big
18:40:38: Player "[YKZ]-BlackBear" (steam64id="76561198343030820" pos=<11057, 4.29, 8281.99>) DeployObject dp_wall_big_Kit
18:41:01: Player "[YKZ]-BlackBear" (steam64id="76561198343030820" pos=<11057.8, 4.30, 8280.85>) FoldBaseBuildingObject dp_wall_big
18:42:13: Player "[YKZ]-BlackBear" (steam64id="76561198343030820" pos=<11056.3, 4.40, 8278.95>) DeployObject dp_wall_big_Kit
18:43:55: Player "TripaSeca" (steam64id="76561198093060507" pos=<7617.1, 13.22, 9813.12>) DeployObject Fireplace
18:44:08: Player "chinto" (steam64id="76561198990589985" pos=<10765, 11.48, 13583.3>) DeployObject dp_wall_big_Kit
18:46:37: Player "[YKZ]-BlackBear" (steam64id="76561198343030820" pos=<11053.5, 4.40, 8279.68>) DeployObject FenceKit
18:49:51: Player "[YKZ]-BlackBear" (steam64id="76561198343030820" pos=<11050.5, 4.51, 8258.32>) DeployObject FenceKit
18:51:15: Player "TripaSeca" (steam64id="76561198093060507" pos=<7635.1, 13.22, 9787.59>) DeployObject dp_waterbarrel_kit
18:58:21: Player "Diorno" (steam64id="76561198142139495" pos=<10217.5, 29.51, 12437.6>) DeployObject dp_locker_greenKit
18:59:29: Player "chinto" (steam64id="76561198990589985" pos=<10767.1, 11.48, 13579.7>) DeployObject dp_trashcan_green
19:03:51: Player "chinto" (steam64id="76561198990589985" pos=<10767.1, 11.48, 13579.5>) DeployObject dp_trashcan_green
19:03:59: Player "chinto" (steam64id="76561198990589985" pos=<10767.1, 11.48, 13579.1>) DeployObject dp_trashcan_green
19:06:22: Player "chinto" (steam64id="76561198990589985" pos=<10563.6, 18.29, 13568.2>) DismantlePart dp_metal_door
19:07:27: Player "FisFacu" (steam64id="76561198339726200" pos=<10531.6, 18.97, 13554.1>) DeployObject dp_box_big_Olive
19:09:52: Player "[ONE] PORVINHA" (steam64id="76561198426990483" pos=<7883.27, 31.00, 7424.72>) DeployObject dp_trashcan_black
19:14:20: Player "FisFacu" (steam64id="76561198339726200" pos=<10762.3, 11.48, 13577.6>) DeployObject Spotlight
19:18:23: Player "Lucas Caldas" (steam64id="76561198010792506" pos=<10482.3, 17.60, 11824.5>) FoldBaseBuildingObject Fence
19:38:12: Player "MonkeyKing" (steam64id="76561198125526919" pos=<10866.1, 15.22, 13683.4>) DeployObject dp_locker_greenKit
19:41:13: Player "[YKZ]-BlackBear" (steam64id="76561198343030820" pos=<11085.6, 41.53, 8427.01>) DeployObject SeaChest
19:41:31: Player "[YKZ]-BlackBear" (steam64id="76561198343030820" pos=<11084.9, 41.84, 8426.46>) DeployObject SeaChest
19:41:42: Player "[YKZ]-BlackBear" (steam64id="76561198343030820" pos=<11085.1, 42.06, 8426.15>) DeployObject SeaChest
19:41:57: Player "[YKZ]-BlackBear" (steam64id="76561198343030820" pos=<11085.2, 41.82, 8426.4>) DeployObject SeaChest
19:58:34: Player "[YKZ]-BlackBear" (steam64id="76561198343030820" pos=<11007.7, 4.01, 8329.7>) DeployObject LandMineTrap
19:59:01: Player "[YKZ]-BlackBear" (steam64id="76561198343030820" pos=<11010.4, 4.01, 8373.54>) DeployObject LandMineTrap
20:04:46: Player "[YKZ]-BlackBear" (steam64id="76561198343030820" pos=<11085.5, 41.36, 8427.01>) DeployObject dp_box_big_Brown
20:31:58: Player "[YKZ] pedrobala" (steam64id="76561198046653521" pos=<10390.7, 17.67, 10612.4>) DeployObject CrateVIP
20:32:07: Player "[YKZ] pedrobala" (steam64id="76561198046653521" pos=<10390.5, 17.66, 10611.2>) DeployObject CrateVIP
20:45:51: Player "[YKZ] pedrobala" (steam64id="76561198046653521" pos=<10387.8, 14.52, 10616.2>) DeployObject dp_refrigerator
20:46:16: Player "[YKZ] pedrobala" (steam64id="76561198046653521" pos=<10387.7, 14.52, 10616.3>) DeployObject dp_refrigerator
20:46:49: Player "[YKZ] pedrobala" (steam64id="76561198046653521" pos=<10387.6, 14.51, 10615.5>) DeployObject dp_refrigerator
20:48:39: Player "[YKZ] pedrobala" (steam64id="76561198046653521" pos=<10388.9, 14.52, 10613.7>) DeployObject dp_refrigerator
20:52:33: Player "[YKZ] pedrobala" (steam64id="76561198046653521" pos=<10389.2, 14.52, 10613.1>) DeployObject dp_refrigerator
20:53:19: Player "[YKZ] pedrobala" (steam64id="76561198046653521" pos=<10389.6, 14.53, 10613.6>) DeployObject dp_refrigerator
20:59:28: Player "[YKZ] pedrobala" (steam64id="76561198046653521" pos=<10387.5, 14.51, 10615.1>) DeployObject CrateVIP
21:00:03: Player "[YKZ] pedrobala" (steam64id="76561198046653521" pos=<10387.8, 14.51, 10614.4>) DeployObject CrateVIP
21:00:37: Player "[YKZ] pedrobala" (steam64id="76561198046653521" pos=<10389.3, 14.52, 10611.5>) DeployObject CrateVIP
21:01:08: Player "[YKZ] pedrobala" (steam64id="76561198046653521" pos=<10389.1, 14.51, 10611.9>) DeployObject CrateVIP
21:13:35: Player "[YKZ] pedrobala" (steam64id="76561198046653521" pos=<10391.4, 17.66, 10609.9>) DeployObject dp_gunrackKit
21:20:40: Player "[YKZ] pedrobala" (steam64id="76561198046653521" pos=<10391, 17.66, 10610.1>) DeployObject dp_box_big_Grey
21:20:58: Player "[YKZ] pedrobala" (steam64id="76561198046653521" pos=<10391.1, 17.66, 10609.8>) DeployObject dp_box_big_Grey
21:21:50: Player "[YKZ] pedrobala" (steam64id="76561198046653521" pos=<10391.8, 17.67, 10610.2>) DeployObject dp_box_big_Grey
21:22:04: Player "[YKZ] pedrobala" (steam64id="76561198046653521" pos=<10391.3, 17.66, 10609.9>) DeployObject dp_box_big_Grey
21:24:31: Player "[YKZ] pedrobala" (steam64id="76561198046653521" pos=<10389, 14.56, 10617.8>) DeployObject dp_refrigerator
21:26:30: Player "[YKZ] pedrobala" (steam64id="76561198046653521" pos=<10388.7, 14.52, 10614.2>) DeployObject dp_refrigerator
21:26:47: Player "[YKZ] pedrobala" (steam64id="76561198046653521" pos=<10388.2, 14.53, 10615.7>) DeployObject dp_box_big_Grey
21:27:03: Player "[YKZ] pedrobala" (steam64id="76561198046653521" pos=<10387.5, 14.52, 10615.7>) DeployObject dp_box_big_Grey
21:27:18: Player "[YKZ] pedrobala" (steam64id="76561198046653521" pos=<10387.6, 14.52, 10615.4>) DeployObject dp_box_big_Grey
21:28:25: Player "[YKZ] pedrobala" (steam64id="76561198046653521" pos=<10388.4, 14.53, 10615.7>) DeployObject dp_box_big_Grey
21:29:47: Player "[YKZ] pedrobala" (steam64id="76561198046653521" pos=<10390.5, 17.65, 10610>) DeployObject dp_box_big_Grey
21:36:00: Player "Ricardo Tomaz" (steam64id="76561198063313446" pos=<10050.6, 7.89, 13404.2>) DeployObject Fireplace
21:38:19: Player "Ricardo Tomaz" (steam64id="76561198063313446" pos=<10050.7, 8.07, 13404.3>) DeployObject Fireplace
22:14:37: Player "[YKZ] pedrobala" (steam64id="76561198046653521" pos=<10391, 17.65, 10609.7>) DeployObject dp_box_big_Grey
22:15:05: Player "[YKZ] pedrobala" (steam64id="76561198046653521" pos=<10391, 17.65, 10609.8>) DeployObject dp_box_big_Grey
23:04:12: Player "AlicinhaFerraz" (steam64id="76561199207813177" pos=<7561.24, 28.83, 7906.95>) DeployObject dp_box_big_Brown
23:05:09: Player "AlicinhaFerraz" (steam64id="76561199207813177" pos=<7562.19, 29.04, 7908.83>) DeployObject dp_box_big_Brown
23:05:37: Player "AlicinhaFerraz" (steam64id="76561199207813177" pos=<7562.63, 29.04, 7908.75>) DeployObject dp_box_big_Brown
23:07:10: Player "AlicinhaFerraz" (steam64id="76561199207813177" pos=<7561.52, 29.04, 7908.87>) DeployObject dp_box_big_Brown
23:07:55: Player "AlicinhaFerraz" (steam64id="76561199207813177" pos=<7563.21, 29.50, 7909.14>) DeployObject dp_box_big_Brown
23:08:53: Player "AlicinhaFerraz" (steam64id="76561199207813177" pos=<7561.16, 29.04, 7909.74>) DeployObject FenceKit
23:13:56: Player "AlicinhaFerraz" (steam64id="76561199207813177" pos=<7561.17, 29.04, 7908.15>) DeployObject dp_box_big_Brown
23:16:27: Player "AlicinhaFerraz" (steam64id="76561199207813177" pos=<7563.21, 29.04, 7909.16>) DismantlePart wall_base_down
23:16:53: Player "AlicinhaFerraz" (steam64id="76561199207813177" pos=<7561.36, 29.04, 7909.04>) DeployObject dp_box_big_Brown
23:18:09: Player "AlicinhaFerraz" (steam64id="76561199207813177" pos=<7563.2, 29.50, 7908.88>) DismantlePart base
23:18:43: Player "AlicinhaFerraz" (steam64id="76561199207813177" pos=<7563.2, 28.98, 7907.27>) DismantlePart base
23:19:12: Player "AlicinhaFerraz" (steam64id="76561199207813177" pos=<7560.84, 29.04, 7909.95>) DeployObject FenceKit
23:19:47: Player "AlicinhaFerraz" (steam64id="76561199207813177" pos=<7563.83, 30.00, 7908.94>) FoldBaseBuildingObject Fence
23:20:32: Player "AlicinhaFerraz" (steam64id="76561199207813177" pos=<7562.11, 29.04, 7909.18>) DeployObject dp_box_big_Brown
23:21:13: Player "AlicinhaFerraz" (steam64id="76561199207813177" pos=<7562.26, 29.04, 7908.89>) DeployObject dp_box_big_Brown
23:21:28: Player "AlicinhaFerraz" (steam64id="76561199207813177" pos=<7563.26, 29.50, 7908.6>) DeployObject dp_box_big_Brown
23:23:18: Player "AlicinhaFerraz" (steam64id="76561199207813177" pos=<7564.54, 31.51, 7907.14>) DeployObject FenceKit
23:25:00: Player "AlicinhaFerraz" (steam64id="76561199207813177" pos=<7562.99, 31.55, 7909.9>) DeployObject FenceKit
23:27:28: Player "AlicinhaFerraz" (steam64id="76561199207813177" pos=<7565.22, 30.98, 7905.02>) DeployObject FenceKit
23:31:47: Player "AlicinhaFerraz" (steam64id="76561199207813177" pos=<7564.11, 31.02, 7909.12>) DismantlePart wall_wood_up
23:36:58: Player "AlicinhaFerraz" (steam64id="76561199207813177" pos=<7562.16, 28.18, 7904.85>) DeployObject FenceKit
23:38:23: Player "AlicinhaFerraz" (steam64id="76561199207813177" pos=<7563.16, 29.04, 7907.51>) DeployObject dp_box_big_Brown
23:38:46: Player "AlicinhaFerraz" (steam64id="76561199207813177" pos=<7562.21, 29.04, 7907.71>) DeployObject dp_box_big_Brown
23:39:36: Player "AlicinhaFerraz" (steam64id="76561199207813177" pos=<7561.28, 29.04, 7907.83>) DeployObject dp_box_big_Brown
23:40:13: Player "AlicinhaFerraz" (steam64id="76561199207813177" pos=<7562.37, 29.03, 7907.55>) DeployObject FenceKit
23:43:59: Player "AlicinhaFerraz" (steam64id="76561199207813177" pos=<7562.03, 29.04, 7908.71>) DeployObject dp_box_big_Brown
23:44:10: Player "AlicinhaFerraz" (steam64id="76561199207813177" pos=<7562.1, 29.04, 7908.67>) DeployObject dp_box_big_Brown
23:44:34: Player "AlicinhaFerraz" (steam64id="76561199207813177" pos=<7561.43, 29.04, 7909.13>) DeployObject dp_box_big_Brown
23:48:48: Player "AlicinhaFerraz" (steam64id="76561199207813177" pos=<7562.56, 28.25, 7905.08>) DeployObject dp_box_big_Brown
23:49:06: Player "AlicinhaFerraz" (steam64id="76561199207813177" pos=<7562.49, 28.27, 7905.14>) DeployObject dp_box_big_Brown
23:51:01: Player "[ONE] JAPA" (steam64id="76561198161060673" pos=<7872.6, 31.35, 7417.64>) DeployObject dp_gunrackKit
23:51:27: Player "[ONE] KARABULJHAN" (steam64id="76561198100527842" pos=<7874.54, 31.03, 7425.48>) DeployObject dp_locker_grayKit
23:51:59: Player "[ONE] JAPA" (steam64id="76561198161060673" pos=<7891.55, 30.89, 7424.94>) DeployObject dp_workbench_Kit
23:52:35: Player "[ONE] JAPA" (steam64id="76561198161060673" pos=<7880.18, 31.23, 7418.89>) DeployObject CrateVIP
23:53:27: Player "[ONE] JAPA" (steam64id="76561198161060673" pos=<7887.5, 31.04, 7422.1>) DeployObject dp_locker_grayKit
23:54:11: Player "[ONE] JAPA" (steam64id="76561198161060673" pos=<7888.13, 31.10, 7421.08>) DeployObject dp_locker_grayKit
23:54:30: Player "[ONE] JAPA" (steam64id="76561198161060673" pos=<7888.58, 31.11, 7420.35>) DeployObject Spotlight
23:55:04: Player "[ONE] JAPA" (steam64id="76561198161060673" pos=<7881.61, 31.22, 7418.73>) DeployObject dp_weapons_stand_Kit
23:55:24: Player "[ONE] JAPA" (steam64id="76561198161060673" pos=<7883.49, 31.20, 7418.96>) DeployObject dp_weapons_stand_Kit
