00:02:58: Player "[ONE] JAPA" (steam64id="76561198161060673" pos=<9582.25, 30.48, 12176.8>) FoldBaseBuildingObject Fence
00:04:26: Player "[ONE] JAPA" (steam64id="76561198161060673" pos=<9580.06, 30.46, 12173.8>) DeployObject FenceKit
00:04:44: Player "[ONE] JAPA" (steam64id="76561198161060673" pos=<9582.07, 30.42, 12174.7>) FoldBaseBuildingObject Fence
00:05:58: Player "[ONE] JAPA" (steam64id="76561198161060673" pos=<9579.45, 30.46, 12174.1>) DeployObject FenceKit
00:06:27: Player "[ONE] JAPA" (steam64id="76561198161060673" pos=<9581.02, 30.63, 12175>) FoldBaseBuildingObject Fence
00:07:14: Player "[ONE] JAPA" (steam64id="76561198161060673" pos=<9580.62, 30.44, 12174.9>) FoldBaseBuildingObject Fence
00:10:13: Player "[ONE] KARABULJHAN" (steam64id="76561198100527842" pos=<9555.12, 40.35, 12177.3>) DeployObject dp_guncabinetKit
00:10:59: Player "[ONE] KARABULJHAN" (steam64id="76561198100527842" pos=<9553.96, 40.35, 12177.6>) DeployObject dp_guncabinetKit
00:11:30: Player "[ONE] KARABULJHAN" (steam64id="76561198100527842" pos=<9552.4, 40.35, 12177.8>) DeployObject dp_guncabinetKit
00:11:49: Player "[ONE] JAPA" (steam64id="76561198161060673" pos=<9577.38, 30.46, 12174.3>) DeployObject FenceKit
00:11:58: Player "[ONE] KARABULJHAN" (steam64id="76561198100527842" pos=<9553.91, 40.35, 12178.3>) DeployObject dp_guncabinetKit
00:12:31: Player "[ONE] JAPA" (steam64id="76561198161060673" pos=<9579.23, 30.47, 12174.3>) DeployObject FenceKit
00:12:42: Player "zin" (steam64id="76561198089542028" pos=<8574.53, 3.86, 11122.9>) DeployObject dp_trashcan_grey
00:12:55: Player "[ONE] JAPA" (steam64id="76561198161060673" pos=<9579.5, 30.46, 12174.6>) FoldBaseBuildingObject Fence
00:13:02: Player "[ONE] KARABULJHAN" (steam64id="76561198100527842" pos=<9552.24, 40.35, 12176.3>) DeployObject dp_guncabinetKit
00:13:17: Player "[ONE] JAPA" (steam64id="76561198161060673" pos=<9574.77, 30.33, 12174.7>) DeployObject FenceKit
00:13:45: Player "[ONE] JAPA" (steam64id="76561198161060673" pos=<9577.53, 30.47, 12172.4>) DeployObject FenceKit
00:13:48: Player "[ONE] KARABULJHAN" (steam64id="76561198100527842" pos=<9554.14, 40.35, 12171.8>) DeployObject dp_guncabinetKit
00:14:08: Player "[ONE] KARABULJHAN" (steam64id="76561198100527842" pos=<9554.48, 40.35, 12173.2>) DeployObject dp_guncabinetKit
00:14:43: Player "[ONE] KARABULJHAN" (steam64id="76561198100527842" pos=<9551.63, 40.35, 12171.9>) DeployObject dp_locker_grayKit
00:17:59: Player "[ONE] KARABULJHAN" (steam64id="76561198100527842" pos=<9555.34, 40.35, 12173.3>) DeployObject dp_guncabinetKit
00:18:23: Player "[ONE] KARABULJHAN" (steam64id="76561198100527842" pos=<9552.67, 40.35, 12173.8>) DeployObject dp_guncabinetKit
00:19:00: Player "[ONE] JAPA" (steam64id="76561198161060673" pos=<9576.22, 30.45, 12172.7>) DeployObject FenceKit
00:19:46: Player "[ONE] KARABULJHAN" (steam64id="76561198100527842" pos=<9552.58, 40.35, 12178>) DeployObject dp_guncabinetKit
00:27:23: Player "[ONE] JAPA" (steam64id="76561198161060673" pos=<9579.44, 30.47, 12174.5>) DeployObject FenceKit
00:27:51: Player "[ONE] JAPA" (steam64id="76561198161060673" pos=<9577.27, 30.44, 12175.3>) DeployObject FenceKit
00:30:56: Player "[ONE] KARABULJHAN" (steam64id="76561198100527842" pos=<9554, 40.35, 12178.1>) DeployObject dp_box_small_Brown
00:32:02: Player "[ONE] KARABULJHAN" (steam64id="76561198100527842" pos=<9553.6, 40.35, 12178.1>) DeployObject dp_box_small_Brown
00:32:41: Player "[ONE] KARABULJHAN" (steam64id="76561198100527842" pos=<9553.36, 40.35, 12178.6>) DeployObject dp_box_small_Brown
00:35:09: Player "[ONE] KARABULJHAN" (steam64id="76561198100527842" pos=<9553.72, 40.35, 12178.1>) DeployObject dp_box_small_Brown
00:35:23: Player "[ONE] JAPA" (steam64id="76561198161060673" pos=<9574.17, 30.31, 12172.7>) DeployObject FenceKit
00:36:02: Player "[ONE] JAPA" (steam64id="76561198161060673" pos=<9577.66, 30.47, 12172.1>) DeployObject FenceKit
00:37:00: Player "[ONE] JAPA" (steam64id="76561198161060673" pos=<9575.62, 30.47, 12172.9>) DeployObject FenceKit
00:40:00: Player "[ONE] KARABULJHAN" (steam64id="76561198100527842" pos=<9569.97, 29.23, 12163.5>) DeployObject dp_box_big_Grey
00:40:31: Player "[ONE] KARABULJHAN" (steam64id="76561198100527842" pos=<9569.39, 29.18, 12161.5>) DeployObject dp_box_big_Grey
00:41:16: Player "[ONE] KARABULJHAN" (steam64id="76561198100527842" pos=<9569.1, 29.16, 12159.8>) DeployObject dp_box_big_Grey
00:42:14: Player "[ONE] KARABULJHAN" (steam64id="76561198100527842" pos=<9567.94, 29.14, 12158.8>) DeployObject dp_box_big_Grey
00:43:17: Player "[ONE] KARABULJHAN" (steam64id="76561198100527842" pos=<9567.23, 29.13, 12157.5>) DeployObject dp_box_big_Grey
00:45:34: Player "[ONE] KARABULJHAN" (steam64id="76561198100527842" pos=<9553.37, 28.70, 12177.1>) DeployObject Fireplace
00:46:24: Player "[ONE] JAPA" (steam64id="76561198161060673" pos=<9574.01, 30.29, 12172.8>) DeployObject FenceKit
00:49:54: Player "d3scot" (steam64id="76561199106333992" pos=<10912.9, 14.82, 13618.6>) DeployObject Fireplace
00:51:10: Player "[ONE] JAPA" (steam64id="76561198161060673" pos=<9570.74, 29.77, 12175.2>) DeployObject FenceKit
00:54:24: Player "[ONE] JAPA" (steam64id="76561198161060673" pos=<9573.07, 30.17, 12172.9>) DeployObject FenceKit
00:57:09: Player "[ONE] JAPA" (steam64id="76561198161060673" pos=<9572.27, 29.82, 12172.9>) DeployObject FenceKit
00:58:01: Player "[ONE] JAPA" (steam64id="76561198161060673" pos=<9572.8, 29.93, 12177>) DeployObject FenceKit
00:59:26: Player "[ONE] JAPA" (steam64id="76561198161060673" pos=<9570.13, 29.65, 12173.6>) DeployObject FenceKit
01:07:09: Player "[ONE] JAPA" (steam64id="76561198161060673" pos=<9570.74, 29.65, 12173.4>) DeployObject FenceKit
01:16:41: Player "[ONE] JAPA" (steam64id="76561198161060673" pos=<9553.06, 32.46, 12172.4>) DeployObject FenceKit
01:21:27: Player "[XIT]-SoulzaHur" (steam64id="76561198387573700" pos=<11582.9, 34.69, 6588.77>) DeployObject LandMineTrap
01:59:52: Player "GabrielLobato" (steam64id="76561198158375860" pos=<11091.7, 35.49, 8429.06>) DeployObject PartyTent_Blue
02:12:27: Player "[YKZ]-BlackBear" (steam64id="76561198343030820" pos=<11051.5, 4.71, 8266.84>) DeployObject PartyTent_Blue
02:12:53: Player "[YKZ]-BlackBear" (steam64id="76561198343030820" pos=<11053, 4.37, 8273.51>) DeployObject SeaChest
02:17:05: Player "[YKZ]-BlackBear" (steam64id="76561198343030820" pos=<11049.2, 5.67, 8258.08>) FoldBaseBuildingObject Fence
03:02:12: Player "[YKZ]-BlackBear" (steam64id="76561198343030820" pos=<11081.7, 41.86, 8424.07>) DeployObject FenceKit
03:08:54: Player "[YKZ]-BlackBear" (steam64id="76561198343030820" pos=<11082.9, 41.37, 8420.1>) DeployObject FenceKit
03:09:11: Player "GabrielLobato" (steam64id="76561198158375860" pos=<11091.1, 35.24, 8431.56>) DeployObject dp_locker_grayKit
03:17:33: Player "[YKZ]-BlackBear" (steam64id="76561198343030820" pos=<11085.7, 41.37, 8417.15>) DeployObject FenceKit
03:24:14: Player "GabrielLobato" (steam64id="76561198158375860" pos=<11083.3, 4.25, 8417.85>) DeployObject dp_trashcan_grey
03:24:42: Player "GabrielLobato" (steam64id="76561198158375860" pos=<11083.4, 4.25, 8418.02>) DeployObject dp_trashcan_grey
03:25:29: Player "[YKZ]-BlackBear" (steam64id="76561198343030820" pos=<11082.1, 4.25, 8419.76>) DeployObject dp_trashcan_grey
03:27:15: Player "[YKZ]-BlackBear" (steam64id="76561198343030820" pos=<11087.6, 41.37, 8417.59>) DeployObject Barrel_Red
03:28:56: Player "[YKZ]-BlackBear" (steam64id="76561198343030820" pos=<11085, 41.37, 8416.65>) DeployObject FenceKit
03:29:14: Player "[YKZ]-BlackBear" (steam64id="76561198343030820" pos=<11085.2, 41.37, 8415.81>) FoldBaseBuildingObject Fence
03:29:38: Player "[YKZ]-BlackBear" (steam64id="76561198343030820" pos=<11084.8, 41.37, 8417.23>) DeployObject FenceKit
03:31:55: Player "[YKZ]-BlackBear" (steam64id="76561198343030820" pos=<11088.3, 41.37, 8419.31>) DeployObject FenceKit
03:37:18: Player "[YKZ]-BlackBear" (steam64id="76561198343030820" pos=<11083.2, 4.25, 8421.85>) DeployObject Barrel_Red
04:34:54: Player "[YKZ]-tappes" (steam64id="76561198990092287" pos=<11688.3, 4.84, 7876.97>) DeployObject LandMineTrap
05:36:49: Player "[YKZ]-BlackBear" (steam64id="76561198343030820" pos=<11080.2, 41.37, 8423.13>) DeployObject dp_box_small_Brown
05:38:40: Player "[YKZ]-BlackBear" (steam64id="76561198343030820" pos=<11085, 4.21, 8420.34>) DeployObject Barrel_Red
05:46:43: Player "[YKZ]-BlackBear" (steam64id="76561198343030820" pos=<11092, 41.37, 8421.24>) DeployObject FenceKit
05:47:46: Player "[YKZ]-BlackBear" (steam64id="76561198343030820" pos=<11095.2, 41.37, 8423.65>) DeployObject FenceKit
05:49:31: Player "[YKZ]-BlackBear" (steam64id="76561198343030820" pos=<11094.5, 41.37, 8422.78>) DeployObject FenceKit
05:50:50: Player "[YKZ]-BlackBear" (steam64id="76561198343030820" pos=<11092.5, 41.37, 8426.47>) DeployObject FenceKit
05:51:56: Player "[YKZ]-BlackBear" (steam64id="76561198343030820" pos=<11094.6, 41.37, 8425.65>) DismantlePart base
05:52:46: Player "[YKZ]-BlackBear" (steam64id="76561198343030820" pos=<11092.6, 41.37, 8426.45>) DeployObject FenceKit
05:53:26: Player "[YKZ]-BlackBear" (steam64id="76561198343030820" pos=<11090.7, 41.37, 8430.17>) DeployObject FenceKit
05:54:46: Player "[YKZ]-BlackBear" (steam64id="76561198343030820" pos=<11088.7, 41.37, 8432.53>) DeployObject FenceKit
05:56:09: Player "[YKZ]-BlackBear" (steam64id="76561198343030820" pos=<11089.5, 41.37, 8431.84>) DeployObject FenceKit
05:57:41: Player "[YKZ]-BlackBear" (steam64id="76561198343030820" pos=<11079.9, 41.37, 8427.57>) DeployObject FenceKit
05:59:02: Player "[YKZ]-BlackBear" (steam64id="76561198343030820" pos=<11085.4, 41.37, 8430.8>) DeployObject FenceKit
06:00:06: Player "[YKZ]-BlackBear" (steam64id="76561198343030820" pos=<11082.2, 41.37, 8428.34>) DeployObject FenceKit
06:01:25: Player "[YKZ]-BlackBear" (steam64id="76561198343030820" pos=<11079.2, 41.37, 8425.6>) DeployObject FenceKit
06:19:19: Player "[YKZ]-BlackBear" (steam64id="76561198343030820" pos=<11085.4, 41.36, 8427.69>) DeployObject dp_door_Kit
07:24:52: Player "[XIT]SoulzaHur" (steam64id="76561198387573700" pos=<11582.8, 34.70, 6588.88>) DeployObject LandMineTrap
10:43:40: Player "DanielSam" (steam64id="76561198867200764" pos=<7549.12, 35.24, 7900.35>) DeployObject dp_locker_blueKit
11:43:32: Player "GabrielLobato" (steam64id="76561198158375860" pos=<11088.9, 35.24, 8432.21>) DeployObject dp_box_big_Brown
12:53:35: Player "Hacan121" (steam64id="76561198345012092" pos=<7632.92, 12.20, 9781.1>) DeployObject WatchtowerKit
13:01:34: Player "Hacan121" (steam64id="76561198345012092" pos=<7634.56, 12.20, 9776.69>) DeployObject FenceKit
13:04:20: Player "Hacan121" (steam64id="76561198345012092" pos=<7632.91, 12.20, 9781.15>) DeployObject FenceKit
13:05:28: Player "[HORDA]ThiagoPenna" (steam64id="76561198218822351" pos=<9562.25, 6.07, 9581.65>) DeployObject dp_waterbarrel_kit
13:10:09: Player "Hacan121" (steam64id="76561198345012092" pos=<7631.88, 12.20, 9775.23>) DeployObject dp_roof_Kit
13:11:00: Player "Hacan121" (steam64id="76561198345012092" pos=<7634.17, 12.20, 9777.03>) FoldBaseBuildingObject dp_roof
13:12:10: Player "Hacan121" (steam64id="76561198345012092" pos=<7632.29, 12.20, 9774.11>) DeployObject dp_door_Kit
13:13:21: Player "Hacan121" (steam64id="76561198345012092" pos=<7633.51, 12.20, 9779.93>) DismantlePart wall_base_down
13:13:39: Player "Hacan121" (steam64id="76561198345012092" pos=<7633.51, 12.20, 9779.93>) DismantlePart wall_base_up
13:14:12: Player "Hacan121" (steam64id="76561198345012092" pos=<7632.47, 12.20, 9779.45>) DismantlePart base
13:15:47: Player "Hacan121" (steam64id="76561198345012092" pos=<7634.46, 12.20, 9778.38>) DismantlePart level_1_roof
13:19:41: Player "Hacan121" (steam64id="76561198345012092" pos=<7633.31, 12.20, 9780.22>) DeployObject FenceKit
13:28:30: Player "Hacan121" (steam64id="76561198345012092" pos=<7630.91, 12.20, 9776.66>) DeployObject FenceKit
13:37:56: Player "Hacan121" (steam64id="76561198345012092" pos=<7634.46, 12.20, 9779.6>) DeployObject FenceKit
14:50:32: Player "[ONE] JAPA" (steam64id="76561198161060673" pos=<9566.72, 29.64, 12176.2>) DeployObject FenceKit
14:50:59: Player "[ONE] JAPA" (steam64id="76561198161060673" pos=<9566.69, 29.42, 12172.5>) DeployObject FenceKit
14:51:35: Player "[ONE] JAPA" (steam64id="76561198161060673" pos=<9568.68, 29.61, 12174>) DeployObject FenceKit
14:59:26: Player "[ONE] JAPA" (steam64id="76561198161060673" pos=<9571.37, 29.98, 12178.1>) DeployObject FenceKit
14:59:55: Player "[ONE] JAPA" (steam64id="76561198161060673" pos=<9570.09, 29.47, 12168.4>) DeployObject FenceKit
15:02:19: Player "[ONE] JAPA" (steam64id="76561198161060673" pos=<9569.59, 29.65, 12173.7>) DeployObject FenceKit
15:07:22: Player "[ONE] JAPA" (steam64id="76561198161060673" pos=<9567.03, 29.53, 12174.1>) DeployObject FenceKit
15:07:33: Player "[ONE] JAPA" (steam64id="76561198161060673" pos=<9565.98, 29.49, 12174.6>) DeployObject FenceKit
15:13:10: Player "[ONE] JAPA" (steam64id="76561198161060673" pos=<9566.46, 29.52, 12174.5>) DeployObject FenceKit
15:16:26: Player "[ONE] JAPA" (steam64id="76561198161060673" pos=<9568.33, 29.58, 12173.8>) DeployObject FenceKit
15:21:49: Player "[ONE] JAPA" (steam64id="76561198161060673" pos=<9555.52, 48.44, 12172.4>) DeployObject FenceKit
15:22:11: Player "[ONE] JAPA" (steam64id="76561198161060673" pos=<9551.78, 48.44, 12174>) DeployObject FenceKit
15:27:05: Player "[ONE] JAPA" (steam64id="76561198161060673" pos=<9552.32, 48.44, 12172.5>) DeployObject FenceKit
15:27:23: Player "[ONE] JAPA" (steam64id="76561198161060673" pos=<9553.06, 48.44, 12176.4>) DeployObject FenceKit
15:27:37: Player "[ONE] JAPA" (steam64id="76561198161060673" pos=<9553.71, 48.44, 12180.2>) DeployObject FenceKit
15:30:15: Player "[ONE] JAPA" (steam64id="76561198161060673" pos=<9551.88, 48.44, 12178.7>) DeployObject FenceKit
15:30:43: Player "[ONE] JAPA" (steam64id="76561198161060673" pos=<9556, 48.44, 12178.9>) DeployObject FenceKit
15:30:59: Player "[ONE] JAPA" (steam64id="76561198161060673" pos=<9554.85, 48.44, 12179.8>) DeployObject FenceKit
15:31:15: Player "[ONE] JAPA" (steam64id="76561198161060673" pos=<9554.26, 48.44, 12175.8>) DeployObject FenceKit
15:40:37: Player "[ONE] JAPA" (steam64id="76561198161060673" pos=<9554.09, 48.44, 12172.2>) DeployObject FenceKit
16:08:40: Player "[YKZ] Emissarius" (steam64id="76561198271087379" pos=<11090.6, 31.61, 8429.15>) DeployObject dp_weapons_stand_Kit
16:08:52: Player "[YKZ] Emissarius" (steam64id="76561198271087379" pos=<11090.9, 31.61, 8429.69>) DeployObject dp_weapons_stand_Kit
16:17:44: Player "oziel" (steam64id="76561199063596086" pos=<10430.1, 12.53, 11517.8>) DeployObject FenceKit
16:18:13: Player "[ONE] JAPA" (steam64id="76561198161060673" pos=<9551.64, 48.44, 12174>) DeployObject FenceKit
16:18:30: Player "[ONE] JAPA" (steam64id="76561198161060673" pos=<9551.87, 48.44, 12172.6>) DeployObject FenceKit
16:18:49: Player "[ONE] JAPA" (steam64id="76561198161060673" pos=<9552.26, 48.44, 12176.6>) DeployObject FenceKit
16:19:05: Player "oziel" (steam64id="76561199063596086" pos=<10430.6, 12.53, 11514.8>) FoldBaseBuildingObject Fence
16:19:37: Player "oziel" (steam64id="76561199063596086" pos=<10430, 12.53, 11518.4>) DeployObject FenceKit
16:23:42: Player "oziel" (steam64id="76561199063596086" pos=<10426.2, 12.53, 11514.2>) DeployObject FenceKit
16:24:12: Player "Passo Largo" (steam64id="76561198057660141" pos=<7554.56, 30.77, 7904.23>) DeployObject FenceKit
16:24:40: Player "[ONE] JAPA" (steam64id="76561198161060673" pos=<9555.91, 48.44, 12172.6>) DismantlePart wall_metal_up
16:24:48: Player "oziel" (steam64id="76561199063596086" pos=<10427.6, 12.53, 11515.1>) DismantlePart wall_wood_down
16:26:19: Player "[YKZ] Emissarius" (steam64id="76561198271087379" pos=<11079.3, 41.37, 8423.21>) DeployObject dp_box_big_Brown
16:26:53: Player "[ONE] JAPA" (steam64id="76561198161060673" pos=<9552.89, 48.44, 12180.4>) DeployObject FenceKit
16:27:13: Player "[ONE] JAPA" (steam64id="76561198161060673" pos=<9552.05, 48.44, 12179.3>) DeployObject FenceKit
16:28:00: Player "[ONE] JAPA" (steam64id="76561198161060673" pos=<9556, 48.44, 12179.2>) DeployObject FenceKit
16:30:05: Player "[ONE] JAPA" (steam64id="76561198161060673" pos=<9551.79, 48.44, 12177>) DeployObject dp_roof_Kit
16:33:17: Player "[ONE] JAPA" (steam64id="76561198161060673" pos=<9555.84, 48.44, 12176.3>) DeployObject dp_roof_Kit
16:33:58: Player "oziel" (steam64id="76561199063596086" pos=<10433.2, 12.53, 11514.4>) DeployObject FenceKit
16:34:16: Player "[ONE] JAPA" (steam64id="76561198161060673" pos=<9555.52, 48.44, 12172.3>) DeployObject FenceKit
16:34:49: Player "[ONE] JAPA" (steam64id="76561198161060673" pos=<9554.65, 48.44, 12172>) DeployObject FenceKit
16:35:16: Player "[ONE] JAPA" (steam64id="76561198161060673" pos=<9555.35, 48.44, 12179.7>) DeployObject FenceKit
16:35:35: Player "[ONE] JAPA" (steam64id="76561198161060673" pos=<9554.85, 48.44, 12176>) DeployObject FenceKit
16:38:35: Player "[ONE] JAPA" (steam64id="76561198161060673" pos=<9554.67, 48.46, 12172.3>) FoldBaseBuildingObject dp_roof
16:52:32: Player "[ONE] JAPA" (steam64id="76561198161060673" pos=<9555.97, 48.44, 12176.3>) DeployObject dp_roof_Kit
16:54:58: Player "[ONE] JAPA" (steam64id="76561198161060673" pos=<9552.38, 48.44, 12180.9>) DeployObject dp_roof_Kit
17:05:26: Player "[ONE] JAPA" (steam64id="76561198161060673" pos=<9556.07, 48.44, 12178.5>) DeployObject dp_roof_Kit
17:07:10: Player "[ONE] JAPA" (steam64id="76561198161060673" pos=<9554.6, 48.44, 12175.5>) DeployObject dp_roof_Kit
17:08:51: Player "[ONE] JAPA" (steam64id="76561198161060673" pos=<9556.68, 48.44, 12180.5>) DeployObject dp_roof_Kit
17:09:19: Player "[ONE] JAPA" (steam64id="76561198161060673" pos=<9551.67, 48.44, 12174.8>) DeployObject FenceKit
17:12:27: Player "[ONE] JAPA" (steam64id="76561198161060673" pos=<9551.74, 48.44, 12172.1>) DeployObject FenceKit
17:13:11: Player "[ONE] JAPA" (steam64id="76561198161060673" pos=<9555.22, 48.44, 12179.8>) DeployObject FenceKit
17:13:58: Player "[ONE] JAPA" (steam64id="76561198161060673" pos=<9556.91, 48.44, 12180.5>) FoldBaseBuildingObject Fence
17:14:24: Player "[ONE] JAPA" (steam64id="76561198161060673" pos=<9554.9, 48.44, 12179.4>) DeployObject FenceKit
18:10:28: Player "Thur" (steam64id="76561198329721265" pos=<8854.31, 11.61, 10241.4>) DeployObject dp_box_big_Olive
18:10:35: Player "Passo Largo" (steam64id="76561198057660141" pos=<7549.48, 35.24, 7899.6>) DeployObject dp_locker_blueKit
18:11:12: Player "Thur" (steam64id="76561198329721265" pos=<8843.33, 7.48, 10255.2>) DeployObject Barrel_Green
18:56:21: Player "[YKZ]-BlackBear" (steam64id="76561198343030820" pos=<11080.5, 41.37, 8423.34>) DeployObject dp_box_small_Brown
19:01:56: Player "[L.B] ploodrinny" (steam64id="76561198312062387" pos=<7363.9, 14.33, 7139.23>) DeployObject dp_box_small_Brown
19:03:08: Player "[L.B] ploodrinny" (steam64id="76561198312062387" pos=<7362.16, 18.46, 7132.98>) DeployObject dp_box_small_Brown
19:06:05: Player "[L.B] ploodrinny" (steam64id="76561198312062387" pos=<7363.56, 14.33, 7139.81>) DeployObject SeaChest
19:34:51: Player "[L.B] Santorin" (steam64id="76561199069721527" pos=<7344.06, 14.33, 7135.55>) DeployObject dp_box_small_Olive
19:35:27: Player "[L.B] ploodrinny" (steam64id="76561198312062387" pos=<7344.23, 14.33, 7136.12>) DeployObject dp_box_small_Olive
19:35:56: Player "[L.B] ploodrinny" (steam64id="76561198312062387" pos=<7344.78, 14.33, 7135.85>) DeployObject dp_box_small_Olive
20:10:27: Player "TcheLoco" (steam64id="76561198099449370" pos=<8572.38, 3.98, 11123.1>) DeployObject dp_trashcan_grey
20:21:48: Player "[YKZ]-BlackBear" (steam64id="76561198343030820" pos=<11092.7, 41.37, 8427.62>) DeployObject dp_gunrackKit
20:22:13: Player "[YKZ]-BlackBear" (steam64id="76561198343030820" pos=<11093.7, 41.37, 8427.22>) DeployObject dp_box_small_Olive
20:22:36: Player "[YKZ] Emissarius" (steam64id="76561198271087379" pos=<11092.5, 41.37, 8430.21>) DeployObject dp_gunrackKit
20:25:21: Player "Mendigo" (steam64id="76561198399245730" pos=<10077, 4.69, 14506.7>) DeployObject PartyTent_Brown
20:43:50: Player "Biel FxR" (steam64id="76561198050836260" pos=<7632, 12.20, 9780.52>) DismantlePart wall_wood_up
20:44:11: Player "Biel FxR" (steam64id="76561198050836260" pos=<7632, 12.20, 9780.52>) DismantlePart wall_wood_down
20:44:33: Player "Biel FxR" (steam64id="76561198050836260" pos=<7632, 12.20, 9780.52>) DismantlePart wall_base_down
20:44:51: Player "Biel FxR" (steam64id="76561198050836260" pos=<7632, 12.20, 9780.52>) DismantlePart wall_base_up
20:45:10: Player "Izla" (steam64id="76561198379555130" pos=<10557.1, 18.24, 13574.1>) FoldBaseBuildingObject dp_wall
20:47:29: Player "Biel FxR" (steam64id="76561198050836260" pos=<7632.63, 12.20, 9775.42>) DismantlePart dp_karkas
20:47:59: Player "Biel FxR" (steam64id="76561198050836260" pos=<7631.48, 12.20, 9778.13>) DismantlePart wall_wood_down
20:48:16: Player "Biel FxR" (steam64id="76561198050836260" pos=<7631.48, 12.20, 9778.13>) DismantlePart wall_wood_up
20:48:41: Player "Biel FxR" (steam64id="76561198050836260" pos=<7631.48, 12.20, 9778.13>) DismantlePart wall_base_down
20:48:58: Player "Biel FxR" (steam64id="76561198050836260" pos=<7631.48, 12.20, 9778.13>) DismantlePart wall_base_up
20:50:18: Player "[L.B] ploodrinny" (steam64id="76561198312062387" pos=<7364.29, 14.33, 7140.76>) DeployObject dp_box_small_Brown
20:53:21: Player "[L.B] Santorin" (steam64id="76561199069721527" pos=<7355.74, 18.46, 7134.4>) DeployObject dp_trashcan_blue
20:58:15: Player "Biel FxR" (steam64id="76561198050836260" pos=<7630.82, 12.20, 9781.25>) DismantlePart base
20:58:49: Player "Biel FxR" (steam64id="76561198050836260" pos=<7631.1, 12.20, 9780.67>) DismantlePart base
20:59:54: Player "Biel FxR" (steam64id="76561198050836260" pos=<7632.41, 12.20, 9775.95>) DismantlePart dp_base
21:02:34: Player "Biel FxR" (steam64id="76561198050836260" pos=<7638.05, 12.20, 9779.23>) DismantlePart wall_wood_down
21:04:04: Player "Biel FxR" (steam64id="76561198050836260" pos=<7638.05, 12.20, 9779.23>) DismantlePart wall_base_down
21:04:21: Player "Biel FxR" (steam64id="76561198050836260" pos=<7638.05, 12.20, 9779.23>) DismantlePart wall_wood_up
21:04:39: Player "Biel FxR" (steam64id="76561198050836260" pos=<7638.05, 12.20, 9779.23>) DismantlePart wall_base_up
21:05:43: Player "Biel FxR" (steam64id="76561198050836260" pos=<7630.73, 12.20, 9777.61>) DeployObject FenceKit
21:10:50: Player "Biel FxR" (steam64id="76561198050836260" pos=<7639.24, 12.20, 9778.03>) DeployObject dp_door_Kit
21:11:07: Player "Biel FxR" (steam64id="76561198050836260" pos=<7638.64, 12.20, 9777.68>) FoldBaseBuildingObject dp_door
21:11:51: Player "Biel FxR" (steam64id="76561198050836260" pos=<7638.97, 12.20, 9777.81>) DeployObject dp_door_Kit
21:13:48: Player "Biel FxR" (steam64id="76561198050836260" pos=<7635.27, 12.20, 9782.47>) DeployObject FenceKit
21:14:03: Player "Biel FxR" (steam64id="76561198050836260" pos=<7637.15, 12.20, 9781.73>) FoldBaseBuildingObject Fence
21:14:45: Player "Biel FxR" (steam64id="76561198050836260" pos=<7636.02, 12.20, 9782.56>) DeployObject FenceKit
21:16:06: Player "Biel FxR" (steam64id="76561198050836260" pos=<7635.49, 12.20, 9782.24>) DeployObject FenceKit
21:19:03: Player "Fuminhu " (steam64id="76561198199978915" pos=<8655.09, 182.33, 6685.66>) DeployObject LandMineTrap
21:46:58: Player "oziel" (steam64id="76561199063596086" pos=<10431.1, 12.53, 11515.5>) DismantlePart wall_wood_down
21:50:15: Player "oziel" (steam64id="76561199063596086" pos=<10424.7, 12.53, 11514.1>) DeployObject WatchtowerKit
21:55:08: Player "oziel" (steam64id="76561199063596086" pos=<10429.7, 12.53, 11522.6>) DeployObject FenceKit
21:56:02: Player "oziel" (steam64id="76561199063596086" pos=<10429.5, 12.53, 11516>) DeployObject FenceKit
21:58:26: Player "oziel" (steam64id="76561199063596086" pos=<10429.4, 12.53, 11515>) DismantlePart wall_wood_down
22:48:57: Player "[YKZ]-tappes" (steam64id="76561198990092287" pos=<10233.6, 14.05, 11327.9>) DeployObject dp_gunrackKit
23:20:56: Player "[HORDA]ThiagoPenna" (steam64id="76561198218822351" pos=<9557.71, 2.94, 9586.97>) DeployObject dp_box_big_Tan
23:38:20: Player "TioSam" (steam64id="76561199014145539" pos=<8828.24, 6.61, 10270.4>) DeployObject PowerGenerator
23:50:44: Player "(CNXC)Roger    " (steam64id="76561198119108882" pos=<10771.3, 10.51, 12047>) DeployObject dp_waterbarrel_kit
