00:19:54: Player "G A T O" (steam64id="76561199207813177" pos=<6578.86, 7.35, 7184.93>) DeployObject BearTrap
00:23:47: Player "[ONE] KARABULJHAN" (steam64id="76561198100527842" pos=<7886.76, 31.02, 7423.21>) DeployObject Fireplace
00:24:34: Player "[ONE] KARABULJHAN" (steam64id="76561198100527842" pos=<7887.07, 31.06, 7422.27>) DeployObject Fireplace
00:25:03: Player "[ONE] KARABULJHAN" (steam64id="76561198100527842" pos=<7886.08, 31.10, 7420.46>) DeployObject Fireplace
00:45:36: Player "[YKZ] Emissarius" (steam64id="76561198271087379" pos=<10913.4, 24.19, 8780.05>) DeployObject PartyTent_Blue
01:01:51: Player "ttuker" (steam64id="76561198971813376" pos=<7394.31, 31.55, 8199.95>) DeployObject dp_trashcan_grey
01:02:17: Player "ttuker" (steam64id="76561198971813376" pos=<7392.5, 31.55, 8199.77>) DeployObject dp_locker_grayKit
01:03:14: Player "ttuker" (steam64id="76561198971813376" pos=<7392.96, 31.55, 8199.93>) DeployObject dp_locker_grayKit
01:03:54: Player "ttuker" (steam64id="76561198971813376" pos=<7393.62, 31.55, 8199.87>) DeployObject dp_waterbarrel_kit
01:04:47: Player "ttuker" (steam64id="76561198971813376" pos=<7393.85, 31.55, 8200.18>) DeployObject dp_waterbarrel_kit
01:05:04: Player "Hacan121" (steam64id="76561198345012092" pos=<7629.78, 13.22, 9796.01>) DeployObject dp_weapons_stand_Kit
01:05:17: Player "TripaSeca" (steam64id="76561198093060507" pos=<7628.12, 12.20, 9817.52>) DeployObject dp_refrigerator
01:06:07: Player "ttuker" (steam64id="76561198971813376" pos=<7393.8, 31.55, 8199.8>) DeployObject dp_trashcan_grey
01:06:24: Player "ttuker" (steam64id="76561198971813376" pos=<7394.04, 31.55, 8202.39>) DeployObject dp_trashcan_grey
01:06:31: Player "Duerowww" (steam64id="76561198259492425" pos=<7393.65, 31.55, 8200.78>) DeployObject dp_gunrackKit
01:06:32: Player "[YKZ] pedrobala" (steam64id="76561198046653521" pos=<10388.2, 14.52, 10614.4>) DeployObject dp_waterbarrel_kit
01:07:24: Player "ttuker" (steam64id="76561198971813376" pos=<7394.35, 31.55, 8199.99>) DeployObject dp_waterbarrel_kit
01:07:54: Player "Duerowww" (steam64id="76561198259492425" pos=<7392.6, 31.55, 8200.51>) DeployObject dp_weapons_stand_Kit
01:08:14: Player "ttuker" (steam64id="76561198971813376" pos=<7394.02, 31.55, 8199.83>) DeployObject dp_gunrackKit
01:09:05: Player "ttuker" (steam64id="76561198971813376" pos=<7394.11, 31.55, 8200.15>) DeployObject dp_gunrackKit
01:13:07: Player "ttuker" (steam64id="76561198971813376" pos=<7394.93, 31.55, 8202.92>) DeployObject dp_trashcan_grey
01:27:43: Player "[YKZ]-BlackBear" (steam64id="76561198343030820" pos=<10389, 14.51, 10612.1>) DeployObject CrateVIP
01:28:10: Player "[YKZ]-BlackBear" (steam64id="76561198343030820" pos=<10388.8, 14.51, 10612.4>) DeployObject CrateVIP
01:38:49: Player "[YKZ] Emissarius" (steam64id="76561198271087379" pos=<11084.2, 4.21, 8428.9>) DeployObject dp_gunrackKit
01:40:46: Player "[YKZ]-BlackBear" (steam64id="76561198343030820" pos=<11081.4, 35.49, 8421.69>) DeployObject PartyTent_Blue
01:41:19: Player "[YKZ] Emissarius" (steam64id="76561198271087379" pos=<11083.2, 4.21, 8429.18>) DeployObject dp_weapons_stand_Kit
01:42:35: Player "[YKZ] Emissarius" (steam64id="76561198271087379" pos=<11090.2, 31.61, 8430.37>) DeployObject dp_weapons_stand_Kit
01:42:55: Player "[YKZ] Emissarius" (steam64id="76561198271087379" pos=<11090.1, 31.61, 8432.9>) DeployObject dp_weapons_stand_Kit
01:54:49: Player "[YKZ] Emissarius" (steam64id="76561198271087379" pos=<11080.8, 41.37, 8422.58>) DeployObject dp_box_small_Brown
02:35:03: Player "[YKZ] Emissarius" (steam64id="76561198271087379" pos=<11084.3, 4.21, 8428.34>) DeployObject dp_locker_grayKit
02:37:42: Player "[YKZ] Emissarius" (steam64id="76561198271087379" pos=<11092.2, 4.52, 8428.47>) DeployObject PartyTent
02:39:01: Player "[YKZ]-BlackBear" (steam64id="76561198343030820" pos=<11081.6, 4.25, 8421.88>) DeployObject dp_trashcan_grey
04:39:07: Player "TripaSeca" (steam64id="76561198093060507" pos=<7625.5, 12.20, 9794.62>) DeployObject ShelterKit
08:36:33: Player "Duerowww" (steam64id="76561198259492425" pos=<7395.84, 31.55, 8202.71>) DeployObject dp_trashcan_grey
08:36:53: Player "Duerowww" (steam64id="76561198259492425" pos=<7395.84, 31.55, 8202.71>) DeployObject dp_trashcan_grey
11:09:41: Player "[YKZ]-BlackBear" (steam64id="76561198343030820" pos=<11080.5, 35.24, 8424.68>) DeployObject dp_gunrackKit
11:10:09: Player "Passo Largo" (steam64id="76561198057660141" pos=<7562.59, 28.05, 7898.95>) DeployObject FenceKit
11:10:30: Player "Passo Largo" (steam64id="76561198057660141" pos=<7559.03, 28.05, 7897.43>) DeployObject dp_box_big_Brown
11:13:32: Player "Passo Largo" (steam64id="76561198057660141" pos=<7562.53, 28.05, 7899.75>) DeployObject FenceKit
11:15:19: Player "Passo Largo" (steam64id="76561198057660141" pos=<7563.51, 28.05, 7900.54>) DeployObject dp_box_big_Brown
11:15:30: Player "Passo Largo" (steam64id="76561198057660141" pos=<7563.74, 28.05, 7900.65>) DeployObject dp_box_big_Brown
11:15:44: Player "Passo Largo" (steam64id="76561198057660141" pos=<7563.74, 28.05, 7900.87>) DeployObject dp_box_big_Brown
11:15:56: Player "Passo Largo" (steam64id="76561198057660141" pos=<7561.14, 28.05, 7900.84>) DeployObject dp_box_big_Brown
11:16:01: Player "Passo Largo" (steam64id="76561198057660141" pos=<7561.6, 28.05, 7899.3>) DeployObject dp_box_big_Brown
11:16:13: Player "Passo Largo" (steam64id="76561198057660141" pos=<7562.76, 28.05, 7897.64>) DeployObject dp_box_big_Brown
11:17:58: Player "Passo Largo" (steam64id="76561198057660141" pos=<7565.87, 28.05, 7901>) DismantlePart base
11:18:32: Player "Passo Largo" (steam64id="76561198057660141" pos=<7562.78, 28.05, 7899.63>) DeployObject FenceKit
11:22:31: Player "Passo Largo" (steam64id="76561198057660141" pos=<7563.4, 28.05, 7901.35>) DismantlePart wall_gate
11:22:56: Player "Passo Largo" (steam64id="76561198057660141" pos=<7563.41, 28.05, 7901.43>) DismantlePart wall_metal_down
11:24:22: Player "Passo Largo" (steam64id="76561198057660141" pos=<7562.21, 28.05, 7899.07>) DeployObject FenceKit
11:24:35: Player "Passo Largo" (steam64id="76561198057660141" pos=<7558.45, 28.05, 7898.02>) DeployObject dp_box_big_Brown
11:25:03: Player "ttuker" (steam64id="76561198971813376" pos=<7391.34, 31.55, 8201.44>) DeployObject dp_box_big_Tan
11:25:12: Player "ttuker" (steam64id="76561198971813376" pos=<7391.29, 31.55, 8202.08>) DeployObject dp_box_big_Tan
11:25:20: Player "Duerowww" (steam64id="76561198259492425" pos=<7392.74, 31.55, 8201.3>) DeployObject dp_box_big_Grey
11:28:23: Player "Passo Largo" (steam64id="76561198057660141" pos=<7565.66, 28.05, 7896.9>) DeployObject dp_box_big_Brown
11:28:38: Player "Passo Largo" (steam64id="76561198057660141" pos=<7565.58, 28.05, 7896.99>) DeployObject dp_box_big_Brown
11:28:54: Player "Passo Largo" (steam64id="76561198057660141" pos=<7565.77, 28.05, 7897.45>) DeployObject dp_box_big_Brown
11:29:31: Player "Passo Largo" (steam64id="76561198057660141" pos=<7563.75, 28.05, 7897.43>) DeployObject dp_box_big_Brown
11:29:42: Player "Passo Largo" (steam64id="76561198057660141" pos=<7564.32, 28.05, 7897.66>) DeployObject dp_box_big_Brown
11:29:56: Player "Passo Largo" (steam64id="76561198057660141" pos=<7564.04, 28.05, 7897.9>) DeployObject dp_box_big_Brown
11:35:21: Player "[YKZ]-BlackBear" (steam64id="76561198343030820" pos=<11060.3, 4.37, 8278.4>) DismantlePart dp_wb_gate
11:35:54: Player "[YKZ]-BlackBear" (steam64id="76561198343030820" pos=<11056.9, 4.40, 8279.02>) DismantlePart dp_karkas_right
11:36:30: Player "[YKZ]-BlackBear" (steam64id="76561198343030820" pos=<11056.5, 4.40, 8279.41>) DismantlePart dp_karkas_left
11:37:30: Player "[YKZ]-BlackBear" (steam64id="76561198343030820" pos=<11060.5, 4.37, 8278.47>) DismantlePart dp_base_wb
11:40:13: Player "[YKZ]-BlackBear" (steam64id="76561198343030820" pos=<11058.3, 4.40, 8277.08>) DeployObject FenceKit
11:45:19: Player "[YKZ]-BlackBear" (steam64id="76561198343030820" pos=<11058.4, 4.40, 8277.55>) DeployObject FenceKit
11:45:26: Player "Passo Largo" (steam64id="76561198057660141" pos=<7561.67, 28.05, 7899.07>) DeployObject dp_box_big_Brown
11:46:42: Player "Passo Largo" (steam64id="76561198057660141" pos=<7563.29, 28.05, 7897.23>) DismantlePart wall_base_down
11:49:25: Player "Hacan121" (steam64id="76561198345012092" pos=<7626.16, 13.22, 9782.54>) DeployObject BatteryCharger
11:50:17: Player "Passo Largo" (steam64id="76561198057660141" pos=<7564.08, 28.05, 7897.89>) DeployObject dp_box_big_Brown
11:50:51: Player "Passo Largo" (steam64id="76561198057660141" pos=<7564.34, 29.34, 7898.73>) DismantlePart wall_base_up
11:51:36: Player "Passo Largo" (steam64id="76561198057660141" pos=<7564.33, 28.05, 7897.53>) DeployObject dp_box_big_Brown
11:51:52: Player "Passo Largo" (steam64id="76561198057660141" pos=<7564.08, 28.05, 7897.88>) DeployObject dp_box_big_Brown
11:52:09: Player "Passo Largo" (steam64id="76561198057660141" pos=<7563.82, 28.05, 7897.71>) DeployObject dp_box_big_Brown
11:52:32: Player "Passo Largo" (steam64id="76561198057660141" pos=<7563.73, 28.05, 7896.19>) DeployObject dp_box_big_Brown
11:52:39: Player "Passo Largo" (steam64id="76561198057660141" pos=<7563.72, 28.05, 7896.42>) DeployObject dp_box_big_Brown
11:52:46: Player "Passo Largo" (steam64id="76561198057660141" pos=<7563.85, 28.05, 7896.48>) DeployObject dp_box_big_Brown
11:52:54: Player "Passo Largo" (steam64id="76561198057660141" pos=<7563.79, 28.05, 7896.46>) DeployObject dp_box_big_Brown
11:53:14: Player "Passo Largo" (steam64id="76561198057660141" pos=<7562.49, 28.05, 7899.2>) DeployObject dp_box_big_Brown
11:55:20: Player "[YKZ]-tappes" (steam64id="76561198990092287" pos=<11057.2, 4.41, 8261.11>) DeployObject FenceKit
11:56:17: Player "[YKZ]-tappes" (steam64id="76561198990092287" pos=<11054, 4.43, 8260.47>) FoldBaseBuildingObject Fence
11:58:17: Player "Passo Largo" (steam64id="76561198057660141" pos=<7563.48, 28.05, 7898.29>) DeployObject FenceKit
12:07:25: Player "Passo Largo" (steam64id="76561198057660141" pos=<7362.27, 14.58, 7147.13>) DeployObject PartyTent_Brown
12:09:26: Player "Passo Largo" (steam64id="76561198057660141" pos=<7362.6, 14.58, 7146.74>) DeployObject PartyTent_Brown
12:13:36: Player "Passo Largo" (steam64id="76561198057660141" pos=<7341.53, 14.58, 7154.36>) DeployObject PartyTent_Brown
12:21:37: Player "Hacan121" (steam64id="76561198345012092" pos=<7340.73, 14.58, 7152.59>) DeployObject PartyTent_Brown
12:22:12: Player "Hacan121" (steam64id="76561198345012092" pos=<7340.84, 14.58, 7152.7>) DeployObject PartyTent_Brown
12:22:52: Player "Hacan121" (steam64id="76561198345012092" pos=<7341.37, 14.58, 7153.06>) DeployObject PartyTent_Brown
12:23:30: Player "Hacan121" (steam64id="76561198345012092" pos=<7341.94, 14.58, 7150.35>) DeployObject PartyTent_Brown
12:23:58: Player "Hacan121" (steam64id="76561198345012092" pos=<7341.5, 14.58, 7150.37>) DeployObject PartyTent_Brown
12:25:55: Player "Hacan121" (steam64id="76561198345012092" pos=<7346.38, 14.58, 7144.36>) DeployObject PartyTent_Brown
12:26:36: Player "Hacan121" (steam64id="76561198345012092" pos=<7347.02, 14.58, 7144.95>) DeployObject PartyTent_Brown
12:27:36: Player "Hacan121" (steam64id="76561198345012092" pos=<7347.36, 14.58, 7144.72>) DeployObject PartyTent_Brown
12:28:55: Player "Hacan121" (steam64id="76561198345012092" pos=<7347.33, 14.58, 7144.91>) DeployObject PartyTent_Brown
12:29:55: Player "Hacan121" (steam64id="76561198345012092" pos=<7346.91, 14.58, 7145.39>) DeployObject PartyTent_Brown
12:32:39: Player "Hacan121" (steam64id="76561198345012092" pos=<7346.63, 14.58, 7145.1>) DeployObject PartyTent_Brown
12:33:24: Player "Hacan121" (steam64id="76561198345012092" pos=<7346.76, 14.58, 7145.02>) DeployObject PartyTent_Brown
12:41:11: Player "[L.B] Santorin" (steam64id="76561199069721527" pos=<7362, 18.51, 7141.08>) DeployObject dp_box_small_Olive
12:41:18: Player "Passo Largo" (steam64id="76561198057660141" pos=<7549.97, 28.05, 7906.44>) DeployObject PowerGenerator
13:14:01: Player "[YKZ]-BlackBear" (steam64id="76561198343030820" pos=<11089.5, 51.66, 8426.81>) DeployObject TerritoryFlagKit
13:14:37: Player "[YKZ]-BlackBear" (steam64id="76561198343030820" pos=<11086.5, 51.69, 8428.3>) FoldBaseBuildingObject TerritoryFlag
13:16:16: Player "[HORDA] JHON WICK" (steam64id="76561198122075703" pos=<9567.29, 2.71, 9575.54>) DeployObject WatchtowerKit
13:16:36: Player "[HORDA] JHON WICK" (steam64id="76561198122075703" pos=<9566.19, 2.65, 9577.53>) FoldBaseBuildingObject Watchtower
13:16:56: Player "[YKZ]-BlackBear" (steam64id="76561198343030820" pos=<11088.2, 51.66, 8427.75>) DeployObject TerritoryFlagKit
13:17:50: Player "[HORDA] JHON WICK" (steam64id="76561198122075703" pos=<9567.45, 2.74, 9574.85>) DeployObject WatchtowerKit
13:19:36: Player "Seekerzao" (steam64id="76561198067793781" pos=<10227.5, 14.02, 11338.2>) DeployObject LandMineTrap
13:23:57: Player "[YKZ]-BlackBear" (steam64id="76561198343030820" pos=<11086.6, 51.66, 8428.28>) FoldBaseBuildingObject TerritoryFlag
13:27:05: Player "[YKZ]-BlackBear" (steam64id="76561198343030820" pos=<11090, 51.66, 8426.76>) DeployObject TerritoryFlagKit
13:29:41: Player "[YKZ]-tappes" (steam64id="76561198990092287" pos=<11088.7, 51.68, 8427.96>) FoldBaseBuildingObject TerritoryFlag
13:33:04: Player "[YKZ]-BlackBear" (steam64id="76561198343030820" pos=<11091.3, 41.37, 8429.78>) DeployObject TerritoryFlagKit
13:35:28: Player "Hacan121" (steam64id="76561198345012092" pos=<7620.19, 13.53, 9785.51>) DeployObject PartyTent_Brown
13:42:35: Player "[YKZ]-BlackBear" (steam64id="76561198343030820" pos=<11089.5, 41.37, 8433.42>) FoldBaseBuildingObject TerritoryFlag
13:43:43: Player "[YKZ]-BlackBear" (steam64id="76561198343030820" pos=<11088.2, 51.66, 8428.31>) DeployObject TerritoryFlagKit
13:48:25: Player "Passo Largo" (steam64id="76561199203652654" pos=<7562.56, 28.05, 7898.15>) DeployObject FenceKit
13:52:01: Player "[HORDA] JHON WICK" (steam64id="76561198122075703" pos=<9569.9, 2.46, 9581.37>) DeployObject FenceKit
13:54:06: Player "[HORDA] JHON WICK" (steam64id="76561198122075703" pos=<9567.69, 2.54, 9580.6>) DismantlePart base
13:54:42: Player "[HORDA] JHON WICK" (steam64id="76561198122075703" pos=<9564.85, 2.67, 9578.61>) DeployObject FenceKit
13:56:22: Player "Passo Largo" (steam64id="76561199203652654" pos=<7563.92, 28.05, 7894>) DeployObject FenceKit
14:01:22: Player "Passo Largo" (steam64id="76561199203652654" pos=<7562.22, 28.05, 7898.01>) DeployObject FenceKit
14:04:07: Player "Passo Largo" (steam64id="76561199203652654" pos=<7564.01, 28.05, 7893.75>) DeployObject FenceKit
14:23:57: Player "[HORDA] JHON WICK" (steam64id="76561198122075703" pos=<9562.03, 6.07, 9581.2>) DismantlePart wall_base_up
14:27:56: Player "[HORDA] JHON WICK" (steam64id="76561198122075703" pos=<9557.69, 2.94, 9588.23>) MountBarbedWire Fence
14:29:24: Player "[HORDA] JHON WICK" (steam64id="76561198122075703" pos=<9564.89, 2.68, 9578.54>) MountBarbedWire Watchtower
14:34:03: Player "[HORDA] JHON WICK" (steam64id="76561198122075703" pos=<9559.85, 2.94, 9585.44>) DeployObject dp_locker_grayKit
14:35:22: Player "[HORDA] JHON WICK" (steam64id="76561198122075703" pos=<9558.33, 2.94, 9585.87>) DeployObject dp_locker_grayKit
14:59:20: Player "Juliano" (steam64id="76561198329721265" pos=<7558.3, 28.05, 7900.12>) DeployObject dp_box_big_Brown
14:59:30: Player "Juliano" (steam64id="76561198329721265" pos=<7558.27, 28.05, 7899.06>) DeployObject dp_box_big_Brown
15:10:36: Player "Juliano" (steam64id="76561198329721265" pos=<7559.69, 28.05, 7892.23>) DeployObject dp_roof_Kit
15:58:30: Player "Passo Largo" (steam64id="76561198057660141" pos=<7558.32, 28.05, 7905.94>) DeployObject Spotlight
15:58:46: Player "Passo Largo" (steam64id="76561198057660141" pos=<7558.3, 28.05, 7898>) DeployObject dp_box_big_Olive
16:16:39: Player "Rogerio123" (steam64id="76561198114278091" pos=<11199.2, 57.54, 13371.6>) DeployObject dp_trashcan_green
16:16:51: Player "Rogerio123" (steam64id="76561198114278091" pos=<11199.2, 57.55, 13371.7>) DeployObject dp_trashcan_green
16:26:11: Player "TripaSeca" (steam64id="76561198093060507" pos=<7622.44, 12.20, 9793.67>) DeployObject ShelterKit
16:26:29: Player "TripaSeca" (steam64id="76561198093060507" pos=<7619.7, 12.20, 9797.15>) DeployObject ShelterKit
18:06:32: Player "[YKZ]-BlackBear" (steam64id="76561198343030820" pos=<11187, 6.67, 8285.79>) DeployObject LandMineTrap
18:17:03: Player "[YKZ]-BlackBear" (steam64id="76561198343030820" pos=<11080.7, 4.21, 8430.07>) DeployObject dp_door_Kit
19:01:36: Player "Luska" (steam64id="76561198099970604" pos=<7178.64, 3.19, 9466>) DeployObject dp_weapons_stand_Kit
19:01:57: Player "[ONE] JAPA" (steam64id="76561198161060673" pos=<7883.29, 30.84, 7428.49>) DeployObject dp_trashcan_black
19:18:09: Player "SKORGE" (steam64id="76561198155169434" pos=<10076.9, 7.57, 14508.1>) DeployObject PartyTent_Brown
19:33:27: Player "ttuker" (steam64id="76561198971813376" pos=<7390.37, 31.55, 8199.97>) DeployObject Fireplace
19:33:51: Player "ttuker" (steam64id="76561198971813376" pos=<7390.75, 31.78, 8200.89>) DeployObject Fireplace
19:36:07: Player "ttuker" (steam64id="76561198971813376" pos=<7390.46, 31.55, 8200.19>) DeployObject dp_box_big_Tan
19:36:31: Player "ttuker" (steam64id="76561198971813376" pos=<7392.68, 31.55, 8200.13>) DeployObject dp_box_big_Grey
19:36:40: Player "ttuker" (steam64id="76561198971813376" pos=<7393.28, 31.55, 8200.21>) DeployObject dp_box_big_Grey
19:36:56: Player "Duerowww" (steam64id="76561198259492425" pos=<7389.8, 31.55, 8202.1>) DeployObject dp_box_big_Tan
19:37:16: Player "Duerowww" (steam64id="76561198259492425" pos=<7390.96, 31.55, 8202.34>) DeployObject dp_box_small_Brown
19:37:27: Player "Luska" (steam64id="76561198099970604" pos=<6937.88, 3.65, 8434.41>) DeployObject dp_locker_blueKit
19:37:39: Player "Duerowww" (steam64id="76561198259492425" pos=<7390.69, 31.55, 8202.34>) DeployObject dp_box_small_Brown
19:39:43: Player "Duerowww" (steam64id="76561198259492425" pos=<7395.92, 31.55, 8202.71>) DeployObject dp_trashcan_grey
19:45:14: Player "SKORGE" (steam64id="76561198155169434" pos=<9885.09, 9.02, 13093.3>) DeployObject CableReel
20:22:59: Player "[LGBTQIA+] Alti" (steam64id="76561199235859883" pos=<10098.7, 7.79, 8793.08>) DeployObject dp_guncabinetKit
20:24:03: Player "[LGBTQIA+] Alti" (steam64id="76561199235859883" pos=<10098.8, 7.79, 8793.41>) DeployObject dp_guncabinetKit
20:48:18: Player "Betinho_maluco" (steam64id="76561198057627157" pos=<11822.7, 25.37, 6550.33>) DeployObject LandMineTrap
20:52:39: Player "Betinho_maluco" (steam64id="76561198057627157" pos=<11802.6, 24.97, 6528.33>) DeployObject LandMineTrap
21:20:38: Player "FisFacu" (steam64id="76561198339726200" pos=<11097.4, 4.62, 8197.32>) DismantlePart wall_wood_down
21:22:05: Player "FisFacu" (steam64id="76561198339726200" pos=<11096.8, 4.62, 8197.27>) DismantlePart wall_wood_up
21:23:06: Player "FisFacu" (steam64id="76561198339726200" pos=<11102.5, 4.62, 8196.31>) DeployObject dp_box_big_Grey
22:10:40: Player "[YKZ] pedrobala" (steam64id="76561198046653521" pos=<10388.2, 14.52, 10614.3>) DeployObject CrateVIP
22:10:56: Player "{KMG}-Rockeiro" (steam64id="76561198928581570" pos=<10092.8, 4.04, 14504.2>) DeployObject PartyTent_Brown
22:55:07: Player "MarcoLa" (steam64id="76561198352149308" pos=<10978.7, 36.62, 8661.52>) DeployObject FenceKit
22:55:52: Player "MarcoLa" (steam64id="76561198352149308" pos=<10978.4, 37.58, 8663.08>) FoldBaseBuildingObject Fence
22:59:03: Player "[ONE] KARABULJHAN" (steam64id="76561198100527842" pos=<7875.85, 31.24, 7419.64>) DeployObject dp_waterbarrel_kit
23:11:29: Player "[YKZ]-BlackBear" (steam64id="76561198343030820" pos=<10387.4, 14.52, 10616.2>) DeployObject CrateVIP
23:15:08: Player "Biel FxR" (steam64id="76561198050836260" pos=<7618.74, 13.22, 9816.55>) DeployObject Spotlight
