00:18:32: Player "Nadezhda" (steam64id="76561198153556929" pos=<9736.89, 8.66, 12569.3>) DeployObject dp_weapons_stand_Kit
00:54:44: Player "StarkCG" (steam64id="76561198121484554" pos=<10085.9, 3.59, 9823.56>) DeployObject LandMineTrap
03:58:06: Player "[YKZ] Seekerzao" (steam64id="76561198067793781" pos=<10234.7, 14.05, 11331.4>) DeployObject Fireplace
09:54:15: Player "GabrielDWR" (steam64id="76561199012612653" pos=<11843.1, 19.80, 7270.45>) DeployObject WoodenCrate
10:05:43: Player "GabrielDWR" (steam64id="76561199012612653" pos=<11841.9, 19.80, 7269.17>) DeployObject WoodenCrate
10:05:50: Player "GabrielDWR" (steam64id="76561199012612653" pos=<11842, 19.80, 7268.7>) DeployObject WoodenCrate
10:05:58: Player "GabrielDWR" (steam64id="76561199012612653" pos=<11841.4, 19.80, 7268.35>) DeployObject WoodenCrate
10:06:18: Player "GabrielDWR" (steam64id="76561199012612653" pos=<11841.6, 19.80, 7269.31>) DeployObject WoodenCrate
10:06:36: Player "GabrielDWR" (steam64id="76561199012612653" pos=<11842, 19.80, 7269.93>) DeployObject WoodenCrate
13:03:19: Player "[HORDA] JHON WICK" (steam64id="76561198122075703" pos=<9559.52, 6.07, 9583.38>) DeployObject Barrel_Blue
13:39:41: Player "[HORDA] JHON WICK" (steam64id="76561198122075703" pos=<9953.46, 17.82, 11755.3>) DeployObject PartyTent_Blue
13:40:33: Player "[HORDA] JHON WICK" (steam64id="76561198122075703" pos=<9956.01, 17.92, 11747.2>) DeployObject PartyTent_Blue
13:44:39: Player "[HORDA] JHON WICK" (steam64id="76561198122075703" pos=<9951.14, 27.26, 11778.5>) DeployObject dp_locker_grayKit
14:30:54: Player "[HORDA] JHON WICK" (steam64id="76561198122075703" pos=<9956.1, 7.53, 11779.9>) DeployObject Fireplace
14:31:47: Player "chule" (steam64id="76561198345483021" pos=<10972.4, 7.72, 11796.9>) DeployObject dp_locker_greenKit
14:33:50: Player "[HORDA] JHON WICK" (steam64id="76561198122075703" pos=<9956.61, 7.53, 11777.3>) DeployObject dp_box_big_Grey
16:47:45: Player "Ladimilson" (steam64id="76561198329721265" pos=<8844.65, 7.48, 10255.6>) DeployObject Barrel_Green
16:47:51: Player "Ladimilson" (steam64id="76561198329721265" pos=<8844.31, 7.48, 10256.2>) DeployObject HRM_Painted_Barrel_DPM
16:50:14: Player "Ladimilson" (steam64id="76561198329721265" pos=<8843.85, 7.48, 10255.6>) DeployObject dp_box_big_Green
16:50:25: Player "Ladimilson" (steam64id="76561198329721265" pos=<8844.15, 7.48, 10255.6>) DeployObject dp_box_big_Green
16:50:35: Player "Ladimilson" (steam64id="76561198329721265" pos=<8843.18, 7.48, 10254.5>) DeployObject dp_box_big_Green
16:50:48: Player "Ladimilson" (steam64id="76561198329721265" pos=<8844.36, 7.48, 10255.3>) DeployObject dp_box_big_Green
16:50:57: Player "Ladimilson" (steam64id="76561198329721265" pos=<8845.05, 7.48, 10256.3>) DeployObject dp_box_big_Green
19:16:33: Player "Santorin" (steam64id="76561199069721527" pos=<7358.73, 14.33, 7134.71>) DeployObject dp_box_big_Olive
19:16:45: Player "Santorin" (steam64id="76561199069721527" pos=<7359.28, 14.33, 7134.95>) DeployObject dp_box_big_Olive
19:31:56: Player "CHASER?" (steam64id="76561198246131158" pos=<10842.6, 4.04, 7658.84>) DeployObject BatteryCharger
20:35:45: Player "[YKZ] Felps" (steam64id="76561198892779186" pos=<11084.8, 31.61, 8425.51>) DeployObject dp_trashcan_green
20:52:24: Player "[HORDA]MacLovin" (steam64id="76561199068236803" pos=<9955.63, 7.02, 11760.4>) DeployObject dp_trashcan_grey
21:19:12: Player "XOTA" (steam64id="76561199083408122" pos=<11141.9, 6.66, 8391.45>) DeployObject BearTrap
21:20:17: Player "SobrinhoSam" (steam64id="76561199014145539" pos=<11093.1, 4.01, 8416.09>) DeployObject LandMineTrap
21:20:54: Player "[HORDA]MacLovin" (steam64id="76561199068236803" pos=<9952.65, 19.17, 11777.4>) DeployObject dp_box_big_Grey
21:25:55: Player "Alcanfor" (steam64id="76561198018104612" pos=<10434, 12.53, 11533.1>) DeployObject dp_refrigerator
21:27:05: Player "Alcanfor" (steam64id="76561198018104612" pos=<10413.8, 11.75, 11531.3>) DeployObject dp_refrigerator
22:33:37: Player "KOREA" (steam64id="76561198253386609" pos=<10680.9, 4.94, 8436.6>) DeployObject dp_box_big_Grey
22:35:22: Player "KOREA" (steam64id="76561198253386609" pos=<10396.9, 14.80, 10621.2>) DeployObject dp_box_big_Grey
22:36:13: Player "KOREA" (steam64id="76561198253386609" pos=<10398.1, 15.04, 10635.4>) DeployObject FenceKit
22:39:13: Player "Alcanfor" (steam64id="76561198018104612" pos=<9815.23, 10.27, 12634.7>) DeployObject BearTrap
22:39:31: Player "KOREA" (steam64id="76561198253386609" pos=<10393.9, 14.80, 10621.1>) DeployObject dp_box_big_Grey
22:40:07: Player "KOREA" (steam64id="76561198253386609" pos=<10385.6, 14.83, 10621.7>) DeployObject dp_box_big_Grey
22:41:05: Player "KOREA" (steam64id="76561198253386609" pos=<10382.6, 14.84, 10621.8>) DeployObject dp_box_big_Grey
22:41:27: Player "KOREA" (steam64id="76561198253386609" pos=<10383.3, 14.91, 10625.9>) DeployObject dp_box_big_Grey
22:41:32: Player "[YKZ] pedrobala" (steam64id="76561198046653521" pos=<10385.5, 14.87, 10624.4>) DeployObject dp_weapons_stand_Kit
22:41:51: Player "KOREA" (steam64id="76561198253386609" pos=<10382.6, 14.84, 10621.5>) DeployObject dp_box_big_Grey
22:42:14: Player "KOREA" (steam64id="76561198253386609" pos=<10382.3, 14.81, 10619.9>) DeployObject dp_box_big_Grey
22:42:17: Player "[YKZ] pedrobala" (steam64id="76561198046653521" pos=<10385.4, 14.81, 10620.6>) DeployObject dp_weapons_stand_Kit
22:43:26: Player "[YKZ] pedrobala" (steam64id="76561198046653521" pos=<10385.7, 14.76, 10617.4>) DeployObject dp_weapons_stand_Kit
22:44:25: Player "[YKZ] pedrobala" (steam64id="76561198046653521" pos=<10381.3, 14.80, 10619>) DeployObject dp_waterbarrel_kit
22:45:05: Player "[YKZ] pedrobala" (steam64id="76561198046653521" pos=<10399, 14.97, 10631.5>) DeployObject FenceKit
22:45:37: Player "[YKZ] pedrobala" (steam64id="76561198046653521" pos=<10399.4, 14.92, 10628.5>) DeployObject FenceKit
22:46:12: Player "[YKZ] pedrobala" (steam64id="76561198046653521" pos=<10395.4, 14.89, 10626.4>) DeployObject dp_door_Kit
22:46:47: Player "[YKZ] pedrobala" (steam64id="76561198046653521" pos=<10399, 14.96, 10631.2>) DeployObject FenceKit
22:47:24: Player "[YKZ] pedrobala" (steam64id="76561198046653521" pos=<10390.8, 14.89, 10625.8>) DeployObject dp_door_Kit
22:47:29: Player "[YKZ] Notsniw" (steam64id="76561197967151252" pos=<10379.4, 14.83, 10620.9>) DeployObject dp_gunrackKit
22:47:58: Player "[YKZ] Notsniw" (steam64id="76561197967151252" pos=<10380.6, 14.71, 10614.3>) DeployObject dp_guncabinetKit
22:48:12: Player "[YKZ] pedrobala" (steam64id="76561198046653521" pos=<10393.3, 14.91, 10627>) DeployObject FenceKit
22:48:41: Player "[YKZ] pedrobala" (steam64id="76561198046653521" pos=<10394.1, 14.90, 10626.5>) DeployObject FenceKit
22:48:58: Player "[YKZ] Notsniw" (steam64id="76561197967151252" pos=<10378.7, 14.85, 10622>) DeployObject dp_gunrackKit
22:48:59: Player "[YKZ] Felps" (steam64id="76561198892779186" pos=<10379.7, 14.72, 10614.6>) DeployObject dp_guncabinetKit
22:49:32: Player "[YKZ] Notsniw" (steam64id="76561197967151252" pos=<10378.8, 14.87, 10623.2>) DeployObject dp_gunrackKit
22:49:59: Player "[YKZ] Notsniw" (steam64id="76561197967151252" pos=<10378.9, 14.91, 10625.2>) DeployObject dp_gunrackKit
22:50:16: Player "[YKZ] pedrobala" (steam64id="76561198046653521" pos=<10386, 14.89, 10625.1>) DeployObject dp_door_Kit
22:50:58: Player "[YKZ] pedrobala" (steam64id="76561198046653521" pos=<10389, 14.90, 10625.7>) DeployObject FenceKit
22:52:00: Player "[YKZ] pedrobala" (steam64id="76561198046653521" pos=<10386.1, 14.70, 10614>) DeployObject dp_weapons_stand_Kit
22:52:18: Player "[YKZ] pedrobala" (steam64id="76561198046653521" pos=<10386.8, 14.71, 10615.3>) DeployObject dp_weapons_stand_Kit
22:52:41: Player "[YKZ] pedrobala" (steam64id="76561198046653521" pos=<10383.9, 14.71, 10614.8>) DeployObject dp_weapons_stand_Kit
22:55:58: Player "[YKZ] pedrobala" (steam64id="76561198046653521" pos=<10378.6, 14.93, 10626.1>) DeployObject dp_door_Kit
22:56:22: Player "[YKZ] pedrobala" (steam64id="76561198046653521" pos=<10384.5, 14.91, 10625.5>) DeployObject FenceKit
22:56:26: Player "KOREA" (steam64id="76561198253386609" pos=<10378.4, 14.93, 10626.3>) DismantlePart dp_metal_door
22:57:10: Player "[YKZ] pedrobala" (steam64id="76561198046653521" pos=<10381.9, 14.9, 10624.4>) DeployObject FenceKit
22:58:04: Player "KOREA" (steam64id="76561198253386609" pos=<10399.3, 15.04, 10635.9>) DeployObject PowerGenerator
22:59:04: Player "[YKZ] pedrobala" (steam64id="76561198046653521" pos=<10399.6, 14.90, 10627.3>) DeployObject FenceKit
22:59:36: Player "[YKZ] pedrobala" (steam64id="76561198046653521" pos=<10388.9, 14.89, 10625.4>) DeployObject FenceKit
23:00:04: Player "[YKZ] pedrobala" (steam64id="76561198046653521" pos=<10380.3, 14.90, 10624.5>) DeployObject FenceKit
23:00:27: Player "KOREA" (steam64id="76561198253386609" pos=<10389, 14.94, 10628.3>) DismantlePart wall_gate
23:00:50: Player "[YKZ] pedrobala" (steam64id="76561198046653521" pos=<10383.3, 20.88, 10623.8>) DeployObject dp_door_Kit
23:01:15: Player "[YKZ] pedrobala" (steam64id="76561198046653521" pos=<10384.4, 14.90, 10625.3>) DeployObject FenceKit
23:01:54: Player "[YKZ] pedrobala" (steam64id="76561198046653521" pos=<10381.7, 20.90, 10624.3>) DeployObject dp_door_Kit
23:02:57: Player "Alcanfor" (steam64id="76561198018104612" pos=<8596.89, 2.15, 11076.7>) DeployObject Fireplace
23:04:11: Player "Bigato" (steam64id="76561198192204303" pos=<8569.58, 3.94, 11116.9>) DeployObject dp_trashcan_grey
23:05:11: Player "[YKZ] pedrobala" (steam64id="76561198046653521" pos=<10384.2, 14.92, 10626.4>) DeployObject PowerGenerator
23:13:03: Player "[YKZ] pedrobala" (steam64id="76561198046653521" pos=<10382.1, 14.71, 10614.1>) DeployObject dp_gunrackKit
23:14:09: Player "[YKZ] pedrobala" (steam64id="76561198046653521" pos=<10381, 14.70, 10613.5>) DeployObject dp_gunrackKit
23:15:37: Player "[YKZ] pedrobala" (steam64id="76561198046653521" pos=<10384, 20.68, 10612.9>) DeployObject CrateVIP
23:16:03: Player "[YKZ] pedrobala" (steam64id="76561198046653521" pos=<10383.4, 20.70, 10614>) DeployObject CrateVIP
23:16:16: Player "[YKZ] pedrobala" (steam64id="76561198046653521" pos=<10383.1, 20.74, 10616.2>) DeployObject CrateVIP
23:16:31: Player "[YKZ] pedrobala" (steam64id="76561198046653521" pos=<10382.9, 20.77, 10617.7>) DeployObject CrateVIP
23:16:47: Player "[YKZ] pedrobala" (steam64id="76561198046653521" pos=<10382.9, 20.77, 10617.5>) DeployObject CrateVIP
23:17:04: Player "[YKZ] pedrobala" (steam64id="76561198046653521" pos=<10382.8, 20.79, 10619.1>) DeployObject CrateVIP
23:18:23: Player "[YKZ] pedrobala" (steam64id="76561198046653521" pos=<10382.5, 20.81, 10620.2>) DeployObject CrateVIP
23:18:38: Player "[YKZ] pedrobala" (steam64id="76561198046653521" pos=<10382.2, 20.85, 10622.3>) DeployObject CrateVIP
23:18:53: Player "[YKZ] pedrobala" (steam64id="76561198046653521" pos=<10384.6, 20.70, 10613.3>) DeployObject CrateVIP
23:19:07: Player "[YKZ] pedrobala" (steam64id="76561198046653521" pos=<10384.3, 20.72, 10614.6>) DeployObject CrateVIP
23:19:18: Player "Vini_300" (steam64id="76561198145785923" pos=<10696.8, 35.71, 7319.71>) DismantlePart wall_base_up
23:19:31: Player "[YKZ] pedrobala" (steam64id="76561198046653521" pos=<10384.2, 20.75, 10616.1>) DeployObject CrateVIP
23:19:46: Player "[YKZ] pedrobala" (steam64id="76561198046653521" pos=<10384.2, 20.77, 10617.6>) DeployObject CrateVIP
23:29:59: Player "[YKZ] pedrobala" (steam64id="76561198046653521" pos=<10380.5, 14.71, 10613.9>) DeployObject dp_gunrackKit
23:30:49: Player "[YKZ] pedrobala" (steam64id="76561198046653521" pos=<10381.3, 14.70, 10613.1>) DeployObject dp_gunrackKit
23:31:05: Player "[YKZ] pedrobala" (steam64id="76561198046653521" pos=<10382, 14.72, 10614.3>) DeployObject dp_gunrackKit
23:32:44: Player "[YKZ] pedrobala" (steam64id="76561198046653521" pos=<10384.1, 14.76, 10617.2>) DeployObject dp_box_big_Grey
23:35:16: Player "[YKZ] pedrobala" (steam64id="76561198046653521" pos=<10384.3, 14.79, 10619.1>) DeployObject dp_box_big_Grey
23:35:44: Player "[YKZ] pedrobala" (steam64id="76561198046653521" pos=<10381, 14.82, 10620.4>) DeployObject dp_box_big_Grey
23:36:28: Player "[YKZ] pedrobala" (steam64id="76561198046653521" pos=<10380.7, 14.85, 10621.8>) DeployObject dp_box_big_Grey
23:39:11: Player "[YKZ] pedrobala" (steam64id="76561198046653521" pos=<10380.3, 14.89, 10623.9>) DeployObject dp_box_big_Grey
23:39:38: Player "[YKZ] pedrobala" (steam64id="76561198046653521" pos=<10381, 14.91, 10625.6>) DeployObject dp_box_big_Grey
23:40:11: Player "[YKZ] pedrobala" (steam64id="76561198046653521" pos=<10383.5, 14.91, 10625.8>) DeployObject dp_box_big_Grey
23:40:40: Player "[YKZ] pedrobala" (steam64id="76561198046653521" pos=<10380.9, 14.92, 10625.8>) DeployObject dp_box_big_Grey
23:41:00: Player "[YKZ] pedrobala" (steam64id="76561198046653521" pos=<10384.1, 14.90, 10625.6>) DeployObject dp_box_big_Grey
23:41:20: Player "[YKZ] pedrobala" (steam64id="76561198046653521" pos=<10382.1, 14.91, 10625.4>) DeployObject PowerGenerator
23:49:29: Player "[YKZ] pedrobala" (steam64id="76561198046653521" pos=<10379.5, 21.03, 10632.2>) DeployObject dp_roof_Kit
23:52:51: Player "[YKZ] pedrobala" (steam64id="76561198046653521" pos=<10383.5, 14.91, 10625.9>) DeployObject dp_box_big_Grey
23:57:03: Player "Raemi" (steam64id="76561198048467587" pos=<8850.39, 27.15, 9315.7>) DeployObject ShelterKit
