00:08:47: Player "PintoJunior" (steam64id="76561198057936781" pos=<11092.7, 41.37, 8426.25>) DeployObject dp_box_small_Olive
00:19:02: Player "[YKZ]-BlackBear" (steam64id="76561198343030820" pos=<11093.6, 41.37, 8427.1>) DeployObject dp_box_small_Olive
00:20:33: Player "[YKZ]-BlackBear" (steam64id="76561198343030820" pos=<11091.4, 27.98, 8427.79>) DeployObject dp_weapons_stand_Kit
00:20:40: Player "[YKZ]-BlackBear" (steam64id="76561198343030820" pos=<11091.6, 27.98, 8427.96>) DeployObject Barrel_Green
00:20:55: Player "[YKZ]-BlackBear" (steam64id="76561198343030820" pos=<11091.4, 27.98, 8427.81>) DeployObject dp_gunrackKit
00:21:11: Player "[YKZ]-BlackBear" (steam64id="76561198343030820" pos=<11090.4, 27.98, 8429.53>) DeployObject dp_weapons_stand_Kit
00:55:46: Player "Biel FxR" (steam64id="76561198050836260" pos=<7638.35, 12.20, 9776.85>) DeployObject dp_door_Kit
00:56:07: Player "Biel FxR" (steam64id="76561198050836260" pos=<7638.23, 12.20, 9777.08>) FoldBaseBuildingObject dp_door
00:57:47: Player "Biel FxR" (steam64id="76561198050836260" pos=<7636.9, 12.20, 9779.75>) DeployObject dp_door_Kit
00:59:19: Player "Biel FxR" (steam64id="76561198050836260" pos=<7636.83, 12.20, 9780.95>) DismantlePart base
01:00:30: Player "Biel FxR" (steam64id="76561198050836260" pos=<7635.42, 12.20, 9783.8>) DeployObject FenceKit
01:03:37: Player "TioSam" (steam64id="76561199014145539" pos=<8849.58, 11.61, 10253.2>) DeployObject dp_roof_Kit
01:04:18: Player "TioSam" (steam64id="76561199014145539" pos=<8846.8, 11.61, 10252.4>) FoldBaseBuildingObject dp_roof
01:07:08: Player "Biel FxR" (steam64id="76561198050836260" pos=<7633.32, 12.20, 9782.62>) DeployObject FenceKit
01:11:14: Player "Biel FxR" (steam64id="76561198050836260" pos=<7635.48, 12.20, 9781.73>) DeployObject dp_door_Kit
01:12:48: Player "Biel FxR" (steam64id="76561198050836260" pos=<7635.08, 12.20, 9782.38>) FoldBaseBuildingObject dp_door
01:14:47: Player "Biel FxR" (steam64id="76561198050836260" pos=<7633.21, 12.20, 9783.65>) DeployObject dp_door_Kit
01:29:50: Player "Biel FxR" (steam64id="76561198050836260" pos=<7636.52, 12.20, 9780.39>) DeployObject FenceKit
01:33:12: Player "Biel FxR" (steam64id="76561198050836260" pos=<7636.87, 12.20, 9779.12>) DismantlePart base
01:34:02: Player "Biel FxR" (steam64id="76561198050836260" pos=<7636.51, 12.20, 9780.18>) DeployObject FenceKit
01:34:52: Player "Biel FxR" (steam64id="76561198050836260" pos=<7637.25, 12.20, 9779.07>) FoldBaseBuildingObject Fence
01:36:08: Player "Biel FxR" (steam64id="76561198050836260" pos=<7636.07, 12.20, 9780.69>) DeployObject FenceKit
01:36:33: Player "Biel FxR" (steam64id="76561198050836260" pos=<7636.67, 12.23, 9779.54>) FoldBaseBuildingObject Fence
01:37:38: Player "Biel FxR" (steam64id="76561198050836260" pos=<7636.08, 12.20, 9780.62>) DeployObject FenceKit
01:42:49: Player "Biel FxR" (steam64id="76561198050836260" pos=<7638.65, 12.20, 9777.18>) DeployObject dp_door_Kit
01:43:06: Player "Biel FxR" (steam64id="76561198050836260" pos=<7638.43, 12.20, 9779.58>) FoldBaseBuildingObject dp_door
01:43:24: Player "Biel FxR" (steam64id="76561198050836260" pos=<7637.91, 12.20, 9780.34>) DeployObject dp_door_Kit
01:49:23: Player "Biel FxR" (steam64id="76561198050836260" pos=<7639.19, 12.20, 9778.1>) DeployObject FenceKit
01:53:31: Player "Biel FxR" (steam64id="76561198050836260" pos=<7636.03, 12.20, 9783.7>) DeployObject dp_door_Kit
01:53:43: Player "Biel FxR" (steam64id="76561198050836260" pos=<7637.4, 12.20, 9781.63>) FoldBaseBuildingObject dp_door
01:54:04: Player "Biel FxR" (steam64id="76561198050836260" pos=<7636.15, 12.20, 9783.42>) DeployObject dp_door_Kit
02:04:09: Player "Biel FxR" (steam64id="76561198050836260" pos=<7636.64, 14.68, 9781.89>) DeployObject WatchtowerKit
02:12:01: Player "Biel FxR" (steam64id="76561198050836260" pos=<7636.5, 17.56, 9778.69>) DismantlePart level_1_stairs
02:12:55: Player "Biel FxR" (steam64id="76561198050836260" pos=<7635.86, 14.84, 9777.34>) DismantlePart level_1_roof
02:13:29: Player "Biel FxR" (steam64id="76561198050836260" pos=<7635.58, 14.84, 9777.01>) DismantlePart level_1_base
02:15:22: Player "Biel FxR" (steam64id="76561198050836260" pos=<7634.24, 14.65, 9782.85>) DeployObject WatchtowerKit
02:19:18: Player "Biel FxR" (steam64id="76561198050836260" pos=<7638.67, 12.20, 9777.67>) DismantlePart dp_door_gate
02:24:26: Player "Biel FxR" (steam64id="76561198050836260" pos=<7637.59, 14.75, 9780.29>) DeployObject FenceKit
02:31:01: Player "Biel FxR" (steam64id="76561198050836260" pos=<7635.63, 14.61, 9783.16>) DeployObject FenceKit
02:35:27: Player "Biel FxR" (steam64id="76561198050836260" pos=<7636.48, 14.69, 9779.37>) DismantlePart wall_base_up
02:38:21: Player "Biel FxR" (steam64id="76561198050836260" pos=<7632.26, 12.20, 9782.72>) DeployObject dp_metal_door_Kit
02:39:53: Player "Biel FxR" (steam64id="76561198050836260" pos=<7633.06, 12.20, 9782.9>) DismantlePart dp_base_md
02:40:33: Player "Biel FxR" (steam64id="76561198050836260" pos=<7632.2, 12.20, 9782.6>) DeployObject dp_metal_door_Kit
02:49:36: Player "Biel FxR" (steam64id="76561198050836260" pos=<7632.84, 12.20, 9780.75>) DeployObject dp_roof_Kit
03:01:12: Player "Biel FxR" (steam64id="76561198050836260" pos=<7634.01, 12.20, 9780.19>) DismantlePart dp_base_r
03:03:47: Player "Biel FxR" (steam64id="76561198050836260" pos=<7631.98, 12.20, 9779.7>) DeployObject dp_roof_Kit
03:05:44: Player "Biel FxR" (steam64id="76561198050836260" pos=<7634.33, 12.20, 9779.9>) DismantlePart dp_base_r
03:07:02: Player "Biel FxR" (steam64id="76561198050836260" pos=<7631.64, 12.20, 9780.12>) DeployObject dp_roof_Kit
03:08:14: Player "Biel FxR" (steam64id="76561198050836260" pos=<7634.08, 12.20, 9780.1>) DismantlePart dp_base_r
03:11:26: Player "Biel FxR" (steam64id="76561198050836260" pos=<7633.07, 12.20, 9779.13>) DeployObject dp_roof_Kit
03:14:40: Player "Biel FxR" (steam64id="76561198050836260" pos=<7635.5, 12.20, 9777.17>) DismantlePart level_1_stairs
03:15:11: Player "Biel FxR" (steam64id="76561198050836260" pos=<7633.31, 12.20, 9777.15>) DismantlePart dp_roof_stairs
03:17:30: Player "Biel FxR" (steam64id="76561198050836260" pos=<7632.53, 12.20, 9782.12>) DeployObject WatchtowerKit
07:14:57: Player "[ONE] KARABULJHAN" (steam64id="76561198100527842" pos=<9566.79, 29.14, 12156.6>) DeployObject dp_box_big_Olive
07:15:25: Player "[ONE] KARABULJHAN" (steam64id="76561198100527842" pos=<9565.91, 29.15, 12156>) DeployObject dp_box_big_Olive
07:20:13: Player "[ONE] KARABULJHAN" (steam64id="76561198100527842" pos=<9562.74, 28.92, 12165.4>) DeployObject WatchtowerKit
07:55:38: Player "Lrk" (steam64id="76561198021843024" pos=<7357.42, 18.46, 7134.35>) DeployObject dp_box_big_Tan
07:57:26: Player "Lrk" (steam64id="76561198021843024" pos=<7360.95, 14.33, 7134.55>) DeployObject dp_box_big_Grey
08:08:08: Player "Lrk" (steam64id="76561198021843024" pos=<7356.75, 18.46, 7134.22>) DeployObject dp_box_big_Tan
08:27:45: Player "Hacan121" (steam64id="76561198345012092" pos=<7626.25, 12.20, 9816.23>) DeployObject dp_box_big_Brown
08:27:55: Player "Hacan121" (steam64id="76561198345012092" pos=<7626.23, 12.20, 9816.26>) DeployObject dp_box_big_Brown
08:28:14: Player "Hacan121" (steam64id="76561198345012092" pos=<7626.3, 12.20, 9816.38>) DeployObject dp_box_big_Brown
08:28:28: Player "Hacan121" (steam64id="76561198345012092" pos=<7626.15, 12.20, 9816.3>) DeployObject dp_box_big_Brown
08:41:25: Player "Lrk" (steam64id="76561198021843024" pos=<7362.03, 20.09, 7136.05>) DeployObject dp_box_big_Tan
08:41:44: Player "Lrk" (steam64id="76561198021843024" pos=<7361.82, 19.72, 7135.54>) DeployObject dp_box_big_Tan
08:43:58: Player "Lrk" (steam64id="76561198021843024" pos=<7362.75, 22.42, 7137.69>) DeployObject dp_box_big_Olive
08:44:46: Player "Lrk" (steam64id="76561198021843024" pos=<7364.08, 22.88, 7137.08>) DeployObject dp_box_big_Olive
09:31:38: Player "ttuker" (steam64id="76561198971813376" pos=<7392.47, 31.55, 8201.37>) DeployObject dp_locker_grayKit
09:32:04: Player "ttuker" (steam64id="76561198971813376" pos=<7395.61, 31.55, 8202.76>) DeployObject dp_trashcan_grey
09:44:32: Player "[L.B] ploodrinny" (steam64id="76561198312062387" pos=<7362.61, 22.42, 7138.05>) DeployObject dp_box_big_Olive
09:44:42: Player "[L.B] ploodrinny" (steam64id="76561198312062387" pos=<7362.96, 22.42, 7136.95>) DeployObject dp_box_big_Tan
09:44:57: Player "[L.B] ploodrinny" (steam64id="76561198312062387" pos=<7362.93, 22.42, 7138.04>) DeployObject dp_box_big_Olive
09:45:14: Player "[L.B] ploodrinny" (steam64id="76561198312062387" pos=<7363.02, 22.42, 7138.03>) DeployObject dp_box_big_Olive
09:56:10: Player "[L.B] ploodrinny" (steam64id="76561198312062387" pos=<7362.38, 19.85, 7135.62>) DeployObject dp_box_big_Olive
09:56:22: Player "[L.B] ploodrinny" (steam64id="76561198312062387" pos=<7362.38, 19.85, 7135.62>) DeployObject dp_box_big_Olive
10:25:29: Player "[L.B] ploodrinny" (steam64id="76561198312062387" pos=<7356.65, 18.46, 7133.82>) DeployObject dp_trashcan_blue
10:25:42: Player "[L.B] ploodrinny" (steam64id="76561198312062387" pos=<7356.65, 18.46, 7133.82>) DeployObject dp_trashcan_blue
12:40:14: Player "[YKZ]-BlackBear" (steam64id="76561198343030820" pos=<11295.4, 7.80, 8255.11>) DeployObject LandMineTrap
12:40:39: Player "[YKZ]-BlackBear" (steam64id="76561198343030820" pos=<11293.7, 4.08, 8261.37>) DeployObject LandMineTrap
12:41:55: Player "[YKZ]-BlackBear" (steam64id="76561198343030820" pos=<11188.2, 7.03, 8286.99>) DeployObject LandMineTrap
12:42:34: Player "[YKZ]-BlackBear" (steam64id="76561198343030820" pos=<11150.2, 6.66, 8388.73>) DeployObject LandMineTrap
12:45:47: Player "[YKZ]-BlackBear" (steam64id="76561198343030820" pos=<11022.9, 6.29, 8339.53>) DeployObject LandMineTrap
12:46:45: Player "[YKZ]-BlackBear" (steam64id="76561198343030820" pos=<10962.6, 4.39, 8311.4>) DeployObject LandMineTrap
12:49:40: Player "[YKZ]-BlackBear" (steam64id="76561198343030820" pos=<10982.6, 4.26, 8355.51>) DeployObject LandMineTrap
12:54:28: Player "[YKZ]-BlackBear" (steam64id="76561198343030820" pos=<11048.2, 7.52, 8520.5>) DeployObject LandMineTrap
12:58:30: Player "[YKZ]-BlackBear" (steam64id="76561198343030820" pos=<11287.4, 7.89, 8466.77>) DeployObject LandMineTrap
12:59:32: Player "[YKZ] Felps" (steam64id="76561198892779186" pos=<11313.4, 11.92, 8435.71>) DeployObject LandMineTrap
13:03:34: Player "[YKZ] Felps" (steam64id="76561198892779186" pos=<11082.8, 31.61, 8421.72>) DeployObject dp_locker_greenKit
13:06:07: Player "[YKZ] Felps" (steam64id="76561198892779186" pos=<11083.6, 31.61, 8421.46>) DeployObject dp_weapons_stand_Kit
13:06:33: Player "[YKZ] Felps" (steam64id="76561198892779186" pos=<11084.2, 31.61, 8419.52>) DeployObject dp_locker_greenKit
13:23:31: Player "[L.B] Santorin" (steam64id="76561199069721527" pos=<8351.68, 1.61, 10422>) FoldBaseBuildingObject dp_door
13:54:02: Player "[YKZ]-Lobato" (steam64id="76561198158375860" pos=<11088.6, 35.24, 8434.24>) DeployObject dp_locker_blueKit
13:54:49: Player "[YKZ]-Lobato" (steam64id="76561198158375860" pos=<11089.5, 35.24, 8434.01>) DeployObject dp_locker_blueKit
13:55:17: Player "[YKZ]-Lobato" (steam64id="76561198158375860" pos=<11089.6, 35.24, 8434.11>) DeployObject dp_locker_blueKit
13:55:54: Player "[YKZ]-Lobato" (steam64id="76561198158375860" pos=<11089.5, 35.24, 8432.93>) DeployObject dp_locker_blueKit
13:56:13: Player "[YKZ]-BlackBear" (steam64id="76561198343030820" pos=<11090.7, 35.24, 8422.31>) DeployObject FenceKit
13:56:26: Player "[YKZ]-Lobato" (steam64id="76561198158375860" pos=<11089.6, 35.24, 8433.1>) DeployObject dp_locker_blueKit
13:56:33: Player "[YKZ]-BlackBear" (steam64id="76561198343030820" pos=<11093.9, 35.24, 8424.36>) DeployObject FenceKit
14:00:57: Player "[L.B] Santorin" (steam64id="76561199069721527" pos=<7362.43, 14.33, 7134.68>) DeployObject dp_weapons_stand_Kit
14:01:09: Player "[YKZ]-BlackBear" (steam64id="76561198343030820" pos=<11091.5, 35.24, 8426.12>) DeployObject FenceKit
14:01:39: Player "[L.B] Santorin" (steam64id="76561199069721527" pos=<7355.92, 18.22, 7135.05>) DeployObject dp_trashcan_blue
14:04:18: Player "[YKZ]-BlackBear" (steam64id="76561198343030820" pos=<11082.9, 35.24, 8423.82>) DeployObject FenceKit
14:05:02: Player "[YKZ]-BlackBear" (steam64id="76561198343030820" pos=<11081.2, 35.24, 8426.36>) DeployObject FenceKit
14:05:13: Player "[L.B] Santorin" (steam64id="76561199069721527" pos=<7359.24, 17.06, 7163.07>) DismantlePart level_2_wall_2_wood_up
14:06:21: Player "Hacan121" (steam64id="76561198345012092" pos=<7552.79, 35.27, 7893.19>) DeployObject dp_box_big_Brown
14:06:44: Player "[L.B] Santorin" (steam64id="76561199069721527" pos=<7359.68, 17.06, 7164.42>) DismantlePart level_2_wall_1_wood_up
14:07:18: Player "[L.B] Santorin" (steam64id="76561199069721527" pos=<7348.32, 17.06, 7163.61>) DismantlePart level_2_wall_2_wood_up
14:09:14: Player "[YKZ]-Lobato" (steam64id="76561198158375860" pos=<11088.8, 35.24, 8432.66>) DeployObject dp_locker_grayKit
14:09:48: Player "[YKZ] Felps" (steam64id="76561198892779186" pos=<11085, 31.61, 8425.61>) DeployObject dp_trashcan_green
14:15:48: Player "[YKZ] Felps" (steam64id="76561198892779186" pos=<11091.7, 31.61, 8429.75>) DeployObject dp_box_big_Olive
14:17:02: Player "[YKZ] Felps" (steam64id="76561198892779186" pos=<11092.3, 31.69, 8423.84>) DeployObject PartyTent
14:17:58: Player "[YKZ] Felps" (steam64id="76561198892779186" pos=<11091.2, 31.84, 8425>) DeployObject PartyTent
14:19:05: Player "[YKZ] Felps" (steam64id="76561198892779186" pos=<11091.6, 31.61, 8419.77>) DeployObject dp_box_big_Olive
14:33:52: Player "Neft" (steam64id="76561198329721265" pos=<9962.13, 8.38, 11750.9>) DeployObject dp_wall_big_Kit
14:34:26: Player "Neft" (steam64id="76561198329721265" pos=<9962.5, 8.37, 11750.9>) FoldBaseBuildingObject dp_wall_big
14:34:53: Player "Neft" (steam64id="76561198329721265" pos=<9962.41, 8.40, 11751.6>) DeployObject dp_wall_big_Kit
14:35:18: Player "Neft" (steam64id="76561198329721265" pos=<9963.59, 6.73, 11743.1>) DeployObject dp_wall_big_Kit
14:35:47: Player "Neft" (steam64id="76561198329721265" pos=<9962.31, 8.37, 11750.9>) FoldBaseBuildingObject dp_wall_big
14:36:14: Player "[YKZ]-BlackBear" (steam64id="76561198343030820" pos=<11078.9, 41.37, 8425.92>) DeployObject dp_box_big_Brown
14:36:27: Player "Neft" (steam64id="76561198329721265" pos=<9962.23, 7.63, 11751.9>) DeployObject dp_wall_big_Kit
14:36:32: Player "[YKZ]-BlackBear" (steam64id="76561198343030820" pos=<11079.7, 41.37, 8426.04>) DeployObject dp_box_big_Brown
14:37:11: Player "[YKZ]-BlackBear" (steam64id="76561198343030820" pos=<11080.1, 41.37, 8424.21>) DeployObject dp_box_small_Brown
14:37:29: Player "[YKZ]-BlackBear" (steam64id="76561198343030820" pos=<11080.4, 41.37, 8423.46>) DeployObject dp_box_small_Brown
14:38:05: Player "[YKZ]-BlackBear" (steam64id="76561198343030820" pos=<11080.7, 41.37, 8423.1>) DeployObject dp_box_big_Tan
14:38:35: Player "[YKZ]-BlackBear" (steam64id="76561198343030820" pos=<11081, 41.37, 8423.31>) DeployObject dp_box_big_Tan
14:38:58: Player "[YKZ]-BlackBear" (steam64id="76561198343030820" pos=<11080, 41.37, 8426.69>) DeployObject dp_box_big_Brown
14:40:46: Player "[YKZ]-BlackBear" (steam64id="76561198343030820" pos=<11089.8, 41.37, 8433.19>) DeployObject dp_trashcan_blue
14:41:57: Player "[HORDA]MacLovin" (steam64id="76561199068236803" pos=<9951.85, 6.91, 11761.6>) DeployObject dp_box_big_Grey
14:42:20: Player "[YKZ]-BlackBear" (steam64id="76561198343030820" pos=<11093.7, 41.37, 8426.83>) DeployObject dp_box_small_Olive
14:43:55: Player "[YKZ]-BlackBear" (steam64id="76561198343030820" pos=<11093.9, 41.37, 8426.34>) DeployObject dp_box_small_Olive
14:44:14: Player "[YKZ]-BlackBear" (steam64id="76561198343030820" pos=<11093.9, 41.37, 8426.34>) DeployObject dp_box_small_Olive
14:44:25: Player "[YKZ]-BlackBear" (steam64id="76561198343030820" pos=<11094, 41.37, 8426.29>) DeployObject dp_box_small_Olive
14:47:42: Player "[HORDA]MacLovin" (steam64id="76561199068236803" pos=<9954.68, 7.06, 11763.3>) DeployObject CrateVIP
14:48:08: Player "[HORDA]MacLovin" (steam64id="76561199068236803" pos=<9954.94, 7.05, 11762.3>) DeployObject CrateVIP
14:48:34: Player "[HORDA]MacLovin" (steam64id="76561199068236803" pos=<9954.27, 7.01, 11762>) DeployObject CrateVIP
14:49:01: Player "[HORDA]MacLovin" (steam64id="76561199068236803" pos=<9955.01, 7.05, 11762.8>) DeployObject CrateVIP
14:49:30: Player "[HORDA]MacLovin" (steam64id="76561199068236803" pos=<9954.75, 7.02, 11761.5>) DeployObject CrateVIP
14:51:39: Player "[HORDA]MacLovin" (steam64id="76561199068236803" pos=<9951.87, 6.89, 11760>) DeployObject dp_refrigerator
14:51:59: Player "[HORDA]MacLovin" (steam64id="76561199068236803" pos=<9951.24, 6.87, 11759.9>) DeployObject dp_refrigerator
14:52:20: Player "[HORDA]MacLovin" (steam64id="76561199068236803" pos=<9950.99, 6.85, 11759.6>) DeployObject dp_refrigerator
14:59:30: Player "[HORDA]MacLovin" (steam64id="76561199068236803" pos=<9947.69, 6.70, 11759.4>) DeployObject dp_box_big_Grey
14:59:54: Player "[HORDA]MacLovin" (steam64id="76561199068236803" pos=<9946.48, 6.64, 11759.6>) DeployObject dp_box_big_Grey
15:00:06: Player "[HORDA]MacLovin" (steam64id="76561199068236803" pos=<9946.98, 6.67, 11760.5>) DeployObject dp_box_big_Grey
15:00:43: Player "[HORDA]MacLovin" (steam64id="76561199068236803" pos=<9946.18, 6.60, 11757.3>) DeployObject dp_box_big_Grey
16:32:56: Player "GatunO" (steam64id="76561198815953886" pos=<11201.1, 57.20, 13372>) DeployObject dp_trashcan_green
16:39:43: Player "Hacan121" (steam64id="76561198345012092" pos=<7628.61, 13.22, 9798.34>) DeployObject dp_weapons_stand_Kit
17:28:08: Player "[L.B] Santorin" (steam64id="76561199069721527" pos=<7363.98, 18.46, 7139.04>) DeployObject dp_box_big_Tan
17:28:18: Player "[L.B] Santorin" (steam64id="76561199069721527" pos=<7363.81, 18.46, 7139.3>) DeployObject dp_box_big_Tan
17:35:39: Player "[L.B] Santorin" (steam64id="76561199069721527" pos=<7358.19, 14.33, 7134.31>) DeployObject dp_box_big_Brown
17:35:50: Player "[L.B] Santorin" (steam64id="76561199069721527" pos=<7357.88, 14.33, 7134.17>) DeployObject dp_box_big_Brown
17:50:22: Player "[L.B] Santorin" (steam64id="76561199069721527" pos=<7353.24, 14.30, 7144.15>) DeployObject dp_roof_Kit
17:51:23: Player "[L.B] Santorin" (steam64id="76561199069721527" pos=<7353.14, 14.30, 7146.54>) FoldBaseBuildingObject dp_roof
17:53:33: Player "[YKZ] Felps" (steam64id="76561198892779186" pos=<11086, 31.61, 8420.5>) DeployObject CableReel
17:55:39: Player "[L.B] Santorin" (steam64id="76561199069721527" pos=<7362.02, 14.33, 7136.49>) DeployObject dp_metal_door_Kit
18:08:39: Player "[L.B] Santorin" (steam64id="76561199069721527" pos=<7360.23, 14.33, 7135.51>) FoldBaseBuildingObject dp_metal_door
18:31:41: Player "[YKZ] Felps" (steam64id="76561198892779186" pos=<11086.9, 31.61, 8426.66>) DeployObject dp_trashcan_green
18:33:24: Player "[YKZ] Felps" (steam64id="76561198892779186" pos=<11085.1, 31.61, 8425.72>) DeployObject dp_trashcan_green
18:56:55: Player "DanielSam" (steam64id="76561198867200764" pos=<7550.43, 35.24, 7900.2>) DeployObject dp_box_big_Brown
18:59:26: Player "Hacan121" (steam64id="76561198345012092" pos=<7627.1, 13.22, 9800.61>) DeployObject dp_weapons_stand_Kit
18:59:44: Player "TripaSeca" (steam64id="76561198093060507" pos=<7626.21, 13.22, 9799.72>) DeployObject dp_gunrackKit
18:59:59: Player "TripaSeca" (steam64id="76561198093060507" pos=<7630.1, 13.22, 9795.86>) DeployObject dp_gunrackKit
19:00:13: Player "Hacan121" (steam64id="76561198345012092" pos=<7627.35, 13.22, 9800.6>) DeployObject dp_weapons_stand_Kit
19:00:40: Player "Hacan121" (steam64id="76561198345012092" pos=<7629.21, 13.22, 9797.66>) DeployObject dp_weapons_stand_Kit
19:01:07: Player "TripaSeca" (steam64id="76561198093060507" pos=<7632.62, 12.20, 9809.74>) DeployObject dp_locker_greenKit
19:01:12: Player "Hacan121" (steam64id="76561198345012092" pos=<7619.07, 13.22, 9815.3>) DeployObject dp_workbench_Kit
19:01:43: Player "TripaSeca" (steam64id="76561198093060507" pos=<7632.24, 12.20, 9811.4>) DeployObject dp_locker_grayKit
20:03:20: Player "[YKZ] chron1c" (steam64id="76561198205585613" pos=<11085.3, 4.21, 8421.29>) DeployObject HRM_Painted_Barrel_VSR
20:11:10: Player "Raul" (steam64id="76561198329721265" pos=<8836.99, 7.45, 10241.1>) DeployObject FenceKit
20:12:21: Player "Raul" (steam64id="76561198329721265" pos=<8842.27, 7.45, 10241.4>) DeployObject dp_door_Kit
20:12:49: Player "Raul" (steam64id="76561198329721265" pos=<8841.47, 7.45, 10246.1>) DeployObject FenceKit
20:14:05: Player "[HORDA]MacLovin" (steam64id="76561199068236803" pos=<9953.18, 6.94, 11760.4>) DeployObject dp_refrigerator
20:14:32: Player "Raul" (steam64id="76561198329721265" pos=<8841.88, 10.13, 10243.7>) DeployObject dp_door_Kit
20:17:12: Player "Raul" (steam64id="76561198329721265" pos=<8839.65, 7.45, 10239>) DeployObject dp_roof_Kit
20:19:20: Player "Raul" (steam64id="76561198329721265" pos=<8837.18, 7.45, 10241.4>) DeployObject FenceKit
20:20:19: Player "Raul" (steam64id="76561198329721265" pos=<8839.31, 10.14, 10246.8>) DeployObject FenceKit
20:20:42: Player "Raul" (steam64id="76561198329721265" pos=<8840.64, 10.13, 10245.7>) DismantlePart wall_wood_down
20:21:43: Player "Raul" (steam64id="76561198329721265" pos=<8837.18, 7.45, 10240.3>) DeployObject FenceKit
20:22:42: Player "Raul" (steam64id="76561198329721265" pos=<8837.95, 7.45, 10241.6>) DeployObject FenceKit
20:24:57: Player "Raul" (steam64id="76561198329721265" pos=<8837.69, 7.45, 10247.2>) DeployObject dp_door_Kit
20:30:48: Player "Raul" (steam64id="76561198329721265" pos=<8833.75, 7.44, 10241.7>) DeployObject FenceKit
20:31:40: Player "Raul" (steam64id="76561198329721265" pos=<8834.74, 7.45, 10243.7>) DeployObject FenceKit
20:33:11: Player "Raul" (steam64id="76561198329721265" pos=<8832.82, 7.44, 10241.1>) DeployObject dp_door_Kit
20:33:48: Player "Raul" (steam64id="76561198329721265" pos=<8832.7, 7.44, 10242>) DismantlePart wall_gate
20:35:10: Player "Raul" (steam64id="76561198329721265" pos=<8831.32, 7.44, 10241.6>) DeployObject dp_door_Kit
20:36:33: Player "Raul" (steam64id="76561198329721265" pos=<8833.92, 7.44, 10243.1>) DeployObject FenceKit
20:37:51: Player "Raul" (steam64id="76561198329721265" pos=<8840.22, 7.45, 10238.5>) DeployObject FenceKit
20:38:31: Player "[HORDA] JHON WICK" (steam64id="76561198122075703" pos=<9956.03, 7.56, 11774.8>) DeployObject dp_door_Kit
20:39:03: Player "Raul" (steam64id="76561198329721265" pos=<8845.58, 7.45, 10238.7>) DeployObject dp_door_Kit
20:39:20: Player "Raul" (steam64id="76561198329721265" pos=<8844.48, 7.45, 10243.9>) DeployObject FenceKit
20:40:38: Player "Raul" (steam64id="76561198329721265" pos=<8844.11, 7.45, 10244.5>) DeployObject FenceKit
20:41:01: Player "[HORDA] JHON WICK" (steam64id="76561198122075703" pos=<9955.48, 7.53, 11780.3>) DeployObject CrateVIP
20:41:31: Player "[HORDA] JHON WICK" (steam64id="76561198122075703" pos=<9957.05, 7.53, 11779>) DeployObject CrateVIP
20:42:02: Player "Raul" (steam64id="76561198329721265" pos=<8847.65, 7.45, 10240.8>) DeployObject dp_roof_Kit
20:43:32: Player "Raul" (steam64id="76561198329721265" pos=<8839.85, 7.45, 10238.1>) DeployObject FenceKit
20:44:07: Player "Raul" (steam64id="76561198329721265" pos=<8844.47, 7.45, 10243.9>) DeployObject FenceKit
21:44:53: Player "Betouss" (steam64id="76561198329721265" pos=<8844.41, 7.45, 10243.8>) DeployObject FenceKit
21:46:57: Player "Betouss" (steam64id="76561198329721265" pos=<8847.36, 7.45, 10241.1>) DeployObject dp_roof_Kit
21:48:18: Player "Betouss" (steam64id="76561198329721265" pos=<8844.63, 10.13, 10241.5>) DeployObject dp_door_Kit
21:51:10: Player "Betouss" (steam64id="76561198329721265" pos=<8840.61, 7.45, 10243.2>) DeployObject dp_door_Kit
21:52:55: Player "Betouss" (steam64id="76561198329721265" pos=<8840.33, 7.45, 10243>) DeployObject dp_door_Kit
21:54:25: Player "Betouss" (steam64id="76561198329721265" pos=<8842.09, 10.16, 10242.5>) DismantlePart dp_door_gate
21:56:10: Player "Betouss" (steam64id="76561198329721265" pos=<8841.75, 10.14, 10244.7>) DeployObject FenceKit
21:58:19: Player "Betouss" (steam64id="76561198329721265" pos=<8844.57, 10.13, 10243.5>) DeployObject dp_roof_Kit
21:58:38: Player "Betouss" (steam64id="76561198329721265" pos=<8838.44, 12.95, 10248.3>) DismantlePart level_3_wall_1_wood_down
21:58:59: Player "Betouss" (steam64id="76561198329721265" pos=<8838.42, 12.95, 10248.1>) DismantlePart level_3_wall_1_base_down
21:59:22: Player "Betouss" (steam64id="76561198329721265" pos=<8841.55, 12.85, 10246.3>) DeployObject FenceKit
22:00:13: Player "Betouss" (steam64id="76561198329721265" pos=<8840.5, 12.85, 10246.7>) DeployObject FenceKit
22:01:20: Player "[HORDA] JHON WICK" (steam64id="76561198122075703" pos=<9953.05, 7.53, 11777.9>) DeployObject CrateVIP
22:01:55: Player "Betouss" (steam64id="76561198329721265" pos=<8840.87, 12.85, 10245.6>) DismantlePart wall_base_down
22:03:56: Player "Betouss" (steam64id="76561198329721265" pos=<8853.12, 7.46, 10234.5>) DeployObject dp_door_Kit
22:09:56: Player "[HORDA] JHON WICK" (steam64id="76561198122075703" pos=<9962.68, 7.33, 11767.2>) DeployObject dp_roof_Kit
22:17:25: Player "[HORDA] JHON WICK" (steam64id="76561198122075703" pos=<9960.42, 7.25, 11765.5>) DeployObject dp_box_big_Grey
22:17:53: Player "[HORDA] JHON WICK" (steam64id="76561198122075703" pos=<9962.59, 7.34, 11767.5>) DeployObject dp_box_big_Grey
22:18:15: Player "[HORDA] JHON WICK" (steam64id="76561198122075703" pos=<9962.3, 7.36, 11768.3>) DeployObject dp_box_big_Grey
22:24:57: Player "[HORDA] JHON WICK" (steam64id="76561198122075703" pos=<9963.99, 7.24, 11763.3>) DismantlePart dp_roof
22:26:35: Player "[HORDA] JHON WICK" (steam64id="76561198122075703" pos=<9964.28, 7.26, 11764.6>) DismantlePart dp_roof_stairs
22:30:08: Player "[HORDA] JHON WICK" (steam64id="76561198122075703" pos=<9961.21, 9.93, 11764.5>) DeployObject WatchtowerKit
22:30:49: Player "[HORDA] JHON WICK" (steam64id="76561198122075703" pos=<9952.95, 7.53, 11777.1>) DeployObject CrateVIP
22:31:27: Player "[HORDA] JHON WICK" (steam64id="76561198122075703" pos=<9953.81, 7.53, 11776>) DeployObject CrateVIP
22:32:38: Player "[HORDA] JHON WICK" (steam64id="76561198122075703" pos=<9955.12, 19.17, 11778.7>) DeployObject dp_box_big_Grey
22:34:53: Player "[HORDA] JHON WICK" (steam64id="76561198122075703" pos=<9955.61, 19.17, 11777.1>) DeployObject dp_box_big_Grey
22:38:33: Player "[HORDA] JHON WICK" (steam64id="76561198122075703" pos=<9955.58, 7.53, 11778.5>) DeployObject dp_refrigerator
22:38:44: Player "[HORDA] JHON WICK" (steam64id="76561198122075703" pos=<9955.75, 7.53, 11778.8>) DeployObject dp_refrigerator
22:42:30: Player "[HORDA] JHON WICK" (steam64id="76561198122075703" pos=<9951.14, 19.17, 11777.2>) DeployObject dp_box_big_Grey
22:44:15: Player "[HORDA] JHON WICK" (steam64id="76561198122075703" pos=<9950.22, 19.17, 11777.3>) DeployObject dp_weapons_stand_Kit
22:46:57: Player "[HORDA] JHON WICK" (steam64id="76561198122075703" pos=<9956.04, 7.55, 11776.5>) DeployObject dp_box_big_Grey
22:58:19: Player "[HORDA] JHON WICK" (steam64id="76561198122075703" pos=<9957.39, 7.05, 11760.3>) DeployObject dp_door_Kit
23:04:41: Player "[HORDA] JHON WICK" (steam64id="76561198122075703" pos=<9957.64, 7.05, 11760>) DismantlePart dp_wood_door
23:04:53: Player "Biel FxR" (steam64id="76561198050836260" pos=<11045.7, 4.54, 8258.27>) DeployObject PowerGenerator
23:05:01: Player "[HORDA] JHON WICK" (steam64id="76561198122075703" pos=<9957.64, 7.05, 11760>) DismantlePart dp_karkas
23:05:26: Player "Biel FxR" (steam64id="76561198050836260" pos=<11036.2, 4.38, 8275.14>) DeployObject PowerGenerator
23:06:45: Player "Biel FxR" (steam64id="76561198050836260" pos=<11046.4, 4.59, 8256.72>) DeployObject PowerGenerator
23:07:40: Player "Biel FxR" (steam64id="76561198050836260" pos=<11045.3, 4.54, 8258.38>) DeployObject PowerGenerator
23:07:40: Player "[HORDA] JHON WICK" (steam64id="76561198122075703" pos=<9959.61, 7.55, 11758.9>) DismantlePart dp_base
23:08:56: Player "[HORDA] JHON WICK" (steam64id="76561198122075703" pos=<9957.23, 7.06, 11760.9>) DeployObject dp_door_Kit
23:12:31: Player "[HORDA] JHON WICK" (steam64id="76561198122075703" pos=<9960.81, 7.63, 11758>) DeployObject dp_wall_kit
