Registro ID -> |TetaMucha|76561198253386609
Registro ID -> |Romario_boka|76561198069891973
Registro ID -> |K O R E A|76561198253386609
Registro ID -> |RFraga|76561198328585178
Registro ID -> |llenos|76561198089014673
Registro ID -> |VTrl|76561198057766864
Registro ID -> |NIGHT_HUNTER_CHANEL_GAMER|76561198315834625
Registro ID -> |Hruotegar|76561198046558677
Registro ID -> |[TMT].Skinner|76561198860620637
Registro ID -> |Sekoone|76561198036774571
Registro ID -> |Joga|76561198991013190
Registro ID -> |[P.S]Alexander_again|76561198391204691
Registro ID -> |[ P.S ]  FIM|76561198166701118
Registro ID -> |BR Cacador|76561198881649049
Registro ID -> |OZIEL|76561199063596086
Registro ID -> |[YAKUZA]-BlackBear|76561198343030820
Registro ID -> |Gui|76561198306757012
Registro ID -> |[SCD] Coringa|76561198133211909
Registro ID -> |TOMMY |76561198835119447
Registro ID -> |vulgoGANJA|76561198352516654
Registro ID -> |Einsen|76561198103936746
Registro ID -> |RasC|76561198452371443
Registro ID -> |TEC kadinho|76561198971655942
Registro ID -> |[DY] FROZEN |76561198161060673
Registro ID -> |Osorkonlll|76561198156340345
Registro ID -> |!Firewall|76561198329721265
Registro ID -> |Hacan121|76561198345012092
Registro ID -> |TripaSeca|76561198093060507
Registro ID -> |ylucao [GHT]|76561198155039693
Registro ID -> |MC [GHT] |76561199165258491
Registro ID -> |LucasFreitas|76561198257559548
Registro ID -> |Fran_kirchner|76561199262040218
Registro ID -> |DangersPlay|76561198037868353
Registro ID -> |chron1c|76561198205585613
Registro ID -> |Obuco|76561198212013820
Registro ID -> |Biribinha|76561199031638818
Registro ID -> |[CFBR] lost|76561198131682973
Registro ID -> |zozs|76561198126713029
Registro ID -> |fritass|76561198148172018
Registro ID -> |zCastroz|76561199027286716
Registro ID -> |MarcoLa|76561198352149308
Registro ID -> |KILLER|76561198797258484
Registro ID -> |[HORDA]ThiagoPenna|76561198218822351
Registro ID -> |Ruan Plays|76561198806707998
Registro ID -> |jhean|76561198819003355
Registro ID -> |[DY] RAPUNZEL|76561198100527842
Registro ID -> |[HORDA]intersandro|76561199214798198
Registro ID -> |Chicoso|76561198875307274
Registro ID -> |KOAII|76561198883769065
Registro ID -> |Emissarius|76561198271087379
Registro ID -> |SimbioZ|76561198127487169
Registro ID -> |K1NGK1N|76561198160627069
Registro ID -> |[POE] Jxnin|76561198309540272
Registro ID -> |Ryzor|76561198085395898
Registro ID -> |dmc|76561199036648424
Registro ID -> |Zeca|76561198211423224
Registro ID -> |DEGALOKAO|76561199171941975
Registro ID -> |zezozoi|76561198886694633
Registro ID -> |nicoh6|76561198281952610
Registro ID -> |[L.B] SeryD|76561198072791642
Registro ID -> |GW. DESERT|76561198050557634
Registro ID -> |Seekerzao|76561198067793781
Registro ID -> |JOAO |76561198168432705
Registro ID -> |ShipSkylark|76561198064135967
Registro ID -> |Survivor (2)|76561198217313227
Registro ID -> |HenricoBork|76561199101164385
Registro ID -> |Skaposk|76561198027295853
Registro ID -> |borkk|76561199190865066
Registro ID -> |TcheLoco|76561198099449370
Registro ID -> |NatsuMzO|76561198136438281
Registro ID -> |[L.B] Santorin|76561199069721527
Registro ID -> |[HORDA] JHON WICK|76561198122075703
Registro ID -> |[TTV]ScorpionBiceps|76561198133006312
Registro ID -> |Madruga|76561198144310710
Registro ID -> |pedraoRJ21|76561199098626087
Registro ID -> |DraskiO|76561199212779068
Registro ID -> |PK|76561198075998827
Registro ID -> |Pleysteix0|76561198067873289
Registro ID -> |[horda]marcelinho|76561198817477406
Registro ID -> |clebin o guri|76561199029061744
Registro ID -> |(CNXC)Roger    |76561198119108882
Registro ID -> |[DY] FIONA|76561198165228070
Registro ID -> |[DEV] KOREA|76561198253386609
Registro ID -> |Cotovelo|76561198080480885
Registro ID -> |Muriel-Gyn|76561198205887559
Registro ID -> |JSdaSul|76561198023437544
Registro ID -> |CHERNUSHNIK|76561197991029744
Registro ID -> |Pennesz|76561198228224276
Registro ID -> |Mathielo|76561198217512245
Registro ID -> |Guilhares|76561198282922402
Registro ID -> |Thiagohill|76561197988999692
Registro ID -> |Terror|76561198026116602
Registro ID -> |RoberKrator|76561198363110632
Registro ID -> |ARRUDA|76561198239194204
Registro ID -> |LotusZ|76561198088966257
Registro ID -> |MacLovin|76561199068236803
Registro ID -> |WesleySCS|76561198117334105
Registro ID -> |Fulber|76561198053443712
Registro ID -> |Sr-Faur|76561199049705385
Registro ID -> |[KGB}Nobre Lobo|76561198127199963
Registro ID -> |Chakal|76561198129184340
Registro ID -> |[C.A.T] PinkFloydson|76561199217475308
Registro ID -> |[APW]pepeu|76561198349620379
Registro ID -> |[TGK]Sif|76561198262490369
Registro ID -> |SnackS|76561197980358676
Registro ID -> |PintoJunior|76561198057936781
Registro ID -> |SRLUCAS|76561199022089866
Registro ID -> |HairZ|76561199024013047
Registro ID -> |coyot-solitario|76561198191127093
Registro ID -> |MATTAY|76561198218988993
Registro ID -> |Severino |76561198031117731
Registro ID -> |BetoCoin|76561197980191071
Registro ID -> |pedrobala|76561198046653521
Registro ID -> |UnivelPlay|76561199010344988
Registro ID -> |biukiu|76561198055663982
Registro ID -> |WOLF|76561198238020568
Registro ID -> |AlexFraxe|76561198079014774
Registro ID -> |[HORDA]LUCASBR|76561198973828354
Registro ID -> |Biel FxR|76561198050836260
Registro ID -> |5aB Mr Popo|76561198165228292
Registro ID -> |[DY] MOANA|76561198868590548
Registro ID -> |5aB Dr Drauzio VrauNelas|76561198256021244
Registro ID -> |Feizika|76561198123076585
Registro ID -> |Vitinho|76561198129084552
Registro ID -> |ArthemisFall|76561198126997247
Registro ID -> |Urso|76561198382718106
Registro ID -> |YtH|76561198274248270
Registro ID -> |Hype|76561199143192767
Registro ID -> |piruzera|76561198915345332
Registro ID -> |Gecom|76561198020315206
Registro ID -> |Milano|76561198027078553
Registro ID -> |Pandre92|76561198012704301
Registro ID -> |Longa|76561198026865346
Registro ID -> |Stitch Do PUBG|76561198398833122
Registro ID -> |Tim|76561198115059062
Registro ID -> |ttv-paistbjogam|76561198085178065
Registro ID -> |SE7E|76561198309584610
Registro ID -> |paulin|76561199216132269
Registro ID -> |Bacon-Frito|76561198062307418
Registro ID -> |cayoba|76561198065597663
Registro ID -> |CPT-R|76561198456404142
Registro ID -> |TimMaia|76561198115059062
Registro ID -> |fgn|76561198104909829
Registro ID -> |G NO PEITO|76561199123625009
Registro ID -> |081Rato|76561198202828871
Registro ID -> |seaen|76561198287955844
Registro ID -> |Naell|76561198122722358
Registro ID -> |marcola (2)|76561198081973210
Registro ID -> |netttto no drip|76561198859086815
Registro ID -> |ChaCalGamer|76561198995613817
Registro ID -> |SniperX|76561199206798095
Registro ID -> |Malafaier|76561198145331046
Registro ID -> |OZIEL 2|76561198973770662
Registro ID -> |Operguer|76561198031245537
Registro ID -> |G A T O|76561199207813177
Registro ID -> |Traore|76561198120392137
Registro ID -> |kirai|76561198276172023
Registro ID -> |Mestre dos Bagos|76561198141325952
Registro ID -> |[YKZ]-Notsniw|76561197967151252
Registro ID -> |[YKZ]-BlackBear|76561198343030820
Registro ID -> |Guille|76561198861128171
Registro ID -> |LATERIMAX|76561198167769655
Registro ID -> |Mishi|76561198086104881
Registro ID -> |Redd|76561198442570607
Registro ID -> |viga|76561199077154656
Registro ID -> |Miguelito|76561198067402787
Registro ID -> |Revenant|76561198302124805
Registro ID -> |Dogos|76561199069709640
Registro ID -> |[HORDA] Rogal|76561199225267029
Registro ID -> |Ricca|76561197971890216
Registro ID -> |Grilin|76561198118885293
Registro ID -> |[EM] Oliveira|76561198133211909
Registro ID -> |Don Pepito|76561198086109637
Registro ID -> |Wally|76561198304164946
Registro ID -> |theus_j2607|76561198856857227
Registro ID -> |Mixeuu|76561198074791586
Registro ID -> |ttuker|76561198971813376
Registro ID -> |ADM-Saterno|76561199168660906
Registro ID -> |-Saterno|76561199168660906
Registro ID -> |[RNG]Panico|76561199230965576
Registro ID -> |bola oit9|76561198144319212
Registro ID -> |GutoMeia7|76561198379649328
Registro ID -> |[L.B] LopesTa |76561198375254083
Registro ID -> |[G.M] O verdadeiro|76561198351631304
Registro ID -> |[T.D.J] Jota_G|76561199184222326
Registro ID -> |rogersdutra01|76561197975156269
Registro ID -> |HobbySnowballs|76561197992795596
Registro ID -> |DinhoSuper|76561199089256117
Registro ID -> |JohnKetamine Jr.|76561198140605281
Registro ID -> |{DVS} Chuleta|76561198103223060
Registro ID -> |benja|76561198882824508
Registro ID -> |Tambara GOLPE|76561198072490377
Registro ID -> |amirr|76561198443347288
Registro ID -> |pato|76561199194021637
Registro ID -> |Passo Largo|76561198057660141
Registro ID -> |Jhon|76561198078930848
Registro ID -> |ARMS|76561198021939456
Registro ID -> |magodlaerva|76561198398883688
Registro ID -> |BRUXO|76561198140728342
Registro ID -> |[L.B]Zeca|76561198211423224
Registro ID -> |LuscaICE|76561198261659837
Registro ID -> |DeluxeSan|76561198401524915
Registro ID -> |romulob|76561198057453597
Registro ID -> |Santos|76561198194230525
Registro ID -> |[LB]KAS|76561199202697738
Registro ID -> |Madkiller239|76561198048267999
Registro ID -> |Mirtzu|76561197997789674
Registro ID -> |borg|76561197996854985
Registro ID -> |Smoking|76561198033754180
Registro ID -> |MGa Ops|76561198312257675
Registro ID -> |[L.B] Lrk|76561198021843024
Registro ID -> |N E T O|76561199193971823
Registro ID -> |Cap. Lampiao |76561198089793713
Registro ID -> |[HORDA] zBieL|76561198001525812
Registro ID -> |[DtGG]ScorpionBiceps|76561198133006312
Registro ID -> |FRankiln|76561198998810038
Registro ID -> |noclipbr|76561199034227435
Registro ID -> |Tony Sorete|76561198021266379
Registro ID -> |CrissBernal|76561198020173542
Registro ID -> |Duerowww|76561198259492425
Registro ID -> |[L.B] ploodrinny|76561198312062387
Registro ID -> |Pendragon|76561198384202322
Registro ID -> |[cGc] OROCHI|76561199151802288
Registro ID -> |Victor Brann|76561198082969189
Registro ID -> |Kabraw|76561198127308351
Registro ID -> |MProMax|76561198344484910
Registro ID -> |MMdurosa|76561198987820647
Registro ID -> |xico picadinho|76561198118837480
Registro ID -> |[YKZ]-BarucA|76561199141850356
Registro ID -> |GLORIA GROOVE|76561198836991038
Registro ID -> |Pipi|76561198358818699
Registro ID -> |DinizBr|76561198128517157
Registro ID -> |=G3= wellbert|76561198914685824
Registro ID -> |Odioso|76561199030537325
Registro ID -> |=G3= slotte|76561197987642420
Registro ID -> |Bostil O Intancavel|76561198442072760
Registro ID -> |Carneiro|76561198129548040
Registro ID -> |Kaike|76561199246129933
Registro ID -> |MadPana|76561198042363311
Registro ID -> |Blackhalkk|76561198067496371
Registro ID -> |SirPsychoBerg|76561198411771684
Registro ID -> |Rafa|76561198070335827
Registro ID -> |DMGperSEC|76561198059293634
Registro ID -> |Miler|76561198798657985
Registro ID -> |!Yz Why?|76561198980965073
Registro ID -> |Theiago|76561198386542293
Registro ID -> |Legado66|76561198131130268
Registro ID -> |MD_WAYNE|76561198878280206
Registro ID -> |web gado|76561199123625009
Registro ID -> |Predador17|76561198998481561
Registro ID -> |eduardo|76561198056917462
Registro ID -> |fds|76561198359200042
Registro ID -> |Kaczinsky|76561198104903246
Registro ID -> |rasga mortalha|76561199177240646
Registro ID -> |AiPolly|76561198072574279
Registro ID -> |Lima_GADO|76561198926302034
Registro ID -> |Papaizin_GADO|76561198355215642
Registro ID -> |Lobo Sentado|76561198138311400
Registro ID -> |Leozera91|76561197978522151
Registro ID -> |Pereira02|76561197987315916
Registro ID -> |BigodeFino|76561198136665778
Registro ID -> |Hiokiri_|76561198189143650
Registro ID -> |SACRA|76561199102711894
Registro ID -> |Felipe|76561198145846598
Registro ID -> |luiz calabresa|76561199113089860
Registro ID -> |=G3= Chupo no sigilo |76561199037080751
Registro ID -> |Facu|76561198081704469
Registro ID -> |=G3= L.REIS|76561197965313777
Registro ID -> |=G3=L.REIS|76561197965313777
Registro ID -> |Fritas|76561198148172018
Registro ID -> |Kenne|76561199162256124
Registro ID -> |gasava420|76561198214063784
Registro ID -> |Cristof|76561198305968623
Registro ID -> |KILLERKAMPER82|76561198253810992
Registro ID -> |LIGHTvmz|76561199146864874
Registro ID -> |[L.B]Hunter|76561199247778251
Registro ID -> |Derze|76561198061703595
Registro ID -> |Patroc|76561198078614992
Registro ID -> |Rag|76561198027312321
Registro ID -> |RonaldoHell|76561198067535800
Registro ID -> |R27|76561198338983164
Registro ID -> |Williamm|76561198059644841
Registro ID -> |Kyatsujima|76561199058785516
Registro ID -> |Charada|76561198034769290
Registro ID -> |Survivor|76561198856212172
Registro ID -> |levi|76561198007092944
Registro ID -> |DanielSam|76561198867200764
Registro ID -> |MuFeTe De FrAnGo|76561199018026908
Registro ID -> |Ceyfador|76561198936944072
Registro ID -> |Durepox|76561198098659780
Registro ID -> |Leg1tzera|76561198285241998
Registro ID -> |KlebinP*D'mesa|76561198354359983
Registro ID -> |Kablowsky|76561198034100337
Registro ID -> |tecessin|76561198806418925
Registro ID -> |LuscaNTC|76561198261359678
Registro ID -> |Troollzera|76561198841599033
Registro ID -> |PaLMaK|76561198018352843
Registro ID -> |Dibzeira|76561198027653007
Registro ID -> |Hysada|76561198847201500
Registro ID -> |Domeneghi|76561198090270103
Registro ID -> |Gunnar_|76561198122212920
Registro ID -> |Vinimuti|76561198966913626
Registro ID -> |Igor.Penha|76561198211423224
Registro ID -> |[L.B]TropaDoEngui*a|76561198211423224
Registro ID -> |Salsabeard|76561198244727810
Registro ID -> |Clickbait [LEK]|76561198179343455
Registro ID -> |Soft Porn|76561198047309186
Registro ID -> |Pedr0Sba|76561198122596917
Registro ID -> |Pozzobon |76561198812524891
Registro ID -> |Seu Pesadelo|76561198348025528
Registro ID -> |Ntg Fio|76561198324706331
Registro ID -> |NTG Aragorn|76561198346678680
Registro ID -> |Okazaki|76561198012389478
Registro ID -> |[TTKS] RDS|76561198403580298
Registro ID -> |leco255|76561198123102703
Registro ID -> |[L.B]TropaDoEnguisa|76561198211423224
Registro ID -> |Arrog*nciaMZO|76561198088013797
Registro ID -> |SaiyajiN-|76561199165390681
Registro ID -> |[LGBTQIA+] S T R 1 P P 3 R - S|76561198114043394
Registro ID -> |hurt|76561197986511408
Registro ID -> |Luska|76561198099970604
Registro ID -> |TeuSDek|76561198394822113
Registro ID -> |rockarcher|76561198076461879
Registro ID -> |DarkFyll|76561198972162440
Registro ID -> |Mat*Reis|76561198442072760
Registro ID -> |jotinha|76561199074349181
Registro ID -> |Bicicreta|76561198253386609
Registro ID -> |[POE] Metralha|76561198089089780
Registro ID -> |Fdspkk|76561198078106554
Registro ID -> |!TALIBAN57_|76561198153920981
Registro ID -> |PjeyBR|76561198113954964
Registro ID -> |SadBoy|76561198327746574
Registro ID -> |Rafahh|76561198042683928
Registro ID -> |[CLV]-Pain_Obeso|76561199059415820
Registro ID -> |novatao|76561198147062052
Registro ID -> |Tano|76561198110018783
Registro ID -> |Bird Freedom|76561198171865554
Registro ID -> |sarna do capeta|76561198287067059
Registro ID -> |YoloBolo|76561198173554925
Registro ID -> |Libertario com Caganeira|76561198171865554
Registro ID -> |cucis|76561199128850258
Registro ID -> |Tifa Lockheart|76561198171865554
Registro ID -> |[ORDA]KAS|76561199202697738
Registro ID -> |wel|76561198245343656
Registro ID -> |FBI-17|76561199221965397
Registro ID -> |GTO|76561198867074592
Registro ID -> |JHON WICK|76561198122075703
Registro ID -> |KillYou3000|76561199079606464
Registro ID -> |tlmnn|76561199054785069
Registro ID -> |felps|76561198892779186
Registro ID -> |murilodamira|76561199183775486
Registro ID -> |SAVAGE 1991|76561197991029744
Registro ID -> |chunney|76561198371451103
Registro ID -> |SHIKIABUMBA|76561198157696156
Registro ID -> |!Yz YamaKiz|76561198076776381
Registro ID -> |cookiehoe|76561199133424537
Registro ID -> |Spawn|76561198079935580
Registro ID -> |huedeson|76561199250643370
Registro ID -> |Lefir88|76561198096135851
Registro ID -> |JeffLoko|76561199030447144
Registro ID -> |o velho peludo|76561197987642420
Registro ID -> |xN4M3x|76561198973068944
Registro ID -> |lobinhooou|76561198308387139
Registro ID -> |ZenKaioh|76561198152445194
Registro ID -> |DN|76561198894252178
Registro ID -> |joao|76561199070971844
Registro ID -> |KOREA|76561198253386609
Registro ID -> |Mike_Oxlong|76561198066948892
Registro ID -> |NENEM..|76561198156792687
Registro ID -> |[MOD] OZIEL|76561199063596086
Registro ID -> |Mozzart|76561198122962290
Registro ID -> |Pokaflexa|76561198253386609
Registro ID -> |Nakawalker|76561198067431239
Registro ID -> |ragito|76561198143718624
Registro ID -> |Rayning|76561198382100426
Registro ID -> |DiegoRock24|76561198196463397
Registro ID -> |Alexidot|76561198161940404
Registro ID -> |matt_juncos|76561199024765683
Registro ID -> |CesarArg|76561198148830348
Registro ID -> |Dylan|76561198076752035
Registro ID -> |Rodrigo Boca Br#4768|76561198856289994
Registro ID -> |bugmann|76561199119992503
Registro ID -> |Vinycin|76561198989132464
Registro ID -> |[TEC] Gui|76561198306757012
Registro ID -> |Kaiser|76561198442199485
Registro ID -> |Indio Otaku|76561198843547059
Registro ID -> |DIEGOO|76561199080750020
Registro ID -> |proizii Pkrl|76561199005708378
Registro ID -> |xJudeu|76561198069526249
Registro ID -> |nivvokiee|76561198287595289
Registro ID -> |Fred$rico|76561198116552585
Registro ID -> |cyberat|76561198102418085
Registro ID -> |Tapazol|76561198845098679
Registro ID -> |Kaiashe|76561198369468175
Registro ID -> |Paul*o|76561198256833639
Registro ID -> |zZeLopes|76561198092232745
Registro ID -> |VII|76561198044408207
Registro ID -> |EternoZeroUm|76561198103466769
Registro ID -> |Andrews|76561198006484037
Registro ID -> |tectec|76561199070659345
Registro ID -> |UelituMarques|76561198049356681
Registro ID -> |FisFacu|76561198339726200
Registro ID -> |Jhon warlock|76561198858855801
Registro ID -> |Jubub |76561198421574611
Registro ID -> |LeoGiant|76561198066225451
Registro ID -> |Sabotage oficial|76561198967655542
Registro ID -> |50cent|76561199098626087
Registro ID -> |Diplomat|76561198258129233
Registro ID -> |Myul|76561198153622914
Registro ID -> |Huldas|76561198106338696
Registro ID -> |Betinho_maluco|76561198057627157
Registro ID -> |Brunera|76561198089300931
Registro ID -> |Tappes|76561198990092287
Registro ID -> |yxLuccas|76561198125852166
Registro ID -> |DuDuzin|76561198204677881
Registro ID -> |Ike|76561199006707742
Registro ID -> |glauber|76561199077680750
Registro ID -> |llReddDawnll|76561199222542734
Registro ID -> |ZoroLex|76561198077895340
Registro ID -> |{ KMG } - Elguapo|76561198363655296
Registro ID -> |{KMG}-Rockeiro|76561198928581570
Registro ID -> |Dixxt|76561199159398540
Registro ID -> |[KMG] Smifts|76561198304844319
Registro ID -> |BielaTorta|76561198115491145
Registro ID -> |TzNn.|76561198104507595
Registro ID -> |[ONE] JAPA|76561198161060673
Registro ID -> |[ONE] XxibahH|76561198165228070
Registro ID -> |[YAKUZA] -Roger|76561198152624992
Registro ID -> |[ONE}Rick|76561198868590548
Registro ID -> |Lovers|76561198027249785
Registro ID -> |[ONE] KARABULJHAN|76561198100527842
Registro ID -> |PapaMikeeSC|76561198807571031
Registro ID -> |Matsuura|76561198081434786
Registro ID -> |[DY] CINDERELA|76561199153781943
Registro ID -> |CHASER?|76561198246131158
Registro ID -> |?? Prince#4184|76561198199985663
Registro ID -> |Leif|76561198363066028
Registro ID -> |Priori Gamer|76561198051427035
Registro ID -> |[EM]rodrigo|76561198046104047
Registro ID -> |Wraithish|76561198974160245
Registro ID -> |[YKZ] Felps|76561198892779186
Registro ID -> |GeehTks|76561199110468388
Registro ID -> |PEGA NADA|76561198318838340
Registro ID -> |Dimitri|76561198230201156
Registro ID -> |Reis ON|76561198080696308
Registro ID -> |Alcanfor|76561198018104612
Registro ID -> |romimmoss|76561198282777734
Registro ID -> |FSOCIETY|76561198877983321
Registro ID -> |{KMG}fuzil|76561198965933878
Registro ID -> |Leon|76561198043057028
Registro ID -> |Todden|76561198013189715
Registro ID -> |Pacu|76561198062359982
Registro ID -> |Malarkey|76561198022370445
Registro ID -> |Mein|76561198840453785
Registro ID -> |Sainty|76561198194180314
Registro ID -> |AslanX|76561198989062719
Registro ID -> |Hitokiri_|76561198189143650
Registro ID -> |Jhonesf|76561198084786756
Registro ID -> |Brimenx|76561198254957758
Registro ID -> |Felps do Lanche|76561198116594875
Registro ID -> |DjAzeitona|76561198950594742
Registro ID -> |thigab4|76561198987629072
Registro ID -> |samuel2023|76561198387970895
Registro ID -> |Solar|76561199192548757
Registro ID -> |Licao|76561198177924711
Registro ID -> |Tio Ruim|76561199160341599
Registro ID -> |Lucas Flores|76561198870335908
Registro ID -> |[DN]ClownPenis|76561198177285711
Registro ID -> |Kenny|76561198044562814
Registro ID -> |(MUC) MR.R|76561198076167542
Registro ID -> |Hungus|76561198090247662
Registro ID -> |=FURY= Biribinha|76561199031638818
Registro ID -> |Claudinha|76561198057660141
Registro ID -> |Heitorzin213|76561198193289078
Registro ID -> |Leandro Silva|76561199173930571
Registro ID -> |[ONE] PORVINHA|76561198426990483
Registro ID -> |EPHESTUS|76561198880881486
Registro ID -> |SthephanyeFuracao|76561199207813177
Registro ID -> |kla|76561199169771596
Registro ID -> |Foikar|76561199156649696
Registro ID -> |BullenAugen|76561198151728991
Registro ID -> |Rengaw91|76561198206465027
Registro ID -> |johanmarchi|76561198958002865
Registro ID -> |[YKZ] chron1c|76561198205585613
Registro ID -> |FuKuTa|76561198038213605
Registro ID -> |Badblack_|76561198426800856
Registro ID -> |GUINHOKL|76561198082904317
Registro ID -> |Doploxoown|76561198855301757
Registro ID -> ||sN| Khiror|76561198076470520
Registro ID -> |Xernous|76561198855363026
Registro ID -> |Link|76561198094550935
Registro ID -> |anjo_pgimeu_caolho|76561198124651134
Registro ID -> |titon|76561198229933524
Registro ID -> |Slayer|76561198841896587
Registro ID -> |MORPHEU|76561198290709952
Registro ID -> |U T R O N|76561198314418555
Registro ID -> |[HORDA]KAS|76561199202697738
Registro ID -> |Zoryugetsu|76561198396604126
Registro ID -> |Assasin_cl|76561198072121203
Registro ID -> |Kevin|76561198063967117
Registro ID -> |PESADELO|76561199083033045
Registro ID -> |Pandamaen|76561198247375848
Registro ID -> |Vei|76561199151309705
Registro ID -> |yoelpixula|76561198965319470
Registro ID -> |bifinho|76561198065960720
Registro ID -> |Milanesa do pollo|76561198401310952
Registro ID -> |Manoelcsn|76561198156900367
Registro ID -> |[YKZ] Notsniw|76561197967151252
Registro ID -> |[YKZ] pedrobala|76561198046653521
Registro ID -> |[LGBTQIA+] Alti|76561199235859883
Registro ID -> |Jaba|76561199028346724
Registro ID -> |MyAimTrash_i Know|76561199029793698
Registro ID -> |MenoDuLins|76561198057614573
Registro ID -> |cidadao  |76561199115414359
Registro ID -> |Plugue de Tomada|76561198311278343
Registro ID -> |Juninho Matador|76561198388298348
Registro ID -> |vastabyis|76561198213894597
Registro ID -> |AnUb1z|76561198028570443
Registro ID -> |alxfilipe|76561198330483124
Registro ID -> |[TEC]-TROPAcwb|76561198852436626
Registro ID -> |ALEMAS|76561198062186745
Registro ID -> |Camarada_Bereta|76561198303742042
Registro ID -> |[HORDA]MacLovin|76561199068236803
Registro ID -> |SrAntonio|76561198390347410
Registro ID -> |Pysr|76561198261178182
Registro ID -> |zikazeka|76561199004660971
Registro ID -> |dede|76561198857712999
Registro ID -> |Miza|76561198224898788
Registro ID -> |Maikao|76561198422435587
Registro ID -> |BAPTISTA|76561198999847854
Registro ID -> |Rafah|76561198042683928
Registro ID -> |Iv4n0terrivel|76561199022772790
Registro ID -> |GabrielDWR|76561199012612653
Registro ID -> |=FURY=BaBaYaGa|76561198989652455
Registro ID -> |LFelipe|76561199232377127
Registro ID -> |Crisl*|76561199274047332
Registro ID -> |!VulgoLopes|76561199267048037
Registro ID -> |Chaves|76561198329721265
Registro ID -> |DjRaelZiin29|76561198963310995
Registro ID -> |[YKZ] Emissarius|76561198271087379
Registro ID -> |SuperTito|76561198802131541
Registro ID -> |SGT Da Silva |76561199105118692
Registro ID -> |juaumdasnevis|76561198060970128
Registro ID -> |AriJR|76561198075180434
Registro ID -> |MarretaPreta|76561198017543903
Registro ID -> |Vundorband|76561198197350217
Registro ID -> |Barwick|76561198078465767
Registro ID -> |MeuMacho|76561199078435589
Registro ID -> |Xiannn|76561198139666884
Registro ID -> |gsnt|76561199089897678
Registro ID -> |Mortis|76561198147589339
Registro ID -> |Ninja|76561198424179356
Registro ID -> |Choruminho|76561199040065781
Registro ID -> |Lucawkz|76561198063957890
Registro ID -> |Uniao Crislam|76561199274047332
Registro ID -> |marcelinhotelo|76561198817477406
Registro ID -> |Mike Litoris|76561198344544379
Registro ID -> |OdonS2|76561198039062354
Registro ID -> |Joaoburtzlaff|76561198105097225
Registro ID -> |SoSeeAll|76561198176629005
Registro ID -> |Sagara|76561198057660620
Registro ID -> |queteimporta|76561198071886191
Registro ID -> |StarkCG|76561198121484554
Registro ID -> |MR.nacho|76561198273652820
Registro ID -> |Ronin|76561199105118692
Registro ID -> |pipezkt|76561198336683730
Registro ID -> |Diorno|76561198142139495
Registro ID -> |Guifer|76561197991914988
Registro ID -> |iGus|76561198096864487
Registro ID -> |ElViejoSanca|76561198843832742
Registro ID -> |Jahras|76561199082683298
Registro ID -> |BobLeeSuado|76561198841801794
Registro ID -> |[PR]gasava420|76561198214063784
Registro ID -> |[PR] Cesar El Cazador|76561198376051182
Registro ID -> |[PR] Naz|76561198278477187
Registro ID -> |TioBig|76561198245074034
Registro ID -> |cryil|76561198080742311
Registro ID -> |DE LADAU |76561199052963489
Registro ID -> |Victor|76561198183683947
Registro ID -> |Maxzera|76561198111802235
Registro ID -> |Pargon|76561198001262048
Registro ID -> |Death Dealler|76561198257760225
Registro ID -> |Rossi|76561198804198110
Registro ID -> |$T[MERC]|76561198801415744
Registro ID -> |Freitas jr|76561198986020795
Registro ID -> |Dygo|76561198017576237
Registro ID -> |Lrk|76561198021843024
Registro ID -> |[HORDA]  Rogal|76561199225267029
Registro ID -> |Joker|76561198038326260
Registro ID -> |AlicinhaFerraz|76561199207813177
Registro ID -> |Roquebravo|76561199114899953
Registro ID -> |[EM]Pysicol|76561198112459474
Registro ID -> |ChaveroX|76561198073099137
Registro ID -> |SKORGE|76561198155169434
Registro ID -> |[EM]Dougmasters|76561198121189150
Registro ID -> |Pisycodelick|76561199223169978
Registro ID -> |=FURY= zCastro|76561199027286716
Registro ID -> |Camper de Kiev|76561198119612359
Registro ID -> |SchrodingersDog|76561198041365293
Registro ID -> |mc|76561199274047332
Registro ID -> |El ramon pa|76561198279596312
Registro ID -> |tc|76561199274047332
Registro ID -> |BALA TENSA|76561198346838807
Registro ID -> |[ZOO] Pato De Bota|76561198378502826
Registro ID -> |Clonazepam|76561198132493319
Registro ID -> |C??R??N???? ?|76561199085831432
Registro ID -> |CharlinhoPsico|76561198366562144
Registro ID -> |[G.O.L.E] Fredrobacena|76561198378502826
Registro ID -> |Manick|76561198332091852
Registro ID -> |XXCARRASCOXX|76561198192276507
Registro ID -> |Andershow|76561198131993396
Registro ID -> |SopaDeMandioca|76561198277630472
Registro ID -> |jaxsemdano|76561199235087965
Registro ID -> |gomes|76561198296908216
Registro ID -> |sobrevivente|76561199274047332
Registro ID -> |Demonk|76561198146539519
Registro ID -> |Apollo|76561198278444644
Registro ID -> |318-YiBai|76561198388825783
Registro ID -> |BKG Oregon|76561198382616657
Registro ID -> |raafayrn|76561199030562365
Registro ID -> |PauloBausen|76561198944769221
Registro ID -> |esaudexter|76561198963295390
Registro ID -> |Henke|76561198110592511
Registro ID -> |Kirgs|76561199232694765
Registro ID -> |GregoZ2k|76561198912479414
Registro ID -> |luanzott [LEGIAO]|76561198237833046
Registro ID -> |pandini00 [LEGIAO]|76561198860231852
Registro ID -> |chinto|76561198990589985
Registro ID -> |SEPHIROTH|76561198820271951
Registro ID -> |B.Y.N.H.O.|76561198086066526
Registro ID -> |LILGABS777|76561199031099252
Registro ID -> |Givaldo mindingo|76561198028306692
Registro ID -> |Lucas Caldas|76561198010792506
Registro ID -> |Perds|76561198248807562
Registro ID -> |MonkeyKing|76561198125526919
Registro ID -> |-name=Douglas-Ghissi|76561199078333977
Registro ID -> |NarCAO|76561198080055456
Registro ID -> |Mikebad|76561198219592329
Registro ID -> |gordinho 1|76561198032775729
Registro ID -> |Josema420|76561198278742213
Registro ID -> |DW LINO|76561198209129663
Registro ID -> |Stalinxx|76561198085999243
Registro ID -> |Ricardo Tomaz|76561198063313446
Registro ID -> |[L.B]Alemao011|76561199114404821
Registro ID -> |Tarja Preta |76561198360353015
Registro ID -> |Veza|76561198886818237
Registro ID -> |DudsMller|76561198085505792
Registro ID -> |SaggaT|76561198106916518
Registro ID -> |EleminRabar|76561198247833162
Registro ID -> |benjII|76561198044916463
Registro ID -> |Poran|76561198040830075
Registro ID -> |jaspionrx|76561198064699950
Registro ID -> |Anderson|76561198071088136
Registro ID -> |Kaiza|76561198963414484
Registro ID -> |RbT|76561199044781040
Registro ID -> |ignazaki87|76561199027076248
Registro ID -> |bruto|76561198151990703
Registro ID -> |aetherbeyonce|76561198876566880
Registro ID -> |Brian Crane|76561198877541324
Registro ID -> |XDSAZERT|76561198302471728
Registro ID -> |Dreaddath|76561198049349907
Registro ID -> |Dehxter |76561198977282463
Registro ID -> |WinchesterPT|76561198889552675
Registro ID -> |3mp7y|76561198397406465
Registro ID -> |Jair Messias Bolsonaro|76561198044647370
Registro ID -> |cassio|76561198369096351
Registro ID -> |KuramaDLC|76561198180192045
Registro ID -> |Rogerio123|76561198114278091
Registro ID -> |Igor|76561198329721265
Registro ID -> |GBZERAA|76561198393275898
Registro ID -> |BAMBOOCHA|76561198973772652
Registro ID -> |WillGalego123|76561198277762897
Registro ID -> |SuperNoia|76561198132169694
Registro ID -> |yuri|76561199109665181
Registro ID -> |MendeL|76561198329721265
Registro ID -> |d3scot|76561199106333992
Registro ID -> |nonsense|76561198117735614
Registro ID -> |Eloy|76561197980095586
Registro ID -> |Shadyyy|76561198145120164
Registro ID -> |General2323|76561198300843847
Registro ID -> |JackTavan|76561198018514068
Registro ID -> |Guijermo|76561198080701997
Registro ID -> |Beguiny|76561198352573260
Registro ID -> |PEDRAO|76561199098626087
Registro ID -> |c l a s h|76561198277384503
Registro ID -> |j o v e m|76561198289206808
Registro ID -> |[NEBU] yGauchoTv|76561198141956652
Registro ID -> |matheuslps|76561198081711036
Registro ID -> |[DGK] FALL|76561198878621400
Registro ID -> |Psico|76561199107524850
Registro ID -> |CongaLaConga|76561198346938777
Registro ID -> |_C1dy|76561199272399866
Registro ID -> |Kowalski|76561198813514168
Registro ID -> |ChukenThe3rd|76561198134837847
Registro ID -> |[horda]marcelinhho|76561198817477406
Registro ID -> |Cariokah|76561198249038296
Registro ID -> |Riitz|76561198217313227
Registro ID -> |PedroBola|76561198797898877
Registro ID -> |tappes|76561198990092287
Registro ID -> |Raymond|76561197987809739
Registro ID -> |ApocalipZ|76561199082346965
Registro ID -> |Klimczak|76561198093758203
Registro ID -> |[P.S]g2|76561198352516654
Registro ID -> |Titio Sam|76561199014145539
Registro ID -> |SoloWolf|76561198328676983
Registro ID -> |Rafa016|76561198058713416
Registro ID -> |Fumado|76561198000639906
Registro ID -> |POPLEPOP|76561198066489149
Registro ID -> |Thyago Schafer|76561199009699918
Registro ID -> |Her0|76561199005753267
Registro ID -> |Pablo_Bitarello|76561198167245866
Registro ID -> |[YKZ]-tappes|76561198990092287
Registro ID -> |GuybsonLps|76561199171941975
Registro ID -> |Lkw_|76561198879157988
Registro ID -> |S2|76561198140728342
Registro ID -> |Toni|76561198064461708
Registro ID -> |Juliano|76561198329721265
Registro ID -> |sanloran|76561199168891125
Registro ID -> |DC-Coringa|76561198108142164
Registro ID -> |Ironside|76561199176231239
Registro ID -> |EAlmeida|76561198182527982
Registro ID -> |Goyo|76561198329721265
Registro ID -> |Sandisk|76561199274047332
Registro ID -> |TitioSam|76561199014145539
Registro ID -> |furiux|76561199121710303
Registro ID -> |marcelinho|76561198817477406
Registro ID -> |starkcg|76561198121484554
Registro ID -> |fAsI|76561197976044078
Registro ID -> |Luisff|76561198191554814
Registro ID -> |Raupp_fr|76561199089797409
Registro ID -> |[hordamarcelinho|76561198817477406
Registro ID -> |Caolho Jack|76561198199978915
Registro ID -> |El Javi de Lanus|76561199060454690
Registro ID -> |Obred|76561198258911731
Registro ID -> |Vini_300|76561198145785923
Registro ID -> |BASEI|76561198926348654
Registro ID -> |feastnathan|76561198123804765
Registro ID -> |SpeeD|76561198139246786
Registro ID -> |smokzzz|76561198302337518
Registro ID -> |Maconheiro|76561198055629580
Registro ID -> |Morri|76561199153690922
Registro ID -> |-ES-Ricksson|76561198100931853
Registro ID -> |joaoguis|76561198049374630
Registro ID -> |Padilha_Fps|76561198972625731
Registro ID -> |ZehKiwi|76561198072171608
Registro ID -> |D u a r t e|76561198268954387
Registro ID -> |Zodi4c|76561198385014837
Registro ID -> |Samuca|76561198329721265
Registro ID -> |Neblina 157|76561198145814495
Registro ID -> |C h a n $|76561199224040654
Registro ID -> |IRA-KILLER|76561198092382121
Registro ID -> |YAKUZA|76561199083408122
Registro ID -> |zDarkSaito|76561198192610237
Registro ID -> |reiter|76561198028423355
Registro ID -> |Luskka|76561198126877019
Registro ID -> |takazashi|76561199267965027
Registro ID -> |Fuyuki158|76561199150213040
Registro ID -> |CR|76561198248023454
Registro ID -> |MercenarioK2|76561198928398072
Registro ID -> |(C.G)Manoelcsn|76561198156900367
Registro ID -> |agricultor|76561199079329662
Registro ID -> |Ranzol|76561198017576237
Registro ID -> |GabrielLobato|76561198158375860
Registro ID -> |bLisH|76561198970690760
Registro ID -> |KISS|76561199032621365
Registro ID -> |Gabriel|76561198067216057
Registro ID -> |xSpeck|76561198071508012
Registro ID -> |Mr. Crowley|76561198941790818
Registro ID -> |duende|76561199006916563
Registro ID -> ||PiT| Geraldin|76561199047783095
Registro ID -> |Blurih|76561198361856287
Registro ID -> |ttv/p3sad3lo__|76561198277384503
Registro ID -> |Petes1552|76561198309024480
Registro ID -> |Kenworths|76561198356284541
Registro ID -> ||PiT| Geraldin|76561199047783095
Registro ID -> ||PiT| Geraldin|76561199047783095
Registro ID -> ||PiT| Geraldin|76561199047783095
Registro ID -> ||PiT| Geraldin|76561199047783095
Registro ID -> ||PiT| Geraldin|76561199047783095
Registro ID -> ||PiT| Geraldin|76561199047783095
Registro ID -> |cold|76561198016821619
Registro ID -> |[ONE] KING|76561199153781943
Registro ID -> |Azex|76561198135960251
Registro ID -> |negrin|76561198254874557
Registro ID -> |AFRONTA|76561198963178315
Registro ID -> |KURIRIM com FLORESTA|76561198862387312
Registro ID -> |zin|76561198089542028
Registro ID -> |fiat marea 2.0|76561199168660906
Registro ID -> |Juli|76561198276003418
Registro ID -> |[XIT]-SoulzaHur|76561198387573700
Registro ID -> |gros siboir|76561198278481165
Registro ID -> |Brayan|76561199129190063
Registro ID -> |Maresia |76561198143162714
Registro ID -> |[NTG]Msspllintter|76561198054992188
Registro ID -> |[XIT]SoulzaHur|76561198387573700
Registro ID -> |MarmotaManca|76561198155503729
Registro ID -> |KALIRO|76561198114222025
Registro ID -> |S*bioAA|76561197994381883
Registro ID -> |Dark|76561199221842531
Registro ID -> |oziel|76561199063596086
Registro ID -> |pdrmds|76561199274397874
Registro ID -> |Thur|76561198329721265
Registro ID -> |[YKZ] Seekerzao|76561198067793781
Registro ID -> |O chapolin|76561199005500106
Registro ID -> |Silence|76561198329721265
Registro ID -> |Fuminhu |76561198199978915
Registro ID -> |[APW] ITACHI|76561198847845615
Registro ID -> |MoonSpectr|76561198326509016
Registro ID -> |DEFANTE|76561198108658944
Registro ID -> |Ronaldo|76561199014145539
Registro ID -> |Mendigo|76561198399245730
Registro ID -> |v1nni|76561198317627120
Registro ID -> |Izla|76561198379555130
Registro ID -> |pinaFPS|76561199076864276
Registro ID -> |O.F.S | GABRIEL SAN|76561198849781290
Registro ID -> |O.F.S | GABRIEL SAN|76561198849781290
Registro ID -> |Chopper|76561198273922310
Registro ID -> |Carol|76561199024972510
Registro ID -> |Lipe|76561198195135931
Registro ID -> |Weed|76561198033754180
Registro ID -> |OwenBrawn|76561199266691289
Registro ID -> |Lickan|76561198078469670
Registro ID -> |Ustra|76561198147635896
Registro ID -> |Alanzlt|76561198234046784
Registro ID -> |ELVIN000|76561198868114127
Registro ID -> |BGSantos|76561198126966241
Registro ID -> |BawN|76561198150719781
Registro ID -> |[YKZ]-Lobato|76561198158375860
Registro ID -> |TioSam|76561199014145539
Registro ID -> |KwgL|76561198152706555
Registro ID -> |VermissT|76561198317195607
Registro ID -> |Paulo Guedes|76561198146050795
Registro ID -> |WyllGammer|76561198965177994
Registro ID -> |Thiago|76561198168084899
Registro ID -> |Zangief da putaria|76561198352748373
Registro ID -> |Neft|76561198329721265
Registro ID -> |GatunO|76561198815953886
Registro ID -> |[RS]kid mata full|76561199130821188
Registro ID -> |Raul|76561198329721265
Registro ID -> |FAKE1-|76561198156280657
Registro ID -> |BarucA|76561199141850356
Registro ID -> |ZviniciusAraujo|76561198253498101
Registro ID -> |zKauanAraujo|76561199240751527
Registro ID -> |[HORDA]marcelinho|76561198817477406
Registro ID -> |zLeonardoAraujo|76561199243941204
Registro ID -> |Naeg|76561198967522404
Registro ID -> |Betouss|76561198329721265
Registro ID -> |<Spartan-369>|76561198126134240
Registro ID -> |Vinicin|76561198056890776
Registro ID -> |Ikazakian|76561198377565003
Registro ID -> |Marth|76561198063202483
Registro ID -> |MutuaL|76561199038848214
Registro ID -> |morri pra pelado |76561199106112472
Registro ID -> |! c a l l y |76561199130821188
Registro ID -> |Bigato|76561198192204303
Registro ID -> |[L.B] Dixon|76561198159099606
Registro ID -> |Ryam|76561198972614275
Registro ID -> |FallenAngel|76561198882015881
Registro ID -> |Dr.Lecter|76561198080721117
Registro ID -> |Kadafinho|76561198383981980
Registro ID -> |Oriente7|76561198154800607
Registro ID -> |bistecinha30|76561198171642523
Registro ID -> |Jorj*o da Padoca|76561198140423106
Registro ID -> |DodoUndergroundBR|76561198843577307
Registro ID -> |General|76561199021420309
Registro ID -> |CannabisLaPizza|76561198096548895
Registro ID -> |KillerDozer|76561198115184276
Registro ID -> |cautelinha|76561198065773033
Registro ID -> |Dila-kun|76561198797297075
Registro ID -> |TheLM|76561198956415028
Registro ID -> |DeusdaGuerra|76561198289198584
Registro ID -> |Killowin|76561198138838406
Registro ID -> |Space_Floyd|76561199081897475
Registro ID -> |Krogoth|76561198049588409
Registro ID -> |Palhares|76561199186816657
Registro ID -> |[R.E.D] Natural|76561198167758990
Registro ID -> |Boneco |76561199225248971
Registro ID -> |[GOE]ComedorVaca|76561198088697643
Registro ID -> |JAN_NATIO|76561198358178109
Registro ID -> |pandini00|76561198860231852
Registro ID -> |rasgan|76561197973560328
Registro ID -> |ClutchUP|76561198080097576
Registro ID -> |ReiMonster|76561198279783427
Registro ID -> |apparition|76561199017348344
Registro ID -> |Fehziinho|76561198116133990
Registro ID -> |Griffin Jow|76561199227626544
Registro ID -> |Menctor |76561198147831784
Registro ID -> |PewPeww|76561197991029744
Registro ID -> |Hagal|76561198067284475
Registro ID -> |Bob Clarck|76561199118540716
Registro ID -> |gotdoemers|76561198260617608
Registro ID -> |[TEC] kadinho|76561198971655942
Registro ID -> |Lu*s|76561198251218180
Registro ID -> |CRD|76561199033852709
Registro ID -> |ieL|76561198991987131
Registro ID -> |StarFox|76561198063607059
Registro ID -> |_Guui|76561198343943553
Registro ID -> |fabricio14|76561198061186630
Registro ID -> |LeFT|76561198068037613
Registro ID -> |Unknown|76561198170173751
Registro ID -> |[EB] alemao|76561198046653521
Registro ID -> |[EB]GordoEmers|76561198260617608
Registro ID -> |Chico Bioca|76561198354274785
Registro ID -> |Leo|76561199087497682
Registro ID -> |AneS|76561198965334092
Registro ID -> |[AKT]LordMaster25|76561199015760253
Registro ID -> |RehsUZOTO|76561198930124990
Registro ID -> |[AKT]scoteBR|76561198392225035
Registro ID -> |GGELocKOn|76561198047407240
Registro ID -> |[ONE] KALIRO|76561198114222025
Registro ID -> |Mbrown|76561198834441216
Registro ID -> |MaracujaPato|76561198877200003
Registro ID -> |Tukushi|76561198297757600
Registro ID -> |Jonathan|76561198392938627
Registro ID -> |DiK [GHT]|76561198865802203
Registro ID -> |SniperdeMP5|76561198116363088
Registro ID -> |Azir5658|76561198306621571
Registro ID -> |? _ ?|76561198850654746
Registro ID -> |? n 3 g o ?|76561198236515936
Registro ID -> |Flyfps1|76561198823341981
Registro ID -> |Gorga69|76561198138035195
Registro ID -> |Critical|76561199150895038
Registro ID -> |D a n n |76561199114431170
Registro ID -> |Tiba|76561198852032916
Registro ID -> |Lucifer|76561199073838397
Registro ID -> |robertoazj45|76561198344940287
Registro ID -> |Dandan|76561198171926838
Registro ID -> |SpookyCitrus|76561198183841483
Registro ID -> |Bacanal|76561198163290138
Registro ID -> |Don Vito|76561198058932520
Registro ID -> |SHIKAMARU|76561198441474924
Registro ID -> |Brunner|76561199031638818
Registro ID -> |[EB] GordoEmers|76561198260617608
Registro ID -> |negopreto017|76561199206711909
Registro ID -> |zCastro|76561199027286716
Registro ID -> |joaovieira|76561198220403464
Registro ID -> |Spectre|76561197997682179
Registro ID -> |C O R U J A|76561198819003355
Registro ID -> |Edson Bressan|76561198140856061
Registro ID -> |[VDLK] Luke|76561198262523344
Registro ID -> |Snow Fox|76561198266128609
Registro ID -> |MacMillan|76561198112192433
Registro ID -> |[BF]MAGIN0T|76561198916853935
Registro ID -> |Chiquitriquis|76561198212426812
Registro ID -> |ElKuba82|76561198991689964
Registro ID -> |ell|76561198337292688
Registro ID -> |Spirit_ghost|76561199180850690
Registro ID -> |FreeLook|76561198263015723
Registro ID -> |TropaDoEnguisa|76561198211423224
Registro ID -> |Dixon|76561198159099606
Registro ID -> |RUSSO|76561199151608044
Registro ID -> |Crossby|76561198806147848
Registro ID -> |Luigui|76561198838926942
Registro ID -> |ROXY|76561198821197092
Registro ID -> |andreLSS|76561198308762438
Registro ID -> |Demon|76561198890474384
Registro ID -> |Ze Bunitin|76561198152293809
Registro ID -> |[P.M.C]Jumentinhoazul|76561198241408704
Registro ID -> |Demomblack|76561198125827959
Registro ID -> |Beto|76561198329721265
Registro ID -> |TocaNoCalleriQueEGol|76561199179226753
Registro ID -> |fofy|76561198410459291
Registro ID -> |Blad3Wint3rs|76561198039073634
Registro ID -> |[FRV] SrPoweR|76561198241491144
Registro ID -> |ObreD|76561198258911731
Registro ID -> |Ramires|76561198212699112
Registro ID -> |PiLaKo|76561198796261323
Registro ID -> |tiago0722|76561198353818533
Registro ID -> |andy|76561199179651686
Registro ID -> |Duero|76561198259492425
Registro ID -> |Funghi|76561199069858485
Registro ID -> |Dengod|76561198330855874
Registro ID -> |ACC|76561198106291582
Registro ID -> |_fraco_|76561198176104718
Registro ID -> |iNuBii|76561198084277864
Registro ID -> |-2s.|76561198256926954
Registro ID -> |Kuroo|76561198067627855
Registro ID -> |Bomgames06|76561198030049406
Registro ID -> |SrSete|76561198053431812
Registro ID -> |Otaviogabriel|76561198387337056
Registro ID -> |Alejo|76561198972857210
Registro ID -> |David Jr|76561198962491605
Registro ID -> |Viniguitton|76561198070540405
Registro ID -> |dinizz|76561198168252860
Registro ID -> |ploodrinny|76561198312062387
Registro ID -> |Cuddilicious|76561198143874345
Registro ID -> |Sabrina|76561199083408122
Registro ID -> |MurielL-GynX|76561198205887559
Registro ID -> |xPODEXx|76561199175025719
Registro ID -> |Cydicley do GTA|76561198346265542
Registro ID -> |lxico|76561199087886482
Registro ID -> |Nicotinasedu|76561199077452627
Registro ID -> |Mio Kardio|76561198813514168
Registro ID -> |Stanley_br|76561198202042881
Registro ID -> |xX_LeoDaBaixada_Xx|76561198864716679
Registro ID -> |[EB] pedrobala|76561198046653521
Registro ID -> |Pedrindumal|76561198827597640
Registro ID -> |Dwight|76561199190064806
Registro ID -> |Lohrann|76561198098021535
Registro ID -> |joaoob23|76561198302337518
Registro ID -> |Raemi|76561198048467587
Registro ID -> |Lop1nho|76561198136544409
Registro ID -> |SUC0_DE_P1NEU|76561198261470581
Registro ID -> |HooZz|76561198805460683
Registro ID -> |Malcriado|76561198376508831
Registro ID -> |XUXUZINHO|76561199083408122
Registro ID -> |JhouHillo|76561198307221831
Registro ID -> |Boris Berezin|76561198007142594
Registro ID -> |Survivrau|76561198057660141
Registro ID -> |Vaine|76561198020067228
Registro ID -> |MazK4rd|76561198166905192
Registro ID -> |RONAX|76561198808584089
Registro ID -> |Mentosdbacon|76561199163088829
Registro ID -> |[DEDO] MELO|76561198289039477
Registro ID -> |Landim|76561198167594302
Registro ID -> |ttv/p3sad3lo__ [$]|76561198277384503
Registro ID -> |Galega|76561198959103891
Registro ID -> |[GDR]Lobo_Lendario|76561199069761803
Registro ID -> |=G3= Tuin|76561198914685824
Registro ID -> |gignazaki1987|76561199027076248
Registro ID -> |[DoG]Hurgete|76561198024549640
Registro ID -> |Luk|76561198102909224
Registro ID -> |Bruno|76561198313593987
Registro ID -> |Accelerator [BR]|76561198156883270
Registro ID -> |ovelhovampee|76561198416771348
Registro ID -> |Kavaix|76561198370126935
Registro ID -> |MERDS|76561198083121593
Registro ID -> |RockWreckD|76561198104430983
Registro ID -> |MagoDlaErva|76561198398883688
Registro ID -> |Xupyra|76561198258911731
Registro ID -> |[TLTBI] Lara Rider|76561198137141623
Registro ID -> |CARAJO|76561198081512167
Registro ID -> |Nagant|76561198060676505
Registro ID -> |Mosin|76561198280586776
Registro ID -> |Nadezhda|76561198153556929
Registro ID -> |[BSK] AlexDeatfield|76561198398091933
Registro ID -> |chikynico|76561198305914940
Registro ID -> |THE10|76561199050887587
Registro ID -> |Algalica|76561197990134789
Registro ID -> |DonWeas|76561198265551464
Registro ID -> |Sergei|76561198023041890
Registro ID -> |Shaquito|76561198259573207
Registro ID -> |[OGF] Vintage|76561198259667513
Registro ID -> |guzabo|76561198330488258
Registro ID -> |Noalino11|76561198330476491
Registro ID -> |chule|76561198345483021
Registro ID -> |Ladimilson|76561198329721265
Registro ID -> |Santorin|76561199069721527
Registro ID -> |SobrinhoSam|76561199014145539
Registro ID -> |XOTA|76561199083408122
Registro ID -> |Neldide|76561198151967747
Registro ID -> |Kenne {COT}|76561199162256124
Registro ID -> |[YKZ] GordoEmers|76561198260617608
Registro ID -> |Sonetco|76561198991945000
Registro ID -> |Boris Yeltsin|76561197983144204
Registro ID -> |TsMat|76561198098435799
Registro ID -> |VinPerdiga|76561198407543183
Registro ID -> |Criolo|76561199160964742
Registro ID -> |RS Ricardo|76561198128886962
Registro ID -> |Necromancer|76561198287885272
Registro ID -> |Harrysport|76561199113678706
Registro ID -> |ALFAA|76561199071067007
Registro ID -> |{PB} BIZU|76561198418322081
Registro ID -> |nicolasmaduro13|76561199046935422
Registro ID -> |ProstFire|76561198838473436
Registro ID -> |Vex|76561198020686220
